[I 2026-04-21 10:36:37,920] Trial 29 finished with value: 0.6 and parameters: {'n_estimators': 40, 'max_depth': 20, 'gamma': 0.5873269035370452, 'subsample': 0.5351322057291917, 'colsample_bytree': 0.6474757423135009}. Best is trial 12 with value: 0.7.
[I 2026-04-21 10:36:38,068] A new study created in memory with name: rf
[I 2026-04-21 10:36:38,234] Trial 0 finished with value: 0.5 and parameters: {'n_estimators': 130, 'max_depth': 17, 'min_samples_split': 5, 'min_samples_leaf': 8}. Best is trial 0 with value: 0.5.
[I 2026-04-21 10:36:38,764] Trial 1 finished with value: 0.65 and parameters: {'n_estimators': 492, 'max_depth': 12, 'min_samples_split': 6, 'min_samples_leaf': 1}. Best is trial 1 with value: 0.65.
[I 2026-04-21 10:36:39,024] Trial 2 finished with value: 0.5 and parameters: {'n_estimators': 207, 'max_depth': 11, 'min_samples_split': 8, 'min_samples_leaf': 9}. Best is trial 1 with value: 0.65.
[I 2026-04-21 10:36:39,336] Trial 3 finished with value: 0.5 and parameters: {'n_estimators': 252, 'max_depth': 4, 'min_samples_split': 4, 'min_samples_leaf': 10}. Best is trial 1 with value: 0.65.
[I 2026-04-21 10:36:39,584] Trial 4 finished with value: 0.55 and parameters: {'n_estimators': 185, 'max_depth': 11, 'min_samples_split': 10, 'min_samples_leaf': 1}. Best is trial 1 with value: 0.65.
[I 2026-04-21 10:36:39,965] Trial 5 finished with value: 0.6 and parameters: {'n_estimators': 340, 'max_depth': 20, 'min_samples_split': 4, 'min_samples_leaf': 6}. Best is trial 1 with value: 0.65.
[I 2026-04-21 10:36:40,458] Trial 6 finished with value: 0.5 and parameters: {'n_estimators': 464, 'max_depth': 5, 'min_samples_split': 6, 'min_samples_leaf': 8}. Best is trial 1 with value: 0.65.
[I 2026-04-21 10:36:40,868] Trial 7 finished with value: 0.6 and parameters: {'n_estimators': 368, 'max_depth': 11, 'min_samples_split': 3, 'min_samples_leaf': 5}. Best is trial 1 with value: 0.65.
[I 2026-04-21 10:36:41,147] Trial 8 finished with value: 0.5 and parameters: {'n_estimators': 249, 'max_depth': 11, 'min_samples_split': 5, 'min_samples_leaf': 9}. Best is trial 1 with value: 0.65.
[I 2026-04-21 10:36:41,607] Trial 9 finished with value: 0.65 and parameters: {'n_estimators': 408, 'max_depth': 8, 'min_samples_split': 7, 'min_samples_leaf': 3}. Best is trial 1 with value: 0.65.
[I 2026-04-21 10:36:42,141] Trial 10 finished with value: 0.7 and parameters: {'n_estimators': 479, 'max_depth': 15, 'min_samples_split': 2, 'min_samples_leaf': 1}. Best is trial 10 with value: 0.7.
[I 2026-04-21 10:36:42,650] Trial 11 finished with value: 0.75 and parameters: {'n_estimators': 476, 'max_depth': 15, 'min_samples_split': 2, 'min_samples_leaf': 1}. Best is trial 11 with value: 0.75.
[I 2026-04-21 10:36:43,150] Trial 12 finished with value: 0.7 and parameters: {'n_estimators': 415, 'max_depth': 16, 'min_samples_split': 2, 'min_samples_leaf': 3}. Best is trial 11 with value: 0.75.
[I 2026-04-21 10:36:43,659] Trial 13 finished with value: 0.7 and parameters: {'n_estimators': 446, 'max_depth': 15, 'min_samples_split': 2, 'min_samples_leaf': 3}. Best is trial 11 with value: 0.75.
[I 2026-04-21 10:36:44,186] Trial 14 finished with value: 0.75 and parameters: {'n_estimators': 495, 'max_depth': 20, 'min_samples_split': 2, 'min_samples_leaf': 1}. Best is trial 11 with value: 0.75.
[I 2026-04-21 10:36:44,582] Trial 15 finished with value: 0.65 and parameters: {'n_estimators': 322, 'max_depth': 20, 'min_samples_split': 3, 'min_samples_leaf': 5}. Best is trial 11 with value: 0.75.
[I 2026-04-21 10:36:45,034] Trial 16 finished with value: 0.7 and parameters: {'n_estimators': 386, 'max_depth': 18, 'min_samples_split': 3, 'min_samples_leaf': 2}. Best is trial 11 with value: 0.75.
[I 2026-04-21 10:36:45,541] Trial 17 finished with value: 0.6 and parameters: {'n_estimators': 442, 'max_depth': 14, 'min_samples_split': 9, 'min_samples_leaf': 4}. Best is trial 11 with value: 0.75.
[I 2026-04-21 10:36:46,124] Trial 18 finished with value: 0.7 and parameters: {'n_estimators': 486, 'max_depth': 18, 'min_samples_split': 4, 'min_samples_leaf': 2}. Best is trial 11 with value: 0.75.
[I 2026-04-21 10:36:46,462] Trial 19 finished with value: 0.6 and parameters: {'n_estimators': 280, 'max_depth': 8, 'min_samples_split': 2, 'min_samples_leaf': 6}. Best is trial 11 with value: 0.75.
[I 2026-04-21 10:36:46,926] Trial 20 finished with value: 0.65 and parameters: {'n_estimators': 415, 'max_depth': 13, 'min_samples_split': 3, 'min_samples_leaf': 2}. Best is trial 11 with value: 0.75.
[I 2026-04-21 10:36:47,483] Trial 21 finished with value: 0.7 and parameters: {'n_estimators': 493, 'max_depth': 15, 'min_samples_split': 2, 'min_samples_leaf': 1}. Best is trial 11 with value: 0.75.
[I 2026-04-21 10:36:47,990] Trial 22 finished with value: 0.75 and parameters: {'n_estimators': 447, 'max_depth': 18, 'min_samples_split': 2, 'min_samples_leaf': 1}. Best is trial 11 with value: 0.75.
[I 2026-04-21 10:36:48,495] Trial 23 finished with value: 0.7 and parameters: {'n_estimators': 442, 'max_depth': 19, 'min_samples_split': 3, 'min_samples_leaf': 2}. Best is trial 11 with value: 0.75.
[I 2026-04-21 10:36:48,927] Trial 24 finished with value: 0.7 and parameters: {'n_estimators': 368, 'max_depth': 17, 'min_samples_split': 5, 'min_samples_leaf': 4}. Best is trial 11 with value: 0.75.
[I 2026-04-21 10:36:49,416] Trial 25 finished with value: 0.65 and parameters: {'n_estimators': 451, 'max_depth': 19, 'min_samples_split': 4, 'min_samples_leaf': 1}. Best is trial 11 with value: 0.75.
[I 2026-04-21 10:36:49,915] Trial 26 finished with value: 0.75 and parameters: {'n_estimators': 397, 'max_depth': 17, 'min_samples_split': 2, 'min_samples_leaf': 3}. Best is trial 11 with value: 0.75.
[I 2026-04-21 10:36:50,422] Trial 27 finished with value: 0.7 and parameters: {'n_estimators': 430, 'max_depth': 20, 'min_samples_split': 3, 'min_samples_leaf': 2}. Best is trial 11 with value: 0.75.
[I 2026-04-21 10:36:50,945] Trial 28 finished with value: 0.65 and parameters: {'n_estimators': 465, 'max_depth': 18, 'min_samples_split': 4, 'min_samples_leaf': 4}. Best is trial 11 with value: 0.75.
[I 2026-04-21 10:36:51,142] Trial 29 finished with value: 0.7 and parameters: {'n_estimators': 118, 'max_depth': 16, 'min_samples_split': 7, 'min_samples_leaf': 1}. Best is trial 11 with value: 0.75.
[I 2026-04-21 10:36:52,180] A new study created in memory with name: mlp
[I 2026-04-21 10:36:52,272] Trial 0 finished with value: 0.55 and parameters: {'hidden_layer_sizes': (200,), 'max_iter': 100, 'alpha': 0.0001}. Best is trial 0 with value: 0.55.
[I 2026-04-21 10:36:52,371] Trial 1 finished with value: 0.55 and parameters: {'hidden_layer_sizes': (100, 100), 'max_iter': 100, 'alpha': 0.0001}. Best is trial 0 with value: 0.55.
[I 2026-04-21 10:36:52,458] Trial 2 finished with value: 0.55 and parameters: {'hidden_layer_sizes': (200,), 'max_iter': 100, 'alpha': 0.001}. Best is trial 0 with value: 0.55.
[I 2026-04-21 10:36:52,494] Trial 3 finished with value: 0.5 and parameters: {'hidden_layer_sizes': (100,), 'max_iter': 50, 'alpha': 0.001}. Best is trial 0 with value: 0.55.
[I 2026-04-21 10:36:52,529] Trial 4 finished with value: 0.55 and parameters: {'hidden_layer_sizes': (100,), 'max_iter': 50, 'alpha': 0.0001}. Best is trial 0 with value: 0.55.
[I 2026-04-21 10:36:52,564] Trial 5 finished with value: 0.5 and parameters: {'hidden_layer_sizes': (100,), 'max_iter': 50, 'alpha': 0.0001}. Best is trial 0 with value: 0.55.
[I 2026-04-21 10:36:52,610] Trial 6 finished with value: 0.55 and parameters: {'hidden_layer_sizes': (100,), 'max_iter': 50, 'alpha': 0.0001}. Best is trial 0 with value: 0.55.
[I 2026-04-21 10:36:52,654] Trial 7 finished with value: 0.45 and parameters: {'hidden_layer_sizes': (100,), 'max_iter': 50, 'alpha': 0.0001}. Best is trial 0 with value: 0.55.
[I 2026-04-21 10:36:52,738] Trial 8 finished with value: 0.55 and parameters: {'hidden_layer_sizes': (200,), 'max_iter': 100, 'alpha': 0.0001}. Best is trial 0 with value: 0.55.
[I 2026-04-21 10:36:52,785] Trial 9 finished with value: 0.55 and parameters: {'hidden_layer_sizes': (200,), 'max_iter': 50, 'alpha': 0.0001}. Best is trial 0 with value: 0.55.
[I 2026-04-21 10:36:52,881] Trial 10 finished with value: 0.55 and parameters: {'hidden_layer_sizes': (100, 100), 'max_iter': 100, 'alpha': 0.001}. Best is trial 0 with value: 0.55.
[I 2026-04-21 10:36:52,978] Trial 11 finished with value: 0.55 and parameters: {'hidden_layer_sizes': (100, 100), 'max_iter': 100, 'alpha': 0.0001}. Best is trial 0 with value: 0.55.
[I 2026-04-21 10:36:53,074] Trial 12 finished with value: 0.5 and parameters: {'hidden_layer_sizes': (100, 100), 'max_iter': 100, 'alpha': 0.0001}. Best is trial 0 with value: 0.55.
[I 2026-04-21 10:36:53,151] Trial 13 finished with value: 0.55 and parameters: {'hidden_layer_sizes': (100, 100), 'max_iter': 100, 'alpha': 0.0001}. Best is trial 0 with value: 0.55.
[I 2026-04-21 10:36:53,237] Trial 14 finished with value: 0.55 and parameters: {'hidden_layer_sizes': (200,), 'max_iter': 100, 'alpha': 0.001}. Best is trial 0 with value: 0.55.
[I 2026-04-21 10:36:53,312] Trial 15 finished with value: 0.5 and parameters: {'hidden_layer_sizes': (100, 100), 'max_iter': 100, 'alpha': 0.0001}. Best is trial 0 with value: 0.55.
[I 2026-04-21 10:36:53,368] Trial 16 finished with value: 0.55 and parameters: {'hidden_layer_sizes': (200,), 'max_iter': 100, 'alpha': 0.0001}. Best is trial 0 with value: 0.55.
[I 2026-04-21 10:36:53,445] Trial 17 finished with value: 0.5 and parameters: {'hidden_layer_sizes': (100, 100), 'max_iter': 100, 'alpha': 0.0001}. Best is trial 0 with value: 0.55.
[I 2026-04-21 10:36:53,510] Trial 18 finished with value: 0.55 and parameters: {'hidden_layer_sizes': (200,), 'max_iter': 100, 'alpha': 0.001}. Best is trial 0 with value: 0.55.
[I 2026-04-21 10:36:53,576] Trial 19 finished with value: 0.55 and parameters: {'hidden_layer_sizes': (200,), 'max_iter': 100, 'alpha': 0.0001}. Best is trial 0 with value: 0.55.
[I 2026-04-21 10:36:53,641] Trial 20 finished with value: 0.55 and parameters: {'hidden_layer_sizes': (100, 100), 'max_iter': 100, 'alpha': 0.0001}. Best is trial 0 with value: 0.55.
[I 2026-04-21 10:36:53,707] Trial 21 finished with value: 0.5 and parameters: {'hidden_layer_sizes': (200,), 'max_iter': 100, 'alpha': 0.001}. Best is trial 0 with value: 0.55.
[I 2026-04-21 10:36:53,774] Trial 22 finished with value: 0.55 and parameters: {'hidden_layer_sizes': (200,), 'max_iter': 100, 'alpha': 0.001}. Best is trial 0 with value: 0.55.
[I 2026-04-21 10:36:53,842] Trial 23 finished with value: 0.55 and parameters: {'hidden_layer_sizes': (200,), 'max_iter': 100, 'alpha': 0.001}. Best is trial 0 with value: 0.55.
[I 2026-04-21 10:36:53,909] Trial 24 finished with value: 0.55 and parameters: {'hidden_layer_sizes': (200,), 'max_iter': 100, 'alpha': 0.001}. Best is trial 0 with value: 0.55.
[I 2026-04-21 10:36:53,995] Trial 25 finished with value: 0.55 and parameters: {'hidden_layer_sizes': (200,), 'max_iter': 100, 'alpha': 0.001}. Best is trial 0 with value: 0.55.
[I 2026-04-21 10:36:54,085] Trial 26 finished with value: 0.5 and parameters: {'hidden_layer_sizes': (100, 100), 'max_iter': 100, 'alpha': 0.001}. Best is trial 0 with value: 0.55.
[I 2026-04-21 10:36:54,175] Trial 27 finished with value: 0.55 and parameters: {'hidden_layer_sizes': (200,), 'max_iter': 100, 'alpha': 0.0001}. Best is trial 0 with value: 0.55.
[I 2026-04-21 10:36:54,245] Trial 28 finished with value: 0.55 and parameters: {'hidden_layer_sizes': (200,), 'max_iter': 100, 'alpha': 0.001}. Best is trial 0 with value: 0.55.
[I 2026-04-21 10:36:54,294] Trial 29 finished with value: 0.5 and parameters: {'hidden_layer_sizes': (100, 100), 'max_iter': 50, 'alpha': 0.001}. Best is trial 0 with value: 0.55.
[I 2026-04-21 10:36:56,556] A new study created in memory with name: svc
[I 2026-04-21 10:36:56,579] Trial 0 finished with value: 0.4 and parameters: {'C': 0.020194502448102298, 'gamma': 0.13172711156111802}. Best is trial 0 with value: 0.4.
[I 2026-04-21 10:36:56,592] Trial 1 finished with value: 0.45 and parameters: {'C': 0.5670703311028815, 'gamma': 0.0783178418343345}. Best is trial 1 with value: 0.45.
[I 2026-04-21 10:36:56,605] Trial 2 finished with value: 0.6 and parameters: {'C': 81.65034948781698, 'gamma': 0.014255533717547383}. Best is trial 2 with value: 0.6.
[I 2026-04-21 10:36:56,618] Trial 3 finished with value: 0.5 and parameters: {'C': 1.0103732850016278, 'gamma': 0.00019418001640357854}. Best is trial 2 with value: 0.6.
[I 2026-04-21 10:36:56,630] Trial 4 finished with value: 0.45 and parameters: {'C': 0.11851025167261421, 'gamma': 0.00998918377985214}. Best is trial 2 with value: 0.6.
[I 2026-04-21 10:36:56,643] Trial 5 finished with value: 0.4 and parameters: {'C': 5.2109869371584665, 'gamma': 0.16404241128227343}. Best is trial 2 with value: 0.6.
[I 2026-04-21 10:36:56,655] Trial 6 finished with value: 0.5 and parameters: {'C': 0.3340138940215422, 'gamma': 0.00018354619576988685}. Best is trial 2 with value: 0.6.
[I 2026-04-21 10:36:56,667] Trial 7 finished with value: 0.45 and parameters: {'C': 0.1420961781588805, 'gamma': 0.434884682155233}. Best is trial 2 with value: 0.6.
[I 2026-04-21 10:36:56,680] Trial 8 finished with value: 0.45 and parameters: {'C': 0.07137422643361827, 'gamma': 0.006434219125545069}. Best is trial 2 with value: 0.6.
[I 2026-04-21 10:36:56,693] Trial 9 finished with value: 0.5 and parameters: {'C': 53.066944048916255, 'gamma': 0.00012577574840733457}. Best is trial 2 with value: 0.6.
[I 2026-04-21 10:36:56,713] Trial 10 finished with value: 0.5 and parameters: {'C': 60.67266858458046, 'gamma': 0.001366002544888146}. Best is trial 2 with value: 0.6.
[I 2026-04-21 10:36:56,736] Trial 11 finished with value: 0.5 and parameters: {'C': 4.325660574218245, 'gamma': 0.0015573062962550724}. Best is trial 2 with value: 0.6.
[I 2026-04-21 10:36:56,756] Trial 12 finished with value: 0.5 and parameters: {'C': 4.336211866097817, 'gamma': 0.0015550119929728658}. Best is trial 2 with value: 0.6.
[I 2026-04-21 10:36:56,777] Trial 13 finished with value: 0.5 and parameters: {'C': 15.260750517317483, 'gamma': 0.029237491574964438}. Best is trial 2 with value: 0.6.
[I 2026-04-21 10:36:56,801] Trial 14 finished with value: 0.5 and parameters: {'C': 1.4632598931769052, 'gamma': 0.0006161994282190085}. Best is trial 2 with value: 0.6.
[I 2026-04-21 10:36:56,821] Trial 15 finished with value: 0.45 and parameters: {'C': 0.011382032550819807, 'gamma': 0.005112934943977631}. Best is trial 2 with value: 0.6.
[I 2026-04-21 10:36:56,842] Trial 16 finished with value: 0.5 and parameters: {'C': 12.56062275226981, 'gamma': 0.02876052777792657}. Best is trial 2 with value: 0.6.
[I 2026-04-21 10:36:56,877] Trial 17 finished with value: 0.45 and parameters: {'C': 1.4971265294933267, 'gamma': 0.02909441197801231}. Best is trial 2 with value: 0.6.
[I 2026-04-21 10:36:56,902] Trial 18 finished with value: 0.55 and parameters: {'C': 88.0454442070191, 'gamma': 0.00043822635874631646}. Best is trial 2 with value: 0.6.
[I 2026-04-21 10:36:56,926] Trial 19 finished with value: 0.5 and parameters: {'C': 23.904250576148055, 'gamma': 0.0004272375982687254}. Best is trial 2 with value: 0.6.
[I 2026-04-21 10:36:56,953] Trial 20 finished with value: 0.4 and parameters: {'C': 91.15373719882479, 'gamma': 0.003139184990740136}. Best is trial 2 with value: 0.6.
[I 2026-04-21 10:36:56,974] Trial 21 finished with value: 0.5 and parameters: {'C': 28.346126542004658, 'gamma': 0.00039257919860466835}. Best is trial 2 with value: 0.6.
[I 2026-04-21 10:36:56,999] Trial 22 finished with value: 0.5 and parameters: {'C': 95.96668111403285, 'gamma': 0.00011538605104249853}. Best is trial 2 with value: 0.6.
[I 2026-04-21 10:36:57,020] Trial 23 finished with value: 0.5 and parameters: {'C': 9.133744195831412, 'gamma': 0.0002506258747882094}. Best is trial 2 with value: 0.6.
[I 2026-04-21 10:36:57,045] Trial 24 finished with value: 0.4 and parameters: {'C': 38.77422331065714, 'gamma': 0.0007347138205397294}. Best is trial 2 with value: 0.6.
[I 2026-04-21 10:36:57,065] Trial 25 finished with value: 0.45 and parameters: {'C': 2.451144803749049, 'gamma': 0.016578898284917317}. Best is trial 2 with value: 0.6.
[I 2026-04-21 10:36:57,086] Trial 26 finished with value: 0.45 and parameters: {'C': 0.05157002932445003, 'gamma': 0.0038879674415912002}. Best is trial 2 with value: 0.6.
[I 2026-04-21 10:36:57,111] Trial 27 finished with value: 0.5 and parameters: {'C': 0.6519812336607219, 'gamma': 0.0010004926204634317}. Best is trial 2 with value: 0.6.
[I 2026-04-21 10:36:57,132] Trial 28 finished with value: 0.5 and parameters: {'C': 16.76529958149621, 'gamma': 0.0002917787591857394}. Best is trial 2 with value: 0.6.
[I 2026-04-21 10:36:57,153] Trial 29 finished with value: 0.45 and parameters: {'C': 0.026682517027982147, 'gamma': 0.00247568459219402}. Best is trial 2 with value: 0.6.
[I 2026-04-21 10:37:15,148] A new study created in memory with name: naive_bayes
[I 2026-04-21 10:37:15,177] Trial 0 finished with value: 1.0 and parameters: {'var_smoothing': 1.4210736239935712e-10}. Best is trial 0 with value: 1.0.
[I 2026-04-21 10:37:15,191] Trial 1 finished with value: 1.0 and parameters: {'var_smoothing': 3.629422978396398e-09}. Best is trial 0 with value: 1.0.
[I 2026-04-21 10:37:15,206] Trial 2 finished with value: 1.0 and parameters: {'var_smoothing': 7.530407234027127e-10}. Best is trial 0 with value: 1.0.
[I 2026-04-21 10:37:15,221] Trial 3 finished with value: 1.0 and parameters: {'var_smoothing': 2.7985325053380072e-09}. Best is trial 0 with value: 1.0.
[I 2026-04-21 10:37:15,235] Trial 4 finished with value: 1.0 and parameters: {'var_smoothing': 9.036058293737187e-09}. Best is trial 0 with value: 1.0.
[I 2026-04-21 10:37:15,250] Trial 5 finished with value: 1.0 and parameters: {'var_smoothing': 1.1939653980558784e-09}. Best is trial 0 with value: 1.0.
[I 2026-04-21 10:37:15,265] Trial 6 finished with value: 1.0 and parameters: {'var_smoothing': 1.005173261185167e-09}. Best is trial 0 with value: 1.0.
[I 2026-04-21 10:37:15,289] Trial 7 finished with value: 1.0 and parameters: {'var_smoothing': 1.393484899105757e-10}. Best is trial 0 with value: 1.0.
[I 2026-04-21 10:37:15,304] Trial 8 finished with value: 1.0 and parameters: {'var_smoothing': 3.4425317961147986e-10}. Best is trial 0 with value: 1.0.
[I 2026-04-21 10:37:15,329] Trial 9 finished with value: 1.0 and parameters: {'var_smoothing': 9.994590426751933e-10}. Best is trial 0 with value: 1.0.
[I 2026-04-21 10:37:15,349] Trial 10 finished with value: 1.0 and parameters: {'var_smoothing': 1.9079938112167212e-10}. Best is trial 0 with value: 1.0.
[I 2026-04-21 10:37:15,368] Trial 11 finished with value: 1.0 and parameters: {'var_smoothing': 4.7456863630433305e-09}. Best is trial 0 with value: 1.0.
[I 2026-04-21 10:37:15,388] Trial 12 finished with value: 1.0 and parameters: {'var_smoothing': 2.7185365295481096e-09}. Best is trial 0 with value: 1.0.
[I 2026-04-21 10:37:15,411] Trial 13 finished with value: 1.0 and parameters: {'var_smoothing': 4.3967291332584714e-10}. Best is trial 0 with value: 1.0.
[I 2026-04-21 10:37:15,428] Trial 14 finished with value: 1.0 and parameters: {'var_smoothing': 2.6511307931162972e-09}. Best is trial 0 with value: 1.0.
[I 2026-04-21 10:37:15,446] Trial 15 finished with value: 1.0 and parameters: {'var_smoothing': 9.000422035369052e-09}. Best is trial 0 with value: 1.0.
[I 2026-04-21 10:37:15,465] Trial 16 finished with value: 1.0 and parameters: {'var_smoothing': 2.75340575769171e-10}. Best is trial 0 with value: 1.0.
[I 2026-04-21 10:37:15,485] Trial 17 finished with value: 1.0 and parameters: {'var_smoothing': 1.0118559267516465e-10}. Best is trial 0 with value: 1.0.
[I 2026-04-21 10:37:15,505] Trial 18 finished with value: 1.0 and parameters: {'var_smoothing': 5.126237368588495e-10}. Best is trial 0 with value: 1.0.
[I 2026-04-21 10:37:15,525] Trial 19 finished with value: 1.0 and parameters: {'var_smoothing': 1.7743118427439911e-09}. Best is trial 0 with value: 1.0.
[I 2026-04-21 10:37:15,542] Trial 20 finished with value: 1.0 and parameters: {'var_smoothing': 5.29215399120128e-09}. Best is trial 0 with value: 1.0.
[I 2026-04-21 10:37:15,564] Trial 21 finished with value: 1.0 and parameters: {'var_smoothing': 6.215389304971454e-10}. Best is trial 0 with value: 1.0.
[I 2026-04-21 10:37:15,597] Trial 22 finished with value: 1.0 and parameters: {'var_smoothing': 2.205158371956595e-10}. Best is trial 0 with value: 1.0.
[I 2026-04-21 10:37:15,615] Trial 23 finished with value: 1.0 and parameters: {'var_smoothing': 6.714468189294179e-10}. Best is trial 0 with value: 1.0.
[I 2026-04-21 10:37:15,633] Trial 24 finished with value: 1.0 and parameters: {'var_smoothing': 1.6303611152529254e-09}. Best is trial 0 with value: 1.0.
[I 2026-04-21 10:37:15,651] Trial 25 finished with value: 1.0 and parameters: {'var_smoothing': 5.460180203252778e-09}. Best is trial 0 with value: 1.0.
[I 2026-04-21 10:37:15,671] Trial 26 finished with value: 1.0 and parameters: {'var_smoothing': 1.0123007748054653e-10}. Best is trial 0 with value: 1.0.
[I 2026-04-21 10:37:15,690] Trial 27 finished with value: 1.0 and parameters: {'var_smoothing': 3.7004726843827016e-09}. Best is trial 0 with value: 1.0.
[I 2026-04-21 10:37:15,710] Trial 28 finished with value: 1.0 and parameters: {'var_smoothing': 8.062949328123723e-10}. Best is trial 0 with value: 1.0.
[I 2026-04-21 10:37:15,730] Trial 29 finished with value: 1.0 and parameters: {'var_smoothing': 1.8379694059711336e-09}. Best is trial 0 with value: 1.0.
[I 2026-04-21 10:37:15,772] A new study created in memory with name: logreg
[I 2026-04-21 10:37:15,786] Trial 0 finished with value: 1.0 and parameters: {'C': 0.002407362254570802, 'penalty': 'l2'}. Best is trial 0 with value: 1.0.
[I 2026-04-21 10:37:15,809] Trial 1 finished with value: 1.0 and parameters: {'C': 7.935859334260497, 'penalty': 'l2'}. Best is trial 0 with value: 1.0.
