[I 2026-04-21 10:29:11,178] Trial 11 finished with value: 1.0 and parameters: {'C': 61.74667908323206, 'penalty': 'l2'}. Best is trial 0 with value: 1.0.
[I 2026-04-21 10:29:11,196] Trial 12 finished with value: 1.0 and parameters: {'C': 0.07806066539229185, 'penalty': 'l2'}. Best is trial 0 with value: 1.0.
[I 2026-04-21 10:29:11,223] Trial 13 finished with value: 1.0 and parameters: {'C': 4.948583609511714, 'penalty': 'l2'}. Best is trial 0 with value: 1.0.
[I 2026-04-21 10:29:11,255] Trial 14 finished with value: 1.0 and parameters: {'C': 0.001040870868316403, 'penalty': 'l2'}. Best is trial 0 with value: 1.0.
[I 2026-04-21 10:29:11,284] Trial 15 finished with value: 1.0 and parameters: {'C': 7.01655100276303, 'penalty': 'l2'}. Best is trial 0 with value: 1.0.
[I 2026-04-21 10:29:11,304] Trial 16 finished with value: 1.0 and parameters: {'C': 0.007210574547652081, 'penalty': 'l2'}. Best is trial 0 with value: 1.0.
[I 2026-04-21 10:29:11,335] Trial 17 finished with value: 1.0 and parameters: {'C': 1.4752552821847151, 'penalty': 'l2'}. Best is trial 0 with value: 1.0.
[I 2026-04-21 10:29:11,355] Trial 18 finished with value: 1.0 and parameters: {'C': 0.05658298018503892, 'penalty': 'l2'}. Best is trial 0 with value: 1.0.
[I 2026-04-21 10:29:11,372] Trial 19 finished with value: 1.0 and parameters: {'C': 17.308995845007956, 'penalty': 'l2'}. Best is trial 0 with value: 1.0.
[I 2026-04-21 10:29:11,403] Trial 20 finished with value: 1.0 and parameters: {'C': 0.20111099144358968, 'penalty': 'l2'}. Best is trial 0 with value: 1.0.
[I 2026-04-21 10:29:11,432] Trial 21 finished with value: 1.0 and parameters: {'C': 0.009499348899473984, 'penalty': 'l2'}. Best is trial 0 with value: 1.0.
[I 2026-04-21 10:29:11,462] Trial 22 finished with value: 1.0 and parameters: {'C': 0.002507852613523972, 'penalty': 'l2'}. Best is trial 0 with value: 1.0.
[I 2026-04-21 10:29:11,493] Trial 23 finished with value: 1.0 and parameters: {'C': 0.020872598541866766, 'penalty': 'l2'}. Best is trial 0 with value: 1.0.
[I 2026-04-21 10:29:11,521] Trial 24 finished with value: 1.0 and parameters: {'C': 0.003100655081970181, 'penalty': 'l2'}. Best is trial 0 with value: 1.0.
[I 2026-04-21 10:29:11,551] Trial 25 finished with value: 1.0 and parameters: {'C': 0.14308327055214404, 'penalty': 'l2'}. Best is trial 0 with value: 1.0.
[I 2026-04-21 10:29:11,579] Trial 26 finished with value: 1.0 and parameters: {'C': 0.021100805440807256, 'penalty': 'l2'}. Best is trial 0 with value: 1.0.
[I 2026-04-21 10:29:11,609] Trial 27 finished with value: 1.0 and parameters: {'C': 0.7226969084565785, 'penalty': 'l2'}. Best is trial 0 with value: 1.0.
[I 2026-04-21 10:29:11,640] Trial 28 finished with value: 1.0 and parameters: {'C': 2.7390256543997475, 'penalty': 'l2'}. Best is trial 0 with value: 1.0.
[I 2026-04-21 10:29:11,660] Trial 29 finished with value: 1.0 and parameters: {'C': 87.43511457459678, 'penalty': 'l2'}. Best is trial 0 with value: 1.0.
[I 2026-04-21 10:29:11,712] A new study created in memory with name: knn
[I 2026-04-21 10:29:11,734] Trial 0 finished with value: 0.9 and parameters: {'n_neighbors': 4, 'leaf_size': 38, 'p': 2}. Best is trial 0 with value: 0.9.
[I 2026-04-21 10:29:11,749] Trial 1 finished with value: 0.65 and parameters: {'n_neighbors': 6, 'leaf_size': 32, 'p': 1}. Best is trial 0 with value: 0.9.
[I 2026-04-21 10:29:11,761] Trial 2 finished with value: 0.9 and parameters: {'n_neighbors': 5, 'leaf_size': 23, 'p': 2}. Best is trial 0 with value: 0.9.
[I 2026-04-21 10:29:11,774] Trial 3 finished with value: 0.65 and parameters: {'n_neighbors': 6, 'leaf_size': 23, 'p': 1}. Best is trial 0 with value: 0.9.
[I 2026-04-21 10:29:11,787] Trial 4 finished with value: 0.65 and parameters: {'n_neighbors': 6, 'leaf_size': 26, 'p': 1}. Best is trial 0 with value: 0.9.
[I 2026-04-21 10:29:11,799] Trial 5 finished with value: 0.7 and parameters: {'n_neighbors': 7, 'leaf_size': 25, 'p': 1}. Best is trial 0 with value: 0.9.
[I 2026-04-21 10:29:11,812] Trial 6 finished with value: 0.9 and parameters: {'n_neighbors': 5, 'leaf_size': 23, 'p': 2}. Best is trial 0 with value: 0.9.
[I 2026-04-21 10:29:11,826] Trial 7 finished with value: 0.75 and parameters: {'n_neighbors': 10, 'leaf_size': 23, 'p': 2}. Best is trial 0 with value: 0.9.
[I 2026-04-21 10:29:11,840] Trial 8 finished with value: 0.65 and parameters: {'n_neighbors': 8, 'leaf_size': 36, 'p': 2}. Best is trial 0 with value: 0.9.
[I 2026-04-21 10:29:11,855] Trial 9 finished with value: 1.0 and parameters: {'n_neighbors': 3, 'leaf_size': 30, 'p': 2}. Best is trial 9 with value: 1.0.
[I 2026-04-21 10:29:11,880] Trial 10 finished with value: 1.0 and parameters: {'n_neighbors': 3, 'leaf_size': 30, 'p': 2}. Best is trial 9 with value: 1.0.
[I 2026-04-21 10:29:11,904] Trial 11 finished with value: 1.0 and parameters: {'n_neighbors': 3, 'leaf_size': 30, 'p': 2}. Best is trial 9 with value: 1.0.
[I 2026-04-21 10:29:11,926] Trial 12 finished with value: 1.0 and parameters: {'n_neighbors': 3, 'leaf_size': 32, 'p': 2}. Best is trial 9 with value: 1.0.
[I 2026-04-21 10:29:11,948] Trial 13 finished with value: 1.0 and parameters: {'n_neighbors': 3, 'leaf_size': 29, 'p': 2}. Best is trial 9 with value: 1.0.
[I 2026-04-21 10:29:11,973] Trial 14 finished with value: 0.9 and parameters: {'n_neighbors': 4, 'leaf_size': 34, 'p': 2}. Best is trial 9 with value: 1.0.
[I 2026-04-21 10:29:11,999] Trial 15 finished with value: 0.9 and parameters: {'n_neighbors': 4, 'leaf_size': 28, 'p': 2}. Best is trial 9 with value: 1.0.
[I 2026-04-21 10:29:12,026] Trial 16 finished with value: 0.8 and parameters: {'n_neighbors': 9, 'leaf_size': 40, 'p': 2}. Best is trial 9 with value: 1.0.
[I 2026-04-21 10:29:12,048] Trial 17 finished with value: 0.9 and parameters: {'n_neighbors': 5, 'leaf_size': 20, 'p': 2}. Best is trial 9 with value: 1.0.
[I 2026-04-21 10:29:12,074] Trial 18 finished with value: 1.0 and parameters: {'n_neighbors': 3, 'leaf_size': 33, 'p': 1}. Best is trial 9 with value: 1.0.
[I 2026-04-21 10:29:12,097] Trial 19 finished with value: 0.9 and parameters: {'n_neighbors': 4, 'leaf_size': 27, 'p': 2}. Best is trial 9 with value: 1.0.
[I 2026-04-21 10:29:12,132] Trial 20 finished with value: 0.7 and parameters: {'n_neighbors': 7, 'leaf_size': 30, 'p': 2}. Best is trial 9 with value: 1.0.
[I 2026-04-21 10:29:12,157] Trial 21 finished with value: 1.0 and parameters: {'n_neighbors': 3, 'leaf_size': 31, 'p': 2}. Best is trial 9 with value: 1.0.
[I 2026-04-21 10:29:12,180] Trial 22 finished with value: 1.0 and parameters: {'n_neighbors': 3, 'leaf_size': 35, 'p': 2}. Best is trial 9 with value: 1.0.
[I 2026-04-21 10:29:12,202] Trial 23 finished with value: 0.9 and parameters: {'n_neighbors': 4, 'leaf_size': 30, 'p': 2}. Best is trial 9 with value: 1.0.
[I 2026-04-21 10:29:12,225] Trial 24 finished with value: 0.9 and parameters: {'n_neighbors': 5, 'leaf_size': 28, 'p': 2}. Best is trial 9 with value: 1.0.
[I 2026-04-21 10:29:12,249] Trial 25 finished with value: 1.0 and parameters: {'n_neighbors': 3, 'leaf_size': 31, 'p': 2}. Best is trial 9 with value: 1.0.
[I 2026-04-21 10:29:12,276] Trial 26 finished with value: 0.9 and parameters: {'n_neighbors': 4, 'leaf_size': 25, 'p': 1}. Best is trial 9 with value: 1.0.
[I 2026-04-21 10:29:12,303] Trial 27 finished with value: 1.0 and parameters: {'n_neighbors': 3, 'leaf_size': 36, 'p': 2}. Best is trial 9 with value: 1.0.
[I 2026-04-21 10:29:12,327] Trial 28 finished with value: 0.9 and parameters: {'n_neighbors': 5, 'leaf_size': 29, 'p': 2}. Best is trial 9 with value: 1.0.
[I 2026-04-21 10:29:12,351] Trial 29 finished with value: 0.9 and parameters: {'n_neighbors': 4, 'leaf_size': 33, 'p': 2}. Best is trial 9 with value: 1.0.
[I 2026-04-21 10:29:12,406] A new study created in memory with name: xgb
[I 2026-04-21 10:29:12,431] Trial 0 finished with value: 0.9 and parameters: {'n_estimators': 40, 'max_depth': 5, 'gamma': 0.789317070832284, 'subsample': 0.7592089939364717, 'colsample_bytree': 0.648400250788111}. Best is trial 0 with value: 0.9.
[I 2026-04-21 10:29:12,459] Trial 1 finished with value: 0.9 and parameters: {'n_estimators': 100, 'max_depth': 30, 'gamma': 0.34667781579300216, 'subsample': 0.7071175095405257, 'colsample_bytree': 0.6480399663668239}. Best is trial 0 with value: 0.9.
[I 2026-04-21 10:29:12,486] Trial 2 finished with value: 0.8 and parameters: {'n_estimators': 10, 'max_depth': 20, 'gamma': 0.3948075529198607, 'subsample': 0.5720821503267102, 'colsample_bytree': 0.5828064306006338}. Best is trial 0 with value: 0.9.
[I 2026-04-21 10:29:12,512] Trial 3 finished with value: 0.75 and parameters: {'n_estimators': 10, 'max_depth': 30, 'gamma': 0.8015631269999768, 'subsample': 0.5114665462195407, 'colsample_bytree': 0.788831429064878}. Best is trial 0 with value: 0.9.
[I 2026-04-21 10:29:12,549] Trial 4 finished with value: 0.85 and parameters: {'n_estimators': 100, 'max_depth': 5, 'gamma': 0.8834347783013348, 'subsample': 0.961374806972835, 'colsample_bytree': 0.5011071062662218}. Best is trial 0 with value: 0.9.
[I 2026-04-21 10:29:12,577] Trial 5 finished with value: 0.9 and parameters: {'n_estimators': 40, 'max_depth': 5, 'gamma': 0.5364379674896123, 'subsample': 0.5145557818363589, 'colsample_bytree': 0.5432628442011025}. Best is trial 0 with value: 0.9.
[I 2026-04-21 10:29:12,614] Trial 6 finished with value: 0.85 and parameters: {'n_estimators': 100, 'max_depth': 20, 'gamma': 0.6718205850237038, 'subsample': 0.9059511955902053, 'colsample_bytree': 0.9633413076219371}. Best is trial 0 with value: 0.9.
[I 2026-04-21 10:29:12,642] Trial 7 finished with value: 0.7 and parameters: {'n_estimators': 10, 'max_depth': 30, 'gamma': 0.8165284487704038, 'subsample': 0.5255714015506736, 'colsample_bytree': 0.594333867896554}. Best is trial 0 with value: 0.9.
[I 2026-04-21 10:29:12,680] Trial 8 finished with value: 0.85 and parameters: {'n_estimators': 100, 'max_depth': 20, 'gamma': 0.6251497693480509, 'subsample': 0.9696496759824258, 'colsample_bytree': 0.9717700410079397}. Best is trial 0 with value: 0.9.
[I 2026-04-21 10:29:12,708] Trial 9 finished with value: 0.85 and parameters: {'n_estimators': 40, 'max_depth': 30, 'gamma': 0.9649927737686168, 'subsample': 0.6857563076640036, 'colsample_bytree': 0.5061847058001788}. Best is trial 0 with value: 0.9.
[I 2026-04-21 10:29:12,746] Trial 10 finished with value: 0.85 and parameters: {'n_estimators': 40, 'max_depth': 5, 'gamma': 0.17962098877423716, 'subsample': 0.8225184540606401, 'colsample_bytree': 0.7743115296703093}. Best is trial 0 with value: 0.9.
[I 2026-04-21 10:29:12,783] Trial 11 finished with value: 0.9 and parameters: {'n_estimators': 40, 'max_depth': 5, 'gamma': 0.284144177802935, 'subsample': 0.7137332854536631, 'colsample_bytree': 0.6815498556783907}. Best is trial 0 with value: 0.9.
[I 2026-04-21 10:29:12,832] Trial 12 finished with value: 0.9 and parameters: {'n_estimators': 100, 'max_depth': 30, 'gamma': 0.4460361445163697, 'subsample': 0.6425328048515475, 'colsample_bytree': 0.679730053828248}. Best is trial 0 with value: 0.9.
[I 2026-04-21 10:29:12,870] Trial 13 finished with value: 0.85 and parameters: {'n_estimators': 40, 'max_depth': 5, 'gamma': 0.15813912455139084, 'subsample': 0.7844515830692418, 'colsample_bytree': 0.6758652093499296}. Best is trial 0 with value: 0.9.
[I 2026-04-21 10:29:12,920] Trial 14 finished with value: 0.85 and parameters: {'n_estimators': 100, 'max_depth': 30, 'gamma': 0.6918007402171132, 'subsample': 0.8431105857116872, 'colsample_bytree': 0.8216506181347186}. Best is trial 0 with value: 0.9.
[I 2026-04-21 10:29:12,969] Trial 15 finished with value: 0.9 and parameters: {'n_estimators': 100, 'max_depth': 30, 'gamma': 0.349760846204061, 'subsample': 0.6341284233145288, 'colsample_bytree': 0.8604557310580807}. Best is trial 0 with value: 0.9.
[I 2026-04-21 10:29:13,006] Trial 16 finished with value: 0.95 and parameters: {'n_estimators': 40, 'max_depth': 5, 'gamma': 0.5201464803795712, 'subsample': 0.7450819645371771, 'colsample_bytree': 0.6198858180831269}. Best is trial 16 with value: 0.95.
[I 2026-04-21 10:29:13,045] Trial 17 finished with value: 0.85 and parameters: {'n_estimators': 40, 'max_depth': 5, 'gamma': 0.5292554389847856, 'subsample': 0.867462799188033, 'colsample_bytree': 0.7191040775672578}. Best is trial 16 with value: 0.95.
[I 2026-04-21 10:29:13,083] Trial 18 finished with value: 0.9 and parameters: {'n_estimators': 40, 'max_depth': 5, 'gamma': 0.7740016574905875, 'subsample': 0.7756151396882981, 'colsample_bytree': 0.6271428698415437}. Best is trial 16 with value: 0.95.
[I 2026-04-21 10:29:13,122] Trial 19 finished with value: 0.85 and parameters: {'n_estimators': 40, 'max_depth': 5, 'gamma': 0.6019257490340076, 'subsample': 0.7487931599912829, 'colsample_bytree': 0.5855885045199378}. Best is trial 16 with value: 0.95.
[I 2026-04-21 10:29:13,161] Trial 20 finished with value: 0.85 and parameters: {'n_estimators': 40, 'max_depth': 5, 'gamma': 0.923003166515485, 'subsample': 0.5959031508768424, 'colsample_bytree': 0.7464103518856897}. Best is trial 16 with value: 0.95.
[I 2026-04-21 10:29:13,199] Trial 21 finished with value: 0.9 and parameters: {'n_estimators': 40, 'max_depth': 5, 'gamma': 0.26813940665599906, 'subsample': 0.7152182294644998, 'colsample_bytree': 0.6405184790725486}. Best is trial 16 with value: 0.95.
[I 2026-04-21 10:29:13,249] Trial 22 finished with value: 0.95 and parameters: {'n_estimators': 100, 'max_depth': 30, 'gamma': 0.4478184230115955, 'subsample': 0.6817416560731508, 'colsample_bytree': 0.6396439334383429}. Best is trial 16 with value: 0.95.
[I 2026-04-21 10:29:13,287] Trial 23 finished with value: 0.9 and parameters: {'n_estimators': 10, 'max_depth': 20, 'gamma': 0.4819415012604948, 'subsample': 0.6561113886478259, 'colsample_bytree': 0.7046454771752666}. Best is trial 16 with value: 0.95.
[I 2026-04-21 10:29:13,324] Trial 24 finished with value: 0.9 and parameters: {'n_estimators': 40, 'max_depth': 5, 'gamma': 0.7167681148277982, 'subsample': 0.7593782787982607, 'colsample_bytree': 0.6093114053229222}. Best is trial 16 with value: 0.95.
[I 2026-04-21 10:29:13,370] Trial 25 finished with value: 0.85 and parameters: {'n_estimators': 100, 'max_depth': 30, 'gamma': 0.5882211906920883, 'subsample': 0.7985250050147175, 'colsample_bytree': 0.5502912758507054}. Best is trial 16 with value: 0.95.
[I 2026-04-21 10:29:13,408] Trial 26 finished with value: 0.9 and parameters: {'n_estimators': 40, 'max_depth': 5, 'gamma': 0.45919469152689657, 'subsample': 0.7403036612663063, 'colsample_bytree': 0.5448751762401688}. Best is trial 16 with value: 0.95.
[I 2026-04-21 10:29:13,448] Trial 27 finished with value: 0.9 and parameters: {'n_estimators': 40, 'max_depth': 5, 'gamma': 0.5203788084045231, 'subsample': 0.6799052676910644, 'colsample_bytree': 0.7316855266301198}. Best is trial 16 with value: 0.95.
[I 2026-04-21 10:29:13,488] Trial 28 finished with value: 0.85 and parameters: {'n_estimators': 10, 'max_depth': 20, 'gamma': 0.40675689664484915, 'subsample': 0.6113838175003208, 'colsample_bytree': 0.6555610177235384}. Best is trial 16 with value: 0.95.
[I 2026-04-21 10:29:13,538] Trial 29 finished with value: 0.85 and parameters: {'n_estimators': 100, 'max_depth': 30, 'gamma': 0.2855223880117638, 'subsample': 0.8929922503095267, 'colsample_bytree': 0.6411083526079205}. Best is trial 16 with value: 0.95.
[I 2026-04-21 10:29:13,609] A new study created in memory with name: rf
[I 2026-04-21 10:29:13,886] Trial 0 finished with value: 0.5 and parameters: {'n_estimators': 189, 'max_depth': 18, 'min_samples_split': 3, 'min_samples_leaf': 10}. Best is trial 0 with value: 0.5.
[I 2026-04-21 10:29:14,205] Trial 1 finished with value: 1.0 and parameters: {'n_estimators': 295, 'max_depth': 14, 'min_samples_split': 8, 'min_samples_leaf': 6}. Best is trial 1 with value: 1.0.
[I 2026-04-21 10:29:14,442] Trial 2 finished with value: 0.5 and parameters: {'n_estimators': 219, 'max_depth': 6, 'min_samples_split': 2, 'min_samples_leaf': 8}. Best is trial 1 with value: 1.0.
[I 2026-04-21 10:29:14,740] Trial 3 finished with value: 1.0 and parameters: {'n_estimators': 276, 'max_depth': 5, 'min_samples_split': 9, 'min_samples_leaf': 3}. Best is trial 1 with value: 1.0.
[I 2026-04-21 10:29:15,047] Trial 4 finished with value: 1.0 and parameters: {'n_estimators': 266, 'max_depth': 8, 'min_samples_split': 7, 'min_samples_leaf': 6}. Best is trial 1 with value: 1.0.
[I 2026-04-21 10:29:15,435] Trial 5 finished with value: 1.0 and parameters: {'n_estimators': 340, 'max_depth': 7, 'min_samples_split': 4, 'min_samples_leaf': 3}. Best is trial 1 with value: 1.0.
[I 2026-04-21 10:29:15,734] Trial 6 finished with value: 0.5 and parameters: {'n_estimators': 231, 'max_depth': 5, 'min_samples_split': 3, 'min_samples_leaf': 10}. Best is trial 1 with value: 1.0.
[I 2026-04-21 10:29:16,254] Trial 7 finished with value: 1.0 and parameters: {'n_estimators': 485, 'max_depth': 6, 'min_samples_split': 2, 'min_samples_leaf': 3}. Best is trial 1 with value: 1.0.
[I 2026-04-21 10:29:16,675] Trial 8 finished with value: 1.0 and parameters: {'n_estimators': 380, 'max_depth': 17, 'min_samples_split': 2, 'min_samples_leaf': 6}. Best is trial 1 with value: 1.0.
[I 2026-04-21 10:29:16,811] Trial 9 finished with value: 0.5 and parameters: {'n_estimators': 100, 'max_depth': 12, 'min_samples_split': 7, 'min_samples_leaf': 10}. Best is trial 1 with value: 1.0.
[I 2026-04-21 10:29:17,350] Trial 10 finished with value: 1.0 and parameters: {'n_estimators': 446, 'max_depth': 13, 'min_samples_split': 10, 'min_samples_leaf': 5}. Best is trial 1 with value: 1.0.
[I 2026-04-21 10:29:17,754] Trial 11 finished with value: 1.0 and parameters: {'n_estimators': 314, 'max_depth': 15, 'min_samples_split': 10, 'min_samples_leaf': 1}. Best is trial 1 with value: 1.0.
[I 2026-04-21 10:29:18,180] Trial 12 finished with value: 1.0 and parameters: {'n_estimators': 390, 'max_depth': 3, 'min_samples_split': 8, 'min_samples_leaf': 3}. Best is trial 1 with value: 1.0.
[I 2026-04-21 10:29:18,546] Trial 13 finished with value: 1.0 and parameters: {'n_estimators': 284, 'max_depth': 10, 'min_samples_split': 9, 'min_samples_leaf': 5}. Best is trial 1 with value: 1.0.
[I 2026-04-21 10:29:18,803] Trial 14 finished with value: 1.0 and parameters: {'n_estimators': 187, 'max_depth': 20, 'min_samples_split': 5, 'min_samples_leaf': 1}. Best is trial 1 with value: 1.0.
[I 2026-04-21 10:29:18,987] Trial 15 finished with value: 0.5 and parameters: {'n_estimators': 136, 'max_depth': 9, 'min_samples_split': 8, 'min_samples_leaf': 7}. Best is trial 1 with value: 1.0.
[I 2026-04-21 10:29:19,362] Trial 16 finished with value: 1.0 and parameters: {'n_estimators': 344, 'max_depth': 14, 'min_samples_split': 6, 'min_samples_leaf': 4}. Best is trial 1 with value: 1.0.
[I 2026-04-21 10:29:19,688] Trial 17 finished with value: 0.5 and parameters: {'n_estimators': 262, 'max_depth': 11, 'min_samples_split': 9, 'min_samples_leaf': 8}. Best is trial 1 with value: 1.0.
[I 2026-04-21 10:29:20,186] Trial 18 finished with value: 1.0 and parameters: {'n_estimators': 409, 'max_depth': 3, 'min_samples_split': 8, 'min_samples_leaf': 2}. Best is trial 1 with value: 1.0.
[I 2026-04-21 10:29:20,599] Trial 19 finished with value: 1.0 and parameters: {'n_estimators': 318, 'max_depth': 16, 'min_samples_split': 6, 'min_samples_leaf': 4}. Best is trial 1 with value: 1.0.
[I 2026-04-21 10:29:20,810] Trial 20 finished with value: 0.5 and parameters: {'n_estimators': 163, 'max_depth': 19, 'min_samples_split': 9, 'min_samples_leaf': 7}. Best is trial 1 with value: 1.0.
[I 2026-04-21 10:29:21,148] Trial 21 finished with value: 0.95 and parameters: {'n_estimators': 259, 'max_depth': 9, 'min_samples_split': 7, 'min_samples_leaf': 6}. Best is trial 1 with value: 1.0.
[I 2026-04-21 10:29:21,479] Trial 22 finished with value: 0.55 and parameters: {'n_estimators': 287, 'max_depth': 8, 'min_samples_split': 7, 'min_samples_leaf': 7}. Best is trial 1 with value: 1.0.
[I 2026-04-21 10:29:21,786] Trial 23 finished with value: 1.0 and parameters: {'n_estimators': 237, 'max_depth': 5, 'min_samples_split': 8, 'min_samples_leaf': 4}. Best is trial 1 with value: 1.0.
[I 2026-04-21 10:29:22,219] Trial 24 finished with value: 1.0 and parameters: {'n_estimators': 350, 'max_depth': 11, 'min_samples_split': 9, 'min_samples_leaf': 5}. Best is trial 1 with value: 1.0.
[I 2026-04-21 10:29:22,576] Trial 25 finished with value: 0.5 and parameters: {'n_estimators': 268, 'max_depth': 4, 'min_samples_split': 6, 'min_samples_leaf': 8}. Best is trial 1 with value: 1.0.
[I 2026-04-21 10:29:22,933] Trial 26 finished with value: 1.0 and parameters: {'n_estimators': 304, 'max_depth': 8, 'min_samples_split': 10, 'min_samples_leaf': 6}. Best is trial 1 with value: 1.0.
[I 2026-04-21 10:29:23,201] Trial 27 finished with value: 1.0 and parameters: {'n_estimators': 206, 'max_depth': 14, 'min_samples_split': 7, 'min_samples_leaf': 2}. Best is trial 1 with value: 1.0.
[I 2026-04-21 10:29:23,500] Trial 28 finished with value: 0.5 and parameters: {'n_estimators': 246, 'max_depth': 7, 'min_samples_split': 5, 'min_samples_leaf': 9}. Best is trial 1 with value: 1.0.
[I 2026-04-21 10:29:23,755] Trial 29 finished with value: 1.0 and parameters: {'n_estimators': 193, 'max_depth': 12, 'min_samples_split': 8, 'min_samples_leaf': 6}. Best is trial 1 with value: 1.0.
[I 2026-04-21 10:29:24,387] A new study created in memory with name: mlp
[I 2026-04-21 10:29:24,432] Trial 0 finished with value: 1.0 and parameters: {'hidden_layer_sizes': (200,), 'max_iter': 50, 'alpha': 0.001}. Best is trial 0 with value: 1.0.
[I 2026-04-21 10:29:24,479] Trial 1 finished with value: 1.0 and parameters: {'hidden_layer_sizes': (100,), 'max_iter': 100, 'alpha': 0.0001}. Best is trial 0 with value: 1.0.
[I 2026-04-21 10:29:24,515] Trial 2 finished with value: 1.0 and parameters: {'hidden_layer_sizes': (100,), 'max_iter': 100, 'alpha': 0.001}. Best is trial 0 with value: 1.0.
