[I 2026-04-21 10:30:43,358] Trial 19 finished with value: 0.75 and parameters: {'var_smoothing': 5.846846875339535e-09}. Best is trial 0 with value: 0.75.
[I 2026-04-21 10:30:43,377] Trial 20 finished with value: 0.75 and parameters: {'var_smoothing': 1.0486521320383776e-09}. Best is trial 0 with value: 0.75.
[I 2026-04-21 10:30:43,394] Trial 21 finished with value: 0.75 and parameters: {'var_smoothing': 4.9491450263339475e-09}. Best is trial 0 with value: 0.75.
[I 2026-04-21 10:30:43,415] Trial 22 finished with value: 0.75 and parameters: {'var_smoothing': 6.667992141406306e-09}. Best is trial 0 with value: 0.75.
[I 2026-04-21 10:30:43,434] Trial 23 finished with value: 0.75 and parameters: {'var_smoothing': 3.2795712712135213e-09}. Best is trial 0 with value: 0.75.
[I 2026-04-21 10:30:43,454] Trial 24 finished with value: 0.75 and parameters: {'var_smoothing': 6.403538416287158e-10}. Best is trial 0 with value: 0.75.
[I 2026-04-21 10:30:43,472] Trial 25 finished with value: 0.75 and parameters: {'var_smoothing': 2.1589819023851477e-09}. Best is trial 0 with value: 0.75.
[I 2026-04-21 10:30:43,494] Trial 26 finished with value: 0.75 and parameters: {'var_smoothing': 3.912617821024548e-09}. Best is trial 0 with value: 0.75.
[I 2026-04-21 10:30:43,518] Trial 27 finished with value: 0.75 and parameters: {'var_smoothing': 7.162139101012446e-09}. Best is trial 0 with value: 0.75.
[I 2026-04-21 10:30:43,539] Trial 28 finished with value: 0.75 and parameters: {'var_smoothing': 1.3883316815746274e-09}. Best is trial 0 with value: 0.75.
[I 2026-04-21 10:30:43,561] Trial 29 finished with value: 0.75 and parameters: {'var_smoothing': 4.1751754503046387e-10}. Best is trial 0 with value: 0.75.
[I 2026-04-21 10:30:43,602] A new study created in memory with name: logreg
[I 2026-04-21 10:30:43,627] Trial 0 finished with value: 0.6 and parameters: {'C': 29.127335430981816, 'penalty': 'l2'}. Best is trial 0 with value: 0.6.
[I 2026-04-21 10:30:43,652] Trial 1 finished with value: 0.7 and parameters: {'C': 0.045698192893558344, 'penalty': 'l2'}. Best is trial 1 with value: 0.7.
[I 2026-04-21 10:30:43,677] Trial 2 finished with value: 0.65 and parameters: {'C': 12.768668597712947, 'penalty': 'l2'}. Best is trial 1 with value: 0.7.
[I 2026-04-21 10:30:43,701] Trial 3 finished with value: 0.75 and parameters: {'C': 0.0016161554408462638, 'penalty': 'l2'}. Best is trial 3 with value: 0.75.
[I 2026-04-21 10:30:43,727] Trial 4 finished with value: 0.7 and parameters: {'C': 0.0034536903703241734, 'penalty': 'l2'}. Best is trial 3 with value: 0.75.
[I 2026-04-21 10:30:43,757] Trial 5 finished with value: 0.65 and parameters: {'C': 0.9446269266990148, 'penalty': 'l2'}. Best is trial 3 with value: 0.75.
[I 2026-04-21 10:30:43,783] Trial 6 finished with value: 0.65 and parameters: {'C': 0.4457453393648168, 'penalty': 'l2'}. Best is trial 3 with value: 0.75.
[I 2026-04-21 10:30:43,807] Trial 7 finished with value: 0.65 and parameters: {'C': 0.12417585037258261, 'penalty': 'l2'}. Best is trial 3 with value: 0.75.
[I 2026-04-21 10:30:43,829] Trial 8 finished with value: 0.7 and parameters: {'C': 0.04753781830244093, 'penalty': 'l2'}. Best is trial 3 with value: 0.75.
[I 2026-04-21 10:30:43,852] Trial 9 finished with value: 0.65 and parameters: {'C': 1.2959766028194148, 'penalty': 'l2'}. Best is trial 3 with value: 0.75.
[I 2026-04-21 10:30:43,878] Trial 10 finished with value: 0.7 and parameters: {'C': 0.0027493237597083523, 'penalty': 'l2'}. Best is trial 3 with value: 0.75.
[I 2026-04-21 10:30:43,903] Trial 11 finished with value: 0.7 and parameters: {'C': 0.019039978699401258, 'penalty': 'l2'}. Best is trial 3 with value: 0.75.
[I 2026-04-21 10:30:43,929] Trial 12 finished with value: 0.75 and parameters: {'C': 0.001155896563213187, 'penalty': 'l2'}. Best is trial 3 with value: 0.75.
[I 2026-04-21 10:30:43,956] Trial 13 finished with value: 0.75 and parameters: {'C': 0.0011376573049836918, 'penalty': 'l2'}. Best is trial 3 with value: 0.75.
[I 2026-04-21 10:30:43,986] Trial 14 finished with value: 0.7 and parameters: {'C': 0.003689129151504586, 'penalty': 'l2'}. Best is trial 3 with value: 0.75.
[I 2026-04-21 10:30:44,017] Trial 15 finished with value: 0.7 and parameters: {'C': 0.011933570800202574, 'penalty': 'l2'}. Best is trial 3 with value: 0.75.
[I 2026-04-21 10:30:44,048] Trial 16 finished with value: 0.75 and parameters: {'C': 0.0013678805924558961, 'penalty': 'l2'}. Best is trial 3 with value: 0.75.
[I 2026-04-21 10:30:44,074] Trial 17 finished with value: 0.7 and parameters: {'C': 0.009039871959471408, 'penalty': 'l2'}. Best is trial 3 with value: 0.75.
[I 2026-04-21 10:30:44,105] Trial 18 finished with value: 0.65 and parameters: {'C': 3.1043628200283595, 'penalty': 'l2'}. Best is trial 3 with value: 0.75.
[I 2026-04-21 10:30:44,135] Trial 19 finished with value: 0.65 and parameters: {'C': 0.1859872244822189, 'penalty': 'l2'}. Best is trial 3 with value: 0.75.
[I 2026-04-21 10:30:44,161] Trial 20 finished with value: 0.7 and parameters: {'C': 0.03473964807531083, 'penalty': 'l2'}. Best is trial 3 with value: 0.75.
[I 2026-04-21 10:30:44,192] Trial 21 finished with value: 0.75 and parameters: {'C': 0.0011806351636213543, 'penalty': 'l2'}. Best is trial 3 with value: 0.75.
[I 2026-04-21 10:30:44,223] Trial 22 finished with value: 0.75 and parameters: {'C': 0.0012504220035156409, 'penalty': 'l2'}. Best is trial 3 with value: 0.75.
[I 2026-04-21 10:30:44,254] Trial 23 finished with value: 0.7 and parameters: {'C': 0.005066523162272737, 'penalty': 'l2'}. Best is trial 3 with value: 0.75.
[I 2026-04-21 10:30:44,285] Trial 24 finished with value: 0.7 and parameters: {'C': 0.007599916067224512, 'penalty': 'l2'}. Best is trial 3 with value: 0.75.
[I 2026-04-21 10:30:44,314] Trial 25 finished with value: 0.75 and parameters: {'C': 0.0010626926325718615, 'penalty': 'l2'}. Best is trial 3 with value: 0.75.
[I 2026-04-21 10:30:44,345] Trial 26 finished with value: 0.7 and parameters: {'C': 0.0024795319660646208, 'penalty': 'l2'}. Best is trial 3 with value: 0.75.
[I 2026-04-21 10:30:44,378] Trial 27 finished with value: 0.7 and parameters: {'C': 0.021458236428879972, 'penalty': 'l2'}. Best is trial 3 with value: 0.75.
[I 2026-04-21 10:30:44,408] Trial 28 finished with value: 0.65 and parameters: {'C': 0.11189838388122464, 'penalty': 'l2'}. Best is trial 3 with value: 0.75.
[I 2026-04-21 10:30:44,437] Trial 29 finished with value: 0.7 and parameters: {'C': 45.75034886101285, 'penalty': 'l2'}. Best is trial 3 with value: 0.75.
[I 2026-04-21 10:30:44,497] A new study created in memory with name: knn
[I 2026-04-21 10:30:44,519] Trial 0 finished with value: 0.65 and parameters: {'n_neighbors': 10, 'leaf_size': 26, 'p': 1}. Best is trial 0 with value: 0.65.
[I 2026-04-21 10:30:44,533] Trial 1 finished with value: 0.65 and parameters: {'n_neighbors': 3, 'leaf_size': 32, 'p': 1}. Best is trial 0 with value: 0.65.
[I 2026-04-21 10:30:44,546] Trial 2 finished with value: 0.7 and parameters: {'n_neighbors': 5, 'leaf_size': 33, 'p': 2}. Best is trial 2 with value: 0.7.
[I 2026-04-21 10:30:44,559] Trial 3 finished with value: 0.7 and parameters: {'n_neighbors': 7, 'leaf_size': 32, 'p': 2}. Best is trial 2 with value: 0.7.
[I 2026-04-21 10:30:44,572] Trial 4 finished with value: 0.6 and parameters: {'n_neighbors': 9, 'leaf_size': 28, 'p': 1}. Best is trial 2 with value: 0.7.
[I 2026-04-21 10:30:44,589] Trial 5 finished with value: 0.65 and parameters: {'n_neighbors': 3, 'leaf_size': 35, 'p': 1}. Best is trial 2 with value: 0.7.
[I 2026-04-21 10:30:44,602] Trial 6 finished with value: 0.7 and parameters: {'n_neighbors': 8, 'leaf_size': 31, 'p': 2}. Best is trial 2 with value: 0.7.
[I 2026-04-21 10:30:44,617] Trial 7 finished with value: 0.75 and parameters: {'n_neighbors': 6, 'leaf_size': 24, 'p': 2}. Best is trial 7 with value: 0.75.
[I 2026-04-21 10:30:44,631] Trial 8 finished with value: 0.7 and parameters: {'n_neighbors': 5, 'leaf_size': 34, 'p': 2}. Best is trial 7 with value: 0.75.
[I 2026-04-21 10:30:44,646] Trial 9 finished with value: 0.65 and parameters: {'n_neighbors': 10, 'leaf_size': 27, 'p': 2}. Best is trial 7 with value: 0.75.
[I 2026-04-21 10:30:44,668] Trial 10 finished with value: 0.7 and parameters: {'n_neighbors': 5, 'leaf_size': 20, 'p': 2}. Best is trial 7 with value: 0.75.
[I 2026-04-21 10:30:44,693] Trial 11 finished with value: 0.7 and parameters: {'n_neighbors': 5, 'leaf_size': 39, 'p': 2}. Best is trial 7 with value: 0.75.
[I 2026-04-21 10:30:44,716] Trial 12 finished with value: 0.75 and parameters: {'n_neighbors': 6, 'leaf_size': 22, 'p': 2}. Best is trial 7 with value: 0.75.
[I 2026-04-21 10:30:44,739] Trial 13 finished with value: 0.7 and parameters: {'n_neighbors': 7, 'leaf_size': 22, 'p': 2}. Best is trial 7 with value: 0.75.
[I 2026-04-21 10:30:44,766] Trial 14 finished with value: 0.75 and parameters: {'n_neighbors': 6, 'leaf_size': 24, 'p': 2}. Best is trial 7 with value: 0.75.
[I 2026-04-21 10:30:44,789] Trial 15 finished with value: 0.75 and parameters: {'n_neighbors': 6, 'leaf_size': 20, 'p': 2}. Best is trial 7 with value: 0.75.
[I 2026-04-21 10:30:44,815] Trial 16 finished with value: 0.7 and parameters: {'n_neighbors': 8, 'leaf_size': 23, 'p': 2}. Best is trial 7 with value: 0.75.
[I 2026-04-21 10:30:44,837] Trial 17 finished with value: 0.7 and parameters: {'n_neighbors': 4, 'leaf_size': 25, 'p': 2}. Best is trial 7 with value: 0.75.
[I 2026-04-21 10:30:44,861] Trial 18 finished with value: 0.7 and parameters: {'n_neighbors': 8, 'leaf_size': 28, 'p': 1}. Best is trial 7 with value: 0.75.
[I 2026-04-21 10:30:44,883] Trial 19 finished with value: 0.75 and parameters: {'n_neighbors': 6, 'leaf_size': 22, 'p': 2}. Best is trial 7 with value: 0.75.
[I 2026-04-21 10:30:44,904] Trial 20 finished with value: 0.7 and parameters: {'n_neighbors': 4, 'leaf_size': 29, 'p': 2}. Best is trial 7 with value: 0.75.
[I 2026-04-21 10:30:44,927] Trial 21 finished with value: 0.75 and parameters: {'n_neighbors': 6, 'leaf_size': 24, 'p': 2}. Best is trial 7 with value: 0.75.
[I 2026-04-21 10:30:44,953] Trial 22 finished with value: 0.7 and parameters: {'n_neighbors': 7, 'leaf_size': 25, 'p': 2}. Best is trial 7 with value: 0.75.
[I 2026-04-21 10:30:44,977] Trial 23 finished with value: 0.75 and parameters: {'n_neighbors': 6, 'leaf_size': 22, 'p': 2}. Best is trial 7 with value: 0.75.
[I 2026-04-21 10:30:45,004] Trial 24 finished with value: 0.7 and parameters: {'n_neighbors': 4, 'leaf_size': 20, 'p': 2}. Best is trial 7 with value: 0.75.
[I 2026-04-21 10:30:45,027] Trial 25 finished with value: 0.7 and parameters: {'n_neighbors': 7, 'leaf_size': 24, 'p': 2}. Best is trial 7 with value: 0.75.
[I 2026-04-21 10:30:45,050] Trial 26 finished with value: 0.8 and parameters: {'n_neighbors': 6, 'leaf_size': 26, 'p': 1}. Best is trial 26 with value: 0.8.
[I 2026-04-21 10:30:45,084] Trial 27 finished with value: 0.75 and parameters: {'n_neighbors': 5, 'leaf_size': 26, 'p': 1}. Best is trial 26 with value: 0.8.
[I 2026-04-21 10:30:45,112] Trial 28 finished with value: 0.7 and parameters: {'n_neighbors': 8, 'leaf_size': 30, 'p': 1}. Best is trial 26 with value: 0.8.
[I 2026-04-21 10:30:45,138] Trial 29 finished with value: 0.6 and parameters: {'n_neighbors': 9, 'leaf_size': 26, 'p': 1}. Best is trial 26 with value: 0.8.
[I 2026-04-21 10:30:45,179] A new study created in memory with name: xgb
[I 2026-04-21 10:30:45,205] Trial 0 finished with value: 0.75 and parameters: {'n_estimators': 10, 'max_depth': 30, 'gamma': 0.5768356259735394, 'subsample': 0.7094037142783272, 'colsample_bytree': 0.6677039246366646}. Best is trial 0 with value: 0.75.
[I 2026-04-21 10:30:45,243] Trial 1 finished with value: 0.85 and parameters: {'n_estimators': 100, 'max_depth': 30, 'gamma': 0.9912018442360747, 'subsample': 0.9099290984609207, 'colsample_bytree': 0.7066004674080903}. Best is trial 1 with value: 0.85.
[I 2026-04-21 10:30:45,272] Trial 2 finished with value: 0.85 and parameters: {'n_estimators': 10, 'max_depth': 20, 'gamma': 0.7382185757030506, 'subsample': 0.7704684271512641, 'colsample_bytree': 0.5624120871903049}. Best is trial 1 with value: 0.85.
[I 2026-04-21 10:30:45,302] Trial 3 finished with value: 0.8 and parameters: {'n_estimators': 10, 'max_depth': 20, 'gamma': 0.7041784887453524, 'subsample': 0.7995029565695583, 'colsample_bytree': 0.8586660727777565}. Best is trial 1 with value: 0.85.
[I 2026-04-21 10:30:45,330] Trial 4 finished with value: 0.85 and parameters: {'n_estimators': 10, 'max_depth': 20, 'gamma': 0.46549701645255037, 'subsample': 0.9946899241400011, 'colsample_bytree': 0.725249640372583}. Best is trial 1 with value: 0.85.
[I 2026-04-21 10:30:45,356] Trial 5 finished with value: 0.75 and parameters: {'n_estimators': 40, 'max_depth': 20, 'gamma': 0.3554734452019276, 'subsample': 0.5947710951851903, 'colsample_bytree': 0.7356254823676576}. Best is trial 1 with value: 0.85.
[I 2026-04-21 10:30:45,385] Trial 6 finished with value: 0.85 and parameters: {'n_estimators': 40, 'max_depth': 20, 'gamma': 0.8967376717636345, 'subsample': 0.988276510203839, 'colsample_bytree': 0.9184542964535913}. Best is trial 1 with value: 0.85.
[I 2026-04-21 10:30:45,410] Trial 7 finished with value: 0.8 and parameters: {'n_estimators': 40, 'max_depth': 30, 'gamma': 0.7149068474388774, 'subsample': 0.5696358027454862, 'colsample_bytree': 0.8514125286992056}. Best is trial 1 with value: 0.85.
[I 2026-04-21 10:30:45,447] Trial 8 finished with value: 0.85 and parameters: {'n_estimators': 100, 'max_depth': 30, 'gamma': 0.2471398756881566, 'subsample': 0.8241126205332553, 'colsample_bytree': 0.6258070715852391}. Best is trial 1 with value: 0.85.
[I 2026-04-21 10:30:45,484] Trial 9 finished with value: 0.8 and parameters: {'n_estimators': 40, 'max_depth': 30, 'gamma': 0.8599846034069103, 'subsample': 0.8019332783535529, 'colsample_bytree': 0.7936068454878676}. Best is trial 1 with value: 0.85.
[I 2026-04-21 10:30:45,532] Trial 10 finished with value: 0.65 and parameters: {'n_estimators': 100, 'max_depth': 5, 'gamma': 0.985518481083803, 'subsample': 0.8995678910481815, 'colsample_bytree': 0.5289314784806454}. Best is trial 1 with value: 0.85.
[I 2026-04-21 10:30:45,582] Trial 11 finished with value: 0.75 and parameters: {'n_estimators': 100, 'max_depth': 5, 'gamma': 0.776564892896443, 'subsample': 0.6968689050111856, 'colsample_bytree': 0.5330455893907917}. Best is trial 1 with value: 0.85.
[I 2026-04-21 10:30:45,630] Trial 12 finished with value: 0.8 and parameters: {'n_estimators': 100, 'max_depth': 30, 'gamma': 0.6108590947025372, 'subsample': 0.9114785800665721, 'colsample_bytree': 0.6339534905975921}. Best is trial 1 with value: 0.85.
[I 2026-04-21 10:30:45,668] Trial 13 finished with value: 0.75 and parameters: {'n_estimators': 10, 'max_depth': 20, 'gamma': 0.9645889990030114, 'subsample': 0.8858620643150892, 'colsample_bytree': 0.5478572754865304}. Best is trial 1 with value: 0.85.
[I 2026-04-21 10:30:45,717] Trial 14 finished with value: 0.7 and parameters: {'n_estimators': 100, 'max_depth': 5, 'gamma': 0.822787199014719, 'subsample': 0.6421390529591685, 'colsample_bytree': 0.975148134915625}. Best is trial 1 with value: 0.85.
[I 2026-04-21 10:30:45,755] Trial 15 finished with value: 0.85 and parameters: {'n_estimators': 10, 'max_depth': 30, 'gamma': 0.16058364192310753, 'subsample': 0.7424793132380906, 'colsample_bytree': 0.6087251377940324}. Best is trial 1 with value: 0.85.
[I 2026-04-21 10:30:45,794] Trial 16 finished with value: 0.65 and parameters: {'n_estimators': 10, 'max_depth': 20, 'gamma': 0.4319260138010025, 'subsample': 0.5207197919620343, 'colsample_bytree': 0.7000501684991944}. Best is trial 1 with value: 0.85.
[I 2026-04-21 10:30:45,843] Trial 17 finished with value: 0.8 and parameters: {'n_estimators': 100, 'max_depth': 30, 'gamma': 0.6733645390286653, 'subsample': 0.8376063304452466, 'colsample_bytree': 0.7886671781183852}. Best is trial 1 with value: 0.85.
[I 2026-04-21 10:30:45,882] Trial 18 finished with value: 0.75 and parameters: {'n_estimators': 100, 'max_depth': 20, 'gamma': 0.9284506012152695, 'subsample': 0.9471062550909847, 'colsample_bytree': 0.5717374502844284}. Best is trial 1 with value: 0.85.
[I 2026-04-21 10:30:45,922] Trial 19 finished with value: 0.8 and parameters: {'n_estimators': 10, 'max_depth': 5, 'gamma': 0.7674248743035667, 'subsample': 0.7599332246498621, 'colsample_bytree': 0.6743780789749614}. Best is trial 1 with value: 0.85.
[I 2026-04-21 10:30:45,972] Trial 20 finished with value: 0.8 and parameters: {'n_estimators': 100, 'max_depth': 20, 'gamma': 0.4950377062341763, 'subsample': 0.8596639383288103, 'colsample_bytree': 0.7986956266606628}. Best is trial 1 with value: 0.85.
[I 2026-04-21 10:30:46,012] Trial 21 finished with value: 0.8 and parameters: {'n_estimators': 10, 'max_depth': 20, 'gamma': 0.36056328870398724, 'subsample': 0.9949725732085417, 'colsample_bytree': 0.7312743656643602}. Best is trial 1 with value: 0.85.
[I 2026-04-21 10:30:46,053] Trial 22 finished with value: 0.7 and parameters: {'n_estimators': 10, 'max_depth': 20, 'gamma': 0.5116035986306421, 'subsample': 0.9445915273882318, 'colsample_bytree': 0.5026371968283888}. Best is trial 1 with value: 0.85.
[I 2026-04-21 10:30:46,092] Trial 23 finished with value: 0.75 and parameters: {'n_estimators': 10, 'max_depth': 20, 'gamma': 0.6494957459485438, 'subsample': 0.9424979222170546, 'colsample_bytree': 0.5796068767847941}. Best is trial 1 with value: 0.85.
[I 2026-04-21 10:30:46,131] Trial 24 finished with value: 0.85 and parameters: {'n_estimators': 10, 'max_depth': 20, 'gamma': 0.42344966662257777, 'subsample': 0.9732507054309947, 'colsample_bytree': 0.6928937404085175}. Best is trial 1 with value: 0.85.
[I 2026-04-21 10:30:46,168] Trial 25 finished with value: 0.75 and parameters: {'n_estimators': 10, 'max_depth': 30, 'gamma': 0.3109756922052542, 'subsample': 0.8741016336029109, 'colsample_bytree': 0.8385635280266537}. Best is trial 1 with value: 0.85.
[I 2026-04-21 10:30:46,209] Trial 26 finished with value: 0.8 and parameters: {'n_estimators': 10, 'max_depth': 20, 'gamma': 0.5517453239500726, 'subsample': 0.9217541740074445, 'colsample_bytree': 0.7451193808536317}. Best is trial 1 with value: 0.85.
[I 2026-04-21 10:30:46,248] Trial 27 finished with value: 0.8 and parameters: {'n_estimators': 10, 'max_depth': 20, 'gamma': 0.8194195423944889, 'subsample': 0.6654740529528519, 'colsample_bytree': 0.6497185722667546}. Best is trial 1 with value: 0.85.
[I 2026-04-21 10:30:46,290] Trial 28 finished with value: 0.85 and parameters: {'n_estimators': 40, 'max_depth': 5, 'gamma': 0.1041218212728065, 'subsample': 0.7683849960529767, 'colsample_bytree': 0.5959503467387758}. Best is trial 1 with value: 0.85.
[I 2026-04-21 10:30:46,340] Trial 29 finished with value: 0.75 and parameters: {'n_estimators': 100, 'max_depth': 30, 'gamma': 0.5650678118143855, 'subsample': 0.7198154761090511, 'colsample_bytree': 0.7001374151216279}. Best is trial 1 with value: 0.85.
[I 2026-04-21 10:30:46,450] A new study created in memory with name: rf
[I 2026-04-21 10:30:47,088] Trial 0 finished with value: 0.75 and parameters: {'n_estimators': 458, 'max_depth': 8, 'min_samples_split': 9, 'min_samples_leaf': 1}. Best is trial 0 with value: 0.75.
[I 2026-04-21 10:30:47,277] Trial 1 finished with value: 0.85 and parameters: {'n_estimators': 143, 'max_depth': 13, 'min_samples_split': 6, 'min_samples_leaf': 5}. Best is trial 1 with value: 0.85.
[I 2026-04-21 10:30:47,556] Trial 2 finished with value: 0.5 and parameters: {'n_estimators': 234, 'max_depth': 14, 'min_samples_split': 5, 'min_samples_leaf': 8}. Best is trial 1 with value: 0.85.
[I 2026-04-21 10:30:48,035] Trial 3 finished with value: 0.5 and parameters: {'n_estimators': 307, 'max_depth': 13, 'min_samples_split': 7, 'min_samples_leaf': 10}. Best is trial 1 with value: 0.85.
[I 2026-04-21 10:30:48,646] Trial 4 finished with value: 0.5 and parameters: {'n_estimators': 428, 'max_depth': 10, 'min_samples_split': 9, 'min_samples_leaf': 9}. Best is trial 1 with value: 0.85.
[I 2026-04-21 10:30:48,831] Trial 5 finished with value: 0.5 and parameters: {'n_estimators': 121, 'max_depth': 15, 'min_samples_split': 9, 'min_samples_leaf': 8}. Best is trial 1 with value: 0.85.
[I 2026-04-21 10:30:49,260] Trial 6 finished with value: 0.5 and parameters: {'n_estimators': 384, 'max_depth': 12, 'min_samples_split': 3, 'min_samples_leaf': 10}. Best is trial 1 with value: 0.85.
[I 2026-04-21 10:30:49,572] Trial 7 finished with value: 0.5 and parameters: {'n_estimators': 261, 'max_depth': 6, 'min_samples_split': 8, 'min_samples_leaf': 10}. Best is trial 1 with value: 0.85.
[I 2026-04-21 10:30:49,952] Trial 8 finished with value: 0.5 and parameters: {'n_estimators': 202, 'max_depth': 15, 'min_samples_split': 7, 'min_samples_leaf': 8}. Best is trial 1 with value: 0.85.
[I 2026-04-21 10:30:50,485] Trial 9 finished with value: 0.8 and parameters: {'n_estimators': 475, 'max_depth': 9, 'min_samples_split': 4, 'min_samples_leaf': 5}. Best is trial 1 with value: 0.85.
[I 2026-04-21 10:30:50,700] Trial 10 finished with value: 0.8 and parameters: {'n_estimators': 135, 'max_depth': 20, 'min_samples_split': 2, 'min_samples_leaf': 4}. Best is trial 1 with value: 0.85.
[I 2026-04-21 10:30:51,132] Trial 11 finished with value: 0.8 and parameters: {'n_estimators': 343, 'max_depth': 4, 'min_samples_split': 5, 'min_samples_leaf': 5}. Best is trial 1 with value: 0.85.
[I 2026-04-21 10:30:51,647] Trial 12 finished with value: 0.7 and parameters: {'n_estimators': 489, 'max_depth': 18, 'min_samples_split': 4, 'min_samples_leaf': 3}. Best is trial 1 with value: 0.85.
[I 2026-04-21 10:30:51,896] Trial 13 finished with value: 0.75 and parameters: {'n_estimators': 201, 'max_depth': 9, 'min_samples_split': 6, 'min_samples_leaf': 6}. Best is trial 1 with value: 0.85.
