[I 2026-04-21 10:26:19,475] Trial 27 finished with value: 0.5 and parameters: {'n_estimators': 297, 'max_depth': 11, 'min_samples_split': 6, 'min_samples_leaf': 7}. Best is trial 26 with value: 0.55.
[I 2026-04-21 10:26:19,762] Trial 28 finished with value: 0.4 and parameters: {'n_estimators': 198, 'max_depth': 13, 'min_samples_split': 7, 'min_samples_leaf': 5}. Best is trial 26 with value: 0.55.
[I 2026-04-21 10:26:20,137] Trial 29 finished with value: 0.5 and parameters: {'n_estimators': 287, 'max_depth': 15, 'min_samples_split': 8, 'min_samples_leaf': 7}. Best is trial 26 with value: 0.55.
[I 2026-04-21 10:26:21,168] A new study created in memory with name: mlp
[I 2026-04-21 10:26:21,232] Trial 0 finished with value: 0.2 and parameters: {'hidden_layer_sizes': (200,), 'max_iter': 50, 'alpha': 0.001}. Best is trial 0 with value: 0.2.
[I 2026-04-21 10:26:21,309] Trial 1 finished with value: 0.2 and parameters: {'hidden_layer_sizes': (100,), 'max_iter': 100, 'alpha': 0.0001}. Best is trial 0 with value: 0.2.
[I 2026-04-21 10:26:21,375] Trial 2 finished with value: 0.2 and parameters: {'hidden_layer_sizes': (100,), 'max_iter': 100, 'alpha': 0.001}. Best is trial 0 with value: 0.2.
[I 2026-04-21 10:26:21,431] Trial 3 finished with value: 0.2 and parameters: {'hidden_layer_sizes': (200,), 'max_iter': 50, 'alpha': 0.001}. Best is trial 0 with value: 0.2.
[I 2026-04-21 10:26:21,517] Trial 4 finished with value: 0.2 and parameters: {'hidden_layer_sizes': (100,), 'max_iter': 100, 'alpha': 0.0001}. Best is trial 0 with value: 0.2.
[I 2026-04-21 10:26:21,594] Trial 5 finished with value: 0.2 and parameters: {'hidden_layer_sizes': (100,), 'max_iter': 100, 'alpha': 0.001}. Best is trial 0 with value: 0.2.
[I 2026-04-21 10:26:21,681] Trial 6 finished with value: 0.2 and parameters: {'hidden_layer_sizes': (200,), 'max_iter': 100, 'alpha': 0.001}. Best is trial 0 with value: 0.2.
[I 2026-04-21 10:26:21,768] Trial 7 finished with value: 0.2 and parameters: {'hidden_layer_sizes': (200,), 'max_iter': 100, 'alpha': 0.001}. Best is trial 0 with value: 0.2.
[I 2026-04-21 10:26:21,832] Trial 8 finished with value: 0.2 and parameters: {'hidden_layer_sizes': (100,), 'max_iter': 100, 'alpha': 0.001}. Best is trial 0 with value: 0.2.
[I 2026-04-21 10:26:21,882] Trial 9 finished with value: 0.2 and parameters: {'hidden_layer_sizes': (100,), 'max_iter': 50, 'alpha': 0.001}. Best is trial 0 with value: 0.2.
[I 2026-04-21 10:26:21,951] Trial 10 finished with value: 0.2 and parameters: {'hidden_layer_sizes': (100, 100), 'max_iter': 50, 'alpha': 0.0001}. Best is trial 0 with value: 0.2.
[I 2026-04-21 10:26:22,011] Trial 11 finished with value: 0.2 and parameters: {'hidden_layer_sizes': (100, 100), 'max_iter': 50, 'alpha': 0.0001}. Best is trial 0 with value: 0.2.
[I 2026-04-21 10:26:22,059] Trial 12 finished with value: 0.2 and parameters: {'hidden_layer_sizes': (200,), 'max_iter': 50, 'alpha': 0.0001}. Best is trial 0 with value: 0.2.
[I 2026-04-21 10:26:22,120] Trial 13 finished with value: 0.2 and parameters: {'hidden_layer_sizes': (200,), 'max_iter': 50, 'alpha': 0.0001}. Best is trial 0 with value: 0.2.
[I 2026-04-21 10:26:22,196] Trial 14 finished with value: 0.2 and parameters: {'hidden_layer_sizes': (100, 100), 'max_iter': 100, 'alpha': 0.0001}. Best is trial 0 with value: 0.2.
[I 2026-04-21 10:26:22,241] Trial 15 finished with value: 0.2 and parameters: {'hidden_layer_sizes': (100,), 'max_iter': 50, 'alpha': 0.0001}. Best is trial 0 with value: 0.2.
[I 2026-04-21 10:26:22,325] Trial 16 finished with value: 0.2 and parameters: {'hidden_layer_sizes': (200,), 'max_iter': 100, 'alpha': 0.001}. Best is trial 0 with value: 0.2.
[I 2026-04-21 10:26:22,380] Trial 17 finished with value: 0.2 and parameters: {'hidden_layer_sizes': (200,), 'max_iter': 50, 'alpha': 0.0001}. Best is trial 0 with value: 0.2.
[I 2026-04-21 10:26:22,447] Trial 18 finished with value: 0.2 and parameters: {'hidden_layer_sizes': (100,), 'max_iter': 100, 'alpha': 0.001}. Best is trial 0 with value: 0.2.
[I 2026-04-21 10:26:22,507] Trial 19 finished with value: 0.2 and parameters: {'hidden_layer_sizes': (100, 100), 'max_iter': 50, 'alpha': 0.0001}. Best is trial 0 with value: 0.2.
[I 2026-04-21 10:26:22,594] Trial 20 finished with value: 0.2 and parameters: {'hidden_layer_sizes': (200,), 'max_iter': 100, 'alpha': 0.0001}. Best is trial 0 with value: 0.2.
[I 2026-04-21 10:26:22,650] Trial 21 finished with value: 0.2 and parameters: {'hidden_layer_sizes': (100,), 'max_iter': 100, 'alpha': 0.001}. Best is trial 0 with value: 0.2.
[I 2026-04-21 10:26:22,725] Trial 22 finished with value: 0.2 and parameters: {'hidden_layer_sizes': (100,), 'max_iter': 100, 'alpha': 0.001}. Best is trial 0 with value: 0.2.
[I 2026-04-21 10:26:22,801] Trial 23 finished with value: 0.2 and parameters: {'hidden_layer_sizes': (100,), 'max_iter': 100, 'alpha': 0.001}. Best is trial 0 with value: 0.2.
[I 2026-04-21 10:26:22,891] Trial 24 finished with value: 0.15 and parameters: {'hidden_layer_sizes': (100,), 'max_iter': 100, 'alpha': 0.001}. Best is trial 0 with value: 0.2.
[I 2026-04-21 10:26:22,949] Trial 25 finished with value: 0.2 and parameters: {'hidden_layer_sizes': (100,), 'max_iter': 100, 'alpha': 0.001}. Best is trial 0 with value: 0.2.
[I 2026-04-21 10:26:22,998] Trial 26 finished with value: 0.2 and parameters: {'hidden_layer_sizes': (100,), 'max_iter': 50, 'alpha': 0.001}. Best is trial 0 with value: 0.2.
[I 2026-04-21 10:26:23,077] Trial 27 finished with value: 0.2 and parameters: {'hidden_layer_sizes': (100,), 'max_iter': 100, 'alpha': 0.001}. Best is trial 0 with value: 0.2.
[I 2026-04-21 10:26:23,125] Trial 28 finished with value: 0.2 and parameters: {'hidden_layer_sizes': (100, 100), 'max_iter': 50, 'alpha': 0.0001}. Best is trial 0 with value: 0.2.
[I 2026-04-21 10:26:23,182] Trial 29 finished with value: 0.2 and parameters: {'hidden_layer_sizes': (200,), 'max_iter': 50, 'alpha': 0.001}. Best is trial 0 with value: 0.2.
[I 2026-04-21 10:26:23,336] A new study created in memory with name: svc
[I 2026-04-21 10:26:23,350] Trial 0 finished with value: 0.0 and parameters: {'C': 0.07726319876517104, 'gamma': 0.3040389504793042}. Best is trial 0 with value: 0.0.
[I 2026-04-21 10:26:23,362] Trial 1 finished with value: 0.05 and parameters: {'C': 0.06712381339142241, 'gamma': 0.47254549996710477}. Best is trial 1 with value: 0.05.
[I 2026-04-21 10:26:23,375] Trial 2 finished with value: 0.25 and parameters: {'C': 0.8987621100554035, 'gamma': 0.027988231123708972}. Best is trial 2 with value: 0.25.
[I 2026-04-21 10:26:23,388] Trial 3 finished with value: 0.1 and parameters: {'C': 11.5779435007655, 'gamma': 0.011848734045499056}. Best is trial 2 with value: 0.25.
[I 2026-04-21 10:26:23,401] Trial 4 finished with value: 0.4 and parameters: {'C': 0.1538870258903583, 'gamma': 0.0005634883151169033}. Best is trial 4 with value: 0.4.
[I 2026-04-21 10:26:23,413] Trial 5 finished with value: 0.0 and parameters: {'C': 0.021036092656561454, 'gamma': 0.08990030906808326}. Best is trial 4 with value: 0.4.
[I 2026-04-21 10:26:23,426] Trial 6 finished with value: 0.4 and parameters: {'C': 0.5824208201678516, 'gamma': 0.00042977333932534993}. Best is trial 4 with value: 0.4.
[I 2026-04-21 10:26:23,451] Trial 7 finished with value: 0.2 and parameters: {'C': 33.09391330085814, 'gamma': 0.001248377256719358}. Best is trial 4 with value: 0.4.
[I 2026-04-21 10:26:23,465] Trial 8 finished with value: 0.35 and parameters: {'C': 0.45387898639622015, 'gamma': 0.0015286910781809498}. Best is trial 4 with value: 0.4.
[I 2026-04-21 10:26:23,478] Trial 9 finished with value: 0.15 and parameters: {'C': 3.274550070431994, 'gamma': 0.02086177421469992}. Best is trial 4 with value: 0.4.
[I 2026-04-21 10:26:23,500] Trial 10 finished with value: 0.45 and parameters: {'C': 0.01015031429029542, 'gamma': 0.00010813284331811526}. Best is trial 10 with value: 0.45.
[I 2026-04-21 10:26:23,522] Trial 11 finished with value: 0.45 and parameters: {'C': 0.012423556702801345, 'gamma': 0.00015002301591608206}. Best is trial 10 with value: 0.45.
[I 2026-04-21 10:26:23,543] Trial 12 finished with value: 0.45 and parameters: {'C': 0.010021085351666738, 'gamma': 0.00018532269440152624}. Best is trial 10 with value: 0.45.
[I 2026-04-21 10:26:23,563] Trial 13 finished with value: 0.45 and parameters: {'C': 0.02775436928730861, 'gamma': 0.00014464039961368093}. Best is trial 10 with value: 0.45.
[I 2026-04-21 10:26:23,586] Trial 14 finished with value: 0.3 and parameters: {'C': 0.01065686570781519, 'gamma': 0.003186967478406197}. Best is trial 10 with value: 0.45.
[I 2026-04-21 10:26:23,606] Trial 15 finished with value: 0.45 and parameters: {'C': 0.14611975098134286, 'gamma': 0.0001009282324759116}. Best is trial 10 with value: 0.45.
[I 2026-04-21 10:26:23,626] Trial 16 finished with value: 0.3 and parameters: {'C': 3.061397902021056, 'gamma': 0.0042040774479193115}. Best is trial 10 with value: 0.45.
[I 2026-04-21 10:26:23,648] Trial 17 finished with value: 0.4 and parameters: {'C': 0.03411054297550388, 'gamma': 0.00047296759403983016}. Best is trial 10 with value: 0.45.
[I 2026-04-21 10:26:23,672] Trial 18 finished with value: 0.45 and parameters: {'C': 0.2317882364169278, 'gamma': 0.0003030689915795407}. Best is trial 10 with value: 0.45.
[I 2026-04-21 10:26:23,693] Trial 19 finished with value: 0.25 and parameters: {'C': 78.35065816224729, 'gamma': 0.001852238795714308}. Best is trial 10 with value: 0.45.
[I 2026-04-21 10:26:23,717] Trial 20 finished with value: 0.4 and parameters: {'C': 2.9220311223505036, 'gamma': 0.0007140873791557612}. Best is trial 10 with value: 0.45.
[I 2026-04-21 10:26:23,742] Trial 21 finished with value: 0.45 and parameters: {'C': 0.010650310725254294, 'gamma': 0.00017981751977255912}. Best is trial 10 with value: 0.45.
[I 2026-04-21 10:26:23,762] Trial 22 finished with value: 0.45 and parameters: {'C': 0.049020721102624766, 'gamma': 0.00024867013930554886}. Best is trial 10 with value: 0.45.
[I 2026-04-21 10:26:23,783] Trial 23 finished with value: 0.45 and parameters: {'C': 0.010298580382273556, 'gamma': 0.00012557276334458718}. Best is trial 10 with value: 0.45.
[I 2026-04-21 10:26:23,807] Trial 24 finished with value: 0.45 and parameters: {'C': 0.024380749457604798, 'gamma': 0.00010543149391029655}. Best is trial 10 with value: 0.45.
[I 2026-04-21 10:26:23,827] Trial 25 finished with value: 0.4 and parameters: {'C': 0.01721701128157504, 'gamma': 0.0007684419252251294}. Best is trial 10 with value: 0.45.
[I 2026-04-21 10:26:23,851] Trial 26 finished with value: 0.45 and parameters: {'C': 0.08318957463987786, 'gamma': 0.000316201615415791}. Best is trial 10 with value: 0.45.
[I 2026-04-21 10:26:23,871] Trial 27 finished with value: 0.3 and parameters: {'C': 0.04398118861300725, 'gamma': 0.003628388080680474}. Best is trial 10 with value: 0.45.
[I 2026-04-21 10:26:23,891] Trial 28 finished with value: 0.0 and parameters: {'C': 0.016960645551334422, 'gamma': 0.07137551394367328}. Best is trial 10 with value: 0.45.
[I 2026-04-21 10:26:23,913] Trial 29 finished with value: 0.45 and parameters: {'C': 0.07261363573248379, 'gamma': 0.00024219862159046354}. Best is trial 10 with value: 0.45.
[I 2026-04-21 10:26:24,325] A new study created in memory with name: naive_bayes
[I 2026-04-21 10:26:24,338] Trial 0 finished with value: 0.5 and parameters: {'var_smoothing': 2.7796258518939306e-10}. Best is trial 0 with value: 0.5.
[I 2026-04-21 10:26:24,360] Trial 1 finished with value: 0.5 and parameters: {'var_smoothing': 5.513972710118387e-09}. Best is trial 0 with value: 0.5.
[I 2026-04-21 10:26:24,374] Trial 2 finished with value: 0.5 and parameters: {'var_smoothing': 2.590826381512706e-10}. Best is trial 0 with value: 0.5.
[I 2026-04-21 10:26:24,386] Trial 3 finished with value: 0.5 and parameters: {'var_smoothing': 6.874194498027403e-09}. Best is trial 0 with value: 0.5.
[I 2026-04-21 10:26:24,400] Trial 4 finished with value: 0.5 and parameters: {'var_smoothing': 9.480306482679771e-10}. Best is trial 0 with value: 0.5.
[I 2026-04-21 10:26:24,413] Trial 5 finished with value: 0.5 and parameters: {'var_smoothing': 1.6729683536668864e-09}. Best is trial 0 with value: 0.5.
[I 2026-04-21 10:26:24,425] Trial 6 finished with value: 0.5 and parameters: {'var_smoothing': 3.402637726935598e-09}. Best is trial 0 with value: 0.5.
[I 2026-04-21 10:26:24,438] Trial 7 finished with value: 0.5 and parameters: {'var_smoothing': 1.0885189040847657e-09}. Best is trial 0 with value: 0.5.
[I 2026-04-21 10:26:24,450] Trial 8 finished with value: 0.5 and parameters: {'var_smoothing': 3.922843686541149e-10}. Best is trial 0 with value: 0.5.
[I 2026-04-21 10:26:24,464] Trial 9 finished with value: 0.5 and parameters: {'var_smoothing': 2.3737908819373785e-10}. Best is trial 0 with value: 0.5.
[I 2026-04-21 10:26:24,483] Trial 10 finished with value: 0.5 and parameters: {'var_smoothing': 1.005826617097841e-10}. Best is trial 0 with value: 0.5.
[I 2026-04-21 10:26:24,500] Trial 11 finished with value: 0.5 and parameters: {'var_smoothing': 8.246040091550826e-09}. Best is trial 0 with value: 0.5.
[I 2026-04-21 10:26:24,516] Trial 12 finished with value: 0.5 and parameters: {'var_smoothing': 5.714429769091136e-10}. Best is trial 0 with value: 0.5.
[I 2026-04-21 10:26:24,532] Trial 13 finished with value: 0.5 and parameters: {'var_smoothing': 3.0046394488828834e-09}. Best is trial 0 with value: 0.5.
[I 2026-04-21 10:26:24,549] Trial 14 finished with value: 0.5 and parameters: {'var_smoothing': 1.0161521526134228e-10}. Best is trial 0 with value: 0.5.
[I 2026-04-21 10:26:24,568] Trial 15 finished with value: 0.5 and parameters: {'var_smoothing': 3.455011319435438e-09}. Best is trial 0 with value: 0.5.
[I 2026-04-21 10:26:24,587] Trial 16 finished with value: 0.5 and parameters: {'var_smoothing': 2.2038800241203009e-10}. Best is trial 0 with value: 0.5.
[I 2026-04-21 10:26:24,605] Trial 17 finished with value: 0.5 and parameters: {'var_smoothing': 1.8515987176145925e-09}. Best is trial 0 with value: 0.5.
[I 2026-04-21 10:26:24,625] Trial 18 finished with value: 0.5 and parameters: {'var_smoothing': 5.024285700153026e-10}. Best is trial 0 with value: 0.5.
[I 2026-04-21 10:26:24,641] Trial 19 finished with value: 0.5 and parameters: {'var_smoothing': 4.958025424412893e-09}. Best is trial 0 with value: 0.5.
[I 2026-04-21 10:26:24,656] Trial 20 finished with value: 0.5 and parameters: {'var_smoothing': 8.344000526157384e-10}. Best is trial 0 with value: 0.5.
[I 2026-04-21 10:26:24,672] Trial 21 finished with value: 0.5 and parameters: {'var_smoothing': 2.46080689865309e-10}. Best is trial 0 with value: 0.5.
[I 2026-04-21 10:26:24,692] Trial 22 finished with value: 0.5 and parameters: {'var_smoothing': 1.4445108350594728e-10}. Best is trial 0 with value: 0.5.
[I 2026-04-21 10:26:24,712] Trial 23 finished with value: 0.5 and parameters: {'var_smoothing': 3.3715577896606737e-10}. Best is trial 0 with value: 0.5.
[I 2026-04-21 10:26:24,731] Trial 24 finished with value: 0.5 and parameters: {'var_smoothing': 1.572466431855027e-10}. Best is trial 0 with value: 0.5.
[I 2026-04-21 10:26:24,750] Trial 25 finished with value: 0.5 and parameters: {'var_smoothing': 7.281746293576245e-10}. Best is trial 0 with value: 0.5.
[I 2026-04-21 10:26:24,767] Trial 26 finished with value: 0.5 and parameters: {'var_smoothing': 3.386254640873244e-10}. Best is trial 0 with value: 0.5.
[I 2026-04-21 10:26:24,787] Trial 27 finished with value: 0.5 and parameters: {'var_smoothing': 1.3918180959975328e-09}. Best is trial 0 with value: 0.5.
[I 2026-04-21 10:26:24,803] Trial 28 finished with value: 0.5 and parameters: {'var_smoothing': 2.3715836084533434e-09}. Best is trial 0 with value: 0.5.
[I 2026-04-21 10:26:24,819] Trial 29 finished with value: 0.5 and parameters: {'var_smoothing': 9.477075781575649e-09}. Best is trial 0 with value: 0.5.
[I 2026-04-21 10:26:25,261] A new study created in memory with name: logreg
[I 2026-04-21 10:26:25,285] Trial 0 finished with value: 0.3 and parameters: {'C': 0.012881482725481003, 'penalty': 'l2'}. Best is trial 0 with value: 0.3.
[I 2026-04-21 10:26:25,311] Trial 1 finished with value: 0.3 and parameters: {'C': 22.576755560681583, 'penalty': 'l2'}. Best is trial 0 with value: 0.3.
[I 2026-04-21 10:26:25,326] Trial 2 finished with value: 0.3 and parameters: {'C': 0.010804278656839932, 'penalty': 'l2'}. Best is trial 0 with value: 0.3.
[I 2026-04-21 10:26:25,350] Trial 3 finished with value: 0.3 and parameters: {'C': 39.17910760336117, 'penalty': 'l2'}. Best is trial 0 with value: 0.3.
[I 2026-04-21 10:26:25,374] Trial 4 finished with value: 0.3 and parameters: {'C': 0.2767298094062571, 'penalty': 'l2'}. Best is trial 0 with value: 0.3.
[I 2026-04-21 10:26:25,389] Trial 5 finished with value: 0.35 and parameters: {'C': 1.1447728330837224, 'penalty': 'l2'}. Best is trial 5 with value: 0.35.
[I 2026-04-21 10:26:25,414] Trial 6 finished with value: 0.3 and parameters: {'C': 6.753661388238877, 'penalty': 'l2'}. Best is trial 5 with value: 0.35.
[I 2026-04-21 10:26:25,438] Trial 7 finished with value: 0.3 and parameters: {'C': 0.39092184460352974, 'penalty': 'l2'}. Best is trial 5 with value: 0.35.
[I 2026-04-21 10:26:25,463] Trial 8 finished with value: 0.3 and parameters: {'C': 0.03047912590082646, 'penalty': 'l2'}. Best is trial 5 with value: 0.35.
[I 2026-04-21 10:26:25,487] Trial 9 finished with value: 0.3 and parameters: {'C': 0.008681727362499118, 'penalty': 'l2'}. Best is trial 5 with value: 0.35.
[I 2026-04-21 10:26:25,506] Trial 10 finished with value: 0.3 and parameters: {'C': 0.0010280973566261366, 'penalty': 'l2'}. Best is trial 5 with value: 0.35.
[I 2026-04-21 10:26:25,524] Trial 11 finished with value: 0.35 and parameters: {'C': 0.8166723998125255, 'penalty': 'l2'}. Best is trial 5 with value: 0.35.
[I 2026-04-21 10:26:25,549] Trial 12 finished with value: 0.35 and parameters: {'C': 0.8500710608805132, 'penalty': 'l2'}. Best is trial 5 with value: 0.35.
[I 2026-04-21 10:26:25,579] Trial 13 finished with value: 0.3 and parameters: {'C': 2.4786542045107063, 'penalty': 'l2'}. Best is trial 5 with value: 0.35.
[I 2026-04-21 10:26:25,597] Trial 14 finished with value: 0.3 and parameters: {'C': 0.08815149270361941, 'penalty': 'l2'}. Best is trial 5 with value: 0.35.
[I 2026-04-21 10:26:25,622] Trial 15 finished with value: 0.3 and parameters: {'C': 2.7407703927740763, 'penalty': 'l2'}. Best is trial 5 with value: 0.35.
[I 2026-04-21 10:26:25,651] Trial 16 finished with value: 0.3 and parameters: {'C': 10.462276797274829, 'penalty': 'l2'}. Best is trial 5 with value: 0.35.
[I 2026-04-21 10:26:25,681] Trial 17 finished with value: 0.3 and parameters: {'C': 95.84891100169526, 'penalty': 'l2'}. Best is trial 5 with value: 0.35.
[I 2026-04-21 10:26:25,710] Trial 18 finished with value: 0.35 and parameters: {'C': 0.9036855149532711, 'penalty': 'l2'}. Best is trial 5 with value: 0.35.
[I 2026-04-21 10:26:25,739] Trial 19 finished with value: 0.3 and parameters: {'C': 0.13771824609183494, 'penalty': 'l2'}. Best is trial 5 with value: 0.35.
[I 2026-04-21 10:26:25,769] Trial 20 finished with value: 0.3 and parameters: {'C': 2.536701653680683, 'penalty': 'l2'}. Best is trial 5 with value: 0.35.
[I 2026-04-21 10:26:25,795] Trial 21 finished with value: 0.35 and parameters: {'C': 0.7501213618919096, 'penalty': 'l2'}. Best is trial 5 with value: 0.35.
[I 2026-04-21 10:26:25,826] Trial 22 finished with value: 0.35 and parameters: {'C': 1.280559390729025, 'penalty': 'l2'}. Best is trial 5 with value: 0.35.
[I 2026-04-21 10:26:25,858] Trial 23 finished with value: 0.3 and parameters: {'C': 0.10023288212538625, 'penalty': 'l2'}. Best is trial 5 with value: 0.35.
[I 2026-04-21 10:26:25,886] Trial 24 finished with value: 0.3 and parameters: {'C': 0.33193021904464115, 'penalty': 'l2'}. Best is trial 5 with value: 0.35.
[I 2026-04-21 10:26:25,917] Trial 25 finished with value: 0.3 and parameters: {'C': 0.04427467552519617, 'penalty': 'l2'}. Best is trial 5 with value: 0.35.
[I 2026-04-21 10:26:25,945] Trial 26 finished with value: 0.3 and parameters: {'C': 8.174880077210403, 'penalty': 'l2'}. Best is trial 5 with value: 0.35.
[I 2026-04-21 10:26:25,961] Trial 27 finished with value: 0.35 and parameters: {'C': 1.4465034913577834, 'penalty': 'l2'}. Best is trial 5 with value: 0.35.
[I 2026-04-21 10:26:25,987] Trial 28 finished with value: 0.3 and parameters: {'C': 5.0355450036013005, 'penalty': 'l2'}. Best is trial 5 with value: 0.35.
[I 2026-04-21 10:26:26,003] Trial 29 finished with value: 0.35 and parameters: {'C': 0.5511681301396717, 'penalty': 'l2'}. Best is trial 5 with value: 0.35.
[I 2026-04-21 10:26:26,474] A new study created in memory with name: knn
[I 2026-04-21 10:26:26,487] Trial 0 finished with value: 0.4 and parameters: {'n_neighbors': 4, 'leaf_size': 38, 'p': 2}. Best is trial 0 with value: 0.4.
[I 2026-04-21 10:26:26,500] Trial 1 finished with value: 0.4 and parameters: {'n_neighbors': 6, 'leaf_size': 32, 'p': 1}. Best is trial 0 with value: 0.4.
[I 2026-04-21 10:26:26,514] Trial 2 finished with value: 0.4 and parameters: {'n_neighbors': 5, 'leaf_size': 23, 'p': 2}. Best is trial 0 with value: 0.4.
[I 2026-04-21 10:26:26,527] Trial 3 finished with value: 0.4 and parameters: {'n_neighbors': 6, 'leaf_size': 23, 'p': 1}. Best is trial 0 with value: 0.4.
[I 2026-04-21 10:26:26,541] Trial 4 finished with value: 0.4 and parameters: {'n_neighbors': 6, 'leaf_size': 26, 'p': 1}. Best is trial 0 with value: 0.4.
[I 2026-04-21 10:26:26,556] Trial 5 finished with value: 0.4 and parameters: {'n_neighbors': 7, 'leaf_size': 25, 'p': 1}. Best is trial 0 with value: 0.4.
[I 2026-04-21 10:26:26,570] Trial 6 finished with value: 0.4 and parameters: {'n_neighbors': 5, 'leaf_size': 23, 'p': 2}. Best is trial 0 with value: 0.4.
[I 2026-04-21 10:26:26,582] Trial 7 finished with value: 0.55 and parameters: {'n_neighbors': 10, 'leaf_size': 23, 'p': 2}. Best is trial 7 with value: 0.55.
