[I 2026-04-21 10:26:06,639] Trial 4 finished with value: 0.35 and parameters: {'C': 0.2767298094062571, 'penalty': 'l2'}. Best is trial 1 with value: 0.5.
[I 2026-04-21 10:26:06,668] Trial 5 finished with value: 0.4 and parameters: {'C': 1.1447728330837224, 'penalty': 'l2'}. Best is trial 1 with value: 0.5.
[I 2026-04-21 10:26:06,703] Trial 6 finished with value: 0.4 and parameters: {'C': 6.753661388238877, 'penalty': 'l2'}. Best is trial 1 with value: 0.5.
[I 2026-04-21 10:26:06,727] Trial 7 finished with value: 0.35 and parameters: {'C': 0.39092184460352974, 'penalty': 'l2'}. Best is trial 1 with value: 0.5.
[I 2026-04-21 10:26:06,741] Trial 8 finished with value: 0.4 and parameters: {'C': 0.03047912590082646, 'penalty': 'l2'}. Best is trial 1 with value: 0.5.
[I 2026-04-21 10:26:06,754] Trial 9 finished with value: 0.4 and parameters: {'C': 0.008681727362499118, 'penalty': 'l2'}. Best is trial 1 with value: 0.5.
[I 2026-04-21 10:26:06,794] Trial 10 finished with value: 0.4 and parameters: {'C': 90.29867735508974, 'penalty': 'l2'}. Best is trial 1 with value: 0.5.
[I 2026-04-21 10:26:06,822] Trial 11 finished with value: 0.4 and parameters: {'C': 65.31936101889447, 'penalty': 'l2'}. Best is trial 1 with value: 0.5.
[I 2026-04-21 10:26:06,854] Trial 12 finished with value: 0.45 and parameters: {'C': 10.276946066829701, 'penalty': 'l2'}. Best is trial 1 with value: 0.5.
[I 2026-04-21 10:26:06,883] Trial 13 finished with value: 0.45 and parameters: {'C': 11.979406337571666, 'penalty': 'l2'}. Best is trial 1 with value: 0.5.
[I 2026-04-21 10:26:06,912] Trial 14 finished with value: 0.4 and parameters: {'C': 3.103885131392604, 'penalty': 'l2'}. Best is trial 1 with value: 0.5.
[I 2026-04-21 10:26:06,941] Trial 15 finished with value: 0.5 and parameters: {'C': 27.368605040072197, 'penalty': 'l2'}. Best is trial 1 with value: 0.5.
[I 2026-04-21 10:26:06,972] Trial 16 finished with value: 0.4 and parameters: {'C': 0.10202018271215554, 'penalty': 'l2'}. Best is trial 1 with value: 0.5.
[I 2026-04-21 10:26:07,002] Trial 17 finished with value: 0.4 and parameters: {'C': 0.0021318879744765045, 'penalty': 'l2'}. Best is trial 1 with value: 0.5.
[I 2026-04-21 10:26:07,029] Trial 18 finished with value: 0.4 and parameters: {'C': 1.7641505564139959, 'penalty': 'l2'}. Best is trial 1 with value: 0.5.
[I 2026-04-21 10:26:07,065] Trial 19 finished with value: 0.45 and parameters: {'C': 22.103097136682713, 'penalty': 'l2'}. Best is trial 1 with value: 0.5.
[I 2026-04-21 10:26:07,093] Trial 20 finished with value: 0.4 and parameters: {'C': 0.7585168833707886, 'penalty': 'l2'}. Best is trial 1 with value: 0.5.
[I 2026-04-21 10:26:07,134] Trial 21 finished with value: 0.5 and parameters: {'C': 30.355952598467663, 'penalty': 'l2'}. Best is trial 1 with value: 0.5.
[I 2026-04-21 10:26:07,163] Trial 22 finished with value: 0.4 and parameters: {'C': 4.2815734398274286, 'penalty': 'l2'}. Best is trial 1 with value: 0.5.
[I 2026-04-21 10:26:07,205] Trial 23 finished with value: 0.5 and parameters: {'C': 22.743533719129573, 'penalty': 'l2'}. Best is trial 1 with value: 0.5.
[I 2026-04-21 10:26:07,235] Trial 24 finished with value: 0.5 and parameters: {'C': 29.033319895189553, 'penalty': 'l2'}. Best is trial 1 with value: 0.5.
[I 2026-04-21 10:26:07,265] Trial 25 finished with value: 0.45 and parameters: {'C': 13.104770544867788, 'penalty': 'l2'}. Best is trial 1 with value: 0.5.
[I 2026-04-21 10:26:07,306] Trial 26 finished with value: 0.4 and parameters: {'C': 76.28308169106286, 'penalty': 'l2'}. Best is trial 1 with value: 0.5.
[I 2026-04-21 10:26:07,337] Trial 27 finished with value: 0.4 and parameters: {'C': 2.5414785572471503, 'penalty': 'l2'}. Best is trial 1 with value: 0.5.
[I 2026-04-21 10:26:07,368] Trial 28 finished with value: 0.4 and parameters: {'C': 5.999104073332579, 'penalty': 'l2'}. Best is trial 1 with value: 0.5.
[I 2026-04-21 10:26:07,413] Trial 29 finished with value: 0.5 and parameters: {'C': 31.584772796679857, 'penalty': 'l2'}. Best is trial 1 with value: 0.5.
[I 2026-04-21 10:26:07,973] A new study created in memory with name: knn
[I 2026-04-21 10:26:07,986] Trial 0 finished with value: 0.45 and parameters: {'n_neighbors': 4, 'leaf_size': 38, 'p': 2}. Best is trial 0 with value: 0.45.
[I 2026-04-21 10:26:08,005] Trial 1 finished with value: 0.5 and parameters: {'n_neighbors': 6, 'leaf_size': 32, 'p': 1}. Best is trial 1 with value: 0.5.
[I 2026-04-21 10:26:08,018] Trial 2 finished with value: 0.35 and parameters: {'n_neighbors': 5, 'leaf_size': 23, 'p': 2}. Best is trial 1 with value: 0.5.
[I 2026-04-21 10:26:08,031] Trial 3 finished with value: 0.5 and parameters: {'n_neighbors': 6, 'leaf_size': 23, 'p': 1}. Best is trial 1 with value: 0.5.
[I 2026-04-21 10:26:08,045] Trial 4 finished with value: 0.5 and parameters: {'n_neighbors': 6, 'leaf_size': 26, 'p': 1}. Best is trial 1 with value: 0.5.
[I 2026-04-21 10:26:08,059] Trial 5 finished with value: 0.5 and parameters: {'n_neighbors': 7, 'leaf_size': 25, 'p': 1}. Best is trial 1 with value: 0.5.
[I 2026-04-21 10:26:08,074] Trial 6 finished with value: 0.35 and parameters: {'n_neighbors': 5, 'leaf_size': 23, 'p': 2}. Best is trial 1 with value: 0.5.
[I 2026-04-21 10:26:08,088] Trial 7 finished with value: 0.6 and parameters: {'n_neighbors': 10, 'leaf_size': 23, 'p': 2}. Best is trial 7 with value: 0.6.
[I 2026-04-21 10:26:08,101] Trial 8 finished with value: 0.55 and parameters: {'n_neighbors': 8, 'leaf_size': 36, 'p': 2}. Best is trial 7 with value: 0.6.
[I 2026-04-21 10:26:08,113] Trial 9 finished with value: 0.4 and parameters: {'n_neighbors': 3, 'leaf_size': 30, 'p': 2}. Best is trial 7 with value: 0.6.
[I 2026-04-21 10:26:08,133] Trial 10 finished with value: 0.6 and parameters: {'n_neighbors': 10, 'leaf_size': 20, 'p': 2}. Best is trial 7 with value: 0.6.
[I 2026-04-21 10:26:08,151] Trial 11 finished with value: 0.6 and parameters: {'n_neighbors': 10, 'leaf_size': 20, 'p': 2}. Best is trial 7 with value: 0.6.
[I 2026-04-21 10:26:08,170] Trial 12 finished with value: 0.6 and parameters: {'n_neighbors': 10, 'leaf_size': 28, 'p': 2}. Best is trial 7 with value: 0.6.
[I 2026-04-21 10:26:08,191] Trial 13 finished with value: 0.6 and parameters: {'n_neighbors': 9, 'leaf_size': 20, 'p': 2}. Best is trial 7 with value: 0.6.
[I 2026-04-21 10:26:08,213] Trial 14 finished with value: 0.6 and parameters: {'n_neighbors': 9, 'leaf_size': 21, 'p': 2}. Best is trial 7 with value: 0.6.
[I 2026-04-21 10:26:08,236] Trial 15 finished with value: 0.55 and parameters: {'n_neighbors': 8, 'leaf_size': 33, 'p': 2}. Best is trial 7 with value: 0.6.
[I 2026-04-21 10:26:08,271] Trial 16 finished with value: 0.6 and parameters: {'n_neighbors': 10, 'leaf_size': 27, 'p': 2}. Best is trial 7 with value: 0.6.
[I 2026-04-21 10:26:08,295] Trial 17 finished with value: 0.6 and parameters: {'n_neighbors': 9, 'leaf_size': 24, 'p': 2}. Best is trial 7 with value: 0.6.
[I 2026-04-21 10:26:08,319] Trial 18 finished with value: 0.55 and parameters: {'n_neighbors': 8, 'leaf_size': 29, 'p': 1}. Best is trial 7 with value: 0.6.
[I 2026-04-21 10:26:08,344] Trial 19 finished with value: 0.6 and parameters: {'n_neighbors': 10, 'leaf_size': 21, 'p': 2}. Best is trial 7 with value: 0.6.
[I 2026-04-21 10:26:08,368] Trial 20 finished with value: 0.45 and parameters: {'n_neighbors': 7, 'leaf_size': 40, 'p': 2}. Best is trial 7 with value: 0.6.
[I 2026-04-21 10:26:08,407] Trial 21 finished with value: 0.6 and parameters: {'n_neighbors': 10, 'leaf_size': 20, 'p': 2}. Best is trial 7 with value: 0.6.
[I 2026-04-21 10:26:08,435] Trial 22 finished with value: 0.6 and parameters: {'n_neighbors': 9, 'leaf_size': 22, 'p': 2}. Best is trial 7 with value: 0.6.
[I 2026-04-21 10:26:08,459] Trial 23 finished with value: 0.6 and parameters: {'n_neighbors': 10, 'leaf_size': 20, 'p': 2}. Best is trial 7 with value: 0.6.
[I 2026-04-21 10:26:08,484] Trial 24 finished with value: 0.6 and parameters: {'n_neighbors': 9, 'leaf_size': 25, 'p': 2}. Best is trial 7 with value: 0.6.
[I 2026-04-21 10:26:08,513] Trial 25 finished with value: 0.55 and parameters: {'n_neighbors': 8, 'leaf_size': 22, 'p': 2}. Best is trial 7 with value: 0.6.
[I 2026-04-21 10:26:08,537] Trial 26 finished with value: 0.55 and parameters: {'n_neighbors': 10, 'leaf_size': 25, 'p': 1}. Best is trial 7 with value: 0.6.
[I 2026-04-21 10:26:08,561] Trial 27 finished with value: 0.6 and parameters: {'n_neighbors': 9, 'leaf_size': 22, 'p': 2}. Best is trial 7 with value: 0.6.
[I 2026-04-21 10:26:08,585] Trial 28 finished with value: 0.6 and parameters: {'n_neighbors': 10, 'leaf_size': 20, 'p': 2}. Best is trial 7 with value: 0.6.
[I 2026-04-21 10:26:08,614] Trial 29 finished with value: 0.45 and parameters: {'n_neighbors': 7, 'leaf_size': 35, 'p': 2}. Best is trial 7 with value: 0.6.
[I 2026-04-21 10:26:09,057] A new study created in memory with name: xgb
[I 2026-04-21 10:26:09,081] Trial 0 finished with value: 0.25 and parameters: {'n_estimators': 40, 'max_depth': 5, 'gamma': 0.789317070832284, 'subsample': 0.7592089939364717, 'colsample_bytree': 0.648400250788111}. Best is trial 0 with value: 0.25.
[I 2026-04-21 10:26:09,116] Trial 1 finished with value: 0.4 and parameters: {'n_estimators': 100, 'max_depth': 30, 'gamma': 0.34667781579300216, 'subsample': 0.7071175095405257, 'colsample_bytree': 0.6480399663668239}. Best is trial 1 with value: 0.4.
[I 2026-04-21 10:26:09,142] Trial 2 finished with value: 0.3 and parameters: {'n_estimators': 10, 'max_depth': 20, 'gamma': 0.3948075529198607, 'subsample': 0.5720821503267102, 'colsample_bytree': 0.5828064306006338}. Best is trial 1 with value: 0.4.
[I 2026-04-21 10:26:09,165] Trial 3 finished with value: 0.55 and parameters: {'n_estimators': 10, 'max_depth': 30, 'gamma': 0.8015631269999768, 'subsample': 0.5114665462195407, 'colsample_bytree': 0.788831429064878}. Best is trial 3 with value: 0.55.
[I 2026-04-21 10:26:09,199] Trial 4 finished with value: 0.35 and parameters: {'n_estimators': 100, 'max_depth': 5, 'gamma': 0.8834347783013348, 'subsample': 0.961374806972835, 'colsample_bytree': 0.5011071062662218}. Best is trial 3 with value: 0.55.
[I 2026-04-21 10:26:09,224] Trial 5 finished with value: 0.45 and parameters: {'n_estimators': 40, 'max_depth': 5, 'gamma': 0.5364379674896123, 'subsample': 0.5145557818363589, 'colsample_bytree': 0.5432628442011025}. Best is trial 3 with value: 0.55.
[I 2026-04-21 10:26:09,259] Trial 6 finished with value: 0.4 and parameters: {'n_estimators': 100, 'max_depth': 20, 'gamma': 0.6718205850237038, 'subsample': 0.9059511955902053, 'colsample_bytree': 0.9633413076219371}. Best is trial 3 with value: 0.55.
[I 2026-04-21 10:26:09,284] Trial 7 finished with value: 0.55 and parameters: {'n_estimators': 10, 'max_depth': 30, 'gamma': 0.8165284487704038, 'subsample': 0.5255714015506736, 'colsample_bytree': 0.594333867896554}. Best is trial 3 with value: 0.55.
[I 2026-04-21 10:26:09,332] Trial 8 finished with value: 0.35 and parameters: {'n_estimators': 100, 'max_depth': 20, 'gamma': 0.6251497693480509, 'subsample': 0.9696496759824258, 'colsample_bytree': 0.9717700410079397}. Best is trial 3 with value: 0.55.
[I 2026-04-21 10:26:09,360] Trial 9 finished with value: 0.35 and parameters: {'n_estimators': 40, 'max_depth': 30, 'gamma': 0.9649927737686168, 'subsample': 0.6857563076640036, 'colsample_bytree': 0.5061847058001788}. Best is trial 3 with value: 0.55.
[I 2026-04-21 10:26:09,397] Trial 10 finished with value: 0.25 and parameters: {'n_estimators': 10, 'max_depth': 30, 'gamma': 0.17962098877423716, 'subsample': 0.8185311023645913, 'colsample_bytree': 0.8181024979210034}. Best is trial 3 with value: 0.55.
[I 2026-04-21 10:26:09,431] Trial 11 finished with value: 0.35 and parameters: {'n_estimators': 10, 'max_depth': 30, 'gamma': 0.778081258797679, 'subsample': 0.5991596377711633, 'colsample_bytree': 0.7769611731360244}. Best is trial 3 with value: 0.55.
[I 2026-04-21 10:26:09,467] Trial 12 finished with value: 0.65 and parameters: {'n_estimators': 10, 'max_depth': 30, 'gamma': 0.8094651470083497, 'subsample': 0.5249228561883639, 'colsample_bytree': 0.8598621156140489}. Best is trial 12 with value: 0.65.
[I 2026-04-21 10:26:09,504] Trial 13 finished with value: 0.4 and parameters: {'n_estimators': 10, 'max_depth': 30, 'gamma': 0.9847159523011899, 'subsample': 0.6411093055389533, 'colsample_bytree': 0.8629752763039339}. Best is trial 12 with value: 0.65.
[I 2026-04-21 10:26:09,540] Trial 14 finished with value: 0.45 and parameters: {'n_estimators': 10, 'max_depth': 30, 'gamma': 0.6824661299899393, 'subsample': 0.5077589788523803, 'colsample_bytree': 0.91268926682469}. Best is trial 12 with value: 0.65.
[I 2026-04-21 10:26:09,578] Trial 15 finished with value: 0.3 and parameters: {'n_estimators': 10, 'max_depth': 30, 'gamma': 0.5549594265687077, 'subsample': 0.5942705836955756, 'colsample_bytree': 0.7216147698615196}. Best is trial 12 with value: 0.65.
[I 2026-04-21 10:26:09,615] Trial 16 finished with value: 0.3 and parameters: {'n_estimators': 10, 'max_depth': 30, 'gamma': 0.8655462465324353, 'subsample': 0.7966401265766836, 'colsample_bytree': 0.7270312449723347}. Best is trial 12 with value: 0.65.
[I 2026-04-21 10:26:09,655] Trial 17 finished with value: 0.4 and parameters: {'n_estimators': 10, 'max_depth': 30, 'gamma': 0.7280675696012222, 'subsample': 0.6501162750724356, 'colsample_bytree': 0.8731434460762393}. Best is trial 12 with value: 0.65.
[I 2026-04-21 10:26:09,695] Trial 18 finished with value: 0.45 and parameters: {'n_estimators': 10, 'max_depth': 20, 'gamma': 0.44300954879266374, 'subsample': 0.553194872894814, 'colsample_bytree': 0.7947384263958175}. Best is trial 12 with value: 0.65.
[I 2026-04-21 10:26:09,733] Trial 19 finished with value: 0.3 and parameters: {'n_estimators': 40, 'max_depth': 5, 'gamma': 0.9120649714036264, 'subsample': 0.8623372633672362, 'colsample_bytree': 0.8638756808544119}. Best is trial 12 with value: 0.65.
[I 2026-04-21 10:26:09,772] Trial 20 finished with value: 0.35 and parameters: {'n_estimators': 10, 'max_depth': 30, 'gamma': 0.12810557331129335, 'subsample': 0.6419923150830111, 'colsample_bytree': 0.9172906235380884}. Best is trial 12 with value: 0.65.
[I 2026-04-21 10:26:09,815] Trial 21 finished with value: 0.55 and parameters: {'n_estimators': 10, 'max_depth': 30, 'gamma': 0.8181039486370247, 'subsample': 0.5032329928111994, 'colsample_bytree': 0.6835021980476721}. Best is trial 12 with value: 0.65.
[I 2026-04-21 10:26:09,857] Trial 22 finished with value: 0.45 and parameters: {'n_estimators': 10, 'max_depth': 30, 'gamma': 0.7332369554873812, 'subsample': 0.5550662093786883, 'colsample_bytree': 0.8181482188918136}. Best is trial 12 with value: 0.65.
[I 2026-04-21 10:26:09,900] Trial 23 finished with value: 0.55 and parameters: {'n_estimators': 10, 'max_depth': 30, 'gamma': 0.858903936654546, 'subsample': 0.5415154049975884, 'colsample_bytree': 0.6086429367292248}. Best is trial 12 with value: 0.65.
[I 2026-04-21 10:26:09,937] Trial 24 finished with value: 0.35 and parameters: {'n_estimators': 10, 'max_depth': 30, 'gamma': 0.9219980382230175, 'subsample': 0.6061413187148377, 'colsample_bytree': 0.7623656085975118}. Best is trial 12 with value: 0.65.
[I 2026-04-21 10:26:09,980] Trial 25 finished with value: 0.3 and parameters: {'n_estimators': 10, 'max_depth': 30, 'gamma': 0.5882211906920883, 'subsample': 0.7026140391038036, 'colsample_bytree': 0.7272531497400629}. Best is trial 12 with value: 0.65.
[I 2026-04-21 10:26:10,019] Trial 26 finished with value: 0.65 and parameters: {'n_estimators': 10, 'max_depth': 30, 'gamma': 0.7467451333813034, 'subsample': 0.5314819669510714, 'colsample_bytree': 0.8219100190048828}. Best is trial 12 with value: 0.65.
[I 2026-04-21 10:26:10,056] Trial 27 finished with value: 0.3 and parameters: {'n_estimators': 10, 'max_depth': 30, 'gamma': 0.6607882810156513, 'subsample': 0.5820451469095593, 'colsample_bytree': 0.8375232107565644}. Best is trial 12 with value: 0.65.
[I 2026-04-21 10:26:10,098] Trial 28 finished with value: 0.35 and parameters: {'n_estimators': 40, 'max_depth': 5, 'gamma': 0.7276518055961084, 'subsample': 0.6291714139182992, 'colsample_bytree': 0.9145114732669646}. Best is trial 12 with value: 0.65.
[I 2026-04-21 10:26:10,148] Trial 29 finished with value: 0.3 and parameters: {'n_estimators': 100, 'max_depth': 20, 'gamma': 0.4988181784341517, 'subsample': 0.7443355302972563, 'colsample_bytree': 0.7864779984236632}. Best is trial 12 with value: 0.65.
[I 2026-04-21 10:26:10,668] A new study created in memory with name: rf
[I 2026-04-21 10:26:10,904] Trial 0 finished with value: 0.5 and parameters: {'n_estimators': 189, 'max_depth': 18, 'min_samples_split': 3, 'min_samples_leaf': 10}. Best is trial 0 with value: 0.5.
[I 2026-04-21 10:26:11,301] Trial 1 finished with value: 0.35 and parameters: {'n_estimators': 295, 'max_depth': 14, 'min_samples_split': 8, 'min_samples_leaf': 6}. Best is trial 0 with value: 0.5.
[I 2026-04-21 10:26:11,578] Trial 2 finished with value: 0.5 and parameters: {'n_estimators': 219, 'max_depth': 6, 'min_samples_split': 2, 'min_samples_leaf': 8}. Best is trial 0 with value: 0.5.
[I 2026-04-21 10:26:11,956] Trial 3 finished with value: 0.35 and parameters: {'n_estimators': 276, 'max_depth': 5, 'min_samples_split': 9, 'min_samples_leaf': 3}. Best is trial 0 with value: 0.5.
[I 2026-04-21 10:26:12,304] Trial 4 finished with value: 0.4 and parameters: {'n_estimators': 266, 'max_depth': 8, 'min_samples_split': 7, 'min_samples_leaf': 6}. Best is trial 0 with value: 0.5.
[I 2026-04-21 10:26:12,707] Trial 5 finished with value: 0.35 and parameters: {'n_estimators': 340, 'max_depth': 7, 'min_samples_split': 4, 'min_samples_leaf': 3}. Best is trial 0 with value: 0.5.
[I 2026-04-21 10:26:13,008] Trial 6 finished with value: 0.5 and parameters: {'n_estimators': 231, 'max_depth': 5, 'min_samples_split': 3, 'min_samples_leaf': 10}. Best is trial 0 with value: 0.5.
[I 2026-04-21 10:26:13,529] Trial 7 finished with value: 0.4 and parameters: {'n_estimators': 485, 'max_depth': 6, 'min_samples_split': 2, 'min_samples_leaf': 3}. Best is trial 0 with value: 0.5.
[I 2026-04-21 10:26:13,968] Trial 8 finished with value: 0.35 and parameters: {'n_estimators': 380, 'max_depth': 17, 'min_samples_split': 2, 'min_samples_leaf': 6}. Best is trial 0 with value: 0.5.
[I 2026-04-21 10:26:14,137] Trial 9 finished with value: 0.5 and parameters: {'n_estimators': 100, 'max_depth': 12, 'min_samples_split': 7, 'min_samples_leaf': 10}. Best is trial 0 with value: 0.5.
[I 2026-04-21 10:26:14,312] Trial 10 finished with value: 0.5 and parameters: {'n_estimators': 110, 'max_depth': 20, 'min_samples_split': 5, 'min_samples_leaf': 8}. Best is trial 0 with value: 0.5.
[I 2026-04-21 10:26:14,560] Trial 11 finished with value: 0.5 and parameters: {'n_estimators': 175, 'max_depth': 10, 'min_samples_split': 4, 'min_samples_leaf': 8}. Best is trial 0 with value: 0.5.
[I 2026-04-21 10:26:14,796] Trial 12 finished with value: 0.5 and parameters: {'n_estimators': 184, 'max_depth': 3, 'min_samples_split': 2, 'min_samples_leaf': 8}. Best is trial 0 with value: 0.5.
[I 2026-04-21 10:26:15,070] Trial 13 finished with value: 0.5 and parameters: {'n_estimators': 201, 'max_depth': 15, 'min_samples_split': 5, 'min_samples_leaf': 9}. Best is trial 0 with value: 0.5.
[I 2026-04-21 10:26:15,286] Trial 14 finished with value: 0.35 and parameters: {'n_estimators': 154, 'max_depth': 20, 'min_samples_split': 3, 'min_samples_leaf': 1}. Best is trial 0 with value: 0.5.
[I 2026-04-21 10:26:15,614] Trial 15 finished with value: 0.5 and parameters: {'n_estimators': 235, 'max_depth': 17, 'min_samples_split': 4, 'min_samples_leaf': 9}. Best is trial 0 with value: 0.5.
[I 2026-04-21 10:26:16,022] Trial 16 finished with value: 0.5 and parameters: {'n_estimators': 354, 'max_depth': 10, 'min_samples_split': 10, 'min_samples_leaf': 7}. Best is trial 0 with value: 0.5.
[I 2026-04-21 10:26:16,494] Trial 17 finished with value: 0.5 and parameters: {'n_estimators': 417, 'max_depth': 12, 'min_samples_split': 3, 'min_samples_leaf': 10}. Best is trial 0 with value: 0.5.
[I 2026-04-21 10:26:16,694] Trial 18 finished with value: 0.5 and parameters: {'n_estimators': 135, 'max_depth': 3, 'min_samples_split': 6, 'min_samples_leaf': 9}. Best is trial 0 with value: 0.5.
[I 2026-04-21 10:26:17,004] Trial 19 finished with value: 0.35 and parameters: {'n_estimators': 224, 'max_depth': 9, 'min_samples_split': 5, 'min_samples_leaf': 5}. Best is trial 0 with value: 0.5.
[I 2026-04-21 10:26:17,324] Trial 20 finished with value: 0.5 and parameters: {'n_estimators': 253, 'max_depth': 18, 'min_samples_split': 3, 'min_samples_leaf': 7}. Best is trial 0 with value: 0.5.
[I 2026-04-21 10:26:17,608] Trial 21 finished with value: 0.5 and parameters: {'n_estimators': 214, 'max_depth': 5, 'min_samples_split': 3, 'min_samples_leaf': 10}. Best is trial 0 with value: 0.5.
[I 2026-04-21 10:26:17,973] Trial 22 finished with value: 0.5 and parameters: {'n_estimators': 320, 'max_depth': 5, 'min_samples_split': 2, 'min_samples_leaf': 10}. Best is trial 0 with value: 0.5.
[I 2026-04-21 10:26:18,211] Trial 23 finished with value: 0.5 and parameters: {'n_estimators': 167, 'max_depth': 14, 'min_samples_split': 4, 'min_samples_leaf': 9}. Best is trial 0 with value: 0.5.
[I 2026-04-21 10:26:18,516] Trial 24 finished with value: 0.5 and parameters: {'n_estimators': 241, 'max_depth': 3, 'min_samples_split': 3, 'min_samples_leaf': 8}. Best is trial 0 with value: 0.5.
[I 2026-04-21 10:26:18,707] Trial 25 finished with value: 0.5 and parameters: {'n_estimators': 137, 'max_depth': 7, 'min_samples_split': 2, 'min_samples_leaf': 10}. Best is trial 0 with value: 0.5.
[I 2026-04-21 10:26:19,068] Trial 26 finished with value: 0.55 and parameters: {'n_estimators': 287, 'max_depth': 11, 'min_samples_split': 6, 'min_samples_leaf': 7}. Best is trial 26 with value: 0.55.
