[I 2026-04-21 10:36:19,798] Trial 8 finished with value: 0.5 and parameters: {'n_estimators': 100, 'max_depth': 5, 'gamma': 0.3919835527051987, 'subsample': 0.6502094521590198, 'colsample_bytree': 0.5827507002328938}. Best is trial 1 with value: 0.55.
[I 2026-04-21 10:36:19,837] Trial 9 finished with value: 0.4 and parameters: {'n_estimators': 100, 'max_depth': 5, 'gamma': 0.8003922413895069, 'subsample': 0.9436444759263674, 'colsample_bytree': 0.8374593849333938}. Best is trial 1 with value: 0.55.
[I 2026-04-21 10:36:19,886] Trial 10 finished with value: 0.55 and parameters: {'n_estimators': 100, 'max_depth': 30, 'gamma': 0.13445536345660636, 'subsample': 0.5111574778890966, 'colsample_bytree': 0.9446716873952172}. Best is trial 1 with value: 0.55.
[I 2026-04-21 10:36:19,937] Trial 11 finished with value: 0.4 and parameters: {'n_estimators': 100, 'max_depth': 30, 'gamma': 0.12469898288677428, 'subsample': 0.5081847620534045, 'colsample_bytree': 0.9649903311131021}. Best is trial 1 with value: 0.55.
[I 2026-04-21 10:36:19,988] Trial 12 finished with value: 0.6 and parameters: {'n_estimators': 100, 'max_depth': 30, 'gamma': 0.10115101220775713, 'subsample': 0.6040738627432456, 'colsample_bytree': 0.8656266247435578}. Best is trial 12 with value: 0.6.
[I 2026-04-21 10:36:20,037] Trial 13 finished with value: 0.6 and parameters: {'n_estimators': 100, 'max_depth': 30, 'gamma': 0.26969270907557097, 'subsample': 0.6069685936596405, 'colsample_bytree': 0.852188841473799}. Best is trial 12 with value: 0.6.
[I 2026-04-21 10:36:20,087] Trial 14 finished with value: 0.5 and parameters: {'n_estimators': 100, 'max_depth': 30, 'gamma': 0.28577035605238005, 'subsample': 0.7371099718369262, 'colsample_bytree': 0.8598410843668791}. Best is trial 12 with value: 0.6.
[I 2026-04-21 10:36:20,136] Trial 15 finished with value: 0.6 and parameters: {'n_estimators': 100, 'max_depth': 30, 'gamma': 0.25464628459886485, 'subsample': 0.6175427057775912, 'colsample_bytree': 0.8537553683684926}. Best is trial 12 with value: 0.6.
[I 2026-04-21 10:36:20,185] Trial 16 finished with value: 0.55 and parameters: {'n_estimators': 40, 'max_depth': 30, 'gamma': 0.2555928996792366, 'subsample': 0.7930605186338164, 'colsample_bytree': 0.9990503658592719}. Best is trial 12 with value: 0.6.
[I 2026-04-21 10:36:20,236] Trial 17 finished with value: 0.55 and parameters: {'n_estimators': 100, 'max_depth': 30, 'gamma': 0.10231917011667563, 'subsample': 0.7341683466320832, 'colsample_bytree': 0.8152593581518206}. Best is trial 12 with value: 0.6.
[I 2026-04-21 10:36:20,284] Trial 18 finished with value: 0.55 and parameters: {'n_estimators': 100, 'max_depth': 30, 'gamma': 0.35319275525628924, 'subsample': 0.5822103207873265, 'colsample_bytree': 0.903594671997618}. Best is trial 12 with value: 0.6.
[I 2026-04-21 10:36:20,319] Trial 19 finished with value: 0.65 and parameters: {'n_estimators': 40, 'max_depth': 30, 'gamma': 0.20065175090087745, 'subsample': 0.6663955048524297, 'colsample_bytree': 0.8894977629705323}. Best is trial 19 with value: 0.65.
[I 2026-04-21 10:36:20,355] Trial 20 finished with value: 0.45 and parameters: {'n_estimators': 40, 'max_depth': 30, 'gamma': 0.1953683225674938, 'subsample': 0.9961764358499778, 'colsample_bytree': 0.6550906395423564}. Best is trial 19 with value: 0.65.
[I 2026-04-21 10:36:20,392] Trial 21 finished with value: 0.6 and parameters: {'n_estimators': 40, 'max_depth': 30, 'gamma': 0.36734023682777894, 'subsample': 0.6575284257733925, 'colsample_bytree': 0.895595783103124}. Best is trial 19 with value: 0.65.
[I 2026-04-21 10:36:20,434] Trial 22 finished with value: 0.5 and parameters: {'n_estimators': 40, 'max_depth': 30, 'gamma': 0.18613111738882887, 'subsample': 0.6277506654363889, 'colsample_bytree': 0.8037146190732115}. Best is trial 19 with value: 0.65.
[I 2026-04-21 10:36:20,487] Trial 23 finished with value: 0.45 and parameters: {'n_estimators': 40, 'max_depth': 30, 'gamma': 0.2347996854807057, 'subsample': 0.7089239313362826, 'colsample_bytree': 0.8961404914935642}. Best is trial 19 with value: 0.65.
[I 2026-04-21 10:36:20,536] Trial 24 finished with value: 0.55 and parameters: {'n_estimators': 100, 'max_depth': 30, 'gamma': 0.3201080592722363, 'subsample': 0.5583623495536674, 'colsample_bytree': 0.8115279608163359}. Best is trial 19 with value: 0.65.
[I 2026-04-21 10:36:20,578] Trial 25 finished with value: 0.55 and parameters: {'n_estimators': 40, 'max_depth': 30, 'gamma': 0.42646874505816135, 'subsample': 0.5962246971318172, 'colsample_bytree': 0.8703126751046405}. Best is trial 19 with value: 0.65.
[I 2026-04-21 10:36:20,632] Trial 26 finished with value: 0.5 and parameters: {'n_estimators': 100, 'max_depth': 30, 'gamma': 0.6290619800193429, 'subsample': 0.7759909773098492, 'colsample_bytree': 0.9635544941992971}. Best is trial 19 with value: 0.65.
[I 2026-04-21 10:36:20,683] Trial 27 finished with value: 0.6 and parameters: {'n_estimators': 100, 'max_depth': 30, 'gamma': 0.1759009261138299, 'subsample': 0.6400873558725875, 'colsample_bytree': 0.7832753669003543}. Best is trial 19 with value: 0.65.
[I 2026-04-21 10:36:20,722] Trial 28 finished with value: 0.55 and parameters: {'n_estimators': 10, 'max_depth': 30, 'gamma': 0.19491235154686343, 'subsample': 0.683469590894189, 'colsample_bytree': 0.6873018410989675}. Best is trial 19 with value: 0.65.
[I 2026-04-21 10:36:20,760] Trial 29 finished with value: 0.4 and parameters: {'n_estimators': 40, 'max_depth': 20, 'gamma': 0.4379062305968446, 'subsample': 0.560957276982156, 'colsample_bytree': 0.9433752415740795}. Best is trial 19 with value: 0.65.
[I 2026-04-21 10:36:20,841] A new study created in memory with name: rf
[I 2026-04-21 10:36:21,036] Trial 0 finished with value: 0.5 and parameters: {'n_estimators': 130, 'max_depth': 17, 'min_samples_split': 5, 'min_samples_leaf': 8}. Best is trial 0 with value: 0.5.
[I 2026-04-21 10:36:21,566] Trial 1 finished with value: 0.55 and parameters: {'n_estimators': 492, 'max_depth': 12, 'min_samples_split': 6, 'min_samples_leaf': 1}. Best is trial 1 with value: 0.55.
[I 2026-04-21 10:36:21,844] Trial 2 finished with value: 0.5 and parameters: {'n_estimators': 207, 'max_depth': 11, 'min_samples_split': 8, 'min_samples_leaf': 9}. Best is trial 1 with value: 0.55.
[I 2026-04-21 10:36:22,151] Trial 3 finished with value: 0.5 and parameters: {'n_estimators': 252, 'max_depth': 4, 'min_samples_split': 4, 'min_samples_leaf': 10}. Best is trial 1 with value: 0.55.
[I 2026-04-21 10:36:22,399] Trial 4 finished with value: 0.6 and parameters: {'n_estimators': 185, 'max_depth': 11, 'min_samples_split': 10, 'min_samples_leaf': 1}. Best is trial 4 with value: 0.6.
[I 2026-04-21 10:36:22,799] Trial 5 finished with value: 0.5 and parameters: {'n_estimators': 340, 'max_depth': 20, 'min_samples_split': 4, 'min_samples_leaf': 6}. Best is trial 4 with value: 0.6.
[I 2026-04-21 10:36:23,300] Trial 6 finished with value: 0.5 and parameters: {'n_estimators': 464, 'max_depth': 5, 'min_samples_split': 6, 'min_samples_leaf': 8}. Best is trial 4 with value: 0.6.
[I 2026-04-21 10:36:23,719] Trial 7 finished with value: 0.5 and parameters: {'n_estimators': 368, 'max_depth': 11, 'min_samples_split': 3, 'min_samples_leaf': 5}. Best is trial 4 with value: 0.6.
[I 2026-04-21 10:36:24,020] Trial 8 finished with value: 0.5 and parameters: {'n_estimators': 249, 'max_depth': 11, 'min_samples_split': 5, 'min_samples_leaf': 9}. Best is trial 4 with value: 0.6.
[I 2026-04-21 10:36:24,461] Trial 9 finished with value: 0.55 and parameters: {'n_estimators': 408, 'max_depth': 8, 'min_samples_split': 7, 'min_samples_leaf': 3}. Best is trial 4 with value: 0.6.
[I 2026-04-21 10:36:24,687] Trial 10 finished with value: 0.55 and parameters: {'n_estimators': 156, 'max_depth': 15, 'min_samples_split': 10, 'min_samples_leaf': 1}. Best is trial 4 with value: 0.6.
[I 2026-04-21 10:36:25,195] Trial 11 finished with value: 0.5 and parameters: {'n_estimators': 457, 'max_depth': 15, 'min_samples_split': 10, 'min_samples_leaf': 1}. Best is trial 4 with value: 0.6.
[I 2026-04-21 10:36:25,554] Trial 12 finished with value: 0.5 and parameters: {'n_estimators': 302, 'max_depth': 7, 'min_samples_split': 8, 'min_samples_leaf': 3}. Best is trial 4 with value: 0.6.
[I 2026-04-21 10:36:25,738] Trial 13 finished with value: 0.7 and parameters: {'n_estimators': 100, 'max_depth': 14, 'min_samples_split': 2, 'min_samples_leaf': 3}. Best is trial 13 with value: 0.7.
[I 2026-04-21 10:36:25,897] Trial 14 finished with value: 0.45 and parameters: {'n_estimators': 100, 'max_depth': 14, 'min_samples_split': 2, 'min_samples_leaf': 3}. Best is trial 13 with value: 0.7.
[I 2026-04-21 10:36:26,149] Trial 15 finished with value: 0.6 and parameters: {'n_estimators': 170, 'max_depth': 18, 'min_samples_split': 2, 'min_samples_leaf': 4}. Best is trial 13 with value: 0.7.
[I 2026-04-21 10:36:26,401] Trial 16 finished with value: 0.6 and parameters: {'n_estimators': 204, 'max_depth': 8, 'min_samples_split': 9, 'min_samples_leaf': 2}. Best is trial 13 with value: 0.7.
[I 2026-04-21 10:36:26,584] Trial 17 finished with value: 0.45 and parameters: {'n_estimators': 107, 'max_depth': 14, 'min_samples_split': 8, 'min_samples_leaf': 5}. Best is trial 13 with value: 0.7.
[I 2026-04-21 10:36:26,819] Trial 18 finished with value: 0.55 and parameters: {'n_estimators': 184, 'max_depth': 9, 'min_samples_split': 3, 'min_samples_leaf': 2}. Best is trial 13 with value: 0.7.
[I 2026-04-21 10:36:27,122] Trial 19 finished with value: 0.45 and parameters: {'n_estimators': 242, 'max_depth': 13, 'min_samples_split': 7, 'min_samples_leaf': 6}. Best is trial 13 with value: 0.7.
[I 2026-04-21 10:36:27,345] Trial 20 finished with value: 0.5 and parameters: {'n_estimators': 142, 'max_depth': 17, 'min_samples_split': 9, 'min_samples_leaf': 4}. Best is trial 13 with value: 0.7.
[I 2026-04-21 10:36:27,561] Trial 21 finished with value: 0.5 and parameters: {'n_estimators': 172, 'max_depth': 20, 'min_samples_split': 2, 'min_samples_leaf': 4}. Best is trial 13 with value: 0.7.
[I 2026-04-21 10:36:27,849] Trial 22 finished with value: 0.4 and parameters: {'n_estimators': 219, 'max_depth': 18, 'min_samples_split': 3, 'min_samples_leaf': 2}. Best is trial 13 with value: 0.7.
[I 2026-04-21 10:36:28,345] Trial 23 finished with value: 0.5 and parameters: {'n_estimators': 290, 'max_depth': 16, 'min_samples_split': 2, 'min_samples_leaf': 4}. Best is trial 13 with value: 0.7.
[I 2026-04-21 10:36:28,549] Trial 24 finished with value: 0.5 and parameters: {'n_estimators': 137, 'max_depth': 18, 'min_samples_split': 4, 'min_samples_leaf': 2}. Best is trial 13 with value: 0.7.
[I 2026-04-21 10:36:28,794] Trial 25 finished with value: 0.5 and parameters: {'n_estimators': 176, 'max_depth': 10, 'min_samples_split': 3, 'min_samples_leaf': 3}. Best is trial 13 with value: 0.7.
[I 2026-04-21 10:36:29,013] Trial 26 finished with value: 0.65 and parameters: {'n_estimators': 121, 'max_depth': 13, 'min_samples_split': 5, 'min_samples_leaf': 5}. Best is trial 13 with value: 0.7.
[I 2026-04-21 10:36:29,207] Trial 27 finished with value: 0.6 and parameters: {'n_estimators': 115, 'max_depth': 13, 'min_samples_split': 5, 'min_samples_leaf': 6}. Best is trial 13 with value: 0.7.
[I 2026-04-21 10:36:29,429] Trial 28 finished with value: 0.5 and parameters: {'n_estimators': 132, 'max_depth': 13, 'min_samples_split': 7, 'min_samples_leaf': 7}. Best is trial 13 with value: 0.7.
[I 2026-04-21 10:36:29,627] Trial 29 finished with value: 0.55 and parameters: {'n_estimators': 132, 'max_depth': 6, 'min_samples_split': 5, 'min_samples_leaf': 5}. Best is trial 13 with value: 0.7.
[I 2026-04-21 10:36:29,918] A new study created in memory with name: mlp
[I 2026-04-21 10:36:30,002] Trial 0 finished with value: 0.4 and parameters: {'hidden_layer_sizes': (200,), 'max_iter': 100, 'alpha': 0.0001}. Best is trial 0 with value: 0.4.
[I 2026-04-21 10:36:30,090] Trial 1 finished with value: 0.45 and parameters: {'hidden_layer_sizes': (100, 100), 'max_iter': 100, 'alpha': 0.0001}. Best is trial 1 with value: 0.45.
[I 2026-04-21 10:36:30,176] Trial 2 finished with value: 0.4 and parameters: {'hidden_layer_sizes': (200,), 'max_iter': 100, 'alpha': 0.001}. Best is trial 1 with value: 0.45.
[I 2026-04-21 10:36:30,223] Trial 3 finished with value: 0.4 and parameters: {'hidden_layer_sizes': (100,), 'max_iter': 50, 'alpha': 0.001}. Best is trial 1 with value: 0.45.
[I 2026-04-21 10:36:30,269] Trial 4 finished with value: 0.4 and parameters: {'hidden_layer_sizes': (100,), 'max_iter': 50, 'alpha': 0.0001}. Best is trial 1 with value: 0.45.
[I 2026-04-21 10:36:30,316] Trial 5 finished with value: 0.4 and parameters: {'hidden_layer_sizes': (100,), 'max_iter': 50, 'alpha': 0.0001}. Best is trial 1 with value: 0.45.
[I 2026-04-21 10:36:30,363] Trial 6 finished with value: 0.4 and parameters: {'hidden_layer_sizes': (100,), 'max_iter': 50, 'alpha': 0.0001}. Best is trial 1 with value: 0.45.
[I 2026-04-21 10:36:30,409] Trial 7 finished with value: 0.45 and parameters: {'hidden_layer_sizes': (100,), 'max_iter': 50, 'alpha': 0.0001}. Best is trial 1 with value: 0.45.
[I 2026-04-21 10:36:30,527] Trial 8 finished with value: 0.4 and parameters: {'hidden_layer_sizes': (200,), 'max_iter': 100, 'alpha': 0.0001}. Best is trial 1 with value: 0.45.
[I 2026-04-21 10:36:30,586] Trial 9 finished with value: 0.45 and parameters: {'hidden_layer_sizes': (200,), 'max_iter': 50, 'alpha': 0.0001}. Best is trial 1 with value: 0.45.
[I 2026-04-21 10:36:30,697] Trial 10 finished with value: 0.45 and parameters: {'hidden_layer_sizes': (100, 100), 'max_iter': 100, 'alpha': 0.001}. Best is trial 1 with value: 0.45.
[I 2026-04-21 10:36:30,777] Trial 11 finished with value: 0.45 and parameters: {'hidden_layer_sizes': (100, 100), 'max_iter': 100, 'alpha': 0.0001}. Best is trial 1 with value: 0.45.
[I 2026-04-21 10:36:30,837] Trial 12 finished with value: 0.4 and parameters: {'hidden_layer_sizes': (100, 100), 'max_iter': 50, 'alpha': 0.0001}. Best is trial 1 with value: 0.45.
[I 2026-04-21 10:36:30,913] Trial 13 finished with value: 0.45 and parameters: {'hidden_layer_sizes': (100, 100), 'max_iter': 100, 'alpha': 0.0001}. Best is trial 1 with value: 0.45.
[I 2026-04-21 10:36:30,960] Trial 14 finished with value: 0.45 and parameters: {'hidden_layer_sizes': (100, 100), 'max_iter': 50, 'alpha': 0.001}. Best is trial 1 with value: 0.45.
[I 2026-04-21 10:36:31,026] Trial 15 finished with value: 0.4 and parameters: {'hidden_layer_sizes': (100,), 'max_iter': 100, 'alpha': 0.0001}. Best is trial 1 with value: 0.45.
[I 2026-04-21 10:36:31,102] Trial 16 finished with value: 0.45 and parameters: {'hidden_layer_sizes': (100,), 'max_iter': 100, 'alpha': 0.0001}. Best is trial 1 with value: 0.45.
[I 2026-04-21 10:36:31,163] Trial 17 finished with value: 0.45 and parameters: {'hidden_layer_sizes': (100, 100), 'max_iter': 50, 'alpha': 0.0001}. Best is trial 1 with value: 0.45.
[I 2026-04-21 10:36:31,209] Trial 18 finished with value: 0.4 and parameters: {'hidden_layer_sizes': (100, 100), 'max_iter': 50, 'alpha': 0.001}. Best is trial 1 with value: 0.45.
[I 2026-04-21 10:36:31,275] Trial 19 finished with value: 0.4 and parameters: {'hidden_layer_sizes': (100,), 'max_iter': 100, 'alpha': 0.0001}. Best is trial 1 with value: 0.45.
[I 2026-04-21 10:36:31,363] Trial 20 finished with value: 0.4 and parameters: {'hidden_layer_sizes': (100, 100), 'max_iter': 100, 'alpha': 0.0001}. Best is trial 1 with value: 0.45.
[I 2026-04-21 10:36:31,429] Trial 21 finished with value: 0.4 and parameters: {'hidden_layer_sizes': (200,), 'max_iter': 50, 'alpha': 0.0001}. Best is trial 1 with value: 0.45.
[I 2026-04-21 10:36:31,485] Trial 22 finished with value: 0.4 and parameters: {'hidden_layer_sizes': (200,), 'max_iter': 50, 'alpha': 0.0001}. Best is trial 1 with value: 0.45.
[I 2026-04-21 10:36:31,561] Trial 23 finished with value: 0.45 and parameters: {'hidden_layer_sizes': (200,), 'max_iter': 50, 'alpha': 0.0001}. Best is trial 1 with value: 0.45.
[I 2026-04-21 10:36:31,606] Trial 24 finished with value: 0.45 and parameters: {'hidden_layer_sizes': (200,), 'max_iter': 50, 'alpha': 0.0001}. Best is trial 1 with value: 0.45.
[I 2026-04-21 10:36:31,663] Trial 25 finished with value: 0.45 and parameters: {'hidden_layer_sizes': (200,), 'max_iter': 50, 'alpha': 0.0001}. Best is trial 1 with value: 0.45.
[I 2026-04-21 10:36:31,713] Trial 26 finished with value: 0.4 and parameters: {'hidden_layer_sizes': (100,), 'max_iter': 50, 'alpha': 0.001}. Best is trial 1 with value: 0.45.
[I 2026-04-21 10:36:31,771] Trial 27 finished with value: 0.45 and parameters: {'hidden_layer_sizes': (100, 100), 'max_iter': 50, 'alpha': 0.0001}. Best is trial 1 with value: 0.45.
[I 2026-04-21 10:36:31,840] Trial 28 finished with value: 0.45 and parameters: {'hidden_layer_sizes': (100,), 'max_iter': 100, 'alpha': 0.0001}. Best is trial 1 with value: 0.45.
[I 2026-04-21 10:36:31,931] Trial 29 finished with value: 0.45 and parameters: {'hidden_layer_sizes': (200,), 'max_iter': 100, 'alpha': 0.0001}. Best is trial 1 with value: 0.45.
[I 2026-04-21 10:36:34,027] A new study created in memory with name: svc
[I 2026-04-21 10:36:34,052] Trial 0 finished with value: 0.2 and parameters: {'C': 0.020194502448102298, 'gamma': 0.13172711156111802}. Best is trial 0 with value: 0.2.
[I 2026-04-21 10:36:34,065] Trial 1 finished with value: 0.2 and parameters: {'C': 0.5670703311028815, 'gamma': 0.0783178418343345}. Best is trial 0 with value: 0.2.
[I 2026-04-21 10:36:34,078] Trial 2 finished with value: 0.3 and parameters: {'C': 81.65034948781698, 'gamma': 0.014255533717547383}. Best is trial 2 with value: 0.3.
[I 2026-04-21 10:36:34,092] Trial 3 finished with value: 0.5 and parameters: {'C': 1.0103732850016278, 'gamma': 0.00019418001640357854}. Best is trial 3 with value: 0.5.
[I 2026-04-21 10:36:34,107] Trial 4 finished with value: 0.35 and parameters: {'C': 0.11851025167261421, 'gamma': 0.00998918377985214}. Best is trial 3 with value: 0.5.
[I 2026-04-21 10:36:34,120] Trial 5 finished with value: 0.15 and parameters: {'C': 5.2109869371584665, 'gamma': 0.16404241128227343}. Best is trial 3 with value: 0.5.
[I 2026-04-21 10:36:34,134] Trial 6 finished with value: 0.5 and parameters: {'C': 0.3340138940215422, 'gamma': 0.00018354619576988685}. Best is trial 3 with value: 0.5.
[I 2026-04-21 10:36:34,148] Trial 7 finished with value: 0.15 and parameters: {'C': 0.1420961781588805, 'gamma': 0.434884682155233}. Best is trial 3 with value: 0.5.
[I 2026-04-21 10:36:34,162] Trial 8 finished with value: 0.35 and parameters: {'C': 0.07137422643361827, 'gamma': 0.006434219125545069}. Best is trial 3 with value: 0.5.
[I 2026-04-21 10:36:34,177] Trial 9 finished with value: 0.55 and parameters: {'C': 53.066944048916255, 'gamma': 0.00012577574840733457}. Best is trial 9 with value: 0.55.
[I 2026-04-21 10:36:34,198] Trial 10 finished with value: 0.5 and parameters: {'C': 60.75179295419671, 'gamma': 0.001366002544888146}. Best is trial 9 with value: 0.55.
[I 2026-04-21 10:36:34,222] Trial 11 finished with value: 0.5 and parameters: {'C': 5.4645176521190955, 'gamma': 0.0001182654393186286}. Best is trial 9 with value: 0.55.
[I 2026-04-21 10:36:34,243] Trial 12 finished with value: 0.5 and parameters: {'C': 6.396485420035902, 'gamma': 0.0006129250951207689}. Best is trial 9 with value: 0.55.
[I 2026-04-21 10:36:34,266] Trial 13 finished with value: 0.5 and parameters: {'C': 18.90657095571181, 'gamma': 0.0005589823422976997}. Best is trial 9 with value: 0.55.
[I 2026-04-21 10:36:34,288] Trial 14 finished with value: 0.5 and parameters: {'C': 1.6638857990919569, 'gamma': 0.0021547254992133206}. Best is trial 9 with value: 0.55.
[I 2026-04-21 10:36:34,311] Trial 15 finished with value: 0.5 and parameters: {'C': 0.011719948006087014, 'gamma': 0.00010358625084745723}. Best is trial 9 with value: 0.55.
[I 2026-04-21 10:36:34,335] Trial 16 finished with value: 0.5 and parameters: {'C': 1.5302197592092557, 'gamma': 0.0003873883150727499}. Best is trial 9 with value: 0.55.
[I 2026-04-21 10:36:34,357] Trial 17 finished with value: 0.5 and parameters: {'C': 27.496564789294712, 'gamma': 0.002475027642019099}. Best is trial 9 with value: 0.55.
[I 2026-04-21 10:36:34,378] Trial 18 finished with value: 0.2 and parameters: {'C': 17.316323356735534, 'gamma': 0.03320384586751046}. Best is trial 9 with value: 0.55.
[I 2026-04-21 10:36:34,402] Trial 19 finished with value: 0.5 and parameters: {'C': 2.105501227135684, 'gamma': 0.000279885994728207}. Best is trial 9 with value: 0.55.
[I 2026-04-21 10:36:34,424] Trial 20 finished with value: 0.5 and parameters: {'C': 0.032142057603809365, 'gamma': 0.001125435194734743}. Best is trial 9 with value: 0.55.
[I 2026-04-21 10:36:34,447] Trial 21 finished with value: 0.5 and parameters: {'C': 0.4145958801699053, 'gamma': 0.00020209961841417912}. Best is trial 9 with value: 0.55.
[I 2026-04-21 10:36:34,470] Trial 22 finished with value: 0.5 and parameters: {'C': 0.39958060615359164, 'gamma': 0.00018272223537571175}. Best is trial 9 with value: 0.55.
[I 2026-04-21 10:36:34,495] Trial 23 finished with value: 0.5 and parameters: {'C': 0.1768498833857964, 'gamma': 0.0007521858105795956}. Best is trial 9 with value: 0.55.
[I 2026-04-21 10:36:34,522] Trial 24 finished with value: 0.5 and parameters: {'C': 0.7051863951198512, 'gamma': 0.00010278133883252136}. Best is trial 9 with value: 0.55.
[I 2026-04-21 10:36:34,547] Trial 25 finished with value: 0.5 and parameters: {'C': 0.053205271635896625, 'gamma': 0.0002841499423630708}. Best is trial 9 with value: 0.55.
[I 2026-04-21 10:36:34,569] Trial 26 finished with value: 0.5 and parameters: {'C': 0.2851571213606857, 'gamma': 0.00398110007001182}. Best is trial 9 with value: 0.55.
[I 2026-04-21 10:36:34,593] Trial 27 finished with value: 0.5 and parameters: {'C': 2.7008849441826293, 'gamma': 0.00043460572049120984}. Best is trial 9 with value: 0.55.
