[I 2026-04-21 10:29:24,549] Trial 3 finished with value: 1.0 and parameters: {'hidden_layer_sizes': (200,), 'max_iter': 50, 'alpha': 0.001}. Best is trial 0 with value: 1.0.
[I 2026-04-21 10:29:24,588] Trial 4 finished with value: 1.0 and parameters: {'hidden_layer_sizes': (100,), 'max_iter': 100, 'alpha': 0.0001}. Best is trial 0 with value: 1.0.
[I 2026-04-21 10:29:24,623] Trial 5 finished with value: 1.0 and parameters: {'hidden_layer_sizes': (100,), 'max_iter': 100, 'alpha': 0.001}. Best is trial 0 with value: 1.0.
[I 2026-04-21 10:29:24,669] Trial 6 finished with value: 1.0 and parameters: {'hidden_layer_sizes': (200,), 'max_iter': 100, 'alpha': 0.001}. Best is trial 0 with value: 1.0.
[I 2026-04-21 10:29:24,704] Trial 7 finished with value: 1.0 and parameters: {'hidden_layer_sizes': (200,), 'max_iter': 100, 'alpha': 0.001}. Best is trial 0 with value: 1.0.
[I 2026-04-21 10:29:24,739] Trial 8 finished with value: 1.0 and parameters: {'hidden_layer_sizes': (100,), 'max_iter': 100, 'alpha': 0.001}. Best is trial 0 with value: 1.0.
[I 2026-04-21 10:29:24,785] Trial 9 finished with value: 1.0 and parameters: {'hidden_layer_sizes': (100,), 'max_iter': 50, 'alpha': 0.001}. Best is trial 0 with value: 1.0.
[I 2026-04-21 10:29:24,833] Trial 10 finished with value: 1.0 and parameters: {'hidden_layer_sizes': (100, 100), 'max_iter': 50, 'alpha': 0.0001}. Best is trial 0 with value: 1.0.
[I 2026-04-21 10:29:24,870] Trial 11 finished with value: 1.0 and parameters: {'hidden_layer_sizes': (100, 100), 'max_iter': 50, 'alpha': 0.0001}. Best is trial 0 with value: 1.0.
[I 2026-04-21 10:29:24,907] Trial 12 finished with value: 1.0 and parameters: {'hidden_layer_sizes': (200,), 'max_iter': 50, 'alpha': 0.0001}. Best is trial 0 with value: 1.0.
[I 2026-04-21 10:29:24,956] Trial 13 finished with value: 1.0 and parameters: {'hidden_layer_sizes': (200,), 'max_iter': 50, 'alpha': 0.0001}. Best is trial 0 with value: 1.0.
[I 2026-04-21 10:29:25,005] Trial 14 finished with value: 1.0 and parameters: {'hidden_layer_sizes': (100, 100), 'max_iter': 100, 'alpha': 0.0001}. Best is trial 0 with value: 1.0.
[I 2026-04-21 10:29:25,043] Trial 15 finished with value: 1.0 and parameters: {'hidden_layer_sizes': (100,), 'max_iter': 50, 'alpha': 0.0001}. Best is trial 0 with value: 1.0.
[I 2026-04-21 10:29:25,082] Trial 16 finished with value: 1.0 and parameters: {'hidden_layer_sizes': (200,), 'max_iter': 100, 'alpha': 0.001}. Best is trial 0 with value: 1.0.
[I 2026-04-21 10:29:25,129] Trial 17 finished with value: 1.0 and parameters: {'hidden_layer_sizes': (200,), 'max_iter': 50, 'alpha': 0.0001}. Best is trial 0 with value: 1.0.
[I 2026-04-21 10:29:25,167] Trial 18 finished with value: 1.0 and parameters: {'hidden_layer_sizes': (100,), 'max_iter': 100, 'alpha': 0.001}. Best is trial 0 with value: 1.0.
[I 2026-04-21 10:29:25,215] Trial 19 finished with value: 1.0 and parameters: {'hidden_layer_sizes': (100, 100), 'max_iter': 50, 'alpha': 0.0001}. Best is trial 0 with value: 1.0.
[I 2026-04-21 10:29:25,254] Trial 20 finished with value: 1.0 and parameters: {'hidden_layer_sizes': (200,), 'max_iter': 100, 'alpha': 0.0001}. Best is trial 0 with value: 1.0.
[I 2026-04-21 10:29:25,290] Trial 21 finished with value: 1.0 and parameters: {'hidden_layer_sizes': (100,), 'max_iter': 100, 'alpha': 0.001}. Best is trial 0 with value: 1.0.
[I 2026-04-21 10:29:25,327] Trial 22 finished with value: 1.0 and parameters: {'hidden_layer_sizes': (100,), 'max_iter': 100, 'alpha': 0.001}. Best is trial 0 with value: 1.0.
[I 2026-04-21 10:29:25,375] Trial 23 finished with value: 1.0 and parameters: {'hidden_layer_sizes': (100,), 'max_iter': 100, 'alpha': 0.001}. Best is trial 0 with value: 1.0.
[I 2026-04-21 10:29:25,413] Trial 24 finished with value: 1.0 and parameters: {'hidden_layer_sizes': (100,), 'max_iter': 100, 'alpha': 0.001}. Best is trial 0 with value: 1.0.
[I 2026-04-21 10:29:25,452] Trial 25 finished with value: 1.0 and parameters: {'hidden_layer_sizes': (100,), 'max_iter': 100, 'alpha': 0.001}. Best is trial 0 with value: 1.0.
[I 2026-04-21 10:29:25,491] Trial 26 finished with value: 1.0 and parameters: {'hidden_layer_sizes': (100,), 'max_iter': 50, 'alpha': 0.001}. Best is trial 0 with value: 1.0.
[I 2026-04-21 10:29:25,538] Trial 27 finished with value: 1.0 and parameters: {'hidden_layer_sizes': (100,), 'max_iter': 100, 'alpha': 0.001}. Best is trial 0 with value: 1.0.
[I 2026-04-21 10:29:25,586] Trial 28 finished with value: 1.0 and parameters: {'hidden_layer_sizes': (100, 100), 'max_iter': 50, 'alpha': 0.0001}. Best is trial 0 with value: 1.0.
[I 2026-04-21 10:29:25,635] Trial 29 finished with value: 1.0 and parameters: {'hidden_layer_sizes': (200,), 'max_iter': 50, 'alpha': 0.001}. Best is trial 0 with value: 1.0.
[I 2026-04-21 10:29:25,781] A new study created in memory with name: svc
[I 2026-04-21 10:29:25,795] Trial 0 finished with value: 0.7 and parameters: {'C': 0.07726319876517104, 'gamma': 0.3040389504793042}. Best is trial 0 with value: 0.7.
[I 2026-04-21 10:29:25,808] Trial 1 finished with value: 0.6 and parameters: {'C': 0.06712381339142241, 'gamma': 0.47254549996710477}. Best is trial 0 with value: 0.7.
[I 2026-04-21 10:29:25,825] Trial 2 finished with value: 0.7 and parameters: {'C': 0.8987621100554035, 'gamma': 0.027988231123708972}. Best is trial 0 with value: 0.7.
[I 2026-04-21 10:29:25,838] Trial 3 finished with value: 0.75 and parameters: {'C': 11.5779435007655, 'gamma': 0.011848734045499056}. Best is trial 3 with value: 0.75.
[I 2026-04-21 10:29:25,851] Trial 4 finished with value: 1.0 and parameters: {'C': 0.1538870258903583, 'gamma': 0.0005634883151169033}. Best is trial 4 with value: 1.0.
[I 2026-04-21 10:29:25,866] Trial 5 finished with value: 0.7 and parameters: {'C': 0.021036092656561454, 'gamma': 0.08990030906808326}. Best is trial 4 with value: 1.0.
[I 2026-04-21 10:29:25,881] Trial 6 finished with value: 1.0 and parameters: {'C': 0.5824208201678516, 'gamma': 0.00042977333932534993}. Best is trial 4 with value: 1.0.
[I 2026-04-21 10:29:25,895] Trial 7 finished with value: 1.0 and parameters: {'C': 33.09391330085814, 'gamma': 0.001248377256719358}. Best is trial 4 with value: 1.0.
[I 2026-04-21 10:29:25,910] Trial 8 finished with value: 0.95 and parameters: {'C': 0.45387898639622015, 'gamma': 0.0015286910781809498}. Best is trial 4 with value: 1.0.
[I 2026-04-21 10:29:25,927] Trial 9 finished with value: 0.7 and parameters: {'C': 3.274550070431994, 'gamma': 0.02086177421469992}. Best is trial 4 with value: 1.0.
[I 2026-04-21 10:29:25,953] Trial 10 finished with value: 0.95 and parameters: {'C': 0.01015031429029542, 'gamma': 0.00010813284331811526}. Best is trial 4 with value: 1.0.
[I 2026-04-21 10:29:25,977] Trial 11 finished with value: 0.95 and parameters: {'C': 0.2946546726762962, 'gamma': 0.000192696939064797}. Best is trial 4 with value: 1.0.
[I 2026-04-21 10:29:25,999] Trial 12 finished with value: 1.0 and parameters: {'C': 2.9648182303354678, 'gamma': 0.0011563341942962047}. Best is trial 4 with value: 1.0.
[I 2026-04-21 10:29:26,025] Trial 13 finished with value: 1.0 and parameters: {'C': 0.16280907414611331, 'gamma': 0.00038377823379388923}. Best is trial 4 with value: 1.0.
[I 2026-04-21 10:29:26,047] Trial 14 finished with value: 0.95 and parameters: {'C': 2.4218760021536427, 'gamma': 0.0032537811548427023}. Best is trial 4 with value: 1.0.
[I 2026-04-21 10:29:26,072] Trial 15 finished with value: 1.0 and parameters: {'C': 0.0664538826788088, 'gamma': 0.0005193501979899485}. Best is trial 4 with value: 1.0.
[I 2026-04-21 10:29:26,098] Trial 16 finished with value: 0.95 and parameters: {'C': 1.1898268486188273, 'gamma': 0.0025654002897082823}. Best is trial 4 with value: 1.0.
[I 2026-04-21 10:29:26,122] Trial 17 finished with value: 0.75 and parameters: {'C': 10.925526376097588, 'gamma': 0.0059603957535583315}. Best is trial 4 with value: 1.0.
[I 2026-04-21 10:29:26,142] Trial 18 finished with value: 1.0 and parameters: {'C': 0.1691641156930074, 'gamma': 0.00043494340597700513}. Best is trial 4 with value: 1.0.
[I 2026-04-21 10:29:26,162] Trial 19 finished with value: 0.95 and parameters: {'C': 0.6190876787824239, 'gamma': 0.0001500028787036726}. Best is trial 4 with value: 1.0.
[I 2026-04-21 10:29:26,182] Trial 20 finished with value: 1.0 and parameters: {'C': 0.02505753974770936, 'gamma': 0.0007496908360759289}. Best is trial 4 with value: 1.0.
[I 2026-04-21 10:29:26,206] Trial 21 finished with value: 0.95 and parameters: {'C': 80.0947862509309, 'gamma': 0.0019045172895351312}. Best is trial 4 with value: 1.0.
[I 2026-04-21 10:29:26,228] Trial 22 finished with value: 1.0 and parameters: {'C': 89.79765070553948, 'gamma': 0.0003371566381041062}. Best is trial 4 with value: 1.0.
[I 2026-04-21 10:29:26,249] Trial 23 finished with value: 0.75 and parameters: {'C': 27.57052295397495, 'gamma': 0.0054799454436953105}. Best is trial 4 with value: 1.0.
[I 2026-04-21 10:29:26,273] Trial 24 finished with value: 1.0 and parameters: {'C': 8.390099957541818, 'gamma': 0.0002636770311912109}. Best is trial 4 with value: 1.0.
[I 2026-04-21 10:29:26,294] Trial 25 finished with value: 1.0 and parameters: {'C': 1.3896136059830748, 'gamma': 0.0009375437594564527}. Best is trial 4 with value: 1.0.
[I 2026-04-21 10:29:26,316] Trial 26 finished with value: 1.0 and parameters: {'C': 0.18265439221276342, 'gamma': 0.0009178568851366353}. Best is trial 4 with value: 1.0.
[I 2026-04-21 10:29:26,341] Trial 27 finished with value: 0.75 and parameters: {'C': 0.37207725044625456, 'gamma': 0.004300065526713922}. Best is trial 4 with value: 1.0.
[I 2026-04-21 10:29:26,365] Trial 28 finished with value: 1.0 and parameters: {'C': 32.07364379351766, 'gamma': 0.00021100593552470968}. Best is trial 4 with value: 1.0.
[I 2026-04-21 10:29:26,388] Trial 29 finished with value: 1.0 and parameters: {'C': 0.10791205288987672, 'gamma': 0.000622376963675946}. Best is trial 4 with value: 1.0.
[I 2026-04-21 10:29:26,441] A new study created in memory with name: naive_bayes
[I 2026-04-21 10:29:26,453] Trial 0 finished with value: 1.0 and parameters: {'var_smoothing': 2.7796258518939306e-10}. Best is trial 0 with value: 1.0.
[I 2026-04-21 10:29:26,466] Trial 1 finished with value: 1.0 and parameters: {'var_smoothing': 5.513972710118387e-09}. Best is trial 0 with value: 1.0.
[I 2026-04-21 10:29:26,479] Trial 2 finished with value: 1.0 and parameters: {'var_smoothing': 2.590826381512706e-10}. Best is trial 0 with value: 1.0.
[I 2026-04-21 10:29:26,493] Trial 3 finished with value: 1.0 and parameters: {'var_smoothing': 6.874194498027403e-09}. Best is trial 0 with value: 1.0.
[I 2026-04-21 10:29:26,505] Trial 4 finished with value: 1.0 and parameters: {'var_smoothing': 9.480306482679771e-10}. Best is trial 0 with value: 1.0.
[I 2026-04-21 10:29:26,518] Trial 5 finished with value: 1.0 and parameters: {'var_smoothing': 1.6729683536668864e-09}. Best is trial 0 with value: 1.0.
[I 2026-04-21 10:29:26,532] Trial 6 finished with value: 1.0 and parameters: {'var_smoothing': 3.402637726935598e-09}. Best is trial 0 with value: 1.0.
[I 2026-04-21 10:29:26,545] Trial 7 finished with value: 1.0 and parameters: {'var_smoothing': 1.0885189040847657e-09}. Best is trial 0 with value: 1.0.
[I 2026-04-21 10:29:26,560] Trial 8 finished with value: 1.0 and parameters: {'var_smoothing': 3.922843686541149e-10}. Best is trial 0 with value: 1.0.
[I 2026-04-21 10:29:26,572] Trial 9 finished with value: 1.0 and parameters: {'var_smoothing': 2.3737908819373785e-10}. Best is trial 0 with value: 1.0.
[I 2026-04-21 10:29:26,589] Trial 10 finished with value: 1.0 and parameters: {'var_smoothing': 1.005826617097841e-10}. Best is trial 0 with value: 1.0.
[I 2026-04-21 10:29:26,609] Trial 11 finished with value: 1.0 and parameters: {'var_smoothing': 8.246040091550826e-09}. Best is trial 0 with value: 1.0.
[I 2026-04-21 10:29:26,626] Trial 12 finished with value: 1.0 and parameters: {'var_smoothing': 5.714429769091136e-10}. Best is trial 0 with value: 1.0.
[I 2026-04-21 10:29:26,644] Trial 13 finished with value: 1.0 and parameters: {'var_smoothing': 3.0046394488828834e-09}. Best is trial 0 with value: 1.0.
[I 2026-04-21 10:29:26,660] Trial 14 finished with value: 1.0 and parameters: {'var_smoothing': 1.0161521526134228e-10}. Best is trial 0 with value: 1.0.
[I 2026-04-21 10:29:26,680] Trial 15 finished with value: 1.0 and parameters: {'var_smoothing': 3.455011319435438e-09}. Best is trial 0 with value: 1.0.
[I 2026-04-21 10:29:26,700] Trial 16 finished with value: 1.0 and parameters: {'var_smoothing': 2.2038800241203009e-10}. Best is trial 0 with value: 1.0.
[I 2026-04-21 10:29:26,720] Trial 17 finished with value: 1.0 and parameters: {'var_smoothing': 1.8515987176145925e-09}. Best is trial 0 with value: 1.0.
[I 2026-04-21 10:29:26,740] Trial 18 finished with value: 1.0 and parameters: {'var_smoothing': 5.024285700153026e-10}. Best is trial 0 with value: 1.0.
[I 2026-04-21 10:29:26,760] Trial 19 finished with value: 1.0 and parameters: {'var_smoothing': 4.958025424412893e-09}. Best is trial 0 with value: 1.0.
[I 2026-04-21 10:29:26,779] Trial 20 finished with value: 1.0 and parameters: {'var_smoothing': 8.344000526157384e-10}. Best is trial 0 with value: 1.0.
[I 2026-04-21 10:29:26,796] Trial 21 finished with value: 1.0 and parameters: {'var_smoothing': 2.46080689865309e-10}. Best is trial 0 with value: 1.0.
[I 2026-04-21 10:29:26,812] Trial 22 finished with value: 1.0 and parameters: {'var_smoothing': 1.4445108350594728e-10}. Best is trial 0 with value: 1.0.
[I 2026-04-21 10:29:26,832] Trial 23 finished with value: 1.0 and parameters: {'var_smoothing': 3.3715577896606737e-10}. Best is trial 0 with value: 1.0.
[I 2026-04-21 10:29:26,847] Trial 24 finished with value: 1.0 and parameters: {'var_smoothing': 1.572466431855027e-10}. Best is trial 0 with value: 1.0.
[I 2026-04-21 10:29:26,868] Trial 25 finished with value: 1.0 and parameters: {'var_smoothing': 7.281746293576245e-10}. Best is trial 0 with value: 1.0.
[I 2026-04-21 10:29:26,890] Trial 26 finished with value: 1.0 and parameters: {'var_smoothing': 3.386254640873244e-10}. Best is trial 0 with value: 1.0.
[I 2026-04-21 10:29:26,906] Trial 27 finished with value: 1.0 and parameters: {'var_smoothing': 1.3918180959975328e-09}. Best is trial 0 with value: 1.0.
[I 2026-04-21 10:29:26,927] Trial 28 finished with value: 1.0 and parameters: {'var_smoothing': 2.3715836084533434e-09}. Best is trial 0 with value: 1.0.
[I 2026-04-21 10:29:26,947] Trial 29 finished with value: 1.0 and parameters: {'var_smoothing': 9.477075781575649e-09}. Best is trial 0 with value: 1.0.
[I 2026-04-21 10:29:26,985] A new study created in memory with name: logreg
[I 2026-04-21 10:29:27,008] Trial 0 finished with value: 0.95 and parameters: {'C': 0.012881482725481003, 'penalty': 'l2'}. Best is trial 0 with value: 0.95.
[I 2026-04-21 10:29:27,031] Trial 1 finished with value: 1.0 and parameters: {'C': 22.576755560681583, 'penalty': 'l2'}. Best is trial 1 with value: 1.0.
[I 2026-04-21 10:29:27,044] Trial 2 finished with value: 0.95 and parameters: {'C': 0.010804278656839932, 'penalty': 'l2'}. Best is trial 1 with value: 1.0.
[I 2026-04-21 10:29:27,067] Trial 3 finished with value: 1.0 and parameters: {'C': 39.17910760336117, 'penalty': 'l2'}. Best is trial 1 with value: 1.0.
[I 2026-04-21 10:29:27,092] Trial 4 finished with value: 0.95 and parameters: {'C': 0.2767298094062571, 'penalty': 'l2'}. Best is trial 1 with value: 1.0.
[I 2026-04-21 10:29:27,119] Trial 5 finished with value: 0.95 and parameters: {'C': 1.1447728330837224, 'penalty': 'l2'}. Best is trial 1 with value: 1.0.
[I 2026-04-21 10:29:27,133] Trial 6 finished with value: 1.0 and parameters: {'C': 6.753661388238877, 'penalty': 'l2'}. Best is trial 1 with value: 1.0.
[I 2026-04-21 10:29:27,158] Trial 7 finished with value: 0.95 and parameters: {'C': 0.39092184460352974, 'penalty': 'l2'}. Best is trial 1 with value: 1.0.
[I 2026-04-21 10:29:27,184] Trial 8 finished with value: 0.95 and parameters: {'C': 0.03047912590082646, 'penalty': 'l2'}. Best is trial 1 with value: 1.0.
[I 2026-04-21 10:29:27,211] Trial 9 finished with value: 0.95 and parameters: {'C': 0.008681727362499118, 'penalty': 'l2'}. Best is trial 1 with value: 1.0.
[I 2026-04-21 10:29:27,233] Trial 10 finished with value: 1.0 and parameters: {'C': 90.29867735508974, 'penalty': 'l2'}. Best is trial 1 with value: 1.0.
[I 2026-04-21 10:29:27,265] Trial 11 finished with value: 1.0 and parameters: {'C': 65.31936101889447, 'penalty': 'l2'}. Best is trial 1 with value: 1.0.
[I 2026-04-21 10:29:27,294] Trial 12 finished with value: 1.0 and parameters: {'C': 10.276946066829701, 'penalty': 'l2'}. Best is trial 1 with value: 1.0.
[I 2026-04-21 10:29:27,313] Trial 13 finished with value: 1.0 and parameters: {'C': 11.979406337571666, 'penalty': 'l2'}. Best is trial 1 with value: 1.0.
[I 2026-04-21 10:29:27,345] Trial 14 finished with value: 1.0 and parameters: {'C': 3.103885131392604, 'penalty': 'l2'}. Best is trial 1 with value: 1.0.
[I 2026-04-21 10:29:27,383] Trial 15 finished with value: 1.0 and parameters: {'C': 27.368605040072197, 'penalty': 'l2'}. Best is trial 1 with value: 1.0.
[I 2026-04-21 10:29:27,414] Trial 16 finished with value: 0.95 and parameters: {'C': 0.13344077328067044, 'penalty': 'l2'}. Best is trial 1 with value: 1.0.
[I 2026-04-21 10:29:27,444] Trial 17 finished with value: 0.85 and parameters: {'C': 0.0021318879744765045, 'penalty': 'l2'}. Best is trial 1 with value: 1.0.
[I 2026-04-21 10:29:27,462] Trial 18 finished with value: 0.95 and parameters: {'C': 1.8056426094216929, 'penalty': 'l2'}. Best is trial 1 with value: 1.0.
[I 2026-04-21 10:29:27,491] Trial 19 finished with value: 1.0 and parameters: {'C': 30.717532996538623, 'penalty': 'l2'}. Best is trial 1 with value: 1.0.
[I 2026-04-21 10:29:27,523] Trial 20 finished with value: 1.0 and parameters: {'C': 26.828467218463196, 'penalty': 'l2'}. Best is trial 1 with value: 1.0.
[I 2026-04-21 10:29:27,554] Trial 21 finished with value: 1.0 and parameters: {'C': 6.575022661419543, 'penalty': 'l2'}. Best is trial 1 with value: 1.0.
[I 2026-04-21 10:29:27,580] Trial 22 finished with value: 1.0 and parameters: {'C': 6.706002052218645, 'penalty': 'l2'}. Best is trial 1 with value: 1.0.
[I 2026-04-21 10:29:27,609] Trial 23 finished with value: 0.95 and parameters: {'C': 1.0520140014393538, 'penalty': 'l2'}. Best is trial 1 with value: 1.0.
[I 2026-04-21 10:29:27,638] Trial 24 finished with value: 1.0 and parameters: {'C': 3.6445756570030685, 'penalty': 'l2'}. Best is trial 1 with value: 1.0.
[I 2026-04-21 10:29:27,657] Trial 25 finished with value: 1.0 and parameters: {'C': 17.082216857428726, 'penalty': 'l2'}. Best is trial 1 with value: 1.0.
[I 2026-04-21 10:29:27,689] Trial 26 finished with value: 1.0 and parameters: {'C': 56.7308368250939, 'penalty': 'l2'}. Best is trial 1 with value: 1.0.
[I 2026-04-21 10:29:27,710] Trial 27 finished with value: 1.0 and parameters: {'C': 90.92850063115274, 'penalty': 'l2'}. Best is trial 1 with value: 1.0.
[I 2026-04-21 10:29:27,737] Trial 28 finished with value: 1.0 and parameters: {'C': 4.5001096867475, 'penalty': 'l2'}. Best is trial 1 with value: 1.0.
[I 2026-04-21 10:29:27,768] Trial 29 finished with value: 1.0 and parameters: {'C': 36.84947876004624, 'penalty': 'l2'}. Best is trial 1 with value: 1.0.
[I 2026-04-21 10:29:27,811] A new study created in memory with name: knn
[I 2026-04-21 10:29:27,824] Trial 0 finished with value: 0.65 and parameters: {'n_neighbors': 4, 'leaf_size': 38, 'p': 2}. Best is trial 0 with value: 0.65.
[I 2026-04-21 10:29:27,839] Trial 1 finished with value: 0.75 and parameters: {'n_neighbors': 6, 'leaf_size': 32, 'p': 1}. Best is trial 1 with value: 0.75.
[I 2026-04-21 10:29:27,852] Trial 2 finished with value: 0.7 and parameters: {'n_neighbors': 5, 'leaf_size': 23, 'p': 2}. Best is trial 1 with value: 0.75.
[I 2026-04-21 10:29:27,865] Trial 3 finished with value: 0.75 and parameters: {'n_neighbors': 6, 'leaf_size': 23, 'p': 1}. Best is trial 1 with value: 0.75.
[I 2026-04-21 10:29:27,879] Trial 4 finished with value: 0.75 and parameters: {'n_neighbors': 6, 'leaf_size': 26, 'p': 1}. Best is trial 1 with value: 0.75.
[I 2026-04-21 10:29:27,893] Trial 5 finished with value: 0.8 and parameters: {'n_neighbors': 7, 'leaf_size': 25, 'p': 1}. Best is trial 5 with value: 0.8.
[I 2026-04-21 10:29:27,907] Trial 6 finished with value: 0.7 and parameters: {'n_neighbors': 5, 'leaf_size': 23, 'p': 2}. Best is trial 5 with value: 0.8.
[I 2026-04-21 10:29:27,921] Trial 7 finished with value: 0.55 and parameters: {'n_neighbors': 10, 'leaf_size': 23, 'p': 2}. Best is trial 5 with value: 0.8.
[I 2026-04-21 10:29:27,935] Trial 8 finished with value: 0.55 and parameters: {'n_neighbors': 8, 'leaf_size': 36, 'p': 2}. Best is trial 5 with value: 0.8.
[I 2026-04-21 10:29:27,950] Trial 9 finished with value: 0.7 and parameters: {'n_neighbors': 3, 'leaf_size': 30, 'p': 2}. Best is trial 5 with value: 0.8.
[I 2026-04-21 10:29:27,973] Trial 10 finished with value: 0.65 and parameters: {'n_neighbors': 8, 'leaf_size': 29, 'p': 1}. Best is trial 5 with value: 0.8.
[I 2026-04-21 10:29:27,995] Trial 11 finished with value: 0.65 and parameters: {'n_neighbors': 8, 'leaf_size': 32, 'p': 1}. Best is trial 5 with value: 0.8.
[I 2026-04-21 10:29:28,018] Trial 12 finished with value: 0.8 and parameters: {'n_neighbors': 7, 'leaf_size': 33, 'p': 1}. Best is trial 5 with value: 0.8.
[I 2026-04-21 10:29:28,042] Trial 13 finished with value: 0.85 and parameters: {'n_neighbors': 9, 'leaf_size': 27, 'p': 1}. Best is trial 13 with value: 0.85.
[I 2026-04-21 10:29:28,065] Trial 14 finished with value: 0.75 and parameters: {'n_neighbors': 10, 'leaf_size': 27, 'p': 1}. Best is trial 13 with value: 0.85.
[I 2026-04-21 10:29:28,087] Trial 15 finished with value: 0.85 and parameters: {'n_neighbors': 9, 'leaf_size': 26, 'p': 1}. Best is trial 13 with value: 0.85.
