[I 2026-04-21 10:32:34,245] Trial 11 finished with value: 0.45 and parameters: {'C': 85.03243023158656, 'gamma': 0.00011086875428339677}. Best is trial 10 with value: 0.45.
[I 2026-04-21 10:32:34,269] Trial 12 finished with value: 0.45 and parameters: {'C': 80.01841510290937, 'gamma': 0.00011698490787338777}. Best is trial 10 with value: 0.45.
[I 2026-04-21 10:32:34,302] Trial 13 finished with value: 0.5 and parameters: {'C': 7.272181742688688, 'gamma': 0.000582009164639594}. Best is trial 13 with value: 0.5.
[I 2026-04-21 10:32:34,324] Trial 14 finished with value: 0.5 and parameters: {'C': 6.216958648502451, 'gamma': 0.0005771101494967937}. Best is trial 13 with value: 0.5.
[I 2026-04-21 10:32:34,346] Trial 15 finished with value: 0.5 and parameters: {'C': 5.98264495267015, 'gamma': 0.00067784795824241}. Best is trial 13 with value: 0.5.
[I 2026-04-21 10:32:34,381] Trial 16 finished with value: 0.45 and parameters: {'C': 3.2002685643795457, 'gamma': 0.0006856447433152785}. Best is trial 13 with value: 0.5.
[I 2026-04-21 10:32:34,403] Trial 17 finished with value: 0.5 and parameters: {'C': 0.13503234955978005, 'gamma': 0.0006024964745512692}. Best is trial 13 with value: 0.5.
[I 2026-04-21 10:32:34,427] Trial 18 finished with value: 0.4 and parameters: {'C': 10.400659562623774, 'gamma': 0.001462645863297097}. Best is trial 13 with value: 0.5.
[I 2026-04-21 10:32:34,448] Trial 19 finished with value: 0.5 and parameters: {'C': 0.013103877820334748, 'gamma': 0.00047949804622718443}. Best is trial 13 with value: 0.5.
[I 2026-04-21 10:32:34,481] Trial 20 finished with value: 0.5 and parameters: {'C': 2.43286837620505, 'gamma': 0.00030212257636416326}. Best is trial 13 with value: 0.5.
[I 2026-04-21 10:32:34,516] Trial 21 finished with value: 0.45 and parameters: {'C': 6.023649282726308, 'gamma': 0.0013712366855113077}. Best is trial 13 with value: 0.5.
[I 2026-04-21 10:32:34,542] Trial 22 finished with value: 0.35 and parameters: {'C': 8.095527916265665, 'gamma': 0.003873133993279424}. Best is trial 13 with value: 0.5.
[I 2026-04-21 10:32:34,566] Trial 23 finished with value: 0.5 and parameters: {'C': 0.5075785417631246, 'gamma': 0.00029942981262895434}. Best is trial 13 with value: 0.5.
[I 2026-04-21 10:32:34,587] Trial 24 finished with value: 0.5 and parameters: {'C': 12.005671071009031, 'gamma': 0.0009836402995933766}. Best is trial 13 with value: 0.5.
[I 2026-04-21 10:32:34,611] Trial 25 finished with value: 0.25 and parameters: {'C': 2.8435236271325897, 'gamma': 0.010044476589891976}. Best is trial 13 with value: 0.5.
[I 2026-04-21 10:32:34,632] Trial 26 finished with value: 0.45 and parameters: {'C': 5.657467157678867, 'gamma': 0.0003039379578055136}. Best is trial 13 with value: 0.5.
[I 2026-04-21 10:32:34,655] Trial 27 finished with value: 0.35 and parameters: {'C': 37.29939325517897, 'gamma': 0.0019948206867328056}. Best is trial 13 with value: 0.5.
[I 2026-04-21 10:32:34,679] Trial 28 finished with value: 0.35 and parameters: {'C': 1.6560152248263051, 'gamma': 0.00935638535958938}. Best is trial 13 with value: 0.5.
[I 2026-04-21 10:32:34,701] Trial 29 finished with value: 0.35 and parameters: {'C': 20.63000739303632, 'gamma': 0.0025303721030276423}. Best is trial 13 with value: 0.5.
[I 2026-04-21 10:32:34,751] A new study created in memory with name: naive_bayes
[I 2026-04-21 10:32:34,764] Trial 0 finished with value: 0.4 and parameters: {'var_smoothing': 6.10548688762798e-09}. Best is trial 0 with value: 0.4.
[I 2026-04-21 10:32:34,787] Trial 1 finished with value: 0.4 and parameters: {'var_smoothing': 4.6127467400935034e-10}. Best is trial 0 with value: 0.4.
[I 2026-04-21 10:32:34,801] Trial 2 finished with value: 0.4 and parameters: {'var_smoothing': 4.389936579400967e-09}. Best is trial 0 with value: 0.4.
[I 2026-04-21 10:32:34,814] Trial 3 finished with value: 0.4 and parameters: {'var_smoothing': 1.2116948204672054e-10}. Best is trial 0 with value: 0.4.
[I 2026-04-21 10:32:34,827] Trial 4 finished with value: 0.4 and parameters: {'var_smoothing': 1.6417739478477417e-10}. Best is trial 0 with value: 0.4.
[I 2026-04-21 10:32:34,839] Trial 5 finished with value: 0.4 and parameters: {'var_smoothing': 1.5491880147236797e-09}. Best is trial 0 with value: 0.4.
[I 2026-04-21 10:32:34,853] Trial 6 finished with value: 0.4 and parameters: {'var_smoothing': 1.1471883405287265e-09}. Best is trial 0 with value: 0.4.
[I 2026-04-21 10:32:34,867] Trial 7 finished with value: 0.4 and parameters: {'var_smoothing': 6.88041853492358e-10}. Best is trial 0 with value: 0.4.
[I 2026-04-21 10:32:34,881] Trial 8 finished with value: 0.4 and parameters: {'var_smoothing': 4.686144741221158e-10}. Best is trial 0 with value: 0.4.
[I 2026-04-21 10:32:34,894] Trial 9 finished with value: 0.4 and parameters: {'var_smoothing': 1.7580809350683337e-09}. Best is trial 0 with value: 0.4.
[I 2026-04-21 10:32:34,912] Trial 10 finished with value: 0.4 and parameters: {'var_smoothing': 9.83902635509218e-09}. Best is trial 0 with value: 0.4.
[I 2026-04-21 10:32:34,929] Trial 11 finished with value: 0.4 and parameters: {'var_smoothing': 2.660399871603373e-10}. Best is trial 0 with value: 0.4.
[I 2026-04-21 10:32:34,949] Trial 12 finished with value: 0.4 and parameters: {'var_smoothing': 9.276268851540963e-09}. Best is trial 0 with value: 0.4.
[I 2026-04-21 10:32:34,968] Trial 13 finished with value: 0.4 and parameters: {'var_smoothing': 2.9844010685221692e-09}. Best is trial 0 with value: 0.4.
[I 2026-04-21 10:32:34,986] Trial 14 finished with value: 0.4 and parameters: {'var_smoothing': 3.8923309717334116e-10}. Best is trial 0 with value: 0.4.
[I 2026-04-21 10:32:35,015] Trial 15 finished with value: 0.4 and parameters: {'var_smoothing': 3.85461066627204e-09}. Best is trial 0 with value: 0.4.
[I 2026-04-21 10:32:35,036] Trial 16 finished with value: 0.4 and parameters: {'var_smoothing': 7.120907275009211e-10}. Best is trial 0 with value: 0.4.
[I 2026-04-21 10:32:35,057] Trial 17 finished with value: 0.4 and parameters: {'var_smoothing': 2.412486610614855e-10}. Best is trial 0 with value: 0.4.
[I 2026-04-21 10:32:35,077] Trial 18 finished with value: 0.4 and parameters: {'var_smoothing': 2.3580860166954074e-09}. Best is trial 0 with value: 0.4.
[I 2026-04-21 10:32:35,094] Trial 19 finished with value: 0.4 and parameters: {'var_smoothing': 5.846846875339535e-09}. Best is trial 0 with value: 0.4.
[I 2026-04-21 10:32:35,112] Trial 20 finished with value: 0.4 and parameters: {'var_smoothing': 1.0486521320383776e-09}. Best is trial 0 with value: 0.4.
[I 2026-04-21 10:32:35,128] Trial 21 finished with value: 0.4 and parameters: {'var_smoothing': 4.9491450263339475e-09}. Best is trial 0 with value: 0.4.
[I 2026-04-21 10:32:35,146] Trial 22 finished with value: 0.4 and parameters: {'var_smoothing': 6.667992141406306e-09}. Best is trial 0 with value: 0.4.
[I 2026-04-21 10:32:35,165] Trial 23 finished with value: 0.4 and parameters: {'var_smoothing': 3.2795712712135213e-09}. Best is trial 0 with value: 0.4.
[I 2026-04-21 10:32:35,185] Trial 24 finished with value: 0.4 and parameters: {'var_smoothing': 6.403538416287158e-10}. Best is trial 0 with value: 0.4.
[I 2026-04-21 10:32:35,202] Trial 25 finished with value: 0.4 and parameters: {'var_smoothing': 2.1589819023851477e-09}. Best is trial 0 with value: 0.4.
[I 2026-04-21 10:32:35,222] Trial 26 finished with value: 0.4 and parameters: {'var_smoothing': 3.912617821024548e-09}. Best is trial 0 with value: 0.4.
[I 2026-04-21 10:32:35,243] Trial 27 finished with value: 0.4 and parameters: {'var_smoothing': 7.162139101012446e-09}. Best is trial 0 with value: 0.4.
[I 2026-04-21 10:32:35,260] Trial 28 finished with value: 0.4 and parameters: {'var_smoothing': 1.3883316815746274e-09}. Best is trial 0 with value: 0.4.
[I 2026-04-21 10:32:35,278] Trial 29 finished with value: 0.4 and parameters: {'var_smoothing': 4.1751754503046387e-10}. Best is trial 0 with value: 0.4.
[I 2026-04-21 10:32:35,317] A new study created in memory with name: logreg
[I 2026-04-21 10:32:35,341] Trial 0 finished with value: 0.4 and parameters: {'C': 29.127335430981816, 'penalty': 'l2'}. Best is trial 0 with value: 0.4.
[I 2026-04-21 10:32:35,367] Trial 1 finished with value: 0.4 and parameters: {'C': 0.045698192893558344, 'penalty': 'l2'}. Best is trial 0 with value: 0.4.
[I 2026-04-21 10:32:35,393] Trial 2 finished with value: 0.4 and parameters: {'C': 12.768668597712947, 'penalty': 'l2'}. Best is trial 0 with value: 0.4.
[I 2026-04-21 10:32:35,419] Trial 3 finished with value: 0.5 and parameters: {'C': 0.0016161554408462638, 'penalty': 'l2'}. Best is trial 3 with value: 0.5.
[I 2026-04-21 10:32:35,434] Trial 4 finished with value: 0.45 and parameters: {'C': 0.0034536903703241734, 'penalty': 'l2'}. Best is trial 3 with value: 0.5.
[I 2026-04-21 10:32:35,459] Trial 5 finished with value: 0.5 and parameters: {'C': 0.9446269266990148, 'penalty': 'l2'}. Best is trial 3 with value: 0.5.
[I 2026-04-21 10:32:35,474] Trial 6 finished with value: 0.45 and parameters: {'C': 0.4457453393648168, 'penalty': 'l2'}. Best is trial 3 with value: 0.5.
[I 2026-04-21 10:32:35,489] Trial 7 finished with value: 0.45 and parameters: {'C': 0.12417585037258261, 'penalty': 'l2'}. Best is trial 3 with value: 0.5.
[I 2026-04-21 10:32:35,515] Trial 8 finished with value: 0.35 and parameters: {'C': 0.04753781830244093, 'penalty': 'l2'}. Best is trial 3 with value: 0.5.
[I 2026-04-21 10:32:35,539] Trial 9 finished with value: 0.5 and parameters: {'C': 1.2959766028194148, 'penalty': 'l2'}. Best is trial 3 with value: 0.5.
[I 2026-04-21 10:32:35,571] Trial 10 finished with value: 0.45 and parameters: {'C': 0.0027493237597083523, 'penalty': 'l2'}. Best is trial 3 with value: 0.5.
[I 2026-04-21 10:32:35,602] Trial 11 finished with value: 0.45 and parameters: {'C': 2.8441114546918036, 'penalty': 'l2'}. Best is trial 3 with value: 0.5.
[I 2026-04-21 10:32:35,621] Trial 12 finished with value: 0.4 and parameters: {'C': 0.0128140592958035, 'penalty': 'l2'}. Best is trial 3 with value: 0.5.
[I 2026-04-21 10:32:35,638] Trial 13 finished with value: 0.5 and parameters: {'C': 0.0011376573049836918, 'penalty': 'l2'}. Best is trial 3 with value: 0.5.
[I 2026-04-21 10:32:35,669] Trial 14 finished with value: 0.45 and parameters: {'C': 3.1185832471126442, 'penalty': 'l2'}. Best is trial 3 with value: 0.5.
[I 2026-04-21 10:32:35,699] Trial 15 finished with value: 0.4 and parameters: {'C': 96.32399363633401, 'penalty': 'l2'}. Best is trial 3 with value: 0.5.
[I 2026-04-21 10:32:35,717] Trial 16 finished with value: 0.45 and parameters: {'C': 0.3827584811789688, 'penalty': 'l2'}. Best is trial 3 with value: 0.5.
[I 2026-04-21 10:32:35,734] Trial 17 finished with value: 0.35 and parameters: {'C': 0.014940691753423295, 'penalty': 'l2'}. Best is trial 3 with value: 0.5.
[I 2026-04-21 10:32:35,766] Trial 18 finished with value: 0.5 and parameters: {'C': 0.9776477769673213, 'penalty': 'l2'}. Best is trial 3 with value: 0.5.
[I 2026-04-21 10:32:35,796] Trial 19 finished with value: 0.4 and parameters: {'C': 7.01051089612761, 'penalty': 'l2'}. Best is trial 3 with value: 0.5.
[I 2026-04-21 10:32:35,827] Trial 20 finished with value: 0.4 and parameters: {'C': 0.09814660887038379, 'penalty': 'l2'}. Best is trial 3 with value: 0.5.
[I 2026-04-21 10:32:35,857] Trial 21 finished with value: 0.5 and parameters: {'C': 1.2624471677708902, 'penalty': 'l2'}. Best is trial 3 with value: 0.5.
[I 2026-04-21 10:32:35,885] Trial 22 finished with value: 0.5 and parameters: {'C': 1.0615895674821103, 'penalty': 'l2'}. Best is trial 3 with value: 0.5.
[I 2026-04-21 10:32:35,912] Trial 23 finished with value: 0.45 and parameters: {'C': 0.18712537463719908, 'penalty': 'l2'}. Best is trial 3 with value: 0.5.
[I 2026-04-21 10:32:35,942] Trial 24 finished with value: 0.45 and parameters: {'C': 3.156178622822777, 'penalty': 'l2'}. Best is trial 3 with value: 0.5.
[I 2026-04-21 10:32:35,970] Trial 25 finished with value: 0.45 and parameters: {'C': 0.43729380938409596, 'penalty': 'l2'}. Best is trial 3 with value: 0.5.
[I 2026-04-21 10:32:35,997] Trial 26 finished with value: 0.4 and parameters: {'C': 8.893254997489429, 'penalty': 'l2'}. Best is trial 3 with value: 0.5.
[I 2026-04-21 10:32:36,024] Trial 27 finished with value: 0.35 and parameters: {'C': 0.014293146277839347, 'penalty': 'l2'}. Best is trial 3 with value: 0.5.
[I 2026-04-21 10:32:36,042] Trial 28 finished with value: 0.45 and parameters: {'C': 1.7436530045008032, 'penalty': 'l2'}. Best is trial 3 with value: 0.5.
[I 2026-04-21 10:32:36,072] Trial 29 finished with value: 0.4 and parameters: {'C': 44.48186494857489, 'penalty': 'l2'}. Best is trial 3 with value: 0.5.
[I 2026-04-21 10:32:36,112] A new study created in memory with name: knn
[I 2026-04-21 10:32:36,128] Trial 0 finished with value: 0.4 and parameters: {'n_neighbors': 10, 'leaf_size': 26, 'p': 1}. Best is trial 0 with value: 0.4.
[I 2026-04-21 10:32:36,142] Trial 1 finished with value: 0.35 and parameters: {'n_neighbors': 3, 'leaf_size': 32, 'p': 1}. Best is trial 0 with value: 0.4.
[I 2026-04-21 10:32:36,157] Trial 2 finished with value: 0.5 and parameters: {'n_neighbors': 5, 'leaf_size': 33, 'p': 2}. Best is trial 2 with value: 0.5.
[I 2026-04-21 10:32:36,170] Trial 3 finished with value: 0.6 and parameters: {'n_neighbors': 7, 'leaf_size': 32, 'p': 2}. Best is trial 3 with value: 0.6.
[I 2026-04-21 10:32:36,183] Trial 4 finished with value: 0.45 and parameters: {'n_neighbors': 9, 'leaf_size': 28, 'p': 1}. Best is trial 3 with value: 0.6.
[I 2026-04-21 10:32:36,197] Trial 5 finished with value: 0.35 and parameters: {'n_neighbors': 3, 'leaf_size': 35, 'p': 1}. Best is trial 3 with value: 0.6.
[I 2026-04-21 10:32:36,212] Trial 6 finished with value: 0.5 and parameters: {'n_neighbors': 8, 'leaf_size': 31, 'p': 2}. Best is trial 3 with value: 0.6.
[I 2026-04-21 10:32:36,237] Trial 7 finished with value: 0.4 and parameters: {'n_neighbors': 6, 'leaf_size': 24, 'p': 2}. Best is trial 3 with value: 0.6.
[I 2026-04-21 10:32:36,252] Trial 8 finished with value: 0.5 and parameters: {'n_neighbors': 5, 'leaf_size': 34, 'p': 2}. Best is trial 3 with value: 0.6.
[I 2026-04-21 10:32:36,266] Trial 9 finished with value: 0.3 and parameters: {'n_neighbors': 10, 'leaf_size': 27, 'p': 2}. Best is trial 3 with value: 0.6.
[I 2026-04-21 10:32:36,290] Trial 10 finished with value: 0.6 and parameters: {'n_neighbors': 7, 'leaf_size': 40, 'p': 2}. Best is trial 3 with value: 0.6.
[I 2026-04-21 10:32:36,312] Trial 11 finished with value: 0.6 and parameters: {'n_neighbors': 7, 'leaf_size': 40, 'p': 2}. Best is trial 3 with value: 0.6.
[I 2026-04-21 10:32:36,336] Trial 12 finished with value: 0.6 and parameters: {'n_neighbors': 7, 'leaf_size': 40, 'p': 2}. Best is trial 3 with value: 0.6.
[I 2026-04-21 10:32:36,364] Trial 13 finished with value: 0.5 and parameters: {'n_neighbors': 8, 'leaf_size': 20, 'p': 2}. Best is trial 3 with value: 0.6.
[I 2026-04-21 10:32:36,387] Trial 14 finished with value: 0.4 and parameters: {'n_neighbors': 6, 'leaf_size': 37, 'p': 2}. Best is trial 3 with value: 0.6.
[I 2026-04-21 10:32:36,410] Trial 15 finished with value: 0.5 and parameters: {'n_neighbors': 8, 'leaf_size': 37, 'p': 2}. Best is trial 3 with value: 0.6.
[I 2026-04-21 10:32:36,436] Trial 16 finished with value: 0.5 and parameters: {'n_neighbors': 5, 'leaf_size': 37, 'p': 2}. Best is trial 3 with value: 0.6.
[I 2026-04-21 10:32:36,458] Trial 17 finished with value: 0.6 and parameters: {'n_neighbors': 7, 'leaf_size': 22, 'p': 2}. Best is trial 3 with value: 0.6.
[I 2026-04-21 10:32:36,481] Trial 18 finished with value: 0.5 and parameters: {'n_neighbors': 4, 'leaf_size': 29, 'p': 1}. Best is trial 3 with value: 0.6.
[I 2026-04-21 10:32:36,505] Trial 19 finished with value: 0.45 and parameters: {'n_neighbors': 9, 'leaf_size': 30, 'p': 2}. Best is trial 3 with value: 0.6.
[I 2026-04-21 10:32:36,535] Trial 20 finished with value: 0.4 and parameters: {'n_neighbors': 6, 'leaf_size': 35, 'p': 2}. Best is trial 3 with value: 0.6.
[I 2026-04-21 10:32:36,561] Trial 21 finished with value: 0.6 and parameters: {'n_neighbors': 7, 'leaf_size': 40, 'p': 2}. Best is trial 3 with value: 0.6.
[I 2026-04-21 10:32:36,585] Trial 22 finished with value: 0.6 and parameters: {'n_neighbors': 7, 'leaf_size': 39, 'p': 2}. Best is trial 3 with value: 0.6.
[I 2026-04-21 10:32:36,610] Trial 23 finished with value: 0.5 and parameters: {'n_neighbors': 8, 'leaf_size': 38, 'p': 2}. Best is trial 3 with value: 0.6.
[I 2026-04-21 10:32:36,634] Trial 24 finished with value: 0.45 and parameters: {'n_neighbors': 9, 'leaf_size': 36, 'p': 2}. Best is trial 3 with value: 0.6.
[I 2026-04-21 10:32:36,659] Trial 25 finished with value: 0.4 and parameters: {'n_neighbors': 6, 'leaf_size': 40, 'p': 2}. Best is trial 3 with value: 0.6.
[I 2026-04-21 10:32:36,685] Trial 26 finished with value: 0.55 and parameters: {'n_neighbors': 7, 'leaf_size': 38, 'p': 1}. Best is trial 3 with value: 0.6.
[I 2026-04-21 10:32:36,710] Trial 27 finished with value: 0.5 and parameters: {'n_neighbors': 8, 'leaf_size': 33, 'p': 2}. Best is trial 3 with value: 0.6.
[I 2026-04-21 10:32:36,745] Trial 28 finished with value: 0.5 and parameters: {'n_neighbors': 5, 'leaf_size': 24, 'p': 2}. Best is trial 3 with value: 0.6.
[I 2026-04-21 10:32:36,770] Trial 29 finished with value: 0.45 and parameters: {'n_neighbors': 9, 'leaf_size': 25, 'p': 1}. Best is trial 3 with value: 0.6.
[I 2026-04-21 10:32:36,819] A new study created in memory with name: xgb
[I 2026-04-21 10:32:36,844] Trial 0 finished with value: 0.4 and parameters: {'n_estimators': 10, 'max_depth': 30, 'gamma': 0.5768356259735394, 'subsample': 0.7094037142783272, 'colsample_bytree': 0.6677039246366646}. Best is trial 0 with value: 0.4.
[I 2026-04-21 10:32:36,872] Trial 1 finished with value: 0.45 and parameters: {'n_estimators': 100, 'max_depth': 30, 'gamma': 0.9912018442360747, 'subsample': 0.9099290984609207, 'colsample_bytree': 0.7066004674080903}. Best is trial 1 with value: 0.45.
[I 2026-04-21 10:32:36,898] Trial 2 finished with value: 0.6 and parameters: {'n_estimators': 10, 'max_depth': 20, 'gamma': 0.7382185757030506, 'subsample': 0.7704684271512641, 'colsample_bytree': 0.5624120871903049}. Best is trial 2 with value: 0.6.
[I 2026-04-21 10:32:36,925] Trial 3 finished with value: 0.4 and parameters: {'n_estimators': 10, 'max_depth': 20, 'gamma': 0.7041784887453524, 'subsample': 0.7995029565695583, 'colsample_bytree': 0.8586660727777565}. Best is trial 2 with value: 0.6.
[I 2026-04-21 10:32:36,954] Trial 4 finished with value: 0.45 and parameters: {'n_estimators': 10, 'max_depth': 20, 'gamma': 0.46549701645255037, 'subsample': 0.9946899241400011, 'colsample_bytree': 0.725249640372583}. Best is trial 2 with value: 0.6.
[I 2026-04-21 10:32:36,982] Trial 5 finished with value: 0.4 and parameters: {'n_estimators': 40, 'max_depth': 20, 'gamma': 0.3554734452019276, 'subsample': 0.5947710951851903, 'colsample_bytree': 0.7356254823676576}. Best is trial 2 with value: 0.6.
[I 2026-04-21 10:32:37,007] Trial 6 finished with value: 0.4 and parameters: {'n_estimators': 40, 'max_depth': 20, 'gamma': 0.8967376717636345, 'subsample': 0.988276510203839, 'colsample_bytree': 0.9184542964535913}. Best is trial 2 with value: 0.6.
[I 2026-04-21 10:32:37,035] Trial 7 finished with value: 0.4 and parameters: {'n_estimators': 40, 'max_depth': 30, 'gamma': 0.7149068474388774, 'subsample': 0.5696358027454862, 'colsample_bytree': 0.8514125286992056}. Best is trial 2 with value: 0.6.
[I 2026-04-21 10:32:37,073] Trial 8 finished with value: 0.6 and parameters: {'n_estimators': 100, 'max_depth': 30, 'gamma': 0.2471398756881566, 'subsample': 0.8241126205332553, 'colsample_bytree': 0.6258070715852391}. Best is trial 2 with value: 0.6.
[I 2026-04-21 10:32:37,100] Trial 9 finished with value: 0.5 and parameters: {'n_estimators': 40, 'max_depth': 30, 'gamma': 0.8599846034069103, 'subsample': 0.8019332783535529, 'colsample_bytree': 0.7936068454878676}. Best is trial 2 with value: 0.6.
[I 2026-04-21 10:32:37,139] Trial 10 finished with value: 0.4 and parameters: {'n_estimators': 10, 'max_depth': 5, 'gamma': 0.11132541504315885, 'subsample': 0.676251899486003, 'colsample_bytree': 0.5127475876854589}. Best is trial 2 with value: 0.6.
[I 2026-04-21 10:32:37,188] Trial 11 finished with value: 0.55 and parameters: {'n_estimators': 100, 'max_depth': 5, 'gamma': 0.18690472049939755, 'subsample': 0.8491972473387666, 'colsample_bytree': 0.5773932789558922}. Best is trial 2 with value: 0.6.
[I 2026-04-21 10:32:37,238] Trial 12 finished with value: 0.5 and parameters: {'n_estimators': 100, 'max_depth': 30, 'gamma': 0.3273879186161104, 'subsample': 0.8836130003663432, 'colsample_bytree': 0.6018330028638902}. Best is trial 2 with value: 0.6.
[I 2026-04-21 10:32:37,278] Trial 13 finished with value: 0.4 and parameters: {'n_estimators': 100, 'max_depth': 20, 'gamma': 0.6311557959742791, 'subsample': 0.7441364419941842, 'colsample_bytree': 0.602495191779791}. Best is trial 2 with value: 0.6.
[I 2026-04-21 10:32:37,317] Trial 14 finished with value: 0.5 and parameters: {'n_estimators': 100, 'max_depth': 5, 'gamma': 0.4592327922803828, 'subsample': 0.6421390529591685, 'colsample_bytree': 0.5013541727082262}. Best is trial 2 with value: 0.6.
[I 2026-04-21 10:32:37,356] Trial 15 finished with value: 0.45 and parameters: {'n_estimators': 10, 'max_depth': 20, 'gamma': 0.2832409836034423, 'subsample': 0.5126758315622729, 'colsample_bytree': 0.6683713429667351}. Best is trial 2 with value: 0.6.
[I 2026-04-21 10:32:37,394] Trial 16 finished with value: 0.45 and parameters: {'n_estimators': 10, 'max_depth': 30, 'gamma': 0.7605096233409349, 'subsample': 0.784103538396215, 'colsample_bytree': 0.5710570474529844}. Best is trial 2 with value: 0.6.
