[I 2026-04-21 10:29:28,112] Trial 16 finished with value: 0.85 and parameters: {'n_neighbors': 9, 'leaf_size': 21, 'p': 1}. Best is trial 13 with value: 0.85.
[I 2026-04-21 10:29:28,136] Trial 17 finished with value: 0.85 and parameters: {'n_neighbors': 9, 'leaf_size': 20, 'p': 1}. Best is trial 13 with value: 0.85.
[I 2026-04-21 10:29:28,158] Trial 18 finished with value: 0.85 and parameters: {'n_neighbors': 9, 'leaf_size': 28, 'p': 1}. Best is trial 13 with value: 0.85.
[I 2026-04-21 10:29:28,181] Trial 19 finished with value: 0.75 and parameters: {'n_neighbors': 10, 'leaf_size': 26, 'p': 1}. Best is trial 13 with value: 0.85.
[I 2026-04-21 10:29:28,204] Trial 20 finished with value: 0.85 and parameters: {'n_neighbors': 9, 'leaf_size': 35, 'p': 1}. Best is trial 13 with value: 0.85.
[I 2026-04-21 10:29:28,227] Trial 21 finished with value: 0.85 and parameters: {'n_neighbors': 9, 'leaf_size': 20, 'p': 1}. Best is trial 13 with value: 0.85.
[I 2026-04-21 10:29:28,250] Trial 22 finished with value: 0.65 and parameters: {'n_neighbors': 8, 'leaf_size': 21, 'p': 1}. Best is trial 13 with value: 0.85.
[I 2026-04-21 10:29:28,276] Trial 23 finished with value: 0.75 and parameters: {'n_neighbors': 10, 'leaf_size': 25, 'p': 1}. Best is trial 13 with value: 0.85.
[I 2026-04-21 10:29:28,299] Trial 24 finished with value: 0.85 and parameters: {'n_neighbors': 9, 'leaf_size': 28, 'p': 1}. Best is trial 13 with value: 0.85.
[I 2026-04-21 10:29:28,322] Trial 25 finished with value: 0.8 and parameters: {'n_neighbors': 7, 'leaf_size': 22, 'p': 1}. Best is trial 13 with value: 0.85.
[I 2026-04-21 10:29:28,349] Trial 26 finished with value: 0.65 and parameters: {'n_neighbors': 8, 'leaf_size': 30, 'p': 1}. Best is trial 13 with value: 0.85.
[I 2026-04-21 10:29:28,372] Trial 27 finished with value: 0.85 and parameters: {'n_neighbors': 9, 'leaf_size': 25, 'p': 1}. Best is trial 13 with value: 0.85.
[I 2026-04-21 10:29:28,399] Trial 28 finished with value: 0.75 and parameters: {'n_neighbors': 10, 'leaf_size': 24, 'p': 1}. Best is trial 13 with value: 0.85.
[I 2026-04-21 10:29:28,426] Trial 29 finished with value: 0.55 and parameters: {'n_neighbors': 8, 'leaf_size': 40, 'p': 2}. Best is trial 13 with value: 0.85.
[I 2026-04-21 10:29:28,464] A new study created in memory with name: xgb
[I 2026-04-21 10:29:28,489] Trial 0 finished with value: 0.95 and parameters: {'n_estimators': 40, 'max_depth': 5, 'gamma': 0.789317070832284, 'subsample': 0.7592089939364717, 'colsample_bytree': 0.648400250788111}. Best is trial 0 with value: 0.95.
[I 2026-04-21 10:29:28,525] Trial 1 finished with value: 0.95 and parameters: {'n_estimators': 100, 'max_depth': 30, 'gamma': 0.34667781579300216, 'subsample': 0.7071175095405257, 'colsample_bytree': 0.6480399663668239}. Best is trial 0 with value: 0.95.
[I 2026-04-21 10:29:28,550] Trial 2 finished with value: 0.95 and parameters: {'n_estimators': 10, 'max_depth': 20, 'gamma': 0.3948075529198607, 'subsample': 0.5720821503267102, 'colsample_bytree': 0.5828064306006338}. Best is trial 0 with value: 0.95.
[I 2026-04-21 10:29:28,579] Trial 3 finished with value: 0.95 and parameters: {'n_estimators': 10, 'max_depth': 30, 'gamma': 0.8015631269999768, 'subsample': 0.5114665462195407, 'colsample_bytree': 0.788831429064878}. Best is trial 0 with value: 0.95.
[I 2026-04-21 10:29:28,618] Trial 4 finished with value: 0.95 and parameters: {'n_estimators': 100, 'max_depth': 5, 'gamma': 0.8834347783013348, 'subsample': 0.961374806972835, 'colsample_bytree': 0.5011071062662218}. Best is trial 0 with value: 0.95.
[I 2026-04-21 10:29:28,646] Trial 5 finished with value: 1.0 and parameters: {'n_estimators': 40, 'max_depth': 5, 'gamma': 0.5364379674896123, 'subsample': 0.5145557818363589, 'colsample_bytree': 0.5432628442011025}. Best is trial 5 with value: 1.0.
[I 2026-04-21 10:29:28,684] Trial 6 finished with value: 0.95 and parameters: {'n_estimators': 100, 'max_depth': 20, 'gamma': 0.6718205850237038, 'subsample': 0.9059511955902053, 'colsample_bytree': 0.9633413076219371}. Best is trial 5 with value: 1.0.
[I 2026-04-21 10:29:28,714] Trial 7 finished with value: 0.85 and parameters: {'n_estimators': 10, 'max_depth': 30, 'gamma': 0.8165284487704038, 'subsample': 0.5255714015506736, 'colsample_bytree': 0.594333867896554}. Best is trial 5 with value: 1.0.
[I 2026-04-21 10:29:28,752] Trial 8 finished with value: 0.95 and parameters: {'n_estimators': 100, 'max_depth': 20, 'gamma': 0.6251497693480509, 'subsample': 0.9696496759824258, 'colsample_bytree': 0.9717700410079397}. Best is trial 5 with value: 1.0.
[I 2026-04-21 10:29:28,780] Trial 9 finished with value: 0.95 and parameters: {'n_estimators': 40, 'max_depth': 30, 'gamma': 0.9649927737686168, 'subsample': 0.6857563076640036, 'colsample_bytree': 0.5061847058001788}. Best is trial 5 with value: 1.0.
[I 2026-04-21 10:29:28,818] Trial 10 finished with value: 0.95 and parameters: {'n_estimators': 40, 'max_depth': 5, 'gamma': 0.17962098877423716, 'subsample': 0.8185311023645913, 'colsample_bytree': 0.7898330861721071}. Best is trial 5 with value: 1.0.
[I 2026-04-21 10:29:28,858] Trial 11 finished with value: 0.95 and parameters: {'n_estimators': 40, 'max_depth': 5, 'gamma': 0.48596480023844024, 'subsample': 0.8008577629494058, 'colsample_bytree': 0.702161796405997}. Best is trial 5 with value: 1.0.
[I 2026-04-21 10:29:28,901] Trial 12 finished with value: 0.95 and parameters: {'n_estimators': 40, 'max_depth': 5, 'gamma': 0.7075844085314806, 'subsample': 0.6350278457846134, 'colsample_bytree': 0.7136404265878388}. Best is trial 5 with value: 1.0.
[I 2026-04-21 10:29:28,941] Trial 13 finished with value: 0.95 and parameters: {'n_estimators': 40, 'max_depth': 5, 'gamma': 0.5268615503101213, 'subsample': 0.7844515830692418, 'colsample_bytree': 0.5964277392586586}. Best is trial 5 with value: 1.0.
[I 2026-04-21 10:29:28,982] Trial 14 finished with value: 0.95 and parameters: {'n_estimators': 40, 'max_depth': 5, 'gamma': 0.2409007967230276, 'subsample': 0.615347780324236, 'colsample_bytree': 0.6566276780122275}. Best is trial 5 with value: 1.0.
[I 2026-04-21 10:29:29,021] Trial 15 finished with value: 0.95 and parameters: {'n_estimators': 40, 'max_depth': 5, 'gamma': 0.9993933231809418, 'subsample': 0.8672886392732249, 'colsample_bytree': 0.8604557310580807}. Best is trial 5 with value: 1.0.
[I 2026-04-21 10:29:29,061] Trial 16 finished with value: 0.9 and parameters: {'n_estimators': 40, 'max_depth': 5, 'gamma': 0.5910840220265552, 'subsample': 0.727597663735162, 'colsample_bytree': 0.5594065593048707}. Best is trial 5 with value: 1.0.
[I 2026-04-21 10:29:29,104] Trial 17 finished with value: 0.95 and parameters: {'n_estimators': 40, 'max_depth': 5, 'gamma': 0.7280675696012222, 'subsample': 0.6501162750724356, 'colsample_bytree': 0.6495878208796867}. Best is trial 5 with value: 1.0.
[I 2026-04-21 10:29:29,144] Trial 18 finished with value: 0.95 and parameters: {'n_estimators': 40, 'max_depth': 5, 'gamma': 0.44300954879266374, 'subsample': 0.7574477032743693, 'colsample_bytree': 0.5366375677665303}. Best is trial 5 with value: 1.0.
[I 2026-04-21 10:29:29,189] Trial 19 finished with value: 0.95 and parameters: {'n_estimators': 10, 'max_depth': 20, 'gamma': 0.2792048953739036, 'subsample': 0.8551761586817276, 'colsample_bytree': 0.6232759384618629}. Best is trial 5 with value: 1.0.
[I 2026-04-21 10:29:29,237] Trial 20 finished with value: 1.0 and parameters: {'n_estimators': 40, 'max_depth': 5, 'gamma': 0.5576205484803076, 'subsample': 0.5829627159306838, 'colsample_bytree': 0.7055230346742426}. Best is trial 5 with value: 1.0.
[I 2026-04-21 10:29:29,278] Trial 21 finished with value: 1.0 and parameters: {'n_estimators': 40, 'max_depth': 5, 'gamma': 0.5803673346002866, 'subsample': 0.5680916343405022, 'colsample_bytree': 0.7145181058719575}. Best is trial 5 with value: 1.0.
[I 2026-04-21 10:29:29,322] Trial 22 finished with value: 1.0 and parameters: {'n_estimators': 40, 'max_depth': 5, 'gamma': 0.5365782287479733, 'subsample': 0.5729266311676644, 'colsample_bytree': 0.8645366616742329}. Best is trial 5 with value: 1.0.
[I 2026-04-21 10:29:29,362] Trial 23 finished with value: 0.95 and parameters: {'n_estimators': 40, 'max_depth': 5, 'gamma': 0.6076599521234857, 'subsample': 0.5606721984503779, 'colsample_bytree': 0.7463791638217584}. Best is trial 5 with value: 1.0.
[I 2026-04-21 10:29:29,402] Trial 24 finished with value: 1.0 and parameters: {'n_estimators': 40, 'max_depth': 5, 'gamma': 0.4538980173462365, 'subsample': 0.5041788291572397, 'colsample_bytree': 0.8321591118652684}. Best is trial 5 with value: 1.0.
[I 2026-04-21 10:29:29,453] Trial 25 finished with value: 0.95 and parameters: {'n_estimators': 40, 'max_depth': 5, 'gamma': 0.10419992365893271, 'subsample': 0.60175312992679, 'colsample_bytree': 0.6932925885715789}. Best is trial 5 with value: 1.0.
[I 2026-04-21 10:29:29,494] Trial 26 finished with value: 0.95 and parameters: {'n_estimators': 40, 'max_depth': 5, 'gamma': 0.36636173799375044, 'subsample': 0.6666065320118448, 'colsample_bytree': 0.7661709875765088}. Best is trial 5 with value: 1.0.
[I 2026-04-21 10:29:29,533] Trial 27 finished with value: 0.95 and parameters: {'n_estimators': 40, 'max_depth': 5, 'gamma': 0.6591065132516439, 'subsample': 0.5350774320976834, 'colsample_bytree': 0.9163442041721999}. Best is trial 5 with value: 1.0.
[I 2026-04-21 10:29:29,571] Trial 28 finished with value: 0.95 and parameters: {'n_estimators': 10, 'max_depth': 30, 'gamma': 0.5576144094125753, 'subsample': 0.6012722357575648, 'colsample_bytree': 0.7330310223213246}. Best is trial 5 with value: 1.0.
[I 2026-04-21 10:29:29,622] Trial 29 finished with value: 0.95 and parameters: {'n_estimators': 100, 'max_depth': 20, 'gamma': 0.7613480080794384, 'subsample': 0.5705611108710953, 'colsample_bytree': 0.6851168599186801}. Best is trial 5 with value: 1.0.
[I 2026-04-21 10:29:29,699] A new study created in memory with name: rf
[I 2026-04-21 10:29:29,915] Trial 0 finished with value: 0.5 and parameters: {'n_estimators': 189, 'max_depth': 18, 'min_samples_split': 3, 'min_samples_leaf': 10}. Best is trial 0 with value: 0.5.
[I 2026-04-21 10:29:30,241] Trial 1 finished with value: 0.85 and parameters: {'n_estimators': 295, 'max_depth': 14, 'min_samples_split': 8, 'min_samples_leaf': 6}. Best is trial 1 with value: 0.85.
[I 2026-04-21 10:29:30,477] Trial 2 finished with value: 0.5 and parameters: {'n_estimators': 219, 'max_depth': 6, 'min_samples_split': 2, 'min_samples_leaf': 8}. Best is trial 1 with value: 0.85.
[I 2026-04-21 10:29:30,804] Trial 3 finished with value: 0.95 and parameters: {'n_estimators': 276, 'max_depth': 5, 'min_samples_split': 9, 'min_samples_leaf': 3}. Best is trial 3 with value: 0.95.
[I 2026-04-21 10:29:31,121] Trial 4 finished with value: 0.9 and parameters: {'n_estimators': 266, 'max_depth': 8, 'min_samples_split': 7, 'min_samples_leaf': 6}. Best is trial 3 with value: 0.95.
[I 2026-04-21 10:29:31,508] Trial 5 finished with value: 1.0 and parameters: {'n_estimators': 340, 'max_depth': 7, 'min_samples_split': 4, 'min_samples_leaf': 3}. Best is trial 5 with value: 1.0.
[I 2026-04-21 10:29:31,776] Trial 6 finished with value: 0.5 and parameters: {'n_estimators': 231, 'max_depth': 5, 'min_samples_split': 3, 'min_samples_leaf': 10}. Best is trial 5 with value: 1.0.
[I 2026-04-21 10:29:32,315] Trial 7 finished with value: 1.0 and parameters: {'n_estimators': 485, 'max_depth': 6, 'min_samples_split': 2, 'min_samples_leaf': 3}. Best is trial 5 with value: 1.0.
[I 2026-04-21 10:29:32,734] Trial 8 finished with value: 0.85 and parameters: {'n_estimators': 380, 'max_depth': 17, 'min_samples_split': 2, 'min_samples_leaf': 6}. Best is trial 5 with value: 1.0.
[I 2026-04-21 10:29:32,890] Trial 9 finished with value: 0.5 and parameters: {'n_estimators': 100, 'max_depth': 12, 'min_samples_split': 7, 'min_samples_leaf': 10}. Best is trial 5 with value: 1.0.
[I 2026-04-21 10:29:33,354] Trial 10 finished with value: 1.0 and parameters: {'n_estimators': 384, 'max_depth': 10, 'min_samples_split': 5, 'min_samples_leaf': 2}. Best is trial 5 with value: 1.0.
[I 2026-04-21 10:29:33,920] Trial 11 finished with value: 1.0 and parameters: {'n_estimators': 498, 'max_depth': 8, 'min_samples_split': 5, 'min_samples_leaf': 4}. Best is trial 5 with value: 1.0.
[I 2026-04-21 10:29:34,476] Trial 12 finished with value: 1.0 and parameters: {'n_estimators': 489, 'max_depth': 3, 'min_samples_split': 4, 'min_samples_leaf': 1}. Best is trial 5 with value: 1.0.
[I 2026-04-21 10:29:34,941] Trial 13 finished with value: 0.95 and parameters: {'n_estimators': 406, 'max_depth': 9, 'min_samples_split': 4, 'min_samples_leaf': 4}. Best is trial 5 with value: 1.0.
[I 2026-04-21 10:29:35,482] Trial 14 finished with value: 1.0 and parameters: {'n_estimators': 436, 'max_depth': 13, 'min_samples_split': 2, 'min_samples_leaf': 1}. Best is trial 5 with value: 1.0.
[I 2026-04-21 10:29:35,899] Trial 15 finished with value: 0.95 and parameters: {'n_estimators': 347, 'max_depth': 3, 'min_samples_split': 5, 'min_samples_leaf': 4}. Best is trial 5 with value: 1.0.
[I 2026-04-21 10:29:36,417] Trial 16 finished with value: 1.0 and parameters: {'n_estimators': 445, 'max_depth': 7, 'min_samples_split': 10, 'min_samples_leaf': 3}. Best is trial 5 with value: 1.0.
[I 2026-04-21 10:29:36,804] Trial 17 finished with value: 1.0 and parameters: {'n_estimators': 334, 'max_depth': 11, 'min_samples_split': 3, 'min_samples_leaf': 2}. Best is trial 5 with value: 1.0.
[I 2026-04-21 10:29:36,998] Trial 18 finished with value: 0.9 and parameters: {'n_estimators': 111, 'max_depth': 15, 'min_samples_split': 4, 'min_samples_leaf': 5}. Best is trial 5 with value: 1.0.
[I 2026-04-21 10:29:37,503] Trial 19 finished with value: 0.5 and parameters: {'n_estimators': 451, 'max_depth': 5, 'min_samples_split': 6, 'min_samples_leaf': 8}. Best is trial 5 with value: 1.0.
[I 2026-04-21 10:29:37,711] Trial 20 finished with value: 1.0 and parameters: {'n_estimators': 160, 'max_depth': 9, 'min_samples_split': 3, 'min_samples_leaf': 2}. Best is trial 5 with value: 1.0.
[I 2026-04-21 10:29:38,126] Trial 21 finished with value: 1.0 and parameters: {'n_estimators': 345, 'max_depth': 10, 'min_samples_split': 5, 'min_samples_leaf': 2}. Best is trial 5 with value: 1.0.
[I 2026-04-21 10:29:38,582] Trial 22 finished with value: 1.0 and parameters: {'n_estimators': 384, 'max_depth': 20, 'min_samples_split': 6, 'min_samples_leaf': 3}. Best is trial 5 with value: 1.0.
[I 2026-04-21 10:29:39,114] Trial 23 finished with value: 1.0 and parameters: {'n_estimators': 411, 'max_depth': 7, 'min_samples_split': 4, 'min_samples_leaf': 1}. Best is trial 5 with value: 1.0.
[I 2026-04-21 10:29:39,513] Trial 24 finished with value: 0.95 and parameters: {'n_estimators': 318, 'max_depth': 11, 'min_samples_split': 5, 'min_samples_leaf': 5}. Best is trial 5 with value: 1.0.
[I 2026-04-21 10:29:39,950] Trial 25 finished with value: 1.0 and parameters: {'n_estimators': 379, 'max_depth': 10, 'min_samples_split': 6, 'min_samples_leaf': 3}. Best is trial 5 with value: 1.0.
[I 2026-04-21 10:29:40,495] Trial 26 finished with value: 1.0 and parameters: {'n_estimators': 470, 'max_depth': 4, 'min_samples_split': 2, 'min_samples_leaf': 2}. Best is trial 5 with value: 1.0.
[I 2026-04-21 10:29:40,999] Trial 27 finished with value: 0.95 and parameters: {'n_estimators': 415, 'max_depth': 8, 'min_samples_split': 7, 'min_samples_leaf': 4}. Best is trial 5 with value: 1.0.
[I 2026-04-21 10:29:41,480] Trial 28 finished with value: 1.0 and parameters: {'n_estimators': 369, 'max_depth': 6, 'min_samples_split': 3, 'min_samples_leaf': 2}. Best is trial 5 with value: 1.0.
[I 2026-04-21 10:29:41,998] Trial 29 finished with value: 0.95 and parameters: {'n_estimators': 470, 'max_depth': 16, 'min_samples_split': 4, 'min_samples_leaf': 5}. Best is trial 5 with value: 1.0.
[I 2026-04-21 10:29:42,770] A new study created in memory with name: mlp
[I 2026-04-21 10:29:42,814] Trial 0 finished with value: 1.0 and parameters: {'hidden_layer_sizes': (200,), 'max_iter': 50, 'alpha': 0.001}. Best is trial 0 with value: 1.0.
[I 2026-04-21 10:29:42,861] Trial 1 finished with value: 1.0 and parameters: {'hidden_layer_sizes': (100,), 'max_iter': 100, 'alpha': 0.0001}. Best is trial 0 with value: 1.0.
[I 2026-04-21 10:29:42,916] Trial 2 finished with value: 1.0 and parameters: {'hidden_layer_sizes': (100,), 'max_iter': 100, 'alpha': 0.001}. Best is trial 0 with value: 1.0.
[I 2026-04-21 10:29:42,961] Trial 3 finished with value: 1.0 and parameters: {'hidden_layer_sizes': (200,), 'max_iter': 50, 'alpha': 0.001}. Best is trial 0 with value: 1.0.
[I 2026-04-21 10:29:43,016] Trial 4 finished with value: 1.0 and parameters: {'hidden_layer_sizes': (100,), 'max_iter': 100, 'alpha': 0.0001}. Best is trial 0 with value: 1.0.
[I 2026-04-21 10:29:43,072] Trial 5 finished with value: 1.0 and parameters: {'hidden_layer_sizes': (100,), 'max_iter': 100, 'alpha': 0.001}. Best is trial 0 with value: 1.0.
[I 2026-04-21 10:29:43,149] Trial 6 finished with value: 1.0 and parameters: {'hidden_layer_sizes': (200,), 'max_iter': 100, 'alpha': 0.001}. Best is trial 0 with value: 1.0.
[I 2026-04-21 10:29:43,216] Trial 7 finished with value: 1.0 and parameters: {'hidden_layer_sizes': (200,), 'max_iter': 100, 'alpha': 0.001}. Best is trial 0 with value: 1.0.
[I 2026-04-21 10:29:43,272] Trial 8 finished with value: 1.0 and parameters: {'hidden_layer_sizes': (100,), 'max_iter': 100, 'alpha': 0.001}. Best is trial 0 with value: 1.0.
[I 2026-04-21 10:29:43,308] Trial 9 finished with value: 1.0 and parameters: {'hidden_layer_sizes': (100,), 'max_iter': 50, 'alpha': 0.001}. Best is trial 0 with value: 1.0.
[I 2026-04-21 10:29:43,365] Trial 10 finished with value: 1.0 and parameters: {'hidden_layer_sizes': (100, 100), 'max_iter': 50, 'alpha': 0.0001}. Best is trial 0 with value: 1.0.
[I 2026-04-21 10:29:43,424] Trial 11 finished with value: 1.0 and parameters: {'hidden_layer_sizes': (100, 100), 'max_iter': 50, 'alpha': 0.0001}. Best is trial 0 with value: 1.0.
[I 2026-04-21 10:29:43,473] Trial 12 finished with value: 1.0 and parameters: {'hidden_layer_sizes': (200,), 'max_iter': 50, 'alpha': 0.0001}. Best is trial 0 with value: 1.0.
[I 2026-04-21 10:29:43,529] Trial 13 finished with value: 1.0 and parameters: {'hidden_layer_sizes': (200,), 'max_iter': 50, 'alpha': 0.0001}. Best is trial 0 with value: 1.0.
[I 2026-04-21 10:29:43,598] Trial 14 finished with value: 1.0 and parameters: {'hidden_layer_sizes': (100, 100), 'max_iter': 100, 'alpha': 0.0001}. Best is trial 0 with value: 1.0.
[I 2026-04-21 10:29:43,638] Trial 15 finished with value: 1.0 and parameters: {'hidden_layer_sizes': (100,), 'max_iter': 50, 'alpha': 0.0001}. Best is trial 0 with value: 1.0.
[I 2026-04-21 10:29:43,708] Trial 16 finished with value: 1.0 and parameters: {'hidden_layer_sizes': (200,), 'max_iter': 100, 'alpha': 0.001}. Best is trial 0 with value: 1.0.
[I 2026-04-21 10:29:43,744] Trial 17 finished with value: 1.0 and parameters: {'hidden_layer_sizes': (200,), 'max_iter': 50, 'alpha': 0.0001}. Best is trial 0 with value: 1.0.
[I 2026-04-21 10:29:43,802] Trial 18 finished with value: 1.0 and parameters: {'hidden_layer_sizes': (100,), 'max_iter': 100, 'alpha': 0.001}. Best is trial 0 with value: 1.0.
[I 2026-04-21 10:29:43,868] Trial 19 finished with value: 1.0 and parameters: {'hidden_layer_sizes': (100, 100), 'max_iter': 50, 'alpha': 0.0001}. Best is trial 0 with value: 1.0.
[I 2026-04-21 10:29:43,927] Trial 20 finished with value: 1.0 and parameters: {'hidden_layer_sizes': (200,), 'max_iter': 100, 'alpha': 0.0001}. Best is trial 0 with value: 1.0.
[I 2026-04-21 10:29:43,985] Trial 21 finished with value: 1.0 and parameters: {'hidden_layer_sizes': (100,), 'max_iter': 100, 'alpha': 0.001}. Best is trial 0 with value: 1.0.
[I 2026-04-21 10:29:44,040] Trial 22 finished with value: 1.0 and parameters: {'hidden_layer_sizes': (100,), 'max_iter': 100, 'alpha': 0.001}. Best is trial 0 with value: 1.0.
[I 2026-04-21 10:29:44,106] Trial 23 finished with value: 1.0 and parameters: {'hidden_layer_sizes': (100,), 'max_iter': 100, 'alpha': 0.001}. Best is trial 0 with value: 1.0.
[I 2026-04-21 10:29:44,165] Trial 24 finished with value: 1.0 and parameters: {'hidden_layer_sizes': (100,), 'max_iter': 100, 'alpha': 0.001}. Best is trial 0 with value: 1.0.
[I 2026-04-21 10:29:44,220] Trial 25 finished with value: 1.0 and parameters: {'hidden_layer_sizes': (100,), 'max_iter': 100, 'alpha': 0.001}. Best is trial 0 with value: 1.0.
[I 2026-04-21 10:29:44,269] Trial 26 finished with value: 1.0 and parameters: {'hidden_layer_sizes': (100,), 'max_iter': 50, 'alpha': 0.001}. Best is trial 0 with value: 1.0.
[I 2026-04-21 10:29:44,340] Trial 27 finished with value: 1.0 and parameters: {'hidden_layer_sizes': (100,), 'max_iter': 100, 'alpha': 0.001}. Best is trial 0 with value: 1.0.
[I 2026-04-21 10:29:44,400] Trial 28 finished with value: 1.0 and parameters: {'hidden_layer_sizes': (100, 100), 'max_iter': 50, 'alpha': 0.0001}. Best is trial 0 with value: 1.0.
[I 2026-04-21 10:29:44,451] Trial 29 finished with value: 1.0 and parameters: {'hidden_layer_sizes': (200,), 'max_iter': 50, 'alpha': 0.001}. Best is trial 0 with value: 1.0.
[I 2026-04-21 10:29:45,732] A new study created in memory with name: svc
[I 2026-04-21 10:29:45,748] Trial 0 finished with value: 0.7 and parameters: {'C': 0.07726319876517104, 'gamma': 0.3040389504793042}. Best is trial 0 with value: 0.7.
[I 2026-04-21 10:29:45,761] Trial 1 finished with value: 0.7 and parameters: {'C': 0.06712381339142241, 'gamma': 0.47254549996710477}. Best is trial 0 with value: 0.7.
[I 2026-04-21 10:29:45,775] Trial 2 finished with value: 0.95 and parameters: {'C': 0.8987621100554035, 'gamma': 0.027988231123708972}. Best is trial 2 with value: 0.95.
[I 2026-04-21 10:29:45,788] Trial 3 finished with value: 1.0 and parameters: {'C': 11.5779435007655, 'gamma': 0.011848734045499056}. Best is trial 3 with value: 1.0.
