[I 2026-04-21 10:33:31,730] Trial 13 finished with value: 1.0 and parameters: {'C': 98.91445511925785, 'gamma': 0.000582009164639594}. Best is trial 13 with value: 1.0.
[I 2026-04-21 10:33:31,762] Trial 14 finished with value: 1.0 and parameters: {'C': 10.160663714894534, 'gamma': 0.0006239040909914022}. Best is trial 13 with value: 1.0.
[I 2026-04-21 10:33:31,797] Trial 15 finished with value: 1.0 and parameters: {'C': 6.723651660105079, 'gamma': 0.00067784795824241}. Best is trial 13 with value: 1.0.
[I 2026-04-21 10:33:31,821] Trial 16 finished with value: 1.0 and parameters: {'C': 0.0119576348113261, 'gamma': 0.00069723657598908}. Best is trial 13 with value: 1.0.
[I 2026-04-21 10:33:31,847] Trial 17 finished with value: 1.0 and parameters: {'C': 2.631259026104725, 'gamma': 0.000504575899941838}. Best is trial 13 with value: 1.0.
[I 2026-04-21 10:33:31,879] Trial 18 finished with value: 1.0 and parameters: {'C': 10.400659562623774, 'gamma': 0.0016846855760875195}. Best is trial 13 with value: 1.0.
[I 2026-04-21 10:33:31,899] Trial 19 finished with value: 1.0 and parameters: {'C': 0.08794121747573296, 'gamma': 0.000413741491988672}. Best is trial 13 with value: 1.0.
[I 2026-04-21 10:33:31,929] Trial 20 finished with value: 1.0 and parameters: {'C': 47.82050033655531, 'gamma': 0.0018003599613446025}. Best is trial 13 with value: 1.0.
[I 2026-04-21 10:33:31,953] Trial 21 finished with value: 1.0 and parameters: {'C': 4.075571470433594, 'gamma': 0.0003823782763013754}. Best is trial 13 with value: 1.0.
[I 2026-04-21 10:33:31,972] Trial 22 finished with value: 1.0 and parameters: {'C': 11.190919162209298, 'gamma': 0.0008753981322158338}. Best is trial 13 with value: 1.0.
[I 2026-04-21 10:33:31,989] Trial 23 finished with value: 0.85 and parameters: {'C': 0.4712594948515121, 'gamma': 0.0056439664699008815}. Best is trial 13 with value: 1.0.
[I 2026-04-21 10:33:32,007] Trial 24 finished with value: 1.0 and parameters: {'C': 2.229482354396556, 'gamma': 0.00025657436311221144}. Best is trial 13 with value: 1.0.
[I 2026-04-21 10:33:32,025] Trial 25 finished with value: 1.0 and parameters: {'C': 5.453074438222444, 'gamma': 0.0009997844432136917}. Best is trial 13 with value: 1.0.
[I 2026-04-21 10:33:32,043] Trial 26 finished with value: 0.95 and parameters: {'C': 13.825109297066263, 'gamma': 0.0002551524951239539}. Best is trial 13 with value: 1.0.
[I 2026-04-21 10:33:32,071] Trial 27 finished with value: 0.75 and parameters: {'C': 40.264194243656505, 'gamma': 0.011666626633156171}. Best is trial 13 with value: 1.0.
[I 2026-04-21 10:33:32,100] Trial 28 finished with value: 0.9 and parameters: {'C': 21.638428093813125, 'gamma': 0.003149843338839943}. Best is trial 13 with value: 1.0.
[I 2026-04-21 10:33:32,128] Trial 29 finished with value: 1.0 and parameters: {'C': 54.189289241676214, 'gamma': 0.0014277820830262775}. Best is trial 13 with value: 1.0.
[I 2026-04-21 10:33:32,169] A new study created in memory with name: naive_bayes
[I 2026-04-21 10:33:32,182] Trial 0 finished with value: 1.0 and parameters: {'var_smoothing': 6.10548688762798e-09}. Best is trial 0 with value: 1.0.
[I 2026-04-21 10:33:32,194] Trial 1 finished with value: 1.0 and parameters: {'var_smoothing': 4.6127467400935034e-10}. Best is trial 0 with value: 1.0.
[I 2026-04-21 10:33:32,206] Trial 2 finished with value: 1.0 and parameters: {'var_smoothing': 4.389936579400967e-09}. Best is trial 0 with value: 1.0.
[I 2026-04-21 10:33:32,218] Trial 3 finished with value: 1.0 and parameters: {'var_smoothing': 1.2116948204672054e-10}. Best is trial 0 with value: 1.0.
[I 2026-04-21 10:33:32,230] Trial 4 finished with value: 1.0 and parameters: {'var_smoothing': 1.6417739478477417e-10}. Best is trial 0 with value: 1.0.
[I 2026-04-21 10:33:32,242] Trial 5 finished with value: 1.0 and parameters: {'var_smoothing': 1.5491880147236797e-09}. Best is trial 0 with value: 1.0.
[I 2026-04-21 10:33:32,264] Trial 6 finished with value: 1.0 and parameters: {'var_smoothing': 1.1471883405287265e-09}. Best is trial 0 with value: 1.0.
[I 2026-04-21 10:33:32,276] Trial 7 finished with value: 1.0 and parameters: {'var_smoothing': 6.88041853492358e-10}. Best is trial 0 with value: 1.0.
[I 2026-04-21 10:33:32,288] Trial 8 finished with value: 1.0 and parameters: {'var_smoothing': 4.686144741221158e-10}. Best is trial 0 with value: 1.0.
[I 2026-04-21 10:33:32,300] Trial 9 finished with value: 1.0 and parameters: {'var_smoothing': 1.7580809350683337e-09}. Best is trial 0 with value: 1.0.
[I 2026-04-21 10:33:32,316] Trial 10 finished with value: 1.0 and parameters: {'var_smoothing': 9.83902635509218e-09}. Best is trial 0 with value: 1.0.
[I 2026-04-21 10:33:32,331] Trial 11 finished with value: 1.0 and parameters: {'var_smoothing': 2.660399871603373e-10}. Best is trial 0 with value: 1.0.
[I 2026-04-21 10:33:32,346] Trial 12 finished with value: 1.0 and parameters: {'var_smoothing': 9.276268851540963e-09}. Best is trial 0 with value: 1.0.
[I 2026-04-21 10:33:32,367] Trial 13 finished with value: 1.0 and parameters: {'var_smoothing': 2.9844010685221692e-09}. Best is trial 0 with value: 1.0.
[I 2026-04-21 10:33:32,389] Trial 14 finished with value: 1.0 and parameters: {'var_smoothing': 3.8923309717334116e-10}. Best is trial 0 with value: 1.0.
[I 2026-04-21 10:33:32,410] Trial 15 finished with value: 1.0 and parameters: {'var_smoothing': 3.85461066627204e-09}. Best is trial 0 with value: 1.0.
[I 2026-04-21 10:33:32,430] Trial 16 finished with value: 1.0 and parameters: {'var_smoothing': 7.120907275009211e-10}. Best is trial 0 with value: 1.0.
[I 2026-04-21 10:33:32,449] Trial 17 finished with value: 1.0 and parameters: {'var_smoothing': 2.412486610614855e-10}. Best is trial 0 with value: 1.0.
[I 2026-04-21 10:33:32,467] Trial 18 finished with value: 1.0 and parameters: {'var_smoothing': 2.3580860166954074e-09}. Best is trial 0 with value: 1.0.
[I 2026-04-21 10:33:32,487] Trial 19 finished with value: 1.0 and parameters: {'var_smoothing': 5.846846875339535e-09}. Best is trial 0 with value: 1.0.
[I 2026-04-21 10:33:32,508] Trial 20 finished with value: 1.0 and parameters: {'var_smoothing': 1.0486521320383776e-09}. Best is trial 0 with value: 1.0.
[I 2026-04-21 10:33:32,527] Trial 21 finished with value: 1.0 and parameters: {'var_smoothing': 4.9491450263339475e-09}. Best is trial 0 with value: 1.0.
[I 2026-04-21 10:33:32,547] Trial 22 finished with value: 1.0 and parameters: {'var_smoothing': 6.667992141406306e-09}. Best is trial 0 with value: 1.0.
[I 2026-04-21 10:33:32,567] Trial 23 finished with value: 1.0 and parameters: {'var_smoothing': 3.2795712712135213e-09}. Best is trial 0 with value: 1.0.
[I 2026-04-21 10:33:32,588] Trial 24 finished with value: 1.0 and parameters: {'var_smoothing': 6.403538416287158e-10}. Best is trial 0 with value: 1.0.
[I 2026-04-21 10:33:32,608] Trial 25 finished with value: 1.0 and parameters: {'var_smoothing': 2.1589819023851477e-09}. Best is trial 0 with value: 1.0.
[I 2026-04-21 10:33:32,628] Trial 26 finished with value: 1.0 and parameters: {'var_smoothing': 3.912617821024548e-09}. Best is trial 0 with value: 1.0.
[I 2026-04-21 10:33:32,648] Trial 27 finished with value: 1.0 and parameters: {'var_smoothing': 7.162139101012446e-09}. Best is trial 0 with value: 1.0.
[I 2026-04-21 10:33:32,668] Trial 28 finished with value: 1.0 and parameters: {'var_smoothing': 1.3883316815746274e-09}. Best is trial 0 with value: 1.0.
[I 2026-04-21 10:33:32,689] Trial 29 finished with value: 1.0 and parameters: {'var_smoothing': 4.1751754503046387e-10}. Best is trial 0 with value: 1.0.
[I 2026-04-21 10:33:32,725] A new study created in memory with name: logreg
[I 2026-04-21 10:33:32,749] Trial 0 finished with value: 1.0 and parameters: {'C': 29.127335430981816, 'penalty': 'l2'}. Best is trial 0 with value: 1.0.
[I 2026-04-21 10:33:32,774] Trial 1 finished with value: 1.0 and parameters: {'C': 0.045698192893558344, 'penalty': 'l2'}. Best is trial 0 with value: 1.0.
[I 2026-04-21 10:33:32,789] Trial 2 finished with value: 1.0 and parameters: {'C': 12.768668597712947, 'penalty': 'l2'}. Best is trial 0 with value: 1.0.
[I 2026-04-21 10:33:32,813] Trial 3 finished with value: 1.0 and parameters: {'C': 0.0016161554408462638, 'penalty': 'l2'}. Best is trial 0 with value: 1.0.
[I 2026-04-21 10:33:32,838] Trial 4 finished with value: 1.0 and parameters: {'C': 0.0034536903703241734, 'penalty': 'l2'}. Best is trial 0 with value: 1.0.
[I 2026-04-21 10:33:32,861] Trial 5 finished with value: 1.0 and parameters: {'C': 0.9446269266990148, 'penalty': 'l2'}. Best is trial 0 with value: 1.0.
[I 2026-04-21 10:33:32,885] Trial 6 finished with value: 1.0 and parameters: {'C': 0.4457453393648168, 'penalty': 'l2'}. Best is trial 0 with value: 1.0.
[I 2026-04-21 10:33:32,911] Trial 7 finished with value: 1.0 and parameters: {'C': 0.12417585037258261, 'penalty': 'l2'}. Best is trial 0 with value: 1.0.
[I 2026-04-21 10:33:32,937] Trial 8 finished with value: 1.0 and parameters: {'C': 0.04753781830244093, 'penalty': 'l2'}. Best is trial 0 with value: 1.0.
[I 2026-04-21 10:33:32,962] Trial 9 finished with value: 1.0 and parameters: {'C': 1.2959766028194148, 'penalty': 'l2'}. Best is trial 0 with value: 1.0.
[I 2026-04-21 10:33:32,980] Trial 10 finished with value: 1.0 and parameters: {'C': 96.02411422716075, 'penalty': 'l2'}. Best is trial 0 with value: 1.0.
[I 2026-04-21 10:33:33,007] Trial 11 finished with value: 1.0 and parameters: {'C': 0.011544291794950012, 'penalty': 'l2'}. Best is trial 0 with value: 1.0.
[I 2026-04-21 10:33:33,041] Trial 12 finished with value: 1.0 and parameters: {'C': 82.8768656483412, 'penalty': 'l2'}. Best is trial 0 with value: 1.0.
[I 2026-04-21 10:33:33,060] Trial 13 finished with value: 1.0 and parameters: {'C': 4.865673542589085, 'penalty': 'l2'}. Best is trial 0 with value: 1.0.
[I 2026-04-21 10:33:33,080] Trial 14 finished with value: 1.0 and parameters: {'C': 0.029889896070841086, 'penalty': 'l2'}. Best is trial 0 with value: 1.0.
[I 2026-04-21 10:33:33,110] Trial 15 finished with value: 1.0 and parameters: {'C': 9.224679733476327, 'penalty': 'l2'}. Best is trial 0 with value: 1.0.
[I 2026-04-21 10:33:33,129] Trial 16 finished with value: 1.0 and parameters: {'C': 0.13531262729274382, 'penalty': 'l2'}. Best is trial 0 with value: 1.0.
[I 2026-04-21 10:33:33,159] Trial 17 finished with value: 1.0 and parameters: {'C': 0.009039871959471408, 'penalty': 'l2'}. Best is trial 0 with value: 1.0.
[I 2026-04-21 10:33:33,190] Trial 18 finished with value: 1.0 and parameters: {'C': 2.7002197370561327, 'penalty': 'l2'}. Best is trial 0 with value: 1.0.
[I 2026-04-21 10:33:33,221] Trial 19 finished with value: 1.0 and parameters: {'C': 26.139922781749494, 'penalty': 'l2'}. Best is trial 0 with value: 1.0.
[I 2026-04-21 10:33:33,248] Trial 20 finished with value: 1.0 and parameters: {'C': 0.35610544182754233, 'penalty': 'l2'}. Best is trial 0 with value: 1.0.
[I 2026-04-21 10:33:33,276] Trial 21 finished with value: 1.0 and parameters: {'C': 17.23159388726856, 'penalty': 'l2'}. Best is trial 0 with value: 1.0.
[I 2026-04-21 10:33:33,303] Trial 22 finished with value: 1.0 and parameters: {'C': 36.30677704642794, 'penalty': 'l2'}. Best is trial 0 with value: 1.0.
[I 2026-04-21 10:33:33,329] Trial 23 finished with value: 1.0 and parameters: {'C': 6.159460626909738, 'penalty': 'l2'}. Best is trial 0 with value: 1.0.
[I 2026-04-21 10:33:33,352] Trial 24 finished with value: 1.0 and parameters: {'C': 0.10376479878444198, 'penalty': 'l2'}. Best is trial 0 with value: 1.0.
[I 2026-04-21 10:33:33,380] Trial 25 finished with value: 1.0 and parameters: {'C': 2.1658207225154067, 'penalty': 'l2'}. Best is trial 0 with value: 1.0.
[I 2026-04-21 10:33:33,410] Trial 26 finished with value: 1.0 and parameters: {'C': 9.57565679061974, 'penalty': 'l2'}. Best is trial 0 with value: 1.0.
[I 2026-04-21 10:33:33,438] Trial 27 finished with value: 1.0 and parameters: {'C': 43.41170855949338, 'penalty': 'l2'}. Best is trial 0 with value: 1.0.
[I 2026-04-21 10:33:33,466] Trial 28 finished with value: 1.0 and parameters: {'C': 0.7181796348031952, 'penalty': 'l2'}. Best is trial 0 with value: 1.0.
[I 2026-04-21 10:33:33,485] Trial 29 finished with value: 1.0 and parameters: {'C': 0.03561941853498694, 'penalty': 'l2'}. Best is trial 0 with value: 1.0.
[I 2026-04-21 10:33:33,524] A new study created in memory with name: knn
[I 2026-04-21 10:33:33,537] Trial 0 finished with value: 0.9 and parameters: {'n_neighbors': 10, 'leaf_size': 26, 'p': 1}. Best is trial 0 with value: 0.9.
[I 2026-04-21 10:33:33,552] Trial 1 finished with value: 1.0 and parameters: {'n_neighbors': 3, 'leaf_size': 32, 'p': 1}. Best is trial 1 with value: 1.0.
[I 2026-04-21 10:33:33,565] Trial 2 finished with value: 0.9 and parameters: {'n_neighbors': 5, 'leaf_size': 33, 'p': 2}. Best is trial 1 with value: 1.0.
[I 2026-04-21 10:33:33,579] Trial 3 finished with value: 0.9 and parameters: {'n_neighbors': 7, 'leaf_size': 32, 'p': 2}. Best is trial 1 with value: 1.0.
[I 2026-04-21 10:33:33,592] Trial 4 finished with value: 0.9 and parameters: {'n_neighbors': 9, 'leaf_size': 28, 'p': 1}. Best is trial 1 with value: 1.0.
[I 2026-04-21 10:33:33,606] Trial 5 finished with value: 1.0 and parameters: {'n_neighbors': 3, 'leaf_size': 35, 'p': 1}. Best is trial 1 with value: 1.0.
[I 2026-04-21 10:33:33,621] Trial 6 finished with value: 0.9 and parameters: {'n_neighbors': 8, 'leaf_size': 31, 'p': 2}. Best is trial 1 with value: 1.0.
[I 2026-04-21 10:33:33,634] Trial 7 finished with value: 0.9 and parameters: {'n_neighbors': 6, 'leaf_size': 24, 'p': 2}. Best is trial 1 with value: 1.0.
[I 2026-04-21 10:33:33,648] Trial 8 finished with value: 0.9 and parameters: {'n_neighbors': 5, 'leaf_size': 34, 'p': 2}. Best is trial 1 with value: 1.0.
[I 2026-04-21 10:33:33,661] Trial 9 finished with value: 0.9 and parameters: {'n_neighbors': 10, 'leaf_size': 27, 'p': 2}. Best is trial 1 with value: 1.0.
[I 2026-04-21 10:33:33,687] Trial 10 finished with value: 1.0 and parameters: {'n_neighbors': 3, 'leaf_size': 40, 'p': 1}. Best is trial 1 with value: 1.0.
[I 2026-04-21 10:33:33,717] Trial 11 finished with value: 1.0 and parameters: {'n_neighbors': 3, 'leaf_size': 38, 'p': 1}. Best is trial 1 with value: 1.0.
[I 2026-04-21 10:33:33,741] Trial 12 finished with value: 1.0 and parameters: {'n_neighbors': 4, 'leaf_size': 36, 'p': 1}. Best is trial 1 with value: 1.0.
[I 2026-04-21 10:33:33,767] Trial 13 finished with value: 1.0 and parameters: {'n_neighbors': 3, 'leaf_size': 20, 'p': 1}. Best is trial 1 with value: 1.0.
[I 2026-04-21 10:33:33,790] Trial 14 finished with value: 1.0 and parameters: {'n_neighbors': 4, 'leaf_size': 36, 'p': 1}. Best is trial 1 with value: 1.0.
[I 2026-04-21 10:33:33,816] Trial 15 finished with value: 1.0 and parameters: {'n_neighbors': 5, 'leaf_size': 29, 'p': 1}. Best is trial 1 with value: 1.0.
[I 2026-04-21 10:33:33,838] Trial 16 finished with value: 1.0 and parameters: {'n_neighbors': 4, 'leaf_size': 35, 'p': 1}. Best is trial 1 with value: 1.0.
[I 2026-04-21 10:33:33,865] Trial 17 finished with value: 0.9 and parameters: {'n_neighbors': 6, 'leaf_size': 40, 'p': 1}. Best is trial 1 with value: 1.0.
[I 2026-04-21 10:33:33,905] Trial 18 finished with value: 0.9 and parameters: {'n_neighbors': 7, 'leaf_size': 30, 'p': 1}. Best is trial 1 with value: 1.0.
[I 2026-04-21 10:33:33,931] Trial 19 finished with value: 1.0 and parameters: {'n_neighbors': 3, 'leaf_size': 38, 'p': 1}. Best is trial 1 with value: 1.0.
[I 2026-04-21 10:33:33,958] Trial 20 finished with value: 1.0 and parameters: {'n_neighbors': 4, 'leaf_size': 23, 'p': 1}. Best is trial 1 with value: 1.0.
[I 2026-04-21 10:33:33,987] Trial 21 finished with value: 1.0 and parameters: {'n_neighbors': 3, 'leaf_size': 40, 'p': 1}. Best is trial 1 with value: 1.0.
[I 2026-04-21 10:33:34,014] Trial 22 finished with value: 1.0 and parameters: {'n_neighbors': 3, 'leaf_size': 38, 'p': 1}. Best is trial 1 with value: 1.0.
[I 2026-04-21 10:33:34,042] Trial 23 finished with value: 1.0 and parameters: {'n_neighbors': 4, 'leaf_size': 33, 'p': 1}. Best is trial 1 with value: 1.0.
[I 2026-04-21 10:33:34,072] Trial 24 finished with value: 1.0 and parameters: {'n_neighbors': 5, 'leaf_size': 37, 'p': 1}. Best is trial 1 with value: 1.0.
[I 2026-04-21 10:33:34,104] Trial 25 finished with value: 1.0 and parameters: {'n_neighbors': 3, 'leaf_size': 40, 'p': 1}. Best is trial 1 with value: 1.0.
[I 2026-04-21 10:33:34,135] Trial 26 finished with value: 1.0 and parameters: {'n_neighbors': 4, 'leaf_size': 34, 'p': 1}. Best is trial 1 with value: 1.0.
[I 2026-04-21 10:33:34,165] Trial 27 finished with value: 1.0 and parameters: {'n_neighbors': 3, 'leaf_size': 31, 'p': 1}. Best is trial 1 with value: 1.0.
[I 2026-04-21 10:33:34,195] Trial 28 finished with value: 0.9 and parameters: {'n_neighbors': 6, 'leaf_size': 35, 'p': 1}. Best is trial 1 with value: 1.0.
[I 2026-04-21 10:33:34,224] Trial 29 finished with value: 1.0 and parameters: {'n_neighbors': 5, 'leaf_size': 25, 'p': 1}. Best is trial 1 with value: 1.0.
[I 2026-04-21 10:33:34,265] A new study created in memory with name: xgb
[I 2026-04-21 10:33:34,291] Trial 0 finished with value: 0.85 and parameters: {'n_estimators': 10, 'max_depth': 30, 'gamma': 0.5768356259735394, 'subsample': 0.7094037142783272, 'colsample_bytree': 0.6677039246366646}. Best is trial 0 with value: 0.85.
[I 2026-04-21 10:33:34,321] Trial 1 finished with value: 0.9 and parameters: {'n_estimators': 100, 'max_depth': 30, 'gamma': 0.9912018442360747, 'subsample': 0.9099290984609207, 'colsample_bytree': 0.7066004674080903}. Best is trial 1 with value: 0.9.
[I 2026-04-21 10:33:34,348] Trial 2 finished with value: 0.9 and parameters: {'n_estimators': 10, 'max_depth': 20, 'gamma': 0.7382185757030506, 'subsample': 0.7704684271512641, 'colsample_bytree': 0.5624120871903049}. Best is trial 1 with value: 0.9.
[I 2026-04-21 10:33:34,375] Trial 3 finished with value: 0.95 and parameters: {'n_estimators': 10, 'max_depth': 20, 'gamma': 0.7041784887453524, 'subsample': 0.7995029565695583, 'colsample_bytree': 0.8586660727777565}. Best is trial 3 with value: 0.95.
[I 2026-04-21 10:33:34,402] Trial 4 finished with value: 0.9 and parameters: {'n_estimators': 10, 'max_depth': 20, 'gamma': 0.46549701645255037, 'subsample': 0.9946899241400011, 'colsample_bytree': 0.725249640372583}. Best is trial 3 with value: 0.95.
[I 2026-04-21 10:33:34,431] Trial 5 finished with value: 0.9 and parameters: {'n_estimators': 40, 'max_depth': 20, 'gamma': 0.3554734452019276, 'subsample': 0.5947710951851903, 'colsample_bytree': 0.7356254823676576}. Best is trial 3 with value: 0.95.
[I 2026-04-21 10:33:34,458] Trial 6 finished with value: 0.9 and parameters: {'n_estimators': 40, 'max_depth': 20, 'gamma': 0.8967376717636345, 'subsample': 0.988276510203839, 'colsample_bytree': 0.9184542964535913}. Best is trial 3 with value: 0.95.
[I 2026-04-21 10:33:34,482] Trial 7 finished with value: 0.95 and parameters: {'n_estimators': 40, 'max_depth': 30, 'gamma': 0.7149068474388774, 'subsample': 0.5696358027454862, 'colsample_bytree': 0.8514125286992056}. Best is trial 3 with value: 0.95.
[I 2026-04-21 10:33:34,516] Trial 8 finished with value: 0.95 and parameters: {'n_estimators': 100, 'max_depth': 30, 'gamma': 0.2471398756881566, 'subsample': 0.8241126205332553, 'colsample_bytree': 0.6258070715852391}. Best is trial 3 with value: 0.95.
[I 2026-04-21 10:33:34,540] Trial 9 finished with value: 0.9 and parameters: {'n_estimators': 40, 'max_depth': 30, 'gamma': 0.8599846034069103, 'subsample': 0.8019332783535529, 'colsample_bytree': 0.7936068454878676}. Best is trial 3 with value: 0.95.
[I 2026-04-21 10:33:34,580] Trial 10 finished with value: 0.95 and parameters: {'n_estimators': 10, 'max_depth': 5, 'gamma': 0.11132541504315885, 'subsample': 0.6662848793328995, 'colsample_bytree': 0.9668465952220582}. Best is trial 3 with value: 0.95.
[I 2026-04-21 10:33:34,620] Trial 11 finished with value: 0.95 and parameters: {'n_estimators': 40, 'max_depth': 5, 'gamma': 0.6957863617726492, 'subsample': 0.5282246615033291, 'colsample_bytree': 0.853905680250237}. Best is trial 3 with value: 0.95.
[I 2026-04-21 10:33:34,661] Trial 12 finished with value: 0.95 and parameters: {'n_estimators': 10, 'max_depth': 30, 'gamma': 0.6636669457485831, 'subsample': 0.638420298625504, 'colsample_bytree': 0.862768060473728}. Best is trial 3 with value: 0.95.
[I 2026-04-21 10:33:34,711] Trial 13 finished with value: 0.95 and parameters: {'n_estimators': 40, 'max_depth': 20, 'gamma': 0.7773898363624087, 'subsample': 0.5146749793878775, 'colsample_bytree': 0.8213605769295306}. Best is trial 3 with value: 0.95.
[I 2026-04-21 10:33:34,749] Trial 14 finished with value: 0.9 and parameters: {'n_estimators': 100, 'max_depth': 5, 'gamma': 0.5753315035515456, 'subsample': 0.8940181087620663, 'colsample_bytree': 0.9942471242901324}. Best is trial 3 with value: 0.95.
[I 2026-04-21 10:33:34,785] Trial 15 finished with value: 0.95 and parameters: {'n_estimators': 10, 'max_depth': 20, 'gamma': 0.4886886630598376, 'subsample': 0.7210246069899078, 'colsample_bytree': 0.915770310942473}. Best is trial 3 with value: 0.95.
[I 2026-04-21 10:33:34,830] Trial 16 finished with value: 0.9 and parameters: {'n_estimators': 40, 'max_depth': 30, 'gamma': 0.8619444627483429, 'subsample': 0.5978449209760036, 'colsample_bytree': 0.7884213648565958}. Best is trial 3 with value: 0.95.
[I 2026-04-21 10:33:34,871] Trial 17 finished with value: 0.9 and parameters: {'n_estimators': 40, 'max_depth': 30, 'gamma': 0.6533098652706513, 'subsample': 0.8630930333686689, 'colsample_bytree': 0.898043629318376}. Best is trial 3 with value: 0.95.
[I 2026-04-21 10:33:34,914] Trial 18 finished with value: 0.85 and parameters: {'n_estimators': 10, 'max_depth': 20, 'gamma': 0.41065758203759994, 'subsample': 0.75564025339754, 'colsample_bytree': 0.8363987300935602}. Best is trial 3 with value: 0.95.
