[I 2026-04-21 10:38:13,158] Trial 23 finished with value: 0.6 and parameters: {'n_neighbors': 6, 'leaf_size': 34, 'p': 1}. Best is trial 4 with value: 0.7.
[I 2026-04-21 10:38:13,181] Trial 24 finished with value: 0.7 and parameters: {'n_neighbors': 5, 'leaf_size': 28, 'p': 1}. Best is trial 4 with value: 0.7.
[I 2026-04-21 10:38:13,205] Trial 25 finished with value: 0.5 and parameters: {'n_neighbors': 7, 'leaf_size': 38, 'p': 1}. Best is trial 4 with value: 0.7.
[I 2026-04-21 10:38:13,228] Trial 26 finished with value: 0.3 and parameters: {'n_neighbors': 3, 'leaf_size': 36, 'p': 2}. Best is trial 4 with value: 0.7.
[I 2026-04-21 10:38:13,255] Trial 27 finished with value: 0.55 and parameters: {'n_neighbors': 4, 'leaf_size': 30, 'p': 1}. Best is trial 4 with value: 0.7.
[I 2026-04-21 10:38:13,279] Trial 28 finished with value: 0.7 and parameters: {'n_neighbors': 5, 'leaf_size': 33, 'p': 1}. Best is trial 4 with value: 0.7.
[I 2026-04-21 10:38:13,302] Trial 29 finished with value: 0.55 and parameters: {'n_neighbors': 8, 'leaf_size': 40, 'p': 1}. Best is trial 4 with value: 0.7.
[I 2026-04-21 10:38:13,342] A new study created in memory with name: xgb
[I 2026-04-21 10:38:13,367] Trial 0 finished with value: 0.35 and parameters: {'n_estimators': 40, 'max_depth': 5, 'gamma': 0.4874219364632415, 'subsample': 0.7011756800186824, 'colsample_bytree': 0.7613373356762848}. Best is trial 0 with value: 0.35.
[I 2026-04-21 10:38:13,393] Trial 1 finished with value: 0.35 and parameters: {'n_estimators': 40, 'max_depth': 5, 'gamma': 0.483482593428573, 'subsample': 0.6445375140090439, 'colsample_bytree': 0.9869276206002231}. Best is trial 0 with value: 0.35.
[I 2026-04-21 10:38:13,421] Trial 2 finished with value: 0.4 and parameters: {'n_estimators': 10, 'max_depth': 5, 'gamma': 0.16384856027517886, 'subsample': 0.6123849694840227, 'colsample_bytree': 0.6968174574718025}. Best is trial 2 with value: 0.4.
[I 2026-04-21 10:38:13,460] Trial 3 finished with value: 0.35 and parameters: {'n_estimators': 100, 'max_depth': 30, 'gamma': 0.7877441182293641, 'subsample': 0.9694019566553859, 'colsample_bytree': 0.6598448982335139}. Best is trial 2 with value: 0.4.
[I 2026-04-21 10:38:13,498] Trial 4 finished with value: 0.45 and parameters: {'n_estimators': 100, 'max_depth': 5, 'gamma': 0.816017102586079, 'subsample': 0.5160040782128984, 'colsample_bytree': 0.7277239110529665}. Best is trial 4 with value: 0.45.
[I 2026-04-21 10:38:13,526] Trial 5 finished with value: 0.45 and parameters: {'n_estimators': 40, 'max_depth': 20, 'gamma': 0.6643500821697236, 'subsample': 0.6076588997363731, 'colsample_bytree': 0.5754850538287481}. Best is trial 4 with value: 0.45.
[I 2026-04-21 10:38:13,555] Trial 6 finished with value: 0.45 and parameters: {'n_estimators': 100, 'max_depth': 20, 'gamma': 0.6361752212866232, 'subsample': 0.8309913561372338, 'colsample_bytree': 0.7552902276266351}. Best is trial 4 with value: 0.45.
[I 2026-04-21 10:38:13,584] Trial 7 finished with value: 0.3 and parameters: {'n_estimators': 10, 'max_depth': 5, 'gamma': 0.5767347850317142, 'subsample': 0.7995431264700696, 'colsample_bytree': 0.8604622333437917}. Best is trial 4 with value: 0.45.
[I 2026-04-21 10:38:13,621] Trial 8 finished with value: 0.35 and parameters: {'n_estimators': 100, 'max_depth': 20, 'gamma': 0.8470554948938058, 'subsample': 0.860339005739911, 'colsample_bytree': 0.9331308414408237}. Best is trial 4 with value: 0.45.
[I 2026-04-21 10:38:13,659] Trial 9 finished with value: 0.35 and parameters: {'n_estimators': 100, 'max_depth': 30, 'gamma': 0.574951454577921, 'subsample': 0.9696020680119358, 'colsample_bytree': 0.8616917074936369}. Best is trial 4 with value: 0.45.
[I 2026-04-21 10:38:13,710] Trial 10 finished with value: 0.5 and parameters: {'n_estimators': 100, 'max_depth': 5, 'gamma': 0.9179885929878968, 'subsample': 0.5176511219374095, 'colsample_bytree': 0.525322130410742}. Best is trial 10 with value: 0.5.
[I 2026-04-21 10:38:13,763] Trial 11 finished with value: 0.4 and parameters: {'n_estimators': 100, 'max_depth': 5, 'gamma': 0.9894607367239925, 'subsample': 0.5005044321862977, 'colsample_bytree': 0.5003255289404342}. Best is trial 10 with value: 0.5.
[I 2026-04-21 10:38:13,813] Trial 12 finished with value: 0.45 and parameters: {'n_estimators': 100, 'max_depth': 5, 'gamma': 0.9738892144312379, 'subsample': 0.505037119704492, 'colsample_bytree': 0.5941473469279865}. Best is trial 10 with value: 0.5.
[I 2026-04-21 10:38:13,863] Trial 13 finished with value: 0.4 and parameters: {'n_estimators': 100, 'max_depth': 5, 'gamma': 0.8071391366146263, 'subsample': 0.5629356082644086, 'colsample_bytree': 0.5026160421659767}. Best is trial 10 with value: 0.5.
[I 2026-04-21 10:38:13,909] Trial 14 finished with value: 0.4 and parameters: {'n_estimators': 100, 'max_depth': 30, 'gamma': 0.355001213837357, 'subsample': 0.6875413359714531, 'colsample_bytree': 0.8224616563432312}. Best is trial 10 with value: 0.5.
[I 2026-04-21 10:38:13,949] Trial 15 finished with value: 0.4 and parameters: {'n_estimators': 10, 'max_depth': 5, 'gamma': 0.8753653133163469, 'subsample': 0.5504953474771993, 'colsample_bytree': 0.6415557347917157}. Best is trial 10 with value: 0.5.
[I 2026-04-21 10:38:13,999] Trial 16 finished with value: 0.4 and parameters: {'n_estimators': 100, 'max_depth': 5, 'gamma': 0.7042291344876843, 'subsample': 0.7521592838480824, 'colsample_bytree': 0.5729453833983065}. Best is trial 10 with value: 0.5.
[I 2026-04-21 10:38:14,048] Trial 17 finished with value: 0.45 and parameters: {'n_estimators': 100, 'max_depth': 5, 'gamma': 0.9155355268434409, 'subsample': 0.5626070149577227, 'colsample_bytree': 0.6989482226504249}. Best is trial 10 with value: 0.5.
[I 2026-04-21 10:38:14,088] Trial 18 finished with value: 0.35 and parameters: {'n_estimators': 40, 'max_depth': 30, 'gamma': 0.7605133015809727, 'subsample': 0.8984770677910405, 'colsample_bytree': 0.8046325320696489}. Best is trial 10 with value: 0.5.
[I 2026-04-21 10:38:14,125] Trial 19 finished with value: 0.45 and parameters: {'n_estimators': 10, 'max_depth': 20, 'gamma': 0.2902842149535334, 'subsample': 0.6785822902067303, 'colsample_bytree': 0.6319725061725031}. Best is trial 10 with value: 0.5.
[I 2026-04-21 10:38:14,175] Trial 20 finished with value: 0.3 and parameters: {'n_estimators': 100, 'max_depth': 5, 'gamma': 0.910263884646949, 'subsample': 0.7414839721221149, 'colsample_bytree': 0.5477284861348816}. Best is trial 10 with value: 0.5.
[I 2026-04-21 10:38:14,213] Trial 21 finished with value: 0.4 and parameters: {'n_estimators': 40, 'max_depth': 20, 'gamma': 0.6857739096072046, 'subsample': 0.6045141475611931, 'colsample_bytree': 0.5482484241496834}. Best is trial 10 with value: 0.5.
[I 2026-04-21 10:38:14,253] Trial 22 finished with value: 0.5 and parameters: {'n_estimators': 40, 'max_depth': 20, 'gamma': 0.7190156475641555, 'subsample': 0.5325904362061513, 'colsample_bytree': 0.5919203881264861}. Best is trial 10 with value: 0.5.
[I 2026-04-21 10:38:14,296] Trial 23 finished with value: 0.5 and parameters: {'n_estimators': 40, 'max_depth': 20, 'gamma': 0.7483684821352108, 'subsample': 0.530579971391341, 'colsample_bytree': 0.709803948658623}. Best is trial 10 with value: 0.5.
[I 2026-04-21 10:38:14,334] Trial 24 finished with value: 0.45 and parameters: {'n_estimators': 40, 'max_depth': 20, 'gamma': 0.7663454947092173, 'subsample': 0.5472323331252409, 'colsample_bytree': 0.6104472252572618}. Best is trial 10 with value: 0.5.
[I 2026-04-21 10:38:14,374] Trial 25 finished with value: 0.5 and parameters: {'n_estimators': 40, 'max_depth': 20, 'gamma': 0.7461365567792848, 'subsample': 0.5796196743278822, 'colsample_bytree': 0.6818297055968906}. Best is trial 10 with value: 0.5.
[I 2026-04-21 10:38:14,420] Trial 26 finished with value: 0.5 and parameters: {'n_estimators': 40, 'max_depth': 20, 'gamma': 0.9224725091674869, 'subsample': 0.6416688419082204, 'colsample_bytree': 0.5216534386101536}. Best is trial 10 with value: 0.5.
[I 2026-04-21 10:38:14,469] Trial 27 finished with value: 0.5 and parameters: {'n_estimators': 40, 'max_depth': 20, 'gamma': 0.6252824260824497, 'subsample': 0.5263722717900344, 'colsample_bytree': 0.6024334199722533}. Best is trial 10 with value: 0.5.
[I 2026-04-21 10:38:14,510] Trial 28 finished with value: 0.45 and parameters: {'n_estimators': 40, 'max_depth': 20, 'gamma': 0.5025094117612419, 'subsample': 0.6420527753759175, 'colsample_bytree': 0.549157300342787}. Best is trial 10 with value: 0.5.
[I 2026-04-21 10:38:14,548] Trial 29 finished with value: 0.45 and parameters: {'n_estimators': 40, 'max_depth': 20, 'gamma': 0.4047976400952203, 'subsample': 0.5879762898919965, 'colsample_bytree': 0.790465766610629}. Best is trial 10 with value: 0.5.
[I 2026-04-21 10:38:14,673] A new study created in memory with name: rf
[I 2026-04-21 10:38:15,152] Trial 0 finished with value: 0.35 and parameters: {'n_estimators': 450, 'max_depth': 20, 'min_samples_split': 9, 'min_samples_leaf': 6}. Best is trial 0 with value: 0.35.
[I 2026-04-21 10:38:15,400] Trial 1 finished with value: 0.3 and parameters: {'n_estimators': 193, 'max_depth': 3, 'min_samples_split': 5, 'min_samples_leaf': 5}. Best is trial 0 with value: 0.35.
[I 2026-04-21 10:38:15,739] Trial 2 finished with value: 0.35 and parameters: {'n_estimators': 309, 'max_depth': 11, 'min_samples_split': 6, 'min_samples_leaf': 6}. Best is trial 0 with value: 0.35.
[I 2026-04-21 10:38:16,208] Trial 3 finished with value: 0.3 and parameters: {'n_estimators': 405, 'max_depth': 15, 'min_samples_split': 7, 'min_samples_leaf': 5}. Best is trial 0 with value: 0.35.
[I 2026-04-21 10:38:16,498] Trial 4 finished with value: 0.35 and parameters: {'n_estimators': 215, 'max_depth': 20, 'min_samples_split': 5, 'min_samples_leaf': 3}. Best is trial 0 with value: 0.35.
[I 2026-04-21 10:38:16,666] Trial 5 finished with value: 0.3 and parameters: {'n_estimators': 126, 'max_depth': 20, 'min_samples_split': 3, 'min_samples_leaf': 4}. Best is trial 0 with value: 0.35.
[I 2026-04-21 10:38:16,824] Trial 6 finished with value: 0.5 and parameters: {'n_estimators': 128, 'max_depth': 7, 'min_samples_split': 5, 'min_samples_leaf': 9}. Best is trial 6 with value: 0.5.
[I 2026-04-21 10:38:17,105] Trial 7 finished with value: 0.4 and parameters: {'n_estimators': 238, 'max_depth': 20, 'min_samples_split': 2, 'min_samples_leaf': 4}. Best is trial 6 with value: 0.5.
[I 2026-04-21 10:38:17,393] Trial 8 finished with value: 0.35 and parameters: {'n_estimators': 252, 'max_depth': 16, 'min_samples_split': 10, 'min_samples_leaf': 4}. Best is trial 6 with value: 0.5.
[I 2026-04-21 10:38:17,701] Trial 9 finished with value: 0.5 and parameters: {'n_estimators': 273, 'max_depth': 7, 'min_samples_split': 9, 'min_samples_leaf': 7}. Best is trial 6 with value: 0.5.
[I 2026-04-21 10:38:17,856] Trial 10 finished with value: 0.5 and parameters: {'n_estimators': 106, 'max_depth': 8, 'min_samples_split': 4, 'min_samples_leaf': 10}. Best is trial 6 with value: 0.5.
[I 2026-04-21 10:38:18,245] Trial 11 finished with value: 0.5 and parameters: {'n_estimators': 346, 'max_depth': 6, 'min_samples_split': 8, 'min_samples_leaf': 9}. Best is trial 6 with value: 0.5.
[I 2026-04-21 10:38:18,471] Trial 12 finished with value: 0.5 and parameters: {'n_estimators': 168, 'max_depth': 7, 'min_samples_split': 7, 'min_samples_leaf': 8}. Best is trial 6 with value: 0.5.
[I 2026-04-21 10:38:18,866] Trial 13 finished with value: 0.5 and parameters: {'n_estimators': 361, 'max_depth': 10, 'min_samples_split': 10, 'min_samples_leaf': 8}. Best is trial 6 with value: 0.5.
[I 2026-04-21 10:38:19,182] Trial 14 finished with value: 0.35 and parameters: {'n_estimators': 278, 'max_depth': 4, 'min_samples_split': 8, 'min_samples_leaf': 1}. Best is trial 6 with value: 0.5.
[I 2026-04-21 10:38:19,380] Trial 15 finished with value: 0.5 and parameters: {'n_estimators': 154, 'max_depth': 9, 'min_samples_split': 5, 'min_samples_leaf': 7}. Best is trial 6 with value: 0.5.
[I 2026-04-21 10:38:19,757] Trial 16 finished with value: 0.5 and parameters: {'n_estimators': 314, 'max_depth': 13, 'min_samples_split': 7, 'min_samples_leaf': 10}. Best is trial 6 with value: 0.5.
[I 2026-04-21 10:38:20,285] Trial 17 finished with value: 0.5 and parameters: {'n_estimators': 487, 'max_depth': 5, 'min_samples_split': 4, 'min_samples_leaf': 8}. Best is trial 6 with value: 0.5.
[I 2026-04-21 10:38:20,721] Trial 18 finished with value: 0.45 and parameters: {'n_estimators': 396, 'max_depth': 13, 'min_samples_split': 9, 'min_samples_leaf': 7}. Best is trial 6 with value: 0.5.
[I 2026-04-21 10:38:20,966] Trial 19 finished with value: 0.5 and parameters: {'n_estimators': 158, 'max_depth': 7, 'min_samples_split': 6, 'min_samples_leaf': 9}. Best is trial 6 with value: 0.5.
[I 2026-04-21 10:38:21,286] Trial 20 finished with value: 0.5 and parameters: {'n_estimators': 269, 'max_depth': 5, 'min_samples_split': 3, 'min_samples_leaf': 7}. Best is trial 6 with value: 0.5.
[I 2026-04-21 10:38:21,460] Trial 21 finished with value: 0.5 and parameters: {'n_estimators': 103, 'max_depth': 8, 'min_samples_split': 4, 'min_samples_leaf': 10}. Best is trial 6 with value: 0.5.
[I 2026-04-21 10:38:21,626] Trial 22 finished with value: 0.5 and parameters: {'n_estimators': 108, 'max_depth': 9, 'min_samples_split': 3, 'min_samples_leaf': 9}. Best is trial 6 with value: 0.5.
[I 2026-04-21 10:38:21,898] Trial 23 finished with value: 0.5 and parameters: {'n_estimators': 197, 'max_depth': 7, 'min_samples_split': 4, 'min_samples_leaf': 10}. Best is trial 6 with value: 0.5.
[I 2026-04-21 10:38:22,092] Trial 24 finished with value: 0.5 and parameters: {'n_estimators': 144, 'max_depth': 11, 'min_samples_split': 2, 'min_samples_leaf': 9}. Best is trial 6 with value: 0.5.
[I 2026-04-21 10:38:22,389] Trial 25 finished with value: 0.5 and parameters: {'n_estimators': 220, 'max_depth': 9, 'min_samples_split': 5, 'min_samples_leaf': 8}. Best is trial 6 with value: 0.5.
[I 2026-04-21 10:38:22,565] Trial 26 finished with value: 0.5 and parameters: {'n_estimators': 138, 'max_depth': 3, 'min_samples_split': 6, 'min_samples_leaf': 10}. Best is trial 6 with value: 0.5.
[I 2026-04-21 10:38:22,798] Trial 27 finished with value: 0.5 and parameters: {'n_estimators': 171, 'max_depth': 5, 'min_samples_split': 4, 'min_samples_leaf': 9}. Best is trial 6 with value: 0.5.
[I 2026-04-21 10:38:22,958] Trial 28 finished with value: 0.5 and parameters: {'n_estimators': 115, 'max_depth': 8, 'min_samples_split': 8, 'min_samples_leaf': 7}. Best is trial 6 with value: 0.5.
[I 2026-04-21 10:38:23,220] Trial 29 finished with value: 0.35 and parameters: {'n_estimators': 197, 'max_depth': 6, 'min_samples_split': 9, 'min_samples_leaf': 6}. Best is trial 6 with value: 0.5.
[I 2026-04-21 10:38:23,537] A new study created in memory with name: mlp
[I 2026-04-21 10:38:23,591] Trial 0 finished with value: 0.3 and parameters: {'hidden_layer_sizes': (200,), 'max_iter': 50, 'alpha': 0.001}. Best is trial 0 with value: 0.3.
[I 2026-04-21 10:38:23,647] Trial 1 finished with value: 0.3 and parameters: {'hidden_layer_sizes': (200,), 'max_iter': 50, 'alpha': 0.0001}. Best is trial 0 with value: 0.3.
[I 2026-04-21 10:38:23,693] Trial 2 finished with value: 0.3 and parameters: {'hidden_layer_sizes': (100,), 'max_iter': 50, 'alpha': 0.0001}. Best is trial 0 with value: 0.3.
[I 2026-04-21 10:38:23,759] Trial 3 finished with value: 0.3 and parameters: {'hidden_layer_sizes': (100,), 'max_iter': 100, 'alpha': 0.001}. Best is trial 0 with value: 0.3.
[I 2026-04-21 10:38:23,844] Trial 4 finished with value: 0.3 and parameters: {'hidden_layer_sizes': (200,), 'max_iter': 100, 'alpha': 0.001}. Best is trial 0 with value: 0.3.
[I 2026-04-21 10:38:23,890] Trial 5 finished with value: 0.3 and parameters: {'hidden_layer_sizes': (200,), 'max_iter': 50, 'alpha': 0.001}. Best is trial 0 with value: 0.3.
[I 2026-04-21 10:38:23,955] Trial 6 finished with value: 0.3 and parameters: {'hidden_layer_sizes': (100,), 'max_iter': 100, 'alpha': 0.0001}. Best is trial 0 with value: 0.3.
[I 2026-04-21 10:38:24,012] Trial 7 finished with value: 0.3 and parameters: {'hidden_layer_sizes': (100, 100), 'max_iter': 50, 'alpha': 0.0001}. Best is trial 0 with value: 0.3.
[I 2026-04-21 10:38:24,099] Trial 8 finished with value: 0.3 and parameters: {'hidden_layer_sizes': (100, 100), 'max_iter': 100, 'alpha': 0.0001}. Best is trial 0 with value: 0.3.
[I 2026-04-21 10:38:24,144] Trial 9 finished with value: 0.3 and parameters: {'hidden_layer_sizes': (100,), 'max_iter': 50, 'alpha': 0.001}. Best is trial 0 with value: 0.3.
[I 2026-04-21 10:38:24,203] Trial 10 finished with value: 0.3 and parameters: {'hidden_layer_sizes': (200,), 'max_iter': 50, 'alpha': 0.001}. Best is trial 0 with value: 0.3.
[I 2026-04-21 10:38:24,252] Trial 11 finished with value: 0.3 and parameters: {'hidden_layer_sizes': (200,), 'max_iter': 50, 'alpha': 0.0001}. Best is trial 0 with value: 0.3.
[I 2026-04-21 10:38:24,302] Trial 12 finished with value: 0.3 and parameters: {'hidden_layer_sizes': (200,), 'max_iter': 50, 'alpha': 0.0001}. Best is trial 0 with value: 0.3.
[I 2026-04-21 10:38:24,358] Trial 13 finished with value: 0.3 and parameters: {'hidden_layer_sizes': (200,), 'max_iter': 50, 'alpha': 0.001}. Best is trial 0 with value: 0.3.
[I 2026-04-21 10:38:24,403] Trial 14 finished with value: 0.3 and parameters: {'hidden_layer_sizes': (200,), 'max_iter': 50, 'alpha': 0.001}. Best is trial 0 with value: 0.3.
[I 2026-04-21 10:38:24,448] Trial 15 finished with value: 0.3 and parameters: {'hidden_layer_sizes': (200,), 'max_iter': 50, 'alpha': 0.0001}. Best is trial 0 with value: 0.3.
[I 2026-04-21 10:38:24,505] Trial 16 finished with value: 0.3 and parameters: {'hidden_layer_sizes': (100, 100), 'max_iter': 50, 'alpha': 0.0001}. Best is trial 0 with value: 0.3.
[I 2026-04-21 10:38:24,549] Trial 17 finished with value: 0.3 and parameters: {'hidden_layer_sizes': (200,), 'max_iter': 50, 'alpha': 0.001}. Best is trial 0 with value: 0.3.
[I 2026-04-21 10:38:24,644] Trial 18 finished with value: 0.3 and parameters: {'hidden_layer_sizes': (200,), 'max_iter': 100, 'alpha': 0.0001}. Best is trial 0 with value: 0.3.
[I 2026-04-21 10:38:24,688] Trial 19 finished with value: 0.3 and parameters: {'hidden_layer_sizes': (100, 100), 'max_iter': 50, 'alpha': 0.001}. Best is trial 0 with value: 0.3.
[I 2026-04-21 10:38:24,743] Trial 20 finished with value: 0.3 and parameters: {'hidden_layer_sizes': (200,), 'max_iter': 50, 'alpha': 0.0001}. Best is trial 0 with value: 0.3.
[I 2026-04-21 10:38:24,787] Trial 21 finished with value: 0.3 and parameters: {'hidden_layer_sizes': (100,), 'max_iter': 50, 'alpha': 0.0001}. Best is trial 0 with value: 0.3.
[I 2026-04-21 10:38:24,822] Trial 22 finished with value: 0.3 and parameters: {'hidden_layer_sizes': (100,), 'max_iter': 50, 'alpha': 0.0001}. Best is trial 0 with value: 0.3.
[I 2026-04-21 10:38:24,867] Trial 23 finished with value: 0.35 and parameters: {'hidden_layer_sizes': (100,), 'max_iter': 50, 'alpha': 0.0001}. Best is trial 23 with value: 0.35.
[I 2026-04-21 10:38:24,901] Trial 24 finished with value: 0.3 and parameters: {'hidden_layer_sizes': (100,), 'max_iter': 50, 'alpha': 0.0001}. Best is trial 23 with value: 0.35.
[I 2026-04-21 10:38:24,946] Trial 25 finished with value: 0.35 and parameters: {'hidden_layer_sizes': (100,), 'max_iter': 50, 'alpha': 0.0001}. Best is trial 23 with value: 0.35.
[I 2026-04-21 10:38:25,005] Trial 26 finished with value: 0.35 and parameters: {'hidden_layer_sizes': (100,), 'max_iter': 100, 'alpha': 0.001}. Best is trial 23 with value: 0.35.
[I 2026-04-21 10:38:25,064] Trial 27 finished with value: 0.3 and parameters: {'hidden_layer_sizes': (100,), 'max_iter': 100, 'alpha': 0.0001}. Best is trial 23 with value: 0.35.
[I 2026-04-21 10:38:25,143] Trial 28 finished with value: 0.3 and parameters: {'hidden_layer_sizes': (100,), 'max_iter': 100, 'alpha': 0.001}. Best is trial 23 with value: 0.35.
[I 2026-04-21 10:38:25,214] Trial 29 finished with value: 0.3 and parameters: {'hidden_layer_sizes': (100,), 'max_iter': 100, 'alpha': 0.001}. Best is trial 23 with value: 0.35.
[I 2026-04-21 10:38:25,351] A new study created in memory with name: svc
[I 2026-04-21 10:38:25,369] Trial 0 finished with value: 0.25 and parameters: {'C': 31.168622654226873, 'gamma': 0.7484497562485191}. Best is trial 0 with value: 0.25.
[I 2026-04-21 10:38:25,385] Trial 1 finished with value: 0.3 and parameters: {'C': 29.976309274600954, 'gamma': 0.013286872459026702}. Best is trial 1 with value: 0.3.
[I 2026-04-21 10:38:25,398] Trial 2 finished with value: 0.5 and parameters: {'C': 0.08529298465080307, 'gamma': 0.00011106960237430257}. Best is trial 2 with value: 0.5.
[I 2026-04-21 10:38:25,412] Trial 3 finished with value: 0.45 and parameters: {'C': 0.5270784658374341, 'gamma': 0.004068229457500922}. Best is trial 2 with value: 0.5.
[I 2026-04-21 10:38:25,426] Trial 4 finished with value: 0.35 and parameters: {'C': 1.2322495987505253, 'gamma': 0.008195343912941565}. Best is trial 2 with value: 0.5.
[I 2026-04-21 10:38:25,439] Trial 5 finished with value: 0.3 and parameters: {'C': 1.6650446929687996, 'gamma': 0.014912280706161869}. Best is trial 2 with value: 0.5.
[I 2026-04-21 10:38:25,453] Trial 6 finished with value: 0.3 and parameters: {'C': 11.055599623279033, 'gamma': 0.07071284267178823}. Best is trial 2 with value: 0.5.
[I 2026-04-21 10:38:25,468] Trial 7 finished with value: 0.35 and parameters: {'C': 3.0111222251271013, 'gamma': 0.00506252384623837}. Best is trial 2 with value: 0.5.
[I 2026-04-21 10:38:25,483] Trial 8 finished with value: 0.2 and parameters: {'C': 0.1433177931243846, 'gamma': 0.7859971382309453}. Best is trial 2 with value: 0.5.
[I 2026-04-21 10:38:25,508] Trial 9 finished with value: 0.5 and parameters: {'C': 0.21631975482828378, 'gamma': 0.0007502469581683287}. Best is trial 2 with value: 0.5.
