[I 2026-04-21 10:29:45,801] Trial 4 finished with value: 0.7 and parameters: {'C': 0.1538870258903583, 'gamma': 0.0005634883151169033}. Best is trial 3 with value: 1.0.
[I 2026-04-21 10:29:45,815] Trial 5 finished with value: 0.75 and parameters: {'C': 0.021036092656561454, 'gamma': 0.08990030906808326}. Best is trial 3 with value: 1.0.
[I 2026-04-21 10:29:45,828] Trial 6 finished with value: 0.7 and parameters: {'C': 0.5824208201678516, 'gamma': 0.00042977333932534993}. Best is trial 3 with value: 1.0.
[I 2026-04-21 10:29:45,841] Trial 7 finished with value: 1.0 and parameters: {'C': 33.09391330085814, 'gamma': 0.001248377256719358}. Best is trial 3 with value: 1.0.
[I 2026-04-21 10:29:45,858] Trial 8 finished with value: 0.7 and parameters: {'C': 0.45387898639622015, 'gamma': 0.0015286910781809498}. Best is trial 3 with value: 1.0.
[I 2026-04-21 10:29:45,873] Trial 9 finished with value: 0.95 and parameters: {'C': 3.274550070431994, 'gamma': 0.02086177421469992}. Best is trial 3 with value: 1.0.
[I 2026-04-21 10:29:45,896] Trial 10 finished with value: 0.95 and parameters: {'C': 90.06440757156173, 'gamma': 0.004099569284748027}. Best is trial 3 with value: 1.0.
[I 2026-04-21 10:29:45,921] Trial 11 finished with value: 1.0 and parameters: {'C': 17.757430319443916, 'gamma': 0.004833647731819806}. Best is trial 3 with value: 1.0.
[I 2026-04-21 10:29:45,944] Trial 12 finished with value: 0.85 and parameters: {'C': 8.574923151062848, 'gamma': 0.00022279996136366655}. Best is trial 3 with value: 1.0.
[I 2026-04-21 10:29:45,969] Trial 13 finished with value: 0.95 and parameters: {'C': 87.93200078775797, 'gamma': 0.0016724853267038326}. Best is trial 3 with value: 1.0.
[I 2026-04-21 10:29:45,994] Trial 14 finished with value: 0.9 and parameters: {'C': 27.970161316434485, 'gamma': 0.00010410657631139162}. Best is trial 3 with value: 1.0.
[I 2026-04-21 10:29:46,018] Trial 15 finished with value: 0.95 and parameters: {'C': 4.637473708405074, 'gamma': 0.015816792889032042}. Best is trial 3 with value: 1.0.
[I 2026-04-21 10:29:46,042] Trial 16 finished with value: 0.9 and parameters: {'C': 26.712566217627742, 'gamma': 0.07596048447616485}. Best is trial 3 with value: 1.0.
[I 2026-04-21 10:29:46,064] Trial 17 finished with value: 1.0 and parameters: {'C': 2.763521942960963, 'gamma': 0.0059603957535583315}. Best is trial 3 with value: 1.0.
[I 2026-04-21 10:29:46,087] Trial 18 finished with value: 0.95 and parameters: {'C': 11.39076194629038, 'gamma': 0.0016579414527853186}. Best is trial 3 with value: 1.0.
[I 2026-04-21 10:29:46,110] Trial 19 finished with value: 0.9 and parameters: {'C': 49.41328339605082, 'gamma': 0.06553720598890872}. Best is trial 3 with value: 1.0.
[I 2026-04-21 10:29:46,131] Trial 20 finished with value: 0.9 and parameters: {'C': 5.649320275580038, 'gamma': 0.00108243157259757}. Best is trial 3 with value: 1.0.
[I 2026-04-21 10:29:46,151] Trial 21 finished with value: 1.0 and parameters: {'C': 16.990576972458534, 'gamma': 0.005033339350218376}. Best is trial 3 with value: 1.0.
[I 2026-04-21 10:29:46,177] Trial 22 finished with value: 1.0 and parameters: {'C': 1.8961949979935517, 'gamma': 0.007639098881507377}. Best is trial 3 with value: 1.0.
[I 2026-04-21 10:29:46,200] Trial 23 finished with value: 0.95 and parameters: {'C': 32.89495520749065, 'gamma': 0.0036176178148466594}. Best is trial 3 with value: 1.0.
[I 2026-04-21 10:29:46,220] Trial 24 finished with value: 1.0 and parameters: {'C': 13.329996522509937, 'gamma': 0.01149224018082345}. Best is trial 3 with value: 1.0.
[I 2026-04-21 10:29:46,245] Trial 25 finished with value: 0.95 and parameters: {'C': 44.891748736255934, 'gamma': 0.0374182852534528}. Best is trial 3 with value: 1.0.
[I 2026-04-21 10:29:46,267] Trial 26 finished with value: 0.9 and parameters: {'C': 1.3112543656615898, 'gamma': 0.0027678118799106958}. Best is trial 3 with value: 1.0.
[I 2026-04-21 10:29:46,289] Trial 27 finished with value: 0.9 and parameters: {'C': 7.224322966602281, 'gamma': 0.0007801659527598635}. Best is trial 3 with value: 1.0.
[I 2026-04-21 10:29:46,311] Trial 28 finished with value: 0.85 and parameters: {'C': 20.329581897504095, 'gamma': 0.15285665650791977}. Best is trial 3 with value: 1.0.
[I 2026-04-21 10:29:46,332] Trial 29 finished with value: 1.0 and parameters: {'C': 57.682727651193225, 'gamma': 0.00024219862159046354}. Best is trial 3 with value: 1.0.
[I 2026-04-21 10:29:46,380] A new study created in memory with name: naive_bayes
[I 2026-04-21 10:29:46,392] Trial 0 finished with value: 0.7 and parameters: {'var_smoothing': 6.10548688762798e-09}. Best is trial 0 with value: 0.7.
[I 2026-04-21 10:29:46,407] Trial 1 finished with value: 0.7 and parameters: {'var_smoothing': 4.6127467400935034e-10}. Best is trial 0 with value: 0.7.
[I 2026-04-21 10:29:46,421] Trial 2 finished with value: 0.7 and parameters: {'var_smoothing': 4.389936579400967e-09}. Best is trial 0 with value: 0.7.
[I 2026-04-21 10:29:46,436] Trial 3 finished with value: 0.7 and parameters: {'var_smoothing': 1.2116948204672054e-10}. Best is trial 0 with value: 0.7.
[I 2026-04-21 10:29:46,450] Trial 4 finished with value: 0.7 and parameters: {'var_smoothing': 1.6417739478477417e-10}. Best is trial 0 with value: 0.7.
[I 2026-04-21 10:29:46,466] Trial 5 finished with value: 0.7 and parameters: {'var_smoothing': 1.5491880147236797e-09}. Best is trial 0 with value: 0.7.
[I 2026-04-21 10:29:46,480] Trial 6 finished with value: 0.7 and parameters: {'var_smoothing': 1.1471883405287265e-09}. Best is trial 0 with value: 0.7.
[I 2026-04-21 10:29:46,494] Trial 7 finished with value: 0.7 and parameters: {'var_smoothing': 6.88041853492358e-10}. Best is trial 0 with value: 0.7.
[I 2026-04-21 10:29:46,508] Trial 8 finished with value: 0.7 and parameters: {'var_smoothing': 4.686144741221158e-10}. Best is trial 0 with value: 0.7.
[I 2026-04-21 10:29:46,522] Trial 9 finished with value: 0.7 and parameters: {'var_smoothing': 1.7580809350683337e-09}. Best is trial 0 with value: 0.7.
[I 2026-04-21 10:29:46,538] Trial 10 finished with value: 0.7 and parameters: {'var_smoothing': 9.83902635509218e-09}. Best is trial 0 with value: 0.7.
[I 2026-04-21 10:29:46,557] Trial 11 finished with value: 0.7 and parameters: {'var_smoothing': 2.660399871603373e-10}. Best is trial 0 with value: 0.7.
[I 2026-04-21 10:29:46,576] Trial 12 finished with value: 0.7 and parameters: {'var_smoothing': 9.276268851540963e-09}. Best is trial 0 with value: 0.7.
[I 2026-04-21 10:29:46,593] Trial 13 finished with value: 0.7 and parameters: {'var_smoothing': 2.9844010685221692e-09}. Best is trial 0 with value: 0.7.
[I 2026-04-21 10:29:46,611] Trial 14 finished with value: 0.7 and parameters: {'var_smoothing': 3.8923309717334116e-10}. Best is trial 0 with value: 0.7.
[I 2026-04-21 10:29:46,629] Trial 15 finished with value: 0.7 and parameters: {'var_smoothing': 3.85461066627204e-09}. Best is trial 0 with value: 0.7.
[I 2026-04-21 10:29:46,648] Trial 16 finished with value: 0.7 and parameters: {'var_smoothing': 7.120907275009211e-10}. Best is trial 0 with value: 0.7.
[I 2026-04-21 10:29:46,669] Trial 17 finished with value: 0.7 and parameters: {'var_smoothing': 2.412486610614855e-10}. Best is trial 0 with value: 0.7.
[I 2026-04-21 10:29:46,687] Trial 18 finished with value: 0.7 and parameters: {'var_smoothing': 2.3580860166954074e-09}. Best is trial 0 with value: 0.7.
[I 2026-04-21 10:29:46,705] Trial 19 finished with value: 0.7 and parameters: {'var_smoothing': 5.846846875339535e-09}. Best is trial 0 with value: 0.7.
[I 2026-04-21 10:29:46,723] Trial 20 finished with value: 0.7 and parameters: {'var_smoothing': 1.0486521320383776e-09}. Best is trial 0 with value: 0.7.
[I 2026-04-21 10:29:46,741] Trial 21 finished with value: 0.7 and parameters: {'var_smoothing': 4.9491450263339475e-09}. Best is trial 0 with value: 0.7.
[I 2026-04-21 10:29:46,756] Trial 22 finished with value: 0.7 and parameters: {'var_smoothing': 6.667992141406306e-09}. Best is trial 0 with value: 0.7.
[I 2026-04-21 10:29:46,772] Trial 23 finished with value: 0.7 and parameters: {'var_smoothing': 3.2795712712135213e-09}. Best is trial 0 with value: 0.7.
[I 2026-04-21 10:29:46,786] Trial 24 finished with value: 0.7 and parameters: {'var_smoothing': 6.403538416287158e-10}. Best is trial 0 with value: 0.7.
[I 2026-04-21 10:29:46,801] Trial 25 finished with value: 0.7 and parameters: {'var_smoothing': 2.1589819023851477e-09}. Best is trial 0 with value: 0.7.
[I 2026-04-21 10:29:46,817] Trial 26 finished with value: 0.7 and parameters: {'var_smoothing': 3.912617821024548e-09}. Best is trial 0 with value: 0.7.
[I 2026-04-21 10:29:46,833] Trial 27 finished with value: 0.7 and parameters: {'var_smoothing': 7.162139101012446e-09}. Best is trial 0 with value: 0.7.
[I 2026-04-21 10:29:46,853] Trial 28 finished with value: 0.7 and parameters: {'var_smoothing': 1.3883316815746274e-09}. Best is trial 0 with value: 0.7.
[I 2026-04-21 10:29:46,873] Trial 29 finished with value: 0.7 and parameters: {'var_smoothing': 4.1751754503046387e-10}. Best is trial 0 with value: 0.7.
[I 2026-04-21 10:29:46,912] A new study created in memory with name: logreg
[I 2026-04-21 10:29:46,935] Trial 0 finished with value: 0.65 and parameters: {'C': 29.127335430981816, 'penalty': 'l2'}. Best is trial 0 with value: 0.65.
[I 2026-04-21 10:29:46,960] Trial 1 finished with value: 0.65 and parameters: {'C': 0.045698192893558344, 'penalty': 'l2'}. Best is trial 0 with value: 0.65.
[I 2026-04-21 10:29:46,985] Trial 2 finished with value: 0.6 and parameters: {'C': 12.768668597712947, 'penalty': 'l2'}. Best is trial 0 with value: 0.65.
[I 2026-04-21 10:29:46,999] Trial 3 finished with value: 0.65 and parameters: {'C': 0.0016161554408462638, 'penalty': 'l2'}. Best is trial 0 with value: 0.65.
[I 2026-04-21 10:29:47,024] Trial 4 finished with value: 0.65 and parameters: {'C': 0.0034536903703241734, 'penalty': 'l2'}. Best is trial 0 with value: 0.65.
[I 2026-04-21 10:29:47,038] Trial 5 finished with value: 0.65 and parameters: {'C': 0.9446269266990148, 'penalty': 'l2'}. Best is trial 0 with value: 0.65.
[I 2026-04-21 10:29:47,060] Trial 6 finished with value: 0.65 and parameters: {'C': 0.4457453393648168, 'penalty': 'l2'}. Best is trial 0 with value: 0.65.
[I 2026-04-21 10:29:47,085] Trial 7 finished with value: 0.65 and parameters: {'C': 0.12417585037258261, 'penalty': 'l2'}. Best is trial 0 with value: 0.65.
[I 2026-04-21 10:29:47,110] Trial 8 finished with value: 0.65 and parameters: {'C': 0.04753781830244093, 'penalty': 'l2'}. Best is trial 0 with value: 0.65.
[I 2026-04-21 10:29:47,135] Trial 9 finished with value: 0.65 and parameters: {'C': 1.2959766028194148, 'penalty': 'l2'}. Best is trial 0 with value: 0.65.
[I 2026-04-21 10:29:47,164] Trial 10 finished with value: 0.65 and parameters: {'C': 96.02411422716075, 'penalty': 'l2'}. Best is trial 0 with value: 0.65.
[I 2026-04-21 10:29:47,184] Trial 11 finished with value: 0.65 and parameters: {'C': 0.011544291794950012, 'penalty': 'l2'}. Best is trial 0 with value: 0.65.
[I 2026-04-21 10:29:47,204] Trial 12 finished with value: 0.65 and parameters: {'C': 82.8768656483412, 'penalty': 'l2'}. Best is trial 0 with value: 0.65.
[I 2026-04-21 10:29:47,234] Trial 13 finished with value: 0.65 and parameters: {'C': 4.865673542589085, 'penalty': 'l2'}. Best is trial 0 with value: 0.65.
[I 2026-04-21 10:29:47,255] Trial 14 finished with value: 0.65 and parameters: {'C': 0.029889896070841086, 'penalty': 'l2'}. Best is trial 0 with value: 0.65.
[I 2026-04-21 10:29:47,282] Trial 15 finished with value: 0.65 and parameters: {'C': 9.224679733476327, 'penalty': 'l2'}. Best is trial 0 with value: 0.65.
[I 2026-04-21 10:29:47,311] Trial 16 finished with value: 0.65 and parameters: {'C': 0.13531262729274382, 'penalty': 'l2'}. Best is trial 0 with value: 0.65.
[I 2026-04-21 10:29:47,329] Trial 17 finished with value: 0.65 and parameters: {'C': 0.009039871959471408, 'penalty': 'l2'}. Best is trial 0 with value: 0.65.
[I 2026-04-21 10:29:47,347] Trial 18 finished with value: 0.65 and parameters: {'C': 2.7002197370561327, 'penalty': 'l2'}. Best is trial 0 with value: 0.65.
[I 2026-04-21 10:29:47,377] Trial 19 finished with value: 0.65 and parameters: {'C': 26.139922781749494, 'penalty': 'l2'}. Best is trial 0 with value: 0.65.
[I 2026-04-21 10:29:47,395] Trial 20 finished with value: 0.65 and parameters: {'C': 0.35610544182754233, 'penalty': 'l2'}. Best is trial 0 with value: 0.65.
[I 2026-04-21 10:29:47,416] Trial 21 finished with value: 0.65 and parameters: {'C': 0.0019758005464870095, 'penalty': 'l2'}. Best is trial 0 with value: 0.65.
[I 2026-04-21 10:29:47,437] Trial 22 finished with value: 0.65 and parameters: {'C': 0.0012504220035156409, 'penalty': 'l2'}. Best is trial 0 with value: 0.65.
[I 2026-04-21 10:29:47,459] Trial 23 finished with value: 0.65 and parameters: {'C': 0.011470468407337456, 'penalty': 'l2'}. Best is trial 0 with value: 0.65.
[I 2026-04-21 10:29:47,477] Trial 24 finished with value: 0.65 and parameters: {'C': 0.004083626605661591, 'penalty': 'l2'}. Best is trial 0 with value: 0.65.
[I 2026-04-21 10:29:47,507] Trial 25 finished with value: 0.65 and parameters: {'C': 0.05462732766591389, 'penalty': 'l2'}. Best is trial 0 with value: 0.65.
[I 2026-04-21 10:29:47,528] Trial 26 finished with value: 0.65 and parameters: {'C': 0.11878344784164031, 'penalty': 'l2'}. Best is trial 0 with value: 0.65.
[I 2026-04-21 10:29:47,555] Trial 27 finished with value: 0.65 and parameters: {'C': 0.021458236428879972, 'penalty': 'l2'}. Best is trial 0 with value: 0.65.
[I 2026-04-21 10:29:47,582] Trial 28 finished with value: 0.65 and parameters: {'C': 0.004517309743429786, 'penalty': 'l2'}. Best is trial 0 with value: 0.65.
[I 2026-04-21 10:29:47,610] Trial 29 finished with value: 0.6 and parameters: {'C': 20.90440552290049, 'penalty': 'l2'}. Best is trial 0 with value: 0.65.
[I 2026-04-21 10:29:47,649] A new study created in memory with name: knn
[I 2026-04-21 10:29:47,662] Trial 0 finished with value: 0.5 and parameters: {'n_neighbors': 10, 'leaf_size': 26, 'p': 1}. Best is trial 0 with value: 0.5.
[I 2026-04-21 10:29:47,675] Trial 1 finished with value: 0.7 and parameters: {'n_neighbors': 3, 'leaf_size': 32, 'p': 1}. Best is trial 1 with value: 0.7.
[I 2026-04-21 10:29:47,688] Trial 2 finished with value: 0.6 and parameters: {'n_neighbors': 5, 'leaf_size': 33, 'p': 2}. Best is trial 1 with value: 0.7.
[I 2026-04-21 10:29:47,700] Trial 3 finished with value: 0.6 and parameters: {'n_neighbors': 7, 'leaf_size': 32, 'p': 2}. Best is trial 1 with value: 0.7.
[I 2026-04-21 10:29:47,713] Trial 4 finished with value: 0.5 and parameters: {'n_neighbors': 9, 'leaf_size': 28, 'p': 1}. Best is trial 1 with value: 0.7.
[I 2026-04-21 10:29:47,725] Trial 5 finished with value: 0.7 and parameters: {'n_neighbors': 3, 'leaf_size': 35, 'p': 1}. Best is trial 1 with value: 0.7.
[I 2026-04-21 10:29:47,738] Trial 6 finished with value: 0.7 and parameters: {'n_neighbors': 8, 'leaf_size': 31, 'p': 2}. Best is trial 1 with value: 0.7.
[I 2026-04-21 10:29:47,750] Trial 7 finished with value: 0.65 and parameters: {'n_neighbors': 6, 'leaf_size': 24, 'p': 2}. Best is trial 1 with value: 0.7.
[I 2026-04-21 10:29:47,763] Trial 8 finished with value: 0.6 and parameters: {'n_neighbors': 5, 'leaf_size': 34, 'p': 2}. Best is trial 1 with value: 0.7.
[I 2026-04-21 10:29:47,778] Trial 9 finished with value: 0.65 and parameters: {'n_neighbors': 10, 'leaf_size': 27, 'p': 2}. Best is trial 1 with value: 0.7.
[I 2026-04-21 10:29:47,800] Trial 10 finished with value: 0.7 and parameters: {'n_neighbors': 3, 'leaf_size': 40, 'p': 1}. Best is trial 1 with value: 0.7.
[I 2026-04-21 10:29:47,823] Trial 11 finished with value: 0.7 and parameters: {'n_neighbors': 3, 'leaf_size': 38, 'p': 1}. Best is trial 1 with value: 0.7.
[I 2026-04-21 10:29:47,850] Trial 12 finished with value: 0.75 and parameters: {'n_neighbors': 4, 'leaf_size': 36, 'p': 1}. Best is trial 12 with value: 0.75.
[I 2026-04-21 10:29:47,872] Trial 13 finished with value: 0.75 and parameters: {'n_neighbors': 4, 'leaf_size': 20, 'p': 1}. Best is trial 12 with value: 0.75.
[I 2026-04-21 10:29:47,894] Trial 14 finished with value: 0.6 and parameters: {'n_neighbors': 5, 'leaf_size': 20, 'p': 1}. Best is trial 12 with value: 0.75.
[I 2026-04-21 10:29:47,920] Trial 15 finished with value: 0.75 and parameters: {'n_neighbors': 4, 'leaf_size': 20, 'p': 1}. Best is trial 12 with value: 0.75.
[I 2026-04-21 10:29:47,942] Trial 16 finished with value: 0.6 and parameters: {'n_neighbors': 6, 'leaf_size': 37, 'p': 1}. Best is trial 12 with value: 0.75.
[I 2026-04-21 10:29:47,966] Trial 17 finished with value: 0.75 and parameters: {'n_neighbors': 4, 'leaf_size': 23, 'p': 1}. Best is trial 12 with value: 0.75.
[I 2026-04-21 10:29:47,988] Trial 18 finished with value: 0.75 and parameters: {'n_neighbors': 4, 'leaf_size': 36, 'p': 1}. Best is trial 12 with value: 0.75.
[I 2026-04-21 10:29:48,012] Trial 19 finished with value: 0.6 and parameters: {'n_neighbors': 6, 'leaf_size': 29, 'p': 1}. Best is trial 12 with value: 0.75.
[I 2026-04-21 10:29:48,039] Trial 20 finished with value: 0.45 and parameters: {'n_neighbors': 7, 'leaf_size': 40, 'p': 1}. Best is trial 12 with value: 0.75.
[I 2026-04-21 10:29:48,062] Trial 21 finished with value: 0.75 and parameters: {'n_neighbors': 4, 'leaf_size': 20, 'p': 1}. Best is trial 12 with value: 0.75.
[I 2026-04-21 10:29:48,088] Trial 22 finished with value: 0.75 and parameters: {'n_neighbors': 4, 'leaf_size': 23, 'p': 1}. Best is trial 12 with value: 0.75.
[I 2026-04-21 10:29:48,115] Trial 23 finished with value: 0.6 and parameters: {'n_neighbors': 5, 'leaf_size': 21, 'p': 1}. Best is trial 12 with value: 0.75.
[I 2026-04-21 10:29:48,139] Trial 24 finished with value: 0.75 and parameters: {'n_neighbors': 4, 'leaf_size': 25, 'p': 1}. Best is trial 12 with value: 0.75.
[I 2026-04-21 10:29:48,165] Trial 25 finished with value: 0.6 and parameters: {'n_neighbors': 5, 'leaf_size': 22, 'p': 1}. Best is trial 12 with value: 0.75.
[I 2026-04-21 10:29:48,192] Trial 26 finished with value: 0.75 and parameters: {'n_neighbors': 4, 'leaf_size': 29, 'p': 1}. Best is trial 12 with value: 0.75.
[I 2026-04-21 10:29:48,213] Trial 27 finished with value: 0.7 and parameters: {'n_neighbors': 3, 'leaf_size': 22, 'p': 1}. Best is trial 12 with value: 0.75.
[I 2026-04-21 10:29:48,236] Trial 28 finished with value: 0.6 and parameters: {'n_neighbors': 6, 'leaf_size': 25, 'p': 1}. Best is trial 12 with value: 0.75.
[I 2026-04-21 10:29:48,264] Trial 29 finished with value: 0.5 and parameters: {'n_neighbors': 9, 'leaf_size': 27, 'p': 1}. Best is trial 12 with value: 0.75.
[I 2026-04-21 10:29:48,300] A new study created in memory with name: xgb
[I 2026-04-21 10:29:48,325] Trial 0 finished with value: 0.75 and parameters: {'n_estimators': 10, 'max_depth': 30, 'gamma': 0.5768356259735394, 'subsample': 0.7094037142783272, 'colsample_bytree': 0.6677039246366646}. Best is trial 0 with value: 0.75.
[I 2026-04-21 10:29:48,363] Trial 1 finished with value: 0.75 and parameters: {'n_estimators': 100, 'max_depth': 30, 'gamma': 0.9912018442360747, 'subsample': 0.9099290984609207, 'colsample_bytree': 0.7066004674080903}. Best is trial 0 with value: 0.75.
[I 2026-04-21 10:29:48,391] Trial 2 finished with value: 0.65 and parameters: {'n_estimators': 10, 'max_depth': 20, 'gamma': 0.7382185757030506, 'subsample': 0.7704684271512641, 'colsample_bytree': 0.5624120871903049}. Best is trial 0 with value: 0.75.
[I 2026-04-21 10:29:48,417] Trial 3 finished with value: 0.75 and parameters: {'n_estimators': 10, 'max_depth': 20, 'gamma': 0.7041784887453524, 'subsample': 0.7995029565695583, 'colsample_bytree': 0.8586660727777565}. Best is trial 0 with value: 0.75.
[I 2026-04-21 10:29:48,444] Trial 4 finished with value: 0.75 and parameters: {'n_estimators': 10, 'max_depth': 20, 'gamma': 0.46549701645255037, 'subsample': 0.9946899241400011, 'colsample_bytree': 0.725249640372583}. Best is trial 0 with value: 0.75.
[I 2026-04-21 10:29:48,472] Trial 5 finished with value: 0.75 and parameters: {'n_estimators': 40, 'max_depth': 20, 'gamma': 0.3554734452019276, 'subsample': 0.5947710951851903, 'colsample_bytree': 0.7356254823676576}. Best is trial 0 with value: 0.75.
[I 2026-04-21 10:29:48,510] Trial 6 finished with value: 0.75 and parameters: {'n_estimators': 40, 'max_depth': 20, 'gamma': 0.8967376717636345, 'subsample': 0.988276510203839, 'colsample_bytree': 0.9184542964535913}. Best is trial 0 with value: 0.75.
[I 2026-04-21 10:29:48,538] Trial 7 finished with value: 0.75 and parameters: {'n_estimators': 40, 'max_depth': 30, 'gamma': 0.7149068474388774, 'subsample': 0.5696358027454862, 'colsample_bytree': 0.8514125286992056}. Best is trial 0 with value: 0.75.
[I 2026-04-21 10:29:48,563] Trial 8 finished with value: 0.75 and parameters: {'n_estimators': 100, 'max_depth': 30, 'gamma': 0.2471398756881566, 'subsample': 0.8241126205332553, 'colsample_bytree': 0.6258070715852391}. Best is trial 0 with value: 0.75.
[I 2026-04-21 10:29:48,592] Trial 9 finished with value: 0.75 and parameters: {'n_estimators': 40, 'max_depth': 30, 'gamma': 0.8599846034069103, 'subsample': 0.8019332783535529, 'colsample_bytree': 0.7936068454878676}. Best is trial 0 with value: 0.75.
[I 2026-04-21 10:29:48,632] Trial 10 finished with value: 0.7 and parameters: {'n_estimators': 10, 'max_depth': 5, 'gamma': 0.11132541504315885, 'subsample': 0.6518824205184826, 'colsample_bytree': 0.5222467176724002}. Best is trial 0 with value: 0.75.
[I 2026-04-21 10:29:48,680] Trial 11 finished with value: 0.75 and parameters: {'n_estimators': 100, 'max_depth': 30, 'gamma': 0.9681903397412062, 'subsample': 0.8909531909241379, 'colsample_bytree': 0.6608770902048942}. Best is trial 0 with value: 0.75.
