[I 2026-04-21 10:33:14,886] Trial 26 finished with value: 1.0 and parameters: {'n_neighbors': 6, 'leaf_size': 31, 'p': 2}. Best is trial 1 with value: 1.0.
[I 2026-04-21 10:33:14,913] Trial 27 finished with value: 1.0 and parameters: {'n_neighbors': 3, 'leaf_size': 40, 'p': 2}. Best is trial 1 with value: 1.0.
[I 2026-04-21 10:33:14,940] Trial 28 finished with value: 0.95 and parameters: {'n_neighbors': 9, 'leaf_size': 29, 'p': 1}. Best is trial 1 with value: 1.0.
[I 2026-04-21 10:33:14,964] Trial 29 finished with value: 1.0 and parameters: {'n_neighbors': 4, 'leaf_size': 25, 'p': 1}. Best is trial 1 with value: 1.0.
[I 2026-04-21 10:33:15,002] A new study created in memory with name: xgb
[I 2026-04-21 10:33:15,027] Trial 0 finished with value: 0.9 and parameters: {'n_estimators': 10, 'max_depth': 30, 'gamma': 0.5768356259735394, 'subsample': 0.7094037142783272, 'colsample_bytree': 0.6677039246366646}. Best is trial 0 with value: 0.9.
[I 2026-04-21 10:33:15,064] Trial 1 finished with value: 0.95 and parameters: {'n_estimators': 100, 'max_depth': 30, 'gamma': 0.9912018442360747, 'subsample': 0.9099290984609207, 'colsample_bytree': 0.7066004674080903}. Best is trial 1 with value: 0.95.
[I 2026-04-21 10:33:15,089] Trial 2 finished with value: 1.0 and parameters: {'n_estimators': 10, 'max_depth': 20, 'gamma': 0.7382185757030506, 'subsample': 0.7704684271512641, 'colsample_bytree': 0.5624120871903049}. Best is trial 2 with value: 1.0.
[I 2026-04-21 10:33:15,116] Trial 3 finished with value: 0.95 and parameters: {'n_estimators': 10, 'max_depth': 20, 'gamma': 0.7041784887453524, 'subsample': 0.7995029565695583, 'colsample_bytree': 0.8586660727777565}. Best is trial 2 with value: 1.0.
[I 2026-04-21 10:33:15,146] Trial 4 finished with value: 1.0 and parameters: {'n_estimators': 10, 'max_depth': 20, 'gamma': 0.46549701645255037, 'subsample': 0.9946899241400011, 'colsample_bytree': 0.725249640372583}. Best is trial 2 with value: 1.0.
[I 2026-04-21 10:33:15,176] Trial 5 finished with value: 1.0 and parameters: {'n_estimators': 40, 'max_depth': 20, 'gamma': 0.3554734452019276, 'subsample': 0.5947710951851903, 'colsample_bytree': 0.7356254823676576}. Best is trial 2 with value: 1.0.
[I 2026-04-21 10:33:15,203] Trial 6 finished with value: 0.95 and parameters: {'n_estimators': 40, 'max_depth': 20, 'gamma': 0.8967376717636345, 'subsample': 0.988276510203839, 'colsample_bytree': 0.9184542964535913}. Best is trial 2 with value: 1.0.
[I 2026-04-21 10:33:15,242] Trial 7 finished with value: 0.9 and parameters: {'n_estimators': 40, 'max_depth': 30, 'gamma': 0.7149068474388774, 'subsample': 0.5696358027454862, 'colsample_bytree': 0.8514125286992056}. Best is trial 2 with value: 1.0.
[I 2026-04-21 10:33:15,282] Trial 8 finished with value: 0.95 and parameters: {'n_estimators': 100, 'max_depth': 30, 'gamma': 0.2471398756881566, 'subsample': 0.8241126205332553, 'colsample_bytree': 0.6258070715852391}. Best is trial 2 with value: 1.0.
[I 2026-04-21 10:33:15,311] Trial 9 finished with value: 0.95 and parameters: {'n_estimators': 40, 'max_depth': 30, 'gamma': 0.8599846034069103, 'subsample': 0.8019332783535529, 'colsample_bytree': 0.7936068454878676}. Best is trial 2 with value: 1.0.
[I 2026-04-21 10:33:15,350] Trial 10 finished with value: 0.95 and parameters: {'n_estimators': 10, 'max_depth': 5, 'gamma': 0.11132541504315885, 'subsample': 0.676251899486003, 'colsample_bytree': 0.5127475876854589}. Best is trial 2 with value: 1.0.
[I 2026-04-21 10:33:15,391] Trial 11 finished with value: 1.0 and parameters: {'n_estimators': 10, 'max_depth': 20, 'gamma': 0.48174279936552766, 'subsample': 0.9861486016466865, 'colsample_bytree': 0.5495570027450881}. Best is trial 2 with value: 1.0.
[I 2026-04-21 10:33:15,446] Trial 12 finished with value: 1.0 and parameters: {'n_estimators': 10, 'max_depth': 20, 'gamma': 0.5299926855017165, 'subsample': 0.9095373987134776, 'colsample_bytree': 0.5919265782957113}. Best is trial 2 with value: 1.0.
[I 2026-04-21 10:33:15,489] Trial 13 finished with value: 0.85 and parameters: {'n_estimators': 10, 'max_depth': 5, 'gamma': 0.6888037824611343, 'subsample': 0.5146749793878775, 'colsample_bytree': 0.967145115283973}. Best is trial 2 with value: 1.0.
[I 2026-04-21 10:33:15,540] Trial 14 finished with value: 1.0 and parameters: {'n_estimators': 10, 'max_depth': 20, 'gamma': 0.39856475784262313, 'subsample': 0.8940181087620663, 'colsample_bytree': 0.6509666950889628}. Best is trial 2 with value: 1.0.
[I 2026-04-21 10:33:15,580] Trial 15 finished with value: 0.9 and parameters: {'n_estimators': 10, 'max_depth': 20, 'gamma': 0.6101599817959555, 'subsample': 0.659955157853861, 'colsample_bytree': 0.7985792397583931}. Best is trial 2 with value: 1.0.
[I 2026-04-21 10:33:15,629] Trial 16 finished with value: 1.0 and parameters: {'n_estimators': 100, 'max_depth': 5, 'gamma': 0.8099195207912526, 'subsample': 0.7454914143127896, 'colsample_bytree': 0.5756273784136923}. Best is trial 2 with value: 1.0.
[I 2026-04-21 10:33:15,669] Trial 17 finished with value: 1.0 and parameters: {'n_estimators': 10, 'max_depth': 20, 'gamma': 0.4085733018497589, 'subsample': 0.8552782985912065, 'colsample_bytree': 0.5064839807832304}. Best is trial 2 with value: 1.0.
[I 2026-04-21 10:33:15,710] Trial 18 finished with value: 1.0 and parameters: {'n_estimators': 10, 'max_depth': 20, 'gamma': 0.2755268987789774, 'subsample': 0.9529750381598958, 'colsample_bytree': 0.6961056157766824}. Best is trial 2 with value: 1.0.
[I 2026-04-21 10:33:15,758] Trial 19 finished with value: 0.95 and parameters: {'n_estimators': 100, 'max_depth': 20, 'gamma': 0.6313653438994521, 'subsample': 0.7483349778679016, 'colsample_bytree': 0.781328917270296}. Best is trial 2 with value: 1.0.
[I 2026-04-21 10:33:15,796] Trial 20 finished with value: 0.9 and parameters: {'n_estimators': 10, 'max_depth': 5, 'gamma': 0.8004555714358138, 'subsample': 0.6113481473495802, 'colsample_bytree': 0.6112773242207155}. Best is trial 2 with value: 1.0.
[I 2026-04-21 10:33:15,835] Trial 21 finished with value: 0.95 and parameters: {'n_estimators': 40, 'max_depth': 20, 'gamma': 0.3286618233114458, 'subsample': 0.6332746198902854, 'colsample_bytree': 0.7403850711318749}. Best is trial 2 with value: 1.0.
[I 2026-04-21 10:33:15,875] Trial 22 finished with value: 0.95 and parameters: {'n_estimators': 40, 'max_depth': 20, 'gamma': 0.47462616661109036, 'subsample': 0.5030202989054005, 'colsample_bytree': 0.7241022234244163}. Best is trial 2 with value: 1.0.
[I 2026-04-21 10:33:15,914] Trial 23 finished with value: 0.9 and parameters: {'n_estimators': 40, 'max_depth': 20, 'gamma': 0.1646226317050326, 'subsample': 0.5688482666583087, 'colsample_bytree': 0.8523568150329421}. Best is trial 2 with value: 1.0.
[I 2026-04-21 10:33:15,952] Trial 24 finished with value: 0.95 and parameters: {'n_estimators': 40, 'max_depth': 20, 'gamma': 0.36889403990508907, 'subsample': 0.7015641071442701, 'colsample_bytree': 0.6673838572590166}. Best is trial 2 with value: 1.0.
[I 2026-04-21 10:33:15,991] Trial 25 finished with value: 0.9 and parameters: {'n_estimators': 40, 'max_depth': 20, 'gamma': 0.473002409534514, 'subsample': 0.5670704863517455, 'colsample_bytree': 0.7559202116270114}. Best is trial 2 with value: 1.0.
[I 2026-04-21 10:33:16,032] Trial 26 finished with value: 0.95 and parameters: {'n_estimators': 10, 'max_depth': 20, 'gamma': 0.23857958994054296, 'subsample': 0.8518428297893845, 'colsample_bytree': 0.8269700953649484}. Best is trial 2 with value: 1.0.
[I 2026-04-21 10:33:16,072] Trial 27 finished with value: 0.95 and parameters: {'n_estimators': 10, 'max_depth': 20, 'gamma': 0.5406094914809867, 'subsample': 0.7572573036443645, 'colsample_bytree': 0.8997495045035365}. Best is trial 2 with value: 1.0.
[I 2026-04-21 10:33:16,121] Trial 28 finished with value: 0.95 and parameters: {'n_estimators': 100, 'max_depth': 5, 'gamma': 0.31486233158585764, 'subsample': 0.93974832578011, 'colsample_bytree': 0.5474266252552464}. Best is trial 2 with value: 1.0.
[I 2026-04-21 10:33:16,162] Trial 29 finished with value: 0.95 and parameters: {'n_estimators': 40, 'max_depth': 20, 'gamma': 0.6416682680736696, 'subsample': 0.7159917965858332, 'colsample_bytree': 0.671016415805884}. Best is trial 2 with value: 1.0.
[I 2026-04-21 10:33:16,228] A new study created in memory with name: rf
[I 2026-04-21 10:33:16,768] Trial 0 finished with value: 1.0 and parameters: {'n_estimators': 458, 'max_depth': 8, 'min_samples_split': 9, 'min_samples_leaf': 1}. Best is trial 0 with value: 1.0.
[I 2026-04-21 10:33:16,964] Trial 1 finished with value: 1.0 and parameters: {'n_estimators': 143, 'max_depth': 13, 'min_samples_split': 6, 'min_samples_leaf': 5}. Best is trial 0 with value: 1.0.
[I 2026-04-21 10:33:17,233] Trial 2 finished with value: 0.5 and parameters: {'n_estimators': 234, 'max_depth': 14, 'min_samples_split': 5, 'min_samples_leaf': 8}. Best is trial 0 with value: 1.0.
[I 2026-04-21 10:33:17,582] Trial 3 finished with value: 0.5 and parameters: {'n_estimators': 307, 'max_depth': 13, 'min_samples_split': 7, 'min_samples_leaf': 10}. Best is trial 0 with value: 1.0.
[I 2026-04-21 10:33:18,101] Trial 4 finished with value: 0.5 and parameters: {'n_estimators': 428, 'max_depth': 10, 'min_samples_split': 9, 'min_samples_leaf': 9}. Best is trial 0 with value: 1.0.
[I 2026-04-21 10:33:18,290] Trial 5 finished with value: 0.5 and parameters: {'n_estimators': 121, 'max_depth': 15, 'min_samples_split': 9, 'min_samples_leaf': 8}. Best is trial 0 with value: 1.0.
[I 2026-04-21 10:33:18,727] Trial 6 finished with value: 0.5 and parameters: {'n_estimators': 384, 'max_depth': 12, 'min_samples_split': 3, 'min_samples_leaf': 10}. Best is trial 0 with value: 1.0.
[I 2026-04-21 10:33:19,056] Trial 7 finished with value: 0.5 and parameters: {'n_estimators': 261, 'max_depth': 6, 'min_samples_split': 8, 'min_samples_leaf': 10}. Best is trial 0 with value: 1.0.
[I 2026-04-21 10:33:19,334] Trial 8 finished with value: 0.5 and parameters: {'n_estimators': 202, 'max_depth': 15, 'min_samples_split': 7, 'min_samples_leaf': 8}. Best is trial 0 with value: 1.0.
[I 2026-04-21 10:33:19,845] Trial 9 finished with value: 1.0 and parameters: {'n_estimators': 475, 'max_depth': 9, 'min_samples_split': 4, 'min_samples_leaf': 5}. Best is trial 0 with value: 1.0.
[I 2026-04-21 10:33:20,230] Trial 10 finished with value: 1.0 and parameters: {'n_estimators': 352, 'max_depth': 20, 'min_samples_split': 10, 'min_samples_leaf': 1}. Best is trial 0 with value: 1.0.
[I 2026-04-21 10:33:20,433] Trial 11 finished with value: 0.95 and parameters: {'n_estimators': 110, 'max_depth': 4, 'min_samples_split': 6, 'min_samples_leaf': 1}. Best is trial 0 with value: 1.0.
[I 2026-04-21 10:33:20,968] Trial 12 finished with value: 1.0 and parameters: {'n_estimators': 489, 'max_depth': 7, 'min_samples_split': 2, 'min_samples_leaf': 4}. Best is trial 0 with value: 1.0.
[I 2026-04-21 10:33:21,233] Trial 13 finished with value: 1.0 and parameters: {'n_estimators': 201, 'max_depth': 18, 'min_samples_split': 5, 'min_samples_leaf': 3}. Best is trial 0 with value: 1.0.
[I 2026-04-21 10:33:21,489] Trial 14 finished with value: 0.9 and parameters: {'n_estimators': 157, 'max_depth': 9, 'min_samples_split': 7, 'min_samples_leaf': 6}. Best is trial 0 with value: 1.0.
[I 2026-04-21 10:33:21,885] Trial 15 finished with value: 1.0 and parameters: {'n_estimators': 308, 'max_depth': 3, 'min_samples_split': 10, 'min_samples_leaf': 3}. Best is trial 0 with value: 1.0.
[I 2026-04-21 10:33:22,558] Trial 16 finished with value: 0.95 and parameters: {'n_estimators': 423, 'max_depth': 17, 'min_samples_split': 6, 'min_samples_leaf': 6}. Best is trial 0 with value: 1.0.
[I 2026-04-21 10:33:22,971] Trial 17 finished with value: 1.0 and parameters: {'n_estimators': 339, 'max_depth': 11, 'min_samples_split': 8, 'min_samples_leaf': 2}. Best is trial 0 with value: 1.0.
[I 2026-04-21 10:33:23,316] Trial 18 finished with value: 1.0 and parameters: {'n_estimators': 264, 'max_depth': 7, 'min_samples_split': 5, 'min_samples_leaf': 5}. Best is trial 0 with value: 1.0.
[I 2026-04-21 10:33:23,908] Trial 19 finished with value: 1.0 and parameters: {'n_estimators': 433, 'max_depth': 6, 'min_samples_split': 8, 'min_samples_leaf': 3}. Best is trial 0 with value: 1.0.
[I 2026-04-21 10:33:24,176] Trial 20 finished with value: 1.0 and parameters: {'n_estimators': 167, 'max_depth': 11, 'min_samples_split': 4, 'min_samples_leaf': 2}. Best is trial 0 with value: 1.0.
[I 2026-04-21 10:33:24,735] Trial 21 finished with value: 0.95 and parameters: {'n_estimators': 487, 'max_depth': 9, 'min_samples_split': 4, 'min_samples_leaf': 5}. Best is trial 0 with value: 1.0.
[I 2026-04-21 10:33:25,457] Trial 22 finished with value: 0.6 and parameters: {'n_estimators': 466, 'max_depth': 8, 'min_samples_split': 3, 'min_samples_leaf': 7}. Best is trial 0 with value: 1.0.
[I 2026-04-21 10:33:25,925] Trial 23 finished with value: 1.0 and parameters: {'n_estimators': 383, 'max_depth': 5, 'min_samples_split': 4, 'min_samples_leaf': 4}. Best is trial 0 with value: 1.0.
[I 2026-04-21 10:33:26,494] Trial 24 finished with value: 1.0 and parameters: {'n_estimators': 462, 'max_depth': 12, 'min_samples_split': 6, 'min_samples_leaf': 4}. Best is trial 0 with value: 1.0.
[I 2026-04-21 10:33:26,967] Trial 25 finished with value: 0.6 and parameters: {'n_estimators': 398, 'max_depth': 9, 'min_samples_split': 2, 'min_samples_leaf': 7}. Best is trial 0 with value: 1.0.
[I 2026-04-21 10:33:27,535] Trial 26 finished with value: 1.0 and parameters: {'n_estimators': 500, 'max_depth': 10, 'min_samples_split': 3, 'min_samples_leaf': 5}. Best is trial 0 with value: 1.0.
[I 2026-04-21 10:33:28,097] Trial 27 finished with value: 1.0 and parameters: {'n_estimators': 446, 'max_depth': 13, 'min_samples_split': 9, 'min_samples_leaf': 2}. Best is trial 0 with value: 1.0.
[I 2026-04-21 10:33:28,557] Trial 28 finished with value: 1.0 and parameters: {'n_estimators': 346, 'max_depth': 16, 'min_samples_split': 6, 'min_samples_leaf': 6}. Best is trial 0 with value: 1.0.
[I 2026-04-21 10:33:28,905] Trial 29 finished with value: 0.55 and parameters: {'n_estimators': 259, 'max_depth': 14, 'min_samples_split': 5, 'min_samples_leaf': 7}. Best is trial 0 with value: 1.0.
[I 2026-04-21 10:33:29,948] A new study created in memory with name: mlp
[I 2026-04-21 10:33:29,993] Trial 0 finished with value: 0.95 and parameters: {'hidden_layer_sizes': (100,), 'max_iter': 100, 'alpha': 0.0001}. Best is trial 0 with value: 0.95.
[I 2026-04-21 10:33:30,041] Trial 1 finished with value: 1.0 and parameters: {'hidden_layer_sizes': (100, 100), 'max_iter': 100, 'alpha': 0.001}. Best is trial 1 with value: 1.0.
[I 2026-04-21 10:33:30,090] Trial 2 finished with value: 0.95 and parameters: {'hidden_layer_sizes': (200,), 'max_iter': 100, 'alpha': 0.0001}. Best is trial 1 with value: 1.0.
[I 2026-04-21 10:33:30,138] Trial 3 finished with value: 1.0 and parameters: {'hidden_layer_sizes': (200,), 'max_iter': 50, 'alpha': 0.001}. Best is trial 1 with value: 1.0.
[I 2026-04-21 10:33:30,186] Trial 4 finished with value: 1.0 and parameters: {'hidden_layer_sizes': (100, 100), 'max_iter': 50, 'alpha': 0.0001}. Best is trial 1 with value: 1.0.
[I 2026-04-21 10:33:30,235] Trial 5 finished with value: 0.95 and parameters: {'hidden_layer_sizes': (200,), 'max_iter': 100, 'alpha': 0.0001}. Best is trial 1 with value: 1.0.
[I 2026-04-21 10:33:30,283] Trial 6 finished with value: 0.95 and parameters: {'hidden_layer_sizes': (200,), 'max_iter': 100, 'alpha': 0.001}. Best is trial 1 with value: 1.0.
[I 2026-04-21 10:33:30,320] Trial 7 finished with value: 0.95 and parameters: {'hidden_layer_sizes': (100,), 'max_iter': 100, 'alpha': 0.001}. Best is trial 1 with value: 1.0.
[I 2026-04-21 10:33:30,366] Trial 8 finished with value: 1.0 and parameters: {'hidden_layer_sizes': (100, 100), 'max_iter': 100, 'alpha': 0.0001}. Best is trial 1 with value: 1.0.
[I 2026-04-21 10:33:30,404] Trial 9 finished with value: 0.95 and parameters: {'hidden_layer_sizes': (200,), 'max_iter': 100, 'alpha': 0.0001}. Best is trial 1 with value: 1.0.
[I 2026-04-21 10:33:30,445] Trial 10 finished with value: 1.0 and parameters: {'hidden_layer_sizes': (100, 100), 'max_iter': 50, 'alpha': 0.001}. Best is trial 1 with value: 1.0.
[I 2026-04-21 10:33:30,495] Trial 11 finished with value: 0.95 and parameters: {'hidden_layer_sizes': (100, 100), 'max_iter': 50, 'alpha': 0.001}. Best is trial 1 with value: 1.0.
[I 2026-04-21 10:33:30,534] Trial 12 finished with value: 0.95 and parameters: {'hidden_layer_sizes': (200,), 'max_iter': 50, 'alpha': 0.001}. Best is trial 1 with value: 1.0.
[I 2026-04-21 10:33:30,584] Trial 13 finished with value: 1.0 and parameters: {'hidden_layer_sizes': (100, 100), 'max_iter': 50, 'alpha': 0.001}. Best is trial 1 with value: 1.0.
[I 2026-04-21 10:33:30,625] Trial 14 finished with value: 1.0 and parameters: {'hidden_layer_sizes': (100,), 'max_iter': 50, 'alpha': 0.001}. Best is trial 1 with value: 1.0.
[I 2026-04-21 10:33:30,675] Trial 15 finished with value: 0.95 and parameters: {'hidden_layer_sizes': (200,), 'max_iter': 50, 'alpha': 0.001}. Best is trial 1 with value: 1.0.
[I 2026-04-21 10:33:30,724] Trial 16 finished with value: 1.0 and parameters: {'hidden_layer_sizes': (100, 100), 'max_iter': 100, 'alpha': 0.001}. Best is trial 1 with value: 1.0.
[I 2026-04-21 10:33:30,775] Trial 17 finished with value: 1.0 and parameters: {'hidden_layer_sizes': (100, 100), 'max_iter': 50, 'alpha': 0.001}. Best is trial 1 with value: 1.0.
[I 2026-04-21 10:33:30,816] Trial 18 finished with value: 0.95 and parameters: {'hidden_layer_sizes': (200,), 'max_iter': 50, 'alpha': 0.001}. Best is trial 1 with value: 1.0.
[I 2026-04-21 10:33:30,865] Trial 19 finished with value: 1.0 and parameters: {'hidden_layer_sizes': (100,), 'max_iter': 100, 'alpha': 0.001}. Best is trial 1 with value: 1.0.
[I 2026-04-21 10:33:30,904] Trial 20 finished with value: 1.0 and parameters: {'hidden_layer_sizes': (100, 100), 'max_iter': 50, 'alpha': 0.001}. Best is trial 1 with value: 1.0.
[I 2026-04-21 10:33:30,953] Trial 21 finished with value: 1.0 and parameters: {'hidden_layer_sizes': (100, 100), 'max_iter': 50, 'alpha': 0.0001}. Best is trial 1 with value: 1.0.
[I 2026-04-21 10:33:31,004] Trial 22 finished with value: 1.0 and parameters: {'hidden_layer_sizes': (100, 100), 'max_iter': 50, 'alpha': 0.0001}. Best is trial 1 with value: 1.0.
[I 2026-04-21 10:33:31,052] Trial 23 finished with value: 1.0 and parameters: {'hidden_layer_sizes': (100, 100), 'max_iter': 50, 'alpha': 0.0001}. Best is trial 1 with value: 1.0.
[I 2026-04-21 10:33:31,103] Trial 24 finished with value: 1.0 and parameters: {'hidden_layer_sizes': (100, 100), 'max_iter': 50, 'alpha': 0.0001}. Best is trial 1 with value: 1.0.
[I 2026-04-21 10:33:31,143] Trial 25 finished with value: 1.0 and parameters: {'hidden_layer_sizes': (200,), 'max_iter': 50, 'alpha': 0.001}. Best is trial 1 with value: 1.0.
[I 2026-04-21 10:33:31,181] Trial 26 finished with value: 1.0 and parameters: {'hidden_layer_sizes': (100, 100), 'max_iter': 100, 'alpha': 0.0001}. Best is trial 1 with value: 1.0.
[I 2026-04-21 10:33:31,230] Trial 27 finished with value: 1.0 and parameters: {'hidden_layer_sizes': (100, 100), 'max_iter': 50, 'alpha': 0.001}. Best is trial 1 with value: 1.0.
[I 2026-04-21 10:33:31,281] Trial 28 finished with value: 0.95 and parameters: {'hidden_layer_sizes': (100,), 'max_iter': 100, 'alpha': 0.0001}. Best is trial 1 with value: 1.0.
[I 2026-04-21 10:33:31,332] Trial 29 finished with value: 1.0 and parameters: {'hidden_layer_sizes': (200,), 'max_iter': 100, 'alpha': 0.0001}. Best is trial 1 with value: 1.0.
[I 2026-04-21 10:33:31,481] A new study created in memory with name: svc
[I 2026-04-21 10:33:31,497] Trial 0 finished with value: 0.9 and parameters: {'C': 37.27697013499731, 'gamma': 0.0021277432488243223}. Best is trial 0 with value: 0.9.
[I 2026-04-21 10:33:31,512] Trial 1 finished with value: 0.95 and parameters: {'C': 19.271543171162776, 'gamma': 0.00014682043379470554}. Best is trial 1 with value: 0.95.
[I 2026-04-21 10:33:31,527] Trial 2 finished with value: 0.55 and parameters: {'C': 0.0269542169583157, 'gamma': 0.023999835049635022}. Best is trial 1 with value: 0.95.
[I 2026-04-21 10:33:31,552] Trial 3 finished with value: 0.9 and parameters: {'C': 1.3160410886450586, 'gamma': 0.0047340159215720195}. Best is trial 1 with value: 0.95.
[I 2026-04-21 10:33:31,568] Trial 4 finished with value: 0.55 and parameters: {'C': 0.21959952535674737, 'gamma': 0.030908485742507576}. Best is trial 1 with value: 0.95.
[I 2026-04-21 10:33:31,582] Trial 5 finished with value: 0.55 and parameters: {'C': 0.5656733313644114, 'gamma': 0.08780685564625502}. Best is trial 1 with value: 0.95.
[I 2026-04-21 10:33:31,597] Trial 6 finished with value: 0.6 and parameters: {'C': 1.1807165425157664, 'gamma': 0.020674470756231633}. Best is trial 1 with value: 0.95.
[I 2026-04-21 10:33:31,612] Trial 7 finished with value: 0.7 and parameters: {'C': 3.8143486186647126, 'gamma': 0.9138966502602072}. Best is trial 1 with value: 0.95.
[I 2026-04-21 10:33:31,626] Trial 8 finished with value: 0.9 and parameters: {'C': 19.029737066374768, 'gamma': 0.004495766421289856}. Best is trial 1 with value: 0.95.
[I 2026-04-21 10:33:31,640] Trial 9 finished with value: 0.55 and parameters: {'C': 31.994153257994277, 'gamma': 0.19725941020937518}. Best is trial 1 with value: 0.95.
[I 2026-04-21 10:33:31,664] Trial 10 finished with value: 0.95 and parameters: {'C': 96.48544976930573, 'gamma': 0.00012227600695838894}. Best is trial 1 with value: 0.95.
[I 2026-04-21 10:33:31,686] Trial 11 finished with value: 0.95 and parameters: {'C': 85.03243023158656, 'gamma': 0.00011086875428339677}. Best is trial 1 with value: 0.95.
[I 2026-04-21 10:33:31,710] Trial 12 finished with value: 0.95 and parameters: {'C': 7.30045377683191, 'gamma': 0.00011761120437363941}. Best is trial 1 with value: 0.95.
