[I 2026-04-21 10:30:21,070] Trial 17 finished with value: 0.45 and parameters: {'C': 0.11793098468758549, 'gamma': 0.0003136915196669072}. Best is trial 10 with value: 0.5.
[I 2026-04-21 10:30:21,090] Trial 18 finished with value: 0.5 and parameters: {'C': 10.400659562623774, 'gamma': 0.0033895023728977886}. Best is trial 10 with value: 0.5.
[I 2026-04-21 10:30:21,114] Trial 19 finished with value: 0.35 and parameters: {'C': 2.343618318758572, 'gamma': 0.009132941069920495}. Best is trial 10 with value: 0.5.
[I 2026-04-21 10:30:21,137] Trial 20 finished with value: 0.5 and parameters: {'C': 80.83927864481483, 'gamma': 0.00010742557762883696}. Best is trial 10 with value: 0.5.
[I 2026-04-21 10:30:21,171] Trial 21 finished with value: 0.5 and parameters: {'C': 82.23570444662707, 'gamma': 0.0009371373904961183}. Best is trial 10 with value: 0.5.
[I 2026-04-21 10:30:21,204] Trial 22 finished with value: 0.5 and parameters: {'C': 39.51344887770313, 'gamma': 0.00039305033838559205}. Best is trial 10 with value: 0.5.
[I 2026-04-21 10:30:21,226] Trial 23 finished with value: 0.5 and parameters: {'C': 94.30178239638981, 'gamma': 0.0008997576068068383}. Best is trial 10 with value: 0.5.
[I 2026-04-21 10:30:21,253] Trial 24 finished with value: 0.45 and parameters: {'C': 14.487315018256226, 'gamma': 0.0016418839569140487}. Best is trial 10 with value: 0.5.
[I 2026-04-21 10:30:21,277] Trial 25 finished with value: 0.5 and parameters: {'C': 34.62945289451145, 'gamma': 0.000266558754788469}. Best is trial 10 with value: 0.5.
[I 2026-04-21 10:30:21,303] Trial 26 finished with value: 0.45 and parameters: {'C': 46.489806381883916, 'gamma': 0.0006064002446073412}. Best is trial 10 with value: 0.5.
[I 2026-04-21 10:30:21,337] Trial 27 finished with value: 0.4 and parameters: {'C': 19.06747895606248, 'gamma': 0.00022964528704496145}. Best is trial 10 with value: 0.5.
[I 2026-04-21 10:30:21,360] Trial 28 finished with value: 0.35 and parameters: {'C': 2.5770416539719334, 'gamma': 0.00935638535958938}. Best is trial 10 with value: 0.5.
[I 2026-04-21 10:30:21,380] Trial 29 finished with value: 0.35 and parameters: {'C': 44.26550633710186, 'gamma': 0.00253418431871591}. Best is trial 10 with value: 0.5.
[I 2026-04-21 10:30:21,438] A new study created in memory with name: naive_bayes
[I 2026-04-21 10:30:21,458] Trial 0 finished with value: 0.6 and parameters: {'var_smoothing': 6.10548688762798e-09}. Best is trial 0 with value: 0.6.
[I 2026-04-21 10:30:21,474] Trial 1 finished with value: 0.6 and parameters: {'var_smoothing': 4.6127467400935034e-10}. Best is trial 0 with value: 0.6.
[I 2026-04-21 10:30:21,489] Trial 2 finished with value: 0.6 and parameters: {'var_smoothing': 4.389936579400967e-09}. Best is trial 0 with value: 0.6.
[I 2026-04-21 10:30:21,504] Trial 3 finished with value: 0.6 and parameters: {'var_smoothing': 1.2116948204672054e-10}. Best is trial 0 with value: 0.6.
[I 2026-04-21 10:30:21,520] Trial 4 finished with value: 0.6 and parameters: {'var_smoothing': 1.6417739478477417e-10}. Best is trial 0 with value: 0.6.
[I 2026-04-21 10:30:21,535] Trial 5 finished with value: 0.6 and parameters: {'var_smoothing': 1.5491880147236797e-09}. Best is trial 0 with value: 0.6.
[I 2026-04-21 10:30:21,550] Trial 6 finished with value: 0.6 and parameters: {'var_smoothing': 1.1471883405287265e-09}. Best is trial 0 with value: 0.6.
[I 2026-04-21 10:30:21,565] Trial 7 finished with value: 0.6 and parameters: {'var_smoothing': 6.88041853492358e-10}. Best is trial 0 with value: 0.6.
[I 2026-04-21 10:30:21,580] Trial 8 finished with value: 0.6 and parameters: {'var_smoothing': 4.686144741221158e-10}. Best is trial 0 with value: 0.6.
[I 2026-04-21 10:30:21,596] Trial 9 finished with value: 0.6 and parameters: {'var_smoothing': 1.7580809350683337e-09}. Best is trial 0 with value: 0.6.
[I 2026-04-21 10:30:21,612] Trial 10 finished with value: 0.6 and parameters: {'var_smoothing': 9.83902635509218e-09}. Best is trial 0 with value: 0.6.
[I 2026-04-21 10:30:21,632] Trial 11 finished with value: 0.6 and parameters: {'var_smoothing': 2.660399871603373e-10}. Best is trial 0 with value: 0.6.
[I 2026-04-21 10:30:21,650] Trial 12 finished with value: 0.6 and parameters: {'var_smoothing': 9.276268851540963e-09}. Best is trial 0 with value: 0.6.
[I 2026-04-21 10:30:21,667] Trial 13 finished with value: 0.6 and parameters: {'var_smoothing': 2.9844010685221692e-09}. Best is trial 0 with value: 0.6.
[I 2026-04-21 10:30:21,688] Trial 14 finished with value: 0.6 and parameters: {'var_smoothing': 3.8923309717334116e-10}. Best is trial 0 with value: 0.6.
[I 2026-04-21 10:30:21,711] Trial 15 finished with value: 0.6 and parameters: {'var_smoothing': 3.85461066627204e-09}. Best is trial 0 with value: 0.6.
[I 2026-04-21 10:30:21,733] Trial 16 finished with value: 0.6 and parameters: {'var_smoothing': 7.120907275009211e-10}. Best is trial 0 with value: 0.6.
[I 2026-04-21 10:30:21,752] Trial 17 finished with value: 0.6 and parameters: {'var_smoothing': 2.412486610614855e-10}. Best is trial 0 with value: 0.6.
[I 2026-04-21 10:30:21,782] Trial 18 finished with value: 0.6 and parameters: {'var_smoothing': 2.3580860166954074e-09}. Best is trial 0 with value: 0.6.
[I 2026-04-21 10:30:21,800] Trial 19 finished with value: 0.6 and parameters: {'var_smoothing': 5.846846875339535e-09}. Best is trial 0 with value: 0.6.
[I 2026-04-21 10:30:21,820] Trial 20 finished with value: 0.6 and parameters: {'var_smoothing': 1.0486521320383776e-09}. Best is trial 0 with value: 0.6.
[I 2026-04-21 10:30:21,840] Trial 21 finished with value: 0.6 and parameters: {'var_smoothing': 4.9491450263339475e-09}. Best is trial 0 with value: 0.6.
[I 2026-04-21 10:30:21,861] Trial 22 finished with value: 0.6 and parameters: {'var_smoothing': 6.667992141406306e-09}. Best is trial 0 with value: 0.6.
[I 2026-04-21 10:30:21,881] Trial 23 finished with value: 0.6 and parameters: {'var_smoothing': 3.2795712712135213e-09}. Best is trial 0 with value: 0.6.
[I 2026-04-21 10:30:21,901] Trial 24 finished with value: 0.6 and parameters: {'var_smoothing': 6.403538416287158e-10}. Best is trial 0 with value: 0.6.
[I 2026-04-21 10:30:21,920] Trial 25 finished with value: 0.6 and parameters: {'var_smoothing': 2.1589819023851477e-09}. Best is trial 0 with value: 0.6.
[I 2026-04-21 10:30:21,942] Trial 26 finished with value: 0.6 and parameters: {'var_smoothing': 3.912617821024548e-09}. Best is trial 0 with value: 0.6.
[I 2026-04-21 10:30:21,960] Trial 27 finished with value: 0.6 and parameters: {'var_smoothing': 7.162139101012446e-09}. Best is trial 0 with value: 0.6.
[I 2026-04-21 10:30:21,978] Trial 28 finished with value: 0.6 and parameters: {'var_smoothing': 1.3883316815746274e-09}. Best is trial 0 with value: 0.6.
[I 2026-04-21 10:30:21,995] Trial 29 finished with value: 0.6 and parameters: {'var_smoothing': 4.1751754503046387e-10}. Best is trial 0 with value: 0.6.
[I 2026-04-21 10:30:22,036] A new study created in memory with name: logreg
[I 2026-04-21 10:30:22,061] Trial 0 finished with value: 0.4 and parameters: {'C': 29.127335430981816, 'penalty': 'l2'}. Best is trial 0 with value: 0.4.
[I 2026-04-21 10:30:22,079] Trial 1 finished with value: 0.45 and parameters: {'C': 0.045698192893558344, 'penalty': 'l2'}. Best is trial 1 with value: 0.45.
[I 2026-04-21 10:30:22,104] Trial 2 finished with value: 0.45 and parameters: {'C': 12.768668597712947, 'penalty': 'l2'}. Best is trial 1 with value: 0.45.
[I 2026-04-21 10:30:22,119] Trial 3 finished with value: 0.55 and parameters: {'C': 0.0016161554408462638, 'penalty': 'l2'}. Best is trial 3 with value: 0.55.
[I 2026-04-21 10:30:22,144] Trial 4 finished with value: 0.55 and parameters: {'C': 0.0034536903703241734, 'penalty': 'l2'}. Best is trial 3 with value: 0.55.
[I 2026-04-21 10:30:22,169] Trial 5 finished with value: 0.45 and parameters: {'C': 0.9446269266990148, 'penalty': 'l2'}. Best is trial 3 with value: 0.55.
[I 2026-04-21 10:30:22,194] Trial 6 finished with value: 0.5 and parameters: {'C': 0.4457453393648168, 'penalty': 'l2'}. Best is trial 3 with value: 0.55.
[I 2026-04-21 10:30:22,220] Trial 7 finished with value: 0.5 and parameters: {'C': 0.12417585037258261, 'penalty': 'l2'}. Best is trial 3 with value: 0.55.
[I 2026-04-21 10:30:22,247] Trial 8 finished with value: 0.45 and parameters: {'C': 0.04753781830244093, 'penalty': 'l2'}. Best is trial 3 with value: 0.55.
[I 2026-04-21 10:30:22,273] Trial 9 finished with value: 0.45 and parameters: {'C': 1.2959766028194148, 'penalty': 'l2'}. Best is trial 3 with value: 0.55.
[I 2026-04-21 10:30:22,308] Trial 10 finished with value: 0.55 and parameters: {'C': 0.0027493237597083523, 'penalty': 'l2'}. Best is trial 3 with value: 0.55.
[I 2026-04-21 10:30:22,336] Trial 11 finished with value: 0.55 and parameters: {'C': 0.001163038906231015, 'penalty': 'l2'}. Best is trial 3 with value: 0.55.
[I 2026-04-21 10:30:22,353] Trial 12 finished with value: 0.55 and parameters: {'C': 0.007783068576282983, 'penalty': 'l2'}. Best is trial 3 with value: 0.55.
[I 2026-04-21 10:30:22,380] Trial 13 finished with value: 0.55 and parameters: {'C': 0.007826977189925246, 'penalty': 'l2'}. Best is trial 3 with value: 0.55.
[I 2026-04-21 10:30:22,400] Trial 14 finished with value: 0.55 and parameters: {'C': 0.006703097597967292, 'penalty': 'l2'}. Best is trial 3 with value: 0.55.
[I 2026-04-21 10:30:22,430] Trial 15 finished with value: 0.55 and parameters: {'C': 0.0014396872245738463, 'penalty': 'l2'}. Best is trial 3 with value: 0.55.
[I 2026-04-21 10:30:22,461] Trial 16 finished with value: 0.55 and parameters: {'C': 0.02174123480745058, 'penalty': 'l2'}. Best is trial 3 with value: 0.55.
[I 2026-04-21 10:30:22,491] Trial 17 finished with value: 0.45 and parameters: {'C': 2.6707606129231554, 'penalty': 'l2'}. Best is trial 3 with value: 0.55.
[I 2026-04-21 10:30:22,521] Trial 18 finished with value: 0.5 and parameters: {'C': 0.19777568673071788, 'penalty': 'l2'}. Best is trial 3 with value: 0.55.
[I 2026-04-21 10:30:22,551] Trial 19 finished with value: 0.55 and parameters: {'C': 0.004185363988350308, 'penalty': 'l2'}. Best is trial 3 with value: 0.55.
[I 2026-04-21 10:30:22,572] Trial 20 finished with value: 0.55 and parameters: {'C': 0.02268058333319783, 'penalty': 'l2'}. Best is trial 3 with value: 0.55.
[I 2026-04-21 10:30:22,592] Trial 21 finished with value: 0.55 and parameters: {'C': 0.00272312932094622, 'penalty': 'l2'}. Best is trial 3 with value: 0.55.
[I 2026-04-21 10:30:22,612] Trial 22 finished with value: 0.55 and parameters: {'C': 0.0012504220035156409, 'penalty': 'l2'}. Best is trial 3 with value: 0.55.
[I 2026-04-21 10:30:22,629] Trial 23 finished with value: 0.55 and parameters: {'C': 0.016234459717134334, 'penalty': 'l2'}. Best is trial 3 with value: 0.55.
[I 2026-04-21 10:30:22,647] Trial 24 finished with value: 0.55 and parameters: {'C': 0.0029914855857246375, 'penalty': 'l2'}. Best is trial 3 with value: 0.55.
[I 2026-04-21 10:30:22,675] Trial 25 finished with value: 0.45 and parameters: {'C': 0.09582199171799277, 'penalty': 'l2'}. Best is trial 3 with value: 0.55.
[I 2026-04-21 10:30:22,706] Trial 26 finished with value: 0.55 and parameters: {'C': 0.002444255569500567, 'penalty': 'l2'}. Best is trial 3 with value: 0.55.
[I 2026-04-21 10:30:22,735] Trial 27 finished with value: 0.55 and parameters: {'C': 0.012084881279039622, 'penalty': 'l2'}. Best is trial 3 with value: 0.55.
[I 2026-04-21 10:30:22,753] Trial 28 finished with value: 0.55 and parameters: {'C': 0.005020387602117918, 'penalty': 'l2'}. Best is trial 3 with value: 0.55.
[I 2026-04-21 10:30:22,782] Trial 29 finished with value: 0.4 and parameters: {'C': 45.75034886101285, 'penalty': 'l2'}. Best is trial 3 with value: 0.55.
[I 2026-04-21 10:30:22,823] A new study created in memory with name: knn
[I 2026-04-21 10:30:22,837] Trial 0 finished with value: 0.4 and parameters: {'n_neighbors': 10, 'leaf_size': 26, 'p': 1}. Best is trial 0 with value: 0.4.
[I 2026-04-21 10:30:22,852] Trial 1 finished with value: 0.55 and parameters: {'n_neighbors': 3, 'leaf_size': 32, 'p': 1}. Best is trial 1 with value: 0.55.
[I 2026-04-21 10:30:22,867] Trial 2 finished with value: 0.65 and parameters: {'n_neighbors': 5, 'leaf_size': 33, 'p': 2}. Best is trial 2 with value: 0.65.
[I 2026-04-21 10:30:22,882] Trial 3 finished with value: 0.65 and parameters: {'n_neighbors': 7, 'leaf_size': 32, 'p': 2}. Best is trial 2 with value: 0.65.
[I 2026-04-21 10:30:22,895] Trial 4 finished with value: 0.5 and parameters: {'n_neighbors': 9, 'leaf_size': 28, 'p': 1}. Best is trial 2 with value: 0.65.
[I 2026-04-21 10:30:22,908] Trial 5 finished with value: 0.55 and parameters: {'n_neighbors': 3, 'leaf_size': 35, 'p': 1}. Best is trial 2 with value: 0.65.
[I 2026-04-21 10:30:22,922] Trial 6 finished with value: 0.6 and parameters: {'n_neighbors': 8, 'leaf_size': 31, 'p': 2}. Best is trial 2 with value: 0.65.
[I 2026-04-21 10:30:22,935] Trial 7 finished with value: 0.55 and parameters: {'n_neighbors': 6, 'leaf_size': 24, 'p': 2}. Best is trial 2 with value: 0.65.
[I 2026-04-21 10:30:22,950] Trial 8 finished with value: 0.65 and parameters: {'n_neighbors': 5, 'leaf_size': 34, 'p': 2}. Best is trial 2 with value: 0.65.
[I 2026-04-21 10:30:22,964] Trial 9 finished with value: 0.35 and parameters: {'n_neighbors': 10, 'leaf_size': 27, 'p': 2}. Best is trial 2 with value: 0.65.
[I 2026-04-21 10:30:22,986] Trial 10 finished with value: 0.65 and parameters: {'n_neighbors': 5, 'leaf_size': 40, 'p': 2}. Best is trial 2 with value: 0.65.
[I 2026-04-21 10:30:23,010] Trial 11 finished with value: 0.65 and parameters: {'n_neighbors': 7, 'leaf_size': 38, 'p': 2}. Best is trial 2 with value: 0.65.
[I 2026-04-21 10:30:23,035] Trial 12 finished with value: 0.65 and parameters: {'n_neighbors': 5, 'leaf_size': 21, 'p': 2}. Best is trial 2 with value: 0.65.
[I 2026-04-21 10:30:23,068] Trial 13 finished with value: 0.65 and parameters: {'n_neighbors': 7, 'leaf_size': 35, 'p': 2}. Best is trial 2 with value: 0.65.
[I 2026-04-21 10:30:23,095] Trial 14 finished with value: 0.55 and parameters: {'n_neighbors': 6, 'leaf_size': 30, 'p': 2}. Best is trial 2 with value: 0.65.
[I 2026-04-21 10:30:23,120] Trial 15 finished with value: 0.6 and parameters: {'n_neighbors': 4, 'leaf_size': 37, 'p': 2}. Best is trial 2 with value: 0.65.
[I 2026-04-21 10:30:23,142] Trial 16 finished with value: 0.6 and parameters: {'n_neighbors': 8, 'leaf_size': 33, 'p': 2}. Best is trial 2 with value: 0.65.
[I 2026-04-21 10:30:23,168] Trial 17 finished with value: 0.6 and parameters: {'n_neighbors': 8, 'leaf_size': 29, 'p': 2}. Best is trial 2 with value: 0.65.
[I 2026-04-21 10:30:23,196] Trial 18 finished with value: 0.7 and parameters: {'n_neighbors': 4, 'leaf_size': 37, 'p': 1}. Best is trial 18 with value: 0.7.
[I 2026-04-21 10:30:23,224] Trial 19 finished with value: 0.7 and parameters: {'n_neighbors': 4, 'leaf_size': 40, 'p': 1}. Best is trial 18 with value: 0.7.
[I 2026-04-21 10:30:23,247] Trial 20 finished with value: 0.7 and parameters: {'n_neighbors': 4, 'leaf_size': 40, 'p': 1}. Best is trial 18 with value: 0.7.
[I 2026-04-21 10:30:23,270] Trial 21 finished with value: 0.7 and parameters: {'n_neighbors': 4, 'leaf_size': 40, 'p': 1}. Best is trial 18 with value: 0.7.
[I 2026-04-21 10:30:23,297] Trial 22 finished with value: 0.7 and parameters: {'n_neighbors': 4, 'leaf_size': 38, 'p': 1}. Best is trial 18 with value: 0.7.
[I 2026-04-21 10:30:23,331] Trial 23 finished with value: 0.55 and parameters: {'n_neighbors': 3, 'leaf_size': 37, 'p': 1}. Best is trial 18 with value: 0.7.
[I 2026-04-21 10:30:23,358] Trial 24 finished with value: 0.7 and parameters: {'n_neighbors': 4, 'leaf_size': 40, 'p': 1}. Best is trial 18 with value: 0.7.
[I 2026-04-21 10:30:23,386] Trial 25 finished with value: 0.55 and parameters: {'n_neighbors': 3, 'leaf_size': 38, 'p': 1}. Best is trial 18 with value: 0.7.
[I 2026-04-21 10:30:23,410] Trial 26 finished with value: 0.7 and parameters: {'n_neighbors': 4, 'leaf_size': 36, 'p': 1}. Best is trial 18 with value: 0.7.
[I 2026-04-21 10:30:23,437] Trial 27 finished with value: 0.7 and parameters: {'n_neighbors': 6, 'leaf_size': 39, 'p': 1}. Best is trial 18 with value: 0.7.
[I 2026-04-21 10:30:23,465] Trial 28 finished with value: 0.6 and parameters: {'n_neighbors': 5, 'leaf_size': 36, 'p': 1}. Best is trial 18 with value: 0.7.
[I 2026-04-21 10:30:23,492] Trial 29 finished with value: 0.7 and parameters: {'n_neighbors': 4, 'leaf_size': 25, 'p': 1}. Best is trial 18 with value: 0.7.
[I 2026-04-21 10:30:23,540] A new study created in memory with name: xgb
[I 2026-04-21 10:30:23,565] Trial 0 finished with value: 0.55 and parameters: {'n_estimators': 10, 'max_depth': 30, 'gamma': 0.5768356259735394, 'subsample': 0.7094037142783272, 'colsample_bytree': 0.6677039246366646}. Best is trial 0 with value: 0.55.
[I 2026-04-21 10:30:23,604] Trial 1 finished with value: 0.35 and parameters: {'n_estimators': 100, 'max_depth': 30, 'gamma': 0.9912018442360747, 'subsample': 0.9099290984609207, 'colsample_bytree': 0.7066004674080903}. Best is trial 0 with value: 0.55.
[I 2026-04-21 10:30:23,634] Trial 2 finished with value: 0.4 and parameters: {'n_estimators': 10, 'max_depth': 20, 'gamma': 0.7382185757030506, 'subsample': 0.7704684271512641, 'colsample_bytree': 0.5624120871903049}. Best is trial 0 with value: 0.55.
[I 2026-04-21 10:30:23,662] Trial 3 finished with value: 0.45 and parameters: {'n_estimators': 10, 'max_depth': 20, 'gamma': 0.7041784887453524, 'subsample': 0.7995029565695583, 'colsample_bytree': 0.8586660727777565}. Best is trial 0 with value: 0.55.
[I 2026-04-21 10:30:23,691] Trial 4 finished with value: 0.45 and parameters: {'n_estimators': 10, 'max_depth': 20, 'gamma': 0.46549701645255037, 'subsample': 0.9946899241400011, 'colsample_bytree': 0.725249640372583}. Best is trial 0 with value: 0.55.
[I 2026-04-21 10:30:23,721] Trial 5 finished with value: 0.3 and parameters: {'n_estimators': 40, 'max_depth': 20, 'gamma': 0.3554734452019276, 'subsample': 0.5947710951851903, 'colsample_bytree': 0.7356254823676576}. Best is trial 0 with value: 0.55.
[I 2026-04-21 10:30:23,749] Trial 6 finished with value: 0.5 and parameters: {'n_estimators': 40, 'max_depth': 20, 'gamma': 0.8967376717636345, 'subsample': 0.988276510203839, 'colsample_bytree': 0.9184542964535913}. Best is trial 0 with value: 0.55.
[I 2026-04-21 10:30:23,787] Trial 7 finished with value: 0.5 and parameters: {'n_estimators': 40, 'max_depth': 30, 'gamma': 0.7149068474388774, 'subsample': 0.5696358027454862, 'colsample_bytree': 0.8514125286992056}. Best is trial 0 with value: 0.55.
[I 2026-04-21 10:30:23,825] Trial 8 finished with value: 0.35 and parameters: {'n_estimators': 100, 'max_depth': 30, 'gamma': 0.2471398756881566, 'subsample': 0.8241126205332553, 'colsample_bytree': 0.6258070715852391}. Best is trial 0 with value: 0.55.
[I 2026-04-21 10:30:23,852] Trial 9 finished with value: 0.5 and parameters: {'n_estimators': 40, 'max_depth': 30, 'gamma': 0.8599846034069103, 'subsample': 0.8019332783535529, 'colsample_bytree': 0.7936068454878676}. Best is trial 0 with value: 0.55.
[I 2026-04-21 10:30:23,890] Trial 10 finished with value: 0.45 and parameters: {'n_estimators': 10, 'max_depth': 5, 'gamma': 0.11132541504315885, 'subsample': 0.6518824205184826, 'colsample_bytree': 0.5222467176724002}. Best is trial 0 with value: 0.55.
[I 2026-04-21 10:30:23,928] Trial 11 finished with value: 0.3 and parameters: {'n_estimators': 40, 'max_depth': 5, 'gamma': 0.5444358208013502, 'subsample': 0.6776206507796552, 'colsample_bytree': 0.9417304300325259}. Best is trial 0 with value: 0.55.
[I 2026-04-21 10:30:23,968] Trial 12 finished with value: 0.45 and parameters: {'n_estimators': 10, 'max_depth': 30, 'gamma': 0.926113134986906, 'subsample': 0.6887411303961014, 'colsample_bytree': 0.9715083346653923}. Best is trial 0 with value: 0.55.
[I 2026-04-21 10:30:24,016] Trial 13 finished with value: 0.45 and parameters: {'n_estimators': 40, 'max_depth': 20, 'gamma': 0.8135630275512373, 'subsample': 0.5146749793878775, 'colsample_bytree': 0.6551686825595845}. Best is trial 0 with value: 0.55.
[I 2026-04-21 10:30:24,066] Trial 14 finished with value: 0.25 and parameters: {'n_estimators': 100, 'max_depth': 5, 'gamma': 0.6155723847368, 'subsample': 0.8940181087620663, 'colsample_bytree': 0.8911274301946875}. Best is trial 0 with value: 0.55.
[I 2026-04-21 10:30:24,108] Trial 15 finished with value: 0.4 and parameters: {'n_estimators': 10, 'max_depth': 30, 'gamma': 0.44370603559029775, 'subsample': 0.9961348566365371, 'colsample_bytree': 0.7982030137166007}. Best is trial 0 with value: 0.55.
[I 2026-04-21 10:30:24,148] Trial 16 finished with value: 0.3 and parameters: {'n_estimators': 40, 'max_depth': 20, 'gamma': 0.6015637802109568, 'subsample': 0.7305039856406822, 'colsample_bytree': 0.6500430701644584}. Best is trial 0 with value: 0.55.
[I 2026-04-21 10:30:24,189] Trial 17 finished with value: 0.25 and parameters: {'n_estimators': 40, 'max_depth': 30, 'gamma': 0.34446235544606046, 'subsample': 0.892826784610448, 'colsample_bytree': 0.9933840889987662}. Best is trial 0 with value: 0.55.
[I 2026-04-21 10:30:24,232] Trial 18 finished with value: 0.5 and parameters: {'n_estimators': 10, 'max_depth': 20, 'gamma': 0.8045232978285917, 'subsample': 0.8522262197397629, 'colsample_bytree': 0.6007990096637823}. Best is trial 0 with value: 0.55.
[I 2026-04-21 10:30:24,280] Trial 19 finished with value: 0.3 and parameters: {'n_estimators': 100, 'max_depth': 5, 'gamma': 0.9683048507399189, 'subsample': 0.7385104163154436, 'colsample_bytree': 0.7858104741672305}. Best is trial 0 with value: 0.55.
[I 2026-04-21 10:30:24,320] Trial 20 finished with value: 0.55 and parameters: {'n_estimators': 10, 'max_depth': 20, 'gamma': 0.18173200102672432, 'subsample': 0.6113481473495802, 'colsample_bytree': 0.9207981923162684}. Best is trial 0 with value: 0.55.
