[I 2026-04-21 10:25:08,064] Trial 0 finished with value: 0.65 and parameters: {'var_smoothing': 2.7796258518939306e-10}. Best is trial 0 with value: 0.65.
[I 2026-04-21 10:25:10,825] Trial 1 finished with value: 0.6 and parameters: {'var_smoothing': 5.513972710118387e-09}. Best is trial 0 with value: 0.65.
[I 2026-04-21 10:25:13,631] Trial 2 finished with value: 0.65 and parameters: {'var_smoothing': 2.590826381512706e-10}. Best is trial 0 with value: 0.65.
[I 2026-04-21 10:25:16,425] Trial 3 finished with value: 0.6 and parameters: {'var_smoothing': 6.874194498027403e-09}. Best is trial 0 with value: 0.65.
[I 2026-04-21 10:25:19,303] Trial 4 finished with value: 0.6 and parameters: {'var_smoothing': 9.480306482679771e-10}. Best is trial 0 with value: 0.65.
[I 2026-04-21 10:25:22,063] Trial 5 finished with value: 0.6 and parameters: {'var_smoothing': 1.6729683536668864e-09}. Best is trial 0 with value: 0.65.
[I 2026-04-21 10:25:24,881] Trial 6 finished with value: 0.6 and parameters: {'var_smoothing': 3.402637726935598e-09}. Best is trial 0 with value: 0.65.
[I 2026-04-21 10:25:27,709] Trial 7 finished with value: 0.6 and parameters: {'var_smoothing': 1.0885189040847657e-09}. Best is trial 0 with value: 0.65.
[I 2026-04-21 10:25:30,511] Trial 8 finished with value: 0.65 and parameters: {'var_smoothing': 3.922843686541149e-10}. Best is trial 0 with value: 0.65.
[I 2026-04-21 10:25:33,324] Trial 9 finished with value: 0.65 and parameters: {'var_smoothing': 2.3737908819373785e-10}. Best is trial 0 with value: 0.65.
[I 2026-04-21 10:25:36,142] Trial 10 finished with value: 0.65 and parameters: {'var_smoothing': 1.005826617097841e-10}. Best is trial 0 with value: 0.65.
[I 2026-04-21 10:25:38,977] Trial 11 finished with value: 0.65 and parameters: {'var_smoothing': 3.312216866073848e-10}. Best is trial 0 with value: 0.65.
[I 2026-04-21 10:25:41,710] Trial 12 finished with value: 0.65 and parameters: {'var_smoothing': 1.2172167771986835e-10}. Best is trial 0 with value: 0.65.
[I 2026-04-21 10:25:41,738] Trial 13 finished with value: 0.65 and parameters: {'var_smoothing': 5.515189795389604e-10}. Best is trial 0 with value: 0.65.
[I 2026-04-21 10:25:41,767] Trial 14 finished with value: 0.65 and parameters: {'var_smoothing': 1.7762554693505666e-10}. Best is trial 0 with value: 0.65.
[I 2026-04-21 10:25:41,783] Trial 15 finished with value: 0.65 and parameters: {'var_smoothing': 6.033065283503477e-10}. Best is trial 0 with value: 0.65.
[I 2026-04-21 10:25:41,809] Trial 16 finished with value: 0.65 and parameters: {'var_smoothing': 2.120289439649898e-10}. Best is trial 0 with value: 0.65.
[I 2026-04-21 10:25:41,828] Trial 17 finished with value: 0.6 and parameters: {'var_smoothing': 1.8515987176145925e-09}. Best is trial 0 with value: 0.65.
[I 2026-04-21 10:25:41,845] Trial 18 finished with value: 0.65 and parameters: {'var_smoothing': 3.8395978776692195e-10}. Best is trial 0 with value: 0.65.
[I 2026-04-21 10:25:41,875] Trial 19 finished with value: 0.65 and parameters: {'var_smoothing': 1.4474084452509485e-10}. Best is trial 0 with value: 0.65.
[I 2026-04-21 10:25:41,894] Trial 20 finished with value: 0.65 and parameters: {'var_smoothing': 6.959523972304726e-10}. Best is trial 0 with value: 0.65.
[I 2026-04-21 10:25:41,924] Trial 21 finished with value: 0.65 and parameters: {'var_smoothing': 2.928093541720818e-10}. Best is trial 0 with value: 0.65.
[I 2026-04-21 10:25:41,952] Trial 22 finished with value: 0.65 and parameters: {'var_smoothing': 4.069429361238672e-10}. Best is trial 0 with value: 0.65.
[I 2026-04-21 10:25:41,980] Trial 23 finished with value: 0.65 and parameters: {'var_smoothing': 4.699898979323296e-10}. Best is trial 0 with value: 0.65.
[I 2026-04-21 10:25:42,008] Trial 24 finished with value: 0.65 and parameters: {'var_smoothing': 2.391861474363847e-10}. Best is trial 0 with value: 0.65.
[I 2026-04-21 10:25:42,037] Trial 25 finished with value: 0.65 and parameters: {'var_smoothing': 8.754495197231401e-10}. Best is trial 0 with value: 0.65.
[I 2026-04-21 10:25:42,056] Trial 26 finished with value: 0.65 and parameters: {'var_smoothing': 1.8138303356040345e-10}. Best is trial 0 with value: 0.65.
[I 2026-04-21 10:25:42,075] Trial 27 finished with value: 0.65 and parameters: {'var_smoothing': 2.958626663925699e-10}. Best is trial 0 with value: 0.65.
[I 2026-04-21 10:25:42,095] Trial 28 finished with value: 0.6 and parameters: {'var_smoothing': 1.3043772972137965e-09}. Best is trial 0 with value: 0.65.
[I 2026-04-21 10:25:42,114] Trial 29 finished with value: 0.6 and parameters: {'var_smoothing': 9.477075781575649e-09}. Best is trial 0 with value: 0.65.
[I 2026-04-21 10:25:42,668] A new study created in memory with name: logreg
[I 2026-04-21 10:25:42,711] Trial 0 finished with value: 0.55 and parameters: {'C': 0.012881482725481003, 'penalty': 'l2'}. Best is trial 0 with value: 0.55.
[I 2026-04-21 10:25:42,766] Trial 1 finished with value: 0.5 and parameters: {'C': 22.576755560681583, 'penalty': 'l2'}. Best is trial 0 with value: 0.55.
[I 2026-04-21 10:25:42,821] Trial 2 finished with value: 0.5 and parameters: {'C': 0.010804278656839932, 'penalty': 'l2'}. Best is trial 0 with value: 0.55.
[I 2026-04-21 10:25:42,888] Trial 3 finished with value: 0.45 and parameters: {'C': 39.17910760336117, 'penalty': 'l2'}. Best is trial 0 with value: 0.55.
[I 2026-04-21 10:25:42,944] Trial 4 finished with value: 0.6 and parameters: {'C': 0.2767298094062571, 'penalty': 'l2'}. Best is trial 4 with value: 0.6.
[I 2026-04-21 10:25:43,000] Trial 5 finished with value: 0.5 and parameters: {'C': 1.1447728330837224, 'penalty': 'l2'}. Best is trial 4 with value: 0.6.
[I 2026-04-21 10:25:43,054] Trial 6 finished with value: 0.5 and parameters: {'C': 6.753661388238877, 'penalty': 'l2'}. Best is trial 4 with value: 0.6.
[I 2026-04-21 10:25:43,108] Trial 7 finished with value: 0.5 and parameters: {'C': 0.39092184460352974, 'penalty': 'l2'}. Best is trial 4 with value: 0.6.
[I 2026-04-21 10:25:43,152] Trial 8 finished with value: 0.55 and parameters: {'C': 0.03047912590082646, 'penalty': 'l2'}. Best is trial 4 with value: 0.6.
[I 2026-04-21 10:25:43,196] Trial 9 finished with value: 0.5 and parameters: {'C': 0.008681727362499118, 'penalty': 'l2'}. Best is trial 4 with value: 0.6.
[I 2026-04-21 10:25:43,255] Trial 10 finished with value: 0.45 and parameters: {'C': 0.0010280973566261366, 'penalty': 'l2'}. Best is trial 4 with value: 0.6.
[I 2026-04-21 10:25:43,303] Trial 11 finished with value: 0.5 and parameters: {'C': 0.07617019617903802, 'penalty': 'l2'}. Best is trial 4 with value: 0.6.
[I 2026-04-21 10:25:43,324] Trial 12 finished with value: 0.45 and parameters: {'C': 0.0016302252521756247, 'penalty': 'l2'}. Best is trial 4 with value: 0.6.
[I 2026-04-21 10:25:43,341] Trial 13 finished with value: 0.6 and parameters: {'C': 0.16510538853250964, 'penalty': 'l2'}. Best is trial 4 with value: 0.6.
[I 2026-04-21 10:25:43,368] Trial 14 finished with value: 0.5 and parameters: {'C': 1.6261269399957798, 'penalty': 'l2'}. Best is trial 4 with value: 0.6.
[I 2026-04-21 10:25:43,397] Trial 15 finished with value: 0.6 and parameters: {'C': 0.1567579217093108, 'penalty': 'l2'}. Best is trial 4 with value: 0.6.
[I 2026-04-21 10:25:43,426] Trial 16 finished with value: 0.5 and parameters: {'C': 0.8302412295509057, 'penalty': 'l2'}. Best is trial 4 with value: 0.6.
[I 2026-04-21 10:25:43,454] Trial 17 finished with value: 0.5 and parameters: {'C': 4.0888294776750005, 'penalty': 'l2'}. Best is trial 4 with value: 0.6.
[I 2026-04-21 10:25:43,482] Trial 18 finished with value: 0.6 and parameters: {'C': 0.13719328481850918, 'penalty': 'l2'}. Best is trial 4 with value: 0.6.
[I 2026-04-21 10:25:43,510] Trial 19 finished with value: 0.5 and parameters: {'C': 0.04300006969550256, 'penalty': 'l2'}. Best is trial 4 with value: 0.6.
[I 2026-04-21 10:25:43,537] Trial 20 finished with value: 0.6 and parameters: {'C': 0.22065410210774475, 'penalty': 'l2'}. Best is trial 4 with value: 0.6.
[I 2026-04-21 10:25:43,565] Trial 21 finished with value: 0.5 and parameters: {'C': 0.5345939842845958, 'penalty': 'l2'}. Best is trial 4 with value: 0.6.
[I 2026-04-21 10:25:43,592] Trial 22 finished with value: 0.55 and parameters: {'C': 0.10583572586894872, 'penalty': 'l2'}. Best is trial 4 with value: 0.6.
[I 2026-04-21 10:25:43,624] Trial 23 finished with value: 0.6 and parameters: {'C': 0.2730897518731969, 'penalty': 'l2'}. Best is trial 4 with value: 0.6.
[I 2026-04-21 10:25:43,660] Trial 24 finished with value: 0.45 and parameters: {'C': 2.2185299687208255, 'penalty': 'l2'}. Best is trial 4 with value: 0.6.
[I 2026-04-21 10:25:43,681] Trial 25 finished with value: 0.5 and parameters: {'C': 0.04427467552519617, 'penalty': 'l2'}. Best is trial 4 with value: 0.6.
[I 2026-04-21 10:25:43,711] Trial 26 finished with value: 0.6 and parameters: {'C': 0.021100805440807256, 'penalty': 'l2'}. Best is trial 4 with value: 0.6.
[I 2026-04-21 10:25:43,741] Trial 27 finished with value: 0.5 and parameters: {'C': 7.561767227686974, 'penalty': 'l2'}. Best is trial 4 with value: 0.6.
[I 2026-04-21 10:25:43,773] Trial 28 finished with value: 0.45 and parameters: {'C': 0.0026487045732177797, 'penalty': 'l2'}. Best is trial 4 with value: 0.6.
[I 2026-04-21 10:25:43,795] Trial 29 finished with value: 0.6 and parameters: {'C': 0.17162694574771908, 'penalty': 'l2'}. Best is trial 4 with value: 0.6.
[I 2026-04-21 10:25:44,437] A new study created in memory with name: knn
[I 2026-04-21 10:25:44,502] Trial 0 finished with value: 0.35 and parameters: {'n_neighbors': 4, 'leaf_size': 38, 'p': 2}. Best is trial 0 with value: 0.35.
[I 2026-04-21 10:25:44,557] Trial 1 finished with value: 0.55 and parameters: {'n_neighbors': 6, 'leaf_size': 32, 'p': 1}. Best is trial 1 with value: 0.55.
[I 2026-04-21 10:25:44,614] Trial 2 finished with value: 0.6 and parameters: {'n_neighbors': 5, 'leaf_size': 23, 'p': 2}. Best is trial 2 with value: 0.6.
[I 2026-04-21 10:25:44,680] Trial 3 finished with value: 0.55 and parameters: {'n_neighbors': 6, 'leaf_size': 23, 'p': 1}. Best is trial 2 with value: 0.6.
[I 2026-04-21 10:25:44,745] Trial 4 finished with value: 0.55 and parameters: {'n_neighbors': 6, 'leaf_size': 26, 'p': 1}. Best is trial 2 with value: 0.6.
[I 2026-04-21 10:25:44,810] Trial 5 finished with value: 0.55 and parameters: {'n_neighbors': 7, 'leaf_size': 25, 'p': 1}. Best is trial 2 with value: 0.6.
[I 2026-04-21 10:25:44,876] Trial 6 finished with value: 0.6 and parameters: {'n_neighbors': 5, 'leaf_size': 23, 'p': 2}. Best is trial 2 with value: 0.6.
[I 2026-04-21 10:25:44,931] Trial 7 finished with value: 0.45 and parameters: {'n_neighbors': 10, 'leaf_size': 23, 'p': 2}. Best is trial 2 with value: 0.6.
[I 2026-04-21 10:25:44,997] Trial 8 finished with value: 0.5 and parameters: {'n_neighbors': 8, 'leaf_size': 36, 'p': 2}. Best is trial 2 with value: 0.6.
[I 2026-04-21 10:25:45,062] Trial 9 finished with value: 0.45 and parameters: {'n_neighbors': 3, 'leaf_size': 30, 'p': 2}. Best is trial 2 with value: 0.6.
[I 2026-04-21 10:25:45,139] Trial 10 finished with value: 0.5 and parameters: {'n_neighbors': 9, 'leaf_size': 20, 'p': 2}. Best is trial 2 with value: 0.6.
[I 2026-04-21 10:25:45,214] Trial 11 finished with value: 0.35 and parameters: {'n_neighbors': 4, 'leaf_size': 20, 'p': 2}. Best is trial 2 with value: 0.6.
[I 2026-04-21 10:25:45,279] Trial 12 finished with value: 0.6 and parameters: {'n_neighbors': 5, 'leaf_size': 30, 'p': 2}. Best is trial 2 with value: 0.6.
[I 2026-04-21 10:25:45,303] Trial 13 finished with value: 0.35 and parameters: {'n_neighbors': 4, 'leaf_size': 27, 'p': 2}. Best is trial 2 with value: 0.6.
[I 2026-04-21 10:25:45,326] Trial 14 finished with value: 0.6 and parameters: {'n_neighbors': 5, 'leaf_size': 23, 'p': 2}. Best is trial 2 with value: 0.6.
[I 2026-04-21 10:25:45,348] Trial 15 finished with value: 0.45 and parameters: {'n_neighbors': 3, 'leaf_size': 28, 'p': 2}. Best is trial 2 with value: 0.6.
[I 2026-04-21 10:25:45,371] Trial 16 finished with value: 0.55 and parameters: {'n_neighbors': 7, 'leaf_size': 33, 'p': 2}. Best is trial 2 with value: 0.6.
[I 2026-04-21 10:25:45,398] Trial 17 finished with value: 0.6 and parameters: {'n_neighbors': 5, 'leaf_size': 24, 'p': 2}. Best is trial 2 with value: 0.6.
[I 2026-04-21 10:25:45,423] Trial 18 finished with value: 0.55 and parameters: {'n_neighbors': 8, 'leaf_size': 22, 'p': 1}. Best is trial 2 with value: 0.6.
[I 2026-04-21 10:25:45,450] Trial 19 finished with value: 0.6 and parameters: {'n_neighbors': 5, 'leaf_size': 29, 'p': 2}. Best is trial 2 with value: 0.6.
[I 2026-04-21 10:25:45,474] Trial 20 finished with value: 0.35 and parameters: {'n_neighbors': 4, 'leaf_size': 21, 'p': 2}. Best is trial 2 with value: 0.6.
[I 2026-04-21 10:25:45,500] Trial 21 finished with value: 0.6 and parameters: {'n_neighbors': 5, 'leaf_size': 31, 'p': 2}. Best is trial 2 with value: 0.6.
[I 2026-04-21 10:25:45,527] Trial 22 finished with value: 0.6 and parameters: {'n_neighbors': 5, 'leaf_size': 34, 'p': 2}. Best is trial 2 with value: 0.6.
[I 2026-04-21 10:25:45,550] Trial 23 finished with value: 0.55 and parameters: {'n_neighbors': 6, 'leaf_size': 26, 'p': 2}. Best is trial 2 with value: 0.6.
[I 2026-04-21 10:25:45,577] Trial 24 finished with value: 0.55 and parameters: {'n_neighbors': 7, 'leaf_size': 39, 'p': 2}. Best is trial 2 with value: 0.6.
[I 2026-04-21 10:25:45,604] Trial 25 finished with value: 0.45 and parameters: {'n_neighbors': 3, 'leaf_size': 28, 'p': 2}. Best is trial 2 with value: 0.6.
[I 2026-04-21 10:25:45,629] Trial 26 finished with value: 0.4 and parameters: {'n_neighbors': 4, 'leaf_size': 35, 'p': 1}. Best is trial 2 with value: 0.6.
[I 2026-04-21 10:25:45,656] Trial 27 finished with value: 0.6 and parameters: {'n_neighbors': 5, 'leaf_size': 25, 'p': 2}. Best is trial 2 with value: 0.6.
[I 2026-04-21 10:25:45,691] Trial 28 finished with value: 0.55 and parameters: {'n_neighbors': 6, 'leaf_size': 37, 'p': 2}. Best is trial 2 with value: 0.6.
[I 2026-04-21 10:25:45,719] Trial 29 finished with value: 0.35 and parameters: {'n_neighbors': 4, 'leaf_size': 40, 'p': 2}. Best is trial 2 with value: 0.6.
[I 2026-04-21 10:25:46,296] A new study created in memory with name: xgb
[I 2026-04-21 10:25:46,341] Trial 0 finished with value: 0.5 and parameters: {'n_estimators': 40, 'max_depth': 5, 'gamma': 0.789317070832284, 'subsample': 0.7592089939364717, 'colsample_bytree': 0.648400250788111}. Best is trial 0 with value: 0.5.
[I 2026-04-21 10:25:46,389] Trial 1 finished with value: 0.5 and parameters: {'n_estimators': 100, 'max_depth': 30, 'gamma': 0.34667781579300216, 'subsample': 0.7071175095405257, 'colsample_bytree': 0.6480399663668239}. Best is trial 0 with value: 0.5.
[I 2026-04-21 10:25:46,437] Trial 2 finished with value: 0.45 and parameters: {'n_estimators': 10, 'max_depth': 20, 'gamma': 0.3948075529198607, 'subsample': 0.5720821503267102, 'colsample_bytree': 0.5828064306006338}. Best is trial 0 with value: 0.5.
[I 2026-04-21 10:25:46,486] Trial 3 finished with value: 0.45 and parameters: {'n_estimators': 10, 'max_depth': 30, 'gamma': 0.8015631269999768, 'subsample': 0.5114665462195407, 'colsample_bytree': 0.788831429064878}. Best is trial 0 with value: 0.5.
[I 2026-04-21 10:25:46,544] Trial 4 finished with value: 0.5 and parameters: {'n_estimators': 100, 'max_depth': 5, 'gamma': 0.8834347783013348, 'subsample': 0.961374806972835, 'colsample_bytree': 0.5011071062662218}. Best is trial 0 with value: 0.5.
[I 2026-04-21 10:25:46,590] Trial 5 finished with value: 0.45 and parameters: {'n_estimators': 40, 'max_depth': 5, 'gamma': 0.5364379674896123, 'subsample': 0.5145557818363589, 'colsample_bytree': 0.5432628442011025}. Best is trial 0 with value: 0.5.
[I 2026-04-21 10:25:46,647] Trial 6 finished with value: 0.55 and parameters: {'n_estimators': 100, 'max_depth': 20, 'gamma': 0.6718205850237038, 'subsample': 0.9059511955902053, 'colsample_bytree': 0.9633413076219371}. Best is trial 6 with value: 0.55.
[I 2026-04-21 10:25:46,693] Trial 7 finished with value: 0.5 and parameters: {'n_estimators': 10, 'max_depth': 30, 'gamma': 0.8165284487704038, 'subsample': 0.5255714015506736, 'colsample_bytree': 0.594333867896554}. Best is trial 6 with value: 0.55.
[I 2026-04-21 10:25:46,749] Trial 8 finished with value: 0.55 and parameters: {'n_estimators': 100, 'max_depth': 20, 'gamma': 0.6251497693480509, 'subsample': 0.9696496759824258, 'colsample_bytree': 0.9717700410079397}. Best is trial 6 with value: 0.55.
[I 2026-04-21 10:25:46,808] Trial 9 finished with value: 0.45 and parameters: {'n_estimators': 40, 'max_depth': 30, 'gamma': 0.9649927737686168, 'subsample': 0.6857563076640036, 'colsample_bytree': 0.5061847058001788}. Best is trial 6 with value: 0.55.
[I 2026-04-21 10:25:46,877] Trial 10 finished with value: 0.55 and parameters: {'n_estimators': 100, 'max_depth': 20, 'gamma': 0.17962098877423716, 'subsample': 0.8704528179229315, 'colsample_bytree': 0.993585754266157}. Best is trial 6 with value: 0.55.
[I 2026-04-21 10:25:46,953] Trial 11 finished with value: 0.55 and parameters: {'n_estimators': 100, 'max_depth': 20, 'gamma': 0.6262233456118529, 'subsample': 0.9889234202923451, 'colsample_bytree': 0.9702025525645098}. Best is trial 6 with value: 0.55.
[I 2026-04-21 10:25:46,991] Trial 12 finished with value: 0.55 and parameters: {'n_estimators': 100, 'max_depth': 20, 'gamma': 0.6269757941789093, 'subsample': 0.8671498219743482, 'colsample_bytree': 0.8745996189514444}. Best is trial 6 with value: 0.55.
[I 2026-04-21 10:25:47,030] Trial 13 finished with value: 0.55 and parameters: {'n_estimators': 100, 'max_depth': 20, 'gamma': 0.6812961055971064, 'subsample': 0.8945019068218925, 'colsample_bytree': 0.9064542264935227}. Best is trial 6 with value: 0.55.
[I 2026-04-21 10:25:47,068] Trial 14 finished with value: 0.55 and parameters: {'n_estimators': 100, 'max_depth': 20, 'gamma': 0.451464495426098, 'subsample': 0.8193992386928372, 'colsample_bytree': 0.812137188268733}. Best is trial 6 with value: 0.55.
[I 2026-04-21 10:25:47,116] Trial 15 finished with value: 0.55 and parameters: {'n_estimators': 100, 'max_depth': 20, 'gamma': 0.26626655377772473, 'subsample': 0.9304083858456578, 'colsample_bytree': 0.9064648533650188}. Best is trial 6 with value: 0.55.
[I 2026-04-21 10:25:47,155] Trial 16 finished with value: 0.6 and parameters: {'n_estimators': 100, 'max_depth': 20, 'gamma': 0.491687144649662, 'subsample': 0.8204536451844836, 'colsample_bytree': 0.7285949331258694}. Best is trial 16 with value: 0.6.
[I 2026-04-21 10:25:47,203] Trial 17 finished with value: 0.5 and parameters: {'n_estimators': 100, 'max_depth': 20, 'gamma': 0.5117431726898662, 'subsample': 0.8063979106753355, 'colsample_bytree': 0.7109611479294711}. Best is trial 16 with value: 0.6.
[I 2026-04-21 10:25:47,244] Trial 18 finished with value: 0.55 and parameters: {'n_estimators': 40, 'max_depth': 20, 'gamma': 0.705132437872256, 'subsample': 0.7982446460597595, 'colsample_bytree': 0.7241612051208073}. Best is trial 16 with value: 0.6.
[I 2026-04-21 10:25:47,284] Trial 19 finished with value: 0.55 and parameters: {'n_estimators': 10, 'max_depth': 5, 'gamma': 0.10663203536931981, 'subsample': 0.6385018241519915, 'colsample_bytree': 0.8116283491221901}. Best is trial 16 with value: 0.6.
[I 2026-04-21 10:25:47,334] Trial 20 finished with value: 0.55 and parameters: {'n_estimators': 100, 'max_depth': 20, 'gamma': 0.3037725545114085, 'subsample': 0.909623250819243, 'colsample_bytree': 0.6731799401825993}. Best is trial 16 with value: 0.6.
[I 2026-04-21 10:25:47,367] Trial 21 finished with value: 0.55 and parameters: {'n_estimators': 100, 'max_depth': 20, 'gamma': 0.5926491329658871, 'subsample': 0.950464782340875, 'colsample_bytree': 0.9505190728729863}. Best is trial 16 with value: 0.6.
[I 2026-04-21 10:25:47,415] Trial 22 finished with value: 0.55 and parameters: {'n_estimators': 100, 'max_depth': 20, 'gamma': 0.46495195111192417, 'subsample': 0.9956127359559789, 'colsample_bytree': 0.8656618804777947}. Best is trial 16 with value: 0.6.
[I 2026-04-21 10:25:47,452] Trial 23 finished with value: 0.55 and parameters: {'n_estimators': 100, 'max_depth': 20, 'gamma': 0.710383980993562, 'subsample': 0.8484109334068518, 'colsample_bytree': 0.7597805489653989}. Best is trial 16 with value: 0.6.
[I 2026-04-21 10:25:47,492] Trial 24 finished with value: 0.55 and parameters: {'n_estimators': 100, 'max_depth': 20, 'gamma': 0.5556223755474311, 'subsample': 0.7593782787982607, 'colsample_bytree': 0.9266938437167133}. Best is trial 16 with value: 0.6.
[I 2026-04-21 10:25:47,545] Trial 25 finished with value: 0.55 and parameters: {'n_estimators': 100, 'max_depth': 20, 'gamma': 0.45217927309338785, 'subsample': 0.9166597470946019, 'colsample_bytree': 0.8456657764045945}. Best is trial 16 with value: 0.6.
[I 2026-04-21 10:25:47,580] Trial 26 finished with value: 0.55 and parameters: {'n_estimators': 100, 'max_depth': 20, 'gamma': 0.675411645583751, 'subsample': 0.8391988217355291, 'colsample_bytree': 0.9956016138260892}. Best is trial 16 with value: 0.6.
[I 2026-04-21 10:25:47,614] Trial 27 finished with value: 0.5 and parameters: {'n_estimators': 100, 'max_depth': 20, 'gamma': 0.7623470781031234, 'subsample': 0.9547742747790445, 'colsample_bytree': 0.761458164174046}. Best is trial 16 with value: 0.6.
[I 2026-04-21 10:25:47,664] Trial 28 finished with value: 0.55 and parameters: {'n_estimators': 10, 'max_depth': 5, 'gamma': 0.3879884891973689, 'subsample': 0.8939160119246539, 'colsample_bytree': 0.9399509981939818}. Best is trial 16 with value: 0.6.
[I 2026-04-21 10:25:47,706] Trial 29 finished with value: 0.5 and parameters: {'n_estimators': 40, 'max_depth': 30, 'gamma': 0.8944855608261923, 'subsample': 0.7815133542974586, 'colsample_bytree': 0.6682568227027614}. Best is trial 16 with value: 0.6.
[I 2026-04-21 10:25:48,269] A new study created in memory with name: rf
