[I 2026-04-21 10:35:07,168] Trial 10 finished with value: 0.7 and parameters: {'n_neighbors': 5, 'leaf_size': 35, 'p': 1}. Best is trial 2 with value: 0.8.
[I 2026-04-21 10:35:07,195] Trial 11 finished with value: 0.8 and parameters: {'n_neighbors': 6, 'leaf_size': 21, 'p': 2}. Best is trial 2 with value: 0.8.
[I 2026-04-21 10:35:07,223] Trial 12 finished with value: 0.8 and parameters: {'n_neighbors': 6, 'leaf_size': 25, 'p': 2}. Best is trial 2 with value: 0.8.
[I 2026-04-21 10:35:07,252] Trial 13 finished with value: 0.7 and parameters: {'n_neighbors': 7, 'leaf_size': 20, 'p': 2}. Best is trial 2 with value: 0.8.
[I 2026-04-21 10:35:07,281] Trial 14 finished with value: 0.7 and parameters: {'n_neighbors': 4, 'leaf_size': 24, 'p': 2}. Best is trial 2 with value: 0.8.
[I 2026-04-21 10:35:07,309] Trial 15 finished with value: 0.8 and parameters: {'n_neighbors': 5, 'leaf_size': 33, 'p': 2}. Best is trial 2 with value: 0.8.
[I 2026-04-21 10:35:07,336] Trial 16 finished with value: 0.75 and parameters: {'n_neighbors': 8, 'leaf_size': 39, 'p': 2}. Best is trial 2 with value: 0.8.
[I 2026-04-21 10:35:07,367] Trial 17 finished with value: 0.65 and parameters: {'n_neighbors': 3, 'leaf_size': 27, 'p': 2}. Best is trial 2 with value: 0.8.
[I 2026-04-21 10:35:07,393] Trial 18 finished with value: 0.8 and parameters: {'n_neighbors': 6, 'leaf_size': 24, 'p': 1}. Best is trial 2 with value: 0.8.
[I 2026-04-21 10:35:07,424] Trial 19 finished with value: 0.7 and parameters: {'n_neighbors': 4, 'leaf_size': 34, 'p': 2}. Best is trial 2 with value: 0.8.
[I 2026-04-21 10:35:07,447] Trial 20 finished with value: 0.75 and parameters: {'n_neighbors': 8, 'leaf_size': 37, 'p': 2}. Best is trial 2 with value: 0.8.
[I 2026-04-21 10:35:07,471] Trial 21 finished with value: 0.8 and parameters: {'n_neighbors': 5, 'leaf_size': 31, 'p': 2}. Best is trial 2 with value: 0.8.
[I 2026-04-21 10:35:07,507] Trial 22 finished with value: 0.8 and parameters: {'n_neighbors': 5, 'leaf_size': 28, 'p': 2}. Best is trial 2 with value: 0.8.
[I 2026-04-21 10:35:07,532] Trial 23 finished with value: 0.8 and parameters: {'n_neighbors': 6, 'leaf_size': 33, 'p': 2}. Best is trial 2 with value: 0.8.
[I 2026-04-21 10:35:07,558] Trial 24 finished with value: 0.7 and parameters: {'n_neighbors': 7, 'leaf_size': 31, 'p': 2}. Best is trial 2 with value: 0.8.
[I 2026-04-21 10:35:07,593] Trial 25 finished with value: 0.7 and parameters: {'n_neighbors': 4, 'leaf_size': 23, 'p': 2}. Best is trial 2 with value: 0.8.
[I 2026-04-21 10:35:07,621] Trial 26 finished with value: 0.7 and parameters: {'n_neighbors': 5, 'leaf_size': 27, 'p': 1}. Best is trial 2 with value: 0.8.
[I 2026-04-21 10:35:07,649] Trial 27 finished with value: 0.8 and parameters: {'n_neighbors': 6, 'leaf_size': 32, 'p': 2}. Best is trial 2 with value: 0.8.
[I 2026-04-21 10:35:07,677] Trial 28 finished with value: 0.7 and parameters: {'n_neighbors': 4, 'leaf_size': 29, 'p': 2}. Best is trial 2 with value: 0.8.
[I 2026-04-21 10:35:07,706] Trial 29 finished with value: 0.65 and parameters: {'n_neighbors': 3, 'leaf_size': 37, 'p': 2}. Best is trial 2 with value: 0.8.
[I 2026-04-21 10:35:07,756] A new study created in memory with name: xgb
[I 2026-04-21 10:35:07,783] Trial 0 finished with value: 0.7 and parameters: {'n_estimators': 40, 'max_depth': 20, 'gamma': 0.5510084172939441, 'subsample': 0.5360255666798808, 'colsample_bytree': 0.6342194900509356}. Best is trial 0 with value: 0.7.
[I 2026-04-21 10:35:07,809] Trial 1 finished with value: 0.65 and parameters: {'n_estimators': 100, 'max_depth': 5, 'gamma': 0.9186341749476523, 'subsample': 0.6066926767899578, 'colsample_bytree': 0.7260619809088416}. Best is trial 0 with value: 0.7.
[I 2026-04-21 10:35:07,836] Trial 2 finished with value: 0.7 and parameters: {'n_estimators': 10, 'max_depth': 5, 'gamma': 0.9182155373980582, 'subsample': 0.566584722879625, 'colsample_bytree': 0.761706290336883}. Best is trial 0 with value: 0.7.
[I 2026-04-21 10:35:07,866] Trial 3 finished with value: 0.75 and parameters: {'n_estimators': 10, 'max_depth': 20, 'gamma': 0.5296610393664296, 'subsample': 0.6829451928902965, 'colsample_bytree': 0.9189589971546304}. Best is trial 3 with value: 0.75.
[I 2026-04-21 10:35:07,896] Trial 4 finished with value: 0.75 and parameters: {'n_estimators': 10, 'max_depth': 20, 'gamma': 0.6916595165017824, 'subsample': 0.6851755414940176, 'colsample_bytree': 0.7295464889457157}. Best is trial 3 with value: 0.75.
[I 2026-04-21 10:35:07,934] Trial 5 finished with value: 0.65 and parameters: {'n_estimators': 100, 'max_depth': 20, 'gamma': 0.48380821541644814, 'subsample': 0.8171899343169193, 'colsample_bytree': 0.7614531005141727}. Best is trial 3 with value: 0.75.
[I 2026-04-21 10:35:07,962] Trial 6 finished with value: 0.7 and parameters: {'n_estimators': 10, 'max_depth': 5, 'gamma': 0.9599214907026333, 'subsample': 0.8414569271877088, 'colsample_bytree': 0.5265643453364788}. Best is trial 3 with value: 0.75.
[I 2026-04-21 10:35:07,991] Trial 7 finished with value: 0.7 and parameters: {'n_estimators': 40, 'max_depth': 5, 'gamma': 0.5250915966595621, 'subsample': 0.9207383574491986, 'colsample_bytree': 0.565555321173957}. Best is trial 3 with value: 0.75.
[I 2026-04-21 10:35:08,031] Trial 8 finished with value: 0.7 and parameters: {'n_estimators': 100, 'max_depth': 5, 'gamma': 0.3919835527051987, 'subsample': 0.6502094521590198, 'colsample_bytree': 0.5827507002328938}. Best is trial 3 with value: 0.75.
[I 2026-04-21 10:35:08,071] Trial 9 finished with value: 0.7 and parameters: {'n_estimators': 100, 'max_depth': 5, 'gamma': 0.8003922413895069, 'subsample': 0.9436444759263674, 'colsample_bytree': 0.8374593849333938}. Best is trial 3 with value: 0.75.
[I 2026-04-21 10:35:08,113] Trial 10 finished with value: 0.7 and parameters: {'n_estimators': 10, 'max_depth': 30, 'gamma': 0.13445536345660636, 'subsample': 0.7667965871523328, 'colsample_bytree': 0.9450782802183846}. Best is trial 3 with value: 0.75.
[I 2026-04-21 10:35:08,157] Trial 11 finished with value: 0.65 and parameters: {'n_estimators': 10, 'max_depth': 20, 'gamma': 0.7178481389617252, 'subsample': 0.6915472068341689, 'colsample_bytree': 0.995366239845801}. Best is trial 3 with value: 0.75.
[I 2026-04-21 10:35:08,201] Trial 12 finished with value: 0.75 and parameters: {'n_estimators': 10, 'max_depth': 20, 'gamma': 0.691860501845774, 'subsample': 0.7067529051595509, 'colsample_bytree': 0.8628640457831127}. Best is trial 3 with value: 0.75.
[I 2026-04-21 10:35:08,245] Trial 13 finished with value: 0.75 and parameters: {'n_estimators': 10, 'max_depth': 20, 'gamma': 0.321019430638931, 'subsample': 0.748337487018188, 'colsample_bytree': 0.658442178156126}. Best is trial 3 with value: 0.75.
[I 2026-04-21 10:35:08,286] Trial 14 finished with value: 0.75 and parameters: {'n_estimators': 10, 'max_depth': 30, 'gamma': 0.6253359862417079, 'subsample': 0.6335156749236653, 'colsample_bytree': 0.8507053253306924}. Best is trial 3 with value: 0.75.
[I 2026-04-21 10:35:08,323] Trial 15 finished with value: 0.7 and parameters: {'n_estimators': 10, 'max_depth': 20, 'gamma': 0.2971731557179943, 'subsample': 0.8368694560921028, 'colsample_bytree': 0.9021679744360075}. Best is trial 3 with value: 0.75.
[I 2026-04-21 10:35:08,361] Trial 16 finished with value: 0.7 and parameters: {'n_estimators': 40, 'max_depth': 20, 'gamma': 0.778683813729729, 'subsample': 0.5130612763307095, 'colsample_bytree': 0.694509404496647}. Best is trial 3 with value: 0.75.
[I 2026-04-21 10:35:08,401] Trial 17 finished with value: 0.75 and parameters: {'n_estimators': 10, 'max_depth': 20, 'gamma': 0.6043017676514807, 'subsample': 0.7134534876729652, 'colsample_bytree': 0.7974965827125922}. Best is trial 3 with value: 0.75.
[I 2026-04-21 10:35:08,440] Trial 18 finished with value: 0.7 and parameters: {'n_estimators': 10, 'max_depth': 30, 'gamma': 0.4058897810656684, 'subsample': 0.5969968458746909, 'colsample_bytree': 0.9402406579282541}. Best is trial 3 with value: 0.75.
[I 2026-04-21 10:35:08,479] Trial 19 finished with value: 0.65 and parameters: {'n_estimators': 40, 'max_depth': 20, 'gamma': 0.20065175090087745, 'subsample': 0.6674822985057274, 'colsample_bytree': 0.8103008435817955}. Best is trial 3 with value: 0.75.
[I 2026-04-21 10:35:08,517] Trial 20 finished with value: 0.7 and parameters: {'n_estimators': 10, 'max_depth': 20, 'gamma': 0.8140985818876745, 'subsample': 0.9961764358499778, 'colsample_bytree': 0.990737527752259}. Best is trial 3 with value: 0.75.
[I 2026-04-21 10:35:08,565] Trial 21 finished with value: 0.8 and parameters: {'n_estimators': 10, 'max_depth': 20, 'gamma': 0.6731994601384499, 'subsample': 0.7390143691190743, 'colsample_bytree': 0.8736655329603328}. Best is trial 21 with value: 0.8.
[I 2026-04-21 10:35:08,606] Trial 22 finished with value: 0.7 and parameters: {'n_estimators': 10, 'max_depth': 20, 'gamma': 0.6845353385997854, 'subsample': 0.7665923722782548, 'colsample_bytree': 0.903421276978471}. Best is trial 21 with value: 0.8.
[I 2026-04-21 10:35:08,647] Trial 23 finished with value: 0.65 and parameters: {'n_estimators': 10, 'max_depth': 20, 'gamma': 0.5943096932805854, 'subsample': 0.7952564516133582, 'colsample_bytree': 0.8892080473542331}. Best is trial 21 with value: 0.8.
[I 2026-04-21 10:35:08,687] Trial 24 finished with value: 0.75 and parameters: {'n_estimators': 10, 'max_depth': 20, 'gamma': 0.4687320566357634, 'subsample': 0.7186514003946168, 'colsample_bytree': 0.7986180676987528}. Best is trial 21 with value: 0.8.
[I 2026-04-21 10:35:08,727] Trial 25 finished with value: 0.7 and parameters: {'n_estimators': 10, 'max_depth': 30, 'gamma': 0.7288508452351541, 'subsample': 0.6580291216927101, 'colsample_bytree': 0.7119168668015279}. Best is trial 21 with value: 0.8.
[I 2026-04-21 10:35:08,770] Trial 26 finished with value: 0.65 and parameters: {'n_estimators': 10, 'max_depth': 20, 'gamma': 0.8638180598829729, 'subsample': 0.8626421157334917, 'colsample_bytree': 0.9628985801107206}. Best is trial 21 with value: 0.8.
[I 2026-04-21 10:35:08,810] Trial 27 finished with value: 0.65 and parameters: {'n_estimators': 10, 'max_depth': 20, 'gamma': 0.6526824017870145, 'subsample': 0.7382844882833224, 'colsample_bytree': 0.923641383454491}. Best is trial 21 with value: 0.8.
[I 2026-04-21 10:35:08,852] Trial 28 finished with value: 0.75 and parameters: {'n_estimators': 40, 'max_depth': 20, 'gamma': 0.5494409536344327, 'subsample': 0.6071432817215052, 'colsample_bytree': 0.8243223151942998}. Best is trial 21 with value: 0.8.
[I 2026-04-21 10:35:08,903] Trial 29 finished with value: 0.8 and parameters: {'n_estimators': 100, 'max_depth': 20, 'gamma': 0.7523551139177467, 'subsample': 0.5531133106426458, 'colsample_bytree': 0.6612415812160476}. Best is trial 21 with value: 0.8.
[I 2026-04-21 10:35:09,041] A new study created in memory with name: rf
[I 2026-04-21 10:35:09,207] Trial 0 finished with value: 0.5 and parameters: {'n_estimators': 130, 'max_depth': 17, 'min_samples_split': 5, 'min_samples_leaf': 8}. Best is trial 0 with value: 0.5.
[I 2026-04-21 10:35:09,707] Trial 1 finished with value: 0.75 and parameters: {'n_estimators': 492, 'max_depth': 12, 'min_samples_split': 6, 'min_samples_leaf': 1}. Best is trial 1 with value: 0.75.
[I 2026-04-21 10:35:10,006] Trial 2 finished with value: 0.5 and parameters: {'n_estimators': 207, 'max_depth': 11, 'min_samples_split': 8, 'min_samples_leaf': 9}. Best is trial 1 with value: 0.75.
[I 2026-04-21 10:35:10,275] Trial 3 finished with value: 0.5 and parameters: {'n_estimators': 252, 'max_depth': 4, 'min_samples_split': 4, 'min_samples_leaf': 10}. Best is trial 1 with value: 0.75.
[I 2026-04-21 10:35:10,514] Trial 4 finished with value: 0.8 and parameters: {'n_estimators': 185, 'max_depth': 11, 'min_samples_split': 10, 'min_samples_leaf': 1}. Best is trial 4 with value: 0.8.
[I 2026-04-21 10:35:10,915] Trial 5 finished with value: 0.75 and parameters: {'n_estimators': 340, 'max_depth': 20, 'min_samples_split': 4, 'min_samples_leaf': 6}. Best is trial 4 with value: 0.8.
[I 2026-04-21 10:35:11,415] Trial 6 finished with value: 0.5 and parameters: {'n_estimators': 464, 'max_depth': 5, 'min_samples_split': 6, 'min_samples_leaf': 8}. Best is trial 4 with value: 0.8.
[I 2026-04-21 10:35:11,816] Trial 7 finished with value: 0.8 and parameters: {'n_estimators': 368, 'max_depth': 11, 'min_samples_split': 3, 'min_samples_leaf': 5}. Best is trial 4 with value: 0.8.
[I 2026-04-21 10:35:12,082] Trial 8 finished with value: 0.5 and parameters: {'n_estimators': 249, 'max_depth': 11, 'min_samples_split': 5, 'min_samples_leaf': 9}. Best is trial 4 with value: 0.8.
[I 2026-04-21 10:35:12,661] Trial 9 finished with value: 0.85 and parameters: {'n_estimators': 408, 'max_depth': 8, 'min_samples_split': 7, 'min_samples_leaf': 3}. Best is trial 9 with value: 0.85.
[I 2026-04-21 10:35:13,113] Trial 10 finished with value: 0.85 and parameters: {'n_estimators': 397, 'max_depth': 7, 'min_samples_split': 8, 'min_samples_leaf': 3}. Best is trial 9 with value: 0.85.
[I 2026-04-21 10:35:13,583] Trial 11 finished with value: 0.8 and parameters: {'n_estimators': 407, 'max_depth': 7, 'min_samples_split': 8, 'min_samples_leaf': 3}. Best is trial 9 with value: 0.85.
[I 2026-04-21 10:35:14,063] Trial 12 finished with value: 0.85 and parameters: {'n_estimators': 418, 'max_depth': 7, 'min_samples_split': 8, 'min_samples_leaf': 3}. Best is trial 9 with value: 0.85.
[I 2026-04-21 10:35:14,423] Trial 13 finished with value: 0.8 and parameters: {'n_estimators': 319, 'max_depth': 6, 'min_samples_split': 10, 'min_samples_leaf': 3}. Best is trial 9 with value: 0.85.
[I 2026-04-21 10:35:15,075] Trial 14 finished with value: 0.65 and parameters: {'n_estimators': 424, 'max_depth': 8, 'min_samples_split': 7, 'min_samples_leaf': 5}. Best is trial 9 with value: 0.85.
[I 2026-04-21 10:35:15,685] Trial 15 finished with value: 0.75 and parameters: {'n_estimators': 370, 'max_depth': 14, 'min_samples_split': 9, 'min_samples_leaf': 4}. Best is trial 9 with value: 0.85.
[I 2026-04-21 10:35:16,213] Trial 16 finished with value: 0.8 and parameters: {'n_estimators': 454, 'max_depth': 3, 'min_samples_split': 7, 'min_samples_leaf': 2}. Best is trial 9 with value: 0.85.
[I 2026-04-21 10:35:16,560] Trial 17 finished with value: 0.7 and parameters: {'n_estimators': 285, 'max_depth': 9, 'min_samples_split': 9, 'min_samples_leaf': 6}. Best is trial 9 with value: 0.85.
[I 2026-04-21 10:35:17,009] Trial 18 finished with value: 0.8 and parameters: {'n_estimators': 377, 'max_depth': 14, 'min_samples_split': 2, 'min_samples_leaf': 4}. Best is trial 9 with value: 0.85.
[I 2026-04-21 10:35:17,374] Trial 19 finished with value: 0.8 and parameters: {'n_estimators': 298, 'max_depth': 9, 'min_samples_split': 7, 'min_samples_leaf': 2}. Best is trial 9 with value: 0.85.
[I 2026-04-21 10:35:17,933] Trial 20 finished with value: 0.9 and parameters: {'n_estimators': 492, 'max_depth': 5, 'min_samples_split': 9, 'min_samples_leaf': 4}. Best is trial 20 with value: 0.9.
[I 2026-04-21 10:35:18,503] Trial 21 finished with value: 0.85 and parameters: {'n_estimators': 492, 'max_depth': 5, 'min_samples_split': 9, 'min_samples_leaf': 4}. Best is trial 20 with value: 0.9.
[I 2026-04-21 10:35:19,041] Trial 22 finished with value: 0.75 and parameters: {'n_estimators': 447, 'max_depth': 3, 'min_samples_split': 8, 'min_samples_leaf': 2}. Best is trial 20 with value: 0.9.
[I 2026-04-21 10:35:19,509] Trial 23 finished with value: 0.8 and parameters: {'n_estimators': 397, 'max_depth': 9, 'min_samples_split': 9, 'min_samples_leaf': 4}. Best is trial 20 with value: 0.9.
[I 2026-04-21 10:35:20,052] Trial 24 finished with value: 0.75 and parameters: {'n_estimators': 466, 'max_depth': 6, 'min_samples_split': 7, 'min_samples_leaf': 5}. Best is trial 20 with value: 0.9.
[I 2026-04-21 10:35:20,463] Trial 25 finished with value: 0.8 and parameters: {'n_estimators': 340, 'max_depth': 8, 'min_samples_split': 10, 'min_samples_leaf': 3}. Best is trial 20 with value: 0.9.
[I 2026-04-21 10:35:20,992] Trial 26 finished with value: 0.5 and parameters: {'n_estimators': 435, 'max_depth': 5, 'min_samples_split': 8, 'min_samples_leaf': 7}. Best is trial 20 with value: 0.9.
[I 2026-04-21 10:35:21,469] Trial 27 finished with value: 0.8 and parameters: {'n_estimators': 394, 'max_depth': 7, 'min_samples_split': 6, 'min_samples_leaf': 2}. Best is trial 20 with value: 0.9.
[I 2026-04-21 10:35:22,051] Trial 28 finished with value: 0.8 and parameters: {'n_estimators': 488, 'max_depth': 4, 'min_samples_split': 9, 'min_samples_leaf': 1}. Best is trial 20 with value: 0.9.
[I 2026-04-21 10:35:22,238] Trial 29 finished with value: 0.75 and parameters: {'n_estimators': 118, 'max_depth': 13, 'min_samples_split': 5, 'min_samples_leaf': 4}. Best is trial 20 with value: 0.9.
[I 2026-04-21 10:35:23,320] A new study created in memory with name: mlp
[I 2026-04-21 10:35:23,404] Trial 0 finished with value: 0.6 and parameters: {'hidden_layer_sizes': (200,), 'max_iter': 100, 'alpha': 0.0001}. Best is trial 0 with value: 0.6.
[I 2026-04-21 10:35:23,503] Trial 1 finished with value: 0.65 and parameters: {'hidden_layer_sizes': (100, 100), 'max_iter': 100, 'alpha': 0.0001}. Best is trial 1 with value: 0.65.
[I 2026-04-21 10:35:23,581] Trial 2 finished with value: 0.65 and parameters: {'hidden_layer_sizes': (200,), 'max_iter': 100, 'alpha': 0.001}. Best is trial 1 with value: 0.65.
[I 2026-04-21 10:35:23,630] Trial 3 finished with value: 0.6 and parameters: {'hidden_layer_sizes': (100,), 'max_iter': 50, 'alpha': 0.001}. Best is trial 1 with value: 0.65.
[I 2026-04-21 10:35:23,668] Trial 4 finished with value: 0.6 and parameters: {'hidden_layer_sizes': (100,), 'max_iter': 50, 'alpha': 0.0001}. Best is trial 1 with value: 0.65.
[I 2026-04-21 10:35:23,707] Trial 5 finished with value: 0.55 and parameters: {'hidden_layer_sizes': (100,), 'max_iter': 50, 'alpha': 0.0001}. Best is trial 1 with value: 0.65.
[I 2026-04-21 10:35:23,744] Trial 6 finished with value: 0.7 and parameters: {'hidden_layer_sizes': (100,), 'max_iter': 50, 'alpha': 0.0001}. Best is trial 6 with value: 0.7.
[I 2026-04-21 10:35:23,790] Trial 7 finished with value: 0.6 and parameters: {'hidden_layer_sizes': (100,), 'max_iter': 50, 'alpha': 0.0001}. Best is trial 6 with value: 0.7.
[I 2026-04-21 10:35:23,878] Trial 8 finished with value: 0.65 and parameters: {'hidden_layer_sizes': (200,), 'max_iter': 100, 'alpha': 0.0001}. Best is trial 6 with value: 0.7.
[I 2026-04-21 10:35:23,924] Trial 9 finished with value: 0.7 and parameters: {'hidden_layer_sizes': (200,), 'max_iter': 50, 'alpha': 0.0001}. Best is trial 6 with value: 0.7.
[I 2026-04-21 10:35:23,973] Trial 10 finished with value: 0.55 and parameters: {'hidden_layer_sizes': (100, 100), 'max_iter': 50, 'alpha': 0.001}. Best is trial 6 with value: 0.7.
[I 2026-04-21 10:35:24,021] Trial 11 finished with value: 0.65 and parameters: {'hidden_layer_sizes': (200,), 'max_iter': 50, 'alpha': 0.0001}. Best is trial 6 with value: 0.7.
[I 2026-04-21 10:35:24,062] Trial 12 finished with value: 0.55 and parameters: {'hidden_layer_sizes': (100,), 'max_iter': 50, 'alpha': 0.0001}. Best is trial 6 with value: 0.7.
[I 2026-04-21 10:35:24,120] Trial 13 finished with value: 0.6 and parameters: {'hidden_layer_sizes': (200,), 'max_iter': 50, 'alpha': 0.0001}. Best is trial 6 with value: 0.7.
[I 2026-04-21 10:35:24,180] Trial 14 finished with value: 0.65 and parameters: {'hidden_layer_sizes': (100, 100), 'max_iter': 50, 'alpha': 0.001}. Best is trial 6 with value: 0.7.
[I 2026-04-21 10:35:24,231] Trial 15 finished with value: 0.6 and parameters: {'hidden_layer_sizes': (100,), 'max_iter': 50, 'alpha': 0.0001}. Best is trial 6 with value: 0.7.
[I 2026-04-21 10:35:24,278] Trial 16 finished with value: 0.65 and parameters: {'hidden_layer_sizes': (200,), 'max_iter': 50, 'alpha': 0.0001}. Best is trial 6 with value: 0.7.
[I 2026-04-21 10:35:24,323] Trial 17 finished with value: 0.7 and parameters: {'hidden_layer_sizes': (100,), 'max_iter': 50, 'alpha': 0.0001}. Best is trial 6 with value: 0.7.
[I 2026-04-21 10:35:24,380] Trial 18 finished with value: 0.6 and parameters: {'hidden_layer_sizes': (200,), 'max_iter': 100, 'alpha': 0.001}. Best is trial 6 with value: 0.7.
[I 2026-04-21 10:35:24,435] Trial 19 finished with value: 0.7 and parameters: {'hidden_layer_sizes': (100, 100), 'max_iter': 50, 'alpha': 0.0001}. Best is trial 6 with value: 0.7.
[I 2026-04-21 10:35:24,471] Trial 20 finished with value: 0.7 and parameters: {'hidden_layer_sizes': (200,), 'max_iter': 50, 'alpha': 0.0001}. Best is trial 6 with value: 0.7.
[I 2026-04-21 10:35:24,517] Trial 21 finished with value: 0.65 and parameters: {'hidden_layer_sizes': (100,), 'max_iter': 50, 'alpha': 0.0001}. Best is trial 6 with value: 0.7.
[I 2026-04-21 10:35:24,562] Trial 22 finished with value: 0.65 and parameters: {'hidden_layer_sizes': (100,), 'max_iter': 50, 'alpha': 0.0001}. Best is trial 6 with value: 0.7.
[I 2026-04-21 10:35:24,608] Trial 23 finished with value: 0.55 and parameters: {'hidden_layer_sizes': (100,), 'max_iter': 50, 'alpha': 0.0001}. Best is trial 6 with value: 0.7.
[I 2026-04-21 10:35:24,656] Trial 24 finished with value: 0.55 and parameters: {'hidden_layer_sizes': (100,), 'max_iter': 50, 'alpha': 0.0001}. Best is trial 6 with value: 0.7.
[I 2026-04-21 10:35:24,694] Trial 25 finished with value: 0.7 and parameters: {'hidden_layer_sizes': (100,), 'max_iter': 50, 'alpha': 0.0001}. Best is trial 6 with value: 0.7.
[I 2026-04-21 10:35:24,755] Trial 26 finished with value: 0.7 and parameters: {'hidden_layer_sizes': (100,), 'max_iter': 100, 'alpha': 0.001}. Best is trial 6 with value: 0.7.
[I 2026-04-21 10:35:24,805] Trial 27 finished with value: 0.65 and parameters: {'hidden_layer_sizes': (100,), 'max_iter': 50, 'alpha': 0.0001}. Best is trial 6 with value: 0.7.
