[I 2026-04-21 10:30:09,276] Trial 3 finished with value: 0.5 and parameters: {'n_estimators': 307, 'max_depth': 13, 'min_samples_split': 7, 'min_samples_leaf': 10}. Best is trial 1 with value: 0.55.
[I 2026-04-21 10:30:09,727] Trial 4 finished with value: 0.5 and parameters: {'n_estimators': 428, 'max_depth': 10, 'min_samples_split': 9, 'min_samples_leaf': 9}. Best is trial 1 with value: 0.55.
[I 2026-04-21 10:30:09,928] Trial 5 finished with value: 0.5 and parameters: {'n_estimators': 121, 'max_depth': 15, 'min_samples_split': 9, 'min_samples_leaf': 8}. Best is trial 1 with value: 0.55.
[I 2026-04-21 10:30:10,389] Trial 6 finished with value: 0.5 and parameters: {'n_estimators': 384, 'max_depth': 12, 'min_samples_split': 3, 'min_samples_leaf': 10}. Best is trial 1 with value: 0.55.
[I 2026-04-21 10:30:10,679] Trial 7 finished with value: 0.5 and parameters: {'n_estimators': 261, 'max_depth': 6, 'min_samples_split': 8, 'min_samples_leaf': 10}. Best is trial 1 with value: 0.55.
[I 2026-04-21 10:30:10,930] Trial 8 finished with value: 0.5 and parameters: {'n_estimators': 202, 'max_depth': 15, 'min_samples_split': 7, 'min_samples_leaf': 8}. Best is trial 1 with value: 0.55.
[I 2026-04-21 10:30:11,490] Trial 9 finished with value: 0.5 and parameters: {'n_estimators': 475, 'max_depth': 9, 'min_samples_split': 4, 'min_samples_leaf': 5}. Best is trial 1 with value: 0.55.
[I 2026-04-21 10:30:11,687] Trial 10 finished with value: 0.45 and parameters: {'n_estimators': 135, 'max_depth': 20, 'min_samples_split': 2, 'min_samples_leaf': 4}. Best is trial 1 with value: 0.55.
[I 2026-04-21 10:30:11,956] Trial 11 finished with value: 0.4 and parameters: {'n_estimators': 213, 'max_depth': 18, 'min_samples_split': 5, 'min_samples_leaf': 6}. Best is trial 1 with value: 0.55.
[I 2026-04-21 10:30:12,192] Trial 12 finished with value: 0.5 and parameters: {'n_estimators': 183, 'max_depth': 16, 'min_samples_split': 5, 'min_samples_leaf': 3}. Best is trial 1 with value: 0.55.
[I 2026-04-21 10:30:12,597] Trial 13 finished with value: 0.45 and parameters: {'n_estimators': 303, 'max_depth': 3, 'min_samples_split': 6, 'min_samples_leaf': 7}. Best is trial 1 with value: 0.55.
[I 2026-04-21 10:30:12,972] Trial 14 finished with value: 0.4 and parameters: {'n_estimators': 252, 'max_depth': 13, 'min_samples_split': 5, 'min_samples_leaf': 6}. Best is trial 1 with value: 0.55.
[I 2026-04-21 10:30:13,217] Trial 15 finished with value: 0.45 and parameters: {'n_estimators': 157, 'max_depth': 17, 'min_samples_split': 6, 'min_samples_leaf': 3}. Best is trial 1 with value: 0.55.
[I 2026-04-21 10:30:13,393] Trial 16 finished with value: 0.5 and parameters: {'n_estimators': 101, 'max_depth': 11, 'min_samples_split': 4, 'min_samples_leaf': 7}. Best is trial 1 with value: 0.55.
[I 2026-04-21 10:30:13,950] Trial 17 finished with value: 0.45 and parameters: {'n_estimators': 339, 'max_depth': 14, 'min_samples_split': 7, 'min_samples_leaf': 5}. Best is trial 1 with value: 0.55.
[I 2026-04-21 10:30:14,275] Trial 18 finished with value: 0.3 and parameters: {'n_estimators': 247, 'max_depth': 19, 'min_samples_split': 3, 'min_samples_leaf': 1}. Best is trial 1 with value: 0.55.
[I 2026-04-21 10:30:14,535] Trial 19 finished with value: 0.4 and parameters: {'n_estimators': 171, 'max_depth': 7, 'min_samples_split': 10, 'min_samples_leaf': 7}. Best is trial 1 with value: 0.55.
[I 2026-04-21 10:30:14,841] Trial 20 finished with value: 0.5 and parameters: {'n_estimators': 228, 'max_depth': 5, 'min_samples_split': 4, 'min_samples_leaf': 4}. Best is trial 1 with value: 0.55.
[I 2026-04-21 10:30:15,208] Trial 21 finished with value: 0.5 and parameters: {'n_estimators': 299, 'max_depth': 13, 'min_samples_split': 7, 'min_samples_leaf': 9}. Best is trial 1 with value: 0.55.
[I 2026-04-21 10:30:15,550] Trial 22 finished with value: 0.5 and parameters: {'n_estimators': 299, 'max_depth': 11, 'min_samples_split': 6, 'min_samples_leaf': 9}. Best is trial 1 with value: 0.55.
[I 2026-04-21 10:30:15,925] Trial 23 finished with value: 0.5 and parameters: {'n_estimators': 337, 'max_depth': 13, 'min_samples_split': 8, 'min_samples_leaf': 10}. Best is trial 1 with value: 0.55.
[I 2026-04-21 10:30:16,390] Trial 24 finished with value: 0.5 and parameters: {'n_estimators': 378, 'max_depth': 15, 'min_samples_split': 7, 'min_samples_leaf': 9}. Best is trial 1 with value: 0.55.
[I 2026-04-21 10:30:16,742] Trial 25 finished with value: 0.5 and parameters: {'n_estimators': 279, 'max_depth': 17, 'min_samples_split': 5, 'min_samples_leaf': 8}. Best is trial 1 with value: 0.55.
[I 2026-04-21 10:30:17,179] Trial 26 finished with value: 0.45 and parameters: {'n_estimators': 340, 'max_depth': 10, 'min_samples_split': 8, 'min_samples_leaf': 6}. Best is trial 1 with value: 0.55.
[I 2026-04-21 10:30:17,399] Trial 27 finished with value: 0.55 and parameters: {'n_estimators': 144, 'max_depth': 12, 'min_samples_split': 6, 'min_samples_leaf': 4}. Best is trial 1 with value: 0.55.
[I 2026-04-21 10:30:17,620] Trial 28 finished with value: 0.45 and parameters: {'n_estimators': 149, 'max_depth': 12, 'min_samples_split': 6, 'min_samples_leaf': 3}. Best is trial 1 with value: 0.55.
[I 2026-04-21 10:30:17,775] Trial 29 finished with value: 0.35 and parameters: {'n_estimators': 100, 'max_depth': 8, 'min_samples_split': 6, 'min_samples_leaf': 1}. Best is trial 1 with value: 0.55.



>>> Optuna tuning knn metodo ag IPC 10 seed 5


Parámetros guardados en /data/home/rtabares/estiven/CorVAE/checkpoint_default_MLP_Dlatent/ag/IPC_10/best_models_ag_seed_5_space_latent/knn_best_params.json


>>> Optuna tuning xgb metodo ag IPC 10 seed 5


Parámetros guardados en /data/home/rtabares/estiven/CorVAE/checkpoint_default_MLP_Dlatent/ag/IPC_10/best_models_ag_seed_5_space_latent/xgb_best_params.json


>>> Optuna tuning rf metodo ag IPC 10 seed 5


Parámetros guardados en /data/home/rtabares/estiven/CorVAE/checkpoint_default_MLP_Dlatent/ag/IPC_10/best_models_ag_seed_5_space_latent/rf_best_params.json


>>> Optuna tuning mlp metodo ag IPC 10 seed 5


Parámetros guardados en /data/home/rtabares/estiven/CorVAE/checkpoint_default_MLP_Dlatent/ag/IPC_10/best_models_ag_seed_5_space_latent/mlp_best_params.json


>>> Optuna tuning svc metodo ag IPC 10 seed 5


Parámetros guardados en /data/home/rtabares/estiven/CorVAE/checkpoint_default_MLP_Dlatent/ag/IPC_10/best_models_ag_seed_5_space_latent/svc_best_params.json


>>> Optuna tuning naive_bayes metodo ag IPC 10 seed 5


Parámetros guardados en /data/home/rtabares/estiven/CorVAE/checkpoint_default_MLP_Dlatent/ag/IPC_10/best_models_ag_seed_5_space_original/naive_bayes_best_params.json


>>> Optuna tuning logreg metodo ag IPC 10 seed 5


Parámetros guardados en /data/home/rtabares/estiven/CorVAE/checkpoint_default_MLP_Dlatent/ag/IPC_10/best_models_ag_seed_5_space_original/logreg_best_params.json


>>> Optuna tuning knn metodo ag IPC 10 seed 5


Parámetros guardados en /data/home/rtabares/estiven/CorVAE/checkpoint_default_MLP_Dlatent/ag/IPC_10/best_models_ag_seed_5_space_original/knn_best_params.json


>>> Optuna tuning xgb metodo ag IPC 10 seed 5


Parámetros guardados en /data/home/rtabares/estiven/CorVAE/checkpoint_default_MLP_Dlatent/ag/IPC_10/best_models_ag_seed_5_space_original/xgb_best_params.json


>>> Optuna tuning rf metodo ag IPC 10 seed 5


Parámetros guardados en /data/home/rtabares/estiven/CorVAE/checkpoint_default_MLP_Dlatent/ag/IPC_10/best_models_ag_seed_5_space_original/rf_best_params.json


>>> Optuna tuning mlp metodo ag IPC 10 seed 5


Parámetros guardados en /data/home/rtabares/estiven/CorVAE/checkpoint_default_MLP_Dlatent/ag/IPC_10/best_models_ag_seed_5_space_original/mlp_best_params.json


>>> Optuna tuning svc metodo ag IPC 10 seed 5


Parámetros guardados en /data/home/rtabares/estiven/CorVAE/checkpoint_default_MLP_Dlatent/ag/IPC_10/best_models_ag_seed_5_space_original/svc_best_params.json


>>> Optuna tuning naive_bayes metodo lc IPC 10 seed 5


Parámetros guardados en /data/home/rtabares/estiven/CorVAE/checkpoint_default_MLP_Dlatent/lc/IPC_10/best_models_lc_seed_5_space_latent/naive_bayes_best_params.json


>>> Optuna tuning logreg metodo lc IPC 10 seed 5


Parámetros guardados en /data/home/rtabares/estiven/CorVAE/checkpoint_default_MLP_Dlatent/lc/IPC_10/best_models_lc_seed_5_space_latent/logreg_best_params.json


>>> Optuna tuning knn metodo lc IPC 10 seed 5


Parámetros guardados en /data/home/rtabares/estiven/CorVAE/checkpoint_default_MLP_Dlatent/lc/IPC_10/best_models_lc_seed_5_space_latent/knn_best_params.json


>>> Optuna tuning xgb metodo lc IPC 10 seed 5


Parámetros guardados en /data/home/rtabares/estiven/CorVAE/checkpoint_default_MLP_Dlatent/lc/IPC_10/best_models_lc_seed_5_space_latent/xgb_best_params.json


>>> Optuna tuning rf metodo lc IPC 10 seed 5


Parámetros guardados en /data/home/rtabares/estiven/CorVAE/checkpoint_default_MLP_Dlatent/lc/IPC_10/best_models_lc_seed_5_space_latent/rf_best_params.json


>>> Optuna tuning mlp metodo lc IPC 10 seed 5


Parámetros guardados en /data/home/rtabares/estiven/CorVAE/checkpoint_default_MLP_Dlatent/lc/IPC_10/best_models_lc_seed_5_space_latent/mlp_best_params.json


>>> Optuna tuning svc metodo lc IPC 10 seed 5


Parámetros guardados en /data/home/rtabares/estiven/CorVAE/checkpoint_default_MLP_Dlatent/lc/IPC_10/best_models_lc_seed_5_space_latent/svc_best_params.json


>>> Optuna tuning naive_bayes metodo lc IPC 10 seed 5


Parámetros guardados en /data/home/rtabares/estiven/CorVAE/checkpoint_default_MLP_Dlatent/lc/IPC_10/best_models_lc_seed_5_space_original/naive_bayes_best_params.json


>>> Optuna tuning logreg metodo lc IPC 10 seed 5


Parámetros guardados en /data/home/rtabares/estiven/CorVAE/checkpoint_default_MLP_Dlatent/lc/IPC_10/best_models_lc_seed_5_space_original/logreg_best_params.json


>>> Optuna tuning knn metodo lc IPC 10 seed 5


Parámetros guardados en /data/home/rtabares/estiven/CorVAE/checkpoint_default_MLP_Dlatent/lc/IPC_10/best_models_lc_seed_5_space_original/knn_best_params.json


>>> Optuna tuning xgb metodo lc IPC 10 seed 5


Parámetros guardados en /data/home/rtabares/estiven/CorVAE/checkpoint_default_MLP_Dlatent/lc/IPC_10/best_models_lc_seed_5_space_original/xgb_best_params.json


>>> Optuna tuning rf metodo lc IPC 10 seed 5


Parámetros guardados en /data/home/rtabares/estiven/CorVAE/checkpoint_default_MLP_Dlatent/lc/IPC_10/best_models_lc_seed_5_space_original/rf_best_params.json


>>> Optuna tuning mlp metodo lc IPC 10 seed 5


Parámetros guardados en /data/home/rtabares/estiven/CorVAE/checkpoint_default_MLP_Dlatent/lc/IPC_10/best_models_lc_seed_5_space_original/mlp_best_params.json


>>> Optuna tuning svc metodo lc IPC 10 seed 5


Parámetros guardados en /data/home/rtabares/estiven/CorVAE/checkpoint_default_MLP_Dlatent/lc/IPC_10/best_models_lc_seed_5_space_original/svc_best_params.json


>>> Optuna tuning naive_bayes metodo random IPC 10 seed 6


Parámetros guardados en /data/home/rtabares/estiven/CorVAE/checkpoint_default_MLP_Dlatent/random/IPC_10/best_models_random_seed_6_space_original/naive_bayes_best_params.json


>>> Optuna tuning logreg metodo random IPC 10 seed 6


Parámetros guardados en /data/home/rtabares/estiven/CorVAE/checkpoint_default_MLP_Dlatent/random/IPC_10/best_models_random_seed_6_space_original/logreg_best_params.json


>>> Optuna tuning knn metodo random IPC 10 seed 6


Parámetros guardados en /data/home/rtabares/estiven/CorVAE/checkpoint_default_MLP_Dlatent/random/IPC_10/best_models_random_seed_6_space_original/knn_best_params.json


>>> Optuna tuning xgb metodo random IPC 10 seed 6


Parámetros guardados en /data/home/rtabares/estiven/CorVAE/checkpoint_default_MLP_Dlatent/random/IPC_10/best_models_random_seed_6_space_original/xgb_best_params.json


>>> Optuna tuning rf metodo random IPC 10 seed 6


Parámetros guardados en /data/home/rtabares/estiven/CorVAE/checkpoint_default_MLP_Dlatent/random/IPC_10/best_models_random_seed_6_space_original/rf_best_params.json


>>> Optuna tuning mlp metodo random IPC 10 seed 6


Parámetros guardados en /data/home/rtabares/estiven/CorVAE/checkpoint_default_MLP_Dlatent/random/IPC_10/best_models_random_seed_6_space_original/mlp_best_params.json


>>> Optuna tuning svc metodo random IPC 10 seed 6


Parámetros guardados en /data/home/rtabares/estiven/CorVAE/checkpoint_default_MLP_Dlatent/random/IPC_10/best_models_random_seed_6_space_original/svc_best_params.json


>>> Optuna tuning naive_bayes metodo k-means IPC 10 seed 6


Parámetros guardados en /data/home/rtabares/estiven/CorVAE/checkpoint_default_MLP_Dlatent/k-means/IPC_10/best_models_k-means_seed_6_space_latent/naive_bayes_best_params.json


>>> Optuna tuning logreg metodo k-means IPC 10 seed 6


Parámetros guardados en /data/home/rtabares/estiven/CorVAE/checkpoint_default_MLP_Dlatent/k-means/IPC_10/best_models_k-means_seed_6_space_latent/logreg_best_params.json


>>> Optuna tuning knn metodo k-means IPC 10 seed 6


Parámetros guardados en /data/home/rtabares/estiven/CorVAE/checkpoint_default_MLP_Dlatent/k-means/IPC_10/best_models_k-means_seed_6_space_latent/knn_best_params.json


>>> Optuna tuning xgb metodo k-means IPC 10 seed 6


Parámetros guardados en /data/home/rtabares/estiven/CorVAE/checkpoint_default_MLP_Dlatent/k-means/IPC_10/best_models_k-means_seed_6_space_latent/xgb_best_params.json


>>> Optuna tuning rf metodo k-means IPC 10 seed 6


Parámetros guardados en /data/home/rtabares/estiven/CorVAE/checkpoint_default_MLP_Dlatent/k-means/IPC_10/best_models_k-means_seed_6_space_latent/rf_best_params.json


>>> Optuna tuning mlp metodo k-means IPC 10 seed 6

[I 2026-04-21 10:30:18,202] A new study created in memory with name: mlp
[I 2026-04-21 10:30:18,266] Trial 0 finished with value: 0.35 and parameters: {'hidden_layer_sizes': (100,), 'max_iter': 100, 'alpha': 0.0001}. Best is trial 0 with value: 0.35.
[I 2026-04-21 10:30:18,342] Trial 1 finished with value: 0.25 and parameters: {'hidden_layer_sizes': (100, 100), 'max_iter': 100, 'alpha': 0.001}. Best is trial 0 with value: 0.35.
[I 2026-04-21 10:30:18,429] Trial 2 finished with value: 0.4 and parameters: {'hidden_layer_sizes': (200,), 'max_iter': 100, 'alpha': 0.0001}. Best is trial 2 with value: 0.4.
[I 2026-04-21 10:30:18,475] Trial 3 finished with value: 0.25 and parameters: {'hidden_layer_sizes': (200,), 'max_iter': 50, 'alpha': 0.001}. Best is trial 2 with value: 0.4.
[I 2026-04-21 10:30:18,530] Trial 4 finished with value: 0.3 and parameters: {'hidden_layer_sizes': (100, 100), 'max_iter': 50, 'alpha': 0.0001}. Best is trial 2 with value: 0.4.
[I 2026-04-21 10:30:18,606] Trial 5 finished with value: 0.4 and parameters: {'hidden_layer_sizes': (200,), 'max_iter': 100, 'alpha': 0.0001}. Best is trial 2 with value: 0.4.
[I 2026-04-21 10:30:18,692] Trial 6 finished with value: 0.35 and parameters: {'hidden_layer_sizes': (200,), 'max_iter': 100, 'alpha': 0.001}. Best is trial 2 with value: 0.4.
[I 2026-04-21 10:30:18,768] Trial 7 finished with value: 0.35 and parameters: {'hidden_layer_sizes': (100,), 'max_iter': 100, 'alpha': 0.001}. Best is trial 2 with value: 0.4.
[I 2026-04-21 10:30:18,865] Trial 8 finished with value: 0.3 and parameters: {'hidden_layer_sizes': (100, 100), 'max_iter': 100, 'alpha': 0.0001}. Best is trial 2 with value: 0.4.
[I 2026-04-21 10:30:18,943] Trial 9 finished with value: 0.35 and parameters: {'hidden_layer_sizes': (200,), 'max_iter': 100, 'alpha': 0.0001}. Best is trial 2 with value: 0.4.
[I 2026-04-21 10:30:19,001] Trial 10 finished with value: 0.4 and parameters: {'hidden_layer_sizes': (200,), 'max_iter': 50, 'alpha': 0.0001}. Best is trial 2 with value: 0.4.
[I 2026-04-21 10:30:19,088] Trial 11 finished with value: 0.4 and parameters: {'hidden_layer_sizes': (200,), 'max_iter': 100, 'alpha': 0.0001}. Best is trial 2 with value: 0.4.
[I 2026-04-21 10:30:19,174] Trial 12 finished with value: 0.35 and parameters: {'hidden_layer_sizes': (200,), 'max_iter': 100, 'alpha': 0.0001}. Best is trial 2 with value: 0.4.
[I 2026-04-21 10:30:19,250] Trial 13 finished with value: 0.45 and parameters: {'hidden_layer_sizes': (200,), 'max_iter': 100, 'alpha': 0.0001}. Best is trial 13 with value: 0.45.
[I 2026-04-21 10:30:19,295] Trial 14 finished with value: 0.35 and parameters: {'hidden_layer_sizes': (200,), 'max_iter': 50, 'alpha': 0.0001}. Best is trial 13 with value: 0.45.
[I 2026-04-21 10:30:19,371] Trial 15 finished with value: 0.4 and parameters: {'hidden_layer_sizes': (100,), 'max_iter': 100, 'alpha': 0.0001}. Best is trial 13 with value: 0.45.
[I 2026-04-21 10:30:19,448] Trial 16 finished with value: 0.35 and parameters: {'hidden_layer_sizes': (200,), 'max_iter': 100, 'alpha': 0.0001}. Best is trial 13 with value: 0.45.
[I 2026-04-21 10:30:19,525] Trial 17 finished with value: 0.35 and parameters: {'hidden_layer_sizes': (200,), 'max_iter': 100, 'alpha': 0.0001}. Best is trial 13 with value: 0.45.
[I 2026-04-21 10:30:19,571] Trial 18 finished with value: 0.25 and parameters: {'hidden_layer_sizes': (100,), 'max_iter': 50, 'alpha': 0.001}. Best is trial 13 with value: 0.45.
[I 2026-04-21 10:30:19,670] Trial 19 finished with value: 0.2 and parameters: {'hidden_layer_sizes': (100, 100), 'max_iter': 100, 'alpha': 0.0001}. Best is trial 13 with value: 0.45.
[I 2026-04-21 10:30:19,766] Trial 20 finished with value: 0.35 and parameters: {'hidden_layer_sizes': (200,), 'max_iter': 100, 'alpha': 0.0001}. Best is trial 13 with value: 0.45.
[I 2026-04-21 10:30:19,864] Trial 21 finished with value: 0.3 and parameters: {'hidden_layer_sizes': (200,), 'max_iter': 100, 'alpha': 0.0001}. Best is trial 13 with value: 0.45.
[I 2026-04-21 10:30:19,942] Trial 22 finished with value: 0.3 and parameters: {'hidden_layer_sizes': (200,), 'max_iter': 100, 'alpha': 0.0001}. Best is trial 13 with value: 0.45.
[I 2026-04-21 10:30:20,043] Trial 23 finished with value: 0.3 and parameters: {'hidden_layer_sizes': (200,), 'max_iter': 100, 'alpha': 0.0001}. Best is trial 13 with value: 0.45.
[I 2026-04-21 10:30:20,120] Trial 24 finished with value: 0.35 and parameters: {'hidden_layer_sizes': (200,), 'max_iter': 100, 'alpha': 0.0001}. Best is trial 13 with value: 0.45.
[I 2026-04-21 10:30:20,197] Trial 25 finished with value: 0.4 and parameters: {'hidden_layer_sizes': (200,), 'max_iter': 100, 'alpha': 0.0001}. Best is trial 13 with value: 0.45.
[I 2026-04-21 10:30:20,255] Trial 26 finished with value: 0.3 and parameters: {'hidden_layer_sizes': (200,), 'max_iter': 50, 'alpha': 0.001}. Best is trial 13 with value: 0.45.
[I 2026-04-21 10:30:20,343] Trial 27 finished with value: 0.35 and parameters: {'hidden_layer_sizes': (200,), 'max_iter': 100, 'alpha': 0.0001}. Best is trial 13 with value: 0.45.
[I 2026-04-21 10:30:20,450] Trial 28 finished with value: 0.3 and parameters: {'hidden_layer_sizes': (100, 100), 'max_iter': 100, 'alpha': 0.0001}. Best is trial 13 with value: 0.45.
[I 2026-04-21 10:30:20,517] Trial 29 finished with value: 0.45 and parameters: {'hidden_layer_sizes': (100,), 'max_iter': 100, 'alpha': 0.0001}. Best is trial 13 with value: 0.45.
[I 2026-04-21 10:30:20,747] A new study created in memory with name: svc
[I 2026-04-21 10:30:20,761] Trial 0 finished with value: 0.45 and parameters: {'C': 37.27697013499731, 'gamma': 0.0021277432488243223}. Best is trial 0 with value: 0.45.
[I 2026-04-21 10:30:20,775] Trial 1 finished with value: 0.45 and parameters: {'C': 19.271543171162776, 'gamma': 0.00014682043379470554}. Best is trial 0 with value: 0.45.
[I 2026-04-21 10:30:20,788] Trial 2 finished with value: 0.2 and parameters: {'C': 0.0269542169583157, 'gamma': 0.023999835049635022}. Best is trial 0 with value: 0.45.
[I 2026-04-21 10:30:20,802] Trial 3 finished with value: 0.35 and parameters: {'C': 1.3160410886450586, 'gamma': 0.0047340159215720195}. Best is trial 0 with value: 0.45.
[I 2026-04-21 10:30:20,816] Trial 4 finished with value: 0.1 and parameters: {'C': 0.21959952535674737, 'gamma': 0.030908485742507576}. Best is trial 0 with value: 0.45.
[I 2026-04-21 10:30:20,830] Trial 5 finished with value: 0.05 and parameters: {'C': 0.5656733313644114, 'gamma': 0.08780685564625502}. Best is trial 0 with value: 0.45.
[I 2026-04-21 10:30:20,845] Trial 6 finished with value: 0.2 and parameters: {'C': 1.1807165425157664, 'gamma': 0.020674470756231633}. Best is trial 0 with value: 0.45.
[I 2026-04-21 10:30:20,861] Trial 7 finished with value: 0.25 and parameters: {'C': 3.8143486186647126, 'gamma': 0.9138966502602072}. Best is trial 0 with value: 0.45.
[I 2026-04-21 10:30:20,875] Trial 8 finished with value: 0.35 and parameters: {'C': 19.029737066374768, 'gamma': 0.004495766421289856}. Best is trial 0 with value: 0.45.
[I 2026-04-21 10:30:20,891] Trial 9 finished with value: 0.05 and parameters: {'C': 31.994153257994277, 'gamma': 0.19725941020937518}. Best is trial 0 with value: 0.45.
[I 2026-04-21 10:30:20,912] Trial 10 finished with value: 0.5 and parameters: {'C': 96.80643961619926, 'gamma': 0.0004009308447180715}. Best is trial 10 with value: 0.5.
[I 2026-04-21 10:30:20,936] Trial 11 finished with value: 0.5 and parameters: {'C': 86.0491638060693, 'gamma': 0.0004475014305726624}. Best is trial 10 with value: 0.5.
[I 2026-04-21 10:30:20,966] Trial 12 finished with value: 0.45 and parameters: {'C': 80.03787138595851, 'gamma': 0.00034865593681359405}. Best is trial 10 with value: 0.5.
[I 2026-04-21 10:30:20,988] Trial 13 finished with value: 0.4 and parameters: {'C': 7.28461355664927, 'gamma': 0.000582009164639594}. Best is trial 10 with value: 0.5.
[I 2026-04-21 10:30:21,008] Trial 14 finished with value: 0.5 and parameters: {'C': 82.23704196612866, 'gamma': 0.0010355388819936432}. Best is trial 10 with value: 0.5.
[I 2026-04-21 10:30:21,028] Trial 15 finished with value: 0.45 and parameters: {'C': 5.833862882254689, 'gamma': 0.00013739992180823244}. Best is trial 10 with value: 0.5.
[I 2026-04-21 10:30:21,050] Trial 16 finished with value: 0.45 and parameters: {'C': 0.0119576348113261, 'gamma': 0.0012628455137584412}. Best is trial 10 with value: 0.5.
