[I 2026-04-21 10:27:07,211] Trial 26 finished with value: 0.6 and parameters: {'n_estimators': 10, 'max_depth': 20, 'gamma': 0.5743804337942131, 'subsample': 0.6270687975242947, 'colsample_bytree': 0.6138143539068964}. Best is trial 5 with value: 0.85.
[I 2026-04-21 10:27:07,252] Trial 27 finished with value: 0.7 and parameters: {'n_estimators': 10, 'max_depth': 20, 'gamma': 0.37141817587294845, 'subsample': 0.6818955180721865, 'colsample_bytree': 0.5379681176889564}. Best is trial 5 with value: 0.85.
[I 2026-04-21 10:27:07,303] Trial 28 finished with value: 0.7 and parameters: {'n_estimators': 100, 'max_depth': 30, 'gamma': 0.2714621287653625, 'subsample': 0.5427066324665631, 'colsample_bytree': 0.683233034753137}. Best is trial 5 with value: 0.85.
[I 2026-04-21 10:27:07,345] Trial 29 finished with value: 0.5 and parameters: {'n_estimators': 40, 'max_depth': 5, 'gamma': 0.1698666787487814, 'subsample': 0.7609029960036986, 'colsample_bytree': 0.6322353545816777}. Best is trial 5 with value: 0.85.
[I 2026-04-21 10:27:07,428] A new study created in memory with name: rf
[I 2026-04-21 10:27:07,653] Trial 0 finished with value: 0.5 and parameters: {'n_estimators': 189, 'max_depth': 18, 'min_samples_split': 3, 'min_samples_leaf': 10}. Best is trial 0 with value: 0.5.
[I 2026-04-21 10:27:08,002] Trial 1 finished with value: 0.6 and parameters: {'n_estimators': 295, 'max_depth': 14, 'min_samples_split': 8, 'min_samples_leaf': 6}. Best is trial 1 with value: 0.6.
[I 2026-04-21 10:27:08,308] Trial 2 finished with value: 0.5 and parameters: {'n_estimators': 219, 'max_depth': 6, 'min_samples_split': 2, 'min_samples_leaf': 8}. Best is trial 1 with value: 0.6.
[I 2026-04-21 10:27:08,647] Trial 3 finished with value: 0.8 and parameters: {'n_estimators': 276, 'max_depth': 5, 'min_samples_split': 9, 'min_samples_leaf': 3}. Best is trial 3 with value: 0.8.
[I 2026-04-21 10:27:08,957] Trial 4 finished with value: 0.55 and parameters: {'n_estimators': 266, 'max_depth': 8, 'min_samples_split': 7, 'min_samples_leaf': 6}. Best is trial 3 with value: 0.8.
[I 2026-04-21 10:27:09,365] Trial 5 finished with value: 0.75 and parameters: {'n_estimators': 340, 'max_depth': 7, 'min_samples_split': 4, 'min_samples_leaf': 3}. Best is trial 3 with value: 0.8.
[I 2026-04-21 10:27:09,684] Trial 6 finished with value: 0.5 and parameters: {'n_estimators': 231, 'max_depth': 5, 'min_samples_split': 3, 'min_samples_leaf': 10}. Best is trial 3 with value: 0.8.
[I 2026-04-21 10:27:10,183] Trial 7 finished with value: 0.75 and parameters: {'n_estimators': 485, 'max_depth': 6, 'min_samples_split': 2, 'min_samples_leaf': 3}. Best is trial 3 with value: 0.8.
[I 2026-04-21 10:27:10,614] Trial 8 finished with value: 0.85 and parameters: {'n_estimators': 380, 'max_depth': 17, 'min_samples_split': 2, 'min_samples_leaf': 6}. Best is trial 8 with value: 0.85.
[I 2026-04-21 10:27:10,751] Trial 9 finished with value: 0.5 and parameters: {'n_estimators': 100, 'max_depth': 12, 'min_samples_split': 7, 'min_samples_leaf': 10}. Best is trial 8 with value: 0.85.
[I 2026-04-21 10:27:11,207] Trial 10 finished with value: 0.75 and parameters: {'n_estimators': 406, 'max_depth': 20, 'min_samples_split': 5, 'min_samples_leaf': 5}. Best is trial 8 with value: 0.85.
[I 2026-04-21 10:27:11,624] Trial 11 finished with value: 0.65 and parameters: {'n_estimators': 364, 'max_depth': 16, 'min_samples_split': 10, 'min_samples_leaf': 1}. Best is trial 8 with value: 0.85.
[I 2026-04-21 10:27:12,130] Trial 12 finished with value: 0.8 and parameters: {'n_estimators': 440, 'max_depth': 3, 'min_samples_split': 10, 'min_samples_leaf': 4}. Best is trial 8 with value: 0.85.
[I 2026-04-21 10:27:12,547] Trial 13 finished with value: 0.75 and parameters: {'n_estimators': 347, 'max_depth': 11, 'min_samples_split': 9, 'min_samples_leaf': 1}. Best is trial 8 with value: 0.85.
[I 2026-04-21 10:27:12,996] Trial 14 finished with value: 0.5 and parameters: {'n_estimators': 405, 'max_depth': 10, 'min_samples_split': 6, 'min_samples_leaf': 7}. Best is trial 8 with value: 0.85.
[I 2026-04-21 10:27:13,252] Trial 15 finished with value: 0.7 and parameters: {'n_estimators': 170, 'max_depth': 15, 'min_samples_split': 5, 'min_samples_leaf': 3}. Best is trial 8 with value: 0.85.
[I 2026-04-21 10:27:13,628] Trial 16 finished with value: 0.5 and parameters: {'n_estimators': 306, 'max_depth': 20, 'min_samples_split': 8, 'min_samples_leaf': 8}. Best is trial 8 with value: 0.85.
[I 2026-04-21 10:27:14,303] Trial 17 finished with value: 0.8 and parameters: {'n_estimators': 490, 'max_depth': 3, 'min_samples_split': 6, 'min_samples_leaf': 4}. Best is trial 8 with value: 0.85.
[I 2026-04-21 10:27:14,689] Trial 18 finished with value: 0.75 and parameters: {'n_estimators': 294, 'max_depth': 13, 'min_samples_split': 9, 'min_samples_leaf': 5}. Best is trial 8 with value: 0.85.
[I 2026-04-21 10:27:15,160] Trial 19 finished with value: 0.75 and parameters: {'n_estimators': 393, 'max_depth': 9, 'min_samples_split': 4, 'min_samples_leaf': 2}. Best is trial 8 with value: 0.85.
[I 2026-04-21 10:27:15,367] Trial 20 finished with value: 0.5 and parameters: {'n_estimators': 131, 'max_depth': 17, 'min_samples_split': 7, 'min_samples_leaf': 8}. Best is trial 8 with value: 0.85.
[I 2026-04-21 10:27:15,834] Trial 21 finished with value: 0.8 and parameters: {'n_estimators': 419, 'max_depth': 3, 'min_samples_split': 10, 'min_samples_leaf': 4}. Best is trial 8 with value: 0.85.
[I 2026-04-21 10:27:16,335] Trial 22 finished with value: 0.8 and parameters: {'n_estimators': 456, 'max_depth': 4, 'min_samples_split': 9, 'min_samples_leaf': 4}. Best is trial 8 with value: 0.85.
[I 2026-04-21 10:27:16,847] Trial 23 finished with value: 0.8 and parameters: {'n_estimators': 437, 'max_depth': 5, 'min_samples_split': 10, 'min_samples_leaf': 5}. Best is trial 8 with value: 0.85.
[I 2026-04-21 10:27:17,317] Trial 24 finished with value: 0.7 and parameters: {'n_estimators': 370, 'max_depth': 8, 'min_samples_split': 8, 'min_samples_leaf': 2}. Best is trial 8 with value: 0.85.
[I 2026-04-21 10:27:17,860] Trial 25 finished with value: 0.5 and parameters: {'n_estimators': 452, 'max_depth': 3, 'min_samples_split': 9, 'min_samples_leaf': 7}. Best is trial 8 with value: 0.85.
[I 2026-04-21 10:27:18,271] Trial 26 finished with value: 0.7 and parameters: {'n_estimators': 330, 'max_depth': 5, 'min_samples_split': 10, 'min_samples_leaf': 2}. Best is trial 8 with value: 0.85.
[I 2026-04-21 10:27:18,591] Trial 27 finished with value: 0.8 and parameters: {'n_estimators': 262, 'max_depth': 18, 'min_samples_split': 8, 'min_samples_leaf': 4}. Best is trial 8 with value: 0.85.
[I 2026-04-21 10:27:19,023] Trial 28 finished with value: 0.65 and parameters: {'n_estimators': 381, 'max_depth': 10, 'min_samples_split': 5, 'min_samples_leaf': 6}. Best is trial 8 with value: 0.85.
[I 2026-04-21 10:27:19,497] Trial 29 finished with value: 0.8 and parameters: {'n_estimators': 431, 'max_depth': 18, 'min_samples_split': 3, 'min_samples_leaf': 3}. Best is trial 8 with value: 0.85.
[I 2026-04-21 10:27:20,685] A new study created in memory with name: mlp
[I 2026-04-21 10:27:20,729] Trial 0 finished with value: 0.55 and parameters: {'hidden_layer_sizes': (200,), 'max_iter': 50, 'alpha': 0.001}. Best is trial 0 with value: 0.55.
[I 2026-04-21 10:27:20,785] Trial 1 finished with value: 0.4 and parameters: {'hidden_layer_sizes': (100,), 'max_iter': 100, 'alpha': 0.0001}. Best is trial 0 with value: 0.55.
[I 2026-04-21 10:27:20,849] Trial 2 finished with value: 0.45 and parameters: {'hidden_layer_sizes': (100,), 'max_iter': 100, 'alpha': 0.001}. Best is trial 0 with value: 0.55.
[I 2026-04-21 10:27:20,894] Trial 3 finished with value: 0.45 and parameters: {'hidden_layer_sizes': (200,), 'max_iter': 50, 'alpha': 0.001}. Best is trial 0 with value: 0.55.
[I 2026-04-21 10:27:20,959] Trial 4 finished with value: 0.45 and parameters: {'hidden_layer_sizes': (100,), 'max_iter': 100, 'alpha': 0.0001}. Best is trial 0 with value: 0.55.
[I 2026-04-21 10:27:21,015] Trial 5 finished with value: 0.45 and parameters: {'hidden_layer_sizes': (100,), 'max_iter': 100, 'alpha': 0.001}. Best is trial 0 with value: 0.55.
[I 2026-04-21 10:27:21,100] Trial 6 finished with value: 0.5 and parameters: {'hidden_layer_sizes': (200,), 'max_iter': 100, 'alpha': 0.001}. Best is trial 0 with value: 0.55.
[I 2026-04-21 10:27:21,186] Trial 7 finished with value: 0.4 and parameters: {'hidden_layer_sizes': (200,), 'max_iter': 100, 'alpha': 0.001}. Best is trial 0 with value: 0.55.
[I 2026-04-21 10:27:21,262] Trial 8 finished with value: 0.5 and parameters: {'hidden_layer_sizes': (100,), 'max_iter': 100, 'alpha': 0.001}. Best is trial 0 with value: 0.55.
[I 2026-04-21 10:27:21,297] Trial 9 finished with value: 0.5 and parameters: {'hidden_layer_sizes': (100,), 'max_iter': 50, 'alpha': 0.001}. Best is trial 0 with value: 0.55.
[I 2026-04-21 10:27:21,346] Trial 10 finished with value: 0.6 and parameters: {'hidden_layer_sizes': (100, 100), 'max_iter': 50, 'alpha': 0.0001}. Best is trial 10 with value: 0.6.
[I 2026-04-21 10:27:21,395] Trial 11 finished with value: 0.45 and parameters: {'hidden_layer_sizes': (100, 100), 'max_iter': 50, 'alpha': 0.0001}. Best is trial 10 with value: 0.6.
[I 2026-04-21 10:27:21,443] Trial 12 finished with value: 0.45 and parameters: {'hidden_layer_sizes': (100, 100), 'max_iter': 50, 'alpha': 0.0001}. Best is trial 10 with value: 0.6.
[I 2026-04-21 10:27:21,502] Trial 13 finished with value: 0.45 and parameters: {'hidden_layer_sizes': (100, 100), 'max_iter': 50, 'alpha': 0.0001}. Best is trial 10 with value: 0.6.
[I 2026-04-21 10:27:21,551] Trial 14 finished with value: 0.45 and parameters: {'hidden_layer_sizes': (100, 100), 'max_iter': 50, 'alpha': 0.0001}. Best is trial 10 with value: 0.6.
[I 2026-04-21 10:27:21,599] Trial 15 finished with value: 0.55 and parameters: {'hidden_layer_sizes': (200,), 'max_iter': 50, 'alpha': 0.0001}. Best is trial 10 with value: 0.6.
[I 2026-04-21 10:27:21,646] Trial 16 finished with value: 0.45 and parameters: {'hidden_layer_sizes': (100, 100), 'max_iter': 50, 'alpha': 0.001}. Best is trial 10 with value: 0.6.
[I 2026-04-21 10:27:21,703] Trial 17 finished with value: 0.45 and parameters: {'hidden_layer_sizes': (200,), 'max_iter': 50, 'alpha': 0.0001}. Best is trial 10 with value: 0.6.
[I 2026-04-21 10:27:21,750] Trial 18 finished with value: 0.5 and parameters: {'hidden_layer_sizes': (100, 100), 'max_iter': 50, 'alpha': 0.001}. Best is trial 10 with value: 0.6.
[I 2026-04-21 10:27:21,795] Trial 19 finished with value: 0.55 and parameters: {'hidden_layer_sizes': (200,), 'max_iter': 50, 'alpha': 0.0001}. Best is trial 10 with value: 0.6.
[I 2026-04-21 10:27:21,839] Trial 20 finished with value: 0.4 and parameters: {'hidden_layer_sizes': (100, 100), 'max_iter': 50, 'alpha': 0.0001}. Best is trial 10 with value: 0.6.
[I 2026-04-21 10:27:21,873] Trial 21 finished with value: 0.5 and parameters: {'hidden_layer_sizes': (200,), 'max_iter': 50, 'alpha': 0.0001}. Best is trial 10 with value: 0.6.
[I 2026-04-21 10:27:21,917] Trial 22 finished with value: 0.45 and parameters: {'hidden_layer_sizes': (200,), 'max_iter': 50, 'alpha': 0.0001}. Best is trial 10 with value: 0.6.
[I 2026-04-21 10:27:21,962] Trial 23 finished with value: 0.45 and parameters: {'hidden_layer_sizes': (200,), 'max_iter': 50, 'alpha': 0.0001}. Best is trial 10 with value: 0.6.
[I 2026-04-21 10:27:22,009] Trial 24 finished with value: 0.45 and parameters: {'hidden_layer_sizes': (200,), 'max_iter': 50, 'alpha': 0.0001}. Best is trial 10 with value: 0.6.
[I 2026-04-21 10:27:22,056] Trial 25 finished with value: 0.45 and parameters: {'hidden_layer_sizes': (200,), 'max_iter': 50, 'alpha': 0.0001}. Best is trial 10 with value: 0.6.
[I 2026-04-21 10:27:22,104] Trial 26 finished with value: 0.45 and parameters: {'hidden_layer_sizes': (200,), 'max_iter': 50, 'alpha': 0.001}. Best is trial 10 with value: 0.6.
[I 2026-04-21 10:27:22,151] Trial 27 finished with value: 0.45 and parameters: {'hidden_layer_sizes': (100, 100), 'max_iter': 50, 'alpha': 0.0001}. Best is trial 10 with value: 0.6.
[I 2026-04-21 10:27:22,198] Trial 28 finished with value: 0.45 and parameters: {'hidden_layer_sizes': (200,), 'max_iter': 50, 'alpha': 0.001}. Best is trial 10 with value: 0.6.
[I 2026-04-21 10:27:22,256] Trial 29 finished with value: 0.45 and parameters: {'hidden_layer_sizes': (100, 100), 'max_iter': 50, 'alpha': 0.0001}. Best is trial 10 with value: 0.6.
[I 2026-04-21 10:27:22,865] A new study created in memory with name: svc
[I 2026-04-21 10:27:22,879] Trial 0 finished with value: 0.4 and parameters: {'C': 0.07726319876517104, 'gamma': 0.3040389504793042}. Best is trial 0 with value: 0.4.
[I 2026-04-21 10:27:22,892] Trial 1 finished with value: 0.4 and parameters: {'C': 0.06712381339142241, 'gamma': 0.47254549996710477}. Best is trial 0 with value: 0.4.
[I 2026-04-21 10:27:22,905] Trial 2 finished with value: 0.35 and parameters: {'C': 0.8987621100554035, 'gamma': 0.027988231123708972}. Best is trial 0 with value: 0.4.
[I 2026-04-21 10:27:22,917] Trial 3 finished with value: 0.3 and parameters: {'C': 11.5779435007655, 'gamma': 0.011848734045499056}. Best is trial 0 with value: 0.4.
[I 2026-04-21 10:27:22,930] Trial 4 finished with value: 0.75 and parameters: {'C': 0.1538870258903583, 'gamma': 0.0005634883151169033}. Best is trial 4 with value: 0.75.
[I 2026-04-21 10:27:22,943] Trial 5 finished with value: 0.35 and parameters: {'C': 0.021036092656561454, 'gamma': 0.08990030906808326}. Best is trial 4 with value: 0.75.
[I 2026-04-21 10:27:22,956] Trial 6 finished with value: 0.75 and parameters: {'C': 0.5824208201678516, 'gamma': 0.00042977333932534993}. Best is trial 4 with value: 0.75.
[I 2026-04-21 10:27:22,970] Trial 7 finished with value: 0.5 and parameters: {'C': 33.09391330085814, 'gamma': 0.001248377256719358}. Best is trial 4 with value: 0.75.
[I 2026-04-21 10:27:22,984] Trial 8 finished with value: 0.65 and parameters: {'C': 0.45387898639622015, 'gamma': 0.0015286910781809498}. Best is trial 4 with value: 0.75.
[I 2026-04-21 10:27:22,997] Trial 9 finished with value: 0.3 and parameters: {'C': 3.274550070431994, 'gamma': 0.02086177421469992}. Best is trial 4 with value: 0.75.
[I 2026-04-21 10:27:23,019] Trial 10 finished with value: 0.7 and parameters: {'C': 0.01015031429029542, 'gamma': 0.00010813284331811526}. Best is trial 4 with value: 0.75.
[I 2026-04-21 10:27:23,040] Trial 11 finished with value: 0.7 and parameters: {'C': 0.2946546726762962, 'gamma': 0.000192696939064797}. Best is trial 4 with value: 0.75.
[I 2026-04-21 10:27:23,061] Trial 12 finished with value: 0.55 and parameters: {'C': 2.9648182303354678, 'gamma': 0.0011563341942962047}. Best is trial 4 with value: 0.75.
[I 2026-04-21 10:27:23,085] Trial 13 finished with value: 0.7 and parameters: {'C': 0.16280907414611331, 'gamma': 0.00038377823379388923}. Best is trial 4 with value: 0.75.
[I 2026-04-21 10:27:23,107] Trial 14 finished with value: 0.55 and parameters: {'C': 2.4218760021536427, 'gamma': 0.0032537811548427023}. Best is trial 4 with value: 0.75.
[I 2026-04-21 10:27:23,134] Trial 15 finished with value: 0.7 and parameters: {'C': 0.0664538826788088, 'gamma': 0.0005193501979899485}. Best is trial 4 with value: 0.75.
[I 2026-04-21 10:27:23,155] Trial 16 finished with value: 0.6 and parameters: {'C': 1.1898268486188273, 'gamma': 0.0025654002897082823}. Best is trial 4 with value: 0.75.
[I 2026-04-21 10:27:23,178] Trial 17 finished with value: 0.4 and parameters: {'C': 10.925526376097588, 'gamma': 0.0059603957535583315}. Best is trial 4 with value: 0.75.
[I 2026-04-21 10:27:23,202] Trial 18 finished with value: 0.7 and parameters: {'C': 0.1691641156930074, 'gamma': 0.00043494340597700513}. Best is trial 4 with value: 0.75.
[I 2026-04-21 10:27:23,226] Trial 19 finished with value: 0.7 and parameters: {'C': 0.6190876787824239, 'gamma': 0.0001500028787036726}. Best is trial 4 with value: 0.75.
[I 2026-04-21 10:27:23,248] Trial 20 finished with value: 0.75 and parameters: {'C': 0.02505753974770936, 'gamma': 0.0007496908360759289}. Best is trial 4 with value: 0.75.
[I 2026-04-21 10:27:23,280] Trial 21 finished with value: 0.75 and parameters: {'C': 0.024088448067197007, 'gamma': 0.000736068064595007}. Best is trial 4 with value: 0.75.
[I 2026-04-21 10:27:23,303] Trial 22 finished with value: 0.7 and parameters: {'C': 0.1790694188248154, 'gamma': 0.0003371566381041062}. Best is trial 4 with value: 0.75.
[I 2026-04-21 10:27:23,324] Trial 23 finished with value: 0.45 and parameters: {'C': 0.029828835066070036, 'gamma': 0.0054799454436953105}. Best is trial 4 with value: 0.75.
[I 2026-04-21 10:27:23,346] Trial 24 finished with value: 0.7 and parameters: {'C': 0.012075054074995338, 'gamma': 0.00023898338024727652}. Best is trial 4 with value: 0.75.
[I 2026-04-21 10:27:23,381] Trial 25 finished with value: 0.75 and parameters: {'C': 0.08083529856147373, 'gamma': 0.0007684419252251294}. Best is trial 4 with value: 0.75.
[I 2026-04-21 10:27:23,404] Trial 26 finished with value: 0.65 and parameters: {'C': 0.04223805272930546, 'gamma': 0.002082137648717308}. Best is trial 4 with value: 0.75.
[I 2026-04-21 10:27:23,427] Trial 27 finished with value: 0.5 and parameters: {'C': 0.2522201723946454, 'gamma': 0.004300065526713922}. Best is trial 4 with value: 0.75.
[I 2026-04-21 10:27:23,447] Trial 28 finished with value: 0.65 and parameters: {'C': 1.2812352592860132, 'gamma': 0.0007714971146617756}. Best is trial 4 with value: 0.75.
[I 2026-04-21 10:27:23,473] Trial 29 finished with value: 0.7 and parameters: {'C': 0.10791205288987672, 'gamma': 0.00024219862159046354}. Best is trial 4 with value: 0.75.
[I 2026-04-21 10:28:17,098] A new study created in memory with name: naive_bayes
[I 2026-04-21 10:28:17,111] Trial 0 finished with value: 0.45 and parameters: {'var_smoothing': 2.7796258518939306e-10}. Best is trial 0 with value: 0.45.
[I 2026-04-21 10:28:17,125] Trial 1 finished with value: 0.45 and parameters: {'var_smoothing': 5.513972710118387e-09}. Best is trial 0 with value: 0.45.
[I 2026-04-21 10:28:17,138] Trial 2 finished with value: 0.45 and parameters: {'var_smoothing': 2.590826381512706e-10}. Best is trial 0 with value: 0.45.
[I 2026-04-21 10:28:17,162] Trial 3 finished with value: 0.45 and parameters: {'var_smoothing': 6.874194498027403e-09}. Best is trial 0 with value: 0.45.
[I 2026-04-21 10:28:17,175] Trial 4 finished with value: 0.45 and parameters: {'var_smoothing': 9.480306482679771e-10}. Best is trial 0 with value: 0.45.
[I 2026-04-21 10:28:17,188] Trial 5 finished with value: 0.45 and parameters: {'var_smoothing': 1.6729683536668864e-09}. Best is trial 0 with value: 0.45.
[I 2026-04-21 10:28:17,202] Trial 6 finished with value: 0.45 and parameters: {'var_smoothing': 3.402637726935598e-09}. Best is trial 0 with value: 0.45.
[I 2026-04-21 10:28:17,214] Trial 7 finished with value: 0.45 and parameters: {'var_smoothing': 1.0885189040847657e-09}. Best is trial 0 with value: 0.45.
[I 2026-04-21 10:28:17,227] Trial 8 finished with value: 0.45 and parameters: {'var_smoothing': 3.922843686541149e-10}. Best is trial 0 with value: 0.45.
[I 2026-04-21 10:28:17,240] Trial 9 finished with value: 0.45 and parameters: {'var_smoothing': 2.3737908819373785e-10}. Best is trial 0 with value: 0.45.
[I 2026-04-21 10:28:17,257] Trial 10 finished with value: 0.45 and parameters: {'var_smoothing': 1.005826617097841e-10}. Best is trial 0 with value: 0.45.
[I 2026-04-21 10:28:17,276] Trial 11 finished with value: 0.45 and parameters: {'var_smoothing': 8.246040091550826e-09}. Best is trial 0 with value: 0.45.
[I 2026-04-21 10:28:17,296] Trial 12 finished with value: 0.45 and parameters: {'var_smoothing': 5.714429769091136e-10}. Best is trial 0 with value: 0.45.
[I 2026-04-21 10:28:17,312] Trial 13 finished with value: 0.45 and parameters: {'var_smoothing': 3.0046394488828834e-09}. Best is trial 0 with value: 0.45.
[I 2026-04-21 10:28:17,332] Trial 14 finished with value: 0.45 and parameters: {'var_smoothing': 1.0161521526134228e-10}. Best is trial 0 with value: 0.45.
[I 2026-04-21 10:28:17,352] Trial 15 finished with value: 0.45 and parameters: {'var_smoothing': 3.455011319435438e-09}. Best is trial 0 with value: 0.45.
[I 2026-04-21 10:28:17,372] Trial 16 finished with value: 0.45 and parameters: {'var_smoothing': 2.2038800241203009e-10}. Best is trial 0 with value: 0.45.
[I 2026-04-21 10:28:17,391] Trial 17 finished with value: 0.45 and parameters: {'var_smoothing': 1.8515987176145925e-09}. Best is trial 0 with value: 0.45.
[I 2026-04-21 10:28:17,411] Trial 18 finished with value: 0.45 and parameters: {'var_smoothing': 5.024285700153026e-10}. Best is trial 0 with value: 0.45.
[I 2026-04-21 10:28:17,431] Trial 19 finished with value: 0.45 and parameters: {'var_smoothing': 4.958025424412893e-09}. Best is trial 0 with value: 0.45.
[I 2026-04-21 10:28:17,451] Trial 20 finished with value: 0.45 and parameters: {'var_smoothing': 8.344000526157384e-10}. Best is trial 0 with value: 0.45.
[I 2026-04-21 10:28:17,471] Trial 21 finished with value: 0.45 and parameters: {'var_smoothing': 2.46080689865309e-10}. Best is trial 0 with value: 0.45.
[I 2026-04-21 10:28:17,501] Trial 22 finished with value: 0.45 and parameters: {'var_smoothing': 1.4445108350594728e-10}. Best is trial 0 with value: 0.45.
[I 2026-04-21 10:28:17,531] Trial 23 finished with value: 0.45 and parameters: {'var_smoothing': 3.3715577896606737e-10}. Best is trial 0 with value: 0.45.
[I 2026-04-21 10:28:17,549] Trial 24 finished with value: 0.45 and parameters: {'var_smoothing': 1.572466431855027e-10}. Best is trial 0 with value: 0.45.
[I 2026-04-21 10:28:17,568] Trial 25 finished with value: 0.45 and parameters: {'var_smoothing': 7.281746293576245e-10}. Best is trial 0 with value: 0.45.
[I 2026-04-21 10:28:17,585] Trial 26 finished with value: 0.45 and parameters: {'var_smoothing': 3.386254640873244e-10}. Best is trial 0 with value: 0.45.
