[I 2026-04-21 10:32:37,451] Trial 17 finished with value: 0.5 and parameters: {'n_estimators': 100, 'max_depth': 30, 'gamma': 0.4606149120715663, 'subsample': 0.8554588769209791, 'colsample_bytree': 0.9933840889987662}. Best is trial 2 with value: 0.6.
[I 2026-04-21 10:32:37,500] Trial 18 finished with value: 0.45 and parameters: {'n_estimators': 100, 'max_depth': 20, 'gamma': 0.22204603961718666, 'subsample': 0.9150648738044472, 'colsample_bytree': 0.6532994909286872}. Best is trial 2 with value: 0.6.
[I 2026-04-21 10:32:37,542] Trial 19 finished with value: 0.55 and parameters: {'n_estimators': 10, 'max_depth': 5, 'gamma': 0.8066173901708182, 'subsample': 0.7335816818616474, 'colsample_bytree': 0.5567402515267004}. Best is trial 2 with value: 0.6.
[I 2026-04-21 10:32:37,589] Trial 20 finished with value: 0.4 and parameters: {'n_estimators': 100, 'max_depth': 30, 'gamma': 0.6397877373108088, 'subsample': 0.6744541272659402, 'colsample_bytree': 0.7723977728913606}. Best is trial 2 with value: 0.6.
[I 2026-04-21 10:32:37,636] Trial 21 finished with value: 0.5 and parameters: {'n_estimators': 100, 'max_depth': 5, 'gamma': 0.10884944353746728, 'subsample': 0.8304949444555636, 'colsample_bytree': 0.6187619658712229}. Best is trial 2 with value: 0.6.
[I 2026-04-21 10:32:37,686] Trial 22 finished with value: 0.55 and parameters: {'n_estimators': 100, 'max_depth': 5, 'gamma': 0.2081204083379085, 'subsample': 0.8492334964057642, 'colsample_bytree': 0.5510430826618797}. Best is trial 2 with value: 0.6.
[I 2026-04-21 10:32:37,754] Trial 23 finished with value: 0.45 and parameters: {'n_estimators': 100, 'max_depth': 5, 'gamma': 0.23689504069509762, 'subsample': 0.7708356359772847, 'colsample_bytree': 0.6411560693745514}. Best is trial 2 with value: 0.6.
[I 2026-04-21 10:32:37,794] Trial 24 finished with value: 0.45 and parameters: {'n_estimators': 100, 'max_depth': 5, 'gamma': 0.3856854902670922, 'subsample': 0.931148175495635, 'colsample_bytree': 0.5439878032463623}. Best is trial 2 with value: 0.6.
[I 2026-04-21 10:32:37,834] Trial 25 finished with value: 0.55 and parameters: {'n_estimators': 10, 'max_depth': 5, 'gamma': 0.15996922344626763, 'subsample': 0.8256740155144464, 'colsample_bytree': 0.587626061777404}. Best is trial 2 with value: 0.6.
[I 2026-04-21 10:32:37,886] Trial 26 finished with value: 0.5 and parameters: {'n_estimators': 100, 'max_depth': 20, 'gamma': 0.4051667801633429, 'subsample': 0.8725901136108828, 'colsample_bytree': 0.6888547195763509}. Best is trial 2 with value: 0.6.
[I 2026-04-21 10:32:37,929] Trial 27 finished with value: 0.5 and parameters: {'n_estimators': 100, 'max_depth': 5, 'gamma': 0.5229865964102105, 'subsample': 0.9555258861983376, 'colsample_bytree': 0.5270547267381975}. Best is trial 2 with value: 0.6.
[I 2026-04-21 10:32:37,969] Trial 28 finished with value: 0.5 and parameters: {'n_estimators': 40, 'max_depth': 30, 'gamma': 0.27722686978366895, 'subsample': 0.7146146726069149, 'colsample_bytree': 0.6207707195840197}. Best is trial 2 with value: 0.6.
[I 2026-04-21 10:32:38,007] Trial 29 finished with value: 0.5 and parameters: {'n_estimators': 10, 'max_depth': 20, 'gamma': 0.5581758051883761, 'subsample': 0.7496226299092197, 'colsample_bytree': 0.6734547809992187}. Best is trial 2 with value: 0.6.
[I 2026-04-21 10:32:38,285] A new study created in memory with name: rf
[I 2026-04-21 10:32:38,825] Trial 0 finished with value: 0.45 and parameters: {'n_estimators': 458, 'max_depth': 8, 'min_samples_split': 9, 'min_samples_leaf': 1}. Best is trial 0 with value: 0.45.
[I 2026-04-21 10:32:39,043] Trial 1 finished with value: 0.6 and parameters: {'n_estimators': 143, 'max_depth': 13, 'min_samples_split': 6, 'min_samples_leaf': 5}. Best is trial 1 with value: 0.6.
[I 2026-04-21 10:32:39,311] Trial 2 finished with value: 0.5 and parameters: {'n_estimators': 234, 'max_depth': 14, 'min_samples_split': 5, 'min_samples_leaf': 8}. Best is trial 1 with value: 0.6.
[I 2026-04-21 10:32:39,669] Trial 3 finished with value: 0.5 and parameters: {'n_estimators': 307, 'max_depth': 13, 'min_samples_split': 7, 'min_samples_leaf': 10}. Best is trial 1 with value: 0.6.
[I 2026-04-21 10:32:40,158] Trial 4 finished with value: 0.5 and parameters: {'n_estimators': 428, 'max_depth': 10, 'min_samples_split': 9, 'min_samples_leaf': 9}. Best is trial 1 with value: 0.6.
[I 2026-04-21 10:32:40,325] Trial 5 finished with value: 0.5 and parameters: {'n_estimators': 121, 'max_depth': 15, 'min_samples_split': 9, 'min_samples_leaf': 8}. Best is trial 1 with value: 0.6.
[I 2026-04-21 10:32:40,735] Trial 6 finished with value: 0.5 and parameters: {'n_estimators': 384, 'max_depth': 12, 'min_samples_split': 3, 'min_samples_leaf': 10}. Best is trial 1 with value: 0.6.
[I 2026-04-21 10:32:41,062] Trial 7 finished with value: 0.5 and parameters: {'n_estimators': 261, 'max_depth': 6, 'min_samples_split': 8, 'min_samples_leaf': 10}. Best is trial 1 with value: 0.6.
[I 2026-04-21 10:32:41,329] Trial 8 finished with value: 0.5 and parameters: {'n_estimators': 202, 'max_depth': 15, 'min_samples_split': 7, 'min_samples_leaf': 8}. Best is trial 1 with value: 0.6.
[I 2026-04-21 10:32:41,840] Trial 9 finished with value: 0.5 and parameters: {'n_estimators': 475, 'max_depth': 9, 'min_samples_split': 4, 'min_samples_leaf': 5}. Best is trial 1 with value: 0.6.
[I 2026-04-21 10:32:42,026] Trial 10 finished with value: 0.45 and parameters: {'n_estimators': 135, 'max_depth': 20, 'min_samples_split': 2, 'min_samples_leaf': 4}. Best is trial 1 with value: 0.6.
[I 2026-04-21 10:32:42,265] Trial 11 finished with value: 0.5 and parameters: {'n_estimators': 213, 'max_depth': 18, 'min_samples_split': 5, 'min_samples_leaf': 6}. Best is trial 1 with value: 0.6.
[I 2026-04-21 10:32:42,505] Trial 12 finished with value: 0.45 and parameters: {'n_estimators': 183, 'max_depth': 16, 'min_samples_split': 5, 'min_samples_leaf': 3}. Best is trial 1 with value: 0.6.
[I 2026-04-21 10:32:42,942] Trial 13 finished with value: 0.5 and parameters: {'n_estimators': 303, 'max_depth': 3, 'min_samples_split': 6, 'min_samples_leaf': 7}. Best is trial 1 with value: 0.6.
[I 2026-04-21 10:32:43,249] Trial 14 finished with value: 0.5 and parameters: {'n_estimators': 252, 'max_depth': 13, 'min_samples_split': 5, 'min_samples_leaf': 6}. Best is trial 1 with value: 0.6.
[I 2026-04-21 10:32:43,466] Trial 15 finished with value: 0.5 and parameters: {'n_estimators': 157, 'max_depth': 17, 'min_samples_split': 6, 'min_samples_leaf': 3}. Best is trial 1 with value: 0.6.
[I 2026-04-21 10:32:43,615] Trial 16 finished with value: 0.5 and parameters: {'n_estimators': 101, 'max_depth': 11, 'min_samples_split': 4, 'min_samples_leaf': 7}. Best is trial 1 with value: 0.6.
[I 2026-04-21 10:32:44,041] Trial 17 finished with value: 0.55 and parameters: {'n_estimators': 339, 'max_depth': 14, 'min_samples_split': 7, 'min_samples_leaf': 5}. Best is trial 1 with value: 0.6.
[I 2026-04-21 10:32:44,513] Trial 18 finished with value: 0.55 and parameters: {'n_estimators': 352, 'max_depth': 19, 'min_samples_split': 7, 'min_samples_leaf': 4}. Best is trial 1 with value: 0.6.
[I 2026-04-21 10:32:44,940] Trial 19 finished with value: 0.45 and parameters: {'n_estimators': 357, 'max_depth': 7, 'min_samples_split': 10, 'min_samples_leaf': 1}. Best is trial 1 with value: 0.6.
[I 2026-04-21 10:32:45,409] Trial 20 finished with value: 0.45 and parameters: {'n_estimators': 390, 'max_depth': 5, 'min_samples_split': 8, 'min_samples_leaf': 5}. Best is trial 1 with value: 0.6.
[I 2026-04-21 10:32:45,813] Trial 21 finished with value: 0.45 and parameters: {'n_estimators': 338, 'max_depth': 20, 'min_samples_split': 7, 'min_samples_leaf': 4}. Best is trial 1 with value: 0.6.
[I 2026-04-21 10:32:46,152] Trial 22 finished with value: 0.45 and parameters: {'n_estimators': 277, 'max_depth': 18, 'min_samples_split': 7, 'min_samples_leaf': 3}. Best is trial 1 with value: 0.6.
[I 2026-04-21 10:32:46,549] Trial 23 finished with value: 0.45 and parameters: {'n_estimators': 335, 'max_depth': 18, 'min_samples_split': 8, 'min_samples_leaf': 4}. Best is trial 1 with value: 0.6.
[I 2026-04-21 10:32:47,037] Trial 24 finished with value: 0.5 and parameters: {'n_estimators': 408, 'max_depth': 11, 'min_samples_split': 6, 'min_samples_leaf': 5}. Best is trial 1 with value: 0.6.
[I 2026-04-21 10:32:47,448] Trial 25 finished with value: 0.45 and parameters: {'n_estimators': 356, 'max_depth': 16, 'min_samples_split': 7, 'min_samples_leaf': 2}. Best is trial 1 with value: 0.6.
[I 2026-04-21 10:32:47,787] Trial 26 finished with value: 0.5 and parameters: {'n_estimators': 289, 'max_depth': 13, 'min_samples_split': 8, 'min_samples_leaf': 6}. Best is trial 1 with value: 0.6.
[I 2026-04-21 10:32:48,145] Trial 27 finished with value: 0.45 and parameters: {'n_estimators': 320, 'max_depth': 19, 'min_samples_split': 6, 'min_samples_leaf': 4}. Best is trial 1 with value: 0.6.
[I 2026-04-21 10:32:48,593] Trial 28 finished with value: 0.45 and parameters: {'n_estimators': 373, 'max_depth': 15, 'min_samples_split': 4, 'min_samples_leaf': 2}. Best is trial 1 with value: 0.6.
[I 2026-04-21 10:32:49,313] Trial 29 finished with value: 0.5 and parameters: {'n_estimators': 500, 'max_depth': 9, 'min_samples_split': 10, 'min_samples_leaf': 7}. Best is trial 1 with value: 0.6.
[I 2026-04-21 10:32:49,706] A new study created in memory with name: mlp
[I 2026-04-21 10:32:49,780] Trial 0 finished with value: 0.35 and parameters: {'hidden_layer_sizes': (100,), 'max_iter': 100, 'alpha': 0.0001}. Best is trial 0 with value: 0.35.
[I 2026-04-21 10:32:49,885] Trial 1 finished with value: 0.35 and parameters: {'hidden_layer_sizes': (100, 100), 'max_iter': 100, 'alpha': 0.001}. Best is trial 0 with value: 0.35.
[I 2026-04-21 10:32:49,960] Trial 2 finished with value: 0.35 and parameters: {'hidden_layer_sizes': (200,), 'max_iter': 100, 'alpha': 0.0001}. Best is trial 0 with value: 0.35.
[I 2026-04-21 10:32:50,017] Trial 3 finished with value: 0.45 and parameters: {'hidden_layer_sizes': (200,), 'max_iter': 50, 'alpha': 0.001}. Best is trial 3 with value: 0.45.
[I 2026-04-21 10:32:50,072] Trial 4 finished with value: 0.45 and parameters: {'hidden_layer_sizes': (100, 100), 'max_iter': 50, 'alpha': 0.0001}. Best is trial 3 with value: 0.45.
[I 2026-04-21 10:32:50,146] Trial 5 finished with value: 0.35 and parameters: {'hidden_layer_sizes': (200,), 'max_iter': 100, 'alpha': 0.0001}. Best is trial 3 with value: 0.45.
[I 2026-04-21 10:32:50,213] Trial 6 finished with value: 0.35 and parameters: {'hidden_layer_sizes': (200,), 'max_iter': 100, 'alpha': 0.001}. Best is trial 3 with value: 0.45.
[I 2026-04-21 10:32:50,268] Trial 7 finished with value: 0.4 and parameters: {'hidden_layer_sizes': (100,), 'max_iter': 100, 'alpha': 0.001}. Best is trial 3 with value: 0.45.
[I 2026-04-21 10:32:50,345] Trial 8 finished with value: 0.35 and parameters: {'hidden_layer_sizes': (100, 100), 'max_iter': 100, 'alpha': 0.0001}. Best is trial 3 with value: 0.45.
[I 2026-04-21 10:32:50,411] Trial 9 finished with value: 0.35 and parameters: {'hidden_layer_sizes': (200,), 'max_iter': 100, 'alpha': 0.0001}. Best is trial 3 with value: 0.45.
[I 2026-04-21 10:32:50,460] Trial 10 finished with value: 0.4 and parameters: {'hidden_layer_sizes': (200,), 'max_iter': 50, 'alpha': 0.001}. Best is trial 3 with value: 0.45.
[I 2026-04-21 10:32:50,511] Trial 11 finished with value: 0.4 and parameters: {'hidden_layer_sizes': (100, 100), 'max_iter': 50, 'alpha': 0.001}. Best is trial 3 with value: 0.45.
[I 2026-04-21 10:32:50,569] Trial 12 finished with value: 0.45 and parameters: {'hidden_layer_sizes': (100, 100), 'max_iter': 50, 'alpha': 0.001}. Best is trial 3 with value: 0.45.
[I 2026-04-21 10:32:50,619] Trial 13 finished with value: 0.35 and parameters: {'hidden_layer_sizes': (100, 100), 'max_iter': 50, 'alpha': 0.0001}. Best is trial 3 with value: 0.45.
[I 2026-04-21 10:32:50,671] Trial 14 finished with value: 0.45 and parameters: {'hidden_layer_sizes': (100,), 'max_iter': 50, 'alpha': 0.0001}. Best is trial 3 with value: 0.45.
[I 2026-04-21 10:32:50,720] Trial 15 finished with value: 0.45 and parameters: {'hidden_layer_sizes': (200,), 'max_iter': 50, 'alpha': 0.001}. Best is trial 3 with value: 0.45.
[I 2026-04-21 10:32:50,777] Trial 16 finished with value: 0.35 and parameters: {'hidden_layer_sizes': (100, 100), 'max_iter': 50, 'alpha': 0.001}. Best is trial 3 with value: 0.45.
[I 2026-04-21 10:32:50,828] Trial 17 finished with value: 0.4 and parameters: {'hidden_layer_sizes': (100, 100), 'max_iter': 50, 'alpha': 0.0001}. Best is trial 3 with value: 0.45.
[I 2026-04-21 10:32:50,866] Trial 18 finished with value: 0.4 and parameters: {'hidden_layer_sizes': (200,), 'max_iter': 50, 'alpha': 0.0001}. Best is trial 3 with value: 0.45.
[I 2026-04-21 10:32:50,900] Trial 19 finished with value: 0.4 and parameters: {'hidden_layer_sizes': (100,), 'max_iter': 50, 'alpha': 0.001}. Best is trial 3 with value: 0.45.
[I 2026-04-21 10:32:50,945] Trial 20 finished with value: 0.3 and parameters: {'hidden_layer_sizes': (100, 100), 'max_iter': 50, 'alpha': 0.0001}. Best is trial 3 with value: 0.45.
[I 2026-04-21 10:32:51,000] Trial 21 finished with value: 0.45 and parameters: {'hidden_layer_sizes': (100, 100), 'max_iter': 50, 'alpha': 0.001}. Best is trial 3 with value: 0.45.
[I 2026-04-21 10:32:51,070] Trial 22 finished with value: 0.4 and parameters: {'hidden_layer_sizes': (100, 100), 'max_iter': 50, 'alpha': 0.001}. Best is trial 3 with value: 0.45.
[I 2026-04-21 10:32:51,115] Trial 23 finished with value: 0.35 and parameters: {'hidden_layer_sizes': (100, 100), 'max_iter': 50, 'alpha': 0.001}. Best is trial 3 with value: 0.45.
[I 2026-04-21 10:32:51,163] Trial 24 finished with value: 0.45 and parameters: {'hidden_layer_sizes': (100, 100), 'max_iter': 50, 'alpha': 0.001}. Best is trial 3 with value: 0.45.
[I 2026-04-21 10:32:51,220] Trial 25 finished with value: 0.4 and parameters: {'hidden_layer_sizes': (200,), 'max_iter': 50, 'alpha': 0.001}. Best is trial 3 with value: 0.45.
[I 2026-04-21 10:32:51,275] Trial 26 finished with value: 0.4 and parameters: {'hidden_layer_sizes': (100, 100), 'max_iter': 50, 'alpha': 0.001}. Best is trial 3 with value: 0.45.
[I 2026-04-21 10:32:51,330] Trial 27 finished with value: 0.4 and parameters: {'hidden_layer_sizes': (100, 100), 'max_iter': 50, 'alpha': 0.001}. Best is trial 3 with value: 0.45.
[I 2026-04-21 10:32:51,374] Trial 28 finished with value: 0.4 and parameters: {'hidden_layer_sizes': (100,), 'max_iter': 50, 'alpha': 0.0001}. Best is trial 3 with value: 0.45.
[I 2026-04-21 10:32:51,447] Trial 29 finished with value: 0.4 and parameters: {'hidden_layer_sizes': (200,), 'max_iter': 50, 'alpha': 0.0001}. Best is trial 3 with value: 0.45.
[I 2026-04-21 10:32:52,683] A new study created in memory with name: svc
[I 2026-04-21 10:32:52,698] Trial 0 finished with value: 0.5 and parameters: {'C': 37.27697013499731, 'gamma': 0.0021277432488243223}. Best is trial 0 with value: 0.5.
[I 2026-04-21 10:32:52,713] Trial 1 finished with value: 0.55 and parameters: {'C': 19.271543171162776, 'gamma': 0.00014682043379470554}. Best is trial 1 with value: 0.55.
[I 2026-04-21 10:32:52,727] Trial 2 finished with value: 0.45 and parameters: {'C': 0.0269542169583157, 'gamma': 0.023999835049635022}. Best is trial 1 with value: 0.55.
[I 2026-04-21 10:32:52,741] Trial 3 finished with value: 0.55 and parameters: {'C': 1.3160410886450586, 'gamma': 0.0047340159215720195}. Best is trial 1 with value: 0.55.
[I 2026-04-21 10:32:52,756] Trial 4 finished with value: 0.45 and parameters: {'C': 0.21959952535674737, 'gamma': 0.030908485742507576}. Best is trial 1 with value: 0.55.
[I 2026-04-21 10:32:52,771] Trial 5 finished with value: 0.35 and parameters: {'C': 0.5656733313644114, 'gamma': 0.08780685564625502}. Best is trial 1 with value: 0.55.
[I 2026-04-21 10:32:52,786] Trial 6 finished with value: 0.45 and parameters: {'C': 1.1807165425157664, 'gamma': 0.020674470756231633}. Best is trial 1 with value: 0.55.
[I 2026-04-21 10:32:52,801] Trial 7 finished with value: 0.3 and parameters: {'C': 3.8143486186647126, 'gamma': 0.9138966502602072}. Best is trial 1 with value: 0.55.
[I 2026-04-21 10:32:52,817] Trial 8 finished with value: 0.5 and parameters: {'C': 19.029737066374768, 'gamma': 0.004495766421289856}. Best is trial 1 with value: 0.55.
[I 2026-04-21 10:32:52,833] Trial 9 finished with value: 0.35 and parameters: {'C': 31.994153257994277, 'gamma': 0.19725941020937518}. Best is trial 1 with value: 0.55.
[I 2026-04-21 10:32:52,857] Trial 10 finished with value: 0.4 and parameters: {'C': 96.48544976930573, 'gamma': 0.00012227600695838894}. Best is trial 1 with value: 0.55.
[I 2026-04-21 10:32:52,885] Trial 11 finished with value: 0.55 and parameters: {'C': 7.068062192778911, 'gamma': 0.0003125284108647278}. Best is trial 1 with value: 0.55.
[I 2026-04-21 10:32:52,911] Trial 12 finished with value: 0.55 and parameters: {'C': 0.06594156893697074, 'gamma': 0.0009407708153906166}. Best is trial 1 with value: 0.55.
[I 2026-04-21 10:32:52,937] Trial 13 finished with value: 0.55 and parameters: {'C': 2.853141131071718, 'gamma': 0.0006355305868208294}. Best is trial 1 with value: 0.55.
[I 2026-04-21 10:32:52,962] Trial 14 finished with value: 0.55 and parameters: {'C': 0.3757952099473933, 'gamma': 0.004790999849094532}. Best is trial 1 with value: 0.55.
[I 2026-04-21 10:32:52,988] Trial 15 finished with value: 0.55 and parameters: {'C': 11.032684905444684, 'gamma': 0.00019044670322666243}. Best is trial 1 with value: 0.55.
[I 2026-04-21 10:32:53,016] Trial 16 finished with value: 0.55 and parameters: {'C': 1.8641672130707037, 'gamma': 0.0009975832430269137}. Best is trial 1 with value: 0.55.
[I 2026-04-21 10:32:53,055] Trial 17 finished with value: 0.55 and parameters: {'C': 0.12644393445497396, 'gamma': 0.006612135269221097}. Best is trial 1 with value: 0.55.
[I 2026-04-21 10:32:53,081] Trial 18 finished with value: 0.5 and parameters: {'C': 66.51303879653196, 'gamma': 0.0019481683033596602}. Best is trial 1 with value: 0.55.
[I 2026-04-21 10:32:53,105] Trial 19 finished with value: 0.55 and parameters: {'C': 0.013103877820334748, 'gamma': 0.00037927444840913196}. Best is trial 1 with value: 0.55.
[I 2026-04-21 10:32:53,129] Trial 20 finished with value: 0.55 and parameters: {'C': 4.707286255868188, 'gamma': 0.00010742557762883696}. Best is trial 1 with value: 0.55.
[I 2026-04-21 10:32:53,164] Trial 21 finished with value: 0.55 and parameters: {'C': 12.109554410355392, 'gamma': 0.0003222877895772264}. Best is trial 1 with value: 0.55.
[I 2026-04-21 10:32:53,190] Trial 22 finished with value: 0.55 and parameters: {'C': 9.244433472191588, 'gamma': 0.0002872344740063589}. Best is trial 1 with value: 0.55.
[I 2026-04-21 10:32:53,215] Trial 23 finished with value: 0.45 and parameters: {'C': 6.064554732317436, 'gamma': 0.001806675700431818}. Best is trial 1 with value: 0.55.
[I 2026-04-21 10:32:53,239] Trial 24 finished with value: 0.55 and parameters: {'C': 1.0908719742759545, 'gamma': 0.00044879092742735813}. Best is trial 1 with value: 0.55.
[I 2026-04-21 10:32:53,265] Trial 25 finished with value: 0.35 and parameters: {'C': 24.113752540482874, 'gamma': 0.01059358471370636}. Best is trial 1 with value: 0.55.
[I 2026-04-21 10:32:53,291] Trial 26 finished with value: 0.55 and parameters: {'C': 2.1957342707036087, 'gamma': 0.00017879914155528173}. Best is trial 1 with value: 0.55.
[I 2026-04-21 10:32:53,317] Trial 27 finished with value: 0.55 and parameters: {'C': 0.6329153103465708, 'gamma': 0.001412338864970857}. Best is trial 1 with value: 0.55.
[I 2026-04-21 10:32:53,354] Trial 28 finished with value: 0.35 and parameters: {'C': 5.960822161398727, 'gamma': 0.11863651217293515}. Best is trial 1 with value: 0.55.
