[I 2026-04-21 10:30:24,359] Trial 21 finished with value: 0.5 and parameters: {'n_estimators': 10, 'max_depth': 20, 'gamma': 0.10884944353746728, 'subsample': 0.6183472488201451, 'colsample_bytree': 0.9162668530386395}. Best is trial 0 with value: 0.55.
[I 2026-04-21 10:30:24,396] Trial 22 finished with value: 0.4 and parameters: {'n_estimators': 10, 'max_depth': 20, 'gamma': 0.21696189306050034, 'subsample': 0.5035429420077217, 'colsample_bytree': 0.8533879982843818}. Best is trial 0 with value: 0.55.
[I 2026-04-21 10:30:24,437] Trial 23 finished with value: 0.5 and parameters: {'n_estimators': 10, 'max_depth': 20, 'gamma': 0.4950728140106256, 'subsample': 0.5568709963873266, 'colsample_bytree': 0.6843678477064936}. Best is trial 0 with value: 0.55.
[I 2026-04-21 10:30:24,477] Trial 24 finished with value: 0.45 and parameters: {'n_estimators': 10, 'max_depth': 20, 'gamma': 0.36833115506214076, 'subsample': 0.702500031372652, 'colsample_bytree': 0.9443036515409856}. Best is trial 0 with value: 0.55.
[I 2026-04-21 10:30:24,517] Trial 25 finished with value: 0.25 and parameters: {'n_estimators': 40, 'max_depth': 30, 'gamma': 0.21952878916431473, 'subsample': 0.6408009994440963, 'colsample_bytree': 0.7661825048006244}. Best is trial 0 with value: 0.55.
[I 2026-04-21 10:30:24,556] Trial 26 finished with value: 0.5 and parameters: {'n_estimators': 10, 'max_depth': 20, 'gamma': 0.6381734738909698, 'subsample': 0.7160453750367997, 'colsample_bytree': 0.885111672299503}. Best is trial 0 with value: 0.55.
[I 2026-04-21 10:30:24,591] Trial 27 finished with value: 0.5 and parameters: {'n_estimators': 10, 'max_depth': 20, 'gamma': 0.3030844432466995, 'subsample': 0.9528958557414915, 'colsample_bytree': 0.8117859430539758}. Best is trial 0 with value: 0.55.
[I 2026-04-21 10:30:24,640] Trial 28 finished with value: 0.3 and parameters: {'n_estimators': 100, 'max_depth': 5, 'gamma': 0.8766305187756631, 'subsample': 0.7683849960529767, 'colsample_bytree': 0.8215778170270085}. Best is trial 0 with value: 0.55.
[I 2026-04-21 10:30:24,682] Trial 29 finished with value: 0.3 and parameters: {'n_estimators': 40, 'max_depth': 30, 'gamma': 0.5148844762853708, 'subsample': 0.9351053284100614, 'colsample_bytree': 0.7013913978949567}. Best is trial 0 with value: 0.55.
[I 2026-04-21 10:30:24,944] A new study created in memory with name: rf
[I 2026-04-21 10:30:25,442] Trial 0 finished with value: 0.55 and parameters: {'n_estimators': 458, 'max_depth': 8, 'min_samples_split': 9, 'min_samples_leaf': 1}. Best is trial 0 with value: 0.55.
[I 2026-04-21 10:30:25,640] Trial 1 finished with value: 0.45 and parameters: {'n_estimators': 143, 'max_depth': 13, 'min_samples_split': 6, 'min_samples_leaf': 5}. Best is trial 0 with value: 0.55.
[I 2026-04-21 10:30:26,090] Trial 2 finished with value: 0.5 and parameters: {'n_estimators': 234, 'max_depth': 14, 'min_samples_split': 5, 'min_samples_leaf': 8}. Best is trial 0 with value: 0.55.
[I 2026-04-21 10:30:26,609] Trial 3 finished with value: 0.5 and parameters: {'n_estimators': 307, 'max_depth': 13, 'min_samples_split': 7, 'min_samples_leaf': 10}. Best is trial 0 with value: 0.55.
[I 2026-04-21 10:30:27,098] Trial 4 finished with value: 0.5 and parameters: {'n_estimators': 428, 'max_depth': 10, 'min_samples_split': 9, 'min_samples_leaf': 9}. Best is trial 0 with value: 0.55.
[I 2026-04-21 10:30:27,265] Trial 5 finished with value: 0.5 and parameters: {'n_estimators': 121, 'max_depth': 15, 'min_samples_split': 9, 'min_samples_leaf': 8}. Best is trial 0 with value: 0.55.
[I 2026-04-21 10:30:27,715] Trial 6 finished with value: 0.5 and parameters: {'n_estimators': 384, 'max_depth': 12, 'min_samples_split': 3, 'min_samples_leaf': 10}. Best is trial 0 with value: 0.55.
[I 2026-04-21 10:30:28,013] Trial 7 finished with value: 0.5 and parameters: {'n_estimators': 261, 'max_depth': 6, 'min_samples_split': 8, 'min_samples_leaf': 10}. Best is trial 0 with value: 0.55.
[I 2026-04-21 10:30:28,260] Trial 8 finished with value: 0.5 and parameters: {'n_estimators': 202, 'max_depth': 15, 'min_samples_split': 7, 'min_samples_leaf': 8}. Best is trial 0 with value: 0.55.
[I 2026-04-21 10:30:28,910] Trial 9 finished with value: 0.55 and parameters: {'n_estimators': 475, 'max_depth': 9, 'min_samples_split': 4, 'min_samples_leaf': 5}. Best is trial 0 with value: 0.55.
[I 2026-04-21 10:30:29,373] Trial 10 finished with value: 0.5 and parameters: {'n_estimators': 352, 'max_depth': 20, 'min_samples_split': 10, 'min_samples_leaf': 1}. Best is trial 0 with value: 0.55.
[I 2026-04-21 10:30:29,939] Trial 11 finished with value: 0.5 and parameters: {'n_estimators': 487, 'max_depth': 5, 'min_samples_split': 3, 'min_samples_leaf': 1}. Best is trial 0 with value: 0.55.
[I 2026-04-21 10:30:30,648] Trial 12 finished with value: 0.5 and parameters: {'n_estimators': 492, 'max_depth': 8, 'min_samples_split': 4, 'min_samples_leaf': 4}. Best is trial 0 with value: 0.55.
[I 2026-04-21 10:30:31,124] Trial 13 finished with value: 0.55 and parameters: {'n_estimators': 422, 'max_depth': 3, 'min_samples_split': 5, 'min_samples_leaf': 3}. Best is trial 0 with value: 0.55.
[I 2026-04-21 10:30:31,608] Trial 14 finished with value: 0.55 and parameters: {'n_estimators': 432, 'max_depth': 9, 'min_samples_split': 2, 'min_samples_leaf': 6}. Best is trial 0 with value: 0.55.
[I 2026-04-21 10:30:32,039] Trial 15 finished with value: 0.5 and parameters: {'n_estimators': 341, 'max_depth': 7, 'min_samples_split': 5, 'min_samples_leaf': 3}. Best is trial 0 with value: 0.55.
[I 2026-04-21 10:30:32,608] Trial 16 finished with value: 0.45 and parameters: {'n_estimators': 498, 'max_depth': 18, 'min_samples_split': 10, 'min_samples_leaf': 6}. Best is trial 0 with value: 0.55.
[I 2026-04-21 10:30:33,183] Trial 17 finished with value: 0.6 and parameters: {'n_estimators': 453, 'max_depth': 11, 'min_samples_split': 7, 'min_samples_leaf': 2}. Best is trial 17 with value: 0.6.
[I 2026-04-21 10:30:33,632] Trial 18 finished with value: 0.6 and parameters: {'n_estimators': 383, 'max_depth': 11, 'min_samples_split': 8, 'min_samples_leaf': 2}. Best is trial 17 with value: 0.6.
[I 2026-04-21 10:30:34,273] Trial 19 finished with value: 0.6 and parameters: {'n_estimators': 390, 'max_depth': 11, 'min_samples_split': 7, 'min_samples_leaf': 2}. Best is trial 17 with value: 0.6.
[I 2026-04-21 10:30:34,708] Trial 20 finished with value: 0.55 and parameters: {'n_estimators': 382, 'max_depth': 17, 'min_samples_split': 8, 'min_samples_leaf': 3}. Best is trial 17 with value: 0.6.
[I 2026-04-21 10:30:35,159] Trial 21 finished with value: 0.55 and parameters: {'n_estimators': 384, 'max_depth': 11, 'min_samples_split': 7, 'min_samples_leaf': 2}. Best is trial 17 with value: 0.6.
[I 2026-04-21 10:30:35,545] Trial 22 finished with value: 0.55 and parameters: {'n_estimators': 312, 'max_depth': 11, 'min_samples_split': 8, 'min_samples_leaf': 2}. Best is trial 17 with value: 0.6.
[I 2026-04-21 10:30:36,029] Trial 23 finished with value: 0.55 and parameters: {'n_estimators': 412, 'max_depth': 12, 'min_samples_split': 6, 'min_samples_leaf': 2}. Best is trial 17 with value: 0.6.
[I 2026-04-21 10:30:36,464] Trial 24 finished with value: 0.5 and parameters: {'n_estimators': 361, 'max_depth': 10, 'min_samples_split': 6, 'min_samples_leaf': 4}. Best is trial 17 with value: 0.6.
[I 2026-04-21 10:30:37,152] Trial 25 finished with value: 0.45 and parameters: {'n_estimators': 451, 'max_depth': 16, 'min_samples_split': 7, 'min_samples_leaf': 4}. Best is trial 17 with value: 0.6.
[I 2026-04-21 10:30:37,629] Trial 26 finished with value: 0.55 and parameters: {'n_estimators': 401, 'max_depth': 13, 'min_samples_split': 8, 'min_samples_leaf': 3}. Best is trial 17 with value: 0.6.
[I 2026-04-21 10:30:38,115] Trial 27 finished with value: 0.55 and parameters: {'n_estimators': 285, 'max_depth': 10, 'min_samples_split': 6, 'min_samples_leaf': 2}. Best is trial 17 with value: 0.6.
[I 2026-04-21 10:30:38,512] Trial 28 finished with value: 0.55 and parameters: {'n_estimators': 332, 'max_depth': 4, 'min_samples_split': 9, 'min_samples_leaf': 1}. Best is trial 17 with value: 0.6.
[I 2026-04-21 10:30:39,040] Trial 29 finished with value: 0.55 and parameters: {'n_estimators': 454, 'max_depth': 8, 'min_samples_split': 8, 'min_samples_leaf': 1}. Best is trial 17 with value: 0.6.
[I 2026-04-21 10:30:40,043] A new study created in memory with name: mlp
[I 2026-04-21 10:30:40,109] Trial 0 finished with value: 0.4 and parameters: {'hidden_layer_sizes': (100,), 'max_iter': 100, 'alpha': 0.0001}. Best is trial 0 with value: 0.4.
[I 2026-04-21 10:30:40,195] Trial 1 finished with value: 0.45 and parameters: {'hidden_layer_sizes': (100, 100), 'max_iter': 100, 'alpha': 0.001}. Best is trial 1 with value: 0.45.
[I 2026-04-21 10:30:40,280] Trial 2 finished with value: 0.45 and parameters: {'hidden_layer_sizes': (200,), 'max_iter': 100, 'alpha': 0.0001}. Best is trial 1 with value: 0.45.
[I 2026-04-21 10:30:40,335] Trial 3 finished with value: 0.45 and parameters: {'hidden_layer_sizes': (200,), 'max_iter': 50, 'alpha': 0.001}. Best is trial 1 with value: 0.45.
[I 2026-04-21 10:30:40,381] Trial 4 finished with value: 0.4 and parameters: {'hidden_layer_sizes': (100, 100), 'max_iter': 50, 'alpha': 0.0001}. Best is trial 1 with value: 0.45.
[I 2026-04-21 10:30:40,457] Trial 5 finished with value: 0.4 and parameters: {'hidden_layer_sizes': (200,), 'max_iter': 100, 'alpha': 0.0001}. Best is trial 1 with value: 0.45.
[I 2026-04-21 10:30:40,524] Trial 6 finished with value: 0.45 and parameters: {'hidden_layer_sizes': (200,), 'max_iter': 100, 'alpha': 0.001}. Best is trial 1 with value: 0.45.
[I 2026-04-21 10:30:40,579] Trial 7 finished with value: 0.45 and parameters: {'hidden_layer_sizes': (100,), 'max_iter': 100, 'alpha': 0.001}. Best is trial 1 with value: 0.45.
[I 2026-04-21 10:30:40,656] Trial 8 finished with value: 0.4 and parameters: {'hidden_layer_sizes': (100, 100), 'max_iter': 100, 'alpha': 0.0001}. Best is trial 1 with value: 0.45.
[I 2026-04-21 10:30:40,722] Trial 9 finished with value: 0.45 and parameters: {'hidden_layer_sizes': (200,), 'max_iter': 100, 'alpha': 0.0001}. Best is trial 1 with value: 0.45.
[I 2026-04-21 10:30:40,779] Trial 10 finished with value: 0.45 and parameters: {'hidden_layer_sizes': (100, 100), 'max_iter': 50, 'alpha': 0.001}. Best is trial 1 with value: 0.45.
[I 2026-04-21 10:30:40,877] Trial 11 finished with value: 0.35 and parameters: {'hidden_layer_sizes': (100, 100), 'max_iter': 100, 'alpha': 0.001}. Best is trial 1 with value: 0.45.
[I 2026-04-21 10:30:40,935] Trial 12 finished with value: 0.4 and parameters: {'hidden_layer_sizes': (200,), 'max_iter': 100, 'alpha': 0.001}. Best is trial 1 with value: 0.45.
[I 2026-04-21 10:30:41,025] Trial 13 finished with value: 0.55 and parameters: {'hidden_layer_sizes': (100, 100), 'max_iter': 100, 'alpha': 0.0001}. Best is trial 13 with value: 0.55.
[I 2026-04-21 10:30:41,081] Trial 14 finished with value: 0.35 and parameters: {'hidden_layer_sizes': (100, 100), 'max_iter': 50, 'alpha': 0.0001}. Best is trial 13 with value: 0.55.
[I 2026-04-21 10:30:41,166] Trial 15 finished with value: 0.35 and parameters: {'hidden_layer_sizes': (100, 100), 'max_iter': 100, 'alpha': 0.001}. Best is trial 13 with value: 0.55.
[I 2026-04-21 10:30:41,255] Trial 16 finished with value: 0.4 and parameters: {'hidden_layer_sizes': (100, 100), 'max_iter': 100, 'alpha': 0.001}. Best is trial 13 with value: 0.55.
[I 2026-04-21 10:30:41,331] Trial 17 finished with value: 0.4 and parameters: {'hidden_layer_sizes': (100, 100), 'max_iter': 100, 'alpha': 0.0001}. Best is trial 13 with value: 0.55.
[I 2026-04-21 10:30:41,366] Trial 18 finished with value: 0.5 and parameters: {'hidden_layer_sizes': (100,), 'max_iter': 50, 'alpha': 0.0001}. Best is trial 13 with value: 0.55.
[I 2026-04-21 10:30:41,404] Trial 19 finished with value: 0.45 and parameters: {'hidden_layer_sizes': (100,), 'max_iter': 50, 'alpha': 0.0001}. Best is trial 13 with value: 0.55.
[I 2026-04-21 10:30:41,452] Trial 20 finished with value: 0.4 and parameters: {'hidden_layer_sizes': (100,), 'max_iter': 50, 'alpha': 0.0001}. Best is trial 13 with value: 0.55.
[I 2026-04-21 10:30:41,488] Trial 21 finished with value: 0.45 and parameters: {'hidden_layer_sizes': (100,), 'max_iter': 50, 'alpha': 0.0001}. Best is trial 13 with value: 0.55.
[I 2026-04-21 10:30:41,526] Trial 22 finished with value: 0.45 and parameters: {'hidden_layer_sizes': (100,), 'max_iter': 50, 'alpha': 0.0001}. Best is trial 13 with value: 0.55.
[I 2026-04-21 10:30:41,573] Trial 23 finished with value: 0.3 and parameters: {'hidden_layer_sizes': (100, 100), 'max_iter': 50, 'alpha': 0.001}. Best is trial 13 with value: 0.55.
[I 2026-04-21 10:30:41,671] Trial 24 finished with value: 0.45 and parameters: {'hidden_layer_sizes': (100, 100), 'max_iter': 100, 'alpha': 0.0001}. Best is trial 13 with value: 0.55.
[I 2026-04-21 10:30:41,750] Trial 25 finished with value: 0.45 and parameters: {'hidden_layer_sizes': (100,), 'max_iter': 100, 'alpha': 0.0001}. Best is trial 13 with value: 0.55.
[I 2026-04-21 10:30:41,800] Trial 26 finished with value: 0.45 and parameters: {'hidden_layer_sizes': (100, 100), 'max_iter': 50, 'alpha': 0.001}. Best is trial 13 with value: 0.55.
[I 2026-04-21 10:30:41,861] Trial 27 finished with value: 0.45 and parameters: {'hidden_layer_sizes': (100,), 'max_iter': 100, 'alpha': 0.0001}. Best is trial 13 with value: 0.55.
[I 2026-04-21 10:30:41,919] Trial 28 finished with value: 0.5 and parameters: {'hidden_layer_sizes': (100, 100), 'max_iter': 50, 'alpha': 0.001}. Best is trial 13 with value: 0.55.
[I 2026-04-21 10:30:41,971] Trial 29 finished with value: 0.5 and parameters: {'hidden_layer_sizes': (100,), 'max_iter': 50, 'alpha': 0.0001}. Best is trial 13 with value: 0.55.
[I 2026-04-21 10:30:42,206] A new study created in memory with name: svc
[I 2026-04-21 10:30:42,221] Trial 0 finished with value: 0.5 and parameters: {'C': 37.27697013499731, 'gamma': 0.0021277432488243223}. Best is trial 0 with value: 0.5.
[I 2026-04-21 10:30:42,240] Trial 1 finished with value: 0.45 and parameters: {'C': 19.271543171162776, 'gamma': 0.00014682043379470554}. Best is trial 0 with value: 0.5.
[I 2026-04-21 10:30:42,256] Trial 2 finished with value: 0.5 and parameters: {'C': 0.0269542169583157, 'gamma': 0.023999835049635022}. Best is trial 0 with value: 0.5.
[I 2026-04-21 10:30:42,271] Trial 3 finished with value: 0.45 and parameters: {'C': 1.3160410886450586, 'gamma': 0.0047340159215720195}. Best is trial 0 with value: 0.5.
[I 2026-04-21 10:30:42,287] Trial 4 finished with value: 0.45 and parameters: {'C': 0.21959952535674737, 'gamma': 0.030908485742507576}. Best is trial 0 with value: 0.5.
[I 2026-04-21 10:30:42,303] Trial 5 finished with value: 0.4 and parameters: {'C': 0.5656733313644114, 'gamma': 0.08780685564625502}. Best is trial 0 with value: 0.5.
[I 2026-04-21 10:30:42,318] Trial 6 finished with value: 0.55 and parameters: {'C': 1.1807165425157664, 'gamma': 0.020674470756231633}. Best is trial 6 with value: 0.55.
[I 2026-04-21 10:30:42,332] Trial 7 finished with value: 0.25 and parameters: {'C': 3.8143486186647126, 'gamma': 0.9138966502602072}. Best is trial 6 with value: 0.55.
[I 2026-04-21 10:30:42,347] Trial 8 finished with value: 0.5 and parameters: {'C': 19.029737066374768, 'gamma': 0.004495766421289856}. Best is trial 6 with value: 0.55.
[I 2026-04-21 10:30:42,363] Trial 9 finished with value: 0.3 and parameters: {'C': 31.994153257994277, 'gamma': 0.19725941020937518}. Best is trial 6 with value: 0.55.
[I 2026-04-21 10:30:42,387] Trial 10 finished with value: 0.45 and parameters: {'C': 0.07934797472115897, 'gamma': 0.0006344004822646731}. Best is trial 6 with value: 0.55.
[I 2026-04-21 10:30:42,413] Trial 11 finished with value: 0.5 and parameters: {'C': 86.43772764865598, 'gamma': 0.0008063163057189356}. Best is trial 6 with value: 0.55.
[I 2026-04-21 10:30:42,435] Trial 12 finished with value: 0.45 and parameters: {'C': 4.220165247867255, 'gamma': 0.0019269415635597936}. Best is trial 6 with value: 0.55.
[I 2026-04-21 10:30:42,459] Trial 13 finished with value: 0.5 and parameters: {'C': 0.01284808941120096, 'gamma': 0.012999792142910782}. Best is trial 6 with value: 0.55.
[I 2026-04-21 10:30:42,482] Trial 14 finished with value: 0.45 and parameters: {'C': 4.198467126799681, 'gamma': 0.00024914720641010425}. Best is trial 6 with value: 0.55.
[I 2026-04-21 10:30:42,515] Trial 15 finished with value: 0.45 and parameters: {'C': 1.1962964477221512, 'gamma': 0.09647197988458382}. Best is trial 6 with value: 0.55.
[I 2026-04-21 10:30:42,541] Trial 16 finished with value: 0.45 and parameters: {'C': 0.1863516315227972, 'gamma': 0.003728139630172753}. Best is trial 6 with value: 0.55.
[I 2026-04-21 10:30:42,567] Trial 17 finished with value: 0.5 and parameters: {'C': 59.16524637299374, 'gamma': 0.001095469668767893}. Best is trial 6 with value: 0.55.
[I 2026-04-21 10:30:42,593] Trial 18 finished with value: 0.5 and parameters: {'C': 10.400659562623774, 'gamma': 0.011041664001965566}. Best is trial 6 with value: 0.55.
[I 2026-04-21 10:30:42,621] Trial 19 finished with value: 0.4 and parameters: {'C': 0.4750896241058198, 'gamma': 0.04337202680494979}. Best is trial 6 with value: 0.55.
[I 2026-04-21 10:30:42,661] Trial 20 finished with value: 0.3 and parameters: {'C': 2.3250394249875685, 'gamma': 0.4497971402842283}. Best is trial 6 with value: 0.55.
[I 2026-04-21 10:30:42,686] Trial 21 finished with value: 0.45 and parameters: {'C': 0.01242263772615591, 'gamma': 0.030189075205102688}. Best is trial 6 with value: 0.55.
[I 2026-04-21 10:30:42,711] Trial 22 finished with value: 0.5 and parameters: {'C': 0.04320108347145041, 'gamma': 0.01620849741647874}. Best is trial 6 with value: 0.55.
[I 2026-04-21 10:30:42,735] Trial 23 finished with value: 0.45 and parameters: {'C': 0.035750242689238036, 'gamma': 0.005988434279061037}. Best is trial 6 with value: 0.55.
[I 2026-04-21 10:30:42,756] Trial 24 finished with value: 0.45 and parameters: {'C': 0.20379350704960045, 'gamma': 0.00167644731476577}. Best is trial 6 with value: 0.55.
[I 2026-04-21 10:30:42,777] Trial 25 finished with value: 0.35 and parameters: {'C': 8.819693847785667, 'gamma': 0.06930940224055147}. Best is trial 6 with value: 0.55.
[I 2026-04-21 10:30:42,802] Trial 26 finished with value: 0.3 and parameters: {'C': 0.41399557659589986, 'gamma': 0.20365119280344174}. Best is trial 6 with value: 0.55.
[I 2026-04-21 10:30:42,824] Trial 27 finished with value: 0.55 and parameters: {'C': 0.08399194042259686, 'gamma': 0.02096715577545419}. Best is trial 6 with value: 0.55.
[I 2026-04-21 10:30:42,847] Trial 28 finished with value: 0.45 and parameters: {'C': 0.10302563458826955, 'gamma': 0.002240394267227194}. Best is trial 6 with value: 0.55.
[I 2026-04-21 10:30:42,871] Trial 29 finished with value: 0.45 and parameters: {'C': 32.66129936895791, 'gamma': 0.00011268648863223885}. Best is trial 6 with value: 0.55.
[I 2026-04-21 10:30:43,028] A new study created in memory with name: naive_bayes
[I 2026-04-21 10:30:43,041] Trial 0 finished with value: 0.75 and parameters: {'var_smoothing': 6.10548688762798e-09}. Best is trial 0 with value: 0.75.
[I 2026-04-21 10:30:43,054] Trial 1 finished with value: 0.75 and parameters: {'var_smoothing': 4.6127467400935034e-10}. Best is trial 0 with value: 0.75.
[I 2026-04-21 10:30:43,066] Trial 2 finished with value: 0.75 and parameters: {'var_smoothing': 4.389936579400967e-09}. Best is trial 0 with value: 0.75.
[I 2026-04-21 10:30:43,079] Trial 3 finished with value: 0.75 and parameters: {'var_smoothing': 1.2116948204672054e-10}. Best is trial 0 with value: 0.75.
[I 2026-04-21 10:30:43,092] Trial 4 finished with value: 0.75 and parameters: {'var_smoothing': 1.6417739478477417e-10}. Best is trial 0 with value: 0.75.
[I 2026-04-21 10:30:43,106] Trial 5 finished with value: 0.75 and parameters: {'var_smoothing': 1.5491880147236797e-09}. Best is trial 0 with value: 0.75.
[I 2026-04-21 10:30:43,120] Trial 6 finished with value: 0.75 and parameters: {'var_smoothing': 1.1471883405287265e-09}. Best is trial 0 with value: 0.75.
[I 2026-04-21 10:30:43,133] Trial 7 finished with value: 0.75 and parameters: {'var_smoothing': 6.88041853492358e-10}. Best is trial 0 with value: 0.75.
[I 2026-04-21 10:30:43,145] Trial 8 finished with value: 0.75 and parameters: {'var_smoothing': 4.686144741221158e-10}. Best is trial 0 with value: 0.75.
[I 2026-04-21 10:30:43,167] Trial 9 finished with value: 0.75 and parameters: {'var_smoothing': 1.7580809350683337e-09}. Best is trial 0 with value: 0.75.
[I 2026-04-21 10:30:43,186] Trial 10 finished with value: 0.75 and parameters: {'var_smoothing': 9.83902635509218e-09}. Best is trial 0 with value: 0.75.
[I 2026-04-21 10:30:43,207] Trial 11 finished with value: 0.75 and parameters: {'var_smoothing': 2.660399871603373e-10}. Best is trial 0 with value: 0.75.
[I 2026-04-21 10:30:43,227] Trial 12 finished with value: 0.75 and parameters: {'var_smoothing': 9.276268851540963e-09}. Best is trial 0 with value: 0.75.
[I 2026-04-21 10:30:43,246] Trial 13 finished with value: 0.75 and parameters: {'var_smoothing': 2.9844010685221692e-09}. Best is trial 0 with value: 0.75.
[I 2026-04-21 10:30:43,264] Trial 14 finished with value: 0.75 and parameters: {'var_smoothing': 3.8923309717334116e-10}. Best is trial 0 with value: 0.75.
[I 2026-04-21 10:30:43,284] Trial 15 finished with value: 0.75 and parameters: {'var_smoothing': 3.85461066627204e-09}. Best is trial 0 with value: 0.75.
[I 2026-04-21 10:30:43,302] Trial 16 finished with value: 0.75 and parameters: {'var_smoothing': 7.120907275009211e-10}. Best is trial 0 with value: 0.75.
[I 2026-04-21 10:30:43,320] Trial 17 finished with value: 0.75 and parameters: {'var_smoothing': 2.412486610614855e-10}. Best is trial 0 with value: 0.75.
[I 2026-04-21 10:30:43,339] Trial 18 finished with value: 0.75 and parameters: {'var_smoothing': 2.3580860166954074e-09}. Best is trial 0 with value: 0.75.
