[I 2026-04-21 10:38:44,133] Trial 11 finished with value: 0.65 and parameters: {'var_smoothing': 8.433965140342417e-09}. Best is trial 0 with value: 0.65.
[I 2026-04-21 10:38:44,151] Trial 12 finished with value: 0.65 and parameters: {'var_smoothing': 2.860874278982245e-09}. Best is trial 0 with value: 0.65.
[I 2026-04-21 10:38:44,169] Trial 13 finished with value: 0.65 and parameters: {'var_smoothing': 9.270349036178526e-09}. Best is trial 0 with value: 0.65.
[I 2026-04-21 10:38:44,186] Trial 14 finished with value: 0.65 and parameters: {'var_smoothing': 3.13069447640915e-09}. Best is trial 0 with value: 0.65.
[I 2026-04-21 10:38:44,206] Trial 15 finished with value: 0.65 and parameters: {'var_smoothing': 5.223604886811285e-09}. Best is trial 0 with value: 0.65.
[I 2026-04-21 10:38:44,225] Trial 16 finished with value: 0.65 and parameters: {'var_smoothing': 2.0295724993447026e-09}. Best is trial 0 with value: 0.65.
[I 2026-04-21 10:38:44,242] Trial 17 finished with value: 0.65 and parameters: {'var_smoothing': 5.880433102756661e-09}. Best is trial 0 with value: 0.65.
[I 2026-04-21 10:38:44,263] Trial 18 finished with value: 0.65 and parameters: {'var_smoothing': 1.6980964875204416e-09}. Best is trial 0 with value: 0.65.
[I 2026-04-21 10:38:44,279] Trial 19 finished with value: 0.65 and parameters: {'var_smoothing': 4.2955625192244405e-09}. Best is trial 0 with value: 0.65.
[I 2026-04-21 10:38:44,299] Trial 20 finished with value: 0.65 and parameters: {'var_smoothing': 9.833771947222685e-09}. Best is trial 0 with value: 0.65.
[I 2026-04-21 10:38:44,319] Trial 21 finished with value: 0.65 and parameters: {'var_smoothing': 6.0482464086364635e-09}. Best is trial 0 with value: 0.65.
[I 2026-04-21 10:38:44,348] Trial 22 finished with value: 0.65 and parameters: {'var_smoothing': 4.537628481410357e-09}. Best is trial 0 with value: 0.65.
[I 2026-04-21 10:38:44,378] Trial 23 finished with value: 0.65 and parameters: {'var_smoothing': 6.750528289210463e-09}. Best is trial 0 with value: 0.65.
[I 2026-04-21 10:38:44,399] Trial 24 finished with value: 0.65 and parameters: {'var_smoothing': 2.2780337647355764e-09}. Best is trial 0 with value: 0.65.
[I 2026-04-21 10:38:44,420] Trial 25 finished with value: 0.65 and parameters: {'var_smoothing': 3.986918574074946e-09}. Best is trial 0 with value: 0.65.
[I 2026-04-21 10:38:44,438] Trial 26 finished with value: 0.65 and parameters: {'var_smoothing': 1.7707565248297843e-09}. Best is trial 0 with value: 0.65.
[I 2026-04-21 10:38:44,455] Trial 27 finished with value: 0.65 and parameters: {'var_smoothing': 6.732492847962814e-09}. Best is trial 0 with value: 0.65.
[I 2026-04-21 10:38:44,474] Trial 28 finished with value: 0.65 and parameters: {'var_smoothing': 3.8684773890893174e-10}. Best is trial 0 with value: 0.65.
[I 2026-04-21 10:38:44,494] Trial 29 finished with value: 0.65 and parameters: {'var_smoothing': 1.5480090897085013e-09}. Best is trial 0 with value: 0.65.
[I 2026-04-21 10:38:44,534] A new study created in memory with name: logreg
[I 2026-04-21 10:38:44,558] Trial 0 finished with value: 0.5 and parameters: {'C': 23.288794782471303, 'penalty': 'l2'}. Best is trial 0 with value: 0.5.
[I 2026-04-21 10:38:44,581] Trial 1 finished with value: 0.5 and parameters: {'C': 69.61507800412923, 'penalty': 'l2'}. Best is trial 0 with value: 0.5.
[I 2026-04-21 10:38:44,604] Trial 2 finished with value: 0.5 and parameters: {'C': 22.180569925473442, 'penalty': 'l2'}. Best is trial 0 with value: 0.5.
[I 2026-04-21 10:38:44,626] Trial 3 finished with value: 0.5 and parameters: {'C': 0.4511058486037652, 'penalty': 'l2'}. Best is trial 0 with value: 0.5.
[I 2026-04-21 10:38:44,649] Trial 4 finished with value: 0.55 and parameters: {'C': 0.014576110093994574, 'penalty': 'l2'}. Best is trial 4 with value: 0.55.
[I 2026-04-21 10:38:44,671] Trial 5 finished with value: 0.7 and parameters: {'C': 0.0011402340906886685, 'penalty': 'l2'}. Best is trial 5 with value: 0.7.
[I 2026-04-21 10:38:44,694] Trial 6 finished with value: 0.55 and parameters: {'C': 0.14201822862985758, 'penalty': 'l2'}. Best is trial 5 with value: 0.7.
[I 2026-04-21 10:38:44,718] Trial 7 finished with value: 0.55 and parameters: {'C': 0.1027440782219989, 'penalty': 'l2'}. Best is trial 5 with value: 0.7.
[I 2026-04-21 10:38:44,743] Trial 8 finished with value: 0.5 and parameters: {'C': 0.41055690122086846, 'penalty': 'l2'}. Best is trial 5 with value: 0.7.
[I 2026-04-21 10:38:44,767] Trial 9 finished with value: 0.55 and parameters: {'C': 0.24658064201770763, 'penalty': 'l2'}. Best is trial 5 with value: 0.7.
[I 2026-04-21 10:38:44,795] Trial 10 finished with value: 0.7 and parameters: {'C': 0.0012185133212060913, 'penalty': 'l2'}. Best is trial 5 with value: 0.7.
[I 2026-04-21 10:38:44,823] Trial 11 finished with value: 0.65 and parameters: {'C': 0.0032135556648479565, 'penalty': 'l2'}. Best is trial 5 with value: 0.7.
[I 2026-04-21 10:38:44,838] Trial 12 finished with value: 0.7 and parameters: {'C': 0.0011307777999907478, 'penalty': 'l2'}. Best is trial 5 with value: 0.7.
[I 2026-04-21 10:38:44,864] Trial 13 finished with value: 0.55 and parameters: {'C': 0.013319445701232198, 'penalty': 'l2'}. Best is trial 5 with value: 0.7.
[I 2026-04-21 10:38:44,889] Trial 14 finished with value: 0.6 and parameters: {'C': 0.00725953197060791, 'penalty': 'l2'}. Best is trial 5 with value: 0.7.
[I 2026-04-21 10:38:44,914] Trial 15 finished with value: 0.7 and parameters: {'C': 0.0012613068380274502, 'penalty': 'l2'}. Best is trial 5 with value: 0.7.
[I 2026-04-21 10:38:44,940] Trial 16 finished with value: 0.5 and parameters: {'C': 3.171033751687429, 'penalty': 'l2'}. Best is trial 5 with value: 0.7.
[I 2026-04-21 10:38:44,966] Trial 17 finished with value: 0.6 and parameters: {'C': 0.04484986573212862, 'penalty': 'l2'}. Best is trial 5 with value: 0.7.
[I 2026-04-21 10:38:44,993] Trial 18 finished with value: 0.65 and parameters: {'C': 0.004148961751488099, 'penalty': 'l2'}. Best is trial 5 with value: 0.7.
[I 2026-04-21 10:38:45,021] Trial 19 finished with value: 0.6 and parameters: {'C': 0.02546265870353495, 'penalty': 'l2'}. Best is trial 5 with value: 0.7.
[I 2026-04-21 10:38:45,059] Trial 20 finished with value: 0.5 and parameters: {'C': 1.7367296213880112, 'penalty': 'l2'}. Best is trial 5 with value: 0.7.
[I 2026-04-21 10:38:45,075] Trial 21 finished with value: 0.7 and parameters: {'C': 0.0010267435968617127, 'penalty': 'l2'}. Best is trial 5 with value: 0.7.
[I 2026-04-21 10:38:45,101] Trial 22 finished with value: 0.65 and parameters: {'C': 0.0024712961807257273, 'penalty': 'l2'}. Best is trial 5 with value: 0.7.
[I 2026-04-21 10:38:45,126] Trial 23 finished with value: 0.7 and parameters: {'C': 0.0011230492098290017, 'penalty': 'l2'}. Best is trial 5 with value: 0.7.
[I 2026-04-21 10:38:45,152] Trial 24 finished with value: 0.6 and parameters: {'C': 0.00574149205419199, 'penalty': 'l2'}. Best is trial 5 with value: 0.7.
[I 2026-04-21 10:38:45,178] Trial 25 finished with value: 0.65 and parameters: {'C': 0.0026280794402621316, 'penalty': 'l2'}. Best is trial 5 with value: 0.7.
[I 2026-04-21 10:38:45,209] Trial 26 finished with value: 0.55 and parameters: {'C': 0.009421780004397296, 'penalty': 'l2'}. Best is trial 5 with value: 0.7.
[I 2026-04-21 10:38:45,240] Trial 27 finished with value: 0.6 and parameters: {'C': 0.06321039376130375, 'penalty': 'l2'}. Best is trial 5 with value: 0.7.
[I 2026-04-21 10:38:45,271] Trial 28 finished with value: 0.6 and parameters: {'C': 0.02635560595568251, 'penalty': 'l2'}. Best is trial 5 with value: 0.7.
[I 2026-04-21 10:38:45,305] Trial 29 finished with value: 0.65 and parameters: {'C': 0.001782904839470523, 'penalty': 'l2'}. Best is trial 5 with value: 0.7.
[I 2026-04-21 10:38:45,364] A new study created in memory with name: knn
[I 2026-04-21 10:38:45,385] Trial 0 finished with value: 0.6 and parameters: {'n_neighbors': 9, 'leaf_size': 40, 'p': 1}. Best is trial 0 with value: 0.6.
[I 2026-04-21 10:38:45,400] Trial 1 finished with value: 0.65 and parameters: {'n_neighbors': 4, 'leaf_size': 20, 'p': 1}. Best is trial 1 with value: 0.65.
[I 2026-04-21 10:38:45,415] Trial 2 finished with value: 0.7 and parameters: {'n_neighbors': 7, 'leaf_size': 30, 'p': 1}. Best is trial 2 with value: 0.7.
[I 2026-04-21 10:38:45,430] Trial 3 finished with value: 0.6 and parameters: {'n_neighbors': 9, 'leaf_size': 34, 'p': 1}. Best is trial 2 with value: 0.7.
[I 2026-04-21 10:38:45,444] Trial 4 finished with value: 0.7 and parameters: {'n_neighbors': 5, 'leaf_size': 40, 'p': 1}. Best is trial 2 with value: 0.7.
[I 2026-04-21 10:38:45,461] Trial 5 finished with value: 0.65 and parameters: {'n_neighbors': 3, 'leaf_size': 40, 'p': 2}. Best is trial 2 with value: 0.7.
[I 2026-04-21 10:38:45,477] Trial 6 finished with value: 0.65 and parameters: {'n_neighbors': 3, 'leaf_size': 24, 'p': 2}. Best is trial 2 with value: 0.7.
[I 2026-04-21 10:38:45,493] Trial 7 finished with value: 0.7 and parameters: {'n_neighbors': 5, 'leaf_size': 40, 'p': 2}. Best is trial 2 with value: 0.7.
[I 2026-04-21 10:38:45,508] Trial 8 finished with value: 0.7 and parameters: {'n_neighbors': 6, 'leaf_size': 36, 'p': 1}. Best is trial 2 with value: 0.7.
[I 2026-04-21 10:38:45,523] Trial 9 finished with value: 0.7 and parameters: {'n_neighbors': 6, 'leaf_size': 25, 'p': 1}. Best is trial 2 with value: 0.7.
[I 2026-04-21 10:38:45,545] Trial 10 finished with value: 0.7 and parameters: {'n_neighbors': 8, 'leaf_size': 30, 'p': 2}. Best is trial 2 with value: 0.7.
[I 2026-04-21 10:38:45,567] Trial 11 finished with value: 0.7 and parameters: {'n_neighbors': 7, 'leaf_size': 30, 'p': 1}. Best is trial 2 with value: 0.7.
[I 2026-04-21 10:38:45,590] Trial 12 finished with value: 0.7 and parameters: {'n_neighbors': 7, 'leaf_size': 34, 'p': 1}. Best is trial 2 with value: 0.7.
[I 2026-04-21 10:38:45,613] Trial 13 finished with value: 0.7 and parameters: {'n_neighbors': 5, 'leaf_size': 27, 'p': 1}. Best is trial 2 with value: 0.7.
[I 2026-04-21 10:38:45,637] Trial 14 finished with value: 0.65 and parameters: {'n_neighbors': 10, 'leaf_size': 33, 'p': 1}. Best is trial 2 with value: 0.7.
[I 2026-04-21 10:38:45,663] Trial 15 finished with value: 0.7 and parameters: {'n_neighbors': 5, 'leaf_size': 37, 'p': 1}. Best is trial 2 with value: 0.7.
[I 2026-04-21 10:38:45,695] Trial 16 finished with value: 0.7 and parameters: {'n_neighbors': 8, 'leaf_size': 28, 'p': 1}. Best is trial 2 with value: 0.7.
[I 2026-04-21 10:38:45,724] Trial 17 finished with value: 0.65 and parameters: {'n_neighbors': 4, 'leaf_size': 32, 'p': 1}. Best is trial 2 with value: 0.7.
[I 2026-04-21 10:38:45,752] Trial 18 finished with value: 0.7 and parameters: {'n_neighbors': 6, 'leaf_size': 37, 'p': 2}. Best is trial 2 with value: 0.7.
[I 2026-04-21 10:38:45,781] Trial 19 finished with value: 0.7 and parameters: {'n_neighbors': 8, 'leaf_size': 20, 'p': 1}. Best is trial 2 with value: 0.7.
[I 2026-04-21 10:38:45,807] Trial 20 finished with value: 0.65 and parameters: {'n_neighbors': 4, 'leaf_size': 23, 'p': 1}. Best is trial 2 with value: 0.7.
[I 2026-04-21 10:38:45,835] Trial 21 finished with value: 0.7 and parameters: {'n_neighbors': 5, 'leaf_size': 39, 'p': 2}. Best is trial 2 with value: 0.7.
[I 2026-04-21 10:38:45,863] Trial 22 finished with value: 0.7 and parameters: {'n_neighbors': 5, 'leaf_size': 38, 'p': 2}. Best is trial 2 with value: 0.7.
[I 2026-04-21 10:38:45,892] Trial 23 finished with value: 0.7 and parameters: {'n_neighbors': 7, 'leaf_size': 35, 'p': 2}. Best is trial 2 with value: 0.7.
[I 2026-04-21 10:38:45,922] Trial 24 finished with value: 0.7 and parameters: {'n_neighbors': 6, 'leaf_size': 32, 'p': 2}. Best is trial 2 with value: 0.7.
[I 2026-04-21 10:38:45,952] Trial 25 finished with value: 0.65 and parameters: {'n_neighbors': 4, 'leaf_size': 28, 'p': 2}. Best is trial 2 with value: 0.7.
[I 2026-04-21 10:38:45,980] Trial 26 finished with value: 0.7 and parameters: {'n_neighbors': 5, 'leaf_size': 38, 'p': 2}. Best is trial 2 with value: 0.7.
[I 2026-04-21 10:38:46,006] Trial 27 finished with value: 0.7 and parameters: {'n_neighbors': 7, 'leaf_size': 32, 'p': 1}. Best is trial 2 with value: 0.7.
[I 2026-04-21 10:38:46,032] Trial 28 finished with value: 0.7 and parameters: {'n_neighbors': 6, 'leaf_size': 40, 'p': 2}. Best is trial 2 with value: 0.7.
[I 2026-04-21 10:38:46,056] Trial 29 finished with value: 0.6 and parameters: {'n_neighbors': 9, 'leaf_size': 36, 'p': 1}. Best is trial 2 with value: 0.7.
[I 2026-04-21 10:38:46,095] A new study created in memory with name: xgb
[I 2026-04-21 10:38:46,131] Trial 0 finished with value: 0.65 and parameters: {'n_estimators': 40, 'max_depth': 5, 'gamma': 0.4874219364632415, 'subsample': 0.7011756800186824, 'colsample_bytree': 0.7613373356762848}. Best is trial 0 with value: 0.65.
[I 2026-04-21 10:38:46,169] Trial 1 finished with value: 0.6 and parameters: {'n_estimators': 40, 'max_depth': 5, 'gamma': 0.483482593428573, 'subsample': 0.6445375140090439, 'colsample_bytree': 0.9869276206002231}. Best is trial 0 with value: 0.65.
[I 2026-04-21 10:38:46,198] Trial 2 finished with value: 0.55 and parameters: {'n_estimators': 10, 'max_depth': 5, 'gamma': 0.16384856027517886, 'subsample': 0.6123849694840227, 'colsample_bytree': 0.6968174574718025}. Best is trial 0 with value: 0.65.
[I 2026-04-21 10:38:46,239] Trial 3 finished with value: 0.5 and parameters: {'n_estimators': 100, 'max_depth': 30, 'gamma': 0.7877441182293641, 'subsample': 0.9694019566553859, 'colsample_bytree': 0.6598448982335139}. Best is trial 0 with value: 0.65.
[I 2026-04-21 10:38:46,269] Trial 4 finished with value: 0.5 and parameters: {'n_estimators': 100, 'max_depth': 5, 'gamma': 0.816017102586079, 'subsample': 0.5160040782128984, 'colsample_bytree': 0.7277239110529665}. Best is trial 0 with value: 0.65.
[I 2026-04-21 10:38:46,300] Trial 5 finished with value: 0.6 and parameters: {'n_estimators': 40, 'max_depth': 20, 'gamma': 0.6643500821697236, 'subsample': 0.6076588997363731, 'colsample_bytree': 0.5754850538287481}. Best is trial 0 with value: 0.65.
[I 2026-04-21 10:38:46,338] Trial 6 finished with value: 0.5 and parameters: {'n_estimators': 100, 'max_depth': 20, 'gamma': 0.6361752212866232, 'subsample': 0.8309913561372338, 'colsample_bytree': 0.7552902276266351}. Best is trial 0 with value: 0.65.
[I 2026-04-21 10:38:46,367] Trial 7 finished with value: 0.65 and parameters: {'n_estimators': 10, 'max_depth': 5, 'gamma': 0.5767347850317142, 'subsample': 0.7995431264700696, 'colsample_bytree': 0.8604622333437917}. Best is trial 0 with value: 0.65.
[I 2026-04-21 10:38:46,406] Trial 8 finished with value: 0.55 and parameters: {'n_estimators': 100, 'max_depth': 20, 'gamma': 0.8470554948938058, 'subsample': 0.860339005739911, 'colsample_bytree': 0.9331308414408237}. Best is trial 0 with value: 0.65.
[I 2026-04-21 10:38:46,445] Trial 9 finished with value: 0.45 and parameters: {'n_estimators': 100, 'max_depth': 30, 'gamma': 0.574951454577921, 'subsample': 0.9696020680119358, 'colsample_bytree': 0.8616917074936369}. Best is trial 0 with value: 0.65.
[I 2026-04-21 10:38:46,479] Trial 10 finished with value: 0.6 and parameters: {'n_estimators': 40, 'max_depth': 5, 'gamma': 0.32359117507032664, 'subsample': 0.7187470692461426, 'colsample_bytree': 0.525322130410742}. Best is trial 0 with value: 0.65.
[I 2026-04-21 10:38:46,512] Trial 11 finished with value: 0.55 and parameters: {'n_estimators': 10, 'max_depth': 5, 'gamma': 0.4082163421954976, 'subsample': 0.77770540067081, 'colsample_bytree': 0.8319061115415691}. Best is trial 0 with value: 0.65.
[I 2026-04-21 10:38:46,550] Trial 12 finished with value: 0.6 and parameters: {'n_estimators': 10, 'max_depth': 5, 'gamma': 0.9738892144312379, 'subsample': 0.7275581808666991, 'colsample_bytree': 0.8103481323942138}. Best is trial 0 with value: 0.65.
[I 2026-04-21 10:38:46,597] Trial 13 finished with value: 0.65 and parameters: {'n_estimators': 10, 'max_depth': 5, 'gamma': 0.28035281814315843, 'subsample': 0.86846066182191, 'colsample_bytree': 0.9035946803119548}. Best is trial 0 with value: 0.65.
[I 2026-04-21 10:38:46,641] Trial 14 finished with value: 0.65 and parameters: {'n_estimators': 40, 'max_depth': 30, 'gamma': 0.4716573960951033, 'subsample': 0.6701049185702301, 'colsample_bytree': 0.7795127523595776}. Best is trial 0 with value: 0.65.
[I 2026-04-21 10:38:46,681] Trial 15 finished with value: 0.55 and parameters: {'n_estimators': 10, 'max_depth': 5, 'gamma': 0.6938593553614454, 'subsample': 0.785332734602564, 'colsample_bytree': 0.6415557347917157}. Best is trial 0 with value: 0.65.
[I 2026-04-21 10:38:46,730] Trial 16 finished with value: 0.6 and parameters: {'n_estimators': 40, 'max_depth': 5, 'gamma': 0.3948172633490876, 'subsample': 0.503398667355205, 'colsample_bytree': 0.9012380209623958}. Best is trial 0 with value: 0.65.
[I 2026-04-21 10:38:46,768] Trial 17 finished with value: 0.6 and parameters: {'n_estimators': 40, 'max_depth': 5, 'gamma': 0.5414208227950141, 'subsample': 0.9164181059630803, 'colsample_bytree': 0.9884806808918334}. Best is trial 0 with value: 0.65.
[I 2026-04-21 10:38:46,811] Trial 18 finished with value: 0.6 and parameters: {'n_estimators': 10, 'max_depth': 30, 'gamma': 0.1818456619379199, 'subsample': 0.6801943220449691, 'colsample_bytree': 0.8464826490004931}. Best is trial 0 with value: 0.65.
[I 2026-04-21 10:38:46,857] Trial 19 finished with value: 0.55 and parameters: {'n_estimators': 40, 'max_depth': 20, 'gamma': 0.28647044978551944, 'subsample': 0.809756943909781, 'colsample_bytree': 0.7872486122430066}. Best is trial 0 with value: 0.65.
[I 2026-04-21 10:38:46,896] Trial 20 finished with value: 0.6 and parameters: {'n_estimators': 10, 'max_depth': 5, 'gamma': 0.735320815306184, 'subsample': 0.5647055328831523, 'colsample_bytree': 0.6981816691946269}. Best is trial 0 with value: 0.65.
[I 2026-04-21 10:38:46,933] Trial 21 finished with value: 0.6 and parameters: {'n_estimators': 10, 'max_depth': 5, 'gamma': 0.2575613550262264, 'subsample': 0.9034236464861344, 'colsample_bytree': 0.9088743418269578}. Best is trial 0 with value: 0.65.
[I 2026-04-21 10:38:46,974] Trial 22 finished with value: 0.65 and parameters: {'n_estimators': 10, 'max_depth': 5, 'gamma': 0.5592066887518795, 'subsample': 0.8682031310919567, 'colsample_bytree': 0.892614414636733}. Best is trial 0 with value: 0.65.
[I 2026-04-21 10:38:47,015] Trial 23 finished with value: 0.5 and parameters: {'n_estimators': 10, 'max_depth': 5, 'gamma': 0.3753372396922584, 'subsample': 0.7579252723644871, 'colsample_bytree': 0.9453043181285695}. Best is trial 0 with value: 0.65.
[I 2026-04-21 10:38:47,053] Trial 24 finished with value: 0.55 and parameters: {'n_estimators': 10, 'max_depth': 5, 'gamma': 0.2248932764555912, 'subsample': 0.7128556794192616, 'colsample_bytree': 0.8670597512894409}. Best is trial 0 with value: 0.65.
[I 2026-04-21 10:38:47,096] Trial 25 finished with value: 0.6 and parameters: {'n_estimators': 10, 'max_depth': 5, 'gamma': 0.10764373246258885, 'subsample': 0.8321912800371787, 'colsample_bytree': 0.7941267046635376}. Best is trial 0 with value: 0.65.
[I 2026-04-21 10:38:47,138] Trial 26 finished with value: 0.6 and parameters: {'n_estimators': 40, 'max_depth': 5, 'gamma': 0.47288758367078765, 'subsample': 0.9143512120376213, 'colsample_bytree': 0.9592776145989702}. Best is trial 0 with value: 0.65.
[I 2026-04-21 10:38:47,180] Trial 27 finished with value: 0.55 and parameters: {'n_estimators': 10, 'max_depth': 5, 'gamma': 0.32869100373308163, 'subsample': 0.8705160311875424, 'colsample_bytree': 0.7457378026548651}. Best is trial 0 with value: 0.65.
[I 2026-04-21 10:38:47,220] Trial 28 finished with value: 0.6 and parameters: {'n_estimators': 10, 'max_depth': 20, 'gamma': 0.6059814351362571, 'subsample': 0.7911028865777519, 'colsample_bytree': 0.837376275190773}. Best is trial 0 with value: 0.65.
[I 2026-04-21 10:38:47,271] Trial 29 finished with value: 0.6 and parameters: {'n_estimators': 40, 'max_depth': 30, 'gamma': 0.5015828988861052, 'subsample': 0.7471179796677592, 'colsample_bytree': 0.8790938217575677}. Best is trial 0 with value: 0.65.
[I 2026-04-21 10:38:47,354] A new study created in memory with name: rf
[I 2026-04-21 10:38:47,821] Trial 0 finished with value: 0.7 and parameters: {'n_estimators': 450, 'max_depth': 20, 'min_samples_split': 9, 'min_samples_leaf': 6}. Best is trial 0 with value: 0.7.
[I 2026-04-21 10:38:48,048] Trial 1 finished with value: 0.65 and parameters: {'n_estimators': 193, 'max_depth': 3, 'min_samples_split': 5, 'min_samples_leaf': 5}. Best is trial 0 with value: 0.7.
[I 2026-04-21 10:38:48,406] Trial 2 finished with value: 0.65 and parameters: {'n_estimators': 309, 'max_depth': 11, 'min_samples_split': 6, 'min_samples_leaf': 6}. Best is trial 0 with value: 0.7.
[I 2026-04-21 10:38:48,858] Trial 3 finished with value: 0.7 and parameters: {'n_estimators': 405, 'max_depth': 15, 'min_samples_split': 7, 'min_samples_leaf': 5}. Best is trial 0 with value: 0.7.
[I 2026-04-21 10:38:49,107] Trial 4 finished with value: 0.65 and parameters: {'n_estimators': 215, 'max_depth': 20, 'min_samples_split': 5, 'min_samples_leaf': 3}. Best is trial 0 with value: 0.7.
[I 2026-04-21 10:38:49,304] Trial 5 finished with value: 0.6 and parameters: {'n_estimators': 126, 'max_depth': 20, 'min_samples_split': 3, 'min_samples_leaf': 4}. Best is trial 0 with value: 0.7.
[I 2026-04-21 10:38:49,482] Trial 6 finished with value: 0.5 and parameters: {'n_estimators': 128, 'max_depth': 7, 'min_samples_split': 5, 'min_samples_leaf': 9}. Best is trial 0 with value: 0.7.
[I 2026-04-21 10:38:49,760] Trial 7 finished with value: 0.7 and parameters: {'n_estimators': 238, 'max_depth': 20, 'min_samples_split': 2, 'min_samples_leaf': 4}. Best is trial 0 with value: 0.7.
