[I 2026-04-21 10:36:34,626] Trial 28 finished with value: 0.5 and parameters: {'C': 0.8949216779869078, 'gamma': 0.0011458686467754882}. Best is trial 9 with value: 0.55.
[I 2026-04-21 10:36:34,650] Trial 29 finished with value: 0.6 and parameters: {'C': 39.44210813224827, 'gamma': 0.0002107850998845556}. Best is trial 29 with value: 0.6.
[I 2026-04-21 10:36:34,716] A new study created in memory with name: naive_bayes
[I 2026-04-21 10:36:34,730] Trial 0 finished with value: 0.55 and parameters: {'var_smoothing': 1.4210736239935712e-10}. Best is trial 0 with value: 0.55.
[I 2026-04-21 10:36:34,755] Trial 1 finished with value: 0.6 and parameters: {'var_smoothing': 3.629422978396398e-09}. Best is trial 1 with value: 0.6.
[I 2026-04-21 10:36:34,770] Trial 2 finished with value: 0.55 and parameters: {'var_smoothing': 7.530407234027127e-10}. Best is trial 1 with value: 0.6.
[I 2026-04-21 10:36:34,784] Trial 3 finished with value: 0.6 and parameters: {'var_smoothing': 2.7985325053380072e-09}. Best is trial 1 with value: 0.6.
[I 2026-04-21 10:36:34,798] Trial 4 finished with value: 0.6 and parameters: {'var_smoothing': 9.036058293737187e-09}. Best is trial 1 with value: 0.6.
[I 2026-04-21 10:36:34,811] Trial 5 finished with value: 0.6 and parameters: {'var_smoothing': 1.1939653980558784e-09}. Best is trial 1 with value: 0.6.
[I 2026-04-21 10:36:34,824] Trial 6 finished with value: 0.6 and parameters: {'var_smoothing': 1.005173261185167e-09}. Best is trial 1 with value: 0.6.
[I 2026-04-21 10:36:34,837] Trial 7 finished with value: 0.55 and parameters: {'var_smoothing': 1.393484899105757e-10}. Best is trial 1 with value: 0.6.
[I 2026-04-21 10:36:34,851] Trial 8 finished with value: 0.55 and parameters: {'var_smoothing': 3.4425317961147986e-10}. Best is trial 1 with value: 0.6.
[I 2026-04-21 10:36:34,864] Trial 9 finished with value: 0.6 and parameters: {'var_smoothing': 9.994590426751933e-10}. Best is trial 1 with value: 0.6.
[I 2026-04-21 10:36:34,882] Trial 10 finished with value: 0.6 and parameters: {'var_smoothing': 7.396158787668394e-09}. Best is trial 1 with value: 0.6.
[I 2026-04-21 10:36:34,898] Trial 11 finished with value: 0.6 and parameters: {'var_smoothing': 3.4198265657263155e-09}. Best is trial 1 with value: 0.6.
[I 2026-04-21 10:36:34,916] Trial 12 finished with value: 0.6 and parameters: {'var_smoothing': 3.1045497115373273e-09}. Best is trial 1 with value: 0.6.
[I 2026-04-21 10:36:34,937] Trial 13 finished with value: 0.6 and parameters: {'var_smoothing': 2.9004627553340384e-09}. Best is trial 1 with value: 0.6.
[I 2026-04-21 10:36:34,953] Trial 14 finished with value: 0.6 and parameters: {'var_smoothing': 4.799860757682055e-09}. Best is trial 1 with value: 0.6.
[I 2026-04-21 10:36:34,971] Trial 15 finished with value: 0.6 and parameters: {'var_smoothing': 1.9256387610461327e-09}. Best is trial 1 with value: 0.6.
[I 2026-04-21 10:36:34,991] Trial 16 finished with value: 0.6 and parameters: {'var_smoothing': 2.0102521194023534e-09}. Best is trial 1 with value: 0.6.
[I 2026-04-21 10:36:35,007] Trial 17 finished with value: 0.6 and parameters: {'var_smoothing': 5.746739611519264e-09}. Best is trial 1 with value: 0.6.
[I 2026-04-21 10:36:35,024] Trial 18 finished with value: 0.55 and parameters: {'var_smoothing': 5.126237368588495e-10}. Best is trial 1 with value: 0.6.
[I 2026-04-21 10:36:35,043] Trial 19 finished with value: 0.6 and parameters: {'var_smoothing': 1.8348410911506297e-09}. Best is trial 1 with value: 0.6.
[I 2026-04-21 10:36:35,064] Trial 20 finished with value: 0.6 and parameters: {'var_smoothing': 5.29215399120128e-09}. Best is trial 1 with value: 0.6.
[I 2026-04-21 10:36:35,084] Trial 21 finished with value: 0.6 and parameters: {'var_smoothing': 8.939526328953797e-09}. Best is trial 1 with value: 0.6.
[I 2026-04-21 10:36:35,102] Trial 22 finished with value: 0.6 and parameters: {'var_smoothing': 8.926184494218705e-09}. Best is trial 1 with value: 0.6.
[I 2026-04-21 10:36:35,122] Trial 23 finished with value: 0.6 and parameters: {'var_smoothing': 3.851463829550156e-09}. Best is trial 1 with value: 0.6.
[I 2026-04-21 10:36:35,141] Trial 24 finished with value: 0.6 and parameters: {'var_smoothing': 5.939395502867747e-09}. Best is trial 1 with value: 0.6.
[I 2026-04-21 10:36:35,159] Trial 25 finished with value: 0.6 and parameters: {'var_smoothing': 2.471319357063636e-09}. Best is trial 1 with value: 0.6.
[I 2026-04-21 10:36:35,176] Trial 26 finished with value: 0.6 and parameters: {'var_smoothing': 9.840349534133634e-09}. Best is trial 1 with value: 0.6.
[I 2026-04-21 10:36:35,194] Trial 27 finished with value: 0.6 and parameters: {'var_smoothing': 1.4755966489715603e-09}. Best is trial 1 with value: 0.6.
[I 2026-04-21 10:36:35,212] Trial 28 finished with value: 0.6 and parameters: {'var_smoothing': 4.264639897985646e-09}. Best is trial 1 with value: 0.6.
[I 2026-04-21 10:36:35,228] Trial 29 finished with value: 0.55 and parameters: {'var_smoothing': 2.6193491856269964e-10}. Best is trial 1 with value: 0.6.
[I 2026-04-21 10:36:35,269] A new study created in memory with name: logreg
[I 2026-04-21 10:36:35,283] Trial 0 finished with value: 0.5 and parameters: {'C': 0.002407362254570802, 'penalty': 'l2'}. Best is trial 0 with value: 0.5.
[I 2026-04-21 10:36:35,308] Trial 1 finished with value: 0.55 and parameters: {'C': 7.935859334260497, 'penalty': 'l2'}. Best is trial 1 with value: 0.55.
[I 2026-04-21 10:36:35,333] Trial 2 finished with value: 0.5 and parameters: {'C': 0.15561310098067915, 'penalty': 'l2'}. Best is trial 1 with value: 0.55.
[I 2026-04-21 10:36:35,356] Trial 3 finished with value: 0.55 and parameters: {'C': 4.143104515916128, 'penalty': 'l2'}. Best is trial 1 with value: 0.55.
[I 2026-04-21 10:36:35,381] Trial 4 finished with value: 0.55 and parameters: {'C': 77.61533923098803, 'penalty': 'l2'}. Best is trial 1 with value: 0.55.
[I 2026-04-21 10:36:35,406] Trial 5 finished with value: 0.55 and parameters: {'C': 0.49258292359934785, 'penalty': 'l2'}. Best is trial 1 with value: 0.55.
[I 2026-04-21 10:36:35,420] Trial 6 finished with value: 0.55 and parameters: {'C': 0.320333470047146, 'penalty': 'l2'}. Best is trial 1 with value: 0.55.
[I 2026-04-21 10:36:35,443] Trial 7 finished with value: 0.5 and parameters: {'C': 0.002292216671132896, 'penalty': 'l2'}. Best is trial 1 with value: 0.55.
[I 2026-04-21 10:36:35,467] Trial 8 finished with value: 0.55 and parameters: {'C': 0.0219884643872214, 'penalty': 'l2'}. Best is trial 1 with value: 0.55.
[I 2026-04-21 10:36:35,492] Trial 9 finished with value: 0.55 and parameters: {'C': 0.31580027519646636, 'penalty': 'l2'}. Best is trial 1 with value: 0.55.
[I 2026-04-21 10:36:35,522] Trial 10 finished with value: 0.55 and parameters: {'C': 47.045226746887316, 'penalty': 'l2'}. Best is trial 1 with value: 0.55.
[I 2026-04-21 10:36:35,549] Trial 11 finished with value: 0.55 and parameters: {'C': 6.839277165794106, 'penalty': 'l2'}. Best is trial 1 with value: 0.55.
[I 2026-04-21 10:36:35,576] Trial 12 finished with value: 0.55 and parameters: {'C': 5.370275252082627, 'penalty': 'l2'}. Best is trial 1 with value: 0.55.
[I 2026-04-21 10:36:35,607] Trial 13 finished with value: 0.55 and parameters: {'C': 4.530730528990401, 'penalty': 'l2'}. Best is trial 1 with value: 0.55.
[I 2026-04-21 10:36:35,639] Trial 14 finished with value: 0.55 and parameters: {'C': 15.961422628848593, 'penalty': 'l2'}. Best is trial 1 with value: 0.55.
[I 2026-04-21 10:36:35,661] Trial 15 finished with value: 0.55 and parameters: {'C': 1.6271854345698875, 'penalty': 'l2'}. Best is trial 1 with value: 0.55.
[I 2026-04-21 10:36:35,690] Trial 16 finished with value: 0.55 and parameters: {'C': 1.8118670271657522, 'penalty': 'l2'}. Best is trial 1 with value: 0.55.
[I 2026-04-21 10:36:35,709] Trial 17 finished with value: 0.55 and parameters: {'C': 25.035357564636254, 'penalty': 'l2'}. Best is trial 1 with value: 0.55.
[I 2026-04-21 10:36:35,739] Trial 18 finished with value: 0.45 and parameters: {'C': 0.059497234598840446, 'penalty': 'l2'}. Best is trial 1 with value: 0.55.
[I 2026-04-21 10:36:35,771] Trial 19 finished with value: 0.55 and parameters: {'C': 1.4421025470950777, 'penalty': 'l2'}. Best is trial 1 with value: 0.55.
[I 2026-04-21 10:36:35,803] Trial 20 finished with value: 0.55 and parameters: {'C': 20.37422894544439, 'penalty': 'l2'}. Best is trial 1 with value: 0.55.
[I 2026-04-21 10:36:35,835] Trial 21 finished with value: 0.55 and parameters: {'C': 75.5590118311051, 'penalty': 'l2'}. Best is trial 1 with value: 0.55.
[I 2026-04-21 10:36:35,864] Trial 22 finished with value: 0.55 and parameters: {'C': 75.27740638314266, 'penalty': 'l2'}. Best is trial 1 with value: 0.55.
[I 2026-04-21 10:36:35,894] Trial 23 finished with value: 0.55 and parameters: {'C': 9.20586409160206, 'penalty': 'l2'}. Best is trial 1 with value: 0.55.
[I 2026-04-21 10:36:35,923] Trial 24 finished with value: 0.55 and parameters: {'C': 27.18664488933132, 'penalty': 'l2'}. Best is trial 1 with value: 0.55.
[I 2026-04-21 10:36:35,952] Trial 25 finished with value: 0.55 and parameters: {'C': 3.036142682269954, 'penalty': 'l2'}. Best is trial 1 with value: 0.55.
[I 2026-04-21 10:36:35,982] Trial 26 finished with value: 0.55 and parameters: {'C': 96.05640144399393, 'penalty': 'l2'}. Best is trial 1 with value: 0.55.
[I 2026-04-21 10:36:36,011] Trial 27 finished with value: 0.55 and parameters: {'C': 0.8364098732378402, 'penalty': 'l2'}. Best is trial 1 with value: 0.55.
[I 2026-04-21 10:36:36,040] Trial 28 finished with value: 0.55 and parameters: {'C': 11.876976963767161, 'penalty': 'l2'}. Best is trial 1 with value: 0.55.
[I 2026-04-21 10:36:36,069] Trial 29 finished with value: 0.6 and parameters: {'C': 0.011104103350344362, 'penalty': 'l2'}. Best is trial 29 with value: 0.6.
[I 2026-04-21 10:36:36,107] A new study created in memory with name: knn
[I 2026-04-21 10:36:36,121] Trial 0 finished with value: 0.55 and parameters: {'n_neighbors': 3, 'leaf_size': 36, 'p': 2}. Best is trial 0 with value: 0.55.
[I 2026-04-21 10:36:36,145] Trial 1 finished with value: 0.6 and parameters: {'n_neighbors': 10, 'leaf_size': 31, 'p': 1}. Best is trial 1 with value: 0.6.
[I 2026-04-21 10:36:36,158] Trial 2 finished with value: 0.75 and parameters: {'n_neighbors': 5, 'leaf_size': 30, 'p': 2}. Best is trial 2 with value: 0.75.
[I 2026-04-21 10:36:36,170] Trial 3 finished with value: 0.7 and parameters: {'n_neighbors': 6, 'leaf_size': 21, 'p': 2}. Best is trial 2 with value: 0.75.
[I 2026-04-21 10:36:36,184] Trial 4 finished with value: 0.7 and parameters: {'n_neighbors': 4, 'leaf_size': 29, 'p': 1}. Best is trial 2 with value: 0.75.
[I 2026-04-21 10:36:36,199] Trial 5 finished with value: 0.55 and parameters: {'n_neighbors': 7, 'leaf_size': 39, 'p': 2}. Best is trial 2 with value: 0.75.
[I 2026-04-21 10:36:36,212] Trial 6 finished with value: 0.5 and parameters: {'n_neighbors': 10, 'leaf_size': 22, 'p': 2}. Best is trial 2 with value: 0.75.
[I 2026-04-21 10:36:36,238] Trial 7 finished with value: 0.35 and parameters: {'n_neighbors': 8, 'leaf_size': 29, 'p': 2}. Best is trial 2 with value: 0.75.
[I 2026-04-21 10:36:36,253] Trial 8 finished with value: 0.75 and parameters: {'n_neighbors': 5, 'leaf_size': 30, 'p': 2}. Best is trial 2 with value: 0.75.
[I 2026-04-21 10:36:36,267] Trial 9 finished with value: 0.6 and parameters: {'n_neighbors': 9, 'leaf_size': 26, 'p': 1}. Best is trial 2 with value: 0.75.
[I 2026-04-21 10:36:36,295] Trial 10 finished with value: 0.7 and parameters: {'n_neighbors': 5, 'leaf_size': 35, 'p': 1}. Best is trial 2 with value: 0.75.
[I 2026-04-21 10:36:36,320] Trial 11 finished with value: 0.75 and parameters: {'n_neighbors': 5, 'leaf_size': 32, 'p': 2}. Best is trial 2 with value: 0.75.
[I 2026-04-21 10:36:36,343] Trial 12 finished with value: 0.7 and parameters: {'n_neighbors': 6, 'leaf_size': 26, 'p': 2}. Best is trial 2 with value: 0.75.
[I 2026-04-21 10:36:36,366] Trial 13 finished with value: 0.55 and parameters: {'n_neighbors': 3, 'leaf_size': 33, 'p': 2}. Best is trial 2 with value: 0.75.
[I 2026-04-21 10:36:36,390] Trial 14 finished with value: 0.75 and parameters: {'n_neighbors': 5, 'leaf_size': 26, 'p': 2}. Best is trial 2 with value: 0.75.
[I 2026-04-21 10:36:36,415] Trial 15 finished with value: 0.55 and parameters: {'n_neighbors': 7, 'leaf_size': 28, 'p': 2}. Best is trial 2 with value: 0.75.
[I 2026-04-21 10:36:36,439] Trial 16 finished with value: 0.65 and parameters: {'n_neighbors': 4, 'leaf_size': 24, 'p': 2}. Best is trial 2 with value: 0.75.
[I 2026-04-21 10:36:36,462] Trial 17 finished with value: 0.65 and parameters: {'n_neighbors': 4, 'leaf_size': 35, 'p': 2}. Best is trial 2 with value: 0.75.
[I 2026-04-21 10:36:36,487] Trial 18 finished with value: 0.75 and parameters: {'n_neighbors': 6, 'leaf_size': 39, 'p': 1}. Best is trial 2 with value: 0.75.
[I 2026-04-21 10:36:36,513] Trial 19 finished with value: 0.75 and parameters: {'n_neighbors': 5, 'leaf_size': 33, 'p': 2}. Best is trial 2 with value: 0.75.
[I 2026-04-21 10:36:36,539] Trial 20 finished with value: 0.35 and parameters: {'n_neighbors': 8, 'leaf_size': 30, 'p': 2}. Best is trial 2 with value: 0.75.
[I 2026-04-21 10:36:36,563] Trial 21 finished with value: 0.75 and parameters: {'n_neighbors': 5, 'leaf_size': 32, 'p': 2}. Best is trial 2 with value: 0.75.
[I 2026-04-21 10:36:36,590] Trial 22 finished with value: 0.65 and parameters: {'n_neighbors': 4, 'leaf_size': 28, 'p': 2}. Best is trial 2 with value: 0.75.
[I 2026-04-21 10:36:36,615] Trial 23 finished with value: 0.75 and parameters: {'n_neighbors': 5, 'leaf_size': 31, 'p': 2}. Best is trial 2 with value: 0.75.
[I 2026-04-21 10:36:36,639] Trial 24 finished with value: 0.7 and parameters: {'n_neighbors': 6, 'leaf_size': 33, 'p': 2}. Best is trial 2 with value: 0.75.
[I 2026-04-21 10:36:36,665] Trial 25 finished with value: 0.55 and parameters: {'n_neighbors': 7, 'leaf_size': 37, 'p': 2}. Best is trial 2 with value: 0.75.
[I 2026-04-21 10:36:36,688] Trial 26 finished with value: 0.6 and parameters: {'n_neighbors': 3, 'leaf_size': 27, 'p': 1}. Best is trial 2 with value: 0.75.
[I 2026-04-21 10:36:36,714] Trial 27 finished with value: 0.65 and parameters: {'n_neighbors': 4, 'leaf_size': 31, 'p': 2}. Best is trial 2 with value: 0.75.
[I 2026-04-21 10:36:36,741] Trial 28 finished with value: 0.75 and parameters: {'n_neighbors': 5, 'leaf_size': 34, 'p': 2}. Best is trial 2 with value: 0.75.
[I 2026-04-21 10:36:36,768] Trial 29 finished with value: 0.55 and parameters: {'n_neighbors': 3, 'leaf_size': 37, 'p': 2}. Best is trial 2 with value: 0.75.
[I 2026-04-21 10:36:36,815] A new study created in memory with name: xgb
[I 2026-04-21 10:36:36,839] Trial 0 finished with value: 0.6 and parameters: {'n_estimators': 40, 'max_depth': 20, 'gamma': 0.5510084172939441, 'subsample': 0.5360255666798808, 'colsample_bytree': 0.6342194900509356}. Best is trial 0 with value: 0.6.
[I 2026-04-21 10:36:36,877] Trial 1 finished with value: 0.55 and parameters: {'n_estimators': 100, 'max_depth': 5, 'gamma': 0.9186341749476523, 'subsample': 0.6066926767899578, 'colsample_bytree': 0.7260619809088416}. Best is trial 0 with value: 0.6.
[I 2026-04-21 10:36:36,905] Trial 2 finished with value: 0.6 and parameters: {'n_estimators': 10, 'max_depth': 5, 'gamma': 0.9182155373980582, 'subsample': 0.566584722879625, 'colsample_bytree': 0.761706290336883}. Best is trial 0 with value: 0.6.
[I 2026-04-21 10:36:36,934] Trial 3 finished with value: 0.65 and parameters: {'n_estimators': 10, 'max_depth': 20, 'gamma': 0.5296610393664296, 'subsample': 0.6829451928902965, 'colsample_bytree': 0.9189589971546304}. Best is trial 3 with value: 0.65.
[I 2026-04-21 10:36:36,962] Trial 4 finished with value: 0.6 and parameters: {'n_estimators': 10, 'max_depth': 20, 'gamma': 0.6916595165017824, 'subsample': 0.6851755414940176, 'colsample_bytree': 0.7295464889457157}. Best is trial 3 with value: 0.65.
[I 2026-04-21 10:36:37,000] Trial 5 finished with value: 0.55 and parameters: {'n_estimators': 100, 'max_depth': 20, 'gamma': 0.48380821541644814, 'subsample': 0.8171899343169193, 'colsample_bytree': 0.7614531005141727}. Best is trial 3 with value: 0.65.
[I 2026-04-21 10:36:37,028] Trial 6 finished with value: 0.55 and parameters: {'n_estimators': 10, 'max_depth': 5, 'gamma': 0.9599214907026333, 'subsample': 0.8414569271877088, 'colsample_bytree': 0.5265643453364788}. Best is trial 3 with value: 0.65.
[I 2026-04-21 10:36:37,056] Trial 7 finished with value: 0.55 and parameters: {'n_estimators': 40, 'max_depth': 5, 'gamma': 0.5250915966595621, 'subsample': 0.9207383574491986, 'colsample_bytree': 0.565555321173957}. Best is trial 3 with value: 0.65.
[I 2026-04-21 10:36:37,095] Trial 8 finished with value: 0.55 and parameters: {'n_estimators': 100, 'max_depth': 5, 'gamma': 0.3919835527051987, 'subsample': 0.6502094521590198, 'colsample_bytree': 0.5827507002328938}. Best is trial 3 with value: 0.65.
[I 2026-04-21 10:36:37,132] Trial 9 finished with value: 0.55 and parameters: {'n_estimators': 100, 'max_depth': 5, 'gamma': 0.8003922413895069, 'subsample': 0.9436444759263674, 'colsample_bytree': 0.8374593849333938}. Best is trial 3 with value: 0.65.
[I 2026-04-21 10:36:37,172] Trial 10 finished with value: 0.6 and parameters: {'n_estimators': 10, 'max_depth': 30, 'gamma': 0.13445536345660636, 'subsample': 0.7667965871523328, 'colsample_bytree': 0.9450782802183846}. Best is trial 3 with value: 0.65.
[I 2026-04-21 10:36:37,213] Trial 11 finished with value: 0.6 and parameters: {'n_estimators': 40, 'max_depth': 20, 'gamma': 0.3416119195877882, 'subsample': 0.5302186810181232, 'colsample_bytree': 0.9392884156859822}. Best is trial 3 with value: 0.65.
[I 2026-04-21 10:36:37,254] Trial 12 finished with value: 0.7 and parameters: {'n_estimators': 40, 'max_depth': 20, 'gamma': 0.6230799259142646, 'subsample': 0.5001563712693016, 'colsample_bytree': 0.6354832124742338}. Best is trial 12 with value: 0.7.
[I 2026-04-21 10:36:37,294] Trial 13 finished with value: 0.6 and parameters: {'n_estimators': 40, 'max_depth': 20, 'gamma': 0.6672673875689135, 'subsample': 0.7034868611542817, 'colsample_bytree': 0.8674537426642865}. Best is trial 12 with value: 0.7.
[I 2026-04-21 10:36:37,334] Trial 14 finished with value: 0.6 and parameters: {'n_estimators': 10, 'max_depth': 30, 'gamma': 0.6790402931813384, 'subsample': 0.6147808740972955, 'colsample_bytree': 0.9975936554071446}. Best is trial 12 with value: 0.7.
[I 2026-04-21 10:36:37,373] Trial 15 finished with value: 0.5 and parameters: {'n_estimators': 40, 'max_depth': 20, 'gamma': 0.25464628459886485, 'subsample': 0.7544779959401693, 'colsample_bytree': 0.6227163680796591}. Best is trial 12 with value: 0.7.
[I 2026-04-21 10:36:37,411] Trial 16 finished with value: 0.7 and parameters: {'n_estimators': 40, 'max_depth': 20, 'gamma': 0.7858770528777546, 'subsample': 0.5130612763307095, 'colsample_bytree': 0.665659864377243}. Best is trial 12 with value: 0.7.
[I 2026-04-21 10:36:37,450] Trial 17 finished with value: 0.7 and parameters: {'n_estimators': 40, 'max_depth': 20, 'gamma': 0.763494097062151, 'subsample': 0.5111420627653248, 'colsample_bytree': 0.6742119142218679}. Best is trial 12 with value: 0.7.
[I 2026-04-21 10:36:37,491] Trial 18 finished with value: 0.5 and parameters: {'n_estimators': 40, 'max_depth': 30, 'gamma': 0.8236128153744405, 'subsample': 0.5875894865879144, 'colsample_bytree': 0.5029113864218389}. Best is trial 12 with value: 0.7.
[I 2026-04-21 10:36:37,528] Trial 19 finished with value: 0.65 and parameters: {'n_estimators': 40, 'max_depth': 20, 'gamma': 0.6160921383658109, 'subsample': 0.5011191823417127, 'colsample_bytree': 0.6647734894321138}. Best is trial 12 with value: 0.7.
[I 2026-04-21 10:36:37,567] Trial 20 finished with value: 0.5 and parameters: {'n_estimators': 40, 'max_depth': 20, 'gamma': 0.846337378301291, 'subsample': 0.9961764358499778, 'colsample_bytree': 0.8235446575584318}. Best is trial 12 with value: 0.7.
[I 2026-04-21 10:36:37,606] Trial 21 finished with value: 0.65 and parameters: {'n_estimators': 40, 'max_depth': 20, 'gamma': 0.7588650298899893, 'subsample': 0.509155622482207, 'colsample_bytree': 0.6858911772892123}. Best is trial 12 with value: 0.7.
[I 2026-04-21 10:36:37,645] Trial 22 finished with value: 0.5 and parameters: {'n_estimators': 40, 'max_depth': 20, 'gamma': 0.7617509739316523, 'subsample': 0.5570168850410494, 'colsample_bytree': 0.6891634815114558}. Best is trial 12 with value: 0.7.
[I 2026-04-21 10:36:37,687] Trial 23 finished with value: 0.5 and parameters: {'n_estimators': 40, 'max_depth': 20, 'gamma': 0.5943096932805854, 'subsample': 0.6208732327056559, 'colsample_bytree': 0.6103974489673321}. Best is trial 12 with value: 0.7.
[I 2026-04-21 10:36:37,726] Trial 24 finished with value: 0.5 and parameters: {'n_estimators': 40, 'max_depth': 20, 'gamma': 0.7467184150726914, 'subsample': 0.5585429029870081, 'colsample_bytree': 0.6543218988225263}. Best is trial 12 with value: 0.7.
[I 2026-04-21 10:36:37,765] Trial 25 finished with value: 0.65 and parameters: {'n_estimators': 40, 'max_depth': 30, 'gamma': 0.8635160240683768, 'subsample': 0.5003860811107156, 'colsample_bytree': 0.588583477207909}. Best is trial 12 with value: 0.7.
[I 2026-04-21 10:36:37,803] Trial 26 finished with value: 0.6 and parameters: {'n_estimators': 40, 'max_depth': 20, 'gamma': 0.6448404138372371, 'subsample': 0.6484970269207684, 'colsample_bytree': 0.7104691348091388}. Best is trial 12 with value: 0.7.
[I 2026-04-21 10:36:37,840] Trial 27 finished with value: 0.5 and parameters: {'n_estimators': 40, 'max_depth': 20, 'gamma': 0.9941648109300356, 'subsample': 0.5803143680270177, 'colsample_bytree': 0.7942998739169}. Best is trial 12 with value: 0.7.
[I 2026-04-21 10:36:37,881] Trial 28 finished with value: 0.6 and parameters: {'n_estimators': 40, 'max_depth': 20, 'gamma': 0.4537331050875932, 'subsample': 0.5367076876573048, 'colsample_bytree': 0.5495745636066478}. Best is trial 12 with value: 0.7.
