[I 2026-04-21 10:37:33,787] Trial 7 finished with value: 0.6 and parameters: {'n_neighbors': 8, 'leaf_size': 29, 'p': 2}. Best is trial 0 with value: 0.85.
[I 2026-04-21 10:37:33,801] Trial 8 finished with value: 0.75 and parameters: {'n_neighbors': 5, 'leaf_size': 30, 'p': 2}. Best is trial 0 with value: 0.85.
[I 2026-04-21 10:37:33,815] Trial 9 finished with value: 0.75 and parameters: {'n_neighbors': 9, 'leaf_size': 26, 'p': 1}. Best is trial 0 with value: 0.85.
[I 2026-04-21 10:37:33,841] Trial 10 finished with value: 0.85 and parameters: {'n_neighbors': 4, 'leaf_size': 38, 'p': 1}. Best is trial 0 with value: 0.85.
[I 2026-04-21 10:37:33,869] Trial 11 finished with value: 0.9 and parameters: {'n_neighbors': 3, 'leaf_size': 34, 'p': 1}. Best is trial 11 with value: 0.9.
[I 2026-04-21 10:37:33,894] Trial 12 finished with value: 0.9 and parameters: {'n_neighbors': 3, 'leaf_size': 35, 'p': 1}. Best is trial 11 with value: 0.9.
[I 2026-04-21 10:37:33,921] Trial 13 finished with value: 0.9 and parameters: {'n_neighbors': 3, 'leaf_size': 34, 'p': 1}. Best is trial 11 with value: 0.9.
[I 2026-04-21 10:37:33,950] Trial 14 finished with value: 0.9 and parameters: {'n_neighbors': 3, 'leaf_size': 34, 'p': 1}. Best is trial 11 with value: 0.9.
[I 2026-04-21 10:37:33,975] Trial 15 finished with value: 0.9 and parameters: {'n_neighbors': 5, 'leaf_size': 34, 'p': 1}. Best is trial 11 with value: 0.9.
[I 2026-04-21 10:37:34,002] Trial 16 finished with value: 0.85 and parameters: {'n_neighbors': 4, 'leaf_size': 40, 'p': 1}. Best is trial 11 with value: 0.9.
[I 2026-04-21 10:37:34,029] Trial 17 finished with value: 0.9 and parameters: {'n_neighbors': 6, 'leaf_size': 36, 'p': 1}. Best is trial 11 with value: 0.9.
[I 2026-04-21 10:37:34,056] Trial 18 finished with value: 0.8 and parameters: {'n_neighbors': 7, 'leaf_size': 33, 'p': 1}. Best is trial 11 with value: 0.9.
[I 2026-04-21 10:37:34,087] Trial 19 finished with value: 0.9 and parameters: {'n_neighbors': 3, 'leaf_size': 26, 'p': 1}. Best is trial 11 with value: 0.9.
[I 2026-04-21 10:37:34,113] Trial 20 finished with value: 0.85 and parameters: {'n_neighbors': 4, 'leaf_size': 37, 'p': 1}. Best is trial 11 with value: 0.9.
[I 2026-04-21 10:37:34,141] Trial 21 finished with value: 0.9 and parameters: {'n_neighbors': 3, 'leaf_size': 33, 'p': 1}. Best is trial 11 with value: 0.9.
[I 2026-04-21 10:37:34,173] Trial 22 finished with value: 0.9 and parameters: {'n_neighbors': 3, 'leaf_size': 35, 'p': 1}. Best is trial 11 with value: 0.9.
[I 2026-04-21 10:37:34,200] Trial 23 finished with value: 0.85 and parameters: {'n_neighbors': 4, 'leaf_size': 32, 'p': 1}. Best is trial 11 with value: 0.9.
[I 2026-04-21 10:37:34,227] Trial 24 finished with value: 0.9 and parameters: {'n_neighbors': 5, 'leaf_size': 37, 'p': 1}. Best is trial 11 with value: 0.9.
[I 2026-04-21 10:37:34,251] Trial 25 finished with value: 0.9 and parameters: {'n_neighbors': 3, 'leaf_size': 35, 'p': 1}. Best is trial 11 with value: 0.9.
[I 2026-04-21 10:37:34,273] Trial 26 finished with value: 0.85 and parameters: {'n_neighbors': 4, 'leaf_size': 27, 'p': 1}. Best is trial 11 with value: 0.9.
[I 2026-04-21 10:37:34,300] Trial 27 finished with value: 0.9 and parameters: {'n_neighbors': 3, 'leaf_size': 32, 'p': 1}. Best is trial 11 with value: 0.9.
[I 2026-04-21 10:37:34,324] Trial 28 finished with value: 0.9 and parameters: {'n_neighbors': 6, 'leaf_size': 40, 'p': 1}. Best is trial 11 with value: 0.9.
[I 2026-04-21 10:37:34,350] Trial 29 finished with value: 0.9 and parameters: {'n_neighbors': 3, 'leaf_size': 36, 'p': 1}. Best is trial 11 with value: 0.9.
[I 2026-04-21 10:37:34,392] A new study created in memory with name: xgb
[I 2026-04-21 10:37:34,419] Trial 0 finished with value: 0.9 and parameters: {'n_estimators': 40, 'max_depth': 20, 'gamma': 0.5510084172939441, 'subsample': 0.5360255666798808, 'colsample_bytree': 0.6342194900509356}. Best is trial 0 with value: 0.9.
[I 2026-04-21 10:37:34,457] Trial 1 finished with value: 0.9 and parameters: {'n_estimators': 100, 'max_depth': 5, 'gamma': 0.9186341749476523, 'subsample': 0.6066926767899578, 'colsample_bytree': 0.7260619809088416}. Best is trial 0 with value: 0.9.
[I 2026-04-21 10:37:34,484] Trial 2 finished with value: 0.9 and parameters: {'n_estimators': 10, 'max_depth': 5, 'gamma': 0.9182155373980582, 'subsample': 0.566584722879625, 'colsample_bytree': 0.761706290336883}. Best is trial 0 with value: 0.9.
[I 2026-04-21 10:37:34,510] Trial 3 finished with value: 0.95 and parameters: {'n_estimators': 10, 'max_depth': 20, 'gamma': 0.5296610393664296, 'subsample': 0.6829451928902965, 'colsample_bytree': 0.9189589971546304}. Best is trial 3 with value: 0.95.
[I 2026-04-21 10:37:34,537] Trial 4 finished with value: 0.95 and parameters: {'n_estimators': 10, 'max_depth': 20, 'gamma': 0.6916595165017824, 'subsample': 0.6851755414940176, 'colsample_bytree': 0.7295464889457157}. Best is trial 3 with value: 0.95.
[I 2026-04-21 10:37:34,564] Trial 5 finished with value: 0.95 and parameters: {'n_estimators': 100, 'max_depth': 20, 'gamma': 0.48380821541644814, 'subsample': 0.8171899343169193, 'colsample_bytree': 0.7614531005141727}. Best is trial 3 with value: 0.95.
[I 2026-04-21 10:37:34,590] Trial 6 finished with value: 0.9 and parameters: {'n_estimators': 10, 'max_depth': 5, 'gamma': 0.9599214907026333, 'subsample': 0.8414569271877088, 'colsample_bytree': 0.5265643453364788}. Best is trial 3 with value: 0.95.
[I 2026-04-21 10:37:34,617] Trial 7 finished with value: 0.95 and parameters: {'n_estimators': 40, 'max_depth': 5, 'gamma': 0.5250915966595621, 'subsample': 0.9207383574491986, 'colsample_bytree': 0.565555321173957}. Best is trial 3 with value: 0.95.
[I 2026-04-21 10:37:34,653] Trial 8 finished with value: 0.9 and parameters: {'n_estimators': 100, 'max_depth': 5, 'gamma': 0.3919835527051987, 'subsample': 0.6502094521590198, 'colsample_bytree': 0.5827507002328938}. Best is trial 3 with value: 0.95.
[I 2026-04-21 10:37:34,685] Trial 9 finished with value: 0.9 and parameters: {'n_estimators': 100, 'max_depth': 5, 'gamma': 0.8003922413895069, 'subsample': 0.9436444759263674, 'colsample_bytree': 0.8374593849333938}. Best is trial 3 with value: 0.95.
[I 2026-04-21 10:37:34,726] Trial 10 finished with value: 0.9 and parameters: {'n_estimators': 10, 'max_depth': 30, 'gamma': 0.13445536345660636, 'subsample': 0.7667965871523328, 'colsample_bytree': 0.9450782802183846}. Best is trial 3 with value: 0.95.
[I 2026-04-21 10:37:34,765] Trial 11 finished with value: 0.9 and parameters: {'n_estimators': 10, 'max_depth': 20, 'gamma': 0.7178481389617252, 'subsample': 0.6915472068341689, 'colsample_bytree': 0.995366239845801}. Best is trial 3 with value: 0.95.
[I 2026-04-21 10:37:34,809] Trial 12 finished with value: 0.9 and parameters: {'n_estimators': 10, 'max_depth': 20, 'gamma': 0.691860501845774, 'subsample': 0.7067529051595509, 'colsample_bytree': 0.8628640457831127}. Best is trial 3 with value: 0.95.
[I 2026-04-21 10:37:34,848] Trial 13 finished with value: 0.9 and parameters: {'n_estimators': 10, 'max_depth': 20, 'gamma': 0.321019430638931, 'subsample': 0.748337487018188, 'colsample_bytree': 0.658442178156126}. Best is trial 3 with value: 0.95.
[I 2026-04-21 10:37:34,887] Trial 14 finished with value: 0.95 and parameters: {'n_estimators': 10, 'max_depth': 30, 'gamma': 0.6253359862417079, 'subsample': 0.6335156749236653, 'colsample_bytree': 0.8507053253306924}. Best is trial 3 with value: 0.95.
[I 2026-04-21 10:37:34,927] Trial 15 finished with value: 0.9 and parameters: {'n_estimators': 10, 'max_depth': 20, 'gamma': 0.2971731557179943, 'subsample': 0.8368694560921028, 'colsample_bytree': 0.9021679744360075}. Best is trial 3 with value: 0.95.
[I 2026-04-21 10:37:34,966] Trial 16 finished with value: 0.8 and parameters: {'n_estimators': 40, 'max_depth': 20, 'gamma': 0.778683813729729, 'subsample': 0.5130612763307095, 'colsample_bytree': 0.694509404496647}. Best is trial 3 with value: 0.95.
[I 2026-04-21 10:37:35,004] Trial 17 finished with value: 0.95 and parameters: {'n_estimators': 10, 'max_depth': 20, 'gamma': 0.6043017676514807, 'subsample': 0.7134534876729652, 'colsample_bytree': 0.7974965827125922}. Best is trial 3 with value: 0.95.
[I 2026-04-21 10:37:35,044] Trial 18 finished with value: 0.95 and parameters: {'n_estimators': 10, 'max_depth': 30, 'gamma': 0.4058897810656684, 'subsample': 0.5969968458746909, 'colsample_bytree': 0.9402406579282541}. Best is trial 3 with value: 0.95.
[I 2026-04-21 10:37:35,083] Trial 19 finished with value: 0.95 and parameters: {'n_estimators': 40, 'max_depth': 20, 'gamma': 0.20065175090087745, 'subsample': 0.6674822985057274, 'colsample_bytree': 0.8103008435817955}. Best is trial 3 with value: 0.95.
[I 2026-04-21 10:37:35,124] Trial 20 finished with value: 0.95 and parameters: {'n_estimators': 10, 'max_depth': 20, 'gamma': 0.8140985818876745, 'subsample': 0.9961764358499778, 'colsample_bytree': 0.990737527752259}. Best is trial 3 with value: 0.95.
[I 2026-04-21 10:37:35,176] Trial 21 finished with value: 0.9 and parameters: {'n_estimators': 100, 'max_depth': 20, 'gamma': 0.4618071772883809, 'subsample': 0.7945360750189695, 'colsample_bytree': 0.7678384899539556}. Best is trial 3 with value: 0.95.
[I 2026-04-21 10:37:35,226] Trial 22 finished with value: 0.95 and parameters: {'n_estimators': 100, 'max_depth': 20, 'gamma': 0.46998608607819825, 'subsample': 0.8330206665127009, 'colsample_bytree': 0.7069869045306693}. Best is trial 3 with value: 0.95.
[I 2026-04-21 10:37:35,275] Trial 23 finished with value: 0.9 and parameters: {'n_estimators': 100, 'max_depth': 20, 'gamma': 0.6288576161510337, 'subsample': 0.7398601608569761, 'colsample_bytree': 0.6565959415163717}. Best is trial 3 with value: 0.95.
[I 2026-04-21 10:37:35,325] Trial 24 finished with value: 0.9 and parameters: {'n_estimators': 100, 'max_depth': 20, 'gamma': 0.5413700642044327, 'subsample': 0.7925473967240644, 'colsample_bytree': 0.903856384394622}. Best is trial 3 with value: 0.95.
[I 2026-04-21 10:37:35,377] Trial 25 finished with value: 0.9 and parameters: {'n_estimators': 100, 'max_depth': 30, 'gamma': 0.7052531887542571, 'subsample': 0.8749562022938899, 'colsample_bytree': 0.7952826789980769}. Best is trial 3 with value: 0.95.
[I 2026-04-21 10:37:35,416] Trial 26 finished with value: 0.95 and parameters: {'n_estimators': 10, 'max_depth': 20, 'gamma': 0.3044764834301162, 'subsample': 0.6828880148930322, 'colsample_bytree': 0.7395406994714987}. Best is trial 3 with value: 0.95.
[I 2026-04-21 10:37:35,457] Trial 27 finished with value: 0.95 and parameters: {'n_estimators': 10, 'max_depth': 20, 'gamma': 0.4474170780270952, 'subsample': 0.8000262966737743, 'colsample_bytree': 0.6219529474787979}. Best is trial 3 with value: 0.95.
[I 2026-04-21 10:37:35,499] Trial 28 finished with value: 0.9 and parameters: {'n_estimators': 40, 'max_depth': 20, 'gamma': 0.5900287611469709, 'subsample': 0.8872708706316058, 'colsample_bytree': 0.6850689412518821}. Best is trial 3 with value: 0.95.
[I 2026-04-21 10:37:35,547] Trial 29 finished with value: 0.9 and parameters: {'n_estimators': 100, 'max_depth': 20, 'gamma': 0.5227030023386618, 'subsample': 0.5531133106426458, 'colsample_bytree': 0.8830604095976288}. Best is trial 3 with value: 0.95.
[I 2026-04-21 10:37:35,618] A new study created in memory with name: rf
[I 2026-04-21 10:37:35,763] Trial 0 finished with value: 0.5 and parameters: {'n_estimators': 130, 'max_depth': 17, 'min_samples_split': 5, 'min_samples_leaf': 8}. Best is trial 0 with value: 0.5.
[I 2026-04-21 10:37:36,262] Trial 1 finished with value: 0.95 and parameters: {'n_estimators': 492, 'max_depth': 12, 'min_samples_split': 6, 'min_samples_leaf': 1}. Best is trial 1 with value: 0.95.
[I 2026-04-21 10:37:36,539] Trial 2 finished with value: 0.5 and parameters: {'n_estimators': 207, 'max_depth': 11, 'min_samples_split': 8, 'min_samples_leaf': 9}. Best is trial 1 with value: 0.95.
[I 2026-04-21 10:37:36,819] Trial 3 finished with value: 0.5 and parameters: {'n_estimators': 252, 'max_depth': 4, 'min_samples_split': 4, 'min_samples_leaf': 10}. Best is trial 1 with value: 0.95.
[I 2026-04-21 10:37:37,055] Trial 4 finished with value: 0.95 and parameters: {'n_estimators': 185, 'max_depth': 11, 'min_samples_split': 10, 'min_samples_leaf': 1}. Best is trial 1 with value: 0.95.
[I 2026-04-21 10:37:37,443] Trial 5 finished with value: 0.85 and parameters: {'n_estimators': 340, 'max_depth': 20, 'min_samples_split': 4, 'min_samples_leaf': 6}. Best is trial 1 with value: 0.95.
[I 2026-04-21 10:37:37,923] Trial 6 finished with value: 0.5 and parameters: {'n_estimators': 464, 'max_depth': 5, 'min_samples_split': 6, 'min_samples_leaf': 8}. Best is trial 1 with value: 0.95.
[I 2026-04-21 10:37:38,333] Trial 7 finished with value: 0.9 and parameters: {'n_estimators': 368, 'max_depth': 11, 'min_samples_split': 3, 'min_samples_leaf': 5}. Best is trial 1 with value: 0.95.
[I 2026-04-21 10:37:38,622] Trial 8 finished with value: 0.5 and parameters: {'n_estimators': 249, 'max_depth': 11, 'min_samples_split': 5, 'min_samples_leaf': 9}. Best is trial 1 with value: 0.95.
[I 2026-04-21 10:37:39,070] Trial 9 finished with value: 0.95 and parameters: {'n_estimators': 408, 'max_depth': 8, 'min_samples_split': 7, 'min_samples_leaf': 3}. Best is trial 1 with value: 0.95.
[I 2026-04-21 10:37:39,620] Trial 10 finished with value: 0.95 and parameters: {'n_estimators': 479, 'max_depth': 15, 'min_samples_split': 2, 'min_samples_leaf': 1}. Best is trial 1 with value: 0.95.
[I 2026-04-21 10:37:39,834] Trial 11 finished with value: 0.95 and parameters: {'n_estimators': 124, 'max_depth': 15, 'min_samples_split': 10, 'min_samples_leaf': 1}. Best is trial 1 with value: 0.95.
[I 2026-04-21 10:37:40,090] Trial 12 finished with value: 0.9 and parameters: {'n_estimators': 180, 'max_depth': 7, 'min_samples_split': 10, 'min_samples_leaf': 3}. Best is trial 1 with value: 0.95.
[I 2026-04-21 10:37:40,459] Trial 13 finished with value: 0.95 and parameters: {'n_estimators': 300, 'max_depth': 14, 'min_samples_split': 8, 'min_samples_leaf': 3}. Best is trial 1 with value: 0.95.
[I 2026-04-21 10:37:40,918] Trial 14 finished with value: 0.95 and parameters: {'n_estimators': 424, 'max_depth': 8, 'min_samples_split': 8, 'min_samples_leaf': 1}. Best is trial 1 with value: 0.95.
[I 2026-04-21 10:37:41,203] Trial 15 finished with value: 0.95 and parameters: {'n_estimators': 191, 'max_depth': 12, 'min_samples_split': 9, 'min_samples_leaf': 5}. Best is trial 1 with value: 0.95.
[I 2026-04-21 10:37:41,560] Trial 16 finished with value: 0.95 and parameters: {'n_estimators': 295, 'max_depth': 18, 'min_samples_split': 6, 'min_samples_leaf': 2}. Best is trial 1 with value: 0.95.
[I 2026-04-21 10:37:42,032] Trial 17 finished with value: 0.95 and parameters: {'n_estimators': 380, 'max_depth': 13, 'min_samples_split': 7, 'min_samples_leaf': 4}. Best is trial 1 with value: 0.95.
[I 2026-04-21 10:37:42,338] Trial 18 finished with value: 0.95 and parameters: {'n_estimators': 242, 'max_depth': 9, 'min_samples_split': 9, 'min_samples_leaf': 2}. Best is trial 1 with value: 0.95.
[I 2026-04-21 10:37:42,602] Trial 19 finished with value: 0.85 and parameters: {'n_estimators': 160, 'max_depth': 6, 'min_samples_split': 7, 'min_samples_leaf': 6}. Best is trial 1 with value: 0.95.
[I 2026-04-21 10:37:42,979] Trial 20 finished with value: 0.95 and parameters: {'n_estimators': 330, 'max_depth': 3, 'min_samples_split': 5, 'min_samples_leaf': 2}. Best is trial 1 with value: 0.95.
[I 2026-04-21 10:37:43,431] Trial 21 finished with value: 0.95 and parameters: {'n_estimators': 415, 'max_depth': 10, 'min_samples_split': 7, 'min_samples_leaf': 3}. Best is trial 1 with value: 0.95.
[I 2026-04-21 10:37:43,930] Trial 22 finished with value: 0.95 and parameters: {'n_estimators': 447, 'max_depth': 9, 'min_samples_split': 6, 'min_samples_leaf': 1}. Best is trial 1 with value: 0.95.
[I 2026-04-21 10:37:44,519] Trial 23 finished with value: 0.9 and parameters: {'n_estimators': 496, 'max_depth': 7, 'min_samples_split': 9, 'min_samples_leaf': 4}. Best is trial 1 with value: 0.95.
[I 2026-04-21 10:37:44,987] Trial 24 finished with value: 0.95 and parameters: {'n_estimators': 397, 'max_depth': 9, 'min_samples_split': 10, 'min_samples_leaf': 2}. Best is trial 1 with value: 0.95.
[I 2026-04-21 10:37:45,527] Trial 25 finished with value: 0.95 and parameters: {'n_estimators': 457, 'max_depth': 13, 'min_samples_split': 7, 'min_samples_leaf': 4}. Best is trial 1 with value: 0.95.
[I 2026-04-21 10:37:46,038] Trial 26 finished with value: 0.95 and parameters: {'n_estimators': 433, 'max_depth': 13, 'min_samples_split': 4, 'min_samples_leaf': 2}. Best is trial 1 with value: 0.95.
[I 2026-04-21 10:37:46,594] Trial 27 finished with value: 0.95 and parameters: {'n_estimators': 490, 'max_depth': 16, 'min_samples_split': 8, 'min_samples_leaf': 3}. Best is trial 1 with value: 0.95.
[I 2026-04-21 10:37:46,791] Trial 28 finished with value: 0.95 and parameters: {'n_estimators': 105, 'max_depth': 8, 'min_samples_split': 5, 'min_samples_leaf': 1}. Best is trial 1 with value: 0.95.
[I 2026-04-21 10:37:47,207] Trial 29 finished with value: 0.95 and parameters: {'n_estimators': 345, 'max_depth': 10, 'min_samples_split': 6, 'min_samples_leaf': 2}. Best is trial 1 with value: 0.95.
[I 2026-04-21 10:37:48,250] A new study created in memory with name: mlp
[I 2026-04-21 10:37:48,335] Trial 0 finished with value: 1.0 and parameters: {'hidden_layer_sizes': (200,), 'max_iter': 100, 'alpha': 0.0001}. Best is trial 0 with value: 1.0.
[I 2026-04-21 10:37:48,414] Trial 1 finished with value: 0.95 and parameters: {'hidden_layer_sizes': (100, 100), 'max_iter': 100, 'alpha': 0.0001}. Best is trial 0 with value: 1.0.
[I 2026-04-21 10:37:48,482] Trial 2 finished with value: 1.0 and parameters: {'hidden_layer_sizes': (200,), 'max_iter': 100, 'alpha': 0.001}. Best is trial 0 with value: 1.0.
[I 2026-04-21 10:37:48,529] Trial 3 finished with value: 1.0 and parameters: {'hidden_layer_sizes': (100,), 'max_iter': 50, 'alpha': 0.001}. Best is trial 0 with value: 1.0.
[I 2026-04-21 10:37:48,566] Trial 4 finished with value: 1.0 and parameters: {'hidden_layer_sizes': (100,), 'max_iter': 50, 'alpha': 0.0001}. Best is trial 0 with value: 1.0.
[I 2026-04-21 10:37:48,613] Trial 5 finished with value: 1.0 and parameters: {'hidden_layer_sizes': (100,), 'max_iter': 50, 'alpha': 0.0001}. Best is trial 0 with value: 1.0.
[I 2026-04-21 10:37:48,648] Trial 6 finished with value: 1.0 and parameters: {'hidden_layer_sizes': (100,), 'max_iter': 50, 'alpha': 0.0001}. Best is trial 0 with value: 1.0.
[I 2026-04-21 10:37:48,685] Trial 7 finished with value: 1.0 and parameters: {'hidden_layer_sizes': (100,), 'max_iter': 50, 'alpha': 0.0001}. Best is trial 0 with value: 1.0.
[I 2026-04-21 10:37:48,770] Trial 8 finished with value: 0.95 and parameters: {'hidden_layer_sizes': (200,), 'max_iter': 100, 'alpha': 0.0001}. Best is trial 0 with value: 1.0.
[I 2026-04-21 10:37:48,817] Trial 9 finished with value: 1.0 and parameters: {'hidden_layer_sizes': (200,), 'max_iter': 50, 'alpha': 0.0001}. Best is trial 0 with value: 1.0.
[I 2026-04-21 10:37:48,888] Trial 10 finished with value: 0.95 and parameters: {'hidden_layer_sizes': (100, 100), 'max_iter': 100, 'alpha': 0.001}. Best is trial 0 with value: 1.0.
[I 2026-04-21 10:37:48,958] Trial 11 finished with value: 1.0 and parameters: {'hidden_layer_sizes': (200,), 'max_iter': 100, 'alpha': 0.001}. Best is trial 0 with value: 1.0.
[I 2026-04-21 10:37:49,023] Trial 12 finished with value: 0.95 and parameters: {'hidden_layer_sizes': (200,), 'max_iter': 100, 'alpha': 0.001}. Best is trial 0 with value: 1.0.
[I 2026-04-21 10:37:49,102] Trial 13 finished with value: 0.95 and parameters: {'hidden_layer_sizes': (200,), 'max_iter': 100, 'alpha': 0.001}. Best is trial 0 with value: 1.0.
[I 2026-04-21 10:37:49,179] Trial 14 finished with value: 0.95 and parameters: {'hidden_layer_sizes': (200,), 'max_iter': 100, 'alpha': 0.001}. Best is trial 0 with value: 1.0.
[I 2026-04-21 10:37:49,247] Trial 15 finished with value: 1.0 and parameters: {'hidden_layer_sizes': (200,), 'max_iter': 100, 'alpha': 0.001}. Best is trial 0 with value: 1.0.
[I 2026-04-21 10:37:49,324] Trial 16 finished with value: 1.0 and parameters: {'hidden_layer_sizes': (200,), 'max_iter': 100, 'alpha': 0.0001}. Best is trial 0 with value: 1.0.
[I 2026-04-21 10:37:49,392] Trial 17 finished with value: 0.95 and parameters: {'hidden_layer_sizes': (100, 100), 'max_iter': 100, 'alpha': 0.001}. Best is trial 0 with value: 1.0.
[I 2026-04-21 10:37:49,458] Trial 18 finished with value: 1.0 and parameters: {'hidden_layer_sizes': (200,), 'max_iter': 100, 'alpha': 0.001}. Best is trial 0 with value: 1.0.
[I 2026-04-21 10:37:49,544] Trial 19 finished with value: 0.95 and parameters: {'hidden_layer_sizes': (200,), 'max_iter': 100, 'alpha': 0.0001}. Best is trial 0 with value: 1.0.
[I 2026-04-21 10:37:49,621] Trial 20 finished with value: 1.0 and parameters: {'hidden_layer_sizes': (100, 100), 'max_iter': 100, 'alpha': 0.001}. Best is trial 0 with value: 1.0.
[I 2026-04-21 10:37:49,669] Trial 21 finished with value: 0.95 and parameters: {'hidden_layer_sizes': (100,), 'max_iter': 50, 'alpha': 0.001}. Best is trial 0 with value: 1.0.
[I 2026-04-21 10:37:49,714] Trial 22 finished with value: 0.95 and parameters: {'hidden_layer_sizes': (100,), 'max_iter': 50, 'alpha': 0.001}. Best is trial 0 with value: 1.0.
[I 2026-04-21 10:37:49,748] Trial 23 finished with value: 1.0 and parameters: {'hidden_layer_sizes': (100,), 'max_iter': 50, 'alpha': 0.001}. Best is trial 0 with value: 1.0.
[I 2026-04-21 10:37:49,782] Trial 24 finished with value: 1.0 and parameters: {'hidden_layer_sizes': (200,), 'max_iter': 50, 'alpha': 0.001}. Best is trial 0 with value: 1.0.
[I 2026-04-21 10:37:49,837] Trial 25 finished with value: 0.95 and parameters: {'hidden_layer_sizes': (100,), 'max_iter': 100, 'alpha': 0.001}. Best is trial 0 with value: 1.0.
