[I 2026-04-21 10:34:46,565] Trial 10 finished with value: 0.55 and parameters: {'C': 60.67266858458046, 'gamma': 0.001366002544888146}. Best is trial 10 with value: 0.55.
[I 2026-04-21 10:34:46,590] Trial 11 finished with value: 0.5 and parameters: {'C': 87.21998046977028, 'gamma': 0.0015573062962550724}. Best is trial 10 with value: 0.55.
[I 2026-04-21 10:34:46,615] Trial 12 finished with value: 0.45 and parameters: {'C': 12.635425276453923, 'gamma': 0.0010682860945954143}. Best is trial 10 with value: 0.55.
[I 2026-04-21 10:34:46,644] Trial 13 finished with value: 0.45 and parameters: {'C': 15.56234148351512, 'gamma': 0.0016102295068104778}. Best is trial 10 with value: 0.55.
[I 2026-04-21 10:34:46,679] Trial 14 finished with value: 0.45 and parameters: {'C': 5.665447713921793, 'gamma': 0.001098604001508706}. Best is trial 10 with value: 0.55.
[I 2026-04-21 10:34:46,717] Trial 15 finished with value: 0.5 and parameters: {'C': 30.434368387961356, 'gamma': 0.003450106275621409}. Best is trial 10 with value: 0.55.
[I 2026-04-21 10:34:46,742] Trial 16 finished with value: 0.4 and parameters: {'C': 1.5302197592092557, 'gamma': 0.0005388332114705409}. Best is trial 10 with value: 0.55.
[I 2026-04-21 10:34:46,765] Trial 17 finished with value: 0.45 and parameters: {'C': 96.92969142646649, 'gamma': 0.03790266648002351}. Best is trial 10 with value: 0.55.
[I 2026-04-21 10:34:46,793] Trial 18 finished with value: 0.4 and parameters: {'C': 3.504328344706741, 'gamma': 0.0004912589351795705}. Best is trial 10 with value: 0.55.
[I 2026-04-21 10:34:46,820] Trial 19 finished with value: 0.55 and parameters: {'C': 23.705718850087525, 'gamma': 0.00254877537141053}. Best is trial 10 with value: 0.55.
[I 2026-04-21 10:34:46,841] Trial 20 finished with value: 0.4 and parameters: {'C': 24.926681605126518, 'gamma': 0.030807192891035503}. Best is trial 10 with value: 0.55.
[I 2026-04-21 10:34:46,866] Trial 21 finished with value: 0.55 and parameters: {'C': 31.292389017499936, 'gamma': 0.0024699352197259444}. Best is trial 10 with value: 0.55.
[I 2026-04-21 10:34:46,891] Trial 22 finished with value: 0.4 and parameters: {'C': 10.87748669937741, 'gamma': 0.0025173676927731973}. Best is trial 10 with value: 0.55.
[I 2026-04-21 10:34:46,915] Trial 23 finished with value: 0.45 and parameters: {'C': 37.57536710679041, 'gamma': 0.004850786770977266}. Best is trial 10 with value: 0.55.
[I 2026-04-21 10:34:46,942] Trial 24 finished with value: 0.4 and parameters: {'C': 2.3202572592624846, 'gamma': 0.00040931581006535723}. Best is trial 10 with value: 0.55.
[I 2026-04-21 10:34:46,969] Trial 25 finished with value: 0.45 and parameters: {'C': 18.51720234807294, 'gamma': 0.013797748883407028}. Best is trial 10 with value: 0.55.
[I 2026-04-21 10:34:46,995] Trial 26 finished with value: 0.45 and parameters: {'C': 7.908430300373363, 'gamma': 0.002738495392334508}. Best is trial 10 with value: 0.55.
[I 2026-04-21 10:34:47,021] Trial 27 finished with value: 0.45 and parameters: {'C': 51.83755882003649, 'gamma': 0.0007522335376862333}. Best is trial 10 with value: 0.55.
[I 2026-04-21 10:34:47,048] Trial 28 finished with value: 0.4 and parameters: {'C': 34.85048276910178, 'gamma': 0.006305257685663663}. Best is trial 10 with value: 0.55.
[I 2026-04-21 10:34:47,075] Trial 29 finished with value: 0.4 and parameters: {'C': 0.024683504005058293, 'gamma': 0.0002837578679647408}. Best is trial 10 with value: 0.55.
[I 2026-04-21 10:34:47,234] A new study created in memory with name: naive_bayes
[I 2026-04-21 10:34:47,248] Trial 0 finished with value: 0.85 and parameters: {'var_smoothing': 1.4210736239935712e-10}. Best is trial 0 with value: 0.85.
[I 2026-04-21 10:34:47,272] Trial 1 finished with value: 0.85 and parameters: {'var_smoothing': 3.629422978396398e-09}. Best is trial 0 with value: 0.85.
[I 2026-04-21 10:34:47,286] Trial 2 finished with value: 0.85 and parameters: {'var_smoothing': 7.530407234027127e-10}. Best is trial 0 with value: 0.85.
[I 2026-04-21 10:34:47,299] Trial 3 finished with value: 0.85 and parameters: {'var_smoothing': 2.7985325053380072e-09}. Best is trial 0 with value: 0.85.
[I 2026-04-21 10:34:47,312] Trial 4 finished with value: 0.85 and parameters: {'var_smoothing': 9.036058293737187e-09}. Best is trial 0 with value: 0.85.
[I 2026-04-21 10:34:47,326] Trial 5 finished with value: 0.85 and parameters: {'var_smoothing': 1.1939653980558784e-09}. Best is trial 0 with value: 0.85.
[I 2026-04-21 10:34:47,339] Trial 6 finished with value: 0.85 and parameters: {'var_smoothing': 1.005173261185167e-09}. Best is trial 0 with value: 0.85.
[I 2026-04-21 10:34:47,351] Trial 7 finished with value: 0.85 and parameters: {'var_smoothing': 1.393484899105757e-10}. Best is trial 0 with value: 0.85.
[I 2026-04-21 10:34:47,364] Trial 8 finished with value: 0.85 and parameters: {'var_smoothing': 3.4425317961147986e-10}. Best is trial 0 with value: 0.85.
[I 2026-04-21 10:34:47,388] Trial 9 finished with value: 0.85 and parameters: {'var_smoothing': 9.994590426751933e-10}. Best is trial 0 with value: 0.85.
[I 2026-04-21 10:34:47,409] Trial 10 finished with value: 0.85 and parameters: {'var_smoothing': 1.9079938112167212e-10}. Best is trial 0 with value: 0.85.
[I 2026-04-21 10:34:47,439] Trial 11 finished with value: 0.85 and parameters: {'var_smoothing': 4.7456863630433305e-09}. Best is trial 0 with value: 0.85.
[I 2026-04-21 10:34:47,458] Trial 12 finished with value: 0.85 and parameters: {'var_smoothing': 2.7185365295481096e-09}. Best is trial 0 with value: 0.85.
[I 2026-04-21 10:34:47,478] Trial 13 finished with value: 0.85 and parameters: {'var_smoothing': 4.3967291332584714e-10}. Best is trial 0 with value: 0.85.
[I 2026-04-21 10:34:47,497] Trial 14 finished with value: 0.85 and parameters: {'var_smoothing': 2.6511307931162972e-09}. Best is trial 0 with value: 0.85.
[I 2026-04-21 10:34:47,517] Trial 15 finished with value: 0.85 and parameters: {'var_smoothing': 9.000422035369052e-09}. Best is trial 0 with value: 0.85.
[I 2026-04-21 10:34:47,537] Trial 16 finished with value: 0.85 and parameters: {'var_smoothing': 2.75340575769171e-10}. Best is trial 0 with value: 0.85.
[I 2026-04-21 10:34:47,552] Trial 17 finished with value: 0.85 and parameters: {'var_smoothing': 1.0118559267516465e-10}. Best is trial 0 with value: 0.85.
[I 2026-04-21 10:34:47,572] Trial 18 finished with value: 0.85 and parameters: {'var_smoothing': 5.126237368588495e-10}. Best is trial 0 with value: 0.85.
[I 2026-04-21 10:34:47,589] Trial 19 finished with value: 0.85 and parameters: {'var_smoothing': 1.7743118427439911e-09}. Best is trial 0 with value: 0.85.
[I 2026-04-21 10:34:47,619] Trial 20 finished with value: 0.85 and parameters: {'var_smoothing': 5.29215399120128e-09}. Best is trial 0 with value: 0.85.
[I 2026-04-21 10:34:47,640] Trial 21 finished with value: 0.85 and parameters: {'var_smoothing': 6.215389304971454e-10}. Best is trial 0 with value: 0.85.
[I 2026-04-21 10:34:47,662] Trial 22 finished with value: 0.85 and parameters: {'var_smoothing': 2.205158371956595e-10}. Best is trial 0 with value: 0.85.
[I 2026-04-21 10:34:47,684] Trial 23 finished with value: 0.85 and parameters: {'var_smoothing': 6.714468189294179e-10}. Best is trial 0 with value: 0.85.
[I 2026-04-21 10:34:47,707] Trial 24 finished with value: 0.85 and parameters: {'var_smoothing': 1.6303611152529254e-09}. Best is trial 0 with value: 0.85.
[I 2026-04-21 10:34:47,731] Trial 25 finished with value: 0.85 and parameters: {'var_smoothing': 5.460180203252778e-09}. Best is trial 0 with value: 0.85.
[I 2026-04-21 10:34:47,753] Trial 26 finished with value: 0.85 and parameters: {'var_smoothing': 1.0123007748054653e-10}. Best is trial 0 with value: 0.85.
[I 2026-04-21 10:34:47,773] Trial 27 finished with value: 0.85 and parameters: {'var_smoothing': 3.7004726843827016e-09}. Best is trial 0 with value: 0.85.
[I 2026-04-21 10:34:47,793] Trial 28 finished with value: 0.85 and parameters: {'var_smoothing': 8.062949328123723e-10}. Best is trial 0 with value: 0.85.
[I 2026-04-21 10:34:47,814] Trial 29 finished with value: 0.85 and parameters: {'var_smoothing': 1.8379694059711336e-09}. Best is trial 0 with value: 0.85.
[I 2026-04-21 10:34:47,850] A new study created in memory with name: logreg
[I 2026-04-21 10:34:47,864] Trial 0 finished with value: 0.85 and parameters: {'C': 0.002407362254570802, 'penalty': 'l2'}. Best is trial 0 with value: 0.85.
[I 2026-04-21 10:34:47,888] Trial 1 finished with value: 0.65 and parameters: {'C': 7.935859334260497, 'penalty': 'l2'}. Best is trial 0 with value: 0.85.
[I 2026-04-21 10:34:47,913] Trial 2 finished with value: 0.65 and parameters: {'C': 0.15561310098067915, 'penalty': 'l2'}. Best is trial 0 with value: 0.85.
[I 2026-04-21 10:34:47,948] Trial 3 finished with value: 0.65 and parameters: {'C': 4.143104515916128, 'penalty': 'l2'}. Best is trial 0 with value: 0.85.
[I 2026-04-21 10:34:47,972] Trial 4 finished with value: 0.6 and parameters: {'C': 77.61533923098803, 'penalty': 'l2'}. Best is trial 0 with value: 0.85.
[I 2026-04-21 10:34:47,997] Trial 5 finished with value: 0.65 and parameters: {'C': 0.49258292359934785, 'penalty': 'l2'}. Best is trial 0 with value: 0.85.
[I 2026-04-21 10:34:48,021] Trial 6 finished with value: 0.65 and parameters: {'C': 0.320333470047146, 'penalty': 'l2'}. Best is trial 0 with value: 0.85.
[I 2026-04-21 10:34:48,046] Trial 7 finished with value: 0.85 and parameters: {'C': 0.002292216671132896, 'penalty': 'l2'}. Best is trial 0 with value: 0.85.
[I 2026-04-21 10:34:48,071] Trial 8 finished with value: 0.75 and parameters: {'C': 0.0219884643872214, 'penalty': 'l2'}. Best is trial 0 with value: 0.85.
[I 2026-04-21 10:34:48,097] Trial 9 finished with value: 0.65 and parameters: {'C': 0.31580027519646636, 'penalty': 'l2'}. Best is trial 0 with value: 0.85.
[I 2026-04-21 10:34:48,123] Trial 10 finished with value: 0.75 and parameters: {'C': 0.005028545732690317, 'penalty': 'l2'}. Best is trial 0 with value: 0.85.
[I 2026-04-21 10:34:48,148] Trial 11 finished with value: 0.85 and parameters: {'C': 0.0016548464731937077, 'penalty': 'l2'}. Best is trial 0 with value: 0.85.
[I 2026-04-21 10:34:48,174] Trial 12 finished with value: 0.8 and parameters: {'C': 0.014451446556771878, 'penalty': 'l2'}. Best is trial 0 with value: 0.85.
[I 2026-04-21 10:34:48,206] Trial 13 finished with value: 0.85 and parameters: {'C': 0.001233537603892314, 'penalty': 'l2'}. Best is trial 0 with value: 0.85.
[I 2026-04-21 10:34:48,237] Trial 14 finished with value: 0.75 and parameters: {'C': 0.03728878420522916, 'penalty': 'l2'}. Best is trial 0 with value: 0.85.
[I 2026-04-21 10:34:48,256] Trial 15 finished with value: 0.75 and parameters: {'C': 0.005056056930693048, 'penalty': 'l2'}. Best is trial 0 with value: 0.85.
[I 2026-04-21 10:34:48,284] Trial 16 finished with value: 0.7 and parameters: {'C': 0.06105325603408848, 'penalty': 'l2'}. Best is trial 0 with value: 0.85.
[I 2026-04-21 10:34:48,315] Trial 17 finished with value: 0.75 and parameters: {'C': 0.005932663642969973, 'penalty': 'l2'}. Best is trial 0 with value: 0.85.
[I 2026-04-21 10:34:48,343] Trial 18 finished with value: 0.85 and parameters: {'C': 0.0012489720333864972, 'penalty': 'l2'}. Best is trial 0 with value: 0.85.
[I 2026-04-21 10:34:48,383] Trial 19 finished with value: 0.8 and parameters: {'C': 0.010840641908437795, 'penalty': 'l2'}. Best is trial 0 with value: 0.85.
[I 2026-04-21 10:34:48,409] Trial 20 finished with value: 0.65 and parameters: {'C': 1.6412268850767395, 'penalty': 'l2'}. Best is trial 0 with value: 0.85.
[I 2026-04-21 10:34:48,425] Trial 21 finished with value: 0.85 and parameters: {'C': 0.0010450781217522568, 'penalty': 'l2'}. Best is trial 0 with value: 0.85.
[I 2026-04-21 10:34:48,451] Trial 22 finished with value: 0.85 and parameters: {'C': 0.0027098194216188215, 'penalty': 'l2'}. Best is trial 0 with value: 0.85.
[I 2026-04-21 10:34:48,477] Trial 23 finished with value: 0.85 and parameters: {'C': 0.002711095226778759, 'penalty': 'l2'}. Best is trial 0 with value: 0.85.
[I 2026-04-21 10:34:48,502] Trial 24 finished with value: 0.7 and parameters: {'C': 0.0866350039009655, 'penalty': 'l2'}. Best is trial 0 with value: 0.85.
[I 2026-04-21 10:34:48,528] Trial 25 finished with value: 0.75 and parameters: {'C': 0.0033002713557158526, 'penalty': 'l2'}. Best is trial 0 with value: 0.85.
[I 2026-04-21 10:34:48,560] Trial 26 finished with value: 0.8 and parameters: {'C': 0.010810759763908495, 'penalty': 'l2'}. Best is trial 0 with value: 0.85.
[I 2026-04-21 10:34:48,592] Trial 27 finished with value: 0.75 and parameters: {'C': 0.03252256495764886, 'penalty': 'l2'}. Best is trial 0 with value: 0.85.
[I 2026-04-21 10:34:48,623] Trial 28 finished with value: 0.85 and parameters: {'C': 0.0020520645003770334, 'penalty': 'l2'}. Best is trial 0 with value: 0.85.
[I 2026-04-21 10:34:48,656] Trial 29 finished with value: 0.65 and parameters: {'C': 13.14858076260541, 'penalty': 'l2'}. Best is trial 0 with value: 0.85.
[I 2026-04-21 10:34:48,716] A new study created in memory with name: knn
[I 2026-04-21 10:34:48,740] Trial 0 finished with value: 0.65 and parameters: {'n_neighbors': 3, 'leaf_size': 36, 'p': 2}. Best is trial 0 with value: 0.65.
[I 2026-04-21 10:34:48,753] Trial 1 finished with value: 0.7 and parameters: {'n_neighbors': 10, 'leaf_size': 31, 'p': 1}. Best is trial 1 with value: 0.7.
[I 2026-04-21 10:34:48,766] Trial 2 finished with value: 0.65 and parameters: {'n_neighbors': 5, 'leaf_size': 30, 'p': 2}. Best is trial 1 with value: 0.7.
[I 2026-04-21 10:34:48,778] Trial 3 finished with value: 0.65 and parameters: {'n_neighbors': 6, 'leaf_size': 21, 'p': 2}. Best is trial 1 with value: 0.7.
[I 2026-04-21 10:34:48,791] Trial 4 finished with value: 0.65 and parameters: {'n_neighbors': 4, 'leaf_size': 29, 'p': 1}. Best is trial 1 with value: 0.7.
[I 2026-04-21 10:34:48,805] Trial 5 finished with value: 0.65 and parameters: {'n_neighbors': 7, 'leaf_size': 39, 'p': 2}. Best is trial 1 with value: 0.7.
[I 2026-04-21 10:34:48,819] Trial 6 finished with value: 0.65 and parameters: {'n_neighbors': 10, 'leaf_size': 22, 'p': 2}. Best is trial 1 with value: 0.7.
[I 2026-04-21 10:34:48,834] Trial 7 finished with value: 0.7 and parameters: {'n_neighbors': 8, 'leaf_size': 29, 'p': 2}. Best is trial 1 with value: 0.7.
[I 2026-04-21 10:34:48,847] Trial 8 finished with value: 0.65 and parameters: {'n_neighbors': 5, 'leaf_size': 30, 'p': 2}. Best is trial 1 with value: 0.7.
[I 2026-04-21 10:34:48,862] Trial 9 finished with value: 0.65 and parameters: {'n_neighbors': 9, 'leaf_size': 26, 'p': 1}. Best is trial 1 with value: 0.7.
[I 2026-04-21 10:34:48,887] Trial 10 finished with value: 0.7 and parameters: {'n_neighbors': 10, 'leaf_size': 35, 'p': 1}. Best is trial 1 with value: 0.7.
[I 2026-04-21 10:34:48,911] Trial 11 finished with value: 0.7 and parameters: {'n_neighbors': 8, 'leaf_size': 26, 'p': 1}. Best is trial 1 with value: 0.7.
[I 2026-04-21 10:34:48,933] Trial 12 finished with value: 0.7 and parameters: {'n_neighbors': 8, 'leaf_size': 33, 'p': 1}. Best is trial 1 with value: 0.7.
[I 2026-04-21 10:34:48,957] Trial 13 finished with value: 0.65 and parameters: {'n_neighbors': 9, 'leaf_size': 27, 'p': 1}. Best is trial 1 with value: 0.7.
[I 2026-04-21 10:34:48,981] Trial 14 finished with value: 0.7 and parameters: {'n_neighbors': 8, 'leaf_size': 32, 'p': 2}. Best is trial 1 with value: 0.7.
[I 2026-04-21 10:34:49,005] Trial 15 finished with value: 0.7 and parameters: {'n_neighbors': 10, 'leaf_size': 24, 'p': 1}. Best is trial 1 with value: 0.7.
[I 2026-04-21 10:34:49,027] Trial 16 finished with value: 0.65 and parameters: {'n_neighbors': 7, 'leaf_size': 33, 'p': 1}. Best is trial 1 with value: 0.7.
[I 2026-04-21 10:34:49,053] Trial 17 finished with value: 0.65 and parameters: {'n_neighbors': 9, 'leaf_size': 40, 'p': 2}. Best is trial 1 with value: 0.7.
[I 2026-04-21 10:34:49,076] Trial 18 finished with value: 0.65 and parameters: {'n_neighbors': 9, 'leaf_size': 28, 'p': 2}. Best is trial 1 with value: 0.7.
[I 2026-04-21 10:34:49,101] Trial 19 finished with value: 0.75 and parameters: {'n_neighbors': 6, 'leaf_size': 36, 'p': 1}. Best is trial 19 with value: 0.75.
[I 2026-04-21 10:34:49,129] Trial 20 finished with value: 0.75 and parameters: {'n_neighbors': 6, 'leaf_size': 37, 'p': 1}. Best is trial 19 with value: 0.75.
[I 2026-04-21 10:34:49,154] Trial 21 finished with value: 0.75 and parameters: {'n_neighbors': 6, 'leaf_size': 37, 'p': 1}. Best is trial 19 with value: 0.75.
[I 2026-04-21 10:34:49,177] Trial 22 finished with value: 0.75 and parameters: {'n_neighbors': 6, 'leaf_size': 37, 'p': 1}. Best is trial 19 with value: 0.75.
[I 2026-04-21 10:34:49,202] Trial 23 finished with value: 0.7 and parameters: {'n_neighbors': 5, 'leaf_size': 38, 'p': 1}. Best is trial 19 with value: 0.75.
[I 2026-04-21 10:34:49,229] Trial 24 finished with value: 0.75 and parameters: {'n_neighbors': 6, 'leaf_size': 35, 'p': 1}. Best is trial 19 with value: 0.75.
[I 2026-04-21 10:34:49,252] Trial 25 finished with value: 0.65 and parameters: {'n_neighbors': 4, 'leaf_size': 40, 'p': 1}. Best is trial 19 with value: 0.75.
[I 2026-04-21 10:34:49,278] Trial 26 finished with value: 0.65 and parameters: {'n_neighbors': 7, 'leaf_size': 34, 'p': 1}. Best is trial 19 with value: 0.75.
[I 2026-04-21 10:34:49,302] Trial 27 finished with value: 0.75 and parameters: {'n_neighbors': 6, 'leaf_size': 37, 'p': 1}. Best is trial 19 with value: 0.75.
[I 2026-04-21 10:34:49,328] Trial 28 finished with value: 0.7 and parameters: {'n_neighbors': 5, 'leaf_size': 38, 'p': 1}. Best is trial 19 with value: 0.75.
