[I 2025-05-05 19:21:24,858] Trial 29 finished with value: 0.9 and parameters: {'n_estimators': 10, 'max_depth': 30, 'gamma': 0.29822937373443836, 'subsample': 0.9312377117900236, 'colsample_bytree': 0.985648797474109}. Best is trial 2 with value: 0.95.
Parámetros guardados en checkpoint_shoppers_Dlatent_Roriginal_ft_A/random/IPC_10/best_models_random_seed_0/xgb_best_params.json
Categoricas entrenamiento:  7
Datos unicos de y_train:  [False  True]
Datos unicos de y_train luego:  [0 1]
No se creó ClassifierHead (num_classes no proporcionado o <= 0).
ModelVAE(
  (VAE): VAE(
    (Tokenizer): Tokenizer(
      (categorical_embeddings): Embedding(65, 4)
    )
    (encoder_mu): Transformer(
      (layers): ModuleList(
        (0): ModuleDict(
          (attention): MultiheadAttention(
            (W_q): Linear(in_features=4, out_features=4, bias=True)
            (W_k): Linear(in_features=4, out_features=4, bias=True)
            (W_v): Linear(in_features=4, out_features=4, bias=True)
            (W_out): Linear(in_features=4, out_features=4, bias=True)
          )
          (linear0): Linear(in_features=4, out_features=128, bias=True)
          (linear1): Linear(in_features=128, out_features=4, bias=True)
          (norm1): LayerNorm((4,), eps=1e-05, elementwise_affine=True)
        )
      )
      (activation): ReLU()
      (last_activation): ReLU()
      (last_normalization): LayerNorm((4,), eps=1e-05, elementwise_affine=True)
      (head): Linear(in_features=4, out_features=4, bias=True)
    )
    (encoder_logvar): Transformer(
      (layers): ModuleList(
        (0): ModuleDict(
          (attention): MultiheadAttention(
            (W_q): Linear(in_features=4, out_features=4, bias=True)
            (W_k): Linear(in_features=4, out_features=4, bias=True)
            (W_v): Linear(in_features=4, out_features=4, bias=True)
            (W_out): Linear(in_features=4, out_features=4, bias=True)
          )
          (linear0): Linear(in_features=4, out_features=128, bias=True)
          (linear1): Linear(in_features=128, out_features=4, bias=True)
          (norm1): LayerNorm((4,), eps=1e-05, elementwise_affine=True)
        )
      )
      (activation): ReLU()
      (last_activation): ReLU()
      (last_normalization): LayerNorm((4,), eps=1e-05, elementwise_affine=True)
      (head): Linear(in_features=4, out_features=4, bias=True)
    )
    (decoder): Transformer(
      (layers): ModuleList(
        (0): ModuleDict(
          (attention): MultiheadAttention(
            (W_q): Linear(in_features=4, out_features=4, bias=True)
            (W_k): Linear(in_features=4, out_features=4, bias=True)
            (W_v): Linear(in_features=4, out_features=4, bias=True)
            (W_out): Linear(in_features=4, out_features=4, bias=True)
          )
          (linear0): Linear(in_features=4, out_features=128, bias=True)
          (linear1): Linear(in_features=128, out_features=4, bias=True)
          (norm1): LayerNorm((4,), eps=1e-05, elementwise_affine=True)
        )
      )
      (activation): ReLU()
      (last_activation): ReLU()
      (last_normalization): LayerNorm((4,), eps=1e-05, elementwise_affine=True)
      (head): Linear(in_features=4, out_features=4, bias=True)
    )
  )
  (Reconstructor): Reconstructor(
    (cat_recons): ModuleList(
      (0): Linear(in_features=4, out_features=10, bias=True)
      (1): Linear(in_features=4, out_features=8, bias=True)
      (2): Linear(in_features=4, out_features=13, bias=True)
      (3): Linear(in_features=4, out_features=9, bias=True)
      (4): Linear(in_features=4, out_features=20, bias=True)
      (5): Linear(in_features=4, out_features=3, bias=True)
      (6): Linear(in_features=4, out_features=2, bias=True)
    )
  )
)
  0%|          | 0/3 [00:00<?, ?it/s] 33%|███▎      | 1/3 [00:00<00:01,  1.05it/s]100%|██████████| 3/3 [00:01<00:00,  2.82it/s]
Epoch 001/3000 Train Loss: 3.178699 (MSE:1.138032, CE:2.028881, KLD:0.245519)  Val Loss: 2.770607 (MSE:0.918269, CE:1.827553, KLD:0.516313)
  0%|          | 0/3 [00:00<?, ?it/s] 33%|███▎      | 1/3 [00:00<00:00,  2.71it/s]100%|██████████| 3/3 [00:00<00:00,  6.14it/s]
Epoch 002/3000 Train Loss: 2.590140 (MSE:0.775787, CE:1.780604, KLD:0.703061)  Val Loss: 2.436901 (MSE:0.718325, CE:1.661234, KLD:1.194507)
  0%|          | 0/3 [00:00<?, ?it/s] 33%|███▎      | 1/3 [00:00<00:00,  2.57it/s]100%|██████████| 3/3 [00:00<00:00,  5.58it/s]
Epoch 003/3000 Train Loss: 2.238134 (MSE:0.566021, CE:1.603193, KLD:1.435721)  Val Loss: 2.093580 (MSE:0.534905, CE:1.461332, KLD:2.027810)
  0%|          | 0/3 [00:00<?, ?it/s] 33%|███▎      | 1/3 [00:00<00:00,  2.58it/s]100%|██████████| 3/3 [00:00<00:00,  5.46it/s]
Epoch 004/3000 Train Loss: 1.930544 (MSE:0.412275, CE:1.410607, KLD:2.242781)  Val Loss: 1.833358 (MSE:0.423653, CE:1.281006, KLD:2.681019)
  0%|          | 0/3 [00:00<?, ?it/s] 33%|███▎      | 1/3 [00:00<00:00,  2.24it/s]100%|██████████| 3/3 [00:00<00:00,  5.01it/s]
Epoch 005/3000 Train Loss: 1.705970 (MSE:0.341371, CE:1.231979, KLD:2.762688)  Val Loss: 1.634634 (MSE:0.376158, CE:1.117485, KLD:2.937070)
  0%|          | 0/3 [00:00<?, ?it/s] 33%|███▎      | 1/3 [00:00<00:00,  2.50it/s]100%|██████████| 3/3 [00:00<00:00,  5.68it/s]
Epoch 006/3000 Train Loss: 1.502008 (MSE:0.284333, CE:1.075443, KLD:2.962917)  Val Loss: 1.420141 (MSE:0.292757, CE:0.982914, KLD:3.009563)
  0%|          | 0/3 [00:00<?, ?it/s] 33%|███▎      | 1/3 [00:00<00:00,  2.41it/s]100%|██████████| 3/3 [00:00<00:00,  5.41it/s]
Epoch 007/3000 Train Loss: 1.315746 (MSE:0.221969, CE:0.950669, KLD:2.981187)  Val Loss: 1.247725 (MSE:0.229957, CE:0.877270, KLD:2.926816)
  0%|          | 0/3 [00:00<?, ?it/s] 33%|███▎      | 1/3 [00:00<00:00,  2.50it/s]100%|██████████| 3/3 [00:00<00:00,  5.57it/s]
Epoch 008/3000 Train Loss: 1.154892 (MSE:0.174052, CE:0.842571, KLD:2.880377)  Val Loss: 1.088962 (MSE:0.188684, CE:0.764514, KLD:2.828195)
  0%|          | 0/3 [00:00<?, ?it/s] 33%|███▎      | 1/3 [00:00<00:00,  2.45it/s]100%|██████████| 3/3 [00:00<00:00,  5.52it/s]
Epoch 009/3000 Train Loss: 1.013151 (MSE:0.143369, CE:0.735202, KLD:2.803530)  Val Loss: 0.965809 (MSE:0.162856, CE:0.668819, KLD:2.794226)
  0%|          | 0/3 [00:00<?, ?it/s] 33%|███▎      | 1/3 [00:00<00:00,  2.58it/s]100%|██████████| 3/3 [00:00<00:00,  5.78it/s]
Epoch 010/3000 Train Loss: 0.902636 (MSE:0.125400, CE:0.643731, KLD:2.781134)  Val Loss: 0.891746 (MSE:0.166287, CE:0.589844, KLD:2.825107)
  0%|          | 0/3 [00:00<?, ?it/s] 33%|███▎      | 1/3 [00:00<00:00,  2.54it/s]100%|██████████| 3/3 [00:00<00:00,  5.75it/s]
Epoch 011/3000 Train Loss: 0.823938 (MSE:0.121731, CE:0.567107, KLD:2.814348)  Val Loss: 0.798970 (MSE:0.136531, CE:0.523678, KLD:2.890635)
  0%|          | 0/3 [00:00<?, ?it/s] 33%|███▎      | 1/3 [00:00<00:00,  2.54it/s]100%|██████████| 3/3 [00:00<00:00,  5.80it/s]
Epoch 012/3000 Train Loss: 0.740750 (MSE:0.097131, CE:0.504508, KLD:2.897900)  Val Loss: 0.728371 (MSE:0.125645, CE:0.462125, KLD:2.928961)
  0%|          | 0/3 [00:00<?, ?it/s] 33%|███▎      | 1/3 [00:00<00:00,  2.54it/s]100%|██████████| 3/3 [00:00<00:00,  5.69it/s]
Epoch 013/3000 Train Loss: 0.673748 (MSE:0.086770, CE:0.446319, KLD:2.930154)  Val Loss: 0.653651 (MSE:0.106370, CE:0.408194, KLD:2.897408)
  0%|          | 0/3 [00:00<?, ?it/s] 33%|███▎      | 1/3 [00:00<00:00,  2.55it/s]100%|██████████| 3/3 [00:00<00:00,  5.59it/s]
Epoch 014/3000 Train Loss: 0.607147 (MSE:0.078748, CE:0.391706, KLD:2.847558)  Val Loss: 0.593640 (MSE:0.101230, CE:0.358611, KLD:2.787272)
  0%|          | 0/3 [00:00<?, ?it/s] 33%|███▎      | 1/3 [00:00<00:00,  2.53it/s]100%|██████████| 3/3 [00:00<00:00,  5.88it/s]
Epoch 015/3000 Train Loss: 0.546864 (MSE:0.074499, CE:0.340850, KLD:2.739691)  Val Loss: 0.537617 (MSE:0.098992, CE:0.309281, KLD:2.694450)
  0%|          | 0/3 [00:00<?, ?it/s] 33%|███▎      | 1/3 [00:00<00:00,  2.63it/s]100%|██████████| 3/3 [00:00<00:00,  5.48it/s]
Epoch 016/3000 Train Loss: 0.493162 (MSE:0.068807, CE:0.295472, KLD:2.684860)  Val Loss: 0.497586 (MSE:0.095806, CE:0.272158, KLD:2.700247)
  0%|          | 0/3 [00:00<?, ?it/s] 33%|███▎      | 1/3 [00:00<00:00,  2.63it/s]100%|██████████| 3/3 [00:00<00:00,  5.81it/s]
Epoch 017/3000 Train Loss: 0.451060 (MSE:0.062499, CE:0.258206, KLD:2.715511)  Val Loss: 0.447445 (MSE:0.080825, CE:0.233018, KLD:2.783160)
  0%|          | 0/3 [00:00<?, ?it/s] 33%|███▎      | 1/3 [00:00<00:00,  2.48it/s]100%|██████████| 3/3 [00:00<00:00,  5.67it/s]
Epoch 018/3000 Train Loss: 0.411838 (MSE:0.053032, CE:0.224568, KLD:2.796413)  Val Loss: 0.411381 (MSE:0.070741, CE:0.204666, KLD:2.832562)
  0%|          | 0/3 [00:00<?, ?it/s] 33%|███▎      | 1/3 [00:00<00:00,  2.56it/s]100%|██████████| 3/3 [00:00<00:00,  5.72it/s]
Epoch 019/3000 Train Loss: 0.381383 (MSE:0.049172, CE:0.196557, KLD:2.825895)  Val Loss: 0.374549 (MSE:0.060529, CE:0.179182, KLD:2.808910)
  0%|          | 0/3 [00:00<?, ?it/s]