[I 2025-05-04 08:17:58,310] Trial 28 finished with value: 0.5324056753657976 and parameters: {'C': 31.19650490171288, 'gamma': 0.8967381549523696}. Best is trial 16 with value: 0.7435139291001768.
[I 2025-05-04 08:18:51,303] Trial 29 finished with value: 0.715075775438355 and parameters: {'C': 1.1821355573045078, 'gamma': 0.02180253446197803}. Best is trial 16 with value: 0.7435139291001768.
/data/home/rtabares/anaconda3/envs/pyth3.12/lib/python3.12/site-packages/xgboost/core.py:377: FutureWarning: Your system has an old version of glibc (< 2.28). We will stop supporting Linux distros with glibc older than 2.28 after **May 31, 2025**. Please upgrade to a recent Linux distro (with glibc >= 2.28) to use future versions of XGBoost.
Note: You have installed the 'manylinux2014' variant of XGBoost. Certain features such as GPU algorithms or federated learning are not available. To use these features, please upgrade to a recent Linux distro with glibc 2.28+, and install the 'manylinux_2_28' variant.
  warnings.warn(
/data/home/rtabares/anaconda3/envs/pyth3.12/lib/python3.12/site-packages/xgboost/core.py:377: FutureWarning: Your system has an old version of glibc (< 2.28). We will stop supporting Linux distros with glibc older than 2.28 after **May 31, 2025**. Please upgrade to a recent Linux distro (with glibc >= 2.28) to use future versions of XGBoost.
Note: You have installed the 'manylinux2014' variant of XGBoost. Certain features such as GPU algorithms or federated learning are not available. To use these features, please upgrade to a recent Linux distro with glibc 2.28+, and install the 'manylinux_2_28' variant.
  warnings.warn(
/data/home/rtabares/anaconda3/envs/pyth3.12/lib/python3.12/site-packages/xgboost/core.py:377: FutureWarning: Your system has an old version of glibc (< 2.28). We will stop supporting Linux distros with glibc older than 2.28 after **May 31, 2025**. Please upgrade to a recent Linux distro (with glibc >= 2.28) to use future versions of XGBoost.
Note: You have installed the 'manylinux2014' variant of XGBoost. Certain features such as GPU algorithms or federated learning are not available. To use these features, please upgrade to a recent Linux distro with glibc 2.28+, and install the 'manylinux_2_28' variant.
  warnings.warn(
/data/home/rtabares/anaconda3/envs/pyth3.12/lib/python3.12/site-packages/xgboost/core.py:377: FutureWarning: Your system has an old version of glibc (< 2.28). We will stop supporting Linux distros with glibc older than 2.28 after **May 31, 2025**. Please upgrade to a recent Linux distro (with glibc >= 2.28) to use future versions of XGBoost.
Note: You have installed the 'manylinux2014' variant of XGBoost. Certain features such as GPU algorithms or federated learning are not available. To use these features, please upgrade to a recent Linux distro with glibc 2.28+, and install the 'manylinux_2_28' variant.
  warnings.warn(
[I 2025-05-04 08:21:30,282] A new study created in memory with name: logreg
Parámetros guardados en checkpoint_shoppers_Doriginal_Roriginal/Full-data/best_models_Full-data_seed_0/svc_best_params.json


>>> Optuna tuning logreg


[I 2025-05-04 08:21:33,583] Trial 0 finished with value: 0.6751113154142502 and parameters: {'C': 0.5547119471592125, 'penalty': 'l2'}. Best is trial 0 with value: 0.6751113154142502.
[I 2025-05-04 08:21:36,420] Trial 1 finished with value: 0.6764082791345327 and parameters: {'C': 3.7665768415992953, 'penalty': 'l2'}. Best is trial 1 with value: 0.6764082791345327.
[I 2025-05-04 08:21:39,384] Trial 2 finished with value: 0.6757468631822243 and parameters: {'C': 1.032326035197657, 'penalty': 'l2'}. Best is trial 1 with value: 0.6764082791345327.
[I 2025-05-04 08:21:42,496] Trial 3 finished with value: 0.6748739226438827 and parameters: {'C': 0.530170934757683, 'penalty': 'l2'}. Best is trial 1 with value: 0.6764082791345327.
[I 2025-05-04 08:21:45,562] Trial 4 finished with value: 0.6718268402714881 and parameters: {'C': 0.13130280280658593, 'penalty': 'l2'}. Best is trial 1 with value: 0.6764082791345327.
[I 2025-05-04 08:21:48,710] Trial 5 finished with value: 0.6765681938466862 and parameters: {'C': 1.6961746387290997, 'penalty': 'l2'}. Best is trial 5 with value: 0.6765681938466862.
[I 2025-05-04 08:21:51,555] Trial 6 finished with value: 0.6720659280720271 and parameters: {'C': 0.15414734761917095, 'penalty': 'l2'}. Best is trial 5 with value: 0.6765681938466862.
[I 2025-05-04 08:21:55,110] Trial 7 finished with value: 0.676249211937465 and parameters: {'C': 28.765041432546976, 'penalty': 'l2'}. Best is trial 5 with value: 0.6765681938466862.
[I 2025-05-04 08:21:58,088] Trial 8 finished with value: 0.6765399096118836 and parameters: {'C': 65.81332043291806, 'penalty': 'l2'}. Best is trial 5 with value: 0.6765681938466862.
[I 2025-05-04 08:22:01,366] Trial 9 finished with value: 0.6710605095412489 and parameters: {'C': 0.08264328927007726, 'penalty': 'l2'}. Best is trial 5 with value: 0.6765681938466862.
[I 2025-05-04 08:22:03,235] Trial 10 finished with value: 0.6092747244184529 and parameters: {'C': 0.002101331318459542, 'penalty': 'l2'}. Best is trial 5 with value: 0.6765681938466862.
[I 2025-05-04 08:22:06,867] Trial 11 finished with value: 0.6770696950868412 and parameters: {'C': 72.61997250556261, 'penalty': 'l2'}. Best is trial 11 with value: 0.6770696950868412.
[I 2025-05-04 08:22:09,859] Trial 12 finished with value: 0.6765932145159348 and parameters: {'C': 10.67987432597947, 'penalty': 'l2'}. Best is trial 11 with value: 0.6770696950868412.
[I 2025-05-04 08:22:10,737] Trial 13 finished with value: 0.6762475169072935 and parameters: {'C': 13.990432300902413, 'penalty': 'l2'}. Best is trial 11 with value: 0.6770696950868412.
[I 2025-05-04 08:22:11,445] Trial 14 finished with value: 0.6763541267153959 and parameters: {'C': 8.755651531899378, 'penalty': 'l2'}. Best is trial 11 with value: 0.6770696950868412.
[I 2025-05-04 08:22:12,158] Trial 15 finished with value: 0.6765932145159349 and parameters: {'C': 93.08172514629706, 'penalty': 'l2'}. Best is trial 11 with value: 0.6770696950868412.
[I 2025-05-04 08:22:12,895] Trial 16 finished with value: 0.6768306072863022 and parameters: {'C': 59.765021886538605, 'penalty': 'l2'}. Best is trial 11 with value: 0.6770696950868412.
[I 2025-05-04 08:22:13,511] Trial 17 finished with value: 0.6758510569398584 and parameters: {'C': 30.935562118217508, 'penalty': 'l2'}. Best is trial 11 with value: 0.6770696950868412.
[I 2025-05-04 08:22:13,895] Trial 18 finished with value: 0.6580552387563843 and parameters: {'C': 0.012751951010849746, 'penalty': 'l2'}. Best is trial 11 with value: 0.6770696950868412.
[I 2025-05-04 08:22:14,557] Trial 19 finished with value: 0.6763549742304816 and parameters: {'C': 4.437614901093637, 'penalty': 'l2'}. Best is trial 11 with value: 0.6770696950868412.
[I 2025-05-04 08:22:14,927] Trial 20 finished with value: 0.6660901118517522 and parameters: {'C': 0.028724438599162797, 'penalty': 'l2'}. Best is trial 11 with value: 0.6770696950868412.
[I 2025-05-04 08:22:15,680] Trial 21 finished with value: 0.6770155426677043 and parameters: {'C': 90.27247978184691, 'penalty': 'l2'}. Best is trial 11 with value: 0.6770696950868412.
[I 2025-05-04 08:22:16,359] Trial 22 finished with value: 0.6765399096118836 and parameters: {'C': 99.10014951706384, 'penalty': 'l2'}. Best is trial 11 with value: 0.6770696950868412.
[I 2025-05-04 08:22:17,159] Trial 23 finished with value: 0.676777302382251 and parameters: {'C': 30.82901096072712, 'penalty': 'l2'}. Best is trial 11 with value: 0.6770696950868412.
[I 2025-05-04 08:22:17,949] Trial 24 finished with value: 0.6765399096118836 and parameters: {'C': 25.204289394048374, 'penalty': 'l2'}. Best is trial 11 with value: 0.6770696950868412.
[I 2025-05-04 08:22:18,623] Trial 25 finished with value: 0.6764615840385839 and parameters: {'C': 3.6470576843411724, 'penalty': 'l2'}. Best is trial 11 with value: 0.6770696950868412.
[I 2025-05-04 08:22:19,474] Trial 26 finished with value: 0.6767764548671652 and parameters: {'C': 47.684930547460134, 'penalty': 'l2'}. Best is trial 11 with value: 0.6770696950868412.
[I 2025-05-04 08:22:20,277] Trial 27 finished with value: 0.6765399096118836 and parameters: {'C': 13.000416127811132, 'penalty': 'l2'}. Best is trial 11 with value: 0.6770696950868412.
[I 2025-05-04 08:22:21,070] Trial 28 finished with value: 0.6764082791345327 and parameters: {'C': 7.397686020026864, 'penalty': 'l2'}. Best is trial 11 with value: 0.6770696950868412.
[I 2025-05-04 08:22:21,764] Trial 29 finished with value: 0.6764082791345328 and parameters: {'C': 2.3364896077482364, 'penalty': 'l2'}. Best is trial 11 with value: 0.6770696950868412.
/data/home/rtabares/anaconda3/envs/pyth3.12/lib/python3.12/site-packages/xgboost/core.py:377: FutureWarning: Your system has an old version of glibc (< 2.28). We will stop supporting Linux distros with glibc older than 2.28 after **May 31, 2025**. Please upgrade to a recent Linux distro (with glibc >= 2.28) to use future versions of XGBoost.
Note: You have installed the 'manylinux2014' variant of XGBoost. Certain features such as GPU algorithms or federated learning are not available. To use these features, please upgrade to a recent Linux distro with glibc 2.28+, and install the 'manylinux_2_28' variant.
  warnings.warn(
/data/home/rtabares/anaconda3/envs/pyth3.12/lib/python3.12/site-packages/xgboost/core.py:377: FutureWarning: Your system has an old version of glibc (< 2.28). We will stop supporting Linux distros with glibc older than 2.28 after **May 31, 2025**. Please upgrade to a recent Linux distro (with glibc >= 2.28) to use future versions of XGBoost.
Note: You have installed the 'manylinux2014' variant of XGBoost. Certain features such as GPU algorithms or federated learning are not available. To use these features, please upgrade to a recent Linux distro with glibc 2.28+, and install the 'manylinux_2_28' variant.
  warnings.warn(
/data/home/rtabares/anaconda3/envs/pyth3.12/lib/python3.12/site-packages/xgboost/core.py:377: FutureWarning: Your system has an old version of glibc (< 2.28). We will stop supporting Linux distros with glibc older than 2.28 after **May 31, 2025**. Please upgrade to a recent Linux distro (with glibc >= 2.28) to use future versions of XGBoost.
Note: You have installed the 'manylinux2014' variant of XGBoost. Certain features such as GPU algorithms or federated learning are not available. To use these features, please upgrade to a recent Linux distro with glibc 2.28+, and install the 'manylinux_2_28' variant.
  warnings.warn(
/data/home/rtabares/anaconda3/envs/pyth3.12/lib/python3.12/site-packages/xgboost/core.py:377: FutureWarning: Your system has an old version of glibc (< 2.28). We will stop supporting Linux distros with glibc older than 2.28 after **May 31, 2025**. Please upgrade to a recent Linux distro (with glibc >= 2.28) to use future versions of XGBoost.
Note: You have installed the 'manylinux2014' variant of XGBoost. Certain features such as GPU algorithms or federated learning are not available. To use these features, please upgrade to a recent Linux distro with glibc 2.28+, and install the 'manylinux_2_28' variant.
  warnings.warn(
/data/home/rtabares/anaconda3/envs/pyth3.12/lib/python3.12/site-packages/xgboost/core.py:377: FutureWarning: Your system has an old version of glibc (< 2.28). We will stop supporting Linux distros with glibc older than 2.28 after **May 31, 2025**. Please upgrade to a recent Linux distro (with glibc >= 2.28) to use future versions of XGBoost.
Note: You have installed the 'manylinux2014' variant of XGBoost. Certain features such as GPU algorithms or federated learning are not available. To use these features, please upgrade to a recent Linux distro with glibc 2.28+, and install the 'manylinux_2_28' variant.
  warnings.warn(
[I 2025-05-04 08:22:47,450] A new study created in memory with name: mlp
[W 2025-05-04 08:22:47,451] Trial 0 failed with parameters: {'hidden_layer_sizes': (200,), 'max_iter': 50, 'alpha': 0.0001} because of the following error: KeyError('static_args').
Traceback (most recent call last):
  File "/data/home/rtabares/anaconda3/envs/pyth3.12/lib/python3.12/site-packages/optuna/study/_optimize.py", line 197, in _run_trial
    value_or_values = func(trial)
                      ^^^^^^^^^^^
  File "/data/home/rtabares/.juan/CorVAE/utils.py", line 618, in <lambda>
    lambda t: _objective(t, cfg, X, y, cv),
              ^^^^^^^^^^^^^^^^^^^^^^^^^^^^
  File "/data/home/rtabares/.juan/CorVAE/utils.py", line 596, in _objective
    model = cfg["constructor"](**cfg["static_args"], **params)
                                 ~~~^^^^^^^^^^^^^^^
KeyError: 'static_args'
[W 2025-05-04 08:22:47,453] Trial 0 failed with value None.
Parámetros guardados en checkpoint_shoppers_Doriginal_Roriginal/Full-data/best_models_Full-data_seed_0/logreg_best_params.json


>>> Optuna tuning mlp


Traceback (most recent call last):
  File "/data/home/rtabares/.juan/CorVAE/main.py", line 331, in <module>
    main(args)
  File "/data/home/rtabares/.juan/CorVAE/main.py", line 134, in main
    full_df, test_metrics_all, _ = evaluate_models(X_train_pre, y_train_pre, X_test_pre, y_test_pre, ckpt_dir=checkpoint_path, method='Full-data', random_state=SEED)
                                   ^^^^^^^^^^^^^^^^^^^^^^^^^^^^^^^^^^^^^^^^^^^^^^^^^^^^^^^^^^^^^^^^^^^^^^^^^^^^^^^^^^^^^^^^^^^^^^^^^^^^^^^^^^^^^^^^^^^^^^^^^^^^^^^^^^
  File "/data/home/rtabares/.juan/CorVAE/utils.py", line 698, in evaluate_models
    best_model, cv_means, cv_stds, best_hp, opt_time, train_time = _tune_single_model(
                                                                   ^^^^^^^^^^^^^^^^^^^
  File "/data/home/rtabares/.juan/CorVAE/utils.py", line 617, in _tune_single_model
    study.optimize(
  File "/data/home/rtabares/anaconda3/envs/pyth3.12/lib/python3.12/site-packages/optuna/study/study.py", line 475, in optimize
    _optimize(
  File "/data/home/rtabares/anaconda3/envs/pyth3.12/lib/python3.12/site-packages/optuna/study/_optimize.py", line 63, in _optimize
    _optimize_sequential(
  File "/data/home/rtabares/anaconda3/envs/pyth3.12/lib/python3.12/site-packages/optuna/study/_optimize.py", line 160, in _optimize_sequential
    frozen_trial = _run_trial(study, func, catch)
                   ^^^^^^^^^^^^^^^^^^^^^^^^^^^^^^
  File "/data/home/rtabares/anaconda3/envs/pyth3.12/lib/python3.12/site-packages/optuna/study/_optimize.py", line 248, in _run_trial
    raise func_err
  File "/data/home/rtabares/anaconda3/envs/pyth3.12/lib/python3.12/site-packages/optuna/study/_optimize.py", line 197, in _run_trial
    value_or_values = func(trial)
                      ^^^^^^^^^^^
  File "/data/home/rtabares/.juan/CorVAE/utils.py", line 618, in <lambda>
    lambda t: _objective(t, cfg, X, y, cv),
              ^^^^^^^^^^^^^^^^^^^^^^^^^^^^
  File "/data/home/rtabares/.juan/CorVAE/utils.py", line 596, in _objective
    model = cfg["constructor"](**cfg["static_args"], **params)
                                 ~~~^^^^^^^^^^^^^^^
KeyError: 'static_args'
