[I 2025-05-18 17:47:07,334] Trial 6 finished with value: 0.6598484848484849 and parameters: {'C': 11.055599623279033, 'gamma': 0.07071284267178823}. Best is trial 1 with value: 0.6613636363636364.
[I 2025-05-18 17:47:07,367] Trial 7 finished with value: 0.653030303030303 and parameters: {'C': 3.0111222251271013, 'gamma': 0.00506252384623837}. Best is trial 1 with value: 0.6613636363636364.
[I 2025-05-18 17:47:07,400] Trial 8 finished with value: 0.5416666666666667 and parameters: {'C': 0.1433177931243846, 'gamma': 0.7859971382309453}. Best is trial 1 with value: 0.6613636363636364.
[I 2025-05-18 17:47:07,424] Trial 9 finished with value: 0.5583333333333333 and parameters: {'C': 0.21631975482828378, 'gamma': 0.0007502469581683287}. Best is trial 1 with value: 0.6613636363636364.
/data/home/rtabares/anaconda3/envs/pyth3.12/lib/python3.12/site-packages/xgboost/core.py:377: FutureWarning: Your system has an old version of glibc (< 2.28). We will stop supporting Linux distros with glibc older than 2.28 after **May 31, 2025**. Please upgrade to a recent Linux distro (with glibc >= 2.28) to use future versions of XGBoost.
Note: You have installed the 'manylinux2014' variant of XGBoost. Certain features such as GPU algorithms or federated learning are not available. To use these features, please upgrade to a recent Linux distro with glibc 2.28+, and install the 'manylinux_2_28' variant.
  warnings.warn(
[I 2025-05-18 17:47:18,740] A new study created in memory with name: logreg
Parámetros guardados en checkpoint_default_Dlatent_G/random/IPC_59/best_models_random_seed_8_space_original/svc_best_params.json


>>> Optuna tuning logreg metodo random IPC 59 seed 8


[I 2025-05-18 17:47:20,410] Trial 0 finished with value: 0.6378787878787879 and parameters: {'C': 23.288794782471303, 'penalty': 'l2'}. Best is trial 0 with value: 0.6378787878787879.
[I 2025-05-18 17:47:22,202] Trial 1 finished with value: 0.6712121212121213 and parameters: {'C': 69.61507800412923, 'penalty': 'l2'}. Best is trial 1 with value: 0.6712121212121213.
[I 2025-05-18 17:47:23,877] Trial 2 finished with value: 0.6378787878787879 and parameters: {'C': 22.180569925473442, 'penalty': 'l2'}. Best is trial 1 with value: 0.6712121212121213.
[I 2025-05-18 17:47:23,910] Trial 3 finished with value: 0.6704545454545455 and parameters: {'C': 0.4511058486037652, 'penalty': 'l2'}. Best is trial 1 with value: 0.6712121212121213.
[I 2025-05-18 17:47:23,923] Trial 4 finished with value: 0.6598484848484848 and parameters: {'C': 0.014576110093994574, 'penalty': 'l2'}. Best is trial 1 with value: 0.6712121212121213.
[I 2025-05-18 17:47:23,968] Trial 5 finished with value: 0.6287878787878788 and parameters: {'C': 0.0011402340906886685, 'penalty': 'l2'}. Best is trial 1 with value: 0.6712121212121213.
[I 2025-05-18 17:47:23,991] Trial 6 finished with value: 0.6431818181818182 and parameters: {'C': 0.14201822862985758, 'penalty': 'l2'}. Best is trial 1 with value: 0.6712121212121213.
[I 2025-05-18 17:47:24,024] Trial 7 finished with value: 0.6431818181818182 and parameters: {'C': 0.1027440782219989, 'penalty': 'l2'}. Best is trial 1 with value: 0.6712121212121213.
[I 2025-05-18 17:47:24,057] Trial 8 finished with value: 0.678030303030303 and parameters: {'C': 0.41055690122086846, 'penalty': 'l2'}. Best is trial 8 with value: 0.678030303030303.
[I 2025-05-18 17:47:24,080] Trial 9 finished with value: 0.6606060606060605 and parameters: {'C': 0.24658064201770763, 'penalty': 'l2'}. Best is trial 8 with value: 0.678030303030303.
[I 2025-05-18 17:47:29,905] A new study created in memory with name: mlp
Parámetros guardados en checkpoint_default_Dlatent_G/random/IPC_59/best_models_random_seed_8_space_original/logreg_best_params.json


>>> Optuna tuning mlp metodo random IPC 59 seed 8


/data/home/rtabares/anaconda3/envs/pyth3.12/lib/python3.12/site-packages/sklearn/neural_network/_multilayer_perceptron.py:691: ConvergenceWarning: Stochastic Optimizer: Maximum iterations (50) reached and the optimization hasn't converged yet.
  warnings.warn(
/data/home/rtabares/anaconda3/envs/pyth3.12/lib/python3.12/site-packages/sklearn/neural_network/_multilayer_perceptron.py:691: ConvergenceWarning: Stochastic Optimizer: Maximum iterations (50) reached and the optimization hasn't converged yet.
  warnings.warn(
/data/home/rtabares/anaconda3/envs/pyth3.12/lib/python3.12/site-packages/sklearn/neural_network/_multilayer_perceptron.py:691: ConvergenceWarning: Stochastic Optimizer: Maximum iterations (50) reached and the optimization hasn't converged yet.
  warnings.warn(
/data/home/rtabares/anaconda3/envs/pyth3.12/lib/python3.12/site-packages/sklearn/neural_network/_multilayer_perceptron.py:691: ConvergenceWarning: Stochastic Optimizer: Maximum iterations (50) reached and the optimization hasn't converged yet.
  warnings.warn(
/data/home/rtabares/anaconda3/envs/pyth3.12/lib/python3.12/site-packages/sklearn/neural_network/_multilayer_perceptron.py:691: ConvergenceWarning: Stochastic Optimizer: Maximum iterations (50) reached and the optimization hasn't converged yet.
  warnings.warn(
[I 2025-05-18 17:47:33,967] Trial 0 finished with value: 0.6598484848484849 and parameters: {'hidden_layer_sizes': (200,), 'max_iter': 50, 'alpha': 0.001}. Best is trial 0 with value: 0.6598484848484849.
/data/home/rtabares/anaconda3/envs/pyth3.12/lib/python3.12/site-packages/sklearn/neural_network/_multilayer_perceptron.py:691: ConvergenceWarning: Stochastic Optimizer: Maximum iterations (50) reached and the optimization hasn't converged yet.
  warnings.warn(
/data/home/rtabares/anaconda3/envs/pyth3.12/lib/python3.12/site-packages/sklearn/neural_network/_multilayer_perceptron.py:691: ConvergenceWarning: Stochastic Optimizer: Maximum iterations (50) reached and the optimization hasn't converged yet.
  warnings.warn(
/data/home/rtabares/anaconda3/envs/pyth3.12/lib/python3.12/site-packages/sklearn/neural_network/_multilayer_perceptron.py:691: ConvergenceWarning: Stochastic Optimizer: Maximum iterations (50) reached and the optimization hasn't converged yet.
  warnings.warn(
/data/home/rtabares/anaconda3/envs/pyth3.12/lib/python3.12/site-packages/sklearn/neural_network/_multilayer_perceptron.py:691: ConvergenceWarning: Stochastic Optimizer: Maximum iterations (50) reached and the optimization hasn't converged yet.
  warnings.warn(
/data/home/rtabares/anaconda3/envs/pyth3.12/lib/python3.12/site-packages/sklearn/neural_network/_multilayer_perceptron.py:691: ConvergenceWarning: Stochastic Optimizer: Maximum iterations (50) reached and the optimization hasn't converged yet.
  warnings.warn(
[I 2025-05-18 17:47:35,848] Trial 1 finished with value: 0.6772727272727272 and parameters: {'hidden_layer_sizes': (200,), 'max_iter': 50, 'alpha': 0.0001}. Best is trial 1 with value: 0.6772727272727272.
/data/home/rtabares/anaconda3/envs/pyth3.12/lib/python3.12/site-packages/sklearn/neural_network/_multilayer_perceptron.py:691: ConvergenceWarning: Stochastic Optimizer: Maximum iterations (50) reached and the optimization hasn't converged yet.
  warnings.warn(
/data/home/rtabares/anaconda3/envs/pyth3.12/lib/python3.12/site-packages/sklearn/neural_network/_multilayer_perceptron.py:691: ConvergenceWarning: Stochastic Optimizer: Maximum iterations (50) reached and the optimization hasn't converged yet.
  warnings.warn(
/data/home/rtabares/anaconda3/envs/pyth3.12/lib/python3.12/site-packages/sklearn/neural_network/_multilayer_perceptron.py:691: ConvergenceWarning: Stochastic Optimizer: Maximum iterations (50) reached and the optimization hasn't converged yet.
  warnings.warn(
[I 2025-05-18 17:47:35,954] Trial 2 finished with value: 0.6666666666666666 and parameters: {'hidden_layer_sizes': (100,), 'max_iter': 50, 'alpha': 0.0001}. Best is trial 1 with value: 0.6772727272727272.
/data/home/rtabares/anaconda3/envs/pyth3.12/lib/python3.12/site-packages/sklearn/neural_network/_multilayer_perceptron.py:691: ConvergenceWarning: Stochastic Optimizer: Maximum iterations (100) reached and the optimization hasn't converged yet.
  warnings.warn(
/data/home/rtabares/anaconda3/envs/pyth3.12/lib/python3.12/site-packages/sklearn/neural_network/_multilayer_perceptron.py:691: ConvergenceWarning: Stochastic Optimizer: Maximum iterations (100) reached and the optimization hasn't converged yet.
  warnings.warn(
/data/home/rtabares/anaconda3/envs/pyth3.12/lib/python3.12/site-packages/sklearn/neural_network/_multilayer_perceptron.py:691: ConvergenceWarning: Stochastic Optimizer: Maximum iterations (100) reached and the optimization hasn't converged yet.
  warnings.warn(
/data/home/rtabares/anaconda3/envs/pyth3.12/lib/python3.12/site-packages/sklearn/neural_network/_multilayer_perceptron.py:691: ConvergenceWarning: Stochastic Optimizer: Maximum iterations (100) reached and the optimization hasn't converged yet.
  warnings.warn(
[I 2025-05-18 17:47:36,151] Trial 3 finished with value: 0.6772727272727272 and parameters: {'hidden_layer_sizes': (100,), 'max_iter': 100, 'alpha': 0.001}. Best is trial 1 with value: 0.6772727272727272.
/data/home/rtabares/anaconda3/envs/pyth3.12/lib/python3.12/site-packages/sklearn/neural_network/_multilayer_perceptron.py:691: ConvergenceWarning: Stochastic Optimizer: Maximum iterations (100) reached and the optimization hasn't converged yet.
  warnings.warn(
/data/home/rtabares/anaconda3/envs/pyth3.12/lib/python3.12/site-packages/sklearn/neural_network/_multilayer_perceptron.py:691: ConvergenceWarning: Stochastic Optimizer: Maximum iterations (100) reached and the optimization hasn't converged yet.
  warnings.warn(
/data/home/rtabares/anaconda3/envs/pyth3.12/lib/python3.12/site-packages/sklearn/neural_network/_multilayer_perceptron.py:691: ConvergenceWarning: Stochastic Optimizer: Maximum iterations (100) reached and the optimization hasn't converged yet.
  warnings.warn(
/data/home/rtabares/anaconda3/envs/pyth3.12/lib/python3.12/site-packages/sklearn/neural_network/_multilayer_perceptron.py:691: ConvergenceWarning: Stochastic Optimizer: Maximum iterations (100) reached and the optimization hasn't converged yet.
  warnings.warn(
/data/home/rtabares/anaconda3/envs/pyth3.12/lib/python3.12/site-packages/sklearn/neural_network/_multilayer_perceptron.py:691: ConvergenceWarning: Stochastic Optimizer: Maximum iterations (100) reached and the optimization hasn't converged yet.
  warnings.warn(
[I 2025-05-18 17:47:36,457] Trial 4 finished with value: 0.693939393939394 and parameters: {'hidden_layer_sizes': (200,), 'max_iter': 100, 'alpha': 0.001}. Best is trial 4 with value: 0.693939393939394.
/data/home/rtabares/anaconda3/envs/pyth3.12/lib/python3.12/site-packages/sklearn/neural_network/_multilayer_perceptron.py:691: ConvergenceWarning: Stochastic Optimizer: Maximum iterations (50) reached and the optimization hasn't converged yet.
  warnings.warn(
/data/home/rtabares/anaconda3/envs/pyth3.12/lib/python3.12/site-packages/sklearn/neural_network/_multilayer_perceptron.py:691: ConvergenceWarning: Stochastic Optimizer: Maximum iterations (50) reached and the optimization hasn't converged yet.
  warnings.warn(
/data/home/rtabares/anaconda3/envs/pyth3.12/lib/python3.12/site-packages/sklearn/neural_network/_multilayer_perceptron.py:691: ConvergenceWarning: Stochastic Optimizer: Maximum iterations (50) reached and the optimization hasn't converged yet.
  warnings.warn(
/data/home/rtabares/anaconda3/envs/pyth3.12/lib/python3.12/site-packages/sklearn/neural_network/_multilayer_perceptron.py:691: ConvergenceWarning: Stochastic Optimizer: Maximum iterations (50) reached and the optimization hasn't converged yet.
  warnings.warn(
/data/home/rtabares/anaconda3/envs/pyth3.12/lib/python3.12/site-packages/sklearn/neural_network/_multilayer_perceptron.py:691: ConvergenceWarning: Stochastic Optimizer: Maximum iterations (50) reached and the optimization hasn't converged yet.
  warnings.warn(
[I 2025-05-18 17:47:36,599] Trial 5 finished with value: 0.6848484848484848 and parameters: {'hidden_layer_sizes': (200,), 'max_iter': 50, 'alpha': 0.001}. Best is trial 4 with value: 0.693939393939394.
/data/home/rtabares/anaconda3/envs/pyth3.12/lib/python3.12/site-packages/sklearn/neural_network/_multilayer_perceptron.py:691: ConvergenceWarning: Stochastic Optimizer: Maximum iterations (100) reached and the optimization hasn't converged yet.
  warnings.warn(
/data/home/rtabares/anaconda3/envs/pyth3.12/lib/python3.12/site-packages/sklearn/neural_network/_multilayer_perceptron.py:691: ConvergenceWarning: Stochastic Optimizer: Maximum iterations (100) reached and the optimization hasn't converged yet.
  warnings.warn(
/data/home/rtabares/anaconda3/envs/pyth3.12/lib/python3.12/site-packages/sklearn/neural_network/_multilayer_perceptron.py:691: ConvergenceWarning: Stochastic Optimizer: Maximum iterations (100) reached and the optimization hasn't converged yet.
  warnings.warn(
/data/home/rtabares/anaconda3/envs/pyth3.12/lib/python3.12/site-packages/sklearn/neural_network/_multilayer_perceptron.py:691: ConvergenceWarning: Stochastic Optimizer: Maximum iterations (100) reached and the optimization hasn't converged yet.
  warnings.warn(
/data/home/rtabares/anaconda3/envs/pyth3.12/lib/python3.12/site-packages/sklearn/neural_network/_multilayer_perceptron.py:691: ConvergenceWarning: Stochastic Optimizer: Maximum iterations (100) reached and the optimization hasn't converged yet.
  warnings.warn(
[I 2025-05-18 17:47:36,775] Trial 6 finished with value: 0.6606060606060606 and parameters: {'hidden_layer_sizes': (100,), 'max_iter': 100, 'alpha': 0.0001}. Best is trial 4 with value: 0.693939393939394.
/data/home/rtabares/anaconda3/envs/pyth3.12/lib/python3.12/site-packages/sklearn/neural_network/_multilayer_perceptron.py:691: ConvergenceWarning: Stochastic Optimizer: Maximum iterations (50) reached and the optimization hasn't converged yet.
  warnings.warn(
/data/home/rtabares/anaconda3/envs/pyth3.12/lib/python3.12/site-packages/sklearn/neural_network/_multilayer_perceptron.py:691: ConvergenceWarning: Stochastic Optimizer: Maximum iterations (50) reached and the optimization hasn't converged yet.
  warnings.warn(
/data/home/rtabares/anaconda3/envs/pyth3.12/lib/python3.12/site-packages/sklearn/neural_network/_multilayer_perceptron.py:691: ConvergenceWarning: Stochastic Optimizer: Maximum iterations (50) reached and the optimization hasn't converged yet.
  warnings.warn(
/data/home/rtabares/anaconda3/envs/pyth3.12/lib/python3.12/site-packages/sklearn/neural_network/_multilayer_perceptron.py:691: ConvergenceWarning: Stochastic Optimizer: Maximum iterations (50) reached and the optimization hasn't converged yet.
  warnings.warn(
/data/home/rtabares/anaconda3/envs/pyth3.12/lib/python3.12/site-packages/sklearn/neural_network/_multilayer_perceptron.py:691: ConvergenceWarning: Stochastic Optimizer: Maximum iterations (50) reached and the optimization hasn't converged yet.
  warnings.warn(
[I 2025-05-18 17:47:36,960] Trial 7 finished with value: 0.6848484848484849 and parameters: {'hidden_layer_sizes': (100, 100), 'max_iter': 50, 'alpha': 0.0001}. Best is trial 4 with value: 0.693939393939394.
/data/home/rtabares/anaconda3/envs/pyth3.12/lib/python3.12/site-packages/sklearn/neural_network/_multilayer_perceptron.py:691: ConvergenceWarning: Stochastic Optimizer: Maximum iterations (100) reached and the optimization hasn't converged yet.
  warnings.warn(
/data/home/rtabares/anaconda3/envs/pyth3.12/lib/python3.12/site-packages/sklearn/neural_network/_multilayer_perceptron.py:691: ConvergenceWarning: Stochastic Optimizer: Maximum iterations (100) reached and the optimization hasn't converged yet.
  warnings.warn(
/data/home/rtabares/anaconda3/envs/pyth3.12/lib/python3.12/site-packages/sklearn/neural_network/_multilayer_perceptron.py:691: ConvergenceWarning: Stochastic Optimizer: Maximum iterations (100) reached and the optimization hasn't converged yet.
  warnings.warn(
/data/home/rtabares/anaconda3/envs/pyth3.12/lib/python3.12/site-packages/sklearn/neural_network/_multilayer_perceptron.py:691: ConvergenceWarning: Stochastic Optimizer: Maximum iterations (100) reached and the optimization hasn't converged yet.
  warnings.warn(
[I 2025-05-18 17:47:37,240] Trial 8 finished with value: 0.7045454545454545 and parameters: {'hidden_layer_sizes': (100, 100), 'max_iter': 100, 'alpha': 0.0001}. Best is trial 8 with value: 0.7045454545454545.
/data/home/rtabares/anaconda3/envs/pyth3.12/lib/python3.12/site-packages/sklearn/neural_network/_multilayer_perceptron.py:691: ConvergenceWarning: Stochastic Optimizer: Maximum iterations (50) reached and the optimization hasn't converged yet.
  warnings.warn(
/data/home/rtabares/anaconda3/envs/pyth3.12/lib/python3.12/site-packages/sklearn/neural_network/_multilayer_perceptron.py:691: ConvergenceWarning: Stochastic Optimizer: Maximum iterations (50) reached and the optimization hasn't converged yet.
  warnings.warn(
/data/home/rtabares/anaconda3/envs/pyth3.12/lib/python3.12/site-packages/sklearn/neural_network/_multilayer_perceptron.py:691: ConvergenceWarning: Stochastic Optimizer: Maximum iterations (50) reached and the optimization hasn't converged yet.
  warnings.warn(
/data/home/rtabares/anaconda3/envs/pyth3.12/lib/python3.12/site-packages/sklearn/neural_network/_multilayer_perceptron.py:691: ConvergenceWarning: Stochastic Optimizer: Maximum iterations (50) reached and the optimization hasn't converged yet.
  warnings.warn(
/data/home/rtabares/anaconda3/envs/pyth3.12/lib/python3.12/site-packages/sklearn/neural_network/_multilayer_perceptron.py:691: ConvergenceWarning: Stochastic Optimizer: Maximum iterations (50) reached and the optimization hasn't converged yet.
  warnings.warn(
[I 2025-05-18 17:47:37,355] Trial 9 finished with value: 0.6515151515151515 and parameters: {'hidden_layer_sizes': (100,), 'max_iter': 50, 'alpha': 0.001}. Best is trial 8 with value: 0.7045454545454545.
[I 2025-05-18 17:47:48,910] A new study created in memory with name: naive_bayes
Parámetros guardados en checkpoint_default_Dlatent_G/random/IPC_59/best_models_random_seed_8_space_original/mlp_best_params.json


>>> Optuna tuning naive_bayes metodo random IPC 59 seed 8


[I 2025-05-18 17:47:51,914] Trial 0 finished with value: 0.640151515151515 and parameters: {'var_smoothing': 5.582886587978182e-09}. Best is trial 0 with value: 0.640151515151515.
[I 2025-05-18 17:47:53,580] Trial 1 finished with value: 0.640151515151515 and parameters: {'var_smoothing': 8.651299071518215e-09}. Best is trial 0 with value: 0.640151515151515.
[I 2025-05-18 17:47:55,288] Trial 2 finished with value: 0.640151515151515 and parameters: {'var_smoothing': 5.475062490474489e-09}. Best is trial 0 with value: 0.640151515151515.
[I 2025-05-18 17:47:55,322] Trial 3 finished with value: 0.640151515151515 and parameters: {'var_smoothing': 1.1526869678723134e-09}. Best is trial 0 with value: 0.640151515151515.
[I 2025-05-18 17:47:55,347] Trial 4 finished with value: 0.640151515151515 and parameters: {'var_smoothing': 2.920496270341785e-10}. Best is trial 0 with value: 0.640151515151515.
[I 2025-05-18 17:47:55,375] Trial 5 finished with value: 0.640151515151515 and parameters: {'var_smoothing': 1.0538956417705805e-10}. Best is trial 0 with value: 0.640151515151515.
[I 2025-05-18 17:47:55,401] Trial 6 finished with value: 0.640151515151515 and parameters: {'var_smoothing': 7.260016982331591e-10}. Best is trial 0 with value: 0.640151515151515.
[I 2025-05-18 17:47:55,432] Trial 7 finished with value: 0.640151515151515 and parameters: {'var_smoothing': 6.378267364653917e-10}. Best is trial 0 with value: 0.640151515151515.
[I 2025-05-18 17:47:55,456] Trial 8 finished with value: 0.640151515151515 and parameters: {'var_smoothing': 1.1100673847791952e-09}. Best is trial 0 with value: 0.640151515151515.
[I 2025-05-18 17:47:55,469] Trial 9 finished with value: 0.640151515151515 and parameters: {'var_smoothing': 9.052813879088377e-10}. Best is trial 0 with value: 0.640151515151515.
/data/home/rtabares/anaconda3/envs/pyth3.12/lib/python3.12/site-packages/xgboost/core.py:377: FutureWarning: Your system has an old version of glibc (< 2.28). We will stop supporting Linux distros with glibc older than 2.28 after **May 31, 2025**. Please upgrade to a recent Linux distro (with glibc >= 2.28) to use future versions of XGBoost.
Note: You have installed the 'manylinux2014' variant of XGBoost. Certain features such as GPU algorithms or federated learning are not available. To use these features, please upgrade to a recent Linux distro with glibc 2.28+, and install the 'manylinux_2_28' variant.
  warnings.warn(
[I 2025-05-18 17:48:00,732] A new study created in memory with name: knn
Parámetros guardados en checkpoint_default_Dlatent_G/random/IPC_59/best_models_random_seed_8_space_original/naive_bayes_best_params.json


>>> Optuna tuning knn metodo random IPC 59 seed 8


[I 2025-05-18 17:48:03,207] Trial 0 finished with value: 0.5833333333333334 and parameters: {'n_neighbors': 9, 'leaf_size': 40, 'p': 1}. Best is trial 0 with value: 0.5833333333333334.
[I 2025-05-18 17:48:04,550] Trial 1 finished with value: 0.625 and parameters: {'n_neighbors': 4, 'leaf_size': 20, 'p': 1}. Best is trial 1 with value: 0.625.
[I 2025-05-18 17:48:04,565] Trial 2 finished with value: 0.6083333333333334 and parameters: {'n_neighbors': 7, 'leaf_size': 30, 'p': 1}. Best is trial 1 with value: 0.625.
[I 2025-05-18 17:48:04,759] Trial 3 finished with value: 0.5833333333333334 and parameters: {'n_neighbors': 9, 'leaf_size': 34, 'p': 1}. Best is trial 1 with value: 0.625.
[I 2025-05-18 17:48:05,852] Trial 4 finished with value: 0.615909090909091 and parameters: {'n_neighbors': 5, 'leaf_size': 40, 'p': 1}. Best is trial 1 with value: 0.625.
[I 2025-05-18 17:48:05,960] Trial 5 finished with value: 0.6424242424242425 and parameters: {'n_neighbors': 3, 'leaf_size': 40, 'p': 2}. Best is trial 5 with value: 0.6424242424242425.
