[I 2025-05-26 03:13:04,237] Trial 12 finished with value: 0.65 and parameters: {'n_estimators': 100, 'max_depth': 20, 'gamma': 0.28240418702901515, 'subsample': 0.8073241556656336, 'colsample_bytree': 0.6535955127051102}. Best is trial 2 with value: 0.75.
/data/home/rtabares/anaconda3/envs/pyth3.12/lib/python3.12/site-packages/xgboost/core.py:377: FutureWarning: Your system has an old version of glibc (< 2.28). We will stop supporting Linux distros with glibc older than 2.28 after **May 31, 2025**. Please upgrade to a recent Linux distro (with glibc >= 2.28) to use future versions of XGBoost.
Note: You have installed the 'manylinux2014' variant of XGBoost. Certain features such as GPU algorithms or federated learning are not available. To use these features, please upgrade to a recent Linux distro with glibc 2.28+, and install the 'manylinux_2_28' variant.
  warnings.warn(
[I 2025-05-26 03:13:04,892] Trial 13 finished with value: 0.6 and parameters: {'n_estimators': 10, 'max_depth': 5, 'gamma': 0.48435430950093433, 'subsample': 0.9982710370462082, 'colsample_bytree': 0.5867191131764121}. Best is trial 2 with value: 0.75.
[I 2025-05-26 03:13:04,951] Trial 14 finished with value: 0.6 and parameters: {'n_estimators': 100, 'max_depth': 20, 'gamma': 0.9877599639169764, 'subsample': 0.6304809553711774, 'colsample_bytree': 0.7106194337227647}. Best is trial 2 with value: 0.75.
/data/home/rtabares/anaconda3/envs/pyth3.12/lib/python3.12/site-packages/xgboost/core.py:377: FutureWarning: Your system has an old version of glibc (< 2.28). We will stop supporting Linux distros with glibc older than 2.28 after **May 31, 2025**. Please upgrade to a recent Linux distro (with glibc >= 2.28) to use future versions of XGBoost.
Note: You have installed the 'manylinux2014' variant of XGBoost. Certain features such as GPU algorithms or federated learning are not available. To use these features, please upgrade to a recent Linux distro with glibc 2.28+, and install the 'manylinux_2_28' variant.
  warnings.warn(
[I 2025-05-26 03:13:05,723] Trial 15 finished with value: 0.55 and parameters: {'n_estimators': 100, 'max_depth': 5, 'gamma': 0.22325510434568113, 'subsample': 0.910495783784434, 'colsample_bytree': 0.8604557310580807}. Best is trial 2 with value: 0.75.
/data/home/rtabares/anaconda3/envs/pyth3.12/lib/python3.12/site-packages/xgboost/core.py:377: FutureWarning: Your system has an old version of glibc (< 2.28). We will stop supporting Linux distros with glibc older than 2.28 after **May 31, 2025**. Please upgrade to a recent Linux distro (with glibc >= 2.28) to use future versions of XGBoost.
Note: You have installed the 'manylinux2014' variant of XGBoost. Certain features such as GPU algorithms or federated learning are not available. To use these features, please upgrade to a recent Linux distro with glibc 2.28+, and install the 'manylinux_2_28' variant.
  warnings.warn(
[I 2025-05-26 03:13:06,445] Trial 16 finished with value: 0.65 and parameters: {'n_estimators': 10, 'max_depth': 20, 'gamma': 0.6931219654046741, 'subsample': 0.6094876874028291, 'colsample_bytree': 0.5657037351484104}. Best is trial 2 with value: 0.75.
[I 2025-05-26 03:13:06,483] Trial 17 finished with value: 0.65 and parameters: {'n_estimators': 10, 'max_depth': 5, 'gamma': 0.3903959218428201, 'subsample': 0.7912858500552411, 'colsample_bytree': 0.7109611479294711}. Best is trial 2 with value: 0.75.
/data/home/rtabares/anaconda3/envs/pyth3.12/lib/python3.12/site-packages/xgboost/core.py:377: FutureWarning: Your system has an old version of glibc (< 2.28). We will stop supporting Linux distros with glibc older than 2.28 after **May 31, 2025**. Please upgrade to a recent Linux distro (with glibc >= 2.28) to use future versions of XGBoost.
Note: You have installed the 'manylinux2014' variant of XGBoost. Certain features such as GPU algorithms or federated learning are not available. To use these features, please upgrade to a recent Linux distro with glibc 2.28+, and install the 'manylinux_2_28' variant.
  warnings.warn(
[I 2025-05-26 03:13:07,179] Trial 18 finished with value: 0.5 and parameters: {'n_estimators': 100, 'max_depth': 20, 'gamma': 0.11311552491853333, 'subsample': 0.6831606922837916, 'colsample_bytree': 0.8593455058497881}. Best is trial 2 with value: 0.75.
[I 2025-05-26 03:13:07,218] Trial 19 finished with value: 0.7 and parameters: {'n_estimators': 40, 'max_depth': 5, 'gamma': 0.9120649714036264, 'subsample': 0.5657942030761123, 'colsample_bytree': 0.6193003869818586}. Best is trial 2 with value: 0.75.
[I 2025-05-26 03:13:09,850] A new study created in memory with name: rf
Parámetros guardados en checkpoint_default_Dlatent_ft_H/k-means/IPC_10/best_models_k-means_seed_5_space_original/xgb_best_params.json


>>> Optuna tuning rf metodo k-means IPC 10 seed 5


[I 2025-05-26 03:13:12,379] Trial 0 finished with value: 0.5 and parameters: {'n_estimators': 189, 'max_depth': 18, 'min_samples_split': 3, 'min_samples_leaf': 10}. Best is trial 0 with value: 0.5.
[I 2025-05-26 03:13:12,984] Trial 1 finished with value: 0.7 and parameters: {'n_estimators': 295, 'max_depth': 14, 'min_samples_split': 8, 'min_samples_leaf': 6}. Best is trial 1 with value: 0.7.
[I 2025-05-26 03:13:13,292] Trial 2 finished with value: 0.5 and parameters: {'n_estimators': 219, 'max_depth': 6, 'min_samples_split': 2, 'min_samples_leaf': 8}. Best is trial 1 with value: 0.7.
[I 2025-05-26 03:13:13,670] Trial 3 finished with value: 0.7 and parameters: {'n_estimators': 276, 'max_depth': 5, 'min_samples_split': 9, 'min_samples_leaf': 3}. Best is trial 1 with value: 0.7.
[I 2025-05-26 03:13:14,018] Trial 4 finished with value: 0.6 and parameters: {'n_estimators': 266, 'max_depth': 8, 'min_samples_split': 7, 'min_samples_leaf': 6}. Best is trial 1 with value: 0.7.
[I 2025-05-26 03:13:14,438] Trial 5 finished with value: 0.65 and parameters: {'n_estimators': 340, 'max_depth': 7, 'min_samples_split': 4, 'min_samples_leaf': 3}. Best is trial 1 with value: 0.7.
[I 2025-05-26 03:13:14,704] Trial 6 finished with value: 0.5 and parameters: {'n_estimators': 231, 'max_depth': 5, 'min_samples_split': 3, 'min_samples_leaf': 10}. Best is trial 1 with value: 0.7.
[I 2025-05-26 03:13:15,253] Trial 7 finished with value: 0.7 and parameters: {'n_estimators': 485, 'max_depth': 6, 'min_samples_split': 2, 'min_samples_leaf': 3}. Best is trial 1 with value: 0.7.
[I 2025-05-26 03:13:15,744] Trial 8 finished with value: 0.7 and parameters: {'n_estimators': 380, 'max_depth': 17, 'min_samples_split': 2, 'min_samples_leaf': 6}. Best is trial 1 with value: 0.7.
[I 2025-05-26 03:13:15,941] Trial 9 finished with value: 0.5 and parameters: {'n_estimators': 100, 'max_depth': 12, 'min_samples_split': 7, 'min_samples_leaf': 10}. Best is trial 1 with value: 0.7.
[I 2025-05-26 03:13:16,570] Trial 10 finished with value: 0.7 and parameters: {'n_estimators': 446, 'max_depth': 13, 'min_samples_split': 10, 'min_samples_leaf': 5}. Best is trial 1 with value: 0.7.
[I 2025-05-26 03:13:17,642] Trial 11 finished with value: 0.7 and parameters: {'n_estimators': 314, 'max_depth': 15, 'min_samples_split': 10, 'min_samples_leaf': 1}. Best is trial 1 with value: 0.7.
[I 2025-05-26 03:13:18,725] Trial 12 finished with value: 0.65 and parameters: {'n_estimators': 390, 'max_depth': 3, 'min_samples_split': 8, 'min_samples_leaf': 3}. Best is trial 1 with value: 0.7.
[I 2025-05-26 03:13:19,826] Trial 13 finished with value: 0.65 and parameters: {'n_estimators': 284, 'max_depth': 10, 'min_samples_split': 9, 'min_samples_leaf': 5}. Best is trial 1 with value: 0.7.
[I 2025-05-26 03:13:20,091] Trial 14 finished with value: 0.65 and parameters: {'n_estimators': 187, 'max_depth': 20, 'min_samples_split': 5, 'min_samples_leaf': 1}. Best is trial 1 with value: 0.7.
[I 2025-05-26 03:13:20,339] Trial 15 finished with value: 0.5 and parameters: {'n_estimators': 136, 'max_depth': 9, 'min_samples_split': 8, 'min_samples_leaf': 7}. Best is trial 1 with value: 0.7.
[I 2025-05-26 03:13:20,734] Trial 16 finished with value: 0.7 and parameters: {'n_estimators': 344, 'max_depth': 14, 'min_samples_split': 6, 'min_samples_leaf': 4}. Best is trial 1 with value: 0.7.
[I 2025-05-26 03:13:21,084] Trial 17 finished with value: 0.5 and parameters: {'n_estimators': 262, 'max_depth': 11, 'min_samples_split': 9, 'min_samples_leaf': 8}. Best is trial 1 with value: 0.7.
[I 2025-05-26 03:13:21,596] Trial 18 finished with value: 0.65 and parameters: {'n_estimators': 409, 'max_depth': 3, 'min_samples_split': 8, 'min_samples_leaf': 2}. Best is trial 1 with value: 0.7.
[I 2025-05-26 03:13:22,000] Trial 19 finished with value: 0.75 and parameters: {'n_estimators': 318, 'max_depth': 16, 'min_samples_split': 6, 'min_samples_leaf': 4}. Best is trial 19 with value: 0.75.
[I 2025-05-26 03:13:25,758] A new study created in memory with name: svc
Parámetros guardados en checkpoint_default_Dlatent_ft_H/k-means/IPC_10/best_models_k-means_seed_5_space_original/rf_best_params.json


>>> Optuna tuning svc metodo k-means IPC 10 seed 5


[I 2025-05-26 03:13:26,912] Trial 0 finished with value: 0.5 and parameters: {'C': 0.07726319876517104, 'gamma': 0.3040389504793042}. Best is trial 0 with value: 0.5.
[I 2025-05-26 03:13:26,991] Trial 1 finished with value: 0.5 and parameters: {'C': 0.06712381339142241, 'gamma': 0.47254549996710477}. Best is trial 0 with value: 0.5.
[I 2025-05-26 03:13:27,008] Trial 2 finished with value: 0.65 and parameters: {'C': 0.8987621100554035, 'gamma': 0.027988231123708972}. Best is trial 2 with value: 0.65.
[I 2025-05-26 03:13:27,023] Trial 3 finished with value: 0.6 and parameters: {'C': 11.5779435007655, 'gamma': 0.011848734045499056}. Best is trial 2 with value: 0.65.
[I 2025-05-26 03:13:27,036] Trial 4 finished with value: 0.5 and parameters: {'C': 0.1538870258903583, 'gamma': 0.0005634883151169033}. Best is trial 2 with value: 0.65.
[I 2025-05-26 03:13:27,061] Trial 5 finished with value: 0.55 and parameters: {'C': 0.021036092656561454, 'gamma': 0.08990030906808326}. Best is trial 2 with value: 0.65.
[I 2025-05-26 03:13:27,076] Trial 6 finished with value: 0.5 and parameters: {'C': 0.5824208201678516, 'gamma': 0.00042977333932534993}. Best is trial 2 with value: 0.65.
[I 2025-05-26 03:13:27,089] Trial 7 finished with value: 0.6 and parameters: {'C': 33.09391330085814, 'gamma': 0.001248377256719358}. Best is trial 2 with value: 0.65.
[I 2025-05-26 03:13:27,104] Trial 8 finished with value: 0.5 and parameters: {'C': 0.45387898639622015, 'gamma': 0.0015286910781809498}. Best is trial 2 with value: 0.65.
[I 2025-05-26 03:13:27,118] Trial 9 finished with value: 0.6 and parameters: {'C': 3.274550070431994, 'gamma': 0.02086177421469992}. Best is trial 2 with value: 0.65.
[I 2025-05-26 03:13:27,139] Trial 10 finished with value: 0.6 and parameters: {'C': 3.454225646092145, 'gamma': 0.04920330178902686}. Best is trial 2 with value: 0.65.
[I 2025-05-26 03:13:27,164] Trial 11 finished with value: 0.6 and parameters: {'C': 83.38338477130266, 'gamma': 0.006119939775279376}. Best is trial 2 with value: 0.65.
[I 2025-05-26 03:13:27,822] Trial 12 finished with value: 0.65 and parameters: {'C': 10.7020612074987, 'gamma': 0.007311990224281433}. Best is trial 2 with value: 0.65.
[I 2025-05-26 03:13:27,847] Trial 13 finished with value: 0.5 and parameters: {'C': 3.254660087479427, 'gamma': 0.004948876513426576}. Best is trial 2 with value: 0.65.
[I 2025-05-26 03:13:27,872] Trial 14 finished with value: 0.5 and parameters: {'C': 10.471833163431237, 'gamma': 0.00010410657631139162}. Best is trial 2 with value: 0.65.
[I 2025-05-26 03:13:27,901] Trial 15 finished with value: 0.5 and parameters: {'C': 0.756228325351746, 'gamma': 0.11332293218824863}. Best is trial 2 with value: 0.65.
[I 2025-05-26 03:13:27,935] Trial 16 finished with value: 0.55 and parameters: {'C': 11.583474808597767, 'gamma': 0.02628131481731087}. Best is trial 2 with value: 0.65.
[I 2025-05-26 03:13:27,958] Trial 17 finished with value: 0.5 and parameters: {'C': 1.2739464982486024, 'gamma': 0.0030681374168427086}. Best is trial 2 with value: 0.65.
[I 2025-05-26 03:13:27,982] Trial 18 finished with value: 0.6 and parameters: {'C': 31.26721878187042, 'gamma': 0.015233197783524595}. Best is trial 2 with value: 0.65.
[I 2025-05-26 03:13:28,004] Trial 19 finished with value: 0.5 and parameters: {'C': 0.010367063426009605, 'gamma': 0.8981496536972738}. Best is trial 2 with value: 0.65.
[I 2025-05-26 03:13:30,440] A new study created in memory with name: logreg
Parámetros guardados en checkpoint_default_Dlatent_ft_H/k-means/IPC_10/best_models_k-means_seed_5_space_original/svc_best_params.json


>>> Optuna tuning logreg metodo k-means IPC 10 seed 5


[I 2025-05-26 03:13:32,932] Trial 0 finished with value: 0.65 and parameters: {'C': 0.012881482725481003, 'penalty': 'l2'}. Best is trial 0 with value: 0.65.
[I 2025-05-26 03:13:33,154] Trial 1 finished with value: 0.5 and parameters: {'C': 22.576755560681583, 'penalty': 'l2'}. Best is trial 0 with value: 0.65.
[I 2025-05-26 03:13:33,182] Trial 2 finished with value: 0.65 and parameters: {'C': 0.010804278656839932, 'penalty': 'l2'}. Best is trial 0 with value: 0.65.
[I 2025-05-26 03:13:33,206] Trial 3 finished with value: 0.5 and parameters: {'C': 39.17910760336117, 'penalty': 'l2'}. Best is trial 0 with value: 0.65.
[I 2025-05-26 03:13:33,851] Trial 4 finished with value: 0.65 and parameters: {'C': 0.2767298094062571, 'penalty': 'l2'}. Best is trial 0 with value: 0.65.
[I 2025-05-26 03:13:33,876] Trial 5 finished with value: 0.65 and parameters: {'C': 1.1447728330837224, 'penalty': 'l2'}. Best is trial 0 with value: 0.65.
[I 2025-05-26 03:13:33,902] Trial 6 finished with value: 0.55 and parameters: {'C': 6.753661388238877, 'penalty': 'l2'}. Best is trial 0 with value: 0.65.
[I 2025-05-26 03:13:33,928] Trial 7 finished with value: 0.65 and parameters: {'C': 0.39092184460352974, 'penalty': 'l2'}. Best is trial 0 with value: 0.65.
[I 2025-05-26 03:13:33,944] Trial 8 finished with value: 0.65 and parameters: {'C': 0.03047912590082646, 'penalty': 'l2'}. Best is trial 0 with value: 0.65.
[I 2025-05-26 03:13:33,968] Trial 9 finished with value: 0.65 and parameters: {'C': 0.008681727362499118, 'penalty': 'l2'}. Best is trial 0 with value: 0.65.
[I 2025-05-26 03:13:33,997] Trial 10 finished with value: 0.65 and parameters: {'C': 0.0010146302597657177, 'penalty': 'l2'}. Best is trial 0 with value: 0.65.
[I 2025-05-26 03:13:34,663] Trial 11 finished with value: 0.65 and parameters: {'C': 0.0199662686693303, 'penalty': 'l2'}. Best is trial 0 with value: 0.65.
[I 2025-05-26 03:13:35,309] Trial 12 finished with value: 0.65 and parameters: {'C': 0.0016346313516918368, 'penalty': 'l2'}. Best is trial 0 with value: 0.65.
[I 2025-05-26 03:13:35,341] Trial 13 finished with value: 0.65 and parameters: {'C': 0.0714333727973949, 'penalty': 'l2'}. Best is trial 0 with value: 0.65.
[I 2025-05-26 03:13:35,370] Trial 14 finished with value: 0.65 and parameters: {'C': 0.004204976475301702, 'penalty': 'l2'}. Best is trial 0 with value: 0.65.
[I 2025-05-26 03:13:35,388] Trial 15 finished with value: 0.65 and parameters: {'C': 0.08940155280126451, 'penalty': 'l2'}. Best is trial 0 with value: 0.65.
[I 2025-05-26 03:13:36,020] Trial 16 finished with value: 0.65 and parameters: {'C': 0.006546178987596756, 'penalty': 'l2'}. Best is trial 0 with value: 0.65.
[I 2025-05-26 03:13:36,758] Trial 17 finished with value: 0.65 and parameters: {'C': 1.4752552821847151, 'penalty': 'l2'}. Best is trial 0 with value: 0.65.
[I 2025-05-26 03:13:36,790] Trial 18 finished with value: 0.65 and parameters: {'C': 0.02888779259712015, 'penalty': 'l2'}. Best is trial 0 with value: 0.65.
[I 2025-05-26 03:13:36,823] Trial 19 finished with value: 0.65 and parameters: {'C': 0.002520448080692226, 'penalty': 'l2'}. Best is trial 0 with value: 0.65.
/data/home/rtabares/anaconda3/envs/pyth3.12/lib/python3.12/site-packages/xgboost/core.py:377: FutureWarning: Your system has an old version of glibc (< 2.28). We will stop supporting Linux distros with glibc older than 2.28 after **May 31, 2025**. Please upgrade to a recent Linux distro (with glibc >= 2.28) to use future versions of XGBoost.
Note: You have installed the 'manylinux2014' variant of XGBoost. Certain features such as GPU algorithms or federated learning are not available. To use these features, please upgrade to a recent Linux distro with glibc 2.28+, and install the 'manylinux_2_28' variant.
  warnings.warn(
[I 2025-05-26 03:13:40,019] A new study created in memory with name: mlp
Parámetros guardados en checkpoint_default_Dlatent_ft_H/k-means/IPC_10/best_models_k-means_seed_5_space_original/logreg_best_params.json


>>> Optuna tuning mlp metodo k-means IPC 10 seed 5


/data/home/rtabares/anaconda3/envs/pyth3.12/lib/python3.12/site-packages/sklearn/neural_network/_multilayer_perceptron.py:691: ConvergenceWarning: Stochastic Optimizer: Maximum iterations (50) reached and the optimization hasn't converged yet.
  warnings.warn(
/data/home/rtabares/anaconda3/envs/pyth3.12/lib/python3.12/site-packages/sklearn/neural_network/_multilayer_perceptron.py:691: ConvergenceWarning: Stochastic Optimizer: Maximum iterations (50) reached and the optimization hasn't converged yet.
  warnings.warn(
/data/home/rtabares/anaconda3/envs/pyth3.12/lib/python3.12/site-packages/sklearn/neural_network/_multilayer_perceptron.py:691: ConvergenceWarning: Stochastic Optimizer: Maximum iterations (50) reached and the optimization hasn't converged yet.
  warnings.warn(
/data/home/rtabares/anaconda3/envs/pyth3.12/lib/python3.12/site-packages/sklearn/neural_network/_multilayer_perceptron.py:691: ConvergenceWarning: Stochastic Optimizer: Maximum iterations (50) reached and the optimization hasn't converged yet.
  warnings.warn(
/data/home/rtabares/anaconda3/envs/pyth3.12/lib/python3.12/site-packages/sklearn/neural_network/_multilayer_perceptron.py:691: ConvergenceWarning: Stochastic Optimizer: Maximum iterations (50) reached and the optimization hasn't converged yet.
  warnings.warn(
[I 2025-05-26 03:13:41,386] Trial 0 finished with value: 0.6 and parameters: {'hidden_layer_sizes': (200,), 'max_iter': 50, 'alpha': 0.001}. Best is trial 0 with value: 0.6.
/data/home/rtabares/anaconda3/envs/pyth3.12/lib/python3.12/site-packages/sklearn/neural_network/_multilayer_perceptron.py:691: ConvergenceWarning: Stochastic Optimizer: Maximum iterations (100) reached and the optimization hasn't converged yet.
  warnings.warn(
/data/home/rtabares/anaconda3/envs/pyth3.12/lib/python3.12/site-packages/sklearn/neural_network/_multilayer_perceptron.py:691: ConvergenceWarning: Stochastic Optimizer: Maximum iterations (100) reached and the optimization hasn't converged yet.
  warnings.warn(
/data/home/rtabares/anaconda3/envs/pyth3.12/lib/python3.12/site-packages/sklearn/neural_network/_multilayer_perceptron.py:691: ConvergenceWarning: Stochastic Optimizer: Maximum iterations (100) reached and the optimization hasn't converged yet.
  warnings.warn(
/data/home/rtabares/anaconda3/envs/pyth3.12/lib/python3.12/site-packages/sklearn/neural_network/_multilayer_perceptron.py:691: ConvergenceWarning: Stochastic Optimizer: Maximum iterations (100) reached and the optimization hasn't converged yet.
  warnings.warn(
/data/home/rtabares/anaconda3/envs/pyth3.12/lib/python3.12/site-packages/sklearn/neural_network/_multilayer_perceptron.py:691: ConvergenceWarning: Stochastic Optimizer: Maximum iterations (100) reached and the optimization hasn't converged yet.
  warnings.warn(
[I 2025-05-26 03:13:41,533] Trial 1 finished with value: 0.55 and parameters: {'hidden_layer_sizes': (100,), 'max_iter': 100, 'alpha': 0.0001}. Best is trial 0 with value: 0.6.
/data/home/rtabares/anaconda3/envs/pyth3.12/lib/python3.12/site-packages/sklearn/neural_network/_multilayer_perceptron.py:691: ConvergenceWarning: Stochastic Optimizer: Maximum iterations (100) reached and the optimization hasn't converged yet.
  warnings.warn(
/data/home/rtabares/anaconda3/envs/pyth3.12/lib/python3.12/site-packages/sklearn/neural_network/_multilayer_perceptron.py:691: ConvergenceWarning: Stochastic Optimizer: Maximum iterations (100) reached and the optimization hasn't converged yet.
  warnings.warn(
/data/home/rtabares/anaconda3/envs/pyth3.12/lib/python3.12/site-packages/sklearn/neural_network/_multilayer_perceptron.py:691: ConvergenceWarning: Stochastic Optimizer: Maximum iterations (100) reached and the optimization hasn't converged yet.
  warnings.warn(
/data/home/rtabares/anaconda3/envs/pyth3.12/lib/python3.12/site-packages/sklearn/neural_network/_multilayer_perceptron.py:691: ConvergenceWarning: Stochastic Optimizer: Maximum iterations (100) reached and the optimization hasn't converged yet.
  warnings.warn(
/data/home/rtabares/anaconda3/envs/pyth3.12/lib/python3.12/site-packages/sklearn/neural_network/_multilayer_perceptron.py:691: ConvergenceWarning: Stochastic Optimizer: Maximum iterations (100) reached and the optimization hasn't converged yet.
  warnings.warn(
