[I 2025-05-26 03:20:09,315] Trial 14 finished with value: 0.9 and parameters: {'n_estimators': 10, 'max_depth': 20, 'gamma': 0.5315893195452142, 'subsample': 0.551350284668447, 'colsample_bytree': 0.8243497644413839}. Best is trial 2 with value: 0.9.
/data/home/rtabares/anaconda3/envs/pyth3.12/lib/python3.12/site-packages/xgboost/core.py:377: FutureWarning: Your system has an old version of glibc (< 2.28). We will stop supporting Linux distros with glibc older than 2.28 after **May 31, 2025**. Please upgrade to a recent Linux distro (with glibc >= 2.28) to use future versions of XGBoost.
Note: You have installed the 'manylinux2014' variant of XGBoost. Certain features such as GPU algorithms or federated learning are not available. To use these features, please upgrade to a recent Linux distro with glibc 2.28+, and install the 'manylinux_2_28' variant.
  warnings.warn(
[I 2025-05-26 03:20:10,029] Trial 15 finished with value: 0.85 and parameters: {'n_estimators': 40, 'max_depth': 5, 'gamma': 0.31798733692887876, 'subsample': 0.6576828198587409, 'colsample_bytree': 0.6877103829957787}. Best is trial 2 with value: 0.9.
[I 2025-05-26 03:20:10,072] Trial 16 finished with value: 0.8 and parameters: {'n_estimators': 10, 'max_depth': 20, 'gamma': 0.5453385077682579, 'subsample': 0.8204536451844836, 'colsample_bytree': 0.8627430864016015}. Best is trial 2 with value: 0.9.
/data/home/rtabares/anaconda3/envs/pyth3.12/lib/python3.12/site-packages/xgboost/core.py:377: FutureWarning: Your system has an old version of glibc (< 2.28). We will stop supporting Linux distros with glibc older than 2.28 after **May 31, 2025**. Please upgrade to a recent Linux distro (with glibc >= 2.28) to use future versions of XGBoost.
Note: You have installed the 'manylinux2014' variant of XGBoost. Certain features such as GPU algorithms or federated learning are not available. To use these features, please upgrade to a recent Linux distro with glibc 2.28+, and install the 'manylinux_2_28' variant.
  warnings.warn(
/data/home/rtabares/anaconda3/envs/pyth3.12/lib/python3.12/site-packages/xgboost/core.py:377: FutureWarning: Your system has an old version of glibc (< 2.28). We will stop supporting Linux distros with glibc older than 2.28 after **May 31, 2025**. Please upgrade to a recent Linux distro (with glibc >= 2.28) to use future versions of XGBoost.
Note: You have installed the 'manylinux2014' variant of XGBoost. Certain features such as GPU algorithms or federated learning are not available. To use these features, please upgrade to a recent Linux distro with glibc 2.28+, and install the 'manylinux_2_28' variant.
  warnings.warn(
[I 2025-05-26 03:20:10,806] Trial 17 finished with value: 0.9 and parameters: {'n_estimators': 40, 'max_depth': 5, 'gamma': 0.6676716586646381, 'subsample': 0.503805816850922, 'colsample_bytree': 0.5540369277643974}. Best is trial 2 with value: 0.9.
[I 2025-05-26 03:20:10,845] Trial 18 finished with value: 0.8 and parameters: {'n_estimators': 10, 'max_depth': 20, 'gamma': 0.11311552491853333, 'subsample': 0.5744890644031984, 'colsample_bytree': 0.6350231617142204}. Best is trial 2 with value: 0.9.
[I 2025-05-26 03:20:10,883] Trial 19 finished with value: 0.85 and parameters: {'n_estimators': 40, 'max_depth': 5, 'gamma': 0.402041467924788, 'subsample': 0.6393986970317591, 'colsample_bytree': 0.7034327401740676}. Best is trial 2 with value: 0.9.
[I 2025-05-26 03:20:13,631] A new study created in memory with name: rf
Parámetros guardados en checkpoint_default_Dlatent_ft_H/lc/IPC_10/best_models_lc_seed_5_space_latent/xgb_best_params.json


>>> Optuna tuning rf metodo lc IPC 10 seed 5


[I 2025-05-26 03:20:16,492] Trial 0 finished with value: 0.5 and parameters: {'n_estimators': 189, 'max_depth': 18, 'min_samples_split': 3, 'min_samples_leaf': 10}. Best is trial 0 with value: 0.5.
[I 2025-05-26 03:20:17,333] Trial 1 finished with value: 0.95 and parameters: {'n_estimators': 295, 'max_depth': 14, 'min_samples_split': 8, 'min_samples_leaf': 6}. Best is trial 1 with value: 0.95.
[I 2025-05-26 03:20:17,750] Trial 2 finished with value: 0.5 and parameters: {'n_estimators': 219, 'max_depth': 6, 'min_samples_split': 2, 'min_samples_leaf': 8}. Best is trial 1 with value: 0.95.
[I 2025-05-26 03:20:18,570] Trial 3 finished with value: 0.95 and parameters: {'n_estimators': 276, 'max_depth': 5, 'min_samples_split': 9, 'min_samples_leaf': 3}. Best is trial 1 with value: 0.95.
[I 2025-05-26 03:20:19,199] Trial 4 finished with value: 0.95 and parameters: {'n_estimators': 266, 'max_depth': 8, 'min_samples_split': 7, 'min_samples_leaf': 6}. Best is trial 1 with value: 0.95.
[I 2025-05-26 03:20:20,030] Trial 5 finished with value: 0.95 and parameters: {'n_estimators': 340, 'max_depth': 7, 'min_samples_split': 4, 'min_samples_leaf': 3}. Best is trial 1 with value: 0.95.
[I 2025-05-26 03:20:20,508] Trial 6 finished with value: 0.5 and parameters: {'n_estimators': 231, 'max_depth': 5, 'min_samples_split': 3, 'min_samples_leaf': 10}. Best is trial 1 with value: 0.95.
[I 2025-05-26 03:20:21,565] Trial 7 finished with value: 0.95 and parameters: {'n_estimators': 485, 'max_depth': 6, 'min_samples_split': 2, 'min_samples_leaf': 3}. Best is trial 1 with value: 0.95.
[I 2025-05-26 03:20:22,295] Trial 8 finished with value: 0.95 and parameters: {'n_estimators': 380, 'max_depth': 17, 'min_samples_split': 2, 'min_samples_leaf': 6}. Best is trial 1 with value: 0.95.
[I 2025-05-26 03:20:22,542] Trial 9 finished with value: 0.5 and parameters: {'n_estimators': 100, 'max_depth': 12, 'min_samples_split': 7, 'min_samples_leaf': 10}. Best is trial 1 with value: 0.95.
[I 2025-05-26 03:20:23,466] Trial 10 finished with value: 0.95 and parameters: {'n_estimators': 446, 'max_depth': 13, 'min_samples_split': 10, 'min_samples_leaf': 5}. Best is trial 1 with value: 0.95.
[I 2025-05-26 03:20:24,759] Trial 11 finished with value: 0.95 and parameters: {'n_estimators': 314, 'max_depth': 15, 'min_samples_split': 10, 'min_samples_leaf': 1}. Best is trial 1 with value: 0.95.
[I 2025-05-26 03:20:26,648] Trial 12 finished with value: 0.95 and parameters: {'n_estimators': 390, 'max_depth': 3, 'min_samples_split': 8, 'min_samples_leaf': 3}. Best is trial 1 with value: 0.95.
[I 2025-05-26 03:20:28,617] Trial 13 finished with value: 0.95 and parameters: {'n_estimators': 284, 'max_depth': 10, 'min_samples_split': 9, 'min_samples_leaf': 5}. Best is trial 1 with value: 0.95.
[I 2025-05-26 03:20:29,144] Trial 14 finished with value: 0.95 and parameters: {'n_estimators': 187, 'max_depth': 20, 'min_samples_split': 5, 'min_samples_leaf': 1}. Best is trial 1 with value: 0.95.
[I 2025-05-26 03:20:29,500] Trial 15 finished with value: 0.5 and parameters: {'n_estimators': 136, 'max_depth': 9, 'min_samples_split': 8, 'min_samples_leaf': 7}. Best is trial 1 with value: 0.95.
[I 2025-05-26 03:20:30,270] Trial 16 finished with value: 0.95 and parameters: {'n_estimators': 344, 'max_depth': 14, 'min_samples_split': 6, 'min_samples_leaf': 4}. Best is trial 1 with value: 0.95.
[I 2025-05-26 03:20:30,850] Trial 17 finished with value: 0.5 and parameters: {'n_estimators': 262, 'max_depth': 11, 'min_samples_split': 9, 'min_samples_leaf': 8}. Best is trial 1 with value: 0.95.
[I 2025-05-26 03:20:32,053] Trial 18 finished with value: 0.95 and parameters: {'n_estimators': 409, 'max_depth': 3, 'min_samples_split': 8, 'min_samples_leaf': 2}. Best is trial 1 with value: 0.95.
[I 2025-05-26 03:20:33,530] Trial 19 finished with value: 0.95 and parameters: {'n_estimators': 318, 'max_depth': 16, 'min_samples_split': 6, 'min_samples_leaf': 4}. Best is trial 1 with value: 0.95.
[I 2025-05-26 03:20:42,675] A new study created in memory with name: svc
Parámetros guardados en checkpoint_default_Dlatent_ft_H/lc/IPC_10/best_models_lc_seed_5_space_latent/rf_best_params.json


>>> Optuna tuning svc metodo lc IPC 10 seed 5


[I 2025-05-26 03:20:43,488] Trial 0 finished with value: 0.6 and parameters: {'C': 0.07726319876517104, 'gamma': 0.3040389504793042}. Best is trial 0 with value: 0.6.
[I 2025-05-26 03:20:43,502] Trial 1 finished with value: 0.6 and parameters: {'C': 0.06712381339142241, 'gamma': 0.47254549996710477}. Best is trial 0 with value: 0.6.
[I 2025-05-26 03:20:43,515] Trial 2 finished with value: 0.9 and parameters: {'C': 0.8987621100554035, 'gamma': 0.027988231123708972}. Best is trial 2 with value: 0.9.
[I 2025-05-26 03:20:43,528] Trial 3 finished with value: 0.95 and parameters: {'C': 11.5779435007655, 'gamma': 0.011848734045499056}. Best is trial 3 with value: 0.95.
[I 2025-05-26 03:20:43,541] Trial 4 finished with value: 1.0 and parameters: {'C': 0.1538870258903583, 'gamma': 0.0005634883151169033}. Best is trial 4 with value: 1.0.
[I 2025-05-26 03:20:43,553] Trial 5 finished with value: 0.7 and parameters: {'C': 0.021036092656561454, 'gamma': 0.08990030906808326}. Best is trial 4 with value: 1.0.
[I 2025-05-26 03:20:43,566] Trial 6 finished with value: 1.0 and parameters: {'C': 0.5824208201678516, 'gamma': 0.00042977333932534993}. Best is trial 4 with value: 1.0.
[I 2025-05-26 03:20:43,579] Trial 7 finished with value: 1.0 and parameters: {'C': 33.09391330085814, 'gamma': 0.001248377256719358}. Best is trial 4 with value: 1.0.
[I 2025-05-26 03:20:43,591] Trial 8 finished with value: 1.0 and parameters: {'C': 0.45387898639622015, 'gamma': 0.0015286910781809498}. Best is trial 4 with value: 1.0.
[I 2025-05-26 03:20:43,605] Trial 9 finished with value: 0.9 and parameters: {'C': 3.274550070431994, 'gamma': 0.02086177421469992}. Best is trial 4 with value: 1.0.
[I 2025-05-26 03:20:43,627] Trial 10 finished with value: 1.0 and parameters: {'C': 0.01015031429029542, 'gamma': 0.00010813284331811526}. Best is trial 4 with value: 1.0.
[I 2025-05-26 03:20:43,648] Trial 11 finished with value: 1.0 and parameters: {'C': 0.2946546726762962, 'gamma': 0.000192696939064797}. Best is trial 4 with value: 1.0.
[I 2025-05-26 03:20:45,296] Trial 12 finished with value: 1.0 and parameters: {'C': 2.9648182303354678, 'gamma': 0.0011563341942962047}. Best is trial 4 with value: 1.0.
[I 2025-05-26 03:20:45,317] Trial 13 finished with value: 1.0 and parameters: {'C': 0.16280907414611331, 'gamma': 0.00038377823379388923}. Best is trial 4 with value: 1.0.
[I 2025-05-26 03:20:45,350] Trial 14 finished with value: 0.95 and parameters: {'C': 2.4218760021536427, 'gamma': 0.0032537811548427023}. Best is trial 4 with value: 1.0.
[I 2025-05-26 03:20:45,370] Trial 15 finished with value: 1.0 and parameters: {'C': 0.0664538826788088, 'gamma': 0.0005193501979899485}. Best is trial 4 with value: 1.0.
[I 2025-05-26 03:20:45,390] Trial 16 finished with value: 1.0 and parameters: {'C': 1.1898268486188273, 'gamma': 0.0025654002897082823}. Best is trial 4 with value: 1.0.
[I 2025-05-26 03:20:45,409] Trial 17 finished with value: 0.95 and parameters: {'C': 10.925526376097588, 'gamma': 0.0059603957535583315}. Best is trial 4 with value: 1.0.
[I 2025-05-26 03:20:45,429] Trial 18 finished with value: 1.0 and parameters: {'C': 0.1691641156930074, 'gamma': 0.00043494340597700513}. Best is trial 4 with value: 1.0.
[I 2025-05-26 03:20:45,459] Trial 19 finished with value: 1.0 and parameters: {'C': 0.6190876787824239, 'gamma': 0.0001500028787036726}. Best is trial 4 with value: 1.0.
[I 2025-05-26 03:20:51,810] A new study created in memory with name: logreg
Parámetros guardados en checkpoint_default_Dlatent_ft_H/lc/IPC_10/best_models_lc_seed_5_space_latent/svc_best_params.json


>>> Optuna tuning logreg metodo lc IPC 10 seed 5


[I 2025-05-26 03:20:53,833] Trial 0 finished with value: 1.0 and parameters: {'C': 0.012881482725481003, 'penalty': 'l2'}. Best is trial 0 with value: 1.0.
[I 2025-05-26 03:20:54,036] Trial 1 finished with value: 1.0 and parameters: {'C': 22.576755560681583, 'penalty': 'l2'}. Best is trial 0 with value: 1.0.
[I 2025-05-26 03:20:54,063] Trial 2 finished with value: 1.0 and parameters: {'C': 0.010804278656839932, 'penalty': 'l2'}. Best is trial 0 with value: 1.0.
[I 2025-05-26 03:20:54,086] Trial 3 finished with value: 1.0 and parameters: {'C': 39.17910760336117, 'penalty': 'l2'}. Best is trial 0 with value: 1.0.
[I 2025-05-26 03:20:54,109] Trial 4 finished with value: 1.0 and parameters: {'C': 0.2767298094062571, 'penalty': 'l2'}. Best is trial 0 with value: 1.0.
[I 2025-05-26 03:20:54,121] Trial 5 finished with value: 1.0 and parameters: {'C': 1.1447728330837224, 'penalty': 'l2'}. Best is trial 0 with value: 1.0.
[I 2025-05-26 03:20:54,151] Trial 6 finished with value: 1.0 and parameters: {'C': 6.753661388238877, 'penalty': 'l2'}. Best is trial 0 with value: 1.0.
[I 2025-05-26 03:20:54,174] Trial 7 finished with value: 1.0 and parameters: {'C': 0.39092184460352974, 'penalty': 'l2'}. Best is trial 0 with value: 1.0.
[I 2025-05-26 03:20:54,208] Trial 8 finished with value: 1.0 and parameters: {'C': 0.03047912590082646, 'penalty': 'l2'}. Best is trial 0 with value: 1.0.
[I 2025-05-26 03:20:54,231] Trial 9 finished with value: 1.0 and parameters: {'C': 0.008681727362499118, 'penalty': 'l2'}. Best is trial 0 with value: 1.0.
[I 2025-05-26 03:20:54,258] Trial 10 finished with value: 1.0 and parameters: {'C': 0.0010146302597657177, 'penalty': 'l2'}. Best is trial 0 with value: 1.0.
[I 2025-05-26 03:20:54,960] Trial 11 finished with value: 1.0 and parameters: {'C': 61.74667908323206, 'penalty': 'l2'}. Best is trial 0 with value: 1.0.
[I 2025-05-26 03:20:55,677] Trial 12 finished with value: 1.0 and parameters: {'C': 0.07806066539229185, 'penalty': 'l2'}. Best is trial 0 with value: 1.0.
[I 2025-05-26 03:20:55,708] Trial 13 finished with value: 1.0 and parameters: {'C': 4.948583609511714, 'penalty': 'l2'}. Best is trial 0 with value: 1.0.
[I 2025-05-26 03:20:55,741] Trial 14 finished with value: 1.0 and parameters: {'C': 0.001040870868316403, 'penalty': 'l2'}. Best is trial 0 with value: 1.0.
[I 2025-05-26 03:20:55,774] Trial 15 finished with value: 1.0 and parameters: {'C': 7.01655100276303, 'penalty': 'l2'}. Best is trial 0 with value: 1.0.
[I 2025-05-26 03:20:55,803] Trial 16 finished with value: 1.0 and parameters: {'C': 0.007210574547652081, 'penalty': 'l2'}. Best is trial 0 with value: 1.0.
[I 2025-05-26 03:20:55,834] Trial 17 finished with value: 1.0 and parameters: {'C': 1.4752552821847151, 'penalty': 'l2'}. Best is trial 0 with value: 1.0.
[I 2025-05-26 03:20:55,865] Trial 18 finished with value: 1.0 and parameters: {'C': 0.05658298018503892, 'penalty': 'l2'}. Best is trial 0 with value: 1.0.
[I 2025-05-26 03:20:55,897] Trial 19 finished with value: 1.0 and parameters: {'C': 17.308995845007956, 'penalty': 'l2'}. Best is trial 0 with value: 1.0.
[I 2025-05-26 03:20:57,943] A new study created in memory with name: mlp
Parámetros guardados en checkpoint_default_Dlatent_ft_H/lc/IPC_10/best_models_lc_seed_5_space_latent/logreg_best_params.json


>>> Optuna tuning mlp metodo lc IPC 10 seed 5


[I 2025-05-26 03:21:01,172] Trial 0 finished with value: 1.0 and parameters: {'hidden_layer_sizes': (200,), 'max_iter': 50, 'alpha': 0.001}. Best is trial 0 with value: 1.0.
[I 2025-05-26 03:21:01,476] Trial 1 finished with value: 1.0 and parameters: {'hidden_layer_sizes': (100,), 'max_iter': 100, 'alpha': 0.0001}. Best is trial 0 with value: 1.0.
[I 2025-05-26 03:21:01,551] Trial 2 finished with value: 0.95 and parameters: {'hidden_layer_sizes': (100,), 'max_iter': 100, 'alpha': 0.001}. Best is trial 0 with value: 1.0.
[I 2025-05-26 03:21:02,242] Trial 3 finished with value: 1.0 and parameters: {'hidden_layer_sizes': (200,), 'max_iter': 50, 'alpha': 0.001}. Best is trial 0 with value: 1.0.
[I 2025-05-26 03:21:02,288] Trial 4 finished with value: 1.0 and parameters: {'hidden_layer_sizes': (100,), 'max_iter': 100, 'alpha': 0.0001}. Best is trial 0 with value: 1.0.
[I 2025-05-26 03:21:02,334] Trial 5 finished with value: 1.0 and parameters: {'hidden_layer_sizes': (100,), 'max_iter': 100, 'alpha': 0.001}. Best is trial 0 with value: 1.0.
[I 2025-05-26 03:21:02,378] Trial 6 finished with value: 1.0 and parameters: {'hidden_layer_sizes': (200,), 'max_iter': 100, 'alpha': 0.001}. Best is trial 0 with value: 1.0.
[I 2025-05-26 03:21:02,422] Trial 7 finished with value: 0.95 and parameters: {'hidden_layer_sizes': (200,), 'max_iter': 100, 'alpha': 0.001}. Best is trial 0 with value: 1.0.
[I 2025-05-26 03:21:02,469] Trial 8 finished with value: 1.0 and parameters: {'hidden_layer_sizes': (100,), 'max_iter': 100, 'alpha': 0.001}. Best is trial 0 with value: 1.0.
[I 2025-05-26 03:21:02,505] Trial 9 finished with value: 1.0 and parameters: {'hidden_layer_sizes': (100,), 'max_iter': 50, 'alpha': 0.001}. Best is trial 0 with value: 1.0.
[I 2025-05-26 03:21:02,561] Trial 10 finished with value: 1.0 and parameters: {'hidden_layer_sizes': (100, 100), 'max_iter': 50, 'alpha': 0.0001}. Best is trial 0 with value: 1.0.
[I 2025-05-26 03:21:03,214] Trial 11 finished with value: 1.0 and parameters: {'hidden_layer_sizes': (100, 100), 'max_iter': 50, 'alpha': 0.0001}. Best is trial 0 with value: 1.0.
[I 2025-05-26 03:21:03,270] Trial 12 finished with value: 1.0 and parameters: {'hidden_layer_sizes': (200,), 'max_iter': 50, 'alpha': 0.0001}. Best is trial 0 with value: 1.0.
[I 2025-05-26 03:21:03,944] Trial 13 finished with value: 1.0 and parameters: {'hidden_layer_sizes': (200,), 'max_iter': 50, 'alpha': 0.0001}. Best is trial 0 with value: 1.0.
[I 2025-05-26 03:21:04,576] Trial 14 finished with value: 1.0 and parameters: {'hidden_layer_sizes': (100, 100), 'max_iter': 100, 'alpha': 0.0001}. Best is trial 0 with value: 1.0.
[I 2025-05-26 03:21:05,258] Trial 15 finished with value: 1.0 and parameters: {'hidden_layer_sizes': (100,), 'max_iter': 50, 'alpha': 0.0001}. Best is trial 0 with value: 1.0.
[I 2025-05-26 03:21:05,924] Trial 16 finished with value: 1.0 and parameters: {'hidden_layer_sizes': (200,), 'max_iter': 100, 'alpha': 0.001}. Best is trial 0 with value: 1.0.
[I 2025-05-26 03:21:05,986] Trial 17 finished with value: 1.0 and parameters: {'hidden_layer_sizes': (200,), 'max_iter': 50, 'alpha': 0.0001}. Best is trial 0 with value: 1.0.
[I 2025-05-26 03:21:06,037] Trial 18 finished with value: 1.0 and parameters: {'hidden_layer_sizes': (100,), 'max_iter': 100, 'alpha': 0.001}. Best is trial 0 with value: 1.0.
[I 2025-05-26 03:21:06,087] Trial 19 finished with value: 1.0 and parameters: {'hidden_layer_sizes': (100, 100), 'max_iter': 50, 'alpha': 0.0001}. Best is trial 0 with value: 1.0.
[I 2025-05-26 03:21:10,135] A new study created in memory with name: naive_bayes
Parámetros guardados en checkpoint_default_Dlatent_ft_H/lc/IPC_10/best_models_lc_seed_5_space_latent/mlp_best_params.json


>>> Optuna tuning naive_bayes metodo lc IPC 10 seed 5


[I 2025-05-26 03:21:11,278] Trial 0 finished with value: 0.9 and parameters: {'var_smoothing': 2.7796258518939306e-10}. Best is trial 0 with value: 0.9.
[I 2025-05-26 03:21:11,354] Trial 1 finished with value: 0.9 and parameters: {'var_smoothing': 5.513972710118387e-09}. Best is trial 0 with value: 0.9.
[I 2025-05-26 03:21:11,368] Trial 2 finished with value: 0.9 and parameters: {'var_smoothing': 2.590826381512706e-10}. Best is trial 0 with value: 0.9.
[I 2025-05-26 03:21:11,381] Trial 3 finished with value: 0.9 and parameters: {'var_smoothing': 6.874194498027403e-09}. Best is trial 0 with value: 0.9.
[I 2025-05-26 03:21:11,404] Trial 4 finished with value: 0.9 and parameters: {'var_smoothing': 9.480306482679771e-10}. Best is trial 0 with value: 0.9.
[I 2025-05-26 03:21:11,418] Trial 5 finished with value: 0.9 and parameters: {'var_smoothing': 1.6729683536668864e-09}. Best is trial 0 with value: 0.9.
[I 2025-05-26 03:21:11,432] Trial 6 finished with value: 0.9 and parameters: {'var_smoothing': 3.402637726935598e-09}. Best is trial 0 with value: 0.9.
[I 2025-05-26 03:21:11,445] Trial 7 finished with value: 0.9 and parameters: {'var_smoothing': 1.0885189040847657e-09}. Best is trial 0 with value: 0.9.
[I 2025-05-26 03:21:11,470] Trial 8 finished with value: 0.9 and parameters: {'var_smoothing': 3.922843686541149e-10}. Best is trial 0 with value: 0.9.
[I 2025-05-26 03:21:11,494] Trial 9 finished with value: 0.9 and parameters: {'var_smoothing': 2.3737908819373785e-10}. Best is trial 0 with value: 0.9.
[I 2025-05-26 03:21:11,523] Trial 10 finished with value: 0.9 and parameters: {'var_smoothing': 1.005826617097841e-10}. Best is trial 0 with value: 0.9.
[I 2025-05-26 03:21:11,543] Trial 11 finished with value: 0.9 and parameters: {'var_smoothing': 8.246040091550826e-09}. Best is trial 0 with value: 0.9.
[I 2025-05-26 03:21:12,270] Trial 12 finished with value: 0.9 and parameters: {'var_smoothing': 5.714429769091136e-10}. Best is trial 0 with value: 0.9.
[I 2025-05-26 03:21:12,290] Trial 13 finished with value: 0.9 and parameters: {'var_smoothing': 3.0046394488828834e-09}. Best is trial 0 with value: 0.9.
[I 2025-05-26 03:21:12,307] Trial 14 finished with value: 0.9 and parameters: {'var_smoothing': 1.0161521526134228e-10}. Best is trial 0 with value: 0.9.
[I 2025-05-26 03:21:12,326] Trial 15 finished with value: 0.9 and parameters: {'var_smoothing': 3.455011319435438e-09}. Best is trial 0 with value: 0.9.
[I 2025-05-26 03:21:12,345] Trial 16 finished with value: 0.9 and parameters: {'var_smoothing': 2.2038800241203009e-10}. Best is trial 0 with value: 0.9.
[I 2025-05-26 03:21:12,364] Trial 17 finished with value: 0.9 and parameters: {'var_smoothing': 1.8515987176145925e-09}. Best is trial 0 with value: 0.9.
[I 2025-05-26 03:21:12,382] Trial 18 finished with value: 0.9 and parameters: {'var_smoothing': 5.024285700153026e-10}. Best is trial 0 with value: 0.9.
