[I 2025-05-09 06:29:52,904] Trial 29 finished with value: 0.765855056925588 and parameters: {'C': 1.2937513537290002, 'gamma': 0.08176165829311005}. Best is trial 12 with value: 0.7714360451110842.
/data/home/rtabares/anaconda3/envs/pyth3.12/lib/python3.12/site-packages/xgboost/core.py:377: FutureWarning: Your system has an old version of glibc (< 2.28). We will stop supporting Linux distros with glibc older than 2.28 after **May 31, 2025**. Please upgrade to a recent Linux distro (with glibc >= 2.28) to use future versions of XGBoost.
Note: You have installed the 'manylinux2014' variant of XGBoost. Certain features such as GPU algorithms or federated learning are not available. To use these features, please upgrade to a recent Linux distro with glibc 2.28+, and install the 'manylinux_2_28' variant.
  warnings.warn(
/data/home/rtabares/anaconda3/envs/pyth3.12/lib/python3.12/site-packages/xgboost/core.py:377: FutureWarning: Your system has an old version of glibc (< 2.28). We will stop supporting Linux distros with glibc older than 2.28 after **May 31, 2025**. Please upgrade to a recent Linux distro (with glibc >= 2.28) to use future versions of XGBoost.
Note: You have installed the 'manylinux2014' variant of XGBoost. Certain features such as GPU algorithms or federated learning are not available. To use these features, please upgrade to a recent Linux distro with glibc 2.28+, and install the 'manylinux_2_28' variant.
  warnings.warn(
/data/home/rtabares/anaconda3/envs/pyth3.12/lib/python3.12/site-packages/xgboost/core.py:377: FutureWarning: Your system has an old version of glibc (< 2.28). We will stop supporting Linux distros with glibc older than 2.28 after **May 31, 2025**. Please upgrade to a recent Linux distro (with glibc >= 2.28) to use future versions of XGBoost.
Note: You have installed the 'manylinux2014' variant of XGBoost. Certain features such as GPU algorithms or federated learning are not available. To use these features, please upgrade to a recent Linux distro with glibc 2.28+, and install the 'manylinux_2_28' variant.
  warnings.warn(
/data/home/rtabares/anaconda3/envs/pyth3.12/lib/python3.12/site-packages/xgboost/core.py:377: FutureWarning: Your system has an old version of glibc (< 2.28). We will stop supporting Linux distros with glibc older than 2.28 after **May 31, 2025**. Please upgrade to a recent Linux distro (with glibc >= 2.28) to use future versions of XGBoost.
Note: You have installed the 'manylinux2014' variant of XGBoost. Certain features such as GPU algorithms or federated learning are not available. To use these features, please upgrade to a recent Linux distro with glibc 2.28+, and install the 'manylinux_2_28' variant.
  warnings.warn(
/data/home/rtabares/anaconda3/envs/pyth3.12/lib/python3.12/site-packages/xgboost/core.py:377: FutureWarning: Your system has an old version of glibc (< 2.28). We will stop supporting Linux distros with glibc older than 2.28 after **May 31, 2025**. Please upgrade to a recent Linux distro (with glibc >= 2.28) to use future versions of XGBoost.
Note: You have installed the 'manylinux2014' variant of XGBoost. Certain features such as GPU algorithms or federated learning are not available. To use these features, please upgrade to a recent Linux distro with glibc 2.28+, and install the 'manylinux_2_28' variant.
  warnings.warn(
[I 2025-05-09 07:12:59,436] A new study created in memory with name: logreg
Parámetros guardados en checkpoint_adult_Dlatent_ft_G/Full-data/IPC_0/best_models_Full-data_seed_0_space_original/svc_best_params.json


>>> Optuna tuning logreg metodo Full-data IPC 0 seed 0


[I 2025-05-09 07:13:02,238] Trial 0 finished with value: 0.7653885855511198 and parameters: {'C': 0.5547119471592125, 'penalty': 'l2'}. Best is trial 0 with value: 0.7653885855511198.
[I 2025-05-09 07:13:04,138] Trial 1 finished with value: 0.7661112298750223 and parameters: {'C': 3.7665768415992953, 'penalty': 'l2'}. Best is trial 1 with value: 0.7661112298750223.
[I 2025-05-09 07:13:05,869] Trial 2 finished with value: 0.7659739929112581 and parameters: {'C': 1.032326035197657, 'penalty': 'l2'}. Best is trial 1 with value: 0.7661112298750223.
[I 2025-05-09 07:13:07,654] Trial 3 finished with value: 0.7657010318669002 and parameters: {'C': 0.530170934757683, 'penalty': 'l2'}. Best is trial 1 with value: 0.7661112298750223.
[I 2025-05-09 07:13:09,377] Trial 4 finished with value: 0.7645739005347068 and parameters: {'C': 0.13130280280658593, 'penalty': 'l2'}. Best is trial 1 with value: 0.7661112298750223.
[I 2025-05-09 07:13:11,544] Trial 5 finished with value: 0.7657362758166741 and parameters: {'C': 1.6961746387290997, 'penalty': 'l2'}. Best is trial 1 with value: 0.7661112298750223.
[I 2025-05-09 07:13:13,973] Trial 6 finished with value: 0.764816930200497 and parameters: {'C': 0.15414734761917095, 'penalty': 'l2'}. Best is trial 1 with value: 0.7661112298750223.
[I 2025-05-09 07:13:16,106] Trial 7 finished with value: 0.765896528543574 and parameters: {'C': 28.765041432546976, 'penalty': 'l2'}. Best is trial 1 with value: 0.7661112298750223.
[I 2025-05-09 07:13:17,979] Trial 8 finished with value: 0.7660337992876951 and parameters: {'C': 65.81332043291806, 'penalty': 'l2'}. Best is trial 1 with value: 0.7661112298750223.
[I 2025-05-09 07:13:19,613] Trial 9 finished with value: 0.7631343524353926 and parameters: {'C': 0.08264328927007726, 'penalty': 'l2'}. Best is trial 1 with value: 0.7661112298750223.
[I 2025-05-09 07:13:20,864] Trial 10 finished with value: 0.7175119859685715 and parameters: {'C': 0.0012637825607294797, 'penalty': 'l2'}. Best is trial 1 with value: 0.7661112298750223.
[I 2025-05-09 07:13:22,717] Trial 11 finished with value: 0.7657838065697876 and parameters: {'C': 76.69917649761464, 'penalty': 'l2'}. Best is trial 1 with value: 0.7661112298750223.
[I 2025-05-09 07:13:24,589] Trial 12 finished with value: 0.7657987790872355 and parameters: {'C': 8.672207836332198, 'penalty': 'l2'}. Best is trial 1 with value: 0.7661112298750223.
[I 2025-05-09 07:13:25,516] Trial 13 finished with value: 0.7658259706069999 and parameters: {'C': 8.762209866613627, 'penalty': 'l2'}. Best is trial 1 with value: 0.7661112298750223.
[I 2025-05-09 07:13:26,651] Trial 14 finished with value: 0.7654783233061243 and parameters: {'C': 6.379988329469909, 'penalty': 'l2'}. Best is trial 1 with value: 0.7661112298750223.
[I 2025-05-09 07:13:27,735] Trial 15 finished with value: 0.7660840654276053 and parameters: {'C': 91.2724756965696, 'penalty': 'l2'}. Best is trial 1 with value: 0.7661112298750223.
[I 2025-05-09 07:13:28,217] Trial 16 finished with value: 0.7580761139476899 and parameters: {'C': 0.022296658046127755, 'penalty': 'l2'}. Best is trial 1 with value: 0.7661112298750223.
[I 2025-05-09 07:13:29,302] Trial 17 finished with value: 0.7656085835614432 and parameters: {'C': 2.25670627448127, 'penalty': 'l2'}. Best is trial 1 with value: 0.7661112298750223.
[I 2025-05-09 07:13:30,186] Trial 18 finished with value: 0.7658788658400113 and parameters: {'C': 21.819571022798932, 'penalty': 'l2'}. Best is trial 1 with value: 0.7661112298750223.
[I 2025-05-09 07:13:30,750] Trial 19 finished with value: 0.7511896059669774 and parameters: {'C': 0.0079096236414587, 'penalty': 'l2'}. Best is trial 1 with value: 0.7661112298750223.
[I 2025-05-09 07:13:31,931] Trial 20 finished with value: 0.765638598633365 and parameters: {'C': 4.599201751234196, 'penalty': 'l2'}. Best is trial 1 with value: 0.7661112298750223.
[I 2025-05-09 07:13:33,118] Trial 21 finished with value: 0.7662565326848151 and parameters: {'C': 94.38021175646143, 'penalty': 'l2'}. Best is trial 21 with value: 0.7662565326848151.
[I 2025-05-09 07:13:34,235] Trial 22 finished with value: 0.7659563190276796 and parameters: {'C': 99.10014951706384, 'penalty': 'l2'}. Best is trial 21 with value: 0.7662565326848151.
[I 2025-05-09 07:13:35,396] Trial 23 finished with value: 0.7663013913801485 and parameters: {'C': 25.982729217513707, 'penalty': 'l2'}. Best is trial 23 with value: 0.7663013913801485.
[I 2025-05-09 07:13:36,385] Trial 24 finished with value: 0.7659509341834436 and parameters: {'C': 22.92360432299964, 'penalty': 'l2'}. Best is trial 23 with value: 0.7663013913801485.
[I 2025-05-09 07:13:37,317] Trial 25 finished with value: 0.7661017326031743 and parameters: {'C': 22.32041966726096, 'penalty': 'l2'}. Best is trial 23 with value: 0.7663013913801485.
[I 2025-05-09 07:13:38,303] Trial 26 finished with value: 0.7663569993996158 and parameters: {'C': 34.48002742599339, 'penalty': 'l2'}. Best is trial 26 with value: 0.7663569993996158.
[I 2025-05-09 07:13:39,389] Trial 27 finished with value: 0.7657159840200103 and parameters: {'C': 39.85016935338263, 'penalty': 'l2'}. Best is trial 26 with value: 0.7663569993996158.
[I 2025-05-09 07:13:40,357] Trial 28 finished with value: 0.7661966743996866 and parameters: {'C': 16.58603200650255, 'penalty': 'l2'}. Best is trial 26 with value: 0.7663569993996158.
[I 2025-05-09 07:13:41,331] Trial 29 finished with value: 0.7655310988294213 and parameters: {'C': 11.091614353402282, 'penalty': 'l2'}. Best is trial 26 with value: 0.7663569993996158.
/data/home/rtabares/anaconda3/envs/pyth3.12/lib/python3.12/site-packages/xgboost/core.py:377: FutureWarning: Your system has an old version of glibc (< 2.28). We will stop supporting Linux distros with glibc older than 2.28 after **May 31, 2025**. Please upgrade to a recent Linux distro (with glibc >= 2.28) to use future versions of XGBoost.
Note: You have installed the 'manylinux2014' variant of XGBoost. Certain features such as GPU algorithms or federated learning are not available. To use these features, please upgrade to a recent Linux distro with glibc 2.28+, and install the 'manylinux_2_28' variant.
  warnings.warn(
/data/home/rtabares/anaconda3/envs/pyth3.12/lib/python3.12/site-packages/xgboost/core.py:377: FutureWarning: Your system has an old version of glibc (< 2.28). We will stop supporting Linux distros with glibc older than 2.28 after **May 31, 2025**. Please upgrade to a recent Linux distro (with glibc >= 2.28) to use future versions of XGBoost.
Note: You have installed the 'manylinux2014' variant of XGBoost. Certain features such as GPU algorithms or federated learning are not available. To use these features, please upgrade to a recent Linux distro with glibc 2.28+, and install the 'manylinux_2_28' variant.
  warnings.warn(
/data/home/rtabares/anaconda3/envs/pyth3.12/lib/python3.12/site-packages/xgboost/core.py:377: FutureWarning: Your system has an old version of glibc (< 2.28). We will stop supporting Linux distros with glibc older than 2.28 after **May 31, 2025**. Please upgrade to a recent Linux distro (with glibc >= 2.28) to use future versions of XGBoost.
Note: You have installed the 'manylinux2014' variant of XGBoost. Certain features such as GPU algorithms or federated learning are not available. To use these features, please upgrade to a recent Linux distro with glibc 2.28+, and install the 'manylinux_2_28' variant.
  warnings.warn(
/data/home/rtabares/anaconda3/envs/pyth3.12/lib/python3.12/site-packages/xgboost/core.py:377: FutureWarning: Your system has an old version of glibc (< 2.28). We will stop supporting Linux distros with glibc older than 2.28 after **May 31, 2025**. Please upgrade to a recent Linux distro (with glibc >= 2.28) to use future versions of XGBoost.
Note: You have installed the 'manylinux2014' variant of XGBoost. Certain features such as GPU algorithms or federated learning are not available. To use these features, please upgrade to a recent Linux distro with glibc 2.28+, and install the 'manylinux_2_28' variant.
  warnings.warn(
/data/home/rtabares/anaconda3/envs/pyth3.12/lib/python3.12/site-packages/xgboost/core.py:377: FutureWarning: Your system has an old version of glibc (< 2.28). We will stop supporting Linux distros with glibc older than 2.28 after **May 31, 2025**. Please upgrade to a recent Linux distro (with glibc >= 2.28) to use future versions of XGBoost.
Note: You have installed the 'manylinux2014' variant of XGBoost. Certain features such as GPU algorithms or federated learning are not available. To use these features, please upgrade to a recent Linux distro with glibc 2.28+, and install the 'manylinux_2_28' variant.
  warnings.warn(
[I 2025-05-09 07:13:51,853] A new study created in memory with name: mlp
Parámetros guardados en checkpoint_adult_Dlatent_ft_G/Full-data/IPC_0/best_models_Full-data_seed_0_space_original/logreg_best_params.json


>>> Optuna tuning mlp metodo Full-data IPC 0 seed 0


/data/home/rtabares/anaconda3/envs/pyth3.12/lib/python3.12/site-packages/sklearn/neural_network/_multilayer_perceptron.py:691: ConvergenceWarning: Stochastic Optimizer: Maximum iterations (50) reached and the optimization hasn't converged yet.
  warnings.warn(
/data/home/rtabares/anaconda3/envs/pyth3.12/lib/python3.12/site-packages/sklearn/neural_network/_multilayer_perceptron.py:691: ConvergenceWarning: Stochastic Optimizer: Maximum iterations (50) reached and the optimization hasn't converged yet.
  warnings.warn(
/data/home/rtabares/anaconda3/envs/pyth3.12/lib/python3.12/site-packages/sklearn/neural_network/_multilayer_perceptron.py:691: ConvergenceWarning: Stochastic Optimizer: Maximum iterations (50) reached and the optimization hasn't converged yet.
  warnings.warn(
/data/home/rtabares/anaconda3/envs/pyth3.12/lib/python3.12/site-packages/sklearn/neural_network/_multilayer_perceptron.py:691: ConvergenceWarning: Stochastic Optimizer: Maximum iterations (50) reached and the optimization hasn't converged yet.
  warnings.warn(
/data/home/rtabares/anaconda3/envs/pyth3.12/lib/python3.12/site-packages/sklearn/neural_network/_multilayer_perceptron.py:691: ConvergenceWarning: Stochastic Optimizer: Maximum iterations (50) reached and the optimization hasn't converged yet.
  warnings.warn(
[I 2025-05-09 07:14:16,025] Trial 0 finished with value: 0.7818613294290273 and parameters: {'hidden_layer_sizes': (200,), 'max_iter': 50, 'alpha': 0.0001}. Best is trial 0 with value: 0.7818613294290273.
/data/home/rtabares/anaconda3/envs/pyth3.12/lib/python3.12/site-packages/sklearn/neural_network/_multilayer_perceptron.py:691: ConvergenceWarning: Stochastic Optimizer: Maximum iterations (50) reached and the optimization hasn't converged yet.
  warnings.warn(
/data/home/rtabares/anaconda3/envs/pyth3.12/lib/python3.12/site-packages/sklearn/neural_network/_multilayer_perceptron.py:691: ConvergenceWarning: Stochastic Optimizer: Maximum iterations (50) reached and the optimization hasn't converged yet.
  warnings.warn(
/data/home/rtabares/anaconda3/envs/pyth3.12/lib/python3.12/site-packages/sklearn/neural_network/_multilayer_perceptron.py:691: ConvergenceWarning: Stochastic Optimizer: Maximum iterations (50) reached and the optimization hasn't converged yet.
  warnings.warn(
/data/home/rtabares/anaconda3/envs/pyth3.12/lib/python3.12/site-packages/sklearn/neural_network/_multilayer_perceptron.py:691: ConvergenceWarning: Stochastic Optimizer: Maximum iterations (50) reached and the optimization hasn't converged yet.
  warnings.warn(
/data/home/rtabares/anaconda3/envs/pyth3.12/lib/python3.12/site-packages/sklearn/neural_network/_multilayer_perceptron.py:691: ConvergenceWarning: Stochastic Optimizer: Maximum iterations (50) reached and the optimization hasn't converged yet.
  warnings.warn(
[I 2025-05-09 07:14:52,534] Trial 1 finished with value: 0.7781546019198518 and parameters: {'hidden_layer_sizes': (200,), 'max_iter': 50, 'alpha': 0.001}. Best is trial 0 with value: 0.7818613294290273.
/data/home/rtabares/anaconda3/envs/pyth3.12/lib/python3.12/site-packages/sklearn/neural_network/_multilayer_perceptron.py:691: ConvergenceWarning: Stochastic Optimizer: Maximum iterations (50) reached and the optimization hasn't converged yet.
  warnings.warn(
/data/home/rtabares/anaconda3/envs/pyth3.12/lib/python3.12/site-packages/sklearn/neural_network/_multilayer_perceptron.py:691: ConvergenceWarning: Stochastic Optimizer: Maximum iterations (50) reached and the optimization hasn't converged yet.
  warnings.warn(
/data/home/rtabares/anaconda3/envs/pyth3.12/lib/python3.12/site-packages/sklearn/neural_network/_multilayer_perceptron.py:691: ConvergenceWarning: Stochastic Optimizer: Maximum iterations (50) reached and the optimization hasn't converged yet.
  warnings.warn(
/data/home/rtabares/anaconda3/envs/pyth3.12/lib/python3.12/site-packages/sklearn/neural_network/_multilayer_perceptron.py:691: ConvergenceWarning: Stochastic Optimizer: Maximum iterations (50) reached and the optimization hasn't converged yet.
  warnings.warn(
/data/home/rtabares/anaconda3/envs/pyth3.12/lib/python3.12/site-packages/sklearn/neural_network/_multilayer_perceptron.py:691: ConvergenceWarning: Stochastic Optimizer: Maximum iterations (50) reached and the optimization hasn't converged yet.
  warnings.warn(
[I 2025-05-09 07:15:16,325] Trial 2 finished with value: 0.7707120373510165 and parameters: {'hidden_layer_sizes': (200,), 'max_iter': 50, 'alpha': 0.001}. Best is trial 0 with value: 0.7818613294290273.
/data/home/rtabares/anaconda3/envs/pyth3.12/lib/python3.12/site-packages/sklearn/neural_network/_multilayer_perceptron.py:691: ConvergenceWarning: Stochastic Optimizer: Maximum iterations (100) reached and the optimization hasn't converged yet.
  warnings.warn(
/data/home/rtabares/anaconda3/envs/pyth3.12/lib/python3.12/site-packages/sklearn/neural_network/_multilayer_perceptron.py:691: ConvergenceWarning: Stochastic Optimizer: Maximum iterations (100) reached and the optimization hasn't converged yet.
  warnings.warn(
/data/home/rtabares/anaconda3/envs/pyth3.12/lib/python3.12/site-packages/sklearn/neural_network/_multilayer_perceptron.py:691: ConvergenceWarning: Stochastic Optimizer: Maximum iterations (100) reached and the optimization hasn't converged yet.
  warnings.warn(
/data/home/rtabares/anaconda3/envs/pyth3.12/lib/python3.12/site-packages/sklearn/neural_network/_multilayer_perceptron.py:691: ConvergenceWarning: Stochastic Optimizer: Maximum iterations (100) reached and the optimization hasn't converged yet.
  warnings.warn(
/data/home/rtabares/anaconda3/envs/pyth3.12/lib/python3.12/site-packages/sklearn/neural_network/_multilayer_perceptron.py:691: ConvergenceWarning: Stochastic Optimizer: Maximum iterations (100) reached and the optimization hasn't converged yet.
  warnings.warn(
[I 2025-05-09 07:15:33,637] Trial 3 finished with value: 0.7653137168446253 and parameters: {'hidden_layer_sizes': (100,), 'max_iter': 100, 'alpha': 0.001}. Best is trial 0 with value: 0.7818613294290273.
/data/home/rtabares/anaconda3/envs/pyth3.12/lib/python3.12/site-packages/sklearn/neural_network/_multilayer_perceptron.py:691: ConvergenceWarning: Stochastic Optimizer: Maximum iterations (50) reached and the optimization hasn't converged yet.
  warnings.warn(
/data/home/rtabares/anaconda3/envs/pyth3.12/lib/python3.12/site-packages/sklearn/neural_network/_multilayer_perceptron.py:691: ConvergenceWarning: Stochastic Optimizer: Maximum iterations (50) reached and the optimization hasn't converged yet.
  warnings.warn(
/data/home/rtabares/anaconda3/envs/pyth3.12/lib/python3.12/site-packages/sklearn/neural_network/_multilayer_perceptron.py:691: ConvergenceWarning: Stochastic Optimizer: Maximum iterations (50) reached and the optimization hasn't converged yet.
  warnings.warn(
/data/home/rtabares/anaconda3/envs/pyth3.12/lib/python3.12/site-packages/sklearn/neural_network/_multilayer_perceptron.py:691: ConvergenceWarning: Stochastic Optimizer: Maximum iterations (50) reached and the optimization hasn't converged yet.
  warnings.warn(
/data/home/rtabares/anaconda3/envs/pyth3.12/lib/python3.12/site-packages/sklearn/neural_network/_multilayer_perceptron.py:691: ConvergenceWarning: Stochastic Optimizer: Maximum iterations (50) reached and the optimization hasn't converged yet.
  warnings.warn(
[I 2025-05-09 07:15:40,808] Trial 4 finished with value: 0.7692547828193075 and parameters: {'hidden_layer_sizes': (100,), 'max_iter': 50, 'alpha': 0.0001}. Best is trial 0 with value: 0.7818613294290273.
/data/home/rtabares/anaconda3/envs/pyth3.12/lib/python3.12/site-packages/sklearn/neural_network/_multilayer_perceptron.py:691: ConvergenceWarning: Stochastic Optimizer: Maximum iterations (50) reached and the optimization hasn't converged yet.
  warnings.warn(
/data/home/rtabares/anaconda3/envs/pyth3.12/lib/python3.12/site-packages/sklearn/neural_network/_multilayer_perceptron.py:691: ConvergenceWarning: Stochastic Optimizer: Maximum iterations (50) reached and the optimization hasn't converged yet.
  warnings.warn(
/data/home/rtabares/anaconda3/envs/pyth3.12/lib/python3.12/site-packages/sklearn/neural_network/_multilayer_perceptron.py:691: ConvergenceWarning: Stochastic Optimizer: Maximum iterations (50) reached and the optimization hasn't converged yet.
  warnings.warn(
/data/home/rtabares/anaconda3/envs/pyth3.12/lib/python3.12/site-packages/sklearn/neural_network/_multilayer_perceptron.py:691: ConvergenceWarning: Stochastic Optimizer: Maximum iterations (50) reached and the optimization hasn't converged yet.
  warnings.warn(
/data/home/rtabares/anaconda3/envs/pyth3.12/lib/python3.12/site-packages/sklearn/neural_network/_multilayer_perceptron.py:691: ConvergenceWarning: Stochastic Optimizer: Maximum iterations (50) reached and the optimization hasn't converged yet.
  warnings.warn(
