[I 2025-05-26 03:29:22,441] Trial 5 finished with value: 0.5 and parameters: {'n_estimators': 40, 'max_depth': 20, 'gamma': 0.3554734452019276, 'subsample': 0.5947710951851903, 'colsample_bytree': 0.7356254823676576}. Best is trial 0 with value: 0.55.
/data/home/rtabares/anaconda3/envs/pyth3.12/lib/python3.12/site-packages/xgboost/core.py:377: FutureWarning: Your system has an old version of glibc (< 2.28). We will stop supporting Linux distros with glibc older than 2.28 after **May 31, 2025**. Please upgrade to a recent Linux distro (with glibc >= 2.28) to use future versions of XGBoost.
Note: You have installed the 'manylinux2014' variant of XGBoost. Certain features such as GPU algorithms or federated learning are not available. To use these features, please upgrade to a recent Linux distro with glibc 2.28+, and install the 'manylinux_2_28' variant.
  warnings.warn(
/data/home/rtabares/anaconda3/envs/pyth3.12/lib/python3.12/site-packages/xgboost/core.py:377: FutureWarning: Your system has an old version of glibc (< 2.28). We will stop supporting Linux distros with glibc older than 2.28 after **May 31, 2025**. Please upgrade to a recent Linux distro (with glibc >= 2.28) to use future versions of XGBoost.
Note: You have installed the 'manylinux2014' variant of XGBoost. Certain features such as GPU algorithms or federated learning are not available. To use these features, please upgrade to a recent Linux distro with glibc 2.28+, and install the 'manylinux_2_28' variant.
  warnings.warn(
/data/home/rtabares/anaconda3/envs/pyth3.12/lib/python3.12/site-packages/xgboost/core.py:377: FutureWarning: Your system has an old version of glibc (< 2.28). We will stop supporting Linux distros with glibc older than 2.28 after **May 31, 2025**. Please upgrade to a recent Linux distro (with glibc >= 2.28) to use future versions of XGBoost.
Note: You have installed the 'manylinux2014' variant of XGBoost. Certain features such as GPU algorithms or federated learning are not available. To use these features, please upgrade to a recent Linux distro with glibc 2.28+, and install the 'manylinux_2_28' variant.
  warnings.warn(
/data/home/rtabares/anaconda3/envs/pyth3.12/lib/python3.12/site-packages/xgboost/core.py:377: FutureWarning: Your system has an old version of glibc (< 2.28). We will stop supporting Linux distros with glibc older than 2.28 after **May 31, 2025**. Please upgrade to a recent Linux distro (with glibc >= 2.28) to use future versions of XGBoost.
Note: You have installed the 'manylinux2014' variant of XGBoost. Certain features such as GPU algorithms or federated learning are not available. To use these features, please upgrade to a recent Linux distro with glibc 2.28+, and install the 'manylinux_2_28' variant.
  warnings.warn(
/data/home/rtabares/anaconda3/envs/pyth3.12/lib/python3.12/site-packages/xgboost/core.py:377: FutureWarning: Your system has an old version of glibc (< 2.28). We will stop supporting Linux distros with glibc older than 2.28 after **May 31, 2025**. Please upgrade to a recent Linux distro (with glibc >= 2.28) to use future versions of XGBoost.
Note: You have installed the 'manylinux2014' variant of XGBoost. Certain features such as GPU algorithms or federated learning are not available. To use these features, please upgrade to a recent Linux distro with glibc 2.28+, and install the 'manylinux_2_28' variant.
  warnings.warn(
[I 2025-05-26 03:29:22,509] Trial 6 finished with value: 0.45 and parameters: {'n_estimators': 40, 'max_depth': 20, 'gamma': 0.8967376717636345, 'subsample': 0.988276510203839, 'colsample_bytree': 0.9184542964535913}. Best is trial 0 with value: 0.55.
[I 2025-05-26 03:29:22,537] Trial 7 finished with value: 0.55 and parameters: {'n_estimators': 40, 'max_depth': 30, 'gamma': 0.7149068474388774, 'subsample': 0.5696358027454862, 'colsample_bytree': 0.8514125286992056}. Best is trial 0 with value: 0.55.
/data/home/rtabares/anaconda3/envs/pyth3.12/lib/python3.12/site-packages/xgboost/core.py:377: FutureWarning: Your system has an old version of glibc (< 2.28). We will stop supporting Linux distros with glibc older than 2.28 after **May 31, 2025**. Please upgrade to a recent Linux distro (with glibc >= 2.28) to use future versions of XGBoost.
Note: You have installed the 'manylinux2014' variant of XGBoost. Certain features such as GPU algorithms or federated learning are not available. To use these features, please upgrade to a recent Linux distro with glibc 2.28+, and install the 'manylinux_2_28' variant.
  warnings.warn(
/data/home/rtabares/anaconda3/envs/pyth3.12/lib/python3.12/site-packages/xgboost/core.py:377: FutureWarning: Your system has an old version of glibc (< 2.28). We will stop supporting Linux distros with glibc older than 2.28 after **May 31, 2025**. Please upgrade to a recent Linux distro (with glibc >= 2.28) to use future versions of XGBoost.
Note: You have installed the 'manylinux2014' variant of XGBoost. Certain features such as GPU algorithms or federated learning are not available. To use these features, please upgrade to a recent Linux distro with glibc 2.28+, and install the 'manylinux_2_28' variant.
  warnings.warn(
[I 2025-05-26 03:29:22,584] Trial 8 finished with value: 0.4 and parameters: {'n_estimators': 100, 'max_depth': 30, 'gamma': 0.2471398756881566, 'subsample': 0.8241126205332553, 'colsample_bytree': 0.6258070715852391}. Best is trial 0 with value: 0.55.
/data/home/rtabares/anaconda3/envs/pyth3.12/lib/python3.12/site-packages/xgboost/core.py:377: FutureWarning: Your system has an old version of glibc (< 2.28). We will stop supporting Linux distros with glibc older than 2.28 after **May 31, 2025**. Please upgrade to a recent Linux distro (with glibc >= 2.28) to use future versions of XGBoost.
Note: You have installed the 'manylinux2014' variant of XGBoost. Certain features such as GPU algorithms or federated learning are not available. To use these features, please upgrade to a recent Linux distro with glibc 2.28+, and install the 'manylinux_2_28' variant.
  warnings.warn(
[I 2025-05-26 03:29:22,632] Trial 9 finished with value: 0.5 and parameters: {'n_estimators': 40, 'max_depth': 30, 'gamma': 0.8599846034069103, 'subsample': 0.8019332783535529, 'colsample_bytree': 0.7936068454878676}. Best is trial 0 with value: 0.55.
/data/home/rtabares/anaconda3/envs/pyth3.12/lib/python3.12/site-packages/xgboost/core.py:377: FutureWarning: Your system has an old version of glibc (< 2.28). We will stop supporting Linux distros with glibc older than 2.28 after **May 31, 2025**. Please upgrade to a recent Linux distro (with glibc >= 2.28) to use future versions of XGBoost.
Note: You have installed the 'manylinux2014' variant of XGBoost. Certain features such as GPU algorithms or federated learning are not available. To use these features, please upgrade to a recent Linux distro with glibc 2.28+, and install the 'manylinux_2_28' variant.
  warnings.warn(
[I 2025-05-26 03:29:22,693] Trial 10 finished with value: 0.4 and parameters: {'n_estimators': 10, 'max_depth': 5, 'gamma': 0.11132541504315885, 'subsample': 0.6518824205184826, 'colsample_bytree': 0.5222467176724002}. Best is trial 0 with value: 0.55.
/data/home/rtabares/anaconda3/envs/pyth3.12/lib/python3.12/site-packages/xgboost/core.py:377: FutureWarning: Your system has an old version of glibc (< 2.28). We will stop supporting Linux distros with glibc older than 2.28 after **May 31, 2025**. Please upgrade to a recent Linux distro (with glibc >= 2.28) to use future versions of XGBoost.
Note: You have installed the 'manylinux2014' variant of XGBoost. Certain features such as GPU algorithms or federated learning are not available. To use these features, please upgrade to a recent Linux distro with glibc 2.28+, and install the 'manylinux_2_28' variant.
  warnings.warn(
/data/home/rtabares/anaconda3/envs/pyth3.12/lib/python3.12/site-packages/xgboost/core.py:377: FutureWarning: Your system has an old version of glibc (< 2.28). We will stop supporting Linux distros with glibc older than 2.28 after **May 31, 2025**. Please upgrade to a recent Linux distro (with glibc >= 2.28) to use future versions of XGBoost.
Note: You have installed the 'manylinux2014' variant of XGBoost. Certain features such as GPU algorithms or federated learning are not available. To use these features, please upgrade to a recent Linux distro with glibc 2.28+, and install the 'manylinux_2_28' variant.
  warnings.warn(
/data/home/rtabares/anaconda3/envs/pyth3.12/lib/python3.12/site-packages/xgboost/core.py:377: FutureWarning: Your system has an old version of glibc (< 2.28). We will stop supporting Linux distros with glibc older than 2.28 after **May 31, 2025**. Please upgrade to a recent Linux distro (with glibc >= 2.28) to use future versions of XGBoost.
Note: You have installed the 'manylinux2014' variant of XGBoost. Certain features such as GPU algorithms or federated learning are not available. To use these features, please upgrade to a recent Linux distro with glibc 2.28+, and install the 'manylinux_2_28' variant.
  warnings.warn(
/data/home/rtabares/anaconda3/envs/pyth3.12/lib/python3.12/site-packages/xgboost/core.py:377: FutureWarning: Your system has an old version of glibc (< 2.28). We will stop supporting Linux distros with glibc older than 2.28 after **May 31, 2025**. Please upgrade to a recent Linux distro (with glibc >= 2.28) to use future versions of XGBoost.
Note: You have installed the 'manylinux2014' variant of XGBoost. Certain features such as GPU algorithms or federated learning are not available. To use these features, please upgrade to a recent Linux distro with glibc 2.28+, and install the 'manylinux_2_28' variant.
  warnings.warn(
[I 2025-05-26 03:29:23,397] Trial 11 finished with value: 0.5 and parameters: {'n_estimators': 100, 'max_depth': 30, 'gamma': 0.9681903397412062, 'subsample': 0.8909531909241379, 'colsample_bytree': 0.6608770902048942}. Best is trial 0 with value: 0.55.
/data/home/rtabares/anaconda3/envs/pyth3.12/lib/python3.12/site-packages/xgboost/core.py:377: FutureWarning: Your system has an old version of glibc (< 2.28). We will stop supporting Linux distros with glibc older than 2.28 after **May 31, 2025**. Please upgrade to a recent Linux distro (with glibc >= 2.28) to use future versions of XGBoost.
Note: You have installed the 'manylinux2014' variant of XGBoost. Certain features such as GPU algorithms or federated learning are not available. To use these features, please upgrade to a recent Linux distro with glibc 2.28+, and install the 'manylinux_2_28' variant.
  warnings.warn(
/data/home/rtabares/anaconda3/envs/pyth3.12/lib/python3.12/site-packages/xgboost/core.py:377: FutureWarning: Your system has an old version of glibc (< 2.28). We will stop supporting Linux distros with glibc older than 2.28 after **May 31, 2025**. Please upgrade to a recent Linux distro (with glibc >= 2.28) to use future versions of XGBoost.
Note: You have installed the 'manylinux2014' variant of XGBoost. Certain features such as GPU algorithms or federated learning are not available. To use these features, please upgrade to a recent Linux distro with glibc 2.28+, and install the 'manylinux_2_28' variant.
  warnings.warn(
[I 2025-05-26 03:29:24,090] Trial 12 finished with value: 0.35 and parameters: {'n_estimators': 100, 'max_depth': 30, 'gamma': 0.5299926855017165, 'subsample': 0.6848009387186493, 'colsample_bytree': 0.651791846963555}. Best is trial 0 with value: 0.55.
[I 2025-05-26 03:29:24,140] Trial 13 finished with value: 0.5 and parameters: {'n_estimators': 100, 'max_depth': 5, 'gamma': 0.626711129198294, 'subsample': 0.7001853800090055, 'colsample_bytree': 0.712752570473077}. Best is trial 0 with value: 0.55.
[I 2025-05-26 03:29:24,189] Trial 14 finished with value: 0.5 and parameters: {'n_estimators': 100, 'max_depth': 30, 'gamma': 0.4000023985818805, 'subsample': 0.8940181087620663, 'colsample_bytree': 0.596389989619073}. Best is trial 0 with value: 0.55.
/data/home/rtabares/anaconda3/envs/pyth3.12/lib/python3.12/site-packages/xgboost/core.py:377: FutureWarning: Your system has an old version of glibc (< 2.28). We will stop supporting Linux distros with glibc older than 2.28 after **May 31, 2025**. Please upgrade to a recent Linux distro (with glibc >= 2.28) to use future versions of XGBoost.
Note: You have installed the 'manylinux2014' variant of XGBoost. Certain features such as GPU algorithms or federated learning are not available. To use these features, please upgrade to a recent Linux distro with glibc 2.28+, and install the 'manylinux_2_28' variant.
  warnings.warn(
[I 2025-05-26 03:29:24,845] Trial 15 finished with value: 0.45 and parameters: {'n_estimators': 10, 'max_depth': 30, 'gamma': 0.8361750979473885, 'subsample': 0.5052985200248541, 'colsample_bytree': 0.9888939439492501}. Best is trial 0 with value: 0.55.
[I 2025-05-26 03:29:24,884] Trial 16 finished with value: 0.4 and parameters: {'n_estimators': 10, 'max_depth': 5, 'gamma': 0.991314742891843, 'subsample': 0.8787287422282001, 'colsample_bytree': 0.7917736739504313}. Best is trial 0 with value: 0.55.
[I 2025-05-26 03:29:24,935] Trial 17 finished with value: 0.5 and parameters: {'n_estimators': 100, 'max_depth': 30, 'gamma': 0.5818209581005225, 'subsample': 0.7369637418182623, 'colsample_bytree': 0.5064839807832304}. Best is trial 0 with value: 0.55.
/data/home/rtabares/anaconda3/envs/pyth3.12/lib/python3.12/site-packages/xgboost/core.py:377: FutureWarning: Your system has an old version of glibc (< 2.28). We will stop supporting Linux distros with glibc older than 2.28 after **May 31, 2025**. Please upgrade to a recent Linux distro (with glibc >= 2.28) to use future versions of XGBoost.
Note: You have installed the 'manylinux2014' variant of XGBoost. Certain features such as GPU algorithms or federated learning are not available. To use these features, please upgrade to a recent Linux distro with glibc 2.28+, and install the 'manylinux_2_28' variant.
  warnings.warn(
[I 2025-05-26 03:29:25,652] Trial 18 finished with value: 0.5 and parameters: {'n_estimators': 100, 'max_depth': 30, 'gamma': 0.25368366843950607, 'subsample': 0.9349024637789001, 'colsample_bytree': 0.6735042672265268}. Best is trial 0 with value: 0.55.
[I 2025-05-26 03:29:25,691] Trial 19 finished with value: 0.45 and parameters: {'n_estimators': 10, 'max_depth': 30, 'gamma': 0.7930613875242585, 'subsample': 0.6342385505944843, 'colsample_bytree': 0.7858104741672305}. Best is trial 0 with value: 0.55.
[I 2025-05-26 03:29:29,427] A new study created in memory with name: rf
Parámetros guardados en checkpoint_adult_Dlatent_G/k-center/IPC_10/best_models_k-center_seed_6_space_latent/xgb_best_params.json


>>> Optuna tuning rf metodo k-center IPC 10 seed 6


[I 2025-05-26 03:29:30,608] Trial 0 finished with value: 0.55 and parameters: {'n_estimators': 458, 'max_depth': 8, 'min_samples_split': 9, 'min_samples_leaf': 1}. Best is trial 0 with value: 0.55.
[I 2025-05-26 03:29:30,819] Trial 1 finished with value: 0.55 and parameters: {'n_estimators': 143, 'max_depth': 13, 'min_samples_split': 6, 'min_samples_leaf': 5}. Best is trial 0 with value: 0.55.
[I 2025-05-26 03:29:31,158] Trial 2 finished with value: 0.5 and parameters: {'n_estimators': 234, 'max_depth': 14, 'min_samples_split': 5, 'min_samples_leaf': 8}. Best is trial 0 with value: 0.55.
[I 2025-05-26 03:29:31,530] Trial 3 finished with value: 0.5 and parameters: {'n_estimators': 307, 'max_depth': 13, 'min_samples_split': 7, 'min_samples_leaf': 10}. Best is trial 0 with value: 0.55.
[I 2025-05-26 03:29:32,059] Trial 4 finished with value: 0.5 and parameters: {'n_estimators': 428, 'max_depth': 10, 'min_samples_split': 9, 'min_samples_leaf': 9}. Best is trial 0 with value: 0.55.
[I 2025-05-26 03:29:32,235] Trial 5 finished with value: 0.5 and parameters: {'n_estimators': 121, 'max_depth': 15, 'min_samples_split': 9, 'min_samples_leaf': 8}. Best is trial 0 with value: 0.55.
[I 2025-05-26 03:29:32,707] Trial 6 finished with value: 0.5 and parameters: {'n_estimators': 384, 'max_depth': 12, 'min_samples_split': 3, 'min_samples_leaf': 10}. Best is trial 0 with value: 0.55.
[I 2025-05-26 03:29:33,076] Trial 7 finished with value: 0.5 and parameters: {'n_estimators': 261, 'max_depth': 6, 'min_samples_split': 8, 'min_samples_leaf': 10}. Best is trial 0 with value: 0.55.
[I 2025-05-26 03:29:33,358] Trial 8 finished with value: 0.5 and parameters: {'n_estimators': 202, 'max_depth': 15, 'min_samples_split': 7, 'min_samples_leaf': 8}. Best is trial 0 with value: 0.55.
[I 2025-05-26 03:29:33,930] Trial 9 finished with value: 0.5 and parameters: {'n_estimators': 475, 'max_depth': 9, 'min_samples_split': 4, 'min_samples_leaf': 5}. Best is trial 0 with value: 0.55.
[I 2025-05-26 03:29:34,426] Trial 10 finished with value: 0.55 and parameters: {'n_estimators': 352, 'max_depth': 20, 'min_samples_split': 10, 'min_samples_leaf': 1}. Best is trial 0 with value: 0.55.
[I 2025-05-26 03:29:34,672] Trial 11 finished with value: 0.55 and parameters: {'n_estimators': 110, 'max_depth': 4, 'min_samples_split': 6, 'min_samples_leaf': 1}. Best is trial 0 with value: 0.55.
[I 2025-05-26 03:29:36,008] Trial 12 finished with value: 0.5 and parameters: {'n_estimators': 489, 'max_depth': 7, 'min_samples_split': 2, 'min_samples_leaf': 4}. Best is trial 0 with value: 0.55.
[I 2025-05-26 03:29:36,344] Trial 13 finished with value: 0.6 and parameters: {'n_estimators': 201, 'max_depth': 18, 'min_samples_split': 5, 'min_samples_leaf': 3}. Best is trial 13 with value: 0.6.
[I 2025-05-26 03:29:36,682] Trial 14 finished with value: 0.5 and parameters: {'n_estimators': 192, 'max_depth': 20, 'min_samples_split': 4, 'min_samples_leaf': 3}. Best is trial 13 with value: 0.6.
[I 2025-05-26 03:29:37,111] Trial 15 finished with value: 0.6 and parameters: {'n_estimators': 308, 'max_depth': 17, 'min_samples_split': 5, 'min_samples_leaf': 2}. Best is trial 13 with value: 0.6.
[I 2025-05-26 03:29:37,502] Trial 16 finished with value: 0.55 and parameters: {'n_estimators': 301, 'max_depth': 17, 'min_samples_split': 5, 'min_samples_leaf': 3}. Best is trial 13 with value: 0.6.
[I 2025-05-26 03:29:37,908] Trial 17 finished with value: 0.6 and parameters: {'n_estimators': 354, 'max_depth': 18, 'min_samples_split': 4, 'min_samples_leaf': 3}. Best is trial 13 with value: 0.6.
[I 2025-05-26 03:29:38,263] Trial 18 finished with value: 0.6 and parameters: {'n_estimators': 250, 'max_depth': 17, 'min_samples_split': 5, 'min_samples_leaf': 2}. Best is trial 13 with value: 0.6.
[I 2025-05-26 03:29:38,473] Trial 19 finished with value: 0.5 and parameters: {'n_estimators': 167, 'max_depth': 18, 'min_samples_split': 2, 'min_samples_leaf': 6}. Best is trial 13 with value: 0.6.
[I 2025-05-26 03:29:40,867] A new study created in memory with name: svc
Parámetros guardados en checkpoint_adult_Dlatent_G/k-center/IPC_10/best_models_k-center_seed_6_space_latent/rf_best_params.json


>>> Optuna tuning svc metodo k-center IPC 10 seed 6


[I 2025-05-26 03:29:43,253] Trial 0 finished with value: 0.45 and parameters: {'C': 37.27697013499731, 'gamma': 0.0021277432488243223}. Best is trial 0 with value: 0.45.
[I 2025-05-26 03:29:43,478] Trial 1 finished with value: 0.7 and parameters: {'C': 19.271543171162776, 'gamma': 0.00014682043379470554}. Best is trial 1 with value: 0.7.
[I 2025-05-26 03:29:43,507] Trial 2 finished with value: 0.6 and parameters: {'C': 0.0269542169583157, 'gamma': 0.023999835049635022}. Best is trial 1 with value: 0.7.
[I 2025-05-26 03:29:43,521] Trial 3 finished with value: 0.65 and parameters: {'C': 1.3160410886450586, 'gamma': 0.0047340159215720195}. Best is trial 1 with value: 0.7.
[I 2025-05-26 03:29:43,535] Trial 4 finished with value: 0.6 and parameters: {'C': 0.21959952535674737, 'gamma': 0.030908485742507576}. Best is trial 1 with value: 0.7.
[I 2025-05-26 03:29:43,552] Trial 5 finished with value: 0.45 and parameters: {'C': 0.5656733313644114, 'gamma': 0.08780685564625502}. Best is trial 1 with value: 0.7.
[I 2025-05-26 03:29:43,566] Trial 6 finished with value: 0.55 and parameters: {'C': 1.1807165425157664, 'gamma': 0.020674470756231633}. Best is trial 1 with value: 0.7.
[I 2025-05-26 03:29:43,579] Trial 7 finished with value: 0.4 and parameters: {'C': 3.8143486186647126, 'gamma': 0.9138966502602072}. Best is trial 1 with value: 0.7.
[I 2025-05-26 03:29:43,594] Trial 8 finished with value: 0.5 and parameters: {'C': 19.029737066374768, 'gamma': 0.004495766421289856}. Best is trial 1 with value: 0.7.
[I 2025-05-26 03:29:43,608] Trial 9 finished with value: 0.45 and parameters: {'C': 31.994153257994277, 'gamma': 0.19725941020937518}. Best is trial 1 with value: 0.7.
[I 2025-05-26 03:29:43,633] Trial 10 finished with value: 0.6 and parameters: {'C': 96.48544976930573, 'gamma': 0.00012227600695838894}. Best is trial 1 with value: 0.7.
[I 2025-05-26 03:29:43,661] Trial 11 finished with value: 0.75 and parameters: {'C': 7.068062192778911, 'gamma': 0.0003125284108647278}. Best is trial 11 with value: 0.75.
[I 2025-05-26 03:29:44,647] Trial 12 finished with value: 0.75 and parameters: {'C': 6.239731085501219, 'gamma': 0.00013418165171955683}. Best is trial 11 with value: 0.75.
[I 2025-05-26 03:29:44,669] Trial 13 finished with value: 0.7 and parameters: {'C': 4.878987494640837, 'gamma': 0.000582009164639594}. Best is trial 11 with value: 0.75.
[I 2025-05-26 03:29:44,700] Trial 14 finished with value: 0.65 and parameters: {'C': 6.216958648502451, 'gamma': 0.000658573543827463}. Best is trial 11 with value: 0.75.
[I 2025-05-26 03:29:44,751] Trial 15 finished with value: 0.75 and parameters: {'C': 0.14727950407449653, 'gamma': 0.0005324856687022091}. Best is trial 11 with value: 0.75.
[I 2025-05-26 03:29:44,791] Trial 16 finished with value: 0.75 and parameters: {'C': 8.680630912409404, 'gamma': 0.00018207486795463672}. Best is trial 11 with value: 0.75.
