[I 2025-05-26 03:26:08,320] Trial 9 finished with value: 0.6 and parameters: {'n_estimators': 40, 'max_depth': 30, 'gamma': 0.8599846034069103, 'subsample': 0.8019332783535529, 'colsample_bytree': 0.7936068454878676}. Best is trial 4 with value: 0.65.
/data/home/rtabares/anaconda3/envs/pyth3.12/lib/python3.12/site-packages/xgboost/core.py:377: FutureWarning: Your system has an old version of glibc (< 2.28). We will stop supporting Linux distros with glibc older than 2.28 after **May 31, 2025**. Please upgrade to a recent Linux distro (with glibc >= 2.28) to use future versions of XGBoost.
Note: You have installed the 'manylinux2014' variant of XGBoost. Certain features such as GPU algorithms or federated learning are not available. To use these features, please upgrade to a recent Linux distro with glibc 2.28+, and install the 'manylinux_2_28' variant.
  warnings.warn(
/data/home/rtabares/anaconda3/envs/pyth3.12/lib/python3.12/site-packages/xgboost/core.py:377: FutureWarning: Your system has an old version of glibc (< 2.28). We will stop supporting Linux distros with glibc older than 2.28 after **May 31, 2025**. Please upgrade to a recent Linux distro (with glibc >= 2.28) to use future versions of XGBoost.
Note: You have installed the 'manylinux2014' variant of XGBoost. Certain features such as GPU algorithms or federated learning are not available. To use these features, please upgrade to a recent Linux distro with glibc 2.28+, and install the 'manylinux_2_28' variant.
  warnings.warn(
[I 2025-05-26 03:26:08,381] Trial 10 finished with value: 0.55 and parameters: {'n_estimators': 10, 'max_depth': 5, 'gamma': 0.11132541504315885, 'subsample': 0.9893741512543004, 'colsample_bytree': 0.5329444970931687}. Best is trial 4 with value: 0.65.
/data/home/rtabares/anaconda3/envs/pyth3.12/lib/python3.12/site-packages/xgboost/core.py:377: FutureWarning: Your system has an old version of glibc (< 2.28). We will stop supporting Linux distros with glibc older than 2.28 after **May 31, 2025**. Please upgrade to a recent Linux distro (with glibc >= 2.28) to use future versions of XGBoost.
Note: You have installed the 'manylinux2014' variant of XGBoost. Certain features such as GPU algorithms or federated learning are not available. To use these features, please upgrade to a recent Linux distro with glibc 2.28+, and install the 'manylinux_2_28' variant.
  warnings.warn(
[I 2025-05-26 03:26:08,441] Trial 11 finished with value: 0.65 and parameters: {'n_estimators': 40, 'max_depth': 5, 'gamma': 0.48174279936552766, 'subsample': 0.5282246615033291, 'colsample_bytree': 0.8201066868627448}. Best is trial 4 with value: 0.65.
/data/home/rtabares/anaconda3/envs/pyth3.12/lib/python3.12/site-packages/xgboost/core.py:377: FutureWarning: Your system has an old version of glibc (< 2.28). We will stop supporting Linux distros with glibc older than 2.28 after **May 31, 2025**. Please upgrade to a recent Linux distro (with glibc >= 2.28) to use future versions of XGBoost.
Note: You have installed the 'manylinux2014' variant of XGBoost. Certain features such as GPU algorithms or federated learning are not available. To use these features, please upgrade to a recent Linux distro with glibc 2.28+, and install the 'manylinux_2_28' variant.
  warnings.warn(
/data/home/rtabares/anaconda3/envs/pyth3.12/lib/python3.12/site-packages/xgboost/core.py:377: FutureWarning: Your system has an old version of glibc (< 2.28). We will stop supporting Linux distros with glibc older than 2.28 after **May 31, 2025**. Please upgrade to a recent Linux distro (with glibc >= 2.28) to use future versions of XGBoost.
Note: You have installed the 'manylinux2014' variant of XGBoost. Certain features such as GPU algorithms or federated learning are not available. To use these features, please upgrade to a recent Linux distro with glibc 2.28+, and install the 'manylinux_2_28' variant.
  warnings.warn(
[I 2025-05-26 03:26:09,107] Trial 12 finished with value: 0.65 and parameters: {'n_estimators': 10, 'max_depth': 30, 'gamma': 0.5385278631198441, 'subsample': 0.6505233587192746, 'colsample_bytree': 0.9715083346653923}. Best is trial 4 with value: 0.65.
[I 2025-05-26 03:26:09,148] Trial 13 finished with value: 0.6 and parameters: {'n_estimators': 40, 'max_depth': 20, 'gamma': 0.6638301779421666, 'subsample': 0.5146749793878775, 'colsample_bytree': 0.8779788348809624}. Best is trial 4 with value: 0.65.
[I 2025-05-26 03:26:09,198] Trial 14 finished with value: 0.6 and parameters: {'n_estimators': 100, 'max_depth': 5, 'gamma': 0.4000023985818805, 'subsample': 0.8940181087620663, 'colsample_bytree': 0.7748267273960154}. Best is trial 4 with value: 0.65.
[I 2025-05-26 03:26:09,236] Trial 15 finished with value: 0.65 and parameters: {'n_estimators': 10, 'max_depth': 20, 'gamma': 0.7998940979031922, 'subsample': 0.6772991662538685, 'colsample_bytree': 0.9958640573710154}. Best is trial 4 with value: 0.65.
[I 2025-05-26 03:26:09,271] Trial 16 finished with value: 0.55 and parameters: {'n_estimators': 40, 'max_depth': 30, 'gamma': 0.5883567252446563, 'subsample': 0.5978449209760036, 'colsample_bytree': 0.6500430701644584}. Best is trial 4 with value: 0.65.
[I 2025-05-26 03:26:09,309] Trial 17 finished with value: 0.6 and parameters: {'n_estimators': 40, 'max_depth': 30, 'gamma': 0.40803331970706697, 'subsample': 0.896348360593878, 'colsample_bytree': 0.919367090642771}. Best is trial 4 with value: 0.65.
/data/home/rtabares/anaconda3/envs/pyth3.12/lib/python3.12/site-packages/xgboost/core.py:377: FutureWarning: Your system has an old version of glibc (< 2.28). We will stop supporting Linux distros with glibc older than 2.28 after **May 31, 2025**. Please upgrade to a recent Linux distro (with glibc >= 2.28) to use future versions of XGBoost.
Note: You have installed the 'manylinux2014' variant of XGBoost. Certain features such as GPU algorithms or federated learning are not available. To use these features, please upgrade to a recent Linux distro with glibc 2.28+, and install the 'manylinux_2_28' variant.
  warnings.warn(
[I 2025-05-26 03:26:09,975] Trial 18 finished with value: 0.45 and parameters: {'n_estimators': 10, 'max_depth': 20, 'gamma': 0.25368366843950607, 'subsample': 0.5782541803930905, 'colsample_bytree': 0.8363987300935602}. Best is trial 4 with value: 0.65.
[I 2025-05-26 03:26:10,027] Trial 19 finished with value: 0.65 and parameters: {'n_estimators': 100, 'max_depth': 5, 'gamma': 0.6332861950021974, 'subsample': 0.7321794491283744, 'colsample_bytree': 0.7173737365098004}. Best is trial 4 with value: 0.65.
[I 2025-05-26 03:26:13,344] A new study created in memory with name: rf
Parámetros guardados en checkpoint_default_Dlatent_ft_H/k-means/IPC_10/best_models_k-means_seed_6_space_latent/xgb_best_params.json


>>> Optuna tuning rf metodo k-means IPC 10 seed 6


[I 2025-05-26 03:26:16,570] Trial 0 finished with value: 0.5 and parameters: {'n_estimators': 458, 'max_depth': 8, 'min_samples_split': 9, 'min_samples_leaf': 1}. Best is trial 0 with value: 0.5.
[I 2025-05-26 03:26:17,038] Trial 1 finished with value: 0.55 and parameters: {'n_estimators': 143, 'max_depth': 13, 'min_samples_split': 6, 'min_samples_leaf': 5}. Best is trial 1 with value: 0.55.
[I 2025-05-26 03:26:17,446] Trial 2 finished with value: 0.5 and parameters: {'n_estimators': 234, 'max_depth': 14, 'min_samples_split': 5, 'min_samples_leaf': 8}. Best is trial 1 with value: 0.55.
[I 2025-05-26 03:26:17,795] Trial 3 finished with value: 0.5 and parameters: {'n_estimators': 307, 'max_depth': 13, 'min_samples_split': 7, 'min_samples_leaf': 10}. Best is trial 1 with value: 0.55.
[I 2025-05-26 03:26:18,336] Trial 4 finished with value: 0.5 and parameters: {'n_estimators': 428, 'max_depth': 10, 'min_samples_split': 9, 'min_samples_leaf': 9}. Best is trial 1 with value: 0.55.
[I 2025-05-26 03:26:18,535] Trial 5 finished with value: 0.5 and parameters: {'n_estimators': 121, 'max_depth': 15, 'min_samples_split': 9, 'min_samples_leaf': 8}. Best is trial 1 with value: 0.55.
[I 2025-05-26 03:26:18,993] Trial 6 finished with value: 0.5 and parameters: {'n_estimators': 384, 'max_depth': 12, 'min_samples_split': 3, 'min_samples_leaf': 10}. Best is trial 1 with value: 0.55.
[I 2025-05-26 03:26:19,343] Trial 7 finished with value: 0.5 and parameters: {'n_estimators': 261, 'max_depth': 6, 'min_samples_split': 8, 'min_samples_leaf': 10}. Best is trial 1 with value: 0.55.
[I 2025-05-26 03:26:19,623] Trial 8 finished with value: 0.5 and parameters: {'n_estimators': 202, 'max_depth': 15, 'min_samples_split': 7, 'min_samples_leaf': 8}. Best is trial 1 with value: 0.55.
[I 2025-05-26 03:26:20,215] Trial 9 finished with value: 0.55 and parameters: {'n_estimators': 475, 'max_depth': 9, 'min_samples_split': 4, 'min_samples_leaf': 5}. Best is trial 1 with value: 0.55.
[I 2025-05-26 03:26:20,462] Trial 10 finished with value: 0.55 and parameters: {'n_estimators': 135, 'max_depth': 20, 'min_samples_split': 2, 'min_samples_leaf': 4}. Best is trial 1 with value: 0.55.
[I 2025-05-26 03:26:21,503] Trial 11 finished with value: 0.5 and parameters: {'n_estimators': 343, 'max_depth': 4, 'min_samples_split': 5, 'min_samples_leaf': 5}. Best is trial 1 with value: 0.55.
[I 2025-05-26 03:26:22,740] Trial 12 finished with value: 0.55 and parameters: {'n_estimators': 489, 'max_depth': 18, 'min_samples_split': 4, 'min_samples_leaf': 3}. Best is trial 1 with value: 0.55.
[I 2025-05-26 03:26:24,037] Trial 13 finished with value: 0.45 and parameters: {'n_estimators': 201, 'max_depth': 9, 'min_samples_split': 6, 'min_samples_leaf': 6}. Best is trial 1 with value: 0.55.
[I 2025-05-26 03:26:25,704] Trial 14 finished with value: 0.5 and parameters: {'n_estimators': 386, 'max_depth': 7, 'min_samples_split': 4, 'min_samples_leaf': 6}. Best is trial 1 with value: 0.55.
[I 2025-05-26 03:26:25,963] Trial 15 finished with value: 0.55 and parameters: {'n_estimators': 163, 'max_depth': 11, 'min_samples_split': 2, 'min_samples_leaf': 2}. Best is trial 1 with value: 0.55.
[I 2025-05-26 03:26:26,342] Trial 16 finished with value: 0.55 and parameters: {'n_estimators': 301, 'max_depth': 17, 'min_samples_split': 6, 'min_samples_leaf': 5}. Best is trial 1 with value: 0.55.
[I 2025-05-26 03:26:26,542] Trial 17 finished with value: 0.55 and parameters: {'n_estimators': 101, 'max_depth': 3, 'min_samples_split': 4, 'min_samples_leaf': 4}. Best is trial 1 with value: 0.55.
[I 2025-05-26 03:26:27,084] Trial 18 finished with value: 0.5 and parameters: {'n_estimators': 352, 'max_depth': 5, 'min_samples_split': 5, 'min_samples_leaf': 7}. Best is trial 1 with value: 0.55.
[I 2025-05-26 03:26:27,463] Trial 19 finished with value: 0.55 and parameters: {'n_estimators': 259, 'max_depth': 10, 'min_samples_split': 10, 'min_samples_leaf': 3}. Best is trial 1 with value: 0.55.
[I 2025-05-26 03:26:29,677] A new study created in memory with name: svc
Parámetros guardados en checkpoint_default_Dlatent_ft_H/k-means/IPC_10/best_models_k-means_seed_6_space_latent/rf_best_params.json


>>> Optuna tuning svc metodo k-means IPC 10 seed 6


[I 2025-05-26 03:26:32,871] Trial 0 finished with value: 0.3 and parameters: {'C': 37.27697013499731, 'gamma': 0.0021277432488243223}. Best is trial 0 with value: 0.3.
[I 2025-05-26 03:26:33,168] Trial 1 finished with value: 0.25 and parameters: {'C': 19.271543171162776, 'gamma': 0.00014682043379470554}. Best is trial 0 with value: 0.3.
[I 2025-05-26 03:26:33,198] Trial 2 finished with value: 0.15 and parameters: {'C': 0.0269542169583157, 'gamma': 0.023999835049635022}. Best is trial 0 with value: 0.3.
[I 2025-05-26 03:26:33,214] Trial 3 finished with value: 0.2 and parameters: {'C': 1.3160410886450586, 'gamma': 0.0047340159215720195}. Best is trial 0 with value: 0.3.
[I 2025-05-26 03:26:33,229] Trial 4 finished with value: 0.1 and parameters: {'C': 0.21959952535674737, 'gamma': 0.030908485742507576}. Best is trial 0 with value: 0.3.
[I 2025-05-26 03:26:33,243] Trial 5 finished with value: 0.2 and parameters: {'C': 0.5656733313644114, 'gamma': 0.08780685564625502}. Best is trial 0 with value: 0.3.
[I 2025-05-26 03:26:33,258] Trial 6 finished with value: 0.2 and parameters: {'C': 1.1807165425157664, 'gamma': 0.020674470756231633}. Best is trial 0 with value: 0.3.
[I 2025-05-26 03:26:33,271] Trial 7 finished with value: 0.25 and parameters: {'C': 3.8143486186647126, 'gamma': 0.9138966502602072}. Best is trial 0 with value: 0.3.
[I 2025-05-26 03:26:33,286] Trial 8 finished with value: 0.2 and parameters: {'C': 19.029737066374768, 'gamma': 0.004495766421289856}. Best is trial 0 with value: 0.3.
[I 2025-05-26 03:26:33,300] Trial 9 finished with value: 0.1 and parameters: {'C': 31.994153257994277, 'gamma': 0.19725941020937518}. Best is trial 0 with value: 0.3.
[I 2025-05-26 03:26:33,323] Trial 10 finished with value: 0.25 and parameters: {'C': 96.80643961619926, 'gamma': 0.0004009308447180715}. Best is trial 0 with value: 0.3.
[I 2025-05-26 03:26:34,081] Trial 11 finished with value: 0.3 and parameters: {'C': 9.898660470720786, 'gamma': 0.0001153462343485392}. Best is trial 0 with value: 0.3.
[I 2025-05-26 03:26:34,104] Trial 12 finished with value: 0.3 and parameters: {'C': 6.239731085501219, 'gamma': 0.0009407708153906166}. Best is trial 0 with value: 0.3.
[I 2025-05-26 03:26:34,790] Trial 13 finished with value: 0.3 and parameters: {'C': 99.25030810254107, 'gamma': 0.00010389890676234055}. Best is trial 0 with value: 0.3.
[I 2025-05-26 03:26:34,815] Trial 14 finished with value: 0.3 and parameters: {'C': 6.216958648502451, 'gamma': 0.0010769087010659576}. Best is trial 0 with value: 0.3.
[I 2025-05-26 03:26:34,837] Trial 15 finished with value: 0.3 and parameters: {'C': 28.740942129910323, 'gamma': 0.00179097531944691}. Best is trial 0 with value: 0.3.
[I 2025-05-26 03:26:34,862] Trial 16 finished with value: 0.3 and parameters: {'C': 0.0119576348113261, 'gamma': 0.0002649986054206705}. Best is trial 0 with value: 0.3.
[I 2025-05-26 03:26:34,884] Trial 17 finished with value: 0.25 and parameters: {'C': 4.489985867877875, 'gamma': 0.0005717734180849983}. Best is trial 0 with value: 0.3.
[I 2025-05-26 03:26:35,625] Trial 18 finished with value: 0.2 and parameters: {'C': 0.08390812488697656, 'gamma': 0.0028342374522490063}. Best is trial 0 with value: 0.3.
[I 2025-05-26 03:26:35,648] Trial 19 finished with value: 0.25 and parameters: {'C': 8.757142064069757, 'gamma': 0.010005397758975293}. Best is trial 0 with value: 0.3.
[I 2025-05-26 03:26:37,556] A new study created in memory with name: logreg
[I 2025-05-26 03:26:39,474] Trial 0 finished with value: 0.35 and parameters: {'C': 29.127335430981816, 'penalty': 'l2'}. Best is trial 0 with value: 0.35.
Parámetros guardados en checkpoint_default_Dlatent_ft_H/k-means/IPC_10/best_models_k-means_seed_6_space_latent/svc_best_params.json


>>> Optuna tuning logreg metodo k-means IPC 10 seed 6


[I 2025-05-26 03:26:39,729] Trial 1 finished with value: 0.25 and parameters: {'C': 0.045698192893558344, 'penalty': 'l2'}. Best is trial 0 with value: 0.35.
[I 2025-05-26 03:26:39,767] Trial 2 finished with value: 0.35 and parameters: {'C': 12.768668597712947, 'penalty': 'l2'}. Best is trial 0 with value: 0.35.
[I 2025-05-26 03:26:40,488] Trial 3 finished with value: 0.35 and parameters: {'C': 0.0016161554408462638, 'penalty': 'l2'}. Best is trial 0 with value: 0.35.
[I 2025-05-26 03:26:40,514] Trial 4 finished with value: 0.35 and parameters: {'C': 0.0034536903703241734, 'penalty': 'l2'}. Best is trial 0 with value: 0.35.
[I 2025-05-26 03:26:40,553] Trial 5 finished with value: 0.3 and parameters: {'C': 0.9446269266990148, 'penalty': 'l2'}. Best is trial 0 with value: 0.35.
[I 2025-05-26 03:26:40,579] Trial 6 finished with value: 0.25 and parameters: {'C': 0.4457453393648168, 'penalty': 'l2'}. Best is trial 0 with value: 0.35.
[I 2025-05-26 03:26:40,604] Trial 7 finished with value: 0.25 and parameters: {'C': 0.12417585037258261, 'penalty': 'l2'}. Best is trial 0 with value: 0.35.
[I 2025-05-26 03:26:40,629] Trial 8 finished with value: 0.25 and parameters: {'C': 0.04753781830244093, 'penalty': 'l2'}. Best is trial 0 with value: 0.35.
[I 2025-05-26 03:26:40,665] Trial 9 finished with value: 0.3 and parameters: {'C': 1.2959766028194148, 'penalty': 'l2'}. Best is trial 0 with value: 0.35.
[I 2025-05-26 03:26:40,697] Trial 10 finished with value: 0.4 and parameters: {'C': 96.02411422716075, 'penalty': 'l2'}. Best is trial 10 with value: 0.4.
[I 2025-05-26 03:26:40,737] Trial 11 finished with value: 0.4 and parameters: {'C': 59.9697718692158, 'penalty': 'l2'}. Best is trial 10 with value: 0.4.
[I 2025-05-26 03:26:40,778] Trial 12 finished with value: 0.4 and parameters: {'C': 90.64427434136057, 'penalty': 'l2'}. Best is trial 10 with value: 0.4.
[I 2025-05-26 03:26:40,830] Trial 13 finished with value: 0.35 and parameters: {'C': 4.865673542589085, 'penalty': 'l2'}. Best is trial 10 with value: 0.4.
[I 2025-05-26 03:26:40,870] Trial 14 finished with value: 0.4 and parameters: {'C': 75.70410205106715, 'penalty': 'l2'}. Best is trial 10 with value: 0.4.
[I 2025-05-26 03:26:41,666] Trial 15 finished with value: 0.35 and parameters: {'C': 5.957789522733971, 'penalty': 'l2'}. Best is trial 10 with value: 0.4.
[I 2025-05-26 03:26:42,390] Trial 16 finished with value: 0.35 and parameters: {'C': 19.685556379423655, 'penalty': 'l2'}. Best is trial 10 with value: 0.4.
[I 2025-05-26 03:26:42,437] Trial 17 finished with value: 0.35 and parameters: {'C': 2.9846308196944142, 'penalty': 'l2'}. Best is trial 10 with value: 0.4.
[I 2025-05-26 03:26:42,468] Trial 18 finished with value: 0.4 and parameters: {'C': 47.611336786999125, 'penalty': 'l2'}. Best is trial 10 with value: 0.4.
[I 2025-05-26 03:26:42,508] Trial 19 finished with value: 0.35 and parameters: {'C': 12.171934770041055, 'penalty': 'l2'}. Best is trial 10 with value: 0.4.
/data/home/rtabares/anaconda3/envs/pyth3.12/lib/python3.12/site-packages/xgboost/core.py:377: FutureWarning: Your system has an old version of glibc (< 2.28). We will stop supporting Linux distros with glibc older than 2.28 after **May 31, 2025**. Please upgrade to a recent Linux distro (with glibc >= 2.28) to use future versions of XGBoost.
Note: You have installed the 'manylinux2014' variant of XGBoost. Certain features such as GPU algorithms or federated learning are not available. To use these features, please upgrade to a recent Linux distro with glibc 2.28+, and install the 'manylinux_2_28' variant.
  warnings.warn(
/data/home/rtabares/anaconda3/envs/pyth3.12/lib/python3.12/site-packages/xgboost/core.py:377: FutureWarning: Your system has an old version of glibc (< 2.28). We will stop supporting Linux distros with glibc older than 2.28 after **May 31, 2025**. Please upgrade to a recent Linux distro (with glibc >= 2.28) to use future versions of XGBoost.
Note: You have installed the 'manylinux2014' variant of XGBoost. Certain features such as GPU algorithms or federated learning are not available. To use these features, please upgrade to a recent Linux distro with glibc 2.28+, and install the 'manylinux_2_28' variant.
  warnings.warn(
[I 2025-05-26 03:26:47,971] A new study created in memory with name: mlp
Parámetros guardados en checkpoint_default_Dlatent_ft_H/k-means/IPC_10/best_models_k-means_seed_6_space_latent/logreg_best_params.json


>>> Optuna tuning mlp metodo k-means IPC 10 seed 6


/data/home/rtabares/anaconda3/envs/pyth3.12/lib/python3.12/site-packages/sklearn/neural_network/_multilayer_perceptron.py:691: ConvergenceWarning: Stochastic Optimizer: Maximum iterations (100) reached and the optimization hasn't converged yet.
  warnings.warn(
/data/home/rtabares/anaconda3/envs/pyth3.12/lib/python3.12/site-packages/sklearn/neural_network/_multilayer_perceptron.py:691: ConvergenceWarning: Stochastic Optimizer: Maximum iterations (100) reached and the optimization hasn't converged yet.
  warnings.warn(
/data/home/rtabares/anaconda3/envs/pyth3.12/lib/python3.12/site-packages/sklearn/neural_network/_multilayer_perceptron.py:691: ConvergenceWarning: Stochastic Optimizer: Maximum iterations (100) reached and the optimization hasn't converged yet.
  warnings.warn(
/data/home/rtabares/anaconda3/envs/pyth3.12/lib/python3.12/site-packages/sklearn/neural_network/_multilayer_perceptron.py:691: ConvergenceWarning: Stochastic Optimizer: Maximum iterations (100) reached and the optimization hasn't converged yet.
  warnings.warn(
/data/home/rtabares/anaconda3/envs/pyth3.12/lib/python3.12/site-packages/sklearn/neural_network/_multilayer_perceptron.py:691: ConvergenceWarning: Stochastic Optimizer: Maximum iterations (100) reached and the optimization hasn't converged yet.
  warnings.warn(
