[I 2025-05-18 17:41:15,178] Trial 9 finished with value: 0.9916666666666666 and parameters: {'n_estimators': 100, 'max_depth': 5, 'gamma': 0.8003922413895069, 'subsample': 0.9436444759263674, 'colsample_bytree': 0.8374593849333938}. Best is trial 0 with value: 1.0.
/data/home/rtabares/anaconda3/envs/pyth3.12/lib/python3.12/site-packages/xgboost/core.py:377: FutureWarning: Your system has an old version of glibc (< 2.28). We will stop supporting Linux distros with glibc older than 2.28 after **May 31, 2025**. Please upgrade to a recent Linux distro (with glibc >= 2.28) to use future versions of XGBoost.
Note: You have installed the 'manylinux2014' variant of XGBoost. Certain features such as GPU algorithms or federated learning are not available. To use these features, please upgrade to a recent Linux distro with glibc 2.28+, and install the 'manylinux_2_28' variant.
  warnings.warn(
/data/home/rtabares/anaconda3/envs/pyth3.12/lib/python3.12/site-packages/xgboost/core.py:377: FutureWarning: Your system has an old version of glibc (< 2.28). We will stop supporting Linux distros with glibc older than 2.28 after **May 31, 2025**. Please upgrade to a recent Linux distro (with glibc >= 2.28) to use future versions of XGBoost.
Note: You have installed the 'manylinux2014' variant of XGBoost. Certain features such as GPU algorithms or federated learning are not available. To use these features, please upgrade to a recent Linux distro with glibc 2.28+, and install the 'manylinux_2_28' variant.
  warnings.warn(
/data/home/rtabares/anaconda3/envs/pyth3.12/lib/python3.12/site-packages/xgboost/core.py:377: FutureWarning: Your system has an old version of glibc (< 2.28). We will stop supporting Linux distros with glibc older than 2.28 after **May 31, 2025**. Please upgrade to a recent Linux distro (with glibc >= 2.28) to use future versions of XGBoost.
Note: You have installed the 'manylinux2014' variant of XGBoost. Certain features such as GPU algorithms or federated learning are not available. To use these features, please upgrade to a recent Linux distro with glibc 2.28+, and install the 'manylinux_2_28' variant.
  warnings.warn(
/data/home/rtabares/anaconda3/envs/pyth3.12/lib/python3.12/site-packages/xgboost/core.py:377: FutureWarning: Your system has an old version of glibc (< 2.28). We will stop supporting Linux distros with glibc older than 2.28 after **May 31, 2025**. Please upgrade to a recent Linux distro (with glibc >= 2.28) to use future versions of XGBoost.
Note: You have installed the 'manylinux2014' variant of XGBoost. Certain features such as GPU algorithms or federated learning are not available. To use these features, please upgrade to a recent Linux distro with glibc 2.28+, and install the 'manylinux_2_28' variant.
  warnings.warn(
[I 2025-05-18 17:41:19,491] A new study created in memory with name: rf
Parámetros guardados en checkpoint_default_Dlatent_G/lc/IPC_59/best_models_lc_seed_7_space_latent/xgb_best_params.json


>>> Optuna tuning rf metodo lc IPC 59 seed 7


[I 2025-05-18 17:41:20,923] Trial 0 finished with value: 1.0 and parameters: {'n_estimators': 130, 'max_depth': 17, 'min_samples_split': 5, 'min_samples_leaf': 8}. Best is trial 0 with value: 1.0.
[I 2025-05-18 17:41:22,451] Trial 1 finished with value: 1.0 and parameters: {'n_estimators': 492, 'max_depth': 12, 'min_samples_split': 6, 'min_samples_leaf': 1}. Best is trial 0 with value: 1.0.
[I 2025-05-18 17:41:24,125] Trial 2 finished with value: 1.0 and parameters: {'n_estimators': 207, 'max_depth': 11, 'min_samples_split': 8, 'min_samples_leaf': 9}. Best is trial 0 with value: 1.0.
[I 2025-05-18 17:41:27,241] Trial 3 finished with value: 1.0 and parameters: {'n_estimators': 252, 'max_depth': 4, 'min_samples_split': 4, 'min_samples_leaf': 10}. Best is trial 0 with value: 1.0.
[I 2025-05-18 17:41:28,157] Trial 4 finished with value: 1.0 and parameters: {'n_estimators': 185, 'max_depth': 11, 'min_samples_split': 10, 'min_samples_leaf': 1}. Best is trial 0 with value: 1.0.
[I 2025-05-18 17:41:29,232] Trial 5 finished with value: 1.0 and parameters: {'n_estimators': 340, 'max_depth': 20, 'min_samples_split': 4, 'min_samples_leaf': 6}. Best is trial 0 with value: 1.0.
[I 2025-05-18 17:41:30,156] Trial 6 finished with value: 1.0 and parameters: {'n_estimators': 464, 'max_depth': 5, 'min_samples_split': 6, 'min_samples_leaf': 8}. Best is trial 0 with value: 1.0.
[I 2025-05-18 17:41:30,798] Trial 7 finished with value: 1.0 and parameters: {'n_estimators': 368, 'max_depth': 11, 'min_samples_split': 3, 'min_samples_leaf': 5}. Best is trial 0 with value: 1.0.
[I 2025-05-18 17:41:31,279] Trial 8 finished with value: 1.0 and parameters: {'n_estimators': 249, 'max_depth': 11, 'min_samples_split': 5, 'min_samples_leaf': 9}. Best is trial 0 with value: 1.0.
[I 2025-05-18 17:41:32,051] Trial 9 finished with value: 1.0 and parameters: {'n_estimators': 408, 'max_depth': 8, 'min_samples_split': 7, 'min_samples_leaf': 3}. Best is trial 0 with value: 1.0.
[I 2025-05-18 17:41:37,756] A new study created in memory with name: svc
Parámetros guardados en checkpoint_default_Dlatent_G/lc/IPC_59/best_models_lc_seed_7_space_latent/rf_best_params.json


>>> Optuna tuning svc metodo lc IPC 59 seed 7


[I 2025-05-18 17:41:39,555] Trial 0 finished with value: 0.55 and parameters: {'C': 0.020194502448102298, 'gamma': 0.13172711156111802}. Best is trial 0 with value: 0.55.
[I 2025-05-18 17:41:40,502] Trial 1 finished with value: 0.6598484848484849 and parameters: {'C': 0.5670703311028815, 'gamma': 0.0783178418343345}. Best is trial 1 with value: 0.6598484848484849.
[I 2025-05-18 17:41:41,275] Trial 2 finished with value: 0.9916666666666666 and parameters: {'C': 81.65034948781698, 'gamma': 0.014255533717547383}. Best is trial 2 with value: 0.9916666666666666.
[I 2025-05-18 17:41:41,318] Trial 3 finished with value: 1.0 and parameters: {'C': 1.0103732850016278, 'gamma': 0.00019418001640357854}. Best is trial 3 with value: 1.0.
[I 2025-05-18 17:41:41,357] Trial 4 finished with value: 0.9575757575757574 and parameters: {'C': 0.11851025167261421, 'gamma': 0.00998918377985214}. Best is trial 3 with value: 1.0.
[I 2025-05-18 17:41:41,390] Trial 5 finished with value: 0.6681818181818182 and parameters: {'C': 5.2109869371584665, 'gamma': 0.16404241128227343}. Best is trial 3 with value: 1.0.
[I 2025-05-18 17:41:41,423] Trial 6 finished with value: 0.975 and parameters: {'C': 0.3340138940215422, 'gamma': 0.00018354619576988685}. Best is trial 3 with value: 1.0.
[I 2025-05-18 17:41:41,486] Trial 7 finished with value: 0.525 and parameters: {'C': 0.1420961781588805, 'gamma': 0.434884682155233}. Best is trial 3 with value: 1.0.
[I 2025-05-18 17:41:41,519] Trial 8 finished with value: 0.9666666666666666 and parameters: {'C': 0.07137422643361827, 'gamma': 0.006434219125545069}. Best is trial 3 with value: 1.0.
[I 2025-05-18 17:41:41,542] Trial 9 finished with value: 1.0 and parameters: {'C': 53.066944048916255, 'gamma': 0.00012577574840733457}. Best is trial 3 with value: 1.0.
[I 2025-05-18 17:41:45,715] A new study created in memory with name: logreg
Parámetros guardados en checkpoint_default_Dlatent_G/lc/IPC_59/best_models_lc_seed_7_space_latent/svc_best_params.json


>>> Optuna tuning logreg metodo lc IPC 59 seed 7


[I 2025-05-18 17:41:47,768] Trial 0 finished with value: 1.0 and parameters: {'C': 0.002407362254570802, 'penalty': 'l2'}. Best is trial 0 with value: 1.0.
[I 2025-05-18 17:41:48,623] Trial 1 finished with value: 1.0 and parameters: {'C': 7.935859334260497, 'penalty': 'l2'}. Best is trial 0 with value: 1.0.
[I 2025-05-18 17:41:48,649] Trial 2 finished with value: 1.0 and parameters: {'C': 0.15561310098067915, 'penalty': 'l2'}. Best is trial 0 with value: 1.0.
[I 2025-05-18 17:41:49,391] Trial 3 finished with value: 1.0 and parameters: {'C': 4.143104515916128, 'penalty': 'l2'}. Best is trial 0 with value: 1.0.
[I 2025-05-18 17:41:49,408] Trial 4 finished with value: 1.0 and parameters: {'C': 77.61533923098803, 'penalty': 'l2'}. Best is trial 0 with value: 1.0.
[I 2025-05-18 17:41:49,432] Trial 5 finished with value: 1.0 and parameters: {'C': 0.49258292359934785, 'penalty': 'l2'}. Best is trial 0 with value: 1.0.
[I 2025-05-18 17:41:49,459] Trial 6 finished with value: 1.0 and parameters: {'C': 0.320333470047146, 'penalty': 'l2'}. Best is trial 0 with value: 1.0.
[I 2025-05-18 17:41:49,487] Trial 7 finished with value: 1.0 and parameters: {'C': 0.002292216671132896, 'penalty': 'l2'}. Best is trial 0 with value: 1.0.
[I 2025-05-18 17:41:49,513] Trial 8 finished with value: 1.0 and parameters: {'C': 0.0219884643872214, 'penalty': 'l2'}. Best is trial 0 with value: 1.0.
[I 2025-05-18 17:41:49,538] Trial 9 finished with value: 1.0 and parameters: {'C': 0.31580027519646636, 'penalty': 'l2'}. Best is trial 0 with value: 1.0.
[I 2025-05-18 17:41:52,344] A new study created in memory with name: mlp
Parámetros guardados en checkpoint_default_Dlatent_G/lc/IPC_59/best_models_lc_seed_7_space_latent/logreg_best_params.json


>>> Optuna tuning mlp metodo lc IPC 59 seed 7


[I 2025-05-18 17:41:54,774] Trial 0 finished with value: 1.0 and parameters: {'hidden_layer_sizes': (200,), 'max_iter': 100, 'alpha': 0.0001}. Best is trial 0 with value: 1.0.
[I 2025-05-18 17:41:55,690] Trial 1 finished with value: 1.0 and parameters: {'hidden_layer_sizes': (100, 100), 'max_iter': 100, 'alpha': 0.0001}. Best is trial 0 with value: 1.0.
[I 2025-05-18 17:41:56,505] Trial 2 finished with value: 1.0 and parameters: {'hidden_layer_sizes': (200,), 'max_iter': 100, 'alpha': 0.001}. Best is trial 0 with value: 1.0.
/data/home/rtabares/anaconda3/envs/pyth3.12/lib/python3.12/site-packages/sklearn/neural_network/_multilayer_perceptron.py:691: ConvergenceWarning: Stochastic Optimizer: Maximum iterations (50) reached and the optimization hasn't converged yet.
  warnings.warn(
/data/home/rtabares/anaconda3/envs/pyth3.12/lib/python3.12/site-packages/sklearn/neural_network/_multilayer_perceptron.py:691: ConvergenceWarning: Stochastic Optimizer: Maximum iterations (50) reached and the optimization hasn't converged yet.
  warnings.warn(
/data/home/rtabares/anaconda3/envs/pyth3.12/lib/python3.12/site-packages/sklearn/neural_network/_multilayer_perceptron.py:691: ConvergenceWarning: Stochastic Optimizer: Maximum iterations (50) reached and the optimization hasn't converged yet.
  warnings.warn(
/data/home/rtabares/anaconda3/envs/pyth3.12/lib/python3.12/site-packages/sklearn/neural_network/_multilayer_perceptron.py:691: ConvergenceWarning: Stochastic Optimizer: Maximum iterations (50) reached and the optimization hasn't converged yet.
  warnings.warn(
[I 2025-05-18 17:41:57,280] Trial 3 finished with value: 1.0 and parameters: {'hidden_layer_sizes': (100,), 'max_iter': 50, 'alpha': 0.001}. Best is trial 0 with value: 1.0.
/data/home/rtabares/anaconda3/envs/pyth3.12/lib/python3.12/site-packages/sklearn/neural_network/_multilayer_perceptron.py:691: ConvergenceWarning: Stochastic Optimizer: Maximum iterations (50) reached and the optimization hasn't converged yet.
  warnings.warn(
/data/home/rtabares/anaconda3/envs/pyth3.12/lib/python3.12/site-packages/sklearn/neural_network/_multilayer_perceptron.py:691: ConvergenceWarning: Stochastic Optimizer: Maximum iterations (50) reached and the optimization hasn't converged yet.
  warnings.warn(
/data/home/rtabares/anaconda3/envs/pyth3.12/lib/python3.12/site-packages/sklearn/neural_network/_multilayer_perceptron.py:691: ConvergenceWarning: Stochastic Optimizer: Maximum iterations (50) reached and the optimization hasn't converged yet.
  warnings.warn(
/data/home/rtabares/anaconda3/envs/pyth3.12/lib/python3.12/site-packages/sklearn/neural_network/_multilayer_perceptron.py:691: ConvergenceWarning: Stochastic Optimizer: Maximum iterations (50) reached and the optimization hasn't converged yet.
  warnings.warn(
[I 2025-05-18 17:41:57,346] Trial 4 finished with value: 1.0 and parameters: {'hidden_layer_sizes': (100,), 'max_iter': 50, 'alpha': 0.0001}. Best is trial 0 with value: 1.0.
/data/home/rtabares/anaconda3/envs/pyth3.12/lib/python3.12/site-packages/sklearn/neural_network/_multilayer_perceptron.py:691: ConvergenceWarning: Stochastic Optimizer: Maximum iterations (50) reached and the optimization hasn't converged yet.
  warnings.warn(
/data/home/rtabares/anaconda3/envs/pyth3.12/lib/python3.12/site-packages/sklearn/neural_network/_multilayer_perceptron.py:691: ConvergenceWarning: Stochastic Optimizer: Maximum iterations (50) reached and the optimization hasn't converged yet.
  warnings.warn(
/data/home/rtabares/anaconda3/envs/pyth3.12/lib/python3.12/site-packages/sklearn/neural_network/_multilayer_perceptron.py:691: ConvergenceWarning: Stochastic Optimizer: Maximum iterations (50) reached and the optimization hasn't converged yet.
  warnings.warn(
[I 2025-05-18 17:41:57,422] Trial 5 finished with value: 1.0 and parameters: {'hidden_layer_sizes': (100,), 'max_iter': 50, 'alpha': 0.0001}. Best is trial 0 with value: 1.0.
/data/home/rtabares/anaconda3/envs/pyth3.12/lib/python3.12/site-packages/sklearn/neural_network/_multilayer_perceptron.py:691: ConvergenceWarning: Stochastic Optimizer: Maximum iterations (50) reached and the optimization hasn't converged yet.
  warnings.warn(
/data/home/rtabares/anaconda3/envs/pyth3.12/lib/python3.12/site-packages/sklearn/neural_network/_multilayer_perceptron.py:691: ConvergenceWarning: Stochastic Optimizer: Maximum iterations (50) reached and the optimization hasn't converged yet.
  warnings.warn(
/data/home/rtabares/anaconda3/envs/pyth3.12/lib/python3.12/site-packages/sklearn/neural_network/_multilayer_perceptron.py:691: ConvergenceWarning: Stochastic Optimizer: Maximum iterations (50) reached and the optimization hasn't converged yet.
  warnings.warn(
/data/home/rtabares/anaconda3/envs/pyth3.12/lib/python3.12/site-packages/sklearn/neural_network/_multilayer_perceptron.py:691: ConvergenceWarning: Stochastic Optimizer: Maximum iterations (50) reached and the optimization hasn't converged yet.
  warnings.warn(
[I 2025-05-18 17:41:57,488] Trial 6 finished with value: 1.0 and parameters: {'hidden_layer_sizes': (100,), 'max_iter': 50, 'alpha': 0.0001}. Best is trial 0 with value: 1.0.
/data/home/rtabares/anaconda3/envs/pyth3.12/lib/python3.12/site-packages/sklearn/neural_network/_multilayer_perceptron.py:691: ConvergenceWarning: Stochastic Optimizer: Maximum iterations (50) reached and the optimization hasn't converged yet.
  warnings.warn(
/data/home/rtabares/anaconda3/envs/pyth3.12/lib/python3.12/site-packages/sklearn/neural_network/_multilayer_perceptron.py:691: ConvergenceWarning: Stochastic Optimizer: Maximum iterations (50) reached and the optimization hasn't converged yet.
  warnings.warn(
/data/home/rtabares/anaconda3/envs/pyth3.12/lib/python3.12/site-packages/sklearn/neural_network/_multilayer_perceptron.py:691: ConvergenceWarning: Stochastic Optimizer: Maximum iterations (50) reached and the optimization hasn't converged yet.
  warnings.warn(
/data/home/rtabares/anaconda3/envs/pyth3.12/lib/python3.12/site-packages/sklearn/neural_network/_multilayer_perceptron.py:691: ConvergenceWarning: Stochastic Optimizer: Maximum iterations (50) reached and the optimization hasn't converged yet.
  warnings.warn(
[I 2025-05-18 17:41:57,553] Trial 7 finished with value: 1.0 and parameters: {'hidden_layer_sizes': (100,), 'max_iter': 50, 'alpha': 0.0001}. Best is trial 0 with value: 1.0.
[I 2025-05-18 17:41:57,621] Trial 8 finished with value: 1.0 and parameters: {'hidden_layer_sizes': (200,), 'max_iter': 100, 'alpha': 0.0001}. Best is trial 0 with value: 1.0.
[I 2025-05-18 17:41:57,707] Trial 9 finished with value: 1.0 and parameters: {'hidden_layer_sizes': (200,), 'max_iter': 50, 'alpha': 0.0001}. Best is trial 0 with value: 1.0.
[I 2025-05-18 17:42:07,413] A new study created in memory with name: naive_bayes
Parámetros guardados en checkpoint_default_Dlatent_G/lc/IPC_59/best_models_lc_seed_7_space_latent/mlp_best_params.json


>>> Optuna tuning naive_bayes metodo lc IPC 59 seed 7


[I 2025-05-18 17:42:08,195] Trial 0 finished with value: 0.9825757575757574 and parameters: {'var_smoothing': 1.4210736239935712e-10}. Best is trial 0 with value: 0.9825757575757574.
[I 2025-05-18 17:42:09,629] Trial 1 finished with value: 0.9825757575757574 and parameters: {'var_smoothing': 3.629422978396398e-09}. Best is trial 0 with value: 0.9825757575757574.
[I 2025-05-18 17:42:09,642] Trial 2 finished with value: 0.9825757575757574 and parameters: {'var_smoothing': 7.530407234027127e-10}. Best is trial 0 with value: 0.9825757575757574.
[I 2025-05-18 17:42:10,673] Trial 3 finished with value: 0.9825757575757574 and parameters: {'var_smoothing': 2.7985325053380072e-09}. Best is trial 0 with value: 0.9825757575757574.
[I 2025-05-18 17:42:10,697] Trial 4 finished with value: 0.9825757575757574 and parameters: {'var_smoothing': 9.036058293737187e-09}. Best is trial 0 with value: 0.9825757575757574.
[I 2025-05-18 17:42:10,721] Trial 5 finished with value: 0.9825757575757574 and parameters: {'var_smoothing': 1.1939653980558784e-09}. Best is trial 0 with value: 0.9825757575757574.
[I 2025-05-18 17:42:10,745] Trial 6 finished with value: 0.9825757575757574 and parameters: {'var_smoothing': 1.005173261185167e-09}. Best is trial 0 with value: 0.9825757575757574.
[I 2025-05-18 17:42:10,780] Trial 7 finished with value: 0.9825757575757574 and parameters: {'var_smoothing': 1.393484899105757e-10}. Best is trial 0 with value: 0.9825757575757574.
[I 2025-05-18 17:42:10,804] Trial 8 finished with value: 0.9825757575757574 and parameters: {'var_smoothing': 3.4425317961147986e-10}. Best is trial 0 with value: 0.9825757575757574.
[I 2025-05-18 17:42:10,817] Trial 9 finished with value: 0.9825757575757574 and parameters: {'var_smoothing': 9.994590426751933e-10}. Best is trial 0 with value: 0.9825757575757574.
/data/home/rtabares/anaconda3/envs/pyth3.12/lib/python3.12/site-packages/xgboost/core.py:377: FutureWarning: Your system has an old version of glibc (< 2.28). We will stop supporting Linux distros with glibc older than 2.28 after **May 31, 2025**. Please upgrade to a recent Linux distro (with glibc >= 2.28) to use future versions of XGBoost.
Note: You have installed the 'manylinux2014' variant of XGBoost. Certain features such as GPU algorithms or federated learning are not available. To use these features, please upgrade to a recent Linux distro with glibc 2.28+, and install the 'manylinux_2_28' variant.
  warnings.warn(
[I 2025-05-18 17:42:18,742] A new study created in memory with name: knn
Parámetros guardados en checkpoint_default_Dlatent_G/lc/IPC_59/best_models_lc_seed_7_space_latent/naive_bayes_best_params.json


>>> Optuna tuning knn metodo lc IPC 59 seed 7


[I 2025-05-18 17:42:20,360] Trial 0 finished with value: 1.0 and parameters: {'n_neighbors': 3, 'leaf_size': 36, 'p': 2}. Best is trial 0 with value: 1.0.
[I 2025-05-18 17:42:21,234] Trial 1 finished with value: 1.0 and parameters: {'n_neighbors': 10, 'leaf_size': 31, 'p': 1}. Best is trial 0 with value: 1.0.
[I 2025-05-18 17:42:21,279] Trial 2 finished with value: 1.0 and parameters: {'n_neighbors': 5, 'leaf_size': 30, 'p': 2}. Best is trial 0 with value: 1.0.
[I 2025-05-18 17:42:21,353] Trial 3 finished with value: 1.0 and parameters: {'n_neighbors': 6, 'leaf_size': 21, 'p': 2}. Best is trial 0 with value: 1.0.
[I 2025-05-18 17:42:21,446] Trial 4 finished with value: 1.0 and parameters: {'n_neighbors': 4, 'leaf_size': 29, 'p': 1}. Best is trial 0 with value: 1.0.
[I 2025-05-18 17:42:21,531] Trial 5 finished with value: 1.0 and parameters: {'n_neighbors': 7, 'leaf_size': 39, 'p': 2}. Best is trial 0 with value: 1.0.
[I 2025-05-18 17:42:21,588] Trial 6 finished with value: 1.0 and parameters: {'n_neighbors': 10, 'leaf_size': 22, 'p': 2}. Best is trial 0 with value: 1.0.
[I 2025-05-18 17:42:21,674] Trial 7 finished with value: 1.0 and parameters: {'n_neighbors': 8, 'leaf_size': 29, 'p': 2}. Best is trial 0 with value: 1.0.
[I 2025-05-18 17:42:21,739] Trial 8 finished with value: 1.0 and parameters: {'n_neighbors': 5, 'leaf_size': 30, 'p': 2}. Best is trial 0 with value: 1.0.
