[I 2025-05-26 03:26:51,326] Trial 15 finished with value: 0.25 and parameters: {'hidden_layer_sizes': (200,), 'max_iter': 100, 'alpha': 0.001}. Best is trial 6 with value: 0.3.
/data/home/rtabares/anaconda3/envs/pyth3.12/lib/python3.12/site-packages/sklearn/neural_network/_multilayer_perceptron.py:691: ConvergenceWarning: Stochastic Optimizer: Maximum iterations (100) reached and the optimization hasn't converged yet.
  warnings.warn(
/data/home/rtabares/anaconda3/envs/pyth3.12/lib/python3.12/site-packages/sklearn/neural_network/_multilayer_perceptron.py:691: ConvergenceWarning: Stochastic Optimizer: Maximum iterations (100) reached and the optimization hasn't converged yet.
  warnings.warn(
/data/home/rtabares/anaconda3/envs/pyth3.12/lib/python3.12/site-packages/sklearn/neural_network/_multilayer_perceptron.py:691: ConvergenceWarning: Stochastic Optimizer: Maximum iterations (100) reached and the optimization hasn't converged yet.
  warnings.warn(
[I 2025-05-26 03:26:51,403] Trial 16 finished with value: 0.25 and parameters: {'hidden_layer_sizes': (100,), 'max_iter': 100, 'alpha': 0.001}. Best is trial 6 with value: 0.3.
/data/home/rtabares/anaconda3/envs/pyth3.12/lib/python3.12/site-packages/sklearn/neural_network/_multilayer_perceptron.py:691: ConvergenceWarning: Stochastic Optimizer: Maximum iterations (100) reached and the optimization hasn't converged yet.
  warnings.warn(
/data/home/rtabares/anaconda3/envs/pyth3.12/lib/python3.12/site-packages/sklearn/neural_network/_multilayer_perceptron.py:691: ConvergenceWarning: Stochastic Optimizer: Maximum iterations (100) reached and the optimization hasn't converged yet.
  warnings.warn(
/data/home/rtabares/anaconda3/envs/pyth3.12/lib/python3.12/site-packages/sklearn/neural_network/_multilayer_perceptron.py:691: ConvergenceWarning: Stochastic Optimizer: Maximum iterations (100) reached and the optimization hasn't converged yet.
  warnings.warn(
/data/home/rtabares/anaconda3/envs/pyth3.12/lib/python3.12/site-packages/sklearn/neural_network/_multilayer_perceptron.py:691: ConvergenceWarning: Stochastic Optimizer: Maximum iterations (100) reached and the optimization hasn't converged yet.
  warnings.warn(
/data/home/rtabares/anaconda3/envs/pyth3.12/lib/python3.12/site-packages/sklearn/neural_network/_multilayer_perceptron.py:691: ConvergenceWarning: Stochastic Optimizer: Maximum iterations (100) reached and the optimization hasn't converged yet.
  warnings.warn(
[I 2025-05-26 03:26:51,471] Trial 17 finished with value: 0.3 and parameters: {'hidden_layer_sizes': (100,), 'max_iter': 100, 'alpha': 0.0001}. Best is trial 6 with value: 0.3.
/data/home/rtabares/anaconda3/envs/pyth3.12/lib/python3.12/site-packages/sklearn/neural_network/_multilayer_perceptron.py:691: ConvergenceWarning: Stochastic Optimizer: Maximum iterations (50) reached and the optimization hasn't converged yet.
  warnings.warn(
/data/home/rtabares/anaconda3/envs/pyth3.12/lib/python3.12/site-packages/sklearn/neural_network/_multilayer_perceptron.py:691: ConvergenceWarning: Stochastic Optimizer: Maximum iterations (50) reached and the optimization hasn't converged yet.
  warnings.warn(
/data/home/rtabares/anaconda3/envs/pyth3.12/lib/python3.12/site-packages/sklearn/neural_network/_multilayer_perceptron.py:691: ConvergenceWarning: Stochastic Optimizer: Maximum iterations (50) reached and the optimization hasn't converged yet.
  warnings.warn(
[I 2025-05-26 03:26:51,539] Trial 18 finished with value: 0.2 and parameters: {'hidden_layer_sizes': (200,), 'max_iter': 50, 'alpha': 0.0001}. Best is trial 6 with value: 0.3.
/data/home/rtabares/anaconda3/envs/pyth3.12/lib/python3.12/site-packages/sklearn/neural_network/_multilayer_perceptron.py:691: ConvergenceWarning: Stochastic Optimizer: Maximum iterations (100) reached and the optimization hasn't converged yet.
  warnings.warn(
/data/home/rtabares/anaconda3/envs/pyth3.12/lib/python3.12/site-packages/sklearn/neural_network/_multilayer_perceptron.py:691: ConvergenceWarning: Stochastic Optimizer: Maximum iterations (100) reached and the optimization hasn't converged yet.
  warnings.warn(
/data/home/rtabares/anaconda3/envs/pyth3.12/lib/python3.12/site-packages/sklearn/neural_network/_multilayer_perceptron.py:691: ConvergenceWarning: Stochastic Optimizer: Maximum iterations (100) reached and the optimization hasn't converged yet.
  warnings.warn(
/data/home/rtabares/anaconda3/envs/pyth3.12/lib/python3.12/site-packages/sklearn/neural_network/_multilayer_perceptron.py:691: ConvergenceWarning: Stochastic Optimizer: Maximum iterations (100) reached and the optimization hasn't converged yet.
  warnings.warn(
/data/home/rtabares/anaconda3/envs/pyth3.12/lib/python3.12/site-packages/sklearn/neural_network/_multilayer_perceptron.py:691: ConvergenceWarning: Stochastic Optimizer: Maximum iterations (100) reached and the optimization hasn't converged yet.
  warnings.warn(
[I 2025-05-26 03:26:51,626] Trial 19 finished with value: 0.25 and parameters: {'hidden_layer_sizes': (100, 100), 'max_iter': 100, 'alpha': 0.001}. Best is trial 6 with value: 0.3.
/data/home/rtabares/anaconda3/envs/pyth3.12/lib/python3.12/site-packages/xgboost/core.py:377: FutureWarning: Your system has an old version of glibc (< 2.28). We will stop supporting Linux distros with glibc older than 2.28 after **May 31, 2025**. Please upgrade to a recent Linux distro (with glibc >= 2.28) to use future versions of XGBoost.
Note: You have installed the 'manylinux2014' variant of XGBoost. Certain features such as GPU algorithms or federated learning are not available. To use these features, please upgrade to a recent Linux distro with glibc 2.28+, and install the 'manylinux_2_28' variant.
  warnings.warn(
[I 2025-05-26 03:26:55,119] A new study created in memory with name: naive_bayes
Parámetros guardados en checkpoint_default_Dlatent_ft_H/k-means/IPC_10/best_models_k-means_seed_6_space_latent/mlp_best_params.json


>>> Optuna tuning naive_bayes metodo k-means IPC 10 seed 6


[I 2025-05-26 03:26:56,934] Trial 0 finished with value: 0.5 and parameters: {'var_smoothing': 6.10548688762798e-09}. Best is trial 0 with value: 0.5.
[I 2025-05-26 03:26:57,081] Trial 1 finished with value: 0.5 and parameters: {'var_smoothing': 4.6127467400935034e-10}. Best is trial 0 with value: 0.5.
[I 2025-05-26 03:26:57,110] Trial 2 finished with value: 0.5 and parameters: {'var_smoothing': 4.389936579400967e-09}. Best is trial 0 with value: 0.5.
[I 2025-05-26 03:26:57,134] Trial 3 finished with value: 0.5 and parameters: {'var_smoothing': 1.2116948204672054e-10}. Best is trial 0 with value: 0.5.
[I 2025-05-26 03:26:57,159] Trial 4 finished with value: 0.5 and parameters: {'var_smoothing': 1.6417739478477417e-10}. Best is trial 0 with value: 0.5.
[I 2025-05-26 03:26:57,173] Trial 5 finished with value: 0.5 and parameters: {'var_smoothing': 1.5491880147236797e-09}. Best is trial 0 with value: 0.5.
[I 2025-05-26 03:26:57,187] Trial 6 finished with value: 0.5 and parameters: {'var_smoothing': 1.1471883405287265e-09}. Best is trial 0 with value: 0.5.
[I 2025-05-26 03:26:57,210] Trial 7 finished with value: 0.5 and parameters: {'var_smoothing': 6.88041853492358e-10}. Best is trial 0 with value: 0.5.
[I 2025-05-26 03:26:57,224] Trial 8 finished with value: 0.5 and parameters: {'var_smoothing': 4.686144741221158e-10}. Best is trial 0 with value: 0.5.
[I 2025-05-26 03:26:57,237] Trial 9 finished with value: 0.5 and parameters: {'var_smoothing': 1.7580809350683337e-09}. Best is trial 0 with value: 0.5.
[I 2025-05-26 03:26:57,254] Trial 10 finished with value: 0.5 and parameters: {'var_smoothing': 9.83902635509218e-09}. Best is trial 0 with value: 0.5.
[I 2025-05-26 03:26:57,924] Trial 11 finished with value: 0.5 and parameters: {'var_smoothing': 2.660399871603373e-10}. Best is trial 0 with value: 0.5.
[I 2025-05-26 03:26:58,658] Trial 12 finished with value: 0.5 and parameters: {'var_smoothing': 9.276268851540963e-09}. Best is trial 0 with value: 0.5.
[I 2025-05-26 03:26:58,677] Trial 13 finished with value: 0.5 and parameters: {'var_smoothing': 2.9844010685221692e-09}. Best is trial 0 with value: 0.5.
[I 2025-05-26 03:26:58,693] Trial 14 finished with value: 0.5 and parameters: {'var_smoothing': 3.8923309717334116e-10}. Best is trial 0 with value: 0.5.
[I 2025-05-26 03:26:58,710] Trial 15 finished with value: 0.5 and parameters: {'var_smoothing': 3.85461066627204e-09}. Best is trial 0 with value: 0.5.
[I 2025-05-26 03:26:58,730] Trial 16 finished with value: 0.5 and parameters: {'var_smoothing': 7.120907275009211e-10}. Best is trial 0 with value: 0.5.
[I 2025-05-26 03:26:58,751] Trial 17 finished with value: 0.5 and parameters: {'var_smoothing': 2.412486610614855e-10}. Best is trial 0 with value: 0.5.
[I 2025-05-26 03:26:58,772] Trial 18 finished with value: 0.5 and parameters: {'var_smoothing': 2.3580860166954074e-09}. Best is trial 0 with value: 0.5.
[I 2025-05-26 03:26:58,792] Trial 19 finished with value: 0.5 and parameters: {'var_smoothing': 5.846846875339535e-09}. Best is trial 0 with value: 0.5.
/data/home/rtabares/anaconda3/envs/pyth3.12/lib/python3.12/site-packages/xgboost/core.py:377: FutureWarning: Your system has an old version of glibc (< 2.28). We will stop supporting Linux distros with glibc older than 2.28 after **May 31, 2025**. Please upgrade to a recent Linux distro (with glibc >= 2.28) to use future versions of XGBoost.
Note: You have installed the 'manylinux2014' variant of XGBoost. Certain features such as GPU algorithms or federated learning are not available. To use these features, please upgrade to a recent Linux distro with glibc 2.28+, and install the 'manylinux_2_28' variant.
  warnings.warn(
[I 2025-05-26 03:27:01,872] A new study created in memory with name: knn
Parámetros guardados en checkpoint_default_Dlatent_ft_H/k-means/IPC_10/best_models_k-means_seed_6_space_latent/naive_bayes_best_params.json


>>> Optuna tuning knn metodo k-means IPC 10 seed 6


[I 2025-05-26 03:27:03,181] Trial 0 finished with value: 0.4 and parameters: {'n_neighbors': 10, 'leaf_size': 26, 'p': 1}. Best is trial 0 with value: 0.4.
[I 2025-05-26 03:27:03,275] Trial 1 finished with value: 0.25 and parameters: {'n_neighbors': 3, 'leaf_size': 32, 'p': 1}. Best is trial 0 with value: 0.4.
[I 2025-05-26 03:27:03,333] Trial 2 finished with value: 0.2 and parameters: {'n_neighbors': 5, 'leaf_size': 33, 'p': 2}. Best is trial 0 with value: 0.4.
[I 2025-05-26 03:27:04,140] Trial 3 finished with value: 0.3 and parameters: {'n_neighbors': 7, 'leaf_size': 32, 'p': 2}. Best is trial 0 with value: 0.4.
[I 2025-05-26 03:27:04,217] Trial 4 finished with value: 0.4 and parameters: {'n_neighbors': 9, 'leaf_size': 28, 'p': 1}. Best is trial 0 with value: 0.4.
[I 2025-05-26 03:27:04,273] Trial 5 finished with value: 0.25 and parameters: {'n_neighbors': 3, 'leaf_size': 35, 'p': 1}. Best is trial 0 with value: 0.4.
[I 2025-05-26 03:27:04,359] Trial 6 finished with value: 0.4 and parameters: {'n_neighbors': 8, 'leaf_size': 31, 'p': 2}. Best is trial 0 with value: 0.4.
[I 2025-05-26 03:27:04,424] Trial 7 finished with value: 0.35 and parameters: {'n_neighbors': 6, 'leaf_size': 24, 'p': 2}. Best is trial 0 with value: 0.4.
[I 2025-05-26 03:27:04,511] Trial 8 finished with value: 0.2 and parameters: {'n_neighbors': 5, 'leaf_size': 34, 'p': 2}. Best is trial 0 with value: 0.4.
[I 2025-05-26 03:27:04,587] Trial 9 finished with value: 0.5 and parameters: {'n_neighbors': 10, 'leaf_size': 27, 'p': 2}. Best is trial 9 with value: 0.5.
[I 2025-05-26 03:27:04,684] Trial 10 finished with value: 0.5 and parameters: {'n_neighbors': 10, 'leaf_size': 20, 'p': 2}. Best is trial 9 with value: 0.5.
[I 2025-05-26 03:27:04,731] Trial 11 finished with value: 0.5 and parameters: {'n_neighbors': 10, 'leaf_size': 20, 'p': 2}. Best is trial 9 with value: 0.5.
[I 2025-05-26 03:27:05,537] Trial 12 finished with value: 0.4 and parameters: {'n_neighbors': 9, 'leaf_size': 40, 'p': 2}. Best is trial 9 with value: 0.5.
[I 2025-05-26 03:27:05,566] Trial 13 finished with value: 0.4 and parameters: {'n_neighbors': 8, 'leaf_size': 20, 'p': 2}. Best is trial 9 with value: 0.5.
[I 2025-05-26 03:27:05,590] Trial 14 finished with value: 0.5 and parameters: {'n_neighbors': 10, 'leaf_size': 24, 'p': 2}. Best is trial 9 with value: 0.5.
[I 2025-05-26 03:27:05,615] Trial 15 finished with value: 0.4 and parameters: {'n_neighbors': 9, 'leaf_size': 23, 'p': 2}. Best is trial 9 with value: 0.5.
[I 2025-05-26 03:27:06,458] Trial 16 finished with value: 0.4 and parameters: {'n_neighbors': 8, 'leaf_size': 29, 'p': 2}. Best is trial 9 with value: 0.5.
[I 2025-05-26 03:27:06,494] Trial 17 finished with value: 0.3 and parameters: {'n_neighbors': 7, 'leaf_size': 37, 'p': 2}. Best is trial 9 with value: 0.5.
[I 2025-05-26 03:27:06,520] Trial 18 finished with value: 0.4 and parameters: {'n_neighbors': 10, 'leaf_size': 22, 'p': 1}. Best is trial 9 with value: 0.5.
[I 2025-05-26 03:27:06,547] Trial 19 finished with value: 0.4 and parameters: {'n_neighbors': 9, 'leaf_size': 27, 'p': 2}. Best is trial 9 with value: 0.5.
/data/home/rtabares/anaconda3/envs/pyth3.12/lib/python3.12/site-packages/xgboost/core.py:377: FutureWarning: Your system has an old version of glibc (< 2.28). We will stop supporting Linux distros with glibc older than 2.28 after **May 31, 2025**. Please upgrade to a recent Linux distro (with glibc >= 2.28) to use future versions of XGBoost.
Note: You have installed the 'manylinux2014' variant of XGBoost. Certain features such as GPU algorithms or federated learning are not available. To use these features, please upgrade to a recent Linux distro with glibc 2.28+, and install the 'manylinux_2_28' variant.
  warnings.warn(
/data/home/rtabares/anaconda3/envs/pyth3.12/lib/python3.12/site-packages/xgboost/core.py:377: FutureWarning: Your system has an old version of glibc (< 2.28). We will stop supporting Linux distros with glibc older than 2.28 after **May 31, 2025**. Please upgrade to a recent Linux distro (with glibc >= 2.28) to use future versions of XGBoost.
Note: You have installed the 'manylinux2014' variant of XGBoost. Certain features such as GPU algorithms or federated learning are not available. To use these features, please upgrade to a recent Linux distro with glibc 2.28+, and install the 'manylinux_2_28' variant.
  warnings.warn(
[I 2025-05-26 03:27:09,275] A new study created in memory with name: xgb
Parámetros guardados en checkpoint_default_Dlatent_ft_H/k-means/IPC_10/best_models_k-means_seed_6_space_latent/knn_best_params.json


>>> Optuna tuning xgb metodo k-means IPC 10 seed 6


/data/home/rtabares/anaconda3/envs/pyth3.12/lib/python3.12/site-packages/xgboost/core.py:377: FutureWarning: Your system has an old version of glibc (< 2.28). We will stop supporting Linux distros with glibc older than 2.28 after **May 31, 2025**. Please upgrade to a recent Linux distro (with glibc >= 2.28) to use future versions of XGBoost.
Note: You have installed the 'manylinux2014' variant of XGBoost. Certain features such as GPU algorithms or federated learning are not available. To use these features, please upgrade to a recent Linux distro with glibc 2.28+, and install the 'manylinux_2_28' variant.
  warnings.warn(
/data/home/rtabares/anaconda3/envs/pyth3.12/lib/python3.12/site-packages/xgboost/core.py:377: FutureWarning: Your system has an old version of glibc (< 2.28). We will stop supporting Linux distros with glibc older than 2.28 after **May 31, 2025**. Please upgrade to a recent Linux distro (with glibc >= 2.28) to use future versions of XGBoost.
Note: You have installed the 'manylinux2014' variant of XGBoost. Certain features such as GPU algorithms or federated learning are not available. To use these features, please upgrade to a recent Linux distro with glibc 2.28+, and install the 'manylinux_2_28' variant.
  warnings.warn(
[I 2025-05-26 03:27:11,659] Trial 0 finished with value: 0.65 and parameters: {'n_estimators': 10, 'max_depth': 30, 'gamma': 0.5768356259735394, 'subsample': 0.7094037142783272, 'colsample_bytree': 0.6677039246366646}. Best is trial 0 with value: 0.65.
/data/home/rtabares/anaconda3/envs/pyth3.12/lib/python3.12/site-packages/xgboost/core.py:377: FutureWarning: Your system has an old version of glibc (< 2.28). We will stop supporting Linux distros with glibc older than 2.28 after **May 31, 2025**. Please upgrade to a recent Linux distro (with glibc >= 2.28) to use future versions of XGBoost.
Note: You have installed the 'manylinux2014' variant of XGBoost. Certain features such as GPU algorithms or federated learning are not available. To use these features, please upgrade to a recent Linux distro with glibc 2.28+, and install the 'manylinux_2_28' variant.
  warnings.warn(
/data/home/rtabares/anaconda3/envs/pyth3.12/lib/python3.12/site-packages/xgboost/core.py:377: FutureWarning: Your system has an old version of glibc (< 2.28). We will stop supporting Linux distros with glibc older than 2.28 after **May 31, 2025**. Please upgrade to a recent Linux distro (with glibc >= 2.28) to use future versions of XGBoost.
Note: You have installed the 'manylinux2014' variant of XGBoost. Certain features such as GPU algorithms or federated learning are not available. To use these features, please upgrade to a recent Linux distro with glibc 2.28+, and install the 'manylinux_2_28' variant.
  warnings.warn(
/data/home/rtabares/anaconda3/envs/pyth3.12/lib/python3.12/site-packages/xgboost/core.py:377: FutureWarning: Your system has an old version of glibc (< 2.28). We will stop supporting Linux distros with glibc older than 2.28 after **May 31, 2025**. Please upgrade to a recent Linux distro (with glibc >= 2.28) to use future versions of XGBoost.
Note: You have installed the 'manylinux2014' variant of XGBoost. Certain features such as GPU algorithms or federated learning are not available. To use these features, please upgrade to a recent Linux distro with glibc 2.28+, and install the 'manylinux_2_28' variant.
  warnings.warn(
[I 2025-05-26 03:27:11,952] Trial 1 finished with value: 0.6 and parameters: {'n_estimators': 100, 'max_depth': 30, 'gamma': 0.9912018442360747, 'subsample': 0.9099290984609207, 'colsample_bytree': 0.7066004674080903}. Best is trial 0 with value: 0.65.
/data/home/rtabares/anaconda3/envs/pyth3.12/lib/python3.12/site-packages/xgboost/core.py:377: FutureWarning: Your system has an old version of glibc (< 2.28). We will stop supporting Linux distros with glibc older than 2.28 after **May 31, 2025**. Please upgrade to a recent Linux distro (with glibc >= 2.28) to use future versions of XGBoost.
Note: You have installed the 'manylinux2014' variant of XGBoost. Certain features such as GPU algorithms or federated learning are not available. To use these features, please upgrade to a recent Linux distro with glibc 2.28+, and install the 'manylinux_2_28' variant.
  warnings.warn(
/data/home/rtabares/anaconda3/envs/pyth3.12/lib/python3.12/site-packages/xgboost/core.py:377: FutureWarning: Your system has an old version of glibc (< 2.28). We will stop supporting Linux distros with glibc older than 2.28 after **May 31, 2025**. Please upgrade to a recent Linux distro (with glibc >= 2.28) to use future versions of XGBoost.
Note: You have installed the 'manylinux2014' variant of XGBoost. Certain features such as GPU algorithms or federated learning are not available. To use these features, please upgrade to a recent Linux distro with glibc 2.28+, and install the 'manylinux_2_28' variant.
  warnings.warn(
[I 2025-05-26 03:27:11,993] Trial 2 finished with value: 0.6 and parameters: {'n_estimators': 10, 'max_depth': 20, 'gamma': 0.7382185757030506, 'subsample': 0.7704684271512641, 'colsample_bytree': 0.5624120871903049}. Best is trial 0 with value: 0.65.
/data/home/rtabares/anaconda3/envs/pyth3.12/lib/python3.12/site-packages/xgboost/core.py:377: FutureWarning: Your system has an old version of glibc (< 2.28). We will stop supporting Linux distros with glibc older than 2.28 after **May 31, 2025**. Please upgrade to a recent Linux distro (with glibc >= 2.28) to use future versions of XGBoost.
Note: You have installed the 'manylinux2014' variant of XGBoost. Certain features such as GPU algorithms or federated learning are not available. To use these features, please upgrade to a recent Linux distro with glibc 2.28+, and install the 'manylinux_2_28' variant.
  warnings.warn(
