[I 2025-05-26 03:40:22,479] Trial 17 finished with value: 0.7 and parameters: {'n_estimators': 40, 'max_depth': 30, 'gamma': 0.19899030848006485, 'subsample': 0.7341683466320832, 'colsample_bytree': 0.5881755218186752}. Best is trial 10 with value: 0.85.
/data/home/rtabares/anaconda3/envs/pyth3.12/lib/python3.12/site-packages/xgboost/core.py:377: FutureWarning: Your system has an old version of glibc (< 2.28). We will stop supporting Linux distros with glibc older than 2.28 after **May 31, 2025**. Please upgrade to a recent Linux distro (with glibc >= 2.28) to use future versions of XGBoost.
Note: You have installed the 'manylinux2014' variant of XGBoost. Certain features such as GPU algorithms or federated learning are not available. To use these features, please upgrade to a recent Linux distro with glibc 2.28+, and install the 'manylinux_2_28' variant.
  warnings.warn(
[I 2025-05-26 03:40:23,143] Trial 18 finished with value: 0.7 and parameters: {'n_estimators': 40, 'max_depth': 30, 'gamma': 0.36549326846243935, 'subsample': 0.5640325075745118, 'colsample_bytree': 0.8240459457039855}. Best is trial 10 with value: 0.85.
[I 2025-05-26 03:40:23,183] Trial 19 finished with value: 0.7 and parameters: {'n_estimators': 40, 'max_depth': 30, 'gamma': 0.1765337298441179, 'subsample': 0.6084286223622751, 'colsample_bytree': 0.7007773720378611}. Best is trial 10 with value: 0.85.
[I 2025-05-26 03:40:25,212] A new study created in memory with name: rf
[I 2025-05-26 03:40:28,405] Trial 0 finished with value: 0.5 and parameters: {'n_estimators': 130, 'max_depth': 17, 'min_samples_split': 5, 'min_samples_leaf': 8}. Best is trial 0 with value: 0.5.
Parámetros guardados en checkpoint_adult_Dlatent_G/random/IPC_10/best_models_random_seed_7_space_original/xgb_best_params.json


>>> Optuna tuning rf metodo random IPC 10 seed 7


[I 2025-05-26 03:40:29,320] Trial 1 finished with value: 0.85 and parameters: {'n_estimators': 492, 'max_depth': 12, 'min_samples_split': 6, 'min_samples_leaf': 1}. Best is trial 1 with value: 0.85.
[I 2025-05-26 03:40:29,631] Trial 2 finished with value: 0.5 and parameters: {'n_estimators': 207, 'max_depth': 11, 'min_samples_split': 8, 'min_samples_leaf': 9}. Best is trial 1 with value: 0.85.
[I 2025-05-26 03:40:29,971] Trial 3 finished with value: 0.5 and parameters: {'n_estimators': 252, 'max_depth': 4, 'min_samples_split': 4, 'min_samples_leaf': 10}. Best is trial 1 with value: 0.85.
[I 2025-05-26 03:40:30,239] Trial 4 finished with value: 0.85 and parameters: {'n_estimators': 185, 'max_depth': 11, 'min_samples_split': 10, 'min_samples_leaf': 1}. Best is trial 1 with value: 0.85.
[I 2025-05-26 03:40:30,659] Trial 5 finished with value: 0.45 and parameters: {'n_estimators': 340, 'max_depth': 20, 'min_samples_split': 4, 'min_samples_leaf': 6}. Best is trial 1 with value: 0.85.
[I 2025-05-26 03:40:31,182] Trial 6 finished with value: 0.5 and parameters: {'n_estimators': 464, 'max_depth': 5, 'min_samples_split': 6, 'min_samples_leaf': 8}. Best is trial 1 with value: 0.85.
[I 2025-05-26 03:40:31,603] Trial 7 finished with value: 0.75 and parameters: {'n_estimators': 368, 'max_depth': 11, 'min_samples_split': 3, 'min_samples_leaf': 5}. Best is trial 1 with value: 0.85.
[I 2025-05-26 03:40:31,981] Trial 8 finished with value: 0.5 and parameters: {'n_estimators': 249, 'max_depth': 11, 'min_samples_split': 5, 'min_samples_leaf': 9}. Best is trial 1 with value: 0.85.
[I 2025-05-26 03:40:32,444] Trial 9 finished with value: 0.8 and parameters: {'n_estimators': 408, 'max_depth': 8, 'min_samples_split': 7, 'min_samples_leaf': 3}. Best is trial 1 with value: 0.85.
[I 2025-05-26 03:40:33,033] Trial 10 finished with value: 0.85 and parameters: {'n_estimators': 479, 'max_depth': 15, 'min_samples_split': 2, 'min_samples_leaf': 1}. Best is trial 1 with value: 0.85.
[I 2025-05-26 03:40:33,247] Trial 11 finished with value: 0.8 and parameters: {'n_estimators': 124, 'max_depth': 15, 'min_samples_split': 10, 'min_samples_leaf': 1}. Best is trial 1 with value: 0.85.
[I 2025-05-26 03:40:34,116] Trial 12 finished with value: 0.75 and parameters: {'n_estimators': 180, 'max_depth': 7, 'min_samples_split': 10, 'min_samples_leaf': 3}. Best is trial 1 with value: 0.85.
[I 2025-05-26 03:40:35,199] Trial 13 finished with value: 0.85 and parameters: {'n_estimators': 300, 'max_depth': 14, 'min_samples_split': 8, 'min_samples_leaf': 3}. Best is trial 1 with value: 0.85.
[I 2025-05-26 03:40:35,685] Trial 14 finished with value: 0.85 and parameters: {'n_estimators': 424, 'max_depth': 8, 'min_samples_split': 8, 'min_samples_leaf': 1}. Best is trial 1 with value: 0.85.
[I 2025-05-26 03:40:35,963] Trial 15 finished with value: 0.65 and parameters: {'n_estimators': 191, 'max_depth': 12, 'min_samples_split': 9, 'min_samples_leaf': 5}. Best is trial 1 with value: 0.85.
[I 2025-05-26 03:40:36,374] Trial 16 finished with value: 0.8 and parameters: {'n_estimators': 295, 'max_depth': 18, 'min_samples_split': 6, 'min_samples_leaf': 2}. Best is trial 1 with value: 0.85.
[I 2025-05-26 03:40:36,877] Trial 17 finished with value: 0.75 and parameters: {'n_estimators': 380, 'max_depth': 13, 'min_samples_split': 7, 'min_samples_leaf': 4}. Best is trial 1 with value: 0.85.
[I 2025-05-26 03:40:37,251] Trial 18 finished with value: 0.85 and parameters: {'n_estimators': 242, 'max_depth': 9, 'min_samples_split': 9, 'min_samples_leaf': 2}. Best is trial 1 with value: 0.85.
[I 2025-05-26 03:40:37,542] Trial 19 finished with value: 0.5 and parameters: {'n_estimators': 160, 'max_depth': 6, 'min_samples_split': 7, 'min_samples_leaf': 6}. Best is trial 1 with value: 0.85.
[I 2025-05-26 03:40:40,526] A new study created in memory with name: svc
Parámetros guardados en checkpoint_adult_Dlatent_G/random/IPC_10/best_models_random_seed_7_space_original/rf_best_params.json


>>> Optuna tuning svc metodo random IPC 10 seed 7


[I 2025-05-26 03:40:41,758] Trial 0 finished with value: 0.8 and parameters: {'C': 0.020194502448102298, 'gamma': 0.13172711156111802}. Best is trial 0 with value: 0.8.
[I 2025-05-26 03:40:41,845] Trial 1 finished with value: 0.75 and parameters: {'C': 0.5670703311028815, 'gamma': 0.0783178418343345}. Best is trial 0 with value: 0.8.
[I 2025-05-26 03:40:41,863] Trial 2 finished with value: 0.7 and parameters: {'C': 81.65034948781698, 'gamma': 0.014255533717547383}. Best is trial 0 with value: 0.8.
[I 2025-05-26 03:40:41,878] Trial 3 finished with value: 0.8 and parameters: {'C': 1.0103732850016278, 'gamma': 0.00019418001640357854}. Best is trial 0 with value: 0.8.
[I 2025-05-26 03:40:41,892] Trial 4 finished with value: 0.8 and parameters: {'C': 0.11851025167261421, 'gamma': 0.00998918377985214}. Best is trial 0 with value: 0.8.
[I 2025-05-26 03:40:41,917] Trial 5 finished with value: 0.7 and parameters: {'C': 5.2109869371584665, 'gamma': 0.16404241128227343}. Best is trial 0 with value: 0.8.
[I 2025-05-26 03:40:41,931] Trial 6 finished with value: 0.8 and parameters: {'C': 0.3340138940215422, 'gamma': 0.00018354619576988685}. Best is trial 0 with value: 0.8.
[I 2025-05-26 03:40:41,945] Trial 7 finished with value: 0.65 and parameters: {'C': 0.1420961781588805, 'gamma': 0.434884682155233}. Best is trial 0 with value: 0.8.
[I 2025-05-26 03:40:41,970] Trial 8 finished with value: 0.8 and parameters: {'C': 0.07137422643361827, 'gamma': 0.006434219125545069}. Best is trial 0 with value: 0.8.
[I 2025-05-26 03:40:41,985] Trial 9 finished with value: 0.8 and parameters: {'C': 53.066944048916255, 'gamma': 0.00012577574840733457}. Best is trial 0 with value: 0.8.
[I 2025-05-26 03:40:42,006] Trial 10 finished with value: 0.8 and parameters: {'C': 0.03640440383641323, 'gamma': 0.001366002544888146}. Best is trial 0 with value: 0.8.
[I 2025-05-26 03:40:42,030] Trial 11 finished with value: 0.8 and parameters: {'C': 3.417708677644925, 'gamma': 0.0010286859095285682}. Best is trial 0 with value: 0.8.
[I 2025-05-26 03:40:42,728] Trial 12 finished with value: 0.7 and parameters: {'C': 2.8954467616124098, 'gamma': 0.6819150615687729}. Best is trial 0 with value: 0.8.
[I 2025-05-26 03:40:42,752] Trial 13 finished with value: 0.7 and parameters: {'C': 0.01472617724877776, 'gamma': 0.0531412074405815}. Best is trial 0 with value: 0.8.
[I 2025-05-26 03:40:42,773] Trial 14 finished with value: 0.8 and parameters: {'C': 18.36258313659839, 'gamma': 0.0007615859640847767}. Best is trial 0 with value: 0.8.
[I 2025-05-26 03:40:42,796] Trial 15 finished with value: 0.7 and parameters: {'C': 1.236087167552729, 'gamma': 0.039303677882064736}. Best is trial 0 with value: 0.8.
[I 2025-05-26 03:40:42,819] Trial 16 finished with value: 0.8 and parameters: {'C': 0.010010241954186807, 'gamma': 0.0027512835845080845}. Best is trial 0 with value: 0.8.
[I 2025-05-26 03:40:42,841] Trial 17 finished with value: 0.7 and parameters: {'C': 0.3203229225300838, 'gamma': 0.2916879908176248}. Best is trial 0 with value: 0.8.
[I 2025-05-26 03:40:42,867] Trial 18 finished with value: 0.8 and parameters: {'C': 12.038007435148087, 'gamma': 0.00043822635874631646}. Best is trial 0 with value: 0.8.
[I 2025-05-26 03:40:42,890] Trial 19 finished with value: 0.8 and parameters: {'C': 1.2983099133978708, 'gamma': 0.020393909291217066}. Best is trial 0 with value: 0.8.
[I 2025-05-26 03:40:46,623] A new study created in memory with name: logreg
Parámetros guardados en checkpoint_adult_Dlatent_G/random/IPC_10/best_models_random_seed_7_space_original/svc_best_params.json


>>> Optuna tuning logreg metodo random IPC 10 seed 7


[I 2025-05-26 03:40:47,293] Trial 0 finished with value: 0.8 and parameters: {'C': 0.002407362254570802, 'penalty': 'l2'}. Best is trial 0 with value: 0.8.
[I 2025-05-26 03:40:47,308] Trial 1 finished with value: 0.8 and parameters: {'C': 7.935859334260497, 'penalty': 'l2'}. Best is trial 0 with value: 0.8.
[I 2025-05-26 03:40:47,323] Trial 2 finished with value: 0.75 and parameters: {'C': 0.15561310098067915, 'penalty': 'l2'}. Best is trial 0 with value: 0.8.
[I 2025-05-26 03:40:48,053] Trial 3 finished with value: 0.8 and parameters: {'C': 4.143104515916128, 'penalty': 'l2'}. Best is trial 0 with value: 0.8.
[I 2025-05-26 03:40:48,079] Trial 4 finished with value: 0.7 and parameters: {'C': 77.61533923098803, 'penalty': 'l2'}. Best is trial 0 with value: 0.8.
[I 2025-05-26 03:40:48,104] Trial 5 finished with value: 0.75 and parameters: {'C': 0.49258292359934785, 'penalty': 'l2'}. Best is trial 0 with value: 0.8.
[I 2025-05-26 03:40:48,129] Trial 6 finished with value: 0.75 and parameters: {'C': 0.320333470047146, 'penalty': 'l2'}. Best is trial 0 with value: 0.8.
[I 2025-05-26 03:40:48,144] Trial 7 finished with value: 0.8 and parameters: {'C': 0.002292216671132896, 'penalty': 'l2'}. Best is trial 0 with value: 0.8.
[I 2025-05-26 03:40:48,167] Trial 8 finished with value: 0.8 and parameters: {'C': 0.0219884643872214, 'penalty': 'l2'}. Best is trial 0 with value: 0.8.
[I 2025-05-26 03:40:48,192] Trial 9 finished with value: 0.75 and parameters: {'C': 0.31580027519646636, 'penalty': 'l2'}. Best is trial 0 with value: 0.8.
[I 2025-05-26 03:40:48,225] Trial 10 finished with value: 0.8 and parameters: {'C': 0.005028545732690317, 'penalty': 'l2'}. Best is trial 0 with value: 0.8.
[I 2025-05-26 03:40:48,255] Trial 11 finished with value: 0.75 and parameters: {'C': 15.514850032264519, 'penalty': 'l2'}. Best is trial 0 with value: 0.8.
[I 2025-05-26 03:40:48,939] Trial 12 finished with value: 0.8 and parameters: {'C': 3.8533453410664578, 'penalty': 'l2'}. Best is trial 0 with value: 0.8.
[I 2025-05-26 03:40:48,971] Trial 13 finished with value: 0.8 and parameters: {'C': 0.04053444936620892, 'penalty': 'l2'}. Best is trial 0 with value: 0.8.
[I 2025-05-26 03:40:48,998] Trial 14 finished with value: 0.8 and parameters: {'C': 3.6189108554787492, 'penalty': 'l2'}. Best is trial 0 with value: 0.8.
[I 2025-05-26 03:40:49,029] Trial 15 finished with value: 0.7 and parameters: {'C': 76.85235596180026, 'penalty': 'l2'}. Best is trial 0 with value: 0.8.
[I 2025-05-26 03:40:49,058] Trial 16 finished with value: 0.8 and parameters: {'C': 0.012579852256827942, 'penalty': 'l2'}. Best is trial 0 with value: 0.8.
[I 2025-05-26 03:40:49,076] Trial 17 finished with value: 0.8 and parameters: {'C': 0.0010299038925161348, 'penalty': 'l2'}. Best is trial 0 with value: 0.8.
[I 2025-05-26 03:40:49,103] Trial 18 finished with value: 0.8 and parameters: {'C': 0.059497234598840446, 'penalty': 'l2'}. Best is trial 0 with value: 0.8.
[I 2025-05-26 03:40:49,134] Trial 19 finished with value: 0.75 and parameters: {'C': 1.326095734760134, 'penalty': 'l2'}. Best is trial 0 with value: 0.8.
/data/home/rtabares/anaconda3/envs/pyth3.12/lib/python3.12/site-packages/xgboost/core.py:377: FutureWarning: Your system has an old version of glibc (< 2.28). We will stop supporting Linux distros with glibc older than 2.28 after **May 31, 2025**. Please upgrade to a recent Linux distro (with glibc >= 2.28) to use future versions of XGBoost.
Note: You have installed the 'manylinux2014' variant of XGBoost. Certain features such as GPU algorithms or federated learning are not available. To use these features, please upgrade to a recent Linux distro with glibc 2.28+, and install the 'manylinux_2_28' variant.
  warnings.warn(
[I 2025-05-26 03:40:51,840] A new study created in memory with name: mlp
Parámetros guardados en checkpoint_adult_Dlatent_G/random/IPC_10/best_models_random_seed_7_space_original/logreg_best_params.json


>>> Optuna tuning mlp metodo random IPC 10 seed 7


/data/home/rtabares/anaconda3/envs/pyth3.12/lib/python3.12/site-packages/sklearn/neural_network/_multilayer_perceptron.py:691: ConvergenceWarning: Stochastic Optimizer: Maximum iterations (100) reached and the optimization hasn't converged yet.
  warnings.warn(
/data/home/rtabares/anaconda3/envs/pyth3.12/lib/python3.12/site-packages/sklearn/neural_network/_multilayer_perceptron.py:691: ConvergenceWarning: Stochastic Optimizer: Maximum iterations (100) reached and the optimization hasn't converged yet.
  warnings.warn(
/data/home/rtabares/anaconda3/envs/pyth3.12/lib/python3.12/site-packages/sklearn/neural_network/_multilayer_perceptron.py:691: ConvergenceWarning: Stochastic Optimizer: Maximum iterations (100) reached and the optimization hasn't converged yet.
  warnings.warn(
/data/home/rtabares/anaconda3/envs/pyth3.12/lib/python3.12/site-packages/sklearn/neural_network/_multilayer_perceptron.py:691: ConvergenceWarning: Stochastic Optimizer: Maximum iterations (100) reached and the optimization hasn't converged yet.
  warnings.warn(
/data/home/rtabares/anaconda3/envs/pyth3.12/lib/python3.12/site-packages/sklearn/neural_network/_multilayer_perceptron.py:691: ConvergenceWarning: Stochastic Optimizer: Maximum iterations (100) reached and the optimization hasn't converged yet.
  warnings.warn(
[I 2025-05-26 03:40:54,395] Trial 0 finished with value: 0.75 and parameters: {'hidden_layer_sizes': (200,), 'max_iter': 100, 'alpha': 0.0001}. Best is trial 0 with value: 0.75.
/data/home/rtabares/anaconda3/envs/pyth3.12/lib/python3.12/site-packages/sklearn/neural_network/_multilayer_perceptron.py:691: ConvergenceWarning: Stochastic Optimizer: Maximum iterations (100) reached and the optimization hasn't converged yet.
  warnings.warn(
/data/home/rtabares/anaconda3/envs/pyth3.12/lib/python3.12/site-packages/sklearn/neural_network/_multilayer_perceptron.py:691: ConvergenceWarning: Stochastic Optimizer: Maximum iterations (100) reached and the optimization hasn't converged yet.
  warnings.warn(
/data/home/rtabares/anaconda3/envs/pyth3.12/lib/python3.12/site-packages/sklearn/neural_network/_multilayer_perceptron.py:691: ConvergenceWarning: Stochastic Optimizer: Maximum iterations (100) reached and the optimization hasn't converged yet.
  warnings.warn(
[I 2025-05-26 03:40:54,697] Trial 1 finished with value: 0.75 and parameters: {'hidden_layer_sizes': (100, 100), 'max_iter': 100, 'alpha': 0.0001}. Best is trial 0 with value: 0.75.
/data/home/rtabares/anaconda3/envs/pyth3.12/lib/python3.12/site-packages/sklearn/neural_network/_multilayer_perceptron.py:691: ConvergenceWarning: Stochastic Optimizer: Maximum iterations (100) reached and the optimization hasn't converged yet.
  warnings.warn(
/data/home/rtabares/anaconda3/envs/pyth3.12/lib/python3.12/site-packages/sklearn/neural_network/_multilayer_perceptron.py:691: ConvergenceWarning: Stochastic Optimizer: Maximum iterations (100) reached and the optimization hasn't converged yet.
  warnings.warn(
/data/home/rtabares/anaconda3/envs/pyth3.12/lib/python3.12/site-packages/sklearn/neural_network/_multilayer_perceptron.py:691: ConvergenceWarning: Stochastic Optimizer: Maximum iterations (100) reached and the optimization hasn't converged yet.
  warnings.warn(
/data/home/rtabares/anaconda3/envs/pyth3.12/lib/python3.12/site-packages/sklearn/neural_network/_multilayer_perceptron.py:691: ConvergenceWarning: Stochastic Optimizer: Maximum iterations (100) reached and the optimization hasn't converged yet.
  warnings.warn(
/data/home/rtabares/anaconda3/envs/pyth3.12/lib/python3.12/site-packages/sklearn/neural_network/_multilayer_perceptron.py:691: ConvergenceWarning: Stochastic Optimizer: Maximum iterations (100) reached and the optimization hasn't converged yet.
  warnings.warn(
[I 2025-05-26 03:40:54,795] Trial 2 finished with value: 0.8 and parameters: {'hidden_layer_sizes': (200,), 'max_iter': 100, 'alpha': 0.001}. Best is trial 2 with value: 0.8.
/data/home/rtabares/anaconda3/envs/pyth3.12/lib/python3.12/site-packages/sklearn/neural_network/_multilayer_perceptron.py:691: ConvergenceWarning: Stochastic Optimizer: Maximum iterations (50) reached and the optimization hasn't converged yet.
  warnings.warn(
/data/home/rtabares/anaconda3/envs/pyth3.12/lib/python3.12/site-packages/sklearn/neural_network/_multilayer_perceptron.py:691: ConvergenceWarning: Stochastic Optimizer: Maximum iterations (50) reached and the optimization hasn't converged yet.
  warnings.warn(
/data/home/rtabares/anaconda3/envs/pyth3.12/lib/python3.12/site-packages/sklearn/neural_network/_multilayer_perceptron.py:691: ConvergenceWarning: Stochastic Optimizer: Maximum iterations (50) reached and the optimization hasn't converged yet.
  warnings.warn(
/data/home/rtabares/anaconda3/envs/pyth3.12/lib/python3.12/site-packages/sklearn/neural_network/_multilayer_perceptron.py:691: ConvergenceWarning: Stochastic Optimizer: Maximum iterations (50) reached and the optimization hasn't converged yet.
  warnings.warn(
[I 2025-05-26 03:40:54,852] Trial 3 finished with value: 0.75 and parameters: {'hidden_layer_sizes': (100,), 'max_iter': 50, 'alpha': 0.001}. Best is trial 2 with value: 0.8.
/data/home/rtabares/anaconda3/envs/pyth3.12/lib/python3.12/site-packages/sklearn/neural_network/_multilayer_perceptron.py:691: ConvergenceWarning: Stochastic Optimizer: Maximum iterations (50) reached and the optimization hasn't converged yet.
  warnings.warn(
/data/home/rtabares/anaconda3/envs/pyth3.12/lib/python3.12/site-packages/sklearn/neural_network/_multilayer_perceptron.py:691: ConvergenceWarning: Stochastic Optimizer: Maximum iterations (50) reached and the optimization hasn't converged yet.
  warnings.warn(
/data/home/rtabares/anaconda3/envs/pyth3.12/lib/python3.12/site-packages/sklearn/neural_network/_multilayer_perceptron.py:691: ConvergenceWarning: Stochastic Optimizer: Maximum iterations (50) reached and the optimization hasn't converged yet.
  warnings.warn(
/data/home/rtabares/anaconda3/envs/pyth3.12/lib/python3.12/site-packages/sklearn/neural_network/_multilayer_perceptron.py:691: ConvergenceWarning: Stochastic Optimizer: Maximum iterations (50) reached and the optimization hasn't converged yet.
  warnings.warn(
[I 2025-05-26 03:40:54,900] Trial 4 finished with value: 0.8 and parameters: {'hidden_layer_sizes': (100,), 'max_iter': 50, 'alpha': 0.0001}. Best is trial 2 with value: 0.8.
/data/home/rtabares/anaconda3/envs/pyth3.12/lib/python3.12/site-packages/sklearn/neural_network/_multilayer_perceptron.py:691: ConvergenceWarning: Stochastic Optimizer: Maximum iterations (50) reached and the optimization hasn't converged yet.
  warnings.warn(
/data/home/rtabares/anaconda3/envs/pyth3.12/lib/python3.12/site-packages/sklearn/neural_network/_multilayer_perceptron.py:691: ConvergenceWarning: Stochastic Optimizer: Maximum iterations (50) reached and the optimization hasn't converged yet.
  warnings.warn(
/data/home/rtabares/anaconda3/envs/pyth3.12/lib/python3.12/site-packages/sklearn/neural_network/_multilayer_perceptron.py:691: ConvergenceWarning: Stochastic Optimizer: Maximum iterations (50) reached and the optimization hasn't converged yet.
  warnings.warn(
/data/home/rtabares/anaconda3/envs/pyth3.12/lib/python3.12/site-packages/sklearn/neural_network/_multilayer_perceptron.py:691: ConvergenceWarning: Stochastic Optimizer: Maximum iterations (50) reached and the optimization hasn't converged yet.
  warnings.warn(
/data/home/rtabares/anaconda3/envs/pyth3.12/lib/python3.12/site-packages/sklearn/neural_network/_multilayer_perceptron.py:691: ConvergenceWarning: Stochastic Optimizer: Maximum iterations (50) reached and the optimization hasn't converged yet.
  warnings.warn(
