[I 2025-05-18 17:20:13,105] Trial 4 finished with value: 0.7916666666666666 and parameters: {'hidden_layer_sizes': (100, 100), 'max_iter': 50, 'alpha': 0.0001}. Best is trial 0 with value: 0.8166666666666667.
/data/home/rtabares/anaconda3/envs/pyth3.12/lib/python3.12/site-packages/sklearn/neural_network/_multilayer_perceptron.py:691: ConvergenceWarning: Stochastic Optimizer: Maximum iterations (100) reached and the optimization hasn't converged yet.
  warnings.warn(
/data/home/rtabares/anaconda3/envs/pyth3.12/lib/python3.12/site-packages/sklearn/neural_network/_multilayer_perceptron.py:691: ConvergenceWarning: Stochastic Optimizer: Maximum iterations (100) reached and the optimization hasn't converged yet.
  warnings.warn(
/data/home/rtabares/anaconda3/envs/pyth3.12/lib/python3.12/site-packages/sklearn/neural_network/_multilayer_perceptron.py:691: ConvergenceWarning: Stochastic Optimizer: Maximum iterations (100) reached and the optimization hasn't converged yet.
  warnings.warn(
/data/home/rtabares/anaconda3/envs/pyth3.12/lib/python3.12/site-packages/sklearn/neural_network/_multilayer_perceptron.py:691: ConvergenceWarning: Stochastic Optimizer: Maximum iterations (100) reached and the optimization hasn't converged yet.
  warnings.warn(
/data/home/rtabares/anaconda3/envs/pyth3.12/lib/python3.12/site-packages/sklearn/neural_network/_multilayer_perceptron.py:691: ConvergenceWarning: Stochastic Optimizer: Maximum iterations (100) reached and the optimization hasn't converged yet.
  warnings.warn(
[I 2025-05-18 17:20:13,211] Trial 5 finished with value: 0.7666666666666666 and parameters: {'hidden_layer_sizes': (200,), 'max_iter': 100, 'alpha': 0.0001}. Best is trial 0 with value: 0.8166666666666667.
/data/home/rtabares/anaconda3/envs/pyth3.12/lib/python3.12/site-packages/sklearn/neural_network/_multilayer_perceptron.py:691: ConvergenceWarning: Stochastic Optimizer: Maximum iterations (100) reached and the optimization hasn't converged yet.
  warnings.warn(
/data/home/rtabares/anaconda3/envs/pyth3.12/lib/python3.12/site-packages/sklearn/neural_network/_multilayer_perceptron.py:691: ConvergenceWarning: Stochastic Optimizer: Maximum iterations (100) reached and the optimization hasn't converged yet.
  warnings.warn(
/data/home/rtabares/anaconda3/envs/pyth3.12/lib/python3.12/site-packages/sklearn/neural_network/_multilayer_perceptron.py:691: ConvergenceWarning: Stochastic Optimizer: Maximum iterations (100) reached and the optimization hasn't converged yet.
  warnings.warn(
/data/home/rtabares/anaconda3/envs/pyth3.12/lib/python3.12/site-packages/sklearn/neural_network/_multilayer_perceptron.py:691: ConvergenceWarning: Stochastic Optimizer: Maximum iterations (100) reached and the optimization hasn't converged yet.
  warnings.warn(
/data/home/rtabares/anaconda3/envs/pyth3.12/lib/python3.12/site-packages/sklearn/neural_network/_multilayer_perceptron.py:691: ConvergenceWarning: Stochastic Optimizer: Maximum iterations (100) reached and the optimization hasn't converged yet.
  warnings.warn(
[I 2025-05-18 17:20:13,307] Trial 6 finished with value: 0.7916666666666666 and parameters: {'hidden_layer_sizes': (200,), 'max_iter': 100, 'alpha': 0.001}. Best is trial 0 with value: 0.8166666666666667.
/data/home/rtabares/anaconda3/envs/pyth3.12/lib/python3.12/site-packages/sklearn/neural_network/_multilayer_perceptron.py:691: ConvergenceWarning: Stochastic Optimizer: Maximum iterations (100) reached and the optimization hasn't converged yet.
  warnings.warn(
/data/home/rtabares/anaconda3/envs/pyth3.12/lib/python3.12/site-packages/sklearn/neural_network/_multilayer_perceptron.py:691: ConvergenceWarning: Stochastic Optimizer: Maximum iterations (100) reached and the optimization hasn't converged yet.
  warnings.warn(
/data/home/rtabares/anaconda3/envs/pyth3.12/lib/python3.12/site-packages/sklearn/neural_network/_multilayer_perceptron.py:691: ConvergenceWarning: Stochastic Optimizer: Maximum iterations (100) reached and the optimization hasn't converged yet.
  warnings.warn(
/data/home/rtabares/anaconda3/envs/pyth3.12/lib/python3.12/site-packages/sklearn/neural_network/_multilayer_perceptron.py:691: ConvergenceWarning: Stochastic Optimizer: Maximum iterations (100) reached and the optimization hasn't converged yet.
  warnings.warn(
/data/home/rtabares/anaconda3/envs/pyth3.12/lib/python3.12/site-packages/sklearn/neural_network/_multilayer_perceptron.py:691: ConvergenceWarning: Stochastic Optimizer: Maximum iterations (100) reached and the optimization hasn't converged yet.
  warnings.warn(
[I 2025-05-18 17:20:13,383] Trial 7 finished with value: 0.7833333333333332 and parameters: {'hidden_layer_sizes': (100,), 'max_iter': 100, 'alpha': 0.001}. Best is trial 0 with value: 0.8166666666666667.
[I 2025-05-18 17:20:13,482] Trial 8 finished with value: 0.825 and parameters: {'hidden_layer_sizes': (100, 100), 'max_iter': 100, 'alpha': 0.0001}. Best is trial 8 with value: 0.825.
/data/home/rtabares/anaconda3/envs/pyth3.12/lib/python3.12/site-packages/sklearn/neural_network/_multilayer_perceptron.py:691: ConvergenceWarning: Stochastic Optimizer: Maximum iterations (100) reached and the optimization hasn't converged yet.
  warnings.warn(
/data/home/rtabares/anaconda3/envs/pyth3.12/lib/python3.12/site-packages/sklearn/neural_network/_multilayer_perceptron.py:691: ConvergenceWarning: Stochastic Optimizer: Maximum iterations (100) reached and the optimization hasn't converged yet.
  warnings.warn(
/data/home/rtabares/anaconda3/envs/pyth3.12/lib/python3.12/site-packages/sklearn/neural_network/_multilayer_perceptron.py:691: ConvergenceWarning: Stochastic Optimizer: Maximum iterations (100) reached and the optimization hasn't converged yet.
  warnings.warn(
/data/home/rtabares/anaconda3/envs/pyth3.12/lib/python3.12/site-packages/sklearn/neural_network/_multilayer_perceptron.py:691: ConvergenceWarning: Stochastic Optimizer: Maximum iterations (100) reached and the optimization hasn't converged yet.
  warnings.warn(
/data/home/rtabares/anaconda3/envs/pyth3.12/lib/python3.12/site-packages/sklearn/neural_network/_multilayer_perceptron.py:691: ConvergenceWarning: Stochastic Optimizer: Maximum iterations (100) reached and the optimization hasn't converged yet.
  warnings.warn(
[I 2025-05-18 17:20:13,588] Trial 9 finished with value: 0.7916666666666666 and parameters: {'hidden_layer_sizes': (200,), 'max_iter': 100, 'alpha': 0.0001}. Best is trial 8 with value: 0.825.
[I 2025-05-18 17:20:20,143] A new study created in memory with name: naive_bayes
Parámetros guardados en checkpoint_shoppers_Dlatent_ft_F/ag/IPC_17/best_models_ag_seed_6_space_latent/mlp_best_params.json


>>> Optuna tuning naive_bayes metodo ag IPC 17 seed 6


[I 2025-05-18 17:20:21,316] Trial 0 finished with value: 0.8416666666666666 and parameters: {'var_smoothing': 6.10548688762798e-09}. Best is trial 0 with value: 0.8416666666666666.
[I 2025-05-18 17:20:22,053] Trial 1 finished with value: 0.8416666666666666 and parameters: {'var_smoothing': 4.6127467400935034e-10}. Best is trial 0 with value: 0.8416666666666666.
[I 2025-05-18 17:20:22,785] Trial 2 finished with value: 0.8416666666666666 and parameters: {'var_smoothing': 4.389936579400967e-09}. Best is trial 0 with value: 0.8416666666666666.
[I 2025-05-18 17:20:22,809] Trial 3 finished with value: 0.8416666666666666 and parameters: {'var_smoothing': 1.2116948204672054e-10}. Best is trial 0 with value: 0.8416666666666666.
[I 2025-05-18 17:20:22,822] Trial 4 finished with value: 0.8416666666666666 and parameters: {'var_smoothing': 1.6417739478477417e-10}. Best is trial 0 with value: 0.8416666666666666.
[I 2025-05-18 17:20:22,845] Trial 5 finished with value: 0.8416666666666666 and parameters: {'var_smoothing': 1.5491880147236797e-09}. Best is trial 0 with value: 0.8416666666666666.
[I 2025-05-18 17:20:22,859] Trial 6 finished with value: 0.8416666666666666 and parameters: {'var_smoothing': 1.1471883405287265e-09}. Best is trial 0 with value: 0.8416666666666666.
[I 2025-05-18 17:20:22,874] Trial 7 finished with value: 0.8416666666666666 and parameters: {'var_smoothing': 6.88041853492358e-10}. Best is trial 0 with value: 0.8416666666666666.
[I 2025-05-18 17:20:22,888] Trial 8 finished with value: 0.8416666666666666 and parameters: {'var_smoothing': 4.686144741221158e-10}. Best is trial 0 with value: 0.8416666666666666.
[I 2025-05-18 17:20:22,912] Trial 9 finished with value: 0.8416666666666666 and parameters: {'var_smoothing': 1.7580809350683337e-09}. Best is trial 0 with value: 0.8416666666666666.
/data/home/rtabares/anaconda3/envs/pyth3.12/lib/python3.12/site-packages/xgboost/core.py:377: FutureWarning: Your system has an old version of glibc (< 2.28). We will stop supporting Linux distros with glibc older than 2.28 after **May 31, 2025**. Please upgrade to a recent Linux distro (with glibc >= 2.28) to use future versions of XGBoost.
Note: You have installed the 'manylinux2014' variant of XGBoost. Certain features such as GPU algorithms or federated learning are not available. To use these features, please upgrade to a recent Linux distro with glibc 2.28+, and install the 'manylinux_2_28' variant.
  warnings.warn(
[I 2025-05-18 17:20:24,933] A new study created in memory with name: knn
[I 2025-05-18 17:20:26,887] Trial 0 finished with value: 0.7666666666666666 and parameters: {'n_neighbors': 10, 'leaf_size': 26, 'p': 1}. Best is trial 0 with value: 0.7666666666666666.
Parámetros guardados en checkpoint_shoppers_Dlatent_ft_F/ag/IPC_17/best_models_ag_seed_6_space_latent/naive_bayes_best_params.json


>>> Optuna tuning knn metodo ag IPC 17 seed 6


[I 2025-05-18 17:20:27,903] Trial 1 finished with value: 0.6583333333333332 and parameters: {'n_neighbors': 3, 'leaf_size': 32, 'p': 1}. Best is trial 0 with value: 0.7666666666666666.
[I 2025-05-18 17:20:27,969] Trial 2 finished with value: 0.6833333333333333 and parameters: {'n_neighbors': 5, 'leaf_size': 33, 'p': 2}. Best is trial 0 with value: 0.7666666666666666.
[I 2025-05-18 17:20:28,713] Trial 3 finished with value: 0.5916666666666666 and parameters: {'n_neighbors': 7, 'leaf_size': 32, 'p': 2}. Best is trial 0 with value: 0.7666666666666666.
[I 2025-05-18 17:20:28,869] Trial 4 finished with value: 0.7749999999999998 and parameters: {'n_neighbors': 9, 'leaf_size': 28, 'p': 1}. Best is trial 4 with value: 0.7749999999999998.
[I 2025-05-18 17:20:28,955] Trial 5 finished with value: 0.6583333333333332 and parameters: {'n_neighbors': 3, 'leaf_size': 35, 'p': 1}. Best is trial 4 with value: 0.7749999999999998.
[I 2025-05-18 17:20:29,042] Trial 6 finished with value: 0.6 and parameters: {'n_neighbors': 8, 'leaf_size': 31, 'p': 2}. Best is trial 4 with value: 0.7749999999999998.
[I 2025-05-18 17:20:29,107] Trial 7 finished with value: 0.6 and parameters: {'n_neighbors': 6, 'leaf_size': 24, 'p': 2}. Best is trial 4 with value: 0.7749999999999998.
[I 2025-05-18 17:20:29,142] Trial 8 finished with value: 0.6833333333333333 and parameters: {'n_neighbors': 5, 'leaf_size': 34, 'p': 2}. Best is trial 4 with value: 0.7749999999999998.
[I 2025-05-18 17:20:29,208] Trial 9 finished with value: 0.7083333333333333 and parameters: {'n_neighbors': 10, 'leaf_size': 27, 'p': 2}. Best is trial 4 with value: 0.7749999999999998.
/data/home/rtabares/anaconda3/envs/pyth3.12/lib/python3.12/site-packages/xgboost/core.py:377: FutureWarning: Your system has an old version of glibc (< 2.28). We will stop supporting Linux distros with glibc older than 2.28 after **May 31, 2025**. Please upgrade to a recent Linux distro (with glibc >= 2.28) to use future versions of XGBoost.
Note: You have installed the 'manylinux2014' variant of XGBoost. Certain features such as GPU algorithms or federated learning are not available. To use these features, please upgrade to a recent Linux distro with glibc 2.28+, and install the 'manylinux_2_28' variant.
  warnings.warn(
/data/home/rtabares/anaconda3/envs/pyth3.12/lib/python3.12/site-packages/xgboost/core.py:377: FutureWarning: Your system has an old version of glibc (< 2.28). We will stop supporting Linux distros with glibc older than 2.28 after **May 31, 2025**. Please upgrade to a recent Linux distro (with glibc >= 2.28) to use future versions of XGBoost.
Note: You have installed the 'manylinux2014' variant of XGBoost. Certain features such as GPU algorithms or federated learning are not available. To use these features, please upgrade to a recent Linux distro with glibc 2.28+, and install the 'manylinux_2_28' variant.
  warnings.warn(
[I 2025-05-18 17:20:32,881] A new study created in memory with name: xgb
Parámetros guardados en checkpoint_shoppers_Dlatent_ft_F/ag/IPC_17/best_models_ag_seed_6_space_latent/knn_best_params.json


>>> Optuna tuning xgb metodo ag IPC 17 seed 6


/data/home/rtabares/anaconda3/envs/pyth3.12/lib/python3.12/site-packages/xgboost/core.py:377: FutureWarning: Your system has an old version of glibc (< 2.28). We will stop supporting Linux distros with glibc older than 2.28 after **May 31, 2025**. Please upgrade to a recent Linux distro (with glibc >= 2.28) to use future versions of XGBoost.
Note: You have installed the 'manylinux2014' variant of XGBoost. Certain features such as GPU algorithms or federated learning are not available. To use these features, please upgrade to a recent Linux distro with glibc 2.28+, and install the 'manylinux_2_28' variant.
  warnings.warn(
/data/home/rtabares/anaconda3/envs/pyth3.12/lib/python3.12/site-packages/xgboost/core.py:377: FutureWarning: Your system has an old version of glibc (< 2.28). We will stop supporting Linux distros with glibc older than 2.28 after **May 31, 2025**. Please upgrade to a recent Linux distro (with glibc >= 2.28) to use future versions of XGBoost.
Note: You have installed the 'manylinux2014' variant of XGBoost. Certain features such as GPU algorithms or federated learning are not available. To use these features, please upgrade to a recent Linux distro with glibc 2.28+, and install the 'manylinux_2_28' variant.
  warnings.warn(
/data/home/rtabares/anaconda3/envs/pyth3.12/lib/python3.12/site-packages/xgboost/core.py:377: FutureWarning: Your system has an old version of glibc (< 2.28). We will stop supporting Linux distros with glibc older than 2.28 after **May 31, 2025**. Please upgrade to a recent Linux distro (with glibc >= 2.28) to use future versions of XGBoost.
Note: You have installed the 'manylinux2014' variant of XGBoost. Certain features such as GPU algorithms or federated learning are not available. To use these features, please upgrade to a recent Linux distro with glibc 2.28+, and install the 'manylinux_2_28' variant.
  warnings.warn(
[I 2025-05-18 17:20:34,674] Trial 0 finished with value: 0.9333333333333332 and parameters: {'n_estimators': 10, 'max_depth': 30, 'gamma': 0.5768356259735394, 'subsample': 0.7094037142783272, 'colsample_bytree': 0.6677039246366646}. Best is trial 0 with value: 0.9333333333333332.
/data/home/rtabares/anaconda3/envs/pyth3.12/lib/python3.12/site-packages/xgboost/core.py:377: FutureWarning: Your system has an old version of glibc (< 2.28). We will stop supporting Linux distros with glibc older than 2.28 after **May 31, 2025**. Please upgrade to a recent Linux distro (with glibc >= 2.28) to use future versions of XGBoost.
Note: You have installed the 'manylinux2014' variant of XGBoost. Certain features such as GPU algorithms or federated learning are not available. To use these features, please upgrade to a recent Linux distro with glibc 2.28+, and install the 'manylinux_2_28' variant.
  warnings.warn(
/data/home/rtabares/anaconda3/envs/pyth3.12/lib/python3.12/site-packages/xgboost/core.py:377: FutureWarning: Your system has an old version of glibc (< 2.28). We will stop supporting Linux distros with glibc older than 2.28 after **May 31, 2025**. Please upgrade to a recent Linux distro (with glibc >= 2.28) to use future versions of XGBoost.
Note: You have installed the 'manylinux2014' variant of XGBoost. Certain features such as GPU algorithms or federated learning are not available. To use these features, please upgrade to a recent Linux distro with glibc 2.28+, and install the 'manylinux_2_28' variant.
  warnings.warn(
[I 2025-05-18 17:20:34,852] Trial 1 finished with value: 0.9333333333333332 and parameters: {'n_estimators': 100, 'max_depth': 30, 'gamma': 0.9912018442360747, 'subsample': 0.9099290984609207, 'colsample_bytree': 0.7066004674080903}. Best is trial 0 with value: 0.9333333333333332.
/data/home/rtabares/anaconda3/envs/pyth3.12/lib/python3.12/site-packages/xgboost/core.py:377: FutureWarning: Your system has an old version of glibc (< 2.28). We will stop supporting Linux distros with glibc older than 2.28 after **May 31, 2025**. Please upgrade to a recent Linux distro (with glibc >= 2.28) to use future versions of XGBoost.
Note: You have installed the 'manylinux2014' variant of XGBoost. Certain features such as GPU algorithms or federated learning are not available. To use these features, please upgrade to a recent Linux distro with glibc 2.28+, and install the 'manylinux_2_28' variant.
  warnings.warn(
/data/home/rtabares/anaconda3/envs/pyth3.12/lib/python3.12/site-packages/xgboost/core.py:377: FutureWarning: Your system has an old version of glibc (< 2.28). We will stop supporting Linux distros with glibc older than 2.28 after **May 31, 2025**. Please upgrade to a recent Linux distro (with glibc >= 2.28) to use future versions of XGBoost.
Note: You have installed the 'manylinux2014' variant of XGBoost. Certain features such as GPU algorithms or federated learning are not available. To use these features, please upgrade to a recent Linux distro with glibc 2.28+, and install the 'manylinux_2_28' variant.
  warnings.warn(
/data/home/rtabares/anaconda3/envs/pyth3.12/lib/python3.12/site-packages/xgboost/core.py:377: FutureWarning: Your system has an old version of glibc (< 2.28). We will stop supporting Linux distros with glibc older than 2.28 after **May 31, 2025**. Please upgrade to a recent Linux distro (with glibc >= 2.28) to use future versions of XGBoost.
Note: You have installed the 'manylinux2014' variant of XGBoost. Certain features such as GPU algorithms or federated learning are not available. To use these features, please upgrade to a recent Linux distro with glibc 2.28+, and install the 'manylinux_2_28' variant.
  warnings.warn(
[I 2025-05-18 17:20:35,690] Trial 2 finished with value: 0.9333333333333332 and parameters: {'n_estimators': 10, 'max_depth': 20, 'gamma': 0.7382185757030506, 'subsample': 0.7704684271512641, 'colsample_bytree': 0.5624120871903049}. Best is trial 0 with value: 0.9333333333333332.
/data/home/rtabares/anaconda3/envs/pyth3.12/lib/python3.12/site-packages/xgboost/core.py:377: FutureWarning: Your system has an old version of glibc (< 2.28). We will stop supporting Linux distros with glibc older than 2.28 after **May 31, 2025**. Please upgrade to a recent Linux distro (with glibc >= 2.28) to use future versions of XGBoost.
Note: You have installed the 'manylinux2014' variant of XGBoost. Certain features such as GPU algorithms or federated learning are not available. To use these features, please upgrade to a recent Linux distro with glibc 2.28+, and install the 'manylinux_2_28' variant.
  warnings.warn(
/data/home/rtabares/anaconda3/envs/pyth3.12/lib/python3.12/site-packages/xgboost/core.py:377: FutureWarning: Your system has an old version of glibc (< 2.28). We will stop supporting Linux distros with glibc older than 2.28 after **May 31, 2025**. Please upgrade to a recent Linux distro (with glibc >= 2.28) to use future versions of XGBoost.
Note: You have installed the 'manylinux2014' variant of XGBoost. Certain features such as GPU algorithms or federated learning are not available. To use these features, please upgrade to a recent Linux distro with glibc 2.28+, and install the 'manylinux_2_28' variant.
  warnings.warn(
/data/home/rtabares/anaconda3/envs/pyth3.12/lib/python3.12/site-packages/xgboost/core.py:377: FutureWarning: Your system has an old version of glibc (< 2.28). We will stop supporting Linux distros with glibc older than 2.28 after **May 31, 2025**. Please upgrade to a recent Linux distro (with glibc >= 2.28) to use future versions of XGBoost.
Note: You have installed the 'manylinux2014' variant of XGBoost. Certain features such as GPU algorithms or federated learning are not available. To use these features, please upgrade to a recent Linux distro with glibc 2.28+, and install the 'manylinux_2_28' variant.
  warnings.warn(
