[I 2025-05-26 03:14:20,656] Trial 0 finished with value: 0.55 and parameters: {'n_estimators': 40, 'max_depth': 5, 'gamma': 0.789317070832284, 'subsample': 0.7592089939364717, 'colsample_bytree': 0.648400250788111}. Best is trial 0 with value: 0.55.
/data/home/rtabares/anaconda3/envs/pyth3.12/lib/python3.12/site-packages/xgboost/core.py:377: FutureWarning: Your system has an old version of glibc (< 2.28). We will stop supporting Linux distros with glibc older than 2.28 after **May 31, 2025**. Please upgrade to a recent Linux distro (with glibc >= 2.28) to use future versions of XGBoost.
Note: You have installed the 'manylinux2014' variant of XGBoost. Certain features such as GPU algorithms or federated learning are not available. To use these features, please upgrade to a recent Linux distro with glibc 2.28+, and install the 'manylinux_2_28' variant.
  warnings.warn(
/data/home/rtabares/anaconda3/envs/pyth3.12/lib/python3.12/site-packages/xgboost/core.py:377: FutureWarning: Your system has an old version of glibc (< 2.28). We will stop supporting Linux distros with glibc older than 2.28 after **May 31, 2025**. Please upgrade to a recent Linux distro (with glibc >= 2.28) to use future versions of XGBoost.
Note: You have installed the 'manylinux2014' variant of XGBoost. Certain features such as GPU algorithms or federated learning are not available. To use these features, please upgrade to a recent Linux distro with glibc 2.28+, and install the 'manylinux_2_28' variant.
  warnings.warn(
/data/home/rtabares/anaconda3/envs/pyth3.12/lib/python3.12/site-packages/xgboost/core.py:377: FutureWarning: Your system has an old version of glibc (< 2.28). We will stop supporting Linux distros with glibc older than 2.28 after **May 31, 2025**. Please upgrade to a recent Linux distro (with glibc >= 2.28) to use future versions of XGBoost.
Note: You have installed the 'manylinux2014' variant of XGBoost. Certain features such as GPU algorithms or federated learning are not available. To use these features, please upgrade to a recent Linux distro with glibc 2.28+, and install the 'manylinux_2_28' variant.
  warnings.warn(
/data/home/rtabares/anaconda3/envs/pyth3.12/lib/python3.12/site-packages/xgboost/core.py:377: FutureWarning: Your system has an old version of glibc (< 2.28). We will stop supporting Linux distros with glibc older than 2.28 after **May 31, 2025**. Please upgrade to a recent Linux distro (with glibc >= 2.28) to use future versions of XGBoost.
Note: You have installed the 'manylinux2014' variant of XGBoost. Certain features such as GPU algorithms or federated learning are not available. To use these features, please upgrade to a recent Linux distro with glibc 2.28+, and install the 'manylinux_2_28' variant.
  warnings.warn(
[I 2025-05-26 03:14:20,913] Trial 1 finished with value: 0.55 and parameters: {'n_estimators': 100, 'max_depth': 30, 'gamma': 0.34667781579300216, 'subsample': 0.7071175095405257, 'colsample_bytree': 0.6480399663668239}. Best is trial 0 with value: 0.55.
/data/home/rtabares/anaconda3/envs/pyth3.12/lib/python3.12/site-packages/xgboost/core.py:377: FutureWarning: Your system has an old version of glibc (< 2.28). We will stop supporting Linux distros with glibc older than 2.28 after **May 31, 2025**. Please upgrade to a recent Linux distro (with glibc >= 2.28) to use future versions of XGBoost.
Note: You have installed the 'manylinux2014' variant of XGBoost. Certain features such as GPU algorithms or federated learning are not available. To use these features, please upgrade to a recent Linux distro with glibc 2.28+, and install the 'manylinux_2_28' variant.
  warnings.warn(
[I 2025-05-26 03:14:20,963] Trial 2 finished with value: 0.6 and parameters: {'n_estimators': 10, 'max_depth': 20, 'gamma': 0.3948075529198607, 'subsample': 0.5720821503267102, 'colsample_bytree': 0.5828064306006338}. Best is trial 2 with value: 0.6.
/data/home/rtabares/anaconda3/envs/pyth3.12/lib/python3.12/site-packages/xgboost/core.py:377: FutureWarning: Your system has an old version of glibc (< 2.28). We will stop supporting Linux distros with glibc older than 2.28 after **May 31, 2025**. Please upgrade to a recent Linux distro (with glibc >= 2.28) to use future versions of XGBoost.
Note: You have installed the 'manylinux2014' variant of XGBoost. Certain features such as GPU algorithms or federated learning are not available. To use these features, please upgrade to a recent Linux distro with glibc 2.28+, and install the 'manylinux_2_28' variant.
  warnings.warn(
[I 2025-05-26 03:14:21,010] Trial 3 finished with value: 0.65 and parameters: {'n_estimators': 10, 'max_depth': 30, 'gamma': 0.8015631269999768, 'subsample': 0.5114665462195407, 'colsample_bytree': 0.788831429064878}. Best is trial 3 with value: 0.65.
/data/home/rtabares/anaconda3/envs/pyth3.12/lib/python3.12/site-packages/xgboost/core.py:377: FutureWarning: Your system has an old version of glibc (< 2.28). We will stop supporting Linux distros with glibc older than 2.28 after **May 31, 2025**. Please upgrade to a recent Linux distro (with glibc >= 2.28) to use future versions of XGBoost.
Note: You have installed the 'manylinux2014' variant of XGBoost. Certain features such as GPU algorithms or federated learning are not available. To use these features, please upgrade to a recent Linux distro with glibc 2.28+, and install the 'manylinux_2_28' variant.
  warnings.warn(
/data/home/rtabares/anaconda3/envs/pyth3.12/lib/python3.12/site-packages/xgboost/core.py:377: FutureWarning: Your system has an old version of glibc (< 2.28). We will stop supporting Linux distros with glibc older than 2.28 after **May 31, 2025**. Please upgrade to a recent Linux distro (with glibc >= 2.28) to use future versions of XGBoost.
Note: You have installed the 'manylinux2014' variant of XGBoost. Certain features such as GPU algorithms or federated learning are not available. To use these features, please upgrade to a recent Linux distro with glibc 2.28+, and install the 'manylinux_2_28' variant.
  warnings.warn(
[I 2025-05-26 03:14:21,068] Trial 4 finished with value: 0.55 and parameters: {'n_estimators': 100, 'max_depth': 5, 'gamma': 0.8834347783013348, 'subsample': 0.961374806972835, 'colsample_bytree': 0.5011071062662218}. Best is trial 3 with value: 0.65.
/data/home/rtabares/anaconda3/envs/pyth3.12/lib/python3.12/site-packages/xgboost/core.py:377: FutureWarning: Your system has an old version of glibc (< 2.28). We will stop supporting Linux distros with glibc older than 2.28 after **May 31, 2025**. Please upgrade to a recent Linux distro (with glibc >= 2.28) to use future versions of XGBoost.
Note: You have installed the 'manylinux2014' variant of XGBoost. Certain features such as GPU algorithms or federated learning are not available. To use these features, please upgrade to a recent Linux distro with glibc 2.28+, and install the 'manylinux_2_28' variant.
  warnings.warn(
/data/home/rtabares/anaconda3/envs/pyth3.12/lib/python3.12/site-packages/xgboost/core.py:377: FutureWarning: Your system has an old version of glibc (< 2.28). We will stop supporting Linux distros with glibc older than 2.28 after **May 31, 2025**. Please upgrade to a recent Linux distro (with glibc >= 2.28) to use future versions of XGBoost.
Note: You have installed the 'manylinux2014' variant of XGBoost. Certain features such as GPU algorithms or federated learning are not available. To use these features, please upgrade to a recent Linux distro with glibc 2.28+, and install the 'manylinux_2_28' variant.
  warnings.warn(
[I 2025-05-26 03:14:21,117] Trial 5 finished with value: 0.55 and parameters: {'n_estimators': 40, 'max_depth': 5, 'gamma': 0.5364379674896123, 'subsample': 0.5145557818363589, 'colsample_bytree': 0.5432628442011025}. Best is trial 3 with value: 0.65.
/data/home/rtabares/anaconda3/envs/pyth3.12/lib/python3.12/site-packages/xgboost/core.py:377: FutureWarning: Your system has an old version of glibc (< 2.28). We will stop supporting Linux distros with glibc older than 2.28 after **May 31, 2025**. Please upgrade to a recent Linux distro (with glibc >= 2.28) to use future versions of XGBoost.
Note: You have installed the 'manylinux2014' variant of XGBoost. Certain features such as GPU algorithms or federated learning are not available. To use these features, please upgrade to a recent Linux distro with glibc 2.28+, and install the 'manylinux_2_28' variant.
  warnings.warn(
/data/home/rtabares/anaconda3/envs/pyth3.12/lib/python3.12/site-packages/xgboost/core.py:377: FutureWarning: Your system has an old version of glibc (< 2.28). We will stop supporting Linux distros with glibc older than 2.28 after **May 31, 2025**. Please upgrade to a recent Linux distro (with glibc >= 2.28) to use future versions of XGBoost.
Note: You have installed the 'manylinux2014' variant of XGBoost. Certain features such as GPU algorithms or federated learning are not available. To use these features, please upgrade to a recent Linux distro with glibc 2.28+, and install the 'manylinux_2_28' variant.
  warnings.warn(
/data/home/rtabares/anaconda3/envs/pyth3.12/lib/python3.12/site-packages/xgboost/core.py:377: FutureWarning: Your system has an old version of glibc (< 2.28). We will stop supporting Linux distros with glibc older than 2.28 after **May 31, 2025**. Please upgrade to a recent Linux distro (with glibc >= 2.28) to use future versions of XGBoost.
Note: You have installed the 'manylinux2014' variant of XGBoost. Certain features such as GPU algorithms or federated learning are not available. To use these features, please upgrade to a recent Linux distro with glibc 2.28+, and install the 'manylinux_2_28' variant.
  warnings.warn(
[I 2025-05-26 03:14:21,174] Trial 6 finished with value: 0.6 and parameters: {'n_estimators': 100, 'max_depth': 20, 'gamma': 0.6718205850237038, 'subsample': 0.9059511955902053, 'colsample_bytree': 0.9633413076219371}. Best is trial 3 with value: 0.65.
/data/home/rtabares/anaconda3/envs/pyth3.12/lib/python3.12/site-packages/xgboost/core.py:377: FutureWarning: Your system has an old version of glibc (< 2.28). We will stop supporting Linux distros with glibc older than 2.28 after **May 31, 2025**. Please upgrade to a recent Linux distro (with glibc >= 2.28) to use future versions of XGBoost.
Note: You have installed the 'manylinux2014' variant of XGBoost. Certain features such as GPU algorithms or federated learning are not available. To use these features, please upgrade to a recent Linux distro with glibc 2.28+, and install the 'manylinux_2_28' variant.
  warnings.warn(
/data/home/rtabares/anaconda3/envs/pyth3.12/lib/python3.12/site-packages/xgboost/core.py:377: FutureWarning: Your system has an old version of glibc (< 2.28). We will stop supporting Linux distros with glibc older than 2.28 after **May 31, 2025**. Please upgrade to a recent Linux distro (with glibc >= 2.28) to use future versions of XGBoost.
Note: You have installed the 'manylinux2014' variant of XGBoost. Certain features such as GPU algorithms or federated learning are not available. To use these features, please upgrade to a recent Linux distro with glibc 2.28+, and install the 'manylinux_2_28' variant.
  warnings.warn(
[I 2025-05-26 03:14:21,222] Trial 7 finished with value: 0.4 and parameters: {'n_estimators': 10, 'max_depth': 30, 'gamma': 0.8165284487704038, 'subsample': 0.5255714015506736, 'colsample_bytree': 0.594333867896554}. Best is trial 3 with value: 0.65.
/data/home/rtabares/anaconda3/envs/pyth3.12/lib/python3.12/site-packages/xgboost/core.py:377: FutureWarning: Your system has an old version of glibc (< 2.28). We will stop supporting Linux distros with glibc older than 2.28 after **May 31, 2025**. Please upgrade to a recent Linux distro (with glibc >= 2.28) to use future versions of XGBoost.
Note: You have installed the 'manylinux2014' variant of XGBoost. Certain features such as GPU algorithms or federated learning are not available. To use these features, please upgrade to a recent Linux distro with glibc 2.28+, and install the 'manylinux_2_28' variant.
  warnings.warn(
/data/home/rtabares/anaconda3/envs/pyth3.12/lib/python3.12/site-packages/xgboost/core.py:377: FutureWarning: Your system has an old version of glibc (< 2.28). We will stop supporting Linux distros with glibc older than 2.28 after **May 31, 2025**. Please upgrade to a recent Linux distro (with glibc >= 2.28) to use future versions of XGBoost.
Note: You have installed the 'manylinux2014' variant of XGBoost. Certain features such as GPU algorithms or federated learning are not available. To use these features, please upgrade to a recent Linux distro with glibc 2.28+, and install the 'manylinux_2_28' variant.
  warnings.warn(
[I 2025-05-26 03:14:21,288] Trial 8 finished with value: 0.6 and parameters: {'n_estimators': 100, 'max_depth': 20, 'gamma': 0.6251497693480509, 'subsample': 0.9696496759824258, 'colsample_bytree': 0.9717700410079397}. Best is trial 3 with value: 0.65.
/data/home/rtabares/anaconda3/envs/pyth3.12/lib/python3.12/site-packages/xgboost/core.py:377: FutureWarning: Your system has an old version of glibc (< 2.28). We will stop supporting Linux distros with glibc older than 2.28 after **May 31, 2025**. Please upgrade to a recent Linux distro (with glibc >= 2.28) to use future versions of XGBoost.
Note: You have installed the 'manylinux2014' variant of XGBoost. Certain features such as GPU algorithms or federated learning are not available. To use these features, please upgrade to a recent Linux distro with glibc 2.28+, and install the 'manylinux_2_28' variant.
  warnings.warn(
/data/home/rtabares/anaconda3/envs/pyth3.12/lib/python3.12/site-packages/xgboost/core.py:377: FutureWarning: Your system has an old version of glibc (< 2.28). We will stop supporting Linux distros with glibc older than 2.28 after **May 31, 2025**. Please upgrade to a recent Linux distro (with glibc >= 2.28) to use future versions of XGBoost.
Note: You have installed the 'manylinux2014' variant of XGBoost. Certain features such as GPU algorithms or federated learning are not available. To use these features, please upgrade to a recent Linux distro with glibc 2.28+, and install the 'manylinux_2_28' variant.
  warnings.warn(
/data/home/rtabares/anaconda3/envs/pyth3.12/lib/python3.12/site-packages/xgboost/core.py:377: FutureWarning: Your system has an old version of glibc (< 2.28). We will stop supporting Linux distros with glibc older than 2.28 after **May 31, 2025**. Please upgrade to a recent Linux distro (with glibc >= 2.28) to use future versions of XGBoost.
Note: You have installed the 'manylinux2014' variant of XGBoost. Certain features such as GPU algorithms or federated learning are not available. To use these features, please upgrade to a recent Linux distro with glibc 2.28+, and install the 'manylinux_2_28' variant.
  warnings.warn(
[I 2025-05-26 03:14:21,343] Trial 9 finished with value: 0.45 and parameters: {'n_estimators': 40, 'max_depth': 30, 'gamma': 0.9649927737686168, 'subsample': 0.6857563076640036, 'colsample_bytree': 0.5061847058001788}. Best is trial 3 with value: 0.65.
/data/home/rtabares/anaconda3/envs/pyth3.12/lib/python3.12/site-packages/xgboost/core.py:377: FutureWarning: Your system has an old version of glibc (< 2.28). We will stop supporting Linux distros with glibc older than 2.28 after **May 31, 2025**. Please upgrade to a recent Linux distro (with glibc >= 2.28) to use future versions of XGBoost.
Note: You have installed the 'manylinux2014' variant of XGBoost. Certain features such as GPU algorithms or federated learning are not available. To use these features, please upgrade to a recent Linux distro with glibc 2.28+, and install the 'manylinux_2_28' variant.
  warnings.warn(
/data/home/rtabares/anaconda3/envs/pyth3.12/lib/python3.12/site-packages/xgboost/core.py:377: FutureWarning: Your system has an old version of glibc (< 2.28). We will stop supporting Linux distros with glibc older than 2.28 after **May 31, 2025**. Please upgrade to a recent Linux distro (with glibc >= 2.28) to use future versions of XGBoost.
Note: You have installed the 'manylinux2014' variant of XGBoost. Certain features such as GPU algorithms or federated learning are not available. To use these features, please upgrade to a recent Linux distro with glibc 2.28+, and install the 'manylinux_2_28' variant.
  warnings.warn(
[I 2025-05-26 03:14:21,398] Trial 10 finished with value: 0.5 and parameters: {'n_estimators': 10, 'max_depth': 30, 'gamma': 0.17962098877423716, 'subsample': 0.8185311023645913, 'colsample_bytree': 0.8181024979210034}. Best is trial 3 with value: 0.65.
/data/home/rtabares/anaconda3/envs/pyth3.12/lib/python3.12/site-packages/xgboost/core.py:377: FutureWarning: Your system has an old version of glibc (< 2.28). We will stop supporting Linux distros with glibc older than 2.28 after **May 31, 2025**. Please upgrade to a recent Linux distro (with glibc >= 2.28) to use future versions of XGBoost.
Note: You have installed the 'manylinux2014' variant of XGBoost. Certain features such as GPU algorithms or federated learning are not available. To use these features, please upgrade to a recent Linux distro with glibc 2.28+, and install the 'manylinux_2_28' variant.
  warnings.warn(
[I 2025-05-26 03:14:22,117] Trial 11 finished with value: 0.5 and parameters: {'n_estimators': 10, 'max_depth': 20, 'gamma': 0.4309044066529876, 'subsample': 0.6051507994724706, 'colsample_bytree': 0.7817232382661631}. Best is trial 3 with value: 0.65.
/data/home/rtabares/anaconda3/envs/pyth3.12/lib/python3.12/site-packages/xgboost/core.py:377: FutureWarning: Your system has an old version of glibc (< 2.28). We will stop supporting Linux distros with glibc older than 2.28 after **May 31, 2025**. Please upgrade to a recent Linux distro (with glibc >= 2.28) to use future versions of XGBoost.
Note: You have installed the 'manylinux2014' variant of XGBoost. Certain features such as GPU algorithms or federated learning are not available. To use these features, please upgrade to a recent Linux distro with glibc 2.28+, and install the 'manylinux_2_28' variant.
  warnings.warn(
[I 2025-05-26 03:14:22,859] Trial 12 finished with value: 0.55 and parameters: {'n_estimators': 10, 'max_depth': 20, 'gamma': 0.28240418702901515, 'subsample': 0.6075140464738895, 'colsample_bytree': 0.8587660483806303}. Best is trial 3 with value: 0.65.
[I 2025-05-26 03:14:22,900] Trial 13 finished with value: 0.5 and parameters: {'n_estimators': 10, 'max_depth': 20, 'gamma': 0.49205318920874896, 'subsample': 0.5992941851070713, 'colsample_bytree': 0.7356729965722434}. Best is trial 3 with value: 0.65.
[I 2025-05-26 03:14:22,940] Trial 14 finished with value: 0.45 and parameters: {'n_estimators': 10, 'max_depth': 30, 'gamma': 0.10994622175030377, 'subsample': 0.5133361270951041, 'colsample_bytree': 0.7106194337227647}. Best is trial 3 with value: 0.65.
/data/home/rtabares/anaconda3/envs/pyth3.12/lib/python3.12/site-packages/xgboost/core.py:377: FutureWarning: Your system has an old version of glibc (< 2.28). We will stop supporting Linux distros with glibc older than 2.28 after **May 31, 2025**. Please upgrade to a recent Linux distro (with glibc >= 2.28) to use future versions of XGBoost.
Note: You have installed the 'manylinux2014' variant of XGBoost. Certain features such as GPU algorithms or federated learning are not available. To use these features, please upgrade to a recent Linux distro with glibc 2.28+, and install the 'manylinux_2_28' variant.
  warnings.warn(
[I 2025-05-26 03:14:23,651] Trial 15 finished with value: 0.5 and parameters: {'n_estimators': 10, 'max_depth': 30, 'gamma': 0.6879849342040444, 'subsample': 0.5745691896411897, 'colsample_bytree': 0.8795925819344408}. Best is trial 3 with value: 0.65.
/data/home/rtabares/anaconda3/envs/pyth3.12/lib/python3.12/site-packages/xgboost/core.py:377: FutureWarning: Your system has an old version of glibc (< 2.28). We will stop supporting Linux distros with glibc older than 2.28 after **May 31, 2025**. Please upgrade to a recent Linux distro (with glibc >= 2.28) to use future versions of XGBoost.
Note: You have installed the 'manylinux2014' variant of XGBoost. Certain features such as GPU algorithms or federated learning are not available. To use these features, please upgrade to a recent Linux distro with glibc 2.28+, and install the 'manylinux_2_28' variant.
  warnings.warn(
[I 2025-05-26 03:14:24,357] Trial 16 finished with value: 0.6 and parameters: {'n_estimators': 10, 'max_depth': 20, 'gamma': 0.3702046769414613, 'subsample': 0.6730116039662123, 'colsample_bytree': 0.6728207324839399}. Best is trial 3 with value: 0.65.
/data/home/rtabares/anaconda3/envs/pyth3.12/lib/python3.12/site-packages/xgboost/core.py:377: FutureWarning: Your system has an old version of glibc (< 2.28). We will stop supporting Linux distros with glibc older than 2.28 after **May 31, 2025**. Please upgrade to a recent Linux distro (with glibc >= 2.28) to use future versions of XGBoost.
Note: You have installed the 'manylinux2014' variant of XGBoost. Certain features such as GPU algorithms or federated learning are not available. To use these features, please upgrade to a recent Linux distro with glibc 2.28+, and install the 'manylinux_2_28' variant.
  warnings.warn(
[I 2025-05-26 03:14:25,056] Trial 17 finished with value: 0.6 and parameters: {'n_estimators': 10, 'max_depth': 30, 'gamma': 0.5715074489433116, 'subsample': 0.7960200786362753, 'colsample_bytree': 0.5808562336009346}. Best is trial 3 with value: 0.65.
[I 2025-05-26 03:14:25,096] Trial 18 finished with value: 0.55 and parameters: {'n_estimators': 10, 'max_depth': 20, 'gamma': 0.7740016574905875, 'subsample': 0.6484832531876555, 'colsample_bytree': 0.764933243836172}. Best is trial 3 with value: 0.65.
