[I 2025-05-18 17:55:11,807] Trial 8 finished with value: 0.7045454545454546 and parameters: {'n_estimators': 100, 'max_depth': 20, 'gamma': 0.8470554948938058, 'subsample': 0.860339005739911, 'colsample_bytree': 0.9331308414408237}. Best is trial 8 with value: 0.7045454545454546.
/data/home/rtabares/anaconda3/envs/pyth3.12/lib/python3.12/site-packages/xgboost/core.py:377: FutureWarning: Your system has an old version of glibc (< 2.28). We will stop supporting Linux distros with glibc older than 2.28 after **May 31, 2025**. Please upgrade to a recent Linux distro (with glibc >= 2.28) to use future versions of XGBoost.
Note: You have installed the 'manylinux2014' variant of XGBoost. Certain features such as GPU algorithms or federated learning are not available. To use these features, please upgrade to a recent Linux distro with glibc 2.28+, and install the 'manylinux_2_28' variant.
  warnings.warn(
/data/home/rtabares/anaconda3/envs/pyth3.12/lib/python3.12/site-packages/xgboost/core.py:377: FutureWarning: Your system has an old version of glibc (< 2.28). We will stop supporting Linux distros with glibc older than 2.28 after **May 31, 2025**. Please upgrade to a recent Linux distro (with glibc >= 2.28) to use future versions of XGBoost.
Note: You have installed the 'manylinux2014' variant of XGBoost. Certain features such as GPU algorithms or federated learning are not available. To use these features, please upgrade to a recent Linux distro with glibc 2.28+, and install the 'manylinux_2_28' variant.
  warnings.warn(
/data/home/rtabares/anaconda3/envs/pyth3.12/lib/python3.12/site-packages/xgboost/core.py:377: FutureWarning: Your system has an old version of glibc (< 2.28). We will stop supporting Linux distros with glibc older than 2.28 after **May 31, 2025**. Please upgrade to a recent Linux distro (with glibc >= 2.28) to use future versions of XGBoost.
Note: You have installed the 'manylinux2014' variant of XGBoost. Certain features such as GPU algorithms or federated learning are not available. To use these features, please upgrade to a recent Linux distro with glibc 2.28+, and install the 'manylinux_2_28' variant.
  warnings.warn(
/data/home/rtabares/anaconda3/envs/pyth3.12/lib/python3.12/site-packages/xgboost/core.py:377: FutureWarning: Your system has an old version of glibc (< 2.28). We will stop supporting Linux distros with glibc older than 2.28 after **May 31, 2025**. Please upgrade to a recent Linux distro (with glibc >= 2.28) to use future versions of XGBoost.
Note: You have installed the 'manylinux2014' variant of XGBoost. Certain features such as GPU algorithms or federated learning are not available. To use these features, please upgrade to a recent Linux distro with glibc 2.28+, and install the 'manylinux_2_28' variant.
  warnings.warn(
[I 2025-05-18 17:55:12,071] Trial 9 finished with value: 0.6454545454545455 and parameters: {'n_estimators': 100, 'max_depth': 30, 'gamma': 0.574951454577921, 'subsample': 0.9696020680119358, 'colsample_bytree': 0.8616917074936369}. Best is trial 8 with value: 0.7045454545454546.
/data/home/rtabares/anaconda3/envs/pyth3.12/lib/python3.12/site-packages/xgboost/core.py:377: FutureWarning: Your system has an old version of glibc (< 2.28). We will stop supporting Linux distros with glibc older than 2.28 after **May 31, 2025**. Please upgrade to a recent Linux distro (with glibc >= 2.28) to use future versions of XGBoost.
Note: You have installed the 'manylinux2014' variant of XGBoost. Certain features such as GPU algorithms or federated learning are not available. To use these features, please upgrade to a recent Linux distro with glibc 2.28+, and install the 'manylinux_2_28' variant.
  warnings.warn(
/data/home/rtabares/anaconda3/envs/pyth3.12/lib/python3.12/site-packages/xgboost/core.py:377: FutureWarning: Your system has an old version of glibc (< 2.28). We will stop supporting Linux distros with glibc older than 2.28 after **May 31, 2025**. Please upgrade to a recent Linux distro (with glibc >= 2.28) to use future versions of XGBoost.
Note: You have installed the 'manylinux2014' variant of XGBoost. Certain features such as GPU algorithms or federated learning are not available. To use these features, please upgrade to a recent Linux distro with glibc 2.28+, and install the 'manylinux_2_28' variant.
  warnings.warn(
/data/home/rtabares/anaconda3/envs/pyth3.12/lib/python3.12/site-packages/xgboost/core.py:377: FutureWarning: Your system has an old version of glibc (< 2.28). We will stop supporting Linux distros with glibc older than 2.28 after **May 31, 2025**. Please upgrade to a recent Linux distro (with glibc >= 2.28) to use future versions of XGBoost.
Note: You have installed the 'manylinux2014' variant of XGBoost. Certain features such as GPU algorithms or federated learning are not available. To use these features, please upgrade to a recent Linux distro with glibc 2.28+, and install the 'manylinux_2_28' variant.
  warnings.warn(
/data/home/rtabares/anaconda3/envs/pyth3.12/lib/python3.12/site-packages/xgboost/core.py:377: FutureWarning: Your system has an old version of glibc (< 2.28). We will stop supporting Linux distros with glibc older than 2.28 after **May 31, 2025**. Please upgrade to a recent Linux distro (with glibc >= 2.28) to use future versions of XGBoost.
Note: You have installed the 'manylinux2014' variant of XGBoost. Certain features such as GPU algorithms or federated learning are not available. To use these features, please upgrade to a recent Linux distro with glibc 2.28+, and install the 'manylinux_2_28' variant.
  warnings.warn(
[I 2025-05-18 17:56:04,063] A new study created in memory with name: rf
Parámetros guardados en checkpoint_default_Dlatent_G/ag/IPC_59/best_models_ag_seed_8_space_latent/xgb_best_params.json


>>> Optuna tuning rf metodo ag IPC 59 seed 8


[I 2025-05-18 17:56:06,557] Trial 0 finished with value: 0.6787878787878787 and parameters: {'n_estimators': 450, 'max_depth': 20, 'min_samples_split': 9, 'min_samples_leaf': 6}. Best is trial 0 with value: 0.6787878787878787.
[I 2025-05-18 17:56:08,361] Trial 1 finished with value: 0.6689393939393941 and parameters: {'n_estimators': 193, 'max_depth': 3, 'min_samples_split': 5, 'min_samples_leaf': 5}. Best is trial 0 with value: 0.6787878787878787.
[I 2025-05-18 17:56:10,723] Trial 2 finished with value: 0.6946969696969697 and parameters: {'n_estimators': 309, 'max_depth': 11, 'min_samples_split': 6, 'min_samples_leaf': 6}. Best is trial 2 with value: 0.6946969696969697.
[I 2025-05-18 17:56:12,881] Trial 3 finished with value: 0.7037878787878789 and parameters: {'n_estimators': 405, 'max_depth': 15, 'min_samples_split': 7, 'min_samples_leaf': 5}. Best is trial 3 with value: 0.7037878787878789.
[I 2025-05-18 17:56:13,670] Trial 4 finished with value: 0.668939393939394 and parameters: {'n_estimators': 215, 'max_depth': 20, 'min_samples_split': 5, 'min_samples_leaf': 3}. Best is trial 3 with value: 0.7037878787878789.
[I 2025-05-18 17:56:14,224] Trial 5 finished with value: 0.6696969696969696 and parameters: {'n_estimators': 126, 'max_depth': 20, 'min_samples_split': 3, 'min_samples_leaf': 4}. Best is trial 3 with value: 0.7037878787878789.
[I 2025-05-18 17:56:14,568] Trial 6 finished with value: 0.7212121212121212 and parameters: {'n_estimators': 128, 'max_depth': 7, 'min_samples_split': 5, 'min_samples_leaf': 9}. Best is trial 6 with value: 0.7212121212121212.
[I 2025-05-18 17:56:15,108] Trial 7 finished with value: 0.6704545454545455 and parameters: {'n_estimators': 238, 'max_depth': 20, 'min_samples_split': 2, 'min_samples_leaf': 4}. Best is trial 6 with value: 0.7212121212121212.
[I 2025-05-18 17:56:15,787] Trial 8 finished with value: 0.6765151515151515 and parameters: {'n_estimators': 252, 'max_depth': 16, 'min_samples_split': 10, 'min_samples_leaf': 4}. Best is trial 6 with value: 0.7212121212121212.
[I 2025-05-18 17:56:16,464] Trial 9 finished with value: 0.6954545454545455 and parameters: {'n_estimators': 273, 'max_depth': 7, 'min_samples_split': 9, 'min_samples_leaf': 7}. Best is trial 6 with value: 0.7212121212121212.
[I 2025-05-18 17:56:21,471] A new study created in memory with name: svc
Parámetros guardados en checkpoint_default_Dlatent_G/ag/IPC_59/best_models_ag_seed_8_space_latent/rf_best_params.json


>>> Optuna tuning svc metodo ag IPC 59 seed 8


[I 2025-05-18 17:56:22,888] Trial 0 finished with value: 0.2446969696969697 and parameters: {'C': 31.168622654226873, 'gamma': 0.7484497562485191}. Best is trial 0 with value: 0.2446969696969697.
[I 2025-05-18 17:56:23,822] Trial 1 finished with value: 0.24696969696969698 and parameters: {'C': 29.976309274600954, 'gamma': 0.013286872459026702}. Best is trial 1 with value: 0.24696969696969698.
[I 2025-05-18 17:56:23,858] Trial 2 finished with value: 0.525 and parameters: {'C': 0.08529298465080307, 'gamma': 0.00011106960237430257}. Best is trial 2 with value: 0.525.
[I 2025-05-18 17:56:23,885] Trial 3 finished with value: 0.5856060606060607 and parameters: {'C': 0.5270784658374341, 'gamma': 0.004068229457500922}. Best is trial 3 with value: 0.5856060606060607.
[I 2025-05-18 17:56:23,922] Trial 4 finished with value: 0.5181818181818182 and parameters: {'C': 1.2322495987505253, 'gamma': 0.008195343912941565}. Best is trial 3 with value: 0.5856060606060607.
[I 2025-05-18 17:56:23,947] Trial 5 finished with value: 0.45757575757575764 and parameters: {'C': 1.6650446929687996, 'gamma': 0.014912280706161869}. Best is trial 3 with value: 0.5856060606060607.
[I 2025-05-18 17:56:23,974] Trial 6 finished with value: 0.12727272727272726 and parameters: {'C': 11.055599623279033, 'gamma': 0.07071284267178823}. Best is trial 3 with value: 0.5856060606060607.
[I 2025-05-18 17:56:23,999] Trial 7 finished with value: 0.4924242424242424 and parameters: {'C': 3.0111222251271013, 'gamma': 0.00506252384623837}. Best is trial 3 with value: 0.5856060606060607.
[I 2025-05-18 17:56:24,026] Trial 8 finished with value: 0.3333333333333333 and parameters: {'C': 0.1433177931243846, 'gamma': 0.7859971382309453}. Best is trial 3 with value: 0.5856060606060607.
[I 2025-05-18 17:56:24,052] Trial 9 finished with value: 0.575 and parameters: {'C': 0.21631975482828378, 'gamma': 0.0007502469581683287}. Best is trial 3 with value: 0.5856060606060607.
[I 2025-05-18 17:56:26,899] A new study created in memory with name: logreg
Parámetros guardados en checkpoint_default_Dlatent_G/ag/IPC_59/best_models_ag_seed_8_space_latent/svc_best_params.json


>>> Optuna tuning logreg metodo ag IPC 59 seed 8


/data/home/rtabares/anaconda3/envs/pyth3.12/lib/python3.12/site-packages/sklearn/linear_model/_logistic.py:465: ConvergenceWarning: lbfgs failed to converge (status=1):
STOP: TOTAL NO. OF ITERATIONS REACHED LIMIT.

Increase the number of iterations (max_iter) or scale the data as shown in:
    https://scikit-learn.org/stable/modules/preprocessing.html
Please also refer to the documentation for alternative solver options:
    https://scikit-learn.org/stable/modules/linear_model.html#logistic-regression
  n_iter_i = _check_optimize_result(
/data/home/rtabares/anaconda3/envs/pyth3.12/lib/python3.12/site-packages/sklearn/linear_model/_logistic.py:465: ConvergenceWarning: lbfgs failed to converge (status=1):
STOP: TOTAL NO. OF ITERATIONS REACHED LIMIT.

Increase the number of iterations (max_iter) or scale the data as shown in:
    https://scikit-learn.org/stable/modules/preprocessing.html
Please also refer to the documentation for alternative solver options:
    https://scikit-learn.org/stable/modules/linear_model.html#logistic-regression
  n_iter_i = _check_optimize_result(
/data/home/rtabares/anaconda3/envs/pyth3.12/lib/python3.12/site-packages/sklearn/linear_model/_logistic.py:465: ConvergenceWarning: lbfgs failed to converge (status=1):
STOP: TOTAL NO. OF ITERATIONS REACHED LIMIT.

Increase the number of iterations (max_iter) or scale the data as shown in:
    https://scikit-learn.org/stable/modules/preprocessing.html
Please also refer to the documentation for alternative solver options:
    https://scikit-learn.org/stable/modules/linear_model.html#logistic-regression
  n_iter_i = _check_optimize_result(
/data/home/rtabares/anaconda3/envs/pyth3.12/lib/python3.12/site-packages/sklearn/linear_model/_logistic.py:465: ConvergenceWarning: lbfgs failed to converge (status=1):
STOP: TOTAL NO. OF ITERATIONS REACHED LIMIT.

Increase the number of iterations (max_iter) or scale the data as shown in:
    https://scikit-learn.org/stable/modules/preprocessing.html
Please also refer to the documentation for alternative solver options:
    https://scikit-learn.org/stable/modules/linear_model.html#logistic-regression
  n_iter_i = _check_optimize_result(
/data/home/rtabares/anaconda3/envs/pyth3.12/lib/python3.12/site-packages/sklearn/linear_model/_logistic.py:465: ConvergenceWarning: lbfgs failed to converge (status=1):
STOP: TOTAL NO. OF ITERATIONS REACHED LIMIT.

Increase the number of iterations (max_iter) or scale the data as shown in:
    https://scikit-learn.org/stable/modules/preprocessing.html
Please also refer to the documentation for alternative solver options:
    https://scikit-learn.org/stable/modules/linear_model.html#logistic-regression
  n_iter_i = _check_optimize_result(
[I 2025-05-18 17:56:31,712] Trial 0 finished with value: 0.5765151515151515 and parameters: {'C': 23.288794782471303, 'penalty': 'l2'}. Best is trial 0 with value: 0.5765151515151515.
/data/home/rtabares/anaconda3/envs/pyth3.12/lib/python3.12/site-packages/sklearn/linear_model/_logistic.py:465: ConvergenceWarning: lbfgs failed to converge (status=1):
STOP: TOTAL NO. OF ITERATIONS REACHED LIMIT.

Increase the number of iterations (max_iter) or scale the data as shown in:
    https://scikit-learn.org/stable/modules/preprocessing.html
Please also refer to the documentation for alternative solver options:
    https://scikit-learn.org/stable/modules/linear_model.html#logistic-regression
  n_iter_i = _check_optimize_result(
/data/home/rtabares/anaconda3/envs/pyth3.12/lib/python3.12/site-packages/sklearn/linear_model/_logistic.py:465: ConvergenceWarning: lbfgs failed to converge (status=1):
STOP: TOTAL NO. OF ITERATIONS REACHED LIMIT.

Increase the number of iterations (max_iter) or scale the data as shown in:
    https://scikit-learn.org/stable/modules/preprocessing.html
Please also refer to the documentation for alternative solver options:
    https://scikit-learn.org/stable/modules/linear_model.html#logistic-regression
  n_iter_i = _check_optimize_result(
/data/home/rtabares/anaconda3/envs/pyth3.12/lib/python3.12/site-packages/sklearn/linear_model/_logistic.py:465: ConvergenceWarning: lbfgs failed to converge (status=1):
STOP: TOTAL NO. OF ITERATIONS REACHED LIMIT.

Increase the number of iterations (max_iter) or scale the data as shown in:
    https://scikit-learn.org/stable/modules/preprocessing.html
Please also refer to the documentation for alternative solver options:
    https://scikit-learn.org/stable/modules/linear_model.html#logistic-regression
  n_iter_i = _check_optimize_result(
/data/home/rtabares/anaconda3/envs/pyth3.12/lib/python3.12/site-packages/sklearn/linear_model/_logistic.py:465: ConvergenceWarning: lbfgs failed to converge (status=1):
STOP: TOTAL NO. OF ITERATIONS REACHED LIMIT.

Increase the number of iterations (max_iter) or scale the data as shown in:
    https://scikit-learn.org/stable/modules/preprocessing.html
Please also refer to the documentation for alternative solver options:
    https://scikit-learn.org/stable/modules/linear_model.html#logistic-regression
  n_iter_i = _check_optimize_result(
/data/home/rtabares/anaconda3/envs/pyth3.12/lib/python3.12/site-packages/sklearn/linear_model/_logistic.py:465: ConvergenceWarning: lbfgs failed to converge (status=1):
STOP: TOTAL NO. OF ITERATIONS REACHED LIMIT.

Increase the number of iterations (max_iter) or scale the data as shown in:
    https://scikit-learn.org/stable/modules/preprocessing.html
Please also refer to the documentation for alternative solver options:
    https://scikit-learn.org/stable/modules/linear_model.html#logistic-regression
  n_iter_i = _check_optimize_result(
[I 2025-05-18 17:56:32,848] Trial 1 finished with value: 0.593939393939394 and parameters: {'C': 69.61507800412923, 'penalty': 'l2'}. Best is trial 1 with value: 0.593939393939394.
/data/home/rtabares/anaconda3/envs/pyth3.12/lib/python3.12/site-packages/sklearn/linear_model/_logistic.py:465: ConvergenceWarning: lbfgs failed to converge (status=1):
STOP: TOTAL NO. OF ITERATIONS REACHED LIMIT.

Increase the number of iterations (max_iter) or scale the data as shown in:
    https://scikit-learn.org/stable/modules/preprocessing.html
Please also refer to the documentation for alternative solver options:
    https://scikit-learn.org/stable/modules/linear_model.html#logistic-regression
  n_iter_i = _check_optimize_result(
/data/home/rtabares/anaconda3/envs/pyth3.12/lib/python3.12/site-packages/sklearn/linear_model/_logistic.py:465: ConvergenceWarning: lbfgs failed to converge (status=1):
STOP: TOTAL NO. OF ITERATIONS REACHED LIMIT.

Increase the number of iterations (max_iter) or scale the data as shown in:
    https://scikit-learn.org/stable/modules/preprocessing.html
Please also refer to the documentation for alternative solver options:
    https://scikit-learn.org/stable/modules/linear_model.html#logistic-regression
  n_iter_i = _check_optimize_result(
/data/home/rtabares/anaconda3/envs/pyth3.12/lib/python3.12/site-packages/sklearn/linear_model/_logistic.py:465: ConvergenceWarning: lbfgs failed to converge (status=1):
STOP: TOTAL NO. OF ITERATIONS REACHED LIMIT.

Increase the number of iterations (max_iter) or scale the data as shown in:
    https://scikit-learn.org/stable/modules/preprocessing.html
Please also refer to the documentation for alternative solver options:
    https://scikit-learn.org/stable/modules/linear_model.html#logistic-regression
  n_iter_i = _check_optimize_result(
/data/home/rtabares/anaconda3/envs/pyth3.12/lib/python3.12/site-packages/sklearn/linear_model/_logistic.py:465: ConvergenceWarning: lbfgs failed to converge (status=1):
STOP: TOTAL NO. OF ITERATIONS REACHED LIMIT.

Increase the number of iterations (max_iter) or scale the data as shown in:
    https://scikit-learn.org/stable/modules/preprocessing.html
Please also refer to the documentation for alternative solver options:
    https://scikit-learn.org/stable/modules/linear_model.html#logistic-regression
  n_iter_i = _check_optimize_result(
/data/home/rtabares/anaconda3/envs/pyth3.12/lib/python3.12/site-packages/sklearn/linear_model/_logistic.py:465: ConvergenceWarning: lbfgs failed to converge (status=1):
STOP: TOTAL NO. OF ITERATIONS REACHED LIMIT.

Increase the number of iterations (max_iter) or scale the data as shown in:
    https://scikit-learn.org/stable/modules/preprocessing.html
Please also refer to the documentation for alternative solver options:
    https://scikit-learn.org/stable/modules/linear_model.html#logistic-regression
  n_iter_i = _check_optimize_result(
[I 2025-05-18 17:56:33,741] Trial 2 finished with value: 0.5765151515151515 and parameters: {'C': 22.180569925473442, 'penalty': 'l2'}. Best is trial 1 with value: 0.593939393939394.
[I 2025-05-18 17:56:33,787] Trial 3 finished with value: 0.5772727272727274 and parameters: {'C': 0.4511058486037652, 'penalty': 'l2'}. Best is trial 1 with value: 0.593939393939394.
[I 2025-05-18 17:56:33,811] Trial 4 finished with value: 0.5946969696969697 and parameters: {'C': 0.014576110093994574, 'penalty': 'l2'}. Best is trial 4 with value: 0.5946969696969697.
[I 2025-05-18 17:56:33,853] Trial 5 finished with value: 0.5954545454545455 and parameters: {'C': 0.0011402340906886685, 'penalty': 'l2'}. Best is trial 5 with value: 0.5954545454545455.
[I 2025-05-18 17:56:33,922] Trial 6 finished with value: 0.5772727272727274 and parameters: {'C': 0.14201822862985758, 'penalty': 'l2'}. Best is trial 5 with value: 0.5954545454545455.
[I 2025-05-18 17:56:33,967] Trial 7 finished with value: 0.5856060606060607 and parameters: {'C': 0.1027440782219989, 'penalty': 'l2'}. Best is trial 5 with value: 0.5954545454545455.
[I 2025-05-18 17:56:34,021] Trial 8 finished with value: 0.5772727272727274 and parameters: {'C': 0.41055690122086846, 'penalty': 'l2'}. Best is trial 5 with value: 0.5954545454545455.
