[I 2025-05-26 03:33:52,027] Trial 9 finished with value: 0.75 and parameters: {'n_estimators': 40, 'max_depth': 30, 'gamma': 0.8599846034069103, 'subsample': 0.8019332783535529, 'colsample_bytree': 0.7936068454878676}. Best is trial 2 with value: 0.85.
/data/home/rtabares/anaconda3/envs/pyth3.12/lib/python3.12/site-packages/xgboost/core.py:377: FutureWarning: Your system has an old version of glibc (< 2.28). We will stop supporting Linux distros with glibc older than 2.28 after **May 31, 2025**. Please upgrade to a recent Linux distro (with glibc >= 2.28) to use future versions of XGBoost.
Note: You have installed the 'manylinux2014' variant of XGBoost. Certain features such as GPU algorithms or federated learning are not available. To use these features, please upgrade to a recent Linux distro with glibc 2.28+, and install the 'manylinux_2_28' variant.
  warnings.warn(
[I 2025-05-26 03:33:52,089] Trial 10 finished with value: 0.85 and parameters: {'n_estimators': 10, 'max_depth': 5, 'gamma': 0.11132541504315885, 'subsample': 0.676251899486003, 'colsample_bytree': 0.5127475876854589}. Best is trial 2 with value: 0.85.
/data/home/rtabares/anaconda3/envs/pyth3.12/lib/python3.12/site-packages/xgboost/core.py:377: FutureWarning: Your system has an old version of glibc (< 2.28). We will stop supporting Linux distros with glibc older than 2.28 after **May 31, 2025**. Please upgrade to a recent Linux distro (with glibc >= 2.28) to use future versions of XGBoost.
Note: You have installed the 'manylinux2014' variant of XGBoost. Certain features such as GPU algorithms or federated learning are not available. To use these features, please upgrade to a recent Linux distro with glibc 2.28+, and install the 'manylinux_2_28' variant.
  warnings.warn(
/data/home/rtabares/anaconda3/envs/pyth3.12/lib/python3.12/site-packages/xgboost/core.py:377: FutureWarning: Your system has an old version of glibc (< 2.28). We will stop supporting Linux distros with glibc older than 2.28 after **May 31, 2025**. Please upgrade to a recent Linux distro (with glibc >= 2.28) to use future versions of XGBoost.
Note: You have installed the 'manylinux2014' variant of XGBoost. Certain features such as GPU algorithms or federated learning are not available. To use these features, please upgrade to a recent Linux distro with glibc 2.28+, and install the 'manylinux_2_28' variant.
  warnings.warn(
[I 2025-05-26 03:33:52,744] Trial 11 finished with value: 0.85 and parameters: {'n_estimators': 10, 'max_depth': 5, 'gamma': 0.10542275268999206, 'subsample': 0.6833283641398806, 'colsample_bytree': 0.5220836427162747}. Best is trial 2 with value: 0.85.
/data/home/rtabares/anaconda3/envs/pyth3.12/lib/python3.12/site-packages/xgboost/core.py:377: FutureWarning: Your system has an old version of glibc (< 2.28). We will stop supporting Linux distros with glibc older than 2.28 after **May 31, 2025**. Please upgrade to a recent Linux distro (with glibc >= 2.28) to use future versions of XGBoost.
Note: You have installed the 'manylinux2014' variant of XGBoost. Certain features such as GPU algorithms or federated learning are not available. To use these features, please upgrade to a recent Linux distro with glibc 2.28+, and install the 'manylinux_2_28' variant.
  warnings.warn(
[I 2025-05-26 03:33:53,489] Trial 12 finished with value: 0.85 and parameters: {'n_estimators': 10, 'max_depth': 5, 'gamma': 0.6108590947025372, 'subsample': 0.6780502057427401, 'colsample_bytree': 0.5298430189555206}. Best is trial 2 with value: 0.85.
[I 2025-05-26 03:33:53,525] Trial 13 finished with value: 0.75 and parameters: {'n_estimators': 10, 'max_depth': 5, 'gamma': 0.11701644856579113, 'subsample': 0.5146749793878775, 'colsample_bytree': 0.5833613240219035}. Best is trial 2 with value: 0.85.
/data/home/rtabares/anaconda3/envs/pyth3.12/lib/python3.12/site-packages/xgboost/core.py:377: FutureWarning: Your system has an old version of glibc (< 2.28). We will stop supporting Linux distros with glibc older than 2.28 after **May 31, 2025**. Please upgrade to a recent Linux distro (with glibc >= 2.28) to use future versions of XGBoost.
Note: You have installed the 'manylinux2014' variant of XGBoost. Certain features such as GPU algorithms or federated learning are not available. To use these features, please upgrade to a recent Linux distro with glibc 2.28+, and install the 'manylinux_2_28' variant.
  warnings.warn(
[I 2025-05-26 03:33:54,189] Trial 14 finished with value: 0.85 and parameters: {'n_estimators': 10, 'max_depth': 5, 'gamma': 0.4000023985818805, 'subsample': 0.6421390529591685, 'colsample_bytree': 0.5013541727082262}. Best is trial 2 with value: 0.85.
[I 2025-05-26 03:33:54,227] Trial 15 finished with value: 0.75 and parameters: {'n_estimators': 10, 'max_depth': 20, 'gamma': 0.7394766872180837, 'subsample': 0.74617939134414, 'colsample_bytree': 0.6050189836638699}. Best is trial 2 with value: 0.85.
/data/home/rtabares/anaconda3/envs/pyth3.12/lib/python3.12/site-packages/xgboost/core.py:377: FutureWarning: Your system has an old version of glibc (< 2.28). We will stop supporting Linux distros with glibc older than 2.28 after **May 31, 2025**. Please upgrade to a recent Linux distro (with glibc >= 2.28) to use future versions of XGBoost.
Note: You have installed the 'manylinux2014' variant of XGBoost. Certain features such as GPU algorithms or federated learning are not available. To use these features, please upgrade to a recent Linux distro with glibc 2.28+, and install the 'manylinux_2_28' variant.
  warnings.warn(
[I 2025-05-26 03:33:54,890] Trial 16 finished with value: 0.8 and parameters: {'n_estimators': 100, 'max_depth': 5, 'gamma': 0.2511711553573408, 'subsample': 0.8778533814565002, 'colsample_bytree': 0.5710570474529844}. Best is trial 2 with value: 0.85.
/data/home/rtabares/anaconda3/envs/pyth3.12/lib/python3.12/site-packages/xgboost/core.py:377: FutureWarning: Your system has an old version of glibc (< 2.28). We will stop supporting Linux distros with glibc older than 2.28 after **May 31, 2025**. Please upgrade to a recent Linux distro (with glibc >= 2.28) to use future versions of XGBoost.
Note: You have installed the 'manylinux2014' variant of XGBoost. Certain features such as GPU algorithms or federated learning are not available. To use these features, please upgrade to a recent Linux distro with glibc 2.28+, and install the 'manylinux_2_28' variant.
  warnings.warn(
[I 2025-05-26 03:33:55,577] Trial 17 finished with value: 0.75 and parameters: {'n_estimators': 10, 'max_depth': 5, 'gamma': 0.4970448746010475, 'subsample': 0.7328502300102595, 'colsample_bytree': 0.9933840889987662}. Best is trial 2 with value: 0.85.
[I 2025-05-26 03:33:55,614] Trial 18 finished with value: 0.75 and parameters: {'n_estimators': 10, 'max_depth': 20, 'gamma': 0.8059359828429007, 'subsample': 0.6181206180821472, 'colsample_bytree': 0.6491859400572684}. Best is trial 2 with value: 0.85.
[I 2025-05-26 03:33:55,662] Trial 19 finished with value: 0.8 and parameters: {'n_estimators': 100, 'max_depth': 5, 'gamma': 0.6313653438994521, 'subsample': 0.8596842598852892, 'colsample_bytree': 0.6743780789749614}. Best is trial 2 with value: 0.85.
[I 2025-05-26 03:34:05,742] A new study created in memory with name: rf
Parámetros guardados en checkpoint_adult_Dlatent_G/ag/IPC_10/best_models_ag_seed_6_space_original/xgb_best_params.json


>>> Optuna tuning rf metodo ag IPC 10 seed 6


[I 2025-05-26 03:34:07,807] Trial 0 finished with value: 1.0 and parameters: {'n_estimators': 458, 'max_depth': 8, 'min_samples_split': 9, 'min_samples_leaf': 1}. Best is trial 0 with value: 1.0.
[I 2025-05-26 03:34:08,414] Trial 1 finished with value: 0.9 and parameters: {'n_estimators': 143, 'max_depth': 13, 'min_samples_split': 6, 'min_samples_leaf': 5}. Best is trial 0 with value: 1.0.
[I 2025-05-26 03:34:09,024] Trial 2 finished with value: 0.5 and parameters: {'n_estimators': 234, 'max_depth': 14, 'min_samples_split': 5, 'min_samples_leaf': 8}. Best is trial 0 with value: 1.0.
[I 2025-05-26 03:34:09,723] Trial 3 finished with value: 0.5 and parameters: {'n_estimators': 307, 'max_depth': 13, 'min_samples_split': 7, 'min_samples_leaf': 10}. Best is trial 0 with value: 1.0.
[I 2025-05-26 03:34:10,864] Trial 4 finished with value: 0.5 and parameters: {'n_estimators': 428, 'max_depth': 10, 'min_samples_split': 9, 'min_samples_leaf': 9}. Best is trial 0 with value: 1.0.
[I 2025-05-26 03:34:11,202] Trial 5 finished with value: 0.5 and parameters: {'n_estimators': 121, 'max_depth': 15, 'min_samples_split': 9, 'min_samples_leaf': 8}. Best is trial 0 with value: 1.0.
[I 2025-05-26 03:34:12,164] Trial 6 finished with value: 0.5 and parameters: {'n_estimators': 384, 'max_depth': 12, 'min_samples_split': 3, 'min_samples_leaf': 10}. Best is trial 0 with value: 1.0.
[I 2025-05-26 03:34:12,743] Trial 7 finished with value: 0.5 and parameters: {'n_estimators': 261, 'max_depth': 6, 'min_samples_split': 8, 'min_samples_leaf': 10}. Best is trial 0 with value: 1.0.
[I 2025-05-26 03:34:13,323] Trial 8 finished with value: 0.5 and parameters: {'n_estimators': 202, 'max_depth': 15, 'min_samples_split': 7, 'min_samples_leaf': 8}. Best is trial 0 with value: 1.0.
[I 2025-05-26 03:34:14,476] Trial 9 finished with value: 1.0 and parameters: {'n_estimators': 475, 'max_depth': 9, 'min_samples_split': 4, 'min_samples_leaf': 5}. Best is trial 0 with value: 1.0.
[I 2025-05-26 03:34:15,295] Trial 10 finished with value: 0.95 and parameters: {'n_estimators': 352, 'max_depth': 20, 'min_samples_split': 10, 'min_samples_leaf': 1}. Best is trial 0 with value: 1.0.
[I 2025-05-26 03:34:17,338] Trial 11 finished with value: 0.95 and parameters: {'n_estimators': 487, 'max_depth': 5, 'min_samples_split': 3, 'min_samples_leaf': 1}. Best is trial 0 with value: 1.0.
[I 2025-05-26 03:34:19,718] Trial 12 finished with value: 1.0 and parameters: {'n_estimators': 492, 'max_depth': 8, 'min_samples_split': 4, 'min_samples_leaf': 4}. Best is trial 0 with value: 1.0.
[I 2025-05-26 03:34:20,760] Trial 13 finished with value: 1.0 and parameters: {'n_estimators': 422, 'max_depth': 3, 'min_samples_split': 5, 'min_samples_leaf': 3}. Best is trial 0 with value: 1.0.
[I 2025-05-26 03:34:23,405] Trial 14 finished with value: 0.95 and parameters: {'n_estimators': 432, 'max_depth': 9, 'min_samples_split': 2, 'min_samples_leaf': 6}. Best is trial 0 with value: 1.0.
[I 2025-05-26 03:34:24,494] Trial 15 finished with value: 1.0 and parameters: {'n_estimators': 341, 'max_depth': 7, 'min_samples_split': 5, 'min_samples_leaf': 3}. Best is trial 0 with value: 1.0.
[I 2025-05-26 03:34:26,111] Trial 16 finished with value: 0.9 and parameters: {'n_estimators': 498, 'max_depth': 18, 'min_samples_split': 10, 'min_samples_leaf': 6}. Best is trial 0 with value: 1.0.
[I 2025-05-26 03:34:27,828] Trial 17 finished with value: 0.95 and parameters: {'n_estimators': 453, 'max_depth': 11, 'min_samples_split': 7, 'min_samples_leaf': 2}. Best is trial 0 with value: 1.0.
[I 2025-05-26 03:34:29,067] Trial 18 finished with value: 1.0 and parameters: {'n_estimators': 385, 'max_depth': 4, 'min_samples_split': 2, 'min_samples_leaf': 5}. Best is trial 0 with value: 1.0.
[I 2025-05-26 03:34:30,289] Trial 19 finished with value: 1.0 and parameters: {'n_estimators': 385, 'max_depth': 8, 'min_samples_split': 4, 'min_samples_leaf': 3}. Best is trial 0 with value: 1.0.
[I 2025-05-26 03:34:39,383] A new study created in memory with name: svc
Parámetros guardados en checkpoint_adult_Dlatent_G/ag/IPC_10/best_models_ag_seed_6_space_original/rf_best_params.json


>>> Optuna tuning svc metodo ag IPC 10 seed 6


[I 2025-05-26 03:34:40,333] Trial 0 finished with value: 0.6 and parameters: {'C': 37.27697013499731, 'gamma': 0.0021277432488243223}. Best is trial 0 with value: 0.6.
[I 2025-05-26 03:34:40,348] Trial 1 finished with value: 0.5 and parameters: {'C': 19.271543171162776, 'gamma': 0.00014682043379470554}. Best is trial 0 with value: 0.6.
[I 2025-05-26 03:34:40,362] Trial 2 finished with value: 0.5 and parameters: {'C': 0.0269542169583157, 'gamma': 0.023999835049635022}. Best is trial 0 with value: 0.6.
[I 2025-05-26 03:34:40,387] Trial 3 finished with value: 0.5 and parameters: {'C': 1.3160410886450586, 'gamma': 0.0047340159215720195}. Best is trial 0 with value: 0.6.
[I 2025-05-26 03:34:40,400] Trial 4 finished with value: 0.65 and parameters: {'C': 0.21959952535674737, 'gamma': 0.030908485742507576}. Best is trial 4 with value: 0.65.
[I 2025-05-26 03:34:40,414] Trial 5 finished with value: 0.5 and parameters: {'C': 0.5656733313644114, 'gamma': 0.08780685564625502}. Best is trial 4 with value: 0.65.
[I 2025-05-26 03:34:40,427] Trial 6 finished with value: 0.65 and parameters: {'C': 1.1807165425157664, 'gamma': 0.020674470756231633}. Best is trial 4 with value: 0.65.
[I 2025-05-26 03:34:40,440] Trial 7 finished with value: 0.3 and parameters: {'C': 3.8143486186647126, 'gamma': 0.9138966502602072}. Best is trial 4 with value: 0.65.
[I 2025-05-26 03:34:40,453] Trial 8 finished with value: 0.6 and parameters: {'C': 19.029737066374768, 'gamma': 0.004495766421289856}. Best is trial 4 with value: 0.65.
[I 2025-05-26 03:34:40,467] Trial 9 finished with value: 0.55 and parameters: {'C': 31.994153257994277, 'gamma': 0.19725941020937518}. Best is trial 4 with value: 0.65.
[I 2025-05-26 03:34:40,488] Trial 10 finished with value: 0.5 and parameters: {'C': 0.03364484755032396, 'gamma': 0.0004167172324802366}. Best is trial 4 with value: 0.65.
[I 2025-05-26 03:34:40,508] Trial 11 finished with value: 0.5 and parameters: {'C': 0.17115368615984916, 'gamma': 0.024250401875611116}. Best is trial 4 with value: 0.65.
[I 2025-05-26 03:34:41,986] Trial 12 finished with value: 0.6 and parameters: {'C': 0.1774948288245935, 'gamma': 0.06847791577922648}. Best is trial 4 with value: 0.65.
[I 2025-05-26 03:34:42,008] Trial 13 finished with value: 0.6 and parameters: {'C': 3.2848105613054788, 'gamma': 0.013870975111650048}. Best is trial 4 with value: 0.65.
[I 2025-05-26 03:34:42,042] Trial 14 finished with value: 0.45 and parameters: {'C': 0.1872225378443656, 'gamma': 0.34185618383667715}. Best is trial 4 with value: 0.65.
[I 2025-05-26 03:34:42,063] Trial 15 finished with value: 0.5 and parameters: {'C': 0.010704170677380623, 'gamma': 0.001217914878936091}. Best is trial 4 with value: 0.65.
[I 2025-05-26 03:34:42,099] Trial 16 finished with value: 0.7 and parameters: {'C': 0.7288070414182312, 'gamma': 0.04569381793564671}. Best is trial 16 with value: 0.7.
[I 2025-05-26 03:34:42,118] Trial 17 finished with value: 0.7 and parameters: {'C': 0.41005304248865443, 'gamma': 0.04962138310743256}. Best is trial 16 with value: 0.7.
[I 2025-05-26 03:34:43,234] Trial 18 finished with value: 0.5 and parameters: {'C': 4.028013153789631, 'gamma': 0.0966470176030679}. Best is trial 16 with value: 0.7.
[I 2025-05-26 03:34:43,256] Trial 19 finished with value: 0.45 and parameters: {'C': 0.44082800496416064, 'gamma': 0.5349528776444162}. Best is trial 16 with value: 0.7.
[I 2025-05-26 03:34:48,848] A new study created in memory with name: logreg
Parámetros guardados en checkpoint_adult_Dlatent_G/ag/IPC_10/best_models_ag_seed_6_space_original/svc_best_params.json


>>> Optuna tuning logreg metodo ag IPC 10 seed 6


[I 2025-05-26 03:34:51,321] Trial 0 finished with value: 0.6 and parameters: {'C': 29.127335430981816, 'penalty': 'l2'}. Best is trial 0 with value: 0.6.
[I 2025-05-26 03:34:51,453] Trial 1 finished with value: 0.75 and parameters: {'C': 0.045698192893558344, 'penalty': 'l2'}. Best is trial 1 with value: 0.75.
[I 2025-05-26 03:34:51,491] Trial 2 finished with value: 0.55 and parameters: {'C': 12.768668597712947, 'penalty': 'l2'}. Best is trial 1 with value: 0.75.
[I 2025-05-26 03:34:51,515] Trial 3 finished with value: 0.6 and parameters: {'C': 0.0016161554408462638, 'penalty': 'l2'}. Best is trial 1 with value: 0.75.
[I 2025-05-26 03:34:51,528] Trial 4 finished with value: 0.65 and parameters: {'C': 0.0034536903703241734, 'penalty': 'l2'}. Best is trial 1 with value: 0.75.
[I 2025-05-26 03:34:51,551] Trial 5 finished with value: 0.6 and parameters: {'C': 0.9446269266990148, 'penalty': 'l2'}. Best is trial 1 with value: 0.75.
[I 2025-05-26 03:34:51,584] Trial 6 finished with value: 0.55 and parameters: {'C': 0.4457453393648168, 'penalty': 'l2'}. Best is trial 1 with value: 0.75.
[I 2025-05-26 03:34:51,599] Trial 7 finished with value: 0.6 and parameters: {'C': 0.12417585037258261, 'penalty': 'l2'}. Best is trial 1 with value: 0.75.
[I 2025-05-26 03:34:51,622] Trial 8 finished with value: 0.75 and parameters: {'C': 0.04753781830244093, 'penalty': 'l2'}. Best is trial 1 with value: 0.75.
[I 2025-05-26 03:34:51,646] Trial 9 finished with value: 0.55 and parameters: {'C': 1.2959766028194148, 'penalty': 'l2'}. Best is trial 1 with value: 0.75.
[I 2025-05-26 03:34:51,674] Trial 10 finished with value: 0.65 and parameters: {'C': 0.02024823315667757, 'penalty': 'l2'}. Best is trial 1 with value: 0.75.
[I 2025-05-26 03:34:51,701] Trial 11 finished with value: 0.75 and parameters: {'C': 0.033823105357511776, 'penalty': 'l2'}. Best is trial 1 with value: 0.75.
[I 2025-05-26 03:34:53,607] Trial 12 finished with value: 0.65 and parameters: {'C': 0.01687525967399137, 'penalty': 'l2'}. Best is trial 1 with value: 0.75.
[I 2025-05-26 03:34:53,642] Trial 13 finished with value: 0.65 and parameters: {'C': 0.08927054814637196, 'penalty': 'l2'}. Best is trial 1 with value: 0.75.
[I 2025-05-26 03:34:53,698] Trial 14 finished with value: 0.65 and parameters: {'C': 0.007421596657289348, 'penalty': 'l2'}. Best is trial 1 with value: 0.75.
[I 2025-05-26 03:34:53,718] Trial 15 finished with value: 0.6 and parameters: {'C': 0.12596206158983486, 'penalty': 'l2'}. Best is trial 1 with value: 0.75.
[I 2025-05-26 03:34:53,757] Trial 16 finished with value: 0.5 and parameters: {'C': 4.0439489390104955, 'penalty': 'l2'}. Best is trial 1 with value: 0.75.
[I 2025-05-26 03:34:53,776] Trial 17 finished with value: 0.6 and parameters: {'C': 0.0011693084353487943, 'penalty': 'l2'}. Best is trial 1 with value: 0.75.
[I 2025-05-26 03:34:53,796] Trial 18 finished with value: 0.75 and parameters: {'C': 0.05634633920602504, 'penalty': 'l2'}. Best is trial 1 with value: 0.75.
[I 2025-05-26 03:34:53,829] Trial 19 finished with value: 0.55 and parameters: {'C': 0.2924805018567681, 'penalty': 'l2'}. Best is trial 1 with value: 0.75.
/data/home/rtabares/anaconda3/envs/pyth3.12/lib/python3.12/site-packages/xgboost/core.py:377: FutureWarning: Your system has an old version of glibc (< 2.28). We will stop supporting Linux distros with glibc older than 2.28 after **May 31, 2025**. Please upgrade to a recent Linux distro (with glibc >= 2.28) to use future versions of XGBoost.
Note: You have installed the 'manylinux2014' variant of XGBoost. Certain features such as GPU algorithms or federated learning are not available. To use these features, please upgrade to a recent Linux distro with glibc 2.28+, and install the 'manylinux_2_28' variant.
  warnings.warn(
[I 2025-05-26 03:34:58,776] A new study created in memory with name: mlp
Parámetros guardados en checkpoint_adult_Dlatent_G/ag/IPC_10/best_models_ag_seed_6_space_original/logreg_best_params.json


>>> Optuna tuning mlp metodo ag IPC 10 seed 6


/data/home/rtabares/anaconda3/envs/pyth3.12/lib/python3.12/site-packages/sklearn/neural_network/_multilayer_perceptron.py:691: ConvergenceWarning: Stochastic Optimizer: Maximum iterations (100) reached and the optimization hasn't converged yet.
  warnings.warn(
/data/home/rtabares/anaconda3/envs/pyth3.12/lib/python3.12/site-packages/sklearn/neural_network/_multilayer_perceptron.py:691: ConvergenceWarning: Stochastic Optimizer: Maximum iterations (100) reached and the optimization hasn't converged yet.
  warnings.warn(
/data/home/rtabares/anaconda3/envs/pyth3.12/lib/python3.12/site-packages/sklearn/neural_network/_multilayer_perceptron.py:691: ConvergenceWarning: Stochastic Optimizer: Maximum iterations (100) reached and the optimization hasn't converged yet.
  warnings.warn(
/data/home/rtabares/anaconda3/envs/pyth3.12/lib/python3.12/site-packages/sklearn/neural_network/_multilayer_perceptron.py:691: ConvergenceWarning: Stochastic Optimizer: Maximum iterations (100) reached and the optimization hasn't converged yet.
  warnings.warn(
/data/home/rtabares/anaconda3/envs/pyth3.12/lib/python3.12/site-packages/sklearn/neural_network/_multilayer_perceptron.py:691: ConvergenceWarning: Stochastic Optimizer: Maximum iterations (100) reached and the optimization hasn't converged yet.
  warnings.warn(
