[I 2025-05-18 17:24:13,100] Trial 8 finished with value: 0.4333333333333333 and parameters: {'n_estimators': 100, 'max_depth': 30, 'gamma': 0.2471398756881566, 'subsample': 0.8241126205332553, 'colsample_bytree': 0.6258070715852391}. Best is trial 7 with value: 0.6333333333333333.
/data/home/rtabares/anaconda3/envs/pyth3.12/lib/python3.12/site-packages/xgboost/core.py:377: FutureWarning: Your system has an old version of glibc (< 2.28). We will stop supporting Linux distros with glibc older than 2.28 after **May 31, 2025**. Please upgrade to a recent Linux distro (with glibc >= 2.28) to use future versions of XGBoost.
Note: You have installed the 'manylinux2014' variant of XGBoost. Certain features such as GPU algorithms or federated learning are not available. To use these features, please upgrade to a recent Linux distro with glibc 2.28+, and install the 'manylinux_2_28' variant.
  warnings.warn(
/data/home/rtabares/anaconda3/envs/pyth3.12/lib/python3.12/site-packages/xgboost/core.py:377: FutureWarning: Your system has an old version of glibc (< 2.28). We will stop supporting Linux distros with glibc older than 2.28 after **May 31, 2025**. Please upgrade to a recent Linux distro (with glibc >= 2.28) to use future versions of XGBoost.
Note: You have installed the 'manylinux2014' variant of XGBoost. Certain features such as GPU algorithms or federated learning are not available. To use these features, please upgrade to a recent Linux distro with glibc 2.28+, and install the 'manylinux_2_28' variant.
  warnings.warn(
/data/home/rtabares/anaconda3/envs/pyth3.12/lib/python3.12/site-packages/xgboost/core.py:377: FutureWarning: Your system has an old version of glibc (< 2.28). We will stop supporting Linux distros with glibc older than 2.28 after **May 31, 2025**. Please upgrade to a recent Linux distro (with glibc >= 2.28) to use future versions of XGBoost.
Note: You have installed the 'manylinux2014' variant of XGBoost. Certain features such as GPU algorithms or federated learning are not available. To use these features, please upgrade to a recent Linux distro with glibc 2.28+, and install the 'manylinux_2_28' variant.
  warnings.warn(
/data/home/rtabares/anaconda3/envs/pyth3.12/lib/python3.12/site-packages/xgboost/core.py:377: FutureWarning: Your system has an old version of glibc (< 2.28). We will stop supporting Linux distros with glibc older than 2.28 after **May 31, 2025**. Please upgrade to a recent Linux distro (with glibc >= 2.28) to use future versions of XGBoost.
Note: You have installed the 'manylinux2014' variant of XGBoost. Certain features such as GPU algorithms or federated learning are not available. To use these features, please upgrade to a recent Linux distro with glibc 2.28+, and install the 'manylinux_2_28' variant.
  warnings.warn(
[I 2025-05-18 17:24:13,207] Trial 9 finished with value: 0.3833333333333333 and parameters: {'n_estimators': 40, 'max_depth': 30, 'gamma': 0.8599846034069103, 'subsample': 0.8019332783535529, 'colsample_bytree': 0.7936068454878676}. Best is trial 7 with value: 0.6333333333333333.
/data/home/rtabares/anaconda3/envs/pyth3.12/lib/python3.12/site-packages/xgboost/core.py:377: FutureWarning: Your system has an old version of glibc (< 2.28). We will stop supporting Linux distros with glibc older than 2.28 after **May 31, 2025**. Please upgrade to a recent Linux distro (with glibc >= 2.28) to use future versions of XGBoost.
Note: You have installed the 'manylinux2014' variant of XGBoost. Certain features such as GPU algorithms or federated learning are not available. To use these features, please upgrade to a recent Linux distro with glibc 2.28+, and install the 'manylinux_2_28' variant.
  warnings.warn(
/data/home/rtabares/anaconda3/envs/pyth3.12/lib/python3.12/site-packages/xgboost/core.py:377: FutureWarning: Your system has an old version of glibc (< 2.28). We will stop supporting Linux distros with glibc older than 2.28 after **May 31, 2025**. Please upgrade to a recent Linux distro (with glibc >= 2.28) to use future versions of XGBoost.
Note: You have installed the 'manylinux2014' variant of XGBoost. Certain features such as GPU algorithms or federated learning are not available. To use these features, please upgrade to a recent Linux distro with glibc 2.28+, and install the 'manylinux_2_28' variant.
  warnings.warn(
/data/home/rtabares/anaconda3/envs/pyth3.12/lib/python3.12/site-packages/xgboost/core.py:377: FutureWarning: Your system has an old version of glibc (< 2.28). We will stop supporting Linux distros with glibc older than 2.28 after **May 31, 2025**. Please upgrade to a recent Linux distro (with glibc >= 2.28) to use future versions of XGBoost.
Note: You have installed the 'manylinux2014' variant of XGBoost. Certain features such as GPU algorithms or federated learning are not available. To use these features, please upgrade to a recent Linux distro with glibc 2.28+, and install the 'manylinux_2_28' variant.
  warnings.warn(
[I 2025-05-18 17:24:18,067] A new study created in memory with name: rf
Parámetros guardados en checkpoint_shoppers_Dlatent_F/craig/IPC_17/best_models_craig_seed_6_space_latent/xgb_best_params.json


>>> Optuna tuning rf metodo craig IPC 17 seed 6


[I 2025-05-18 17:24:21,997] Trial 0 finished with value: 0.6166666666666666 and parameters: {'n_estimators': 458, 'max_depth': 8, 'min_samples_split': 9, 'min_samples_leaf': 1}. Best is trial 0 with value: 0.6166666666666666.
[I 2025-05-18 17:24:22,766] Trial 1 finished with value: 0.65 and parameters: {'n_estimators': 143, 'max_depth': 13, 'min_samples_split': 6, 'min_samples_leaf': 5}. Best is trial 1 with value: 0.65.
[I 2025-05-18 17:24:24,896] Trial 2 finished with value: 0.5 and parameters: {'n_estimators': 234, 'max_depth': 14, 'min_samples_split': 5, 'min_samples_leaf': 8}. Best is trial 1 with value: 0.65.
[I 2025-05-18 17:24:25,880] Trial 3 finished with value: 0.5 and parameters: {'n_estimators': 307, 'max_depth': 13, 'min_samples_split': 7, 'min_samples_leaf': 10}. Best is trial 1 with value: 0.65.
[I 2025-05-18 17:24:27,252] Trial 4 finished with value: 0.5 and parameters: {'n_estimators': 428, 'max_depth': 10, 'min_samples_split': 9, 'min_samples_leaf': 9}. Best is trial 1 with value: 0.65.
[I 2025-05-18 17:24:27,804] Trial 5 finished with value: 0.5 and parameters: {'n_estimators': 121, 'max_depth': 15, 'min_samples_split': 9, 'min_samples_leaf': 8}. Best is trial 1 with value: 0.65.
[I 2025-05-18 17:24:28,733] Trial 6 finished with value: 0.5 and parameters: {'n_estimators': 384, 'max_depth': 12, 'min_samples_split': 3, 'min_samples_leaf': 10}. Best is trial 1 with value: 0.65.
[I 2025-05-18 17:24:29,461] Trial 7 finished with value: 0.5 and parameters: {'n_estimators': 261, 'max_depth': 6, 'min_samples_split': 8, 'min_samples_leaf': 10}. Best is trial 1 with value: 0.65.
[I 2025-05-18 17:24:30,346] Trial 8 finished with value: 0.5 and parameters: {'n_estimators': 202, 'max_depth': 15, 'min_samples_split': 7, 'min_samples_leaf': 8}. Best is trial 1 with value: 0.65.
[I 2025-05-18 17:24:32,703] Trial 9 finished with value: 0.6666666666666666 and parameters: {'n_estimators': 475, 'max_depth': 9, 'min_samples_split': 4, 'min_samples_leaf': 5}. Best is trial 9 with value: 0.6666666666666666.
[I 2025-05-18 17:24:44,817] A new study created in memory with name: svc
Parámetros guardados en checkpoint_shoppers_Dlatent_F/craig/IPC_17/best_models_craig_seed_6_space_latent/rf_best_params.json


>>> Optuna tuning svc metodo craig IPC 17 seed 6


[I 2025-05-18 17:24:48,891] Trial 0 finished with value: 0.5 and parameters: {'C': 37.27697013499731, 'gamma': 0.0021277432488243223}. Best is trial 0 with value: 0.5.
[I 2025-05-18 17:24:50,809] Trial 1 finished with value: 0.6666666666666666 and parameters: {'C': 19.271543171162776, 'gamma': 0.00014682043379470554}. Best is trial 1 with value: 0.6666666666666666.
[I 2025-05-18 17:24:52,596] Trial 2 finished with value: 0.5 and parameters: {'C': 0.0269542169583157, 'gamma': 0.023999835049635022}. Best is trial 1 with value: 0.6666666666666666.
[I 2025-05-18 17:24:54,346] Trial 3 finished with value: 0.5 and parameters: {'C': 1.3160410886450586, 'gamma': 0.0047340159215720195}. Best is trial 1 with value: 0.6666666666666666.
[I 2025-05-18 17:24:54,360] Trial 4 finished with value: 0.5 and parameters: {'C': 0.21959952535674737, 'gamma': 0.030908485742507576}. Best is trial 1 with value: 0.6666666666666666.
[I 2025-05-18 17:24:54,372] Trial 5 finished with value: 0.5 and parameters: {'C': 0.5656733313644114, 'gamma': 0.08780685564625502}. Best is trial 1 with value: 0.6666666666666666.
[I 2025-05-18 17:24:54,385] Trial 6 finished with value: 0.5 and parameters: {'C': 1.1807165425157664, 'gamma': 0.020674470756231633}. Best is trial 1 with value: 0.6666666666666666.
[I 2025-05-18 17:24:54,398] Trial 7 finished with value: 0.5 and parameters: {'C': 3.8143486186647126, 'gamma': 0.9138966502602072}. Best is trial 1 with value: 0.6666666666666666.
[I 2025-05-18 17:24:54,411] Trial 8 finished with value: 0.5 and parameters: {'C': 19.029737066374768, 'gamma': 0.004495766421289856}. Best is trial 1 with value: 0.6666666666666666.
[I 2025-05-18 17:24:54,424] Trial 9 finished with value: 0.5 and parameters: {'C': 31.994153257994277, 'gamma': 0.19725941020937518}. Best is trial 1 with value: 0.6666666666666666.
[I 2025-05-18 17:25:00,503] A new study created in memory with name: logreg
Parámetros guardados en checkpoint_shoppers_Dlatent_F/craig/IPC_17/best_models_craig_seed_6_space_latent/svc_best_params.json


>>> Optuna tuning logreg metodo craig IPC 17 seed 6


[I 2025-05-18 17:25:04,917] Trial 0 finished with value: 0.5666666666666667 and parameters: {'C': 29.127335430981816, 'penalty': 'l2'}. Best is trial 0 with value: 0.5666666666666667.
[I 2025-05-18 17:25:06,974] Trial 1 finished with value: 0.6666666666666666 and parameters: {'C': 0.045698192893558344, 'penalty': 'l2'}. Best is trial 1 with value: 0.6666666666666666.
[I 2025-05-18 17:25:06,999] Trial 2 finished with value: 0.5666666666666667 and parameters: {'C': 12.768668597712947, 'penalty': 'l2'}. Best is trial 1 with value: 0.6666666666666666.
[I 2025-05-18 17:25:07,023] Trial 3 finished with value: 0.5 and parameters: {'C': 0.0016161554408462638, 'penalty': 'l2'}. Best is trial 1 with value: 0.6666666666666666.
[I 2025-05-18 17:25:08,177] Trial 4 finished with value: 0.5 and parameters: {'C': 0.0034536903703241734, 'penalty': 'l2'}. Best is trial 1 with value: 0.6666666666666666.
[I 2025-05-18 17:25:08,192] Trial 5 finished with value: 0.6666666666666666 and parameters: {'C': 0.9446269266990148, 'penalty': 'l2'}. Best is trial 1 with value: 0.6666666666666666.
[I 2025-05-18 17:25:08,225] Trial 6 finished with value: 0.6666666666666666 and parameters: {'C': 0.4457453393648168, 'penalty': 'l2'}. Best is trial 1 with value: 0.6666666666666666.
[I 2025-05-18 17:25:08,248] Trial 7 finished with value: 0.6666666666666666 and parameters: {'C': 0.12417585037258261, 'penalty': 'l2'}. Best is trial 1 with value: 0.6666666666666666.
[I 2025-05-18 17:25:08,271] Trial 8 finished with value: 0.6666666666666666 and parameters: {'C': 0.04753781830244093, 'penalty': 'l2'}. Best is trial 1 with value: 0.6666666666666666.
[I 2025-05-18 17:25:08,294] Trial 9 finished with value: 0.6666666666666666 and parameters: {'C': 1.2959766028194148, 'penalty': 'l2'}. Best is trial 1 with value: 0.6666666666666666.
[I 2025-05-18 17:25:17,996] A new study created in memory with name: mlp
Parámetros guardados en checkpoint_shoppers_Dlatent_F/craig/IPC_17/best_models_craig_seed_6_space_latent/logreg_best_params.json


>>> Optuna tuning mlp metodo craig IPC 17 seed 6


[I 2025-05-18 17:25:20,794] Trial 0 finished with value: 0.4666666666666666 and parameters: {'hidden_layer_sizes': (100,), 'max_iter': 100, 'alpha': 0.0001}. Best is trial 0 with value: 0.4666666666666666.
[I 2025-05-18 17:25:23,361] Trial 1 finished with value: 0.55 and parameters: {'hidden_layer_sizes': (100, 100), 'max_iter': 100, 'alpha': 0.001}. Best is trial 1 with value: 0.55.
[I 2025-05-18 17:25:26,077] Trial 2 finished with value: 0.4833333333333333 and parameters: {'hidden_layer_sizes': (200,), 'max_iter': 100, 'alpha': 0.0001}. Best is trial 1 with value: 0.55.
/data/home/rtabares/anaconda3/envs/pyth3.12/lib/python3.12/site-packages/sklearn/neural_network/_multilayer_perceptron.py:691: ConvergenceWarning: Stochastic Optimizer: Maximum iterations (50) reached and the optimization hasn't converged yet.
  warnings.warn(
/data/home/rtabares/anaconda3/envs/pyth3.12/lib/python3.12/site-packages/sklearn/neural_network/_multilayer_perceptron.py:691: ConvergenceWarning: Stochastic Optimizer: Maximum iterations (50) reached and the optimization hasn't converged yet.
  warnings.warn(
/data/home/rtabares/anaconda3/envs/pyth3.12/lib/python3.12/site-packages/sklearn/neural_network/_multilayer_perceptron.py:691: ConvergenceWarning: Stochastic Optimizer: Maximum iterations (50) reached and the optimization hasn't converged yet.
  warnings.warn(
[I 2025-05-18 17:25:26,185] Trial 3 finished with value: 0.5666666666666667 and parameters: {'hidden_layer_sizes': (200,), 'max_iter': 50, 'alpha': 0.001}. Best is trial 3 with value: 0.5666666666666667.
/data/home/rtabares/anaconda3/envs/pyth3.12/lib/python3.12/site-packages/sklearn/neural_network/_multilayer_perceptron.py:691: ConvergenceWarning: Stochastic Optimizer: Maximum iterations (50) reached and the optimization hasn't converged yet.
  warnings.warn(
[I 2025-05-18 17:25:26,299] Trial 4 finished with value: 0.41666666666666663 and parameters: {'hidden_layer_sizes': (100, 100), 'max_iter': 50, 'alpha': 0.0001}. Best is trial 3 with value: 0.5666666666666667.
[I 2025-05-18 17:25:26,444] Trial 5 finished with value: 0.5166666666666666 and parameters: {'hidden_layer_sizes': (200,), 'max_iter': 100, 'alpha': 0.0001}. Best is trial 3 with value: 0.5666666666666667.
[I 2025-05-18 17:25:26,556] Trial 6 finished with value: 0.5666666666666667 and parameters: {'hidden_layer_sizes': (200,), 'max_iter': 100, 'alpha': 0.001}. Best is trial 3 with value: 0.5666666666666667.
[I 2025-05-18 17:25:26,783] Trial 7 finished with value: 0.6166666666666666 and parameters: {'hidden_layer_sizes': (100,), 'max_iter': 100, 'alpha': 0.001}. Best is trial 7 with value: 0.6166666666666666.
[I 2025-05-18 17:25:26,919] Trial 8 finished with value: 0.4 and parameters: {'hidden_layer_sizes': (100, 100), 'max_iter': 100, 'alpha': 0.0001}. Best is trial 7 with value: 0.6166666666666666.
[I 2025-05-18 17:25:27,054] Trial 9 finished with value: 0.75 and parameters: {'hidden_layer_sizes': (200,), 'max_iter': 100, 'alpha': 0.0001}. Best is trial 9 with value: 0.75.
/data/home/rtabares/anaconda3/envs/pyth3.12/lib/python3.12/site-packages/xgboost/core.py:377: FutureWarning: Your system has an old version of glibc (< 2.28). We will stop supporting Linux distros with glibc older than 2.28 after **May 31, 2025**. Please upgrade to a recent Linux distro (with glibc >= 2.28) to use future versions of XGBoost.
Note: You have installed the 'manylinux2014' variant of XGBoost. Certain features such as GPU algorithms or federated learning are not available. To use these features, please upgrade to a recent Linux distro with glibc 2.28+, and install the 'manylinux_2_28' variant.
  warnings.warn(
[I 2025-05-18 17:25:40,563] A new study created in memory with name: naive_bayes
Parámetros guardados en checkpoint_shoppers_Dlatent_F/craig/IPC_17/best_models_craig_seed_6_space_latent/mlp_best_params.json


>>> Optuna tuning naive_bayes metodo craig IPC 17 seed 6


[I 2025-05-18 17:25:43,519] Trial 0 finished with value: 0.4666666666666666 and parameters: {'var_smoothing': 6.10548688762798e-09}. Best is trial 0 with value: 0.4666666666666666.
[I 2025-05-18 17:25:44,924] Trial 1 finished with value: 0.4666666666666666 and parameters: {'var_smoothing': 4.6127467400935034e-10}. Best is trial 0 with value: 0.4666666666666666.
[I 2025-05-18 17:25:44,937] Trial 2 finished with value: 0.4666666666666666 and parameters: {'var_smoothing': 4.389936579400967e-09}. Best is trial 0 with value: 0.4666666666666666.
[I 2025-05-18 17:25:45,919] Trial 3 finished with value: 0.4666666666666666 and parameters: {'var_smoothing': 1.2116948204672054e-10}. Best is trial 0 with value: 0.4666666666666666.
[I 2025-05-18 17:25:45,935] Trial 4 finished with value: 0.4666666666666666 and parameters: {'var_smoothing': 1.6417739478477417e-10}. Best is trial 0 with value: 0.4666666666666666.
[I 2025-05-18 17:25:45,950] Trial 5 finished with value: 0.4666666666666666 and parameters: {'var_smoothing': 1.5491880147236797e-09}. Best is trial 0 with value: 0.4666666666666666.
[I 2025-05-18 17:25:45,973] Trial 6 finished with value: 0.4666666666666666 and parameters: {'var_smoothing': 1.1471883405287265e-09}. Best is trial 0 with value: 0.4666666666666666.
[I 2025-05-18 17:25:46,003] Trial 7 finished with value: 0.4666666666666666 and parameters: {'var_smoothing': 6.88041853492358e-10}. Best is trial 0 with value: 0.4666666666666666.
[I 2025-05-18 17:25:46,016] Trial 8 finished with value: 0.4666666666666666 and parameters: {'var_smoothing': 4.686144741221158e-10}. Best is trial 0 with value: 0.4666666666666666.
[I 2025-05-18 17:25:46,038] Trial 9 finished with value: 0.4666666666666666 and parameters: {'var_smoothing': 1.7580809350683337e-09}. Best is trial 0 with value: 0.4666666666666666.
/data/home/rtabares/anaconda3/envs/pyth3.12/lib/python3.12/site-packages/xgboost/core.py:377: FutureWarning: Your system has an old version of glibc (< 2.28). We will stop supporting Linux distros with glibc older than 2.28 after **May 31, 2025**. Please upgrade to a recent Linux distro (with glibc >= 2.28) to use future versions of XGBoost.
Note: You have installed the 'manylinux2014' variant of XGBoost. Certain features such as GPU algorithms or federated learning are not available. To use these features, please upgrade to a recent Linux distro with glibc 2.28+, and install the 'manylinux_2_28' variant.
  warnings.warn(
[I 2025-05-18 17:25:54,318] A new study created in memory with name: knn
Parámetros guardados en checkpoint_shoppers_Dlatent_F/craig/IPC_17/best_models_craig_seed_6_space_latent/naive_bayes_best_params.json


>>> Optuna tuning knn metodo craig IPC 17 seed 6


[I 2025-05-18 17:25:56,862] Trial 0 finished with value: 0.5 and parameters: {'n_neighbors': 10, 'leaf_size': 26, 'p': 1}. Best is trial 0 with value: 0.5.
[I 2025-05-18 17:25:58,335] Trial 1 finished with value: 0.45 and parameters: {'n_neighbors': 3, 'leaf_size': 32, 'p': 1}. Best is trial 0 with value: 0.5.
[I 2025-05-18 17:25:59,613] Trial 2 finished with value: 0.65 and parameters: {'n_neighbors': 5, 'leaf_size': 33, 'p': 2}. Best is trial 2 with value: 0.65.
[I 2025-05-18 17:25:59,755] Trial 3 finished with value: 0.55 and parameters: {'n_neighbors': 7, 'leaf_size': 32, 'p': 2}. Best is trial 2 with value: 0.65.
[I 2025-05-18 17:25:59,820] Trial 4 finished with value: 0.5 and parameters: {'n_neighbors': 9, 'leaf_size': 28, 'p': 1}. Best is trial 2 with value: 0.65.
[I 2025-05-18 17:26:00,021] Trial 5 finished with value: 0.45 and parameters: {'n_neighbors': 3, 'leaf_size': 35, 'p': 1}. Best is trial 2 with value: 0.65.
[I 2025-05-18 17:26:00,116] Trial 6 finished with value: 0.55 and parameters: {'n_neighbors': 8, 'leaf_size': 31, 'p': 2}. Best is trial 2 with value: 0.65.
[I 2025-05-18 17:26:00,350] Trial 7 finished with value: 0.6 and parameters: {'n_neighbors': 6, 'leaf_size': 24, 'p': 2}. Best is trial 2 with value: 0.65.
[I 2025-05-18 17:26:00,496] Trial 8 finished with value: 0.65 and parameters: {'n_neighbors': 5, 'leaf_size': 34, 'p': 2}. Best is trial 2 with value: 0.65.
