[I 2025-05-26 03:11:36,931] Trial 17 finished with value: 0.4 and parameters: {'hidden_layer_sizes': (100,), 'max_iter': 100, 'alpha': 0.001}. Best is trial 2 with value: 0.6.
/data/home/rtabares/anaconda3/envs/pyth3.12/lib/python3.12/site-packages/sklearn/neural_network/_multilayer_perceptron.py:691: ConvergenceWarning: Stochastic Optimizer: Maximum iterations (100) reached and the optimization hasn't converged yet.
  warnings.warn(
/data/home/rtabares/anaconda3/envs/pyth3.12/lib/python3.12/site-packages/sklearn/neural_network/_multilayer_perceptron.py:691: ConvergenceWarning: Stochastic Optimizer: Maximum iterations (100) reached and the optimization hasn't converged yet.
  warnings.warn(
/data/home/rtabares/anaconda3/envs/pyth3.12/lib/python3.12/site-packages/sklearn/neural_network/_multilayer_perceptron.py:691: ConvergenceWarning: Stochastic Optimizer: Maximum iterations (100) reached and the optimization hasn't converged yet.
  warnings.warn(
/data/home/rtabares/anaconda3/envs/pyth3.12/lib/python3.12/site-packages/sklearn/neural_network/_multilayer_perceptron.py:691: ConvergenceWarning: Stochastic Optimizer: Maximum iterations (100) reached and the optimization hasn't converged yet.
  warnings.warn(
/data/home/rtabares/anaconda3/envs/pyth3.12/lib/python3.12/site-packages/sklearn/neural_network/_multilayer_perceptron.py:691: ConvergenceWarning: Stochastic Optimizer: Maximum iterations (100) reached and the optimization hasn't converged yet.
  warnings.warn(
[I 2025-05-26 03:11:37,000] Trial 18 finished with value: 0.45 and parameters: {'hidden_layer_sizes': (100,), 'max_iter': 100, 'alpha': 0.0001}. Best is trial 2 with value: 0.6.
/data/home/rtabares/anaconda3/envs/pyth3.12/lib/python3.12/site-packages/sklearn/neural_network/_multilayer_perceptron.py:691: ConvergenceWarning: Stochastic Optimizer: Maximum iterations (50) reached and the optimization hasn't converged yet.
  warnings.warn(
/data/home/rtabares/anaconda3/envs/pyth3.12/lib/python3.12/site-packages/sklearn/neural_network/_multilayer_perceptron.py:691: ConvergenceWarning: Stochastic Optimizer: Maximum iterations (50) reached and the optimization hasn't converged yet.
  warnings.warn(
/data/home/rtabares/anaconda3/envs/pyth3.12/lib/python3.12/site-packages/sklearn/neural_network/_multilayer_perceptron.py:691: ConvergenceWarning: Stochastic Optimizer: Maximum iterations (50) reached and the optimization hasn't converged yet.
  warnings.warn(
/data/home/rtabares/anaconda3/envs/pyth3.12/lib/python3.12/site-packages/sklearn/neural_network/_multilayer_perceptron.py:691: ConvergenceWarning: Stochastic Optimizer: Maximum iterations (50) reached and the optimization hasn't converged yet.
  warnings.warn(
/data/home/rtabares/anaconda3/envs/pyth3.12/lib/python3.12/site-packages/sklearn/neural_network/_multilayer_perceptron.py:691: ConvergenceWarning: Stochastic Optimizer: Maximum iterations (50) reached and the optimization hasn't converged yet.
  warnings.warn(
[I 2025-05-26 03:11:37,089] Trial 19 finished with value: 0.5 and parameters: {'hidden_layer_sizes': (100, 100), 'max_iter': 50, 'alpha': 0.001}. Best is trial 2 with value: 0.6.
[I 2025-05-26 03:11:43,060] A new study created in memory with name: naive_bayes
Parámetros guardados en checkpoint_default_Dlatent_ft_H/random/IPC_10/best_models_random_seed_5_space_original/mlp_best_params.json


>>> Optuna tuning naive_bayes metodo random IPC 10 seed 5


[I 2025-05-26 03:11:43,697] Trial 0 finished with value: 0.65 and parameters: {'var_smoothing': 2.7796258518939306e-10}. Best is trial 0 with value: 0.65.
[I 2025-05-26 03:11:43,712] Trial 1 finished with value: 0.6 and parameters: {'var_smoothing': 5.513972710118387e-09}. Best is trial 0 with value: 0.65.
[I 2025-05-26 03:11:43,726] Trial 2 finished with value: 0.65 and parameters: {'var_smoothing': 2.590826381512706e-10}. Best is trial 0 with value: 0.65.
[I 2025-05-26 03:11:43,741] Trial 3 finished with value: 0.6 and parameters: {'var_smoothing': 6.874194498027403e-09}. Best is trial 0 with value: 0.65.
[I 2025-05-26 03:11:43,755] Trial 4 finished with value: 0.6 and parameters: {'var_smoothing': 9.480306482679771e-10}. Best is trial 0 with value: 0.65.
[I 2025-05-26 03:11:43,770] Trial 5 finished with value: 0.6 and parameters: {'var_smoothing': 1.6729683536668864e-09}. Best is trial 0 with value: 0.65.
[I 2025-05-26 03:11:43,795] Trial 6 finished with value: 0.6 and parameters: {'var_smoothing': 3.402637726935598e-09}. Best is trial 0 with value: 0.65.
[I 2025-05-26 03:11:43,820] Trial 7 finished with value: 0.6 and parameters: {'var_smoothing': 1.0885189040847657e-09}. Best is trial 0 with value: 0.65.
[I 2025-05-26 03:11:43,835] Trial 8 finished with value: 0.65 and parameters: {'var_smoothing': 3.922843686541149e-10}. Best is trial 0 with value: 0.65.
[I 2025-05-26 03:11:43,849] Trial 9 finished with value: 0.65 and parameters: {'var_smoothing': 2.3737908819373785e-10}. Best is trial 0 with value: 0.65.
[I 2025-05-26 03:11:43,869] Trial 10 finished with value: 0.65 and parameters: {'var_smoothing': 1.005826617097841e-10}. Best is trial 0 with value: 0.65.
[I 2025-05-26 03:11:44,632] Trial 11 finished with value: 0.65 and parameters: {'var_smoothing': 3.312216866073848e-10}. Best is trial 0 with value: 0.65.
[I 2025-05-26 03:11:45,300] Trial 12 finished with value: 0.65 and parameters: {'var_smoothing': 1.2172167771986835e-10}. Best is trial 0 with value: 0.65.
[I 2025-05-26 03:11:45,320] Trial 13 finished with value: 0.65 and parameters: {'var_smoothing': 5.515189795389604e-10}. Best is trial 0 with value: 0.65.
[I 2025-05-26 03:11:45,340] Trial 14 finished with value: 0.65 and parameters: {'var_smoothing': 1.7762554693505666e-10}. Best is trial 0 with value: 0.65.
[I 2025-05-26 03:11:45,359] Trial 15 finished with value: 0.65 and parameters: {'var_smoothing': 6.033065283503477e-10}. Best is trial 0 with value: 0.65.
[I 2025-05-26 03:11:45,379] Trial 16 finished with value: 0.65 and parameters: {'var_smoothing': 2.120289439649898e-10}. Best is trial 0 with value: 0.65.
[I 2025-05-26 03:11:45,399] Trial 17 finished with value: 0.6 and parameters: {'var_smoothing': 1.8515987176145925e-09}. Best is trial 0 with value: 0.65.
[I 2025-05-26 03:11:45,417] Trial 18 finished with value: 0.65 and parameters: {'var_smoothing': 3.8395978776692195e-10}. Best is trial 0 with value: 0.65.
[I 2025-05-26 03:11:45,433] Trial 19 finished with value: 0.65 and parameters: {'var_smoothing': 1.4474084452509485e-10}. Best is trial 0 with value: 0.65.
/data/home/rtabares/anaconda3/envs/pyth3.12/lib/python3.12/site-packages/xgboost/core.py:377: FutureWarning: Your system has an old version of glibc (< 2.28). We will stop supporting Linux distros with glibc older than 2.28 after **May 31, 2025**. Please upgrade to a recent Linux distro (with glibc >= 2.28) to use future versions of XGBoost.
Note: You have installed the 'manylinux2014' variant of XGBoost. Certain features such as GPU algorithms or federated learning are not available. To use these features, please upgrade to a recent Linux distro with glibc 2.28+, and install the 'manylinux_2_28' variant.
  warnings.warn(
/data/home/rtabares/anaconda3/envs/pyth3.12/lib/python3.12/site-packages/xgboost/core.py:377: FutureWarning: Your system has an old version of glibc (< 2.28). We will stop supporting Linux distros with glibc older than 2.28 after **May 31, 2025**. Please upgrade to a recent Linux distro (with glibc >= 2.28) to use future versions of XGBoost.
Note: You have installed the 'manylinux2014' variant of XGBoost. Certain features such as GPU algorithms or federated learning are not available. To use these features, please upgrade to a recent Linux distro with glibc 2.28+, and install the 'manylinux_2_28' variant.
  warnings.warn(
[I 2025-05-26 03:11:47,347] A new study created in memory with name: knn
Parámetros guardados en checkpoint_default_Dlatent_ft_H/random/IPC_10/best_models_random_seed_5_space_original/naive_bayes_best_params.json


>>> Optuna tuning knn metodo random IPC 10 seed 5


[I 2025-05-26 03:11:49,700] Trial 0 finished with value: 0.35 and parameters: {'n_neighbors': 4, 'leaf_size': 38, 'p': 2}. Best is trial 0 with value: 0.35.
[I 2025-05-26 03:11:49,842] Trial 1 finished with value: 0.55 and parameters: {'n_neighbors': 6, 'leaf_size': 32, 'p': 1}. Best is trial 1 with value: 0.55.
[I 2025-05-26 03:11:49,898] Trial 2 finished with value: 0.6 and parameters: {'n_neighbors': 5, 'leaf_size': 23, 'p': 2}. Best is trial 2 with value: 0.6.
[I 2025-05-26 03:11:49,974] Trial 3 finished with value: 0.55 and parameters: {'n_neighbors': 6, 'leaf_size': 23, 'p': 1}. Best is trial 2 with value: 0.6.
[I 2025-05-26 03:11:50,050] Trial 4 finished with value: 0.55 and parameters: {'n_neighbors': 6, 'leaf_size': 26, 'p': 1}. Best is trial 2 with value: 0.6.
[I 2025-05-26 03:11:50,095] Trial 5 finished with value: 0.55 and parameters: {'n_neighbors': 7, 'leaf_size': 25, 'p': 1}. Best is trial 2 with value: 0.6.
[I 2025-05-26 03:11:50,182] Trial 6 finished with value: 0.6 and parameters: {'n_neighbors': 5, 'leaf_size': 23, 'p': 2}. Best is trial 2 with value: 0.6.
[I 2025-05-26 03:11:50,227] Trial 7 finished with value: 0.45 and parameters: {'n_neighbors': 10, 'leaf_size': 23, 'p': 2}. Best is trial 2 with value: 0.6.
[I 2025-05-26 03:11:50,303] Trial 8 finished with value: 0.5 and parameters: {'n_neighbors': 8, 'leaf_size': 36, 'p': 2}. Best is trial 2 with value: 0.6.
[I 2025-05-26 03:11:50,340] Trial 9 finished with value: 0.45 and parameters: {'n_neighbors': 3, 'leaf_size': 30, 'p': 2}. Best is trial 2 with value: 0.6.
[I 2025-05-26 03:11:50,427] Trial 10 finished with value: 0.5 and parameters: {'n_neighbors': 9, 'leaf_size': 20, 'p': 2}. Best is trial 2 with value: 0.6.
[I 2025-05-26 03:11:50,473] Trial 11 finished with value: 0.35 and parameters: {'n_neighbors': 4, 'leaf_size': 20, 'p': 2}. Best is trial 2 with value: 0.6.
[I 2025-05-26 03:11:51,164] Trial 12 finished with value: 0.6 and parameters: {'n_neighbors': 5, 'leaf_size': 30, 'p': 2}. Best is trial 2 with value: 0.6.
[I 2025-05-26 03:11:51,189] Trial 13 finished with value: 0.35 and parameters: {'n_neighbors': 4, 'leaf_size': 27, 'p': 2}. Best is trial 2 with value: 0.6.
[I 2025-05-26 03:11:51,216] Trial 14 finished with value: 0.6 and parameters: {'n_neighbors': 5, 'leaf_size': 23, 'p': 2}. Best is trial 2 with value: 0.6.
[I 2025-05-26 03:11:51,918] Trial 15 finished with value: 0.45 and parameters: {'n_neighbors': 3, 'leaf_size': 28, 'p': 2}. Best is trial 2 with value: 0.6.
[I 2025-05-26 03:11:52,609] Trial 16 finished with value: 0.55 and parameters: {'n_neighbors': 7, 'leaf_size': 33, 'p': 2}. Best is trial 2 with value: 0.6.
[I 2025-05-26 03:11:52,630] Trial 17 finished with value: 0.6 and parameters: {'n_neighbors': 5, 'leaf_size': 24, 'p': 2}. Best is trial 2 with value: 0.6.
[I 2025-05-26 03:11:52,652] Trial 18 finished with value: 0.55 and parameters: {'n_neighbors': 8, 'leaf_size': 22, 'p': 1}. Best is trial 2 with value: 0.6.
[I 2025-05-26 03:11:52,676] Trial 19 finished with value: 0.6 and parameters: {'n_neighbors': 5, 'leaf_size': 29, 'p': 2}. Best is trial 2 with value: 0.6.
[I 2025-05-26 03:11:58,767] A new study created in memory with name: xgb
Parámetros guardados en checkpoint_default_Dlatent_ft_H/random/IPC_10/best_models_random_seed_5_space_original/knn_best_params.json
--- Iniciando reconstrucción de datos ---
Objetos de preprocesamiento cargados.
Pasando datos latentes a través del decoder...
Detectado token CLS en el espacio latente, eliminándolo para el decoder.
Reconstrucción completada. Invirtiendo transformaciones...
Normalización numérica invertida.
Codificación de la variable objetivo invertida.
Codificación categórica invertida.
--- Reconstrucción finalizada ---
Combinando en un DataFrame de Pandas.


>>> Optuna tuning xgb metodo k-means IPC 10 seed 5


/data/home/rtabares/anaconda3/envs/pyth3.12/lib/python3.12/site-packages/xgboost/core.py:377: FutureWarning: Your system has an old version of glibc (< 2.28). We will stop supporting Linux distros with glibc older than 2.28 after **May 31, 2025**. Please upgrade to a recent Linux distro (with glibc >= 2.28) to use future versions of XGBoost.
Note: You have installed the 'manylinux2014' variant of XGBoost. Certain features such as GPU algorithms or federated learning are not available. To use these features, please upgrade to a recent Linux distro with glibc 2.28+, and install the 'manylinux_2_28' variant.
  warnings.warn(
/data/home/rtabares/anaconda3/envs/pyth3.12/lib/python3.12/site-packages/xgboost/core.py:377: FutureWarning: Your system has an old version of glibc (< 2.28). We will stop supporting Linux distros with glibc older than 2.28 after **May 31, 2025**. Please upgrade to a recent Linux distro (with glibc >= 2.28) to use future versions of XGBoost.
Note: You have installed the 'manylinux2014' variant of XGBoost. Certain features such as GPU algorithms or federated learning are not available. To use these features, please upgrade to a recent Linux distro with glibc 2.28+, and install the 'manylinux_2_28' variant.
  warnings.warn(
[I 2025-05-26 03:11:59,163] Trial 0 finished with value: 0.65 and parameters: {'n_estimators': 40, 'max_depth': 5, 'gamma': 0.789317070832284, 'subsample': 0.7592089939364717, 'colsample_bytree': 0.648400250788111}. Best is trial 0 with value: 0.65.
/data/home/rtabares/anaconda3/envs/pyth3.12/lib/python3.12/site-packages/xgboost/core.py:377: FutureWarning: Your system has an old version of glibc (< 2.28). We will stop supporting Linux distros with glibc older than 2.28 after **May 31, 2025**. Please upgrade to a recent Linux distro (with glibc >= 2.28) to use future versions of XGBoost.
Note: You have installed the 'manylinux2014' variant of XGBoost. Certain features such as GPU algorithms or federated learning are not available. To use these features, please upgrade to a recent Linux distro with glibc 2.28+, and install the 'manylinux_2_28' variant.
  warnings.warn(
/data/home/rtabares/anaconda3/envs/pyth3.12/lib/python3.12/site-packages/xgboost/core.py:377: FutureWarning: Your system has an old version of glibc (< 2.28). We will stop supporting Linux distros with glibc older than 2.28 after **May 31, 2025**. Please upgrade to a recent Linux distro (with glibc >= 2.28) to use future versions of XGBoost.
Note: You have installed the 'manylinux2014' variant of XGBoost. Certain features such as GPU algorithms or federated learning are not available. To use these features, please upgrade to a recent Linux distro with glibc 2.28+, and install the 'manylinux_2_28' variant.
  warnings.warn(
/data/home/rtabares/anaconda3/envs/pyth3.12/lib/python3.12/site-packages/xgboost/core.py:377: FutureWarning: Your system has an old version of glibc (< 2.28). We will stop supporting Linux distros with glibc older than 2.28 after **May 31, 2025**. Please upgrade to a recent Linux distro (with glibc >= 2.28) to use future versions of XGBoost.
Note: You have installed the 'manylinux2014' variant of XGBoost. Certain features such as GPU algorithms or federated learning are not available. To use these features, please upgrade to a recent Linux distro with glibc 2.28+, and install the 'manylinux_2_28' variant.
  warnings.warn(
[I 2025-05-26 03:11:59,214] Trial 1 finished with value: 0.55 and parameters: {'n_estimators': 100, 'max_depth': 30, 'gamma': 0.34667781579300216, 'subsample': 0.7071175095405257, 'colsample_bytree': 0.6480399663668239}. Best is trial 0 with value: 0.65.
/data/home/rtabares/anaconda3/envs/pyth3.12/lib/python3.12/site-packages/xgboost/core.py:377: FutureWarning: Your system has an old version of glibc (< 2.28). We will stop supporting Linux distros with glibc older than 2.28 after **May 31, 2025**. Please upgrade to a recent Linux distro (with glibc >= 2.28) to use future versions of XGBoost.
Note: You have installed the 'manylinux2014' variant of XGBoost. Certain features such as GPU algorithms or federated learning are not available. To use these features, please upgrade to a recent Linux distro with glibc 2.28+, and install the 'manylinux_2_28' variant.
  warnings.warn(
/data/home/rtabares/anaconda3/envs/pyth3.12/lib/python3.12/site-packages/xgboost/core.py:377: FutureWarning: Your system has an old version of glibc (< 2.28). We will stop supporting Linux distros with glibc older than 2.28 after **May 31, 2025**. Please upgrade to a recent Linux distro (with glibc >= 2.28) to use future versions of XGBoost.
Note: You have installed the 'manylinux2014' variant of XGBoost. Certain features such as GPU algorithms or federated learning are not available. To use these features, please upgrade to a recent Linux distro with glibc 2.28+, and install the 'manylinux_2_28' variant.
  warnings.warn(
/data/home/rtabares/anaconda3/envs/pyth3.12/lib/python3.12/site-packages/xgboost/core.py:377: FutureWarning: Your system has an old version of glibc (< 2.28). We will stop supporting Linux distros with glibc older than 2.28 after **May 31, 2025**. Please upgrade to a recent Linux distro (with glibc >= 2.28) to use future versions of XGBoost.
Note: You have installed the 'manylinux2014' variant of XGBoost. Certain features such as GPU algorithms or federated learning are not available. To use these features, please upgrade to a recent Linux distro with glibc 2.28+, and install the 'manylinux_2_28' variant.
  warnings.warn(
[I 2025-05-26 03:11:59,261] Trial 2 finished with value: 0.6 and parameters: {'n_estimators': 10, 'max_depth': 20, 'gamma': 0.3948075529198607, 'subsample': 0.5720821503267102, 'colsample_bytree': 0.5828064306006338}. Best is trial 0 with value: 0.65.
[I 2025-05-26 03:11:59,288] Trial 3 finished with value: 0.6 and parameters: {'n_estimators': 10, 'max_depth': 30, 'gamma': 0.8015631269999768, 'subsample': 0.5114665462195407, 'colsample_bytree': 0.788831429064878}. Best is trial 0 with value: 0.65.
[I 2025-05-26 03:11:59,325] Trial 4 finished with value: 0.5 and parameters: {'n_estimators': 100, 'max_depth': 5, 'gamma': 0.8834347783013348, 'subsample': 0.961374806972835, 'colsample_bytree': 0.5011071062662218}. Best is trial 0 with value: 0.65.
/data/home/rtabares/anaconda3/envs/pyth3.12/lib/python3.12/site-packages/xgboost/core.py:377: FutureWarning: Your system has an old version of glibc (< 2.28). We will stop supporting Linux distros with glibc older than 2.28 after **May 31, 2025**. Please upgrade to a recent Linux distro (with glibc >= 2.28) to use future versions of XGBoost.
Note: You have installed the 'manylinux2014' variant of XGBoost. Certain features such as GPU algorithms or federated learning are not available. To use these features, please upgrade to a recent Linux distro with glibc 2.28+, and install the 'manylinux_2_28' variant.
  warnings.warn(
/data/home/rtabares/anaconda3/envs/pyth3.12/lib/python3.12/site-packages/xgboost/core.py:377: FutureWarning: Your system has an old version of glibc (< 2.28). We will stop supporting Linux distros with glibc older than 2.28 after **May 31, 2025**. Please upgrade to a recent Linux distro (with glibc >= 2.28) to use future versions of XGBoost.
Note: You have installed the 'manylinux2014' variant of XGBoost. Certain features such as GPU algorithms or federated learning are not available. To use these features, please upgrade to a recent Linux distro with glibc 2.28+, and install the 'manylinux_2_28' variant.
  warnings.warn(
[I 2025-05-26 03:11:59,383] Trial 5 finished with value: 0.6 and parameters: {'n_estimators': 40, 'max_depth': 5, 'gamma': 0.5364379674896123, 'subsample': 0.5145557818363589, 'colsample_bytree': 0.5432628442011025}. Best is trial 0 with value: 0.65.
