[I 2025-05-26 03:18:10,505] Trial 4 finished with value: 0.6 and parameters: {'n_estimators': 100, 'max_depth': 5, 'gamma': 0.8834347783013348, 'subsample': 0.961374806972835, 'colsample_bytree': 0.5011071062662218}. Best is trial 2 with value: 0.65.
/data/home/rtabares/anaconda3/envs/pyth3.12/lib/python3.12/site-packages/xgboost/core.py:377: FutureWarning: Your system has an old version of glibc (< 2.28). We will stop supporting Linux distros with glibc older than 2.28 after **May 31, 2025**. Please upgrade to a recent Linux distro (with glibc >= 2.28) to use future versions of XGBoost.
Note: You have installed the 'manylinux2014' variant of XGBoost. Certain features such as GPU algorithms or federated learning are not available. To use these features, please upgrade to a recent Linux distro with glibc 2.28+, and install the 'manylinux_2_28' variant.
  warnings.warn(
/data/home/rtabares/anaconda3/envs/pyth3.12/lib/python3.12/site-packages/xgboost/core.py:377: FutureWarning: Your system has an old version of glibc (< 2.28). We will stop supporting Linux distros with glibc older than 2.28 after **May 31, 2025**. Please upgrade to a recent Linux distro (with glibc >= 2.28) to use future versions of XGBoost.
Note: You have installed the 'manylinux2014' variant of XGBoost. Certain features such as GPU algorithms or federated learning are not available. To use these features, please upgrade to a recent Linux distro with glibc 2.28+, and install the 'manylinux_2_28' variant.
  warnings.warn(
[I 2025-05-26 03:18:10,549] Trial 5 finished with value: 0.6 and parameters: {'n_estimators': 40, 'max_depth': 5, 'gamma': 0.5364379674896123, 'subsample': 0.5145557818363589, 'colsample_bytree': 0.5432628442011025}. Best is trial 2 with value: 0.65.
/data/home/rtabares/anaconda3/envs/pyth3.12/lib/python3.12/site-packages/xgboost/core.py:377: FutureWarning: Your system has an old version of glibc (< 2.28). We will stop supporting Linux distros with glibc older than 2.28 after **May 31, 2025**. Please upgrade to a recent Linux distro (with glibc >= 2.28) to use future versions of XGBoost.
Note: You have installed the 'manylinux2014' variant of XGBoost. Certain features such as GPU algorithms or federated learning are not available. To use these features, please upgrade to a recent Linux distro with glibc 2.28+, and install the 'manylinux_2_28' variant.
  warnings.warn(
[I 2025-05-26 03:18:10,594] Trial 6 finished with value: 0.65 and parameters: {'n_estimators': 100, 'max_depth': 20, 'gamma': 0.6718205850237038, 'subsample': 0.9059511955902053, 'colsample_bytree': 0.9633413076219371}. Best is trial 2 with value: 0.65.
[I 2025-05-26 03:18:10,621] Trial 7 finished with value: 0.5 and parameters: {'n_estimators': 10, 'max_depth': 30, 'gamma': 0.8165284487704038, 'subsample': 0.5255714015506736, 'colsample_bytree': 0.594333867896554}. Best is trial 2 with value: 0.65.
/data/home/rtabares/anaconda3/envs/pyth3.12/lib/python3.12/site-packages/xgboost/core.py:377: FutureWarning: Your system has an old version of glibc (< 2.28). We will stop supporting Linux distros with glibc older than 2.28 after **May 31, 2025**. Please upgrade to a recent Linux distro (with glibc >= 2.28) to use future versions of XGBoost.
Note: You have installed the 'manylinux2014' variant of XGBoost. Certain features such as GPU algorithms or federated learning are not available. To use these features, please upgrade to a recent Linux distro with glibc 2.28+, and install the 'manylinux_2_28' variant.
  warnings.warn(
/data/home/rtabares/anaconda3/envs/pyth3.12/lib/python3.12/site-packages/xgboost/core.py:377: FutureWarning: Your system has an old version of glibc (< 2.28). We will stop supporting Linux distros with glibc older than 2.28 after **May 31, 2025**. Please upgrade to a recent Linux distro (with glibc >= 2.28) to use future versions of XGBoost.
Note: You have installed the 'manylinux2014' variant of XGBoost. Certain features such as GPU algorithms or federated learning are not available. To use these features, please upgrade to a recent Linux distro with glibc 2.28+, and install the 'manylinux_2_28' variant.
  warnings.warn(
/data/home/rtabares/anaconda3/envs/pyth3.12/lib/python3.12/site-packages/xgboost/core.py:377: FutureWarning: Your system has an old version of glibc (< 2.28). We will stop supporting Linux distros with glibc older than 2.28 after **May 31, 2025**. Please upgrade to a recent Linux distro (with glibc >= 2.28) to use future versions of XGBoost.
Note: You have installed the 'manylinux2014' variant of XGBoost. Certain features such as GPU algorithms or federated learning are not available. To use these features, please upgrade to a recent Linux distro with glibc 2.28+, and install the 'manylinux_2_28' variant.
  warnings.warn(
[I 2025-05-26 03:18:10,677] Trial 8 finished with value: 0.65 and parameters: {'n_estimators': 100, 'max_depth': 20, 'gamma': 0.6251497693480509, 'subsample': 0.9696496759824258, 'colsample_bytree': 0.9717700410079397}. Best is trial 2 with value: 0.65.
/data/home/rtabares/anaconda3/envs/pyth3.12/lib/python3.12/site-packages/xgboost/core.py:377: FutureWarning: Your system has an old version of glibc (< 2.28). We will stop supporting Linux distros with glibc older than 2.28 after **May 31, 2025**. Please upgrade to a recent Linux distro (with glibc >= 2.28) to use future versions of XGBoost.
Note: You have installed the 'manylinux2014' variant of XGBoost. Certain features such as GPU algorithms or federated learning are not available. To use these features, please upgrade to a recent Linux distro with glibc 2.28+, and install the 'manylinux_2_28' variant.
  warnings.warn(
[I 2025-05-26 03:18:10,725] Trial 9 finished with value: 0.65 and parameters: {'n_estimators': 40, 'max_depth': 30, 'gamma': 0.9649927737686168, 'subsample': 0.6857563076640036, 'colsample_bytree': 0.5061847058001788}. Best is trial 2 with value: 0.65.
/data/home/rtabares/anaconda3/envs/pyth3.12/lib/python3.12/site-packages/xgboost/core.py:377: FutureWarning: Your system has an old version of glibc (< 2.28). We will stop supporting Linux distros with glibc older than 2.28 after **May 31, 2025**. Please upgrade to a recent Linux distro (with glibc >= 2.28) to use future versions of XGBoost.
Note: You have installed the 'manylinux2014' variant of XGBoost. Certain features such as GPU algorithms or federated learning are not available. To use these features, please upgrade to a recent Linux distro with glibc 2.28+, and install the 'manylinux_2_28' variant.
  warnings.warn(
[I 2025-05-26 03:18:10,785] Trial 10 finished with value: 0.7 and parameters: {'n_estimators': 10, 'max_depth': 20, 'gamma': 0.15482815647859693, 'subsample': 0.6132127088663918, 'colsample_bytree': 0.767362544653007}. Best is trial 10 with value: 0.7.
/data/home/rtabares/anaconda3/envs/pyth3.12/lib/python3.12/site-packages/xgboost/core.py:377: FutureWarning: Your system has an old version of glibc (< 2.28). We will stop supporting Linux distros with glibc older than 2.28 after **May 31, 2025**. Please upgrade to a recent Linux distro (with glibc >= 2.28) to use future versions of XGBoost.
Note: You have installed the 'manylinux2014' variant of XGBoost. Certain features such as GPU algorithms or federated learning are not available. To use these features, please upgrade to a recent Linux distro with glibc 2.28+, and install the 'manylinux_2_28' variant.
  warnings.warn(
[I 2025-05-26 03:18:11,467] Trial 11 finished with value: 0.65 and parameters: {'n_estimators': 10, 'max_depth': 20, 'gamma': 0.1591775883705288, 'subsample': 0.6155848620153465, 'colsample_bytree': 0.7908416095488662}. Best is trial 10 with value: 0.7.
/data/home/rtabares/anaconda3/envs/pyth3.12/lib/python3.12/site-packages/xgboost/core.py:377: FutureWarning: Your system has an old version of glibc (< 2.28). We will stop supporting Linux distros with glibc older than 2.28 after **May 31, 2025**. Please upgrade to a recent Linux distro (with glibc >= 2.28) to use future versions of XGBoost.
Note: You have installed the 'manylinux2014' variant of XGBoost. Certain features such as GPU algorithms or federated learning are not available. To use these features, please upgrade to a recent Linux distro with glibc 2.28+, and install the 'manylinux_2_28' variant.
  warnings.warn(
/data/home/rtabares/anaconda3/envs/pyth3.12/lib/python3.12/site-packages/xgboost/core.py:377: FutureWarning: Your system has an old version of glibc (< 2.28). We will stop supporting Linux distros with glibc older than 2.28 after **May 31, 2025**. Please upgrade to a recent Linux distro (with glibc >= 2.28) to use future versions of XGBoost.
Note: You have installed the 'manylinux2014' variant of XGBoost. Certain features such as GPU algorithms or federated learning are not available. To use these features, please upgrade to a recent Linux distro with glibc 2.28+, and install the 'manylinux_2_28' variant.
  warnings.warn(
/data/home/rtabares/anaconda3/envs/pyth3.12/lib/python3.12/site-packages/xgboost/core.py:377: FutureWarning: Your system has an old version of glibc (< 2.28). We will stop supporting Linux distros with glibc older than 2.28 after **May 31, 2025**. Please upgrade to a recent Linux distro (with glibc >= 2.28) to use future versions of XGBoost.
Note: You have installed the 'manylinux2014' variant of XGBoost. Certain features such as GPU algorithms or federated learning are not available. To use these features, please upgrade to a recent Linux distro with glibc 2.28+, and install the 'manylinux_2_28' variant.
  warnings.warn(
[I 2025-05-26 03:18:12,201] Trial 12 finished with value: 0.65 and parameters: {'n_estimators': 10, 'max_depth': 20, 'gamma': 0.1554074180041368, 'subsample': 0.6163822093100453, 'colsample_bytree': 0.725618526332078}. Best is trial 10 with value: 0.7.
[I 2025-05-26 03:18:12,239] Trial 13 finished with value: 0.7 and parameters: {'n_estimators': 10, 'max_depth': 20, 'gamma': 0.3552667583114842, 'subsample': 0.6109744065191631, 'colsample_bytree': 0.7210507983968109}. Best is trial 10 with value: 0.7.
[I 2025-05-26 03:18:12,281] Trial 14 finished with value: 0.6 and parameters: {'n_estimators': 10, 'max_depth': 20, 'gamma': 0.3472741983422956, 'subsample': 0.8099522601611547, 'colsample_bytree': 0.8773952730385439}. Best is trial 10 with value: 0.7.
[I 2025-05-26 03:18:12,320] Trial 15 finished with value: 0.65 and parameters: {'n_estimators': 10, 'max_depth': 20, 'gamma': 0.24431395167609313, 'subsample': 0.6535553355074704, 'colsample_bytree': 0.7227029601296806}. Best is trial 10 with value: 0.7.
[I 2025-05-26 03:18:12,358] Trial 16 finished with value: 0.6 and parameters: {'n_estimators': 10, 'max_depth': 20, 'gamma': 0.10348369862807784, 'subsample': 0.7963105784614359, 'colsample_bytree': 0.8627430864016015}. Best is trial 10 with value: 0.7.
/data/home/rtabares/anaconda3/envs/pyth3.12/lib/python3.12/site-packages/xgboost/core.py:377: FutureWarning: Your system has an old version of glibc (< 2.28). We will stop supporting Linux distros with glibc older than 2.28 after **May 31, 2025**. Please upgrade to a recent Linux distro (with glibc >= 2.28) to use future versions of XGBoost.
Note: You have installed the 'manylinux2014' variant of XGBoost. Certain features such as GPU algorithms or federated learning are not available. To use these features, please upgrade to a recent Linux distro with glibc 2.28+, and install the 'manylinux_2_28' variant.
  warnings.warn(
[I 2025-05-26 03:18:13,040] Trial 17 finished with value: 0.65 and parameters: {'n_estimators': 10, 'max_depth': 20, 'gamma': 0.5147508358721258, 'subsample': 0.5862227113982209, 'colsample_bytree': 0.6854758999309591}. Best is trial 10 with value: 0.7.
[I 2025-05-26 03:18:13,081] Trial 18 finished with value: 0.65 and parameters: {'n_estimators': 10, 'max_depth': 20, 'gamma': 0.2572452482774923, 'subsample': 0.7225221350018954, 'colsample_bytree': 0.8476301028085348}. Best is trial 10 with value: 0.7.
[I 2025-05-26 03:18:13,124] Trial 19 finished with value: 0.5 and parameters: {'n_estimators': 40, 'max_depth': 5, 'gamma': 0.4273240643227717, 'subsample': 0.8551761586817276, 'colsample_bytree': 0.7870867443872033}. Best is trial 10 with value: 0.7.
[I 2025-05-26 03:18:17,222] A new study created in memory with name: rf
Parámetros guardados en checkpoint_default_Dlatent_ft_H/ag/IPC_10/best_models_ag_seed_5_space_original/xgb_best_params.json


>>> Optuna tuning rf metodo ag IPC 10 seed 5


[I 2025-05-26 03:18:18,285] Trial 0 finished with value: 0.5 and parameters: {'n_estimators': 189, 'max_depth': 18, 'min_samples_split': 3, 'min_samples_leaf': 10}. Best is trial 0 with value: 0.5.
[I 2025-05-26 03:18:18,722] Trial 1 finished with value: 0.65 and parameters: {'n_estimators': 295, 'max_depth': 14, 'min_samples_split': 8, 'min_samples_leaf': 6}. Best is trial 1 with value: 0.65.
[I 2025-05-26 03:18:19,004] Trial 2 finished with value: 0.5 and parameters: {'n_estimators': 219, 'max_depth': 6, 'min_samples_split': 2, 'min_samples_leaf': 8}. Best is trial 1 with value: 0.65.
[I 2025-05-26 03:18:19,334] Trial 3 finished with value: 0.75 and parameters: {'n_estimators': 276, 'max_depth': 5, 'min_samples_split': 9, 'min_samples_leaf': 3}. Best is trial 3 with value: 0.75.
[I 2025-05-26 03:18:19,692] Trial 4 finished with value: 0.65 and parameters: {'n_estimators': 266, 'max_depth': 8, 'min_samples_split': 7, 'min_samples_leaf': 6}. Best is trial 3 with value: 0.75.
[I 2025-05-26 03:18:20,121] Trial 5 finished with value: 0.65 and parameters: {'n_estimators': 340, 'max_depth': 7, 'min_samples_split': 4, 'min_samples_leaf': 3}. Best is trial 3 with value: 0.75.
[I 2025-05-26 03:18:20,419] Trial 6 finished with value: 0.5 and parameters: {'n_estimators': 231, 'max_depth': 5, 'min_samples_split': 3, 'min_samples_leaf': 10}. Best is trial 3 with value: 0.75.
[I 2025-05-26 03:18:21,060] Trial 7 finished with value: 0.7 and parameters: {'n_estimators': 485, 'max_depth': 6, 'min_samples_split': 2, 'min_samples_leaf': 3}. Best is trial 3 with value: 0.75.
[I 2025-05-26 03:18:21,759] Trial 8 finished with value: 0.75 and parameters: {'n_estimators': 380, 'max_depth': 17, 'min_samples_split': 2, 'min_samples_leaf': 6}. Best is trial 3 with value: 0.75.
[I 2025-05-26 03:18:21,938] Trial 9 finished with value: 0.5 and parameters: {'n_estimators': 100, 'max_depth': 12, 'min_samples_split': 7, 'min_samples_leaf': 10}. Best is trial 3 with value: 0.75.
[I 2025-05-26 03:18:22,466] Trial 10 finished with value: 0.75 and parameters: {'n_estimators': 446, 'max_depth': 3, 'min_samples_split': 10, 'min_samples_leaf': 2}. Best is trial 3 with value: 0.75.
[I 2025-05-26 03:18:23,631] Trial 11 finished with value: 0.8 and parameters: {'n_estimators': 388, 'max_depth': 20, 'min_samples_split': 10, 'min_samples_leaf': 4}. Best is trial 11 with value: 0.8.
[I 2025-05-26 03:18:24,738] Trial 12 finished with value: 0.7 and parameters: {'n_estimators': 387, 'max_depth': 15, 'min_samples_split': 10, 'min_samples_leaf': 1}. Best is trial 11 with value: 0.8.
[I 2025-05-26 03:18:25,807] Trial 13 finished with value: 0.75 and parameters: {'n_estimators': 349, 'max_depth': 11, 'min_samples_split': 9, 'min_samples_leaf': 4}. Best is trial 11 with value: 0.8.
[I 2025-05-26 03:18:26,305] Trial 14 finished with value: 0.65 and parameters: {'n_estimators': 410, 'max_depth': 20, 'min_samples_split': 5, 'min_samples_leaf': 4}. Best is trial 11 with value: 0.8.
[I 2025-05-26 03:18:26,723] Trial 15 finished with value: 0.8 and parameters: {'n_estimators': 315, 'max_depth': 10, 'min_samples_split': 9, 'min_samples_leaf': 4}. Best is trial 11 with value: 0.8.
[I 2025-05-26 03:18:27,129] Trial 16 finished with value: 0.6 and parameters: {'n_estimators': 344, 'max_depth': 10, 'min_samples_split': 8, 'min_samples_leaf': 5}. Best is trial 11 with value: 0.8.
[I 2025-05-26 03:18:27,687] Trial 17 finished with value: 0.5 and parameters: {'n_estimators': 443, 'max_depth': 9, 'min_samples_split': 6, 'min_samples_leaf': 8}. Best is trial 11 with value: 0.8.
[I 2025-05-26 03:18:27,925] Trial 18 finished with value: 0.75 and parameters: {'n_estimators': 157, 'max_depth': 13, 'min_samples_split': 10, 'min_samples_leaf': 1}. Best is trial 11 with value: 0.8.
[I 2025-05-26 03:18:28,512] Trial 19 finished with value: 0.7 and parameters: {'n_estimators': 488, 'max_depth': 16, 'min_samples_split': 9, 'min_samples_leaf': 5}. Best is trial 11 with value: 0.8.
[I 2025-05-26 03:18:33,141] A new study created in memory with name: svc
Parámetros guardados en checkpoint_default_Dlatent_ft_H/ag/IPC_10/best_models_ag_seed_5_space_original/rf_best_params.json


>>> Optuna tuning svc metodo ag IPC 10 seed 5


[I 2025-05-26 03:18:35,369] Trial 0 finished with value: 0.45 and parameters: {'C': 0.07726319876517104, 'gamma': 0.3040389504793042}. Best is trial 0 with value: 0.45.
[I 2025-05-26 03:18:35,515] Trial 1 finished with value: 0.45 and parameters: {'C': 0.06712381339142241, 'gamma': 0.47254549996710477}. Best is trial 0 with value: 0.45.
[I 2025-05-26 03:18:35,533] Trial 2 finished with value: 0.35 and parameters: {'C': 0.8987621100554035, 'gamma': 0.027988231123708972}. Best is trial 0 with value: 0.45.
[I 2025-05-26 03:18:35,558] Trial 3 finished with value: 0.5 and parameters: {'C': 11.5779435007655, 'gamma': 0.011848734045499056}. Best is trial 3 with value: 0.5.
[I 2025-05-26 03:18:35,583] Trial 4 finished with value: 0.35 and parameters: {'C': 0.1538870258903583, 'gamma': 0.0005634883151169033}. Best is trial 3 with value: 0.5.
[I 2025-05-26 03:18:35,607] Trial 5 finished with value: 0.4 and parameters: {'C': 0.021036092656561454, 'gamma': 0.08990030906808326}. Best is trial 3 with value: 0.5.
[I 2025-05-26 03:18:35,623] Trial 6 finished with value: 0.35 and parameters: {'C': 0.5824208201678516, 'gamma': 0.00042977333932534993}. Best is trial 3 with value: 0.5.
[I 2025-05-26 03:18:35,636] Trial 7 finished with value: 0.35 and parameters: {'C': 33.09391330085814, 'gamma': 0.001248377256719358}. Best is trial 3 with value: 0.5.
[I 2025-05-26 03:18:35,651] Trial 8 finished with value: 0.35 and parameters: {'C': 0.45387898639622015, 'gamma': 0.0015286910781809498}. Best is trial 3 with value: 0.5.
[I 2025-05-26 03:18:35,665] Trial 9 finished with value: 0.45 and parameters: {'C': 3.274550070431994, 'gamma': 0.02086177421469992}. Best is trial 3 with value: 0.5.
[I 2025-05-26 03:18:35,686] Trial 10 finished with value: 0.5 and parameters: {'C': 90.06440757156173, 'gamma': 0.004099569284748027}. Best is trial 3 with value: 0.5.
[I 2025-05-26 03:18:36,403] Trial 11 finished with value: 0.45 and parameters: {'C': 92.61335740959598, 'gamma': 0.005097617049292433}. Best is trial 3 with value: 0.5.
[I 2025-05-26 03:18:37,133] Trial 12 finished with value: 0.4 and parameters: {'C': 11.20873739497039, 'gamma': 0.005631964035374463}. Best is trial 3 with value: 0.5.
[I 2025-05-26 03:18:37,156] Trial 13 finished with value: 0.35 and parameters: {'C': 8.10176948786935, 'gamma': 0.00018323629585262105}. Best is trial 3 with value: 0.5.
[I 2025-05-26 03:18:37,178] Trial 14 finished with value: 0.6 and parameters: {'C': 84.0343395593685, 'gamma': 0.06138376625628865}. Best is trial 14 with value: 0.6.
[I 2025-05-26 03:18:37,203] Trial 15 finished with value: 0.6 and parameters: {'C': 19.333068482093132, 'gamma': 0.08748457230579992}. Best is trial 14 with value: 0.6.
[I 2025-05-26 03:18:37,229] Trial 16 finished with value: 0.5 and parameters: {'C': 3.061397902021056, 'gamma': 0.08613585696164419}. Best is trial 14 with value: 0.6.
[I 2025-05-26 03:18:37,263] Trial 17 finished with value: 0.55 and parameters: {'C': 24.065282040581945, 'gamma': 0.056960488274654456}. Best is trial 14 with value: 0.6.
[I 2025-05-26 03:18:37,289] Trial 18 finished with value: 0.45 and parameters: {'C': 40.07775709918485, 'gamma': 0.7922662615619371}. Best is trial 14 with value: 0.6.
[I 2025-05-26 03:18:37,315] Trial 19 finished with value: 0.5 and parameters: {'C': 3.2382044877000076, 'gamma': 0.20551191421601914}. Best is trial 14 with value: 0.6.
/data/home/rtabares/anaconda3/envs/pyth3.12/lib/python3.12/site-packages/xgboost/core.py:377: FutureWarning: Your system has an old version of glibc (< 2.28). We will stop supporting Linux distros with glibc older than 2.28 after **May 31, 2025**. Please upgrade to a recent Linux distro (with glibc >= 2.28) to use future versions of XGBoost.
Note: You have installed the 'manylinux2014' variant of XGBoost. Certain features such as GPU algorithms or federated learning are not available. To use these features, please upgrade to a recent Linux distro with glibc 2.28+, and install the 'manylinux_2_28' variant.
  warnings.warn(
[I 2025-05-26 03:18:41,507] A new study created in memory with name: logreg
Parámetros guardados en checkpoint_default_Dlatent_ft_H/ag/IPC_10/best_models_ag_seed_5_space_original/svc_best_params.json


>>> Optuna tuning logreg metodo ag IPC 10 seed 5


[I 2025-05-26 03:18:41,781] Trial 0 finished with value: 0.45 and parameters: {'C': 0.012881482725481003, 'penalty': 'l2'}. Best is trial 0 with value: 0.45.
[I 2025-05-26 03:18:41,809] Trial 1 finished with value: 0.55 and parameters: {'C': 22.576755560681583, 'penalty': 'l2'}. Best is trial 1 with value: 0.55.
[I 2025-05-26 03:18:41,824] Trial 2 finished with value: 0.5 and parameters: {'C': 0.010804278656839932, 'penalty': 'l2'}. Best is trial 1 with value: 0.55.
[I 2025-05-26 03:18:42,502] Trial 3 finished with value: 0.6 and parameters: {'C': 39.17910760336117, 'penalty': 'l2'}. Best is trial 3 with value: 0.6.
[I 2025-05-26 03:18:42,526] Trial 4 finished with value: 0.6 and parameters: {'C': 0.2767298094062571, 'penalty': 'l2'}. Best is trial 3 with value: 0.6.
[I 2025-05-26 03:18:42,540] Trial 5 finished with value: 0.6 and parameters: {'C': 1.1447728330837224, 'penalty': 'l2'}. Best is trial 3 with value: 0.6.
