[I 2025-05-18 17:11:26,426] Trial 9 finished with value: 0.4 and parameters: {'n_estimators': 40, 'max_depth': 30, 'gamma': 0.9649927737686168, 'subsample': 0.6857563076640036, 'colsample_bytree': 0.5061847058001788}. Best is trial 2 with value: 0.55.
/data/home/rtabares/anaconda3/envs/pyth3.12/lib/python3.12/site-packages/xgboost/core.py:377: FutureWarning: Your system has an old version of glibc (< 2.28). We will stop supporting Linux distros with glibc older than 2.28 after **May 31, 2025**. Please upgrade to a recent Linux distro (with glibc >= 2.28) to use future versions of XGBoost.
Note: You have installed the 'manylinux2014' variant of XGBoost. Certain features such as GPU algorithms or federated learning are not available. To use these features, please upgrade to a recent Linux distro with glibc 2.28+, and install the 'manylinux_2_28' variant.
  warnings.warn(
/data/home/rtabares/anaconda3/envs/pyth3.12/lib/python3.12/site-packages/xgboost/core.py:377: FutureWarning: Your system has an old version of glibc (< 2.28). We will stop supporting Linux distros with glibc older than 2.28 after **May 31, 2025**. Please upgrade to a recent Linux distro (with glibc >= 2.28) to use future versions of XGBoost.
Note: You have installed the 'manylinux2014' variant of XGBoost. Certain features such as GPU algorithms or federated learning are not available. To use these features, please upgrade to a recent Linux distro with glibc 2.28+, and install the 'manylinux_2_28' variant.
  warnings.warn(
[I 2025-05-18 17:11:29,080] A new study created in memory with name: rf
[I 2025-05-18 17:11:32,441] Trial 0 finished with value: 0.5 and parameters: {'n_estimators': 189, 'max_depth': 18, 'min_samples_split': 3, 'min_samples_leaf': 10}. Best is trial 0 with value: 0.5.
Parámetros guardados en checkpoint_shoppers_Dlatent_ft_F/craig/IPC_17/best_models_craig_seed_5_space_latent/xgb_best_params.json


>>> Optuna tuning rf metodo craig IPC 17 seed 5


[I 2025-05-18 17:11:33,682] Trial 1 finished with value: 0.5 and parameters: {'n_estimators': 295, 'max_depth': 14, 'min_samples_split': 8, 'min_samples_leaf': 6}. Best is trial 0 with value: 0.5.
[I 2025-05-18 17:11:34,687] Trial 2 finished with value: 0.5 and parameters: {'n_estimators': 219, 'max_depth': 6, 'min_samples_split': 2, 'min_samples_leaf': 8}. Best is trial 0 with value: 0.5.
[I 2025-05-18 17:11:35,049] Trial 3 finished with value: 0.45 and parameters: {'n_estimators': 276, 'max_depth': 5, 'min_samples_split': 9, 'min_samples_leaf': 3}. Best is trial 0 with value: 0.5.
[I 2025-05-18 17:11:35,438] Trial 4 finished with value: 0.5 and parameters: {'n_estimators': 266, 'max_depth': 8, 'min_samples_split': 7, 'min_samples_leaf': 6}. Best is trial 0 with value: 0.5.
[I 2025-05-18 17:11:35,876] Trial 5 finished with value: 0.45 and parameters: {'n_estimators': 340, 'max_depth': 7, 'min_samples_split': 4, 'min_samples_leaf': 3}. Best is trial 0 with value: 0.5.
[I 2025-05-18 17:11:36,270] Trial 6 finished with value: 0.5 and parameters: {'n_estimators': 231, 'max_depth': 5, 'min_samples_split': 3, 'min_samples_leaf': 10}. Best is trial 0 with value: 0.5.
[I 2025-05-18 17:11:37,017] Trial 7 finished with value: 0.45 and parameters: {'n_estimators': 485, 'max_depth': 6, 'min_samples_split': 2, 'min_samples_leaf': 3}. Best is trial 0 with value: 0.5.
[I 2025-05-18 17:11:37,673] Trial 8 finished with value: 0.45 and parameters: {'n_estimators': 380, 'max_depth': 17, 'min_samples_split': 2, 'min_samples_leaf': 6}. Best is trial 0 with value: 0.5.
[I 2025-05-18 17:11:37,926] Trial 9 finished with value: 0.5 and parameters: {'n_estimators': 100, 'max_depth': 12, 'min_samples_split': 7, 'min_samples_leaf': 10}. Best is trial 0 with value: 0.5.
[I 2025-05-18 17:11:44,732] A new study created in memory with name: svc
Parámetros guardados en checkpoint_shoppers_Dlatent_ft_F/craig/IPC_17/best_models_craig_seed_5_space_latent/rf_best_params.json


>>> Optuna tuning svc metodo craig IPC 17 seed 5


[I 2025-05-18 17:11:45,810] Trial 0 finished with value: 0.55 and parameters: {'C': 0.07726319876517104, 'gamma': 0.3040389504793042}. Best is trial 0 with value: 0.55.
[I 2025-05-18 17:11:45,839] Trial 1 finished with value: 0.55 and parameters: {'C': 0.06712381339142241, 'gamma': 0.47254549996710477}. Best is trial 0 with value: 0.55.
[I 2025-05-18 17:11:46,950] Trial 2 finished with value: 0.5 and parameters: {'C': 0.8987621100554035, 'gamma': 0.027988231123708972}. Best is trial 0 with value: 0.55.
[I 2025-05-18 17:11:46,966] Trial 3 finished with value: 0.5 and parameters: {'C': 11.5779435007655, 'gamma': 0.011848734045499056}. Best is trial 0 with value: 0.55.
[I 2025-05-18 17:11:46,981] Trial 4 finished with value: 0.55 and parameters: {'C': 0.1538870258903583, 'gamma': 0.0005634883151169033}. Best is trial 0 with value: 0.55.
[I 2025-05-18 17:11:47,001] Trial 5 finished with value: 0.5 and parameters: {'C': 0.021036092656561454, 'gamma': 0.08990030906808326}. Best is trial 0 with value: 0.55.
[I 2025-05-18 17:11:47,016] Trial 6 finished with value: 0.55 and parameters: {'C': 0.5824208201678516, 'gamma': 0.00042977333932534993}. Best is trial 0 with value: 0.55.
[I 2025-05-18 17:11:47,031] Trial 7 finished with value: 0.55 and parameters: {'C': 33.09391330085814, 'gamma': 0.001248377256719358}. Best is trial 0 with value: 0.55.
[I 2025-05-18 17:11:47,046] Trial 8 finished with value: 0.55 and parameters: {'C': 0.45387898639622015, 'gamma': 0.0015286910781809498}. Best is trial 0 with value: 0.55.
[I 2025-05-18 17:11:47,063] Trial 9 finished with value: 0.55 and parameters: {'C': 3.274550070431994, 'gamma': 0.02086177421469992}. Best is trial 0 with value: 0.55.
[I 2025-05-18 17:11:49,444] A new study created in memory with name: logreg
[I 2025-05-18 17:11:50,286] Trial 0 finished with value: 0.55 and parameters: {'C': 0.012881482725481003, 'penalty': 'l2'}. Best is trial 0 with value: 0.55.
Parámetros guardados en checkpoint_shoppers_Dlatent_ft_F/craig/IPC_17/best_models_craig_seed_5_space_latent/svc_best_params.json


>>> Optuna tuning logreg metodo craig IPC 17 seed 5


[I 2025-05-18 17:11:53,677] Trial 1 finished with value: 0.55 and parameters: {'C': 22.576755560681583, 'penalty': 'l2'}. Best is trial 0 with value: 0.55.
[I 2025-05-18 17:11:53,923] Trial 2 finished with value: 0.55 and parameters: {'C': 0.010804278656839932, 'penalty': 'l2'}. Best is trial 0 with value: 0.55.
[I 2025-05-18 17:11:53,949] Trial 3 finished with value: 0.55 and parameters: {'C': 39.17910760336117, 'penalty': 'l2'}. Best is trial 0 with value: 0.55.
[I 2025-05-18 17:11:53,971] Trial 4 finished with value: 0.55 and parameters: {'C': 0.2767298094062571, 'penalty': 'l2'}. Best is trial 0 with value: 0.55.
[I 2025-05-18 17:11:53,994] Trial 5 finished with value: 0.5 and parameters: {'C': 1.1447728330837224, 'penalty': 'l2'}. Best is trial 0 with value: 0.55.
[I 2025-05-18 17:11:54,016] Trial 6 finished with value: 0.5 and parameters: {'C': 6.753661388238877, 'penalty': 'l2'}. Best is trial 0 with value: 0.55.
[I 2025-05-18 17:11:54,040] Trial 7 finished with value: 0.55 and parameters: {'C': 0.39092184460352974, 'penalty': 'l2'}. Best is trial 0 with value: 0.55.
[I 2025-05-18 17:11:54,055] Trial 8 finished with value: 0.55 and parameters: {'C': 0.03047912590082646, 'penalty': 'l2'}. Best is trial 0 with value: 0.55.
[I 2025-05-18 17:11:54,080] Trial 9 finished with value: 0.5 and parameters: {'C': 0.008681727362499118, 'penalty': 'l2'}. Best is trial 0 with value: 0.55.
[I 2025-05-18 17:11:58,886] A new study created in memory with name: mlp
Parámetros guardados en checkpoint_shoppers_Dlatent_ft_F/craig/IPC_17/best_models_craig_seed_5_space_latent/logreg_best_params.json


>>> Optuna tuning mlp metodo craig IPC 17 seed 5


/data/home/rtabares/anaconda3/envs/pyth3.12/lib/python3.12/site-packages/sklearn/neural_network/_multilayer_perceptron.py:691: ConvergenceWarning: Stochastic Optimizer: Maximum iterations (50) reached and the optimization hasn't converged yet.
  warnings.warn(
/data/home/rtabares/anaconda3/envs/pyth3.12/lib/python3.12/site-packages/sklearn/neural_network/_multilayer_perceptron.py:691: ConvergenceWarning: Stochastic Optimizer: Maximum iterations (50) reached and the optimization hasn't converged yet.
  warnings.warn(
/data/home/rtabares/anaconda3/envs/pyth3.12/lib/python3.12/site-packages/sklearn/neural_network/_multilayer_perceptron.py:691: ConvergenceWarning: Stochastic Optimizer: Maximum iterations (50) reached and the optimization hasn't converged yet.
  warnings.warn(
/data/home/rtabares/anaconda3/envs/pyth3.12/lib/python3.12/site-packages/sklearn/neural_network/_multilayer_perceptron.py:691: ConvergenceWarning: Stochastic Optimizer: Maximum iterations (50) reached and the optimization hasn't converged yet.
  warnings.warn(
[I 2025-05-18 17:12:00,652] Trial 0 finished with value: 0.6 and parameters: {'hidden_layer_sizes': (200,), 'max_iter': 50, 'alpha': 0.001}. Best is trial 0 with value: 0.6.
[I 2025-05-18 17:12:01,440] Trial 1 finished with value: 0.55 and parameters: {'hidden_layer_sizes': (100,), 'max_iter': 100, 'alpha': 0.0001}. Best is trial 0 with value: 0.6.
/data/home/rtabares/anaconda3/envs/pyth3.12/lib/python3.12/site-packages/sklearn/neural_network/_multilayer_perceptron.py:691: ConvergenceWarning: Stochastic Optimizer: Maximum iterations (100) reached and the optimization hasn't converged yet.
  warnings.warn(
[I 2025-05-18 17:12:02,139] Trial 2 finished with value: 0.55 and parameters: {'hidden_layer_sizes': (100,), 'max_iter': 100, 'alpha': 0.001}. Best is trial 0 with value: 0.6.
/data/home/rtabares/anaconda3/envs/pyth3.12/lib/python3.12/site-packages/sklearn/neural_network/_multilayer_perceptron.py:691: ConvergenceWarning: Stochastic Optimizer: Maximum iterations (50) reached and the optimization hasn't converged yet.
  warnings.warn(
/data/home/rtabares/anaconda3/envs/pyth3.12/lib/python3.12/site-packages/sklearn/neural_network/_multilayer_perceptron.py:691: ConvergenceWarning: Stochastic Optimizer: Maximum iterations (50) reached and the optimization hasn't converged yet.
  warnings.warn(
/data/home/rtabares/anaconda3/envs/pyth3.12/lib/python3.12/site-packages/sklearn/neural_network/_multilayer_perceptron.py:691: ConvergenceWarning: Stochastic Optimizer: Maximum iterations (50) reached and the optimization hasn't converged yet.
  warnings.warn(
/data/home/rtabares/anaconda3/envs/pyth3.12/lib/python3.12/site-packages/sklearn/neural_network/_multilayer_perceptron.py:691: ConvergenceWarning: Stochastic Optimizer: Maximum iterations (50) reached and the optimization hasn't converged yet.
  warnings.warn(
[I 2025-05-18 17:12:02,186] Trial 3 finished with value: 0.5 and parameters: {'hidden_layer_sizes': (200,), 'max_iter': 50, 'alpha': 0.001}. Best is trial 0 with value: 0.6.
[I 2025-05-18 17:12:02,253] Trial 4 finished with value: 0.6 and parameters: {'hidden_layer_sizes': (100,), 'max_iter': 100, 'alpha': 0.0001}. Best is trial 0 with value: 0.6.
[I 2025-05-18 17:12:03,103] Trial 5 finished with value: 0.55 and parameters: {'hidden_layer_sizes': (100,), 'max_iter': 100, 'alpha': 0.001}. Best is trial 0 with value: 0.6.
[I 2025-05-18 17:12:03,239] Trial 6 finished with value: 0.65 and parameters: {'hidden_layer_sizes': (200,), 'max_iter': 100, 'alpha': 0.001}. Best is trial 6 with value: 0.65.
[I 2025-05-18 17:12:03,405] Trial 7 finished with value: 0.55 and parameters: {'hidden_layer_sizes': (200,), 'max_iter': 100, 'alpha': 0.001}. Best is trial 6 with value: 0.65.
[I 2025-05-18 17:12:03,571] Trial 8 finished with value: 0.5 and parameters: {'hidden_layer_sizes': (100,), 'max_iter': 100, 'alpha': 0.001}. Best is trial 6 with value: 0.65.
/data/home/rtabares/anaconda3/envs/pyth3.12/lib/python3.12/site-packages/sklearn/neural_network/_multilayer_perceptron.py:691: ConvergenceWarning: Stochastic Optimizer: Maximum iterations (50) reached and the optimization hasn't converged yet.
  warnings.warn(
/data/home/rtabares/anaconda3/envs/pyth3.12/lib/python3.12/site-packages/sklearn/neural_network/_multilayer_perceptron.py:691: ConvergenceWarning: Stochastic Optimizer: Maximum iterations (50) reached and the optimization hasn't converged yet.
  warnings.warn(
/data/home/rtabares/anaconda3/envs/pyth3.12/lib/python3.12/site-packages/sklearn/neural_network/_multilayer_perceptron.py:691: ConvergenceWarning: Stochastic Optimizer: Maximum iterations (50) reached and the optimization hasn't converged yet.
  warnings.warn(
/data/home/rtabares/anaconda3/envs/pyth3.12/lib/python3.12/site-packages/sklearn/neural_network/_multilayer_perceptron.py:691: ConvergenceWarning: Stochastic Optimizer: Maximum iterations (50) reached and the optimization hasn't converged yet.
  warnings.warn(
[I 2025-05-18 17:12:03,630] Trial 9 finished with value: 0.55 and parameters: {'hidden_layer_sizes': (100,), 'max_iter': 50, 'alpha': 0.001}. Best is trial 6 with value: 0.65.
[I 2025-05-18 17:12:08,096] A new study created in memory with name: naive_bayes
Parámetros guardados en checkpoint_shoppers_Dlatent_ft_F/craig/IPC_17/best_models_craig_seed_5_space_latent/mlp_best_params.json


>>> Optuna tuning naive_bayes metodo craig IPC 17 seed 5


[I 2025-05-18 17:12:10,415] Trial 0 finished with value: 0.4 and parameters: {'var_smoothing': 2.7796258518939306e-10}. Best is trial 0 with value: 0.4.
[I 2025-05-18 17:12:11,244] Trial 1 finished with value: 0.4 and parameters: {'var_smoothing': 5.513972710118387e-09}. Best is trial 0 with value: 0.4.
[I 2025-05-18 17:12:11,257] Trial 2 finished with value: 0.4 and parameters: {'var_smoothing': 2.590826381512706e-10}. Best is trial 0 with value: 0.4.
[I 2025-05-18 17:12:12,055] Trial 3 finished with value: 0.4 and parameters: {'var_smoothing': 6.874194498027403e-09}. Best is trial 0 with value: 0.4.
[I 2025-05-18 17:12:12,080] Trial 4 finished with value: 0.4 and parameters: {'var_smoothing': 9.480306482679771e-10}. Best is trial 0 with value: 0.4.
[I 2025-05-18 17:12:12,094] Trial 5 finished with value: 0.4 and parameters: {'var_smoothing': 1.6729683536668864e-09}. Best is trial 0 with value: 0.4.
[I 2025-05-18 17:12:12,107] Trial 6 finished with value: 0.4 and parameters: {'var_smoothing': 3.402637726935598e-09}. Best is trial 0 with value: 0.4.
[I 2025-05-18 17:12:12,122] Trial 7 finished with value: 0.4 and parameters: {'var_smoothing': 1.0885189040847657e-09}. Best is trial 0 with value: 0.4.
[I 2025-05-18 17:12:12,135] Trial 8 finished with value: 0.4 and parameters: {'var_smoothing': 3.922843686541149e-10}. Best is trial 0 with value: 0.4.
[I 2025-05-18 17:12:12,149] Trial 9 finished with value: 0.4 and parameters: {'var_smoothing': 2.3737908819373785e-10}. Best is trial 0 with value: 0.4.
/data/home/rtabares/anaconda3/envs/pyth3.12/lib/python3.12/site-packages/xgboost/core.py:377: FutureWarning: Your system has an old version of glibc (< 2.28). We will stop supporting Linux distros with glibc older than 2.28 after **May 31, 2025**. Please upgrade to a recent Linux distro (with glibc >= 2.28) to use future versions of XGBoost.
Note: You have installed the 'manylinux2014' variant of XGBoost. Certain features such as GPU algorithms or federated learning are not available. To use these features, please upgrade to a recent Linux distro with glibc 2.28+, and install the 'manylinux_2_28' variant.
  warnings.warn(
[I 2025-05-18 17:12:15,691] A new study created in memory with name: knn
Parámetros guardados en checkpoint_shoppers_Dlatent_ft_F/craig/IPC_17/best_models_craig_seed_5_space_latent/naive_bayes_best_params.json


>>> Optuna tuning knn metodo craig IPC 17 seed 5


[I 2025-05-18 17:12:18,125] Trial 0 finished with value: 0.5 and parameters: {'n_neighbors': 4, 'leaf_size': 38, 'p': 2}. Best is trial 0 with value: 0.5.
[I 2025-05-18 17:12:18,981] Trial 1 finished with value: 0.4 and parameters: {'n_neighbors': 6, 'leaf_size': 32, 'p': 1}. Best is trial 0 with value: 0.5.
[I 2025-05-18 17:12:19,703] Trial 2 finished with value: 0.35 and parameters: {'n_neighbors': 5, 'leaf_size': 23, 'p': 2}. Best is trial 0 with value: 0.5.
[I 2025-05-18 17:12:20,396] Trial 3 finished with value: 0.4 and parameters: {'n_neighbors': 6, 'leaf_size': 23, 'p': 1}. Best is trial 0 with value: 0.5.
[I 2025-05-18 17:12:20,411] Trial 4 finished with value: 0.4 and parameters: {'n_neighbors': 6, 'leaf_size': 26, 'p': 1}. Best is trial 0 with value: 0.5.
[I 2025-05-18 17:12:20,512] Trial 5 finished with value: 0.25 and parameters: {'n_neighbors': 7, 'leaf_size': 25, 'p': 1}. Best is trial 0 with value: 0.5.
[I 2025-05-18 17:12:20,596] Trial 6 finished with value: 0.35 and parameters: {'n_neighbors': 5, 'leaf_size': 23, 'p': 2}. Best is trial 0 with value: 0.5.
[I 2025-05-18 17:12:20,686] Trial 7 finished with value: 0.6 and parameters: {'n_neighbors': 10, 'leaf_size': 23, 'p': 2}. Best is trial 7 with value: 0.6.
[I 2025-05-18 17:12:20,720] Trial 8 finished with value: 0.55 and parameters: {'n_neighbors': 8, 'leaf_size': 36, 'p': 2}. Best is trial 7 with value: 0.6.
[I 2025-05-18 17:12:20,804] Trial 9 finished with value: 0.4 and parameters: {'n_neighbors': 3, 'leaf_size': 30, 'p': 2}. Best is trial 7 with value: 0.6.
/data/home/rtabares/anaconda3/envs/pyth3.12/lib/python3.12/site-packages/xgboost/core.py:377: FutureWarning: Your system has an old version of glibc (< 2.28). We will stop supporting Linux distros with glibc older than 2.28 after **May 31, 2025**. Please upgrade to a recent Linux distro (with glibc >= 2.28) to use future versions of XGBoost.
Note: You have installed the 'manylinux2014' variant of XGBoost. Certain features such as GPU algorithms or federated learning are not available. To use these features, please upgrade to a recent Linux distro with glibc 2.28+, and install the 'manylinux_2_28' variant.
  warnings.warn(
/data/home/rtabares/anaconda3/envs/pyth3.12/lib/python3.12/site-packages/xgboost/core.py:377: FutureWarning: Your system has an old version of glibc (< 2.28). We will stop supporting Linux distros with glibc older than 2.28 after **May 31, 2025**. Please upgrade to a recent Linux distro (with glibc >= 2.28) to use future versions of XGBoost.
Note: You have installed the 'manylinux2014' variant of XGBoost. Certain features such as GPU algorithms or federated learning are not available. To use these features, please upgrade to a recent Linux distro with glibc 2.28+, and install the 'manylinux_2_28' variant.
  warnings.warn(
/data/home/rtabares/anaconda3/envs/pyth3.12/lib/python3.12/site-packages/xgboost/core.py:377: FutureWarning: Your system has an old version of glibc (< 2.28). We will stop supporting Linux distros with glibc older than 2.28 after **May 31, 2025**. Please upgrade to a recent Linux distro (with glibc >= 2.28) to use future versions of XGBoost.
Note: You have installed the 'manylinux2014' variant of XGBoost. Certain features such as GPU algorithms or federated learning are not available. To use these features, please upgrade to a recent Linux distro with glibc 2.28+, and install the 'manylinux_2_28' variant.
  warnings.warn(
[I 2025-05-18 17:12:24,445] A new study created in memory with name: xgb
Parámetros guardados en checkpoint_shoppers_Dlatent_ft_F/craig/IPC_17/best_models_craig_seed_5_space_latent/knn_best_params.json


>>> Optuna tuning xgb metodo craig IPC 17 seed 5


/data/home/rtabares/anaconda3/envs/pyth3.12/lib/python3.12/site-packages/xgboost/core.py:377: FutureWarning: Your system has an old version of glibc (< 2.28). We will stop supporting Linux distros with glibc older than 2.28 after **May 31, 2025**. Please upgrade to a recent Linux distro (with glibc >= 2.28) to use future versions of XGBoost.
Note: You have installed the 'manylinux2014' variant of XGBoost. Certain features such as GPU algorithms or federated learning are not available. To use these features, please upgrade to a recent Linux distro with glibc 2.28+, and install the 'manylinux_2_28' variant.
  warnings.warn(
/data/home/rtabares/anaconda3/envs/pyth3.12/lib/python3.12/site-packages/xgboost/core.py:377: FutureWarning: Your system has an old version of glibc (< 2.28). We will stop supporting Linux distros with glibc older than 2.28 after **May 31, 2025**. Please upgrade to a recent Linux distro (with glibc >= 2.28) to use future versions of XGBoost.
Note: You have installed the 'manylinux2014' variant of XGBoost. Certain features such as GPU algorithms or federated learning are not available. To use these features, please upgrade to a recent Linux distro with glibc 2.28+, and install the 'manylinux_2_28' variant.
  warnings.warn(
