[I 2025-05-26 03:28:15,594] Trial 16 finished with value: 0.85 and parameters: {'n_estimators': 10, 'max_depth': 20, 'gamma': 0.5883567252446563, 'subsample': 0.853898248948181, 'colsample_bytree': 0.5903761082891221}. Best is trial 1 with value: 0.9.
/data/home/rtabares/anaconda3/envs/pyth3.12/lib/python3.12/site-packages/xgboost/core.py:377: FutureWarning: Your system has an old version of glibc (< 2.28). We will stop supporting Linux distros with glibc older than 2.28 after **May 31, 2025**. Please upgrade to a recent Linux distro (with glibc >= 2.28) to use future versions of XGBoost.
Note: You have installed the 'manylinux2014' variant of XGBoost. Certain features such as GPU algorithms or federated learning are not available. To use these features, please upgrade to a recent Linux distro with glibc 2.28+, and install the 'manylinux_2_28' variant.
  warnings.warn(
[I 2025-05-26 03:28:16,291] Trial 17 finished with value: 0.85 and parameters: {'n_estimators': 100, 'max_depth': 30, 'gamma': 0.22189015382940566, 'subsample': 0.5053007952589881, 'colsample_bytree': 0.8206450560248096}. Best is trial 1 with value: 0.9.
/data/home/rtabares/anaconda3/envs/pyth3.12/lib/python3.12/site-packages/xgboost/core.py:377: FutureWarning: Your system has an old version of glibc (< 2.28). We will stop supporting Linux distros with glibc older than 2.28 after **May 31, 2025**. Please upgrade to a recent Linux distro (with glibc >= 2.28) to use future versions of XGBoost.
Note: You have installed the 'manylinux2014' variant of XGBoost. Certain features such as GPU algorithms or federated learning are not available. To use these features, please upgrade to a recent Linux distro with glibc 2.28+, and install the 'manylinux_2_28' variant.
  warnings.warn(
[I 2025-05-26 03:28:16,979] Trial 18 finished with value: 0.85 and parameters: {'n_estimators': 100, 'max_depth': 20, 'gamma': 0.8045232978285917, 'subsample': 0.9639959905381882, 'colsample_bytree': 0.7348136711873586}. Best is trial 1 with value: 0.9.
[I 2025-05-26 03:28:17,019] Trial 19 finished with value: 0.85 and parameters: {'n_estimators': 10, 'max_depth': 5, 'gamma': 0.4691286526126799, 'subsample': 0.8754057261860848, 'colsample_bytree': 0.6582802021476128}. Best is trial 1 with value: 0.9.
[I 2025-05-26 03:28:19,134] A new study created in memory with name: rf
Parámetros guardados en checkpoint_adult_Dlatent_G/k-means/IPC_10/best_models_k-means_seed_6_space_original/xgb_best_params.json


>>> Optuna tuning rf metodo k-means IPC 10 seed 6


[I 2025-05-26 03:28:22,506] Trial 0 finished with value: 0.9 and parameters: {'n_estimators': 458, 'max_depth': 8, 'min_samples_split': 9, 'min_samples_leaf': 1}. Best is trial 0 with value: 0.9.
[I 2025-05-26 03:28:23,055] Trial 1 finished with value: 0.95 and parameters: {'n_estimators': 143, 'max_depth': 13, 'min_samples_split': 6, 'min_samples_leaf': 5}. Best is trial 1 with value: 0.95.
[I 2025-05-26 03:28:23,402] Trial 2 finished with value: 0.5 and parameters: {'n_estimators': 234, 'max_depth': 14, 'min_samples_split': 5, 'min_samples_leaf': 8}. Best is trial 1 with value: 0.95.
[I 2025-05-26 03:28:23,763] Trial 3 finished with value: 0.5 and parameters: {'n_estimators': 307, 'max_depth': 13, 'min_samples_split': 7, 'min_samples_leaf': 10}. Best is trial 1 with value: 0.95.
[I 2025-05-26 03:28:24,263] Trial 4 finished with value: 0.5 and parameters: {'n_estimators': 428, 'max_depth': 10, 'min_samples_split': 9, 'min_samples_leaf': 9}. Best is trial 1 with value: 0.95.
[I 2025-05-26 03:28:24,481] Trial 5 finished with value: 0.5 and parameters: {'n_estimators': 121, 'max_depth': 15, 'min_samples_split': 9, 'min_samples_leaf': 8}. Best is trial 1 with value: 0.95.
[I 2025-05-26 03:28:24,941] Trial 6 finished with value: 0.5 and parameters: {'n_estimators': 384, 'max_depth': 12, 'min_samples_split': 3, 'min_samples_leaf': 10}. Best is trial 1 with value: 0.95.
[I 2025-05-26 03:28:25,292] Trial 7 finished with value: 0.5 and parameters: {'n_estimators': 261, 'max_depth': 6, 'min_samples_split': 8, 'min_samples_leaf': 10}. Best is trial 1 with value: 0.95.
[I 2025-05-26 03:28:25,528] Trial 8 finished with value: 0.5 and parameters: {'n_estimators': 202, 'max_depth': 15, 'min_samples_split': 7, 'min_samples_leaf': 8}. Best is trial 1 with value: 0.95.
[I 2025-05-26 03:28:26,168] Trial 9 finished with value: 1.0 and parameters: {'n_estimators': 475, 'max_depth': 9, 'min_samples_split': 4, 'min_samples_leaf': 5}. Best is trial 9 with value: 1.0.
[I 2025-05-26 03:28:26,741] Trial 10 finished with value: 1.0 and parameters: {'n_estimators': 499, 'max_depth': 20, 'min_samples_split': 2, 'min_samples_leaf': 4}. Best is trial 9 with value: 1.0.
[I 2025-05-26 03:28:27,934] Trial 11 finished with value: 1.0 and parameters: {'n_estimators': 489, 'max_depth': 20, 'min_samples_split': 2, 'min_samples_leaf': 4}. Best is trial 9 with value: 1.0.
[I 2025-05-26 03:28:28,390] Trial 12 finished with value: 1.0 and parameters: {'n_estimators': 372, 'max_depth': 4, 'min_samples_split': 4, 'min_samples_leaf': 3}. Best is trial 9 with value: 1.0.
[I 2025-05-26 03:28:29,623] Trial 13 finished with value: 0.75 and parameters: {'n_estimators': 406, 'max_depth': 20, 'min_samples_split': 2, 'min_samples_leaf': 6}. Best is trial 9 with value: 1.0.
[I 2025-05-26 03:28:30,928] Trial 14 finished with value: 1.0 and parameters: {'n_estimators': 483, 'max_depth': 17, 'min_samples_split': 4, 'min_samples_leaf': 2}. Best is trial 9 with value: 1.0.
[I 2025-05-26 03:28:31,341] Trial 15 finished with value: 0.9 and parameters: {'n_estimators': 333, 'max_depth': 9, 'min_samples_split': 3, 'min_samples_leaf': 6}. Best is trial 9 with value: 1.0.
[I 2025-05-26 03:28:31,920] Trial 16 finished with value: 1.0 and parameters: {'n_estimators': 498, 'max_depth': 17, 'min_samples_split': 4, 'min_samples_leaf': 4}. Best is trial 9 with value: 1.0.
[I 2025-05-26 03:28:32,465] Trial 17 finished with value: 1.0 and parameters: {'n_estimators': 439, 'max_depth': 3, 'min_samples_split': 2, 'min_samples_leaf': 5}. Best is trial 9 with value: 1.0.
[I 2025-05-26 03:28:32,975] Trial 18 finished with value: 1.0 and parameters: {'n_estimators': 352, 'max_depth': 7, 'min_samples_split': 5, 'min_samples_leaf': 3}. Best is trial 9 with value: 1.0.
[I 2025-05-26 03:28:33,560] Trial 19 finished with value: 0.5 and parameters: {'n_estimators': 448, 'max_depth': 10, 'min_samples_split': 3, 'min_samples_leaf': 7}. Best is trial 9 with value: 1.0.
[I 2025-05-26 03:28:37,247] A new study created in memory with name: svc
Parámetros guardados en checkpoint_adult_Dlatent_G/k-means/IPC_10/best_models_k-means_seed_6_space_original/rf_best_params.json


>>> Optuna tuning svc metodo k-means IPC 10 seed 6


[I 2025-05-26 03:28:39,779] Trial 0 finished with value: 0.85 and parameters: {'C': 37.27697013499731, 'gamma': 0.0021277432488243223}. Best is trial 0 with value: 0.85.
[I 2025-05-26 03:28:39,989] Trial 1 finished with value: 0.55 and parameters: {'C': 19.271543171162776, 'gamma': 0.00014682043379470554}. Best is trial 0 with value: 0.85.
[I 2025-05-26 03:28:40,005] Trial 2 finished with value: 0.55 and parameters: {'C': 0.0269542169583157, 'gamma': 0.023999835049635022}. Best is trial 0 with value: 0.85.
[I 2025-05-26 03:28:40,019] Trial 3 finished with value: 0.55 and parameters: {'C': 1.3160410886450586, 'gamma': 0.0047340159215720195}. Best is trial 0 with value: 0.85.
[I 2025-05-26 03:28:40,044] Trial 4 finished with value: 0.65 and parameters: {'C': 0.21959952535674737, 'gamma': 0.030908485742507576}. Best is trial 0 with value: 0.85.
[I 2025-05-26 03:28:40,059] Trial 5 finished with value: 0.75 and parameters: {'C': 0.5656733313644114, 'gamma': 0.08780685564625502}. Best is trial 0 with value: 0.85.
[I 2025-05-26 03:28:40,071] Trial 6 finished with value: 0.7 and parameters: {'C': 1.1807165425157664, 'gamma': 0.020674470756231633}. Best is trial 0 with value: 0.85.
[I 2025-05-26 03:28:40,085] Trial 7 finished with value: 0.6 and parameters: {'C': 3.8143486186647126, 'gamma': 0.9138966502602072}. Best is trial 0 with value: 0.85.
[I 2025-05-26 03:28:40,098] Trial 8 finished with value: 0.85 and parameters: {'C': 19.029737066374768, 'gamma': 0.004495766421289856}. Best is trial 0 with value: 0.85.
[I 2025-05-26 03:28:40,114] Trial 9 finished with value: 0.7 and parameters: {'C': 31.994153257994277, 'gamma': 0.19725941020937518}. Best is trial 0 with value: 0.85.
[I 2025-05-26 03:28:40,138] Trial 10 finished with value: 0.85 and parameters: {'C': 96.80643961619926, 'gamma': 0.0004009308447180715}. Best is trial 0 with value: 0.85.
[I 2025-05-26 03:28:40,816] Trial 11 finished with value: 0.75 and parameters: {'C': 9.896624772185135, 'gamma': 0.002535147656205105}. Best is trial 0 with value: 0.85.
[I 2025-05-26 03:28:41,466] Trial 12 finished with value: 0.85 and parameters: {'C': 73.14040788468016, 'gamma': 0.0011178094602157474}. Best is trial 0 with value: 0.85.
[I 2025-05-26 03:28:41,489] Trial 13 finished with value: 0.55 and parameters: {'C': 5.512710744479732, 'gamma': 0.001180682681522933}. Best is trial 0 with value: 0.85.
[I 2025-05-26 03:28:41,514] Trial 14 finished with value: 0.85 and parameters: {'C': 28.199473611006507, 'gamma': 0.006894762954990565}. Best is trial 0 with value: 0.85.
[I 2025-05-26 03:28:41,538] Trial 15 finished with value: 0.55 and parameters: {'C': 0.07931370583208394, 'gamma': 0.0005914713254872686}. Best is trial 0 with value: 0.85.
[I 2025-05-26 03:28:41,570] Trial 16 finished with value: 0.55 and parameters: {'C': 3.2002685643795457, 'gamma': 0.00013108517561580927}. Best is trial 0 with value: 0.85.
[I 2025-05-26 03:28:42,289] Trial 17 finished with value: 0.85 and parameters: {'C': 11.712036156313884, 'gamma': 0.0036347217421542365}. Best is trial 0 with value: 0.85.
[I 2025-05-26 03:28:42,312] Trial 18 finished with value: 0.8 and parameters: {'C': 51.25545049160052, 'gamma': 0.011041664001965566}. Best is trial 0 with value: 0.85.
[I 2025-05-26 03:28:42,337] Trial 19 finished with value: 0.55 and parameters: {'C': 0.013103877820334748, 'gamma': 0.0017432090040826558}. Best is trial 0 with value: 0.85.
[I 2025-05-26 03:28:44,837] A new study created in memory with name: logreg
Parámetros guardados en checkpoint_adult_Dlatent_G/k-means/IPC_10/best_models_k-means_seed_6_space_original/svc_best_params.json


>>> Optuna tuning logreg metodo k-means IPC 10 seed 6


[I 2025-05-26 03:28:46,665] Trial 0 finished with value: 0.8 and parameters: {'C': 29.127335430981816, 'penalty': 'l2'}. Best is trial 0 with value: 0.8.
[I 2025-05-26 03:28:47,526] Trial 1 finished with value: 0.65 and parameters: {'C': 0.045698192893558344, 'penalty': 'l2'}. Best is trial 0 with value: 0.8.
[I 2025-05-26 03:28:47,553] Trial 2 finished with value: 0.8 and parameters: {'C': 12.768668597712947, 'penalty': 'l2'}. Best is trial 0 with value: 0.8.
[I 2025-05-26 03:28:48,204] Trial 3 finished with value: 0.65 and parameters: {'C': 0.0016161554408462638, 'penalty': 'l2'}. Best is trial 0 with value: 0.8.
[I 2025-05-26 03:28:48,229] Trial 4 finished with value: 0.7 and parameters: {'C': 0.0034536903703241734, 'penalty': 'l2'}. Best is trial 0 with value: 0.8.
[I 2025-05-26 03:28:48,253] Trial 5 finished with value: 0.75 and parameters: {'C': 0.9446269266990148, 'penalty': 'l2'}. Best is trial 0 with value: 0.8.
[I 2025-05-26 03:28:48,277] Trial 6 finished with value: 0.75 and parameters: {'C': 0.4457453393648168, 'penalty': 'l2'}. Best is trial 0 with value: 0.8.
[I 2025-05-26 03:28:48,302] Trial 7 finished with value: 0.8 and parameters: {'C': 0.12417585037258261, 'penalty': 'l2'}. Best is trial 0 with value: 0.8.
[I 2025-05-26 03:28:48,327] Trial 8 finished with value: 0.7 and parameters: {'C': 0.04753781830244093, 'penalty': 'l2'}. Best is trial 0 with value: 0.8.
[I 2025-05-26 03:28:48,352] Trial 9 finished with value: 0.8 and parameters: {'C': 1.2959766028194148, 'penalty': 'l2'}. Best is trial 0 with value: 0.8.
[I 2025-05-26 03:28:48,383] Trial 10 finished with value: 0.8 and parameters: {'C': 96.02411422716075, 'penalty': 'l2'}. Best is trial 0 with value: 0.8.
[I 2025-05-26 03:28:48,416] Trial 11 finished with value: 0.8 and parameters: {'C': 39.69400400084221, 'penalty': 'l2'}. Best is trial 0 with value: 0.8.
[I 2025-05-26 03:28:49,056] Trial 12 finished with value: 0.8 and parameters: {'C': 8.225959882391543, 'penalty': 'l2'}. Best is trial 0 with value: 0.8.
[I 2025-05-26 03:28:49,086] Trial 13 finished with value: 0.8 and parameters: {'C': 7.754794499748217, 'penalty': 'l2'}. Best is trial 0 with value: 0.8.
[I 2025-05-26 03:28:49,735] Trial 14 finished with value: 0.8 and parameters: {'C': 6.4805921259058685, 'penalty': 'l2'}. Best is trial 0 with value: 0.8.
[I 2025-05-26 03:28:49,767] Trial 15 finished with value: 0.8 and parameters: {'C': 20.46019149655531, 'penalty': 'l2'}. Best is trial 0 with value: 0.8.
[I 2025-05-26 03:28:49,788] Trial 16 finished with value: 0.85 and parameters: {'C': 2.6712006191102677, 'penalty': 'l2'}. Best is trial 16 with value: 0.85.
[I 2025-05-26 03:28:49,805] Trial 17 finished with value: 0.85 and parameters: {'C': 2.0413817698391985, 'penalty': 'l2'}. Best is trial 16 with value: 0.85.
[I 2025-05-26 03:28:49,835] Trial 18 finished with value: 0.8 and parameters: {'C': 1.6618927882312708, 'penalty': 'l2'}. Best is trial 16 with value: 0.85.
[I 2025-05-26 03:28:49,867] Trial 19 finished with value: 0.85 and parameters: {'C': 2.4512041109778684, 'penalty': 'l2'}. Best is trial 16 with value: 0.85.
[I 2025-05-26 03:28:51,929] A new study created in memory with name: mlp
/data/home/rtabares/anaconda3/envs/pyth3.12/lib/python3.12/site-packages/sklearn/neural_network/_multilayer_perceptron.py:691: ConvergenceWarning: Stochastic Optimizer: Maximum iterations (100) reached and the optimization hasn't converged yet.
  warnings.warn(
/data/home/rtabares/anaconda3/envs/pyth3.12/lib/python3.12/site-packages/sklearn/neural_network/_multilayer_perceptron.py:691: ConvergenceWarning: Stochastic Optimizer: Maximum iterations (100) reached and the optimization hasn't converged yet.
  warnings.warn(
/data/home/rtabares/anaconda3/envs/pyth3.12/lib/python3.12/site-packages/sklearn/neural_network/_multilayer_perceptron.py:691: ConvergenceWarning: Stochastic Optimizer: Maximum iterations (100) reached and the optimization hasn't converged yet.
  warnings.warn(
/data/home/rtabares/anaconda3/envs/pyth3.12/lib/python3.12/site-packages/sklearn/neural_network/_multilayer_perceptron.py:691: ConvergenceWarning: Stochastic Optimizer: Maximum iterations (100) reached and the optimization hasn't converged yet.
  warnings.warn(
/data/home/rtabares/anaconda3/envs/pyth3.12/lib/python3.12/site-packages/sklearn/neural_network/_multilayer_perceptron.py:691: ConvergenceWarning: Stochastic Optimizer: Maximum iterations (100) reached and the optimization hasn't converged yet.
  warnings.warn(
[I 2025-05-26 03:28:54,603] Trial 0 finished with value: 0.85 and parameters: {'hidden_layer_sizes': (100,), 'max_iter': 100, 'alpha': 0.0001}. Best is trial 0 with value: 0.85.
Parámetros guardados en checkpoint_adult_Dlatent_G/k-means/IPC_10/best_models_k-means_seed_6_space_original/logreg_best_params.json


>>> Optuna tuning mlp metodo k-means IPC 10 seed 6


/data/home/rtabares/anaconda3/envs/pyth3.12/lib/python3.12/site-packages/sklearn/neural_network/_multilayer_perceptron.py:691: ConvergenceWarning: Stochastic Optimizer: Maximum iterations (100) reached and the optimization hasn't converged yet.
  warnings.warn(
/data/home/rtabares/anaconda3/envs/pyth3.12/lib/python3.12/site-packages/sklearn/neural_network/_multilayer_perceptron.py:691: ConvergenceWarning: Stochastic Optimizer: Maximum iterations (100) reached and the optimization hasn't converged yet.
  warnings.warn(
/data/home/rtabares/anaconda3/envs/pyth3.12/lib/python3.12/site-packages/sklearn/neural_network/_multilayer_perceptron.py:691: ConvergenceWarning: Stochastic Optimizer: Maximum iterations (100) reached and the optimization hasn't converged yet.
  warnings.warn(
/data/home/rtabares/anaconda3/envs/pyth3.12/lib/python3.12/site-packages/sklearn/neural_network/_multilayer_perceptron.py:691: ConvergenceWarning: Stochastic Optimizer: Maximum iterations (100) reached and the optimization hasn't converged yet.
  warnings.warn(
/data/home/rtabares/anaconda3/envs/pyth3.12/lib/python3.12/site-packages/sklearn/neural_network/_multilayer_perceptron.py:691: ConvergenceWarning: Stochastic Optimizer: Maximum iterations (100) reached and the optimization hasn't converged yet.
  warnings.warn(
[I 2025-05-26 03:28:55,388] Trial 1 finished with value: 0.8 and parameters: {'hidden_layer_sizes': (100, 100), 'max_iter': 100, 'alpha': 0.001}. Best is trial 0 with value: 0.85.
/data/home/rtabares/anaconda3/envs/pyth3.12/lib/python3.12/site-packages/sklearn/neural_network/_multilayer_perceptron.py:691: ConvergenceWarning: Stochastic Optimizer: Maximum iterations (100) reached and the optimization hasn't converged yet.
  warnings.warn(
/data/home/rtabares/anaconda3/envs/pyth3.12/lib/python3.12/site-packages/sklearn/neural_network/_multilayer_perceptron.py:691: ConvergenceWarning: Stochastic Optimizer: Maximum iterations (100) reached and the optimization hasn't converged yet.
  warnings.warn(
/data/home/rtabares/anaconda3/envs/pyth3.12/lib/python3.12/site-packages/sklearn/neural_network/_multilayer_perceptron.py:691: ConvergenceWarning: Stochastic Optimizer: Maximum iterations (100) reached and the optimization hasn't converged yet.
  warnings.warn(
/data/home/rtabares/anaconda3/envs/pyth3.12/lib/python3.12/site-packages/sklearn/neural_network/_multilayer_perceptron.py:691: ConvergenceWarning: Stochastic Optimizer: Maximum iterations (100) reached and the optimization hasn't converged yet.
  warnings.warn(
[I 2025-05-26 03:28:55,465] Trial 2 finished with value: 0.85 and parameters: {'hidden_layer_sizes': (200,), 'max_iter': 100, 'alpha': 0.0001}. Best is trial 0 with value: 0.85.
/data/home/rtabares/anaconda3/envs/pyth3.12/lib/python3.12/site-packages/sklearn/neural_network/_multilayer_perceptron.py:691: ConvergenceWarning: Stochastic Optimizer: Maximum iterations (50) reached and the optimization hasn't converged yet.
  warnings.warn(
/data/home/rtabares/anaconda3/envs/pyth3.12/lib/python3.12/site-packages/sklearn/neural_network/_multilayer_perceptron.py:691: ConvergenceWarning: Stochastic Optimizer: Maximum iterations (50) reached and the optimization hasn't converged yet.
  warnings.warn(
/data/home/rtabares/anaconda3/envs/pyth3.12/lib/python3.12/site-packages/sklearn/neural_network/_multilayer_perceptron.py:691: ConvergenceWarning: Stochastic Optimizer: Maximum iterations (50) reached and the optimization hasn't converged yet.
  warnings.warn(
/data/home/rtabares/anaconda3/envs/pyth3.12/lib/python3.12/site-packages/sklearn/neural_network/_multilayer_perceptron.py:691: ConvergenceWarning: Stochastic Optimizer: Maximum iterations (50) reached and the optimization hasn't converged yet.
  warnings.warn(
/data/home/rtabares/anaconda3/envs/pyth3.12/lib/python3.12/site-packages/sklearn/neural_network/_multilayer_perceptron.py:691: ConvergenceWarning: Stochastic Optimizer: Maximum iterations (50) reached and the optimization hasn't converged yet.
  warnings.warn(
[I 2025-05-26 03:28:55,520] Trial 3 finished with value: 0.85 and parameters: {'hidden_layer_sizes': (200,), 'max_iter': 50, 'alpha': 0.001}. Best is trial 0 with value: 0.85.
/data/home/rtabares/anaconda3/envs/pyth3.12/lib/python3.12/site-packages/sklearn/neural_network/_multilayer_perceptron.py:691: ConvergenceWarning: Stochastic Optimizer: Maximum iterations (50) reached and the optimization hasn't converged yet.
  warnings.warn(
/data/home/rtabares/anaconda3/envs/pyth3.12/lib/python3.12/site-packages/sklearn/neural_network/_multilayer_perceptron.py:691: ConvergenceWarning: Stochastic Optimizer: Maximum iterations (50) reached and the optimization hasn't converged yet.
  warnings.warn(
/data/home/rtabares/anaconda3/envs/pyth3.12/lib/python3.12/site-packages/sklearn/neural_network/_multilayer_perceptron.py:691: ConvergenceWarning: Stochastic Optimizer: Maximum iterations (50) reached and the optimization hasn't converged yet.
  warnings.warn(
/data/home/rtabares/anaconda3/envs/pyth3.12/lib/python3.12/site-packages/sklearn/neural_network/_multilayer_perceptron.py:691: ConvergenceWarning: Stochastic Optimizer: Maximum iterations (50) reached and the optimization hasn't converged yet.
  warnings.warn(
/data/home/rtabares/anaconda3/envs/pyth3.12/lib/python3.12/site-packages/sklearn/neural_network/_multilayer_perceptron.py:691: ConvergenceWarning: Stochastic Optimizer: Maximum iterations (50) reached and the optimization hasn't converged yet.
  warnings.warn(
