[I 2025-05-26 03:21:12,400] Trial 19 finished with value: 0.9 and parameters: {'var_smoothing': 4.958025424412893e-09}. Best is trial 0 with value: 0.9.
/data/home/rtabares/anaconda3/envs/pyth3.12/lib/python3.12/site-packages/xgboost/core.py:377: FutureWarning: Your system has an old version of glibc (< 2.28). We will stop supporting Linux distros with glibc older than 2.28 after **May 31, 2025**. Please upgrade to a recent Linux distro (with glibc >= 2.28) to use future versions of XGBoost.
Note: You have installed the 'manylinux2014' variant of XGBoost. Certain features such as GPU algorithms or federated learning are not available. To use these features, please upgrade to a recent Linux distro with glibc 2.28+, and install the 'manylinux_2_28' variant.
  warnings.warn(
[I 2025-05-26 03:21:16,483] A new study created in memory with name: knn
Parámetros guardados en checkpoint_default_Dlatent_ft_H/lc/IPC_10/best_models_lc_seed_5_space_latent/naive_bayes_best_params.json


>>> Optuna tuning knn metodo lc IPC 10 seed 5


[I 2025-05-26 03:21:17,210] Trial 0 finished with value: 1.0 and parameters: {'n_neighbors': 4, 'leaf_size': 38, 'p': 2}. Best is trial 0 with value: 1.0.
[I 2025-05-26 03:21:17,288] Trial 1 finished with value: 1.0 and parameters: {'n_neighbors': 6, 'leaf_size': 32, 'p': 1}. Best is trial 0 with value: 1.0.
[I 2025-05-26 03:21:18,000] Trial 2 finished with value: 1.0 and parameters: {'n_neighbors': 5, 'leaf_size': 23, 'p': 2}. Best is trial 0 with value: 1.0.
[I 2025-05-26 03:21:18,036] Trial 3 finished with value: 1.0 and parameters: {'n_neighbors': 6, 'leaf_size': 23, 'p': 1}. Best is trial 0 with value: 1.0.
[I 2025-05-26 03:21:18,112] Trial 4 finished with value: 1.0 and parameters: {'n_neighbors': 6, 'leaf_size': 26, 'p': 1}. Best is trial 0 with value: 1.0.
[I 2025-05-26 03:21:18,168] Trial 5 finished with value: 1.0 and parameters: {'n_neighbors': 7, 'leaf_size': 25, 'p': 1}. Best is trial 0 with value: 1.0.
[I 2025-05-26 03:21:18,255] Trial 6 finished with value: 1.0 and parameters: {'n_neighbors': 5, 'leaf_size': 23, 'p': 2}. Best is trial 0 with value: 1.0.
[I 2025-05-26 03:21:18,332] Trial 7 finished with value: 1.0 and parameters: {'n_neighbors': 10, 'leaf_size': 23, 'p': 2}. Best is trial 0 with value: 1.0.
[I 2025-05-26 03:21:18,399] Trial 8 finished with value: 1.0 and parameters: {'n_neighbors': 8, 'leaf_size': 36, 'p': 2}. Best is trial 0 with value: 1.0.
[I 2025-05-26 03:21:18,475] Trial 9 finished with value: 1.0 and parameters: {'n_neighbors': 3, 'leaf_size': 30, 'p': 2}. Best is trial 0 with value: 1.0.
[I 2025-05-26 03:21:18,560] Trial 10 finished with value: 1.0 and parameters: {'n_neighbors': 3, 'leaf_size': 40, 'p': 2}. Best is trial 0 with value: 1.0.
[I 2025-05-26 03:21:18,592] Trial 11 finished with value: 1.0 and parameters: {'n_neighbors': 4, 'leaf_size': 35, 'p': 1}. Best is trial 0 with value: 1.0.
[I 2025-05-26 03:21:19,355] Trial 12 finished with value: 1.0 and parameters: {'n_neighbors': 8, 'leaf_size': 33, 'p': 1}. Best is trial 0 with value: 1.0.
[I 2025-05-26 03:21:19,383] Trial 13 finished with value: 1.0 and parameters: {'n_neighbors': 4, 'leaf_size': 40, 'p': 1}. Best is trial 0 with value: 1.0.
[I 2025-05-26 03:21:19,405] Trial 14 finished with value: 1.0 and parameters: {'n_neighbors': 5, 'leaf_size': 30, 'p': 2}. Best is trial 0 with value: 1.0.
[I 2025-05-26 03:21:19,428] Trial 15 finished with value: 1.0 and parameters: {'n_neighbors': 7, 'leaf_size': 37, 'p': 1}. Best is trial 0 with value: 1.0.
[I 2025-05-26 03:21:19,451] Trial 16 finished with value: 1.0 and parameters: {'n_neighbors': 10, 'leaf_size': 31, 'p': 2}. Best is trial 0 with value: 1.0.
[I 2025-05-26 03:21:19,474] Trial 17 finished with value: 1.0 and parameters: {'n_neighbors': 4, 'leaf_size': 38, 'p': 1}. Best is trial 0 with value: 1.0.
[I 2025-05-26 03:21:19,499] Trial 18 finished with value: 1.0 and parameters: {'n_neighbors': 8, 'leaf_size': 34, 'p': 2}. Best is trial 0 with value: 1.0.
[I 2025-05-26 03:21:19,523] Trial 19 finished with value: 1.0 and parameters: {'n_neighbors': 6, 'leaf_size': 28, 'p': 1}. Best is trial 0 with value: 1.0.
/data/home/rtabares/anaconda3/envs/pyth3.12/lib/python3.12/site-packages/xgboost/core.py:377: FutureWarning: Your system has an old version of glibc (< 2.28). We will stop supporting Linux distros with glibc older than 2.28 after **May 31, 2025**. Please upgrade to a recent Linux distro (with glibc >= 2.28) to use future versions of XGBoost.
Note: You have installed the 'manylinux2014' variant of XGBoost. Certain features such as GPU algorithms or federated learning are not available. To use these features, please upgrade to a recent Linux distro with glibc 2.28+, and install the 'manylinux_2_28' variant.
  warnings.warn(
/data/home/rtabares/anaconda3/envs/pyth3.12/lib/python3.12/site-packages/xgboost/core.py:377: FutureWarning: Your system has an old version of glibc (< 2.28). We will stop supporting Linux distros with glibc older than 2.28 after **May 31, 2025**. Please upgrade to a recent Linux distro (with glibc >= 2.28) to use future versions of XGBoost.
Note: You have installed the 'manylinux2014' variant of XGBoost. Certain features such as GPU algorithms or federated learning are not available. To use these features, please upgrade to a recent Linux distro with glibc 2.28+, and install the 'manylinux_2_28' variant.
  warnings.warn(
[I 2025-05-26 03:21:21,567] A new study created in memory with name: xgb
Parámetros guardados en checkpoint_default_Dlatent_ft_H/lc/IPC_10/best_models_lc_seed_5_space_latent/knn_best_params.json


>>> Optuna tuning xgb metodo lc IPC 10 seed 5


/data/home/rtabares/anaconda3/envs/pyth3.12/lib/python3.12/site-packages/xgboost/core.py:377: FutureWarning: Your system has an old version of glibc (< 2.28). We will stop supporting Linux distros with glibc older than 2.28 after **May 31, 2025**. Please upgrade to a recent Linux distro (with glibc >= 2.28) to use future versions of XGBoost.
Note: You have installed the 'manylinux2014' variant of XGBoost. Certain features such as GPU algorithms or federated learning are not available. To use these features, please upgrade to a recent Linux distro with glibc 2.28+, and install the 'manylinux_2_28' variant.
  warnings.warn(
/data/home/rtabares/anaconda3/envs/pyth3.12/lib/python3.12/site-packages/xgboost/core.py:377: FutureWarning: Your system has an old version of glibc (< 2.28). We will stop supporting Linux distros with glibc older than 2.28 after **May 31, 2025**. Please upgrade to a recent Linux distro (with glibc >= 2.28) to use future versions of XGBoost.
Note: You have installed the 'manylinux2014' variant of XGBoost. Certain features such as GPU algorithms or federated learning are not available. To use these features, please upgrade to a recent Linux distro with glibc 2.28+, and install the 'manylinux_2_28' variant.
  warnings.warn(
[I 2025-05-26 03:21:25,644] Trial 0 finished with value: 0.95 and parameters: {'n_estimators': 40, 'max_depth': 5, 'gamma': 0.789317070832284, 'subsample': 0.7592089939364717, 'colsample_bytree': 0.648400250788111}. Best is trial 0 with value: 0.95.
/data/home/rtabares/anaconda3/envs/pyth3.12/lib/python3.12/site-packages/xgboost/core.py:377: FutureWarning: Your system has an old version of glibc (< 2.28). We will stop supporting Linux distros with glibc older than 2.28 after **May 31, 2025**. Please upgrade to a recent Linux distro (with glibc >= 2.28) to use future versions of XGBoost.
Note: You have installed the 'manylinux2014' variant of XGBoost. Certain features such as GPU algorithms or federated learning are not available. To use these features, please upgrade to a recent Linux distro with glibc 2.28+, and install the 'manylinux_2_28' variant.
  warnings.warn(
/data/home/rtabares/anaconda3/envs/pyth3.12/lib/python3.12/site-packages/xgboost/core.py:377: FutureWarning: Your system has an old version of glibc (< 2.28). We will stop supporting Linux distros with glibc older than 2.28 after **May 31, 2025**. Please upgrade to a recent Linux distro (with glibc >= 2.28) to use future versions of XGBoost.
Note: You have installed the 'manylinux2014' variant of XGBoost. Certain features such as GPU algorithms or federated learning are not available. To use these features, please upgrade to a recent Linux distro with glibc 2.28+, and install the 'manylinux_2_28' variant.
  warnings.warn(
[I 2025-05-26 03:21:26,445] Trial 1 finished with value: 0.95 and parameters: {'n_estimators': 100, 'max_depth': 30, 'gamma': 0.34667781579300216, 'subsample': 0.7071175095405257, 'colsample_bytree': 0.6480399663668239}. Best is trial 0 with value: 0.95.
/data/home/rtabares/anaconda3/envs/pyth3.12/lib/python3.12/site-packages/xgboost/core.py:377: FutureWarning: Your system has an old version of glibc (< 2.28). We will stop supporting Linux distros with glibc older than 2.28 after **May 31, 2025**. Please upgrade to a recent Linux distro (with glibc >= 2.28) to use future versions of XGBoost.
Note: You have installed the 'manylinux2014' variant of XGBoost. Certain features such as GPU algorithms or federated learning are not available. To use these features, please upgrade to a recent Linux distro with glibc 2.28+, and install the 'manylinux_2_28' variant.
  warnings.warn(
/data/home/rtabares/anaconda3/envs/pyth3.12/lib/python3.12/site-packages/xgboost/core.py:377: FutureWarning: Your system has an old version of glibc (< 2.28). We will stop supporting Linux distros with glibc older than 2.28 after **May 31, 2025**. Please upgrade to a recent Linux distro (with glibc >= 2.28) to use future versions of XGBoost.
Note: You have installed the 'manylinux2014' variant of XGBoost. Certain features such as GPU algorithms or federated learning are not available. To use these features, please upgrade to a recent Linux distro with glibc 2.28+, and install the 'manylinux_2_28' variant.
  warnings.warn(
[I 2025-05-26 03:21:26,523] Trial 2 finished with value: 0.95 and parameters: {'n_estimators': 10, 'max_depth': 20, 'gamma': 0.3948075529198607, 'subsample': 0.5720821503267102, 'colsample_bytree': 0.5828064306006338}. Best is trial 0 with value: 0.95.
/data/home/rtabares/anaconda3/envs/pyth3.12/lib/python3.12/site-packages/xgboost/core.py:377: FutureWarning: Your system has an old version of glibc (< 2.28). We will stop supporting Linux distros with glibc older than 2.28 after **May 31, 2025**. Please upgrade to a recent Linux distro (with glibc >= 2.28) to use future versions of XGBoost.
Note: You have installed the 'manylinux2014' variant of XGBoost. Certain features such as GPU algorithms or federated learning are not available. To use these features, please upgrade to a recent Linux distro with glibc 2.28+, and install the 'manylinux_2_28' variant.
  warnings.warn(
[I 2025-05-26 03:21:26,600] Trial 3 finished with value: 0.95 and parameters: {'n_estimators': 10, 'max_depth': 30, 'gamma': 0.8015631269999768, 'subsample': 0.5114665462195407, 'colsample_bytree': 0.788831429064878}. Best is trial 0 with value: 0.95.
/data/home/rtabares/anaconda3/envs/pyth3.12/lib/python3.12/site-packages/xgboost/core.py:377: FutureWarning: Your system has an old version of glibc (< 2.28). We will stop supporting Linux distros with glibc older than 2.28 after **May 31, 2025**. Please upgrade to a recent Linux distro (with glibc >= 2.28) to use future versions of XGBoost.
Note: You have installed the 'manylinux2014' variant of XGBoost. Certain features such as GPU algorithms or federated learning are not available. To use these features, please upgrade to a recent Linux distro with glibc 2.28+, and install the 'manylinux_2_28' variant.
  warnings.warn(
/data/home/rtabares/anaconda3/envs/pyth3.12/lib/python3.12/site-packages/xgboost/core.py:377: FutureWarning: Your system has an old version of glibc (< 2.28). We will stop supporting Linux distros with glibc older than 2.28 after **May 31, 2025**. Please upgrade to a recent Linux distro (with glibc >= 2.28) to use future versions of XGBoost.
Note: You have installed the 'manylinux2014' variant of XGBoost. Certain features such as GPU algorithms or federated learning are not available. To use these features, please upgrade to a recent Linux distro with glibc 2.28+, and install the 'manylinux_2_28' variant.
  warnings.warn(
/data/home/rtabares/anaconda3/envs/pyth3.12/lib/python3.12/site-packages/xgboost/core.py:377: FutureWarning: Your system has an old version of glibc (< 2.28). We will stop supporting Linux distros with glibc older than 2.28 after **May 31, 2025**. Please upgrade to a recent Linux distro (with glibc >= 2.28) to use future versions of XGBoost.
Note: You have installed the 'manylinux2014' variant of XGBoost. Certain features such as GPU algorithms or federated learning are not available. To use these features, please upgrade to a recent Linux distro with glibc 2.28+, and install the 'manylinux_2_28' variant.
  warnings.warn(
/data/home/rtabares/anaconda3/envs/pyth3.12/lib/python3.12/site-packages/xgboost/core.py:377: FutureWarning: Your system has an old version of glibc (< 2.28). We will stop supporting Linux distros with glibc older than 2.28 after **May 31, 2025**. Please upgrade to a recent Linux distro (with glibc >= 2.28) to use future versions of XGBoost.
Note: You have installed the 'manylinux2014' variant of XGBoost. Certain features such as GPU algorithms or federated learning are not available. To use these features, please upgrade to a recent Linux distro with glibc 2.28+, and install the 'manylinux_2_28' variant.
  warnings.warn(
[I 2025-05-26 03:21:26,716] Trial 4 finished with value: 0.95 and parameters: {'n_estimators': 100, 'max_depth': 5, 'gamma': 0.8834347783013348, 'subsample': 0.961374806972835, 'colsample_bytree': 0.5011071062662218}. Best is trial 0 with value: 0.95.
/data/home/rtabares/anaconda3/envs/pyth3.12/lib/python3.12/site-packages/xgboost/core.py:377: FutureWarning: Your system has an old version of glibc (< 2.28). We will stop supporting Linux distros with glibc older than 2.28 after **May 31, 2025**. Please upgrade to a recent Linux distro (with glibc >= 2.28) to use future versions of XGBoost.
Note: You have installed the 'manylinux2014' variant of XGBoost. Certain features such as GPU algorithms or federated learning are not available. To use these features, please upgrade to a recent Linux distro with glibc 2.28+, and install the 'manylinux_2_28' variant.
  warnings.warn(
/data/home/rtabares/anaconda3/envs/pyth3.12/lib/python3.12/site-packages/xgboost/core.py:377: FutureWarning: Your system has an old version of glibc (< 2.28). We will stop supporting Linux distros with glibc older than 2.28 after **May 31, 2025**. Please upgrade to a recent Linux distro (with glibc >= 2.28) to use future versions of XGBoost.
Note: You have installed the 'manylinux2014' variant of XGBoost. Certain features such as GPU algorithms or federated learning are not available. To use these features, please upgrade to a recent Linux distro with glibc 2.28+, and install the 'manylinux_2_28' variant.
  warnings.warn(
[I 2025-05-26 03:21:26,803] Trial 5 finished with value: 0.95 and parameters: {'n_estimators': 40, 'max_depth': 5, 'gamma': 0.5364379674896123, 'subsample': 0.5145557818363589, 'colsample_bytree': 0.5432628442011025}. Best is trial 0 with value: 0.95.
/data/home/rtabares/anaconda3/envs/pyth3.12/lib/python3.12/site-packages/xgboost/core.py:377: FutureWarning: Your system has an old version of glibc (< 2.28). We will stop supporting Linux distros with glibc older than 2.28 after **May 31, 2025**. Please upgrade to a recent Linux distro (with glibc >= 2.28) to use future versions of XGBoost.
Note: You have installed the 'manylinux2014' variant of XGBoost. Certain features such as GPU algorithms or federated learning are not available. To use these features, please upgrade to a recent Linux distro with glibc 2.28+, and install the 'manylinux_2_28' variant.
  warnings.warn(
/data/home/rtabares/anaconda3/envs/pyth3.12/lib/python3.12/site-packages/xgboost/core.py:377: FutureWarning: Your system has an old version of glibc (< 2.28). We will stop supporting Linux distros with glibc older than 2.28 after **May 31, 2025**. Please upgrade to a recent Linux distro (with glibc >= 2.28) to use future versions of XGBoost.
Note: You have installed the 'manylinux2014' variant of XGBoost. Certain features such as GPU algorithms or federated learning are not available. To use these features, please upgrade to a recent Linux distro with glibc 2.28+, and install the 'manylinux_2_28' variant.
  warnings.warn(
/data/home/rtabares/anaconda3/envs/pyth3.12/lib/python3.12/site-packages/xgboost/core.py:377: FutureWarning: Your system has an old version of glibc (< 2.28). We will stop supporting Linux distros with glibc older than 2.28 after **May 31, 2025**. Please upgrade to a recent Linux distro (with glibc >= 2.28) to use future versions of XGBoost.
Note: You have installed the 'manylinux2014' variant of XGBoost. Certain features such as GPU algorithms or federated learning are not available. To use these features, please upgrade to a recent Linux distro with glibc 2.28+, and install the 'manylinux_2_28' variant.
  warnings.warn(
/data/home/rtabares/anaconda3/envs/pyth3.12/lib/python3.12/site-packages/xgboost/core.py:377: FutureWarning: Your system has an old version of glibc (< 2.28). We will stop supporting Linux distros with glibc older than 2.28 after **May 31, 2025**. Please upgrade to a recent Linux distro (with glibc >= 2.28) to use future versions of XGBoost.
Note: You have installed the 'manylinux2014' variant of XGBoost. Certain features such as GPU algorithms or federated learning are not available. To use these features, please upgrade to a recent Linux distro with glibc 2.28+, and install the 'manylinux_2_28' variant.
  warnings.warn(
[I 2025-05-26 03:21:26,901] Trial 6 finished with value: 0.95 and parameters: {'n_estimators': 100, 'max_depth': 20, 'gamma': 0.6718205850237038, 'subsample': 0.9059511955902053, 'colsample_bytree': 0.9633413076219371}. Best is trial 0 with value: 0.95.
/data/home/rtabares/anaconda3/envs/pyth3.12/lib/python3.12/site-packages/xgboost/core.py:377: FutureWarning: Your system has an old version of glibc (< 2.28). We will stop supporting Linux distros with glibc older than 2.28 after **May 31, 2025**. Please upgrade to a recent Linux distro (with glibc >= 2.28) to use future versions of XGBoost.
Note: You have installed the 'manylinux2014' variant of XGBoost. Certain features such as GPU algorithms or federated learning are not available. To use these features, please upgrade to a recent Linux distro with glibc 2.28+, and install the 'manylinux_2_28' variant.
  warnings.warn(
[I 2025-05-26 03:21:26,958] Trial 7 finished with value: 0.95 and parameters: {'n_estimators': 10, 'max_depth': 30, 'gamma': 0.8165284487704038, 'subsample': 0.5255714015506736, 'colsample_bytree': 0.594333867896554}. Best is trial 0 with value: 0.95.
/data/home/rtabares/anaconda3/envs/pyth3.12/lib/python3.12/site-packages/xgboost/core.py:377: FutureWarning: Your system has an old version of glibc (< 2.28). We will stop supporting Linux distros with glibc older than 2.28 after **May 31, 2025**. Please upgrade to a recent Linux distro (with glibc >= 2.28) to use future versions of XGBoost.
Note: You have installed the 'manylinux2014' variant of XGBoost. Certain features such as GPU algorithms or federated learning are not available. To use these features, please upgrade to a recent Linux distro with glibc 2.28+, and install the 'manylinux_2_28' variant.
  warnings.warn(
[I 2025-05-26 03:21:27,025] Trial 8 finished with value: 0.95 and parameters: {'n_estimators': 100, 'max_depth': 20, 'gamma': 0.6251497693480509, 'subsample': 0.9696496759824258, 'colsample_bytree': 0.9717700410079397}. Best is trial 0 with value: 0.95.
/data/home/rtabares/anaconda3/envs/pyth3.12/lib/python3.12/site-packages/xgboost/core.py:377: FutureWarning: Your system has an old version of glibc (< 2.28). We will stop supporting Linux distros with glibc older than 2.28 after **May 31, 2025**. Please upgrade to a recent Linux distro (with glibc >= 2.28) to use future versions of XGBoost.
Note: You have installed the 'manylinux2014' variant of XGBoost. Certain features such as GPU algorithms or federated learning are not available. To use these features, please upgrade to a recent Linux distro with glibc 2.28+, and install the 'manylinux_2_28' variant.
  warnings.warn(
/data/home/rtabares/anaconda3/envs/pyth3.12/lib/python3.12/site-packages/xgboost/core.py:377: FutureWarning: Your system has an old version of glibc (< 2.28). We will stop supporting Linux distros with glibc older than 2.28 after **May 31, 2025**. Please upgrade to a recent Linux distro (with glibc >= 2.28) to use future versions of XGBoost.
Note: You have installed the 'manylinux2014' variant of XGBoost. Certain features such as GPU algorithms or federated learning are not available. To use these features, please upgrade to a recent Linux distro with glibc 2.28+, and install the 'manylinux_2_28' variant.
  warnings.warn(
