[I 2025-05-26 03:14:05,553] Trial 7 finished with value: 0.3 and parameters: {'n_estimators': 10, 'max_depth': 30, 'gamma': 0.8165284487704038, 'subsample': 0.5255714015506736, 'colsample_bytree': 0.594333867896554}. Best is trial 4 with value: 0.5.
/data/home/rtabares/anaconda3/envs/pyth3.12/lib/python3.12/site-packages/xgboost/core.py:377: FutureWarning: Your system has an old version of glibc (< 2.28). We will stop supporting Linux distros with glibc older than 2.28 after **May 31, 2025**. Please upgrade to a recent Linux distro (with glibc >= 2.28) to use future versions of XGBoost.
Note: You have installed the 'manylinux2014' variant of XGBoost. Certain features such as GPU algorithms or federated learning are not available. To use these features, please upgrade to a recent Linux distro with glibc 2.28+, and install the 'manylinux_2_28' variant.
  warnings.warn(
/data/home/rtabares/anaconda3/envs/pyth3.12/lib/python3.12/site-packages/xgboost/core.py:377: FutureWarning: Your system has an old version of glibc (< 2.28). We will stop supporting Linux distros with glibc older than 2.28 after **May 31, 2025**. Please upgrade to a recent Linux distro (with glibc >= 2.28) to use future versions of XGBoost.
Note: You have installed the 'manylinux2014' variant of XGBoost. Certain features such as GPU algorithms or federated learning are not available. To use these features, please upgrade to a recent Linux distro with glibc 2.28+, and install the 'manylinux_2_28' variant.
  warnings.warn(
/data/home/rtabares/anaconda3/envs/pyth3.12/lib/python3.12/site-packages/xgboost/core.py:377: FutureWarning: Your system has an old version of glibc (< 2.28). We will stop supporting Linux distros with glibc older than 2.28 after **May 31, 2025**. Please upgrade to a recent Linux distro (with glibc >= 2.28) to use future versions of XGBoost.
Note: You have installed the 'manylinux2014' variant of XGBoost. Certain features such as GPU algorithms or federated learning are not available. To use these features, please upgrade to a recent Linux distro with glibc 2.28+, and install the 'manylinux_2_28' variant.
  warnings.warn(
[I 2025-05-26 03:14:05,610] Trial 8 finished with value: 0.45 and parameters: {'n_estimators': 100, 'max_depth': 20, 'gamma': 0.6251497693480509, 'subsample': 0.9696496759824258, 'colsample_bytree': 0.9717700410079397}. Best is trial 4 with value: 0.5.
/data/home/rtabares/anaconda3/envs/pyth3.12/lib/python3.12/site-packages/xgboost/core.py:377: FutureWarning: Your system has an old version of glibc (< 2.28). We will stop supporting Linux distros with glibc older than 2.28 after **May 31, 2025**. Please upgrade to a recent Linux distro (with glibc >= 2.28) to use future versions of XGBoost.
Note: You have installed the 'manylinux2014' variant of XGBoost. Certain features such as GPU algorithms or federated learning are not available. To use these features, please upgrade to a recent Linux distro with glibc 2.28+, and install the 'manylinux_2_28' variant.
  warnings.warn(
/data/home/rtabares/anaconda3/envs/pyth3.12/lib/python3.12/site-packages/xgboost/core.py:377: FutureWarning: Your system has an old version of glibc (< 2.28). We will stop supporting Linux distros with glibc older than 2.28 after **May 31, 2025**. Please upgrade to a recent Linux distro (with glibc >= 2.28) to use future versions of XGBoost.
Note: You have installed the 'manylinux2014' variant of XGBoost. Certain features such as GPU algorithms or federated learning are not available. To use these features, please upgrade to a recent Linux distro with glibc 2.28+, and install the 'manylinux_2_28' variant.
  warnings.warn(
/data/home/rtabares/anaconda3/envs/pyth3.12/lib/python3.12/site-packages/xgboost/core.py:377: FutureWarning: Your system has an old version of glibc (< 2.28). We will stop supporting Linux distros with glibc older than 2.28 after **May 31, 2025**. Please upgrade to a recent Linux distro (with glibc >= 2.28) to use future versions of XGBoost.
Note: You have installed the 'manylinux2014' variant of XGBoost. Certain features such as GPU algorithms or federated learning are not available. To use these features, please upgrade to a recent Linux distro with glibc 2.28+, and install the 'manylinux_2_28' variant.
  warnings.warn(
/data/home/rtabares/anaconda3/envs/pyth3.12/lib/python3.12/site-packages/xgboost/core.py:377: FutureWarning: Your system has an old version of glibc (< 2.28). We will stop supporting Linux distros with glibc older than 2.28 after **May 31, 2025**. Please upgrade to a recent Linux distro (with glibc >= 2.28) to use future versions of XGBoost.
Note: You have installed the 'manylinux2014' variant of XGBoost. Certain features such as GPU algorithms or federated learning are not available. To use these features, please upgrade to a recent Linux distro with glibc 2.28+, and install the 'manylinux_2_28' variant.
  warnings.warn(
[I 2025-05-26 03:14:05,680] Trial 9 finished with value: 0.5 and parameters: {'n_estimators': 40, 'max_depth': 30, 'gamma': 0.9649927737686168, 'subsample': 0.6857563076640036, 'colsample_bytree': 0.5061847058001788}. Best is trial 4 with value: 0.5.
/data/home/rtabares/anaconda3/envs/pyth3.12/lib/python3.12/site-packages/xgboost/core.py:377: FutureWarning: Your system has an old version of glibc (< 2.28). We will stop supporting Linux distros with glibc older than 2.28 after **May 31, 2025**. Please upgrade to a recent Linux distro (with glibc >= 2.28) to use future versions of XGBoost.
Note: You have installed the 'manylinux2014' variant of XGBoost. Certain features such as GPU algorithms or federated learning are not available. To use these features, please upgrade to a recent Linux distro with glibc 2.28+, and install the 'manylinux_2_28' variant.
  warnings.warn(
/data/home/rtabares/anaconda3/envs/pyth3.12/lib/python3.12/site-packages/xgboost/core.py:377: FutureWarning: Your system has an old version of glibc (< 2.28). We will stop supporting Linux distros with glibc older than 2.28 after **May 31, 2025**. Please upgrade to a recent Linux distro (with glibc >= 2.28) to use future versions of XGBoost.
Note: You have installed the 'manylinux2014' variant of XGBoost. Certain features such as GPU algorithms or federated learning are not available. To use these features, please upgrade to a recent Linux distro with glibc 2.28+, and install the 'manylinux_2_28' variant.
  warnings.warn(
/data/home/rtabares/anaconda3/envs/pyth3.12/lib/python3.12/site-packages/xgboost/core.py:377: FutureWarning: Your system has an old version of glibc (< 2.28). We will stop supporting Linux distros with glibc older than 2.28 after **May 31, 2025**. Please upgrade to a recent Linux distro (with glibc >= 2.28) to use future versions of XGBoost.
Note: You have installed the 'manylinux2014' variant of XGBoost. Certain features such as GPU algorithms or federated learning are not available. To use these features, please upgrade to a recent Linux distro with glibc 2.28+, and install the 'manylinux_2_28' variant.
  warnings.warn(
[I 2025-05-26 03:14:05,739] Trial 10 finished with value: 0.4 and parameters: {'n_estimators': 100, 'max_depth': 5, 'gamma': 0.17962098877423716, 'subsample': 0.8389320138640859, 'colsample_bytree': 0.7898330861721071}. Best is trial 4 with value: 0.5.
/data/home/rtabares/anaconda3/envs/pyth3.12/lib/python3.12/site-packages/xgboost/core.py:377: FutureWarning: Your system has an old version of glibc (< 2.28). We will stop supporting Linux distros with glibc older than 2.28 after **May 31, 2025**. Please upgrade to a recent Linux distro (with glibc >= 2.28) to use future versions of XGBoost.
Note: You have installed the 'manylinux2014' variant of XGBoost. Certain features such as GPU algorithms or federated learning are not available. To use these features, please upgrade to a recent Linux distro with glibc 2.28+, and install the 'manylinux_2_28' variant.
  warnings.warn(
[I 2025-05-26 03:14:05,798] Trial 11 finished with value: 0.35 and parameters: {'n_estimators': 40, 'max_depth': 5, 'gamma': 0.9966856929320722, 'subsample': 0.6737856969803389, 'colsample_bytree': 0.5021847705422506}. Best is trial 4 with value: 0.5.
/data/home/rtabares/anaconda3/envs/pyth3.12/lib/python3.12/site-packages/xgboost/core.py:377: FutureWarning: Your system has an old version of glibc (< 2.28). We will stop supporting Linux distros with glibc older than 2.28 after **May 31, 2025**. Please upgrade to a recent Linux distro (with glibc >= 2.28) to use future versions of XGBoost.
Note: You have installed the 'manylinux2014' variant of XGBoost. Certain features such as GPU algorithms or federated learning are not available. To use these features, please upgrade to a recent Linux distro with glibc 2.28+, and install the 'manylinux_2_28' variant.
  warnings.warn(
[I 2025-05-26 03:14:06,502] Trial 12 finished with value: 0.4 and parameters: {'n_estimators': 40, 'max_depth': 30, 'gamma': 0.9775399440029642, 'subsample': 0.7964049031761566, 'colsample_bytree': 0.7136404265878388}. Best is trial 4 with value: 0.5.
[I 2025-05-26 03:14:06,552] Trial 13 finished with value: 0.25 and parameters: {'n_estimators': 100, 'max_depth': 5, 'gamma': 0.9002996166682818, 'subsample': 0.6109744065191631, 'colsample_bytree': 0.5106861306496236}. Best is trial 4 with value: 0.5.
/data/home/rtabares/anaconda3/envs/pyth3.12/lib/python3.12/site-packages/xgboost/core.py:377: FutureWarning: Your system has an old version of glibc (< 2.28). We will stop supporting Linux distros with glibc older than 2.28 after **May 31, 2025**. Please upgrade to a recent Linux distro (with glibc >= 2.28) to use future versions of XGBoost.
Note: You have installed the 'manylinux2014' variant of XGBoost. Certain features such as GPU algorithms or federated learning are not available. To use these features, please upgrade to a recent Linux distro with glibc 2.28+, and install the 'manylinux_2_28' variant.
  warnings.warn(
[I 2025-05-26 03:14:07,205] Trial 14 finished with value: 0.5 and parameters: {'n_estimators': 40, 'max_depth': 30, 'gamma': 0.72771023645011, 'subsample': 0.9983869660807833, 'colsample_bytree': 0.873678322897615}. Best is trial 4 with value: 0.5.
[I 2025-05-26 03:14:07,255] Trial 15 finished with value: 0.4 and parameters: {'n_estimators': 100, 'max_depth': 30, 'gamma': 0.8642446486072813, 'subsample': 0.8556881065882184, 'colsample_bytree': 0.6623317023673337}. Best is trial 4 with value: 0.5.
/data/home/rtabares/anaconda3/envs/pyth3.12/lib/python3.12/site-packages/xgboost/core.py:377: FutureWarning: Your system has an old version of glibc (< 2.28). We will stop supporting Linux distros with glibc older than 2.28 after **May 31, 2025**. Please upgrade to a recent Linux distro (with glibc >= 2.28) to use future versions of XGBoost.
Note: You have installed the 'manylinux2014' variant of XGBoost. Certain features such as GPU algorithms or federated learning are not available. To use these features, please upgrade to a recent Linux distro with glibc 2.28+, and install the 'manylinux_2_28' variant.
  warnings.warn(
[I 2025-05-26 03:14:07,930] Trial 16 finished with value: 0.35 and parameters: {'n_estimators': 40, 'max_depth': 5, 'gamma': 0.9192002389649329, 'subsample': 0.6578457715081236, 'colsample_bytree': 0.5893921638601891}. Best is trial 4 with value: 0.5.
[I 2025-05-26 03:14:07,981] Trial 17 finished with value: 0.5 and parameters: {'n_estimators': 100, 'max_depth': 30, 'gamma': 0.5292554389847856, 'subsample': 0.9252959373858962, 'colsample_bytree': 0.7109611479294711}. Best is trial 4 with value: 0.5.
/data/home/rtabares/anaconda3/envs/pyth3.12/lib/python3.12/site-packages/xgboost/core.py:377: FutureWarning: Your system has an old version of glibc (< 2.28). We will stop supporting Linux distros with glibc older than 2.28 after **May 31, 2025**. Please upgrade to a recent Linux distro (with glibc >= 2.28) to use future versions of XGBoost.
Note: You have installed the 'manylinux2014' variant of XGBoost. Certain features such as GPU algorithms or federated learning are not available. To use these features, please upgrade to a recent Linux distro with glibc 2.28+, and install the 'manylinux_2_28' variant.
  warnings.warn(
[I 2025-05-26 03:14:08,627] Trial 18 finished with value: 0.45 and parameters: {'n_estimators': 40, 'max_depth': 5, 'gamma': 0.705132437872256, 'subsample': 0.7462194198253551, 'colsample_bytree': 0.5540149273468589}. Best is trial 4 with value: 0.5.
[I 2025-05-26 03:14:08,666] Trial 19 finished with value: 0.45 and parameters: {'n_estimators': 10, 'max_depth': 20, 'gamma': 0.402041467924788, 'subsample': 0.8251844443075833, 'colsample_bytree': 0.9003852468330709}. Best is trial 4 with value: 0.5.
[I 2025-05-26 03:14:12,746] A new study created in memory with name: rf
Parámetros guardados en checkpoint_default_Dlatent_ft_H/k-center/IPC_10/best_models_k-center_seed_5_space_latent/xgb_best_params.json


>>> Optuna tuning rf metodo k-center IPC 10 seed 5


[I 2025-05-26 03:14:13,836] Trial 0 finished with value: 0.5 and parameters: {'n_estimators': 189, 'max_depth': 18, 'min_samples_split': 3, 'min_samples_leaf': 10}. Best is trial 0 with value: 0.5.
[I 2025-05-26 03:14:14,218] Trial 1 finished with value: 0.55 and parameters: {'n_estimators': 295, 'max_depth': 14, 'min_samples_split': 8, 'min_samples_leaf': 6}. Best is trial 1 with value: 0.55.
[I 2025-05-26 03:14:14,515] Trial 2 finished with value: 0.5 and parameters: {'n_estimators': 219, 'max_depth': 6, 'min_samples_split': 2, 'min_samples_leaf': 8}. Best is trial 1 with value: 0.55.
[I 2025-05-26 03:14:14,851] Trial 3 finished with value: 0.65 and parameters: {'n_estimators': 276, 'max_depth': 5, 'min_samples_split': 9, 'min_samples_leaf': 3}. Best is trial 3 with value: 0.65.
[I 2025-05-26 03:14:15,207] Trial 4 finished with value: 0.6 and parameters: {'n_estimators': 266, 'max_depth': 8, 'min_samples_split': 7, 'min_samples_leaf': 6}. Best is trial 3 with value: 0.65.
[I 2025-05-26 03:14:15,626] Trial 5 finished with value: 0.6 and parameters: {'n_estimators': 340, 'max_depth': 7, 'min_samples_split': 4, 'min_samples_leaf': 3}. Best is trial 3 with value: 0.65.
[I 2025-05-26 03:14:15,947] Trial 6 finished with value: 0.5 and parameters: {'n_estimators': 231, 'max_depth': 5, 'min_samples_split': 3, 'min_samples_leaf': 10}. Best is trial 3 with value: 0.65.
[I 2025-05-26 03:14:16,498] Trial 7 finished with value: 0.55 and parameters: {'n_estimators': 485, 'max_depth': 6, 'min_samples_split': 2, 'min_samples_leaf': 3}. Best is trial 3 with value: 0.65.
[I 2025-05-26 03:14:16,967] Trial 8 finished with value: 0.4 and parameters: {'n_estimators': 380, 'max_depth': 17, 'min_samples_split': 2, 'min_samples_leaf': 6}. Best is trial 3 with value: 0.65.
[I 2025-05-26 03:14:17,146] Trial 9 finished with value: 0.5 and parameters: {'n_estimators': 100, 'max_depth': 12, 'min_samples_split': 7, 'min_samples_leaf': 10}. Best is trial 3 with value: 0.65.
[I 2025-05-26 03:14:17,736] Trial 10 finished with value: 0.45 and parameters: {'n_estimators': 446, 'max_depth': 3, 'min_samples_split': 10, 'min_samples_leaf': 2}. Best is trial 3 with value: 0.65.
[I 2025-05-26 03:14:18,110] Trial 11 finished with value: 0.5 and parameters: {'n_estimators': 279, 'max_depth': 10, 'min_samples_split': 9, 'min_samples_leaf': 4}. Best is trial 3 with value: 0.65.
[I 2025-05-26 03:14:19,022] Trial 12 finished with value: 0.55 and parameters: {'n_estimators': 164, 'max_depth': 9, 'min_samples_split': 6, 'min_samples_leaf': 1}. Best is trial 3 with value: 0.65.
[I 2025-05-26 03:14:19,464] Trial 13 finished with value: 0.6 and parameters: {'n_estimators': 371, 'max_depth': 9, 'min_samples_split': 6, 'min_samples_leaf': 5}. Best is trial 3 with value: 0.65.
[I 2025-05-26 03:14:19,799] Trial 14 finished with value: 0.5 and parameters: {'n_estimators': 279, 'max_depth': 4, 'min_samples_split': 8, 'min_samples_leaf': 7}. Best is trial 3 with value: 0.65.
[I 2025-05-26 03:14:20,260] Trial 15 finished with value: 0.55 and parameters: {'n_estimators': 334, 'max_depth': 13, 'min_samples_split': 10, 'min_samples_leaf': 4}. Best is trial 3 with value: 0.65.
[I 2025-05-26 03:14:20,564] Trial 16 finished with value: 0.5 and parameters: {'n_estimators': 254, 'max_depth': 8, 'min_samples_split': 5, 'min_samples_leaf': 8}. Best is trial 3 with value: 0.65.
[I 2025-05-26 03:14:20,769] Trial 17 finished with value: 0.55 and parameters: {'n_estimators': 137, 'max_depth': 15, 'min_samples_split': 8, 'min_samples_leaf': 1}. Best is trial 3 with value: 0.65.
[I 2025-05-26 03:14:21,308] Trial 18 finished with value: 0.55 and parameters: {'n_estimators': 413, 'max_depth': 11, 'min_samples_split': 7, 'min_samples_leaf': 5}. Best is trial 3 with value: 0.65.
[I 2025-05-26 03:14:21,565] Trial 19 finished with value: 0.45 and parameters: {'n_estimators': 209, 'max_depth': 3, 'min_samples_split': 9, 'min_samples_leaf': 3}. Best is trial 3 with value: 0.65.
[I 2025-05-26 03:14:24,038] A new study created in memory with name: svc
Parámetros guardados en checkpoint_default_Dlatent_ft_H/k-center/IPC_10/best_models_k-center_seed_5_space_latent/rf_best_params.json


>>> Optuna tuning svc metodo k-center IPC 10 seed 5


[I 2025-05-26 03:14:27,353] Trial 0 finished with value: 0.25 and parameters: {'C': 0.07726319876517104, 'gamma': 0.3040389504793042}. Best is trial 0 with value: 0.25.
[I 2025-05-26 03:14:27,619] Trial 1 finished with value: 0.15 and parameters: {'C': 0.06712381339142241, 'gamma': 0.47254549996710477}. Best is trial 0 with value: 0.25.
[I 2025-05-26 03:14:27,637] Trial 2 finished with value: 0.3 and parameters: {'C': 0.8987621100554035, 'gamma': 0.027988231123708972}. Best is trial 2 with value: 0.3.
[I 2025-05-26 03:14:27,651] Trial 3 finished with value: 0.4 and parameters: {'C': 11.5779435007655, 'gamma': 0.011848734045499056}. Best is trial 3 with value: 0.4.
[I 2025-05-26 03:14:27,674] Trial 4 finished with value: 0.7 and parameters: {'C': 0.1538870258903583, 'gamma': 0.0005634883151169033}. Best is trial 4 with value: 0.7.
[I 2025-05-26 03:14:27,688] Trial 5 finished with value: 0.25 and parameters: {'C': 0.021036092656561454, 'gamma': 0.08990030906808326}. Best is trial 4 with value: 0.7.
[I 2025-05-26 03:14:27,702] Trial 6 finished with value: 0.7 and parameters: {'C': 0.5824208201678516, 'gamma': 0.00042977333932534993}. Best is trial 4 with value: 0.7.
[I 2025-05-26 03:14:27,717] Trial 7 finished with value: 0.4 and parameters: {'C': 33.09391330085814, 'gamma': 0.001248377256719358}. Best is trial 4 with value: 0.7.
[I 2025-05-26 03:14:27,730] Trial 8 finished with value: 0.65 and parameters: {'C': 0.45387898639622015, 'gamma': 0.0015286910781809498}. Best is trial 4 with value: 0.7.
[I 2025-05-26 03:14:27,745] Trial 9 finished with value: 0.4 and parameters: {'C': 3.274550070431994, 'gamma': 0.02086177421469992}. Best is trial 4 with value: 0.7.
[I 2025-05-26 03:14:27,776] Trial 10 finished with value: 0.65 and parameters: {'C': 0.01015031429029542, 'gamma': 0.00010813284331811526}. Best is trial 4 with value: 0.7.
[I 2025-05-26 03:14:28,481] Trial 11 finished with value: 0.7 and parameters: {'C': 0.2946546726762962, 'gamma': 0.000192696939064797}. Best is trial 4 with value: 0.7.
[I 2025-05-26 03:14:28,504] Trial 12 finished with value: 0.55 and parameters: {'C': 2.9648182303354678, 'gamma': 0.0011563341942962047}. Best is trial 4 with value: 0.7.
[I 2025-05-26 03:14:28,527] Trial 13 finished with value: 0.7 and parameters: {'C': 0.16280907414611331, 'gamma': 0.00038377823379388923}. Best is trial 4 with value: 0.7.
[I 2025-05-26 03:14:29,186] Trial 14 finished with value: 0.45 and parameters: {'C': 2.4218760021536427, 'gamma': 0.0032537811548427023}. Best is trial 4 with value: 0.7.
[I 2025-05-26 03:14:29,211] Trial 15 finished with value: 0.7 and parameters: {'C': 0.0664538826788088, 'gamma': 0.0005193501979899485}. Best is trial 4 with value: 0.7.
[I 2025-05-26 03:14:29,233] Trial 16 finished with value: 0.5 and parameters: {'C': 1.1898268486188273, 'gamma': 0.0025654002897082823}. Best is trial 4 with value: 0.7.
[I 2025-05-26 03:14:29,951] Trial 17 finished with value: 0.45 and parameters: {'C': 10.925526376097588, 'gamma': 0.0059603957535583315}. Best is trial 4 with value: 0.7.
[I 2025-05-26 03:14:29,975] Trial 18 finished with value: 0.7 and parameters: {'C': 0.1691641156930074, 'gamma': 0.00043494340597700513}. Best is trial 4 with value: 0.7.
[I 2025-05-26 03:14:29,997] Trial 19 finished with value: 0.65 and parameters: {'C': 0.6190876787824239, 'gamma': 0.0001500028787036726}. Best is trial 4 with value: 0.7.
[I 2025-05-26 03:14:33,219] A new study created in memory with name: logreg
Parámetros guardados en checkpoint_default_Dlatent_ft_H/k-center/IPC_10/best_models_k-center_seed_5_space_latent/svc_best_params.json


>>> Optuna tuning logreg metodo k-center IPC 10 seed 5


[I 2025-05-26 03:14:34,978] Trial 0 finished with value: 0.65 and parameters: {'C': 0.012881482725481003, 'penalty': 'l2'}. Best is trial 0 with value: 0.65.
[I 2025-05-26 03:14:35,139] Trial 1 finished with value: 0.3 and parameters: {'C': 22.576755560681583, 'penalty': 'l2'}. Best is trial 0 with value: 0.65.
[I 2025-05-26 03:14:35,835] Trial 2 finished with value: 0.65 and parameters: {'C': 0.010804278656839932, 'penalty': 'l2'}. Best is trial 0 with value: 0.65.
[I 2025-05-26 03:14:36,497] Trial 3 finished with value: 0.3 and parameters: {'C': 39.17910760336117, 'penalty': 'l2'}. Best is trial 0 with value: 0.65.
[I 2025-05-26 03:14:36,523] Trial 4 finished with value: 0.3 and parameters: {'C': 0.2767298094062571, 'penalty': 'l2'}. Best is trial 0 with value: 0.65.
[I 2025-05-26 03:14:36,548] Trial 5 finished with value: 0.3 and parameters: {'C': 1.1447728330837224, 'penalty': 'l2'}. Best is trial 0 with value: 0.65.
[I 2025-05-26 03:14:36,573] Trial 6 finished with value: 0.3 and parameters: {'C': 6.753661388238877, 'penalty': 'l2'}. Best is trial 0 with value: 0.65.
