[I 2025-05-26 03:11:41,364] Trial 16 finished with value: 0.7 and parameters: {'hidden_layer_sizes': (200,), 'max_iter': 50, 'alpha': 0.001}. Best is trial 12 with value: 0.8.
/data/home/rtabares/anaconda3/envs/pyth3.12/lib/python3.12/site-packages/sklearn/neural_network/_multilayer_perceptron.py:691: ConvergenceWarning: Stochastic Optimizer: Maximum iterations (50) reached and the optimization hasn't converged yet.
  warnings.warn(
/data/home/rtabares/anaconda3/envs/pyth3.12/lib/python3.12/site-packages/sklearn/neural_network/_multilayer_perceptron.py:691: ConvergenceWarning: Stochastic Optimizer: Maximum iterations (50) reached and the optimization hasn't converged yet.
  warnings.warn(
/data/home/rtabares/anaconda3/envs/pyth3.12/lib/python3.12/site-packages/sklearn/neural_network/_multilayer_perceptron.py:691: ConvergenceWarning: Stochastic Optimizer: Maximum iterations (50) reached and the optimization hasn't converged yet.
  warnings.warn(
/data/home/rtabares/anaconda3/envs/pyth3.12/lib/python3.12/site-packages/sklearn/neural_network/_multilayer_perceptron.py:691: ConvergenceWarning: Stochastic Optimizer: Maximum iterations (50) reached and the optimization hasn't converged yet.
  warnings.warn(
/data/home/rtabares/anaconda3/envs/pyth3.12/lib/python3.12/site-packages/sklearn/neural_network/_multilayer_perceptron.py:691: ConvergenceWarning: Stochastic Optimizer: Maximum iterations (50) reached and the optimization hasn't converged yet.
  warnings.warn(
[I 2025-05-26 03:11:41,435] Trial 17 finished with value: 0.8 and parameters: {'hidden_layer_sizes': (200,), 'max_iter': 50, 'alpha': 0.0001}. Best is trial 12 with value: 0.8.
/data/home/rtabares/anaconda3/envs/pyth3.12/lib/python3.12/site-packages/sklearn/neural_network/_multilayer_perceptron.py:691: ConvergenceWarning: Stochastic Optimizer: Maximum iterations (50) reached and the optimization hasn't converged yet.
  warnings.warn(
/data/home/rtabares/anaconda3/envs/pyth3.12/lib/python3.12/site-packages/sklearn/neural_network/_multilayer_perceptron.py:691: ConvergenceWarning: Stochastic Optimizer: Maximum iterations (50) reached and the optimization hasn't converged yet.
  warnings.warn(
/data/home/rtabares/anaconda3/envs/pyth3.12/lib/python3.12/site-packages/sklearn/neural_network/_multilayer_perceptron.py:691: ConvergenceWarning: Stochastic Optimizer: Maximum iterations (50) reached and the optimization hasn't converged yet.
  warnings.warn(
/data/home/rtabares/anaconda3/envs/pyth3.12/lib/python3.12/site-packages/sklearn/neural_network/_multilayer_perceptron.py:691: ConvergenceWarning: Stochastic Optimizer: Maximum iterations (50) reached and the optimization hasn't converged yet.
  warnings.warn(
/data/home/rtabares/anaconda3/envs/pyth3.12/lib/python3.12/site-packages/sklearn/neural_network/_multilayer_perceptron.py:691: ConvergenceWarning: Stochastic Optimizer: Maximum iterations (50) reached and the optimization hasn't converged yet.
  warnings.warn(
[I 2025-05-26 03:11:41,501] Trial 18 finished with value: 0.75 and parameters: {'hidden_layer_sizes': (100, 100), 'max_iter': 50, 'alpha': 0.0001}. Best is trial 12 with value: 0.8.
/data/home/rtabares/anaconda3/envs/pyth3.12/lib/python3.12/site-packages/sklearn/neural_network/_multilayer_perceptron.py:691: ConvergenceWarning: Stochastic Optimizer: Maximum iterations (50) reached and the optimization hasn't converged yet.
  warnings.warn(
/data/home/rtabares/anaconda3/envs/pyth3.12/lib/python3.12/site-packages/sklearn/neural_network/_multilayer_perceptron.py:691: ConvergenceWarning: Stochastic Optimizer: Maximum iterations (50) reached and the optimization hasn't converged yet.
  warnings.warn(
/data/home/rtabares/anaconda3/envs/pyth3.12/lib/python3.12/site-packages/sklearn/neural_network/_multilayer_perceptron.py:691: ConvergenceWarning: Stochastic Optimizer: Maximum iterations (50) reached and the optimization hasn't converged yet.
  warnings.warn(
/data/home/rtabares/anaconda3/envs/pyth3.12/lib/python3.12/site-packages/sklearn/neural_network/_multilayer_perceptron.py:691: ConvergenceWarning: Stochastic Optimizer: Maximum iterations (50) reached and the optimization hasn't converged yet.
  warnings.warn(
/data/home/rtabares/anaconda3/envs/pyth3.12/lib/python3.12/site-packages/sklearn/neural_network/_multilayer_perceptron.py:691: ConvergenceWarning: Stochastic Optimizer: Maximum iterations (50) reached and the optimization hasn't converged yet.
  warnings.warn(
[I 2025-05-26 03:11:41,548] Trial 19 finished with value: 0.75 and parameters: {'hidden_layer_sizes': (200,), 'max_iter': 50, 'alpha': 0.0001}. Best is trial 12 with value: 0.8.
/data/home/rtabares/anaconda3/envs/pyth3.12/lib/python3.12/site-packages/xgboost/core.py:377: FutureWarning: Your system has an old version of glibc (< 2.28). We will stop supporting Linux distros with glibc older than 2.28 after **May 31, 2025**. Please upgrade to a recent Linux distro (with glibc >= 2.28) to use future versions of XGBoost.
Note: You have installed the 'manylinux2014' variant of XGBoost. Certain features such as GPU algorithms or federated learning are not available. To use these features, please upgrade to a recent Linux distro with glibc 2.28+, and install the 'manylinux_2_28' variant.
  warnings.warn(
/data/home/rtabares/anaconda3/envs/pyth3.12/lib/python3.12/site-packages/xgboost/core.py:377: FutureWarning: Your system has an old version of glibc (< 2.28). We will stop supporting Linux distros with glibc older than 2.28 after **May 31, 2025**. Please upgrade to a recent Linux distro (with glibc >= 2.28) to use future versions of XGBoost.
Note: You have installed the 'manylinux2014' variant of XGBoost. Certain features such as GPU algorithms or federated learning are not available. To use these features, please upgrade to a recent Linux distro with glibc 2.28+, and install the 'manylinux_2_28' variant.
  warnings.warn(
/data/home/rtabares/anaconda3/envs/pyth3.12/lib/python3.12/site-packages/xgboost/core.py:377: FutureWarning: Your system has an old version of glibc (< 2.28). We will stop supporting Linux distros with glibc older than 2.28 after **May 31, 2025**. Please upgrade to a recent Linux distro (with glibc >= 2.28) to use future versions of XGBoost.
Note: You have installed the 'manylinux2014' variant of XGBoost. Certain features such as GPU algorithms or federated learning are not available. To use these features, please upgrade to a recent Linux distro with glibc 2.28+, and install the 'manylinux_2_28' variant.
  warnings.warn(
[I 2025-05-26 03:11:44,556] A new study created in memory with name: naive_bayes
Parámetros guardados en checkpoint_adult_Dlatent_G/random/IPC_10/best_models_random_seed_5_space_original/mlp_best_params.json


>>> Optuna tuning naive_bayes metodo random IPC 10 seed 5


[I 2025-05-26 03:11:47,625] Trial 0 finished with value: 0.75 and parameters: {'var_smoothing': 2.7796258518939306e-10}. Best is trial 0 with value: 0.75.
[I 2025-05-26 03:11:47,758] Trial 1 finished with value: 0.8 and parameters: {'var_smoothing': 5.513972710118387e-09}. Best is trial 1 with value: 0.8.
[I 2025-05-26 03:11:47,773] Trial 2 finished with value: 0.75 and parameters: {'var_smoothing': 2.590826381512706e-10}. Best is trial 1 with value: 0.8.
[I 2025-05-26 03:11:47,786] Trial 3 finished with value: 0.8 and parameters: {'var_smoothing': 6.874194498027403e-09}. Best is trial 1 with value: 0.8.
[I 2025-05-26 03:11:47,809] Trial 4 finished with value: 0.75 and parameters: {'var_smoothing': 9.480306482679771e-10}. Best is trial 1 with value: 0.8.
[I 2025-05-26 03:11:47,834] Trial 5 finished with value: 0.8 and parameters: {'var_smoothing': 1.6729683536668864e-09}. Best is trial 1 with value: 0.8.
[I 2025-05-26 03:11:47,858] Trial 6 finished with value: 0.8 and parameters: {'var_smoothing': 3.402637726935598e-09}. Best is trial 1 with value: 0.8.
[I 2025-05-26 03:11:47,881] Trial 7 finished with value: 0.75 and parameters: {'var_smoothing': 1.0885189040847657e-09}. Best is trial 1 with value: 0.8.
[I 2025-05-26 03:11:47,905] Trial 8 finished with value: 0.75 and parameters: {'var_smoothing': 3.922843686541149e-10}. Best is trial 1 with value: 0.8.
[I 2025-05-26 03:11:47,930] Trial 9 finished with value: 0.75 and parameters: {'var_smoothing': 2.3737908819373785e-10}. Best is trial 1 with value: 0.8.
[I 2025-05-26 03:11:47,949] Trial 10 finished with value: 0.8 and parameters: {'var_smoothing': 9.60002923549188e-09}. Best is trial 1 with value: 0.8.
[I 2025-05-26 03:11:48,594] Trial 11 finished with value: 0.8 and parameters: {'var_smoothing': 8.433673252661673e-09}. Best is trial 1 with value: 0.8.
[I 2025-05-26 03:11:48,612] Trial 12 finished with value: 0.8 and parameters: {'var_smoothing': 4.024812294478599e-09}. Best is trial 1 with value: 0.8.
[I 2025-05-26 03:11:48,629] Trial 13 finished with value: 0.8 and parameters: {'var_smoothing': 4.279313644924201e-09}. Best is trial 1 with value: 0.8.
[I 2025-05-26 03:11:48,647] Trial 14 finished with value: 0.8 and parameters: {'var_smoothing': 2.4932294963389457e-09}. Best is trial 1 with value: 0.8.
[I 2025-05-26 03:11:48,665] Trial 15 finished with value: 0.8 and parameters: {'var_smoothing': 5.955264632939075e-09}. Best is trial 1 with value: 0.8.
[I 2025-05-26 03:11:48,692] Trial 16 finished with value: 0.75 and parameters: {'var_smoothing': 7.081339561602681e-10}. Best is trial 1 with value: 0.8.
[I 2025-05-26 03:11:49,375] Trial 17 finished with value: 0.75 and parameters: {'var_smoothing': 1.3536480186984407e-10}. Best is trial 1 with value: 0.8.
[I 2025-05-26 03:11:50,000] Trial 18 finished with value: 0.8 and parameters: {'var_smoothing': 2.007486890366191e-09}. Best is trial 1 with value: 0.8.
[I 2025-05-26 03:11:50,645] Trial 19 finished with value: 0.8 and parameters: {'var_smoothing': 6.236695396324013e-09}. Best is trial 1 with value: 0.8.
/data/home/rtabares/anaconda3/envs/pyth3.12/lib/python3.12/site-packages/xgboost/core.py:377: FutureWarning: Your system has an old version of glibc (< 2.28). We will stop supporting Linux distros with glibc older than 2.28 after **May 31, 2025**. Please upgrade to a recent Linux distro (with glibc >= 2.28) to use future versions of XGBoost.
Note: You have installed the 'manylinux2014' variant of XGBoost. Certain features such as GPU algorithms or federated learning are not available. To use these features, please upgrade to a recent Linux distro with glibc 2.28+, and install the 'manylinux_2_28' variant.
  warnings.warn(
[I 2025-05-26 03:11:53,818] A new study created in memory with name: knn
Parámetros guardados en checkpoint_adult_Dlatent_G/random/IPC_10/best_models_random_seed_5_space_original/naive_bayes_best_params.json


>>> Optuna tuning knn metodo random IPC 10 seed 5


[I 2025-05-26 03:11:55,818] Trial 0 finished with value: 0.75 and parameters: {'n_neighbors': 4, 'leaf_size': 38, 'p': 2}. Best is trial 0 with value: 0.75.
[I 2025-05-26 03:11:55,924] Trial 1 finished with value: 0.7 and parameters: {'n_neighbors': 6, 'leaf_size': 32, 'p': 1}. Best is trial 0 with value: 0.75.
[I 2025-05-26 03:11:55,981] Trial 2 finished with value: 0.8 and parameters: {'n_neighbors': 5, 'leaf_size': 23, 'p': 2}. Best is trial 2 with value: 0.8.
[I 2025-05-26 03:11:56,026] Trial 3 finished with value: 0.7 and parameters: {'n_neighbors': 6, 'leaf_size': 23, 'p': 1}. Best is trial 2 with value: 0.8.
[I 2025-05-26 03:11:56,111] Trial 4 finished with value: 0.7 and parameters: {'n_neighbors': 6, 'leaf_size': 26, 'p': 1}. Best is trial 2 with value: 0.8.
[I 2025-05-26 03:11:56,179] Trial 5 finished with value: 0.7 and parameters: {'n_neighbors': 7, 'leaf_size': 25, 'p': 1}. Best is trial 2 with value: 0.8.
[I 2025-05-26 03:11:56,223] Trial 6 finished with value: 0.8 and parameters: {'n_neighbors': 5, 'leaf_size': 23, 'p': 2}. Best is trial 2 with value: 0.8.
[I 2025-05-26 03:11:56,301] Trial 7 finished with value: 0.55 and parameters: {'n_neighbors': 10, 'leaf_size': 23, 'p': 2}. Best is trial 2 with value: 0.8.
[I 2025-05-26 03:11:56,366] Trial 8 finished with value: 0.55 and parameters: {'n_neighbors': 8, 'leaf_size': 36, 'p': 2}. Best is trial 2 with value: 0.8.
[I 2025-05-26 03:11:56,432] Trial 9 finished with value: 0.75 and parameters: {'n_neighbors': 3, 'leaf_size': 30, 'p': 2}. Best is trial 2 with value: 0.8.
[I 2025-05-26 03:11:56,568] Trial 10 finished with value: 0.55 and parameters: {'n_neighbors': 9, 'leaf_size': 20, 'p': 2}. Best is trial 2 with value: 0.8.
[I 2025-05-26 03:11:57,334] Trial 11 finished with value: 0.75 and parameters: {'n_neighbors': 4, 'leaf_size': 20, 'p': 2}. Best is trial 2 with value: 0.8.
[I 2025-05-26 03:11:58,057] Trial 12 finished with value: 0.8 and parameters: {'n_neighbors': 5, 'leaf_size': 30, 'p': 2}. Best is trial 2 with value: 0.8.
[I 2025-05-26 03:11:58,087] Trial 13 finished with value: 0.75 and parameters: {'n_neighbors': 4, 'leaf_size': 27, 'p': 2}. Best is trial 2 with value: 0.8.
[I 2025-05-26 03:11:58,118] Trial 14 finished with value: 0.8 and parameters: {'n_neighbors': 5, 'leaf_size': 23, 'p': 2}. Best is trial 2 with value: 0.8.
[I 2025-05-26 03:11:58,845] Trial 15 finished with value: 0.75 and parameters: {'n_neighbors': 3, 'leaf_size': 28, 'p': 2}. Best is trial 2 with value: 0.8.
[I 2025-05-26 03:11:59,618] Trial 16 finished with value: 0.7 and parameters: {'n_neighbors': 7, 'leaf_size': 33, 'p': 2}. Best is trial 2 with value: 0.8.
[I 2025-05-26 03:11:59,644] Trial 17 finished with value: 0.8 and parameters: {'n_neighbors': 5, 'leaf_size': 24, 'p': 2}. Best is trial 2 with value: 0.8.
[I 2025-05-26 03:11:59,667] Trial 18 finished with value: 0.7 and parameters: {'n_neighbors': 8, 'leaf_size': 22, 'p': 1}. Best is trial 2 with value: 0.8.
[I 2025-05-26 03:11:59,694] Trial 19 finished with value: 0.8 and parameters: {'n_neighbors': 5, 'leaf_size': 29, 'p': 2}. Best is trial 2 with value: 0.8.
/data/home/rtabares/anaconda3/envs/pyth3.12/lib/python3.12/site-packages/xgboost/core.py:377: FutureWarning: Your system has an old version of glibc (< 2.28). We will stop supporting Linux distros with glibc older than 2.28 after **May 31, 2025**. Please upgrade to a recent Linux distro (with glibc >= 2.28) to use future versions of XGBoost.
Note: You have installed the 'manylinux2014' variant of XGBoost. Certain features such as GPU algorithms or federated learning are not available. To use these features, please upgrade to a recent Linux distro with glibc 2.28+, and install the 'manylinux_2_28' variant.
  warnings.warn(
/data/home/rtabares/anaconda3/envs/pyth3.12/lib/python3.12/site-packages/xgboost/core.py:377: FutureWarning: Your system has an old version of glibc (< 2.28). We will stop supporting Linux distros with glibc older than 2.28 after **May 31, 2025**. Please upgrade to a recent Linux distro (with glibc >= 2.28) to use future versions of XGBoost.
Note: You have installed the 'manylinux2014' variant of XGBoost. Certain features such as GPU algorithms or federated learning are not available. To use these features, please upgrade to a recent Linux distro with glibc 2.28+, and install the 'manylinux_2_28' variant.
  warnings.warn(
/data/home/rtabares/anaconda3/envs/pyth3.12/lib/python3.12/site-packages/xgboost/core.py:377: FutureWarning: Your system has an old version of glibc (< 2.28). We will stop supporting Linux distros with glibc older than 2.28 after **May 31, 2025**. Please upgrade to a recent Linux distro (with glibc >= 2.28) to use future versions of XGBoost.
Note: You have installed the 'manylinux2014' variant of XGBoost. Certain features such as GPU algorithms or federated learning are not available. To use these features, please upgrade to a recent Linux distro with glibc 2.28+, and install the 'manylinux_2_28' variant.
  warnings.warn(
[I 2025-05-26 03:12:05,007] A new study created in memory with name: xgb
Parámetros guardados en checkpoint_adult_Dlatent_G/random/IPC_10/best_models_random_seed_5_space_original/knn_best_params.json
--- Iniciando reconstrucción de datos ---
Objetos de preprocesamiento cargados.
Pasando datos latentes a través del decoder...
Detectado token CLS en el espacio latente, eliminándolo para el decoder.
Reconstrucción completada. Invirtiendo transformaciones...
Normalización numérica invertida.
Codificación de la variable objetivo invertida.
Codificación categórica invertida.
--- Reconstrucción finalizada ---
Combinando en un DataFrame de Pandas.


>>> Optuna tuning xgb metodo k-means IPC 10 seed 5


/data/home/rtabares/anaconda3/envs/pyth3.12/lib/python3.12/site-packages/xgboost/core.py:377: FutureWarning: Your system has an old version of glibc (< 2.28). We will stop supporting Linux distros with glibc older than 2.28 after **May 31, 2025**. Please upgrade to a recent Linux distro (with glibc >= 2.28) to use future versions of XGBoost.
Note: You have installed the 'manylinux2014' variant of XGBoost. Certain features such as GPU algorithms or federated learning are not available. To use these features, please upgrade to a recent Linux distro with glibc 2.28+, and install the 'manylinux_2_28' variant.
  warnings.warn(
/data/home/rtabares/anaconda3/envs/pyth3.12/lib/python3.12/site-packages/xgboost/core.py:377: FutureWarning: Your system has an old version of glibc (< 2.28). We will stop supporting Linux distros with glibc older than 2.28 after **May 31, 2025**. Please upgrade to a recent Linux distro (with glibc >= 2.28) to use future versions of XGBoost.
Note: You have installed the 'manylinux2014' variant of XGBoost. Certain features such as GPU algorithms or federated learning are not available. To use these features, please upgrade to a recent Linux distro with glibc 2.28+, and install the 'manylinux_2_28' variant.
  warnings.warn(
/data/home/rtabares/anaconda3/envs/pyth3.12/lib/python3.12/site-packages/xgboost/core.py:377: FutureWarning: Your system has an old version of glibc (< 2.28). We will stop supporting Linux distros with glibc older than 2.28 after **May 31, 2025**. Please upgrade to a recent Linux distro (with glibc >= 2.28) to use future versions of XGBoost.
Note: You have installed the 'manylinux2014' variant of XGBoost. Certain features such as GPU algorithms or federated learning are not available. To use these features, please upgrade to a recent Linux distro with glibc 2.28+, and install the 'manylinux_2_28' variant.
  warnings.warn(
[I 2025-05-26 03:12:05,375] Trial 0 finished with value: 0.85 and parameters: {'n_estimators': 40, 'max_depth': 5, 'gamma': 0.789317070832284, 'subsample': 0.7592089939364717, 'colsample_bytree': 0.648400250788111}. Best is trial 0 with value: 0.85.
/data/home/rtabares/anaconda3/envs/pyth3.12/lib/python3.12/site-packages/xgboost/core.py:377: FutureWarning: Your system has an old version of glibc (< 2.28). We will stop supporting Linux distros with glibc older than 2.28 after **May 31, 2025**. Please upgrade to a recent Linux distro (with glibc >= 2.28) to use future versions of XGBoost.
Note: You have installed the 'manylinux2014' variant of XGBoost. Certain features such as GPU algorithms or federated learning are not available. To use these features, please upgrade to a recent Linux distro with glibc 2.28+, and install the 'manylinux_2_28' variant.
  warnings.warn(
/data/home/rtabares/anaconda3/envs/pyth3.12/lib/python3.12/site-packages/xgboost/core.py:377: FutureWarning: Your system has an old version of glibc (< 2.28). We will stop supporting Linux distros with glibc older than 2.28 after **May 31, 2025**. Please upgrade to a recent Linux distro (with glibc >= 2.28) to use future versions of XGBoost.
Note: You have installed the 'manylinux2014' variant of XGBoost. Certain features such as GPU algorithms or federated learning are not available. To use these features, please upgrade to a recent Linux distro with glibc 2.28+, and install the 'manylinux_2_28' variant.
  warnings.warn(
