[I 2025-05-18 17:57:10,046] Trial 4 finished with value: 0.6 and parameters: {'hidden_layer_sizes': (200,), 'max_iter': 100, 'alpha': 0.001}. Best is trial 4 with value: 0.6.
/data/home/rtabares/anaconda3/envs/pyth3.12/lib/python3.12/site-packages/sklearn/neural_network/_multilayer_perceptron.py:691: ConvergenceWarning: Stochastic Optimizer: Maximum iterations (50) reached and the optimization hasn't converged yet.
  warnings.warn(
/data/home/rtabares/anaconda3/envs/pyth3.12/lib/python3.12/site-packages/sklearn/neural_network/_multilayer_perceptron.py:691: ConvergenceWarning: Stochastic Optimizer: Maximum iterations (50) reached and the optimization hasn't converged yet.
  warnings.warn(
/data/home/rtabares/anaconda3/envs/pyth3.12/lib/python3.12/site-packages/sklearn/neural_network/_multilayer_perceptron.py:691: ConvergenceWarning: Stochastic Optimizer: Maximum iterations (50) reached and the optimization hasn't converged yet.
  warnings.warn(
[I 2025-05-18 17:57:10,142] Trial 5 finished with value: 0.4666666666666666 and parameters: {'hidden_layer_sizes': (200,), 'max_iter': 50, 'alpha': 0.001}. Best is trial 4 with value: 0.6.
[I 2025-05-18 17:57:10,278] Trial 6 finished with value: 0.4666666666666666 and parameters: {'hidden_layer_sizes': (100,), 'max_iter': 100, 'alpha': 0.0001}. Best is trial 4 with value: 0.6.
/data/home/rtabares/anaconda3/envs/pyth3.12/lib/python3.12/site-packages/sklearn/neural_network/_multilayer_perceptron.py:691: ConvergenceWarning: Stochastic Optimizer: Maximum iterations (50) reached and the optimization hasn't converged yet.
  warnings.warn(
[I 2025-05-18 17:57:10,395] Trial 7 finished with value: 0.5 and parameters: {'hidden_layer_sizes': (100, 100), 'max_iter': 50, 'alpha': 0.0001}. Best is trial 4 with value: 0.6.
[I 2025-05-18 17:57:10,511] Trial 8 finished with value: 0.5666666666666667 and parameters: {'hidden_layer_sizes': (100, 100), 'max_iter': 100, 'alpha': 0.0001}. Best is trial 4 with value: 0.6.
/data/home/rtabares/anaconda3/envs/pyth3.12/lib/python3.12/site-packages/sklearn/neural_network/_multilayer_perceptron.py:691: ConvergenceWarning: Stochastic Optimizer: Maximum iterations (50) reached and the optimization hasn't converged yet.
  warnings.warn(
/data/home/rtabares/anaconda3/envs/pyth3.12/lib/python3.12/site-packages/sklearn/neural_network/_multilayer_perceptron.py:691: ConvergenceWarning: Stochastic Optimizer: Maximum iterations (50) reached and the optimization hasn't converged yet.
  warnings.warn(
/data/home/rtabares/anaconda3/envs/pyth3.12/lib/python3.12/site-packages/sklearn/neural_network/_multilayer_perceptron.py:691: ConvergenceWarning: Stochastic Optimizer: Maximum iterations (50) reached and the optimization hasn't converged yet.
  warnings.warn(
/data/home/rtabares/anaconda3/envs/pyth3.12/lib/python3.12/site-packages/sklearn/neural_network/_multilayer_perceptron.py:691: ConvergenceWarning: Stochastic Optimizer: Maximum iterations (50) reached and the optimization hasn't converged yet.
  warnings.warn(
/data/home/rtabares/anaconda3/envs/pyth3.12/lib/python3.12/site-packages/sklearn/neural_network/_multilayer_perceptron.py:691: ConvergenceWarning: Stochastic Optimizer: Maximum iterations (50) reached and the optimization hasn't converged yet.
  warnings.warn(
[I 2025-05-18 17:57:10,604] Trial 9 finished with value: 0.55 and parameters: {'hidden_layer_sizes': (100,), 'max_iter': 50, 'alpha': 0.001}. Best is trial 4 with value: 0.6.
[I 2025-05-18 17:57:18,659] A new study created in memory with name: naive_bayes
Parámetros guardados en checkpoint_shoppers_Dlatent_ft_F/craig/IPC_17/best_models_craig_seed_8_space_latent/mlp_best_params.json


>>> Optuna tuning naive_bayes metodo craig IPC 17 seed 8


[I 2025-05-18 17:57:22,396] Trial 0 finished with value: 0.5 and parameters: {'var_smoothing': 5.582886587978182e-09}. Best is trial 0 with value: 0.5.
[I 2025-05-18 17:57:24,046] Trial 1 finished with value: 0.5 and parameters: {'var_smoothing': 8.651299071518215e-09}. Best is trial 0 with value: 0.5.
[I 2025-05-18 17:57:25,545] Trial 2 finished with value: 0.5 and parameters: {'var_smoothing': 5.475062490474489e-09}. Best is trial 0 with value: 0.5.
[I 2025-05-18 17:57:26,840] Trial 3 finished with value: 0.5 and parameters: {'var_smoothing': 1.1526869678723134e-09}. Best is trial 0 with value: 0.5.
[I 2025-05-18 17:57:26,854] Trial 4 finished with value: 0.5 and parameters: {'var_smoothing': 2.920496270341785e-10}. Best is trial 0 with value: 0.5.
[I 2025-05-18 17:57:26,878] Trial 5 finished with value: 0.5 and parameters: {'var_smoothing': 1.0538956417705805e-10}. Best is trial 0 with value: 0.5.
[I 2025-05-18 17:57:26,902] Trial 6 finished with value: 0.5 and parameters: {'var_smoothing': 7.260016982331591e-10}. Best is trial 0 with value: 0.5.
[I 2025-05-18 17:57:26,925] Trial 7 finished with value: 0.5 and parameters: {'var_smoothing': 6.378267364653917e-10}. Best is trial 0 with value: 0.5.
[I 2025-05-18 17:57:26,938] Trial 8 finished with value: 0.5 and parameters: {'var_smoothing': 1.1100673847791952e-09}. Best is trial 0 with value: 0.5.
[I 2025-05-18 17:57:26,961] Trial 9 finished with value: 0.5 and parameters: {'var_smoothing': 9.052813879088377e-10}. Best is trial 0 with value: 0.5.
/data/home/rtabares/anaconda3/envs/pyth3.12/lib/python3.12/site-packages/xgboost/core.py:377: FutureWarning: Your system has an old version of glibc (< 2.28). We will stop supporting Linux distros with glibc older than 2.28 after **May 31, 2025**. Please upgrade to a recent Linux distro (with glibc >= 2.28) to use future versions of XGBoost.
Note: You have installed the 'manylinux2014' variant of XGBoost. Certain features such as GPU algorithms or federated learning are not available. To use these features, please upgrade to a recent Linux distro with glibc 2.28+, and install the 'manylinux_2_28' variant.
  warnings.warn(
/data/home/rtabares/anaconda3/envs/pyth3.12/lib/python3.12/site-packages/xgboost/core.py:377: FutureWarning: Your system has an old version of glibc (< 2.28). We will stop supporting Linux distros with glibc older than 2.28 after **May 31, 2025**. Please upgrade to a recent Linux distro (with glibc >= 2.28) to use future versions of XGBoost.
Note: You have installed the 'manylinux2014' variant of XGBoost. Certain features such as GPU algorithms or federated learning are not available. To use these features, please upgrade to a recent Linux distro with glibc 2.28+, and install the 'manylinux_2_28' variant.
  warnings.warn(
[I 2025-05-18 17:57:36,230] A new study created in memory with name: knn
Parámetros guardados en checkpoint_shoppers_Dlatent_ft_F/craig/IPC_17/best_models_craig_seed_8_space_latent/naive_bayes_best_params.json


>>> Optuna tuning knn metodo craig IPC 17 seed 8


[I 2025-05-18 17:57:37,706] Trial 0 finished with value: 0.5 and parameters: {'n_neighbors': 9, 'leaf_size': 40, 'p': 1}. Best is trial 0 with value: 0.5.
[I 2025-05-18 17:57:38,650] Trial 1 finished with value: 0.6 and parameters: {'n_neighbors': 4, 'leaf_size': 20, 'p': 1}. Best is trial 1 with value: 0.6.
[I 2025-05-18 17:57:38,686] Trial 2 finished with value: 0.5 and parameters: {'n_neighbors': 7, 'leaf_size': 30, 'p': 1}. Best is trial 1 with value: 0.6.
[I 2025-05-18 17:57:39,731] Trial 3 finished with value: 0.5 and parameters: {'n_neighbors': 9, 'leaf_size': 34, 'p': 1}. Best is trial 1 with value: 0.6.
[I 2025-05-18 17:57:39,818] Trial 4 finished with value: 0.5166666666666666 and parameters: {'n_neighbors': 5, 'leaf_size': 40, 'p': 1}. Best is trial 1 with value: 0.6.
[I 2025-05-18 17:57:39,905] Trial 5 finished with value: 0.4833333333333333 and parameters: {'n_neighbors': 3, 'leaf_size': 40, 'p': 2}. Best is trial 1 with value: 0.6.
[I 2025-05-18 17:57:39,961] Trial 6 finished with value: 0.4833333333333333 and parameters: {'n_neighbors': 3, 'leaf_size': 24, 'p': 2}. Best is trial 1 with value: 0.6.
[I 2025-05-18 17:57:40,048] Trial 7 finished with value: 0.4666666666666666 and parameters: {'n_neighbors': 5, 'leaf_size': 40, 'p': 2}. Best is trial 1 with value: 0.6.
[I 2025-05-18 17:57:40,115] Trial 8 finished with value: 0.4833333333333333 and parameters: {'n_neighbors': 6, 'leaf_size': 36, 'p': 1}. Best is trial 1 with value: 0.6.
[I 2025-05-18 17:57:40,201] Trial 9 finished with value: 0.4833333333333333 and parameters: {'n_neighbors': 6, 'leaf_size': 25, 'p': 1}. Best is trial 1 with value: 0.6.
