[I 2025-05-18 17:01:51,247] Trial 6 finished with value: 0.5333333333333333 and parameters: {'C': 0.5824208201678516, 'gamma': 0.00042977333932534993}. Best is trial 2 with value: 0.6446969696969698.
[I 2025-05-18 17:01:51,272] Trial 7 finished with value: 0.6522727272727272 and parameters: {'C': 33.09391330085814, 'gamma': 0.001248377256719358}. Best is trial 7 with value: 0.6522727272727272.
[I 2025-05-18 17:01:51,306] Trial 8 finished with value: 0.5333333333333333 and parameters: {'C': 0.45387898639622015, 'gamma': 0.0015286910781809498}. Best is trial 7 with value: 0.6522727272727272.
[I 2025-05-18 17:01:51,338] Trial 9 finished with value: 0.593939393939394 and parameters: {'C': 3.274550070431994, 'gamma': 0.02086177421469992}. Best is trial 7 with value: 0.6522727272727272.
[I 2025-05-18 17:01:53,454] A new study created in memory with name: logreg
Parámetros guardados en checkpoint_default_Dlatent_G/k-means/IPC_59/best_models_k-means_seed_5_space_original/svc_best_params.json


>>> Optuna tuning logreg metodo k-means IPC 59 seed 5


[I 2025-05-18 17:01:56,079] Trial 0 finished with value: 0.6795454545454546 and parameters: {'C': 0.012881482725481003, 'penalty': 'l2'}. Best is trial 0 with value: 0.6795454545454546.
[I 2025-05-18 17:01:57,006] Trial 1 finished with value: 0.6530303030303031 and parameters: {'C': 22.576755560681583, 'penalty': 'l2'}. Best is trial 0 with value: 0.6795454545454546.
[I 2025-05-18 17:01:57,021] Trial 2 finished with value: 0.6712121212121213 and parameters: {'C': 0.010804278656839932, 'penalty': 'l2'}. Best is trial 0 with value: 0.6795454545454546.
[I 2025-05-18 17:01:57,054] Trial 3 finished with value: 0.6871212121212121 and parameters: {'C': 39.17910760336117, 'penalty': 'l2'}. Best is trial 3 with value: 0.6871212121212121.
[I 2025-05-18 17:01:57,080] Trial 4 finished with value: 0.6522727272727272 and parameters: {'C': 0.2767298094062571, 'penalty': 'l2'}. Best is trial 3 with value: 0.6871212121212121.
[I 2025-05-18 17:01:57,110] Trial 5 finished with value: 0.6613636363636364 and parameters: {'C': 1.1447728330837224, 'penalty': 'l2'}. Best is trial 3 with value: 0.6871212121212121.
[I 2025-05-18 17:01:57,143] Trial 6 finished with value: 0.6371212121212121 and parameters: {'C': 6.753661388238877, 'penalty': 'l2'}. Best is trial 3 with value: 0.6871212121212121.
[I 2025-05-18 17:01:57,166] Trial 7 finished with value: 0.6606060606060606 and parameters: {'C': 0.39092184460352974, 'penalty': 'l2'}. Best is trial 3 with value: 0.6871212121212121.
[I 2025-05-18 17:01:57,179] Trial 8 finished with value: 0.678030303030303 and parameters: {'C': 0.03047912590082646, 'penalty': 'l2'}. Best is trial 3 with value: 0.6871212121212121.
[I 2025-05-18 17:01:57,203] Trial 9 finished with value: 0.6545454545454545 and parameters: {'C': 0.008681727362499118, 'penalty': 'l2'}. Best is trial 3 with value: 0.6871212121212121.
[I 2025-05-18 17:02:00,547] A new study created in memory with name: mlp
Parámetros guardados en checkpoint_default_Dlatent_G/k-means/IPC_59/best_models_k-means_seed_5_space_original/logreg_best_params.json


>>> Optuna tuning mlp metodo k-means IPC 59 seed 5


/data/home/rtabares/anaconda3/envs/pyth3.12/lib/python3.12/site-packages/sklearn/neural_network/_multilayer_perceptron.py:691: ConvergenceWarning: Stochastic Optimizer: Maximum iterations (50) reached and the optimization hasn't converged yet.
  warnings.warn(
/data/home/rtabares/anaconda3/envs/pyth3.12/lib/python3.12/site-packages/sklearn/neural_network/_multilayer_perceptron.py:691: ConvergenceWarning: Stochastic Optimizer: Maximum iterations (50) reached and the optimization hasn't converged yet.
  warnings.warn(
/data/home/rtabares/anaconda3/envs/pyth3.12/lib/python3.12/site-packages/sklearn/neural_network/_multilayer_perceptron.py:691: ConvergenceWarning: Stochastic Optimizer: Maximum iterations (50) reached and the optimization hasn't converged yet.
  warnings.warn(
/data/home/rtabares/anaconda3/envs/pyth3.12/lib/python3.12/site-packages/sklearn/neural_network/_multilayer_perceptron.py:691: ConvergenceWarning: Stochastic Optimizer: Maximum iterations (50) reached and the optimization hasn't converged yet.
  warnings.warn(
[I 2025-05-18 17:02:02,843] Trial 0 finished with value: 0.6356060606060606 and parameters: {'hidden_layer_sizes': (200,), 'max_iter': 50, 'alpha': 0.001}. Best is trial 0 with value: 0.6356060606060606.
/data/home/rtabares/anaconda3/envs/pyth3.12/lib/python3.12/site-packages/sklearn/neural_network/_multilayer_perceptron.py:691: ConvergenceWarning: Stochastic Optimizer: Maximum iterations (100) reached and the optimization hasn't converged yet.
  warnings.warn(
/data/home/rtabares/anaconda3/envs/pyth3.12/lib/python3.12/site-packages/sklearn/neural_network/_multilayer_perceptron.py:691: ConvergenceWarning: Stochastic Optimizer: Maximum iterations (100) reached and the optimization hasn't converged yet.
  warnings.warn(
/data/home/rtabares/anaconda3/envs/pyth3.12/lib/python3.12/site-packages/sklearn/neural_network/_multilayer_perceptron.py:691: ConvergenceWarning: Stochastic Optimizer: Maximum iterations (100) reached and the optimization hasn't converged yet.
  warnings.warn(
/data/home/rtabares/anaconda3/envs/pyth3.12/lib/python3.12/site-packages/sklearn/neural_network/_multilayer_perceptron.py:691: ConvergenceWarning: Stochastic Optimizer: Maximum iterations (100) reached and the optimization hasn't converged yet.
  warnings.warn(
/data/home/rtabares/anaconda3/envs/pyth3.12/lib/python3.12/site-packages/sklearn/neural_network/_multilayer_perceptron.py:691: ConvergenceWarning: Stochastic Optimizer: Maximum iterations (100) reached and the optimization hasn't converged yet.
  warnings.warn(
[I 2025-05-18 17:02:03,661] Trial 1 finished with value: 0.5848484848484848 and parameters: {'hidden_layer_sizes': (100,), 'max_iter': 100, 'alpha': 0.0001}. Best is trial 0 with value: 0.6356060606060606.
/data/home/rtabares/anaconda3/envs/pyth3.12/lib/python3.12/site-packages/sklearn/neural_network/_multilayer_perceptron.py:691: ConvergenceWarning: Stochastic Optimizer: Maximum iterations (100) reached and the optimization hasn't converged yet.
  warnings.warn(
/data/home/rtabares/anaconda3/envs/pyth3.12/lib/python3.12/site-packages/sklearn/neural_network/_multilayer_perceptron.py:691: ConvergenceWarning: Stochastic Optimizer: Maximum iterations (100) reached and the optimization hasn't converged yet.
  warnings.warn(
/data/home/rtabares/anaconda3/envs/pyth3.12/lib/python3.12/site-packages/sklearn/neural_network/_multilayer_perceptron.py:691: ConvergenceWarning: Stochastic Optimizer: Maximum iterations (100) reached and the optimization hasn't converged yet.
  warnings.warn(
/data/home/rtabares/anaconda3/envs/pyth3.12/lib/python3.12/site-packages/sklearn/neural_network/_multilayer_perceptron.py:691: ConvergenceWarning: Stochastic Optimizer: Maximum iterations (100) reached and the optimization hasn't converged yet.
  warnings.warn(
[I 2025-05-18 17:02:04,446] Trial 2 finished with value: 0.6007575757575758 and parameters: {'hidden_layer_sizes': (100,), 'max_iter': 100, 'alpha': 0.001}. Best is trial 0 with value: 0.6356060606060606.
/data/home/rtabares/anaconda3/envs/pyth3.12/lib/python3.12/site-packages/sklearn/neural_network/_multilayer_perceptron.py:691: ConvergenceWarning: Stochastic Optimizer: Maximum iterations (50) reached and the optimization hasn't converged yet.
  warnings.warn(
/data/home/rtabares/anaconda3/envs/pyth3.12/lib/python3.12/site-packages/sklearn/neural_network/_multilayer_perceptron.py:691: ConvergenceWarning: Stochastic Optimizer: Maximum iterations (50) reached and the optimization hasn't converged yet.
  warnings.warn(
/data/home/rtabares/anaconda3/envs/pyth3.12/lib/python3.12/site-packages/sklearn/neural_network/_multilayer_perceptron.py:691: ConvergenceWarning: Stochastic Optimizer: Maximum iterations (50) reached and the optimization hasn't converged yet.
  warnings.warn(
/data/home/rtabares/anaconda3/envs/pyth3.12/lib/python3.12/site-packages/sklearn/neural_network/_multilayer_perceptron.py:691: ConvergenceWarning: Stochastic Optimizer: Maximum iterations (50) reached and the optimization hasn't converged yet.
  warnings.warn(
[I 2025-05-18 17:02:04,521] Trial 3 finished with value: 0.6098484848484849 and parameters: {'hidden_layer_sizes': (200,), 'max_iter': 50, 'alpha': 0.001}. Best is trial 0 with value: 0.6356060606060606.
/data/home/rtabares/anaconda3/envs/pyth3.12/lib/python3.12/site-packages/sklearn/neural_network/_multilayer_perceptron.py:691: ConvergenceWarning: Stochastic Optimizer: Maximum iterations (100) reached and the optimization hasn't converged yet.
  warnings.warn(
/data/home/rtabares/anaconda3/envs/pyth3.12/lib/python3.12/site-packages/sklearn/neural_network/_multilayer_perceptron.py:691: ConvergenceWarning: Stochastic Optimizer: Maximum iterations (100) reached and the optimization hasn't converged yet.
  warnings.warn(
/data/home/rtabares/anaconda3/envs/pyth3.12/lib/python3.12/site-packages/sklearn/neural_network/_multilayer_perceptron.py:691: ConvergenceWarning: Stochastic Optimizer: Maximum iterations (100) reached and the optimization hasn't converged yet.
  warnings.warn(
/data/home/rtabares/anaconda3/envs/pyth3.12/lib/python3.12/site-packages/sklearn/neural_network/_multilayer_perceptron.py:691: ConvergenceWarning: Stochastic Optimizer: Maximum iterations (100) reached and the optimization hasn't converged yet.
  warnings.warn(
/data/home/rtabares/anaconda3/envs/pyth3.12/lib/python3.12/site-packages/sklearn/neural_network/_multilayer_perceptron.py:691: ConvergenceWarning: Stochastic Optimizer: Maximum iterations (100) reached and the optimization hasn't converged yet.
  warnings.warn(
[I 2025-05-18 17:02:04,617] Trial 4 finished with value: 0.5931818181818181 and parameters: {'hidden_layer_sizes': (100,), 'max_iter': 100, 'alpha': 0.0001}. Best is trial 0 with value: 0.6356060606060606.
/data/home/rtabares/anaconda3/envs/pyth3.12/lib/python3.12/site-packages/sklearn/neural_network/_multilayer_perceptron.py:691: ConvergenceWarning: Stochastic Optimizer: Maximum iterations (100) reached and the optimization hasn't converged yet.
  warnings.warn(
/data/home/rtabares/anaconda3/envs/pyth3.12/lib/python3.12/site-packages/sklearn/neural_network/_multilayer_perceptron.py:691: ConvergenceWarning: Stochastic Optimizer: Maximum iterations (100) reached and the optimization hasn't converged yet.
  warnings.warn(
/data/home/rtabares/anaconda3/envs/pyth3.12/lib/python3.12/site-packages/sklearn/neural_network/_multilayer_perceptron.py:691: ConvergenceWarning: Stochastic Optimizer: Maximum iterations (100) reached and the optimization hasn't converged yet.
  warnings.warn(
/data/home/rtabares/anaconda3/envs/pyth3.12/lib/python3.12/site-packages/sklearn/neural_network/_multilayer_perceptron.py:691: ConvergenceWarning: Stochastic Optimizer: Maximum iterations (100) reached and the optimization hasn't converged yet.
  warnings.warn(
/data/home/rtabares/anaconda3/envs/pyth3.12/lib/python3.12/site-packages/sklearn/neural_network/_multilayer_perceptron.py:691: ConvergenceWarning: Stochastic Optimizer: Maximum iterations (100) reached and the optimization hasn't converged yet.
  warnings.warn(
[I 2025-05-18 17:02:04,704] Trial 5 finished with value: 0.6189393939393939 and parameters: {'hidden_layer_sizes': (100,), 'max_iter': 100, 'alpha': 0.001}. Best is trial 0 with value: 0.6356060606060606.
/data/home/rtabares/anaconda3/envs/pyth3.12/lib/python3.12/site-packages/sklearn/neural_network/_multilayer_perceptron.py:691: ConvergenceWarning: Stochastic Optimizer: Maximum iterations (100) reached and the optimization hasn't converged yet.
  warnings.warn(
/data/home/rtabares/anaconda3/envs/pyth3.12/lib/python3.12/site-packages/sklearn/neural_network/_multilayer_perceptron.py:691: ConvergenceWarning: Stochastic Optimizer: Maximum iterations (100) reached and the optimization hasn't converged yet.
  warnings.warn(
/data/home/rtabares/anaconda3/envs/pyth3.12/lib/python3.12/site-packages/sklearn/neural_network/_multilayer_perceptron.py:691: ConvergenceWarning: Stochastic Optimizer: Maximum iterations (100) reached and the optimization hasn't converged yet.
  warnings.warn(
/data/home/rtabares/anaconda3/envs/pyth3.12/lib/python3.12/site-packages/sklearn/neural_network/_multilayer_perceptron.py:691: ConvergenceWarning: Stochastic Optimizer: Maximum iterations (100) reached and the optimization hasn't converged yet.
  warnings.warn(
/data/home/rtabares/anaconda3/envs/pyth3.12/lib/python3.12/site-packages/sklearn/neural_network/_multilayer_perceptron.py:691: ConvergenceWarning: Stochastic Optimizer: Maximum iterations (100) reached and the optimization hasn't converged yet.
  warnings.warn(
[I 2025-05-18 17:02:04,863] Trial 6 finished with value: 0.5765151515151514 and parameters: {'hidden_layer_sizes': (200,), 'max_iter': 100, 'alpha': 0.001}. Best is trial 0 with value: 0.6356060606060606.
/data/home/rtabares/anaconda3/envs/pyth3.12/lib/python3.12/site-packages/sklearn/neural_network/_multilayer_perceptron.py:691: ConvergenceWarning: Stochastic Optimizer: Maximum iterations (100) reached and the optimization hasn't converged yet.
  warnings.warn(
/data/home/rtabares/anaconda3/envs/pyth3.12/lib/python3.12/site-packages/sklearn/neural_network/_multilayer_perceptron.py:691: ConvergenceWarning: Stochastic Optimizer: Maximum iterations (100) reached and the optimization hasn't converged yet.
  warnings.warn(
/data/home/rtabares/anaconda3/envs/pyth3.12/lib/python3.12/site-packages/sklearn/neural_network/_multilayer_perceptron.py:691: ConvergenceWarning: Stochastic Optimizer: Maximum iterations (100) reached and the optimization hasn't converged yet.
  warnings.warn(
/data/home/rtabares/anaconda3/envs/pyth3.12/lib/python3.12/site-packages/sklearn/neural_network/_multilayer_perceptron.py:691: ConvergenceWarning: Stochastic Optimizer: Maximum iterations (100) reached and the optimization hasn't converged yet.
  warnings.warn(
/data/home/rtabares/anaconda3/envs/pyth3.12/lib/python3.12/site-packages/sklearn/neural_network/_multilayer_perceptron.py:691: ConvergenceWarning: Stochastic Optimizer: Maximum iterations (100) reached and the optimization hasn't converged yet.
  warnings.warn(
[I 2025-05-18 17:02:04,957] Trial 7 finished with value: 0.568939393939394 and parameters: {'hidden_layer_sizes': (200,), 'max_iter': 100, 'alpha': 0.001}. Best is trial 0 with value: 0.6356060606060606.
/data/home/rtabares/anaconda3/envs/pyth3.12/lib/python3.12/site-packages/sklearn/neural_network/_multilayer_perceptron.py:691: ConvergenceWarning: Stochastic Optimizer: Maximum iterations (100) reached and the optimization hasn't converged yet.
  warnings.warn(
/data/home/rtabares/anaconda3/envs/pyth3.12/lib/python3.12/site-packages/sklearn/neural_network/_multilayer_perceptron.py:691: ConvergenceWarning: Stochastic Optimizer: Maximum iterations (100) reached and the optimization hasn't converged yet.
  warnings.warn(
/data/home/rtabares/anaconda3/envs/pyth3.12/lib/python3.12/site-packages/sklearn/neural_network/_multilayer_perceptron.py:691: ConvergenceWarning: Stochastic Optimizer: Maximum iterations (100) reached and the optimization hasn't converged yet.
  warnings.warn(
/data/home/rtabares/anaconda3/envs/pyth3.12/lib/python3.12/site-packages/sklearn/neural_network/_multilayer_perceptron.py:691: ConvergenceWarning: Stochastic Optimizer: Maximum iterations (100) reached and the optimization hasn't converged yet.
  warnings.warn(
/data/home/rtabares/anaconda3/envs/pyth3.12/lib/python3.12/site-packages/sklearn/neural_network/_multilayer_perceptron.py:691: ConvergenceWarning: Stochastic Optimizer: Maximum iterations (100) reached and the optimization hasn't converged yet.
  warnings.warn(
[I 2025-05-18 17:02:05,052] Trial 8 finished with value: 0.5931818181818181 and parameters: {'hidden_layer_sizes': (100,), 'max_iter': 100, 'alpha': 0.001}. Best is trial 0 with value: 0.6356060606060606.
/data/home/rtabares/anaconda3/envs/pyth3.12/lib/python3.12/site-packages/sklearn/neural_network/_multilayer_perceptron.py:691: ConvergenceWarning: Stochastic Optimizer: Maximum iterations (50) reached and the optimization hasn't converged yet.
  warnings.warn(
/data/home/rtabares/anaconda3/envs/pyth3.12/lib/python3.12/site-packages/sklearn/neural_network/_multilayer_perceptron.py:691: ConvergenceWarning: Stochastic Optimizer: Maximum iterations (50) reached and the optimization hasn't converged yet.
  warnings.warn(
/data/home/rtabares/anaconda3/envs/pyth3.12/lib/python3.12/site-packages/sklearn/neural_network/_multilayer_perceptron.py:691: ConvergenceWarning: Stochastic Optimizer: Maximum iterations (50) reached and the optimization hasn't converged yet.
  warnings.warn(
/data/home/rtabares/anaconda3/envs/pyth3.12/lib/python3.12/site-packages/sklearn/neural_network/_multilayer_perceptron.py:691: ConvergenceWarning: Stochastic Optimizer: Maximum iterations (50) reached and the optimization hasn't converged yet.
  warnings.warn(
/data/home/rtabares/anaconda3/envs/pyth3.12/lib/python3.12/site-packages/sklearn/neural_network/_multilayer_perceptron.py:691: ConvergenceWarning: Stochastic Optimizer: Maximum iterations (50) reached and the optimization hasn't converged yet.
  warnings.warn(
[I 2025-05-18 17:02:05,118] Trial 9 finished with value: 0.6265151515151516 and parameters: {'hidden_layer_sizes': (100,), 'max_iter': 50, 'alpha': 0.001}. Best is trial 0 with value: 0.6356060606060606.
[I 2025-05-18 17:02:13,100] A new study created in memory with name: naive_bayes
Parámetros guardados en checkpoint_default_Dlatent_G/k-means/IPC_59/best_models_k-means_seed_5_space_original/mlp_best_params.json


>>> Optuna tuning naive_bayes metodo k-means IPC 59 seed 5


[I 2025-05-18 17:02:15,252] Trial 0 finished with value: 0.6522727272727271 and parameters: {'var_smoothing': 2.7796258518939306e-10}. Best is trial 0 with value: 0.6522727272727271.
[I 2025-05-18 17:02:16,267] Trial 1 finished with value: 0.6522727272727273 and parameters: {'var_smoothing': 5.513972710118387e-09}. Best is trial 1 with value: 0.6522727272727273.
[I 2025-05-18 17:02:16,291] Trial 2 finished with value: 0.6522727272727271 and parameters: {'var_smoothing': 2.590826381512706e-10}. Best is trial 1 with value: 0.6522727272727273.
[I 2025-05-18 17:02:17,604] Trial 3 finished with value: 0.6522727272727273 and parameters: {'var_smoothing': 6.874194498027403e-09}. Best is trial 1 with value: 0.6522727272727273.
[I 2025-05-18 17:02:17,627] Trial 4 finished with value: 0.6439393939393939 and parameters: {'var_smoothing': 9.480306482679771e-10}. Best is trial 1 with value: 0.6522727272727273.
[I 2025-05-18 17:02:17,640] Trial 5 finished with value: 0.6439393939393939 and parameters: {'var_smoothing': 1.6729683536668864e-09}. Best is trial 1 with value: 0.6522727272727273.
[I 2025-05-18 17:02:17,663] Trial 6 finished with value: 0.6439393939393939 and parameters: {'var_smoothing': 3.402637726935598e-09}. Best is trial 1 with value: 0.6522727272727273.
[I 2025-05-18 17:02:17,686] Trial 7 finished with value: 0.6439393939393939 and parameters: {'var_smoothing': 1.0885189040847657e-09}. Best is trial 1 with value: 0.6522727272727273.
[I 2025-05-18 17:02:17,700] Trial 8 finished with value: 0.6522727272727271 and parameters: {'var_smoothing': 3.922843686541149e-10}. Best is trial 1 with value: 0.6522727272727273.
[I 2025-05-18 17:02:17,713] Trial 9 finished with value: 0.6522727272727271 and parameters: {'var_smoothing': 2.3737908819373785e-10}. Best is trial 1 with value: 0.6522727272727273.
[I 2025-05-18 17:02:23,008] A new study created in memory with name: knn
Parámetros guardados en checkpoint_default_Dlatent_G/k-means/IPC_59/best_models_k-means_seed_5_space_original/naive_bayes_best_params.json


>>> Optuna tuning knn metodo k-means IPC 59 seed 5


[I 2025-05-18 17:02:24,508] Trial 0 finished with value: 0.5871212121212122 and parameters: {'n_neighbors': 4, 'leaf_size': 38, 'p': 2}. Best is trial 0 with value: 0.5871212121212122.
[I 2025-05-18 17:02:25,269] Trial 1 finished with value: 0.593939393939394 and parameters: {'n_neighbors': 6, 'leaf_size': 32, 'p': 1}. Best is trial 1 with value: 0.593939393939394.
[I 2025-05-18 17:02:25,306] Trial 2 finished with value: 0.5015151515151516 and parameters: {'n_neighbors': 5, 'leaf_size': 23, 'p': 2}. Best is trial 1 with value: 0.593939393939394.
[I 2025-05-18 17:02:26,185] Trial 3 finished with value: 0.593939393939394 and parameters: {'n_neighbors': 6, 'leaf_size': 23, 'p': 1}. Best is trial 1 with value: 0.593939393939394.
[I 2025-05-18 17:02:26,209] Trial 4 finished with value: 0.593939393939394 and parameters: {'n_neighbors': 6, 'leaf_size': 26, 'p': 1}. Best is trial 1 with value: 0.593939393939394.
[I 2025-05-18 17:02:26,309] Trial 5 finished with value: 0.6083333333333334 and parameters: {'n_neighbors': 7, 'leaf_size': 25, 'p': 1}. Best is trial 5 with value: 0.6083333333333334.
[I 2025-05-18 17:02:26,415] Trial 6 finished with value: 0.5015151515151516 and parameters: {'n_neighbors': 5, 'leaf_size': 23, 'p': 2}. Best is trial 5 with value: 0.6083333333333334.
[I 2025-05-18 17:02:26,470] Trial 7 finished with value: 0.6272727272727273 and parameters: {'n_neighbors': 10, 'leaf_size': 23, 'p': 2}. Best is trial 7 with value: 0.6272727272727273.
[I 2025-05-18 17:02:26,556] Trial 8 finished with value: 0.5590909090909092 and parameters: {'n_neighbors': 8, 'leaf_size': 36, 'p': 2}. Best is trial 7 with value: 0.6272727272727273.
