[I 2025-05-26 03:26:42,576] Trial 16 finished with value: 0.85 and parameters: {'hidden_layer_sizes': (100,), 'max_iter': 100, 'alpha': 0.0001}. Best is trial 0 with value: 0.85.
/data/home/rtabares/anaconda3/envs/pyth3.12/lib/python3.12/site-packages/sklearn/neural_network/_multilayer_perceptron.py:691: ConvergenceWarning: Stochastic Optimizer: Maximum iterations (100) reached and the optimization hasn't converged yet.
  warnings.warn(
/data/home/rtabares/anaconda3/envs/pyth3.12/lib/python3.12/site-packages/sklearn/neural_network/_multilayer_perceptron.py:691: ConvergenceWarning: Stochastic Optimizer: Maximum iterations (100) reached and the optimization hasn't converged yet.
  warnings.warn(
/data/home/rtabares/anaconda3/envs/pyth3.12/lib/python3.12/site-packages/sklearn/neural_network/_multilayer_perceptron.py:691: ConvergenceWarning: Stochastic Optimizer: Maximum iterations (100) reached and the optimization hasn't converged yet.
  warnings.warn(
/data/home/rtabares/anaconda3/envs/pyth3.12/lib/python3.12/site-packages/sklearn/neural_network/_multilayer_perceptron.py:691: ConvergenceWarning: Stochastic Optimizer: Maximum iterations (100) reached and the optimization hasn't converged yet.
  warnings.warn(
/data/home/rtabares/anaconda3/envs/pyth3.12/lib/python3.12/site-packages/sklearn/neural_network/_multilayer_perceptron.py:691: ConvergenceWarning: Stochastic Optimizer: Maximum iterations (100) reached and the optimization hasn't converged yet.
  warnings.warn(
[I 2025-05-26 03:26:42,646] Trial 17 finished with value: 0.85 and parameters: {'hidden_layer_sizes': (100,), 'max_iter': 100, 'alpha': 0.0001}. Best is trial 0 with value: 0.85.
/data/home/rtabares/anaconda3/envs/pyth3.12/lib/python3.12/site-packages/sklearn/neural_network/_multilayer_perceptron.py:691: ConvergenceWarning: Stochastic Optimizer: Maximum iterations (50) reached and the optimization hasn't converged yet.
  warnings.warn(
/data/home/rtabares/anaconda3/envs/pyth3.12/lib/python3.12/site-packages/sklearn/neural_network/_multilayer_perceptron.py:691: ConvergenceWarning: Stochastic Optimizer: Maximum iterations (50) reached and the optimization hasn't converged yet.
  warnings.warn(
/data/home/rtabares/anaconda3/envs/pyth3.12/lib/python3.12/site-packages/sklearn/neural_network/_multilayer_perceptron.py:691: ConvergenceWarning: Stochastic Optimizer: Maximum iterations (50) reached and the optimization hasn't converged yet.
  warnings.warn(
/data/home/rtabares/anaconda3/envs/pyth3.12/lib/python3.12/site-packages/sklearn/neural_network/_multilayer_perceptron.py:691: ConvergenceWarning: Stochastic Optimizer: Maximum iterations (50) reached and the optimization hasn't converged yet.
  warnings.warn(
/data/home/rtabares/anaconda3/envs/pyth3.12/lib/python3.12/site-packages/sklearn/neural_network/_multilayer_perceptron.py:691: ConvergenceWarning: Stochastic Optimizer: Maximum iterations (50) reached and the optimization hasn't converged yet.
  warnings.warn(
[I 2025-05-26 03:26:42,696] Trial 18 finished with value: 0.85 and parameters: {'hidden_layer_sizes': (200,), 'max_iter': 50, 'alpha': 0.001}. Best is trial 0 with value: 0.85.
/data/home/rtabares/anaconda3/envs/pyth3.12/lib/python3.12/site-packages/sklearn/neural_network/_multilayer_perceptron.py:691: ConvergenceWarning: Stochastic Optimizer: Maximum iterations (100) reached and the optimization hasn't converged yet.
  warnings.warn(
/data/home/rtabares/anaconda3/envs/pyth3.12/lib/python3.12/site-packages/sklearn/neural_network/_multilayer_perceptron.py:691: ConvergenceWarning: Stochastic Optimizer: Maximum iterations (100) reached and the optimization hasn't converged yet.
  warnings.warn(
/data/home/rtabares/anaconda3/envs/pyth3.12/lib/python3.12/site-packages/sklearn/neural_network/_multilayer_perceptron.py:691: ConvergenceWarning: Stochastic Optimizer: Maximum iterations (100) reached and the optimization hasn't converged yet.
  warnings.warn(
[I 2025-05-26 03:26:42,784] Trial 19 finished with value: 0.8 and parameters: {'hidden_layer_sizes': (100, 100), 'max_iter': 100, 'alpha': 0.0001}. Best is trial 0 with value: 0.85.
/data/home/rtabares/anaconda3/envs/pyth3.12/lib/python3.12/site-packages/xgboost/core.py:377: FutureWarning: Your system has an old version of glibc (< 2.28). We will stop supporting Linux distros with glibc older than 2.28 after **May 31, 2025**. Please upgrade to a recent Linux distro (with glibc >= 2.28) to use future versions of XGBoost.
Note: You have installed the 'manylinux2014' variant of XGBoost. Certain features such as GPU algorithms or federated learning are not available. To use these features, please upgrade to a recent Linux distro with glibc 2.28+, and install the 'manylinux_2_28' variant.
  warnings.warn(
/data/home/rtabares/anaconda3/envs/pyth3.12/lib/python3.12/site-packages/xgboost/core.py:377: FutureWarning: Your system has an old version of glibc (< 2.28). We will stop supporting Linux distros with glibc older than 2.28 after **May 31, 2025**. Please upgrade to a recent Linux distro (with glibc >= 2.28) to use future versions of XGBoost.
Note: You have installed the 'manylinux2014' variant of XGBoost. Certain features such as GPU algorithms or federated learning are not available. To use these features, please upgrade to a recent Linux distro with glibc 2.28+, and install the 'manylinux_2_28' variant.
  warnings.warn(
[I 2025-05-26 03:26:47,392] A new study created in memory with name: naive_bayes
Parámetros guardados en checkpoint_adult_Dlatent_G/random/IPC_10/best_models_random_seed_6_space_original/mlp_best_params.json


>>> Optuna tuning naive_bayes metodo random IPC 10 seed 6


[I 2025-05-26 03:26:50,228] Trial 0 finished with value: 0.75 and parameters: {'var_smoothing': 6.10548688762798e-09}. Best is trial 0 with value: 0.75.
[I 2025-05-26 03:26:50,484] Trial 1 finished with value: 0.75 and parameters: {'var_smoothing': 4.6127467400935034e-10}. Best is trial 0 with value: 0.75.
[I 2025-05-26 03:26:50,510] Trial 2 finished with value: 0.75 and parameters: {'var_smoothing': 4.389936579400967e-09}. Best is trial 0 with value: 0.75.
[I 2025-05-26 03:26:50,525] Trial 3 finished with value: 0.75 and parameters: {'var_smoothing': 1.2116948204672054e-10}. Best is trial 0 with value: 0.75.
[I 2025-05-26 03:26:50,549] Trial 4 finished with value: 0.75 and parameters: {'var_smoothing': 1.6417739478477417e-10}. Best is trial 0 with value: 0.75.
[I 2025-05-26 03:26:50,563] Trial 5 finished with value: 0.75 and parameters: {'var_smoothing': 1.5491880147236797e-09}. Best is trial 0 with value: 0.75.
[I 2025-05-26 03:26:50,576] Trial 6 finished with value: 0.75 and parameters: {'var_smoothing': 1.1471883405287265e-09}. Best is trial 0 with value: 0.75.
[I 2025-05-26 03:26:50,600] Trial 7 finished with value: 0.75 and parameters: {'var_smoothing': 6.88041853492358e-10}. Best is trial 0 with value: 0.75.
[I 2025-05-26 03:26:50,614] Trial 8 finished with value: 0.75 and parameters: {'var_smoothing': 4.686144741221158e-10}. Best is trial 0 with value: 0.75.
[I 2025-05-26 03:26:50,627] Trial 9 finished with value: 0.75 and parameters: {'var_smoothing': 1.7580809350683337e-09}. Best is trial 0 with value: 0.75.
[I 2025-05-26 03:26:50,646] Trial 10 finished with value: 0.75 and parameters: {'var_smoothing': 9.83902635509218e-09}. Best is trial 0 with value: 0.75.
[I 2025-05-26 03:26:51,287] Trial 11 finished with value: 0.75 and parameters: {'var_smoothing': 2.660399871603373e-10}. Best is trial 0 with value: 0.75.
[I 2025-05-26 03:26:51,965] Trial 12 finished with value: 0.75 and parameters: {'var_smoothing': 9.276268851540963e-09}. Best is trial 0 with value: 0.75.
[I 2025-05-26 03:26:51,988] Trial 13 finished with value: 0.75 and parameters: {'var_smoothing': 2.9844010685221692e-09}. Best is trial 0 with value: 0.75.
[I 2025-05-26 03:26:52,776] Trial 14 finished with value: 0.75 and parameters: {'var_smoothing': 3.8923309717334116e-10}. Best is trial 0 with value: 0.75.
[I 2025-05-26 03:26:52,805] Trial 15 finished with value: 0.75 and parameters: {'var_smoothing': 3.85461066627204e-09}. Best is trial 0 with value: 0.75.
[I 2025-05-26 03:26:52,824] Trial 16 finished with value: 0.75 and parameters: {'var_smoothing': 7.120907275009211e-10}. Best is trial 0 with value: 0.75.
[I 2025-05-26 03:26:52,842] Trial 17 finished with value: 0.75 and parameters: {'var_smoothing': 2.412486610614855e-10}. Best is trial 0 with value: 0.75.
[I 2025-05-26 03:26:52,860] Trial 18 finished with value: 0.75 and parameters: {'var_smoothing': 2.3580860166954074e-09}. Best is trial 0 with value: 0.75.
[I 2025-05-26 03:26:53,493] Trial 19 finished with value: 0.75 and parameters: {'var_smoothing': 5.846846875339535e-09}. Best is trial 0 with value: 0.75.
[I 2025-05-26 03:26:56,082] A new study created in memory with name: knn
Parámetros guardados en checkpoint_adult_Dlatent_G/random/IPC_10/best_models_random_seed_6_space_original/naive_bayes_best_params.json


>>> Optuna tuning knn metodo random IPC 10 seed 6


[I 2025-05-26 03:26:58,551] Trial 0 finished with value: 0.8 and parameters: {'n_neighbors': 10, 'leaf_size': 26, 'p': 1}. Best is trial 0 with value: 0.8.
[I 2025-05-26 03:26:58,791] Trial 1 finished with value: 0.8 and parameters: {'n_neighbors': 3, 'leaf_size': 32, 'p': 1}. Best is trial 0 with value: 0.8.
[I 2025-05-26 03:26:58,848] Trial 2 finished with value: 0.85 and parameters: {'n_neighbors': 5, 'leaf_size': 33, 'p': 2}. Best is trial 2 with value: 0.85.
[I 2025-05-26 03:26:59,680] Trial 3 finished with value: 0.75 and parameters: {'n_neighbors': 7, 'leaf_size': 32, 'p': 2}. Best is trial 2 with value: 0.85.
[I 2025-05-26 03:26:59,766] Trial 4 finished with value: 0.8 and parameters: {'n_neighbors': 9, 'leaf_size': 28, 'p': 1}. Best is trial 2 with value: 0.85.
[I 2025-05-26 03:26:59,831] Trial 5 finished with value: 0.8 and parameters: {'n_neighbors': 3, 'leaf_size': 35, 'p': 1}. Best is trial 2 with value: 0.85.
[I 2025-05-26 03:26:59,896] Trial 6 finished with value: 0.65 and parameters: {'n_neighbors': 8, 'leaf_size': 31, 'p': 2}. Best is trial 2 with value: 0.85.
[I 2025-05-26 03:26:59,931] Trial 7 finished with value: 0.65 and parameters: {'n_neighbors': 6, 'leaf_size': 24, 'p': 2}. Best is trial 2 with value: 0.85.
[I 2025-05-26 03:27:00,007] Trial 8 finished with value: 0.85 and parameters: {'n_neighbors': 5, 'leaf_size': 34, 'p': 2}. Best is trial 2 with value: 0.85.
[I 2025-05-26 03:27:00,082] Trial 9 finished with value: 0.55 and parameters: {'n_neighbors': 10, 'leaf_size': 27, 'p': 2}. Best is trial 2 with value: 0.85.
[I 2025-05-26 03:27:00,179] Trial 10 finished with value: 0.85 and parameters: {'n_neighbors': 5, 'leaf_size': 40, 'p': 2}. Best is trial 2 with value: 0.85.
[I 2025-05-26 03:27:00,901] Trial 11 finished with value: 0.85 and parameters: {'n_neighbors': 5, 'leaf_size': 37, 'p': 2}. Best is trial 2 with value: 0.85.
[I 2025-05-26 03:27:01,572] Trial 12 finished with value: 0.85 and parameters: {'n_neighbors': 5, 'leaf_size': 35, 'p': 2}. Best is trial 2 with value: 0.85.
[I 2025-05-26 03:27:01,597] Trial 13 finished with value: 0.75 and parameters: {'n_neighbors': 4, 'leaf_size': 21, 'p': 2}. Best is trial 2 with value: 0.85.
[I 2025-05-26 03:27:02,326] Trial 14 finished with value: 0.75 and parameters: {'n_neighbors': 7, 'leaf_size': 35, 'p': 2}. Best is trial 2 with value: 0.85.
[I 2025-05-26 03:27:02,352] Trial 15 finished with value: 0.65 and parameters: {'n_neighbors': 6, 'leaf_size': 39, 'p': 2}. Best is trial 2 with value: 0.85.
[I 2025-05-26 03:27:03,088] Trial 16 finished with value: 0.75 and parameters: {'n_neighbors': 4, 'leaf_size': 30, 'p': 2}. Best is trial 2 with value: 0.85.
[I 2025-05-26 03:27:03,115] Trial 17 finished with value: 0.75 and parameters: {'n_neighbors': 4, 'leaf_size': 33, 'p': 2}. Best is trial 2 with value: 0.85.
[I 2025-05-26 03:27:03,182] Trial 18 finished with value: 0.8 and parameters: {'n_neighbors': 6, 'leaf_size': 37, 'p': 1}. Best is trial 2 with value: 0.85.
[I 2025-05-26 03:27:03,217] Trial 19 finished with value: 0.65 and parameters: {'n_neighbors': 8, 'leaf_size': 29, 'p': 2}. Best is trial 2 with value: 0.85.
[I 2025-05-26 03:27:06,130] A new study created in memory with name: xgb
Parámetros guardados en checkpoint_adult_Dlatent_G/random/IPC_10/best_models_random_seed_6_space_original/knn_best_params.json
--- Iniciando reconstrucción de datos ---
Objetos de preprocesamiento cargados.
Pasando datos latentes a través del decoder...
Detectado token CLS en el espacio latente, eliminándolo para el decoder.
Reconstrucción completada. Invirtiendo transformaciones...
Normalización numérica invertida.
Codificación de la variable objetivo invertida.
Codificación categórica invertida.
--- Reconstrucción finalizada ---
Combinando en un DataFrame de Pandas.


>>> Optuna tuning xgb metodo k-means IPC 10 seed 6


/data/home/rtabares/anaconda3/envs/pyth3.12/lib/python3.12/site-packages/xgboost/core.py:377: FutureWarning: Your system has an old version of glibc (< 2.28). We will stop supporting Linux distros with glibc older than 2.28 after **May 31, 2025**. Please upgrade to a recent Linux distro (with glibc >= 2.28) to use future versions of XGBoost.
Note: You have installed the 'manylinux2014' variant of XGBoost. Certain features such as GPU algorithms or federated learning are not available. To use these features, please upgrade to a recent Linux distro with glibc 2.28+, and install the 'manylinux_2_28' variant.
  warnings.warn(
/data/home/rtabares/anaconda3/envs/pyth3.12/lib/python3.12/site-packages/xgboost/core.py:377: FutureWarning: Your system has an old version of glibc (< 2.28). We will stop supporting Linux distros with glibc older than 2.28 after **May 31, 2025**. Please upgrade to a recent Linux distro (with glibc >= 2.28) to use future versions of XGBoost.
Note: You have installed the 'manylinux2014' variant of XGBoost. Certain features such as GPU algorithms or federated learning are not available. To use these features, please upgrade to a recent Linux distro with glibc 2.28+, and install the 'manylinux_2_28' variant.
  warnings.warn(
[I 2025-05-26 03:27:08,940] Trial 0 finished with value: 0.85 and parameters: {'n_estimators': 10, 'max_depth': 30, 'gamma': 0.5768356259735394, 'subsample': 0.7094037142783272, 'colsample_bytree': 0.6677039246366646}. Best is trial 0 with value: 0.85.
/data/home/rtabares/anaconda3/envs/pyth3.12/lib/python3.12/site-packages/xgboost/core.py:377: FutureWarning: Your system has an old version of glibc (< 2.28). We will stop supporting Linux distros with glibc older than 2.28 after **May 31, 2025**. Please upgrade to a recent Linux distro (with glibc >= 2.28) to use future versions of XGBoost.
Note: You have installed the 'manylinux2014' variant of XGBoost. Certain features such as GPU algorithms or federated learning are not available. To use these features, please upgrade to a recent Linux distro with glibc 2.28+, and install the 'manylinux_2_28' variant.
  warnings.warn(
/data/home/rtabares/anaconda3/envs/pyth3.12/lib/python3.12/site-packages/xgboost/core.py:377: FutureWarning: Your system has an old version of glibc (< 2.28). We will stop supporting Linux distros with glibc older than 2.28 after **May 31, 2025**. Please upgrade to a recent Linux distro (with glibc >= 2.28) to use future versions of XGBoost.
Note: You have installed the 'manylinux2014' variant of XGBoost. Certain features such as GPU algorithms or federated learning are not available. To use these features, please upgrade to a recent Linux distro with glibc 2.28+, and install the 'manylinux_2_28' variant.
  warnings.warn(
[I 2025-05-26 03:27:09,290] Trial 1 finished with value: 0.85 and parameters: {'n_estimators': 100, 'max_depth': 30, 'gamma': 0.9912018442360747, 'subsample': 0.9099290984609207, 'colsample_bytree': 0.7066004674080903}. Best is trial 0 with value: 0.85.
/data/home/rtabares/anaconda3/envs/pyth3.12/lib/python3.12/site-packages/xgboost/core.py:377: FutureWarning: Your system has an old version of glibc (< 2.28). We will stop supporting Linux distros with glibc older than 2.28 after **May 31, 2025**. Please upgrade to a recent Linux distro (with glibc >= 2.28) to use future versions of XGBoost.
Note: You have installed the 'manylinux2014' variant of XGBoost. Certain features such as GPU algorithms or federated learning are not available. To use these features, please upgrade to a recent Linux distro with glibc 2.28+, and install the 'manylinux_2_28' variant.
  warnings.warn(
/data/home/rtabares/anaconda3/envs/pyth3.12/lib/python3.12/site-packages/xgboost/core.py:377: FutureWarning: Your system has an old version of glibc (< 2.28). We will stop supporting Linux distros with glibc older than 2.28 after **May 31, 2025**. Please upgrade to a recent Linux distro (with glibc >= 2.28) to use future versions of XGBoost.
Note: You have installed the 'manylinux2014' variant of XGBoost. Certain features such as GPU algorithms or federated learning are not available. To use these features, please upgrade to a recent Linux distro with glibc 2.28+, and install the 'manylinux_2_28' variant.
  warnings.warn(
/data/home/rtabares/anaconda3/envs/pyth3.12/lib/python3.12/site-packages/xgboost/core.py:377: FutureWarning: Your system has an old version of glibc (< 2.28). We will stop supporting Linux distros with glibc older than 2.28 after **May 31, 2025**. Please upgrade to a recent Linux distro (with glibc >= 2.28) to use future versions of XGBoost.
Note: You have installed the 'manylinux2014' variant of XGBoost. Certain features such as GPU algorithms or federated learning are not available. To use these features, please upgrade to a recent Linux distro with glibc 2.28+, and install the 'manylinux_2_28' variant.
  warnings.warn(
[I 2025-05-26 03:27:09,340] Trial 2 finished with value: 0.75 and parameters: {'n_estimators': 10, 'max_depth': 20, 'gamma': 0.7382185757030506, 'subsample': 0.7704684271512641, 'colsample_bytree': 0.5624120871903049}. Best is trial 0 with value: 0.85.
/data/home/rtabares/anaconda3/envs/pyth3.12/lib/python3.12/site-packages/xgboost/core.py:377: FutureWarning: Your system has an old version of glibc (< 2.28). We will stop supporting Linux distros with glibc older than 2.28 after **May 31, 2025**. Please upgrade to a recent Linux distro (with glibc >= 2.28) to use future versions of XGBoost.
Note: You have installed the 'manylinux2014' variant of XGBoost. Certain features such as GPU algorithms or federated learning are not available. To use these features, please upgrade to a recent Linux distro with glibc 2.28+, and install the 'manylinux_2_28' variant.
  warnings.warn(
/data/home/rtabares/anaconda3/envs/pyth3.12/lib/python3.12/site-packages/xgboost/core.py:377: FutureWarning: Your system has an old version of glibc (< 2.28). We will stop supporting Linux distros with glibc older than 2.28 after **May 31, 2025**. Please upgrade to a recent Linux distro (with glibc >= 2.28) to use future versions of XGBoost.
Note: You have installed the 'manylinux2014' variant of XGBoost. Certain features such as GPU algorithms or federated learning are not available. To use these features, please upgrade to a recent Linux distro with glibc 2.28+, and install the 'manylinux_2_28' variant.
  warnings.warn(
[I 2025-05-26 03:27:09,378] Trial 3 finished with value: 0.85 and parameters: {'n_estimators': 10, 'max_depth': 20, 'gamma': 0.7041784887453524, 'subsample': 0.7995029565695583, 'colsample_bytree': 0.8586660727777565}. Best is trial 0 with value: 0.85.
/data/home/rtabares/anaconda3/envs/pyth3.12/lib/python3.12/site-packages/xgboost/core.py:377: FutureWarning: Your system has an old version of glibc (< 2.28). We will stop supporting Linux distros with glibc older than 2.28 after **May 31, 2025**. Please upgrade to a recent Linux distro (with glibc >= 2.28) to use future versions of XGBoost.
Note: You have installed the 'manylinux2014' variant of XGBoost. Certain features such as GPU algorithms or federated learning are not available. To use these features, please upgrade to a recent Linux distro with glibc 2.28+, and install the 'manylinux_2_28' variant.
  warnings.warn(
/data/home/rtabares/anaconda3/envs/pyth3.12/lib/python3.12/site-packages/xgboost/core.py:377: FutureWarning: Your system has an old version of glibc (< 2.28). We will stop supporting Linux distros with glibc older than 2.28 after **May 31, 2025**. Please upgrade to a recent Linux distro (with glibc >= 2.28) to use future versions of XGBoost.
Note: You have installed the 'manylinux2014' variant of XGBoost. Certain features such as GPU algorithms or federated learning are not available. To use these features, please upgrade to a recent Linux distro with glibc 2.28+, and install the 'manylinux_2_28' variant.
  warnings.warn(
/data/home/rtabares/anaconda3/envs/pyth3.12/lib/python3.12/site-packages/xgboost/core.py:377: FutureWarning: Your system has an old version of glibc (< 2.28). We will stop supporting Linux distros with glibc older than 2.28 after **May 31, 2025**. Please upgrade to a recent Linux distro (with glibc >= 2.28) to use future versions of XGBoost.
Note: You have installed the 'manylinux2014' variant of XGBoost. Certain features such as GPU algorithms or federated learning are not available. To use these features, please upgrade to a recent Linux distro with glibc 2.28+, and install the 'manylinux_2_28' variant.
  warnings.warn(
