[I 2025-05-26 03:32:18,864] Trial 11 finished with value: 0.4 and parameters: {'hidden_layer_sizes': (100, 100), 'max_iter': 100, 'alpha': 0.001}. Best is trial 1 with value: 0.45.
/data/home/rtabares/anaconda3/envs/pyth3.12/lib/python3.12/site-packages/sklearn/neural_network/_multilayer_perceptron.py:691: ConvergenceWarning: Stochastic Optimizer: Maximum iterations (100) reached and the optimization hasn't converged yet.
  warnings.warn(
/data/home/rtabares/anaconda3/envs/pyth3.12/lib/python3.12/site-packages/sklearn/neural_network/_multilayer_perceptron.py:691: ConvergenceWarning: Stochastic Optimizer: Maximum iterations (100) reached and the optimization hasn't converged yet.
  warnings.warn(
/data/home/rtabares/anaconda3/envs/pyth3.12/lib/python3.12/site-packages/sklearn/neural_network/_multilayer_perceptron.py:691: ConvergenceWarning: Stochastic Optimizer: Maximum iterations (100) reached and the optimization hasn't converged yet.
  warnings.warn(
/data/home/rtabares/anaconda3/envs/pyth3.12/lib/python3.12/site-packages/sklearn/neural_network/_multilayer_perceptron.py:691: ConvergenceWarning: Stochastic Optimizer: Maximum iterations (100) reached and the optimization hasn't converged yet.
  warnings.warn(
/data/home/rtabares/anaconda3/envs/pyth3.12/lib/python3.12/site-packages/sklearn/neural_network/_multilayer_perceptron.py:691: ConvergenceWarning: Stochastic Optimizer: Maximum iterations (100) reached and the optimization hasn't converged yet.
  warnings.warn(
[I 2025-05-26 03:32:19,021] Trial 12 finished with value: 0.4 and parameters: {'hidden_layer_sizes': (200,), 'max_iter': 100, 'alpha': 0.001}. Best is trial 1 with value: 0.45.
/data/home/rtabares/anaconda3/envs/pyth3.12/lib/python3.12/site-packages/sklearn/neural_network/_multilayer_perceptron.py:691: ConvergenceWarning: Stochastic Optimizer: Maximum iterations (100) reached and the optimization hasn't converged yet.
  warnings.warn(
/data/home/rtabares/anaconda3/envs/pyth3.12/lib/python3.12/site-packages/sklearn/neural_network/_multilayer_perceptron.py:691: ConvergenceWarning: Stochastic Optimizer: Maximum iterations (100) reached and the optimization hasn't converged yet.
  warnings.warn(
/data/home/rtabares/anaconda3/envs/pyth3.12/lib/python3.12/site-packages/sklearn/neural_network/_multilayer_perceptron.py:691: ConvergenceWarning: Stochastic Optimizer: Maximum iterations (100) reached and the optimization hasn't converged yet.
  warnings.warn(
/data/home/rtabares/anaconda3/envs/pyth3.12/lib/python3.12/site-packages/sklearn/neural_network/_multilayer_perceptron.py:691: ConvergenceWarning: Stochastic Optimizer: Maximum iterations (100) reached and the optimization hasn't converged yet.
  warnings.warn(
/data/home/rtabares/anaconda3/envs/pyth3.12/lib/python3.12/site-packages/sklearn/neural_network/_multilayer_perceptron.py:691: ConvergenceWarning: Stochastic Optimizer: Maximum iterations (100) reached and the optimization hasn't converged yet.
  warnings.warn(
[I 2025-05-26 03:32:20,425] Trial 13 finished with value: 0.45 and parameters: {'hidden_layer_sizes': (100, 100), 'max_iter': 100, 'alpha': 0.0001}. Best is trial 1 with value: 0.45.
/data/home/rtabares/anaconda3/envs/pyth3.12/lib/python3.12/site-packages/sklearn/neural_network/_multilayer_perceptron.py:691: ConvergenceWarning: Stochastic Optimizer: Maximum iterations (50) reached and the optimization hasn't converged yet.
  warnings.warn(
/data/home/rtabares/anaconda3/envs/pyth3.12/lib/python3.12/site-packages/sklearn/neural_network/_multilayer_perceptron.py:691: ConvergenceWarning: Stochastic Optimizer: Maximum iterations (50) reached and the optimization hasn't converged yet.
  warnings.warn(
/data/home/rtabares/anaconda3/envs/pyth3.12/lib/python3.12/site-packages/sklearn/neural_network/_multilayer_perceptron.py:691: ConvergenceWarning: Stochastic Optimizer: Maximum iterations (50) reached and the optimization hasn't converged yet.
  warnings.warn(
/data/home/rtabares/anaconda3/envs/pyth3.12/lib/python3.12/site-packages/sklearn/neural_network/_multilayer_perceptron.py:691: ConvergenceWarning: Stochastic Optimizer: Maximum iterations (50) reached and the optimization hasn't converged yet.
  warnings.warn(
[I 2025-05-26 03:32:20,483] Trial 14 finished with value: 0.4 and parameters: {'hidden_layer_sizes': (100,), 'max_iter': 50, 'alpha': 0.0001}. Best is trial 1 with value: 0.45.
/data/home/rtabares/anaconda3/envs/pyth3.12/lib/python3.12/site-packages/sklearn/neural_network/_multilayer_perceptron.py:691: ConvergenceWarning: Stochastic Optimizer: Maximum iterations (100) reached and the optimization hasn't converged yet.
  warnings.warn(
/data/home/rtabares/anaconda3/envs/pyth3.12/lib/python3.12/site-packages/sklearn/neural_network/_multilayer_perceptron.py:691: ConvergenceWarning: Stochastic Optimizer: Maximum iterations (100) reached and the optimization hasn't converged yet.
  warnings.warn(
/data/home/rtabares/anaconda3/envs/pyth3.12/lib/python3.12/site-packages/sklearn/neural_network/_multilayer_perceptron.py:691: ConvergenceWarning: Stochastic Optimizer: Maximum iterations (100) reached and the optimization hasn't converged yet.
  warnings.warn(
/data/home/rtabares/anaconda3/envs/pyth3.12/lib/python3.12/site-packages/sklearn/neural_network/_multilayer_perceptron.py:691: ConvergenceWarning: Stochastic Optimizer: Maximum iterations (100) reached and the optimization hasn't converged yet.
  warnings.warn(
/data/home/rtabares/anaconda3/envs/pyth3.12/lib/python3.12/site-packages/sklearn/neural_network/_multilayer_perceptron.py:691: ConvergenceWarning: Stochastic Optimizer: Maximum iterations (100) reached and the optimization hasn't converged yet.
  warnings.warn(
[I 2025-05-26 03:32:21,216] Trial 15 finished with value: 0.4 and parameters: {'hidden_layer_sizes': (200,), 'max_iter': 100, 'alpha': 0.001}. Best is trial 1 with value: 0.45.
/data/home/rtabares/anaconda3/envs/pyth3.12/lib/python3.12/site-packages/sklearn/neural_network/_multilayer_perceptron.py:691: ConvergenceWarning: Stochastic Optimizer: Maximum iterations (100) reached and the optimization hasn't converged yet.
  warnings.warn(
/data/home/rtabares/anaconda3/envs/pyth3.12/lib/python3.12/site-packages/sklearn/neural_network/_multilayer_perceptron.py:691: ConvergenceWarning: Stochastic Optimizer: Maximum iterations (100) reached and the optimization hasn't converged yet.
  warnings.warn(
/data/home/rtabares/anaconda3/envs/pyth3.12/lib/python3.12/site-packages/sklearn/neural_network/_multilayer_perceptron.py:691: ConvergenceWarning: Stochastic Optimizer: Maximum iterations (100) reached and the optimization hasn't converged yet.
  warnings.warn(
/data/home/rtabares/anaconda3/envs/pyth3.12/lib/python3.12/site-packages/sklearn/neural_network/_multilayer_perceptron.py:691: ConvergenceWarning: Stochastic Optimizer: Maximum iterations (100) reached and the optimization hasn't converged yet.
  warnings.warn(
/data/home/rtabares/anaconda3/envs/pyth3.12/lib/python3.12/site-packages/sklearn/neural_network/_multilayer_perceptron.py:691: ConvergenceWarning: Stochastic Optimizer: Maximum iterations (100) reached and the optimization hasn't converged yet.
  warnings.warn(
[I 2025-05-26 03:32:21,960] Trial 16 finished with value: 0.35 and parameters: {'hidden_layer_sizes': (100, 100), 'max_iter': 100, 'alpha': 0.001}. Best is trial 1 with value: 0.45.
/data/home/rtabares/anaconda3/envs/pyth3.12/lib/python3.12/site-packages/sklearn/neural_network/_multilayer_perceptron.py:691: ConvergenceWarning: Stochastic Optimizer: Maximum iterations (100) reached and the optimization hasn't converged yet.
  warnings.warn(
/data/home/rtabares/anaconda3/envs/pyth3.12/lib/python3.12/site-packages/sklearn/neural_network/_multilayer_perceptron.py:691: ConvergenceWarning: Stochastic Optimizer: Maximum iterations (100) reached and the optimization hasn't converged yet.
  warnings.warn(
/data/home/rtabares/anaconda3/envs/pyth3.12/lib/python3.12/site-packages/sklearn/neural_network/_multilayer_perceptron.py:691: ConvergenceWarning: Stochastic Optimizer: Maximum iterations (100) reached and the optimization hasn't converged yet.
  warnings.warn(
/data/home/rtabares/anaconda3/envs/pyth3.12/lib/python3.12/site-packages/sklearn/neural_network/_multilayer_perceptron.py:691: ConvergenceWarning: Stochastic Optimizer: Maximum iterations (100) reached and the optimization hasn't converged yet.
  warnings.warn(
/data/home/rtabares/anaconda3/envs/pyth3.12/lib/python3.12/site-packages/sklearn/neural_network/_multilayer_perceptron.py:691: ConvergenceWarning: Stochastic Optimizer: Maximum iterations (100) reached and the optimization hasn't converged yet.
  warnings.warn(
[I 2025-05-26 03:32:22,048] Trial 17 finished with value: 0.4 and parameters: {'hidden_layer_sizes': (100, 100), 'max_iter': 100, 'alpha': 0.0001}. Best is trial 1 with value: 0.45.
/data/home/rtabares/anaconda3/envs/pyth3.12/lib/python3.12/site-packages/sklearn/neural_network/_multilayer_perceptron.py:691: ConvergenceWarning: Stochastic Optimizer: Maximum iterations (50) reached and the optimization hasn't converged yet.
  warnings.warn(
/data/home/rtabares/anaconda3/envs/pyth3.12/lib/python3.12/site-packages/sklearn/neural_network/_multilayer_perceptron.py:691: ConvergenceWarning: Stochastic Optimizer: Maximum iterations (50) reached and the optimization hasn't converged yet.
  warnings.warn(
/data/home/rtabares/anaconda3/envs/pyth3.12/lib/python3.12/site-packages/sklearn/neural_network/_multilayer_perceptron.py:691: ConvergenceWarning: Stochastic Optimizer: Maximum iterations (50) reached and the optimization hasn't converged yet.
  warnings.warn(
/data/home/rtabares/anaconda3/envs/pyth3.12/lib/python3.12/site-packages/sklearn/neural_network/_multilayer_perceptron.py:691: ConvergenceWarning: Stochastic Optimizer: Maximum iterations (50) reached and the optimization hasn't converged yet.
  warnings.warn(
[I 2025-05-26 03:32:22,120] Trial 18 finished with value: 0.45 and parameters: {'hidden_layer_sizes': (200,), 'max_iter': 50, 'alpha': 0.0001}. Best is trial 1 with value: 0.45.
/data/home/rtabares/anaconda3/envs/pyth3.12/lib/python3.12/site-packages/sklearn/neural_network/_multilayer_perceptron.py:691: ConvergenceWarning: Stochastic Optimizer: Maximum iterations (100) reached and the optimization hasn't converged yet.
  warnings.warn(
/data/home/rtabares/anaconda3/envs/pyth3.12/lib/python3.12/site-packages/sklearn/neural_network/_multilayer_perceptron.py:691: ConvergenceWarning: Stochastic Optimizer: Maximum iterations (100) reached and the optimization hasn't converged yet.
  warnings.warn(
/data/home/rtabares/anaconda3/envs/pyth3.12/lib/python3.12/site-packages/sklearn/neural_network/_multilayer_perceptron.py:691: ConvergenceWarning: Stochastic Optimizer: Maximum iterations (100) reached and the optimization hasn't converged yet.
  warnings.warn(
/data/home/rtabares/anaconda3/envs/pyth3.12/lib/python3.12/site-packages/sklearn/neural_network/_multilayer_perceptron.py:691: ConvergenceWarning: Stochastic Optimizer: Maximum iterations (100) reached and the optimization hasn't converged yet.
  warnings.warn(
[I 2025-05-26 03:32:22,190] Trial 19 finished with value: 0.35 and parameters: {'hidden_layer_sizes': (100,), 'max_iter': 100, 'alpha': 0.001}. Best is trial 1 with value: 0.45.
/data/home/rtabares/anaconda3/envs/pyth3.12/lib/python3.12/site-packages/xgboost/core.py:377: FutureWarning: Your system has an old version of glibc (< 2.28). We will stop supporting Linux distros with glibc older than 2.28 after **May 31, 2025**. Please upgrade to a recent Linux distro (with glibc >= 2.28) to use future versions of XGBoost.
Note: You have installed the 'manylinux2014' variant of XGBoost. Certain features such as GPU algorithms or federated learning are not available. To use these features, please upgrade to a recent Linux distro with glibc 2.28+, and install the 'manylinux_2_28' variant.
  warnings.warn(
[I 2025-05-26 03:32:27,638] A new study created in memory with name: naive_bayes
Parámetros guardados en checkpoint_default_Dlatent_ft_H/ag/IPC_10/best_models_ag_seed_6_space_latent/mlp_best_params.json


>>> Optuna tuning naive_bayes metodo ag IPC 10 seed 6


[I 2025-05-26 03:32:29,694] Trial 0 finished with value: 0.4 and parameters: {'var_smoothing': 6.10548688762798e-09}. Best is trial 0 with value: 0.4.
[I 2025-05-26 03:32:29,939] Trial 1 finished with value: 0.4 and parameters: {'var_smoothing': 4.6127467400935034e-10}. Best is trial 0 with value: 0.4.
[I 2025-05-26 03:32:29,967] Trial 2 finished with value: 0.4 and parameters: {'var_smoothing': 4.389936579400967e-09}. Best is trial 0 with value: 0.4.
[I 2025-05-26 03:32:29,992] Trial 3 finished with value: 0.4 and parameters: {'var_smoothing': 1.2116948204672054e-10}. Best is trial 0 with value: 0.4.
[I 2025-05-26 03:32:30,016] Trial 4 finished with value: 0.4 and parameters: {'var_smoothing': 1.6417739478477417e-10}. Best is trial 0 with value: 0.4.
[I 2025-05-26 03:32:30,030] Trial 5 finished with value: 0.4 and parameters: {'var_smoothing': 1.5491880147236797e-09}. Best is trial 0 with value: 0.4.
[I 2025-05-26 03:32:30,053] Trial 6 finished with value: 0.4 and parameters: {'var_smoothing': 1.1471883405287265e-09}. Best is trial 0 with value: 0.4.
[I 2025-05-26 03:32:30,077] Trial 7 finished with value: 0.4 and parameters: {'var_smoothing': 6.88041853492358e-10}. Best is trial 0 with value: 0.4.
[I 2025-05-26 03:32:30,102] Trial 8 finished with value: 0.4 and parameters: {'var_smoothing': 4.686144741221158e-10}. Best is trial 0 with value: 0.4.
[I 2025-05-26 03:32:30,126] Trial 9 finished with value: 0.4 and parameters: {'var_smoothing': 1.7580809350683337e-09}. Best is trial 0 with value: 0.4.
[I 2025-05-26 03:32:30,157] Trial 10 finished with value: 0.4 and parameters: {'var_smoothing': 9.83902635509218e-09}. Best is trial 0 with value: 0.4.
[I 2025-05-26 03:32:30,785] Trial 11 finished with value: 0.4 and parameters: {'var_smoothing': 2.660399871603373e-10}. Best is trial 0 with value: 0.4.
[I 2025-05-26 03:32:31,451] Trial 12 finished with value: 0.4 and parameters: {'var_smoothing': 9.276268851540963e-09}. Best is trial 0 with value: 0.4.
[I 2025-05-26 03:32:31,471] Trial 13 finished with value: 0.4 and parameters: {'var_smoothing': 2.9844010685221692e-09}. Best is trial 0 with value: 0.4.
[I 2025-05-26 03:32:31,491] Trial 14 finished with value: 0.4 and parameters: {'var_smoothing': 3.8923309717334116e-10}. Best is trial 0 with value: 0.4.
[I 2025-05-26 03:32:31,510] Trial 15 finished with value: 0.4 and parameters: {'var_smoothing': 3.85461066627204e-09}. Best is trial 0 with value: 0.4.
[I 2025-05-26 03:32:31,527] Trial 16 finished with value: 0.4 and parameters: {'var_smoothing': 7.120907275009211e-10}. Best is trial 0 with value: 0.4.
[I 2025-05-26 03:32:31,543] Trial 17 finished with value: 0.4 and parameters: {'var_smoothing': 2.412486610614855e-10}. Best is trial 0 with value: 0.4.
[I 2025-05-26 03:32:32,216] Trial 18 finished with value: 0.4 and parameters: {'var_smoothing': 2.3580860166954074e-09}. Best is trial 0 with value: 0.4.
[I 2025-05-26 03:32:32,237] Trial 19 finished with value: 0.4 and parameters: {'var_smoothing': 5.846846875339535e-09}. Best is trial 0 with value: 0.4.
/data/home/rtabares/anaconda3/envs/pyth3.12/lib/python3.12/site-packages/xgboost/core.py:377: FutureWarning: Your system has an old version of glibc (< 2.28). We will stop supporting Linux distros with glibc older than 2.28 after **May 31, 2025**. Please upgrade to a recent Linux distro (with glibc >= 2.28) to use future versions of XGBoost.
Note: You have installed the 'manylinux2014' variant of XGBoost. Certain features such as GPU algorithms or federated learning are not available. To use these features, please upgrade to a recent Linux distro with glibc 2.28+, and install the 'manylinux_2_28' variant.
  warnings.warn(
[I 2025-05-26 03:32:34,789] A new study created in memory with name: knn
Parámetros guardados en checkpoint_default_Dlatent_ft_H/ag/IPC_10/best_models_ag_seed_6_space_latent/naive_bayes_best_params.json


>>> Optuna tuning knn metodo ag IPC 10 seed 6


[I 2025-05-26 03:32:37,475] Trial 0 finished with value: 0.5 and parameters: {'n_neighbors': 10, 'leaf_size': 26, 'p': 1}. Best is trial 0 with value: 0.5.
[I 2025-05-26 03:32:38,519] Trial 1 finished with value: 0.55 and parameters: {'n_neighbors': 3, 'leaf_size': 32, 'p': 1}. Best is trial 1 with value: 0.55.
[I 2025-05-26 03:32:38,576] Trial 2 finished with value: 0.6 and parameters: {'n_neighbors': 5, 'leaf_size': 33, 'p': 2}. Best is trial 2 with value: 0.6.
[I 2025-05-26 03:32:38,633] Trial 3 finished with value: 0.55 and parameters: {'n_neighbors': 7, 'leaf_size': 32, 'p': 2}. Best is trial 2 with value: 0.6.
[I 2025-05-26 03:32:38,709] Trial 4 finished with value: 0.5 and parameters: {'n_neighbors': 9, 'leaf_size': 28, 'p': 1}. Best is trial 2 with value: 0.6.
[I 2025-05-26 03:32:38,765] Trial 5 finished with value: 0.55 and parameters: {'n_neighbors': 3, 'leaf_size': 35, 'p': 1}. Best is trial 2 with value: 0.6.
[I 2025-05-26 03:32:38,831] Trial 6 finished with value: 0.6 and parameters: {'n_neighbors': 8, 'leaf_size': 31, 'p': 2}. Best is trial 2 with value: 0.6.
[I 2025-05-26 03:32:38,927] Trial 7 finished with value: 0.6 and parameters: {'n_neighbors': 6, 'leaf_size': 24, 'p': 2}. Best is trial 2 with value: 0.6.
[I 2025-05-26 03:32:39,013] Trial 8 finished with value: 0.6 and parameters: {'n_neighbors': 5, 'leaf_size': 34, 'p': 2}. Best is trial 2 with value: 0.6.
[I 2025-05-26 03:32:39,079] Trial 9 finished with value: 0.6 and parameters: {'n_neighbors': 10, 'leaf_size': 27, 'p': 2}. Best is trial 2 with value: 0.6.
[I 2025-05-26 03:32:39,162] Trial 10 finished with value: 0.6 and parameters: {'n_neighbors': 5, 'leaf_size': 40, 'p': 2}. Best is trial 2 with value: 0.6.
[I 2025-05-26 03:32:39,885] Trial 11 finished with value: 0.6 and parameters: {'n_neighbors': 8, 'leaf_size': 37, 'p': 2}. Best is trial 2 with value: 0.6.
[I 2025-05-26 03:32:40,586] Trial 12 finished with value: 0.55 and parameters: {'n_neighbors': 7, 'leaf_size': 21, 'p': 2}. Best is trial 2 with value: 0.6.
[I 2025-05-26 03:32:41,319] Trial 13 finished with value: 0.6 and parameters: {'n_neighbors': 5, 'leaf_size': 31, 'p': 2}. Best is trial 2 with value: 0.6.
[I 2025-05-26 03:32:42,005] Trial 14 finished with value: 0.6 and parameters: {'n_neighbors': 8, 'leaf_size': 37, 'p': 2}. Best is trial 2 with value: 0.6.
[I 2025-05-26 03:32:42,029] Trial 15 finished with value: 0.6 and parameters: {'n_neighbors': 4, 'leaf_size': 28, 'p': 2}. Best is trial 2 with value: 0.6.
[I 2025-05-26 03:32:42,054] Trial 16 finished with value: 0.6 and parameters: {'n_neighbors': 6, 'leaf_size': 30, 'p': 2}. Best is trial 2 with value: 0.6.
[I 2025-05-26 03:32:42,079] Trial 17 finished with value: 0.6 and parameters: {'n_neighbors': 8, 'leaf_size': 34, 'p': 2}. Best is trial 2 with value: 0.6.
[I 2025-05-26 03:32:42,106] Trial 18 finished with value: 0.65 and parameters: {'n_neighbors': 4, 'leaf_size': 40, 'p': 1}. Best is trial 18 with value: 0.65.
