[I 2025-05-26 03:13:11,904] Trial 9 finished with value: 0.85 and parameters: {'n_estimators': 40, 'max_depth': 30, 'gamma': 0.9649927737686168, 'subsample': 0.6857563076640036, 'colsample_bytree': 0.5061847058001788}. Best is trial 1 with value: 0.85.
/data/home/rtabares/anaconda3/envs/pyth3.12/lib/python3.12/site-packages/xgboost/core.py:377: FutureWarning: Your system has an old version of glibc (< 2.28). We will stop supporting Linux distros with glibc older than 2.28 after **May 31, 2025**. Please upgrade to a recent Linux distro (with glibc >= 2.28) to use future versions of XGBoost.
Note: You have installed the 'manylinux2014' variant of XGBoost. Certain features such as GPU algorithms or federated learning are not available. To use these features, please upgrade to a recent Linux distro with glibc 2.28+, and install the 'manylinux_2_28' variant.
  warnings.warn(
/data/home/rtabares/anaconda3/envs/pyth3.12/lib/python3.12/site-packages/xgboost/core.py:377: FutureWarning: Your system has an old version of glibc (< 2.28). We will stop supporting Linux distros with glibc older than 2.28 after **May 31, 2025**. Please upgrade to a recent Linux distro (with glibc >= 2.28) to use future versions of XGBoost.
Note: You have installed the 'manylinux2014' variant of XGBoost. Certain features such as GPU algorithms or federated learning are not available. To use these features, please upgrade to a recent Linux distro with glibc 2.28+, and install the 'manylinux_2_28' variant.
  warnings.warn(
/data/home/rtabares/anaconda3/envs/pyth3.12/lib/python3.12/site-packages/xgboost/core.py:377: FutureWarning: Your system has an old version of glibc (< 2.28). We will stop supporting Linux distros with glibc older than 2.28 after **May 31, 2025**. Please upgrade to a recent Linux distro (with glibc >= 2.28) to use future versions of XGBoost.
Note: You have installed the 'manylinux2014' variant of XGBoost. Certain features such as GPU algorithms or federated learning are not available. To use these features, please upgrade to a recent Linux distro with glibc 2.28+, and install the 'manylinux_2_28' variant.
  warnings.warn(
[I 2025-05-26 03:13:11,982] Trial 10 finished with value: 0.85 and parameters: {'n_estimators': 100, 'max_depth': 30, 'gamma': 0.14652420766939808, 'subsample': 0.7882149445367822, 'colsample_bytree': 0.774073623852926}. Best is trial 1 with value: 0.85.
/data/home/rtabares/anaconda3/envs/pyth3.12/lib/python3.12/site-packages/xgboost/core.py:377: FutureWarning: Your system has an old version of glibc (< 2.28). We will stop supporting Linux distros with glibc older than 2.28 after **May 31, 2025**. Please upgrade to a recent Linux distro (with glibc >= 2.28) to use future versions of XGBoost.
Note: You have installed the 'manylinux2014' variant of XGBoost. Certain features such as GPU algorithms or federated learning are not available. To use these features, please upgrade to a recent Linux distro with glibc 2.28+, and install the 'manylinux_2_28' variant.
  warnings.warn(
/data/home/rtabares/anaconda3/envs/pyth3.12/lib/python3.12/site-packages/xgboost/core.py:377: FutureWarning: Your system has an old version of glibc (< 2.28). We will stop supporting Linux distros with glibc older than 2.28 after **May 31, 2025**. Please upgrade to a recent Linux distro (with glibc >= 2.28) to use future versions of XGBoost.
Note: You have installed the 'manylinux2014' variant of XGBoost. Certain features such as GPU algorithms or federated learning are not available. To use these features, please upgrade to a recent Linux distro with glibc 2.28+, and install the 'manylinux_2_28' variant.
  warnings.warn(
[I 2025-05-26 03:13:12,669] Trial 11 finished with value: 0.85 and parameters: {'n_estimators': 100, 'max_depth': 5, 'gamma': 0.3599371982830902, 'subsample': 0.8474986553720296, 'colsample_bytree': 0.6815498556783907}. Best is trial 1 with value: 0.85.
/data/home/rtabares/anaconda3/envs/pyth3.12/lib/python3.12/site-packages/xgboost/core.py:377: FutureWarning: Your system has an old version of glibc (< 2.28). We will stop supporting Linux distros with glibc older than 2.28 after **May 31, 2025**. Please upgrade to a recent Linux distro (with glibc >= 2.28) to use future versions of XGBoost.
Note: You have installed the 'manylinux2014' variant of XGBoost. Certain features such as GPU algorithms or federated learning are not available. To use these features, please upgrade to a recent Linux distro with glibc 2.28+, and install the 'manylinux_2_28' variant.
  warnings.warn(
/data/home/rtabares/anaconda3/envs/pyth3.12/lib/python3.12/site-packages/xgboost/core.py:377: FutureWarning: Your system has an old version of glibc (< 2.28). We will stop supporting Linux distros with glibc older than 2.28 after **May 31, 2025**. Please upgrade to a recent Linux distro (with glibc >= 2.28) to use future versions of XGBoost.
Note: You have installed the 'manylinux2014' variant of XGBoost. Certain features such as GPU algorithms or federated learning are not available. To use these features, please upgrade to a recent Linux distro with glibc 2.28+, and install the 'manylinux_2_28' variant.
  warnings.warn(
/data/home/rtabares/anaconda3/envs/pyth3.12/lib/python3.12/site-packages/xgboost/core.py:377: FutureWarning: Your system has an old version of glibc (< 2.28). We will stop supporting Linux distros with glibc older than 2.28 after **May 31, 2025**. Please upgrade to a recent Linux distro (with glibc >= 2.28) to use future versions of XGBoost.
Note: You have installed the 'manylinux2014' variant of XGBoost. Certain features such as GPU algorithms or federated learning are not available. To use these features, please upgrade to a recent Linux distro with glibc 2.28+, and install the 'manylinux_2_28' variant.
  warnings.warn(
[I 2025-05-26 03:13:13,398] Trial 12 finished with value: 0.85 and parameters: {'n_estimators': 100, 'max_depth': 5, 'gamma': 0.18613625008087603, 'subsample': 0.6726644249254942, 'colsample_bytree': 0.6810870975576835}. Best is trial 1 with value: 0.85.
[I 2025-05-26 03:13:13,448] Trial 13 finished with value: 0.85 and parameters: {'n_estimators': 100, 'max_depth': 30, 'gamma': 0.3552667583114842, 'subsample': 0.9982710370462082, 'colsample_bytree': 0.8207860924838358}. Best is trial 1 with value: 0.85.
[I 2025-05-26 03:13:13,498] Trial 14 finished with value: 0.8 and parameters: {'n_estimators': 100, 'max_depth': 5, 'gamma': 0.9877599639169764, 'subsample': 0.6592169147512574, 'colsample_bytree': 0.6149672516870792}. Best is trial 1 with value: 0.85.
[I 2025-05-26 03:13:13,561] Trial 15 finished with value: 0.85 and parameters: {'n_estimators': 100, 'max_depth': 30, 'gamma': 0.524956421150273, 'subsample': 0.8244208993499721, 'colsample_bytree': 0.8607612648077713}. Best is trial 1 with value: 0.85.
[I 2025-05-26 03:13:13,608] Trial 16 finished with value: 0.85 and parameters: {'n_estimators': 100, 'max_depth': 5, 'gamma': 0.28348273058911083, 'subsample': 0.9035644116365327, 'colsample_bytree': 0.500241521465914}. Best is trial 1 with value: 0.85.
/data/home/rtabares/anaconda3/envs/pyth3.12/lib/python3.12/site-packages/xgboost/core.py:377: FutureWarning: Your system has an old version of glibc (< 2.28). We will stop supporting Linux distros with glibc older than 2.28 after **May 31, 2025**. Please upgrade to a recent Linux distro (with glibc >= 2.28) to use future versions of XGBoost.
Note: You have installed the 'manylinux2014' variant of XGBoost. Certain features such as GPU algorithms or federated learning are not available. To use these features, please upgrade to a recent Linux distro with glibc 2.28+, and install the 'manylinux_2_28' variant.
  warnings.warn(
[I 2025-05-26 03:13:14,313] Trial 17 finished with value: 0.85 and parameters: {'n_estimators': 100, 'max_depth': 30, 'gamma': 0.43900413862607296, 'subsample': 0.7198544311435996, 'colsample_bytree': 0.7109611479294711}. Best is trial 1 with value: 0.85.
[I 2025-05-26 03:13:14,354] Trial 18 finished with value: 0.8 and parameters: {'n_estimators': 40, 'max_depth': 5, 'gamma': 0.26212330871744616, 'subsample': 0.6053894608528367, 'colsample_bytree': 0.5571177111154407}. Best is trial 1 with value: 0.85.
[I 2025-05-26 03:13:14,394] Trial 19 finished with value: 0.7 and parameters: {'n_estimators': 10, 'max_depth': 20, 'gamma': 0.6703462707759237, 'subsample': 0.8992799845596695, 'colsample_bytree': 0.9003852468330709}. Best is trial 1 with value: 0.85.
[I 2025-05-26 03:13:17,324] A new study created in memory with name: rf
Parámetros guardados en checkpoint_adult_Dlatent_G/k-means/IPC_10/best_models_k-means_seed_5_space_original/xgb_best_params.json


>>> Optuna tuning rf metodo k-means IPC 10 seed 5


[I 2025-05-26 03:13:19,864] Trial 0 finished with value: 0.5 and parameters: {'n_estimators': 189, 'max_depth': 18, 'min_samples_split': 3, 'min_samples_leaf': 10}. Best is trial 0 with value: 0.5.
[I 2025-05-26 03:13:20,421] Trial 1 finished with value: 0.75 and parameters: {'n_estimators': 295, 'max_depth': 14, 'min_samples_split': 8, 'min_samples_leaf': 6}. Best is trial 1 with value: 0.75.
[I 2025-05-26 03:13:20,669] Trial 2 finished with value: 0.5 and parameters: {'n_estimators': 219, 'max_depth': 6, 'min_samples_split': 2, 'min_samples_leaf': 8}. Best is trial 1 with value: 0.75.
[I 2025-05-26 03:13:21,046] Trial 3 finished with value: 0.85 and parameters: {'n_estimators': 276, 'max_depth': 5, 'min_samples_split': 9, 'min_samples_leaf': 3}. Best is trial 3 with value: 0.85.
[I 2025-05-26 03:13:21,395] Trial 4 finished with value: 0.8 and parameters: {'n_estimators': 266, 'max_depth': 8, 'min_samples_split': 7, 'min_samples_leaf': 6}. Best is trial 3 with value: 0.85.
[I 2025-05-26 03:13:21,935] Trial 5 finished with value: 0.8 and parameters: {'n_estimators': 340, 'max_depth': 7, 'min_samples_split': 4, 'min_samples_leaf': 3}. Best is trial 3 with value: 0.85.
[I 2025-05-26 03:13:22,224] Trial 6 finished with value: 0.5 and parameters: {'n_estimators': 231, 'max_depth': 5, 'min_samples_split': 3, 'min_samples_leaf': 10}. Best is trial 3 with value: 0.85.
[I 2025-05-26 03:13:22,835] Trial 7 finished with value: 0.85 and parameters: {'n_estimators': 485, 'max_depth': 6, 'min_samples_split': 2, 'min_samples_leaf': 3}. Best is trial 3 with value: 0.85.
[I 2025-05-26 03:13:23,295] Trial 8 finished with value: 0.8 and parameters: {'n_estimators': 380, 'max_depth': 17, 'min_samples_split': 2, 'min_samples_leaf': 6}. Best is trial 3 with value: 0.85.
[I 2025-05-26 03:13:23,480] Trial 9 finished with value: 0.5 and parameters: {'n_estimators': 100, 'max_depth': 12, 'min_samples_split': 7, 'min_samples_leaf': 10}. Best is trial 3 with value: 0.85.
[I 2025-05-26 03:13:24,057] Trial 10 finished with value: 0.85 and parameters: {'n_estimators': 446, 'max_depth': 3, 'min_samples_split': 10, 'min_samples_leaf': 2}. Best is trial 3 with value: 0.85.
[I 2025-05-26 03:13:25,252] Trial 11 finished with value: 0.75 and parameters: {'n_estimators': 498, 'max_depth': 10, 'min_samples_split': 10, 'min_samples_leaf': 4}. Best is trial 3 with value: 0.85.
[I 2025-05-26 03:13:26,332] Trial 12 finished with value: 0.8 and parameters: {'n_estimators': 387, 'max_depth': 3, 'min_samples_split': 5, 'min_samples_leaf': 1}. Best is trial 3 with value: 0.85.
[I 2025-05-26 03:13:27,509] Trial 13 finished with value: 0.8 and parameters: {'n_estimators': 422, 'max_depth': 9, 'min_samples_split': 9, 'min_samples_leaf': 4}. Best is trial 3 with value: 0.85.
[I 2025-05-26 03:13:27,896] Trial 14 finished with value: 0.85 and parameters: {'n_estimators': 331, 'max_depth': 5, 'min_samples_split': 6, 'min_samples_leaf': 1}. Best is trial 3 with value: 0.85.
[I 2025-05-26 03:13:28,193] Trial 15 finished with value: 0.8 and parameters: {'n_estimators': 167, 'max_depth': 12, 'min_samples_split': 5, 'min_samples_leaf': 4}. Best is trial 3 with value: 0.85.
[I 2025-05-26 03:13:28,853] Trial 16 finished with value: 0.8 and parameters: {'n_estimators': 496, 'max_depth': 15, 'min_samples_split': 8, 'min_samples_leaf': 3}. Best is trial 3 with value: 0.85.
[I 2025-05-26 03:13:29,241] Trial 17 finished with value: 0.75 and parameters: {'n_estimators': 270, 'max_depth': 10, 'min_samples_split': 6, 'min_samples_leaf': 2}. Best is trial 3 with value: 0.85.
[I 2025-05-26 03:13:29,745] Trial 18 finished with value: 0.75 and parameters: {'n_estimators': 343, 'max_depth': 4, 'min_samples_split': 9, 'min_samples_leaf': 5}. Best is trial 3 with value: 0.85.
[I 2025-05-26 03:13:30,268] Trial 19 finished with value: 0.5 and parameters: {'n_estimators': 451, 'max_depth': 6, 'min_samples_split': 4, 'min_samples_leaf': 8}. Best is trial 3 with value: 0.85.
[I 2025-05-26 03:13:34,031] A new study created in memory with name: svc
Parámetros guardados en checkpoint_adult_Dlatent_G/k-means/IPC_10/best_models_k-means_seed_5_space_original/rf_best_params.json


>>> Optuna tuning svc metodo k-means IPC 10 seed 5


[I 2025-05-26 03:13:36,046] Trial 0 finished with value: 0.55 and parameters: {'C': 0.07726319876517104, 'gamma': 0.3040389504793042}. Best is trial 0 with value: 0.55.
[I 2025-05-26 03:13:36,212] Trial 1 finished with value: 0.55 and parameters: {'C': 0.06712381339142241, 'gamma': 0.47254549996710477}. Best is trial 0 with value: 0.55.
[I 2025-05-26 03:13:36,229] Trial 2 finished with value: 0.75 and parameters: {'C': 0.8987621100554035, 'gamma': 0.027988231123708972}. Best is trial 2 with value: 0.75.
[I 2025-05-26 03:13:36,242] Trial 3 finished with value: 0.6 and parameters: {'C': 11.5779435007655, 'gamma': 0.011848734045499056}. Best is trial 2 with value: 0.75.
[I 2025-05-26 03:13:36,255] Trial 4 finished with value: 0.75 and parameters: {'C': 0.1538870258903583, 'gamma': 0.0005634883151169033}. Best is trial 2 with value: 0.75.
[I 2025-05-26 03:13:36,269] Trial 5 finished with value: 0.7 and parameters: {'C': 0.021036092656561454, 'gamma': 0.08990030906808326}. Best is trial 2 with value: 0.75.
[I 2025-05-26 03:13:36,283] Trial 6 finished with value: 0.75 and parameters: {'C': 0.5824208201678516, 'gamma': 0.00042977333932534993}. Best is trial 2 with value: 0.75.
[I 2025-05-26 03:13:36,297] Trial 7 finished with value: 0.75 and parameters: {'C': 33.09391330085814, 'gamma': 0.001248377256719358}. Best is trial 2 with value: 0.75.
[I 2025-05-26 03:13:36,314] Trial 8 finished with value: 0.7 and parameters: {'C': 0.45387898639622015, 'gamma': 0.0015286910781809498}. Best is trial 2 with value: 0.75.
[I 2025-05-26 03:13:36,328] Trial 9 finished with value: 0.75 and parameters: {'C': 3.274550070431994, 'gamma': 0.02086177421469992}. Best is trial 2 with value: 0.75.
[I 2025-05-26 03:13:36,351] Trial 10 finished with value: 0.6 and parameters: {'C': 3.454225646092145, 'gamma': 0.04920330178902686}. Best is trial 2 with value: 0.75.
[I 2025-05-26 03:13:37,048] Trial 11 finished with value: 0.7 and parameters: {'C': 0.19581873636884767, 'gamma': 0.002715556955744586}. Best is trial 2 with value: 0.75.
[I 2025-05-26 03:13:37,813] Trial 12 finished with value: 0.75 and parameters: {'C': 0.010039384416570143, 'gamma': 0.0002226231282923547}. Best is trial 2 with value: 0.75.
[I 2025-05-26 03:13:37,846] Trial 13 finished with value: 0.7 and parameters: {'C': 2.164529141667897, 'gamma': 0.0031233206836560118}. Best is trial 2 with value: 0.75.
[I 2025-05-26 03:13:37,869] Trial 14 finished with value: 0.75 and parameters: {'C': 0.1622430868415539, 'gamma': 0.00010410657631139162}. Best is trial 2 with value: 0.75.
[I 2025-05-26 03:13:37,890] Trial 15 finished with value: 0.75 and parameters: {'C': 0.9261742720759455, 'gamma': 0.008214529838008034}. Best is trial 2 with value: 0.75.
[I 2025-05-26 03:13:37,913] Trial 16 finished with value: 0.55 and parameters: {'C': 11.492624749259317, 'gamma': 0.09358912741220991}. Best is trial 2 with value: 0.75.
[I 2025-05-26 03:13:37,936] Trial 17 finished with value: 0.75 and parameters: {'C': 0.04537476535605729, 'gamma': 0.0005554855656731682}. Best is trial 2 with value: 0.75.
[I 2025-05-26 03:13:37,955] Trial 18 finished with value: 0.8 and parameters: {'C': 0.2574767589251754, 'gamma': 0.027446447821968614}. Best is trial 18 with value: 0.8.
[I 2025-05-26 03:13:37,973] Trial 19 finished with value: 0.75 and parameters: {'C': 1.4869873376723075, 'gamma': 0.033163759808013726}. Best is trial 18 with value: 0.8.
[I 2025-05-26 03:13:39,875] A new study created in memory with name: logreg
[I 2025-05-26 03:13:40,523] Trial 0 finished with value: 0.8 and parameters: {'C': 0.012881482725481003, 'penalty': 'l2'}. Best is trial 0 with value: 0.8.
Parámetros guardados en checkpoint_adult_Dlatent_G/k-means/IPC_10/best_models_k-means_seed_5_space_original/svc_best_params.json


>>> Optuna tuning logreg metodo k-means IPC 10 seed 5


[I 2025-05-26 03:13:43,125] Trial 1 finished with value: 0.65 and parameters: {'C': 22.576755560681583, 'penalty': 'l2'}. Best is trial 0 with value: 0.8.
[I 2025-05-26 03:13:43,329] Trial 2 finished with value: 0.8 and parameters: {'C': 0.010804278656839932, 'penalty': 'l2'}. Best is trial 0 with value: 0.8.
[I 2025-05-26 03:13:43,982] Trial 3 finished with value: 0.65 and parameters: {'C': 39.17910760336117, 'penalty': 'l2'}. Best is trial 0 with value: 0.8.
[I 2025-05-26 03:13:44,006] Trial 4 finished with value: 0.75 and parameters: {'C': 0.2767298094062571, 'penalty': 'l2'}. Best is trial 0 with value: 0.8.
[I 2025-05-26 03:13:44,029] Trial 5 finished with value: 0.7 and parameters: {'C': 1.1447728330837224, 'penalty': 'l2'}. Best is trial 0 with value: 0.8.
[I 2025-05-26 03:13:44,053] Trial 6 finished with value: 0.7 and parameters: {'C': 6.753661388238877, 'penalty': 'l2'}. Best is trial 0 with value: 0.8.
[I 2025-05-26 03:13:44,078] Trial 7 finished with value: 0.7 and parameters: {'C': 0.39092184460352974, 'penalty': 'l2'}. Best is trial 0 with value: 0.8.
[I 2025-05-26 03:13:44,101] Trial 8 finished with value: 0.8 and parameters: {'C': 0.03047912590082646, 'penalty': 'l2'}. Best is trial 0 with value: 0.8.
[I 2025-05-26 03:13:44,114] Trial 9 finished with value: 0.8 and parameters: {'C': 0.008681727362499118, 'penalty': 'l2'}. Best is trial 0 with value: 0.8.
[I 2025-05-26 03:13:44,133] Trial 10 finished with value: 0.75 and parameters: {'C': 0.0010146302597657177, 'penalty': 'l2'}. Best is trial 0 with value: 0.8.
[I 2025-05-26 03:13:44,149] Trial 11 finished with value: 0.8 and parameters: {'C': 0.0199662686693303, 'penalty': 'l2'}. Best is trial 0 with value: 0.8.
[I 2025-05-26 03:13:45,023] Trial 12 finished with value: 0.75 and parameters: {'C': 0.0016346313516918368, 'penalty': 'l2'}. Best is trial 0 with value: 0.8.
[I 2025-05-26 03:13:45,720] Trial 13 finished with value: 0.8 and parameters: {'C': 0.0714333727973949, 'penalty': 'l2'}. Best is trial 0 with value: 0.8.
[I 2025-05-26 03:13:45,751] Trial 14 finished with value: 0.8 and parameters: {'C': 0.004204976475301702, 'penalty': 'l2'}. Best is trial 0 with value: 0.8.
[I 2025-05-26 03:13:45,772] Trial 15 finished with value: 0.8 and parameters: {'C': 0.08940155280126451, 'penalty': 'l2'}. Best is trial 0 with value: 0.8.
[I 2025-05-26 03:13:46,479] Trial 16 finished with value: 0.8 and parameters: {'C': 0.006546178987596756, 'penalty': 'l2'}. Best is trial 0 with value: 0.8.
[I 2025-05-26 03:13:46,509] Trial 17 finished with value: 0.7 and parameters: {'C': 1.4752552821847151, 'penalty': 'l2'}. Best is trial 0 with value: 0.8.
[I 2025-05-26 03:13:46,529] Trial 18 finished with value: 0.8 and parameters: {'C': 0.02888779259712015, 'penalty': 'l2'}. Best is trial 0 with value: 0.8.
[I 2025-05-26 03:13:46,548] Trial 19 finished with value: 0.8 and parameters: {'C': 0.002520448080692226, 'penalty': 'l2'}. Best is trial 0 with value: 0.8.
/data/home/rtabares/anaconda3/envs/pyth3.12/lib/python3.12/site-packages/xgboost/core.py:377: FutureWarning: Your system has an old version of glibc (< 2.28). We will stop supporting Linux distros with glibc older than 2.28 after **May 31, 2025**. Please upgrade to a recent Linux distro (with glibc >= 2.28) to use future versions of XGBoost.
Note: You have installed the 'manylinux2014' variant of XGBoost. Certain features such as GPU algorithms or federated learning are not available. To use these features, please upgrade to a recent Linux distro with glibc 2.28+, and install the 'manylinux_2_28' variant.
  warnings.warn(
[I 2025-05-26 03:13:48,532] A new study created in memory with name: mlp
/data/home/rtabares/anaconda3/envs/pyth3.12/lib/python3.12/site-packages/sklearn/neural_network/_multilayer_perceptron.py:691: ConvergenceWarning: Stochastic Optimizer: Maximum iterations (50) reached and the optimization hasn't converged yet.
  warnings.warn(
/data/home/rtabares/anaconda3/envs/pyth3.12/lib/python3.12/site-packages/sklearn/neural_network/_multilayer_perceptron.py:691: ConvergenceWarning: Stochastic Optimizer: Maximum iterations (50) reached and the optimization hasn't converged yet.
  warnings.warn(
/data/home/rtabares/anaconda3/envs/pyth3.12/lib/python3.12/site-packages/sklearn/neural_network/_multilayer_perceptron.py:691: ConvergenceWarning: Stochastic Optimizer: Maximum iterations (50) reached and the optimization hasn't converged yet.
  warnings.warn(
/data/home/rtabares/anaconda3/envs/pyth3.12/lib/python3.12/site-packages/sklearn/neural_network/_multilayer_perceptron.py:691: ConvergenceWarning: Stochastic Optimizer: Maximum iterations (50) reached and the optimization hasn't converged yet.
  warnings.warn(
/data/home/rtabares/anaconda3/envs/pyth3.12/lib/python3.12/site-packages/sklearn/neural_network/_multilayer_perceptron.py:691: ConvergenceWarning: Stochastic Optimizer: Maximum iterations (50) reached and the optimization hasn't converged yet.
  warnings.warn(
