[I 2025-05-26 03:25:59,042] Trial 10 finished with value: 0.8 and parameters: {'n_estimators': 10, 'max_depth': 5, 'gamma': 0.11132541504315885, 'subsample': 0.6518824205184826, 'colsample_bytree': 0.5222467176724002}. Best is trial 0 with value: 0.8.
/data/home/rtabares/anaconda3/envs/pyth3.12/lib/python3.12/site-packages/xgboost/core.py:377: FutureWarning: Your system has an old version of glibc (< 2.28). We will stop supporting Linux distros with glibc older than 2.28 after **May 31, 2025**. Please upgrade to a recent Linux distro (with glibc >= 2.28) to use future versions of XGBoost.
Note: You have installed the 'manylinux2014' variant of XGBoost. Certain features such as GPU algorithms or federated learning are not available. To use these features, please upgrade to a recent Linux distro with glibc 2.28+, and install the 'manylinux_2_28' variant.
  warnings.warn(
/data/home/rtabares/anaconda3/envs/pyth3.12/lib/python3.12/site-packages/xgboost/core.py:377: FutureWarning: Your system has an old version of glibc (< 2.28). We will stop supporting Linux distros with glibc older than 2.28 after **May 31, 2025**. Please upgrade to a recent Linux distro (with glibc >= 2.28) to use future versions of XGBoost.
Note: You have installed the 'manylinux2014' variant of XGBoost. Certain features such as GPU algorithms or federated learning are not available. To use these features, please upgrade to a recent Linux distro with glibc 2.28+, and install the 'manylinux_2_28' variant.
  warnings.warn(
/data/home/rtabares/anaconda3/envs/pyth3.12/lib/python3.12/site-packages/xgboost/core.py:377: FutureWarning: Your system has an old version of glibc (< 2.28). We will stop supporting Linux distros with glibc older than 2.28 after **May 31, 2025**. Please upgrade to a recent Linux distro (with glibc >= 2.28) to use future versions of XGBoost.
Note: You have installed the 'manylinux2014' variant of XGBoost. Certain features such as GPU algorithms or federated learning are not available. To use these features, please upgrade to a recent Linux distro with glibc 2.28+, and install the 'manylinux_2_28' variant.
  warnings.warn(
[I 2025-05-26 03:25:59,721] Trial 11 finished with value: 0.8 and parameters: {'n_estimators': 10, 'max_depth': 5, 'gamma': 0.10542275268999206, 'subsample': 0.6388947301297142, 'colsample_bytree': 0.5266844660264531}. Best is trial 0 with value: 0.8.
/data/home/rtabares/anaconda3/envs/pyth3.12/lib/python3.12/site-packages/xgboost/core.py:377: FutureWarning: Your system has an old version of glibc (< 2.28). We will stop supporting Linux distros with glibc older than 2.28 after **May 31, 2025**. Please upgrade to a recent Linux distro (with glibc >= 2.28) to use future versions of XGBoost.
Note: You have installed the 'manylinux2014' variant of XGBoost. Certain features such as GPU algorithms or federated learning are not available. To use these features, please upgrade to a recent Linux distro with glibc 2.28+, and install the 'manylinux_2_28' variant.
  warnings.warn(
/data/home/rtabares/anaconda3/envs/pyth3.12/lib/python3.12/site-packages/xgboost/core.py:377: FutureWarning: Your system has an old version of glibc (< 2.28). We will stop supporting Linux distros with glibc older than 2.28 after **May 31, 2025**. Please upgrade to a recent Linux distro (with glibc >= 2.28) to use future versions of XGBoost.
Note: You have installed the 'manylinux2014' variant of XGBoost. Certain features such as GPU algorithms or federated learning are not available. To use these features, please upgrade to a recent Linux distro with glibc 2.28+, and install the 'manylinux_2_28' variant.
  warnings.warn(
/data/home/rtabares/anaconda3/envs/pyth3.12/lib/python3.12/site-packages/xgboost/core.py:377: FutureWarning: Your system has an old version of glibc (< 2.28). We will stop supporting Linux distros with glibc older than 2.28 after **May 31, 2025**. Please upgrade to a recent Linux distro (with glibc >= 2.28) to use future versions of XGBoost.
Note: You have installed the 'manylinux2014' variant of XGBoost. Certain features such as GPU algorithms or federated learning are not available. To use these features, please upgrade to a recent Linux distro with glibc 2.28+, and install the 'manylinux_2_28' variant.
  warnings.warn(
[I 2025-05-26 03:26:00,405] Trial 12 finished with value: 0.8 and parameters: {'n_estimators': 10, 'max_depth': 5, 'gamma': 0.5299926855017165, 'subsample': 0.6848009387186493, 'colsample_bytree': 0.6339534905975921}. Best is trial 0 with value: 0.8.
[I 2025-05-26 03:26:00,442] Trial 13 finished with value: 0.7 and parameters: {'n_estimators': 10, 'max_depth': 5, 'gamma': 0.3431978153914992, 'subsample': 0.5146749793878775, 'colsample_bytree': 0.6186409022289298}. Best is trial 0 with value: 0.8.
[I 2025-05-26 03:26:00,480] Trial 14 finished with value: 0.8 and parameters: {'n_estimators': 10, 'max_depth': 5, 'gamma': 0.12094395046977738, 'subsample': 0.6951366613631564, 'colsample_bytree': 0.5013541727082262}. Best is trial 0 with value: 0.8.
[I 2025-05-26 03:26:00,520] Trial 15 finished with value: 0.8 and parameters: {'n_estimators': 10, 'max_depth': 30, 'gamma': 0.6115341273581074, 'subsample': 0.7261160179390405, 'colsample_bytree': 0.9947131969311475}. Best is trial 0 with value: 0.8.
[I 2025-05-26 03:26:00,574] Trial 16 finished with value: 0.75 and parameters: {'n_estimators': 100, 'max_depth': 5, 'gamma': 0.42532890972737064, 'subsample': 0.6329124195652898, 'colsample_bytree': 0.5791568083033967}. Best is trial 0 with value: 0.8.
[I 2025-05-26 03:26:00,611] Trial 17 finished with value: 0.7 and parameters: {'n_estimators': 10, 'max_depth': 30, 'gamma': 0.5818209581005225, 'subsample': 0.5053007952589881, 'colsample_bytree': 0.6720496912765644}. Best is trial 0 with value: 0.8.
/data/home/rtabares/anaconda3/envs/pyth3.12/lib/python3.12/site-packages/xgboost/core.py:377: FutureWarning: Your system has an old version of glibc (< 2.28). We will stop supporting Linux distros with glibc older than 2.28 after **May 31, 2025**. Please upgrade to a recent Linux distro (with glibc >= 2.28) to use future versions of XGBoost.
Note: You have installed the 'manylinux2014' variant of XGBoost. Certain features such as GPU algorithms or federated learning are not available. To use these features, please upgrade to a recent Linux distro with glibc 2.28+, and install the 'manylinux_2_28' variant.
  warnings.warn(
[I 2025-05-26 03:26:01,266] Trial 18 finished with value: 0.7 and parameters: {'n_estimators': 10, 'max_depth': 5, 'gamma': 0.23980151701635266, 'subsample': 0.8536810374575434, 'colsample_bytree': 0.7974021553265087}. Best is trial 0 with value: 0.8.
[I 2025-05-26 03:26:01,315] Trial 19 finished with value: 0.7 and parameters: {'n_estimators': 100, 'max_depth': 30, 'gamma': 0.24116237023424003, 'subsample': 0.7384268176292801, 'colsample_bytree': 0.5553283123534748}. Best is trial 0 with value: 0.8.
[I 2025-05-26 03:26:03,429] A new study created in memory with name: rf
Parámetros guardados en checkpoint_adult_Dlatent_G/random/IPC_10/best_models_random_seed_6_space_original/xgb_best_params.json


>>> Optuna tuning rf metodo random IPC 10 seed 6


[I 2025-05-26 03:26:07,468] Trial 0 finished with value: 0.8 and parameters: {'n_estimators': 458, 'max_depth': 8, 'min_samples_split': 9, 'min_samples_leaf': 1}. Best is trial 0 with value: 0.8.
[I 2025-05-26 03:26:07,987] Trial 1 finished with value: 0.85 and parameters: {'n_estimators': 143, 'max_depth': 13, 'min_samples_split': 6, 'min_samples_leaf': 5}. Best is trial 1 with value: 0.85.
[I 2025-05-26 03:26:08,325] Trial 2 finished with value: 0.5 and parameters: {'n_estimators': 234, 'max_depth': 14, 'min_samples_split': 5, 'min_samples_leaf': 8}. Best is trial 1 with value: 0.85.
[I 2025-05-26 03:26:08,695] Trial 3 finished with value: 0.5 and parameters: {'n_estimators': 307, 'max_depth': 13, 'min_samples_split': 7, 'min_samples_leaf': 10}. Best is trial 1 with value: 0.85.
[I 2025-05-26 03:26:09,249] Trial 4 finished with value: 0.5 and parameters: {'n_estimators': 428, 'max_depth': 10, 'min_samples_split': 9, 'min_samples_leaf': 9}. Best is trial 1 with value: 0.85.
[I 2025-05-26 03:26:09,446] Trial 5 finished with value: 0.5 and parameters: {'n_estimators': 121, 'max_depth': 15, 'min_samples_split': 9, 'min_samples_leaf': 8}. Best is trial 1 with value: 0.85.
[I 2025-05-26 03:26:09,876] Trial 6 finished with value: 0.5 and parameters: {'n_estimators': 384, 'max_depth': 12, 'min_samples_split': 3, 'min_samples_leaf': 10}. Best is trial 1 with value: 0.85.
[I 2025-05-26 03:26:10,242] Trial 7 finished with value: 0.5 and parameters: {'n_estimators': 261, 'max_depth': 6, 'min_samples_split': 8, 'min_samples_leaf': 10}. Best is trial 1 with value: 0.85.
[I 2025-05-26 03:26:10,490] Trial 8 finished with value: 0.5 and parameters: {'n_estimators': 202, 'max_depth': 15, 'min_samples_split': 7, 'min_samples_leaf': 8}. Best is trial 1 with value: 0.85.
[I 2025-05-26 03:26:11,090] Trial 9 finished with value: 0.8 and parameters: {'n_estimators': 475, 'max_depth': 9, 'min_samples_split': 4, 'min_samples_leaf': 5}. Best is trial 1 with value: 0.85.
[I 2025-05-26 03:26:11,305] Trial 10 finished with value: 0.75 and parameters: {'n_estimators': 135, 'max_depth': 20, 'min_samples_split': 2, 'min_samples_leaf': 4}. Best is trial 1 with value: 0.85.
[I 2025-05-26 03:26:12,427] Trial 11 finished with value: 0.8 and parameters: {'n_estimators': 344, 'max_depth': 4, 'min_samples_split': 10, 'min_samples_leaf': 1}. Best is trial 1 with value: 0.85.
[I 2025-05-26 03:26:13,403] Trial 12 finished with value: 0.8 and parameters: {'n_estimators': 489, 'max_depth': 7, 'min_samples_split': 6, 'min_samples_leaf': 1}. Best is trial 1 with value: 0.85.
[I 2025-05-26 03:26:14,902] Trial 13 finished with value: 0.75 and parameters: {'n_estimators': 201, 'max_depth': 18, 'min_samples_split': 5, 'min_samples_leaf': 3}. Best is trial 1 with value: 0.85.
[I 2025-05-26 03:26:16,020] Trial 14 finished with value: 0.65 and parameters: {'n_estimators': 402, 'max_depth': 9, 'min_samples_split': 7, 'min_samples_leaf': 6}. Best is trial 1 with value: 0.85.
[I 2025-05-26 03:26:16,467] Trial 15 finished with value: 0.8 and parameters: {'n_estimators': 331, 'max_depth': 3, 'min_samples_split': 10, 'min_samples_leaf': 3}. Best is trial 1 with value: 0.85.
[I 2025-05-26 03:26:16,714] Trial 16 finished with value: 0.7 and parameters: {'n_estimators': 165, 'max_depth': 17, 'min_samples_split': 6, 'min_samples_leaf': 6}. Best is trial 1 with value: 0.85.
[I 2025-05-26 03:26:17,069] Trial 17 finished with value: 0.8 and parameters: {'n_estimators': 277, 'max_depth': 11, 'min_samples_split': 8, 'min_samples_leaf': 2}. Best is trial 1 with value: 0.85.
[I 2025-05-26 03:26:17,265] Trial 18 finished with value: 0.8 and parameters: {'n_estimators': 108, 'max_depth': 7, 'min_samples_split': 5, 'min_samples_leaf': 5}. Best is trial 1 with value: 0.85.
[I 2025-05-26 03:26:17,817] Trial 19 finished with value: 0.8 and parameters: {'n_estimators': 448, 'max_depth': 6, 'min_samples_split': 8, 'min_samples_leaf': 3}. Best is trial 1 with value: 0.85.
[I 2025-05-26 03:26:21,339] A new study created in memory with name: svc
Parámetros guardados en checkpoint_adult_Dlatent_G/random/IPC_10/best_models_random_seed_6_space_original/rf_best_params.json


>>> Optuna tuning svc metodo random IPC 10 seed 6


[I 2025-05-26 03:26:23,289] Trial 0 finished with value: 0.85 and parameters: {'C': 37.27697013499731, 'gamma': 0.0021277432488243223}. Best is trial 0 with value: 0.85.
[I 2025-05-26 03:26:23,445] Trial 1 finished with value: 0.8 and parameters: {'C': 19.271543171162776, 'gamma': 0.00014682043379470554}. Best is trial 0 with value: 0.85.
[I 2025-05-26 03:26:23,461] Trial 2 finished with value: 0.8 and parameters: {'C': 0.0269542169583157, 'gamma': 0.023999835049635022}. Best is trial 0 with value: 0.85.
[I 2025-05-26 03:26:23,474] Trial 3 finished with value: 0.85 and parameters: {'C': 1.3160410886450586, 'gamma': 0.0047340159215720195}. Best is trial 0 with value: 0.85.
[I 2025-05-26 03:26:23,488] Trial 4 finished with value: 0.8 and parameters: {'C': 0.21959952535674737, 'gamma': 0.030908485742507576}. Best is trial 0 with value: 0.85.
[I 2025-05-26 03:26:23,502] Trial 5 finished with value: 0.85 and parameters: {'C': 0.5656733313644114, 'gamma': 0.08780685564625502}. Best is trial 0 with value: 0.85.
[I 2025-05-26 03:26:23,518] Trial 6 finished with value: 0.8 and parameters: {'C': 1.1807165425157664, 'gamma': 0.020674470756231633}. Best is trial 0 with value: 0.85.
[I 2025-05-26 03:26:23,532] Trial 7 finished with value: 0.65 and parameters: {'C': 3.8143486186647126, 'gamma': 0.9138966502602072}. Best is trial 0 with value: 0.85.
[I 2025-05-26 03:26:23,546] Trial 8 finished with value: 0.85 and parameters: {'C': 19.029737066374768, 'gamma': 0.004495766421289856}. Best is trial 0 with value: 0.85.
[I 2025-05-26 03:26:23,559] Trial 9 finished with value: 0.8 and parameters: {'C': 31.994153257994277, 'gamma': 0.19725941020937518}. Best is trial 0 with value: 0.85.
[I 2025-05-26 03:26:23,579] Trial 10 finished with value: 0.85 and parameters: {'C': 96.80643961619926, 'gamma': 0.0004009308447180715}. Best is trial 0 with value: 0.85.
[I 2025-05-26 03:26:24,847] Trial 11 finished with value: 0.8 and parameters: {'C': 0.07334306692672704, 'gamma': 0.002535147656205105}. Best is trial 0 with value: 0.85.
[I 2025-05-26 03:26:25,594] Trial 12 finished with value: 0.8 and parameters: {'C': 4.220165247867255, 'gamma': 0.0011620518577544544}. Best is trial 0 with value: 0.85.
[I 2025-05-26 03:26:25,619] Trial 13 finished with value: 0.8 and parameters: {'C': 3.2848105613054788, 'gamma': 0.0009525372328357383}. Best is trial 0 with value: 0.85.
[I 2025-05-26 03:26:25,641] Trial 14 finished with value: 0.85 and parameters: {'C': 77.4798574776547, 'gamma': 0.0057642641657343705}. Best is trial 0 with value: 0.85.
[I 2025-05-26 03:26:25,662] Trial 15 finished with value: 0.8 and parameters: {'C': 0.01608383784488538, 'gamma': 0.0012679740761956542}. Best is trial 0 with value: 0.85.
[I 2025-05-26 03:26:25,684] Trial 16 finished with value: 0.8 and parameters: {'C': 0.1863516315227972, 'gamma': 0.00025933858717192763}. Best is trial 0 with value: 0.85.
[I 2025-05-26 03:26:25,707] Trial 17 finished with value: 0.8 and parameters: {'C': 1.545619441941302, 'gamma': 0.012239989764912147}. Best is trial 0 with value: 0.85.
[I 2025-05-26 03:26:25,735] Trial 18 finished with value: 0.8 and parameters: {'C': 8.008139546398533, 'gamma': 0.0026559393495642434}. Best is trial 0 with value: 0.85.
[I 2025-05-26 03:26:25,758] Trial 19 finished with value: 0.75 and parameters: {'C': 0.44082800496416064, 'gamma': 0.10213673192053181}. Best is trial 0 with value: 0.85.
[I 2025-05-26 03:26:28,354] A new study created in memory with name: logreg
Parámetros guardados en checkpoint_adult_Dlatent_G/random/IPC_10/best_models_random_seed_6_space_original/svc_best_params.json


>>> Optuna tuning logreg metodo random IPC 10 seed 6


[I 2025-05-26 03:26:31,078] Trial 0 finished with value: 0.85 and parameters: {'C': 29.127335430981816, 'penalty': 'l2'}. Best is trial 0 with value: 0.85.
[I 2025-05-26 03:26:31,310] Trial 1 finished with value: 0.85 and parameters: {'C': 0.045698192893558344, 'penalty': 'l2'}. Best is trial 0 with value: 0.85.
[I 2025-05-26 03:26:31,336] Trial 2 finished with value: 0.8 and parameters: {'C': 12.768668597712947, 'penalty': 'l2'}. Best is trial 0 with value: 0.85.
[I 2025-05-26 03:26:32,007] Trial 3 finished with value: 0.85 and parameters: {'C': 0.0016161554408462638, 'penalty': 'l2'}. Best is trial 0 with value: 0.85.
[I 2025-05-26 03:26:32,023] Trial 4 finished with value: 0.85 and parameters: {'C': 0.0034536903703241734, 'penalty': 'l2'}. Best is trial 0 with value: 0.85.
[I 2025-05-26 03:26:32,049] Trial 5 finished with value: 0.8 and parameters: {'C': 0.9446269266990148, 'penalty': 'l2'}. Best is trial 0 with value: 0.85.
[I 2025-05-26 03:26:32,076] Trial 6 finished with value: 0.8 and parameters: {'C': 0.4457453393648168, 'penalty': 'l2'}. Best is trial 0 with value: 0.85.
[I 2025-05-26 03:26:32,101] Trial 7 finished with value: 0.85 and parameters: {'C': 0.12417585037258261, 'penalty': 'l2'}. Best is trial 0 with value: 0.85.
[I 2025-05-26 03:26:32,116] Trial 8 finished with value: 0.85 and parameters: {'C': 0.04753781830244093, 'penalty': 'l2'}. Best is trial 0 with value: 0.85.
[I 2025-05-26 03:26:32,130] Trial 9 finished with value: 0.8 and parameters: {'C': 1.2959766028194148, 'penalty': 'l2'}. Best is trial 0 with value: 0.85.
[I 2025-05-26 03:26:32,163] Trial 10 finished with value: 0.8 and parameters: {'C': 96.02411422716075, 'penalty': 'l2'}. Best is trial 0 with value: 0.85.
[I 2025-05-26 03:26:32,953] Trial 11 finished with value: 0.85 and parameters: {'C': 0.011544291794950012, 'penalty': 'l2'}. Best is trial 0 with value: 0.85.
[I 2025-05-26 03:26:33,640] Trial 12 finished with value: 0.8 and parameters: {'C': 82.8768656483412, 'penalty': 'l2'}. Best is trial 0 with value: 0.85.
[I 2025-05-26 03:26:33,671] Trial 13 finished with value: 0.8 and parameters: {'C': 4.865673542589085, 'penalty': 'l2'}. Best is trial 0 with value: 0.85.
[I 2025-05-26 03:26:33,693] Trial 14 finished with value: 0.85 and parameters: {'C': 0.029889896070841086, 'penalty': 'l2'}. Best is trial 0 with value: 0.85.
[I 2025-05-26 03:26:34,338] Trial 15 finished with value: 0.8 and parameters: {'C': 9.224679733476327, 'penalty': 'l2'}. Best is trial 0 with value: 0.85.
[I 2025-05-26 03:26:35,075] Trial 16 finished with value: 0.8 and parameters: {'C': 0.13531262729274382, 'penalty': 'l2'}. Best is trial 0 with value: 0.85.
[I 2025-05-26 03:26:35,103] Trial 17 finished with value: 0.85 and parameters: {'C': 0.009039871959471408, 'penalty': 'l2'}. Best is trial 0 with value: 0.85.
[I 2025-05-26 03:26:35,136] Trial 18 finished with value: 0.8 and parameters: {'C': 2.7002197370561327, 'penalty': 'l2'}. Best is trial 0 with value: 0.85.
[I 2025-05-26 03:26:35,176] Trial 19 finished with value: 0.85 and parameters: {'C': 26.139922781749494, 'penalty': 'l2'}. Best is trial 0 with value: 0.85.
/data/home/rtabares/anaconda3/envs/pyth3.12/lib/python3.12/site-packages/xgboost/core.py:377: FutureWarning: Your system has an old version of glibc (< 2.28). We will stop supporting Linux distros with glibc older than 2.28 after **May 31, 2025**. Please upgrade to a recent Linux distro (with glibc >= 2.28) to use future versions of XGBoost.
Note: You have installed the 'manylinux2014' variant of XGBoost. Certain features such as GPU algorithms or federated learning are not available. To use these features, please upgrade to a recent Linux distro with glibc 2.28+, and install the 'manylinux_2_28' variant.
  warnings.warn(
[I 2025-05-26 03:26:38,404] A new study created in memory with name: mlp
Parámetros guardados en checkpoint_adult_Dlatent_G/random/IPC_10/best_models_random_seed_6_space_original/logreg_best_params.json


>>> Optuna tuning mlp metodo random IPC 10 seed 6


/data/home/rtabares/anaconda3/envs/pyth3.12/lib/python3.12/site-packages/sklearn/neural_network/_multilayer_perceptron.py:691: ConvergenceWarning: Stochastic Optimizer: Maximum iterations (100) reached and the optimization hasn't converged yet.
  warnings.warn(
/data/home/rtabares/anaconda3/envs/pyth3.12/lib/python3.12/site-packages/sklearn/neural_network/_multilayer_perceptron.py:691: ConvergenceWarning: Stochastic Optimizer: Maximum iterations (100) reached and the optimization hasn't converged yet.
  warnings.warn(
/data/home/rtabares/anaconda3/envs/pyth3.12/lib/python3.12/site-packages/sklearn/neural_network/_multilayer_perceptron.py:691: ConvergenceWarning: Stochastic Optimizer: Maximum iterations (100) reached and the optimization hasn't converged yet.
  warnings.warn(
/data/home/rtabares/anaconda3/envs/pyth3.12/lib/python3.12/site-packages/sklearn/neural_network/_multilayer_perceptron.py:691: ConvergenceWarning: Stochastic Optimizer: Maximum iterations (100) reached and the optimization hasn't converged yet.
  warnings.warn(
/data/home/rtabares/anaconda3/envs/pyth3.12/lib/python3.12/site-packages/sklearn/neural_network/_multilayer_perceptron.py:691: ConvergenceWarning: Stochastic Optimizer: Maximum iterations (100) reached and the optimization hasn't converged yet.
  warnings.warn(
[I 2025-05-26 03:26:39,786] Trial 0 finished with value: 0.85 and parameters: {'hidden_layer_sizes': (100,), 'max_iter': 100, 'alpha': 0.0001}. Best is trial 0 with value: 0.85.
/data/home/rtabares/anaconda3/envs/pyth3.12/lib/python3.12/site-packages/sklearn/neural_network/_multilayer_perceptron.py:691: ConvergenceWarning: Stochastic Optimizer: Maximum iterations (100) reached and the optimization hasn't converged yet.
  warnings.warn(
/data/home/rtabares/anaconda3/envs/pyth3.12/lib/python3.12/site-packages/sklearn/neural_network/_multilayer_perceptron.py:691: ConvergenceWarning: Stochastic Optimizer: Maximum iterations (100) reached and the optimization hasn't converged yet.
  warnings.warn(
/data/home/rtabares/anaconda3/envs/pyth3.12/lib/python3.12/site-packages/sklearn/neural_network/_multilayer_perceptron.py:691: ConvergenceWarning: Stochastic Optimizer: Maximum iterations (100) reached and the optimization hasn't converged yet.
  warnings.warn(
