[I 2025-05-26 03:17:48,835] Trial 18 finished with value: 0.5 and parameters: {'hidden_layer_sizes': (100,), 'max_iter': 50, 'alpha': 0.0001}. Best is trial 15 with value: 0.5.
/data/home/rtabares/anaconda3/envs/pyth3.12/lib/python3.12/site-packages/sklearn/neural_network/_multilayer_perceptron.py:691: ConvergenceWarning: Stochastic Optimizer: Maximum iterations (50) reached and the optimization hasn't converged yet.
  warnings.warn(
/data/home/rtabares/anaconda3/envs/pyth3.12/lib/python3.12/site-packages/sklearn/neural_network/_multilayer_perceptron.py:691: ConvergenceWarning: Stochastic Optimizer: Maximum iterations (50) reached and the optimization hasn't converged yet.
  warnings.warn(
/data/home/rtabares/anaconda3/envs/pyth3.12/lib/python3.12/site-packages/sklearn/neural_network/_multilayer_perceptron.py:691: ConvergenceWarning: Stochastic Optimizer: Maximum iterations (50) reached and the optimization hasn't converged yet.
  warnings.warn(
/data/home/rtabares/anaconda3/envs/pyth3.12/lib/python3.12/site-packages/sklearn/neural_network/_multilayer_perceptron.py:691: ConvergenceWarning: Stochastic Optimizer: Maximum iterations (50) reached and the optimization hasn't converged yet.
  warnings.warn(
[I 2025-05-26 03:17:48,893] Trial 19 finished with value: 0.3 and parameters: {'hidden_layer_sizes': (100, 100), 'max_iter': 50, 'alpha': 0.001}. Best is trial 15 with value: 0.5.
/data/home/rtabares/anaconda3/envs/pyth3.12/lib/python3.12/site-packages/xgboost/core.py:377: FutureWarning: Your system has an old version of glibc (< 2.28). We will stop supporting Linux distros with glibc older than 2.28 after **May 31, 2025**. Please upgrade to a recent Linux distro (with glibc >= 2.28) to use future versions of XGBoost.
Note: You have installed the 'manylinux2014' variant of XGBoost. Certain features such as GPU algorithms or federated learning are not available. To use these features, please upgrade to a recent Linux distro with glibc 2.28+, and install the 'manylinux_2_28' variant.
  warnings.warn(
/data/home/rtabares/anaconda3/envs/pyth3.12/lib/python3.12/site-packages/xgboost/core.py:377: FutureWarning: Your system has an old version of glibc (< 2.28). We will stop supporting Linux distros with glibc older than 2.28 after **May 31, 2025**. Please upgrade to a recent Linux distro (with glibc >= 2.28) to use future versions of XGBoost.
Note: You have installed the 'manylinux2014' variant of XGBoost. Certain features such as GPU algorithms or federated learning are not available. To use these features, please upgrade to a recent Linux distro with glibc 2.28+, and install the 'manylinux_2_28' variant.
  warnings.warn(
/data/home/rtabares/anaconda3/envs/pyth3.12/lib/python3.12/site-packages/xgboost/core.py:377: FutureWarning: Your system has an old version of glibc (< 2.28). We will stop supporting Linux distros with glibc older than 2.28 after **May 31, 2025**. Please upgrade to a recent Linux distro (with glibc >= 2.28) to use future versions of XGBoost.
Note: You have installed the 'manylinux2014' variant of XGBoost. Certain features such as GPU algorithms or federated learning are not available. To use these features, please upgrade to a recent Linux distro with glibc 2.28+, and install the 'manylinux_2_28' variant.
  warnings.warn(
[I 2025-05-26 03:17:52,554] A new study created in memory with name: naive_bayes
Parámetros guardados en checkpoint_default_Dlatent_ft_H/ag/IPC_10/best_models_ag_seed_5_space_latent/mlp_best_params.json


>>> Optuna tuning naive_bayes metodo ag IPC 10 seed 5


[I 2025-05-26 03:17:55,291] Trial 0 finished with value: 0.45 and parameters: {'var_smoothing': 2.7796258518939306e-10}. Best is trial 0 with value: 0.45.
[I 2025-05-26 03:17:55,529] Trial 1 finished with value: 0.45 and parameters: {'var_smoothing': 5.513972710118387e-09}. Best is trial 0 with value: 0.45.
[I 2025-05-26 03:17:55,556] Trial 2 finished with value: 0.45 and parameters: {'var_smoothing': 2.590826381512706e-10}. Best is trial 0 with value: 0.45.
[I 2025-05-26 03:17:55,581] Trial 3 finished with value: 0.45 and parameters: {'var_smoothing': 6.874194498027403e-09}. Best is trial 0 with value: 0.45.
[I 2025-05-26 03:17:55,605] Trial 4 finished with value: 0.45 and parameters: {'var_smoothing': 9.480306482679771e-10}. Best is trial 0 with value: 0.45.
[I 2025-05-26 03:17:55,619] Trial 5 finished with value: 0.45 and parameters: {'var_smoothing': 1.6729683536668864e-09}. Best is trial 0 with value: 0.45.
[I 2025-05-26 03:17:55,632] Trial 6 finished with value: 0.45 and parameters: {'var_smoothing': 3.402637726935598e-09}. Best is trial 0 with value: 0.45.
[I 2025-05-26 03:17:55,656] Trial 7 finished with value: 0.45 and parameters: {'var_smoothing': 1.0885189040847657e-09}. Best is trial 0 with value: 0.45.
[I 2025-05-26 03:17:55,681] Trial 8 finished with value: 0.45 and parameters: {'var_smoothing': 3.922843686541149e-10}. Best is trial 0 with value: 0.45.
[I 2025-05-26 03:17:55,695] Trial 9 finished with value: 0.45 and parameters: {'var_smoothing': 2.3737908819373785e-10}. Best is trial 0 with value: 0.45.
[I 2025-05-26 03:17:55,716] Trial 10 finished with value: 0.45 and parameters: {'var_smoothing': 1.005826617097841e-10}. Best is trial 0 with value: 0.45.
[I 2025-05-26 03:17:56,369] Trial 11 finished with value: 0.45 and parameters: {'var_smoothing': 8.246040091550826e-09}. Best is trial 0 with value: 0.45.
[I 2025-05-26 03:17:57,013] Trial 12 finished with value: 0.45 and parameters: {'var_smoothing': 5.714429769091136e-10}. Best is trial 0 with value: 0.45.
[I 2025-05-26 03:17:57,034] Trial 13 finished with value: 0.45 and parameters: {'var_smoothing': 3.0046394488828834e-09}. Best is trial 0 with value: 0.45.
[I 2025-05-26 03:17:57,051] Trial 14 finished with value: 0.45 and parameters: {'var_smoothing': 1.0161521526134228e-10}. Best is trial 0 with value: 0.45.
[I 2025-05-26 03:17:57,658] Trial 15 finished with value: 0.45 and parameters: {'var_smoothing': 3.455011319435438e-09}. Best is trial 0 with value: 0.45.
[I 2025-05-26 03:17:57,676] Trial 16 finished with value: 0.45 and parameters: {'var_smoothing': 2.2038800241203009e-10}. Best is trial 0 with value: 0.45.
[I 2025-05-26 03:17:57,693] Trial 17 finished with value: 0.45 and parameters: {'var_smoothing': 1.8515987176145925e-09}. Best is trial 0 with value: 0.45.
[I 2025-05-26 03:17:57,711] Trial 18 finished with value: 0.45 and parameters: {'var_smoothing': 5.024285700153026e-10}. Best is trial 0 with value: 0.45.
[I 2025-05-26 03:17:58,373] Trial 19 finished with value: 0.45 and parameters: {'var_smoothing': 4.958025424412893e-09}. Best is trial 0 with value: 0.45.
/data/home/rtabares/anaconda3/envs/pyth3.12/lib/python3.12/site-packages/xgboost/core.py:377: FutureWarning: Your system has an old version of glibc (< 2.28). We will stop supporting Linux distros with glibc older than 2.28 after **May 31, 2025**. Please upgrade to a recent Linux distro (with glibc >= 2.28) to use future versions of XGBoost.
Note: You have installed the 'manylinux2014' variant of XGBoost. Certain features such as GPU algorithms or federated learning are not available. To use these features, please upgrade to a recent Linux distro with glibc 2.28+, and install the 'manylinux_2_28' variant.
  warnings.warn(
/data/home/rtabares/anaconda3/envs/pyth3.12/lib/python3.12/site-packages/xgboost/core.py:377: FutureWarning: Your system has an old version of glibc (< 2.28). We will stop supporting Linux distros with glibc older than 2.28 after **May 31, 2025**. Please upgrade to a recent Linux distro (with glibc >= 2.28) to use future versions of XGBoost.
Note: You have installed the 'manylinux2014' variant of XGBoost. Certain features such as GPU algorithms or federated learning are not available. To use these features, please upgrade to a recent Linux distro with glibc 2.28+, and install the 'manylinux_2_28' variant.
  warnings.warn(
[I 2025-05-26 03:18:02,099] A new study created in memory with name: knn
Parámetros guardados en checkpoint_default_Dlatent_ft_H/ag/IPC_10/best_models_ag_seed_5_space_latent/naive_bayes_best_params.json


>>> Optuna tuning knn metodo ag IPC 10 seed 5


[I 2025-05-26 03:18:02,769] Trial 0 finished with value: 0.55 and parameters: {'n_neighbors': 4, 'leaf_size': 38, 'p': 2}. Best is trial 0 with value: 0.55.
[I 2025-05-26 03:18:03,473] Trial 1 finished with value: 0.6 and parameters: {'n_neighbors': 6, 'leaf_size': 32, 'p': 1}. Best is trial 1 with value: 0.6.
[I 2025-05-26 03:18:03,511] Trial 2 finished with value: 0.55 and parameters: {'n_neighbors': 5, 'leaf_size': 23, 'p': 2}. Best is trial 1 with value: 0.6.
[I 2025-05-26 03:18:03,568] Trial 3 finished with value: 0.6 and parameters: {'n_neighbors': 6, 'leaf_size': 23, 'p': 1}. Best is trial 1 with value: 0.6.
[I 2025-05-26 03:18:03,643] Trial 4 finished with value: 0.6 and parameters: {'n_neighbors': 6, 'leaf_size': 26, 'p': 1}. Best is trial 1 with value: 0.6.
[I 2025-05-26 03:18:03,716] Trial 5 finished with value: 0.55 and parameters: {'n_neighbors': 7, 'leaf_size': 25, 'p': 1}. Best is trial 1 with value: 0.6.
[I 2025-05-26 03:18:03,752] Trial 6 finished with value: 0.55 and parameters: {'n_neighbors': 5, 'leaf_size': 23, 'p': 2}. Best is trial 1 with value: 0.6.
[I 2025-05-26 03:18:03,827] Trial 7 finished with value: 0.6 and parameters: {'n_neighbors': 10, 'leaf_size': 23, 'p': 2}. Best is trial 1 with value: 0.6.
[I 2025-05-26 03:18:03,903] Trial 8 finished with value: 0.6 and parameters: {'n_neighbors': 8, 'leaf_size': 36, 'p': 2}. Best is trial 1 with value: 0.6.
[I 2025-05-26 03:18:03,989] Trial 9 finished with value: 0.5 and parameters: {'n_neighbors': 3, 'leaf_size': 30, 'p': 2}. Best is trial 1 with value: 0.6.
[I 2025-05-26 03:18:04,043] Trial 10 finished with value: 0.5 and parameters: {'n_neighbors': 9, 'leaf_size': 33, 'p': 1}. Best is trial 1 with value: 0.6.
[I 2025-05-26 03:18:04,130] Trial 11 finished with value: 0.55 and parameters: {'n_neighbors': 7, 'leaf_size': 30, 'p': 1}. Best is trial 1 with value: 0.6.
[I 2025-05-26 03:18:04,952] Trial 12 finished with value: 0.6 and parameters: {'n_neighbors': 6, 'leaf_size': 30, 'p': 1}. Best is trial 1 with value: 0.6.
[I 2025-05-26 03:18:04,981] Trial 13 finished with value: 0.45 and parameters: {'n_neighbors': 5, 'leaf_size': 20, 'p': 1}. Best is trial 1 with value: 0.6.
[I 2025-05-26 03:18:05,017] Trial 14 finished with value: 0.55 and parameters: {'n_neighbors': 8, 'leaf_size': 35, 'p': 1}. Best is trial 1 with value: 0.6.
[I 2025-05-26 03:18:05,043] Trial 15 finished with value: 0.4 and parameters: {'n_neighbors': 3, 'leaf_size': 33, 'p': 1}. Best is trial 1 with value: 0.6.
[I 2025-05-26 03:18:05,069] Trial 16 finished with value: 0.6 and parameters: {'n_neighbors': 6, 'leaf_size': 27, 'p': 1}. Best is trial 1 with value: 0.6.
[I 2025-05-26 03:18:05,095] Trial 17 finished with value: 0.55 and parameters: {'n_neighbors': 8, 'leaf_size': 20, 'p': 1}. Best is trial 1 with value: 0.6.
[I 2025-05-26 03:18:05,124] Trial 18 finished with value: 0.55 and parameters: {'n_neighbors': 4, 'leaf_size': 40, 'p': 1}. Best is trial 1 with value: 0.6.
[I 2025-05-26 03:18:05,153] Trial 19 finished with value: 0.55 and parameters: {'n_neighbors': 7, 'leaf_size': 28, 'p': 1}. Best is trial 1 with value: 0.6.
/data/home/rtabares/anaconda3/envs/pyth3.12/lib/python3.12/site-packages/xgboost/core.py:377: FutureWarning: Your system has an old version of glibc (< 2.28). We will stop supporting Linux distros with glibc older than 2.28 after **May 31, 2025**. Please upgrade to a recent Linux distro (with glibc >= 2.28) to use future versions of XGBoost.
Note: You have installed the 'manylinux2014' variant of XGBoost. Certain features such as GPU algorithms or federated learning are not available. To use these features, please upgrade to a recent Linux distro with glibc 2.28+, and install the 'manylinux_2_28' variant.
  warnings.warn(
/data/home/rtabares/anaconda3/envs/pyth3.12/lib/python3.12/site-packages/xgboost/core.py:377: FutureWarning: Your system has an old version of glibc (< 2.28). We will stop supporting Linux distros with glibc older than 2.28 after **May 31, 2025**. Please upgrade to a recent Linux distro (with glibc >= 2.28) to use future versions of XGBoost.
Note: You have installed the 'manylinux2014' variant of XGBoost. Certain features such as GPU algorithms or federated learning are not available. To use these features, please upgrade to a recent Linux distro with glibc 2.28+, and install the 'manylinux_2_28' variant.
  warnings.warn(
[I 2025-05-26 03:18:08,968] A new study created in memory with name: xgb
Parámetros guardados en checkpoint_default_Dlatent_ft_H/ag/IPC_10/best_models_ag_seed_5_space_latent/knn_best_params.json


>>> Optuna tuning xgb metodo ag IPC 10 seed 5


/data/home/rtabares/anaconda3/envs/pyth3.12/lib/python3.12/site-packages/xgboost/core.py:377: FutureWarning: Your system has an old version of glibc (< 2.28). We will stop supporting Linux distros with glibc older than 2.28 after **May 31, 2025**. Please upgrade to a recent Linux distro (with glibc >= 2.28) to use future versions of XGBoost.
Note: You have installed the 'manylinux2014' variant of XGBoost. Certain features such as GPU algorithms or federated learning are not available. To use these features, please upgrade to a recent Linux distro with glibc 2.28+, and install the 'manylinux_2_28' variant.
  warnings.warn(
/data/home/rtabares/anaconda3/envs/pyth3.12/lib/python3.12/site-packages/xgboost/core.py:377: FutureWarning: Your system has an old version of glibc (< 2.28). We will stop supporting Linux distros with glibc older than 2.28 after **May 31, 2025**. Please upgrade to a recent Linux distro (with glibc >= 2.28) to use future versions of XGBoost.
Note: You have installed the 'manylinux2014' variant of XGBoost. Certain features such as GPU algorithms or federated learning are not available. To use these features, please upgrade to a recent Linux distro with glibc 2.28+, and install the 'manylinux_2_28' variant.
  warnings.warn(
/data/home/rtabares/anaconda3/envs/pyth3.12/lib/python3.12/site-packages/xgboost/core.py:377: FutureWarning: Your system has an old version of glibc (< 2.28). We will stop supporting Linux distros with glibc older than 2.28 after **May 31, 2025**. Please upgrade to a recent Linux distro (with glibc >= 2.28) to use future versions of XGBoost.
Note: You have installed the 'manylinux2014' variant of XGBoost. Certain features such as GPU algorithms or federated learning are not available. To use these features, please upgrade to a recent Linux distro with glibc 2.28+, and install the 'manylinux_2_28' variant.
  warnings.warn(
[I 2025-05-26 03:18:10,245] Trial 0 finished with value: 0.6 and parameters: {'n_estimators': 40, 'max_depth': 5, 'gamma': 0.789317070832284, 'subsample': 0.7592089939364717, 'colsample_bytree': 0.648400250788111}. Best is trial 0 with value: 0.6.
/data/home/rtabares/anaconda3/envs/pyth3.12/lib/python3.12/site-packages/xgboost/core.py:377: FutureWarning: Your system has an old version of glibc (< 2.28). We will stop supporting Linux distros with glibc older than 2.28 after **May 31, 2025**. Please upgrade to a recent Linux distro (with glibc >= 2.28) to use future versions of XGBoost.
Note: You have installed the 'manylinux2014' variant of XGBoost. Certain features such as GPU algorithms or federated learning are not available. To use these features, please upgrade to a recent Linux distro with glibc 2.28+, and install the 'manylinux_2_28' variant.
  warnings.warn(
/data/home/rtabares/anaconda3/envs/pyth3.12/lib/python3.12/site-packages/xgboost/core.py:377: FutureWarning: Your system has an old version of glibc (< 2.28). We will stop supporting Linux distros with glibc older than 2.28 after **May 31, 2025**. Please upgrade to a recent Linux distro (with glibc >= 2.28) to use future versions of XGBoost.
Note: You have installed the 'manylinux2014' variant of XGBoost. Certain features such as GPU algorithms or federated learning are not available. To use these features, please upgrade to a recent Linux distro with glibc 2.28+, and install the 'manylinux_2_28' variant.
  warnings.warn(
[I 2025-05-26 03:18:10,362] Trial 1 finished with value: 0.6 and parameters: {'n_estimators': 100, 'max_depth': 30, 'gamma': 0.34667781579300216, 'subsample': 0.7071175095405257, 'colsample_bytree': 0.6480399663668239}. Best is trial 0 with value: 0.6.
/data/home/rtabares/anaconda3/envs/pyth3.12/lib/python3.12/site-packages/xgboost/core.py:377: FutureWarning: Your system has an old version of glibc (< 2.28). We will stop supporting Linux distros with glibc older than 2.28 after **May 31, 2025**. Please upgrade to a recent Linux distro (with glibc >= 2.28) to use future versions of XGBoost.
Note: You have installed the 'manylinux2014' variant of XGBoost. Certain features such as GPU algorithms or federated learning are not available. To use these features, please upgrade to a recent Linux distro with glibc 2.28+, and install the 'manylinux_2_28' variant.
  warnings.warn(
[I 2025-05-26 03:18:10,401] Trial 2 finished with value: 0.65 and parameters: {'n_estimators': 10, 'max_depth': 20, 'gamma': 0.3948075529198607, 'subsample': 0.5720821503267102, 'colsample_bytree': 0.5828064306006338}. Best is trial 2 with value: 0.65.
/data/home/rtabares/anaconda3/envs/pyth3.12/lib/python3.12/site-packages/xgboost/core.py:377: FutureWarning: Your system has an old version of glibc (< 2.28). We will stop supporting Linux distros with glibc older than 2.28 after **May 31, 2025**. Please upgrade to a recent Linux distro (with glibc >= 2.28) to use future versions of XGBoost.
Note: You have installed the 'manylinux2014' variant of XGBoost. Certain features such as GPU algorithms or federated learning are not available. To use these features, please upgrade to a recent Linux distro with glibc 2.28+, and install the 'manylinux_2_28' variant.
  warnings.warn(
/data/home/rtabares/anaconda3/envs/pyth3.12/lib/python3.12/site-packages/xgboost/core.py:377: FutureWarning: Your system has an old version of glibc (< 2.28). We will stop supporting Linux distros with glibc older than 2.28 after **May 31, 2025**. Please upgrade to a recent Linux distro (with glibc >= 2.28) to use future versions of XGBoost.
Note: You have installed the 'manylinux2014' variant of XGBoost. Certain features such as GPU algorithms or federated learning are not available. To use these features, please upgrade to a recent Linux distro with glibc 2.28+, and install the 'manylinux_2_28' variant.
  warnings.warn(
[I 2025-05-26 03:18:10,439] Trial 3 finished with value: 0.55 and parameters: {'n_estimators': 10, 'max_depth': 30, 'gamma': 0.8015631269999768, 'subsample': 0.5114665462195407, 'colsample_bytree': 0.788831429064878}. Best is trial 2 with value: 0.65.
/data/home/rtabares/anaconda3/envs/pyth3.12/lib/python3.12/site-packages/xgboost/core.py:377: FutureWarning: Your system has an old version of glibc (< 2.28). We will stop supporting Linux distros with glibc older than 2.28 after **May 31, 2025**. Please upgrade to a recent Linux distro (with glibc >= 2.28) to use future versions of XGBoost.
Note: You have installed the 'manylinux2014' variant of XGBoost. Certain features such as GPU algorithms or federated learning are not available. To use these features, please upgrade to a recent Linux distro with glibc 2.28+, and install the 'manylinux_2_28' variant.
  warnings.warn(
/data/home/rtabares/anaconda3/envs/pyth3.12/lib/python3.12/site-packages/xgboost/core.py:377: FutureWarning: Your system has an old version of glibc (< 2.28). We will stop supporting Linux distros with glibc older than 2.28 after **May 31, 2025**. Please upgrade to a recent Linux distro (with glibc >= 2.28) to use future versions of XGBoost.
Note: You have installed the 'manylinux2014' variant of XGBoost. Certain features such as GPU algorithms or federated learning are not available. To use these features, please upgrade to a recent Linux distro with glibc 2.28+, and install the 'manylinux_2_28' variant.
  warnings.warn(
/data/home/rtabares/anaconda3/envs/pyth3.12/lib/python3.12/site-packages/xgboost/core.py:377: FutureWarning: Your system has an old version of glibc (< 2.28). We will stop supporting Linux distros with glibc older than 2.28 after **May 31, 2025**. Please upgrade to a recent Linux distro (with glibc >= 2.28) to use future versions of XGBoost.
Note: You have installed the 'manylinux2014' variant of XGBoost. Certain features such as GPU algorithms or federated learning are not available. To use these features, please upgrade to a recent Linux distro with glibc 2.28+, and install the 'manylinux_2_28' variant.
  warnings.warn(
