[I 2025-05-26 03:29:25,793] Trial 8 finished with value: 0.65 and parameters: {'n_estimators': 100, 'max_depth': 30, 'gamma': 0.2471398756881566, 'subsample': 0.8241126205332553, 'colsample_bytree': 0.6258070715852391}. Best is trial 0 with value: 0.75.
/data/home/rtabares/anaconda3/envs/pyth3.12/lib/python3.12/site-packages/xgboost/core.py:377: FutureWarning: Your system has an old version of glibc (< 2.28). We will stop supporting Linux distros with glibc older than 2.28 after **May 31, 2025**. Please upgrade to a recent Linux distro (with glibc >= 2.28) to use future versions of XGBoost.
Note: You have installed the 'manylinux2014' variant of XGBoost. Certain features such as GPU algorithms or federated learning are not available. To use these features, please upgrade to a recent Linux distro with glibc 2.28+, and install the 'manylinux_2_28' variant.
  warnings.warn(
/data/home/rtabares/anaconda3/envs/pyth3.12/lib/python3.12/site-packages/xgboost/core.py:377: FutureWarning: Your system has an old version of glibc (< 2.28). We will stop supporting Linux distros with glibc older than 2.28 after **May 31, 2025**. Please upgrade to a recent Linux distro (with glibc >= 2.28) to use future versions of XGBoost.
Note: You have installed the 'manylinux2014' variant of XGBoost. Certain features such as GPU algorithms or federated learning are not available. To use these features, please upgrade to a recent Linux distro with glibc 2.28+, and install the 'manylinux_2_28' variant.
  warnings.warn(
[I 2025-05-26 03:29:25,851] Trial 9 finished with value: 0.65 and parameters: {'n_estimators': 40, 'max_depth': 30, 'gamma': 0.8599846034069103, 'subsample': 0.8019332783535529, 'colsample_bytree': 0.7936068454878676}. Best is trial 0 with value: 0.75.
/data/home/rtabares/anaconda3/envs/pyth3.12/lib/python3.12/site-packages/xgboost/core.py:377: FutureWarning: Your system has an old version of glibc (< 2.28). We will stop supporting Linux distros with glibc older than 2.28 after **May 31, 2025**. Please upgrade to a recent Linux distro (with glibc >= 2.28) to use future versions of XGBoost.
Note: You have installed the 'manylinux2014' variant of XGBoost. Certain features such as GPU algorithms or federated learning are not available. To use these features, please upgrade to a recent Linux distro with glibc 2.28+, and install the 'manylinux_2_28' variant.
  warnings.warn(
/data/home/rtabares/anaconda3/envs/pyth3.12/lib/python3.12/site-packages/xgboost/core.py:377: FutureWarning: Your system has an old version of glibc (< 2.28). We will stop supporting Linux distros with glibc older than 2.28 after **May 31, 2025**. Please upgrade to a recent Linux distro (with glibc >= 2.28) to use future versions of XGBoost.
Note: You have installed the 'manylinux2014' variant of XGBoost. Certain features such as GPU algorithms or federated learning are not available. To use these features, please upgrade to a recent Linux distro with glibc 2.28+, and install the 'manylinux_2_28' variant.
  warnings.warn(
/data/home/rtabares/anaconda3/envs/pyth3.12/lib/python3.12/site-packages/xgboost/core.py:377: FutureWarning: Your system has an old version of glibc (< 2.28). We will stop supporting Linux distros with glibc older than 2.28 after **May 31, 2025**. Please upgrade to a recent Linux distro (with glibc >= 2.28) to use future versions of XGBoost.
Note: You have installed the 'manylinux2014' variant of XGBoost. Certain features such as GPU algorithms or federated learning are not available. To use these features, please upgrade to a recent Linux distro with glibc 2.28+, and install the 'manylinux_2_28' variant.
  warnings.warn(
[I 2025-05-26 03:29:25,919] Trial 10 finished with value: 0.5 and parameters: {'n_estimators': 10, 'max_depth': 5, 'gamma': 0.11132541504315885, 'subsample': 0.6518824205184826, 'colsample_bytree': 0.5222467176724002}. Best is trial 0 with value: 0.75.
/data/home/rtabares/anaconda3/envs/pyth3.12/lib/python3.12/site-packages/xgboost/core.py:377: FutureWarning: Your system has an old version of glibc (< 2.28). We will stop supporting Linux distros with glibc older than 2.28 after **May 31, 2025**. Please upgrade to a recent Linux distro (with glibc >= 2.28) to use future versions of XGBoost.
Note: You have installed the 'manylinux2014' variant of XGBoost. Certain features such as GPU algorithms or federated learning are not available. To use these features, please upgrade to a recent Linux distro with glibc 2.28+, and install the 'manylinux_2_28' variant.
  warnings.warn(
/data/home/rtabares/anaconda3/envs/pyth3.12/lib/python3.12/site-packages/xgboost/core.py:377: FutureWarning: Your system has an old version of glibc (< 2.28). We will stop supporting Linux distros with glibc older than 2.28 after **May 31, 2025**. Please upgrade to a recent Linux distro (with glibc >= 2.28) to use future versions of XGBoost.
Note: You have installed the 'manylinux2014' variant of XGBoost. Certain features such as GPU algorithms or federated learning are not available. To use these features, please upgrade to a recent Linux distro with glibc 2.28+, and install the 'manylinux_2_28' variant.
  warnings.warn(
/data/home/rtabares/anaconda3/envs/pyth3.12/lib/python3.12/site-packages/xgboost/core.py:377: FutureWarning: Your system has an old version of glibc (< 2.28). We will stop supporting Linux distros with glibc older than 2.28 after **May 31, 2025**. Please upgrade to a recent Linux distro (with glibc >= 2.28) to use future versions of XGBoost.
Note: You have installed the 'manylinux2014' variant of XGBoost. Certain features such as GPU algorithms or federated learning are not available. To use these features, please upgrade to a recent Linux distro with glibc 2.28+, and install the 'manylinux_2_28' variant.
  warnings.warn(
/data/home/rtabares/anaconda3/envs/pyth3.12/lib/python3.12/site-packages/xgboost/core.py:377: FutureWarning: Your system has an old version of glibc (< 2.28). We will stop supporting Linux distros with glibc older than 2.28 after **May 31, 2025**. Please upgrade to a recent Linux distro (with glibc >= 2.28) to use future versions of XGBoost.
Note: You have installed the 'manylinux2014' variant of XGBoost. Certain features such as GPU algorithms or federated learning are not available. To use these features, please upgrade to a recent Linux distro with glibc 2.28+, and install the 'manylinux_2_28' variant.
  warnings.warn(
[I 2025-05-26 03:29:26,666] Trial 11 finished with value: 0.7 and parameters: {'n_estimators': 10, 'max_depth': 5, 'gamma': 0.6180222197079145, 'subsample': 0.6968689050111856, 'colsample_bytree': 0.5604830254473679}. Best is trial 0 with value: 0.75.
/data/home/rtabares/anaconda3/envs/pyth3.12/lib/python3.12/site-packages/xgboost/core.py:377: FutureWarning: Your system has an old version of glibc (< 2.28). We will stop supporting Linux distros with glibc older than 2.28 after **May 31, 2025**. Please upgrade to a recent Linux distro (with glibc >= 2.28) to use future versions of XGBoost.
Note: You have installed the 'manylinux2014' variant of XGBoost. Certain features such as GPU algorithms or federated learning are not available. To use these features, please upgrade to a recent Linux distro with glibc 2.28+, and install the 'manylinux_2_28' variant.
  warnings.warn(
[I 2025-05-26 03:29:27,363] Trial 12 finished with value: 0.75 and parameters: {'n_estimators': 10, 'max_depth': 30, 'gamma': 0.5077305912019768, 'subsample': 0.7173983192578276, 'colsample_bytree': 0.6339534905975921}. Best is trial 0 with value: 0.75.
[I 2025-05-26 03:29:27,404] Trial 13 finished with value: 0.65 and parameters: {'n_estimators': 10, 'max_depth': 20, 'gamma': 0.7559994211635103, 'subsample': 0.5146749793878775, 'colsample_bytree': 0.6178895405233245}. Best is trial 0 with value: 0.75.
/data/home/rtabares/anaconda3/envs/pyth3.12/lib/python3.12/site-packages/xgboost/core.py:377: FutureWarning: Your system has an old version of glibc (< 2.28). We will stop supporting Linux distros with glibc older than 2.28 after **May 31, 2025**. Please upgrade to a recent Linux distro (with glibc >= 2.28) to use future versions of XGBoost.
Note: You have installed the 'manylinux2014' variant of XGBoost. Certain features such as GPU algorithms or federated learning are not available. To use these features, please upgrade to a recent Linux distro with glibc 2.28+, and install the 'manylinux_2_28' variant.
  warnings.warn(
[I 2025-05-26 03:29:28,091] Trial 14 finished with value: 0.65 and parameters: {'n_estimators': 10, 'max_depth': 5, 'gamma': 0.5942098568179459, 'subsample': 0.8940181087620663, 'colsample_bytree': 0.5013541727082262}. Best is trial 0 with value: 0.75.
[I 2025-05-26 03:29:28,130] Trial 15 finished with value: 0.6 and parameters: {'n_estimators': 10, 'max_depth': 30, 'gamma': 0.4015515469066873, 'subsample': 0.6535326418627257, 'colsample_bytree': 0.6604160045764955}. Best is trial 0 with value: 0.75.
/data/home/rtabares/anaconda3/envs/pyth3.12/lib/python3.12/site-packages/xgboost/core.py:377: FutureWarning: Your system has an old version of glibc (< 2.28). We will stop supporting Linux distros with glibc older than 2.28 after **May 31, 2025**. Please upgrade to a recent Linux distro (with glibc >= 2.28) to use future versions of XGBoost.
Note: You have installed the 'manylinux2014' variant of XGBoost. Certain features such as GPU algorithms or federated learning are not available. To use these features, please upgrade to a recent Linux distro with glibc 2.28+, and install the 'manylinux_2_28' variant.
  warnings.warn(
[I 2025-05-26 03:29:28,828] Trial 16 finished with value: 0.6 and parameters: {'n_estimators': 100, 'max_depth': 20, 'gamma': 0.799768683235276, 'subsample': 0.7305039856406822, 'colsample_bytree': 0.5710570474529844}. Best is trial 0 with value: 0.75.
[I 2025-05-26 03:29:28,867] Trial 17 finished with value: 0.6 and parameters: {'n_estimators': 10, 'max_depth': 30, 'gamma': 0.6225434645728235, 'subsample': 0.8634530608707407, 'colsample_bytree': 0.9933840889987662}. Best is trial 0 with value: 0.75.
/data/home/rtabares/anaconda3/envs/pyth3.12/lib/python3.12/site-packages/xgboost/core.py:377: FutureWarning: Your system has an old version of glibc (< 2.28). We will stop supporting Linux distros with glibc older than 2.28 after **May 31, 2025**. Please upgrade to a recent Linux distro (with glibc >= 2.28) to use future versions of XGBoost.
Note: You have installed the 'manylinux2014' variant of XGBoost. Certain features such as GPU algorithms or federated learning are not available. To use these features, please upgrade to a recent Linux distro with glibc 2.28+, and install the 'manylinux_2_28' variant.
  warnings.warn(
[I 2025-05-26 03:29:29,533] Trial 18 finished with value: 0.7 and parameters: {'n_estimators': 10, 'max_depth': 20, 'gamma': 0.3063451570421238, 'subsample': 0.7749951565298104, 'colsample_bytree': 0.6787697903391149}. Best is trial 0 with value: 0.75.
[I 2025-05-26 03:29:29,585] Trial 19 finished with value: 0.55 and parameters: {'n_estimators': 100, 'max_depth': 5, 'gamma': 0.5187095095508552, 'subsample': 0.6615987847374307, 'colsample_bytree': 0.7858104741672305}. Best is trial 0 with value: 0.75.
[I 2025-05-26 03:29:32,357] A new study created in memory with name: rf
Parámetros guardados en checkpoint_default_Dlatent_ft_H/k-center/IPC_10/best_models_k-center_seed_6_space_original/xgb_best_params.json


>>> Optuna tuning rf metodo k-center IPC 10 seed 6


[I 2025-05-26 03:29:34,240] Trial 0 finished with value: 0.6 and parameters: {'n_estimators': 458, 'max_depth': 8, 'min_samples_split': 9, 'min_samples_leaf': 1}. Best is trial 0 with value: 0.6.
[I 2025-05-26 03:29:34,620] Trial 1 finished with value: 0.65 and parameters: {'n_estimators': 143, 'max_depth': 13, 'min_samples_split': 6, 'min_samples_leaf': 5}. Best is trial 1 with value: 0.65.
[I 2025-05-26 03:29:35,023] Trial 2 finished with value: 0.5 and parameters: {'n_estimators': 234, 'max_depth': 14, 'min_samples_split': 5, 'min_samples_leaf': 8}. Best is trial 1 with value: 0.65.
[I 2025-05-26 03:29:35,413] Trial 3 finished with value: 0.5 and parameters: {'n_estimators': 307, 'max_depth': 13, 'min_samples_split': 7, 'min_samples_leaf': 10}. Best is trial 1 with value: 0.65.
[I 2025-05-26 03:29:35,943] Trial 4 finished with value: 0.5 and parameters: {'n_estimators': 428, 'max_depth': 10, 'min_samples_split': 9, 'min_samples_leaf': 9}. Best is trial 1 with value: 0.65.
[I 2025-05-26 03:29:36,201] Trial 5 finished with value: 0.5 and parameters: {'n_estimators': 121, 'max_depth': 15, 'min_samples_split': 9, 'min_samples_leaf': 8}. Best is trial 1 with value: 0.65.
[I 2025-05-26 03:29:36,661] Trial 6 finished with value: 0.5 and parameters: {'n_estimators': 384, 'max_depth': 12, 'min_samples_split': 3, 'min_samples_leaf': 10}. Best is trial 1 with value: 0.65.
[I 2025-05-26 03:29:37,041] Trial 7 finished with value: 0.5 and parameters: {'n_estimators': 261, 'max_depth': 6, 'min_samples_split': 8, 'min_samples_leaf': 10}. Best is trial 1 with value: 0.65.
[I 2025-05-26 03:29:37,309] Trial 8 finished with value: 0.5 and parameters: {'n_estimators': 202, 'max_depth': 15, 'min_samples_split': 7, 'min_samples_leaf': 8}. Best is trial 1 with value: 0.65.
[I 2025-05-26 03:29:37,891] Trial 9 finished with value: 0.65 and parameters: {'n_estimators': 475, 'max_depth': 9, 'min_samples_split': 4, 'min_samples_leaf': 5}. Best is trial 1 with value: 0.65.
[I 2025-05-26 03:29:38,176] Trial 10 finished with value: 0.7 and parameters: {'n_estimators': 135, 'max_depth': 20, 'min_samples_split': 2, 'min_samples_leaf': 4}. Best is trial 10 with value: 0.7.
[I 2025-05-26 03:29:38,343] Trial 11 finished with value: 0.65 and parameters: {'n_estimators': 107, 'max_depth': 20, 'min_samples_split': 2, 'min_samples_leaf': 4}. Best is trial 10 with value: 0.7.
[I 2025-05-26 03:29:39,316] Trial 12 finished with value: 0.7 and parameters: {'n_estimators': 168, 'max_depth': 19, 'min_samples_split': 5, 'min_samples_leaf': 3}. Best is trial 10 with value: 0.7.
[I 2025-05-26 03:29:40,243] Trial 13 finished with value: 0.6 and parameters: {'n_estimators': 201, 'max_depth': 20, 'min_samples_split': 2, 'min_samples_leaf': 2}. Best is trial 10 with value: 0.7.
[I 2025-05-26 03:29:41,237] Trial 14 finished with value: 0.7 and parameters: {'n_estimators': 170, 'max_depth': 18, 'min_samples_split': 4, 'min_samples_leaf': 3}. Best is trial 10 with value: 0.7.
[I 2025-05-26 03:29:41,641] Trial 15 finished with value: 0.65 and parameters: {'n_estimators': 303, 'max_depth': 17, 'min_samples_split': 5, 'min_samples_leaf': 3}. Best is trial 10 with value: 0.7.
[I 2025-05-26 03:29:42,028] Trial 16 finished with value: 0.7 and parameters: {'n_estimators': 360, 'max_depth': 17, 'min_samples_split': 3, 'min_samples_leaf': 6}. Best is trial 10 with value: 0.7.
[I 2025-05-26 03:29:42,283] Trial 17 finished with value: 0.65 and parameters: {'n_estimators': 172, 'max_depth': 3, 'min_samples_split': 5, 'min_samples_leaf': 6}. Best is trial 10 with value: 0.7.
[I 2025-05-26 03:29:42,647] Trial 18 finished with value: 0.6 and parameters: {'n_estimators': 258, 'max_depth': 19, 'min_samples_split': 3, 'min_samples_leaf': 1}. Best is trial 10 with value: 0.7.
[I 2025-05-26 03:29:42,882] Trial 19 finished with value: 0.7 and parameters: {'n_estimators': 146, 'max_depth': 16, 'min_samples_split': 10, 'min_samples_leaf': 3}. Best is trial 10 with value: 0.7.
[I 2025-05-26 03:29:48,504] A new study created in memory with name: svc
Parámetros guardados en checkpoint_default_Dlatent_ft_H/k-center/IPC_10/best_models_k-center_seed_6_space_original/rf_best_params.json


>>> Optuna tuning svc metodo k-center IPC 10 seed 6


[I 2025-05-26 03:29:49,828] Trial 0 finished with value: 0.8 and parameters: {'C': 37.27697013499731, 'gamma': 0.0021277432488243223}. Best is trial 0 with value: 0.8.
[I 2025-05-26 03:29:49,936] Trial 1 finished with value: 0.7 and parameters: {'C': 19.271543171162776, 'gamma': 0.00014682043379470554}. Best is trial 0 with value: 0.8.
[I 2025-05-26 03:29:49,955] Trial 2 finished with value: 0.6 and parameters: {'C': 0.0269542169583157, 'gamma': 0.023999835049635022}. Best is trial 0 with value: 0.8.
[I 2025-05-26 03:29:49,971] Trial 3 finished with value: 0.6 and parameters: {'C': 1.3160410886450586, 'gamma': 0.0047340159215720195}. Best is trial 0 with value: 0.8.
[I 2025-05-26 03:29:49,986] Trial 4 finished with value: 0.65 and parameters: {'C': 0.21959952535674737, 'gamma': 0.030908485742507576}. Best is trial 0 with value: 0.8.
[I 2025-05-26 03:29:50,011] Trial 5 finished with value: 0.6 and parameters: {'C': 0.5656733313644114, 'gamma': 0.08780685564625502}. Best is trial 0 with value: 0.8.
[I 2025-05-26 03:29:50,026] Trial 6 finished with value: 0.7 and parameters: {'C': 1.1807165425157664, 'gamma': 0.020674470756231633}. Best is trial 0 with value: 0.8.
[I 2025-05-26 03:29:50,039] Trial 7 finished with value: 0.5 and parameters: {'C': 3.8143486186647126, 'gamma': 0.9138966502602072}. Best is trial 0 with value: 0.8.
[I 2025-05-26 03:29:50,054] Trial 8 finished with value: 0.8 and parameters: {'C': 19.029737066374768, 'gamma': 0.004495766421289856}. Best is trial 0 with value: 0.8.
[I 2025-05-26 03:29:50,067] Trial 9 finished with value: 0.55 and parameters: {'C': 31.994153257994277, 'gamma': 0.19725941020937518}. Best is trial 0 with value: 0.8.
[I 2025-05-26 03:29:50,090] Trial 10 finished with value: 0.75 and parameters: {'C': 96.80643961619926, 'gamma': 0.0004009308447180715}. Best is trial 0 with value: 0.8.
[I 2025-05-26 03:29:50,799] Trial 11 finished with value: 0.8 and parameters: {'C': 9.896624772185135, 'gamma': 0.002535147656205105}. Best is trial 0 with value: 0.8.
[I 2025-05-26 03:29:51,519] Trial 12 finished with value: 0.8 and parameters: {'C': 73.14040788468016, 'gamma': 0.0011178094602157474}. Best is trial 0 with value: 0.8.
[I 2025-05-26 03:29:51,543] Trial 13 finished with value: 0.75 and parameters: {'C': 5.512710744479732, 'gamma': 0.001180682681522933}. Best is trial 0 with value: 0.8.
[I 2025-05-26 03:29:51,569] Trial 14 finished with value: 0.8 and parameters: {'C': 28.199473611006507, 'gamma': 0.006894762954990565}. Best is trial 0 with value: 0.8.
[I 2025-05-26 03:29:51,591] Trial 15 finished with value: 0.6 and parameters: {'C': 0.07931370583208394, 'gamma': 0.0005914713254872686}. Best is trial 0 with value: 0.8.
[I 2025-05-26 03:29:51,612] Trial 16 finished with value: 0.6 and parameters: {'C': 3.2002685643795457, 'gamma': 0.00013108517561580927}. Best is trial 0 with value: 0.8.
[I 2025-05-26 03:29:51,634] Trial 17 finished with value: 0.8 and parameters: {'C': 11.712036156313884, 'gamma': 0.0036347217421542365}. Best is trial 0 with value: 0.8.
[I 2025-05-26 03:29:51,657] Trial 18 finished with value: 0.75 and parameters: {'C': 51.25545049160052, 'gamma': 0.011041664001965566}. Best is trial 0 with value: 0.8.
[I 2025-05-26 03:29:51,683] Trial 19 finished with value: 0.75 and parameters: {'C': 0.013103877820334748, 'gamma': 0.0017432090040826558}. Best is trial 0 with value: 0.8.
[I 2025-05-26 03:29:53,545] A new study created in memory with name: logreg
[I 2025-05-26 03:29:53,569] Trial 0 finished with value: 0.7 and parameters: {'C': 29.127335430981816, 'penalty': 'l2'}. Best is trial 0 with value: 0.7.
[I 2025-05-26 03:29:53,594] Trial 1 finished with value: 0.7 and parameters: {'C': 0.045698192893558344, 'penalty': 'l2'}. Best is trial 0 with value: 0.7.
Parámetros guardados en checkpoint_default_Dlatent_ft_H/k-center/IPC_10/best_models_k-center_seed_6_space_original/svc_best_params.json


>>> Optuna tuning logreg metodo k-center IPC 10 seed 6


[I 2025-05-26 03:29:56,689] Trial 2 finished with value: 0.7 and parameters: {'C': 12.768668597712947, 'penalty': 'l2'}. Best is trial 0 with value: 0.7.
[I 2025-05-26 03:29:57,620] Trial 3 finished with value: 0.7 and parameters: {'C': 0.0016161554408462638, 'penalty': 'l2'}. Best is trial 0 with value: 0.7.
[I 2025-05-26 03:29:57,644] Trial 4 finished with value: 0.65 and parameters: {'C': 0.0034536903703241734, 'penalty': 'l2'}. Best is trial 0 with value: 0.7.
[I 2025-05-26 03:29:57,668] Trial 5 finished with value: 0.75 and parameters: {'C': 0.9446269266990148, 'penalty': 'l2'}. Best is trial 5 with value: 0.75.
[I 2025-05-26 03:29:57,692] Trial 6 finished with value: 0.8 and parameters: {'C': 0.4457453393648168, 'penalty': 'l2'}. Best is trial 6 with value: 0.8.
[I 2025-05-26 03:29:57,716] Trial 7 finished with value: 0.8 and parameters: {'C': 0.12417585037258261, 'penalty': 'l2'}. Best is trial 6 with value: 0.8.
[I 2025-05-26 03:29:57,740] Trial 8 finished with value: 0.7 and parameters: {'C': 0.04753781830244093, 'penalty': 'l2'}. Best is trial 6 with value: 0.8.
[I 2025-05-26 03:29:57,764] Trial 9 finished with value: 0.75 and parameters: {'C': 1.2959766028194148, 'penalty': 'l2'}. Best is trial 6 with value: 0.8.
[I 2025-05-26 03:29:57,795] Trial 10 finished with value: 0.7 and parameters: {'C': 4.946841205054163, 'penalty': 'l2'}. Best is trial 6 with value: 0.8.
[I 2025-05-26 03:29:57,827] Trial 11 finished with value: 0.75 and parameters: {'C': 0.06801150404853812, 'penalty': 'l2'}. Best is trial 6 with value: 0.8.
[I 2025-05-26 03:29:57,859] Trial 12 finished with value: 0.8 and parameters: {'C': 0.23713063230044013, 'penalty': 'l2'}. Best is trial 6 with value: 0.8.
[I 2025-05-26 03:29:57,890] Trial 13 finished with value: 0.7 and parameters: {'C': 0.012978769346520513, 'penalty': 'l2'}. Best is trial 6 with value: 0.8.
[I 2025-05-26 03:29:58,566] Trial 14 finished with value: 0.8 and parameters: {'C': 0.30454921027243265, 'penalty': 'l2'}. Best is trial 6 with value: 0.8.
[I 2025-05-26 03:29:58,588] Trial 15 finished with value: 0.7 and parameters: {'C': 96.32399363633401, 'penalty': 'l2'}. Best is trial 6 with value: 0.8.
