[I 2025-05-26 03:29:03,003] Trial 19 finished with value: 0.65 and parameters: {'hidden_layer_sizes': (100, 100), 'max_iter': 100, 'alpha': 0.001}. Best is trial 1 with value: 0.8.
[I 2025-05-26 03:29:05,192] A new study created in memory with name: naive_bayes
Parámetros guardados en checkpoint_default_Dlatent_ft_H/k-center/IPC_10/best_models_k-center_seed_6_space_latent/mlp_best_params.json


>>> Optuna tuning naive_bayes metodo k-center IPC 10 seed 6


[I 2025-05-26 03:29:08,305] Trial 0 finished with value: 0.7 and parameters: {'var_smoothing': 6.10548688762798e-09}. Best is trial 0 with value: 0.7.
[I 2025-05-26 03:29:08,638] Trial 1 finished with value: 0.7 and parameters: {'var_smoothing': 4.6127467400935034e-10}. Best is trial 0 with value: 0.7.
[I 2025-05-26 03:29:08,666] Trial 2 finished with value: 0.7 and parameters: {'var_smoothing': 4.389936579400967e-09}. Best is trial 0 with value: 0.7.
[I 2025-05-26 03:29:08,691] Trial 3 finished with value: 0.7 and parameters: {'var_smoothing': 1.2116948204672054e-10}. Best is trial 0 with value: 0.7.
[I 2025-05-26 03:29:08,708] Trial 4 finished with value: 0.7 and parameters: {'var_smoothing': 1.6417739478477417e-10}. Best is trial 0 with value: 0.7.
[I 2025-05-26 03:29:08,722] Trial 5 finished with value: 0.7 and parameters: {'var_smoothing': 1.5491880147236797e-09}. Best is trial 0 with value: 0.7.
[I 2025-05-26 03:29:08,735] Trial 6 finished with value: 0.7 and parameters: {'var_smoothing': 1.1471883405287265e-09}. Best is trial 0 with value: 0.7.
[I 2025-05-26 03:29:08,749] Trial 7 finished with value: 0.7 and parameters: {'var_smoothing': 6.88041853492358e-10}. Best is trial 0 with value: 0.7.
[I 2025-05-26 03:29:09,428] Trial 8 finished with value: 0.7 and parameters: {'var_smoothing': 4.686144741221158e-10}. Best is trial 0 with value: 0.7.
[I 2025-05-26 03:29:09,453] Trial 9 finished with value: 0.7 and parameters: {'var_smoothing': 1.7580809350683337e-09}. Best is trial 0 with value: 0.7.
[I 2025-05-26 03:29:09,473] Trial 10 finished with value: 0.7 and parameters: {'var_smoothing': 9.83902635509218e-09}. Best is trial 0 with value: 0.7.
[I 2025-05-26 03:29:10,144] Trial 11 finished with value: 0.7 and parameters: {'var_smoothing': 2.660399871603373e-10}. Best is trial 0 with value: 0.7.
[I 2025-05-26 03:29:10,164] Trial 12 finished with value: 0.7 and parameters: {'var_smoothing': 9.276268851540963e-09}. Best is trial 0 with value: 0.7.
[I 2025-05-26 03:29:10,182] Trial 13 finished with value: 0.7 and parameters: {'var_smoothing': 2.9844010685221692e-09}. Best is trial 0 with value: 0.7.
[I 2025-05-26 03:29:10,866] Trial 14 finished with value: 0.7 and parameters: {'var_smoothing': 3.8923309717334116e-10}. Best is trial 0 with value: 0.7.
[I 2025-05-26 03:29:10,897] Trial 15 finished with value: 0.7 and parameters: {'var_smoothing': 3.85461066627204e-09}. Best is trial 0 with value: 0.7.
[I 2025-05-26 03:29:11,612] Trial 16 finished with value: 0.7 and parameters: {'var_smoothing': 7.120907275009211e-10}. Best is trial 0 with value: 0.7.
[I 2025-05-26 03:29:11,632] Trial 17 finished with value: 0.7 and parameters: {'var_smoothing': 2.412486610614855e-10}. Best is trial 0 with value: 0.7.
[I 2025-05-26 03:29:11,652] Trial 18 finished with value: 0.7 and parameters: {'var_smoothing': 2.3580860166954074e-09}. Best is trial 0 with value: 0.7.
[I 2025-05-26 03:29:11,671] Trial 19 finished with value: 0.7 and parameters: {'var_smoothing': 5.846846875339535e-09}. Best is trial 0 with value: 0.7.
/data/home/rtabares/anaconda3/envs/pyth3.12/lib/python3.12/site-packages/xgboost/core.py:377: FutureWarning: Your system has an old version of glibc (< 2.28). We will stop supporting Linux distros with glibc older than 2.28 after **May 31, 2025**. Please upgrade to a recent Linux distro (with glibc >= 2.28) to use future versions of XGBoost.
Note: You have installed the 'manylinux2014' variant of XGBoost. Certain features such as GPU algorithms or federated learning are not available. To use these features, please upgrade to a recent Linux distro with glibc 2.28+, and install the 'manylinux_2_28' variant.
  warnings.warn(
/data/home/rtabares/anaconda3/envs/pyth3.12/lib/python3.12/site-packages/xgboost/core.py:377: FutureWarning: Your system has an old version of glibc (< 2.28). We will stop supporting Linux distros with glibc older than 2.28 after **May 31, 2025**. Please upgrade to a recent Linux distro (with glibc >= 2.28) to use future versions of XGBoost.
Note: You have installed the 'manylinux2014' variant of XGBoost. Certain features such as GPU algorithms or federated learning are not available. To use these features, please upgrade to a recent Linux distro with glibc 2.28+, and install the 'manylinux_2_28' variant.
  warnings.warn(
/data/home/rtabares/anaconda3/envs/pyth3.12/lib/python3.12/site-packages/xgboost/core.py:377: FutureWarning: Your system has an old version of glibc (< 2.28). We will stop supporting Linux distros with glibc older than 2.28 after **May 31, 2025**. Please upgrade to a recent Linux distro (with glibc >= 2.28) to use future versions of XGBoost.
Note: You have installed the 'manylinux2014' variant of XGBoost. Certain features such as GPU algorithms or federated learning are not available. To use these features, please upgrade to a recent Linux distro with glibc 2.28+, and install the 'manylinux_2_28' variant.
  warnings.warn(
[I 2025-05-26 03:29:15,401] A new study created in memory with name: knn
Parámetros guardados en checkpoint_default_Dlatent_ft_H/k-center/IPC_10/best_models_k-center_seed_6_space_latent/naive_bayes_best_params.json


>>> Optuna tuning knn metodo k-center IPC 10 seed 6


[I 2025-05-26 03:29:17,043] Trial 0 finished with value: 0.65 and parameters: {'n_neighbors': 10, 'leaf_size': 26, 'p': 1}. Best is trial 0 with value: 0.65.
[I 2025-05-26 03:29:17,202] Trial 1 finished with value: 0.7 and parameters: {'n_neighbors': 3, 'leaf_size': 32, 'p': 1}. Best is trial 1 with value: 0.7.
[I 2025-05-26 03:29:17,281] Trial 2 finished with value: 0.65 and parameters: {'n_neighbors': 5, 'leaf_size': 33, 'p': 2}. Best is trial 1 with value: 0.7.
[I 2025-05-26 03:29:17,337] Trial 3 finished with value: 0.6 and parameters: {'n_neighbors': 7, 'leaf_size': 32, 'p': 2}. Best is trial 1 with value: 0.7.
[I 2025-05-26 03:29:17,393] Trial 4 finished with value: 0.6 and parameters: {'n_neighbors': 9, 'leaf_size': 28, 'p': 1}. Best is trial 1 with value: 0.7.
[I 2025-05-26 03:29:17,460] Trial 5 finished with value: 0.7 and parameters: {'n_neighbors': 3, 'leaf_size': 35, 'p': 1}. Best is trial 1 with value: 0.7.
[I 2025-05-26 03:29:17,547] Trial 6 finished with value: 0.65 and parameters: {'n_neighbors': 8, 'leaf_size': 31, 'p': 2}. Best is trial 1 with value: 0.7.
[I 2025-05-26 03:29:17,604] Trial 7 finished with value: 0.65 and parameters: {'n_neighbors': 6, 'leaf_size': 24, 'p': 2}. Best is trial 1 with value: 0.7.
[I 2025-05-26 03:29:17,680] Trial 8 finished with value: 0.65 and parameters: {'n_neighbors': 5, 'leaf_size': 34, 'p': 2}. Best is trial 1 with value: 0.7.
[I 2025-05-26 03:29:17,695] Trial 9 finished with value: 0.65 and parameters: {'n_neighbors': 10, 'leaf_size': 27, 'p': 2}. Best is trial 1 with value: 0.7.
[I 2025-05-26 03:29:17,802] Trial 10 finished with value: 0.7 and parameters: {'n_neighbors': 3, 'leaf_size': 40, 'p': 1}. Best is trial 1 with value: 0.7.
[I 2025-05-26 03:29:18,556] Trial 11 finished with value: 0.7 and parameters: {'n_neighbors': 3, 'leaf_size': 38, 'p': 1}. Best is trial 1 with value: 0.7.
[I 2025-05-26 03:29:19,300] Trial 12 finished with value: 0.6 and parameters: {'n_neighbors': 4, 'leaf_size': 36, 'p': 1}. Best is trial 1 with value: 0.7.
[I 2025-05-26 03:29:19,325] Trial 13 finished with value: 0.7 and parameters: {'n_neighbors': 3, 'leaf_size': 20, 'p': 1}. Best is trial 1 with value: 0.7.
[I 2025-05-26 03:29:19,349] Trial 14 finished with value: 0.6 and parameters: {'n_neighbors': 4, 'leaf_size': 36, 'p': 1}. Best is trial 1 with value: 0.7.
[I 2025-05-26 03:29:19,385] Trial 15 finished with value: 0.65 and parameters: {'n_neighbors': 5, 'leaf_size': 29, 'p': 1}. Best is trial 1 with value: 0.7.
[I 2025-05-26 03:29:19,410] Trial 16 finished with value: 0.6 and parameters: {'n_neighbors': 4, 'leaf_size': 35, 'p': 1}. Best is trial 1 with value: 0.7.
[I 2025-05-26 03:29:20,158] Trial 17 finished with value: 0.65 and parameters: {'n_neighbors': 6, 'leaf_size': 40, 'p': 1}. Best is trial 1 with value: 0.7.
[I 2025-05-26 03:29:20,195] Trial 18 finished with value: 0.6 and parameters: {'n_neighbors': 7, 'leaf_size': 30, 'p': 1}. Best is trial 1 with value: 0.7.
[I 2025-05-26 03:29:20,233] Trial 19 finished with value: 0.7 and parameters: {'n_neighbors': 3, 'leaf_size': 38, 'p': 1}. Best is trial 1 with value: 0.7.
/data/home/rtabares/anaconda3/envs/pyth3.12/lib/python3.12/site-packages/xgboost/core.py:377: FutureWarning: Your system has an old version of glibc (< 2.28). We will stop supporting Linux distros with glibc older than 2.28 after **May 31, 2025**. Please upgrade to a recent Linux distro (with glibc >= 2.28) to use future versions of XGBoost.
Note: You have installed the 'manylinux2014' variant of XGBoost. Certain features such as GPU algorithms or federated learning are not available. To use these features, please upgrade to a recent Linux distro with glibc 2.28+, and install the 'manylinux_2_28' variant.
  warnings.warn(
/data/home/rtabares/anaconda3/envs/pyth3.12/lib/python3.12/site-packages/xgboost/core.py:377: FutureWarning: Your system has an old version of glibc (< 2.28). We will stop supporting Linux distros with glibc older than 2.28 after **May 31, 2025**. Please upgrade to a recent Linux distro (with glibc >= 2.28) to use future versions of XGBoost.
Note: You have installed the 'manylinux2014' variant of XGBoost. Certain features such as GPU algorithms or federated learning are not available. To use these features, please upgrade to a recent Linux distro with glibc 2.28+, and install the 'manylinux_2_28' variant.
  warnings.warn(
/data/home/rtabares/anaconda3/envs/pyth3.12/lib/python3.12/site-packages/xgboost/core.py:377: FutureWarning: Your system has an old version of glibc (< 2.28). We will stop supporting Linux distros with glibc older than 2.28 after **May 31, 2025**. Please upgrade to a recent Linux distro (with glibc >= 2.28) to use future versions of XGBoost.
Note: You have installed the 'manylinux2014' variant of XGBoost. Certain features such as GPU algorithms or federated learning are not available. To use these features, please upgrade to a recent Linux distro with glibc 2.28+, and install the 'manylinux_2_28' variant.
  warnings.warn(
[I 2025-05-26 03:29:22,791] A new study created in memory with name: xgb
Parámetros guardados en checkpoint_default_Dlatent_ft_H/k-center/IPC_10/best_models_k-center_seed_6_space_latent/knn_best_params.json


>>> Optuna tuning xgb metodo k-center IPC 10 seed 6


/data/home/rtabares/anaconda3/envs/pyth3.12/lib/python3.12/site-packages/xgboost/core.py:377: FutureWarning: Your system has an old version of glibc (< 2.28). We will stop supporting Linux distros with glibc older than 2.28 after **May 31, 2025**. Please upgrade to a recent Linux distro (with glibc >= 2.28) to use future versions of XGBoost.
Note: You have installed the 'manylinux2014' variant of XGBoost. Certain features such as GPU algorithms or federated learning are not available. To use these features, please upgrade to a recent Linux distro with glibc 2.28+, and install the 'manylinux_2_28' variant.
  warnings.warn(
/data/home/rtabares/anaconda3/envs/pyth3.12/lib/python3.12/site-packages/xgboost/core.py:377: FutureWarning: Your system has an old version of glibc (< 2.28). We will stop supporting Linux distros with glibc older than 2.28 after **May 31, 2025**. Please upgrade to a recent Linux distro (with glibc >= 2.28) to use future versions of XGBoost.
Note: You have installed the 'manylinux2014' variant of XGBoost. Certain features such as GPU algorithms or federated learning are not available. To use these features, please upgrade to a recent Linux distro with glibc 2.28+, and install the 'manylinux_2_28' variant.
  warnings.warn(
[I 2025-05-26 03:29:25,158] Trial 0 finished with value: 0.75 and parameters: {'n_estimators': 10, 'max_depth': 30, 'gamma': 0.5768356259735394, 'subsample': 0.7094037142783272, 'colsample_bytree': 0.6677039246366646}. Best is trial 0 with value: 0.75.
[I 2025-05-26 03:29:25,419] Trial 1 finished with value: 0.55 and parameters: {'n_estimators': 100, 'max_depth': 30, 'gamma': 0.9912018442360747, 'subsample': 0.9099290984609207, 'colsample_bytree': 0.7066004674080903}. Best is trial 0 with value: 0.75.
/data/home/rtabares/anaconda3/envs/pyth3.12/lib/python3.12/site-packages/xgboost/core.py:377: FutureWarning: Your system has an old version of glibc (< 2.28). We will stop supporting Linux distros with glibc older than 2.28 after **May 31, 2025**. Please upgrade to a recent Linux distro (with glibc >= 2.28) to use future versions of XGBoost.
Note: You have installed the 'manylinux2014' variant of XGBoost. Certain features such as GPU algorithms or federated learning are not available. To use these features, please upgrade to a recent Linux distro with glibc 2.28+, and install the 'manylinux_2_28' variant.
  warnings.warn(
[I 2025-05-26 03:29:25,480] Trial 2 finished with value: 0.75 and parameters: {'n_estimators': 10, 'max_depth': 20, 'gamma': 0.7382185757030506, 'subsample': 0.7704684271512641, 'colsample_bytree': 0.5624120871903049}. Best is trial 0 with value: 0.75.
[I 2025-05-26 03:29:25,509] Trial 3 finished with value: 0.65 and parameters: {'n_estimators': 10, 'max_depth': 20, 'gamma': 0.7041784887453524, 'subsample': 0.7995029565695583, 'colsample_bytree': 0.8586660727777565}. Best is trial 0 with value: 0.75.
/data/home/rtabares/anaconda3/envs/pyth3.12/lib/python3.12/site-packages/xgboost/core.py:377: FutureWarning: Your system has an old version of glibc (< 2.28). We will stop supporting Linux distros with glibc older than 2.28 after **May 31, 2025**. Please upgrade to a recent Linux distro (with glibc >= 2.28) to use future versions of XGBoost.
Note: You have installed the 'manylinux2014' variant of XGBoost. Certain features such as GPU algorithms or federated learning are not available. To use these features, please upgrade to a recent Linux distro with glibc 2.28+, and install the 'manylinux_2_28' variant.
  warnings.warn(
/data/home/rtabares/anaconda3/envs/pyth3.12/lib/python3.12/site-packages/xgboost/core.py:377: FutureWarning: Your system has an old version of glibc (< 2.28). We will stop supporting Linux distros with glibc older than 2.28 after **May 31, 2025**. Please upgrade to a recent Linux distro (with glibc >= 2.28) to use future versions of XGBoost.
Note: You have installed the 'manylinux2014' variant of XGBoost. Certain features such as GPU algorithms or federated learning are not available. To use these features, please upgrade to a recent Linux distro with glibc 2.28+, and install the 'manylinux_2_28' variant.
  warnings.warn(
[I 2025-05-26 03:29:25,557] Trial 4 finished with value: 0.6 and parameters: {'n_estimators': 10, 'max_depth': 20, 'gamma': 0.46549701645255037, 'subsample': 0.9946899241400011, 'colsample_bytree': 0.725249640372583}. Best is trial 0 with value: 0.75.
/data/home/rtabares/anaconda3/envs/pyth3.12/lib/python3.12/site-packages/xgboost/core.py:377: FutureWarning: Your system has an old version of glibc (< 2.28). We will stop supporting Linux distros with glibc older than 2.28 after **May 31, 2025**. Please upgrade to a recent Linux distro (with glibc >= 2.28) to use future versions of XGBoost.
Note: You have installed the 'manylinux2014' variant of XGBoost. Certain features such as GPU algorithms or federated learning are not available. To use these features, please upgrade to a recent Linux distro with glibc 2.28+, and install the 'manylinux_2_28' variant.
  warnings.warn(
/data/home/rtabares/anaconda3/envs/pyth3.12/lib/python3.12/site-packages/xgboost/core.py:377: FutureWarning: Your system has an old version of glibc (< 2.28). We will stop supporting Linux distros with glibc older than 2.28 after **May 31, 2025**. Please upgrade to a recent Linux distro (with glibc >= 2.28) to use future versions of XGBoost.
Note: You have installed the 'manylinux2014' variant of XGBoost. Certain features such as GPU algorithms or federated learning are not available. To use these features, please upgrade to a recent Linux distro with glibc 2.28+, and install the 'manylinux_2_28' variant.
  warnings.warn(
/data/home/rtabares/anaconda3/envs/pyth3.12/lib/python3.12/site-packages/xgboost/core.py:377: FutureWarning: Your system has an old version of glibc (< 2.28). We will stop supporting Linux distros with glibc older than 2.28 after **May 31, 2025**. Please upgrade to a recent Linux distro (with glibc >= 2.28) to use future versions of XGBoost.
Note: You have installed the 'manylinux2014' variant of XGBoost. Certain features such as GPU algorithms or federated learning are not available. To use these features, please upgrade to a recent Linux distro with glibc 2.28+, and install the 'manylinux_2_28' variant.
  warnings.warn(
[I 2025-05-26 03:29:25,617] Trial 5 finished with value: 0.65 and parameters: {'n_estimators': 40, 'max_depth': 20, 'gamma': 0.3554734452019276, 'subsample': 0.5947710951851903, 'colsample_bytree': 0.7356254823676576}. Best is trial 0 with value: 0.75.
/data/home/rtabares/anaconda3/envs/pyth3.12/lib/python3.12/site-packages/xgboost/core.py:377: FutureWarning: Your system has an old version of glibc (< 2.28). We will stop supporting Linux distros with glibc older than 2.28 after **May 31, 2025**. Please upgrade to a recent Linux distro (with glibc >= 2.28) to use future versions of XGBoost.
Note: You have installed the 'manylinux2014' variant of XGBoost. Certain features such as GPU algorithms or federated learning are not available. To use these features, please upgrade to a recent Linux distro with glibc 2.28+, and install the 'manylinux_2_28' variant.
  warnings.warn(
/data/home/rtabares/anaconda3/envs/pyth3.12/lib/python3.12/site-packages/xgboost/core.py:377: FutureWarning: Your system has an old version of glibc (< 2.28). We will stop supporting Linux distros with glibc older than 2.28 after **May 31, 2025**. Please upgrade to a recent Linux distro (with glibc >= 2.28) to use future versions of XGBoost.
Note: You have installed the 'manylinux2014' variant of XGBoost. Certain features such as GPU algorithms or federated learning are not available. To use these features, please upgrade to a recent Linux distro with glibc 2.28+, and install the 'manylinux_2_28' variant.
  warnings.warn(
[I 2025-05-26 03:29:25,686] Trial 6 finished with value: 0.6 and parameters: {'n_estimators': 40, 'max_depth': 20, 'gamma': 0.8967376717636345, 'subsample': 0.988276510203839, 'colsample_bytree': 0.9184542964535913}. Best is trial 0 with value: 0.75.
/data/home/rtabares/anaconda3/envs/pyth3.12/lib/python3.12/site-packages/xgboost/core.py:377: FutureWarning: Your system has an old version of glibc (< 2.28). We will stop supporting Linux distros with glibc older than 2.28 after **May 31, 2025**. Please upgrade to a recent Linux distro (with glibc >= 2.28) to use future versions of XGBoost.
Note: You have installed the 'manylinux2014' variant of XGBoost. Certain features such as GPU algorithms or federated learning are not available. To use these features, please upgrade to a recent Linux distro with glibc 2.28+, and install the 'manylinux_2_28' variant.
  warnings.warn(
[I 2025-05-26 03:29:25,746] Trial 7 finished with value: 0.55 and parameters: {'n_estimators': 40, 'max_depth': 30, 'gamma': 0.7149068474388774, 'subsample': 0.5696358027454862, 'colsample_bytree': 0.8514125286992056}. Best is trial 0 with value: 0.75.
/data/home/rtabares/anaconda3/envs/pyth3.12/lib/python3.12/site-packages/xgboost/core.py:377: FutureWarning: Your system has an old version of glibc (< 2.28). We will stop supporting Linux distros with glibc older than 2.28 after **May 31, 2025**. Please upgrade to a recent Linux distro (with glibc >= 2.28) to use future versions of XGBoost.
Note: You have installed the 'manylinux2014' variant of XGBoost. Certain features such as GPU algorithms or federated learning are not available. To use these features, please upgrade to a recent Linux distro with glibc 2.28+, and install the 'manylinux_2_28' variant.
  warnings.warn(
/data/home/rtabares/anaconda3/envs/pyth3.12/lib/python3.12/site-packages/xgboost/core.py:377: FutureWarning: Your system has an old version of glibc (< 2.28). We will stop supporting Linux distros with glibc older than 2.28 after **May 31, 2025**. Please upgrade to a recent Linux distro (with glibc >= 2.28) to use future versions of XGBoost.
Note: You have installed the 'manylinux2014' variant of XGBoost. Certain features such as GPU algorithms or federated learning are not available. To use these features, please upgrade to a recent Linux distro with glibc 2.28+, and install the 'manylinux_2_28' variant.
  warnings.warn(
