[I 2025-05-18 17:28:49,411] Trial 6 finished with value: 0.975 and parameters: {'n_estimators': 10, 'max_depth': 5, 'gamma': 0.9599214907026333, 'subsample': 0.8414569271877088, 'colsample_bytree': 0.5265643453364788}. Best is trial 0 with value: 0.975.
/data/home/rtabares/anaconda3/envs/pyth3.12/lib/python3.12/site-packages/xgboost/core.py:377: FutureWarning: Your system has an old version of glibc (< 2.28). We will stop supporting Linux distros with glibc older than 2.28 after **May 31, 2025**. Please upgrade to a recent Linux distro (with glibc >= 2.28) to use future versions of XGBoost.
Note: You have installed the 'manylinux2014' variant of XGBoost. Certain features such as GPU algorithms or federated learning are not available. To use these features, please upgrade to a recent Linux distro with glibc 2.28+, and install the 'manylinux_2_28' variant.
  warnings.warn(
/data/home/rtabares/anaconda3/envs/pyth3.12/lib/python3.12/site-packages/xgboost/core.py:377: FutureWarning: Your system has an old version of glibc (< 2.28). We will stop supporting Linux distros with glibc older than 2.28 after **May 31, 2025**. Please upgrade to a recent Linux distro (with glibc >= 2.28) to use future versions of XGBoost.
Note: You have installed the 'manylinux2014' variant of XGBoost. Certain features such as GPU algorithms or federated learning are not available. To use these features, please upgrade to a recent Linux distro with glibc 2.28+, and install the 'manylinux_2_28' variant.
  warnings.warn(
[I 2025-05-18 17:28:49,499] Trial 7 finished with value: 0.975 and parameters: {'n_estimators': 40, 'max_depth': 5, 'gamma': 0.5250915966595621, 'subsample': 0.9207383574491986, 'colsample_bytree': 0.565555321173957}. Best is trial 0 with value: 0.975.
/data/home/rtabares/anaconda3/envs/pyth3.12/lib/python3.12/site-packages/xgboost/core.py:377: FutureWarning: Your system has an old version of glibc (< 2.28). We will stop supporting Linux distros with glibc older than 2.28 after **May 31, 2025**. Please upgrade to a recent Linux distro (with glibc >= 2.28) to use future versions of XGBoost.
Note: You have installed the 'manylinux2014' variant of XGBoost. Certain features such as GPU algorithms or federated learning are not available. To use these features, please upgrade to a recent Linux distro with glibc 2.28+, and install the 'manylinux_2_28' variant.
  warnings.warn(
/data/home/rtabares/anaconda3/envs/pyth3.12/lib/python3.12/site-packages/xgboost/core.py:377: FutureWarning: Your system has an old version of glibc (< 2.28). We will stop supporting Linux distros with glibc older than 2.28 after **May 31, 2025**. Please upgrade to a recent Linux distro (with glibc >= 2.28) to use future versions of XGBoost.
Note: You have installed the 'manylinux2014' variant of XGBoost. Certain features such as GPU algorithms or federated learning are not available. To use these features, please upgrade to a recent Linux distro with glibc 2.28+, and install the 'manylinux_2_28' variant.
  warnings.warn(
[I 2025-05-18 17:28:49,567] Trial 8 finished with value: 0.95 and parameters: {'n_estimators': 100, 'max_depth': 5, 'gamma': 0.3919835527051987, 'subsample': 0.6502094521590198, 'colsample_bytree': 0.5827507002328938}. Best is trial 0 with value: 0.975.
/data/home/rtabares/anaconda3/envs/pyth3.12/lib/python3.12/site-packages/xgboost/core.py:377: FutureWarning: Your system has an old version of glibc (< 2.28). We will stop supporting Linux distros with glibc older than 2.28 after **May 31, 2025**. Please upgrade to a recent Linux distro (with glibc >= 2.28) to use future versions of XGBoost.
Note: You have installed the 'manylinux2014' variant of XGBoost. Certain features such as GPU algorithms or federated learning are not available. To use these features, please upgrade to a recent Linux distro with glibc 2.28+, and install the 'manylinux_2_28' variant.
  warnings.warn(
/data/home/rtabares/anaconda3/envs/pyth3.12/lib/python3.12/site-packages/xgboost/core.py:377: FutureWarning: Your system has an old version of glibc (< 2.28). We will stop supporting Linux distros with glibc older than 2.28 after **May 31, 2025**. Please upgrade to a recent Linux distro (with glibc >= 2.28) to use future versions of XGBoost.
Note: You have installed the 'manylinux2014' variant of XGBoost. Certain features such as GPU algorithms or federated learning are not available. To use these features, please upgrade to a recent Linux distro with glibc 2.28+, and install the 'manylinux_2_28' variant.
  warnings.warn(
/data/home/rtabares/anaconda3/envs/pyth3.12/lib/python3.12/site-packages/xgboost/core.py:377: FutureWarning: Your system has an old version of glibc (< 2.28). We will stop supporting Linux distros with glibc older than 2.28 after **May 31, 2025**. Please upgrade to a recent Linux distro (with glibc >= 2.28) to use future versions of XGBoost.
Note: You have installed the 'manylinux2014' variant of XGBoost. Certain features such as GPU algorithms or federated learning are not available. To use these features, please upgrade to a recent Linux distro with glibc 2.28+, and install the 'manylinux_2_28' variant.
  warnings.warn(
[I 2025-05-18 17:28:49,688] Trial 9 finished with value: 0.975 and parameters: {'n_estimators': 100, 'max_depth': 5, 'gamma': 0.8003922413895069, 'subsample': 0.9436444759263674, 'colsample_bytree': 0.8374593849333938}. Best is trial 0 with value: 0.975.
/data/home/rtabares/anaconda3/envs/pyth3.12/lib/python3.12/site-packages/xgboost/core.py:377: FutureWarning: Your system has an old version of glibc (< 2.28). We will stop supporting Linux distros with glibc older than 2.28 after **May 31, 2025**. Please upgrade to a recent Linux distro (with glibc >= 2.28) to use future versions of XGBoost.
Note: You have installed the 'manylinux2014' variant of XGBoost. Certain features such as GPU algorithms or federated learning are not available. To use these features, please upgrade to a recent Linux distro with glibc 2.28+, and install the 'manylinux_2_28' variant.
  warnings.warn(
/data/home/rtabares/anaconda3/envs/pyth3.12/lib/python3.12/site-packages/xgboost/core.py:377: FutureWarning: Your system has an old version of glibc (< 2.28). We will stop supporting Linux distros with glibc older than 2.28 after **May 31, 2025**. Please upgrade to a recent Linux distro (with glibc >= 2.28) to use future versions of XGBoost.
Note: You have installed the 'manylinux2014' variant of XGBoost. Certain features such as GPU algorithms or federated learning are not available. To use these features, please upgrade to a recent Linux distro with glibc 2.28+, and install the 'manylinux_2_28' variant.
  warnings.warn(
[I 2025-05-18 17:29:02,967] A new study created in memory with name: rf
[I 2025-05-18 17:29:05,377] Trial 0 finished with value: 0.975 and parameters: {'n_estimators': 130, 'max_depth': 17, 'min_samples_split': 5, 'min_samples_leaf': 8}. Best is trial 0 with value: 0.975.
Parámetros guardados en checkpoint_shoppers_Dlatent_F/k-means/IPC_17/best_models_k-means_seed_7_space_latent/xgb_best_params.json


>>> Optuna tuning rf metodo k-means IPC 17 seed 7


[I 2025-05-18 17:29:06,824] Trial 1 finished with value: 0.975 and parameters: {'n_estimators': 492, 'max_depth': 12, 'min_samples_split': 6, 'min_samples_leaf': 1}. Best is trial 0 with value: 0.975.
[I 2025-05-18 17:29:07,893] Trial 2 finished with value: 0.975 and parameters: {'n_estimators': 207, 'max_depth': 11, 'min_samples_split': 8, 'min_samples_leaf': 9}. Best is trial 0 with value: 0.975.
[I 2025-05-18 17:29:08,919] Trial 3 finished with value: 0.975 and parameters: {'n_estimators': 252, 'max_depth': 4, 'min_samples_split': 4, 'min_samples_leaf': 10}. Best is trial 0 with value: 0.975.
[I 2025-05-18 17:29:09,322] Trial 4 finished with value: 0.975 and parameters: {'n_estimators': 185, 'max_depth': 11, 'min_samples_split': 10, 'min_samples_leaf': 1}. Best is trial 0 with value: 0.975.
[I 2025-05-18 17:29:09,857] Trial 5 finished with value: 0.975 and parameters: {'n_estimators': 340, 'max_depth': 20, 'min_samples_split': 4, 'min_samples_leaf': 6}. Best is trial 0 with value: 0.975.
[I 2025-05-18 17:29:10,737] Trial 6 finished with value: 0.975 and parameters: {'n_estimators': 464, 'max_depth': 5, 'min_samples_split': 6, 'min_samples_leaf': 8}. Best is trial 0 with value: 0.975.
[I 2025-05-18 17:29:11,696] Trial 7 finished with value: 0.975 and parameters: {'n_estimators': 368, 'max_depth': 11, 'min_samples_split': 3, 'min_samples_leaf': 5}. Best is trial 0 with value: 0.975.
[I 2025-05-18 17:29:12,480] Trial 8 finished with value: 0.975 and parameters: {'n_estimators': 249, 'max_depth': 11, 'min_samples_split': 5, 'min_samples_leaf': 9}. Best is trial 0 with value: 0.975.
[I 2025-05-18 17:29:13,635] Trial 9 finished with value: 1.0 and parameters: {'n_estimators': 408, 'max_depth': 8, 'min_samples_split': 7, 'min_samples_leaf': 3}. Best is trial 9 with value: 1.0.
[I 2025-05-18 17:29:22,292] A new study created in memory with name: svc
Parámetros guardados en checkpoint_shoppers_Dlatent_F/k-means/IPC_17/best_models_k-means_seed_7_space_latent/rf_best_params.json


>>> Optuna tuning svc metodo k-means IPC 17 seed 7


[I 2025-05-18 17:29:23,224] Trial 0 finished with value: 0.4 and parameters: {'C': 0.020194502448102298, 'gamma': 0.13172711156111802}. Best is trial 0 with value: 0.4.
[I 2025-05-18 17:29:23,238] Trial 1 finished with value: 0.4 and parameters: {'C': 0.5670703311028815, 'gamma': 0.0783178418343345}. Best is trial 0 with value: 0.4.
[I 2025-05-18 17:29:23,987] Trial 2 finished with value: 0.4583333333333333 and parameters: {'C': 81.65034948781698, 'gamma': 0.014255533717547383}. Best is trial 2 with value: 0.4583333333333333.
[I 2025-05-18 17:29:24,002] Trial 3 finished with value: 0.5666666666666667 and parameters: {'C': 1.0103732850016278, 'gamma': 0.00019418001640357854}. Best is trial 3 with value: 0.5666666666666667.
[I 2025-05-18 17:29:24,016] Trial 4 finished with value: 0.5333333333333333 and parameters: {'C': 0.11851025167261421, 'gamma': 0.00998918377985214}. Best is trial 3 with value: 0.5666666666666667.
[I 2025-05-18 17:29:24,029] Trial 5 finished with value: 0.16666666666666666 and parameters: {'C': 5.2109869371584665, 'gamma': 0.16404241128227343}. Best is trial 3 with value: 0.5666666666666667.
[I 2025-05-18 17:29:24,044] Trial 6 finished with value: 0.5666666666666667 and parameters: {'C': 0.3340138940215422, 'gamma': 0.00018354619576988685}. Best is trial 3 with value: 0.5666666666666667.
[I 2025-05-18 17:29:24,058] Trial 7 finished with value: 0.4 and parameters: {'C': 0.1420961781588805, 'gamma': 0.434884682155233}. Best is trial 3 with value: 0.5666666666666667.
[I 2025-05-18 17:29:24,071] Trial 8 finished with value: 0.5666666666666667 and parameters: {'C': 0.07137422643361827, 'gamma': 0.006434219125545069}. Best is trial 3 with value: 0.5666666666666667.
[I 2025-05-18 17:29:24,086] Trial 9 finished with value: 0.4916666666666666 and parameters: {'C': 53.066944048916255, 'gamma': 0.00012577574840733457}. Best is trial 3 with value: 0.5666666666666667.
[I 2025-05-18 17:29:26,768] A new study created in memory with name: logreg
Parámetros guardados en checkpoint_shoppers_Dlatent_F/k-means/IPC_17/best_models_k-means_seed_7_space_latent/svc_best_params.json


>>> Optuna tuning logreg metodo k-means IPC 17 seed 7


[I 2025-05-18 17:29:29,757] Trial 0 finished with value: 0.6083333333333333 and parameters: {'C': 0.002407362254570802, 'penalty': 'l2'}. Best is trial 0 with value: 0.6083333333333333.
[I 2025-05-18 17:29:30,784] Trial 1 finished with value: 0.8333333333333334 and parameters: {'C': 7.935859334260497, 'penalty': 'l2'}. Best is trial 1 with value: 0.8333333333333334.
[I 2025-05-18 17:29:30,812] Trial 2 finished with value: 0.7 and parameters: {'C': 0.15561310098067915, 'penalty': 'l2'}. Best is trial 1 with value: 0.8333333333333334.
[I 2025-05-18 17:29:30,847] Trial 3 finished with value: 0.8333333333333334 and parameters: {'C': 4.143104515916128, 'penalty': 'l2'}. Best is trial 1 with value: 0.8333333333333334.
[I 2025-05-18 17:29:30,874] Trial 4 finished with value: 0.8666666666666666 and parameters: {'C': 77.61533923098803, 'penalty': 'l2'}. Best is trial 4 with value: 0.8666666666666666.
[I 2025-05-18 17:29:30,911] Trial 5 finished with value: 0.7749999999999999 and parameters: {'C': 0.49258292359934785, 'penalty': 'l2'}. Best is trial 4 with value: 0.8666666666666666.
[I 2025-05-18 17:29:30,946] Trial 6 finished with value: 0.7333333333333333 and parameters: {'C': 0.320333470047146, 'penalty': 'l2'}. Best is trial 4 with value: 0.8666666666666666.
[I 2025-05-18 17:29:30,963] Trial 7 finished with value: 0.6083333333333333 and parameters: {'C': 0.002292216671132896, 'penalty': 'l2'}. Best is trial 4 with value: 0.8666666666666666.
[I 2025-05-18 17:29:30,988] Trial 8 finished with value: 0.6416666666666666 and parameters: {'C': 0.0219884643872214, 'penalty': 'l2'}. Best is trial 4 with value: 0.8666666666666666.
[I 2025-05-18 17:29:31,014] Trial 9 finished with value: 0.7333333333333333 and parameters: {'C': 0.31580027519646636, 'penalty': 'l2'}. Best is trial 4 with value: 0.8666666666666666.
[I 2025-05-18 17:29:34,206] A new study created in memory with name: mlp
Parámetros guardados en checkpoint_shoppers_Dlatent_F/k-means/IPC_17/best_models_k-means_seed_7_space_latent/logreg_best_params.json


>>> Optuna tuning mlp metodo k-means IPC 17 seed 7


/data/home/rtabares/anaconda3/envs/pyth3.12/lib/python3.12/site-packages/sklearn/neural_network/_multilayer_perceptron.py:691: ConvergenceWarning: Stochastic Optimizer: Maximum iterations (100) reached and the optimization hasn't converged yet.
  warnings.warn(
/data/home/rtabares/anaconda3/envs/pyth3.12/lib/python3.12/site-packages/sklearn/neural_network/_multilayer_perceptron.py:691: ConvergenceWarning: Stochastic Optimizer: Maximum iterations (100) reached and the optimization hasn't converged yet.
  warnings.warn(
/data/home/rtabares/anaconda3/envs/pyth3.12/lib/python3.12/site-packages/sklearn/neural_network/_multilayer_perceptron.py:691: ConvergenceWarning: Stochastic Optimizer: Maximum iterations (100) reached and the optimization hasn't converged yet.
  warnings.warn(
/data/home/rtabares/anaconda3/envs/pyth3.12/lib/python3.12/site-packages/sklearn/neural_network/_multilayer_perceptron.py:691: ConvergenceWarning: Stochastic Optimizer: Maximum iterations (100) reached and the optimization hasn't converged yet.
  warnings.warn(
/data/home/rtabares/anaconda3/envs/pyth3.12/lib/python3.12/site-packages/sklearn/neural_network/_multilayer_perceptron.py:691: ConvergenceWarning: Stochastic Optimizer: Maximum iterations (100) reached and the optimization hasn't converged yet.
  warnings.warn(
[I 2025-05-18 17:29:37,349] Trial 0 finished with value: 0.625 and parameters: {'hidden_layer_sizes': (200,), 'max_iter': 100, 'alpha': 0.0001}. Best is trial 0 with value: 0.625.
/data/home/rtabares/anaconda3/envs/pyth3.12/lib/python3.12/site-packages/sklearn/neural_network/_multilayer_perceptron.py:691: ConvergenceWarning: Stochastic Optimizer: Maximum iterations (100) reached and the optimization hasn't converged yet.
  warnings.warn(
/data/home/rtabares/anaconda3/envs/pyth3.12/lib/python3.12/site-packages/sklearn/neural_network/_multilayer_perceptron.py:691: ConvergenceWarning: Stochastic Optimizer: Maximum iterations (100) reached and the optimization hasn't converged yet.
  warnings.warn(
/data/home/rtabares/anaconda3/envs/pyth3.12/lib/python3.12/site-packages/sklearn/neural_network/_multilayer_perceptron.py:691: ConvergenceWarning: Stochastic Optimizer: Maximum iterations (100) reached and the optimization hasn't converged yet.
  warnings.warn(
[I 2025-05-18 17:29:38,163] Trial 1 finished with value: 0.6 and parameters: {'hidden_layer_sizes': (100, 100), 'max_iter': 100, 'alpha': 0.0001}. Best is trial 0 with value: 0.625.
/data/home/rtabares/anaconda3/envs/pyth3.12/lib/python3.12/site-packages/sklearn/neural_network/_multilayer_perceptron.py:691: ConvergenceWarning: Stochastic Optimizer: Maximum iterations (100) reached and the optimization hasn't converged yet.
  warnings.warn(
/data/home/rtabares/anaconda3/envs/pyth3.12/lib/python3.12/site-packages/sklearn/neural_network/_multilayer_perceptron.py:691: ConvergenceWarning: Stochastic Optimizer: Maximum iterations (100) reached and the optimization hasn't converged yet.
  warnings.warn(
/data/home/rtabares/anaconda3/envs/pyth3.12/lib/python3.12/site-packages/sklearn/neural_network/_multilayer_perceptron.py:691: ConvergenceWarning: Stochastic Optimizer: Maximum iterations (100) reached and the optimization hasn't converged yet.
  warnings.warn(
[I 2025-05-18 17:29:38,977] Trial 2 finished with value: 0.65 and parameters: {'hidden_layer_sizes': (200,), 'max_iter': 100, 'alpha': 0.001}. Best is trial 2 with value: 0.65.
/data/home/rtabares/anaconda3/envs/pyth3.12/lib/python3.12/site-packages/sklearn/neural_network/_multilayer_perceptron.py:691: ConvergenceWarning: Stochastic Optimizer: Maximum iterations (50) reached and the optimization hasn't converged yet.
  warnings.warn(
/data/home/rtabares/anaconda3/envs/pyth3.12/lib/python3.12/site-packages/sklearn/neural_network/_multilayer_perceptron.py:691: ConvergenceWarning: Stochastic Optimizer: Maximum iterations (50) reached and the optimization hasn't converged yet.
  warnings.warn(
/data/home/rtabares/anaconda3/envs/pyth3.12/lib/python3.12/site-packages/sklearn/neural_network/_multilayer_perceptron.py:691: ConvergenceWarning: Stochastic Optimizer: Maximum iterations (50) reached and the optimization hasn't converged yet.
  warnings.warn(
/data/home/rtabares/anaconda3/envs/pyth3.12/lib/python3.12/site-packages/sklearn/neural_network/_multilayer_perceptron.py:691: ConvergenceWarning: Stochastic Optimizer: Maximum iterations (50) reached and the optimization hasn't converged yet.
  warnings.warn(
[I 2025-05-18 17:29:39,749] Trial 3 finished with value: 0.575 and parameters: {'hidden_layer_sizes': (100,), 'max_iter': 50, 'alpha': 0.001}. Best is trial 2 with value: 0.65.
/data/home/rtabares/anaconda3/envs/pyth3.12/lib/python3.12/site-packages/sklearn/neural_network/_multilayer_perceptron.py:691: ConvergenceWarning: Stochastic Optimizer: Maximum iterations (50) reached and the optimization hasn't converged yet.
  warnings.warn(
/data/home/rtabares/anaconda3/envs/pyth3.12/lib/python3.12/site-packages/sklearn/neural_network/_multilayer_perceptron.py:691: ConvergenceWarning: Stochastic Optimizer: Maximum iterations (50) reached and the optimization hasn't converged yet.
  warnings.warn(
/data/home/rtabares/anaconda3/envs/pyth3.12/lib/python3.12/site-packages/sklearn/neural_network/_multilayer_perceptron.py:691: ConvergenceWarning: Stochastic Optimizer: Maximum iterations (50) reached and the optimization hasn't converged yet.
  warnings.warn(
/data/home/rtabares/anaconda3/envs/pyth3.12/lib/python3.12/site-packages/sklearn/neural_network/_multilayer_perceptron.py:691: ConvergenceWarning: Stochastic Optimizer: Maximum iterations (50) reached and the optimization hasn't converged yet.
  warnings.warn(
/data/home/rtabares/anaconda3/envs/pyth3.12/lib/python3.12/site-packages/sklearn/neural_network/_multilayer_perceptron.py:691: ConvergenceWarning: Stochastic Optimizer: Maximum iterations (50) reached and the optimization hasn't converged yet.
  warnings.warn(
[I 2025-05-18 17:29:39,795] Trial 4 finished with value: 0.5583333333333333 and parameters: {'hidden_layer_sizes': (100,), 'max_iter': 50, 'alpha': 0.0001}. Best is trial 2 with value: 0.65.
/data/home/rtabares/anaconda3/envs/pyth3.12/lib/python3.12/site-packages/sklearn/neural_network/_multilayer_perceptron.py:691: ConvergenceWarning: Stochastic Optimizer: Maximum iterations (50) reached and the optimization hasn't converged yet.
  warnings.warn(
/data/home/rtabares/anaconda3/envs/pyth3.12/lib/python3.12/site-packages/sklearn/neural_network/_multilayer_perceptron.py:691: ConvergenceWarning: Stochastic Optimizer: Maximum iterations (50) reached and the optimization hasn't converged yet.
  warnings.warn(
/data/home/rtabares/anaconda3/envs/pyth3.12/lib/python3.12/site-packages/sklearn/neural_network/_multilayer_perceptron.py:691: ConvergenceWarning: Stochastic Optimizer: Maximum iterations (50) reached and the optimization hasn't converged yet.
  warnings.warn(
/data/home/rtabares/anaconda3/envs/pyth3.12/lib/python3.12/site-packages/sklearn/neural_network/_multilayer_perceptron.py:691: ConvergenceWarning: Stochastic Optimizer: Maximum iterations (50) reached and the optimization hasn't converged yet.
  warnings.warn(
