[I 2025-05-18 17:21:31,650] Trial 6 finished with value: 0.9416666666666667 and parameters: {'n_estimators': 40, 'max_depth': 20, 'gamma': 0.8967376717636345, 'subsample': 0.988276510203839, 'colsample_bytree': 0.9184542964535913}. Best is trial 0 with value: 0.9416666666666667.
/data/home/rtabares/anaconda3/envs/pyth3.12/lib/python3.12/site-packages/xgboost/core.py:377: FutureWarning: Your system has an old version of glibc (< 2.28). We will stop supporting Linux distros with glibc older than 2.28 after **May 31, 2025**. Please upgrade to a recent Linux distro (with glibc >= 2.28) to use future versions of XGBoost.
Note: You have installed the 'manylinux2014' variant of XGBoost. Certain features such as GPU algorithms or federated learning are not available. To use these features, please upgrade to a recent Linux distro with glibc 2.28+, and install the 'manylinux_2_28' variant.
  warnings.warn(
/data/home/rtabares/anaconda3/envs/pyth3.12/lib/python3.12/site-packages/xgboost/core.py:377: FutureWarning: Your system has an old version of glibc (< 2.28). We will stop supporting Linux distros with glibc older than 2.28 after **May 31, 2025**. Please upgrade to a recent Linux distro (with glibc >= 2.28) to use future versions of XGBoost.
Note: You have installed the 'manylinux2014' variant of XGBoost. Certain features such as GPU algorithms or federated learning are not available. To use these features, please upgrade to a recent Linux distro with glibc 2.28+, and install the 'manylinux_2_28' variant.
  warnings.warn(
/data/home/rtabares/anaconda3/envs/pyth3.12/lib/python3.12/site-packages/xgboost/core.py:377: FutureWarning: Your system has an old version of glibc (< 2.28). We will stop supporting Linux distros with glibc older than 2.28 after **May 31, 2025**. Please upgrade to a recent Linux distro (with glibc >= 2.28) to use future versions of XGBoost.
Note: You have installed the 'manylinux2014' variant of XGBoost. Certain features such as GPU algorithms or federated learning are not available. To use these features, please upgrade to a recent Linux distro with glibc 2.28+, and install the 'manylinux_2_28' variant.
  warnings.warn(
[I 2025-05-18 17:21:31,725] Trial 7 finished with value: 0.9416666666666667 and parameters: {'n_estimators': 40, 'max_depth': 30, 'gamma': 0.7149068474388774, 'subsample': 0.5696358027454862, 'colsample_bytree': 0.8514125286992056}. Best is trial 0 with value: 0.9416666666666667.
/data/home/rtabares/anaconda3/envs/pyth3.12/lib/python3.12/site-packages/xgboost/core.py:377: FutureWarning: Your system has an old version of glibc (< 2.28). We will stop supporting Linux distros with glibc older than 2.28 after **May 31, 2025**. Please upgrade to a recent Linux distro (with glibc >= 2.28) to use future versions of XGBoost.
Note: You have installed the 'manylinux2014' variant of XGBoost. Certain features such as GPU algorithms or federated learning are not available. To use these features, please upgrade to a recent Linux distro with glibc 2.28+, and install the 'manylinux_2_28' variant.
  warnings.warn(
/data/home/rtabares/anaconda3/envs/pyth3.12/lib/python3.12/site-packages/xgboost/core.py:377: FutureWarning: Your system has an old version of glibc (< 2.28). We will stop supporting Linux distros with glibc older than 2.28 after **May 31, 2025**. Please upgrade to a recent Linux distro (with glibc >= 2.28) to use future versions of XGBoost.
Note: You have installed the 'manylinux2014' variant of XGBoost. Certain features such as GPU algorithms or federated learning are not available. To use these features, please upgrade to a recent Linux distro with glibc 2.28+, and install the 'manylinux_2_28' variant.
  warnings.warn(
/data/home/rtabares/anaconda3/envs/pyth3.12/lib/python3.12/site-packages/xgboost/core.py:377: FutureWarning: Your system has an old version of glibc (< 2.28). We will stop supporting Linux distros with glibc older than 2.28 after **May 31, 2025**. Please upgrade to a recent Linux distro (with glibc >= 2.28) to use future versions of XGBoost.
Note: You have installed the 'manylinux2014' variant of XGBoost. Certain features such as GPU algorithms or federated learning are not available. To use these features, please upgrade to a recent Linux distro with glibc 2.28+, and install the 'manylinux_2_28' variant.
  warnings.warn(
[I 2025-05-18 17:21:31,839] Trial 8 finished with value: 0.9416666666666667 and parameters: {'n_estimators': 100, 'max_depth': 30, 'gamma': 0.2471398756881566, 'subsample': 0.8241126205332553, 'colsample_bytree': 0.6258070715852391}. Best is trial 0 with value: 0.9416666666666667.
/data/home/rtabares/anaconda3/envs/pyth3.12/lib/python3.12/site-packages/xgboost/core.py:377: FutureWarning: Your system has an old version of glibc (< 2.28). We will stop supporting Linux distros with glibc older than 2.28 after **May 31, 2025**. Please upgrade to a recent Linux distro (with glibc >= 2.28) to use future versions of XGBoost.
Note: You have installed the 'manylinux2014' variant of XGBoost. Certain features such as GPU algorithms or federated learning are not available. To use these features, please upgrade to a recent Linux distro with glibc 2.28+, and install the 'manylinux_2_28' variant.
  warnings.warn(
/data/home/rtabares/anaconda3/envs/pyth3.12/lib/python3.12/site-packages/xgboost/core.py:377: FutureWarning: Your system has an old version of glibc (< 2.28). We will stop supporting Linux distros with glibc older than 2.28 after **May 31, 2025**. Please upgrade to a recent Linux distro (with glibc >= 2.28) to use future versions of XGBoost.
Note: You have installed the 'manylinux2014' variant of XGBoost. Certain features such as GPU algorithms or federated learning are not available. To use these features, please upgrade to a recent Linux distro with glibc 2.28+, and install the 'manylinux_2_28' variant.
  warnings.warn(
/data/home/rtabares/anaconda3/envs/pyth3.12/lib/python3.12/site-packages/xgboost/core.py:377: FutureWarning: Your system has an old version of glibc (< 2.28). We will stop supporting Linux distros with glibc older than 2.28 after **May 31, 2025**. Please upgrade to a recent Linux distro (with glibc >= 2.28) to use future versions of XGBoost.
Note: You have installed the 'manylinux2014' variant of XGBoost. Certain features such as GPU algorithms or federated learning are not available. To use these features, please upgrade to a recent Linux distro with glibc 2.28+, and install the 'manylinux_2_28' variant.
  warnings.warn(
/data/home/rtabares/anaconda3/envs/pyth3.12/lib/python3.12/site-packages/xgboost/core.py:377: FutureWarning: Your system has an old version of glibc (< 2.28). We will stop supporting Linux distros with glibc older than 2.28 after **May 31, 2025**. Please upgrade to a recent Linux distro (with glibc >= 2.28) to use future versions of XGBoost.
Note: You have installed the 'manylinux2014' variant of XGBoost. Certain features such as GPU algorithms or federated learning are not available. To use these features, please upgrade to a recent Linux distro with glibc 2.28+, and install the 'manylinux_2_28' variant.
  warnings.warn(
[I 2025-05-18 17:21:31,935] Trial 9 finished with value: 0.9416666666666667 and parameters: {'n_estimators': 40, 'max_depth': 30, 'gamma': 0.8599846034069103, 'subsample': 0.8019332783535529, 'colsample_bytree': 0.7936068454878676}. Best is trial 0 with value: 0.9416666666666667.
/data/home/rtabares/anaconda3/envs/pyth3.12/lib/python3.12/site-packages/xgboost/core.py:377: FutureWarning: Your system has an old version of glibc (< 2.28). We will stop supporting Linux distros with glibc older than 2.28 after **May 31, 2025**. Please upgrade to a recent Linux distro (with glibc >= 2.28) to use future versions of XGBoost.
Note: You have installed the 'manylinux2014' variant of XGBoost. Certain features such as GPU algorithms or federated learning are not available. To use these features, please upgrade to a recent Linux distro with glibc 2.28+, and install the 'manylinux_2_28' variant.
  warnings.warn(
/data/home/rtabares/anaconda3/envs/pyth3.12/lib/python3.12/site-packages/xgboost/core.py:377: FutureWarning: Your system has an old version of glibc (< 2.28). We will stop supporting Linux distros with glibc older than 2.28 after **May 31, 2025**. Please upgrade to a recent Linux distro (with glibc >= 2.28) to use future versions of XGBoost.
Note: You have installed the 'manylinux2014' variant of XGBoost. Certain features such as GPU algorithms or federated learning are not available. To use these features, please upgrade to a recent Linux distro with glibc 2.28+, and install the 'manylinux_2_28' variant.
  warnings.warn(
/data/home/rtabares/anaconda3/envs/pyth3.12/lib/python3.12/site-packages/xgboost/core.py:377: FutureWarning: Your system has an old version of glibc (< 2.28). We will stop supporting Linux distros with glibc older than 2.28 after **May 31, 2025**. Please upgrade to a recent Linux distro (with glibc >= 2.28) to use future versions of XGBoost.
Note: You have installed the 'manylinux2014' variant of XGBoost. Certain features such as GPU algorithms or federated learning are not available. To use these features, please upgrade to a recent Linux distro with glibc 2.28+, and install the 'manylinux_2_28' variant.
  warnings.warn(
/data/home/rtabares/anaconda3/envs/pyth3.12/lib/python3.12/site-packages/xgboost/core.py:377: FutureWarning: Your system has an old version of glibc (< 2.28). We will stop supporting Linux distros with glibc older than 2.28 after **May 31, 2025**. Please upgrade to a recent Linux distro (with glibc >= 2.28) to use future versions of XGBoost.
Note: You have installed the 'manylinux2014' variant of XGBoost. Certain features such as GPU algorithms or federated learning are not available. To use these features, please upgrade to a recent Linux distro with glibc 2.28+, and install the 'manylinux_2_28' variant.
  warnings.warn(
[I 2025-05-18 17:21:44,879] A new study created in memory with name: rf
Parámetros guardados en checkpoint_shoppers_Dlatent_F/lc/IPC_17/best_models_lc_seed_6_space_latent/xgb_best_params.json


>>> Optuna tuning rf metodo lc IPC 17 seed 6


[I 2025-05-18 17:21:46,424] Trial 0 finished with value: 0.9333333333333332 and parameters: {'n_estimators': 458, 'max_depth': 8, 'min_samples_split': 9, 'min_samples_leaf': 1}. Best is trial 0 with value: 0.9333333333333332.
[I 2025-05-18 17:21:47,436] Trial 1 finished with value: 0.9333333333333332 and parameters: {'n_estimators': 143, 'max_depth': 13, 'min_samples_split': 6, 'min_samples_leaf': 5}. Best is trial 0 with value: 0.9333333333333332.
[I 2025-05-18 17:21:48,511] Trial 2 finished with value: 0.9333333333333332 and parameters: {'n_estimators': 234, 'max_depth': 14, 'min_samples_split': 5, 'min_samples_leaf': 8}. Best is trial 0 with value: 0.9333333333333332.
[I 2025-05-18 17:21:49,728] Trial 3 finished with value: 0.9416666666666667 and parameters: {'n_estimators': 307, 'max_depth': 13, 'min_samples_split': 7, 'min_samples_leaf': 10}. Best is trial 3 with value: 0.9416666666666667.
[I 2025-05-18 17:21:50,528] Trial 4 finished with value: 0.9333333333333332 and parameters: {'n_estimators': 428, 'max_depth': 10, 'min_samples_split': 9, 'min_samples_leaf': 9}. Best is trial 3 with value: 0.9416666666666667.
[I 2025-05-18 17:21:51,011] Trial 5 finished with value: 0.9333333333333332 and parameters: {'n_estimators': 121, 'max_depth': 15, 'min_samples_split': 9, 'min_samples_leaf': 8}. Best is trial 3 with value: 0.9416666666666667.
[I 2025-05-18 17:21:51,941] Trial 6 finished with value: 0.9666666666666666 and parameters: {'n_estimators': 384, 'max_depth': 12, 'min_samples_split': 3, 'min_samples_leaf': 10}. Best is trial 6 with value: 0.9666666666666666.
[I 2025-05-18 17:21:52,815] Trial 7 finished with value: 0.9333333333333332 and parameters: {'n_estimators': 261, 'max_depth': 6, 'min_samples_split': 8, 'min_samples_leaf': 10}. Best is trial 6 with value: 0.9666666666666666.
[I 2025-05-18 17:21:53,413] Trial 8 finished with value: 0.9333333333333332 and parameters: {'n_estimators': 202, 'max_depth': 15, 'min_samples_split': 7, 'min_samples_leaf': 8}. Best is trial 6 with value: 0.9666666666666666.
[I 2025-05-18 17:21:54,524] Trial 9 finished with value: 0.9333333333333332 and parameters: {'n_estimators': 475, 'max_depth': 9, 'min_samples_split': 4, 'min_samples_leaf': 5}. Best is trial 6 with value: 0.9666666666666666.
[I 2025-05-18 17:22:01,392] A new study created in memory with name: svc
Parámetros guardados en checkpoint_shoppers_Dlatent_F/lc/IPC_17/best_models_lc_seed_6_space_latent/rf_best_params.json


>>> Optuna tuning svc metodo lc IPC 17 seed 6


[I 2025-05-18 17:22:03,534] Trial 0 finished with value: 0.975 and parameters: {'C': 37.27697013499731, 'gamma': 0.0021277432488243223}. Best is trial 0 with value: 0.975.
[I 2025-05-18 17:22:05,101] Trial 1 finished with value: 0.975 and parameters: {'C': 19.271543171162776, 'gamma': 0.00014682043379470554}. Best is trial 0 with value: 0.975.
[I 2025-05-18 17:22:05,116] Trial 2 finished with value: 0.5333333333333333 and parameters: {'C': 0.0269542169583157, 'gamma': 0.023999835049635022}. Best is trial 0 with value: 0.975.
[I 2025-05-18 17:22:06,752] Trial 3 finished with value: 0.975 and parameters: {'C': 1.3160410886450586, 'gamma': 0.0047340159215720195}. Best is trial 0 with value: 0.975.
[I 2025-05-18 17:22:06,765] Trial 4 finished with value: 0.5333333333333333 and parameters: {'C': 0.21959952535674737, 'gamma': 0.030908485742507576}. Best is trial 0 with value: 0.975.
[I 2025-05-18 17:22:06,778] Trial 5 finished with value: 0.5333333333333333 and parameters: {'C': 0.5656733313644114, 'gamma': 0.08780685564625502}. Best is trial 0 with value: 0.975.
[I 2025-05-18 17:22:06,792] Trial 6 finished with value: 0.7666666666666666 and parameters: {'C': 1.1807165425157664, 'gamma': 0.020674470756231633}. Best is trial 0 with value: 0.975.
[I 2025-05-18 17:22:06,805] Trial 7 finished with value: 0.5333333333333333 and parameters: {'C': 3.8143486186647126, 'gamma': 0.9138966502602072}. Best is trial 0 with value: 0.975.
[I 2025-05-18 17:22:06,828] Trial 8 finished with value: 0.975 and parameters: {'C': 19.029737066374768, 'gamma': 0.004495766421289856}. Best is trial 0 with value: 0.975.
[I 2025-05-18 17:22:06,841] Trial 9 finished with value: 0.5333333333333333 and parameters: {'C': 31.994153257994277, 'gamma': 0.19725941020937518}. Best is trial 0 with value: 0.975.
[I 2025-05-18 17:22:13,906] A new study created in memory with name: logreg
Parámetros guardados en checkpoint_shoppers_Dlatent_F/lc/IPC_17/best_models_lc_seed_6_space_latent/svc_best_params.json


>>> Optuna tuning logreg metodo lc IPC 17 seed 6


[I 2025-05-18 17:22:17,561] Trial 0 finished with value: 0.975 and parameters: {'C': 29.127335430981816, 'penalty': 'l2'}. Best is trial 0 with value: 0.975.
[I 2025-05-18 17:22:19,585] Trial 1 finished with value: 1.0 and parameters: {'C': 0.045698192893558344, 'penalty': 'l2'}. Best is trial 1 with value: 1.0.
[I 2025-05-18 17:22:19,610] Trial 2 finished with value: 0.975 and parameters: {'C': 12.768668597712947, 'penalty': 'l2'}. Best is trial 1 with value: 1.0.
[I 2025-05-18 17:22:21,306] Trial 3 finished with value: 0.9416666666666667 and parameters: {'C': 0.0016161554408462638, 'penalty': 'l2'}. Best is trial 1 with value: 1.0.
[I 2025-05-18 17:22:21,330] Trial 4 finished with value: 0.975 and parameters: {'C': 0.0034536903703241734, 'penalty': 'l2'}. Best is trial 1 with value: 1.0.
[I 2025-05-18 17:22:21,366] Trial 5 finished with value: 1.0 and parameters: {'C': 0.9446269266990148, 'penalty': 'l2'}. Best is trial 1 with value: 1.0.
[I 2025-05-18 17:22:21,399] Trial 6 finished with value: 1.0 and parameters: {'C': 0.4457453393648168, 'penalty': 'l2'}. Best is trial 1 with value: 1.0.
[I 2025-05-18 17:22:21,426] Trial 7 finished with value: 1.0 and parameters: {'C': 0.12417585037258261, 'penalty': 'l2'}. Best is trial 1 with value: 1.0.
[I 2025-05-18 17:22:21,451] Trial 8 finished with value: 1.0 and parameters: {'C': 0.04753781830244093, 'penalty': 'l2'}. Best is trial 1 with value: 1.0.
[I 2025-05-18 17:22:21,476] Trial 9 finished with value: 1.0 and parameters: {'C': 1.2959766028194148, 'penalty': 'l2'}. Best is trial 1 with value: 1.0.
[I 2025-05-18 17:22:26,047] A new study created in memory with name: mlp
Parámetros guardados en checkpoint_shoppers_Dlatent_F/lc/IPC_17/best_models_lc_seed_6_space_latent/logreg_best_params.json


>>> Optuna tuning mlp metodo lc IPC 17 seed 6


[I 2025-05-18 17:22:28,593] Trial 0 finished with value: 1.0 and parameters: {'hidden_layer_sizes': (100,), 'max_iter': 100, 'alpha': 0.0001}. Best is trial 0 with value: 1.0.
[I 2025-05-18 17:22:29,996] Trial 1 finished with value: 1.0 and parameters: {'hidden_layer_sizes': (100, 100), 'max_iter': 100, 'alpha': 0.001}. Best is trial 0 with value: 1.0.
[I 2025-05-18 17:22:30,182] Trial 2 finished with value: 0.975 and parameters: {'hidden_layer_sizes': (200,), 'max_iter': 100, 'alpha': 0.0001}. Best is trial 0 with value: 1.0.
/data/home/rtabares/anaconda3/envs/pyth3.12/lib/python3.12/site-packages/sklearn/neural_network/_multilayer_perceptron.py:691: ConvergenceWarning: Stochastic Optimizer: Maximum iterations (50) reached and the optimization hasn't converged yet.
  warnings.warn(
/data/home/rtabares/anaconda3/envs/pyth3.12/lib/python3.12/site-packages/sklearn/neural_network/_multilayer_perceptron.py:691: ConvergenceWarning: Stochastic Optimizer: Maximum iterations (50) reached and the optimization hasn't converged yet.
  warnings.warn(
/data/home/rtabares/anaconda3/envs/pyth3.12/lib/python3.12/site-packages/sklearn/neural_network/_multilayer_perceptron.py:691: ConvergenceWarning: Stochastic Optimizer: Maximum iterations (50) reached and the optimization hasn't converged yet.
  warnings.warn(
[I 2025-05-18 17:22:31,123] Trial 3 finished with value: 0.975 and parameters: {'hidden_layer_sizes': (200,), 'max_iter': 50, 'alpha': 0.001}. Best is trial 0 with value: 1.0.
[I 2025-05-18 17:22:31,181] Trial 4 finished with value: 1.0 and parameters: {'hidden_layer_sizes': (100, 100), 'max_iter': 50, 'alpha': 0.0001}. Best is trial 0 with value: 1.0.
[I 2025-05-18 17:22:31,237] Trial 5 finished with value: 0.975 and parameters: {'hidden_layer_sizes': (200,), 'max_iter': 100, 'alpha': 0.0001}. Best is trial 0 with value: 1.0.
[I 2025-05-18 17:22:31,302] Trial 6 finished with value: 0.9416666666666667 and parameters: {'hidden_layer_sizes': (200,), 'max_iter': 100, 'alpha': 0.001}. Best is trial 0 with value: 1.0.
[I 2025-05-18 17:22:31,356] Trial 7 finished with value: 1.0 and parameters: {'hidden_layer_sizes': (100,), 'max_iter': 100, 'alpha': 0.001}. Best is trial 0 with value: 1.0.
[I 2025-05-18 17:22:31,422] Trial 8 finished with value: 1.0 and parameters: {'hidden_layer_sizes': (100, 100), 'max_iter': 100, 'alpha': 0.0001}. Best is trial 0 with value: 1.0.
[I 2025-05-18 17:22:31,492] Trial 9 finished with value: 0.975 and parameters: {'hidden_layer_sizes': (200,), 'max_iter': 100, 'alpha': 0.0001}. Best is trial 0 with value: 1.0.
/data/home/rtabares/anaconda3/envs/pyth3.12/lib/python3.12/site-packages/xgboost/core.py:377: FutureWarning: Your system has an old version of glibc (< 2.28). We will stop supporting Linux distros with glibc older than 2.28 after **May 31, 2025**. Please upgrade to a recent Linux distro (with glibc >= 2.28) to use future versions of XGBoost.
Note: You have installed the 'manylinux2014' variant of XGBoost. Certain features such as GPU algorithms or federated learning are not available. To use these features, please upgrade to a recent Linux distro with glibc 2.28+, and install the 'manylinux_2_28' variant.
  warnings.warn(
[I 2025-05-18 17:22:34,936] A new study created in memory with name: naive_bayes
Parámetros guardados en checkpoint_shoppers_Dlatent_F/lc/IPC_17/best_models_lc_seed_6_space_latent/mlp_best_params.json


>>> Optuna tuning naive_bayes metodo lc IPC 17 seed 6


[I 2025-05-18 17:22:40,964] Trial 0 finished with value: 0.8583333333333332 and parameters: {'var_smoothing': 6.10548688762798e-09}. Best is trial 0 with value: 0.8583333333333332.
[I 2025-05-18 17:22:42,850] Trial 1 finished with value: 0.8583333333333332 and parameters: {'var_smoothing': 4.6127467400935034e-10}. Best is trial 0 with value: 0.8583333333333332.
[I 2025-05-18 17:22:42,864] Trial 2 finished with value: 0.8583333333333332 and parameters: {'var_smoothing': 4.389936579400967e-09}. Best is trial 0 with value: 0.8583333333333332.
[I 2025-05-18 17:22:44,386] Trial 3 finished with value: 0.8583333333333332 and parameters: {'var_smoothing': 1.2116948204672054e-10}. Best is trial 0 with value: 0.8583333333333332.
[I 2025-05-18 17:22:44,399] Trial 4 finished with value: 0.8583333333333332 and parameters: {'var_smoothing': 1.6417739478477417e-10}. Best is trial 0 with value: 0.8583333333333332.
[I 2025-05-18 17:22:44,422] Trial 5 finished with value: 0.8583333333333332 and parameters: {'var_smoothing': 1.5491880147236797e-09}. Best is trial 0 with value: 0.8583333333333332.
[I 2025-05-18 17:22:44,438] Trial 6 finished with value: 0.8583333333333332 and parameters: {'var_smoothing': 1.1471883405287265e-09}. Best is trial 0 with value: 0.8583333333333332.
[I 2025-05-18 17:22:44,452] Trial 7 finished with value: 0.8583333333333332 and parameters: {'var_smoothing': 6.88041853492358e-10}. Best is trial 0 with value: 0.8583333333333332.
[I 2025-05-18 17:22:44,466] Trial 8 finished with value: 0.8583333333333332 and parameters: {'var_smoothing': 4.686144741221158e-10}. Best is trial 0 with value: 0.8583333333333332.
