[I 2025-05-18 17:49:31,556] Trial 6 finished with value: 0.975 and parameters: {'C': 11.055599623279033, 'gamma': 0.07071284267178823}. Best is trial 1 with value: 1.0.
[I 2025-05-18 17:49:31,569] Trial 7 finished with value: 0.625 and parameters: {'C': 3.0111222251271013, 'gamma': 0.00506252384623837}. Best is trial 1 with value: 1.0.
[I 2025-05-18 17:49:31,593] Trial 8 finished with value: 0.4333333333333333 and parameters: {'C': 0.1433177931243846, 'gamma': 0.7859971382309453}. Best is trial 1 with value: 1.0.
[I 2025-05-18 17:49:31,606] Trial 9 finished with value: 0.5 and parameters: {'C': 0.21631975482828378, 'gamma': 0.0007502469581683287}. Best is trial 1 with value: 1.0.
[I 2025-05-18 17:49:39,354] A new study created in memory with name: logreg
Parámetros guardados en checkpoint_shoppers_Dlatent_F/ag/IPC_17/best_models_ag_seed_8_space_original/svc_best_params.json


>>> Optuna tuning logreg metodo ag IPC 17 seed 8


[I 2025-05-18 17:49:41,987] Trial 0 finished with value: 1.0 and parameters: {'C': 23.288794782471303, 'penalty': 'l2'}. Best is trial 0 with value: 1.0.
[I 2025-05-18 17:49:43,944] Trial 1 finished with value: 1.0 and parameters: {'C': 69.61507800412923, 'penalty': 'l2'}. Best is trial 0 with value: 1.0.
[I 2025-05-18 17:49:43,985] Trial 2 finished with value: 1.0 and parameters: {'C': 22.180569925473442, 'penalty': 'l2'}. Best is trial 0 with value: 1.0.
[I 2025-05-18 17:49:45,402] Trial 3 finished with value: 0.9083333333333332 and parameters: {'C': 0.4511058486037652, 'penalty': 'l2'}. Best is trial 0 with value: 1.0.
[I 2025-05-18 17:49:45,427] Trial 4 finished with value: 0.775 and parameters: {'C': 0.014576110093994574, 'penalty': 'l2'}. Best is trial 0 with value: 1.0.
[I 2025-05-18 17:49:45,451] Trial 5 finished with value: 0.4666666666666667 and parameters: {'C': 0.0011402340906886685, 'penalty': 'l2'}. Best is trial 0 with value: 1.0.
[I 2025-05-18 17:49:45,481] Trial 6 finished with value: 0.875 and parameters: {'C': 0.14201822862985758, 'penalty': 'l2'}. Best is trial 0 with value: 1.0.
[I 2025-05-18 17:49:45,517] Trial 7 finished with value: 0.8416666666666666 and parameters: {'C': 0.1027440782219989, 'penalty': 'l2'}. Best is trial 0 with value: 1.0.
[I 2025-05-18 17:49:45,541] Trial 8 finished with value: 0.9083333333333332 and parameters: {'C': 0.41055690122086846, 'penalty': 'l2'}. Best is trial 0 with value: 1.0.
[I 2025-05-18 17:49:45,579] Trial 9 finished with value: 0.875 and parameters: {'C': 0.24658064201770763, 'penalty': 'l2'}. Best is trial 0 with value: 1.0.
/data/home/rtabares/anaconda3/envs/pyth3.12/lib/python3.12/site-packages/xgboost/core.py:377: FutureWarning: Your system has an old version of glibc (< 2.28). We will stop supporting Linux distros with glibc older than 2.28 after **May 31, 2025**. Please upgrade to a recent Linux distro (with glibc >= 2.28) to use future versions of XGBoost.
Note: You have installed the 'manylinux2014' variant of XGBoost. Certain features such as GPU algorithms or federated learning are not available. To use these features, please upgrade to a recent Linux distro with glibc 2.28+, and install the 'manylinux_2_28' variant.
  warnings.warn(
[I 2025-05-18 17:49:55,543] A new study created in memory with name: mlp
Parámetros guardados en checkpoint_shoppers_Dlatent_F/ag/IPC_17/best_models_ag_seed_8_space_original/logreg_best_params.json


>>> Optuna tuning mlp metodo ag IPC 17 seed 8


/data/home/rtabares/anaconda3/envs/pyth3.12/lib/python3.12/site-packages/sklearn/neural_network/_multilayer_perceptron.py:691: ConvergenceWarning: Stochastic Optimizer: Maximum iterations (50) reached and the optimization hasn't converged yet.
  warnings.warn(
/data/home/rtabares/anaconda3/envs/pyth3.12/lib/python3.12/site-packages/sklearn/neural_network/_multilayer_perceptron.py:691: ConvergenceWarning: Stochastic Optimizer: Maximum iterations (50) reached and the optimization hasn't converged yet.
  warnings.warn(
/data/home/rtabares/anaconda3/envs/pyth3.12/lib/python3.12/site-packages/sklearn/neural_network/_multilayer_perceptron.py:691: ConvergenceWarning: Stochastic Optimizer: Maximum iterations (50) reached and the optimization hasn't converged yet.
  warnings.warn(
/data/home/rtabares/anaconda3/envs/pyth3.12/lib/python3.12/site-packages/sklearn/neural_network/_multilayer_perceptron.py:691: ConvergenceWarning: Stochastic Optimizer: Maximum iterations (50) reached and the optimization hasn't converged yet.
  warnings.warn(
/data/home/rtabares/anaconda3/envs/pyth3.12/lib/python3.12/site-packages/sklearn/neural_network/_multilayer_perceptron.py:691: ConvergenceWarning: Stochastic Optimizer: Maximum iterations (50) reached and the optimization hasn't converged yet.
  warnings.warn(
[I 2025-05-18 17:49:58,192] Trial 0 finished with value: 0.7333333333333333 and parameters: {'hidden_layer_sizes': (200,), 'max_iter': 50, 'alpha': 0.001}. Best is trial 0 with value: 0.7333333333333333.
/data/home/rtabares/anaconda3/envs/pyth3.12/lib/python3.12/site-packages/sklearn/neural_network/_multilayer_perceptron.py:691: ConvergenceWarning: Stochastic Optimizer: Maximum iterations (50) reached and the optimization hasn't converged yet.
  warnings.warn(
/data/home/rtabares/anaconda3/envs/pyth3.12/lib/python3.12/site-packages/sklearn/neural_network/_multilayer_perceptron.py:691: ConvergenceWarning: Stochastic Optimizer: Maximum iterations (50) reached and the optimization hasn't converged yet.
  warnings.warn(
/data/home/rtabares/anaconda3/envs/pyth3.12/lib/python3.12/site-packages/sklearn/neural_network/_multilayer_perceptron.py:691: ConvergenceWarning: Stochastic Optimizer: Maximum iterations (50) reached and the optimization hasn't converged yet.
  warnings.warn(
/data/home/rtabares/anaconda3/envs/pyth3.12/lib/python3.12/site-packages/sklearn/neural_network/_multilayer_perceptron.py:691: ConvergenceWarning: Stochastic Optimizer: Maximum iterations (50) reached and the optimization hasn't converged yet.
  warnings.warn(
[I 2025-05-18 17:49:59,587] Trial 1 finished with value: 0.7 and parameters: {'hidden_layer_sizes': (200,), 'max_iter': 50, 'alpha': 0.0001}. Best is trial 0 with value: 0.7333333333333333.
/data/home/rtabares/anaconda3/envs/pyth3.12/lib/python3.12/site-packages/sklearn/neural_network/_multilayer_perceptron.py:691: ConvergenceWarning: Stochastic Optimizer: Maximum iterations (50) reached and the optimization hasn't converged yet.
  warnings.warn(
/data/home/rtabares/anaconda3/envs/pyth3.12/lib/python3.12/site-packages/sklearn/neural_network/_multilayer_perceptron.py:691: ConvergenceWarning: Stochastic Optimizer: Maximum iterations (50) reached and the optimization hasn't converged yet.
  warnings.warn(
/data/home/rtabares/anaconda3/envs/pyth3.12/lib/python3.12/site-packages/sklearn/neural_network/_multilayer_perceptron.py:691: ConvergenceWarning: Stochastic Optimizer: Maximum iterations (50) reached and the optimization hasn't converged yet.
  warnings.warn(
/data/home/rtabares/anaconda3/envs/pyth3.12/lib/python3.12/site-packages/sklearn/neural_network/_multilayer_perceptron.py:691: ConvergenceWarning: Stochastic Optimizer: Maximum iterations (50) reached and the optimization hasn't converged yet.
  warnings.warn(
/data/home/rtabares/anaconda3/envs/pyth3.12/lib/python3.12/site-packages/sklearn/neural_network/_multilayer_perceptron.py:691: ConvergenceWarning: Stochastic Optimizer: Maximum iterations (50) reached and the optimization hasn't converged yet.
  warnings.warn(
[I 2025-05-18 17:50:00,952] Trial 2 finished with value: 0.7 and parameters: {'hidden_layer_sizes': (100,), 'max_iter': 50, 'alpha': 0.0001}. Best is trial 0 with value: 0.7333333333333333.
/data/home/rtabares/anaconda3/envs/pyth3.12/lib/python3.12/site-packages/sklearn/neural_network/_multilayer_perceptron.py:691: ConvergenceWarning: Stochastic Optimizer: Maximum iterations (100) reached and the optimization hasn't converged yet.
  warnings.warn(
/data/home/rtabares/anaconda3/envs/pyth3.12/lib/python3.12/site-packages/sklearn/neural_network/_multilayer_perceptron.py:691: ConvergenceWarning: Stochastic Optimizer: Maximum iterations (100) reached and the optimization hasn't converged yet.
  warnings.warn(
/data/home/rtabares/anaconda3/envs/pyth3.12/lib/python3.12/site-packages/sklearn/neural_network/_multilayer_perceptron.py:691: ConvergenceWarning: Stochastic Optimizer: Maximum iterations (100) reached and the optimization hasn't converged yet.
  warnings.warn(
/data/home/rtabares/anaconda3/envs/pyth3.12/lib/python3.12/site-packages/sklearn/neural_network/_multilayer_perceptron.py:691: ConvergenceWarning: Stochastic Optimizer: Maximum iterations (100) reached and the optimization hasn't converged yet.
  warnings.warn(
[I 2025-05-18 17:50:01,087] Trial 3 finished with value: 0.8 and parameters: {'hidden_layer_sizes': (100,), 'max_iter': 100, 'alpha': 0.001}. Best is trial 3 with value: 0.8.
/data/home/rtabares/anaconda3/envs/pyth3.12/lib/python3.12/site-packages/sklearn/neural_network/_multilayer_perceptron.py:691: ConvergenceWarning: Stochastic Optimizer: Maximum iterations (100) reached and the optimization hasn't converged yet.
  warnings.warn(
/data/home/rtabares/anaconda3/envs/pyth3.12/lib/python3.12/site-packages/sklearn/neural_network/_multilayer_perceptron.py:691: ConvergenceWarning: Stochastic Optimizer: Maximum iterations (100) reached and the optimization hasn't converged yet.
  warnings.warn(
/data/home/rtabares/anaconda3/envs/pyth3.12/lib/python3.12/site-packages/sklearn/neural_network/_multilayer_perceptron.py:691: ConvergenceWarning: Stochastic Optimizer: Maximum iterations (100) reached and the optimization hasn't converged yet.
  warnings.warn(
/data/home/rtabares/anaconda3/envs/pyth3.12/lib/python3.12/site-packages/sklearn/neural_network/_multilayer_perceptron.py:691: ConvergenceWarning: Stochastic Optimizer: Maximum iterations (100) reached and the optimization hasn't converged yet.
  warnings.warn(
[I 2025-05-18 17:50:01,314] Trial 4 finished with value: 0.7333333333333332 and parameters: {'hidden_layer_sizes': (200,), 'max_iter': 100, 'alpha': 0.001}. Best is trial 3 with value: 0.8.
/data/home/rtabares/anaconda3/envs/pyth3.12/lib/python3.12/site-packages/sklearn/neural_network/_multilayer_perceptron.py:691: ConvergenceWarning: Stochastic Optimizer: Maximum iterations (50) reached and the optimization hasn't converged yet.
  warnings.warn(
/data/home/rtabares/anaconda3/envs/pyth3.12/lib/python3.12/site-packages/sklearn/neural_network/_multilayer_perceptron.py:691: ConvergenceWarning: Stochastic Optimizer: Maximum iterations (50) reached and the optimization hasn't converged yet.
  warnings.warn(
/data/home/rtabares/anaconda3/envs/pyth3.12/lib/python3.12/site-packages/sklearn/neural_network/_multilayer_perceptron.py:691: ConvergenceWarning: Stochastic Optimizer: Maximum iterations (50) reached and the optimization hasn't converged yet.
  warnings.warn(
/data/home/rtabares/anaconda3/envs/pyth3.12/lib/python3.12/site-packages/sklearn/neural_network/_multilayer_perceptron.py:691: ConvergenceWarning: Stochastic Optimizer: Maximum iterations (50) reached and the optimization hasn't converged yet.
  warnings.warn(
[I 2025-05-18 17:50:01,420] Trial 5 finished with value: 0.6666666666666666 and parameters: {'hidden_layer_sizes': (200,), 'max_iter': 50, 'alpha': 0.001}. Best is trial 3 with value: 0.8.
/data/home/rtabares/anaconda3/envs/pyth3.12/lib/python3.12/site-packages/sklearn/neural_network/_multilayer_perceptron.py:691: ConvergenceWarning: Stochastic Optimizer: Maximum iterations (100) reached and the optimization hasn't converged yet.
  warnings.warn(
/data/home/rtabares/anaconda3/envs/pyth3.12/lib/python3.12/site-packages/sklearn/neural_network/_multilayer_perceptron.py:691: ConvergenceWarning: Stochastic Optimizer: Maximum iterations (100) reached and the optimization hasn't converged yet.
  warnings.warn(
/data/home/rtabares/anaconda3/envs/pyth3.12/lib/python3.12/site-packages/sklearn/neural_network/_multilayer_perceptron.py:691: ConvergenceWarning: Stochastic Optimizer: Maximum iterations (100) reached and the optimization hasn't converged yet.
  warnings.warn(
/data/home/rtabares/anaconda3/envs/pyth3.12/lib/python3.12/site-packages/sklearn/neural_network/_multilayer_perceptron.py:691: ConvergenceWarning: Stochastic Optimizer: Maximum iterations (100) reached and the optimization hasn't converged yet.
  warnings.warn(
[I 2025-05-18 17:50:01,591] Trial 6 finished with value: 0.7666666666666666 and parameters: {'hidden_layer_sizes': (100,), 'max_iter': 100, 'alpha': 0.0001}. Best is trial 3 with value: 0.8.
/data/home/rtabares/anaconda3/envs/pyth3.12/lib/python3.12/site-packages/sklearn/neural_network/_multilayer_perceptron.py:691: ConvergenceWarning: Stochastic Optimizer: Maximum iterations (50) reached and the optimization hasn't converged yet.
  warnings.warn(
/data/home/rtabares/anaconda3/envs/pyth3.12/lib/python3.12/site-packages/sklearn/neural_network/_multilayer_perceptron.py:691: ConvergenceWarning: Stochastic Optimizer: Maximum iterations (50) reached and the optimization hasn't converged yet.
  warnings.warn(
/data/home/rtabares/anaconda3/envs/pyth3.12/lib/python3.12/site-packages/sklearn/neural_network/_multilayer_perceptron.py:691: ConvergenceWarning: Stochastic Optimizer: Maximum iterations (50) reached and the optimization hasn't converged yet.
  warnings.warn(
/data/home/rtabares/anaconda3/envs/pyth3.12/lib/python3.12/site-packages/sklearn/neural_network/_multilayer_perceptron.py:691: ConvergenceWarning: Stochastic Optimizer: Maximum iterations (50) reached and the optimization hasn't converged yet.
  warnings.warn(
[I 2025-05-18 17:50:01,741] Trial 7 finished with value: 0.8833333333333332 and parameters: {'hidden_layer_sizes': (100, 100), 'max_iter': 50, 'alpha': 0.0001}. Best is trial 7 with value: 0.8833333333333332.
/data/home/rtabares/anaconda3/envs/pyth3.12/lib/python3.12/site-packages/sklearn/neural_network/_multilayer_perceptron.py:691: ConvergenceWarning: Stochastic Optimizer: Maximum iterations (100) reached and the optimization hasn't converged yet.
  warnings.warn(
/data/home/rtabares/anaconda3/envs/pyth3.12/lib/python3.12/site-packages/sklearn/neural_network/_multilayer_perceptron.py:691: ConvergenceWarning: Stochastic Optimizer: Maximum iterations (100) reached and the optimization hasn't converged yet.
  warnings.warn(
/data/home/rtabares/anaconda3/envs/pyth3.12/lib/python3.12/site-packages/sklearn/neural_network/_multilayer_perceptron.py:691: ConvergenceWarning: Stochastic Optimizer: Maximum iterations (100) reached and the optimization hasn't converged yet.
  warnings.warn(
/data/home/rtabares/anaconda3/envs/pyth3.12/lib/python3.12/site-packages/sklearn/neural_network/_multilayer_perceptron.py:691: ConvergenceWarning: Stochastic Optimizer: Maximum iterations (100) reached and the optimization hasn't converged yet.
  warnings.warn(
[I 2025-05-18 17:50:02,048] Trial 8 finished with value: 0.9166666666666666 and parameters: {'hidden_layer_sizes': (100, 100), 'max_iter': 100, 'alpha': 0.0001}. Best is trial 8 with value: 0.9166666666666666.
/data/home/rtabares/anaconda3/envs/pyth3.12/lib/python3.12/site-packages/sklearn/neural_network/_multilayer_perceptron.py:691: ConvergenceWarning: Stochastic Optimizer: Maximum iterations (50) reached and the optimization hasn't converged yet.
  warnings.warn(
/data/home/rtabares/anaconda3/envs/pyth3.12/lib/python3.12/site-packages/sklearn/neural_network/_multilayer_perceptron.py:691: ConvergenceWarning: Stochastic Optimizer: Maximum iterations (50) reached and the optimization hasn't converged yet.
  warnings.warn(
/data/home/rtabares/anaconda3/envs/pyth3.12/lib/python3.12/site-packages/sklearn/neural_network/_multilayer_perceptron.py:691: ConvergenceWarning: Stochastic Optimizer: Maximum iterations (50) reached and the optimization hasn't converged yet.
  warnings.warn(
/data/home/rtabares/anaconda3/envs/pyth3.12/lib/python3.12/site-packages/sklearn/neural_network/_multilayer_perceptron.py:691: ConvergenceWarning: Stochastic Optimizer: Maximum iterations (50) reached and the optimization hasn't converged yet.
  warnings.warn(
[I 2025-05-18 17:50:02,205] Trial 9 finished with value: 0.725 and parameters: {'hidden_layer_sizes': (100,), 'max_iter': 50, 'alpha': 0.001}. Best is trial 8 with value: 0.9166666666666666.
[I 2025-05-18 17:50:08,214] A new study created in memory with name: naive_bayes
Parámetros guardados en checkpoint_shoppers_Dlatent_F/ag/IPC_17/best_models_ag_seed_8_space_original/mlp_best_params.json


>>> Optuna tuning naive_bayes metodo ag IPC 17 seed 8


[I 2025-05-18 17:50:10,832] Trial 0 finished with value: 0.7333333333333333 and parameters: {'var_smoothing': 5.582886587978182e-09}. Best is trial 0 with value: 0.7333333333333333.
[I 2025-05-18 17:50:11,948] Trial 1 finished with value: 0.7333333333333333 and parameters: {'var_smoothing': 8.651299071518215e-09}. Best is trial 0 with value: 0.7333333333333333.
[I 2025-05-18 17:50:11,973] Trial 2 finished with value: 0.7333333333333333 and parameters: {'var_smoothing': 5.475062490474489e-09}. Best is trial 0 with value: 0.7333333333333333.
[I 2025-05-18 17:50:12,000] Trial 3 finished with value: 0.7333333333333333 and parameters: {'var_smoothing': 1.1526869678723134e-09}. Best is trial 0 with value: 0.7333333333333333.
[I 2025-05-18 17:50:12,020] Trial 4 finished with value: 0.7333333333333333 and parameters: {'var_smoothing': 2.920496270341785e-10}. Best is trial 0 with value: 0.7333333333333333.
[I 2025-05-18 17:50:12,046] Trial 5 finished with value: 0.7333333333333333 and parameters: {'var_smoothing': 1.0538956417705805e-10}. Best is trial 0 with value: 0.7333333333333333.
[I 2025-05-18 17:50:12,059] Trial 6 finished with value: 0.7333333333333333 and parameters: {'var_smoothing': 7.260016982331591e-10}. Best is trial 0 with value: 0.7333333333333333.
[I 2025-05-18 17:50:12,071] Trial 7 finished with value: 0.7333333333333333 and parameters: {'var_smoothing': 6.378267364653917e-10}. Best is trial 0 with value: 0.7333333333333333.
[I 2025-05-18 17:50:12,083] Trial 8 finished with value: 0.7333333333333333 and parameters: {'var_smoothing': 1.1100673847791952e-09}. Best is trial 0 with value: 0.7333333333333333.
[I 2025-05-18 17:50:12,095] Trial 9 finished with value: 0.7333333333333333 and parameters: {'var_smoothing': 9.052813879088377e-10}. Best is trial 0 with value: 0.7333333333333333.
/data/home/rtabares/anaconda3/envs/pyth3.12/lib/python3.12/site-packages/xgboost/core.py:377: FutureWarning: Your system has an old version of glibc (< 2.28). We will stop supporting Linux distros with glibc older than 2.28 after **May 31, 2025**. Please upgrade to a recent Linux distro (with glibc >= 2.28) to use future versions of XGBoost.
Note: You have installed the 'manylinux2014' variant of XGBoost. Certain features such as GPU algorithms or federated learning are not available. To use these features, please upgrade to a recent Linux distro with glibc 2.28+, and install the 'manylinux_2_28' variant.
  warnings.warn(
[I 2025-05-18 17:50:17,334] A new study created in memory with name: knn
Parámetros guardados en checkpoint_shoppers_Dlatent_F/ag/IPC_17/best_models_ag_seed_8_space_original/naive_bayes_best_params.json


>>> Optuna tuning knn metodo ag IPC 17 seed 8


[I 2025-05-18 17:50:19,366] Trial 0 finished with value: 0.7166666666666666 and parameters: {'n_neighbors': 9, 'leaf_size': 40, 'p': 1}. Best is trial 0 with value: 0.7166666666666666.
[I 2025-05-18 17:50:20,132] Trial 1 finished with value: 0.7 and parameters: {'n_neighbors': 4, 'leaf_size': 20, 'p': 1}. Best is trial 0 with value: 0.7166666666666666.
[I 2025-05-18 17:50:20,912] Trial 2 finished with value: 0.7166666666666666 and parameters: {'n_neighbors': 7, 'leaf_size': 30, 'p': 1}. Best is trial 0 with value: 0.7166666666666666.
[I 2025-05-18 17:50:20,977] Trial 3 finished with value: 0.7166666666666666 and parameters: {'n_neighbors': 9, 'leaf_size': 34, 'p': 1}. Best is trial 0 with value: 0.7166666666666666.
[I 2025-05-18 17:50:21,041] Trial 4 finished with value: 0.7833333333333332 and parameters: {'n_neighbors': 5, 'leaf_size': 40, 'p': 1}. Best is trial 4 with value: 0.7833333333333332.
[I 2025-05-18 17:50:21,115] Trial 5 finished with value: 0.7 and parameters: {'n_neighbors': 3, 'leaf_size': 40, 'p': 2}. Best is trial 4 with value: 0.7833333333333332.
[I 2025-05-18 17:50:21,192] Trial 6 finished with value: 0.7 and parameters: {'n_neighbors': 3, 'leaf_size': 24, 'p': 2}. Best is trial 4 with value: 0.7833333333333332.
[I 2025-05-18 17:50:21,261] Trial 7 finished with value: 0.6333333333333333 and parameters: {'n_neighbors': 5, 'leaf_size': 40, 'p': 2}. Best is trial 4 with value: 0.7833333333333332.
[I 2025-05-18 17:50:21,338] Trial 8 finished with value: 0.7333333333333332 and parameters: {'n_neighbors': 6, 'leaf_size': 36, 'p': 1}. Best is trial 4 with value: 0.7833333333333332.
