[I 2025-05-18 17:07:41,583] Trial 5 finished with value: 0.6257575757575757 and parameters: {'n_estimators': 340, 'max_depth': 7, 'min_samples_split': 4, 'min_samples_leaf': 3}. Best is trial 0 with value: 0.678030303030303.
[I 2025-05-18 17:07:42,605] Trial 6 finished with value: 0.6606060606060605 and parameters: {'n_estimators': 231, 'max_depth': 5, 'min_samples_split': 3, 'min_samples_leaf': 10}. Best is trial 0 with value: 0.678030303030303.
[I 2025-05-18 17:07:44,314] Trial 7 finished with value: 0.6424242424242423 and parameters: {'n_estimators': 485, 'max_depth': 6, 'min_samples_split': 2, 'min_samples_leaf': 3}. Best is trial 0 with value: 0.678030303030303.
[I 2025-05-18 17:07:45,427] Trial 8 finished with value: 0.6431818181818182 and parameters: {'n_estimators': 380, 'max_depth': 17, 'min_samples_split': 2, 'min_samples_leaf': 6}. Best is trial 0 with value: 0.678030303030303.
[I 2025-05-18 17:07:45,935] Trial 9 finished with value: 0.6681818181818182 and parameters: {'n_estimators': 100, 'max_depth': 12, 'min_samples_split': 7, 'min_samples_leaf': 10}. Best is trial 0 with value: 0.678030303030303.
[I 2025-05-18 17:07:55,402] A new study created in memory with name: svc
Parámetros guardados en checkpoint_default_Dlatent_G/ag/IPC_59/best_models_ag_seed_5_space_original/rf_best_params.json


>>> Optuna tuning svc metodo ag IPC 59 seed 5


[I 2025-05-18 17:07:58,452] Trial 0 finished with value: 0.475 and parameters: {'C': 0.07726319876517104, 'gamma': 0.3040389504793042}. Best is trial 0 with value: 0.475.
[I 2025-05-18 17:08:00,292] Trial 1 finished with value: 0.425 and parameters: {'C': 0.06712381339142241, 'gamma': 0.47254549996710477}. Best is trial 0 with value: 0.475.
[I 2025-05-18 17:08:01,796] Trial 2 finished with value: 0.5272727272727273 and parameters: {'C': 0.8987621100554035, 'gamma': 0.027988231123708972}. Best is trial 2 with value: 0.5272727272727273.
[I 2025-05-18 17:08:01,833] Trial 3 finished with value: 0.4825757575757576 and parameters: {'C': 11.5779435007655, 'gamma': 0.011848734045499056}. Best is trial 2 with value: 0.5272727272727273.
[I 2025-05-18 17:08:01,879] Trial 4 finished with value: 0.5083333333333333 and parameters: {'C': 0.1538870258903583, 'gamma': 0.0005634883151169033}. Best is trial 2 with value: 0.5272727272727273.
[I 2025-05-18 17:08:01,907] Trial 5 finished with value: 0.5333333333333334 and parameters: {'C': 0.021036092656561454, 'gamma': 0.08990030906808326}. Best is trial 5 with value: 0.5333333333333334.
[I 2025-05-18 17:08:01,941] Trial 6 finished with value: 0.5083333333333333 and parameters: {'C': 0.5824208201678516, 'gamma': 0.00042977333932534993}. Best is trial 5 with value: 0.5333333333333334.
[I 2025-05-18 17:08:01,972] Trial 7 finished with value: 0.5265151515151516 and parameters: {'C': 33.09391330085814, 'gamma': 0.001248377256719358}. Best is trial 5 with value: 0.5333333333333334.
[I 2025-05-18 17:08:02,007] Trial 8 finished with value: 0.5 and parameters: {'C': 0.45387898639622015, 'gamma': 0.0015286910781809498}. Best is trial 5 with value: 0.5333333333333334.
[I 2025-05-18 17:08:02,035] Trial 9 finished with value: 0.5083333333333333 and parameters: {'C': 3.274550070431994, 'gamma': 0.02086177421469992}. Best is trial 5 with value: 0.5333333333333334.
[I 2025-05-18 17:08:07,553] A new study created in memory with name: logreg
Parámetros guardados en checkpoint_default_Dlatent_G/ag/IPC_59/best_models_ag_seed_5_space_original/svc_best_params.json


>>> Optuna tuning logreg metodo ag IPC 59 seed 5


[I 2025-05-18 17:08:09,712] Trial 0 finished with value: 0.5621212121212121 and parameters: {'C': 0.012881482725481003, 'penalty': 'l2'}. Best is trial 0 with value: 0.5621212121212121.
[I 2025-05-18 17:08:10,668] Trial 1 finished with value: 0.45681818181818185 and parameters: {'C': 22.576755560681583, 'penalty': 'l2'}. Best is trial 0 with value: 0.5621212121212121.
[I 2025-05-18 17:08:10,695] Trial 2 finished with value: 0.5621212121212121 and parameters: {'C': 0.010804278656839932, 'penalty': 'l2'}. Best is trial 0 with value: 0.5621212121212121.
[I 2025-05-18 17:08:10,739] Trial 3 finished with value: 0.45681818181818185 and parameters: {'C': 39.17910760336117, 'penalty': 'l2'}. Best is trial 0 with value: 0.5621212121212121.
[I 2025-05-18 17:08:10,765] Trial 4 finished with value: 0.509090909090909 and parameters: {'C': 0.2767298094062571, 'penalty': 'l2'}. Best is trial 0 with value: 0.5621212121212121.
[I 2025-05-18 17:08:10,791] Trial 5 finished with value: 0.4742424242424243 and parameters: {'C': 1.1447728330837224, 'penalty': 'l2'}. Best is trial 0 with value: 0.5621212121212121.
[I 2025-05-18 17:08:10,827] Trial 6 finished with value: 0.45681818181818185 and parameters: {'C': 6.753661388238877, 'penalty': 'l2'}. Best is trial 0 with value: 0.5621212121212121.
[I 2025-05-18 17:08:10,852] Trial 7 finished with value: 0.5 and parameters: {'C': 0.39092184460352974, 'penalty': 'l2'}. Best is trial 0 with value: 0.5621212121212121.
[I 2025-05-18 17:08:10,878] Trial 8 finished with value: 0.5704545454545454 and parameters: {'C': 0.03047912590082646, 'penalty': 'l2'}. Best is trial 8 with value: 0.5704545454545454.
[I 2025-05-18 17:08:10,902] Trial 9 finished with value: 0.5454545454545455 and parameters: {'C': 0.008681727362499118, 'penalty': 'l2'}. Best is trial 8 with value: 0.5704545454545454.
[I 2025-05-18 17:08:13,713] A new study created in memory with name: mlp
Parámetros guardados en checkpoint_default_Dlatent_G/ag/IPC_59/best_models_ag_seed_5_space_original/logreg_best_params.json


>>> Optuna tuning mlp metodo ag IPC 59 seed 5


/data/home/rtabares/anaconda3/envs/pyth3.12/lib/python3.12/site-packages/sklearn/neural_network/_multilayer_perceptron.py:691: ConvergenceWarning: Stochastic Optimizer: Maximum iterations (50) reached and the optimization hasn't converged yet.
  warnings.warn(
/data/home/rtabares/anaconda3/envs/pyth3.12/lib/python3.12/site-packages/sklearn/neural_network/_multilayer_perceptron.py:691: ConvergenceWarning: Stochastic Optimizer: Maximum iterations (50) reached and the optimization hasn't converged yet.
  warnings.warn(
/data/home/rtabares/anaconda3/envs/pyth3.12/lib/python3.12/site-packages/sklearn/neural_network/_multilayer_perceptron.py:691: ConvergenceWarning: Stochastic Optimizer: Maximum iterations (50) reached and the optimization hasn't converged yet.
  warnings.warn(
/data/home/rtabares/anaconda3/envs/pyth3.12/lib/python3.12/site-packages/sklearn/neural_network/_multilayer_perceptron.py:691: ConvergenceWarning: Stochastic Optimizer: Maximum iterations (50) reached and the optimization hasn't converged yet.
  warnings.warn(
/data/home/rtabares/anaconda3/envs/pyth3.12/lib/python3.12/site-packages/sklearn/neural_network/_multilayer_perceptron.py:691: ConvergenceWarning: Stochastic Optimizer: Maximum iterations (50) reached and the optimization hasn't converged yet.
  warnings.warn(
[I 2025-05-18 17:08:16,963] Trial 0 finished with value: 0.4924242424242424 and parameters: {'hidden_layer_sizes': (200,), 'max_iter': 50, 'alpha': 0.001}. Best is trial 0 with value: 0.4924242424242424.
/data/home/rtabares/anaconda3/envs/pyth3.12/lib/python3.12/site-packages/sklearn/neural_network/_multilayer_perceptron.py:691: ConvergenceWarning: Stochastic Optimizer: Maximum iterations (100) reached and the optimization hasn't converged yet.
  warnings.warn(
/data/home/rtabares/anaconda3/envs/pyth3.12/lib/python3.12/site-packages/sklearn/neural_network/_multilayer_perceptron.py:691: ConvergenceWarning: Stochastic Optimizer: Maximum iterations (100) reached and the optimization hasn't converged yet.
  warnings.warn(
/data/home/rtabares/anaconda3/envs/pyth3.12/lib/python3.12/site-packages/sklearn/neural_network/_multilayer_perceptron.py:691: ConvergenceWarning: Stochastic Optimizer: Maximum iterations (100) reached and the optimization hasn't converged yet.
  warnings.warn(
/data/home/rtabares/anaconda3/envs/pyth3.12/lib/python3.12/site-packages/sklearn/neural_network/_multilayer_perceptron.py:691: ConvergenceWarning: Stochastic Optimizer: Maximum iterations (100) reached and the optimization hasn't converged yet.
  warnings.warn(
/data/home/rtabares/anaconda3/envs/pyth3.12/lib/python3.12/site-packages/sklearn/neural_network/_multilayer_perceptron.py:691: ConvergenceWarning: Stochastic Optimizer: Maximum iterations (100) reached and the optimization hasn't converged yet.
  warnings.warn(
[I 2025-05-18 17:08:18,072] Trial 1 finished with value: 0.4666666666666667 and parameters: {'hidden_layer_sizes': (100,), 'max_iter': 100, 'alpha': 0.0001}. Best is trial 0 with value: 0.4924242424242424.
/data/home/rtabares/anaconda3/envs/pyth3.12/lib/python3.12/site-packages/sklearn/neural_network/_multilayer_perceptron.py:691: ConvergenceWarning: Stochastic Optimizer: Maximum iterations (100) reached and the optimization hasn't converged yet.
  warnings.warn(
/data/home/rtabares/anaconda3/envs/pyth3.12/lib/python3.12/site-packages/sklearn/neural_network/_multilayer_perceptron.py:691: ConvergenceWarning: Stochastic Optimizer: Maximum iterations (100) reached and the optimization hasn't converged yet.
  warnings.warn(
/data/home/rtabares/anaconda3/envs/pyth3.12/lib/python3.12/site-packages/sklearn/neural_network/_multilayer_perceptron.py:691: ConvergenceWarning: Stochastic Optimizer: Maximum iterations (100) reached and the optimization hasn't converged yet.
  warnings.warn(
/data/home/rtabares/anaconda3/envs/pyth3.12/lib/python3.12/site-packages/sklearn/neural_network/_multilayer_perceptron.py:691: ConvergenceWarning: Stochastic Optimizer: Maximum iterations (100) reached and the optimization hasn't converged yet.
  warnings.warn(
/data/home/rtabares/anaconda3/envs/pyth3.12/lib/python3.12/site-packages/sklearn/neural_network/_multilayer_perceptron.py:691: ConvergenceWarning: Stochastic Optimizer: Maximum iterations (100) reached and the optimization hasn't converged yet.
  warnings.warn(
[I 2025-05-18 17:08:18,996] Trial 2 finished with value: 0.4674242424242424 and parameters: {'hidden_layer_sizes': (100,), 'max_iter': 100, 'alpha': 0.001}. Best is trial 0 with value: 0.4924242424242424.
/data/home/rtabares/anaconda3/envs/pyth3.12/lib/python3.12/site-packages/sklearn/neural_network/_multilayer_perceptron.py:691: ConvergenceWarning: Stochastic Optimizer: Maximum iterations (50) reached and the optimization hasn't converged yet.
  warnings.warn(
/data/home/rtabares/anaconda3/envs/pyth3.12/lib/python3.12/site-packages/sklearn/neural_network/_multilayer_perceptron.py:691: ConvergenceWarning: Stochastic Optimizer: Maximum iterations (50) reached and the optimization hasn't converged yet.
  warnings.warn(
/data/home/rtabares/anaconda3/envs/pyth3.12/lib/python3.12/site-packages/sklearn/neural_network/_multilayer_perceptron.py:691: ConvergenceWarning: Stochastic Optimizer: Maximum iterations (50) reached and the optimization hasn't converged yet.
  warnings.warn(
/data/home/rtabares/anaconda3/envs/pyth3.12/lib/python3.12/site-packages/sklearn/neural_network/_multilayer_perceptron.py:691: ConvergenceWarning: Stochastic Optimizer: Maximum iterations (50) reached and the optimization hasn't converged yet.
  warnings.warn(
/data/home/rtabares/anaconda3/envs/pyth3.12/lib/python3.12/site-packages/sklearn/neural_network/_multilayer_perceptron.py:691: ConvergenceWarning: Stochastic Optimizer: Maximum iterations (50) reached and the optimization hasn't converged yet.
  warnings.warn(
[I 2025-05-18 17:08:19,084] Trial 3 finished with value: 0.5007575757575757 and parameters: {'hidden_layer_sizes': (200,), 'max_iter': 50, 'alpha': 0.001}. Best is trial 3 with value: 0.5007575757575757.
/data/home/rtabares/anaconda3/envs/pyth3.12/lib/python3.12/site-packages/sklearn/neural_network/_multilayer_perceptron.py:691: ConvergenceWarning: Stochastic Optimizer: Maximum iterations (100) reached and the optimization hasn't converged yet.
  warnings.warn(
/data/home/rtabares/anaconda3/envs/pyth3.12/lib/python3.12/site-packages/sklearn/neural_network/_multilayer_perceptron.py:691: ConvergenceWarning: Stochastic Optimizer: Maximum iterations (100) reached and the optimization hasn't converged yet.
  warnings.warn(
/data/home/rtabares/anaconda3/envs/pyth3.12/lib/python3.12/site-packages/sklearn/neural_network/_multilayer_perceptron.py:691: ConvergenceWarning: Stochastic Optimizer: Maximum iterations (100) reached and the optimization hasn't converged yet.
  warnings.warn(
/data/home/rtabares/anaconda3/envs/pyth3.12/lib/python3.12/site-packages/sklearn/neural_network/_multilayer_perceptron.py:691: ConvergenceWarning: Stochastic Optimizer: Maximum iterations (100) reached and the optimization hasn't converged yet.
  warnings.warn(
[I 2025-05-18 17:08:19,192] Trial 4 finished with value: 0.475 and parameters: {'hidden_layer_sizes': (100,), 'max_iter': 100, 'alpha': 0.0001}. Best is trial 3 with value: 0.5007575757575757.
/data/home/rtabares/anaconda3/envs/pyth3.12/lib/python3.12/site-packages/sklearn/neural_network/_multilayer_perceptron.py:691: ConvergenceWarning: Stochastic Optimizer: Maximum iterations (100) reached and the optimization hasn't converged yet.
  warnings.warn(
/data/home/rtabares/anaconda3/envs/pyth3.12/lib/python3.12/site-packages/sklearn/neural_network/_multilayer_perceptron.py:691: ConvergenceWarning: Stochastic Optimizer: Maximum iterations (100) reached and the optimization hasn't converged yet.
  warnings.warn(
/data/home/rtabares/anaconda3/envs/pyth3.12/lib/python3.12/site-packages/sklearn/neural_network/_multilayer_perceptron.py:691: ConvergenceWarning: Stochastic Optimizer: Maximum iterations (100) reached and the optimization hasn't converged yet.
  warnings.warn(
/data/home/rtabares/anaconda3/envs/pyth3.12/lib/python3.12/site-packages/sklearn/neural_network/_multilayer_perceptron.py:691: ConvergenceWarning: Stochastic Optimizer: Maximum iterations (100) reached and the optimization hasn't converged yet.
  warnings.warn(
[I 2025-05-18 17:08:19,301] Trial 5 finished with value: 0.4416666666666667 and parameters: {'hidden_layer_sizes': (100,), 'max_iter': 100, 'alpha': 0.001}. Best is trial 3 with value: 0.5007575757575757.
/data/home/rtabares/anaconda3/envs/pyth3.12/lib/python3.12/site-packages/sklearn/neural_network/_multilayer_perceptron.py:691: ConvergenceWarning: Stochastic Optimizer: Maximum iterations (100) reached and the optimization hasn't converged yet.
  warnings.warn(
/data/home/rtabares/anaconda3/envs/pyth3.12/lib/python3.12/site-packages/sklearn/neural_network/_multilayer_perceptron.py:691: ConvergenceWarning: Stochastic Optimizer: Maximum iterations (100) reached and the optimization hasn't converged yet.
  warnings.warn(
/data/home/rtabares/anaconda3/envs/pyth3.12/lib/python3.12/site-packages/sklearn/neural_network/_multilayer_perceptron.py:691: ConvergenceWarning: Stochastic Optimizer: Maximum iterations (100) reached and the optimization hasn't converged yet.
  warnings.warn(
/data/home/rtabares/anaconda3/envs/pyth3.12/lib/python3.12/site-packages/sklearn/neural_network/_multilayer_perceptron.py:691: ConvergenceWarning: Stochastic Optimizer: Maximum iterations (100) reached and the optimization hasn't converged yet.
  warnings.warn(
[I 2025-05-18 17:08:19,444] Trial 6 finished with value: 0.4325757575757576 and parameters: {'hidden_layer_sizes': (200,), 'max_iter': 100, 'alpha': 0.001}. Best is trial 3 with value: 0.5007575757575757.
/data/home/rtabares/anaconda3/envs/pyth3.12/lib/python3.12/site-packages/sklearn/neural_network/_multilayer_perceptron.py:691: ConvergenceWarning: Stochastic Optimizer: Maximum iterations (100) reached and the optimization hasn't converged yet.
  warnings.warn(
/data/home/rtabares/anaconda3/envs/pyth3.12/lib/python3.12/site-packages/sklearn/neural_network/_multilayer_perceptron.py:691: ConvergenceWarning: Stochastic Optimizer: Maximum iterations (100) reached and the optimization hasn't converged yet.
  warnings.warn(
/data/home/rtabares/anaconda3/envs/pyth3.12/lib/python3.12/site-packages/sklearn/neural_network/_multilayer_perceptron.py:691: ConvergenceWarning: Stochastic Optimizer: Maximum iterations (100) reached and the optimization hasn't converged yet.
  warnings.warn(
/data/home/rtabares/anaconda3/envs/pyth3.12/lib/python3.12/site-packages/sklearn/neural_network/_multilayer_perceptron.py:691: ConvergenceWarning: Stochastic Optimizer: Maximum iterations (100) reached and the optimization hasn't converged yet.
  warnings.warn(
[I 2025-05-18 17:08:19,570] Trial 7 finished with value: 0.4318181818181818 and parameters: {'hidden_layer_sizes': (200,), 'max_iter': 100, 'alpha': 0.001}. Best is trial 3 with value: 0.5007575757575757.
/data/home/rtabares/anaconda3/envs/pyth3.12/lib/python3.12/site-packages/sklearn/neural_network/_multilayer_perceptron.py:691: ConvergenceWarning: Stochastic Optimizer: Maximum iterations (100) reached and the optimization hasn't converged yet.
  warnings.warn(
/data/home/rtabares/anaconda3/envs/pyth3.12/lib/python3.12/site-packages/sklearn/neural_network/_multilayer_perceptron.py:691: ConvergenceWarning: Stochastic Optimizer: Maximum iterations (100) reached and the optimization hasn't converged yet.
  warnings.warn(
/data/home/rtabares/anaconda3/envs/pyth3.12/lib/python3.12/site-packages/sklearn/neural_network/_multilayer_perceptron.py:691: ConvergenceWarning: Stochastic Optimizer: Maximum iterations (100) reached and the optimization hasn't converged yet.
  warnings.warn(
/data/home/rtabares/anaconda3/envs/pyth3.12/lib/python3.12/site-packages/sklearn/neural_network/_multilayer_perceptron.py:691: ConvergenceWarning: Stochastic Optimizer: Maximum iterations (100) reached and the optimization hasn't converged yet.
  warnings.warn(
[I 2025-05-18 17:08:19,674] Trial 8 finished with value: 0.4840909090909092 and parameters: {'hidden_layer_sizes': (100,), 'max_iter': 100, 'alpha': 0.001}. Best is trial 3 with value: 0.5007575757575757.
/data/home/rtabares/anaconda3/envs/pyth3.12/lib/python3.12/site-packages/sklearn/neural_network/_multilayer_perceptron.py:691: ConvergenceWarning: Stochastic Optimizer: Maximum iterations (50) reached and the optimization hasn't converged yet.
  warnings.warn(
/data/home/rtabares/anaconda3/envs/pyth3.12/lib/python3.12/site-packages/sklearn/neural_network/_multilayer_perceptron.py:691: ConvergenceWarning: Stochastic Optimizer: Maximum iterations (50) reached and the optimization hasn't converged yet.
  warnings.warn(
/data/home/rtabares/anaconda3/envs/pyth3.12/lib/python3.12/site-packages/sklearn/neural_network/_multilayer_perceptron.py:691: ConvergenceWarning: Stochastic Optimizer: Maximum iterations (50) reached and the optimization hasn't converged yet.
  warnings.warn(
/data/home/rtabares/anaconda3/envs/pyth3.12/lib/python3.12/site-packages/sklearn/neural_network/_multilayer_perceptron.py:691: ConvergenceWarning: Stochastic Optimizer: Maximum iterations (50) reached and the optimization hasn't converged yet.
  warnings.warn(
/data/home/rtabares/anaconda3/envs/pyth3.12/lib/python3.12/site-packages/sklearn/neural_network/_multilayer_perceptron.py:691: ConvergenceWarning: Stochastic Optimizer: Maximum iterations (50) reached and the optimization hasn't converged yet.
  warnings.warn(
[I 2025-05-18 17:08:19,728] Trial 9 finished with value: 0.4909090909090909 and parameters: {'hidden_layer_sizes': (100,), 'max_iter': 50, 'alpha': 0.001}. Best is trial 3 with value: 0.5007575757575757.
[I 2025-05-18 17:08:25,624] A new study created in memory with name: naive_bayes
Parámetros guardados en checkpoint_default_Dlatent_G/ag/IPC_59/best_models_ag_seed_5_space_original/mlp_best_params.json


>>> Optuna tuning naive_bayes metodo ag IPC 59 seed 5


[I 2025-05-18 17:08:28,198] Trial 0 finished with value: 0.5416666666666666 and parameters: {'var_smoothing': 2.7796258518939306e-10}. Best is trial 0 with value: 0.5416666666666666.
[I 2025-05-18 17:08:28,872] Trial 1 finished with value: 0.5674242424242424 and parameters: {'var_smoothing': 5.513972710118387e-09}. Best is trial 1 with value: 0.5674242424242424.
[I 2025-05-18 17:08:29,582] Trial 2 finished with value: 0.5416666666666666 and parameters: {'var_smoothing': 2.590826381512706e-10}. Best is trial 1 with value: 0.5674242424242424.
[I 2025-05-18 17:08:30,348] Trial 3 finished with value: 0.5765151515151515 and parameters: {'var_smoothing': 6.874194498027403e-09}. Best is trial 3 with value: 0.5765151515151515.
[I 2025-05-18 17:08:30,372] Trial 4 finished with value: 0.5416666666666666 and parameters: {'var_smoothing': 9.480306482679771e-10}. Best is trial 3 with value: 0.5765151515151515.
[I 2025-05-18 17:08:30,397] Trial 5 finished with value: 0.5499999999999999 and parameters: {'var_smoothing': 1.6729683536668864e-09}. Best is trial 3 with value: 0.5765151515151515.
[I 2025-05-18 17:08:30,412] Trial 6 finished with value: 0.5499999999999999 and parameters: {'var_smoothing': 3.402637726935598e-09}. Best is trial 3 with value: 0.5765151515151515.
[I 2025-05-18 17:08:30,436] Trial 7 finished with value: 0.5416666666666666 and parameters: {'var_smoothing': 1.0885189040847657e-09}. Best is trial 3 with value: 0.5765151515151515.
[I 2025-05-18 17:08:30,451] Trial 8 finished with value: 0.5416666666666666 and parameters: {'var_smoothing': 3.922843686541149e-10}. Best is trial 3 with value: 0.5765151515151515.
