[I 2025-05-18 17:09:39,341] Trial 7 finished with value: 0.990909090909091 and parameters: {'n_estimators': 10, 'max_depth': 30, 'gamma': 0.8165284487704038, 'subsample': 0.5255714015506736, 'colsample_bytree': 0.594333867896554}. Best is trial 7 with value: 0.990909090909091.
/data/home/rtabares/anaconda3/envs/pyth3.12/lib/python3.12/site-packages/xgboost/core.py:377: FutureWarning: Your system has an old version of glibc (< 2.28). We will stop supporting Linux distros with glibc older than 2.28 after **May 31, 2025**. Please upgrade to a recent Linux distro (with glibc >= 2.28) to use future versions of XGBoost.
Note: You have installed the 'manylinux2014' variant of XGBoost. Certain features such as GPU algorithms or federated learning are not available. To use these features, please upgrade to a recent Linux distro with glibc 2.28+, and install the 'manylinux_2_28' variant.
  warnings.warn(
/data/home/rtabares/anaconda3/envs/pyth3.12/lib/python3.12/site-packages/xgboost/core.py:377: FutureWarning: Your system has an old version of glibc (< 2.28). We will stop supporting Linux distros with glibc older than 2.28 after **May 31, 2025**. Please upgrade to a recent Linux distro (with glibc >= 2.28) to use future versions of XGBoost.
Note: You have installed the 'manylinux2014' variant of XGBoost. Certain features such as GPU algorithms or federated learning are not available. To use these features, please upgrade to a recent Linux distro with glibc 2.28+, and install the 'manylinux_2_28' variant.
  warnings.warn(
[I 2025-05-18 17:09:39,477] Trial 8 finished with value: 0.990909090909091 and parameters: {'n_estimators': 100, 'max_depth': 20, 'gamma': 0.6251497693480509, 'subsample': 0.9696496759824258, 'colsample_bytree': 0.9717700410079397}. Best is trial 7 with value: 0.990909090909091.
/data/home/rtabares/anaconda3/envs/pyth3.12/lib/python3.12/site-packages/xgboost/core.py:377: FutureWarning: Your system has an old version of glibc (< 2.28). We will stop supporting Linux distros with glibc older than 2.28 after **May 31, 2025**. Please upgrade to a recent Linux distro (with glibc >= 2.28) to use future versions of XGBoost.
Note: You have installed the 'manylinux2014' variant of XGBoost. Certain features such as GPU algorithms or federated learning are not available. To use these features, please upgrade to a recent Linux distro with glibc 2.28+, and install the 'manylinux_2_28' variant.
  warnings.warn(
/data/home/rtabares/anaconda3/envs/pyth3.12/lib/python3.12/site-packages/xgboost/core.py:377: FutureWarning: Your system has an old version of glibc (< 2.28). We will stop supporting Linux distros with glibc older than 2.28 after **May 31, 2025**. Please upgrade to a recent Linux distro (with glibc >= 2.28) to use future versions of XGBoost.
Note: You have installed the 'manylinux2014' variant of XGBoost. Certain features such as GPU algorithms or federated learning are not available. To use these features, please upgrade to a recent Linux distro with glibc 2.28+, and install the 'manylinux_2_28' variant.
  warnings.warn(
[I 2025-05-18 17:09:39,562] Trial 9 finished with value: 0.965909090909091 and parameters: {'n_estimators': 40, 'max_depth': 30, 'gamma': 0.9649927737686168, 'subsample': 0.6857563076640036, 'colsample_bytree': 0.5061847058001788}. Best is trial 7 with value: 0.990909090909091.
/data/home/rtabares/anaconda3/envs/pyth3.12/lib/python3.12/site-packages/xgboost/core.py:377: FutureWarning: Your system has an old version of glibc (< 2.28). We will stop supporting Linux distros with glibc older than 2.28 after **May 31, 2025**. Please upgrade to a recent Linux distro (with glibc >= 2.28) to use future versions of XGBoost.
Note: You have installed the 'manylinux2014' variant of XGBoost. Certain features such as GPU algorithms or federated learning are not available. To use these features, please upgrade to a recent Linux distro with glibc 2.28+, and install the 'manylinux_2_28' variant.
  warnings.warn(
/data/home/rtabares/anaconda3/envs/pyth3.12/lib/python3.12/site-packages/xgboost/core.py:377: FutureWarning: Your system has an old version of glibc (< 2.28). We will stop supporting Linux distros with glibc older than 2.28 after **May 31, 2025**. Please upgrade to a recent Linux distro (with glibc >= 2.28) to use future versions of XGBoost.
Note: You have installed the 'manylinux2014' variant of XGBoost. Certain features such as GPU algorithms or federated learning are not available. To use these features, please upgrade to a recent Linux distro with glibc 2.28+, and install the 'manylinux_2_28' variant.
  warnings.warn(
/data/home/rtabares/anaconda3/envs/pyth3.12/lib/python3.12/site-packages/xgboost/core.py:377: FutureWarning: Your system has an old version of glibc (< 2.28). We will stop supporting Linux distros with glibc older than 2.28 after **May 31, 2025**. Please upgrade to a recent Linux distro (with glibc >= 2.28) to use future versions of XGBoost.
Note: You have installed the 'manylinux2014' variant of XGBoost. Certain features such as GPU algorithms or federated learning are not available. To use these features, please upgrade to a recent Linux distro with glibc 2.28+, and install the 'manylinux_2_28' variant.
  warnings.warn(
/data/home/rtabares/anaconda3/envs/pyth3.12/lib/python3.12/site-packages/xgboost/core.py:377: FutureWarning: Your system has an old version of glibc (< 2.28). We will stop supporting Linux distros with glibc older than 2.28 after **May 31, 2025**. Please upgrade to a recent Linux distro (with glibc >= 2.28) to use future versions of XGBoost.
Note: You have installed the 'manylinux2014' variant of XGBoost. Certain features such as GPU algorithms or federated learning are not available. To use these features, please upgrade to a recent Linux distro with glibc 2.28+, and install the 'manylinux_2_28' variant.
  warnings.warn(
[I 2025-05-18 17:10:03,573] A new study created in memory with name: rf
Parámetros guardados en checkpoint_default_Dlatent_G/lc/IPC_59/best_models_lc_seed_5_space_latent/xgb_best_params.json


>>> Optuna tuning rf metodo lc IPC 59 seed 5


[I 2025-05-18 17:10:06,207] Trial 0 finished with value: 0.9916666666666666 and parameters: {'n_estimators': 189, 'max_depth': 18, 'min_samples_split': 3, 'min_samples_leaf': 10}. Best is trial 0 with value: 0.9916666666666666.
[I 2025-05-18 17:10:07,736] Trial 1 finished with value: 0.9916666666666666 and parameters: {'n_estimators': 295, 'max_depth': 14, 'min_samples_split': 8, 'min_samples_leaf': 6}. Best is trial 0 with value: 0.9916666666666666.
[I 2025-05-18 17:10:10,139] Trial 2 finished with value: 0.9916666666666666 and parameters: {'n_estimators': 219, 'max_depth': 6, 'min_samples_split': 2, 'min_samples_leaf': 8}. Best is trial 0 with value: 0.9916666666666666.
[I 2025-05-18 17:10:12,359] Trial 3 finished with value: 0.9916666666666666 and parameters: {'n_estimators': 276, 'max_depth': 5, 'min_samples_split': 9, 'min_samples_leaf': 3}. Best is trial 0 with value: 0.9916666666666666.
[I 2025-05-18 17:10:13,653] Trial 4 finished with value: 0.9916666666666666 and parameters: {'n_estimators': 266, 'max_depth': 8, 'min_samples_split': 7, 'min_samples_leaf': 6}. Best is trial 0 with value: 0.9916666666666666.
[I 2025-05-18 17:10:16,149] Trial 5 finished with value: 0.9916666666666666 and parameters: {'n_estimators': 340, 'max_depth': 7, 'min_samples_split': 4, 'min_samples_leaf': 3}. Best is trial 0 with value: 0.9916666666666666.
[I 2025-05-18 17:10:17,416] Trial 6 finished with value: 0.9916666666666666 and parameters: {'n_estimators': 231, 'max_depth': 5, 'min_samples_split': 3, 'min_samples_leaf': 10}. Best is trial 0 with value: 0.9916666666666666.
[I 2025-05-18 17:10:19,768] Trial 7 finished with value: 0.9916666666666666 and parameters: {'n_estimators': 485, 'max_depth': 6, 'min_samples_split': 2, 'min_samples_leaf': 3}. Best is trial 0 with value: 0.9916666666666666.
[I 2025-05-18 17:10:21,367] Trial 8 finished with value: 0.9916666666666666 and parameters: {'n_estimators': 380, 'max_depth': 17, 'min_samples_split': 2, 'min_samples_leaf': 6}. Best is trial 0 with value: 0.9916666666666666.
[I 2025-05-18 17:10:21,884] Trial 9 finished with value: 0.9916666666666666 and parameters: {'n_estimators': 100, 'max_depth': 12, 'min_samples_split': 7, 'min_samples_leaf': 10}. Best is trial 0 with value: 0.9916666666666666.
[I 2025-05-18 17:10:34,368] A new study created in memory with name: svc
Parámetros guardados en checkpoint_default_Dlatent_G/lc/IPC_59/best_models_lc_seed_5_space_latent/rf_best_params.json


>>> Optuna tuning svc metodo lc IPC 59 seed 5


[I 2025-05-18 17:10:38,072] Trial 0 finished with value: 0.525 and parameters: {'C': 0.07726319876517104, 'gamma': 0.3040389504793042}. Best is trial 0 with value: 0.525.
[I 2025-05-18 17:10:39,952] Trial 1 finished with value: 0.5166666666666666 and parameters: {'C': 0.06712381339142241, 'gamma': 0.47254549996710477}. Best is trial 0 with value: 0.525.
[I 2025-05-18 17:10:40,031] Trial 2 finished with value: 0.8303030303030303 and parameters: {'C': 0.8987621100554035, 'gamma': 0.027988231123708972}. Best is trial 2 with value: 0.8303030303030303.
[I 2025-05-18 17:10:40,098] Trial 3 finished with value: 0.9734848484848484 and parameters: {'C': 11.5779435007655, 'gamma': 0.011848734045499056}. Best is trial 3 with value: 0.9734848484848484.
[I 2025-05-18 17:10:40,156] Trial 4 finished with value: 0.9583333333333333 and parameters: {'C': 0.1538870258903583, 'gamma': 0.0005634883151169033}. Best is trial 3 with value: 0.9734848484848484.
[I 2025-05-18 17:10:40,201] Trial 5 finished with value: 0.5416666666666667 and parameters: {'C': 0.021036092656561454, 'gamma': 0.08990030906808326}. Best is trial 3 with value: 0.9734848484848484.
[I 2025-05-18 17:10:40,235] Trial 6 finished with value: 0.9825757575757574 and parameters: {'C': 0.5824208201678516, 'gamma': 0.00042977333932534993}. Best is trial 6 with value: 0.9825757575757574.
[I 2025-05-18 17:10:40,260] Trial 7 finished with value: 0.9916666666666666 and parameters: {'C': 33.09391330085814, 'gamma': 0.001248377256719358}. Best is trial 7 with value: 0.9916666666666666.
[I 2025-05-18 17:10:40,294] Trial 8 finished with value: 0.9825757575757574 and parameters: {'C': 0.45387898639622015, 'gamma': 0.0015286910781809498}. Best is trial 7 with value: 0.9916666666666666.
[I 2025-05-18 17:10:40,318] Trial 9 finished with value: 0.9136363636363637 and parameters: {'C': 3.274550070431994, 'gamma': 0.02086177421469992}. Best is trial 7 with value: 0.9916666666666666.
[I 2025-05-18 17:10:48,725] A new study created in memory with name: logreg
Parámetros guardados en checkpoint_default_Dlatent_G/lc/IPC_59/best_models_lc_seed_5_space_latent/svc_best_params.json


>>> Optuna tuning logreg metodo lc IPC 59 seed 5


[I 2025-05-18 17:10:50,299] Trial 0 finished with value: 0.9916666666666666 and parameters: {'C': 0.012881482725481003, 'penalty': 'l2'}. Best is trial 0 with value: 0.9916666666666666.
[I 2025-05-18 17:10:51,895] Trial 1 finished with value: 0.9916666666666666 and parameters: {'C': 22.576755560681583, 'penalty': 'l2'}. Best is trial 0 with value: 0.9916666666666666.
[I 2025-05-18 17:10:51,919] Trial 2 finished with value: 0.9916666666666666 and parameters: {'C': 0.010804278656839932, 'penalty': 'l2'}. Best is trial 0 with value: 0.9916666666666666.
[I 2025-05-18 17:10:51,941] Trial 3 finished with value: 0.9916666666666666 and parameters: {'C': 39.17910760336117, 'penalty': 'l2'}. Best is trial 0 with value: 0.9916666666666666.
[I 2025-05-18 17:10:51,965] Trial 4 finished with value: 0.9916666666666666 and parameters: {'C': 0.2767298094062571, 'penalty': 'l2'}. Best is trial 0 with value: 0.9916666666666666.
[I 2025-05-18 17:10:51,989] Trial 5 finished with value: 0.9916666666666666 and parameters: {'C': 1.1447728330837224, 'penalty': 'l2'}. Best is trial 0 with value: 0.9916666666666666.
[I 2025-05-18 17:10:52,013] Trial 6 finished with value: 0.9916666666666666 and parameters: {'C': 6.753661388238877, 'penalty': 'l2'}. Best is trial 0 with value: 0.9916666666666666.
[I 2025-05-18 17:10:52,038] Trial 7 finished with value: 0.9916666666666666 and parameters: {'C': 0.39092184460352974, 'penalty': 'l2'}. Best is trial 0 with value: 0.9916666666666666.
[I 2025-05-18 17:10:52,073] Trial 8 finished with value: 0.9916666666666666 and parameters: {'C': 0.03047912590082646, 'penalty': 'l2'}. Best is trial 0 with value: 0.9916666666666666.
[I 2025-05-18 17:10:52,108] Trial 9 finished with value: 0.9916666666666666 and parameters: {'C': 0.008681727362499118, 'penalty': 'l2'}. Best is trial 0 with value: 0.9916666666666666.
[I 2025-05-18 17:10:58,176] A new study created in memory with name: mlp
Parámetros guardados en checkpoint_default_Dlatent_G/lc/IPC_59/best_models_lc_seed_5_space_latent/logreg_best_params.json


>>> Optuna tuning mlp metodo lc IPC 59 seed 5


/data/home/rtabares/anaconda3/envs/pyth3.12/lib/python3.12/site-packages/sklearn/neural_network/_multilayer_perceptron.py:691: ConvergenceWarning: Stochastic Optimizer: Maximum iterations (50) reached and the optimization hasn't converged yet.
  warnings.warn(
/data/home/rtabares/anaconda3/envs/pyth3.12/lib/python3.12/site-packages/sklearn/neural_network/_multilayer_perceptron.py:691: ConvergenceWarning: Stochastic Optimizer: Maximum iterations (50) reached and the optimization hasn't converged yet.
  warnings.warn(
[I 2025-05-18 17:10:59,674] Trial 0 finished with value: 0.9916666666666666 and parameters: {'hidden_layer_sizes': (200,), 'max_iter': 50, 'alpha': 0.001}. Best is trial 0 with value: 0.9916666666666666.
[I 2025-05-18 17:11:00,713] Trial 1 finished with value: 0.9916666666666666 and parameters: {'hidden_layer_sizes': (100,), 'max_iter': 100, 'alpha': 0.0001}. Best is trial 0 with value: 0.9916666666666666.
[I 2025-05-18 17:11:01,624] Trial 2 finished with value: 0.9833333333333332 and parameters: {'hidden_layer_sizes': (100,), 'max_iter': 100, 'alpha': 0.001}. Best is trial 0 with value: 0.9916666666666666.
/data/home/rtabares/anaconda3/envs/pyth3.12/lib/python3.12/site-packages/sklearn/neural_network/_multilayer_perceptron.py:691: ConvergenceWarning: Stochastic Optimizer: Maximum iterations (50) reached and the optimization hasn't converged yet.
  warnings.warn(
/data/home/rtabares/anaconda3/envs/pyth3.12/lib/python3.12/site-packages/sklearn/neural_network/_multilayer_perceptron.py:691: ConvergenceWarning: Stochastic Optimizer: Maximum iterations (50) reached and the optimization hasn't converged yet.
  warnings.warn(
/data/home/rtabares/anaconda3/envs/pyth3.12/lib/python3.12/site-packages/sklearn/neural_network/_multilayer_perceptron.py:691: ConvergenceWarning: Stochastic Optimizer: Maximum iterations (50) reached and the optimization hasn't converged yet.
  warnings.warn(
/data/home/rtabares/anaconda3/envs/pyth3.12/lib/python3.12/site-packages/sklearn/neural_network/_multilayer_perceptron.py:691: ConvergenceWarning: Stochastic Optimizer: Maximum iterations (50) reached and the optimization hasn't converged yet.
  warnings.warn(
[I 2025-05-18 17:11:01,699] Trial 3 finished with value: 0.9833333333333332 and parameters: {'hidden_layer_sizes': (200,), 'max_iter': 50, 'alpha': 0.001}. Best is trial 0 with value: 0.9916666666666666.
[I 2025-05-18 17:11:01,785] Trial 4 finished with value: 0.9916666666666666 and parameters: {'hidden_layer_sizes': (100,), 'max_iter': 100, 'alpha': 0.0001}. Best is trial 0 with value: 0.9916666666666666.
[I 2025-05-18 17:11:01,871] Trial 5 finished with value: 0.9916666666666666 and parameters: {'hidden_layer_sizes': (100,), 'max_iter': 100, 'alpha': 0.001}. Best is trial 0 with value: 0.9916666666666666.
[I 2025-05-18 17:11:02,119] Trial 6 finished with value: 0.9916666666666666 and parameters: {'hidden_layer_sizes': (200,), 'max_iter': 100, 'alpha': 0.001}. Best is trial 0 with value: 0.9916666666666666.
[I 2025-05-18 17:11:02,306] Trial 7 finished with value: 0.9916666666666666 and parameters: {'hidden_layer_sizes': (200,), 'max_iter': 100, 'alpha': 0.001}. Best is trial 0 with value: 0.9916666666666666.
[I 2025-05-18 17:11:02,493] Trial 8 finished with value: 0.9833333333333332 and parameters: {'hidden_layer_sizes': (100,), 'max_iter': 100, 'alpha': 0.001}. Best is trial 0 with value: 0.9916666666666666.
/data/home/rtabares/anaconda3/envs/pyth3.12/lib/python3.12/site-packages/sklearn/neural_network/_multilayer_perceptron.py:691: ConvergenceWarning: Stochastic Optimizer: Maximum iterations (50) reached and the optimization hasn't converged yet.
  warnings.warn(
/data/home/rtabares/anaconda3/envs/pyth3.12/lib/python3.12/site-packages/sklearn/neural_network/_multilayer_perceptron.py:691: ConvergenceWarning: Stochastic Optimizer: Maximum iterations (50) reached and the optimization hasn't converged yet.
  warnings.warn(
/data/home/rtabares/anaconda3/envs/pyth3.12/lib/python3.12/site-packages/sklearn/neural_network/_multilayer_perceptron.py:691: ConvergenceWarning: Stochastic Optimizer: Maximum iterations (50) reached and the optimization hasn't converged yet.
  warnings.warn(
/data/home/rtabares/anaconda3/envs/pyth3.12/lib/python3.12/site-packages/sklearn/neural_network/_multilayer_perceptron.py:691: ConvergenceWarning: Stochastic Optimizer: Maximum iterations (50) reached and the optimization hasn't converged yet.
  warnings.warn(
/data/home/rtabares/anaconda3/envs/pyth3.12/lib/python3.12/site-packages/sklearn/neural_network/_multilayer_perceptron.py:691: ConvergenceWarning: Stochastic Optimizer: Maximum iterations (50) reached and the optimization hasn't converged yet.
  warnings.warn(
[I 2025-05-18 17:11:02,589] Trial 9 finished with value: 0.9833333333333332 and parameters: {'hidden_layer_sizes': (100,), 'max_iter': 50, 'alpha': 0.001}. Best is trial 0 with value: 0.9916666666666666.
[I 2025-05-18 17:11:06,376] A new study created in memory with name: naive_bayes
Parámetros guardados en checkpoint_default_Dlatent_G/lc/IPC_59/best_models_lc_seed_5_space_latent/mlp_best_params.json


>>> Optuna tuning naive_bayes metodo lc IPC 59 seed 5


[I 2025-05-18 17:11:09,266] Trial 0 finished with value: 0.9575757575757576 and parameters: {'var_smoothing': 2.7796258518939306e-10}. Best is trial 0 with value: 0.9575757575757576.
[I 2025-05-18 17:11:10,220] Trial 1 finished with value: 0.9575757575757576 and parameters: {'var_smoothing': 5.513972710118387e-09}. Best is trial 0 with value: 0.9575757575757576.
[I 2025-05-18 17:11:10,246] Trial 2 finished with value: 0.9575757575757576 and parameters: {'var_smoothing': 2.590826381512706e-10}. Best is trial 0 with value: 0.9575757575757576.
[I 2025-05-18 17:11:10,947] Trial 3 finished with value: 0.9575757575757576 and parameters: {'var_smoothing': 6.874194498027403e-09}. Best is trial 0 with value: 0.9575757575757576.
[I 2025-05-18 17:11:10,972] Trial 4 finished with value: 0.9575757575757576 and parameters: {'var_smoothing': 9.480306482679771e-10}. Best is trial 0 with value: 0.9575757575757576.
[I 2025-05-18 17:11:10,996] Trial 5 finished with value: 0.9575757575757576 and parameters: {'var_smoothing': 1.6729683536668864e-09}. Best is trial 0 with value: 0.9575757575757576.
[I 2025-05-18 17:11:11,019] Trial 6 finished with value: 0.9575757575757576 and parameters: {'var_smoothing': 3.402637726935598e-09}. Best is trial 0 with value: 0.9575757575757576.
[I 2025-05-18 17:11:11,043] Trial 7 finished with value: 0.9575757575757576 and parameters: {'var_smoothing': 1.0885189040847657e-09}. Best is trial 0 with value: 0.9575757575757576.
[I 2025-05-18 17:11:11,057] Trial 8 finished with value: 0.9575757575757576 and parameters: {'var_smoothing': 3.922843686541149e-10}. Best is trial 0 with value: 0.9575757575757576.
