[I 2025-05-26 03:24:40,966] Trial 6 finished with value: 0.5 and parameters: {'n_neighbors': 5, 'leaf_size': 23, 'p': 2}. Best is trial 1 with value: 0.7.
/data/home/rtabares/anaconda3/envs/pyth3.12/lib/python3.12/site-packages/sklearn/model_selection/_validation.py:960: UserWarning: Scoring failed. The score on this train-test partition for these parameters will be set to nan. Details: 
Traceback (most recent call last):
  File "/data/home/rtabares/anaconda3/envs/pyth3.12/lib/python3.12/site-packages/sklearn/model_selection/_validation.py", line 949, in _score
    scores = scorer(estimator, X_test, y_test, **score_params)
             ^^^^^^^^^^^^^^^^^^^^^^^^^^^^^^^^^^^^^^^^^^^^^^^^^
  File "/data/home/rtabares/anaconda3/envs/pyth3.12/lib/python3.12/site-packages/sklearn/metrics/_scorer.py", line 288, in __call__
    return self._score(partial(_cached_call, None), estimator, X, y_true, **_kwargs)
           ^^^^^^^^^^^^^^^^^^^^^^^^^^^^^^^^^^^^^^^^^^^^^^^^^^^^^^^^^^^^^^^^^^^^^^^^^
  File "/data/home/rtabares/anaconda3/envs/pyth3.12/lib/python3.12/site-packages/sklearn/metrics/_scorer.py", line 380, in _score
    y_pred = method_caller(
             ^^^^^^^^^^^^^^
  File "/data/home/rtabares/anaconda3/envs/pyth3.12/lib/python3.12/site-packages/sklearn/metrics/_scorer.py", line 90, in _cached_call
    result, _ = _get_response_values(
                ^^^^^^^^^^^^^^^^^^^^^
  File "/data/home/rtabares/anaconda3/envs/pyth3.12/lib/python3.12/site-packages/sklearn/utils/_response.py", line 214, in _get_response_values
    y_pred = prediction_method(X)
             ^^^^^^^^^^^^^^^^^^^^
  File "/data/home/rtabares/anaconda3/envs/pyth3.12/lib/python3.12/site-packages/sklearn/neighbors/_classification.py", line 262, in predict
    probabilities = self.predict_proba(X)
                    ^^^^^^^^^^^^^^^^^^^^^
  File "/data/home/rtabares/anaconda3/envs/pyth3.12/lib/python3.12/site-packages/sklearn/neighbors/_classification.py", line 371, in predict_proba
    neigh_ind = self.kneighbors(X, return_distance=False)
                ^^^^^^^^^^^^^^^^^^^^^^^^^^^^^^^^^^^^^^^^^
  File "/data/home/rtabares/anaconda3/envs/pyth3.12/lib/python3.12/site-packages/sklearn/neighbors/_base.py", line 854, in kneighbors
    raise ValueError(
ValueError: Expected n_neighbors <= n_samples_fit, but n_neighbors = 10, n_samples_fit = 8, n_samples = 2

  warnings.warn(
/data/home/rtabares/anaconda3/envs/pyth3.12/lib/python3.12/site-packages/sklearn/model_selection/_validation.py:960: UserWarning: Scoring failed. The score on this train-test partition for these parameters will be set to nan. Details: 
Traceback (most recent call last):
  File "/data/home/rtabares/anaconda3/envs/pyth3.12/lib/python3.12/site-packages/sklearn/model_selection/_validation.py", line 949, in _score
    scores = scorer(estimator, X_test, y_test, **score_params)
             ^^^^^^^^^^^^^^^^^^^^^^^^^^^^^^^^^^^^^^^^^^^^^^^^^
  File "/data/home/rtabares/anaconda3/envs/pyth3.12/lib/python3.12/site-packages/sklearn/metrics/_scorer.py", line 288, in __call__
    return self._score(partial(_cached_call, None), estimator, X, y_true, **_kwargs)
           ^^^^^^^^^^^^^^^^^^^^^^^^^^^^^^^^^^^^^^^^^^^^^^^^^^^^^^^^^^^^^^^^^^^^^^^^^
  File "/data/home/rtabares/anaconda3/envs/pyth3.12/lib/python3.12/site-packages/sklearn/metrics/_scorer.py", line 380, in _score
    y_pred = method_caller(
             ^^^^^^^^^^^^^^
  File "/data/home/rtabares/anaconda3/envs/pyth3.12/lib/python3.12/site-packages/sklearn/metrics/_scorer.py", line 90, in _cached_call
    result, _ = _get_response_values(
                ^^^^^^^^^^^^^^^^^^^^^
  File "/data/home/rtabares/anaconda3/envs/pyth3.12/lib/python3.12/site-packages/sklearn/utils/_response.py", line 214, in _get_response_values
    y_pred = prediction_method(X)
             ^^^^^^^^^^^^^^^^^^^^
  File "/data/home/rtabares/anaconda3/envs/pyth3.12/lib/python3.12/site-packages/sklearn/neighbors/_classification.py", line 262, in predict
    probabilities = self.predict_proba(X)
                    ^^^^^^^^^^^^^^^^^^^^^
  File "/data/home/rtabares/anaconda3/envs/pyth3.12/lib/python3.12/site-packages/sklearn/neighbors/_classification.py", line 371, in predict_proba
    neigh_ind = self.kneighbors(X, return_distance=False)
                ^^^^^^^^^^^^^^^^^^^^^^^^^^^^^^^^^^^^^^^^^
  File "/data/home/rtabares/anaconda3/envs/pyth3.12/lib/python3.12/site-packages/sklearn/neighbors/_base.py", line 854, in kneighbors
    raise ValueError(
ValueError: Expected n_neighbors <= n_samples_fit, but n_neighbors = 10, n_samples_fit = 8, n_samples = 2

  warnings.warn(
/data/home/rtabares/anaconda3/envs/pyth3.12/lib/python3.12/site-packages/sklearn/model_selection/_validation.py:960: UserWarning: Scoring failed. The score on this train-test partition for these parameters will be set to nan. Details: 
Traceback (most recent call last):
  File "/data/home/rtabares/anaconda3/envs/pyth3.12/lib/python3.12/site-packages/sklearn/model_selection/_validation.py", line 949, in _score
    scores = scorer(estimator, X_test, y_test, **score_params)
             ^^^^^^^^^^^^^^^^^^^^^^^^^^^^^^^^^^^^^^^^^^^^^^^^^
  File "/data/home/rtabares/anaconda3/envs/pyth3.12/lib/python3.12/site-packages/sklearn/metrics/_scorer.py", line 288, in __call__
    return self._score(partial(_cached_call, None), estimator, X, y_true, **_kwargs)
           ^^^^^^^^^^^^^^^^^^^^^^^^^^^^^^^^^^^^^^^^^^^^^^^^^^^^^^^^^^^^^^^^^^^^^^^^^
  File "/data/home/rtabares/anaconda3/envs/pyth3.12/lib/python3.12/site-packages/sklearn/metrics/_scorer.py", line 380, in _score
    y_pred = method_caller(
             ^^^^^^^^^^^^^^
  File "/data/home/rtabares/anaconda3/envs/pyth3.12/lib/python3.12/site-packages/sklearn/metrics/_scorer.py", line 90, in _cached_call
    result, _ = _get_response_values(
                ^^^^^^^^^^^^^^^^^^^^^
  File "/data/home/rtabares/anaconda3/envs/pyth3.12/lib/python3.12/site-packages/sklearn/utils/_response.py", line 214, in _get_response_values
    y_pred = prediction_method(X)
             ^^^^^^^^^^^^^^^^^^^^
  File "/data/home/rtabares/anaconda3/envs/pyth3.12/lib/python3.12/site-packages/sklearn/neighbors/_classification.py", line 262, in predict
    probabilities = self.predict_proba(X)
                    ^^^^^^^^^^^^^^^^^^^^^
  File "/data/home/rtabares/anaconda3/envs/pyth3.12/lib/python3.12/site-packages/sklearn/neighbors/_classification.py", line 371, in predict_proba
    neigh_ind = self.kneighbors(X, return_distance=False)
                ^^^^^^^^^^^^^^^^^^^^^^^^^^^^^^^^^^^^^^^^^
  File "/data/home/rtabares/anaconda3/envs/pyth3.12/lib/python3.12/site-packages/sklearn/neighbors/_base.py", line 854, in kneighbors
    raise ValueError(
ValueError: Expected n_neighbors <= n_samples_fit, but n_neighbors = 10, n_samples_fit = 8, n_samples = 2

  warnings.warn(
/data/home/rtabares/anaconda3/envs/pyth3.12/lib/python3.12/site-packages/sklearn/model_selection/_validation.py:960: UserWarning: Scoring failed. The score on this train-test partition for these parameters will be set to nan. Details: 
Traceback (most recent call last):
  File "/data/home/rtabares/anaconda3/envs/pyth3.12/lib/python3.12/site-packages/sklearn/model_selection/_validation.py", line 949, in _score
    scores = scorer(estimator, X_test, y_test, **score_params)
             ^^^^^^^^^^^^^^^^^^^^^^^^^^^^^^^^^^^^^^^^^^^^^^^^^
  File "/data/home/rtabares/anaconda3/envs/pyth3.12/lib/python3.12/site-packages/sklearn/metrics/_scorer.py", line 288, in __call__
    return self._score(partial(_cached_call, None), estimator, X, y_true, **_kwargs)
           ^^^^^^^^^^^^^^^^^^^^^^^^^^^^^^^^^^^^^^^^^^^^^^^^^^^^^^^^^^^^^^^^^^^^^^^^^
  File "/data/home/rtabares/anaconda3/envs/pyth3.12/lib/python3.12/site-packages/sklearn/metrics/_scorer.py", line 380, in _score
    y_pred = method_caller(
             ^^^^^^^^^^^^^^
  File "/data/home/rtabares/anaconda3/envs/pyth3.12/lib/python3.12/site-packages/sklearn/metrics/_scorer.py", line 90, in _cached_call
    result, _ = _get_response_values(
                ^^^^^^^^^^^^^^^^^^^^^
  File "/data/home/rtabares/anaconda3/envs/pyth3.12/lib/python3.12/site-packages/sklearn/utils/_response.py", line 214, in _get_response_values
    y_pred = prediction_method(X)
             ^^^^^^^^^^^^^^^^^^^^
  File "/data/home/rtabares/anaconda3/envs/pyth3.12/lib/python3.12/site-packages/sklearn/neighbors/_classification.py", line 262, in predict
    probabilities = self.predict_proba(X)
                    ^^^^^^^^^^^^^^^^^^^^^
  File "/data/home/rtabares/anaconda3/envs/pyth3.12/lib/python3.12/site-packages/sklearn/neighbors/_classification.py", line 371, in predict_proba
    neigh_ind = self.kneighbors(X, return_distance=False)
                ^^^^^^^^^^^^^^^^^^^^^^^^^^^^^^^^^^^^^^^^^
  File "/data/home/rtabares/anaconda3/envs/pyth3.12/lib/python3.12/site-packages/sklearn/neighbors/_base.py", line 854, in kneighbors
    raise ValueError(
ValueError: Expected n_neighbors <= n_samples_fit, but n_neighbors = 10, n_samples_fit = 8, n_samples = 2

  warnings.warn(
/data/home/rtabares/anaconda3/envs/pyth3.12/lib/python3.12/site-packages/sklearn/model_selection/_validation.py:960: UserWarning: Scoring failed. The score on this train-test partition for these parameters will be set to nan. Details: 
Traceback (most recent call last):
  File "/data/home/rtabares/anaconda3/envs/pyth3.12/lib/python3.12/site-packages/sklearn/model_selection/_validation.py", line 949, in _score
    scores = scorer(estimator, X_test, y_test, **score_params)
             ^^^^^^^^^^^^^^^^^^^^^^^^^^^^^^^^^^^^^^^^^^^^^^^^^
  File "/data/home/rtabares/anaconda3/envs/pyth3.12/lib/python3.12/site-packages/sklearn/metrics/_scorer.py", line 288, in __call__
    return self._score(partial(_cached_call, None), estimator, X, y_true, **_kwargs)
           ^^^^^^^^^^^^^^^^^^^^^^^^^^^^^^^^^^^^^^^^^^^^^^^^^^^^^^^^^^^^^^^^^^^^^^^^^
  File "/data/home/rtabares/anaconda3/envs/pyth3.12/lib/python3.12/site-packages/sklearn/metrics/_scorer.py", line 380, in _score
    y_pred = method_caller(
             ^^^^^^^^^^^^^^
  File "/data/home/rtabares/anaconda3/envs/pyth3.12/lib/python3.12/site-packages/sklearn/metrics/_scorer.py", line 90, in _cached_call
    result, _ = _get_response_values(
                ^^^^^^^^^^^^^^^^^^^^^
  File "/data/home/rtabares/anaconda3/envs/pyth3.12/lib/python3.12/site-packages/sklearn/utils/_response.py", line 214, in _get_response_values
    y_pred = prediction_method(X)
             ^^^^^^^^^^^^^^^^^^^^
  File "/data/home/rtabares/anaconda3/envs/pyth3.12/lib/python3.12/site-packages/sklearn/neighbors/_classification.py", line 262, in predict
    probabilities = self.predict_proba(X)
                    ^^^^^^^^^^^^^^^^^^^^^
  File "/data/home/rtabares/anaconda3/envs/pyth3.12/lib/python3.12/site-packages/sklearn/neighbors/_classification.py", line 371, in predict_proba
    neigh_ind = self.kneighbors(X, return_distance=False)
                ^^^^^^^^^^^^^^^^^^^^^^^^^^^^^^^^^^^^^^^^^
  File "/data/home/rtabares/anaconda3/envs/pyth3.12/lib/python3.12/site-packages/sklearn/neighbors/_base.py", line 854, in kneighbors
    raise ValueError(
ValueError: Expected n_neighbors <= n_samples_fit, but n_neighbors = 10, n_samples_fit = 8, n_samples = 2

  warnings.warn(
[W 2025-05-26 03:24:41,030] Trial 7 failed with parameters: {'n_neighbors': 10, 'leaf_size': 23, 'p': 2} because of the following error: The value nan is not acceptable.
[W 2025-05-26 03:24:41,030] Trial 7 failed with value np.float64(nan).
/data/home/rtabares/anaconda3/envs/pyth3.12/lib/python3.12/site-packages/sklearn/metrics/_classification.py:407: UserWarning: A single label was found in 'y_true' and 'y_pred'. For the confusion matrix to have the correct shape, use the 'labels' parameter to pass all known labels.
  warnings.warn(
/data/home/rtabares/anaconda3/envs/pyth3.12/lib/python3.12/site-packages/sklearn/metrics/_classification.py:407: UserWarning: A single label was found in 'y_true' and 'y_pred'. For the confusion matrix to have the correct shape, use the 'labels' parameter to pass all known labels.
  warnings.warn(
[I 2025-05-26 03:24:41,115] Trial 8 finished with value: 0.7 and parameters: {'n_neighbors': 8, 'leaf_size': 36, 'p': 2}. Best is trial 1 with value: 0.7.
/data/home/rtabares/anaconda3/envs/pyth3.12/lib/python3.12/site-packages/sklearn/metrics/_classification.py:2524: UserWarning: y_pred contains classes not in y_true
  warnings.warn("y_pred contains classes not in y_true")
/data/home/rtabares/anaconda3/envs/pyth3.12/lib/python3.12/site-packages/sklearn/metrics/_classification.py:407: UserWarning: A single label was found in 'y_true' and 'y_pred'. For the confusion matrix to have the correct shape, use the 'labels' parameter to pass all known labels.
  warnings.warn(
[I 2025-05-26 03:24:41,161] Trial 9 finished with value: 0.5 and parameters: {'n_neighbors': 3, 'leaf_size': 30, 'p': 2}. Best is trial 1 with value: 0.7.
/data/home/rtabares/anaconda3/envs/pyth3.12/lib/python3.12/site-packages/sklearn/metrics/_classification.py:2524: UserWarning: y_pred contains classes not in y_true
  warnings.warn("y_pred contains classes not in y_true")
/data/home/rtabares/anaconda3/envs/pyth3.12/lib/python3.12/site-packages/sklearn/metrics/_classification.py:407: UserWarning: A single label was found in 'y_true' and 'y_pred'. For the confusion matrix to have the correct shape, use the 'labels' parameter to pass all known labels.
  warnings.warn(
[I 2025-05-26 03:24:41,238] Trial 10 finished with value: 0.5 and parameters: {'n_neighbors': 5, 'leaf_size': 36, 'p': 2}. Best is trial 1 with value: 0.7.
/data/home/rtabares/anaconda3/envs/pyth3.12/lib/python3.12/site-packages/sklearn/metrics/_classification.py:407: UserWarning: A single label was found in 'y_true' and 'y_pred'. For the confusion matrix to have the correct shape, use the 'labels' parameter to pass all known labels.
  warnings.warn(
/data/home/rtabares/anaconda3/envs/pyth3.12/lib/python3.12/site-packages/sklearn/metrics/_classification.py:407: UserWarning: A single label was found in 'y_true' and 'y_pred'. For the confusion matrix to have the correct shape, use the 'labels' parameter to pass all known labels.
  warnings.warn(
[I 2025-05-26 03:24:42,001] Trial 11 finished with value: 0.7 and parameters: {'n_neighbors': 10, 'leaf_size': 31, 'p': 1}. Best is trial 1 with value: 0.7.
/data/home/rtabares/anaconda3/envs/pyth3.12/lib/python3.12/site-packages/sklearn/metrics/_classification.py:407: UserWarning: A single label was found in 'y_true' and 'y_pred'. For the confusion matrix to have the correct shape, use the 'labels' parameter to pass all known labels.
  warnings.warn(
/data/home/rtabares/anaconda3/envs/pyth3.12/lib/python3.12/site-packages/sklearn/metrics/_classification.py:407: UserWarning: A single label was found in 'y_true' and 'y_pred'. For the confusion matrix to have the correct shape, use the 'labels' parameter to pass all known labels.
  warnings.warn(
[I 2025-05-26 03:24:42,823] Trial 12 finished with value: 0.7 and parameters: {'n_neighbors': 8, 'leaf_size': 20, 'p': 1}. Best is trial 1 with value: 0.7.
/data/home/rtabares/anaconda3/envs/pyth3.12/lib/python3.12/site-packages/sklearn/metrics/_classification.py:407: UserWarning: A single label was found in 'y_true' and 'y_pred'. For the confusion matrix to have the correct shape, use the 'labels' parameter to pass all known labels.
  warnings.warn(
/data/home/rtabares/anaconda3/envs/pyth3.12/lib/python3.12/site-packages/sklearn/metrics/_classification.py:407: UserWarning: A single label was found in 'y_true' and 'y_pred'. For the confusion matrix to have the correct shape, use the 'labels' parameter to pass all known labels.
  warnings.warn(
[I 2025-05-26 03:24:42,846] Trial 13 finished with value: 0.7 and parameters: {'n_neighbors': 7, 'leaf_size': 31, 'p': 1}. Best is trial 1 with value: 0.7.
/data/home/rtabares/anaconda3/envs/pyth3.12/lib/python3.12/site-packages/sklearn/metrics/_classification.py:407: UserWarning: A single label was found in 'y_true' and 'y_pred'. For the confusion matrix to have the correct shape, use the 'labels' parameter to pass all known labels.
  warnings.warn(
[I 2025-05-26 03:24:42,871] Trial 14 finished with value: 0.7 and parameters: {'n_neighbors': 6, 'leaf_size': 28, 'p': 1}. Best is trial 1 with value: 0.7.
/data/home/rtabares/anaconda3/envs/pyth3.12/lib/python3.12/site-packages/sklearn/metrics/_classification.py:407: UserWarning: A single label was found in 'y_true' and 'y_pred'. For the confusion matrix to have the correct shape, use the 'labels' parameter to pass all known labels.
  warnings.warn(
/data/home/rtabares/anaconda3/envs/pyth3.12/lib/python3.12/site-packages/sklearn/metrics/_classification.py:407: UserWarning: A single label was found in 'y_true' and 'y_pred'. For the confusion matrix to have the correct shape, use the 'labels' parameter to pass all known labels.
  warnings.warn(
[I 2025-05-26 03:24:42,895] Trial 15 finished with value: 0.7 and parameters: {'n_neighbors': 9, 'leaf_size': 35, 'p': 1}. Best is trial 1 with value: 0.7.
/data/home/rtabares/anaconda3/envs/pyth3.12/lib/python3.12/site-packages/sklearn/metrics/_classification.py:407: UserWarning: A single label was found in 'y_true' and 'y_pred'. For the confusion matrix to have the correct shape, use the 'labels' parameter to pass all known labels.
  warnings.warn(
/data/home/rtabares/anaconda3/envs/pyth3.12/lib/python3.12/site-packages/sklearn/metrics/_classification.py:2524: UserWarning: y_pred contains classes not in y_true
  warnings.warn("y_pred contains classes not in y_true")
[I 2025-05-26 03:24:43,578] Trial 16 finished with value: 0.5 and parameters: {'n_neighbors': 3, 'leaf_size': 33, 'p': 1}. Best is trial 1 with value: 0.7.
/data/home/rtabares/anaconda3/envs/pyth3.12/lib/python3.12/site-packages/sklearn/metrics/_classification.py:407: UserWarning: A single label was found in 'y_true' and 'y_pred'. For the confusion matrix to have the correct shape, use the 'labels' parameter to pass all known labels.
  warnings.warn(
/data/home/rtabares/anaconda3/envs/pyth3.12/lib/python3.12/site-packages/sklearn/metrics/_classification.py:407: UserWarning: A single label was found in 'y_true' and 'y_pred'. For the confusion matrix to have the correct shape, use the 'labels' parameter to pass all known labels.
  warnings.warn(
[I 2025-05-26 03:24:43,604] Trial 17 finished with value: 0.7 and parameters: {'n_neighbors': 6, 'leaf_size': 40, 'p': 1}. Best is trial 1 with value: 0.7.
/data/home/rtabares/anaconda3/envs/pyth3.12/lib/python3.12/site-packages/sklearn/metrics/_classification.py:407: UserWarning: A single label was found in 'y_true' and 'y_pred'. For the confusion matrix to have the correct shape, use the 'labels' parameter to pass all known labels.
  warnings.warn(
/data/home/rtabares/anaconda3/envs/pyth3.12/lib/python3.12/site-packages/sklearn/metrics/_classification.py:407: UserWarning: A single label was found in 'y_true' and 'y_pred'. For the confusion matrix to have the correct shape, use the 'labels' parameter to pass all known labels.
  warnings.warn(
[I 2025-05-26 03:24:43,630] Trial 18 finished with value: 0.7 and parameters: {'n_neighbors': 8, 'leaf_size': 20, 'p': 1}. Best is trial 1 with value: 0.7.
/data/home/rtabares/anaconda3/envs/pyth3.12/lib/python3.12/site-packages/sklearn/metrics/_classification.py:407: UserWarning: A single label was found in 'y_true' and 'y_pred'. For the confusion matrix to have the correct shape, use the 'labels' parameter to pass all known labels.
  warnings.warn(
/data/home/rtabares/anaconda3/envs/pyth3.12/lib/python3.12/site-packages/sklearn/metrics/_classification.py:407: UserWarning: A single label was found in 'y_true' and 'y_pred'. For the confusion matrix to have the correct shape, use the 'labels' parameter to pass all known labels.
  warnings.warn(
