[I 2025-05-18 17:30:47,531] Trial 8 finished with value: 0.5977272727272729 and parameters: {'n_estimators': 100, 'max_depth': 5, 'gamma': 0.3919835527051987, 'subsample': 0.6502094521590198, 'colsample_bytree': 0.5827507002328938}. Best is trial 5 with value: 0.6545454545454545.
/data/home/rtabares/anaconda3/envs/pyth3.12/lib/python3.12/site-packages/xgboost/core.py:377: FutureWarning: Your system has an old version of glibc (< 2.28). We will stop supporting Linux distros with glibc older than 2.28 after **May 31, 2025**. Please upgrade to a recent Linux distro (with glibc >= 2.28) to use future versions of XGBoost.
Note: You have installed the 'manylinux2014' variant of XGBoost. Certain features such as GPU algorithms or federated learning are not available. To use these features, please upgrade to a recent Linux distro with glibc 2.28+, and install the 'manylinux_2_28' variant.
  warnings.warn(
/data/home/rtabares/anaconda3/envs/pyth3.12/lib/python3.12/site-packages/xgboost/core.py:377: FutureWarning: Your system has an old version of glibc (< 2.28). We will stop supporting Linux distros with glibc older than 2.28 after **May 31, 2025**. Please upgrade to a recent Linux distro (with glibc >= 2.28) to use future versions of XGBoost.
Note: You have installed the 'manylinux2014' variant of XGBoost. Certain features such as GPU algorithms or federated learning are not available. To use these features, please upgrade to a recent Linux distro with glibc 2.28+, and install the 'manylinux_2_28' variant.
  warnings.warn(
/data/home/rtabares/anaconda3/envs/pyth3.12/lib/python3.12/site-packages/xgboost/core.py:377: FutureWarning: Your system has an old version of glibc (< 2.28). We will stop supporting Linux distros with glibc older than 2.28 after **May 31, 2025**. Please upgrade to a recent Linux distro (with glibc >= 2.28) to use future versions of XGBoost.
Note: You have installed the 'manylinux2014' variant of XGBoost. Certain features such as GPU algorithms or federated learning are not available. To use these features, please upgrade to a recent Linux distro with glibc 2.28+, and install the 'manylinux_2_28' variant.
  warnings.warn(
[I 2025-05-18 17:30:47,588] Trial 9 finished with value: 0.6121212121212122 and parameters: {'n_estimators': 100, 'max_depth': 5, 'gamma': 0.8003922413895069, 'subsample': 0.9436444759263674, 'colsample_bytree': 0.8374593849333938}. Best is trial 5 with value: 0.6545454545454545.
/data/home/rtabares/anaconda3/envs/pyth3.12/lib/python3.12/site-packages/xgboost/core.py:377: FutureWarning: Your system has an old version of glibc (< 2.28). We will stop supporting Linux distros with glibc older than 2.28 after **May 31, 2025**. Please upgrade to a recent Linux distro (with glibc >= 2.28) to use future versions of XGBoost.
Note: You have installed the 'manylinux2014' variant of XGBoost. Certain features such as GPU algorithms or federated learning are not available. To use these features, please upgrade to a recent Linux distro with glibc 2.28+, and install the 'manylinux_2_28' variant.
  warnings.warn(
/data/home/rtabares/anaconda3/envs/pyth3.12/lib/python3.12/site-packages/xgboost/core.py:377: FutureWarning: Your system has an old version of glibc (< 2.28). We will stop supporting Linux distros with glibc older than 2.28 after **May 31, 2025**. Please upgrade to a recent Linux distro (with glibc >= 2.28) to use future versions of XGBoost.
Note: You have installed the 'manylinux2014' variant of XGBoost. Certain features such as GPU algorithms or federated learning are not available. To use these features, please upgrade to a recent Linux distro with glibc 2.28+, and install the 'manylinux_2_28' variant.
  warnings.warn(
/data/home/rtabares/anaconda3/envs/pyth3.12/lib/python3.12/site-packages/xgboost/core.py:377: FutureWarning: Your system has an old version of glibc (< 2.28). We will stop supporting Linux distros with glibc older than 2.28 after **May 31, 2025**. Please upgrade to a recent Linux distro (with glibc >= 2.28) to use future versions of XGBoost.
Note: You have installed the 'manylinux2014' variant of XGBoost. Certain features such as GPU algorithms or federated learning are not available. To use these features, please upgrade to a recent Linux distro with glibc 2.28+, and install the 'manylinux_2_28' variant.
  warnings.warn(
/data/home/rtabares/anaconda3/envs/pyth3.12/lib/python3.12/site-packages/xgboost/core.py:377: FutureWarning: Your system has an old version of glibc (< 2.28). We will stop supporting Linux distros with glibc older than 2.28 after **May 31, 2025**. Please upgrade to a recent Linux distro (with glibc >= 2.28) to use future versions of XGBoost.
Note: You have installed the 'manylinux2014' variant of XGBoost. Certain features such as GPU algorithms or federated learning are not available. To use these features, please upgrade to a recent Linux distro with glibc 2.28+, and install the 'manylinux_2_28' variant.
  warnings.warn(
[I 2025-05-18 17:30:52,583] A new study created in memory with name: rf
Parámetros guardados en checkpoint_default_Dlatent_G/random/IPC_59/best_models_random_seed_7_space_original/xgb_best_params.json


>>> Optuna tuning rf metodo random IPC 59 seed 7


[I 2025-05-18 17:30:54,191] Trial 0 finished with value: 0.5878787878787879 and parameters: {'n_estimators': 130, 'max_depth': 17, 'min_samples_split': 5, 'min_samples_leaf': 8}. Best is trial 0 with value: 0.5878787878787879.
[I 2025-05-18 17:30:55,685] Trial 1 finished with value: 0.6393939393939394 and parameters: {'n_estimators': 492, 'max_depth': 12, 'min_samples_split': 6, 'min_samples_leaf': 1}. Best is trial 1 with value: 0.6393939393939394.
[I 2025-05-18 17:30:56,051] Trial 2 finished with value: 0.5878787878787879 and parameters: {'n_estimators': 207, 'max_depth': 11, 'min_samples_split': 8, 'min_samples_leaf': 9}. Best is trial 1 with value: 0.6393939393939394.
[I 2025-05-18 17:30:56,430] Trial 3 finished with value: 0.5704545454545455 and parameters: {'n_estimators': 252, 'max_depth': 4, 'min_samples_split': 4, 'min_samples_leaf': 10}. Best is trial 1 with value: 0.6393939393939394.
[I 2025-05-18 17:30:57,427] Trial 4 finished with value: 0.6212121212121212 and parameters: {'n_estimators': 185, 'max_depth': 11, 'min_samples_split': 10, 'min_samples_leaf': 1}. Best is trial 1 with value: 0.6393939393939394.
[I 2025-05-18 17:30:57,886] Trial 5 finished with value: 0.6060606060606061 and parameters: {'n_estimators': 340, 'max_depth': 20, 'min_samples_split': 4, 'min_samples_leaf': 6}. Best is trial 1 with value: 0.6393939393939394.
[I 2025-05-18 17:30:58,486] Trial 6 finished with value: 0.5962121212121212 and parameters: {'n_estimators': 464, 'max_depth': 5, 'min_samples_split': 6, 'min_samples_leaf': 8}. Best is trial 1 with value: 0.6393939393939394.
[I 2025-05-18 17:30:59,122] Trial 7 finished with value: 0.6393939393939394 and parameters: {'n_estimators': 368, 'max_depth': 11, 'min_samples_split': 3, 'min_samples_leaf': 5}. Best is trial 1 with value: 0.6393939393939394.
[I 2025-05-18 17:30:59,521] Trial 8 finished with value: 0.5621212121212121 and parameters: {'n_estimators': 249, 'max_depth': 11, 'min_samples_split': 5, 'min_samples_leaf': 9}. Best is trial 1 with value: 0.6393939393939394.
[I 2025-05-18 17:31:00,085] Trial 9 finished with value: 0.6393939393939394 and parameters: {'n_estimators': 408, 'max_depth': 8, 'min_samples_split': 7, 'min_samples_leaf': 3}. Best is trial 1 with value: 0.6393939393939394.
[I 2025-05-18 17:31:06,449] A new study created in memory with name: svc
Parámetros guardados en checkpoint_default_Dlatent_G/random/IPC_59/best_models_random_seed_7_space_original/rf_best_params.json


>>> Optuna tuning svc metodo random IPC 59 seed 7


[I 2025-05-18 17:31:07,619] Trial 0 finished with value: 0.5 and parameters: {'C': 0.020194502448102298, 'gamma': 0.13172711156111802}. Best is trial 0 with value: 0.5.
[I 2025-05-18 17:31:08,496] Trial 1 finished with value: 0.5287878787878787 and parameters: {'C': 0.5670703311028815, 'gamma': 0.0783178418343345}. Best is trial 1 with value: 0.5287878787878787.
[I 2025-05-18 17:31:08,521] Trial 2 finished with value: 0.6287878787878789 and parameters: {'C': 81.65034948781698, 'gamma': 0.014255533717547383}. Best is trial 2 with value: 0.6287878787878789.
[I 2025-05-18 17:31:08,544] Trial 3 finished with value: 0.5 and parameters: {'C': 1.0103732850016278, 'gamma': 0.00019418001640357854}. Best is trial 2 with value: 0.6287878787878789.
[I 2025-05-18 17:31:08,569] Trial 4 finished with value: 0.5166666666666666 and parameters: {'C': 0.11851025167261421, 'gamma': 0.00998918377985214}. Best is trial 2 with value: 0.6287878787878789.
[I 2025-05-18 17:31:08,594] Trial 5 finished with value: 0.49393939393939396 and parameters: {'C': 5.2109869371584665, 'gamma': 0.16404241128227343}. Best is trial 2 with value: 0.6287878787878789.
[I 2025-05-18 17:31:08,617] Trial 6 finished with value: 0.5 and parameters: {'C': 0.3340138940215422, 'gamma': 0.00018354619576988685}. Best is trial 2 with value: 0.6287878787878789.
[I 2025-05-18 17:31:08,651] Trial 7 finished with value: 0.5166666666666666 and parameters: {'C': 0.1420961781588805, 'gamma': 0.434884682155233}. Best is trial 2 with value: 0.6287878787878789.
[I 2025-05-18 17:31:08,675] Trial 8 finished with value: 0.525 and parameters: {'C': 0.07137422643361827, 'gamma': 0.006434219125545069}. Best is trial 2 with value: 0.6287878787878789.
[I 2025-05-18 17:31:08,703] Trial 9 finished with value: 0.543939393939394 and parameters: {'C': 53.066944048916255, 'gamma': 0.00012577574840733457}. Best is trial 2 with value: 0.6287878787878789.
[I 2025-05-18 17:31:13,805] A new study created in memory with name: logreg
Parámetros guardados en checkpoint_default_Dlatent_G/random/IPC_59/best_models_random_seed_7_space_original/svc_best_params.json


>>> Optuna tuning logreg metodo random IPC 59 seed 7


[I 2025-05-18 17:31:16,869] Trial 0 finished with value: 0.5143939393939394 and parameters: {'C': 0.002407362254570802, 'penalty': 'l2'}. Best is trial 0 with value: 0.5143939393939394.
[I 2025-05-18 17:31:17,796] Trial 1 finished with value: 0.6454545454545454 and parameters: {'C': 7.935859334260497, 'penalty': 'l2'}. Best is trial 1 with value: 0.6454545454545454.
[I 2025-05-18 17:31:18,513] Trial 2 finished with value: 0.6212121212121213 and parameters: {'C': 0.15561310098067915, 'penalty': 'l2'}. Best is trial 1 with value: 0.6454545454545454.
[I 2025-05-18 17:31:18,553] Trial 3 finished with value: 0.6371212121212121 and parameters: {'C': 4.143104515916128, 'penalty': 'l2'}. Best is trial 1 with value: 0.6454545454545454.
[I 2025-05-18 17:31:18,588] Trial 4 finished with value: 0.6545454545454545 and parameters: {'C': 77.61533923098803, 'penalty': 'l2'}. Best is trial 4 with value: 0.6545454545454545.
[I 2025-05-18 17:31:18,613] Trial 5 finished with value: 0.6128787878787879 and parameters: {'C': 0.49258292359934785, 'penalty': 'l2'}. Best is trial 4 with value: 0.6545454545454545.
[I 2025-05-18 17:31:18,630] Trial 6 finished with value: 0.6295454545454545 and parameters: {'C': 0.320333470047146, 'penalty': 'l2'}. Best is trial 4 with value: 0.6545454545454545.
[I 2025-05-18 17:31:18,648] Trial 7 finished with value: 0.5234848484848484 and parameters: {'C': 0.002292216671132896, 'penalty': 'l2'}. Best is trial 4 with value: 0.6545454545454545.
[I 2025-05-18 17:31:18,673] Trial 8 finished with value: 0.571969696969697 and parameters: {'C': 0.0219884643872214, 'penalty': 'l2'}. Best is trial 4 with value: 0.6545454545454545.
[I 2025-05-18 17:31:18,697] Trial 9 finished with value: 0.6295454545454545 and parameters: {'C': 0.31580027519646636, 'penalty': 'l2'}. Best is trial 4 with value: 0.6545454545454545.
[I 2025-05-18 17:31:25,491] A new study created in memory with name: mlp
Parámetros guardados en checkpoint_default_Dlatent_G/random/IPC_59/best_models_random_seed_7_space_original/logreg_best_params.json


>>> Optuna tuning mlp metodo random IPC 59 seed 7


/data/home/rtabares/anaconda3/envs/pyth3.12/lib/python3.12/site-packages/sklearn/neural_network/_multilayer_perceptron.py:691: ConvergenceWarning: Stochastic Optimizer: Maximum iterations (100) reached and the optimization hasn't converged yet.
  warnings.warn(
/data/home/rtabares/anaconda3/envs/pyth3.12/lib/python3.12/site-packages/sklearn/neural_network/_multilayer_perceptron.py:691: ConvergenceWarning: Stochastic Optimizer: Maximum iterations (100) reached and the optimization hasn't converged yet.
  warnings.warn(
/data/home/rtabares/anaconda3/envs/pyth3.12/lib/python3.12/site-packages/sklearn/neural_network/_multilayer_perceptron.py:691: ConvergenceWarning: Stochastic Optimizer: Maximum iterations (100) reached and the optimization hasn't converged yet.
  warnings.warn(
/data/home/rtabares/anaconda3/envs/pyth3.12/lib/python3.12/site-packages/sklearn/neural_network/_multilayer_perceptron.py:691: ConvergenceWarning: Stochastic Optimizer: Maximum iterations (100) reached and the optimization hasn't converged yet.
  warnings.warn(
/data/home/rtabares/anaconda3/envs/pyth3.12/lib/python3.12/site-packages/sklearn/neural_network/_multilayer_perceptron.py:691: ConvergenceWarning: Stochastic Optimizer: Maximum iterations (100) reached and the optimization hasn't converged yet.
  warnings.warn(
[I 2025-05-18 17:31:27,708] Trial 0 finished with value: 0.5946969696969697 and parameters: {'hidden_layer_sizes': (200,), 'max_iter': 100, 'alpha': 0.0001}. Best is trial 0 with value: 0.5946969696969697.
/data/home/rtabares/anaconda3/envs/pyth3.12/lib/python3.12/site-packages/sklearn/neural_network/_multilayer_perceptron.py:691: ConvergenceWarning: Stochastic Optimizer: Maximum iterations (100) reached and the optimization hasn't converged yet.
  warnings.warn(
/data/home/rtabares/anaconda3/envs/pyth3.12/lib/python3.12/site-packages/sklearn/neural_network/_multilayer_perceptron.py:691: ConvergenceWarning: Stochastic Optimizer: Maximum iterations (100) reached and the optimization hasn't converged yet.
  warnings.warn(
/data/home/rtabares/anaconda3/envs/pyth3.12/lib/python3.12/site-packages/sklearn/neural_network/_multilayer_perceptron.py:691: ConvergenceWarning: Stochastic Optimizer: Maximum iterations (100) reached and the optimization hasn't converged yet.
  warnings.warn(
/data/home/rtabares/anaconda3/envs/pyth3.12/lib/python3.12/site-packages/sklearn/neural_network/_multilayer_perceptron.py:691: ConvergenceWarning: Stochastic Optimizer: Maximum iterations (100) reached and the optimization hasn't converged yet.
  warnings.warn(
/data/home/rtabares/anaconda3/envs/pyth3.12/lib/python3.12/site-packages/sklearn/neural_network/_multilayer_perceptron.py:691: ConvergenceWarning: Stochastic Optimizer: Maximum iterations (100) reached and the optimization hasn't converged yet.
  warnings.warn(
[I 2025-05-18 17:31:29,039] Trial 1 finished with value: 0.6121212121212122 and parameters: {'hidden_layer_sizes': (100, 100), 'max_iter': 100, 'alpha': 0.0001}. Best is trial 1 with value: 0.6121212121212122.
/data/home/rtabares/anaconda3/envs/pyth3.12/lib/python3.12/site-packages/sklearn/neural_network/_multilayer_perceptron.py:691: ConvergenceWarning: Stochastic Optimizer: Maximum iterations (100) reached and the optimization hasn't converged yet.
  warnings.warn(
/data/home/rtabares/anaconda3/envs/pyth3.12/lib/python3.12/site-packages/sklearn/neural_network/_multilayer_perceptron.py:691: ConvergenceWarning: Stochastic Optimizer: Maximum iterations (100) reached and the optimization hasn't converged yet.
  warnings.warn(
/data/home/rtabares/anaconda3/envs/pyth3.12/lib/python3.12/site-packages/sklearn/neural_network/_multilayer_perceptron.py:691: ConvergenceWarning: Stochastic Optimizer: Maximum iterations (100) reached and the optimization hasn't converged yet.
  warnings.warn(
/data/home/rtabares/anaconda3/envs/pyth3.12/lib/python3.12/site-packages/sklearn/neural_network/_multilayer_perceptron.py:691: ConvergenceWarning: Stochastic Optimizer: Maximum iterations (100) reached and the optimization hasn't converged yet.
  warnings.warn(
[I 2025-05-18 17:31:30,226] Trial 2 finished with value: 0.6121212121212121 and parameters: {'hidden_layer_sizes': (200,), 'max_iter': 100, 'alpha': 0.001}. Best is trial 1 with value: 0.6121212121212122.
/data/home/rtabares/anaconda3/envs/pyth3.12/lib/python3.12/site-packages/sklearn/neural_network/_multilayer_perceptron.py:691: ConvergenceWarning: Stochastic Optimizer: Maximum iterations (50) reached and the optimization hasn't converged yet.
  warnings.warn(
/data/home/rtabares/anaconda3/envs/pyth3.12/lib/python3.12/site-packages/sklearn/neural_network/_multilayer_perceptron.py:691: ConvergenceWarning: Stochastic Optimizer: Maximum iterations (50) reached and the optimization hasn't converged yet.
  warnings.warn(
/data/home/rtabares/anaconda3/envs/pyth3.12/lib/python3.12/site-packages/sklearn/neural_network/_multilayer_perceptron.py:691: ConvergenceWarning: Stochastic Optimizer: Maximum iterations (50) reached and the optimization hasn't converged yet.
  warnings.warn(
/data/home/rtabares/anaconda3/envs/pyth3.12/lib/python3.12/site-packages/sklearn/neural_network/_multilayer_perceptron.py:691: ConvergenceWarning: Stochastic Optimizer: Maximum iterations (50) reached and the optimization hasn't converged yet.
  warnings.warn(
/data/home/rtabares/anaconda3/envs/pyth3.12/lib/python3.12/site-packages/sklearn/neural_network/_multilayer_perceptron.py:691: ConvergenceWarning: Stochastic Optimizer: Maximum iterations (50) reached and the optimization hasn't converged yet.
  warnings.warn(
[I 2025-05-18 17:31:30,961] Trial 3 finished with value: 0.6386363636363637 and parameters: {'hidden_layer_sizes': (100,), 'max_iter': 50, 'alpha': 0.001}. Best is trial 3 with value: 0.6386363636363637.
/data/home/rtabares/anaconda3/envs/pyth3.12/lib/python3.12/site-packages/sklearn/neural_network/_multilayer_perceptron.py:691: ConvergenceWarning: Stochastic Optimizer: Maximum iterations (50) reached and the optimization hasn't converged yet.
  warnings.warn(
/data/home/rtabares/anaconda3/envs/pyth3.12/lib/python3.12/site-packages/sklearn/neural_network/_multilayer_perceptron.py:691: ConvergenceWarning: Stochastic Optimizer: Maximum iterations (50) reached and the optimization hasn't converged yet.
  warnings.warn(
/data/home/rtabares/anaconda3/envs/pyth3.12/lib/python3.12/site-packages/sklearn/neural_network/_multilayer_perceptron.py:691: ConvergenceWarning: Stochastic Optimizer: Maximum iterations (50) reached and the optimization hasn't converged yet.
  warnings.warn(
/data/home/rtabares/anaconda3/envs/pyth3.12/lib/python3.12/site-packages/sklearn/neural_network/_multilayer_perceptron.py:691: ConvergenceWarning: Stochastic Optimizer: Maximum iterations (50) reached and the optimization hasn't converged yet.
  warnings.warn(
/data/home/rtabares/anaconda3/envs/pyth3.12/lib/python3.12/site-packages/sklearn/neural_network/_multilayer_perceptron.py:691: ConvergenceWarning: Stochastic Optimizer: Maximum iterations (50) reached and the optimization hasn't converged yet.
  warnings.warn(
[I 2025-05-18 17:31:31,097] Trial 4 finished with value: 0.5886363636363636 and parameters: {'hidden_layer_sizes': (100,), 'max_iter': 50, 'alpha': 0.0001}. Best is trial 3 with value: 0.6386363636363637.
/data/home/rtabares/anaconda3/envs/pyth3.12/lib/python3.12/site-packages/sklearn/neural_network/_multilayer_perceptron.py:691: ConvergenceWarning: Stochastic Optimizer: Maximum iterations (50) reached and the optimization hasn't converged yet.
  warnings.warn(
/data/home/rtabares/anaconda3/envs/pyth3.12/lib/python3.12/site-packages/sklearn/neural_network/_multilayer_perceptron.py:691: ConvergenceWarning: Stochastic Optimizer: Maximum iterations (50) reached and the optimization hasn't converged yet.
  warnings.warn(
/data/home/rtabares/anaconda3/envs/pyth3.12/lib/python3.12/site-packages/sklearn/neural_network/_multilayer_perceptron.py:691: ConvergenceWarning: Stochastic Optimizer: Maximum iterations (50) reached and the optimization hasn't converged yet.
  warnings.warn(
/data/home/rtabares/anaconda3/envs/pyth3.12/lib/python3.12/site-packages/sklearn/neural_network/_multilayer_perceptron.py:691: ConvergenceWarning: Stochastic Optimizer: Maximum iterations (50) reached and the optimization hasn't converged yet.
  warnings.warn(
/data/home/rtabares/anaconda3/envs/pyth3.12/lib/python3.12/site-packages/sklearn/neural_network/_multilayer_perceptron.py:691: ConvergenceWarning: Stochastic Optimizer: Maximum iterations (50) reached and the optimization hasn't converged yet.
  warnings.warn(
