[I 2025-05-18 17:17:30,717] Trial 8 finished with value: 0.6666666666666666 and parameters: {'n_estimators': 202, 'max_depth': 15, 'min_samples_split': 7, 'min_samples_leaf': 8}. Best is trial 8 with value: 0.6666666666666666.
[I 2025-05-18 17:17:31,400] Trial 9 finished with value: 0.6333333333333333 and parameters: {'n_estimators': 475, 'max_depth': 9, 'min_samples_split': 4, 'min_samples_leaf': 5}. Best is trial 8 with value: 0.6666666666666666.
[I 2025-05-18 17:17:39,116] A new study created in memory with name: svc
Parámetros guardados en checkpoint_shoppers_Dlatent_ft_F/k-center/IPC_17/best_models_k-center_seed_6_space_latent/rf_best_params.json


>>> Optuna tuning svc metodo k-center IPC 17 seed 6


[I 2025-05-18 17:17:40,064] Trial 0 finished with value: 0.14999999999999997 and parameters: {'C': 37.27697013499731, 'gamma': 0.0021277432488243223}. Best is trial 0 with value: 0.14999999999999997.
[I 2025-05-18 17:17:40,776] Trial 1 finished with value: 0.175 and parameters: {'C': 19.271543171162776, 'gamma': 0.00014682043379470554}. Best is trial 1 with value: 0.175.
[I 2025-05-18 17:17:41,455] Trial 2 finished with value: 0.4 and parameters: {'C': 0.0269542169583157, 'gamma': 0.023999835049635022}. Best is trial 2 with value: 0.4.
[I 2025-05-18 17:17:42,205] Trial 3 finished with value: 0.1833333333333333 and parameters: {'C': 1.3160410886450586, 'gamma': 0.0047340159215720195}. Best is trial 2 with value: 0.4.
[I 2025-05-18 17:17:42,220] Trial 4 finished with value: 0.4 and parameters: {'C': 0.21959952535674737, 'gamma': 0.030908485742507576}. Best is trial 2 with value: 0.4.
[I 2025-05-18 17:17:42,235] Trial 5 finished with value: 0.4 and parameters: {'C': 0.5656733313644114, 'gamma': 0.08780685564625502}. Best is trial 2 with value: 0.4.
[I 2025-05-18 17:17:42,249] Trial 6 finished with value: 0.36666666666666664 and parameters: {'C': 1.1807165425157664, 'gamma': 0.020674470756231633}. Best is trial 2 with value: 0.4.
[I 2025-05-18 17:17:42,262] Trial 7 finished with value: 0.4 and parameters: {'C': 3.8143486186647126, 'gamma': 0.9138966502602072}. Best is trial 2 with value: 0.4.
[I 2025-05-18 17:17:42,289] Trial 8 finished with value: 0.14999999999999997 and parameters: {'C': 19.029737066374768, 'gamma': 0.004495766421289856}. Best is trial 2 with value: 0.4.
[I 2025-05-18 17:17:42,303] Trial 9 finished with value: 0.4333333333333333 and parameters: {'C': 31.994153257994277, 'gamma': 0.19725941020937518}. Best is trial 9 with value: 0.4333333333333333.
[I 2025-05-18 17:17:45,536] A new study created in memory with name: logreg
Parámetros guardados en checkpoint_shoppers_Dlatent_ft_F/k-center/IPC_17/best_models_k-center_seed_6_space_latent/svc_best_params.json


>>> Optuna tuning logreg metodo k-center IPC 17 seed 6


[I 2025-05-18 17:17:49,100] Trial 0 finished with value: 0.2333333333333333 and parameters: {'C': 29.127335430981816, 'penalty': 'l2'}. Best is trial 0 with value: 0.2333333333333333.
[I 2025-05-18 17:17:50,093] Trial 1 finished with value: 0.14999999999999997 and parameters: {'C': 0.045698192893558344, 'penalty': 'l2'}. Best is trial 0 with value: 0.2333333333333333.
[I 2025-05-18 17:17:50,119] Trial 2 finished with value: 0.2333333333333333 and parameters: {'C': 12.768668597712947, 'penalty': 'l2'}. Best is trial 0 with value: 0.2333333333333333.
[I 2025-05-18 17:17:50,134] Trial 3 finished with value: 0.25 and parameters: {'C': 0.0016161554408462638, 'penalty': 'l2'}. Best is trial 3 with value: 0.25.
[I 2025-05-18 17:17:50,160] Trial 4 finished with value: 0.25 and parameters: {'C': 0.0034536903703241734, 'penalty': 'l2'}. Best is trial 3 with value: 0.25.
[I 2025-05-18 17:17:50,196] Trial 5 finished with value: 0.175 and parameters: {'C': 0.9446269266990148, 'penalty': 'l2'}. Best is trial 3 with value: 0.25.
[I 2025-05-18 17:17:50,223] Trial 6 finished with value: 0.175 and parameters: {'C': 0.4457453393648168, 'penalty': 'l2'}. Best is trial 3 with value: 0.25.
[I 2025-05-18 17:17:50,248] Trial 7 finished with value: 0.16666666666666666 and parameters: {'C': 0.12417585037258261, 'penalty': 'l2'}. Best is trial 3 with value: 0.25.
[I 2025-05-18 17:17:50,273] Trial 8 finished with value: 0.14999999999999997 and parameters: {'C': 0.04753781830244093, 'penalty': 'l2'}. Best is trial 3 with value: 0.25.
[I 2025-05-18 17:17:50,307] Trial 9 finished with value: 0.175 and parameters: {'C': 1.2959766028194148, 'penalty': 'l2'}. Best is trial 3 with value: 0.25.
[I 2025-05-18 17:17:54,071] A new study created in memory with name: mlp
Parámetros guardados en checkpoint_shoppers_Dlatent_ft_F/k-center/IPC_17/best_models_k-center_seed_6_space_latent/logreg_best_params.json


>>> Optuna tuning mlp metodo k-center IPC 17 seed 6


/data/home/rtabares/anaconda3/envs/pyth3.12/lib/python3.12/site-packages/sklearn/neural_network/_multilayer_perceptron.py:691: ConvergenceWarning: Stochastic Optimizer: Maximum iterations (100) reached and the optimization hasn't converged yet.
  warnings.warn(
/data/home/rtabares/anaconda3/envs/pyth3.12/lib/python3.12/site-packages/sklearn/neural_network/_multilayer_perceptron.py:691: ConvergenceWarning: Stochastic Optimizer: Maximum iterations (100) reached and the optimization hasn't converged yet.
  warnings.warn(
/data/home/rtabares/anaconda3/envs/pyth3.12/lib/python3.12/site-packages/sklearn/neural_network/_multilayer_perceptron.py:691: ConvergenceWarning: Stochastic Optimizer: Maximum iterations (100) reached and the optimization hasn't converged yet.
  warnings.warn(
/data/home/rtabares/anaconda3/envs/pyth3.12/lib/python3.12/site-packages/sklearn/neural_network/_multilayer_perceptron.py:691: ConvergenceWarning: Stochastic Optimizer: Maximum iterations (100) reached and the optimization hasn't converged yet.
  warnings.warn(
/data/home/rtabares/anaconda3/envs/pyth3.12/lib/python3.12/site-packages/sklearn/neural_network/_multilayer_perceptron.py:691: ConvergenceWarning: Stochastic Optimizer: Maximum iterations (100) reached and the optimization hasn't converged yet.
  warnings.warn(
[I 2025-05-18 17:17:56,776] Trial 0 finished with value: 0.14999999999999997 and parameters: {'hidden_layer_sizes': (100,), 'max_iter': 100, 'alpha': 0.0001}. Best is trial 0 with value: 0.14999999999999997.
[I 2025-05-18 17:17:57,608] Trial 1 finished with value: 0.16666666666666666 and parameters: {'hidden_layer_sizes': (100, 100), 'max_iter': 100, 'alpha': 0.001}. Best is trial 1 with value: 0.16666666666666666.
/data/home/rtabares/anaconda3/envs/pyth3.12/lib/python3.12/site-packages/sklearn/neural_network/_multilayer_perceptron.py:691: ConvergenceWarning: Stochastic Optimizer: Maximum iterations (100) reached and the optimization hasn't converged yet.
  warnings.warn(
/data/home/rtabares/anaconda3/envs/pyth3.12/lib/python3.12/site-packages/sklearn/neural_network/_multilayer_perceptron.py:691: ConvergenceWarning: Stochastic Optimizer: Maximum iterations (100) reached and the optimization hasn't converged yet.
  warnings.warn(
[I 2025-05-18 17:17:58,449] Trial 2 finished with value: 0.1833333333333333 and parameters: {'hidden_layer_sizes': (200,), 'max_iter': 100, 'alpha': 0.0001}. Best is trial 2 with value: 0.1833333333333333.
/data/home/rtabares/anaconda3/envs/pyth3.12/lib/python3.12/site-packages/sklearn/neural_network/_multilayer_perceptron.py:691: ConvergenceWarning: Stochastic Optimizer: Maximum iterations (50) reached and the optimization hasn't converged yet.
  warnings.warn(
/data/home/rtabares/anaconda3/envs/pyth3.12/lib/python3.12/site-packages/sklearn/neural_network/_multilayer_perceptron.py:691: ConvergenceWarning: Stochastic Optimizer: Maximum iterations (50) reached and the optimization hasn't converged yet.
  warnings.warn(
/data/home/rtabares/anaconda3/envs/pyth3.12/lib/python3.12/site-packages/sklearn/neural_network/_multilayer_perceptron.py:691: ConvergenceWarning: Stochastic Optimizer: Maximum iterations (50) reached and the optimization hasn't converged yet.
  warnings.warn(
/data/home/rtabares/anaconda3/envs/pyth3.12/lib/python3.12/site-packages/sklearn/neural_network/_multilayer_perceptron.py:691: ConvergenceWarning: Stochastic Optimizer: Maximum iterations (50) reached and the optimization hasn't converged yet.
  warnings.warn(
/data/home/rtabares/anaconda3/envs/pyth3.12/lib/python3.12/site-packages/sklearn/neural_network/_multilayer_perceptron.py:691: ConvergenceWarning: Stochastic Optimizer: Maximum iterations (50) reached and the optimization hasn't converged yet.
  warnings.warn(
[I 2025-05-18 17:17:58,516] Trial 3 finished with value: 0.05833333333333333 and parameters: {'hidden_layer_sizes': (200,), 'max_iter': 50, 'alpha': 0.001}. Best is trial 2 with value: 0.1833333333333333.
/data/home/rtabares/anaconda3/envs/pyth3.12/lib/python3.12/site-packages/sklearn/neural_network/_multilayer_perceptron.py:691: ConvergenceWarning: Stochastic Optimizer: Maximum iterations (50) reached and the optimization hasn't converged yet.
  warnings.warn(
/data/home/rtabares/anaconda3/envs/pyth3.12/lib/python3.12/site-packages/sklearn/neural_network/_multilayer_perceptron.py:691: ConvergenceWarning: Stochastic Optimizer: Maximum iterations (50) reached and the optimization hasn't converged yet.
  warnings.warn(
/data/home/rtabares/anaconda3/envs/pyth3.12/lib/python3.12/site-packages/sklearn/neural_network/_multilayer_perceptron.py:691: ConvergenceWarning: Stochastic Optimizer: Maximum iterations (50) reached and the optimization hasn't converged yet.
  warnings.warn(
/data/home/rtabares/anaconda3/envs/pyth3.12/lib/python3.12/site-packages/sklearn/neural_network/_multilayer_perceptron.py:691: ConvergenceWarning: Stochastic Optimizer: Maximum iterations (50) reached and the optimization hasn't converged yet.
  warnings.warn(
[I 2025-05-18 17:17:58,582] Trial 4 finished with value: 0.14166666666666666 and parameters: {'hidden_layer_sizes': (100, 100), 'max_iter': 50, 'alpha': 0.0001}. Best is trial 2 with value: 0.1833333333333333.
/data/home/rtabares/anaconda3/envs/pyth3.12/lib/python3.12/site-packages/sklearn/neural_network/_multilayer_perceptron.py:691: ConvergenceWarning: Stochastic Optimizer: Maximum iterations (100) reached and the optimization hasn't converged yet.
  warnings.warn(
/data/home/rtabares/anaconda3/envs/pyth3.12/lib/python3.12/site-packages/sklearn/neural_network/_multilayer_perceptron.py:691: ConvergenceWarning: Stochastic Optimizer: Maximum iterations (100) reached and the optimization hasn't converged yet.
  warnings.warn(
[I 2025-05-18 17:17:58,678] Trial 5 finished with value: 0.11666666666666665 and parameters: {'hidden_layer_sizes': (200,), 'max_iter': 100, 'alpha': 0.0001}. Best is trial 2 with value: 0.1833333333333333.
/data/home/rtabares/anaconda3/envs/pyth3.12/lib/python3.12/site-packages/sklearn/neural_network/_multilayer_perceptron.py:691: ConvergenceWarning: Stochastic Optimizer: Maximum iterations (100) reached and the optimization hasn't converged yet.
  warnings.warn(
[I 2025-05-18 17:17:58,764] Trial 6 finished with value: 0.175 and parameters: {'hidden_layer_sizes': (200,), 'max_iter': 100, 'alpha': 0.001}. Best is trial 2 with value: 0.1833333333333333.
/data/home/rtabares/anaconda3/envs/pyth3.12/lib/python3.12/site-packages/sklearn/neural_network/_multilayer_perceptron.py:691: ConvergenceWarning: Stochastic Optimizer: Maximum iterations (100) reached and the optimization hasn't converged yet.
  warnings.warn(
/data/home/rtabares/anaconda3/envs/pyth3.12/lib/python3.12/site-packages/sklearn/neural_network/_multilayer_perceptron.py:691: ConvergenceWarning: Stochastic Optimizer: Maximum iterations (100) reached and the optimization hasn't converged yet.
  warnings.warn(
/data/home/rtabares/anaconda3/envs/pyth3.12/lib/python3.12/site-packages/sklearn/neural_network/_multilayer_perceptron.py:691: ConvergenceWarning: Stochastic Optimizer: Maximum iterations (100) reached and the optimization hasn't converged yet.
  warnings.warn(
/data/home/rtabares/anaconda3/envs/pyth3.12/lib/python3.12/site-packages/sklearn/neural_network/_multilayer_perceptron.py:691: ConvergenceWarning: Stochastic Optimizer: Maximum iterations (100) reached and the optimization hasn't converged yet.
  warnings.warn(
/data/home/rtabares/anaconda3/envs/pyth3.12/lib/python3.12/site-packages/sklearn/neural_network/_multilayer_perceptron.py:691: ConvergenceWarning: Stochastic Optimizer: Maximum iterations (100) reached and the optimization hasn't converged yet.
  warnings.warn(
[I 2025-05-18 17:17:58,840] Trial 7 finished with value: 0.11666666666666665 and parameters: {'hidden_layer_sizes': (100,), 'max_iter': 100, 'alpha': 0.001}. Best is trial 2 with value: 0.1833333333333333.
[I 2025-05-18 17:17:58,929] Trial 8 finished with value: 0.175 and parameters: {'hidden_layer_sizes': (100, 100), 'max_iter': 100, 'alpha': 0.0001}. Best is trial 2 with value: 0.1833333333333333.
/data/home/rtabares/anaconda3/envs/pyth3.12/lib/python3.12/site-packages/sklearn/neural_network/_multilayer_perceptron.py:691: ConvergenceWarning: Stochastic Optimizer: Maximum iterations (100) reached and the optimization hasn't converged yet.
  warnings.warn(
/data/home/rtabares/anaconda3/envs/pyth3.12/lib/python3.12/site-packages/sklearn/neural_network/_multilayer_perceptron.py:691: ConvergenceWarning: Stochastic Optimizer: Maximum iterations (100) reached and the optimization hasn't converged yet.
  warnings.warn(
[I 2025-05-18 17:17:59,004] Trial 9 finished with value: 0.175 and parameters: {'hidden_layer_sizes': (200,), 'max_iter': 100, 'alpha': 0.0001}. Best is trial 2 with value: 0.1833333333333333.
[I 2025-05-18 17:18:02,283] A new study created in memory with name: naive_bayes
Parámetros guardados en checkpoint_shoppers_Dlatent_ft_F/k-center/IPC_17/best_models_k-center_seed_6_space_latent/mlp_best_params.json


>>> Optuna tuning naive_bayes metodo k-center IPC 17 seed 6


[I 2025-05-18 17:18:05,677] Trial 0 finished with value: 0.33333333333333326 and parameters: {'var_smoothing': 6.10548688762798e-09}. Best is trial 0 with value: 0.33333333333333326.
[I 2025-05-18 17:18:06,499] Trial 1 finished with value: 0.33333333333333326 and parameters: {'var_smoothing': 4.6127467400935034e-10}. Best is trial 0 with value: 0.33333333333333326.
[I 2025-05-18 17:18:06,524] Trial 2 finished with value: 0.33333333333333326 and parameters: {'var_smoothing': 4.389936579400967e-09}. Best is trial 0 with value: 0.33333333333333326.
[I 2025-05-18 17:18:07,184] Trial 3 finished with value: 0.33333333333333326 and parameters: {'var_smoothing': 1.2116948204672054e-10}. Best is trial 0 with value: 0.33333333333333326.
[I 2025-05-18 17:18:07,219] Trial 4 finished with value: 0.33333333333333326 and parameters: {'var_smoothing': 1.6417739478477417e-10}. Best is trial 0 with value: 0.33333333333333326.
[I 2025-05-18 17:18:07,245] Trial 5 finished with value: 0.33333333333333326 and parameters: {'var_smoothing': 1.5491880147236797e-09}. Best is trial 0 with value: 0.33333333333333326.
[I 2025-05-18 17:18:07,259] Trial 6 finished with value: 0.33333333333333326 and parameters: {'var_smoothing': 1.1471883405287265e-09}. Best is trial 0 with value: 0.33333333333333326.
[I 2025-05-18 17:18:07,289] Trial 7 finished with value: 0.33333333333333326 and parameters: {'var_smoothing': 6.88041853492358e-10}. Best is trial 0 with value: 0.33333333333333326.
[I 2025-05-18 17:18:07,303] Trial 8 finished with value: 0.33333333333333326 and parameters: {'var_smoothing': 4.686144741221158e-10}. Best is trial 0 with value: 0.33333333333333326.
[I 2025-05-18 17:18:07,328] Trial 9 finished with value: 0.33333333333333326 and parameters: {'var_smoothing': 1.7580809350683337e-09}. Best is trial 0 with value: 0.33333333333333326.
/data/home/rtabares/anaconda3/envs/pyth3.12/lib/python3.12/site-packages/xgboost/core.py:377: FutureWarning: Your system has an old version of glibc (< 2.28). We will stop supporting Linux distros with glibc older than 2.28 after **May 31, 2025**. Please upgrade to a recent Linux distro (with glibc >= 2.28) to use future versions of XGBoost.
Note: You have installed the 'manylinux2014' variant of XGBoost. Certain features such as GPU algorithms or federated learning are not available. To use these features, please upgrade to a recent Linux distro with glibc 2.28+, and install the 'manylinux_2_28' variant.
  warnings.warn(
[I 2025-05-18 17:18:12,818] A new study created in memory with name: knn
Parámetros guardados en checkpoint_shoppers_Dlatent_ft_F/k-center/IPC_17/best_models_k-center_seed_6_space_latent/naive_bayes_best_params.json


>>> Optuna tuning knn metodo k-center IPC 17 seed 6


[I 2025-05-18 17:18:14,426] Trial 0 finished with value: 0.375 and parameters: {'n_neighbors': 10, 'leaf_size': 26, 'p': 1}. Best is trial 0 with value: 0.375.
[I 2025-05-18 17:18:15,105] Trial 1 finished with value: 0.225 and parameters: {'n_neighbors': 3, 'leaf_size': 32, 'p': 1}. Best is trial 0 with value: 0.375.
[I 2025-05-18 17:18:15,805] Trial 2 finished with value: 0.225 and parameters: {'n_neighbors': 5, 'leaf_size': 33, 'p': 2}. Best is trial 0 with value: 0.375.
[I 2025-05-18 17:18:16,608] Trial 3 finished with value: 0.375 and parameters: {'n_neighbors': 7, 'leaf_size': 32, 'p': 2}. Best is trial 0 with value: 0.375.
[I 2025-05-18 17:18:16,683] Trial 4 finished with value: 0.35 and parameters: {'n_neighbors': 9, 'leaf_size': 28, 'p': 1}. Best is trial 0 with value: 0.375.
[I 2025-05-18 17:18:16,779] Trial 5 finished with value: 0.225 and parameters: {'n_neighbors': 3, 'leaf_size': 35, 'p': 1}. Best is trial 0 with value: 0.375.
[I 2025-05-18 17:18:16,920] Trial 6 finished with value: 0.4166666666666667 and parameters: {'n_neighbors': 8, 'leaf_size': 31, 'p': 2}. Best is trial 6 with value: 0.4166666666666667.
[I 2025-05-18 17:18:17,035] Trial 7 finished with value: 0.38333333333333325 and parameters: {'n_neighbors': 6, 'leaf_size': 24, 'p': 2}. Best is trial 6 with value: 0.4166666666666667.
[I 2025-05-18 17:18:17,070] Trial 8 finished with value: 0.225 and parameters: {'n_neighbors': 5, 'leaf_size': 34, 'p': 2}. Best is trial 6 with value: 0.4166666666666667.
