[I 2025-05-26 03:36:35,074] Trial 10 finished with value: 0.95 and parameters: {'n_estimators': 10, 'max_depth': 5, 'gamma': 0.11132541504315885, 'subsample': 0.6518824205184826, 'colsample_bytree': 0.5222467176724002}. Best is trial 10 with value: 0.95.
/data/home/rtabares/anaconda3/envs/pyth3.12/lib/python3.12/site-packages/xgboost/core.py:377: FutureWarning: Your system has an old version of glibc (< 2.28). We will stop supporting Linux distros with glibc older than 2.28 after **May 31, 2025**. Please upgrade to a recent Linux distro (with glibc >= 2.28) to use future versions of XGBoost.
Note: You have installed the 'manylinux2014' variant of XGBoost. Certain features such as GPU algorithms or federated learning are not available. To use these features, please upgrade to a recent Linux distro with glibc 2.28+, and install the 'manylinux_2_28' variant.
  warnings.warn(
/data/home/rtabares/anaconda3/envs/pyth3.12/lib/python3.12/site-packages/xgboost/core.py:377: FutureWarning: Your system has an old version of glibc (< 2.28). We will stop supporting Linux distros with glibc older than 2.28 after **May 31, 2025**. Please upgrade to a recent Linux distro (with glibc >= 2.28) to use future versions of XGBoost.
Note: You have installed the 'manylinux2014' variant of XGBoost. Certain features such as GPU algorithms or federated learning are not available. To use these features, please upgrade to a recent Linux distro with glibc 2.28+, and install the 'manylinux_2_28' variant.
  warnings.warn(
/data/home/rtabares/anaconda3/envs/pyth3.12/lib/python3.12/site-packages/xgboost/core.py:377: FutureWarning: Your system has an old version of glibc (< 2.28). We will stop supporting Linux distros with glibc older than 2.28 after **May 31, 2025**. Please upgrade to a recent Linux distro (with glibc >= 2.28) to use future versions of XGBoost.
Note: You have installed the 'manylinux2014' variant of XGBoost. Certain features such as GPU algorithms or federated learning are not available. To use these features, please upgrade to a recent Linux distro with glibc 2.28+, and install the 'manylinux_2_28' variant.
  warnings.warn(
[I 2025-05-26 03:36:35,153] Trial 11 finished with value: 0.95 and parameters: {'n_estimators': 10, 'max_depth': 5, 'gamma': 0.10542275268999206, 'subsample': 0.6388947301297142, 'colsample_bytree': 0.5266844660264531}. Best is trial 10 with value: 0.95.
/data/home/rtabares/anaconda3/envs/pyth3.12/lib/python3.12/site-packages/xgboost/core.py:377: FutureWarning: Your system has an old version of glibc (< 2.28). We will stop supporting Linux distros with glibc older than 2.28 after **May 31, 2025**. Please upgrade to a recent Linux distro (with glibc >= 2.28) to use future versions of XGBoost.
Note: You have installed the 'manylinux2014' variant of XGBoost. Certain features such as GPU algorithms or federated learning are not available. To use these features, please upgrade to a recent Linux distro with glibc 2.28+, and install the 'manylinux_2_28' variant.
  warnings.warn(
[I 2025-05-26 03:36:35,877] Trial 12 finished with value: 0.85 and parameters: {'n_estimators': 10, 'max_depth': 5, 'gamma': 0.11747018931448144, 'subsample': 0.6608990051509682, 'colsample_bytree': 0.5206298456581623}. Best is trial 10 with value: 0.95.
/data/home/rtabares/anaconda3/envs/pyth3.12/lib/python3.12/site-packages/xgboost/core.py:377: FutureWarning: Your system has an old version of glibc (< 2.28). We will stop supporting Linux distros with glibc older than 2.28 after **May 31, 2025**. Please upgrade to a recent Linux distro (with glibc >= 2.28) to use future versions of XGBoost.
Note: You have installed the 'manylinux2014' variant of XGBoost. Certain features such as GPU algorithms or federated learning are not available. To use these features, please upgrade to a recent Linux distro with glibc 2.28+, and install the 'manylinux_2_28' variant.
  warnings.warn(
/data/home/rtabares/anaconda3/envs/pyth3.12/lib/python3.12/site-packages/xgboost/core.py:377: FutureWarning: Your system has an old version of glibc (< 2.28). We will stop supporting Linux distros with glibc older than 2.28 after **May 31, 2025**. Please upgrade to a recent Linux distro (with glibc >= 2.28) to use future versions of XGBoost.
Note: You have installed the 'manylinux2014' variant of XGBoost. Certain features such as GPU algorithms or federated learning are not available. To use these features, please upgrade to a recent Linux distro with glibc 2.28+, and install the 'manylinux_2_28' variant.
  warnings.warn(
[I 2025-05-26 03:36:36,583] Trial 13 finished with value: 0.85 and parameters: {'n_estimators': 10, 'max_depth': 5, 'gamma': 0.11701644856579113, 'subsample': 0.5146749793878775, 'colsample_bytree': 0.5846224535997823}. Best is trial 10 with value: 0.95.
[I 2025-05-26 03:36:36,625] Trial 14 finished with value: 0.85 and parameters: {'n_estimators': 10, 'max_depth': 5, 'gamma': 0.29800043005161103, 'subsample': 0.6658807753897364, 'colsample_bytree': 0.5013541727082262}. Best is trial 10 with value: 0.95.
[I 2025-05-26 03:36:36,666] Trial 15 finished with value: 0.9 and parameters: {'n_estimators': 10, 'max_depth': 5, 'gamma': 0.2113138078387261, 'subsample': 0.6206281521796737, 'colsample_bytree': 0.6001669063787556}. Best is trial 10 with value: 0.95.
[I 2025-05-26 03:36:36,711] Trial 16 finished with value: 0.8 and parameters: {'n_estimators': 100, 'max_depth': 5, 'gamma': 0.41006574531631407, 'subsample': 0.7216386127709601, 'colsample_bytree': 0.650460190710632}. Best is trial 10 with value: 0.95.
/data/home/rtabares/anaconda3/envs/pyth3.12/lib/python3.12/site-packages/xgboost/core.py:377: FutureWarning: Your system has an old version of glibc (< 2.28). We will stop supporting Linux distros with glibc older than 2.28 after **May 31, 2025**. Please upgrade to a recent Linux distro (with glibc >= 2.28) to use future versions of XGBoost.
Note: You have installed the 'manylinux2014' variant of XGBoost. Certain features such as GPU algorithms or federated learning are not available. To use these features, please upgrade to a recent Linux distro with glibc 2.28+, and install the 'manylinux_2_28' variant.
  warnings.warn(
[I 2025-05-26 03:36:37,411] Trial 17 finished with value: 0.8 and parameters: {'n_estimators': 10, 'max_depth': 5, 'gamma': 0.5434993226589026, 'subsample': 0.5053007952589881, 'colsample_bytree': 0.9933840889987662}. Best is trial 10 with value: 0.95.
[I 2025-05-26 03:36:37,450] Trial 18 finished with value: 0.9 and parameters: {'n_estimators': 10, 'max_depth': 5, 'gamma': 0.18429153672507997, 'subsample': 0.6606971034639896, 'colsample_bytree': 0.5470701967503829}. Best is trial 10 with value: 0.95.
/data/home/rtabares/anaconda3/envs/pyth3.12/lib/python3.12/site-packages/xgboost/core.py:377: FutureWarning: Your system has an old version of glibc (< 2.28). We will stop supporting Linux distros with glibc older than 2.28 after **May 31, 2025**. Please upgrade to a recent Linux distro (with glibc >= 2.28) to use future versions of XGBoost.
Note: You have installed the 'manylinux2014' variant of XGBoost. Certain features such as GPU algorithms or federated learning are not available. To use these features, please upgrade to a recent Linux distro with glibc 2.28+, and install the 'manylinux_2_28' variant.
  warnings.warn(
[I 2025-05-26 03:36:38,145] Trial 19 finished with value: 0.9 and parameters: {'n_estimators': 100, 'max_depth': 5, 'gamma': 0.3091219649026029, 'subsample': 0.5502556692134741, 'colsample_bytree': 0.6743780789749614}. Best is trial 10 with value: 0.95.
[I 2025-05-26 03:36:42,505] A new study created in memory with name: rf
Parámetros guardados en checkpoint_adult_Dlatent_G/lc/IPC_10/best_models_lc_seed_6_space_original/xgb_best_params.json


>>> Optuna tuning rf metodo lc IPC 10 seed 6


[I 2025-05-26 03:36:43,734] Trial 0 finished with value: 0.95 and parameters: {'n_estimators': 458, 'max_depth': 8, 'min_samples_split': 9, 'min_samples_leaf': 1}. Best is trial 0 with value: 0.95.
[I 2025-05-26 03:36:44,019] Trial 1 finished with value: 0.95 and parameters: {'n_estimators': 143, 'max_depth': 13, 'min_samples_split': 6, 'min_samples_leaf': 5}. Best is trial 0 with value: 0.95.
[I 2025-05-26 03:36:44,374] Trial 2 finished with value: 0.5 and parameters: {'n_estimators': 234, 'max_depth': 14, 'min_samples_split': 5, 'min_samples_leaf': 8}. Best is trial 0 with value: 0.95.
[I 2025-05-26 03:36:44,719] Trial 3 finished with value: 0.5 and parameters: {'n_estimators': 307, 'max_depth': 13, 'min_samples_split': 7, 'min_samples_leaf': 10}. Best is trial 0 with value: 0.95.
[I 2025-05-26 03:36:45,282] Trial 4 finished with value: 0.5 and parameters: {'n_estimators': 428, 'max_depth': 10, 'min_samples_split': 9, 'min_samples_leaf': 9}. Best is trial 0 with value: 0.95.
[I 2025-05-26 03:36:45,509] Trial 5 finished with value: 0.5 and parameters: {'n_estimators': 121, 'max_depth': 15, 'min_samples_split': 9, 'min_samples_leaf': 8}. Best is trial 0 with value: 0.95.
[I 2025-05-26 03:36:45,990] Trial 6 finished with value: 0.5 and parameters: {'n_estimators': 384, 'max_depth': 12, 'min_samples_split': 3, 'min_samples_leaf': 10}. Best is trial 0 with value: 0.95.
[I 2025-05-26 03:36:46,330] Trial 7 finished with value: 0.5 and parameters: {'n_estimators': 261, 'max_depth': 6, 'min_samples_split': 8, 'min_samples_leaf': 10}. Best is trial 0 with value: 0.95.
[I 2025-05-26 03:36:46,579] Trial 8 finished with value: 0.5 and parameters: {'n_estimators': 202, 'max_depth': 15, 'min_samples_split': 7, 'min_samples_leaf': 8}. Best is trial 0 with value: 0.95.
[I 2025-05-26 03:36:47,120] Trial 9 finished with value: 0.95 and parameters: {'n_estimators': 475, 'max_depth': 9, 'min_samples_split': 4, 'min_samples_leaf': 5}. Best is trial 0 with value: 0.95.
[I 2025-05-26 03:36:47,615] Trial 10 finished with value: 1.0 and parameters: {'n_estimators': 352, 'max_depth': 20, 'min_samples_split': 10, 'min_samples_leaf': 1}. Best is trial 10 with value: 1.0.
[I 2025-05-26 03:36:48,746] Trial 11 finished with value: 0.95 and parameters: {'n_estimators': 363, 'max_depth': 20, 'min_samples_split': 10, 'min_samples_leaf': 1}. Best is trial 10 with value: 1.0.
[I 2025-05-26 03:36:50,736] Trial 12 finished with value: 1.0 and parameters: {'n_estimators': 489, 'max_depth': 4, 'min_samples_split': 10, 'min_samples_leaf': 1}. Best is trial 10 with value: 1.0.
[I 2025-05-26 03:36:51,511] Trial 13 finished with value: 0.95 and parameters: {'n_estimators': 327, 'max_depth': 3, 'min_samples_split': 10, 'min_samples_leaf': 3}. Best is trial 10 with value: 1.0.
[I 2025-05-26 03:36:52,866] Trial 14 finished with value: 0.95 and parameters: {'n_estimators': 402, 'max_depth': 19, 'min_samples_split': 2, 'min_samples_leaf': 3}. Best is trial 10 with value: 1.0.
[I 2025-05-26 03:36:53,473] Trial 15 finished with value: 1.0 and parameters: {'n_estimators': 479, 'max_depth': 3, 'min_samples_split': 10, 'min_samples_leaf': 3}. Best is trial 10 with value: 1.0.
[I 2025-05-26 03:36:53,901] Trial 16 finished with value: 0.95 and parameters: {'n_estimators': 346, 'max_depth': 17, 'min_samples_split': 8, 'min_samples_leaf': 2}. Best is trial 10 with value: 1.0.
[I 2025-05-26 03:36:54,548] Trial 17 finished with value: 0.95 and parameters: {'n_estimators': 498, 'max_depth': 5, 'min_samples_split': 8, 'min_samples_leaf': 6}. Best is trial 10 with value: 1.0.
[I 2025-05-26 03:36:55,081] Trial 18 finished with value: 1.0 and parameters: {'n_estimators': 417, 'max_depth': 18, 'min_samples_split': 7, 'min_samples_leaf': 2}. Best is trial 10 with value: 1.0.
[I 2025-05-26 03:36:55,401] Trial 19 finished with value: 0.85 and parameters: {'n_estimators': 279, 'max_depth': 7, 'min_samples_split': 5, 'min_samples_leaf': 6}. Best is trial 10 with value: 1.0.
[I 2025-05-26 03:36:58,047] A new study created in memory with name: svc
Parámetros guardados en checkpoint_adult_Dlatent_G/lc/IPC_10/best_models_lc_seed_6_space_original/rf_best_params.json


>>> Optuna tuning svc metodo lc IPC 10 seed 6


[I 2025-05-26 03:37:01,083] Trial 0 finished with value: 0.95 and parameters: {'C': 37.27697013499731, 'gamma': 0.0021277432488243223}. Best is trial 0 with value: 0.95.
[I 2025-05-26 03:37:01,382] Trial 1 finished with value: 0.95 and parameters: {'C': 19.271543171162776, 'gamma': 0.00014682043379470554}. Best is trial 0 with value: 0.95.
[I 2025-05-26 03:37:01,400] Trial 2 finished with value: 0.95 and parameters: {'C': 0.0269542169583157, 'gamma': 0.023999835049635022}. Best is trial 0 with value: 0.95.
[I 2025-05-26 03:37:01,414] Trial 3 finished with value: 0.95 and parameters: {'C': 1.3160410886450586, 'gamma': 0.0047340159215720195}. Best is trial 0 with value: 0.95.
[I 2025-05-26 03:37:01,444] Trial 4 finished with value: 0.95 and parameters: {'C': 0.21959952535674737, 'gamma': 0.030908485742507576}. Best is trial 0 with value: 0.95.
[I 2025-05-26 03:37:01,460] Trial 5 finished with value: 0.95 and parameters: {'C': 0.5656733313644114, 'gamma': 0.08780685564625502}. Best is trial 0 with value: 0.95.
[I 2025-05-26 03:37:01,483] Trial 6 finished with value: 0.95 and parameters: {'C': 1.1807165425157664, 'gamma': 0.020674470756231633}. Best is trial 0 with value: 0.95.
[I 2025-05-26 03:37:01,499] Trial 7 finished with value: 0.55 and parameters: {'C': 3.8143486186647126, 'gamma': 0.9138966502602072}. Best is trial 0 with value: 0.95.
[I 2025-05-26 03:37:01,513] Trial 8 finished with value: 0.95 and parameters: {'C': 19.029737066374768, 'gamma': 0.004495766421289856}. Best is trial 0 with value: 0.95.
[I 2025-05-26 03:37:01,526] Trial 9 finished with value: 0.95 and parameters: {'C': 31.994153257994277, 'gamma': 0.19725941020937518}. Best is trial 0 with value: 0.95.
[I 2025-05-26 03:37:01,547] Trial 10 finished with value: 0.95 and parameters: {'C': 96.80643961619926, 'gamma': 0.0004009308447180715}. Best is trial 0 with value: 0.95.
[I 2025-05-26 03:37:02,184] Trial 11 finished with value: 0.95 and parameters: {'C': 9.898660470720786, 'gamma': 0.0001153462343485392}. Best is trial 0 with value: 0.95.
[I 2025-05-26 03:37:02,217] Trial 12 finished with value: 0.95 and parameters: {'C': 73.14040788468016, 'gamma': 0.0009407708153906166}. Best is trial 0 with value: 0.95.
[I 2025-05-26 03:37:02,859] Trial 13 finished with value: 0.9 and parameters: {'C': 5.512710744479732, 'gamma': 0.001180682681522933}. Best is trial 0 with value: 0.95.
[I 2025-05-26 03:37:02,882] Trial 14 finished with value: 0.95 and parameters: {'C': 28.199473611006507, 'gamma': 0.0001627497083645068}. Best is trial 0 with value: 0.95.
[I 2025-05-26 03:37:02,904] Trial 15 finished with value: 0.95 and parameters: {'C': 0.07931370583208394, 'gamma': 0.0016040382498256926}. Best is trial 0 with value: 0.95.
[I 2025-05-26 03:37:02,923] Trial 16 finished with value: 0.95 and parameters: {'C': 3.2002685643795457, 'gamma': 0.00026916037042853746}. Best is trial 0 with value: 0.95.
[I 2025-05-26 03:37:03,563] Trial 17 finished with value: 0.9 and parameters: {'C': 11.717534676958865, 'gamma': 0.0005432616739628471}. Best is trial 0 with value: 0.95.
[I 2025-05-26 03:37:03,594] Trial 18 finished with value: 0.95 and parameters: {'C': 51.25545049160052, 'gamma': 0.00302408975933763}. Best is trial 0 with value: 0.95.
[I 2025-05-26 03:37:03,616] Trial 19 finished with value: 0.95 and parameters: {'C': 0.013103877820334748, 'gamma': 0.008634905436771848}. Best is trial 0 with value: 0.95.
/data/home/rtabares/anaconda3/envs/pyth3.12/lib/python3.12/site-packages/xgboost/core.py:377: FutureWarning: Your system has an old version of glibc (< 2.28). We will stop supporting Linux distros with glibc older than 2.28 after **May 31, 2025**. Please upgrade to a recent Linux distro (with glibc >= 2.28) to use future versions of XGBoost.
Note: You have installed the 'manylinux2014' variant of XGBoost. Certain features such as GPU algorithms or federated learning are not available. To use these features, please upgrade to a recent Linux distro with glibc 2.28+, and install the 'manylinux_2_28' variant.
  warnings.warn(
[I 2025-05-26 03:37:07,973] A new study created in memory with name: logreg
Parámetros guardados en checkpoint_adult_Dlatent_G/lc/IPC_10/best_models_lc_seed_6_space_original/svc_best_params.json


>>> Optuna tuning logreg metodo lc IPC 10 seed 6


[I 2025-05-26 03:37:08,270] Trial 0 finished with value: 0.95 and parameters: {'C': 29.127335430981816, 'penalty': 'l2'}. Best is trial 0 with value: 0.95.
[I 2025-05-26 03:37:08,298] Trial 1 finished with value: 1.0 and parameters: {'C': 0.045698192893558344, 'penalty': 'l2'}. Best is trial 1 with value: 1.0.
[I 2025-05-26 03:37:08,928] Trial 2 finished with value: 0.95 and parameters: {'C': 12.768668597712947, 'penalty': 'l2'}. Best is trial 1 with value: 1.0.
[I 2025-05-26 03:37:08,953] Trial 3 finished with value: 0.95 and parameters: {'C': 0.0016161554408462638, 'penalty': 'l2'}. Best is trial 1 with value: 1.0.
[I 2025-05-26 03:37:08,978] Trial 4 finished with value: 0.95 and parameters: {'C': 0.0034536903703241734, 'penalty': 'l2'}. Best is trial 1 with value: 1.0.
[I 2025-05-26 03:37:09,003] Trial 5 finished with value: 0.95 and parameters: {'C': 0.9446269266990148, 'penalty': 'l2'}. Best is trial 1 with value: 1.0.
[I 2025-05-26 03:37:09,038] Trial 6 finished with value: 0.95 and parameters: {'C': 0.4457453393648168, 'penalty': 'l2'}. Best is trial 1 with value: 1.0.
[I 2025-05-26 03:37:09,061] Trial 7 finished with value: 1.0 and parameters: {'C': 0.12417585037258261, 'penalty': 'l2'}. Best is trial 1 with value: 1.0.
[I 2025-05-26 03:37:09,084] Trial 8 finished with value: 1.0 and parameters: {'C': 0.04753781830244093, 'penalty': 'l2'}. Best is trial 1 with value: 1.0.
[I 2025-05-26 03:37:09,108] Trial 9 finished with value: 0.95 and parameters: {'C': 1.2959766028194148, 'penalty': 'l2'}. Best is trial 1 with value: 1.0.
[I 2025-05-26 03:37:09,136] Trial 10 finished with value: 0.95 and parameters: {'C': 0.02024823315667757, 'penalty': 'l2'}. Best is trial 1 with value: 1.0.
[I 2025-05-26 03:37:09,165] Trial 11 finished with value: 1.0 and parameters: {'C': 0.05437164257368198, 'penalty': 'l2'}. Best is trial 1 with value: 1.0.
[I 2025-05-26 03:37:10,643] Trial 12 finished with value: 1.0 and parameters: {'C': 0.10542511616113491, 'penalty': 'l2'}. Best is trial 1 with value: 1.0.
[I 2025-05-26 03:37:10,661] Trial 13 finished with value: 0.95 and parameters: {'C': 0.008489565745334044, 'penalty': 'l2'}. Best is trial 1 with value: 1.0.
[I 2025-05-26 03:37:11,995] Trial 14 finished with value: 0.95 and parameters: {'C': 5.328457491172393, 'penalty': 'l2'}. Best is trial 1 with value: 1.0.
[I 2025-05-26 03:37:13,585] Trial 15 finished with value: 0.95 and parameters: {'C': 0.21481486533081137, 'penalty': 'l2'}. Best is trial 1 with value: 1.0.
[I 2025-05-26 03:37:13,625] Trial 16 finished with value: 0.95 and parameters: {'C': 0.012440133509171617, 'penalty': 'l2'}. Best is trial 1 with value: 1.0.
[I 2025-05-26 03:37:13,668] Trial 17 finished with value: 0.95 and parameters: {'C': 2.0413817698391985, 'penalty': 'l2'}. Best is trial 1 with value: 1.0.
[I 2025-05-26 03:37:13,687] Trial 18 finished with value: 0.95 and parameters: {'C': 72.69189932996997, 'penalty': 'l2'}. Best is trial 1 with value: 1.0.
