[I 2025-05-18 17:25:19,467] Trial 8 finished with value: 0.9742424242424242 and parameters: {'n_estimators': 100, 'max_depth': 30, 'gamma': 0.2471398756881566, 'subsample': 0.8241126205332553, 'colsample_bytree': 0.6258070715852391}. Best is trial 6 with value: 0.9833333333333332.
/data/home/rtabares/anaconda3/envs/pyth3.12/lib/python3.12/site-packages/xgboost/core.py:377: FutureWarning: Your system has an old version of glibc (< 2.28). We will stop supporting Linux distros with glibc older than 2.28 after **May 31, 2025**. Please upgrade to a recent Linux distro (with glibc >= 2.28) to use future versions of XGBoost.
Note: You have installed the 'manylinux2014' variant of XGBoost. Certain features such as GPU algorithms or federated learning are not available. To use these features, please upgrade to a recent Linux distro with glibc 2.28+, and install the 'manylinux_2_28' variant.
  warnings.warn(
/data/home/rtabares/anaconda3/envs/pyth3.12/lib/python3.12/site-packages/xgboost/core.py:377: FutureWarning: Your system has an old version of glibc (< 2.28). We will stop supporting Linux distros with glibc older than 2.28 after **May 31, 2025**. Please upgrade to a recent Linux distro (with glibc >= 2.28) to use future versions of XGBoost.
Note: You have installed the 'manylinux2014' variant of XGBoost. Certain features such as GPU algorithms or federated learning are not available. To use these features, please upgrade to a recent Linux distro with glibc 2.28+, and install the 'manylinux_2_28' variant.
  warnings.warn(
/data/home/rtabares/anaconda3/envs/pyth3.12/lib/python3.12/site-packages/xgboost/core.py:377: FutureWarning: Your system has an old version of glibc (< 2.28). We will stop supporting Linux distros with glibc older than 2.28 after **May 31, 2025**. Please upgrade to a recent Linux distro (with glibc >= 2.28) to use future versions of XGBoost.
Note: You have installed the 'manylinux2014' variant of XGBoost. Certain features such as GPU algorithms or federated learning are not available. To use these features, please upgrade to a recent Linux distro with glibc 2.28+, and install the 'manylinux_2_28' variant.
  warnings.warn(
/data/home/rtabares/anaconda3/envs/pyth3.12/lib/python3.12/site-packages/xgboost/core.py:377: FutureWarning: Your system has an old version of glibc (< 2.28). We will stop supporting Linux distros with glibc older than 2.28 after **May 31, 2025**. Please upgrade to a recent Linux distro (with glibc >= 2.28) to use future versions of XGBoost.
Note: You have installed the 'manylinux2014' variant of XGBoost. Certain features such as GPU algorithms or federated learning are not available. To use these features, please upgrade to a recent Linux distro with glibc 2.28+, and install the 'manylinux_2_28' variant.
  warnings.warn(
[I 2025-05-18 17:25:19,614] Trial 9 finished with value: 0.9742424242424242 and parameters: {'n_estimators': 40, 'max_depth': 30, 'gamma': 0.8599846034069103, 'subsample': 0.8019332783535529, 'colsample_bytree': 0.7936068454878676}. Best is trial 6 with value: 0.9833333333333332.
/data/home/rtabares/anaconda3/envs/pyth3.12/lib/python3.12/site-packages/xgboost/core.py:377: FutureWarning: Your system has an old version of glibc (< 2.28). We will stop supporting Linux distros with glibc older than 2.28 after **May 31, 2025**. Please upgrade to a recent Linux distro (with glibc >= 2.28) to use future versions of XGBoost.
Note: You have installed the 'manylinux2014' variant of XGBoost. Certain features such as GPU algorithms or federated learning are not available. To use these features, please upgrade to a recent Linux distro with glibc 2.28+, and install the 'manylinux_2_28' variant.
  warnings.warn(
[I 2025-05-18 17:25:50,126] A new study created in memory with name: rf
Parámetros guardados en checkpoint_default_Dlatent_G/lc/IPC_59/best_models_lc_seed_6_space_latent/xgb_best_params.json


>>> Optuna tuning rf metodo lc IPC 59 seed 6


[I 2025-05-18 17:25:52,314] Trial 0 finished with value: 1.0 and parameters: {'n_estimators': 458, 'max_depth': 8, 'min_samples_split': 9, 'min_samples_leaf': 1}. Best is trial 0 with value: 1.0.
[I 2025-05-18 17:25:53,648] Trial 1 finished with value: 1.0 and parameters: {'n_estimators': 143, 'max_depth': 13, 'min_samples_split': 6, 'min_samples_leaf': 5}. Best is trial 0 with value: 1.0.
[I 2025-05-18 17:25:55,789] Trial 2 finished with value: 1.0 and parameters: {'n_estimators': 234, 'max_depth': 14, 'min_samples_split': 5, 'min_samples_leaf': 8}. Best is trial 0 with value: 1.0.
[I 2025-05-18 17:25:56,743] Trial 3 finished with value: 1.0 and parameters: {'n_estimators': 307, 'max_depth': 13, 'min_samples_split': 7, 'min_samples_leaf': 10}. Best is trial 0 with value: 1.0.
[I 2025-05-18 17:25:57,929] Trial 4 finished with value: 1.0 and parameters: {'n_estimators': 428, 'max_depth': 10, 'min_samples_split': 9, 'min_samples_leaf': 9}. Best is trial 0 with value: 1.0.
[I 2025-05-18 17:25:58,491] Trial 5 finished with value: 1.0 and parameters: {'n_estimators': 121, 'max_depth': 15, 'min_samples_split': 9, 'min_samples_leaf': 8}. Best is trial 0 with value: 1.0.
[I 2025-05-18 17:25:59,832] Trial 6 finished with value: 1.0 and parameters: {'n_estimators': 384, 'max_depth': 12, 'min_samples_split': 3, 'min_samples_leaf': 10}. Best is trial 0 with value: 1.0.
[I 2025-05-18 17:26:00,581] Trial 7 finished with value: 1.0 and parameters: {'n_estimators': 261, 'max_depth': 6, 'min_samples_split': 8, 'min_samples_leaf': 10}. Best is trial 0 with value: 1.0.
[I 2025-05-18 17:26:01,229] Trial 8 finished with value: 1.0 and parameters: {'n_estimators': 202, 'max_depth': 15, 'min_samples_split': 7, 'min_samples_leaf': 8}. Best is trial 0 with value: 1.0.
[I 2025-05-18 17:26:02,908] Trial 9 finished with value: 1.0 and parameters: {'n_estimators': 475, 'max_depth': 9, 'min_samples_split': 4, 'min_samples_leaf': 5}. Best is trial 0 with value: 1.0.
[I 2025-05-18 17:26:12,334] A new study created in memory with name: svc
Parámetros guardados en checkpoint_default_Dlatent_G/lc/IPC_59/best_models_lc_seed_6_space_latent/rf_best_params.json


>>> Optuna tuning svc metodo lc IPC 59 seed 6


[I 2025-05-18 17:26:15,161] Trial 0 finished with value: 1.0 and parameters: {'C': 37.27697013499731, 'gamma': 0.0021277432488243223}. Best is trial 0 with value: 1.0.
[I 2025-05-18 17:26:17,198] Trial 1 finished with value: 1.0 and parameters: {'C': 19.271543171162776, 'gamma': 0.00014682043379470554}. Best is trial 0 with value: 1.0.
[I 2025-05-18 17:26:17,242] Trial 2 finished with value: 0.7 and parameters: {'C': 0.0269542169583157, 'gamma': 0.023999835049635022}. Best is trial 0 with value: 1.0.
[I 2025-05-18 17:26:17,276] Trial 3 finished with value: 1.0 and parameters: {'C': 1.3160410886450586, 'gamma': 0.0047340159215720195}. Best is trial 0 with value: 1.0.
[I 2025-05-18 17:26:17,346] Trial 4 finished with value: 0.6749999999999999 and parameters: {'C': 0.21959952535674737, 'gamma': 0.030908485742507576}. Best is trial 0 with value: 1.0.
[I 2025-05-18 17:26:17,395] Trial 5 finished with value: 0.5333333333333333 and parameters: {'C': 0.5656733313644114, 'gamma': 0.08780685564625502}. Best is trial 0 with value: 1.0.
[I 2025-05-18 17:26:17,427] Trial 6 finished with value: 0.95 and parameters: {'C': 1.1807165425157664, 'gamma': 0.020674470756231633}. Best is trial 0 with value: 1.0.
[I 2025-05-18 17:26:17,464] Trial 7 finished with value: 0.5333333333333333 and parameters: {'C': 3.8143486186647126, 'gamma': 0.9138966502602072}. Best is trial 0 with value: 1.0.
[I 2025-05-18 17:26:17,497] Trial 8 finished with value: 1.0 and parameters: {'C': 19.029737066374768, 'gamma': 0.004495766421289856}. Best is trial 0 with value: 1.0.
[I 2025-05-18 17:26:17,540] Trial 9 finished with value: 0.5666666666666667 and parameters: {'C': 31.994153257994277, 'gamma': 0.19725941020937518}. Best is trial 0 with value: 1.0.
[I 2025-05-18 17:26:30,053] A new study created in memory with name: logreg
Parámetros guardados en checkpoint_default_Dlatent_G/lc/IPC_59/best_models_lc_seed_6_space_latent/svc_best_params.json


>>> Optuna tuning logreg metodo lc IPC 59 seed 6


[I 2025-05-18 17:26:31,871] Trial 0 finished with value: 1.0 and parameters: {'C': 29.127335430981816, 'penalty': 'l2'}. Best is trial 0 with value: 1.0.
[I 2025-05-18 17:26:33,783] Trial 1 finished with value: 1.0 and parameters: {'C': 0.045698192893558344, 'penalty': 'l2'}. Best is trial 0 with value: 1.0.
[I 2025-05-18 17:26:35,572] Trial 2 finished with value: 1.0 and parameters: {'C': 12.768668597712947, 'penalty': 'l2'}. Best is trial 0 with value: 1.0.
[I 2025-05-18 17:26:37,421] Trial 3 finished with value: 1.0 and parameters: {'C': 0.0016161554408462638, 'penalty': 'l2'}. Best is trial 0 with value: 1.0.
[I 2025-05-18 17:26:37,462] Trial 4 finished with value: 1.0 and parameters: {'C': 0.0034536903703241734, 'penalty': 'l2'}. Best is trial 0 with value: 1.0.
[I 2025-05-18 17:26:37,503] Trial 5 finished with value: 1.0 and parameters: {'C': 0.9446269266990148, 'penalty': 'l2'}. Best is trial 0 with value: 1.0.
[I 2025-05-18 17:26:37,541] Trial 6 finished with value: 1.0 and parameters: {'C': 0.4457453393648168, 'penalty': 'l2'}. Best is trial 0 with value: 1.0.
[I 2025-05-18 17:26:37,579] Trial 7 finished with value: 1.0 and parameters: {'C': 0.12417585037258261, 'penalty': 'l2'}. Best is trial 0 with value: 1.0.
[I 2025-05-18 17:26:37,638] Trial 8 finished with value: 1.0 and parameters: {'C': 0.04753781830244093, 'penalty': 'l2'}. Best is trial 0 with value: 1.0.
[I 2025-05-18 17:26:37,664] Trial 9 finished with value: 1.0 and parameters: {'C': 1.2959766028194148, 'penalty': 'l2'}. Best is trial 0 with value: 1.0.
[I 2025-05-18 17:26:46,166] A new study created in memory with name: mlp
Parámetros guardados en checkpoint_default_Dlatent_G/lc/IPC_59/best_models_lc_seed_6_space_latent/logreg_best_params.json


>>> Optuna tuning mlp metodo lc IPC 59 seed 6


[I 2025-05-18 17:26:47,753] Trial 0 finished with value: 1.0 and parameters: {'hidden_layer_sizes': (100,), 'max_iter': 100, 'alpha': 0.0001}. Best is trial 0 with value: 1.0.
[I 2025-05-18 17:26:48,817] Trial 1 finished with value: 1.0 and parameters: {'hidden_layer_sizes': (100, 100), 'max_iter': 100, 'alpha': 0.001}. Best is trial 0 with value: 1.0.
[I 2025-05-18 17:26:48,952] Trial 2 finished with value: 0.9916666666666666 and parameters: {'hidden_layer_sizes': (200,), 'max_iter': 100, 'alpha': 0.0001}. Best is trial 0 with value: 1.0.
[I 2025-05-18 17:26:49,046] Trial 3 finished with value: 1.0 and parameters: {'hidden_layer_sizes': (200,), 'max_iter': 50, 'alpha': 0.001}. Best is trial 0 with value: 1.0.
/data/home/rtabares/anaconda3/envs/pyth3.12/lib/python3.12/site-packages/sklearn/neural_network/_multilayer_perceptron.py:691: ConvergenceWarning: Stochastic Optimizer: Maximum iterations (50) reached and the optimization hasn't converged yet.
  warnings.warn(
[I 2025-05-18 17:26:49,151] Trial 4 finished with value: 1.0 and parameters: {'hidden_layer_sizes': (100, 100), 'max_iter': 50, 'alpha': 0.0001}. Best is trial 0 with value: 1.0.
[I 2025-05-18 17:26:49,250] Trial 5 finished with value: 1.0 and parameters: {'hidden_layer_sizes': (200,), 'max_iter': 100, 'alpha': 0.0001}. Best is trial 0 with value: 1.0.
[I 2025-05-18 17:26:49,355] Trial 6 finished with value: 1.0 and parameters: {'hidden_layer_sizes': (200,), 'max_iter': 100, 'alpha': 0.001}. Best is trial 0 with value: 1.0.
[I 2025-05-18 17:26:49,473] Trial 7 finished with value: 1.0 and parameters: {'hidden_layer_sizes': (100,), 'max_iter': 100, 'alpha': 0.001}. Best is trial 0 with value: 1.0.
[I 2025-05-18 17:26:49,558] Trial 8 finished with value: 1.0 and parameters: {'hidden_layer_sizes': (100, 100), 'max_iter': 100, 'alpha': 0.0001}. Best is trial 0 with value: 1.0.
[I 2025-05-18 17:26:49,653] Trial 9 finished with value: 1.0 and parameters: {'hidden_layer_sizes': (200,), 'max_iter': 100, 'alpha': 0.0001}. Best is trial 0 with value: 1.0.
[I 2025-05-18 17:26:56,322] A new study created in memory with name: naive_bayes
Parámetros guardados en checkpoint_default_Dlatent_G/lc/IPC_59/best_models_lc_seed_6_space_latent/mlp_best_params.json


>>> Optuna tuning naive_bayes metodo lc IPC 59 seed 6


[I 2025-05-18 17:26:57,936] Trial 0 finished with value: 0.975 and parameters: {'var_smoothing': 6.10548688762798e-09}. Best is trial 0 with value: 0.975.
[I 2025-05-18 17:26:58,858] Trial 1 finished with value: 0.975 and parameters: {'var_smoothing': 4.6127467400935034e-10}. Best is trial 0 with value: 0.975.
[I 2025-05-18 17:26:59,563] Trial 2 finished with value: 0.975 and parameters: {'var_smoothing': 4.389936579400967e-09}. Best is trial 0 with value: 0.975.
[I 2025-05-18 17:26:59,588] Trial 3 finished with value: 0.975 and parameters: {'var_smoothing': 1.2116948204672054e-10}. Best is trial 0 with value: 0.975.
[I 2025-05-18 17:26:59,603] Trial 4 finished with value: 0.975 and parameters: {'var_smoothing': 1.6417739478477417e-10}. Best is trial 0 with value: 0.975.
[I 2025-05-18 17:26:59,617] Trial 5 finished with value: 0.975 and parameters: {'var_smoothing': 1.5491880147236797e-09}. Best is trial 0 with value: 0.975.
[I 2025-05-18 17:26:59,643] Trial 6 finished with value: 0.975 and parameters: {'var_smoothing': 1.1471883405287265e-09}. Best is trial 0 with value: 0.975.
[I 2025-05-18 17:26:59,658] Trial 7 finished with value: 0.975 and parameters: {'var_smoothing': 6.88041853492358e-10}. Best is trial 0 with value: 0.975.
[I 2025-05-18 17:26:59,673] Trial 8 finished with value: 0.975 and parameters: {'var_smoothing': 4.686144741221158e-10}. Best is trial 0 with value: 0.975.
[I 2025-05-18 17:26:59,688] Trial 9 finished with value: 0.975 and parameters: {'var_smoothing': 1.7580809350683337e-09}. Best is trial 0 with value: 0.975.
/data/home/rtabares/anaconda3/envs/pyth3.12/lib/python3.12/site-packages/xgboost/core.py:377: FutureWarning: Your system has an old version of glibc (< 2.28). We will stop supporting Linux distros with glibc older than 2.28 after **May 31, 2025**. Please upgrade to a recent Linux distro (with glibc >= 2.28) to use future versions of XGBoost.
Note: You have installed the 'manylinux2014' variant of XGBoost. Certain features such as GPU algorithms or federated learning are not available. To use these features, please upgrade to a recent Linux distro with glibc 2.28+, and install the 'manylinux_2_28' variant.
  warnings.warn(
[I 2025-05-18 17:27:03,241] A new study created in memory with name: knn
Parámetros guardados en checkpoint_default_Dlatent_G/lc/IPC_59/best_models_lc_seed_6_space_latent/naive_bayes_best_params.json


>>> Optuna tuning knn metodo lc IPC 59 seed 6


[I 2025-05-18 17:27:06,634] Trial 0 finished with value: 1.0 and parameters: {'n_neighbors': 10, 'leaf_size': 26, 'p': 1}. Best is trial 0 with value: 1.0.
[I 2025-05-18 17:27:08,885] Trial 1 finished with value: 1.0 and parameters: {'n_neighbors': 3, 'leaf_size': 32, 'p': 1}. Best is trial 0 with value: 1.0.
[I 2025-05-18 17:27:08,911] Trial 2 finished with value: 0.9916666666666666 and parameters: {'n_neighbors': 5, 'leaf_size': 33, 'p': 2}. Best is trial 0 with value: 1.0.
[I 2025-05-18 17:27:09,077] Trial 3 finished with value: 0.9833333333333332 and parameters: {'n_neighbors': 7, 'leaf_size': 32, 'p': 2}. Best is trial 0 with value: 1.0.
[I 2025-05-18 17:27:09,303] Trial 4 finished with value: 1.0 and parameters: {'n_neighbors': 9, 'leaf_size': 28, 'p': 1}. Best is trial 0 with value: 1.0.
[I 2025-05-18 17:27:09,438] Trial 5 finished with value: 1.0 and parameters: {'n_neighbors': 3, 'leaf_size': 35, 'p': 1}. Best is trial 0 with value: 1.0.
[I 2025-05-18 17:27:09,593] Trial 6 finished with value: 0.975 and parameters: {'n_neighbors': 8, 'leaf_size': 31, 'p': 2}. Best is trial 0 with value: 1.0.
[I 2025-05-18 17:27:09,728] Trial 7 finished with value: 0.975 and parameters: {'n_neighbors': 6, 'leaf_size': 24, 'p': 2}. Best is trial 0 with value: 1.0.
[I 2025-05-18 17:27:09,842] Trial 8 finished with value: 0.9916666666666666 and parameters: {'n_neighbors': 5, 'leaf_size': 34, 'p': 2}. Best is trial 0 with value: 1.0.
[I 2025-05-18 17:27:09,936] Trial 9 finished with value: 0.975 and parameters: {'n_neighbors': 10, 'leaf_size': 27, 'p': 2}. Best is trial 0 with value: 1.0.
/data/home/rtabares/anaconda3/envs/pyth3.12/lib/python3.12/site-packages/xgboost/core.py:377: FutureWarning: Your system has an old version of glibc (< 2.28). We will stop supporting Linux distros with glibc older than 2.28 after **May 31, 2025**. Please upgrade to a recent Linux distro (with glibc >= 2.28) to use future versions of XGBoost.
Note: You have installed the 'manylinux2014' variant of XGBoost. Certain features such as GPU algorithms or federated learning are not available. To use these features, please upgrade to a recent Linux distro with glibc 2.28+, and install the 'manylinux_2_28' variant.
  warnings.warn(
/data/home/rtabares/anaconda3/envs/pyth3.12/lib/python3.12/site-packages/xgboost/core.py:377: FutureWarning: Your system has an old version of glibc (< 2.28). We will stop supporting Linux distros with glibc older than 2.28 after **May 31, 2025**. Please upgrade to a recent Linux distro (with glibc >= 2.28) to use future versions of XGBoost.
Note: You have installed the 'manylinux2014' variant of XGBoost. Certain features such as GPU algorithms or federated learning are not available. To use these features, please upgrade to a recent Linux distro with glibc 2.28+, and install the 'manylinux_2_28' variant.
  warnings.warn(
/data/home/rtabares/anaconda3/envs/pyth3.12/lib/python3.12/site-packages/xgboost/core.py:377: FutureWarning: Your system has an old version of glibc (< 2.28). We will stop supporting Linux distros with glibc older than 2.28 after **May 31, 2025**. Please upgrade to a recent Linux distro (with glibc >= 2.28) to use future versions of XGBoost.
Note: You have installed the 'manylinux2014' variant of XGBoost. Certain features such as GPU algorithms or federated learning are not available. To use these features, please upgrade to a recent Linux distro with glibc 2.28+, and install the 'manylinux_2_28' variant.
  warnings.warn(
[I 2025-05-18 17:27:16,512] A new study created in memory with name: xgb
Parámetros guardados en checkpoint_default_Dlatent_G/lc/IPC_59/best_models_lc_seed_6_space_latent/knn_best_params.json


>>> Optuna tuning xgb metodo lc IPC 59 seed 6


/data/home/rtabares/anaconda3/envs/pyth3.12/lib/python3.12/site-packages/xgboost/core.py:377: FutureWarning: Your system has an old version of glibc (< 2.28). We will stop supporting Linux distros with glibc older than 2.28 after **May 31, 2025**. Please upgrade to a recent Linux distro (with glibc >= 2.28) to use future versions of XGBoost.
Note: You have installed the 'manylinux2014' variant of XGBoost. Certain features such as GPU algorithms or federated learning are not available. To use these features, please upgrade to a recent Linux distro with glibc 2.28+, and install the 'manylinux_2_28' variant.
  warnings.warn(
/data/home/rtabares/anaconda3/envs/pyth3.12/lib/python3.12/site-packages/xgboost/core.py:377: FutureWarning: Your system has an old version of glibc (< 2.28). We will stop supporting Linux distros with glibc older than 2.28 after **May 31, 2025**. Please upgrade to a recent Linux distro (with glibc >= 2.28) to use future versions of XGBoost.
Note: You have installed the 'manylinux2014' variant of XGBoost. Certain features such as GPU algorithms or federated learning are not available. To use these features, please upgrade to a recent Linux distro with glibc 2.28+, and install the 'manylinux_2_28' variant.
  warnings.warn(
[I 2025-05-18 17:27:19,195] Trial 0 finished with value: 0.9742424242424242 and parameters: {'n_estimators': 10, 'max_depth': 30, 'gamma': 0.5768356259735394, 'subsample': 0.7094037142783272, 'colsample_bytree': 0.6677039246366646}. Best is trial 0 with value: 0.9742424242424242.
/data/home/rtabares/anaconda3/envs/pyth3.12/lib/python3.12/site-packages/xgboost/core.py:377: FutureWarning: Your system has an old version of glibc (< 2.28). We will stop supporting Linux distros with glibc older than 2.28 after **May 31, 2025**. Please upgrade to a recent Linux distro (with glibc >= 2.28) to use future versions of XGBoost.
Note: You have installed the 'manylinux2014' variant of XGBoost. Certain features such as GPU algorithms or federated learning are not available. To use these features, please upgrade to a recent Linux distro with glibc 2.28+, and install the 'manylinux_2_28' variant.
  warnings.warn(
/data/home/rtabares/anaconda3/envs/pyth3.12/lib/python3.12/site-packages/xgboost/core.py:377: FutureWarning: Your system has an old version of glibc (< 2.28). We will stop supporting Linux distros with glibc older than 2.28 after **May 31, 2025**. Please upgrade to a recent Linux distro (with glibc >= 2.28) to use future versions of XGBoost.
Note: You have installed the 'manylinux2014' variant of XGBoost. Certain features such as GPU algorithms or federated learning are not available. To use these features, please upgrade to a recent Linux distro with glibc 2.28+, and install the 'manylinux_2_28' variant.
  warnings.warn(
