[I 2025-05-26 03:17:48,960] Trial 15 finished with value: 0.95 and parameters: {'n_estimators': 40, 'max_depth': 30, 'gamma': 0.6984303211969353, 'subsample': 0.6263373069905526, 'colsample_bytree': 0.5110507441634415}. Best is trial 9 with value: 1.0.
/data/home/rtabares/anaconda3/envs/pyth3.12/lib/python3.12/site-packages/xgboost/core.py:377: FutureWarning: Your system has an old version of glibc (< 2.28). We will stop supporting Linux distros with glibc older than 2.28 after **May 31, 2025**. Please upgrade to a recent Linux distro (with glibc >= 2.28) to use future versions of XGBoost.
Note: You have installed the 'manylinux2014' variant of XGBoost. Certain features such as GPU algorithms or federated learning are not available. To use these features, please upgrade to a recent Linux distro with glibc 2.28+, and install the 'manylinux_2_28' variant.
  warnings.warn(
[I 2025-05-26 03:17:50,083] Trial 16 finished with value: 0.95 and parameters: {'n_estimators': 40, 'max_depth': 5, 'gamma': 0.5910840220265552, 'subsample': 0.7495390284320108, 'colsample_bytree': 0.8810094054474}. Best is trial 9 with value: 1.0.
[I 2025-05-26 03:17:50,120] Trial 17 finished with value: 0.95 and parameters: {'n_estimators': 40, 'max_depth': 30, 'gamma': 0.4823152355002448, 'subsample': 0.8794206962560682, 'colsample_bytree': 0.7358572068823183}. Best is trial 9 with value: 1.0.
[I 2025-05-26 03:17:50,155] Trial 18 finished with value: 0.95 and parameters: {'n_estimators': 40, 'max_depth': 5, 'gamma': 0.8736938376315007, 'subsample': 0.6780669908239779, 'colsample_bytree': 0.5845940860519697}. Best is trial 9 with value: 1.0.
[I 2025-05-26 03:17:50,190] Trial 19 finished with value: 0.95 and parameters: {'n_estimators': 10, 'max_depth': 20, 'gamma': 0.7125121723603507, 'subsample': 0.7487931599912829, 'colsample_bytree': 0.6676053359201292}. Best is trial 9 with value: 1.0.
[I 2025-05-26 03:17:52,828] A new study created in memory with name: rf
Parámetros guardados en checkpoint_adult_Dlatent_G/ag/IPC_10/best_models_ag_seed_5_space_latent/xgb_best_params.json


>>> Optuna tuning rf metodo ag IPC 10 seed 5


[I 2025-05-26 03:17:55,797] Trial 0 finished with value: 0.5 and parameters: {'n_estimators': 189, 'max_depth': 18, 'min_samples_split': 3, 'min_samples_leaf': 10}. Best is trial 0 with value: 0.5.
[I 2025-05-26 03:17:56,353] Trial 1 finished with value: 0.9 and parameters: {'n_estimators': 295, 'max_depth': 14, 'min_samples_split': 8, 'min_samples_leaf': 6}. Best is trial 1 with value: 0.9.
[I 2025-05-26 03:17:56,663] Trial 2 finished with value: 0.5 and parameters: {'n_estimators': 219, 'max_depth': 6, 'min_samples_split': 2, 'min_samples_leaf': 8}. Best is trial 1 with value: 0.9.
[I 2025-05-26 03:17:57,013] Trial 3 finished with value: 0.9 and parameters: {'n_estimators': 276, 'max_depth': 5, 'min_samples_split': 9, 'min_samples_leaf': 3}. Best is trial 1 with value: 0.9.
[I 2025-05-26 03:17:57,345] Trial 4 finished with value: 0.9 and parameters: {'n_estimators': 266, 'max_depth': 8, 'min_samples_split': 7, 'min_samples_leaf': 6}. Best is trial 1 with value: 0.9.
[I 2025-05-26 03:17:57,792] Trial 5 finished with value: 0.9 and parameters: {'n_estimators': 340, 'max_depth': 7, 'min_samples_split': 4, 'min_samples_leaf': 3}. Best is trial 1 with value: 0.9.
[I 2025-05-26 03:17:58,060] Trial 6 finished with value: 0.5 and parameters: {'n_estimators': 231, 'max_depth': 5, 'min_samples_split': 3, 'min_samples_leaf': 10}. Best is trial 1 with value: 0.9.
[I 2025-05-26 03:17:58,595] Trial 7 finished with value: 0.9 and parameters: {'n_estimators': 485, 'max_depth': 6, 'min_samples_split': 2, 'min_samples_leaf': 3}. Best is trial 1 with value: 0.9.
[I 2025-05-26 03:17:59,049] Trial 8 finished with value: 0.9 and parameters: {'n_estimators': 380, 'max_depth': 17, 'min_samples_split': 2, 'min_samples_leaf': 6}. Best is trial 1 with value: 0.9.
[I 2025-05-26 03:17:59,229] Trial 9 finished with value: 0.5 and parameters: {'n_estimators': 100, 'max_depth': 12, 'min_samples_split': 7, 'min_samples_leaf': 10}. Best is trial 1 with value: 0.9.
[I 2025-05-26 03:17:59,760] Trial 10 finished with value: 0.9 and parameters: {'n_estimators': 446, 'max_depth': 13, 'min_samples_split': 10, 'min_samples_leaf': 5}. Best is trial 1 with value: 0.9.
[I 2025-05-26 03:18:00,843] Trial 11 finished with value: 0.9 and parameters: {'n_estimators': 314, 'max_depth': 15, 'min_samples_split': 10, 'min_samples_leaf': 1}. Best is trial 1 with value: 0.9.
[I 2025-05-26 03:18:01,953] Trial 12 finished with value: 0.9 and parameters: {'n_estimators': 390, 'max_depth': 3, 'min_samples_split': 8, 'min_samples_leaf': 3}. Best is trial 1 with value: 0.9.
[I 2025-05-26 03:18:02,926] Trial 13 finished with value: 0.9 and parameters: {'n_estimators': 284, 'max_depth': 10, 'min_samples_split': 9, 'min_samples_leaf': 5}. Best is trial 1 with value: 0.9.
[I 2025-05-26 03:18:03,163] Trial 14 finished with value: 0.9 and parameters: {'n_estimators': 187, 'max_depth': 20, 'min_samples_split': 5, 'min_samples_leaf': 1}. Best is trial 1 with value: 0.9.
[I 2025-05-26 03:18:03,346] Trial 15 finished with value: 0.65 and parameters: {'n_estimators': 136, 'max_depth': 9, 'min_samples_split': 8, 'min_samples_leaf': 7}. Best is trial 1 with value: 0.9.
[I 2025-05-26 03:18:03,768] Trial 16 finished with value: 0.9 and parameters: {'n_estimators': 344, 'max_depth': 14, 'min_samples_split': 6, 'min_samples_leaf': 4}. Best is trial 1 with value: 0.9.
[I 2025-05-26 03:18:04,093] Trial 17 finished with value: 0.5 and parameters: {'n_estimators': 262, 'max_depth': 11, 'min_samples_split': 9, 'min_samples_leaf': 8}. Best is trial 1 with value: 0.9.
[I 2025-05-26 03:18:04,579] Trial 18 finished with value: 0.9 and parameters: {'n_estimators': 409, 'max_depth': 3, 'min_samples_split': 8, 'min_samples_leaf': 2}. Best is trial 1 with value: 0.9.
[I 2025-05-26 03:18:05,008] Trial 19 finished with value: 0.9 and parameters: {'n_estimators': 318, 'max_depth': 16, 'min_samples_split': 6, 'min_samples_leaf': 4}. Best is trial 1 with value: 0.9.
[I 2025-05-26 03:18:08,703] A new study created in memory with name: svc
Parámetros guardados en checkpoint_adult_Dlatent_G/ag/IPC_10/best_models_ag_seed_5_space_latent/rf_best_params.json


>>> Optuna tuning svc metodo ag IPC 10 seed 5


[I 2025-05-26 03:18:10,678] Trial 0 finished with value: 0.45 and parameters: {'C': 0.07726319876517104, 'gamma': 0.3040389504793042}. Best is trial 0 with value: 0.45.
[I 2025-05-26 03:18:10,828] Trial 1 finished with value: 0.4 and parameters: {'C': 0.06712381339142241, 'gamma': 0.47254549996710477}. Best is trial 0 with value: 0.45.
[I 2025-05-26 03:18:10,845] Trial 2 finished with value: 0.85 and parameters: {'C': 0.8987621100554035, 'gamma': 0.027988231123708972}. Best is trial 2 with value: 0.85.
[I 2025-05-26 03:18:10,859] Trial 3 finished with value: 0.85 and parameters: {'C': 11.5779435007655, 'gamma': 0.011848734045499056}. Best is trial 2 with value: 0.85.
[I 2025-05-26 03:18:10,874] Trial 4 finished with value: 0.9 and parameters: {'C': 0.1538870258903583, 'gamma': 0.0005634883151169033}. Best is trial 4 with value: 0.9.
[I 2025-05-26 03:18:10,888] Trial 5 finished with value: 0.7 and parameters: {'C': 0.021036092656561454, 'gamma': 0.08990030906808326}. Best is trial 4 with value: 0.9.
[I 2025-05-26 03:18:10,904] Trial 6 finished with value: 0.9 and parameters: {'C': 0.5824208201678516, 'gamma': 0.00042977333932534993}. Best is trial 4 with value: 0.9.
[I 2025-05-26 03:18:10,919] Trial 7 finished with value: 0.9 and parameters: {'C': 33.09391330085814, 'gamma': 0.001248377256719358}. Best is trial 4 with value: 0.9.
[I 2025-05-26 03:18:10,934] Trial 8 finished with value: 0.9 and parameters: {'C': 0.45387898639622015, 'gamma': 0.0015286910781809498}. Best is trial 4 with value: 0.9.
[I 2025-05-26 03:18:10,950] Trial 9 finished with value: 0.85 and parameters: {'C': 3.274550070431994, 'gamma': 0.02086177421469992}. Best is trial 4 with value: 0.9.
[I 2025-05-26 03:18:10,974] Trial 10 finished with value: 0.9 and parameters: {'C': 0.01015031429029542, 'gamma': 0.00010813284331811526}. Best is trial 4 with value: 0.9.
[I 2025-05-26 03:18:11,607] Trial 11 finished with value: 0.9 and parameters: {'C': 0.2946546726762962, 'gamma': 0.000192696939064797}. Best is trial 4 with value: 0.9.
[I 2025-05-26 03:18:12,263] Trial 12 finished with value: 0.9 and parameters: {'C': 2.9648182303354678, 'gamma': 0.0011563341942962047}. Best is trial 4 with value: 0.9.
[I 2025-05-26 03:18:12,292] Trial 13 finished with value: 0.9 and parameters: {'C': 0.16280907414611331, 'gamma': 0.00038377823379388923}. Best is trial 4 with value: 0.9.
[I 2025-05-26 03:18:12,315] Trial 14 finished with value: 0.9 and parameters: {'C': 2.4218760021536427, 'gamma': 0.0032537811548427023}. Best is trial 4 with value: 0.9.
[I 2025-05-26 03:18:12,340] Trial 15 finished with value: 0.9 and parameters: {'C': 0.0664538826788088, 'gamma': 0.0005193501979899485}. Best is trial 4 with value: 0.9.
[I 2025-05-26 03:18:12,360] Trial 16 finished with value: 0.9 and parameters: {'C': 1.1898268486188273, 'gamma': 0.0025654002897082823}. Best is trial 4 with value: 0.9.
[I 2025-05-26 03:18:12,379] Trial 17 finished with value: 0.85 and parameters: {'C': 10.925526376097588, 'gamma': 0.0059603957535583315}. Best is trial 4 with value: 0.9.
[I 2025-05-26 03:18:12,399] Trial 18 finished with value: 0.9 and parameters: {'C': 0.1691641156930074, 'gamma': 0.00043494340597700513}. Best is trial 4 with value: 0.9.
[I 2025-05-26 03:18:12,418] Trial 19 finished with value: 0.9 and parameters: {'C': 0.6190876787824239, 'gamma': 0.0001500028787036726}. Best is trial 4 with value: 0.9.
[I 2025-05-26 03:18:14,366] A new study created in memory with name: logreg
Parámetros guardados en checkpoint_adult_Dlatent_G/ag/IPC_10/best_models_ag_seed_5_space_latent/svc_best_params.json


>>> Optuna tuning logreg metodo ag IPC 10 seed 5


[I 2025-05-26 03:18:17,389] Trial 0 finished with value: 0.9 and parameters: {'C': 0.012881482725481003, 'penalty': 'l2'}. Best is trial 0 with value: 0.9.
[I 2025-05-26 03:18:17,671] Trial 1 finished with value: 0.8 and parameters: {'C': 22.576755560681583, 'penalty': 'l2'}. Best is trial 0 with value: 0.9.
[I 2025-05-26 03:18:17,687] Trial 2 finished with value: 0.9 and parameters: {'C': 0.010804278656839932, 'penalty': 'l2'}. Best is trial 0 with value: 0.9.
[I 2025-05-26 03:18:18,348] Trial 3 finished with value: 0.8 and parameters: {'C': 39.17910760336117, 'penalty': 'l2'}. Best is trial 0 with value: 0.9.
[I 2025-05-26 03:18:18,374] Trial 4 finished with value: 0.85 and parameters: {'C': 0.2767298094062571, 'penalty': 'l2'}. Best is trial 0 with value: 0.9.
[I 2025-05-26 03:18:18,399] Trial 5 finished with value: 0.85 and parameters: {'C': 1.1447728330837224, 'penalty': 'l2'}. Best is trial 0 with value: 0.9.
[I 2025-05-26 03:18:18,424] Trial 6 finished with value: 0.85 and parameters: {'C': 6.753661388238877, 'penalty': 'l2'}. Best is trial 0 with value: 0.9.
[I 2025-05-26 03:18:18,449] Trial 7 finished with value: 0.85 and parameters: {'C': 0.39092184460352974, 'penalty': 'l2'}. Best is trial 0 with value: 0.9.
[I 2025-05-26 03:18:18,474] Trial 8 finished with value: 0.9 and parameters: {'C': 0.03047912590082646, 'penalty': 'l2'}. Best is trial 0 with value: 0.9.
[I 2025-05-26 03:18:18,498] Trial 9 finished with value: 0.9 and parameters: {'C': 0.008681727362499118, 'penalty': 'l2'}. Best is trial 0 with value: 0.9.
[I 2025-05-26 03:18:18,528] Trial 10 finished with value: 0.9 and parameters: {'C': 0.0010146302597657177, 'penalty': 'l2'}. Best is trial 0 with value: 0.9.
[I 2025-05-26 03:18:19,273] Trial 11 finished with value: 0.9 and parameters: {'C': 0.0199662686693303, 'penalty': 'l2'}. Best is trial 0 with value: 0.9.
[I 2025-05-26 03:18:19,304] Trial 12 finished with value: 0.9 and parameters: {'C': 0.0016346313516918368, 'penalty': 'l2'}. Best is trial 0 with value: 0.9.
[I 2025-05-26 03:18:20,012] Trial 13 finished with value: 0.9 and parameters: {'C': 0.0714333727973949, 'penalty': 'l2'}. Best is trial 0 with value: 0.9.
[I 2025-05-26 03:18:20,043] Trial 14 finished with value: 0.9 and parameters: {'C': 0.004204976475301702, 'penalty': 'l2'}. Best is trial 0 with value: 0.9.
[I 2025-05-26 03:18:20,064] Trial 15 finished with value: 0.9 and parameters: {'C': 0.08940155280126451, 'penalty': 'l2'}. Best is trial 0 with value: 0.9.
[I 2025-05-26 03:18:20,858] Trial 16 finished with value: 0.9 and parameters: {'C': 0.006546178987596756, 'penalty': 'l2'}. Best is trial 0 with value: 0.9.
[I 2025-05-26 03:18:20,876] Trial 17 finished with value: 0.85 and parameters: {'C': 1.4752552821847151, 'penalty': 'l2'}. Best is trial 0 with value: 0.9.
[I 2025-05-26 03:18:20,896] Trial 18 finished with value: 0.9 and parameters: {'C': 0.02888779259712015, 'penalty': 'l2'}. Best is trial 0 with value: 0.9.
[I 2025-05-26 03:18:20,917] Trial 19 finished with value: 0.9 and parameters: {'C': 0.002520448080692226, 'penalty': 'l2'}. Best is trial 0 with value: 0.9.
/data/home/rtabares/anaconda3/envs/pyth3.12/lib/python3.12/site-packages/xgboost/core.py:377: FutureWarning: Your system has an old version of glibc (< 2.28). We will stop supporting Linux distros with glibc older than 2.28 after **May 31, 2025**. Please upgrade to a recent Linux distro (with glibc >= 2.28) to use future versions of XGBoost.
Note: You have installed the 'manylinux2014' variant of XGBoost. Certain features such as GPU algorithms or federated learning are not available. To use these features, please upgrade to a recent Linux distro with glibc 2.28+, and install the 'manylinux_2_28' variant.
  warnings.warn(
[I 2025-05-26 03:18:25,527] A new study created in memory with name: mlp
Parámetros guardados en checkpoint_adult_Dlatent_G/ag/IPC_10/best_models_ag_seed_5_space_latent/logreg_best_params.json


>>> Optuna tuning mlp metodo ag IPC 10 seed 5


/data/home/rtabares/anaconda3/envs/pyth3.12/lib/python3.12/site-packages/sklearn/neural_network/_multilayer_perceptron.py:691: ConvergenceWarning: Stochastic Optimizer: Maximum iterations (50) reached and the optimization hasn't converged yet.
  warnings.warn(
/data/home/rtabares/anaconda3/envs/pyth3.12/lib/python3.12/site-packages/sklearn/neural_network/_multilayer_perceptron.py:691: ConvergenceWarning: Stochastic Optimizer: Maximum iterations (50) reached and the optimization hasn't converged yet.
  warnings.warn(
/data/home/rtabares/anaconda3/envs/pyth3.12/lib/python3.12/site-packages/sklearn/neural_network/_multilayer_perceptron.py:691: ConvergenceWarning: Stochastic Optimizer: Maximum iterations (50) reached and the optimization hasn't converged yet.
  warnings.warn(
/data/home/rtabares/anaconda3/envs/pyth3.12/lib/python3.12/site-packages/sklearn/neural_network/_multilayer_perceptron.py:691: ConvergenceWarning: Stochastic Optimizer: Maximum iterations (50) reached and the optimization hasn't converged yet.
  warnings.warn(
/data/home/rtabares/anaconda3/envs/pyth3.12/lib/python3.12/site-packages/sklearn/neural_network/_multilayer_perceptron.py:691: ConvergenceWarning: Stochastic Optimizer: Maximum iterations (50) reached and the optimization hasn't converged yet.
  warnings.warn(
[I 2025-05-26 03:18:26,216] Trial 0 finished with value: 0.85 and parameters: {'hidden_layer_sizes': (200,), 'max_iter': 50, 'alpha': 0.001}. Best is trial 0 with value: 0.85.
/data/home/rtabares/anaconda3/envs/pyth3.12/lib/python3.12/site-packages/sklearn/neural_network/_multilayer_perceptron.py:691: ConvergenceWarning: Stochastic Optimizer: Maximum iterations (100) reached and the optimization hasn't converged yet.
  warnings.warn(
/data/home/rtabares/anaconda3/envs/pyth3.12/lib/python3.12/site-packages/sklearn/neural_network/_multilayer_perceptron.py:691: ConvergenceWarning: Stochastic Optimizer: Maximum iterations (100) reached and the optimization hasn't converged yet.
  warnings.warn(
/data/home/rtabares/anaconda3/envs/pyth3.12/lib/python3.12/site-packages/sklearn/neural_network/_multilayer_perceptron.py:691: ConvergenceWarning: Stochastic Optimizer: Maximum iterations (100) reached and the optimization hasn't converged yet.
  warnings.warn(
/data/home/rtabares/anaconda3/envs/pyth3.12/lib/python3.12/site-packages/sklearn/neural_network/_multilayer_perceptron.py:691: ConvergenceWarning: Stochastic Optimizer: Maximum iterations (100) reached and the optimization hasn't converged yet.
  warnings.warn(
/data/home/rtabares/anaconda3/envs/pyth3.12/lib/python3.12/site-packages/sklearn/neural_network/_multilayer_perceptron.py:691: ConvergenceWarning: Stochastic Optimizer: Maximum iterations (100) reached and the optimization hasn't converged yet.
  warnings.warn(
[I 2025-05-26 03:18:26,284] Trial 1 finished with value: 0.75 and parameters: {'hidden_layer_sizes': (100,), 'max_iter': 100, 'alpha': 0.0001}. Best is trial 0 with value: 0.85.
/data/home/rtabares/anaconda3/envs/pyth3.12/lib/python3.12/site-packages/sklearn/neural_network/_multilayer_perceptron.py:691: ConvergenceWarning: Stochastic Optimizer: Maximum iterations (100) reached and the optimization hasn't converged yet.
  warnings.warn(
/data/home/rtabares/anaconda3/envs/pyth3.12/lib/python3.12/site-packages/sklearn/neural_network/_multilayer_perceptron.py:691: ConvergenceWarning: Stochastic Optimizer: Maximum iterations (100) reached and the optimization hasn't converged yet.
  warnings.warn(
/data/home/rtabares/anaconda3/envs/pyth3.12/lib/python3.12/site-packages/sklearn/neural_network/_multilayer_perceptron.py:691: ConvergenceWarning: Stochastic Optimizer: Maximum iterations (100) reached and the optimization hasn't converged yet.
  warnings.warn(
/data/home/rtabares/anaconda3/envs/pyth3.12/lib/python3.12/site-packages/sklearn/neural_network/_multilayer_perceptron.py:691: ConvergenceWarning: Stochastic Optimizer: Maximum iterations (100) reached and the optimization hasn't converged yet.
  warnings.warn(
/data/home/rtabares/anaconda3/envs/pyth3.12/lib/python3.12/site-packages/sklearn/neural_network/_multilayer_perceptron.py:691: ConvergenceWarning: Stochastic Optimizer: Maximum iterations (100) reached and the optimization hasn't converged yet.
  warnings.warn(
[I 2025-05-26 03:18:26,340] Trial 2 finished with value: 0.85 and parameters: {'hidden_layer_sizes': (100,), 'max_iter': 100, 'alpha': 0.001}. Best is trial 0 with value: 0.85.
/data/home/rtabares/anaconda3/envs/pyth3.12/lib/python3.12/site-packages/sklearn/neural_network/_multilayer_perceptron.py:691: ConvergenceWarning: Stochastic Optimizer: Maximum iterations (50) reached and the optimization hasn't converged yet.
  warnings.warn(
/data/home/rtabares/anaconda3/envs/pyth3.12/lib/python3.12/site-packages/sklearn/neural_network/_multilayer_perceptron.py:691: ConvergenceWarning: Stochastic Optimizer: Maximum iterations (50) reached and the optimization hasn't converged yet.
  warnings.warn(
/data/home/rtabares/anaconda3/envs/pyth3.12/lib/python3.12/site-packages/sklearn/neural_network/_multilayer_perceptron.py:691: ConvergenceWarning: Stochastic Optimizer: Maximum iterations (50) reached and the optimization hasn't converged yet.
  warnings.warn(
/data/home/rtabares/anaconda3/envs/pyth3.12/lib/python3.12/site-packages/sklearn/neural_network/_multilayer_perceptron.py:691: ConvergenceWarning: Stochastic Optimizer: Maximum iterations (50) reached and the optimization hasn't converged yet.
  warnings.warn(
/data/home/rtabares/anaconda3/envs/pyth3.12/lib/python3.12/site-packages/sklearn/neural_network/_multilayer_perceptron.py:691: ConvergenceWarning: Stochastic Optimizer: Maximum iterations (50) reached and the optimization hasn't converged yet.
  warnings.warn(
[I 2025-05-26 03:18:26,396] Trial 3 finished with value: 0.85 and parameters: {'hidden_layer_sizes': (200,), 'max_iter': 50, 'alpha': 0.001}. Best is trial 0 with value: 0.85.
/data/home/rtabares/anaconda3/envs/pyth3.12/lib/python3.12/site-packages/sklearn/neural_network/_multilayer_perceptron.py:691: ConvergenceWarning: Stochastic Optimizer: Maximum iterations (100) reached and the optimization hasn't converged yet.
  warnings.warn(
/data/home/rtabares/anaconda3/envs/pyth3.12/lib/python3.12/site-packages/sklearn/neural_network/_multilayer_perceptron.py:691: ConvergenceWarning: Stochastic Optimizer: Maximum iterations (100) reached and the optimization hasn't converged yet.
  warnings.warn(
/data/home/rtabares/anaconda3/envs/pyth3.12/lib/python3.12/site-packages/sklearn/neural_network/_multilayer_perceptron.py:691: ConvergenceWarning: Stochastic Optimizer: Maximum iterations (100) reached and the optimization hasn't converged yet.
  warnings.warn(
/data/home/rtabares/anaconda3/envs/pyth3.12/lib/python3.12/site-packages/sklearn/neural_network/_multilayer_perceptron.py:691: ConvergenceWarning: Stochastic Optimizer: Maximum iterations (100) reached and the optimization hasn't converged yet.
  warnings.warn(
/data/home/rtabares/anaconda3/envs/pyth3.12/lib/python3.12/site-packages/sklearn/neural_network/_multilayer_perceptron.py:691: ConvergenceWarning: Stochastic Optimizer: Maximum iterations (100) reached and the optimization hasn't converged yet.
  warnings.warn(
