[I 2025-05-26 03:41:45,720] Trial 14 finished with value: 0.35 and parameters: {'n_estimators': 10, 'max_depth': 30, 'gamma': 0.6969466433930815, 'subsample': 0.5846563334037702, 'colsample_bytree': 0.8597036850925099}. Best is trial 0 with value: 0.6.
[I 2025-05-26 03:41:45,770] Trial 15 finished with value: 0.6 and parameters: {'n_estimators': 40, 'max_depth': 20, 'gamma': 0.46430312911542077, 'subsample': 0.6984565561575289, 'colsample_bytree': 0.66646045251219}. Best is trial 0 with value: 0.6.
/data/home/rtabares/anaconda3/envs/pyth3.12/lib/python3.12/site-packages/xgboost/core.py:377: FutureWarning: Your system has an old version of glibc (< 2.28). We will stop supporting Linux distros with glibc older than 2.28 after **May 31, 2025**. Please upgrade to a recent Linux distro (with glibc >= 2.28) to use future versions of XGBoost.
Note: You have installed the 'manylinux2014' variant of XGBoost. Certain features such as GPU algorithms or federated learning are not available. To use these features, please upgrade to a recent Linux distro with glibc 2.28+, and install the 'manylinux_2_28' variant.
  warnings.warn(
[I 2025-05-26 03:41:46,743] Trial 16 finished with value: 0.55 and parameters: {'n_estimators': 40, 'max_depth': 20, 'gamma': 0.6189156329432327, 'subsample': 0.6348776269702736, 'colsample_bytree': 0.665659864377243}. Best is trial 0 with value: 0.6.
[I 2025-05-26 03:41:46,780] Trial 17 finished with value: 0.55 and parameters: {'n_estimators': 10, 'max_depth': 20, 'gamma': 0.25981432993271136, 'subsample': 0.5532783494065147, 'colsample_bytree': 0.9299105106218624}. Best is trial 0 with value: 0.6.
[I 2025-05-26 03:41:46,815] Trial 18 finished with value: 0.55 and parameters: {'n_estimators': 40, 'max_depth': 30, 'gamma': 0.7879996981254089, 'subsample': 0.8730359842034299, 'colsample_bytree': 0.8149518024486924}. Best is trial 0 with value: 0.6.
/data/home/rtabares/anaconda3/envs/pyth3.12/lib/python3.12/site-packages/xgboost/core.py:377: FutureWarning: Your system has an old version of glibc (< 2.28). We will stop supporting Linux distros with glibc older than 2.28 after **May 31, 2025**. Please upgrade to a recent Linux distro (with glibc >= 2.28) to use future versions of XGBoost.
Note: You have installed the 'manylinux2014' variant of XGBoost. Certain features such as GPU algorithms or federated learning are not available. To use these features, please upgrade to a recent Linux distro with glibc 2.28+, and install the 'manylinux_2_28' variant.
  warnings.warn(
[I 2025-05-26 03:41:47,617] Trial 19 finished with value: 0.65 and parameters: {'n_estimators': 10, 'max_depth': 20, 'gamma': 0.5823661429593284, 'subsample': 0.7449098542637232, 'colsample_bytree': 0.6030323425039048}. Best is trial 19 with value: 0.65.
[I 2025-05-26 03:41:49,713] A new study created in memory with name: rf
[I 2025-05-26 03:41:52,267] Trial 0 finished with value: 0.5 and parameters: {'n_estimators': 130, 'max_depth': 17, 'min_samples_split': 5, 'min_samples_leaf': 8}. Best is trial 0 with value: 0.5.
Parámetros guardados en checkpoint_default_Dlatent_ft_H/k-means/IPC_10/best_models_k-means_seed_7_space_original/xgb_best_params.json


>>> Optuna tuning rf metodo k-means IPC 10 seed 7


[I 2025-05-26 03:41:53,152] Trial 1 finished with value: 0.65 and parameters: {'n_estimators': 492, 'max_depth': 12, 'min_samples_split': 6, 'min_samples_leaf': 1}. Best is trial 1 with value: 0.65.
[I 2025-05-26 03:41:53,422] Trial 2 finished with value: 0.5 and parameters: {'n_estimators': 207, 'max_depth': 11, 'min_samples_split': 8, 'min_samples_leaf': 9}. Best is trial 1 with value: 0.65.
[I 2025-05-26 03:41:53,713] Trial 3 finished with value: 0.5 and parameters: {'n_estimators': 252, 'max_depth': 4, 'min_samples_split': 4, 'min_samples_leaf': 10}. Best is trial 1 with value: 0.65.
[I 2025-05-26 03:41:53,973] Trial 4 finished with value: 0.65 and parameters: {'n_estimators': 185, 'max_depth': 11, 'min_samples_split': 10, 'min_samples_leaf': 1}. Best is trial 1 with value: 0.65.
[I 2025-05-26 03:41:54,364] Trial 5 finished with value: 0.6 and parameters: {'n_estimators': 340, 'max_depth': 20, 'min_samples_split': 4, 'min_samples_leaf': 6}. Best is trial 1 with value: 0.65.
[I 2025-05-26 03:41:54,912] Trial 6 finished with value: 0.5 and parameters: {'n_estimators': 464, 'max_depth': 5, 'min_samples_split': 6, 'min_samples_leaf': 8}. Best is trial 1 with value: 0.65.
[I 2025-05-26 03:41:55,382] Trial 7 finished with value: 0.65 and parameters: {'n_estimators': 368, 'max_depth': 11, 'min_samples_split': 3, 'min_samples_leaf': 5}. Best is trial 1 with value: 0.65.
[I 2025-05-26 03:41:55,712] Trial 8 finished with value: 0.5 and parameters: {'n_estimators': 249, 'max_depth': 11, 'min_samples_split': 5, 'min_samples_leaf': 9}. Best is trial 1 with value: 0.65.
[I 2025-05-26 03:41:56,180] Trial 9 finished with value: 0.6 and parameters: {'n_estimators': 408, 'max_depth': 8, 'min_samples_split': 7, 'min_samples_leaf': 3}. Best is trial 1 with value: 0.65.
[I 2025-05-26 03:41:56,749] Trial 10 finished with value: 0.65 and parameters: {'n_estimators': 479, 'max_depth': 15, 'min_samples_split': 2, 'min_samples_leaf': 1}. Best is trial 1 with value: 0.65.
[I 2025-05-26 03:41:56,981] Trial 11 finished with value: 0.65 and parameters: {'n_estimators': 124, 'max_depth': 15, 'min_samples_split': 10, 'min_samples_leaf': 1}. Best is trial 1 with value: 0.65.
[I 2025-05-26 03:41:57,245] Trial 12 finished with value: 0.7 and parameters: {'n_estimators': 180, 'max_depth': 7, 'min_samples_split': 10, 'min_samples_leaf': 3}. Best is trial 12 with value: 0.7.
[I 2025-05-26 03:41:58,305] Trial 13 finished with value: 0.7 and parameters: {'n_estimators': 302, 'max_depth': 8, 'min_samples_split': 8, 'min_samples_leaf': 3}. Best is trial 12 with value: 0.7.
[I 2025-05-26 03:41:58,734] Trial 14 finished with value: 0.65 and parameters: {'n_estimators': 291, 'max_depth': 7, 'min_samples_split': 9, 'min_samples_leaf': 4}. Best is trial 12 with value: 0.7.
[I 2025-05-26 03:41:59,118] Trial 15 finished with value: 0.65 and parameters: {'n_estimators': 310, 'max_depth': 7, 'min_samples_split': 8, 'min_samples_leaf': 3}. Best is trial 12 with value: 0.7.
[I 2025-05-26 03:41:59,333] Trial 16 finished with value: 0.7 and parameters: {'n_estimators': 170, 'max_depth': 3, 'min_samples_split': 9, 'min_samples_leaf': 3}. Best is trial 12 with value: 0.7.
[I 2025-05-26 03:41:59,658] Trial 17 finished with value: 0.6 and parameters: {'n_estimators': 250, 'max_depth': 8, 'min_samples_split': 8, 'min_samples_leaf': 6}. Best is trial 12 with value: 0.7.
[I 2025-05-26 03:42:00,115] Trial 18 finished with value: 0.65 and parameters: {'n_estimators': 398, 'max_depth': 6, 'min_samples_split': 9, 'min_samples_leaf': 4}. Best is trial 12 with value: 0.7.
[I 2025-05-26 03:42:00,492] Trial 19 finished with value: 0.65 and parameters: {'n_estimators': 291, 'max_depth': 9, 'min_samples_split': 10, 'min_samples_leaf': 2}. Best is trial 12 with value: 0.7.
[I 2025-05-26 03:42:02,890] A new study created in memory with name: svc
Parámetros guardados en checkpoint_default_Dlatent_ft_H/k-means/IPC_10/best_models_k-means_seed_7_space_original/rf_best_params.json


>>> Optuna tuning svc metodo k-means IPC 10 seed 7


[I 2025-05-26 03:42:07,253] Trial 0 finished with value: 0.45 and parameters: {'C': 0.020194502448102298, 'gamma': 0.13172711156111802}. Best is trial 0 with value: 0.45.
[I 2025-05-26 03:42:07,786] Trial 1 finished with value: 0.5 and parameters: {'C': 0.5670703311028815, 'gamma': 0.0783178418343345}. Best is trial 1 with value: 0.5.
[I 2025-05-26 03:42:07,802] Trial 2 finished with value: 0.45 and parameters: {'C': 81.65034948781698, 'gamma': 0.014255533717547383}. Best is trial 1 with value: 0.5.
[I 2025-05-26 03:42:07,815] Trial 3 finished with value: 0.4 and parameters: {'C': 1.0103732850016278, 'gamma': 0.00019418001640357854}. Best is trial 1 with value: 0.5.
[I 2025-05-26 03:42:07,828] Trial 4 finished with value: 0.45 and parameters: {'C': 0.11851025167261421, 'gamma': 0.00998918377985214}. Best is trial 1 with value: 0.5.
[I 2025-05-26 03:42:07,841] Trial 5 finished with value: 0.35 and parameters: {'C': 5.2109869371584665, 'gamma': 0.16404241128227343}. Best is trial 1 with value: 0.5.
[I 2025-05-26 03:42:07,854] Trial 6 finished with value: 0.4 and parameters: {'C': 0.3340138940215422, 'gamma': 0.00018354619576988685}. Best is trial 1 with value: 0.5.
[I 2025-05-26 03:42:07,868] Trial 7 finished with value: 0.45 and parameters: {'C': 0.1420961781588805, 'gamma': 0.434884682155233}. Best is trial 1 with value: 0.5.
[I 2025-05-26 03:42:07,881] Trial 8 finished with value: 0.45 and parameters: {'C': 0.07137422643361827, 'gamma': 0.006434219125545069}. Best is trial 1 with value: 0.5.
[I 2025-05-26 03:42:07,894] Trial 9 finished with value: 0.4 and parameters: {'C': 53.066944048916255, 'gamma': 0.00012577574840733457}. Best is trial 1 with value: 0.5.
[I 2025-05-26 03:42:07,916] Trial 10 finished with value: 0.4 and parameters: {'C': 4.042381244249598, 'gamma': 0.001366002544888146}. Best is trial 1 with value: 0.5.
[I 2025-05-26 03:42:08,797] Trial 11 finished with value: 0.5 and parameters: {'C': 0.015642134075727888, 'gamma': 0.08284739156693177}. Best is trial 1 with value: 0.5.
[I 2025-05-26 03:42:08,820] Trial 12 finished with value: 0.5 and parameters: {'C': 0.015678054478067898, 'gamma': 0.06459596103775635}. Best is trial 1 with value: 0.5.
[I 2025-05-26 03:42:09,487] Trial 13 finished with value: 0.5 and parameters: {'C': 1.2397033673926323, 'gamma': 0.7749300468564764}. Best is trial 1 with value: 0.5.
[I 2025-05-26 03:42:09,520] Trial 14 finished with value: 0.45 and parameters: {'C': 14.44842056122759, 'gamma': 0.035114104099631095}. Best is trial 1 with value: 0.5.
[I 2025-05-26 03:42:09,541] Trial 15 finished with value: 0.45 and parameters: {'C': 0.010490430222721956, 'gamma': 0.0015989705349271429}. Best is trial 1 with value: 0.5.
[I 2025-05-26 03:42:09,562] Trial 16 finished with value: 0.3 and parameters: {'C': 0.04218528141619935, 'gamma': 0.2795551861594376}. Best is trial 1 with value: 0.5.
[I 2025-05-26 03:42:09,586] Trial 17 finished with value: 0.5 and parameters: {'C': 0.3549398156725888, 'gamma': 0.03790266648002351}. Best is trial 1 with value: 0.5.
[I 2025-05-26 03:42:09,606] Trial 18 finished with value: 0.5 and parameters: {'C': 0.294572080858512, 'gamma': 0.06976957213238166}. Best is trial 1 with value: 0.5.
[I 2025-05-26 03:42:09,627] Trial 19 finished with value: 0.45 and parameters: {'C': 2.6161377981216525, 'gamma': 0.004637969709806309}. Best is trial 1 with value: 0.5.
/data/home/rtabares/anaconda3/envs/pyth3.12/lib/python3.12/site-packages/xgboost/core.py:377: FutureWarning: Your system has an old version of glibc (< 2.28). We will stop supporting Linux distros with glibc older than 2.28 after **May 31, 2025**. Please upgrade to a recent Linux distro (with glibc >= 2.28) to use future versions of XGBoost.
Note: You have installed the 'manylinux2014' variant of XGBoost. Certain features such as GPU algorithms or federated learning are not available. To use these features, please upgrade to a recent Linux distro with glibc 2.28+, and install the 'manylinux_2_28' variant.
  warnings.warn(
[I 2025-05-26 03:42:14,504] A new study created in memory with name: logreg
Parámetros guardados en checkpoint_default_Dlatent_ft_H/k-means/IPC_10/best_models_k-means_seed_7_space_original/svc_best_params.json


>>> Optuna tuning logreg metodo k-means IPC 10 seed 7


[I 2025-05-26 03:42:14,934] Trial 0 finished with value: 0.5 and parameters: {'C': 0.002407362254570802, 'penalty': 'l2'}. Best is trial 0 with value: 0.5.
[I 2025-05-26 03:42:14,969] Trial 1 finished with value: 0.55 and parameters: {'C': 7.935859334260497, 'penalty': 'l2'}. Best is trial 1 with value: 0.55.
[I 2025-05-26 03:42:14,983] Trial 2 finished with value: 0.45 and parameters: {'C': 0.15561310098067915, 'penalty': 'l2'}. Best is trial 1 with value: 0.55.
[I 2025-05-26 03:42:15,663] Trial 3 finished with value: 0.5 and parameters: {'C': 4.143104515916128, 'penalty': 'l2'}. Best is trial 1 with value: 0.55.
[I 2025-05-26 03:42:15,693] Trial 4 finished with value: 0.5 and parameters: {'C': 77.61533923098803, 'penalty': 'l2'}. Best is trial 1 with value: 0.55.
[I 2025-05-26 03:42:15,719] Trial 5 finished with value: 0.45 and parameters: {'C': 0.49258292359934785, 'penalty': 'l2'}. Best is trial 1 with value: 0.55.
[I 2025-05-26 03:42:15,743] Trial 6 finished with value: 0.45 and parameters: {'C': 0.320333470047146, 'penalty': 'l2'}. Best is trial 1 with value: 0.55.
[I 2025-05-26 03:42:15,758] Trial 7 finished with value: 0.5 and parameters: {'C': 0.002292216671132896, 'penalty': 'l2'}. Best is trial 1 with value: 0.55.
[I 2025-05-26 03:42:15,773] Trial 8 finished with value: 0.5 and parameters: {'C': 0.0219884643872214, 'penalty': 'l2'}. Best is trial 1 with value: 0.55.
[I 2025-05-26 03:42:15,786] Trial 9 finished with value: 0.45 and parameters: {'C': 0.31580027519646636, 'penalty': 'l2'}. Best is trial 1 with value: 0.55.
[I 2025-05-26 03:42:15,819] Trial 10 finished with value: 0.5 and parameters: {'C': 47.045226746887316, 'penalty': 'l2'}. Best is trial 1 with value: 0.55.
[I 2025-05-26 03:42:15,851] Trial 11 finished with value: 0.5 and parameters: {'C': 0.0016548464731937077, 'penalty': 'l2'}. Best is trial 1 with value: 0.55.
[I 2025-05-26 03:42:16,526] Trial 12 finished with value: 0.5 and parameters: {'C': 3.8533453410664578, 'penalty': 'l2'}. Best is trial 1 with value: 0.55.
[I 2025-05-26 03:42:17,230] Trial 13 finished with value: 0.5 and parameters: {'C': 4.4447623889287895, 'penalty': 'l2'}. Best is trial 1 with value: 0.55.
[I 2025-05-26 03:42:17,270] Trial 14 finished with value: 0.5 and parameters: {'C': 0.017740671507134848, 'penalty': 'l2'}. Best is trial 1 with value: 0.55.
[I 2025-05-26 03:42:17,299] Trial 15 finished with value: 0.5 and parameters: {'C': 0.011841376530993352, 'penalty': 'l2'}. Best is trial 1 with value: 0.55.
[I 2025-05-26 03:42:18,036] Trial 16 finished with value: 0.55 and parameters: {'C': 12.467114874101096, 'penalty': 'l2'}. Best is trial 1 with value: 0.55.
[I 2025-05-26 03:42:18,067] Trial 17 finished with value: 0.55 and parameters: {'C': 16.055041759231692, 'penalty': 'l2'}. Best is trial 1 with value: 0.55.
[I 2025-05-26 03:42:18,097] Trial 18 finished with value: 0.55 and parameters: {'C': 12.010513516652306, 'penalty': 'l2'}. Best is trial 1 with value: 0.55.
[I 2025-05-26 03:42:18,128] Trial 19 finished with value: 0.5 and parameters: {'C': 2.351512697264744, 'penalty': 'l2'}. Best is trial 1 with value: 0.55.
[I 2025-05-26 03:42:20,195] A new study created in memory with name: mlp
/data/home/rtabares/anaconda3/envs/pyth3.12/lib/python3.12/site-packages/sklearn/neural_network/_multilayer_perceptron.py:691: ConvergenceWarning: Stochastic Optimizer: Maximum iterations (100) reached and the optimization hasn't converged yet.
  warnings.warn(
/data/home/rtabares/anaconda3/envs/pyth3.12/lib/python3.12/site-packages/sklearn/neural_network/_multilayer_perceptron.py:691: ConvergenceWarning: Stochastic Optimizer: Maximum iterations (100) reached and the optimization hasn't converged yet.
  warnings.warn(
/data/home/rtabares/anaconda3/envs/pyth3.12/lib/python3.12/site-packages/sklearn/neural_network/_multilayer_perceptron.py:691: ConvergenceWarning: Stochastic Optimizer: Maximum iterations (100) reached and the optimization hasn't converged yet.
  warnings.warn(
/data/home/rtabares/anaconda3/envs/pyth3.12/lib/python3.12/site-packages/sklearn/neural_network/_multilayer_perceptron.py:691: ConvergenceWarning: Stochastic Optimizer: Maximum iterations (100) reached and the optimization hasn't converged yet.
  warnings.warn(
/data/home/rtabares/anaconda3/envs/pyth3.12/lib/python3.12/site-packages/sklearn/neural_network/_multilayer_perceptron.py:691: ConvergenceWarning: Stochastic Optimizer: Maximum iterations (100) reached and the optimization hasn't converged yet.
  warnings.warn(
[I 2025-05-26 03:42:20,934] Trial 0 finished with value: 0.3 and parameters: {'hidden_layer_sizes': (200,), 'max_iter': 100, 'alpha': 0.0001}. Best is trial 0 with value: 0.3.
Parámetros guardados en checkpoint_default_Dlatent_ft_H/k-means/IPC_10/best_models_k-means_seed_7_space_original/logreg_best_params.json


>>> Optuna tuning mlp metodo k-means IPC 10 seed 7


/data/home/rtabares/anaconda3/envs/pyth3.12/lib/python3.12/site-packages/sklearn/neural_network/_multilayer_perceptron.py:691: ConvergenceWarning: Stochastic Optimizer: Maximum iterations (100) reached and the optimization hasn't converged yet.
  warnings.warn(
/data/home/rtabares/anaconda3/envs/pyth3.12/lib/python3.12/site-packages/sklearn/neural_network/_multilayer_perceptron.py:691: ConvergenceWarning: Stochastic Optimizer: Maximum iterations (100) reached and the optimization hasn't converged yet.
  warnings.warn(
/data/home/rtabares/anaconda3/envs/pyth3.12/lib/python3.12/site-packages/sklearn/neural_network/_multilayer_perceptron.py:691: ConvergenceWarning: Stochastic Optimizer: Maximum iterations (100) reached and the optimization hasn't converged yet.
  warnings.warn(
/data/home/rtabares/anaconda3/envs/pyth3.12/lib/python3.12/site-packages/sklearn/neural_network/_multilayer_perceptron.py:691: ConvergenceWarning: Stochastic Optimizer: Maximum iterations (100) reached and the optimization hasn't converged yet.
  warnings.warn(
/data/home/rtabares/anaconda3/envs/pyth3.12/lib/python3.12/site-packages/sklearn/neural_network/_multilayer_perceptron.py:691: ConvergenceWarning: Stochastic Optimizer: Maximum iterations (100) reached and the optimization hasn't converged yet.
  warnings.warn(
[I 2025-05-26 03:42:23,126] Trial 1 finished with value: 0.3 and parameters: {'hidden_layer_sizes': (100, 100), 'max_iter': 100, 'alpha': 0.0001}. Best is trial 0 with value: 0.3.
/data/home/rtabares/anaconda3/envs/pyth3.12/lib/python3.12/site-packages/sklearn/neural_network/_multilayer_perceptron.py:691: ConvergenceWarning: Stochastic Optimizer: Maximum iterations (100) reached and the optimization hasn't converged yet.
  warnings.warn(
/data/home/rtabares/anaconda3/envs/pyth3.12/lib/python3.12/site-packages/sklearn/neural_network/_multilayer_perceptron.py:691: ConvergenceWarning: Stochastic Optimizer: Maximum iterations (100) reached and the optimization hasn't converged yet.
  warnings.warn(
/data/home/rtabares/anaconda3/envs/pyth3.12/lib/python3.12/site-packages/sklearn/neural_network/_multilayer_perceptron.py:691: ConvergenceWarning: Stochastic Optimizer: Maximum iterations (100) reached and the optimization hasn't converged yet.
  warnings.warn(
/data/home/rtabares/anaconda3/envs/pyth3.12/lib/python3.12/site-packages/sklearn/neural_network/_multilayer_perceptron.py:691: ConvergenceWarning: Stochastic Optimizer: Maximum iterations (100) reached and the optimization hasn't converged yet.
  warnings.warn(
/data/home/rtabares/anaconda3/envs/pyth3.12/lib/python3.12/site-packages/sklearn/neural_network/_multilayer_perceptron.py:691: ConvergenceWarning: Stochastic Optimizer: Maximum iterations (100) reached and the optimization hasn't converged yet.
  warnings.warn(
[I 2025-05-26 03:42:23,413] Trial 2 finished with value: 0.3 and parameters: {'hidden_layer_sizes': (200,), 'max_iter': 100, 'alpha': 0.001}. Best is trial 0 with value: 0.3.
/data/home/rtabares/anaconda3/envs/pyth3.12/lib/python3.12/site-packages/sklearn/neural_network/_multilayer_perceptron.py:691: ConvergenceWarning: Stochastic Optimizer: Maximum iterations (50) reached and the optimization hasn't converged yet.
  warnings.warn(
/data/home/rtabares/anaconda3/envs/pyth3.12/lib/python3.12/site-packages/sklearn/neural_network/_multilayer_perceptron.py:691: ConvergenceWarning: Stochastic Optimizer: Maximum iterations (50) reached and the optimization hasn't converged yet.
  warnings.warn(
/data/home/rtabares/anaconda3/envs/pyth3.12/lib/python3.12/site-packages/sklearn/neural_network/_multilayer_perceptron.py:691: ConvergenceWarning: Stochastic Optimizer: Maximum iterations (50) reached and the optimization hasn't converged yet.
  warnings.warn(
[I 2025-05-26 03:42:23,463] Trial 3 finished with value: 0.4 and parameters: {'hidden_layer_sizes': (100,), 'max_iter': 50, 'alpha': 0.001}. Best is trial 3 with value: 0.4.
/data/home/rtabares/anaconda3/envs/pyth3.12/lib/python3.12/site-packages/sklearn/neural_network/_multilayer_perceptron.py:691: ConvergenceWarning: Stochastic Optimizer: Maximum iterations (50) reached and the optimization hasn't converged yet.
  warnings.warn(
/data/home/rtabares/anaconda3/envs/pyth3.12/lib/python3.12/site-packages/sklearn/neural_network/_multilayer_perceptron.py:691: ConvergenceWarning: Stochastic Optimizer: Maximum iterations (50) reached and the optimization hasn't converged yet.
  warnings.warn(
/data/home/rtabares/anaconda3/envs/pyth3.12/lib/python3.12/site-packages/sklearn/neural_network/_multilayer_perceptron.py:691: ConvergenceWarning: Stochastic Optimizer: Maximum iterations (50) reached and the optimization hasn't converged yet.
  warnings.warn(
