[I 2025-05-18 17:57:01,058] Trial 4 finished with value: 0.575 and parameters: {'n_estimators': 460, 'max_depth': 15, 'min_samples_split': 6, 'min_samples_leaf': 8}. Best is trial 4 with value: 0.575.
[I 2025-05-18 17:57:01,454] Trial 5 finished with value: 0.5333333333333333 and parameters: {'n_estimators': 254, 'max_depth': 15, 'min_samples_split': 9, 'min_samples_leaf': 5}. Best is trial 4 with value: 0.575.
[I 2025-05-18 17:57:02,152] Trial 6 finished with value: 0.5416666666666666 and parameters: {'n_estimators': 477, 'max_depth': 17, 'min_samples_split': 10, 'min_samples_leaf': 2}. Best is trial 4 with value: 0.575.
[I 2025-05-18 17:57:02,582] Trial 7 finished with value: 0.5499999999999999 and parameters: {'n_estimators': 308, 'max_depth': 20, 'min_samples_split': 7, 'min_samples_leaf': 9}. Best is trial 4 with value: 0.575.
[I 2025-05-18 17:57:03,202] Trial 8 finished with value: 0.5833333333333333 and parameters: {'n_estimators': 489, 'max_depth': 6, 'min_samples_split': 4, 'min_samples_leaf': 9}. Best is trial 8 with value: 0.5833333333333333.
[I 2025-05-18 17:57:03,842] Trial 9 finished with value: 0.55 and parameters: {'n_estimators': 463, 'max_depth': 16, 'min_samples_split': 5, 'min_samples_leaf': 5}. Best is trial 8 with value: 0.5833333333333333.
[I 2025-05-18 17:57:07,465] A new study created in memory with name: svc
Parámetros guardados en checkpoint_shoppers_Dlatent_F/random/IPC_17/best_models_random_seed_9_space_original/rf_best_params.json


>>> Optuna tuning svc metodo random IPC 17 seed 9


[I 2025-05-18 17:57:10,130] Trial 0 finished with value: 0.4666666666666667 and parameters: {'C': 0.011002632709098882, 'gamma': 0.010174155443038872}. Best is trial 0 with value: 0.4666666666666667.
[I 2025-05-18 17:57:10,243] Trial 1 finished with value: 0.5 and parameters: {'C': 0.9618186025955839, 'gamma': 0.00034301895208247704}. Best is trial 1 with value: 0.5.
[I 2025-05-18 17:57:11,860] Trial 2 finished with value: 0.5 and parameters: {'C': 0.03702067575132929, 'gamma': 0.0007485739374074099}. Best is trial 1 with value: 0.5.
[I 2025-05-18 17:57:13,555] Trial 3 finished with value: 0.5 and parameters: {'C': 0.47209861032825945, 'gamma': 0.0009826631576890102}. Best is trial 1 with value: 0.5.
[I 2025-05-18 17:57:13,585] Trial 4 finished with value: 0.5 and parameters: {'C': 0.021688953850108893, 'gamma': 0.0024098752433673273}. Best is trial 1 with value: 0.5.
[I 2025-05-18 17:57:13,600] Trial 5 finished with value: 0.5 and parameters: {'C': 0.04646280084231645, 'gamma': 0.3267656089424253}. Best is trial 1 with value: 0.5.
[I 2025-05-18 17:57:13,625] Trial 6 finished with value: 0.4583333333333333 and parameters: {'C': 63.65845976154302, 'gamma': 0.00014288725836502733}. Best is trial 1 with value: 0.5.
[I 2025-05-18 17:57:13,639] Trial 7 finished with value: 0.575 and parameters: {'C': 6.257913640897913, 'gamma': 0.01954516145303057}. Best is trial 7 with value: 0.575.
[I 2025-05-18 17:57:13,653] Trial 8 finished with value: 0.6083333333333333 and parameters: {'C': 39.08665206604184, 'gamma': 0.04651530700450706}. Best is trial 8 with value: 0.6083333333333333.
[I 2025-05-18 17:57:13,666] Trial 9 finished with value: 0.5416666666666667 and parameters: {'C': 1.553642640603634, 'gamma': 0.06452227863024562}. Best is trial 8 with value: 0.6083333333333333.
[I 2025-05-18 17:57:22,295] A new study created in memory with name: logreg
Parámetros guardados en checkpoint_shoppers_Dlatent_F/random/IPC_17/best_models_random_seed_9_space_original/svc_best_params.json


>>> Optuna tuning logreg metodo random IPC 17 seed 9


[I 2025-05-18 17:57:23,356] Trial 0 finished with value: 0.4666666666666667 and parameters: {'C': 0.0011268620922535318, 'penalty': 'l2'}. Best is trial 0 with value: 0.4666666666666667.
[I 2025-05-18 17:57:24,474] Trial 1 finished with value: 0.5166666666666667 and parameters: {'C': 0.32312678588710475, 'penalty': 'l2'}. Best is trial 1 with value: 0.5166666666666667.
[I 2025-05-18 17:57:24,499] Trial 2 finished with value: 0.5166666666666667 and parameters: {'C': 0.3012079745112611, 'penalty': 'l2'}. Best is trial 1 with value: 0.5166666666666667.
[I 2025-05-18 17:57:24,531] Trial 3 finished with value: 0.4916666666666667 and parameters: {'C': 0.004668180550042529, 'penalty': 'l2'}. Best is trial 1 with value: 0.5166666666666667.
[I 2025-05-18 17:57:25,508] Trial 4 finished with value: 0.4916666666666667 and parameters: {'C': 0.005135177115384908, 'penalty': 'l2'}. Best is trial 1 with value: 0.5166666666666667.
