[I 2025-05-18 17:39:49,579] Trial 1 finished with value: 0.55 and parameters: {'n_estimators': 100, 'max_depth': 5, 'gamma': 0.9186341749476523, 'subsample': 0.6066926767899578, 'colsample_bytree': 0.7260619809088416}. Best is trial 0 with value: 0.65.
/data/home/rtabares/anaconda3/envs/pyth3.12/lib/python3.12/site-packages/xgboost/core.py:377: FutureWarning: Your system has an old version of glibc (< 2.28). We will stop supporting Linux distros with glibc older than 2.28 after **May 31, 2025**. Please upgrade to a recent Linux distro (with glibc >= 2.28) to use future versions of XGBoost.
Note: You have installed the 'manylinux2014' variant of XGBoost. Certain features such as GPU algorithms or federated learning are not available. To use these features, please upgrade to a recent Linux distro with glibc 2.28+, and install the 'manylinux_2_28' variant.
  warnings.warn(
[I 2025-05-18 17:39:50,866] Trial 2 finished with value: 0.6 and parameters: {'n_estimators': 10, 'max_depth': 5, 'gamma': 0.9182155373980582, 'subsample': 0.566584722879625, 'colsample_bytree': 0.761706290336883}. Best is trial 0 with value: 0.65.
/data/home/rtabares/anaconda3/envs/pyth3.12/lib/python3.12/site-packages/xgboost/core.py:377: FutureWarning: Your system has an old version of glibc (< 2.28). We will stop supporting Linux distros with glibc older than 2.28 after **May 31, 2025**. Please upgrade to a recent Linux distro (with glibc >= 2.28) to use future versions of XGBoost.
Note: You have installed the 'manylinux2014' variant of XGBoost. Certain features such as GPU algorithms or federated learning are not available. To use these features, please upgrade to a recent Linux distro with glibc 2.28+, and install the 'manylinux_2_28' variant.
  warnings.warn(
/data/home/rtabares/anaconda3/envs/pyth3.12/lib/python3.12/site-packages/xgboost/core.py:377: FutureWarning: Your system has an old version of glibc (< 2.28). We will stop supporting Linux distros with glibc older than 2.28 after **May 31, 2025**. Please upgrade to a recent Linux distro (with glibc >= 2.28) to use future versions of XGBoost.
Note: You have installed the 'manylinux2014' variant of XGBoost. Certain features such as GPU algorithms or federated learning are not available. To use these features, please upgrade to a recent Linux distro with glibc 2.28+, and install the 'manylinux_2_28' variant.
  warnings.warn(
/data/home/rtabares/anaconda3/envs/pyth3.12/lib/python3.12/site-packages/xgboost/core.py:377: FutureWarning: Your system has an old version of glibc (< 2.28). We will stop supporting Linux distros with glibc older than 2.28 after **May 31, 2025**. Please upgrade to a recent Linux distro (with glibc >= 2.28) to use future versions of XGBoost.
Note: You have installed the 'manylinux2014' variant of XGBoost. Certain features such as GPU algorithms or federated learning are not available. To use these features, please upgrade to a recent Linux distro with glibc 2.28+, and install the 'manylinux_2_28' variant.
  warnings.warn(
[I 2025-05-18 17:39:52,708] Trial 3 finished with value: 0.6 and parameters: {'n_estimators': 10, 'max_depth': 20, 'gamma': 0.5296610393664296, 'subsample': 0.6829451928902965, 'colsample_bytree': 0.9189589971546304}. Best is trial 0 with value: 0.65.
/data/home/rtabares/anaconda3/envs/pyth3.12/lib/python3.12/site-packages/xgboost/core.py:377: FutureWarning: Your system has an old version of glibc (< 2.28). We will stop supporting Linux distros with glibc older than 2.28 after **May 31, 2025**. Please upgrade to a recent Linux distro (with glibc >= 2.28) to use future versions of XGBoost.
Note: You have installed the 'manylinux2014' variant of XGBoost. Certain features such as GPU algorithms or federated learning are not available. To use these features, please upgrade to a recent Linux distro with glibc 2.28+, and install the 'manylinux_2_28' variant.
  warnings.warn(
/data/home/rtabares/anaconda3/envs/pyth3.12/lib/python3.12/site-packages/xgboost/core.py:377: FutureWarning: Your system has an old version of glibc (< 2.28). We will stop supporting Linux distros with glibc older than 2.28 after **May 31, 2025**. Please upgrade to a recent Linux distro (with glibc >= 2.28) to use future versions of XGBoost.
Note: You have installed the 'manylinux2014' variant of XGBoost. Certain features such as GPU algorithms or federated learning are not available. To use these features, please upgrade to a recent Linux distro with glibc 2.28+, and install the 'manylinux_2_28' variant.
  warnings.warn(
[I 2025-05-18 17:39:52,809] Trial 4 finished with value: 0.55 and parameters: {'n_estimators': 10, 'max_depth': 20, 'gamma': 0.6916595165017824, 'subsample': 0.6851755414940176, 'colsample_bytree': 0.7295464889457157}. Best is trial 0 with value: 0.65.
/data/home/rtabares/anaconda3/envs/pyth3.12/lib/python3.12/site-packages/xgboost/core.py:377: FutureWarning: Your system has an old version of glibc (< 2.28). We will stop supporting Linux distros with glibc older than 2.28 after **May 31, 2025**. Please upgrade to a recent Linux distro (with glibc >= 2.28) to use future versions of XGBoost.
Note: You have installed the 'manylinux2014' variant of XGBoost. Certain features such as GPU algorithms or federated learning are not available. To use these features, please upgrade to a recent Linux distro with glibc 2.28+, and install the 'manylinux_2_28' variant.
  warnings.warn(
/data/home/rtabares/anaconda3/envs/pyth3.12/lib/python3.12/site-packages/xgboost/core.py:377: FutureWarning: Your system has an old version of glibc (< 2.28). We will stop supporting Linux distros with glibc older than 2.28 after **May 31, 2025**. Please upgrade to a recent Linux distro (with glibc >= 2.28) to use future versions of XGBoost.
Note: You have installed the 'manylinux2014' variant of XGBoost. Certain features such as GPU algorithms or federated learning are not available. To use these features, please upgrade to a recent Linux distro with glibc 2.28+, and install the 'manylinux_2_28' variant.
  warnings.warn(
[I 2025-05-18 17:39:52,919] Trial 5 finished with value: 0.45 and parameters: {'n_estimators': 100, 'max_depth': 20, 'gamma': 0.48380821541644814, 'subsample': 0.8171899343169193, 'colsample_bytree': 0.7614531005141727}. Best is trial 0 with value: 0.65.
/data/home/rtabares/anaconda3/envs/pyth3.12/lib/python3.12/site-packages/xgboost/core.py:377: FutureWarning: Your system has an old version of glibc (< 2.28). We will stop supporting Linux distros with glibc older than 2.28 after **May 31, 2025**. Please upgrade to a recent Linux distro (with glibc >= 2.28) to use future versions of XGBoost.
Note: You have installed the 'manylinux2014' variant of XGBoost. Certain features such as GPU algorithms or federated learning are not available. To use these features, please upgrade to a recent Linux distro with glibc 2.28+, and install the 'manylinux_2_28' variant.
  warnings.warn(
/data/home/rtabares/anaconda3/envs/pyth3.12/lib/python3.12/site-packages/xgboost/core.py:377: FutureWarning: Your system has an old version of glibc (< 2.28). We will stop supporting Linux distros with glibc older than 2.28 after **May 31, 2025**. Please upgrade to a recent Linux distro (with glibc >= 2.28) to use future versions of XGBoost.
Note: You have installed the 'manylinux2014' variant of XGBoost. Certain features such as GPU algorithms or federated learning are not available. To use these features, please upgrade to a recent Linux distro with glibc 2.28+, and install the 'manylinux_2_28' variant.
  warnings.warn(
/data/home/rtabares/anaconda3/envs/pyth3.12/lib/python3.12/site-packages/xgboost/core.py:377: FutureWarning: Your system has an old version of glibc (< 2.28). We will stop supporting Linux distros with glibc older than 2.28 after **May 31, 2025**. Please upgrade to a recent Linux distro (with glibc >= 2.28) to use future versions of XGBoost.
Note: You have installed the 'manylinux2014' variant of XGBoost. Certain features such as GPU algorithms or federated learning are not available. To use these features, please upgrade to a recent Linux distro with glibc 2.28+, and install the 'manylinux_2_28' variant.
  warnings.warn(
/data/home/rtabares/anaconda3/envs/pyth3.12/lib/python3.12/site-packages/xgboost/core.py:377: FutureWarning: Your system has an old version of glibc (< 2.28). We will stop supporting Linux distros with glibc older than 2.28 after **May 31, 2025**. Please upgrade to a recent Linux distro (with glibc >= 2.28) to use future versions of XGBoost.
Note: You have installed the 'manylinux2014' variant of XGBoost. Certain features such as GPU algorithms or federated learning are not available. To use these features, please upgrade to a recent Linux distro with glibc 2.28+, and install the 'manylinux_2_28' variant.
  warnings.warn(
[I 2025-05-18 17:39:53,008] Trial 6 finished with value: 0.45 and parameters: {'n_estimators': 10, 'max_depth': 5, 'gamma': 0.9599214907026333, 'subsample': 0.8414569271877088, 'colsample_bytree': 0.5265643453364788}. Best is trial 0 with value: 0.65.
/data/home/rtabares/anaconda3/envs/pyth3.12/lib/python3.12/site-packages/xgboost/core.py:377: FutureWarning: Your system has an old version of glibc (< 2.28). We will stop supporting Linux distros with glibc older than 2.28 after **May 31, 2025**. Please upgrade to a recent Linux distro (with glibc >= 2.28) to use future versions of XGBoost.
Note: You have installed the 'manylinux2014' variant of XGBoost. Certain features such as GPU algorithms or federated learning are not available. To use these features, please upgrade to a recent Linux distro with glibc 2.28+, and install the 'manylinux_2_28' variant.
  warnings.warn(
/data/home/rtabares/anaconda3/envs/pyth3.12/lib/python3.12/site-packages/xgboost/core.py:377: FutureWarning: Your system has an old version of glibc (< 2.28). We will stop supporting Linux distros with glibc older than 2.28 after **May 31, 2025**. Please upgrade to a recent Linux distro (with glibc >= 2.28) to use future versions of XGBoost.
Note: You have installed the 'manylinux2014' variant of XGBoost. Certain features such as GPU algorithms or federated learning are not available. To use these features, please upgrade to a recent Linux distro with glibc 2.28+, and install the 'manylinux_2_28' variant.
  warnings.warn(
[I 2025-05-18 17:39:53,099] Trial 7 finished with value: 0.45 and parameters: {'n_estimators': 40, 'max_depth': 5, 'gamma': 0.5250915966595621, 'subsample': 0.9207383574491986, 'colsample_bytree': 0.565555321173957}. Best is trial 0 with value: 0.65.
/data/home/rtabares/anaconda3/envs/pyth3.12/lib/python3.12/site-packages/xgboost/core.py:377: FutureWarning: Your system has an old version of glibc (< 2.28). We will stop supporting Linux distros with glibc older than 2.28 after **May 31, 2025**. Please upgrade to a recent Linux distro (with glibc >= 2.28) to use future versions of XGBoost.
Note: You have installed the 'manylinux2014' variant of XGBoost. Certain features such as GPU algorithms or federated learning are not available. To use these features, please upgrade to a recent Linux distro with glibc 2.28+, and install the 'manylinux_2_28' variant.
  warnings.warn(
[I 2025-05-18 17:39:53,202] Trial 8 finished with value: 0.45 and parameters: {'n_estimators': 100, 'max_depth': 5, 'gamma': 0.3919835527051987, 'subsample': 0.6502094521590198, 'colsample_bytree': 0.5827507002328938}. Best is trial 0 with value: 0.65.
/data/home/rtabares/anaconda3/envs/pyth3.12/lib/python3.12/site-packages/xgboost/core.py:377: FutureWarning: Your system has an old version of glibc (< 2.28). We will stop supporting Linux distros with glibc older than 2.28 after **May 31, 2025**. Please upgrade to a recent Linux distro (with glibc >= 2.28) to use future versions of XGBoost.
Note: You have installed the 'manylinux2014' variant of XGBoost. Certain features such as GPU algorithms or federated learning are not available. To use these features, please upgrade to a recent Linux distro with glibc 2.28+, and install the 'manylinux_2_28' variant.
  warnings.warn(
/data/home/rtabares/anaconda3/envs/pyth3.12/lib/python3.12/site-packages/xgboost/core.py:377: FutureWarning: Your system has an old version of glibc (< 2.28). We will stop supporting Linux distros with glibc older than 2.28 after **May 31, 2025**. Please upgrade to a recent Linux distro (with glibc >= 2.28) to use future versions of XGBoost.
Note: You have installed the 'manylinux2014' variant of XGBoost. Certain features such as GPU algorithms or federated learning are not available. To use these features, please upgrade to a recent Linux distro with glibc 2.28+, and install the 'manylinux_2_28' variant.
  warnings.warn(
/data/home/rtabares/anaconda3/envs/pyth3.12/lib/python3.12/site-packages/xgboost/core.py:377: FutureWarning: Your system has an old version of glibc (< 2.28). We will stop supporting Linux distros with glibc older than 2.28 after **May 31, 2025**. Please upgrade to a recent Linux distro (with glibc >= 2.28) to use future versions of XGBoost.
Note: You have installed the 'manylinux2014' variant of XGBoost. Certain features such as GPU algorithms or federated learning are not available. To use these features, please upgrade to a recent Linux distro with glibc 2.28+, and install the 'manylinux_2_28' variant.
  warnings.warn(
/data/home/rtabares/anaconda3/envs/pyth3.12/lib/python3.12/site-packages/xgboost/core.py:377: FutureWarning: Your system has an old version of glibc (< 2.28). We will stop supporting Linux distros with glibc older than 2.28 after **May 31, 2025**. Please upgrade to a recent Linux distro (with glibc >= 2.28) to use future versions of XGBoost.
Note: You have installed the 'manylinux2014' variant of XGBoost. Certain features such as GPU algorithms or federated learning are not available. To use these features, please upgrade to a recent Linux distro with glibc 2.28+, and install the 'manylinux_2_28' variant.
  warnings.warn(
[I 2025-05-18 17:39:53,330] Trial 9 finished with value: 0.6 and parameters: {'n_estimators': 100, 'max_depth': 5, 'gamma': 0.8003922413895069, 'subsample': 0.9436444759263674, 'colsample_bytree': 0.8374593849333938}. Best is trial 0 with value: 0.65.
/data/home/rtabares/anaconda3/envs/pyth3.12/lib/python3.12/site-packages/xgboost/core.py:377: FutureWarning: Your system has an old version of glibc (< 2.28). We will stop supporting Linux distros with glibc older than 2.28 after **May 31, 2025**. Please upgrade to a recent Linux distro (with glibc >= 2.28) to use future versions of XGBoost.
Note: You have installed the 'manylinux2014' variant of XGBoost. Certain features such as GPU algorithms or federated learning are not available. To use these features, please upgrade to a recent Linux distro with glibc 2.28+, and install the 'manylinux_2_28' variant.
  warnings.warn(
/data/home/rtabares/anaconda3/envs/pyth3.12/lib/python3.12/site-packages/xgboost/core.py:377: FutureWarning: Your system has an old version of glibc (< 2.28). We will stop supporting Linux distros with glibc older than 2.28 after **May 31, 2025**. Please upgrade to a recent Linux distro (with glibc >= 2.28) to use future versions of XGBoost.
Note: You have installed the 'manylinux2014' variant of XGBoost. Certain features such as GPU algorithms or federated learning are not available. To use these features, please upgrade to a recent Linux distro with glibc 2.28+, and install the 'manylinux_2_28' variant.
  warnings.warn(
/data/home/rtabares/anaconda3/envs/pyth3.12/lib/python3.12/site-packages/xgboost/core.py:377: FutureWarning: Your system has an old version of glibc (< 2.28). We will stop supporting Linux distros with glibc older than 2.28 after **May 31, 2025**. Please upgrade to a recent Linux distro (with glibc >= 2.28) to use future versions of XGBoost.
Note: You have installed the 'manylinux2014' variant of XGBoost. Certain features such as GPU algorithms or federated learning are not available. To use these features, please upgrade to a recent Linux distro with glibc 2.28+, and install the 'manylinux_2_28' variant.
  warnings.warn(
/data/home/rtabares/anaconda3/envs/pyth3.12/lib/python3.12/site-packages/xgboost/core.py:377: FutureWarning: Your system has an old version of glibc (< 2.28). We will stop supporting Linux distros with glibc older than 2.28 after **May 31, 2025**. Please upgrade to a recent Linux distro (with glibc >= 2.28) to use future versions of XGBoost.
Note: You have installed the 'manylinux2014' variant of XGBoost. Certain features such as GPU algorithms or federated learning are not available. To use these features, please upgrade to a recent Linux distro with glibc 2.28+, and install the 'manylinux_2_28' variant.
  warnings.warn(
[I 2025-05-18 17:40:32,924] A new study created in memory with name: rf
Parámetros guardados en checkpoint_shoppers_Dlatent_ft_F/craig/IPC_17/best_models_craig_seed_7_space_latent/xgb_best_params.json


>>> Optuna tuning rf metodo craig IPC 17 seed 7


[I 2025-05-18 17:40:35,426] Trial 0 finished with value: 0.5 and parameters: {'n_estimators': 130, 'max_depth': 17, 'min_samples_split': 5, 'min_samples_leaf': 8}. Best is trial 0 with value: 0.5.
[I 2025-05-18 17:40:38,784] Trial 1 finished with value: 0.45 and parameters: {'n_estimators': 492, 'max_depth': 12, 'min_samples_split': 6, 'min_samples_leaf': 1}. Best is trial 0 with value: 0.5.
[I 2025-05-18 17:40:40,529] Trial 2 finished with value: 0.5 and parameters: {'n_estimators': 207, 'max_depth': 11, 'min_samples_split': 8, 'min_samples_leaf': 9}. Best is trial 0 with value: 0.5.
[I 2025-05-18 17:40:43,123] Trial 3 finished with value: 0.5 and parameters: {'n_estimators': 252, 'max_depth': 4, 'min_samples_split': 4, 'min_samples_leaf': 10}. Best is trial 0 with value: 0.5.
[I 2025-05-18 17:40:43,883] Trial 4 finished with value: 0.4 and parameters: {'n_estimators': 185, 'max_depth': 11, 'min_samples_split': 10, 'min_samples_leaf': 1}. Best is trial 0 with value: 0.5.
[I 2025-05-18 17:40:45,039] Trial 5 finished with value: 0.55 and parameters: {'n_estimators': 340, 'max_depth': 20, 'min_samples_split': 4, 'min_samples_leaf': 6}. Best is trial 5 with value: 0.55.
[I 2025-05-18 17:40:46,497] Trial 6 finished with value: 0.5 and parameters: {'n_estimators': 464, 'max_depth': 5, 'min_samples_split': 6, 'min_samples_leaf': 8}. Best is trial 5 with value: 0.55.
[I 2025-05-18 17:40:47,679] Trial 7 finished with value: 0.4 and parameters: {'n_estimators': 368, 'max_depth': 11, 'min_samples_split': 3, 'min_samples_leaf': 5}. Best is trial 5 with value: 0.55.
[I 2025-05-18 17:40:48,415] Trial 8 finished with value: 0.5 and parameters: {'n_estimators': 249, 'max_depth': 11, 'min_samples_split': 5, 'min_samples_leaf': 9}. Best is trial 5 with value: 0.55.
[I 2025-05-18 17:40:49,827] Trial 9 finished with value: 0.45 and parameters: {'n_estimators': 408, 'max_depth': 8, 'min_samples_split': 7, 'min_samples_leaf': 3}. Best is trial 5 with value: 0.55.
[I 2025-05-18 17:40:58,708] A new study created in memory with name: svc
Parámetros guardados en checkpoint_shoppers_Dlatent_ft_F/craig/IPC_17/best_models_craig_seed_7_space_latent/rf_best_params.json


>>> Optuna tuning svc metodo craig IPC 17 seed 7


[I 2025-05-18 17:41:00,498] Trial 0 finished with value: 0.5 and parameters: {'C': 0.020194502448102298, 'gamma': 0.13172711156111802}. Best is trial 0 with value: 0.5.
[I 2025-05-18 17:41:02,021] Trial 1 finished with value: 0.5 and parameters: {'C': 0.5670703311028815, 'gamma': 0.0783178418343345}. Best is trial 0 with value: 0.5.
[I 2025-05-18 17:41:02,036] Trial 2 finished with value: 0.45 and parameters: {'C': 81.65034948781698, 'gamma': 0.014255533717547383}. Best is trial 0 with value: 0.5.
[I 2025-05-18 17:41:02,051] Trial 3 finished with value: 0.5 and parameters: {'C': 1.0103732850016278, 'gamma': 0.00019418001640357854}. Best is trial 0 with value: 0.5.
[I 2025-05-18 17:41:02,068] Trial 4 finished with value: 0.5 and parameters: {'C': 0.11851025167261421, 'gamma': 0.00998918377985214}. Best is trial 0 with value: 0.5.
[I 2025-05-18 17:41:02,082] Trial 5 finished with value: 0.5 and parameters: {'C': 5.2109869371584665, 'gamma': 0.16404241128227343}. Best is trial 0 with value: 0.5.
[I 2025-05-18 17:41:02,101] Trial 6 finished with value: 0.5 and parameters: {'C': 0.3340138940215422, 'gamma': 0.00018354619576988685}. Best is trial 0 with value: 0.5.
[I 2025-05-18 17:41:02,123] Trial 7 finished with value: 0.5 and parameters: {'C': 0.1420961781588805, 'gamma': 0.434884682155233}. Best is trial 0 with value: 0.5.
[I 2025-05-18 17:41:02,139] Trial 8 finished with value: 0.5 and parameters: {'C': 0.07137422643361827, 'gamma': 0.006434219125545069}. Best is trial 0 with value: 0.5.
[I 2025-05-18 17:41:02,154] Trial 9 finished with value: 0.5 and parameters: {'C': 53.066944048916255, 'gamma': 0.00012577574840733457}. Best is trial 0 with value: 0.5.
[I 2025-05-18 17:41:10,909] A new study created in memory with name: logreg
Parámetros guardados en checkpoint_shoppers_Dlatent_ft_F/craig/IPC_17/best_models_craig_seed_7_space_latent/svc_best_params.json


>>> Optuna tuning logreg metodo craig IPC 17 seed 7


[I 2025-05-18 17:41:12,094] Trial 0 finished with value: 0.5 and parameters: {'C': 0.002407362254570802, 'penalty': 'l2'}. Best is trial 0 with value: 0.5.
[I 2025-05-18 17:41:13,350] Trial 1 finished with value: 0.4 and parameters: {'C': 7.935859334260497, 'penalty': 'l2'}. Best is trial 0 with value: 0.5.
[I 2025-05-18 17:41:13,376] Trial 2 finished with value: 0.4 and parameters: {'C': 0.15561310098067915, 'penalty': 'l2'}. Best is trial 0 with value: 0.5.
[I 2025-05-18 17:41:13,399] Trial 3 finished with value: 0.4 and parameters: {'C': 4.143104515916128, 'penalty': 'l2'}. Best is trial 0 with value: 0.5.
[I 2025-05-18 17:41:13,417] Trial 4 finished with value: 0.35 and parameters: {'C': 77.61533923098803, 'penalty': 'l2'}. Best is trial 0 with value: 0.5.
