[I 2025-05-18 17:22:25,497] Trial 9 finished with value: 0.975 and parameters: {'n_estimators': 40, 'max_depth': 30, 'gamma': 0.8599846034069103, 'subsample': 0.8019332783535529, 'colsample_bytree': 0.7936068454878676}. Best is trial 5 with value: 1.0.
/data/home/rtabares/anaconda3/envs/pyth3.12/lib/python3.12/site-packages/xgboost/core.py:377: FutureWarning: Your system has an old version of glibc (< 2.28). We will stop supporting Linux distros with glibc older than 2.28 after **May 31, 2025**. Please upgrade to a recent Linux distro (with glibc >= 2.28) to use future versions of XGBoost.
Note: You have installed the 'manylinux2014' variant of XGBoost. Certain features such as GPU algorithms or federated learning are not available. To use these features, please upgrade to a recent Linux distro with glibc 2.28+, and install the 'manylinux_2_28' variant.
  warnings.warn(
/data/home/rtabares/anaconda3/envs/pyth3.12/lib/python3.12/site-packages/xgboost/core.py:377: FutureWarning: Your system has an old version of glibc (< 2.28). We will stop supporting Linux distros with glibc older than 2.28 after **May 31, 2025**. Please upgrade to a recent Linux distro (with glibc >= 2.28) to use future versions of XGBoost.
Note: You have installed the 'manylinux2014' variant of XGBoost. Certain features such as GPU algorithms or federated learning are not available. To use these features, please upgrade to a recent Linux distro with glibc 2.28+, and install the 'manylinux_2_28' variant.
  warnings.warn(
[I 2025-05-18 17:22:29,643] A new study created in memory with name: rf
Parámetros guardados en checkpoint_shoppers_Dlatent_ft_F/lc/IPC_17/best_models_lc_seed_6_space_latent/xgb_best_params.json


>>> Optuna tuning rf metodo lc IPC 17 seed 6


[I 2025-05-18 17:22:31,518] Trial 0 finished with value: 1.0 and parameters: {'n_estimators': 458, 'max_depth': 8, 'min_samples_split': 9, 'min_samples_leaf': 1}. Best is trial 0 with value: 1.0.
[I 2025-05-18 17:22:32,568] Trial 1 finished with value: 0.975 and parameters: {'n_estimators': 143, 'max_depth': 13, 'min_samples_split': 6, 'min_samples_leaf': 5}. Best is trial 0 with value: 1.0.
[I 2025-05-18 17:22:33,638] Trial 2 finished with value: 1.0 and parameters: {'n_estimators': 234, 'max_depth': 14, 'min_samples_split': 5, 'min_samples_leaf': 8}. Best is trial 0 with value: 1.0.
[I 2025-05-18 17:22:34,145] Trial 3 finished with value: 1.0 and parameters: {'n_estimators': 307, 'max_depth': 13, 'min_samples_split': 7, 'min_samples_leaf': 10}. Best is trial 0 with value: 1.0.
[I 2025-05-18 17:22:35,021] Trial 4 finished with value: 1.0 and parameters: {'n_estimators': 428, 'max_depth': 10, 'min_samples_split': 9, 'min_samples_leaf': 9}. Best is trial 0 with value: 1.0.
[I 2025-05-18 17:22:35,282] Trial 5 finished with value: 1.0 and parameters: {'n_estimators': 121, 'max_depth': 15, 'min_samples_split': 9, 'min_samples_leaf': 8}. Best is trial 0 with value: 1.0.
[I 2025-05-18 17:22:35,963] Trial 6 finished with value: 1.0 and parameters: {'n_estimators': 384, 'max_depth': 12, 'min_samples_split': 3, 'min_samples_leaf': 10}. Best is trial 0 with value: 1.0.
[I 2025-05-18 17:22:36,575] Trial 7 finished with value: 1.0 and parameters: {'n_estimators': 261, 'max_depth': 6, 'min_samples_split': 8, 'min_samples_leaf': 10}. Best is trial 0 with value: 1.0.
[I 2025-05-18 17:22:37,173] Trial 8 finished with value: 1.0 and parameters: {'n_estimators': 202, 'max_depth': 15, 'min_samples_split': 7, 'min_samples_leaf': 8}. Best is trial 0 with value: 1.0.
[I 2025-05-18 17:22:38,350] Trial 9 finished with value: 1.0 and parameters: {'n_estimators': 475, 'max_depth': 9, 'min_samples_split': 4, 'min_samples_leaf': 5}. Best is trial 0 with value: 1.0.
[I 2025-05-18 17:22:45,006] A new study created in memory with name: svc
Parámetros guardados en checkpoint_shoppers_Dlatent_ft_F/lc/IPC_17/best_models_lc_seed_6_space_latent/rf_best_params.json


>>> Optuna tuning svc metodo lc IPC 17 seed 6


[I 2025-05-18 17:22:48,483] Trial 0 finished with value: 1.0 and parameters: {'C': 37.27697013499731, 'gamma': 0.0021277432488243223}. Best is trial 0 with value: 1.0.
[I 2025-05-18 17:22:49,718] Trial 1 finished with value: 1.0 and parameters: {'C': 19.271543171162776, 'gamma': 0.00014682043379470554}. Best is trial 0 with value: 1.0.
[I 2025-05-18 17:22:49,739] Trial 2 finished with value: 0.5666666666666667 and parameters: {'C': 0.0269542169583157, 'gamma': 0.023999835049635022}. Best is trial 0 with value: 1.0.
[I 2025-05-18 17:22:50,478] Trial 3 finished with value: 1.0 and parameters: {'C': 1.3160410886450586, 'gamma': 0.0047340159215720195}. Best is trial 0 with value: 1.0.
[I 2025-05-18 17:22:50,493] Trial 4 finished with value: 0.5666666666666667 and parameters: {'C': 0.21959952535674737, 'gamma': 0.030908485742507576}. Best is trial 0 with value: 1.0.
[I 2025-05-18 17:22:50,509] Trial 5 finished with value: 0.5333333333333333 and parameters: {'C': 0.5656733313644114, 'gamma': 0.08780685564625502}. Best is trial 0 with value: 1.0.
[I 2025-05-18 17:22:50,523] Trial 6 finished with value: 0.9166666666666666 and parameters: {'C': 1.1807165425157664, 'gamma': 0.020674470756231633}. Best is trial 0 with value: 1.0.
[I 2025-05-18 17:22:50,538] Trial 7 finished with value: 0.5333333333333333 and parameters: {'C': 3.8143486186647126, 'gamma': 0.9138966502602072}. Best is trial 0 with value: 1.0.
[I 2025-05-18 17:22:50,552] Trial 8 finished with value: 1.0 and parameters: {'C': 19.029737066374768, 'gamma': 0.004495766421289856}. Best is trial 0 with value: 1.0.
[I 2025-05-18 17:22:50,565] Trial 9 finished with value: 0.5333333333333333 and parameters: {'C': 31.994153257994277, 'gamma': 0.19725941020937518}. Best is trial 0 with value: 1.0.
[I 2025-05-18 17:22:52,807] A new study created in memory with name: logreg
[I 2025-05-18 17:22:56,025] Trial 0 finished with value: 1.0 and parameters: {'C': 29.127335430981816, 'penalty': 'l2'}. Best is trial 0 with value: 1.0.
Parámetros guardados en checkpoint_shoppers_Dlatent_ft_F/lc/IPC_17/best_models_lc_seed_6_space_latent/svc_best_params.json


>>> Optuna tuning logreg metodo lc IPC 17 seed 6


[I 2025-05-18 17:22:56,749] Trial 1 finished with value: 1.0 and parameters: {'C': 0.045698192893558344, 'penalty': 'l2'}. Best is trial 0 with value: 1.0.
[I 2025-05-18 17:22:57,522] Trial 2 finished with value: 1.0 and parameters: {'C': 12.768668597712947, 'penalty': 'l2'}. Best is trial 0 with value: 1.0.
[I 2025-05-18 17:22:58,292] Trial 3 finished with value: 0.95 and parameters: {'C': 0.0016161554408462638, 'penalty': 'l2'}. Best is trial 0 with value: 1.0.
[I 2025-05-18 17:22:58,307] Trial 4 finished with value: 0.975 and parameters: {'C': 0.0034536903703241734, 'penalty': 'l2'}. Best is trial 0 with value: 1.0.
[I 2025-05-18 17:22:58,332] Trial 5 finished with value: 1.0 and parameters: {'C': 0.9446269266990148, 'penalty': 'l2'}. Best is trial 0 with value: 1.0.
[I 2025-05-18 17:22:58,357] Trial 6 finished with value: 1.0 and parameters: {'C': 0.4457453393648168, 'penalty': 'l2'}. Best is trial 0 with value: 1.0.
[I 2025-05-18 17:22:58,381] Trial 7 finished with value: 1.0 and parameters: {'C': 0.12417585037258261, 'penalty': 'l2'}. Best is trial 0 with value: 1.0.
[I 2025-05-18 17:22:58,405] Trial 8 finished with value: 1.0 and parameters: {'C': 0.04753781830244093, 'penalty': 'l2'}. Best is trial 0 with value: 1.0.
[I 2025-05-18 17:22:58,429] Trial 9 finished with value: 1.0 and parameters: {'C': 1.2959766028194148, 'penalty': 'l2'}. Best is trial 0 with value: 1.0.
[I 2025-05-18 17:23:01,418] A new study created in memory with name: mlp
Parámetros guardados en checkpoint_shoppers_Dlatent_ft_F/lc/IPC_17/best_models_lc_seed_6_space_latent/logreg_best_params.json


>>> Optuna tuning mlp metodo lc IPC 17 seed 6


[I 2025-05-18 17:23:05,045] Trial 0 finished with value: 0.975 and parameters: {'hidden_layer_sizes': (100,), 'max_iter': 100, 'alpha': 0.0001}. Best is trial 0 with value: 0.975.
[I 2025-05-18 17:23:05,285] Trial 1 finished with value: 1.0 and parameters: {'hidden_layer_sizes': (100, 100), 'max_iter': 100, 'alpha': 0.001}. Best is trial 1 with value: 1.0.
[I 2025-05-18 17:23:06,107] Trial 2 finished with value: 1.0 and parameters: {'hidden_layer_sizes': (200,), 'max_iter': 100, 'alpha': 0.0001}. Best is trial 1 with value: 1.0.
[I 2025-05-18 17:23:07,781] Trial 3 finished with value: 1.0 and parameters: {'hidden_layer_sizes': (200,), 'max_iter': 50, 'alpha': 0.001}. Best is trial 1 with value: 1.0.
/data/home/rtabares/anaconda3/envs/pyth3.12/lib/python3.12/site-packages/sklearn/neural_network/_multilayer_perceptron.py:691: ConvergenceWarning: Stochastic Optimizer: Maximum iterations (50) reached and the optimization hasn't converged yet.
  warnings.warn(
[I 2025-05-18 17:23:07,887] Trial 4 finished with value: 1.0 and parameters: {'hidden_layer_sizes': (100, 100), 'max_iter': 50, 'alpha': 0.0001}. Best is trial 1 with value: 1.0.
[I 2025-05-18 17:23:08,012] Trial 5 finished with value: 1.0 and parameters: {'hidden_layer_sizes': (200,), 'max_iter': 100, 'alpha': 0.0001}. Best is trial 1 with value: 1.0.
[I 2025-05-18 17:23:08,156] Trial 6 finished with value: 1.0 and parameters: {'hidden_layer_sizes': (200,), 'max_iter': 100, 'alpha': 0.001}. Best is trial 1 with value: 1.0.
[I 2025-05-18 17:23:08,286] Trial 7 finished with value: 1.0 and parameters: {'hidden_layer_sizes': (100,), 'max_iter': 100, 'alpha': 0.001}. Best is trial 1 with value: 1.0.
[I 2025-05-18 17:23:08,403] Trial 8 finished with value: 1.0 and parameters: {'hidden_layer_sizes': (100, 100), 'max_iter': 100, 'alpha': 0.0001}. Best is trial 1 with value: 1.0.
[I 2025-05-18 17:23:08,539] Trial 9 finished with value: 1.0 and parameters: {'hidden_layer_sizes': (200,), 'max_iter': 100, 'alpha': 0.0001}. Best is trial 1 with value: 1.0.
[I 2025-05-18 17:23:13,600] A new study created in memory with name: naive_bayes
Parámetros guardados en checkpoint_shoppers_Dlatent_ft_F/lc/IPC_17/best_models_lc_seed_6_space_latent/mlp_best_params.json


>>> Optuna tuning naive_bayes metodo lc IPC 17 seed 6


[I 2025-05-18 17:23:16,037] Trial 0 finished with value: 0.9083333333333332 and parameters: {'var_smoothing': 6.10548688762798e-09}. Best is trial 0 with value: 0.9083333333333332.
[I 2025-05-18 17:23:16,787] Trial 1 finished with value: 0.9083333333333332 and parameters: {'var_smoothing': 4.6127467400935034e-10}. Best is trial 0 with value: 0.9083333333333332.
[I 2025-05-18 17:23:16,801] Trial 2 finished with value: 0.9083333333333332 and parameters: {'var_smoothing': 4.389936579400967e-09}. Best is trial 0 with value: 0.9083333333333332.
[I 2025-05-18 17:23:17,579] Trial 3 finished with value: 0.9083333333333332 and parameters: {'var_smoothing': 1.2116948204672054e-10}. Best is trial 0 with value: 0.9083333333333332.
[I 2025-05-18 17:23:18,237] Trial 4 finished with value: 0.9083333333333332 and parameters: {'var_smoothing': 1.6417739478477417e-10}. Best is trial 0 with value: 0.9083333333333332.
[I 2025-05-18 17:23:18,261] Trial 5 finished with value: 0.9083333333333332 and parameters: {'var_smoothing': 1.5491880147236797e-09}. Best is trial 0 with value: 0.9083333333333332.
[I 2025-05-18 17:23:18,276] Trial 6 finished with value: 0.9083333333333332 and parameters: {'var_smoothing': 1.1471883405287265e-09}. Best is trial 0 with value: 0.9083333333333332.
[I 2025-05-18 17:23:18,290] Trial 7 finished with value: 0.9083333333333332 and parameters: {'var_smoothing': 6.88041853492358e-10}. Best is trial 0 with value: 0.9083333333333332.
[I 2025-05-18 17:23:18,313] Trial 8 finished with value: 0.9083333333333332 and parameters: {'var_smoothing': 4.686144741221158e-10}. Best is trial 0 with value: 0.9083333333333332.
[I 2025-05-18 17:23:18,327] Trial 9 finished with value: 0.9083333333333332 and parameters: {'var_smoothing': 1.7580809350683337e-09}. Best is trial 0 with value: 0.9083333333333332.
/data/home/rtabares/anaconda3/envs/pyth3.12/lib/python3.12/site-packages/xgboost/core.py:377: FutureWarning: Your system has an old version of glibc (< 2.28). We will stop supporting Linux distros with glibc older than 2.28 after **May 31, 2025**. Please upgrade to a recent Linux distro (with glibc >= 2.28) to use future versions of XGBoost.
Note: You have installed the 'manylinux2014' variant of XGBoost. Certain features such as GPU algorithms or federated learning are not available. To use these features, please upgrade to a recent Linux distro with glibc 2.28+, and install the 'manylinux_2_28' variant.
  warnings.warn(
[I 2025-05-18 17:23:21,248] A new study created in memory with name: knn
Parámetros guardados en checkpoint_shoppers_Dlatent_ft_F/lc/IPC_17/best_models_lc_seed_6_space_latent/naive_bayes_best_params.json


>>> Optuna tuning knn metodo lc IPC 17 seed 6


[I 2025-05-18 17:23:24,107] Trial 0 finished with value: 1.0 and parameters: {'n_neighbors': 10, 'leaf_size': 26, 'p': 1}. Best is trial 0 with value: 1.0.
[I 2025-05-18 17:23:25,227] Trial 1 finished with value: 0.9166666666666666 and parameters: {'n_neighbors': 3, 'leaf_size': 32, 'p': 1}. Best is trial 0 with value: 1.0.
[I 2025-05-18 17:23:25,989] Trial 2 finished with value: 0.9166666666666666 and parameters: {'n_neighbors': 5, 'leaf_size': 33, 'p': 2}. Best is trial 0 with value: 1.0.
[I 2025-05-18 17:23:26,781] Trial 3 finished with value: 0.925 and parameters: {'n_neighbors': 7, 'leaf_size': 32, 'p': 2}. Best is trial 0 with value: 1.0.
[I 2025-05-18 17:23:26,837] Trial 4 finished with value: 1.0 and parameters: {'n_neighbors': 9, 'leaf_size': 28, 'p': 1}. Best is trial 0 with value: 1.0.
[I 2025-05-18 17:23:26,927] Trial 5 finished with value: 0.9166666666666666 and parameters: {'n_neighbors': 3, 'leaf_size': 35, 'p': 1}. Best is trial 0 with value: 1.0.
[I 2025-05-18 17:23:27,013] Trial 6 finished with value: 0.925 and parameters: {'n_neighbors': 8, 'leaf_size': 31, 'p': 2}. Best is trial 0 with value: 1.0.
[I 2025-05-18 17:23:27,098] Trial 7 finished with value: 0.975 and parameters: {'n_neighbors': 6, 'leaf_size': 24, 'p': 2}. Best is trial 0 with value: 1.0.
[I 2025-05-18 17:23:27,145] Trial 8 finished with value: 0.9166666666666666 and parameters: {'n_neighbors': 5, 'leaf_size': 34, 'p': 2}. Best is trial 0 with value: 1.0.
[I 2025-05-18 17:23:27,201] Trial 9 finished with value: 0.95 and parameters: {'n_neighbors': 10, 'leaf_size': 27, 'p': 2}. Best is trial 0 with value: 1.0.
/data/home/rtabares/anaconda3/envs/pyth3.12/lib/python3.12/site-packages/xgboost/core.py:377: FutureWarning: Your system has an old version of glibc (< 2.28). We will stop supporting Linux distros with glibc older than 2.28 after **May 31, 2025**. Please upgrade to a recent Linux distro (with glibc >= 2.28) to use future versions of XGBoost.
Note: You have installed the 'manylinux2014' variant of XGBoost. Certain features such as GPU algorithms or federated learning are not available. To use these features, please upgrade to a recent Linux distro with glibc 2.28+, and install the 'manylinux_2_28' variant.
  warnings.warn(
/data/home/rtabares/anaconda3/envs/pyth3.12/lib/python3.12/site-packages/xgboost/core.py:377: FutureWarning: Your system has an old version of glibc (< 2.28). We will stop supporting Linux distros with glibc older than 2.28 after **May 31, 2025**. Please upgrade to a recent Linux distro (with glibc >= 2.28) to use future versions of XGBoost.
Note: You have installed the 'manylinux2014' variant of XGBoost. Certain features such as GPU algorithms or federated learning are not available. To use these features, please upgrade to a recent Linux distro with glibc 2.28+, and install the 'manylinux_2_28' variant.
  warnings.warn(
[I 2025-05-18 17:23:31,627] A new study created in memory with name: xgb
Parámetros guardados en checkpoint_shoppers_Dlatent_ft_F/lc/IPC_17/best_models_lc_seed_6_space_latent/knn_best_params.json


>>> Optuna tuning xgb metodo lc IPC 17 seed 6


/data/home/rtabares/anaconda3/envs/pyth3.12/lib/python3.12/site-packages/xgboost/core.py:377: FutureWarning: Your system has an old version of glibc (< 2.28). We will stop supporting Linux distros with glibc older than 2.28 after **May 31, 2025**. Please upgrade to a recent Linux distro (with glibc >= 2.28) to use future versions of XGBoost.
Note: You have installed the 'manylinux2014' variant of XGBoost. Certain features such as GPU algorithms or federated learning are not available. To use these features, please upgrade to a recent Linux distro with glibc 2.28+, and install the 'manylinux_2_28' variant.
  warnings.warn(
/data/home/rtabares/anaconda3/envs/pyth3.12/lib/python3.12/site-packages/xgboost/core.py:377: FutureWarning: Your system has an old version of glibc (< 2.28). We will stop supporting Linux distros with glibc older than 2.28 after **May 31, 2025**. Please upgrade to a recent Linux distro (with glibc >= 2.28) to use future versions of XGBoost.
Note: You have installed the 'manylinux2014' variant of XGBoost. Certain features such as GPU algorithms or federated learning are not available. To use these features, please upgrade to a recent Linux distro with glibc 2.28+, and install the 'manylinux_2_28' variant.
  warnings.warn(
/data/home/rtabares/anaconda3/envs/pyth3.12/lib/python3.12/site-packages/xgboost/core.py:377: FutureWarning: Your system has an old version of glibc (< 2.28). We will stop supporting Linux distros with glibc older than 2.28 after **May 31, 2025**. Please upgrade to a recent Linux distro (with glibc >= 2.28) to use future versions of XGBoost.
Note: You have installed the 'manylinux2014' variant of XGBoost. Certain features such as GPU algorithms or federated learning are not available. To use these features, please upgrade to a recent Linux distro with glibc 2.28+, and install the 'manylinux_2_28' variant.
  warnings.warn(
/data/home/rtabares/anaconda3/envs/pyth3.12/lib/python3.12/site-packages/xgboost/core.py:377: FutureWarning: Your system has an old version of glibc (< 2.28). We will stop supporting Linux distros with glibc older than 2.28 after **May 31, 2025**. Please upgrade to a recent Linux distro (with glibc >= 2.28) to use future versions of XGBoost.
Note: You have installed the 'manylinux2014' variant of XGBoost. Certain features such as GPU algorithms or federated learning are not available. To use these features, please upgrade to a recent Linux distro with glibc 2.28+, and install the 'manylinux_2_28' variant.
  warnings.warn(
/data/home/rtabares/anaconda3/envs/pyth3.12/lib/python3.12/site-packages/xgboost/core.py:377: FutureWarning: Your system has an old version of glibc (< 2.28). We will stop supporting Linux distros with glibc older than 2.28 after **May 31, 2025**. Please upgrade to a recent Linux distro (with glibc >= 2.28) to use future versions of XGBoost.
Note: You have installed the 'manylinux2014' variant of XGBoost. Certain features such as GPU algorithms or federated learning are not available. To use these features, please upgrade to a recent Linux distro with glibc 2.28+, and install the 'manylinux_2_28' variant.
  warnings.warn(
[I 2025-05-18 17:23:34,524] Trial 0 finished with value: 0.975 and parameters: {'n_estimators': 10, 'max_depth': 30, 'gamma': 0.5768356259735394, 'subsample': 0.7094037142783272, 'colsample_bytree': 0.6677039246366646}. Best is trial 0 with value: 0.975.
/data/home/rtabares/anaconda3/envs/pyth3.12/lib/python3.12/site-packages/xgboost/core.py:377: FutureWarning: Your system has an old version of glibc (< 2.28). We will stop supporting Linux distros with glibc older than 2.28 after **May 31, 2025**. Please upgrade to a recent Linux distro (with glibc >= 2.28) to use future versions of XGBoost.
Note: You have installed the 'manylinux2014' variant of XGBoost. Certain features such as GPU algorithms or federated learning are not available. To use these features, please upgrade to a recent Linux distro with glibc 2.28+, and install the 'manylinux_2_28' variant.
  warnings.warn(
[I 2025-05-18 17:23:35,498] Trial 1 finished with value: 0.9666666666666666 and parameters: {'n_estimators': 100, 'max_depth': 30, 'gamma': 0.9912018442360747, 'subsample': 0.9099290984609207, 'colsample_bytree': 0.7066004674080903}. Best is trial 0 with value: 0.975.
/data/home/rtabares/anaconda3/envs/pyth3.12/lib/python3.12/site-packages/xgboost/core.py:377: FutureWarning: Your system has an old version of glibc (< 2.28). We will stop supporting Linux distros with glibc older than 2.28 after **May 31, 2025**. Please upgrade to a recent Linux distro (with glibc >= 2.28) to use future versions of XGBoost.
Note: You have installed the 'manylinux2014' variant of XGBoost. Certain features such as GPU algorithms or federated learning are not available. To use these features, please upgrade to a recent Linux distro with glibc 2.28+, and install the 'manylinux_2_28' variant.
  warnings.warn(
