[I 2025-05-26 03:10:56,201] Trial 11 finished with value: 0.55 and parameters: {'n_estimators': 100, 'max_depth': 20, 'gamma': 0.6262233456118529, 'subsample': 0.9889234202923451, 'colsample_bytree': 0.9702025525645098}. Best is trial 6 with value: 0.55.
/data/home/rtabares/anaconda3/envs/pyth3.12/lib/python3.12/site-packages/xgboost/core.py:377: FutureWarning: Your system has an old version of glibc (< 2.28). We will stop supporting Linux distros with glibc older than 2.28 after **May 31, 2025**. Please upgrade to a recent Linux distro (with glibc >= 2.28) to use future versions of XGBoost.
Note: You have installed the 'manylinux2014' variant of XGBoost. Certain features such as GPU algorithms or federated learning are not available. To use these features, please upgrade to a recent Linux distro with glibc 2.28+, and install the 'manylinux_2_28' variant.
  warnings.warn(
/data/home/rtabares/anaconda3/envs/pyth3.12/lib/python3.12/site-packages/xgboost/core.py:377: FutureWarning: Your system has an old version of glibc (< 2.28). We will stop supporting Linux distros with glibc older than 2.28 after **May 31, 2025**. Please upgrade to a recent Linux distro (with glibc >= 2.28) to use future versions of XGBoost.
Note: You have installed the 'manylinux2014' variant of XGBoost. Certain features such as GPU algorithms or federated learning are not available. To use these features, please upgrade to a recent Linux distro with glibc 2.28+, and install the 'manylinux_2_28' variant.
  warnings.warn(
/data/home/rtabares/anaconda3/envs/pyth3.12/lib/python3.12/site-packages/xgboost/core.py:377: FutureWarning: Your system has an old version of glibc (< 2.28). We will stop supporting Linux distros with glibc older than 2.28 after **May 31, 2025**. Please upgrade to a recent Linux distro (with glibc >= 2.28) to use future versions of XGBoost.
Note: You have installed the 'manylinux2014' variant of XGBoost. Certain features such as GPU algorithms or federated learning are not available. To use these features, please upgrade to a recent Linux distro with glibc 2.28+, and install the 'manylinux_2_28' variant.
  warnings.warn(
/data/home/rtabares/anaconda3/envs/pyth3.12/lib/python3.12/site-packages/xgboost/core.py:377: FutureWarning: Your system has an old version of glibc (< 2.28). We will stop supporting Linux distros with glibc older than 2.28 after **May 31, 2025**. Please upgrade to a recent Linux distro (with glibc >= 2.28) to use future versions of XGBoost.
Note: You have installed the 'manylinux2014' variant of XGBoost. Certain features such as GPU algorithms or federated learning are not available. To use these features, please upgrade to a recent Linux distro with glibc 2.28+, and install the 'manylinux_2_28' variant.
  warnings.warn(
[I 2025-05-26 03:10:56,985] Trial 12 finished with value: 0.55 and parameters: {'n_estimators': 100, 'max_depth': 20, 'gamma': 0.6269757941789093, 'subsample': 0.8671498219743482, 'colsample_bytree': 0.8745996189514444}. Best is trial 6 with value: 0.55.
[I 2025-05-26 03:10:57,036] Trial 13 finished with value: 0.55 and parameters: {'n_estimators': 100, 'max_depth': 20, 'gamma': 0.6812961055971064, 'subsample': 0.8945019068218925, 'colsample_bytree': 0.9064542264935227}. Best is trial 6 with value: 0.55.
[I 2025-05-26 03:10:57,084] Trial 14 finished with value: 0.55 and parameters: {'n_estimators': 100, 'max_depth': 20, 'gamma': 0.451464495426098, 'subsample': 0.8193992386928372, 'colsample_bytree': 0.812137188268733}. Best is trial 6 with value: 0.55.
[I 2025-05-26 03:10:57,134] Trial 15 finished with value: 0.55 and parameters: {'n_estimators': 100, 'max_depth': 20, 'gamma': 0.26626655377772473, 'subsample': 0.9304083858456578, 'colsample_bytree': 0.9064648533650188}. Best is trial 6 with value: 0.55.
[I 2025-05-26 03:10:57,193] Trial 16 finished with value: 0.6 and parameters: {'n_estimators': 100, 'max_depth': 20, 'gamma': 0.491687144649662, 'subsample': 0.8204536451844836, 'colsample_bytree': 0.7285949331258694}. Best is trial 16 with value: 0.6.
[I 2025-05-26 03:10:57,236] Trial 17 finished with value: 0.5 and parameters: {'n_estimators': 100, 'max_depth': 20, 'gamma': 0.5117431726898662, 'subsample': 0.8063979106753355, 'colsample_bytree': 0.7109611479294711}. Best is trial 16 with value: 0.6.
[I 2025-05-26 03:10:57,270] Trial 18 finished with value: 0.55 and parameters: {'n_estimators': 40, 'max_depth': 20, 'gamma': 0.705132437872256, 'subsample': 0.7982446460597595, 'colsample_bytree': 0.7241612051208073}. Best is trial 16 with value: 0.6.
[I 2025-05-26 03:10:57,308] Trial 19 finished with value: 0.55 and parameters: {'n_estimators': 10, 'max_depth': 5, 'gamma': 0.10663203536931981, 'subsample': 0.6385018241519915, 'colsample_bytree': 0.8116283491221901}. Best is trial 16 with value: 0.6.
[I 2025-05-26 03:11:01,480] A new study created in memory with name: rf
Parámetros guardados en checkpoint_default_Dlatent_ft_H/random/IPC_10/best_models_random_seed_5_space_original/xgb_best_params.json


>>> Optuna tuning rf metodo random IPC 10 seed 5


[I 2025-05-26 03:11:02,849] Trial 0 finished with value: 0.5 and parameters: {'n_estimators': 189, 'max_depth': 18, 'min_samples_split': 3, 'min_samples_leaf': 10}. Best is trial 0 with value: 0.5.
[I 2025-05-26 03:11:03,288] Trial 1 finished with value: 0.55 and parameters: {'n_estimators': 295, 'max_depth': 14, 'min_samples_split': 8, 'min_samples_leaf': 6}. Best is trial 1 with value: 0.55.
[I 2025-05-26 03:11:03,586] Trial 2 finished with value: 0.5 and parameters: {'n_estimators': 219, 'max_depth': 6, 'min_samples_split': 2, 'min_samples_leaf': 8}. Best is trial 1 with value: 0.55.
[I 2025-05-26 03:11:03,976] Trial 3 finished with value: 0.55 and parameters: {'n_estimators': 276, 'max_depth': 5, 'min_samples_split': 9, 'min_samples_leaf': 3}. Best is trial 1 with value: 0.55.
[I 2025-05-26 03:11:04,376] Trial 4 finished with value: 0.5 and parameters: {'n_estimators': 266, 'max_depth': 8, 'min_samples_split': 7, 'min_samples_leaf': 6}. Best is trial 1 with value: 0.55.
[I 2025-05-26 03:11:04,847] Trial 5 finished with value: 0.5 and parameters: {'n_estimators': 340, 'max_depth': 7, 'min_samples_split': 4, 'min_samples_leaf': 3}. Best is trial 1 with value: 0.55.
[I 2025-05-26 03:11:05,216] Trial 6 finished with value: 0.5 and parameters: {'n_estimators': 231, 'max_depth': 5, 'min_samples_split': 3, 'min_samples_leaf': 10}. Best is trial 1 with value: 0.55.
[I 2025-05-26 03:11:05,858] Trial 7 finished with value: 0.5 and parameters: {'n_estimators': 485, 'max_depth': 6, 'min_samples_split': 2, 'min_samples_leaf': 3}. Best is trial 1 with value: 0.55.
[I 2025-05-26 03:11:06,387] Trial 8 finished with value: 0.5 and parameters: {'n_estimators': 380, 'max_depth': 17, 'min_samples_split': 2, 'min_samples_leaf': 6}. Best is trial 1 with value: 0.55.
[I 2025-05-26 03:11:06,585] Trial 9 finished with value: 0.5 and parameters: {'n_estimators': 100, 'max_depth': 12, 'min_samples_split': 7, 'min_samples_leaf': 10}. Best is trial 1 with value: 0.55.
[I 2025-05-26 03:11:07,247] Trial 10 finished with value: 0.55 and parameters: {'n_estimators': 446, 'max_depth': 13, 'min_samples_split': 10, 'min_samples_leaf': 5}. Best is trial 1 with value: 0.55.
[I 2025-05-26 03:11:08,283] Trial 11 finished with value: 0.55 and parameters: {'n_estimators': 314, 'max_depth': 15, 'min_samples_split': 10, 'min_samples_leaf': 1}. Best is trial 1 with value: 0.55.
[I 2025-05-26 03:11:09,409] Trial 12 finished with value: 0.55 and parameters: {'n_estimators': 390, 'max_depth': 3, 'min_samples_split': 8, 'min_samples_leaf': 3}. Best is trial 1 with value: 0.55.
[I 2025-05-26 03:11:10,517] Trial 13 finished with value: 0.55 and parameters: {'n_estimators': 284, 'max_depth': 10, 'min_samples_split': 9, 'min_samples_leaf': 5}. Best is trial 1 with value: 0.55.
[I 2025-05-26 03:11:10,781] Trial 14 finished with value: 0.55 and parameters: {'n_estimators': 187, 'max_depth': 20, 'min_samples_split': 5, 'min_samples_leaf': 1}. Best is trial 1 with value: 0.55.
[I 2025-05-26 03:11:11,019] Trial 15 finished with value: 0.5 and parameters: {'n_estimators': 136, 'max_depth': 9, 'min_samples_split': 8, 'min_samples_leaf': 7}. Best is trial 1 with value: 0.55.
[I 2025-05-26 03:11:11,460] Trial 16 finished with value: 0.5 and parameters: {'n_estimators': 344, 'max_depth': 14, 'min_samples_split': 6, 'min_samples_leaf': 4}. Best is trial 1 with value: 0.55.
[I 2025-05-26 03:11:11,804] Trial 17 finished with value: 0.5 and parameters: {'n_estimators': 262, 'max_depth': 11, 'min_samples_split': 9, 'min_samples_leaf': 8}. Best is trial 1 with value: 0.55.
[I 2025-05-26 03:11:12,349] Trial 18 finished with value: 0.5 and parameters: {'n_estimators': 409, 'max_depth': 3, 'min_samples_split': 8, 'min_samples_leaf': 2}. Best is trial 1 with value: 0.55.
[I 2025-05-26 03:11:12,757] Trial 19 finished with value: 0.55 and parameters: {'n_estimators': 318, 'max_depth': 16, 'min_samples_split': 6, 'min_samples_leaf': 4}. Best is trial 1 with value: 0.55.
[I 2025-05-26 03:11:15,980] A new study created in memory with name: svc
Parámetros guardados en checkpoint_default_Dlatent_ft_H/random/IPC_10/best_models_random_seed_5_space_original/rf_best_params.json


>>> Optuna tuning svc metodo random IPC 10 seed 5


[I 2025-05-26 03:11:18,375] Trial 0 finished with value: 0.55 and parameters: {'C': 0.07726319876517104, 'gamma': 0.3040389504793042}. Best is trial 0 with value: 0.55.
[I 2025-05-26 03:11:18,488] Trial 1 finished with value: 0.6 and parameters: {'C': 0.06712381339142241, 'gamma': 0.47254549996710477}. Best is trial 1 with value: 0.6.
[I 2025-05-26 03:11:18,505] Trial 2 finished with value: 0.65 and parameters: {'C': 0.8987621100554035, 'gamma': 0.027988231123708972}. Best is trial 2 with value: 0.65.
[I 2025-05-26 03:11:18,519] Trial 3 finished with value: 0.55 and parameters: {'C': 11.5779435007655, 'gamma': 0.011848734045499056}. Best is trial 2 with value: 0.65.
[I 2025-05-26 03:11:18,542] Trial 4 finished with value: 0.45 and parameters: {'C': 0.1538870258903583, 'gamma': 0.0005634883151169033}. Best is trial 2 with value: 0.65.
[I 2025-05-26 03:11:18,557] Trial 5 finished with value: 0.55 and parameters: {'C': 0.021036092656561454, 'gamma': 0.08990030906808326}. Best is trial 2 with value: 0.65.
[I 2025-05-26 03:11:18,572] Trial 6 finished with value: 0.5 and parameters: {'C': 0.5824208201678516, 'gamma': 0.00042977333932534993}. Best is trial 2 with value: 0.65.
[I 2025-05-26 03:11:18,596] Trial 7 finished with value: 0.55 and parameters: {'C': 33.09391330085814, 'gamma': 0.001248377256719358}. Best is trial 2 with value: 0.65.
[I 2025-05-26 03:11:18,611] Trial 8 finished with value: 0.5 and parameters: {'C': 0.45387898639622015, 'gamma': 0.0015286910781809498}. Best is trial 2 with value: 0.65.
[I 2025-05-26 03:11:18,635] Trial 9 finished with value: 0.55 and parameters: {'C': 3.274550070431994, 'gamma': 0.02086177421469992}. Best is trial 2 with value: 0.65.
[I 2025-05-26 03:11:18,669] Trial 10 finished with value: 0.45 and parameters: {'C': 3.454225646092145, 'gamma': 0.04920330178902686}. Best is trial 2 with value: 0.65.
[I 2025-05-26 03:11:19,378] Trial 11 finished with value: 0.55 and parameters: {'C': 0.014519629718095353, 'gamma': 0.9716924803144099}. Best is trial 2 with value: 0.65.
[I 2025-05-26 03:11:20,039] Trial 12 finished with value: 0.55 and parameters: {'C': 0.09243783299863148, 'gamma': 0.22624999861025}. Best is trial 2 with value: 0.65.
[I 2025-05-26 03:11:20,065] Trial 13 finished with value: 0.5 and parameters: {'C': 1.6094851435465674, 'gamma': 0.005426010269800288}. Best is trial 2 with value: 0.65.
[I 2025-05-26 03:11:20,086] Trial 14 finished with value: 0.5 and parameters: {'C': 0.24563235714646978, 'gamma': 0.00010410657631139162}. Best is trial 2 with value: 0.65.
[I 2025-05-26 03:11:20,106] Trial 15 finished with value: 0.6 and parameters: {'C': 0.04794898090656254, 'gamma': 0.5372310628104965}. Best is trial 2 with value: 0.65.
[I 2025-05-26 03:11:20,126] Trial 16 finished with value: 0.55 and parameters: {'C': 60.150795276764015, 'gamma': 0.08613585696164419}. Best is trial 2 with value: 0.65.
[I 2025-05-26 03:11:20,155] Trial 17 finished with value: 0.5 and parameters: {'C': 1.2269146763307468, 'gamma': 0.005047849461375887}. Best is trial 2 with value: 0.65.
[I 2025-05-26 03:11:20,782] Trial 18 finished with value: 0.6 and parameters: {'C': 0.03426280319203158, 'gamma': 0.025698340005663643}. Best is trial 2 with value: 0.65.
[I 2025-05-26 03:11:20,807] Trial 19 finished with value: 0.5 and parameters: {'C': 0.010367063426009605, 'gamma': 0.16493779877992182}. Best is trial 2 with value: 0.65.
/data/home/rtabares/anaconda3/envs/pyth3.12/lib/python3.12/site-packages/xgboost/core.py:377: FutureWarning: Your system has an old version of glibc (< 2.28). We will stop supporting Linux distros with glibc older than 2.28 after **May 31, 2025**. Please upgrade to a recent Linux distro (with glibc >= 2.28) to use future versions of XGBoost.
Note: You have installed the 'manylinux2014' variant of XGBoost. Certain features such as GPU algorithms or federated learning are not available. To use these features, please upgrade to a recent Linux distro with glibc 2.28+, and install the 'manylinux_2_28' variant.
  warnings.warn(
[I 2025-05-26 03:11:25,170] A new study created in memory with name: logreg
Parámetros guardados en checkpoint_default_Dlatent_ft_H/random/IPC_10/best_models_random_seed_5_space_original/svc_best_params.json


>>> Optuna tuning logreg metodo random IPC 10 seed 5


[I 2025-05-26 03:11:25,315] Trial 0 finished with value: 0.55 and parameters: {'C': 0.012881482725481003, 'penalty': 'l2'}. Best is trial 0 with value: 0.55.
[I 2025-05-26 03:11:26,019] Trial 1 finished with value: 0.5 and parameters: {'C': 22.576755560681583, 'penalty': 'l2'}. Best is trial 0 with value: 0.55.
[I 2025-05-26 03:11:26,034] Trial 2 finished with value: 0.5 and parameters: {'C': 0.010804278656839932, 'penalty': 'l2'}. Best is trial 0 with value: 0.55.
[I 2025-05-26 03:11:26,058] Trial 3 finished with value: 0.45 and parameters: {'C': 39.17910760336117, 'penalty': 'l2'}. Best is trial 0 with value: 0.55.
[I 2025-05-26 03:11:26,082] Trial 4 finished with value: 0.6 and parameters: {'C': 0.2767298094062571, 'penalty': 'l2'}. Best is trial 4 with value: 0.6.
[I 2025-05-26 03:11:26,106] Trial 5 finished with value: 0.5 and parameters: {'C': 1.1447728330837224, 'penalty': 'l2'}. Best is trial 4 with value: 0.6.
[I 2025-05-26 03:11:26,131] Trial 6 finished with value: 0.5 and parameters: {'C': 6.753661388238877, 'penalty': 'l2'}. Best is trial 4 with value: 0.6.
[I 2025-05-26 03:11:26,157] Trial 7 finished with value: 0.5 and parameters: {'C': 0.39092184460352974, 'penalty': 'l2'}. Best is trial 4 with value: 0.6.
[I 2025-05-26 03:11:26,182] Trial 8 finished with value: 0.55 and parameters: {'C': 0.03047912590082646, 'penalty': 'l2'}. Best is trial 4 with value: 0.6.
[I 2025-05-26 03:11:26,207] Trial 9 finished with value: 0.5 and parameters: {'C': 0.008681727362499118, 'penalty': 'l2'}. Best is trial 4 with value: 0.6.
[I 2025-05-26 03:11:26,236] Trial 10 finished with value: 0.45 and parameters: {'C': 0.0010280973566261366, 'penalty': 'l2'}. Best is trial 4 with value: 0.6.
[I 2025-05-26 03:11:26,254] Trial 11 finished with value: 0.5 and parameters: {'C': 0.07617019617903802, 'penalty': 'l2'}. Best is trial 4 with value: 0.6.
[I 2025-05-26 03:11:26,285] Trial 12 finished with value: 0.45 and parameters: {'C': 0.0016302252521756247, 'penalty': 'l2'}. Best is trial 4 with value: 0.6.
[I 2025-05-26 03:11:26,944] Trial 13 finished with value: 0.6 and parameters: {'C': 0.16510538853250964, 'penalty': 'l2'}. Best is trial 4 with value: 0.6.
[I 2025-05-26 03:11:27,624] Trial 14 finished with value: 0.5 and parameters: {'C': 1.6261269399957798, 'penalty': 'l2'}. Best is trial 4 with value: 0.6.
[I 2025-05-26 03:11:27,656] Trial 15 finished with value: 0.6 and parameters: {'C': 0.1567579217093108, 'penalty': 'l2'}. Best is trial 4 with value: 0.6.
[I 2025-05-26 03:11:27,688] Trial 16 finished with value: 0.5 and parameters: {'C': 0.8302412295509057, 'penalty': 'l2'}. Best is trial 4 with value: 0.6.
[I 2025-05-26 03:11:27,719] Trial 17 finished with value: 0.5 and parameters: {'C': 4.0888294776750005, 'penalty': 'l2'}. Best is trial 4 with value: 0.6.
[I 2025-05-26 03:11:27,748] Trial 18 finished with value: 0.6 and parameters: {'C': 0.13719328481850918, 'penalty': 'l2'}. Best is trial 4 with value: 0.6.
[I 2025-05-26 03:11:27,768] Trial 19 finished with value: 0.5 and parameters: {'C': 0.04300006969550256, 'penalty': 'l2'}. Best is trial 4 with value: 0.6.
/data/home/rtabares/anaconda3/envs/pyth3.12/lib/python3.12/site-packages/xgboost/core.py:377: FutureWarning: Your system has an old version of glibc (< 2.28). We will stop supporting Linux distros with glibc older than 2.28 after **May 31, 2025**. Please upgrade to a recent Linux distro (with glibc >= 2.28) to use future versions of XGBoost.
Note: You have installed the 'manylinux2014' variant of XGBoost. Certain features such as GPU algorithms or federated learning are not available. To use these features, please upgrade to a recent Linux distro with glibc 2.28+, and install the 'manylinux_2_28' variant.
  warnings.warn(
[I 2025-05-26 03:11:30,342] A new study created in memory with name: mlp
Parámetros guardados en checkpoint_default_Dlatent_ft_H/random/IPC_10/best_models_random_seed_5_space_original/logreg_best_params.json


>>> Optuna tuning mlp metodo random IPC 10 seed 5


/data/home/rtabares/anaconda3/envs/pyth3.12/lib/python3.12/site-packages/sklearn/neural_network/_multilayer_perceptron.py:691: ConvergenceWarning: Stochastic Optimizer: Maximum iterations (50) reached and the optimization hasn't converged yet.
  warnings.warn(
/data/home/rtabares/anaconda3/envs/pyth3.12/lib/python3.12/site-packages/sklearn/neural_network/_multilayer_perceptron.py:691: ConvergenceWarning: Stochastic Optimizer: Maximum iterations (50) reached and the optimization hasn't converged yet.
  warnings.warn(
/data/home/rtabares/anaconda3/envs/pyth3.12/lib/python3.12/site-packages/sklearn/neural_network/_multilayer_perceptron.py:691: ConvergenceWarning: Stochastic Optimizer: Maximum iterations (50) reached and the optimization hasn't converged yet.
  warnings.warn(
/data/home/rtabares/anaconda3/envs/pyth3.12/lib/python3.12/site-packages/sklearn/neural_network/_multilayer_perceptron.py:691: ConvergenceWarning: Stochastic Optimizer: Maximum iterations (50) reached and the optimization hasn't converged yet.
  warnings.warn(
/data/home/rtabares/anaconda3/envs/pyth3.12/lib/python3.12/site-packages/sklearn/neural_network/_multilayer_perceptron.py:691: ConvergenceWarning: Stochastic Optimizer: Maximum iterations (50) reached and the optimization hasn't converged yet.
  warnings.warn(
[I 2025-05-26 03:11:33,187] Trial 0 finished with value: 0.55 and parameters: {'hidden_layer_sizes': (200,), 'max_iter': 50, 'alpha': 0.001}. Best is trial 0 with value: 0.55.
/data/home/rtabares/anaconda3/envs/pyth3.12/lib/python3.12/site-packages/sklearn/neural_network/_multilayer_perceptron.py:691: ConvergenceWarning: Stochastic Optimizer: Maximum iterations (100) reached and the optimization hasn't converged yet.
  warnings.warn(
/data/home/rtabares/anaconda3/envs/pyth3.12/lib/python3.12/site-packages/sklearn/neural_network/_multilayer_perceptron.py:691: ConvergenceWarning: Stochastic Optimizer: Maximum iterations (100) reached and the optimization hasn't converged yet.
  warnings.warn(
/data/home/rtabares/anaconda3/envs/pyth3.12/lib/python3.12/site-packages/sklearn/neural_network/_multilayer_perceptron.py:691: ConvergenceWarning: Stochastic Optimizer: Maximum iterations (100) reached and the optimization hasn't converged yet.
  warnings.warn(
/data/home/rtabares/anaconda3/envs/pyth3.12/lib/python3.12/site-packages/sklearn/neural_network/_multilayer_perceptron.py:691: ConvergenceWarning: Stochastic Optimizer: Maximum iterations (100) reached and the optimization hasn't converged yet.
  warnings.warn(
/data/home/rtabares/anaconda3/envs/pyth3.12/lib/python3.12/site-packages/sklearn/neural_network/_multilayer_perceptron.py:691: ConvergenceWarning: Stochastic Optimizer: Maximum iterations (100) reached and the optimization hasn't converged yet.
  warnings.warn(
[I 2025-05-26 03:11:33,334] Trial 1 finished with value: 0.55 and parameters: {'hidden_layer_sizes': (100,), 'max_iter': 100, 'alpha': 0.0001}. Best is trial 0 with value: 0.55.
/data/home/rtabares/anaconda3/envs/pyth3.12/lib/python3.12/site-packages/sklearn/neural_network/_multilayer_perceptron.py:691: ConvergenceWarning: Stochastic Optimizer: Maximum iterations (100) reached and the optimization hasn't converged yet.
  warnings.warn(
/data/home/rtabares/anaconda3/envs/pyth3.12/lib/python3.12/site-packages/sklearn/neural_network/_multilayer_perceptron.py:691: ConvergenceWarning: Stochastic Optimizer: Maximum iterations (100) reached and the optimization hasn't converged yet.
  warnings.warn(
/data/home/rtabares/anaconda3/envs/pyth3.12/lib/python3.12/site-packages/sklearn/neural_network/_multilayer_perceptron.py:691: ConvergenceWarning: Stochastic Optimizer: Maximum iterations (100) reached and the optimization hasn't converged yet.
  warnings.warn(
/data/home/rtabares/anaconda3/envs/pyth3.12/lib/python3.12/site-packages/sklearn/neural_network/_multilayer_perceptron.py:691: ConvergenceWarning: Stochastic Optimizer: Maximum iterations (100) reached and the optimization hasn't converged yet.
  warnings.warn(
/data/home/rtabares/anaconda3/envs/pyth3.12/lib/python3.12/site-packages/sklearn/neural_network/_multilayer_perceptron.py:691: ConvergenceWarning: Stochastic Optimizer: Maximum iterations (100) reached and the optimization hasn't converged yet.
  warnings.warn(
