[I 2025-05-26 03:15:33,428] Trial 9 finished with value: 0.5 and parameters: {'n_estimators': 40, 'max_depth': 30, 'gamma': 0.9649927737686168, 'subsample': 0.6857563076640036, 'colsample_bytree': 0.5061847058001788}. Best is trial 0 with value: 0.6.
/data/home/rtabares/anaconda3/envs/pyth3.12/lib/python3.12/site-packages/xgboost/core.py:377: FutureWarning: Your system has an old version of glibc (< 2.28). We will stop supporting Linux distros with glibc older than 2.28 after **May 31, 2025**. Please upgrade to a recent Linux distro (with glibc >= 2.28) to use future versions of XGBoost.
Note: You have installed the 'manylinux2014' variant of XGBoost. Certain features such as GPU algorithms or federated learning are not available. To use these features, please upgrade to a recent Linux distro with glibc 2.28+, and install the 'manylinux_2_28' variant.
  warnings.warn(
/data/home/rtabares/anaconda3/envs/pyth3.12/lib/python3.12/site-packages/xgboost/core.py:377: FutureWarning: Your system has an old version of glibc (< 2.28). We will stop supporting Linux distros with glibc older than 2.28 after **May 31, 2025**. Please upgrade to a recent Linux distro (with glibc >= 2.28) to use future versions of XGBoost.
Note: You have installed the 'manylinux2014' variant of XGBoost. Certain features such as GPU algorithms or federated learning are not available. To use these features, please upgrade to a recent Linux distro with glibc 2.28+, and install the 'manylinux_2_28' variant.
  warnings.warn(
[I 2025-05-26 03:15:33,489] Trial 10 finished with value: 0.5 and parameters: {'n_estimators': 40, 'max_depth': 5, 'gamma': 0.17962098877423716, 'subsample': 0.8225184540606401, 'colsample_bytree': 0.7743115296703093}. Best is trial 0 with value: 0.6.
/data/home/rtabares/anaconda3/envs/pyth3.12/lib/python3.12/site-packages/xgboost/core.py:377: FutureWarning: Your system has an old version of glibc (< 2.28). We will stop supporting Linux distros with glibc older than 2.28 after **May 31, 2025**. Please upgrade to a recent Linux distro (with glibc >= 2.28) to use future versions of XGBoost.
Note: You have installed the 'manylinux2014' variant of XGBoost. Certain features such as GPU algorithms or federated learning are not available. To use these features, please upgrade to a recent Linux distro with glibc 2.28+, and install the 'manylinux_2_28' variant.
  warnings.warn(
/data/home/rtabares/anaconda3/envs/pyth3.12/lib/python3.12/site-packages/xgboost/core.py:377: FutureWarning: Your system has an old version of glibc (< 2.28). We will stop supporting Linux distros with glibc older than 2.28 after **May 31, 2025**. Please upgrade to a recent Linux distro (with glibc >= 2.28) to use future versions of XGBoost.
Note: You have installed the 'manylinux2014' variant of XGBoost. Certain features such as GPU algorithms or federated learning are not available. To use these features, please upgrade to a recent Linux distro with glibc 2.28+, and install the 'manylinux_2_28' variant.
  warnings.warn(
/data/home/rtabares/anaconda3/envs/pyth3.12/lib/python3.12/site-packages/xgboost/core.py:377: FutureWarning: Your system has an old version of glibc (< 2.28). We will stop supporting Linux distros with glibc older than 2.28 after **May 31, 2025**. Please upgrade to a recent Linux distro (with glibc >= 2.28) to use future versions of XGBoost.
Note: You have installed the 'manylinux2014' variant of XGBoost. Certain features such as GPU algorithms or federated learning are not available. To use these features, please upgrade to a recent Linux distro with glibc 2.28+, and install the 'manylinux_2_28' variant.
  warnings.warn(
[I 2025-05-26 03:15:34,185] Trial 11 finished with value: 0.45 and parameters: {'n_estimators': 10, 'max_depth': 5, 'gamma': 0.7741642151176606, 'subsample': 0.7962923356009374, 'colsample_bytree': 0.6670675624112958}. Best is trial 0 with value: 0.6.
[I 2025-05-26 03:15:34,228] Trial 12 finished with value: 0.6 and parameters: {'n_estimators': 10, 'max_depth': 30, 'gamma': 0.9590592961551268, 'subsample': 0.6350278457846134, 'colsample_bytree': 0.6714220906803803}. Best is trial 0 with value: 0.6.
/data/home/rtabares/anaconda3/envs/pyth3.12/lib/python3.12/site-packages/xgboost/core.py:377: FutureWarning: Your system has an old version of glibc (< 2.28). We will stop supporting Linux distros with glibc older than 2.28 after **May 31, 2025**. Please upgrade to a recent Linux distro (with glibc >= 2.28) to use future versions of XGBoost.
Note: You have installed the 'manylinux2014' variant of XGBoost. Certain features such as GPU algorithms or federated learning are not available. To use these features, please upgrade to a recent Linux distro with glibc 2.28+, and install the 'manylinux_2_28' variant.
  warnings.warn(
[I 2025-05-26 03:15:34,950] Trial 13 finished with value: 0.6 and parameters: {'n_estimators': 40, 'max_depth': 5, 'gamma': 0.7477136103725297, 'subsample': 0.7815087681503187, 'colsample_bytree': 0.5997312334480952}. Best is trial 0 with value: 0.6.
/data/home/rtabares/anaconda3/envs/pyth3.12/lib/python3.12/site-packages/xgboost/core.py:377: FutureWarning: Your system has an old version of glibc (< 2.28). We will stop supporting Linux distros with glibc older than 2.28 after **May 31, 2025**. Please upgrade to a recent Linux distro (with glibc >= 2.28) to use future versions of XGBoost.
Note: You have installed the 'manylinux2014' variant of XGBoost. Certain features such as GPU algorithms or federated learning are not available. To use these features, please upgrade to a recent Linux distro with glibc 2.28+, and install the 'manylinux_2_28' variant.
  warnings.warn(
[I 2025-05-26 03:15:35,656] Trial 14 finished with value: 0.5 and parameters: {'n_estimators': 40, 'max_depth': 30, 'gamma': 0.5315344188850419, 'subsample': 0.615347780324236, 'colsample_bytree': 0.8643602171731579}. Best is trial 0 with value: 0.6.
[I 2025-05-26 03:15:35,695] Trial 15 finished with value: 0.65 and parameters: {'n_estimators': 10, 'max_depth': 30, 'gamma': 0.6808447821044239, 'subsample': 0.8672886392732249, 'colsample_bytree': 0.7209372519821353}. Best is trial 15 with value: 0.65.
/data/home/rtabares/anaconda3/envs/pyth3.12/lib/python3.12/site-packages/xgboost/core.py:377: FutureWarning: Your system has an old version of glibc (< 2.28). We will stop supporting Linux distros with glibc older than 2.28 after **May 31, 2025**. Please upgrade to a recent Linux distro (with glibc >= 2.28) to use future versions of XGBoost.
Note: You have installed the 'manylinux2014' variant of XGBoost. Certain features such as GPU algorithms or federated learning are not available. To use these features, please upgrade to a recent Linux distro with glibc 2.28+, and install the 'manylinux_2_28' variant.
  warnings.warn(
[I 2025-05-26 03:15:36,380] Trial 16 finished with value: 0.6 and parameters: {'n_estimators': 40, 'max_depth': 5, 'gamma': 0.6680858630704138, 'subsample': 0.8700670547576695, 'colsample_bytree': 0.7130873994589939}. Best is trial 15 with value: 0.65.
/data/home/rtabares/anaconda3/envs/pyth3.12/lib/python3.12/site-packages/xgboost/core.py:377: FutureWarning: Your system has an old version of glibc (< 2.28). We will stop supporting Linux distros with glibc older than 2.28 after **May 31, 2025**. Please upgrade to a recent Linux distro (with glibc >= 2.28) to use future versions of XGBoost.
Note: You have installed the 'manylinux2014' variant of XGBoost. Certain features such as GPU algorithms or federated learning are not available. To use these features, please upgrade to a recent Linux distro with glibc 2.28+, and install the 'manylinux_2_28' variant.
  warnings.warn(
[I 2025-05-26 03:15:37,049] Trial 17 finished with value: 0.5 and parameters: {'n_estimators': 10, 'max_depth': 30, 'gamma': 0.4720187533104728, 'subsample': 0.8794206962560682, 'colsample_bytree': 0.8205165046028551}. Best is trial 15 with value: 0.65.
[I 2025-05-26 03:15:37,098] Trial 18 finished with value: 0.45 and parameters: {'n_estimators': 40, 'max_depth': 5, 'gamma': 0.17860745294284247, 'subsample': 0.7350714354843367, 'colsample_bytree': 0.7241612051208073}. Best is trial 15 with value: 0.65.
[I 2025-05-26 03:15:37,139] Trial 19 finished with value: 0.5 and parameters: {'n_estimators': 10, 'max_depth': 20, 'gamma': 0.8879390818048879, 'subsample': 0.829306113556511, 'colsample_bytree': 0.9003852468330709}. Best is trial 15 with value: 0.65.
/data/home/rtabares/anaconda3/envs/pyth3.12/lib/python3.12/site-packages/xgboost/core.py:377: FutureWarning: Your system has an old version of glibc (< 2.28). We will stop supporting Linux distros with glibc older than 2.28 after **May 31, 2025**. Please upgrade to a recent Linux distro (with glibc >= 2.28) to use future versions of XGBoost.
Note: You have installed the 'manylinux2014' variant of XGBoost. Certain features such as GPU algorithms or federated learning are not available. To use these features, please upgrade to a recent Linux distro with glibc 2.28+, and install the 'manylinux_2_28' variant.
  warnings.warn(
[I 2025-05-26 03:15:40,314] A new study created in memory with name: rf
Parámetros guardados en checkpoint_adult_Dlatent_G/k-center/IPC_10/best_models_k-center_seed_5_space_original/xgb_best_params.json


>>> Optuna tuning rf metodo k-center IPC 10 seed 5


[I 2025-05-26 03:15:42,520] Trial 0 finished with value: 0.5 and parameters: {'n_estimators': 189, 'max_depth': 18, 'min_samples_split': 3, 'min_samples_leaf': 10}. Best is trial 0 with value: 0.5.
[I 2025-05-26 03:15:43,028] Trial 1 finished with value: 0.4 and parameters: {'n_estimators': 295, 'max_depth': 14, 'min_samples_split': 8, 'min_samples_leaf': 6}. Best is trial 0 with value: 0.5.
[I 2025-05-26 03:15:43,315] Trial 2 finished with value: 0.5 and parameters: {'n_estimators': 219, 'max_depth': 6, 'min_samples_split': 2, 'min_samples_leaf': 8}. Best is trial 0 with value: 0.5.
[I 2025-05-26 03:15:43,656] Trial 3 finished with value: 0.45 and parameters: {'n_estimators': 276, 'max_depth': 5, 'min_samples_split': 9, 'min_samples_leaf': 3}. Best is trial 0 with value: 0.5.
[I 2025-05-26 03:15:44,003] Trial 4 finished with value: 0.55 and parameters: {'n_estimators': 266, 'max_depth': 8, 'min_samples_split': 7, 'min_samples_leaf': 6}. Best is trial 4 with value: 0.55.
[I 2025-05-26 03:15:44,413] Trial 5 finished with value: 0.45 and parameters: {'n_estimators': 340, 'max_depth': 7, 'min_samples_split': 4, 'min_samples_leaf': 3}. Best is trial 4 with value: 0.55.
[I 2025-05-26 03:15:44,700] Trial 6 finished with value: 0.5 and parameters: {'n_estimators': 231, 'max_depth': 5, 'min_samples_split': 3, 'min_samples_leaf': 10}. Best is trial 4 with value: 0.55.
[I 2025-05-26 03:15:45,257] Trial 7 finished with value: 0.45 and parameters: {'n_estimators': 485, 'max_depth': 6, 'min_samples_split': 2, 'min_samples_leaf': 3}. Best is trial 4 with value: 0.55.
[I 2025-05-26 03:15:45,696] Trial 8 finished with value: 0.45 and parameters: {'n_estimators': 380, 'max_depth': 17, 'min_samples_split': 2, 'min_samples_leaf': 6}. Best is trial 4 with value: 0.55.
[I 2025-05-26 03:15:45,885] Trial 9 finished with value: 0.5 and parameters: {'n_estimators': 100, 'max_depth': 12, 'min_samples_split': 7, 'min_samples_leaf': 10}. Best is trial 4 with value: 0.55.
[I 2025-05-26 03:15:46,504] Trial 10 finished with value: 0.4 and parameters: {'n_estimators': 446, 'max_depth': 10, 'min_samples_split': 5, 'min_samples_leaf': 5}. Best is trial 4 with value: 0.55.
[I 2025-05-26 03:15:47,346] Trial 11 finished with value: 0.35 and parameters: {'n_estimators': 148, 'max_depth': 20, 'min_samples_split': 6, 'min_samples_leaf': 1}. Best is trial 4 with value: 0.55.
[I 2025-05-26 03:15:48,220] Trial 12 finished with value: 0.5 and parameters: {'n_estimators': 184, 'max_depth': 10, 'min_samples_split': 10, 'min_samples_leaf': 8}. Best is trial 4 with value: 0.55.
[I 2025-05-26 03:15:49,267] Trial 13 finished with value: 0.5 and parameters: {'n_estimators': 251, 'max_depth': 16, 'min_samples_split': 6, 'min_samples_leaf': 8}. Best is trial 4 with value: 0.55.
[I 2025-05-26 03:15:49,483] Trial 14 finished with value: 0.5 and parameters: {'n_estimators': 154, 'max_depth': 20, 'min_samples_split': 5, 'min_samples_leaf': 9}. Best is trial 4 with value: 0.55.
[I 2025-05-26 03:15:49,895] Trial 15 finished with value: 0.5 and parameters: {'n_estimators': 347, 'max_depth': 9, 'min_samples_split': 8, 'min_samples_leaf': 5}. Best is trial 4 with value: 0.55.
[I 2025-05-26 03:15:50,121] Trial 16 finished with value: 0.5 and parameters: {'n_estimators': 192, 'max_depth': 13, 'min_samples_split': 4, 'min_samples_leaf': 7}. Best is trial 4 with value: 0.55.
[I 2025-05-26 03:15:50,293] Trial 17 finished with value: 0.5 and parameters: {'n_estimators': 114, 'max_depth': 16, 'min_samples_split': 7, 'min_samples_leaf': 1}. Best is trial 4 with value: 0.55.
[I 2025-05-26 03:15:50,700] Trial 18 finished with value: 0.5 and parameters: {'n_estimators': 326, 'max_depth': 8, 'min_samples_split': 4, 'min_samples_leaf': 4}. Best is trial 4 with value: 0.55.
[I 2025-05-26 03:15:51,187] Trial 19 finished with value: 0.5 and parameters: {'n_estimators': 397, 'max_depth': 3, 'min_samples_split': 6, 'min_samples_leaf': 7}. Best is trial 4 with value: 0.55.
[I 2025-05-26 03:15:54,893] A new study created in memory with name: svc
Parámetros guardados en checkpoint_adult_Dlatent_G/k-center/IPC_10/best_models_k-center_seed_5_space_original/rf_best_params.json


>>> Optuna tuning svc metodo k-center IPC 10 seed 5


[I 2025-05-26 03:15:56,690] Trial 0 finished with value: 0.45 and parameters: {'C': 0.07726319876517104, 'gamma': 0.3040389504793042}. Best is trial 0 with value: 0.45.
[I 2025-05-26 03:15:56,847] Trial 1 finished with value: 0.45 and parameters: {'C': 0.06712381339142241, 'gamma': 0.47254549996710477}. Best is trial 0 with value: 0.45.
[I 2025-05-26 03:15:56,864] Trial 2 finished with value: 0.55 and parameters: {'C': 0.8987621100554035, 'gamma': 0.027988231123708972}. Best is trial 2 with value: 0.55.
[I 2025-05-26 03:15:56,879] Trial 3 finished with value: 0.4 and parameters: {'C': 11.5779435007655, 'gamma': 0.011848734045499056}. Best is trial 2 with value: 0.55.
[I 2025-05-26 03:15:56,892] Trial 4 finished with value: 0.65 and parameters: {'C': 0.1538870258903583, 'gamma': 0.0005634883151169033}. Best is trial 4 with value: 0.65.
[I 2025-05-26 03:15:56,916] Trial 5 finished with value: 0.55 and parameters: {'C': 0.021036092656561454, 'gamma': 0.08990030906808326}. Best is trial 4 with value: 0.65.
[I 2025-05-26 03:15:56,931] Trial 6 finished with value: 0.65 and parameters: {'C': 0.5824208201678516, 'gamma': 0.00042977333932534993}. Best is trial 4 with value: 0.65.
[I 2025-05-26 03:15:56,943] Trial 7 finished with value: 0.55 and parameters: {'C': 33.09391330085814, 'gamma': 0.001248377256719358}. Best is trial 4 with value: 0.65.
[I 2025-05-26 03:15:56,958] Trial 8 finished with value: 0.65 and parameters: {'C': 0.45387898639622015, 'gamma': 0.0015286910781809498}. Best is trial 4 with value: 0.65.
[I 2025-05-26 03:15:56,971] Trial 9 finished with value: 0.5 and parameters: {'C': 3.274550070431994, 'gamma': 0.02086177421469992}. Best is trial 4 with value: 0.65.
[I 2025-05-26 03:15:57,004] Trial 10 finished with value: 0.65 and parameters: {'C': 0.01015031429029542, 'gamma': 0.00010813284331811526}. Best is trial 4 with value: 0.65.
[I 2025-05-26 03:15:57,656] Trial 11 finished with value: 0.65 and parameters: {'C': 0.2946546726762962, 'gamma': 0.000192696939064797}. Best is trial 4 with value: 0.65.
[I 2025-05-26 03:15:58,366] Trial 12 finished with value: 0.65 and parameters: {'C': 2.9648182303354678, 'gamma': 0.0011563341942962047}. Best is trial 4 with value: 0.65.
[I 2025-05-26 03:15:58,385] Trial 13 finished with value: 0.65 and parameters: {'C': 0.16280907414611331, 'gamma': 0.00038377823379388923}. Best is trial 4 with value: 0.65.
[I 2025-05-26 03:15:58,425] Trial 14 finished with value: 0.65 and parameters: {'C': 2.4218760021536427, 'gamma': 0.0032537811548427023}. Best is trial 4 with value: 0.65.
[I 2025-05-26 03:15:58,447] Trial 15 finished with value: 0.65 and parameters: {'C': 0.0664538826788088, 'gamma': 0.0005193501979899485}. Best is trial 4 with value: 0.65.
[I 2025-05-26 03:15:58,469] Trial 16 finished with value: 0.65 and parameters: {'C': 1.1898268486188273, 'gamma': 0.0025654002897082823}. Best is trial 4 with value: 0.65.
[I 2025-05-26 03:15:58,490] Trial 17 finished with value: 0.5 and parameters: {'C': 10.925526376097588, 'gamma': 0.0059603957535583315}. Best is trial 4 with value: 0.65.
[I 2025-05-26 03:15:58,532] Trial 18 finished with value: 0.65 and parameters: {'C': 0.1691641156930074, 'gamma': 0.00043494340597700513}. Best is trial 4 with value: 0.65.
[I 2025-05-26 03:15:58,553] Trial 19 finished with value: 0.65 and parameters: {'C': 0.6190876787824239, 'gamma': 0.0001500028787036726}. Best is trial 4 with value: 0.65.
[I 2025-05-26 03:16:02,487] A new study created in memory with name: logreg
Parámetros guardados en checkpoint_adult_Dlatent_G/k-center/IPC_10/best_models_k-center_seed_5_space_original/svc_best_params.json


>>> Optuna tuning logreg metodo k-center IPC 10 seed 5


[I 2025-05-26 03:16:04,490] Trial 0 finished with value: 0.7 and parameters: {'C': 0.012881482725481003, 'penalty': 'l2'}. Best is trial 0 with value: 0.7.
[I 2025-05-26 03:16:04,659] Trial 1 finished with value: 0.65 and parameters: {'C': 22.576755560681583, 'penalty': 'l2'}. Best is trial 0 with value: 0.7.
[I 2025-05-26 03:16:05,301] Trial 2 finished with value: 0.65 and parameters: {'C': 0.010804278656839932, 'penalty': 'l2'}. Best is trial 0 with value: 0.7.
[I 2025-05-26 03:16:05,327] Trial 3 finished with value: 0.65 and parameters: {'C': 39.17910760336117, 'penalty': 'l2'}. Best is trial 0 with value: 0.7.
[I 2025-05-26 03:16:05,352] Trial 4 finished with value: 0.6 and parameters: {'C': 0.2767298094062571, 'penalty': 'l2'}. Best is trial 0 with value: 0.7.
[I 2025-05-26 03:16:05,377] Trial 5 finished with value: 0.6 and parameters: {'C': 1.1447728330837224, 'penalty': 'l2'}. Best is trial 0 with value: 0.7.
[I 2025-05-26 03:16:05,401] Trial 6 finished with value: 0.65 and parameters: {'C': 6.753661388238877, 'penalty': 'l2'}. Best is trial 0 with value: 0.7.
[I 2025-05-26 03:16:05,417] Trial 7 finished with value: 0.55 and parameters: {'C': 0.39092184460352974, 'penalty': 'l2'}. Best is trial 0 with value: 0.7.
[I 2025-05-26 03:16:05,430] Trial 8 finished with value: 0.7 and parameters: {'C': 0.03047912590082646, 'penalty': 'l2'}. Best is trial 0 with value: 0.7.
[I 2025-05-26 03:16:05,453] Trial 9 finished with value: 0.65 and parameters: {'C': 0.008681727362499118, 'penalty': 'l2'}. Best is trial 0 with value: 0.7.
[I 2025-05-26 03:16:05,475] Trial 10 finished with value: 0.7 and parameters: {'C': 0.0010146302597657177, 'penalty': 'l2'}. Best is trial 0 with value: 0.7.
[I 2025-05-26 03:16:06,129] Trial 11 finished with value: 0.7 and parameters: {'C': 0.027752611050163804, 'penalty': 'l2'}. Best is trial 0 with value: 0.7.
[I 2025-05-26 03:16:06,788] Trial 12 finished with value: 0.65 and parameters: {'C': 0.07806066539229185, 'penalty': 'l2'}. Best is trial 0 with value: 0.7.
[I 2025-05-26 03:16:06,808] Trial 13 finished with value: 0.7 and parameters: {'C': 0.0027626023999601174, 'penalty': 'l2'}. Best is trial 0 with value: 0.7.
[I 2025-05-26 03:16:06,825] Trial 14 finished with value: 0.65 and parameters: {'C': 0.0892627938330142, 'penalty': 'l2'}. Best is trial 0 with value: 0.7.
[I 2025-05-26 03:16:07,491] Trial 15 finished with value: 0.7 and parameters: {'C': 0.021323289861524552, 'penalty': 'l2'}. Best is trial 0 with value: 0.7.
[I 2025-05-26 03:16:07,522] Trial 16 finished with value: 0.7 and parameters: {'C': 0.0035823185600286542, 'penalty': 'l2'}. Best is trial 0 with value: 0.7.
[I 2025-05-26 03:16:07,553] Trial 17 finished with value: 0.7 and parameters: {'C': 0.06892199099984839, 'penalty': 'l2'}. Best is trial 0 with value: 0.7.
[I 2025-05-26 03:16:07,584] Trial 18 finished with value: 0.6 and parameters: {'C': 1.1284295375599904, 'penalty': 'l2'}. Best is trial 0 with value: 0.7.
