[I 2025-05-26 03:18:50,643] Trial 7 finished with value: 0.85 and parameters: {'n_estimators': 10, 'max_depth': 30, 'gamma': 0.8165284487704038, 'subsample': 0.5255714015506736, 'colsample_bytree': 0.594333867896554}. Best is trial 1 with value: 0.9.
/data/home/rtabares/anaconda3/envs/pyth3.12/lib/python3.12/site-packages/xgboost/core.py:377: FutureWarning: Your system has an old version of glibc (< 2.28). We will stop supporting Linux distros with glibc older than 2.28 after **May 31, 2025**. Please upgrade to a recent Linux distro (with glibc >= 2.28) to use future versions of XGBoost.
Note: You have installed the 'manylinux2014' variant of XGBoost. Certain features such as GPU algorithms or federated learning are not available. To use these features, please upgrade to a recent Linux distro with glibc 2.28+, and install the 'manylinux_2_28' variant.
  warnings.warn(
/data/home/rtabares/anaconda3/envs/pyth3.12/lib/python3.12/site-packages/xgboost/core.py:377: FutureWarning: Your system has an old version of glibc (< 2.28). We will stop supporting Linux distros with glibc older than 2.28 after **May 31, 2025**. Please upgrade to a recent Linux distro (with glibc >= 2.28) to use future versions of XGBoost.
Note: You have installed the 'manylinux2014' variant of XGBoost. Certain features such as GPU algorithms or federated learning are not available. To use these features, please upgrade to a recent Linux distro with glibc 2.28+, and install the 'manylinux_2_28' variant.
  warnings.warn(
/data/home/rtabares/anaconda3/envs/pyth3.12/lib/python3.12/site-packages/xgboost/core.py:377: FutureWarning: Your system has an old version of glibc (< 2.28). We will stop supporting Linux distros with glibc older than 2.28 after **May 31, 2025**. Please upgrade to a recent Linux distro (with glibc >= 2.28) to use future versions of XGBoost.
Note: You have installed the 'manylinux2014' variant of XGBoost. Certain features such as GPU algorithms or federated learning are not available. To use these features, please upgrade to a recent Linux distro with glibc 2.28+, and install the 'manylinux_2_28' variant.
  warnings.warn(
[I 2025-05-26 03:18:50,701] Trial 8 finished with value: 0.9 and parameters: {'n_estimators': 100, 'max_depth': 20, 'gamma': 0.6251497693480509, 'subsample': 0.9696496759824258, 'colsample_bytree': 0.9717700410079397}. Best is trial 1 with value: 0.9.
/data/home/rtabares/anaconda3/envs/pyth3.12/lib/python3.12/site-packages/xgboost/core.py:377: FutureWarning: Your system has an old version of glibc (< 2.28). We will stop supporting Linux distros with glibc older than 2.28 after **May 31, 2025**. Please upgrade to a recent Linux distro (with glibc >= 2.28) to use future versions of XGBoost.
Note: You have installed the 'manylinux2014' variant of XGBoost. Certain features such as GPU algorithms or federated learning are not available. To use these features, please upgrade to a recent Linux distro with glibc 2.28+, and install the 'manylinux_2_28' variant.
  warnings.warn(
/data/home/rtabares/anaconda3/envs/pyth3.12/lib/python3.12/site-packages/xgboost/core.py:377: FutureWarning: Your system has an old version of glibc (< 2.28). We will stop supporting Linux distros with glibc older than 2.28 after **May 31, 2025**. Please upgrade to a recent Linux distro (with glibc >= 2.28) to use future versions of XGBoost.
Note: You have installed the 'manylinux2014' variant of XGBoost. Certain features such as GPU algorithms or federated learning are not available. To use these features, please upgrade to a recent Linux distro with glibc 2.28+, and install the 'manylinux_2_28' variant.
  warnings.warn(
/data/home/rtabares/anaconda3/envs/pyth3.12/lib/python3.12/site-packages/xgboost/core.py:377: FutureWarning: Your system has an old version of glibc (< 2.28). We will stop supporting Linux distros with glibc older than 2.28 after **May 31, 2025**. Please upgrade to a recent Linux distro (with glibc >= 2.28) to use future versions of XGBoost.
Note: You have installed the 'manylinux2014' variant of XGBoost. Certain features such as GPU algorithms or federated learning are not available. To use these features, please upgrade to a recent Linux distro with glibc 2.28+, and install the 'manylinux_2_28' variant.
  warnings.warn(
[I 2025-05-26 03:18:50,757] Trial 9 finished with value: 0.8 and parameters: {'n_estimators': 40, 'max_depth': 30, 'gamma': 0.9649927737686168, 'subsample': 0.6857563076640036, 'colsample_bytree': 0.5061847058001788}. Best is trial 1 with value: 0.9.
/data/home/rtabares/anaconda3/envs/pyth3.12/lib/python3.12/site-packages/xgboost/core.py:377: FutureWarning: Your system has an old version of glibc (< 2.28). We will stop supporting Linux distros with glibc older than 2.28 after **May 31, 2025**. Please upgrade to a recent Linux distro (with glibc >= 2.28) to use future versions of XGBoost.
Note: You have installed the 'manylinux2014' variant of XGBoost. Certain features such as GPU algorithms or federated learning are not available. To use these features, please upgrade to a recent Linux distro with glibc 2.28+, and install the 'manylinux_2_28' variant.
  warnings.warn(
/data/home/rtabares/anaconda3/envs/pyth3.12/lib/python3.12/site-packages/xgboost/core.py:377: FutureWarning: Your system has an old version of glibc (< 2.28). We will stop supporting Linux distros with glibc older than 2.28 after **May 31, 2025**. Please upgrade to a recent Linux distro (with glibc >= 2.28) to use future versions of XGBoost.
Note: You have installed the 'manylinux2014' variant of XGBoost. Certain features such as GPU algorithms or federated learning are not available. To use these features, please upgrade to a recent Linux distro with glibc 2.28+, and install the 'manylinux_2_28' variant.
  warnings.warn(
[I 2025-05-26 03:18:50,813] Trial 10 finished with value: 0.85 and parameters: {'n_estimators': 100, 'max_depth': 30, 'gamma': 0.14652420766939808, 'subsample': 0.7882149445367822, 'colsample_bytree': 0.774073623852926}. Best is trial 1 with value: 0.9.
/data/home/rtabares/anaconda3/envs/pyth3.12/lib/python3.12/site-packages/xgboost/core.py:377: FutureWarning: Your system has an old version of glibc (< 2.28). We will stop supporting Linux distros with glibc older than 2.28 after **May 31, 2025**. Please upgrade to a recent Linux distro (with glibc >= 2.28) to use future versions of XGBoost.
Note: You have installed the 'manylinux2014' variant of XGBoost. Certain features such as GPU algorithms or federated learning are not available. To use these features, please upgrade to a recent Linux distro with glibc 2.28+, and install the 'manylinux_2_28' variant.
  warnings.warn(
/data/home/rtabares/anaconda3/envs/pyth3.12/lib/python3.12/site-packages/xgboost/core.py:377: FutureWarning: Your system has an old version of glibc (< 2.28). We will stop supporting Linux distros with glibc older than 2.28 after **May 31, 2025**. Please upgrade to a recent Linux distro (with glibc >= 2.28) to use future versions of XGBoost.
Note: You have installed the 'manylinux2014' variant of XGBoost. Certain features such as GPU algorithms or federated learning are not available. To use these features, please upgrade to a recent Linux distro with glibc 2.28+, and install the 'manylinux_2_28' variant.
  warnings.warn(
/data/home/rtabares/anaconda3/envs/pyth3.12/lib/python3.12/site-packages/xgboost/core.py:377: FutureWarning: Your system has an old version of glibc (< 2.28). We will stop supporting Linux distros with glibc older than 2.28 after **May 31, 2025**. Please upgrade to a recent Linux distro (with glibc >= 2.28) to use future versions of XGBoost.
Note: You have installed the 'manylinux2014' variant of XGBoost. Certain features such as GPU algorithms or federated learning are not available. To use these features, please upgrade to a recent Linux distro with glibc 2.28+, and install the 'manylinux_2_28' variant.
  warnings.warn(
[I 2025-05-26 03:18:51,482] Trial 11 finished with value: 0.85 and parameters: {'n_estimators': 100, 'max_depth': 20, 'gamma': 0.3599371982830902, 'subsample': 0.8474986553720296, 'colsample_bytree': 0.9524460889572228}. Best is trial 1 with value: 0.9.
[I 2025-05-26 03:18:51,536] Trial 12 finished with value: 0.85 and parameters: {'n_estimators': 100, 'max_depth': 20, 'gamma': 0.18613625008087603, 'subsample': 0.6726644249254942, 'colsample_bytree': 0.8624460667560139}. Best is trial 1 with value: 0.9.
/data/home/rtabares/anaconda3/envs/pyth3.12/lib/python3.12/site-packages/xgboost/core.py:377: FutureWarning: Your system has an old version of glibc (< 2.28). We will stop supporting Linux distros with glibc older than 2.28 after **May 31, 2025**. Please upgrade to a recent Linux distro (with glibc >= 2.28) to use future versions of XGBoost.
Note: You have installed the 'manylinux2014' variant of XGBoost. Certain features such as GPU algorithms or federated learning are not available. To use these features, please upgrade to a recent Linux distro with glibc 2.28+, and install the 'manylinux_2_28' variant.
  warnings.warn(
[I 2025-05-26 03:18:52,215] Trial 13 finished with value: 0.8 and parameters: {'n_estimators': 100, 'max_depth': 20, 'gamma': 0.6143565345460473, 'subsample': 0.8673441704217121, 'colsample_bytree': 0.6906467854543743}. Best is trial 1 with value: 0.9.
/data/home/rtabares/anaconda3/envs/pyth3.12/lib/python3.12/site-packages/xgboost/core.py:377: FutureWarning: Your system has an old version of glibc (< 2.28). We will stop supporting Linux distros with glibc older than 2.28 after **May 31, 2025**. Please upgrade to a recent Linux distro (with glibc >= 2.28) to use future versions of XGBoost.
Note: You have installed the 'manylinux2014' variant of XGBoost. Certain features such as GPU algorithms or federated learning are not available. To use these features, please upgrade to a recent Linux distro with glibc 2.28+, and install the 'manylinux_2_28' variant.
  warnings.warn(
[I 2025-05-26 03:18:52,878] Trial 14 finished with value: 0.9 and parameters: {'n_estimators': 100, 'max_depth': 30, 'gamma': 0.34587952970391056, 'subsample': 0.6592169147512574, 'colsample_bytree': 0.8526338303527864}. Best is trial 1 with value: 0.9.
[I 2025-05-26 03:18:52,957] Trial 15 finished with value: 0.85 and parameters: {'n_estimators': 100, 'max_depth': 30, 'gamma': 0.4818316817688257, 'subsample': 0.8907514962293592, 'colsample_bytree': 0.6877103829957787}. Best is trial 1 with value: 0.9.
[I 2025-05-26 03:18:53,002] Trial 16 finished with value: 0.85 and parameters: {'n_estimators': 100, 'max_depth': 20, 'gamma': 0.674827715210756, 'subsample': 0.8114665455225079, 'colsample_bytree': 0.9064463964270526}. Best is trial 1 with value: 0.9.
/data/home/rtabares/anaconda3/envs/pyth3.12/lib/python3.12/site-packages/xgboost/core.py:377: FutureWarning: Your system has an old version of glibc (< 2.28). We will stop supporting Linux distros with glibc older than 2.28 after **May 31, 2025**. Please upgrade to a recent Linux distro (with glibc >= 2.28) to use future versions of XGBoost.
Note: You have installed the 'manylinux2014' variant of XGBoost. Certain features such as GPU algorithms or federated learning are not available. To use these features, please upgrade to a recent Linux distro with glibc 2.28+, and install the 'manylinux_2_28' variant.
  warnings.warn(
[I 2025-05-26 03:18:54,006] Trial 17 finished with value: 0.85 and parameters: {'n_estimators': 100, 'max_depth': 30, 'gamma': 0.2944637291203513, 'subsample': 0.7198544311435996, 'colsample_bytree': 0.7221303221340034}. Best is trial 1 with value: 0.9.
/data/home/rtabares/anaconda3/envs/pyth3.12/lib/python3.12/site-packages/xgboost/core.py:377: FutureWarning: Your system has an old version of glibc (< 2.28). We will stop supporting Linux distros with glibc older than 2.28 after **May 31, 2025**. Please upgrade to a recent Linux distro (with glibc >= 2.28) to use future versions of XGBoost.
Note: You have installed the 'manylinux2014' variant of XGBoost. Certain features such as GPU algorithms or federated learning are not available. To use these features, please upgrade to a recent Linux distro with glibc 2.28+, and install the 'manylinux_2_28' variant.
  warnings.warn(
[I 2025-05-26 03:18:54,917] Trial 18 finished with value: 0.85 and parameters: {'n_estimators': 40, 'max_depth': 20, 'gamma': 0.46951533626903036, 'subsample': 0.6053894608528367, 'colsample_bytree': 0.9987802811978332}. Best is trial 1 with value: 0.9.
[I 2025-05-26 03:18:54,951] Trial 19 finished with value: 0.9 and parameters: {'n_estimators': 10, 'max_depth': 5, 'gamma': 0.24972186480441236, 'subsample': 0.9291606393782892, 'colsample_bytree': 0.807169153415412}. Best is trial 1 with value: 0.9.
[I 2025-05-26 03:18:58,554] A new study created in memory with name: rf
Parámetros guardados en checkpoint_adult_Dlatent_G/ag/IPC_10/best_models_ag_seed_5_space_original/xgb_best_params.json


>>> Optuna tuning rf metodo ag IPC 10 seed 5


[I 2025-05-26 03:18:59,953] Trial 0 finished with value: 0.5 and parameters: {'n_estimators': 189, 'max_depth': 18, 'min_samples_split': 3, 'min_samples_leaf': 10}. Best is trial 0 with value: 0.5.
[I 2025-05-26 03:19:00,406] Trial 1 finished with value: 1.0 and parameters: {'n_estimators': 295, 'max_depth': 14, 'min_samples_split': 8, 'min_samples_leaf': 6}. Best is trial 1 with value: 1.0.
[I 2025-05-26 03:19:00,696] Trial 2 finished with value: 0.5 and parameters: {'n_estimators': 219, 'max_depth': 6, 'min_samples_split': 2, 'min_samples_leaf': 8}. Best is trial 1 with value: 1.0.
[I 2025-05-26 03:19:01,046] Trial 3 finished with value: 0.9 and parameters: {'n_estimators': 276, 'max_depth': 5, 'min_samples_split': 9, 'min_samples_leaf': 3}. Best is trial 1 with value: 1.0.
[I 2025-05-26 03:19:01,378] Trial 4 finished with value: 0.85 and parameters: {'n_estimators': 266, 'max_depth': 8, 'min_samples_split': 7, 'min_samples_leaf': 6}. Best is trial 1 with value: 1.0.
[I 2025-05-26 03:19:01,799] Trial 5 finished with value: 0.95 and parameters: {'n_estimators': 340, 'max_depth': 7, 'min_samples_split': 4, 'min_samples_leaf': 3}. Best is trial 1 with value: 1.0.
[I 2025-05-26 03:19:02,150] Trial 6 finished with value: 0.5 and parameters: {'n_estimators': 231, 'max_depth': 5, 'min_samples_split': 3, 'min_samples_leaf': 10}. Best is trial 1 with value: 1.0.
[I 2025-05-26 03:19:02,814] Trial 7 finished with value: 0.95 and parameters: {'n_estimators': 485, 'max_depth': 6, 'min_samples_split': 2, 'min_samples_leaf': 3}. Best is trial 1 with value: 1.0.
[I 2025-05-26 03:19:03,259] Trial 8 finished with value: 0.9 and parameters: {'n_estimators': 380, 'max_depth': 17, 'min_samples_split': 2, 'min_samples_leaf': 6}. Best is trial 1 with value: 1.0.
[I 2025-05-26 03:19:03,407] Trial 9 finished with value: 0.5 and parameters: {'n_estimators': 100, 'max_depth': 12, 'min_samples_split': 7, 'min_samples_leaf': 10}. Best is trial 1 with value: 1.0.
[I 2025-05-26 03:19:04,503] Trial 10 finished with value: 0.95 and parameters: {'n_estimators': 446, 'max_depth': 13, 'min_samples_split': 10, 'min_samples_leaf': 5}. Best is trial 1 with value: 1.0.
[I 2025-05-26 03:19:05,463] Trial 11 finished with value: 0.9 and parameters: {'n_estimators': 357, 'max_depth': 10, 'min_samples_split': 5, 'min_samples_leaf': 1}. Best is trial 1 with value: 1.0.
[I 2025-05-26 03:19:07,479] Trial 12 finished with value: 0.95 and parameters: {'n_estimators': 379, 'max_depth': 16, 'min_samples_split': 5, 'min_samples_leaf': 3}. Best is trial 1 with value: 1.0.
[I 2025-05-26 03:19:09,886] Trial 13 finished with value: 0.95 and parameters: {'n_estimators': 338, 'max_depth': 14, 'min_samples_split': 8, 'min_samples_leaf': 5}. Best is trial 1 with value: 1.0.
[I 2025-05-26 03:19:10,763] Trial 14 finished with value: 0.85 and parameters: {'n_estimators': 312, 'max_depth': 20, 'min_samples_split': 5, 'min_samples_leaf': 1}. Best is trial 1 with value: 1.0.
[I 2025-05-26 03:19:11,755] Trial 15 finished with value: 0.5 and parameters: {'n_estimators': 433, 'max_depth': 3, 'min_samples_split': 6, 'min_samples_leaf': 7}. Best is trial 1 with value: 1.0.
[I 2025-05-26 03:19:12,440] Trial 16 finished with value: 0.95 and parameters: {'n_estimators': 182, 'max_depth': 10, 'min_samples_split': 4, 'min_samples_leaf': 4}. Best is trial 1 with value: 1.0.
[I 2025-05-26 03:19:13,425] Trial 17 finished with value: 0.5 and parameters: {'n_estimators': 302, 'max_depth': 9, 'min_samples_split': 8, 'min_samples_leaf': 8}. Best is trial 1 with value: 1.0.
[I 2025-05-26 03:19:14,965] Trial 18 finished with value: 0.85 and parameters: {'n_estimators': 409, 'max_depth': 15, 'min_samples_split': 10, 'min_samples_leaf': 2}. Best is trial 1 with value: 1.0.
[I 2025-05-26 03:19:16,190] Trial 19 finished with value: 0.9 and parameters: {'n_estimators': 328, 'max_depth': 11, 'min_samples_split': 6, 'min_samples_leaf': 4}. Best is trial 1 with value: 1.0.
[I 2025-05-26 03:19:28,913] A new study created in memory with name: svc
Parámetros guardados en checkpoint_adult_Dlatent_G/ag/IPC_10/best_models_ag_seed_5_space_original/rf_best_params.json


>>> Optuna tuning svc metodo ag IPC 10 seed 5


[I 2025-05-26 03:19:31,477] Trial 0 finished with value: 0.8 and parameters: {'C': 0.07726319876517104, 'gamma': 0.3040389504793042}. Best is trial 0 with value: 0.8.
[I 2025-05-26 03:19:31,699] Trial 1 finished with value: 0.75 and parameters: {'C': 0.06712381339142241, 'gamma': 0.47254549996710477}. Best is trial 0 with value: 0.8.
[I 2025-05-26 03:19:31,714] Trial 2 finished with value: 0.7 and parameters: {'C': 0.8987621100554035, 'gamma': 0.027988231123708972}. Best is trial 0 with value: 0.8.
[I 2025-05-26 03:19:31,729] Trial 3 finished with value: 0.7 and parameters: {'C': 11.5779435007655, 'gamma': 0.011848734045499056}. Best is trial 0 with value: 0.8.
[I 2025-05-26 03:19:31,752] Trial 4 finished with value: 0.6 and parameters: {'C': 0.1538870258903583, 'gamma': 0.0005634883151169033}. Best is trial 0 with value: 0.8.
[I 2025-05-26 03:19:31,765] Trial 5 finished with value: 0.7 and parameters: {'C': 0.021036092656561454, 'gamma': 0.08990030906808326}. Best is trial 0 with value: 0.8.
[I 2025-05-26 03:19:31,787] Trial 6 finished with value: 0.6 and parameters: {'C': 0.5824208201678516, 'gamma': 0.00042977333932534993}. Best is trial 0 with value: 0.8.
[I 2025-05-26 03:19:31,800] Trial 7 finished with value: 0.85 and parameters: {'C': 33.09391330085814, 'gamma': 0.001248377256719358}. Best is trial 7 with value: 0.85.
[I 2025-05-26 03:19:31,823] Trial 8 finished with value: 0.6 and parameters: {'C': 0.45387898639622015, 'gamma': 0.0015286910781809498}. Best is trial 7 with value: 0.85.
[I 2025-05-26 03:19:31,836] Trial 9 finished with value: 0.8 and parameters: {'C': 3.274550070431994, 'gamma': 0.02086177421469992}. Best is trial 7 with value: 0.85.
[I 2025-05-26 03:19:31,869] Trial 10 finished with value: 0.7 and parameters: {'C': 92.21380870365533, 'gamma': 0.00011081406546803206}. Best is trial 7 with value: 0.85.
[I 2025-05-26 03:19:33,265] Trial 11 finished with value: 0.7 and parameters: {'C': 86.56696084802483, 'gamma': 0.963703370430715}. Best is trial 7 with value: 0.85.
[I 2025-05-26 03:19:34,335] Trial 12 finished with value: 0.6 and parameters: {'C': 0.010302751971708707, 'gamma': 0.002908493746807685}. Best is trial 7 with value: 0.85.
[I 2025-05-26 03:19:34,357] Trial 13 finished with value: 0.6 and parameters: {'C': 16.43239873728866, 'gamma': 0.15971206751256156}. Best is trial 7 with value: 0.85.
[I 2025-05-26 03:19:34,385] Trial 14 finished with value: 0.85 and parameters: {'C': 4.1582549990633, 'gamma': 0.0038294788126393108}. Best is trial 7 with value: 0.85.
[I 2025-05-26 03:19:34,417] Trial 15 finished with value: 0.85 and parameters: {'C': 3.856381800265648, 'gamma': 0.0038226757703941194}. Best is trial 7 with value: 0.85.
[I 2025-05-26 03:19:34,437] Trial 16 finished with value: 0.85 and parameters: {'C': 26.10676761254514, 'gamma': 0.0009348004011912332}. Best is trial 7 with value: 0.85.
[I 2025-05-26 03:19:34,466] Trial 17 finished with value: 0.6 and parameters: {'C': 3.6198467684874767, 'gamma': 0.00015507919875522774}. Best is trial 7 with value: 0.85.
[I 2025-05-26 03:19:34,499] Trial 18 finished with value: 0.7 and parameters: {'C': 33.281818906488915, 'gamma': 0.005072989558757823}. Best is trial 7 with value: 0.85.
[I 2025-05-26 03:19:34,520] Trial 19 finished with value: 0.6 and parameters: {'C': 9.205860468276256, 'gamma': 0.00030096996960508155}. Best is trial 7 with value: 0.85.
[I 2025-05-26 03:19:42,072] A new study created in memory with name: logreg
Parámetros guardados en checkpoint_adult_Dlatent_G/ag/IPC_10/best_models_ag_seed_5_space_original/svc_best_params.json


>>> Optuna tuning logreg metodo ag IPC 10 seed 5


[I 2025-05-26 03:19:43,308] Trial 0 finished with value: 0.85 and parameters: {'C': 0.012881482725481003, 'penalty': 'l2'}. Best is trial 0 with value: 0.85.
[I 2025-05-26 03:19:44,716] Trial 1 finished with value: 0.8 and parameters: {'C': 22.576755560681583, 'penalty': 'l2'}. Best is trial 0 with value: 0.85.
[I 2025-05-26 03:19:44,740] Trial 2 finished with value: 0.8 and parameters: {'C': 0.010804278656839932, 'penalty': 'l2'}. Best is trial 0 with value: 0.85.
[I 2025-05-26 03:19:46,325] Trial 3 finished with value: 0.75 and parameters: {'C': 39.17910760336117, 'penalty': 'l2'}. Best is trial 0 with value: 0.85.
[I 2025-05-26 03:19:46,349] Trial 4 finished with value: 0.85 and parameters: {'C': 0.2767298094062571, 'penalty': 'l2'}. Best is trial 0 with value: 0.85.
[I 2025-05-26 03:19:46,372] Trial 5 finished with value: 0.85 and parameters: {'C': 1.1447728330837224, 'penalty': 'l2'}. Best is trial 0 with value: 0.85.
[I 2025-05-26 03:19:46,396] Trial 6 finished with value: 0.8 and parameters: {'C': 6.753661388238877, 'penalty': 'l2'}. Best is trial 0 with value: 0.85.
