[I 2025-05-18 17:50:56,607] Trial 3 finished with value: 0.9666666666666666 and parameters: {'n_estimators': 405, 'max_depth': 15, 'min_samples_split': 7, 'min_samples_leaf': 5}. Best is trial 0 with value: 0.9666666666666666.
[I 2025-05-18 17:50:56,966] Trial 4 finished with value: 0.9666666666666666 and parameters: {'n_estimators': 215, 'max_depth': 20, 'min_samples_split': 5, 'min_samples_leaf': 3}. Best is trial 0 with value: 0.9666666666666666.
[I 2025-05-18 17:50:57,157] Trial 5 finished with value: 1.0 and parameters: {'n_estimators': 126, 'max_depth': 20, 'min_samples_split': 3, 'min_samples_leaf': 4}. Best is trial 5 with value: 1.0.
[I 2025-05-18 17:50:57,415] Trial 6 finished with value: 0.9666666666666666 and parameters: {'n_estimators': 128, 'max_depth': 7, 'min_samples_split': 5, 'min_samples_leaf': 9}. Best is trial 5 with value: 1.0.
[I 2025-05-18 17:50:57,732] Trial 7 finished with value: 0.9666666666666666 and parameters: {'n_estimators': 238, 'max_depth': 20, 'min_samples_split': 2, 'min_samples_leaf': 4}. Best is trial 5 with value: 1.0.
[I 2025-05-18 17:50:58,100] Trial 8 finished with value: 0.9666666666666666 and parameters: {'n_estimators': 252, 'max_depth': 16, 'min_samples_split': 10, 'min_samples_leaf': 4}. Best is trial 5 with value: 1.0.
[I 2025-05-18 17:50:58,517] Trial 9 finished with value: 0.9666666666666666 and parameters: {'n_estimators': 273, 'max_depth': 7, 'min_samples_split': 9, 'min_samples_leaf': 7}. Best is trial 5 with value: 1.0.
[I 2025-05-18 17:51:03,911] A new study created in memory with name: svc
Parámetros guardados en checkpoint_shoppers_Dlatent_F/lc/IPC_17/best_models_lc_seed_8_space_latent/rf_best_params.json


>>> Optuna tuning svc metodo lc IPC 17 seed 8


[I 2025-05-18 17:51:04,688] Trial 0 finished with value: 0.5 and parameters: {'C': 31.168622654226873, 'gamma': 0.7484497562485191}. Best is trial 0 with value: 0.5.
[I 2025-05-18 17:51:05,903] Trial 1 finished with value: 0.9416666666666667 and parameters: {'C': 29.976309274600954, 'gamma': 0.013286872459026702}. Best is trial 1 with value: 0.9416666666666667.
[I 2025-05-18 17:51:07,238] Trial 2 finished with value: 0.5666666666666667 and parameters: {'C': 0.08529298465080307, 'gamma': 0.00011106960237430257}. Best is trial 1 with value: 0.9416666666666667.
[I 2025-05-18 17:51:07,252] Trial 3 finished with value: 0.975 and parameters: {'C': 0.5270784658374341, 'gamma': 0.004068229457500922}. Best is trial 3 with value: 0.975.
[I 2025-05-18 17:51:07,266] Trial 4 finished with value: 0.9416666666666667 and parameters: {'C': 1.2322495987505253, 'gamma': 0.008195343912941565}. Best is trial 3 with value: 0.975.
[I 2025-05-18 17:51:07,290] Trial 5 finished with value: 0.9083333333333332 and parameters: {'C': 1.6650446929687996, 'gamma': 0.014912280706161869}. Best is trial 3 with value: 0.975.
[I 2025-05-18 17:51:07,315] Trial 6 finished with value: 0.5 and parameters: {'C': 11.055599623279033, 'gamma': 0.07071284267178823}. Best is trial 3 with value: 0.975.
[I 2025-05-18 17:51:07,335] Trial 7 finished with value: 0.9416666666666667 and parameters: {'C': 3.0111222251271013, 'gamma': 0.00506252384623837}. Best is trial 3 with value: 0.975.
[I 2025-05-18 17:51:07,355] Trial 8 finished with value: 0.6 and parameters: {'C': 0.1433177931243846, 'gamma': 0.7859971382309453}. Best is trial 3 with value: 0.975.
[I 2025-05-18 17:51:07,371] Trial 9 finished with value: 0.5666666666666667 and parameters: {'C': 0.21631975482828378, 'gamma': 0.0007502469581683287}. Best is trial 3 with value: 0.975.
[I 2025-05-18 17:51:15,574] A new study created in memory with name: logreg
Parámetros guardados en checkpoint_shoppers_Dlatent_F/lc/IPC_17/best_models_lc_seed_8_space_latent/svc_best_params.json


>>> Optuna tuning logreg metodo lc IPC 17 seed 8


[I 2025-05-18 17:51:16,717] Trial 0 finished with value: 0.9666666666666666 and parameters: {'C': 23.288794782471303, 'penalty': 'l2'}. Best is trial 0 with value: 0.9666666666666666.
[I 2025-05-18 17:51:18,216] Trial 1 finished with value: 0.9416666666666667 and parameters: {'C': 69.61507800412923, 'penalty': 'l2'}. Best is trial 0 with value: 0.9666666666666666.
[I 2025-05-18 17:51:18,240] Trial 2 finished with value: 0.9666666666666666 and parameters: {'C': 22.180569925473442, 'penalty': 'l2'}. Best is trial 0 with value: 0.9666666666666666.
[I 2025-05-18 17:51:19,352] Trial 3 finished with value: 1.0 and parameters: {'C': 0.4511058486037652, 'penalty': 'l2'}. Best is trial 3 with value: 1.0.
[I 2025-05-18 17:51:19,380] Trial 4 finished with value: 0.975 and parameters: {'C': 0.014576110093994574, 'penalty': 'l2'}. Best is trial 3 with value: 1.0.
[I 2025-05-18 17:51:19,397] Trial 5 finished with value: 0.95 and parameters: {'C': 0.0011402340906886685, 'penalty': 'l2'}. Best is trial 3 with value: 1.0.
[I 2025-05-18 17:51:19,432] Trial 6 finished with value: 0.9666666666666666 and parameters: {'C': 0.14201822862985758, 'penalty': 'l2'}. Best is trial 3 with value: 1.0.
[I 2025-05-18 17:51:19,448] Trial 7 finished with value: 0.9666666666666666 and parameters: {'C': 0.1027440782219989, 'penalty': 'l2'}. Best is trial 3 with value: 1.0.
[I 2025-05-18 17:51:19,471] Trial 8 finished with value: 1.0 and parameters: {'C': 0.41055690122086846, 'penalty': 'l2'}. Best is trial 3 with value: 1.0.
[I 2025-05-18 17:51:19,500] Trial 9 finished with value: 0.9666666666666666 and parameters: {'C': 0.24658064201770763, 'penalty': 'l2'}. Best is trial 3 with value: 1.0.
[I 2025-05-18 17:51:24,193] A new study created in memory with name: mlp
Parámetros guardados en checkpoint_shoppers_Dlatent_F/lc/IPC_17/best_models_lc_seed_8_space_latent/logreg_best_params.json


>>> Optuna tuning mlp metodo lc IPC 17 seed 8


/data/home/rtabares/anaconda3/envs/pyth3.12/lib/python3.12/site-packages/sklearn/neural_network/_multilayer_perceptron.py:691: ConvergenceWarning: Stochastic Optimizer: Maximum iterations (50) reached and the optimization hasn't converged yet.
  warnings.warn(
/data/home/rtabares/anaconda3/envs/pyth3.12/lib/python3.12/site-packages/sklearn/neural_network/_multilayer_perceptron.py:691: ConvergenceWarning: Stochastic Optimizer: Maximum iterations (50) reached and the optimization hasn't converged yet.
  warnings.warn(
/data/home/rtabares/anaconda3/envs/pyth3.12/lib/python3.12/site-packages/sklearn/neural_network/_multilayer_perceptron.py:691: ConvergenceWarning: Stochastic Optimizer: Maximum iterations (50) reached and the optimization hasn't converged yet.
  warnings.warn(
[I 2025-05-18 17:51:26,327] Trial 0 finished with value: 0.9416666666666667 and parameters: {'hidden_layer_sizes': (200,), 'max_iter': 50, 'alpha': 0.001}. Best is trial 0 with value: 0.9416666666666667.
/data/home/rtabares/anaconda3/envs/pyth3.12/lib/python3.12/site-packages/sklearn/neural_network/_multilayer_perceptron.py:691: ConvergenceWarning: Stochastic Optimizer: Maximum iterations (50) reached and the optimization hasn't converged yet.
  warnings.warn(
/data/home/rtabares/anaconda3/envs/pyth3.12/lib/python3.12/site-packages/sklearn/neural_network/_multilayer_perceptron.py:691: ConvergenceWarning: Stochastic Optimizer: Maximum iterations (50) reached and the optimization hasn't converged yet.
  warnings.warn(
/data/home/rtabares/anaconda3/envs/pyth3.12/lib/python3.12/site-packages/sklearn/neural_network/_multilayer_perceptron.py:691: ConvergenceWarning: Stochastic Optimizer: Maximum iterations (50) reached and the optimization hasn't converged yet.
  warnings.warn(
/data/home/rtabares/anaconda3/envs/pyth3.12/lib/python3.12/site-packages/sklearn/neural_network/_multilayer_perceptron.py:691: ConvergenceWarning: Stochastic Optimizer: Maximum iterations (50) reached and the optimization hasn't converged yet.
  warnings.warn(
/data/home/rtabares/anaconda3/envs/pyth3.12/lib/python3.12/site-packages/sklearn/neural_network/_multilayer_perceptron.py:691: ConvergenceWarning: Stochastic Optimizer: Maximum iterations (50) reached and the optimization hasn't converged yet.
  warnings.warn(
[I 2025-05-18 17:51:27,220] Trial 1 finished with value: 0.9166666666666666 and parameters: {'hidden_layer_sizes': (200,), 'max_iter': 50, 'alpha': 0.0001}. Best is trial 0 with value: 0.9416666666666667.
/data/home/rtabares/anaconda3/envs/pyth3.12/lib/python3.12/site-packages/sklearn/neural_network/_multilayer_perceptron.py:691: ConvergenceWarning: Stochastic Optimizer: Maximum iterations (50) reached and the optimization hasn't converged yet.
  warnings.warn(
/data/home/rtabares/anaconda3/envs/pyth3.12/lib/python3.12/site-packages/sklearn/neural_network/_multilayer_perceptron.py:691: ConvergenceWarning: Stochastic Optimizer: Maximum iterations (50) reached and the optimization hasn't converged yet.
  warnings.warn(
/data/home/rtabares/anaconda3/envs/pyth3.12/lib/python3.12/site-packages/sklearn/neural_network/_multilayer_perceptron.py:691: ConvergenceWarning: Stochastic Optimizer: Maximum iterations (50) reached and the optimization hasn't converged yet.
  warnings.warn(
/data/home/rtabares/anaconda3/envs/pyth3.12/lib/python3.12/site-packages/sklearn/neural_network/_multilayer_perceptron.py:691: ConvergenceWarning: Stochastic Optimizer: Maximum iterations (50) reached and the optimization hasn't converged yet.
  warnings.warn(
[I 2025-05-18 17:51:27,267] Trial 2 finished with value: 0.9666666666666666 and parameters: {'hidden_layer_sizes': (100,), 'max_iter': 50, 'alpha': 0.0001}. Best is trial 2 with value: 0.9666666666666666.
[I 2025-05-18 17:51:27,334] Trial 3 finished with value: 0.9166666666666666 and parameters: {'hidden_layer_sizes': (100,), 'max_iter': 100, 'alpha': 0.001}. Best is trial 2 with value: 0.9666666666666666.
[I 2025-05-18 17:51:27,400] Trial 4 finished with value: 0.9416666666666667 and parameters: {'hidden_layer_sizes': (200,), 'max_iter': 100, 'alpha': 0.001}. Best is trial 2 with value: 0.9666666666666666.
/data/home/rtabares/anaconda3/envs/pyth3.12/lib/python3.12/site-packages/sklearn/neural_network/_multilayer_perceptron.py:691: ConvergenceWarning: Stochastic Optimizer: Maximum iterations (50) reached and the optimization hasn't converged yet.
  warnings.warn(
/data/home/rtabares/anaconda3/envs/pyth3.12/lib/python3.12/site-packages/sklearn/neural_network/_multilayer_perceptron.py:691: ConvergenceWarning: Stochastic Optimizer: Maximum iterations (50) reached and the optimization hasn't converged yet.
  warnings.warn(
/data/home/rtabares/anaconda3/envs/pyth3.12/lib/python3.12/site-packages/sklearn/neural_network/_multilayer_perceptron.py:691: ConvergenceWarning: Stochastic Optimizer: Maximum iterations (50) reached and the optimization hasn't converged yet.
  warnings.warn(
/data/home/rtabares/anaconda3/envs/pyth3.12/lib/python3.12/site-packages/sklearn/neural_network/_multilayer_perceptron.py:691: ConvergenceWarning: Stochastic Optimizer: Maximum iterations (50) reached and the optimization hasn't converged yet.
  warnings.warn(
[I 2025-05-18 17:51:27,456] Trial 5 finished with value: 0.9166666666666666 and parameters: {'hidden_layer_sizes': (200,), 'max_iter': 50, 'alpha': 0.001}. Best is trial 2 with value: 0.9666666666666666.
[I 2025-05-18 17:51:27,522] Trial 6 finished with value: 0.9666666666666666 and parameters: {'hidden_layer_sizes': (100,), 'max_iter': 100, 'alpha': 0.0001}. Best is trial 2 with value: 0.9666666666666666.
/data/home/rtabares/anaconda3/envs/pyth3.12/lib/python3.12/site-packages/sklearn/neural_network/_multilayer_perceptron.py:691: ConvergenceWarning: Stochastic Optimizer: Maximum iterations (50) reached and the optimization hasn't converged yet.
  warnings.warn(
/data/home/rtabares/anaconda3/envs/pyth3.12/lib/python3.12/site-packages/sklearn/neural_network/_multilayer_perceptron.py:691: ConvergenceWarning: Stochastic Optimizer: Maximum iterations (50) reached and the optimization hasn't converged yet.
  warnings.warn(
/data/home/rtabares/anaconda3/envs/pyth3.12/lib/python3.12/site-packages/sklearn/neural_network/_multilayer_perceptron.py:691: ConvergenceWarning: Stochastic Optimizer: Maximum iterations (50) reached and the optimization hasn't converged yet.
  warnings.warn(
/data/home/rtabares/anaconda3/envs/pyth3.12/lib/python3.12/site-packages/sklearn/neural_network/_multilayer_perceptron.py:691: ConvergenceWarning: Stochastic Optimizer: Maximum iterations (50) reached and the optimization hasn't converged yet.
  warnings.warn(
[I 2025-05-18 17:51:27,590] Trial 7 finished with value: 0.9166666666666666 and parameters: {'hidden_layer_sizes': (100, 100), 'max_iter': 50, 'alpha': 0.0001}. Best is trial 2 with value: 0.9666666666666666.
[I 2025-05-18 17:51:27,657] Trial 8 finished with value: 0.9666666666666666 and parameters: {'hidden_layer_sizes': (100, 100), 'max_iter': 100, 'alpha': 0.0001}. Best is trial 2 with value: 0.9666666666666666.
/data/home/rtabares/anaconda3/envs/pyth3.12/lib/python3.12/site-packages/sklearn/neural_network/_multilayer_perceptron.py:691: ConvergenceWarning: Stochastic Optimizer: Maximum iterations (50) reached and the optimization hasn't converged yet.
  warnings.warn(
/data/home/rtabares/anaconda3/envs/pyth3.12/lib/python3.12/site-packages/sklearn/neural_network/_multilayer_perceptron.py:691: ConvergenceWarning: Stochastic Optimizer: Maximum iterations (50) reached and the optimization hasn't converged yet.
  warnings.warn(
/data/home/rtabares/anaconda3/envs/pyth3.12/lib/python3.12/site-packages/sklearn/neural_network/_multilayer_perceptron.py:691: ConvergenceWarning: Stochastic Optimizer: Maximum iterations (50) reached and the optimization hasn't converged yet.
  warnings.warn(
/data/home/rtabares/anaconda3/envs/pyth3.12/lib/python3.12/site-packages/sklearn/neural_network/_multilayer_perceptron.py:691: ConvergenceWarning: Stochastic Optimizer: Maximum iterations (50) reached and the optimization hasn't converged yet.
  warnings.warn(
[I 2025-05-18 17:51:27,703] Trial 9 finished with value: 0.9166666666666666 and parameters: {'hidden_layer_sizes': (100,), 'max_iter': 50, 'alpha': 0.001}. Best is trial 2 with value: 0.9666666666666666.
[I 2025-05-18 17:51:30,799] A new study created in memory with name: naive_bayes
Parámetros guardados en checkpoint_shoppers_Dlatent_F/lc/IPC_17/best_models_lc_seed_8_space_latent/mlp_best_params.json


>>> Optuna tuning naive_bayes metodo lc IPC 17 seed 8


[I 2025-05-18 17:51:34,491] Trial 0 finished with value: 0.875 and parameters: {'var_smoothing': 5.582886587978182e-09}. Best is trial 0 with value: 0.875.
[I 2025-05-18 17:51:35,329] Trial 1 finished with value: 0.875 and parameters: {'var_smoothing': 8.651299071518215e-09}. Best is trial 0 with value: 0.875.
[I 2025-05-18 17:51:36,170] Trial 2 finished with value: 0.875 and parameters: {'var_smoothing': 5.475062490474489e-09}. Best is trial 0 with value: 0.875.
[I 2025-05-18 17:51:36,195] Trial 3 finished with value: 0.875 and parameters: {'var_smoothing': 1.1526869678723134e-09}. Best is trial 0 with value: 0.875.
[I 2025-05-18 17:51:36,220] Trial 4 finished with value: 0.875 and parameters: {'var_smoothing': 2.920496270341785e-10}. Best is trial 0 with value: 0.875.
[I 2025-05-18 17:51:36,235] Trial 5 finished with value: 0.875 and parameters: {'var_smoothing': 1.0538956417705805e-10}. Best is trial 0 with value: 0.875.
[I 2025-05-18 17:51:36,250] Trial 6 finished with value: 0.875 and parameters: {'var_smoothing': 7.260016982331591e-10}. Best is trial 0 with value: 0.875.
[I 2025-05-18 17:51:36,265] Trial 7 finished with value: 0.875 and parameters: {'var_smoothing': 6.378267364653917e-10}. Best is trial 0 with value: 0.875.
[I 2025-05-18 17:51:36,290] Trial 8 finished with value: 0.875 and parameters: {'var_smoothing': 1.1100673847791952e-09}. Best is trial 0 with value: 0.875.
[I 2025-05-18 17:51:36,315] Trial 9 finished with value: 0.875 and parameters: {'var_smoothing': 9.052813879088377e-10}. Best is trial 0 with value: 0.875.
/data/home/rtabares/anaconda3/envs/pyth3.12/lib/python3.12/site-packages/xgboost/core.py:377: FutureWarning: Your system has an old version of glibc (< 2.28). We will stop supporting Linux distros with glibc older than 2.28 after **May 31, 2025**. Please upgrade to a recent Linux distro (with glibc >= 2.28) to use future versions of XGBoost.
Note: You have installed the 'manylinux2014' variant of XGBoost. Certain features such as GPU algorithms or federated learning are not available. To use these features, please upgrade to a recent Linux distro with glibc 2.28+, and install the 'manylinux_2_28' variant.
  warnings.warn(
/data/home/rtabares/anaconda3/envs/pyth3.12/lib/python3.12/site-packages/xgboost/core.py:377: FutureWarning: Your system has an old version of glibc (< 2.28). We will stop supporting Linux distros with glibc older than 2.28 after **May 31, 2025**. Please upgrade to a recent Linux distro (with glibc >= 2.28) to use future versions of XGBoost.
Note: You have installed the 'manylinux2014' variant of XGBoost. Certain features such as GPU algorithms or federated learning are not available. To use these features, please upgrade to a recent Linux distro with glibc 2.28+, and install the 'manylinux_2_28' variant.
  warnings.warn(
/data/home/rtabares/anaconda3/envs/pyth3.12/lib/python3.12/site-packages/xgboost/core.py:377: FutureWarning: Your system has an old version of glibc (< 2.28). We will stop supporting Linux distros with glibc older than 2.28 after **May 31, 2025**. Please upgrade to a recent Linux distro (with glibc >= 2.28) to use future versions of XGBoost.
Note: You have installed the 'manylinux2014' variant of XGBoost. Certain features such as GPU algorithms or federated learning are not available. To use these features, please upgrade to a recent Linux distro with glibc 2.28+, and install the 'manylinux_2_28' variant.
  warnings.warn(
[I 2025-05-18 17:51:39,886] A new study created in memory with name: knn
Parámetros guardados en checkpoint_shoppers_Dlatent_F/lc/IPC_17/best_models_lc_seed_8_space_latent/naive_bayes_best_params.json


>>> Optuna tuning knn metodo lc IPC 17 seed 8


[I 2025-05-18 17:51:42,430] Trial 0 finished with value: 0.925 and parameters: {'n_neighbors': 9, 'leaf_size': 40, 'p': 1}. Best is trial 0 with value: 0.925.
[I 2025-05-18 17:51:43,132] Trial 1 finished with value: 0.9666666666666666 and parameters: {'n_neighbors': 4, 'leaf_size': 20, 'p': 1}. Best is trial 1 with value: 0.9666666666666666.
[I 2025-05-18 17:51:43,998] Trial 2 finished with value: 0.95 and parameters: {'n_neighbors': 7, 'leaf_size': 30, 'p': 1}. Best is trial 1 with value: 0.9666666666666666.
[I 2025-05-18 17:51:45,259] Trial 3 finished with value: 0.925 and parameters: {'n_neighbors': 9, 'leaf_size': 34, 'p': 1}. Best is trial 1 with value: 0.9666666666666666.
[I 2025-05-18 17:51:45,415] Trial 4 finished with value: 0.95 and parameters: {'n_neighbors': 5, 'leaf_size': 40, 'p': 1}. Best is trial 1 with value: 0.9666666666666666.
[I 2025-05-18 17:51:45,557] Trial 5 finished with value: 0.975 and parameters: {'n_neighbors': 3, 'leaf_size': 40, 'p': 2}. Best is trial 5 with value: 0.975.
[I 2025-05-18 17:51:45,673] Trial 6 finished with value: 0.975 and parameters: {'n_neighbors': 3, 'leaf_size': 24, 'p': 2}. Best is trial 5 with value: 0.975.
[I 2025-05-18 17:51:45,698] Trial 7 finished with value: 0.975 and parameters: {'n_neighbors': 5, 'leaf_size': 40, 'p': 2}. Best is trial 5 with value: 0.975.
[I 2025-05-18 17:51:45,764] Trial 8 finished with value: 1.0 and parameters: {'n_neighbors': 6, 'leaf_size': 36, 'p': 1}. Best is trial 8 with value: 1.0.
[I 2025-05-18 17:51:45,859] Trial 9 finished with value: 1.0 and parameters: {'n_neighbors': 6, 'leaf_size': 25, 'p': 1}. Best is trial 8 with value: 1.0.
[I 2025-05-18 17:51:50,959] A new study created in memory with name: xgb
Parámetros guardados en checkpoint_shoppers_Dlatent_F/lc/IPC_17/best_models_lc_seed_8_space_latent/knn_best_params.json


>>> Optuna tuning xgb metodo lc IPC 17 seed 8


/data/home/rtabares/anaconda3/envs/pyth3.12/lib/python3.12/site-packages/xgboost/core.py:377: FutureWarning: Your system has an old version of glibc (< 2.28). We will stop supporting Linux distros with glibc older than 2.28 after **May 31, 2025**. Please upgrade to a recent Linux distro (with glibc >= 2.28) to use future versions of XGBoost.
Note: You have installed the 'manylinux2014' variant of XGBoost. Certain features such as GPU algorithms or federated learning are not available. To use these features, please upgrade to a recent Linux distro with glibc 2.28+, and install the 'manylinux_2_28' variant.
  warnings.warn(
/data/home/rtabares/anaconda3/envs/pyth3.12/lib/python3.12/site-packages/xgboost/core.py:377: FutureWarning: Your system has an old version of glibc (< 2.28). We will stop supporting Linux distros with glibc older than 2.28 after **May 31, 2025**. Please upgrade to a recent Linux distro (with glibc >= 2.28) to use future versions of XGBoost.
Note: You have installed the 'manylinux2014' variant of XGBoost. Certain features such as GPU algorithms or federated learning are not available. To use these features, please upgrade to a recent Linux distro with glibc 2.28+, and install the 'manylinux_2_28' variant.
  warnings.warn(
/data/home/rtabares/anaconda3/envs/pyth3.12/lib/python3.12/site-packages/xgboost/core.py:377: FutureWarning: Your system has an old version of glibc (< 2.28). We will stop supporting Linux distros with glibc older than 2.28 after **May 31, 2025**. Please upgrade to a recent Linux distro (with glibc >= 2.28) to use future versions of XGBoost.
Note: You have installed the 'manylinux2014' variant of XGBoost. Certain features such as GPU algorithms or federated learning are not available. To use these features, please upgrade to a recent Linux distro with glibc 2.28+, and install the 'manylinux_2_28' variant.
  warnings.warn(
