[I 2025-05-26 03:32:46,911] Trial 11 finished with value: 0.55 and parameters: {'n_estimators': 10, 'max_depth': 5, 'gamma': 0.5444358208013502, 'subsample': 0.6776206507796552, 'colsample_bytree': 0.9417304300325259}. Best is trial 6 with value: 0.65.
/data/home/rtabares/anaconda3/envs/pyth3.12/lib/python3.12/site-packages/xgboost/core.py:377: FutureWarning: Your system has an old version of glibc (< 2.28). We will stop supporting Linux distros with glibc older than 2.28 after **May 31, 2025**. Please upgrade to a recent Linux distro (with glibc >= 2.28) to use future versions of XGBoost.
Note: You have installed the 'manylinux2014' variant of XGBoost. Certain features such as GPU algorithms or federated learning are not available. To use these features, please upgrade to a recent Linux distro with glibc 2.28+, and install the 'manylinux_2_28' variant.
  warnings.warn(
/data/home/rtabares/anaconda3/envs/pyth3.12/lib/python3.12/site-packages/xgboost/core.py:377: FutureWarning: Your system has an old version of glibc (< 2.28). We will stop supporting Linux distros with glibc older than 2.28 after **May 31, 2025**. Please upgrade to a recent Linux distro (with glibc >= 2.28) to use future versions of XGBoost.
Note: You have installed the 'manylinux2014' variant of XGBoost. Certain features such as GPU algorithms or federated learning are not available. To use these features, please upgrade to a recent Linux distro with glibc 2.28+, and install the 'manylinux_2_28' variant.
  warnings.warn(
[I 2025-05-26 03:32:47,668] Trial 12 finished with value: 0.4 and parameters: {'n_estimators': 40, 'max_depth': 30, 'gamma': 0.926113134986906, 'subsample': 0.6848009387186493, 'colsample_bytree': 0.6339534905975921}. Best is trial 6 with value: 0.65.
[I 2025-05-26 03:32:47,710] Trial 13 finished with value: 0.5 and parameters: {'n_estimators': 10, 'max_depth': 20, 'gamma': 0.8135630275512373, 'subsample': 0.6608217790976321, 'colsample_bytree': 0.8972319300769244}. Best is trial 6 with value: 0.65.
[I 2025-05-26 03:32:47,761] Trial 14 finished with value: 0.65 and parameters: {'n_estimators': 100, 'max_depth': 5, 'gamma': 0.6155723847368, 'subsample': 0.5092555447804211, 'colsample_bytree': 0.5013541727082262}. Best is trial 6 with value: 0.65.
[I 2025-05-26 03:32:47,811] Trial 15 finished with value: 0.65 and parameters: {'n_estimators': 100, 'max_depth': 5, 'gamma': 0.5897624127864394, 'subsample': 0.5106228696341899, 'colsample_bytree': 0.5086250005062352}. Best is trial 6 with value: 0.65.
[I 2025-05-26 03:32:47,861] Trial 16 finished with value: 0.5 and parameters: {'n_estimators': 100, 'max_depth': 5, 'gamma': 0.42175425324442456, 'subsample': 0.8929509944863472, 'colsample_bytree': 0.7948565363248441}. Best is trial 6 with value: 0.65.
/data/home/rtabares/anaconda3/envs/pyth3.12/lib/python3.12/site-packages/xgboost/core.py:377: FutureWarning: Your system has an old version of glibc (< 2.28). We will stop supporting Linux distros with glibc older than 2.28 after **May 31, 2025**. Please upgrade to a recent Linux distro (with glibc >= 2.28) to use future versions of XGBoost.
Note: You have installed the 'manylinux2014' variant of XGBoost. Certain features such as GPU algorithms or federated learning are not available. To use these features, please upgrade to a recent Linux distro with glibc 2.28+, and install the 'manylinux_2_28' variant.
  warnings.warn(
[I 2025-05-26 03:32:48,569] Trial 17 finished with value: 0.6 and parameters: {'n_estimators': 100, 'max_depth': 5, 'gamma': 0.8118041445641506, 'subsample': 0.895837186015926, 'colsample_bytree': 0.5040559922371313}. Best is trial 6 with value: 0.65.
[I 2025-05-26 03:32:48,617] Trial 18 finished with value: 0.55 and parameters: {'n_estimators': 100, 'max_depth': 20, 'gamma': 0.6643421862128274, 'subsample': 0.5247680503632105, 'colsample_bytree': 0.5884623697281527}. Best is trial 6 with value: 0.65.
[I 2025-05-26 03:32:48,657] Trial 19 finished with value: 0.45 and parameters: {'n_estimators': 40, 'max_depth': 5, 'gamma': 0.9195313426682803, 'subsample': 0.6228879318566292, 'colsample_bytree': 0.9897388649997365}. Best is trial 6 with value: 0.65.
[I 2025-05-26 03:32:57,608] A new study created in memory with name: rf
Parámetros guardados en checkpoint_default_Dlatent_ft_H/ag/IPC_10/best_models_ag_seed_6_space_original/xgb_best_params.json


>>> Optuna tuning rf metodo ag IPC 10 seed 6


[I 2025-05-26 03:33:00,007] Trial 0 finished with value: 0.55 and parameters: {'n_estimators': 458, 'max_depth': 8, 'min_samples_split': 9, 'min_samples_leaf': 1}. Best is trial 0 with value: 0.55.
[I 2025-05-26 03:33:00,425] Trial 1 finished with value: 0.55 and parameters: {'n_estimators': 143, 'max_depth': 13, 'min_samples_split': 6, 'min_samples_leaf': 5}. Best is trial 0 with value: 0.55.
[I 2025-05-26 03:33:00,924] Trial 2 finished with value: 0.5 and parameters: {'n_estimators': 234, 'max_depth': 14, 'min_samples_split': 5, 'min_samples_leaf': 8}. Best is trial 0 with value: 0.55.
[I 2025-05-26 03:33:01,314] Trial 3 finished with value: 0.5 and parameters: {'n_estimators': 307, 'max_depth': 13, 'min_samples_split': 7, 'min_samples_leaf': 10}. Best is trial 0 with value: 0.55.
[I 2025-05-26 03:33:01,814] Trial 4 finished with value: 0.5 and parameters: {'n_estimators': 428, 'max_depth': 10, 'min_samples_split': 9, 'min_samples_leaf': 9}. Best is trial 0 with value: 0.55.
[I 2025-05-26 03:33:02,053] Trial 5 finished with value: 0.5 and parameters: {'n_estimators': 121, 'max_depth': 15, 'min_samples_split': 9, 'min_samples_leaf': 8}. Best is trial 0 with value: 0.55.
[I 2025-05-26 03:33:02,475] Trial 6 finished with value: 0.5 and parameters: {'n_estimators': 384, 'max_depth': 12, 'min_samples_split': 3, 'min_samples_leaf': 10}. Best is trial 0 with value: 0.55.
[I 2025-05-26 03:33:02,804] Trial 7 finished with value: 0.5 and parameters: {'n_estimators': 261, 'max_depth': 6, 'min_samples_split': 8, 'min_samples_leaf': 10}. Best is trial 0 with value: 0.55.
[I 2025-05-26 03:33:03,090] Trial 8 finished with value: 0.5 and parameters: {'n_estimators': 202, 'max_depth': 15, 'min_samples_split': 7, 'min_samples_leaf': 8}. Best is trial 0 with value: 0.55.
[I 2025-05-26 03:33:03,637] Trial 9 finished with value: 0.55 and parameters: {'n_estimators': 475, 'max_depth': 9, 'min_samples_split': 4, 'min_samples_leaf': 5}. Best is trial 0 with value: 0.55.
[I 2025-05-26 03:33:04,073] Trial 10 finished with value: 0.55 and parameters: {'n_estimators': 352, 'max_depth': 20, 'min_samples_split': 10, 'min_samples_leaf': 1}. Best is trial 0 with value: 0.55.
[I 2025-05-26 03:33:04,911] Trial 11 finished with value: 0.45 and parameters: {'n_estimators': 110, 'max_depth': 4, 'min_samples_split': 6, 'min_samples_leaf': 1}. Best is trial 0 with value: 0.55.
[I 2025-05-26 03:33:06,168] Trial 12 finished with value: 0.5 and parameters: {'n_estimators': 489, 'max_depth': 7, 'min_samples_split': 2, 'min_samples_leaf': 4}. Best is trial 0 with value: 0.55.
[I 2025-05-26 03:33:06,433] Trial 13 finished with value: 0.55 and parameters: {'n_estimators': 201, 'max_depth': 18, 'min_samples_split': 5, 'min_samples_leaf': 3}. Best is trial 0 with value: 0.55.
[I 2025-05-26 03:33:06,672] Trial 14 finished with value: 0.5 and parameters: {'n_estimators': 157, 'max_depth': 9, 'min_samples_split': 7, 'min_samples_leaf': 6}. Best is trial 0 with value: 0.55.
[I 2025-05-26 03:33:07,036] Trial 15 finished with value: 0.55 and parameters: {'n_estimators': 308, 'max_depth': 3, 'min_samples_split': 10, 'min_samples_leaf': 3}. Best is trial 0 with value: 0.55.
[I 2025-05-26 03:33:07,635] Trial 16 finished with value: 0.6 and parameters: {'n_estimators': 423, 'max_depth': 17, 'min_samples_split': 6, 'min_samples_leaf': 6}. Best is trial 16 with value: 0.6.
[I 2025-05-26 03:33:08,132] Trial 17 finished with value: 0.5 and parameters: {'n_estimators': 426, 'max_depth': 17, 'min_samples_split': 8, 'min_samples_leaf': 7}. Best is trial 16 with value: 0.6.
[I 2025-05-26 03:33:08,657] Trial 18 finished with value: 0.55 and parameters: {'n_estimators': 435, 'max_depth': 20, 'min_samples_split': 5, 'min_samples_leaf': 2}. Best is trial 16 with value: 0.6.
[I 2025-05-26 03:33:09,073] Trial 19 finished with value: 0.6 and parameters: {'n_estimators': 362, 'max_depth': 6, 'min_samples_split': 8, 'min_samples_leaf': 6}. Best is trial 16 with value: 0.6.
[I 2025-05-26 03:33:12,963] A new study created in memory with name: svc
Parámetros guardados en checkpoint_default_Dlatent_ft_H/ag/IPC_10/best_models_ag_seed_6_space_original/rf_best_params.json


>>> Optuna tuning svc metodo ag IPC 10 seed 6


[I 2025-05-26 03:33:14,765] Trial 0 finished with value: 0.45 and parameters: {'C': 37.27697013499731, 'gamma': 0.0021277432488243223}. Best is trial 0 with value: 0.45.
[I 2025-05-26 03:33:14,988] Trial 1 finished with value: 0.4 and parameters: {'C': 19.271543171162776, 'gamma': 0.00014682043379470554}. Best is trial 0 with value: 0.45.
[I 2025-05-26 03:33:15,004] Trial 2 finished with value: 0.5 and parameters: {'C': 0.0269542169583157, 'gamma': 0.023999835049635022}. Best is trial 2 with value: 0.5.
[I 2025-05-26 03:33:15,017] Trial 3 finished with value: 0.4 and parameters: {'C': 1.3160410886450586, 'gamma': 0.0047340159215720195}. Best is trial 2 with value: 0.5.
[I 2025-05-26 03:33:15,033] Trial 4 finished with value: 0.5 and parameters: {'C': 0.21959952535674737, 'gamma': 0.030908485742507576}. Best is trial 2 with value: 0.5.
[I 2025-05-26 03:33:15,048] Trial 5 finished with value: 0.4 and parameters: {'C': 0.5656733313644114, 'gamma': 0.08780685564625502}. Best is trial 2 with value: 0.5.
[I 2025-05-26 03:33:15,063] Trial 6 finished with value: 0.5 and parameters: {'C': 1.1807165425157664, 'gamma': 0.020674470756231633}. Best is trial 2 with value: 0.5.
[I 2025-05-26 03:33:15,078] Trial 7 finished with value: 0.3 and parameters: {'C': 3.8143486186647126, 'gamma': 0.9138966502602072}. Best is trial 2 with value: 0.5.
[I 2025-05-26 03:33:15,093] Trial 8 finished with value: 0.45 and parameters: {'C': 19.029737066374768, 'gamma': 0.004495766421289856}. Best is trial 2 with value: 0.5.
[I 2025-05-26 03:33:15,106] Trial 9 finished with value: 0.45 and parameters: {'C': 31.994153257994277, 'gamma': 0.19725941020937518}. Best is trial 2 with value: 0.5.
[I 2025-05-26 03:33:15,130] Trial 10 finished with value: 0.4 and parameters: {'C': 0.022458498023938945, 'gamma': 0.0006344004822646731}. Best is trial 2 with value: 0.5.
[I 2025-05-26 03:33:15,826] Trial 11 finished with value: 0.5 and parameters: {'C': 0.03285428821848597, 'gamma': 0.033736483455164556}. Best is trial 2 with value: 0.5.
[I 2025-05-26 03:33:16,542] Trial 12 finished with value: 0.4 and parameters: {'C': 0.1339504322046206, 'gamma': 0.12661204150461902}. Best is trial 2 with value: 0.5.
[I 2025-05-26 03:33:16,567] Trial 13 finished with value: 0.45 and parameters: {'C': 0.10096208275809461, 'gamma': 0.012999792142910782}. Best is trial 2 with value: 0.5.
[I 2025-05-26 03:33:16,592] Trial 14 finished with value: 0.45 and parameters: {'C': 0.011101715091503362, 'gamma': 0.05161444582457542}. Best is trial 2 with value: 0.5.
[I 2025-05-26 03:33:16,612] Trial 15 finished with value: 0.35 and parameters: {'C': 0.15685281772138507, 'gamma': 0.35508786052041785}. Best is trial 2 with value: 0.5.
[I 2025-05-26 03:33:16,632] Trial 16 finished with value: 0.4 and parameters: {'C': 0.3390440077276608, 'gamma': 0.0012594689345178107}. Best is trial 2 with value: 0.5.
[I 2025-05-26 03:33:16,652] Trial 17 finished with value: 0.45 and parameters: {'C': 0.046173232680233774, 'gamma': 0.007882906010030352}. Best is trial 2 with value: 0.5.
[I 2025-05-26 03:33:16,674] Trial 18 finished with value: 0.45 and parameters: {'C': 4.028013153789631, 'gamma': 0.0315577736206777}. Best is trial 2 with value: 0.5.
[I 2025-05-26 03:33:16,695] Trial 19 finished with value: 0.4 and parameters: {'C': 0.013018652321549997, 'gamma': 0.5349528776444162}. Best is trial 2 with value: 0.5.
[I 2025-05-26 03:33:19,803] A new study created in memory with name: logreg
Parámetros guardados en checkpoint_default_Dlatent_ft_H/ag/IPC_10/best_models_ag_seed_6_space_original/svc_best_params.json


>>> Optuna tuning logreg metodo ag IPC 10 seed 6


[I 2025-05-26 03:33:21,819] Trial 0 finished with value: 0.5 and parameters: {'C': 29.127335430981816, 'penalty': 'l2'}. Best is trial 0 with value: 0.5.
[I 2025-05-26 03:33:22,696] Trial 1 finished with value: 0.45 and parameters: {'C': 0.045698192893558344, 'penalty': 'l2'}. Best is trial 0 with value: 0.5.
[I 2025-05-26 03:33:22,723] Trial 2 finished with value: 0.45 and parameters: {'C': 12.768668597712947, 'penalty': 'l2'}. Best is trial 0 with value: 0.5.
[I 2025-05-26 03:33:23,373] Trial 3 finished with value: 0.45 and parameters: {'C': 0.0016161554408462638, 'penalty': 'l2'}. Best is trial 0 with value: 0.5.
[I 2025-05-26 03:33:23,399] Trial 4 finished with value: 0.45 and parameters: {'C': 0.0034536903703241734, 'penalty': 'l2'}. Best is trial 0 with value: 0.5.
[I 2025-05-26 03:33:23,424] Trial 5 finished with value: 0.45 and parameters: {'C': 0.9446269266990148, 'penalty': 'l2'}. Best is trial 0 with value: 0.5.
[I 2025-05-26 03:33:23,449] Trial 6 finished with value: 0.45 and parameters: {'C': 0.4457453393648168, 'penalty': 'l2'}. Best is trial 0 with value: 0.5.
[I 2025-05-26 03:33:23,474] Trial 7 finished with value: 0.45 and parameters: {'C': 0.12417585037258261, 'penalty': 'l2'}. Best is trial 0 with value: 0.5.
[I 2025-05-26 03:33:23,489] Trial 8 finished with value: 0.45 and parameters: {'C': 0.04753781830244093, 'penalty': 'l2'}. Best is trial 0 with value: 0.5.
[I 2025-05-26 03:33:23,512] Trial 9 finished with value: 0.45 and parameters: {'C': 1.2959766028194148, 'penalty': 'l2'}. Best is trial 0 with value: 0.5.
[I 2025-05-26 03:33:23,544] Trial 10 finished with value: 0.55 and parameters: {'C': 96.02411422716075, 'penalty': 'l2'}. Best is trial 10 with value: 0.55.
[I 2025-05-26 03:33:24,209] Trial 11 finished with value: 0.55 and parameters: {'C': 59.9697718692158, 'penalty': 'l2'}. Best is trial 10 with value: 0.55.
[I 2025-05-26 03:33:24,945] Trial 12 finished with value: 0.55 and parameters: {'C': 90.64427434136057, 'penalty': 'l2'}. Best is trial 10 with value: 0.55.
[I 2025-05-26 03:33:24,965] Trial 13 finished with value: 0.4 and parameters: {'C': 4.865673542589085, 'penalty': 'l2'}. Best is trial 10 with value: 0.55.
[I 2025-05-26 03:33:25,729] Trial 14 finished with value: 0.55 and parameters: {'C': 75.70410205106715, 'penalty': 'l2'}. Best is trial 10 with value: 0.55.
[I 2025-05-26 03:33:25,760] Trial 15 finished with value: 0.4 and parameters: {'C': 5.957789522733971, 'penalty': 'l2'}. Best is trial 10 with value: 0.55.
[I 2025-05-26 03:33:25,790] Trial 16 finished with value: 0.45 and parameters: {'C': 19.685556379423655, 'penalty': 'l2'}. Best is trial 10 with value: 0.55.
[I 2025-05-26 03:33:25,820] Trial 17 finished with value: 0.4 and parameters: {'C': 2.9846308196944142, 'penalty': 'l2'}. Best is trial 10 with value: 0.55.
[I 2025-05-26 03:33:25,848] Trial 18 finished with value: 0.5 and parameters: {'C': 47.611336786999125, 'penalty': 'l2'}. Best is trial 10 with value: 0.55.
[I 2025-05-26 03:33:25,876] Trial 19 finished with value: 0.45 and parameters: {'C': 12.171934770041055, 'penalty': 'l2'}. Best is trial 10 with value: 0.55.
/data/home/rtabares/anaconda3/envs/pyth3.12/lib/python3.12/site-packages/xgboost/core.py:377: FutureWarning: Your system has an old version of glibc (< 2.28). We will stop supporting Linux distros with glibc older than 2.28 after **May 31, 2025**. Please upgrade to a recent Linux distro (with glibc >= 2.28) to use future versions of XGBoost.
Note: You have installed the 'manylinux2014' variant of XGBoost. Certain features such as GPU algorithms or federated learning are not available. To use these features, please upgrade to a recent Linux distro with glibc 2.28+, and install the 'manylinux_2_28' variant.
  warnings.warn(
[I 2025-05-26 03:33:28,375] A new study created in memory with name: mlp
Parámetros guardados en checkpoint_default_Dlatent_ft_H/ag/IPC_10/best_models_ag_seed_6_space_original/logreg_best_params.json


>>> Optuna tuning mlp metodo ag IPC 10 seed 6


/data/home/rtabares/anaconda3/envs/pyth3.12/lib/python3.12/site-packages/sklearn/neural_network/_multilayer_perceptron.py:691: ConvergenceWarning: Stochastic Optimizer: Maximum iterations (100) reached and the optimization hasn't converged yet.
  warnings.warn(
/data/home/rtabares/anaconda3/envs/pyth3.12/lib/python3.12/site-packages/sklearn/neural_network/_multilayer_perceptron.py:691: ConvergenceWarning: Stochastic Optimizer: Maximum iterations (100) reached and the optimization hasn't converged yet.
  warnings.warn(
/data/home/rtabares/anaconda3/envs/pyth3.12/lib/python3.12/site-packages/sklearn/neural_network/_multilayer_perceptron.py:691: ConvergenceWarning: Stochastic Optimizer: Maximum iterations (100) reached and the optimization hasn't converged yet.
  warnings.warn(
/data/home/rtabares/anaconda3/envs/pyth3.12/lib/python3.12/site-packages/sklearn/neural_network/_multilayer_perceptron.py:691: ConvergenceWarning: Stochastic Optimizer: Maximum iterations (100) reached and the optimization hasn't converged yet.
  warnings.warn(
[I 2025-05-26 03:33:31,418] Trial 0 finished with value: 0.4 and parameters: {'hidden_layer_sizes': (100,), 'max_iter': 100, 'alpha': 0.0001}. Best is trial 0 with value: 0.4.
/data/home/rtabares/anaconda3/envs/pyth3.12/lib/python3.12/site-packages/sklearn/neural_network/_multilayer_perceptron.py:691: ConvergenceWarning: Stochastic Optimizer: Maximum iterations (100) reached and the optimization hasn't converged yet.
  warnings.warn(
/data/home/rtabares/anaconda3/envs/pyth3.12/lib/python3.12/site-packages/sklearn/neural_network/_multilayer_perceptron.py:691: ConvergenceWarning: Stochastic Optimizer: Maximum iterations (100) reached and the optimization hasn't converged yet.
  warnings.warn(
/data/home/rtabares/anaconda3/envs/pyth3.12/lib/python3.12/site-packages/sklearn/neural_network/_multilayer_perceptron.py:691: ConvergenceWarning: Stochastic Optimizer: Maximum iterations (100) reached and the optimization hasn't converged yet.
  warnings.warn(
/data/home/rtabares/anaconda3/envs/pyth3.12/lib/python3.12/site-packages/sklearn/neural_network/_multilayer_perceptron.py:691: ConvergenceWarning: Stochastic Optimizer: Maximum iterations (100) reached and the optimization hasn't converged yet.
  warnings.warn(
/data/home/rtabares/anaconda3/envs/pyth3.12/lib/python3.12/site-packages/sklearn/neural_network/_multilayer_perceptron.py:691: ConvergenceWarning: Stochastic Optimizer: Maximum iterations (100) reached and the optimization hasn't converged yet.
  warnings.warn(
[I 2025-05-26 03:33:31,805] Trial 1 finished with value: 0.4 and parameters: {'hidden_layer_sizes': (100, 100), 'max_iter': 100, 'alpha': 0.001}. Best is trial 0 with value: 0.4.
/data/home/rtabares/anaconda3/envs/pyth3.12/lib/python3.12/site-packages/sklearn/neural_network/_multilayer_perceptron.py:691: ConvergenceWarning: Stochastic Optimizer: Maximum iterations (100) reached and the optimization hasn't converged yet.
  warnings.warn(
/data/home/rtabares/anaconda3/envs/pyth3.12/lib/python3.12/site-packages/sklearn/neural_network/_multilayer_perceptron.py:691: ConvergenceWarning: Stochastic Optimizer: Maximum iterations (100) reached and the optimization hasn't converged yet.
  warnings.warn(
/data/home/rtabares/anaconda3/envs/pyth3.12/lib/python3.12/site-packages/sklearn/neural_network/_multilayer_perceptron.py:691: ConvergenceWarning: Stochastic Optimizer: Maximum iterations (100) reached and the optimization hasn't converged yet.
  warnings.warn(
/data/home/rtabares/anaconda3/envs/pyth3.12/lib/python3.12/site-packages/sklearn/neural_network/_multilayer_perceptron.py:691: ConvergenceWarning: Stochastic Optimizer: Maximum iterations (100) reached and the optimization hasn't converged yet.
  warnings.warn(
/data/home/rtabares/anaconda3/envs/pyth3.12/lib/python3.12/site-packages/sklearn/neural_network/_multilayer_perceptron.py:691: ConvergenceWarning: Stochastic Optimizer: Maximum iterations (100) reached and the optimization hasn't converged yet.
  warnings.warn(
[I 2025-05-26 03:33:31,884] Trial 2 finished with value: 0.45 and parameters: {'hidden_layer_sizes': (200,), 'max_iter': 100, 'alpha': 0.0001}. Best is trial 2 with value: 0.45.
/data/home/rtabares/anaconda3/envs/pyth3.12/lib/python3.12/site-packages/sklearn/neural_network/_multilayer_perceptron.py:691: ConvergenceWarning: Stochastic Optimizer: Maximum iterations (50) reached and the optimization hasn't converged yet.
  warnings.warn(
/data/home/rtabares/anaconda3/envs/pyth3.12/lib/python3.12/site-packages/sklearn/neural_network/_multilayer_perceptron.py:691: ConvergenceWarning: Stochastic Optimizer: Maximum iterations (50) reached and the optimization hasn't converged yet.
  warnings.warn(
/data/home/rtabares/anaconda3/envs/pyth3.12/lib/python3.12/site-packages/sklearn/neural_network/_multilayer_perceptron.py:691: ConvergenceWarning: Stochastic Optimizer: Maximum iterations (50) reached and the optimization hasn't converged yet.
  warnings.warn(
