[I 2025-05-26 03:27:12,040] Trial 3 finished with value: 0.6 and parameters: {'n_estimators': 10, 'max_depth': 20, 'gamma': 0.7041784887453524, 'subsample': 0.7995029565695583, 'colsample_bytree': 0.8586660727777565}. Best is trial 0 with value: 0.65.
/data/home/rtabares/anaconda3/envs/pyth3.12/lib/python3.12/site-packages/xgboost/core.py:377: FutureWarning: Your system has an old version of glibc (< 2.28). We will stop supporting Linux distros with glibc older than 2.28 after **May 31, 2025**. Please upgrade to a recent Linux distro (with glibc >= 2.28) to use future versions of XGBoost.
Note: You have installed the 'manylinux2014' variant of XGBoost. Certain features such as GPU algorithms or federated learning are not available. To use these features, please upgrade to a recent Linux distro with glibc 2.28+, and install the 'manylinux_2_28' variant.
  warnings.warn(
/data/home/rtabares/anaconda3/envs/pyth3.12/lib/python3.12/site-packages/xgboost/core.py:377: FutureWarning: Your system has an old version of glibc (< 2.28). We will stop supporting Linux distros with glibc older than 2.28 after **May 31, 2025**. Please upgrade to a recent Linux distro (with glibc >= 2.28) to use future versions of XGBoost.
Note: You have installed the 'manylinux2014' variant of XGBoost. Certain features such as GPU algorithms or federated learning are not available. To use these features, please upgrade to a recent Linux distro with glibc 2.28+, and install the 'manylinux_2_28' variant.
  warnings.warn(
/data/home/rtabares/anaconda3/envs/pyth3.12/lib/python3.12/site-packages/xgboost/core.py:377: FutureWarning: Your system has an old version of glibc (< 2.28). We will stop supporting Linux distros with glibc older than 2.28 after **May 31, 2025**. Please upgrade to a recent Linux distro (with glibc >= 2.28) to use future versions of XGBoost.
Note: You have installed the 'manylinux2014' variant of XGBoost. Certain features such as GPU algorithms or federated learning are not available. To use these features, please upgrade to a recent Linux distro with glibc 2.28+, and install the 'manylinux_2_28' variant.
  warnings.warn(
[I 2025-05-26 03:27:12,088] Trial 4 finished with value: 0.6 and parameters: {'n_estimators': 10, 'max_depth': 20, 'gamma': 0.46549701645255037, 'subsample': 0.9946899241400011, 'colsample_bytree': 0.725249640372583}. Best is trial 0 with value: 0.65.
/data/home/rtabares/anaconda3/envs/pyth3.12/lib/python3.12/site-packages/xgboost/core.py:377: FutureWarning: Your system has an old version of glibc (< 2.28). We will stop supporting Linux distros with glibc older than 2.28 after **May 31, 2025**. Please upgrade to a recent Linux distro (with glibc >= 2.28) to use future versions of XGBoost.
Note: You have installed the 'manylinux2014' variant of XGBoost. Certain features such as GPU algorithms or federated learning are not available. To use these features, please upgrade to a recent Linux distro with glibc 2.28+, and install the 'manylinux_2_28' variant.
  warnings.warn(
[I 2025-05-26 03:27:12,136] Trial 5 finished with value: 0.6 and parameters: {'n_estimators': 40, 'max_depth': 20, 'gamma': 0.3554734452019276, 'subsample': 0.5947710951851903, 'colsample_bytree': 0.7356254823676576}. Best is trial 0 with value: 0.65.
[I 2025-05-26 03:27:12,164] Trial 6 finished with value: 0.6 and parameters: {'n_estimators': 40, 'max_depth': 20, 'gamma': 0.8967376717636345, 'subsample': 0.988276510203839, 'colsample_bytree': 0.9184542964535913}. Best is trial 0 with value: 0.65.
/data/home/rtabares/anaconda3/envs/pyth3.12/lib/python3.12/site-packages/xgboost/core.py:377: FutureWarning: Your system has an old version of glibc (< 2.28). We will stop supporting Linux distros with glibc older than 2.28 after **May 31, 2025**. Please upgrade to a recent Linux distro (with glibc >= 2.28) to use future versions of XGBoost.
Note: You have installed the 'manylinux2014' variant of XGBoost. Certain features such as GPU algorithms or federated learning are not available. To use these features, please upgrade to a recent Linux distro with glibc 2.28+, and install the 'manylinux_2_28' variant.
  warnings.warn(
[I 2025-05-26 03:27:12,213] Trial 7 finished with value: 0.6 and parameters: {'n_estimators': 40, 'max_depth': 30, 'gamma': 0.7149068474388774, 'subsample': 0.5696358027454862, 'colsample_bytree': 0.8514125286992056}. Best is trial 0 with value: 0.65.
[I 2025-05-26 03:27:12,252] Trial 8 finished with value: 0.55 and parameters: {'n_estimators': 100, 'max_depth': 30, 'gamma': 0.2471398756881566, 'subsample': 0.8241126205332553, 'colsample_bytree': 0.6258070715852391}. Best is trial 0 with value: 0.65.
/data/home/rtabares/anaconda3/envs/pyth3.12/lib/python3.12/site-packages/xgboost/core.py:377: FutureWarning: Your system has an old version of glibc (< 2.28). We will stop supporting Linux distros with glibc older than 2.28 after **May 31, 2025**. Please upgrade to a recent Linux distro (with glibc >= 2.28) to use future versions of XGBoost.
Note: You have installed the 'manylinux2014' variant of XGBoost. Certain features such as GPU algorithms or federated learning are not available. To use these features, please upgrade to a recent Linux distro with glibc 2.28+, and install the 'manylinux_2_28' variant.
  warnings.warn(
/data/home/rtabares/anaconda3/envs/pyth3.12/lib/python3.12/site-packages/xgboost/core.py:377: FutureWarning: Your system has an old version of glibc (< 2.28). We will stop supporting Linux distros with glibc older than 2.28 after **May 31, 2025**. Please upgrade to a recent Linux distro (with glibc >= 2.28) to use future versions of XGBoost.
Note: You have installed the 'manylinux2014' variant of XGBoost. Certain features such as GPU algorithms or federated learning are not available. To use these features, please upgrade to a recent Linux distro with glibc 2.28+, and install the 'manylinux_2_28' variant.
  warnings.warn(
/data/home/rtabares/anaconda3/envs/pyth3.12/lib/python3.12/site-packages/xgboost/core.py:377: FutureWarning: Your system has an old version of glibc (< 2.28). We will stop supporting Linux distros with glibc older than 2.28 after **May 31, 2025**. Please upgrade to a recent Linux distro (with glibc >= 2.28) to use future versions of XGBoost.
Note: You have installed the 'manylinux2014' variant of XGBoost. Certain features such as GPU algorithms or federated learning are not available. To use these features, please upgrade to a recent Linux distro with glibc 2.28+, and install the 'manylinux_2_28' variant.
  warnings.warn(
/data/home/rtabares/anaconda3/envs/pyth3.12/lib/python3.12/site-packages/xgboost/core.py:377: FutureWarning: Your system has an old version of glibc (< 2.28). We will stop supporting Linux distros with glibc older than 2.28 after **May 31, 2025**. Please upgrade to a recent Linux distro (with glibc >= 2.28) to use future versions of XGBoost.
Note: You have installed the 'manylinux2014' variant of XGBoost. Certain features such as GPU algorithms or federated learning are not available. To use these features, please upgrade to a recent Linux distro with glibc 2.28+, and install the 'manylinux_2_28' variant.
  warnings.warn(
[I 2025-05-26 03:27:12,290] Trial 9 finished with value: 0.5 and parameters: {'n_estimators': 40, 'max_depth': 30, 'gamma': 0.8599846034069103, 'subsample': 0.8019332783535529, 'colsample_bytree': 0.7936068454878676}. Best is trial 0 with value: 0.65.
/data/home/rtabares/anaconda3/envs/pyth3.12/lib/python3.12/site-packages/xgboost/core.py:377: FutureWarning: Your system has an old version of glibc (< 2.28). We will stop supporting Linux distros with glibc older than 2.28 after **May 31, 2025**. Please upgrade to a recent Linux distro (with glibc >= 2.28) to use future versions of XGBoost.
Note: You have installed the 'manylinux2014' variant of XGBoost. Certain features such as GPU algorithms or federated learning are not available. To use these features, please upgrade to a recent Linux distro with glibc 2.28+, and install the 'manylinux_2_28' variant.
  warnings.warn(
[I 2025-05-26 03:27:12,338] Trial 10 finished with value: 0.65 and parameters: {'n_estimators': 10, 'max_depth': 5, 'gamma': 0.11132541504315885, 'subsample': 0.6518824205184826, 'colsample_bytree': 0.5222467176724002}. Best is trial 0 with value: 0.65.
/data/home/rtabares/anaconda3/envs/pyth3.12/lib/python3.12/site-packages/xgboost/core.py:377: FutureWarning: Your system has an old version of glibc (< 2.28). We will stop supporting Linux distros with glibc older than 2.28 after **May 31, 2025**. Please upgrade to a recent Linux distro (with glibc >= 2.28) to use future versions of XGBoost.
Note: You have installed the 'manylinux2014' variant of XGBoost. Certain features such as GPU algorithms or federated learning are not available. To use these features, please upgrade to a recent Linux distro with glibc 2.28+, and install the 'manylinux_2_28' variant.
  warnings.warn(
/data/home/rtabares/anaconda3/envs/pyth3.12/lib/python3.12/site-packages/xgboost/core.py:377: FutureWarning: Your system has an old version of glibc (< 2.28). We will stop supporting Linux distros with glibc older than 2.28 after **May 31, 2025**. Please upgrade to a recent Linux distro (with glibc >= 2.28) to use future versions of XGBoost.
Note: You have installed the 'manylinux2014' variant of XGBoost. Certain features such as GPU algorithms or federated learning are not available. To use these features, please upgrade to a recent Linux distro with glibc 2.28+, and install the 'manylinux_2_28' variant.
  warnings.warn(
/data/home/rtabares/anaconda3/envs/pyth3.12/lib/python3.12/site-packages/xgboost/core.py:377: FutureWarning: Your system has an old version of glibc (< 2.28). We will stop supporting Linux distros with glibc older than 2.28 after **May 31, 2025**. Please upgrade to a recent Linux distro (with glibc >= 2.28) to use future versions of XGBoost.
Note: You have installed the 'manylinux2014' variant of XGBoost. Certain features such as GPU algorithms or federated learning are not available. To use these features, please upgrade to a recent Linux distro with glibc 2.28+, and install the 'manylinux_2_28' variant.
  warnings.warn(
/data/home/rtabares/anaconda3/envs/pyth3.12/lib/python3.12/site-packages/xgboost/core.py:377: FutureWarning: Your system has an old version of glibc (< 2.28). We will stop supporting Linux distros with glibc older than 2.28 after **May 31, 2025**. Please upgrade to a recent Linux distro (with glibc >= 2.28) to use future versions of XGBoost.
Note: You have installed the 'manylinux2014' variant of XGBoost. Certain features such as GPU algorithms or federated learning are not available. To use these features, please upgrade to a recent Linux distro with glibc 2.28+, and install the 'manylinux_2_28' variant.
  warnings.warn(
[I 2025-05-26 03:27:13,115] Trial 11 finished with value: 0.65 and parameters: {'n_estimators': 10, 'max_depth': 5, 'gamma': 0.10542275268999206, 'subsample': 0.6388947301297142, 'colsample_bytree': 0.5266844660264531}. Best is trial 0 with value: 0.65.
/data/home/rtabares/anaconda3/envs/pyth3.12/lib/python3.12/site-packages/xgboost/core.py:377: FutureWarning: Your system has an old version of glibc (< 2.28). We will stop supporting Linux distros with glibc older than 2.28 after **May 31, 2025**. Please upgrade to a recent Linux distro (with glibc >= 2.28) to use future versions of XGBoost.
Note: You have installed the 'manylinux2014' variant of XGBoost. Certain features such as GPU algorithms or federated learning are not available. To use these features, please upgrade to a recent Linux distro with glibc 2.28+, and install the 'manylinux_2_28' variant.
  warnings.warn(
[I 2025-05-26 03:27:13,877] Trial 12 finished with value: 0.65 and parameters: {'n_estimators': 10, 'max_depth': 5, 'gamma': 0.5299926855017165, 'subsample': 0.6848009387186493, 'colsample_bytree': 0.6339534905975921}. Best is trial 0 with value: 0.65.
[I 2025-05-26 03:27:13,918] Trial 13 finished with value: 0.4 and parameters: {'n_estimators': 10, 'max_depth': 5, 'gamma': 0.3431978153914992, 'subsample': 0.5146749793878775, 'colsample_bytree': 0.6186409022289298}. Best is trial 0 with value: 0.65.
/data/home/rtabares/anaconda3/envs/pyth3.12/lib/python3.12/site-packages/xgboost/core.py:377: FutureWarning: Your system has an old version of glibc (< 2.28). We will stop supporting Linux distros with glibc older than 2.28 after **May 31, 2025**. Please upgrade to a recent Linux distro (with glibc >= 2.28) to use future versions of XGBoost.
Note: You have installed the 'manylinux2014' variant of XGBoost. Certain features such as GPU algorithms or federated learning are not available. To use these features, please upgrade to a recent Linux distro with glibc 2.28+, and install the 'manylinux_2_28' variant.
  warnings.warn(
[I 2025-05-26 03:27:14,617] Trial 14 finished with value: 0.6 and parameters: {'n_estimators': 10, 'max_depth': 5, 'gamma': 0.12094395046977738, 'subsample': 0.6951366613631564, 'colsample_bytree': 0.5013541727082262}. Best is trial 0 with value: 0.65.
[I 2025-05-26 03:27:14,656] Trial 15 finished with value: 0.55 and parameters: {'n_estimators': 10, 'max_depth': 30, 'gamma': 0.6115341273581074, 'subsample': 0.7261160179390405, 'colsample_bytree': 0.9947131969311475}. Best is trial 0 with value: 0.65.
/data/home/rtabares/anaconda3/envs/pyth3.12/lib/python3.12/site-packages/xgboost/core.py:377: FutureWarning: Your system has an old version of glibc (< 2.28). We will stop supporting Linux distros with glibc older than 2.28 after **May 31, 2025**. Please upgrade to a recent Linux distro (with glibc >= 2.28) to use future versions of XGBoost.
Note: You have installed the 'manylinux2014' variant of XGBoost. Certain features such as GPU algorithms or federated learning are not available. To use these features, please upgrade to a recent Linux distro with glibc 2.28+, and install the 'manylinux_2_28' variant.
  warnings.warn(
[I 2025-05-26 03:27:15,381] Trial 16 finished with value: 0.7 and parameters: {'n_estimators': 100, 'max_depth': 5, 'gamma': 0.42532890972737064, 'subsample': 0.6329124195652898, 'colsample_bytree': 0.5791568083033967}. Best is trial 16 with value: 0.7.
[I 2025-05-26 03:27:15,431] Trial 17 finished with value: 0.55 and parameters: {'n_estimators': 100, 'max_depth': 30, 'gamma': 0.4269538696298815, 'subsample': 0.5053007952589881, 'colsample_bytree': 0.6848677341775415}. Best is trial 16 with value: 0.7.
/data/home/rtabares/anaconda3/envs/pyth3.12/lib/python3.12/site-packages/xgboost/core.py:377: FutureWarning: Your system has an old version of glibc (< 2.28). We will stop supporting Linux distros with glibc older than 2.28 after **May 31, 2025**. Please upgrade to a recent Linux distro (with glibc >= 2.28) to use future versions of XGBoost.
Note: You have installed the 'manylinux2014' variant of XGBoost. Certain features such as GPU algorithms or federated learning are not available. To use these features, please upgrade to a recent Linux distro with glibc 2.28+, and install the 'manylinux_2_28' variant.
  warnings.warn(
[I 2025-05-26 03:27:16,123] Trial 18 finished with value: 0.5 and parameters: {'n_estimators': 100, 'max_depth': 5, 'gamma': 0.5957002851474872, 'subsample': 0.8522262197397629, 'colsample_bytree': 0.5718949358321833}. Best is trial 16 with value: 0.7.
[I 2025-05-26 03:27:16,174] Trial 19 finished with value: 0.5 and parameters: {'n_estimators': 100, 'max_depth': 30, 'gamma': 0.26988901653595043, 'subsample': 0.5834951129485146, 'colsample_bytree': 0.6555678514348572}. Best is trial 16 with value: 0.7.
[I 2025-05-26 03:27:18,873] A new study created in memory with name: rf
Parámetros guardados en checkpoint_default_Dlatent_ft_H/k-means/IPC_10/best_models_k-means_seed_6_space_original/xgb_best_params.json


>>> Optuna tuning rf metodo k-means IPC 10 seed 6


[I 2025-05-26 03:27:21,430] Trial 0 finished with value: 0.45 and parameters: {'n_estimators': 458, 'max_depth': 8, 'min_samples_split': 9, 'min_samples_leaf': 1}. Best is trial 0 with value: 0.45.
[I 2025-05-26 03:27:21,935] Trial 1 finished with value: 0.5 and parameters: {'n_estimators': 143, 'max_depth': 13, 'min_samples_split': 6, 'min_samples_leaf': 5}. Best is trial 1 with value: 0.5.
[I 2025-05-26 03:27:22,225] Trial 2 finished with value: 0.5 and parameters: {'n_estimators': 234, 'max_depth': 14, 'min_samples_split': 5, 'min_samples_leaf': 8}. Best is trial 1 with value: 0.5.
[I 2025-05-26 03:27:22,594] Trial 3 finished with value: 0.5 and parameters: {'n_estimators': 307, 'max_depth': 13, 'min_samples_split': 7, 'min_samples_leaf': 10}. Best is trial 1 with value: 0.5.
[I 2025-05-26 03:27:23,073] Trial 4 finished with value: 0.5 and parameters: {'n_estimators': 428, 'max_depth': 10, 'min_samples_split': 9, 'min_samples_leaf': 9}. Best is trial 1 with value: 0.5.
[I 2025-05-26 03:27:23,271] Trial 5 finished with value: 0.5 and parameters: {'n_estimators': 121, 'max_depth': 15, 'min_samples_split': 9, 'min_samples_leaf': 8}. Best is trial 1 with value: 0.5.
[I 2025-05-26 03:27:23,732] Trial 6 finished with value: 0.5 and parameters: {'n_estimators': 384, 'max_depth': 12, 'min_samples_split': 3, 'min_samples_leaf': 10}. Best is trial 1 with value: 0.5.
[I 2025-05-26 03:27:24,090] Trial 7 finished with value: 0.5 and parameters: {'n_estimators': 261, 'max_depth': 6, 'min_samples_split': 8, 'min_samples_leaf': 10}. Best is trial 1 with value: 0.5.
[I 2025-05-26 03:27:24,468] Trial 8 finished with value: 0.5 and parameters: {'n_estimators': 202, 'max_depth': 15, 'min_samples_split': 7, 'min_samples_leaf': 8}. Best is trial 1 with value: 0.5.
[I 2025-05-26 03:27:25,420] Trial 9 finished with value: 0.5 and parameters: {'n_estimators': 475, 'max_depth': 9, 'min_samples_split': 4, 'min_samples_leaf': 5}. Best is trial 1 with value: 0.5.
[I 2025-05-26 03:27:25,838] Trial 10 finished with value: 0.5 and parameters: {'n_estimators': 135, 'max_depth': 20, 'min_samples_split': 2, 'min_samples_leaf': 4}. Best is trial 1 with value: 0.5.
[I 2025-05-26 03:27:27,077] Trial 11 finished with value: 0.6 and parameters: {'n_estimators': 213, 'max_depth': 18, 'min_samples_split': 5, 'min_samples_leaf': 6}. Best is trial 11 with value: 0.6.
[I 2025-05-26 03:27:28,011] Trial 12 finished with value: 0.45 and parameters: {'n_estimators': 172, 'max_depth': 19, 'min_samples_split': 5, 'min_samples_leaf': 3}. Best is trial 11 with value: 0.6.
[I 2025-05-26 03:27:29,107] Trial 13 finished with value: 0.4 and parameters: {'n_estimators': 327, 'max_depth': 3, 'min_samples_split': 6, 'min_samples_leaf': 6}. Best is trial 11 with value: 0.6.
[I 2025-05-26 03:27:30,027] Trial 14 finished with value: 0.4 and parameters: {'n_estimators': 172, 'max_depth': 17, 'min_samples_split': 5, 'min_samples_leaf': 6}. Best is trial 11 with value: 0.6.
[I 2025-05-26 03:27:30,353] Trial 15 finished with value: 0.45 and parameters: {'n_estimators': 255, 'max_depth': 17, 'min_samples_split': 6, 'min_samples_leaf': 3}. Best is trial 11 with value: 0.6.
[I 2025-05-26 03:27:30,531] Trial 16 finished with value: 0.5 and parameters: {'n_estimators': 101, 'max_depth': 17, 'min_samples_split': 4, 'min_samples_leaf': 5}. Best is trial 11 with value: 0.6.
[I 2025-05-26 03:27:30,795] Trial 17 finished with value: 0.6 and parameters: {'n_estimators': 188, 'max_depth': 11, 'min_samples_split': 7, 'min_samples_leaf': 7}. Best is trial 11 with value: 0.6.
[I 2025-05-26 03:27:31,212] Trial 18 finished with value: 0.55 and parameters: {'n_estimators': 352, 'max_depth': 6, 'min_samples_split': 7, 'min_samples_leaf': 7}. Best is trial 11 with value: 0.6.
[I 2025-05-26 03:27:31,528] Trial 19 finished with value: 0.5 and parameters: {'n_estimators': 231, 'max_depth': 11, 'min_samples_split': 10, 'min_samples_leaf': 7}. Best is trial 11 with value: 0.6.
[I 2025-05-26 03:27:33,851] A new study created in memory with name: svc
Parámetros guardados en checkpoint_default_Dlatent_ft_H/k-means/IPC_10/best_models_k-means_seed_6_space_original/rf_best_params.json


>>> Optuna tuning svc metodo k-means IPC 10 seed 6


[I 2025-05-26 03:27:36,432] Trial 0 finished with value: 0.25 and parameters: {'C': 37.27697013499731, 'gamma': 0.0021277432488243223}. Best is trial 0 with value: 0.25.
[I 2025-05-26 03:27:36,654] Trial 1 finished with value: 0.35 and parameters: {'C': 19.271543171162776, 'gamma': 0.00014682043379470554}. Best is trial 1 with value: 0.35.
[I 2025-05-26 03:27:36,671] Trial 2 finished with value: 0.3 and parameters: {'C': 0.0269542169583157, 'gamma': 0.023999835049635022}. Best is trial 1 with value: 0.35.
[I 2025-05-26 03:27:36,684] Trial 3 finished with value: 0.35 and parameters: {'C': 1.3160410886450586, 'gamma': 0.0047340159215720195}. Best is trial 1 with value: 0.35.
[I 2025-05-26 03:27:36,699] Trial 4 finished with value: 0.25 and parameters: {'C': 0.21959952535674737, 'gamma': 0.030908485742507576}. Best is trial 1 with value: 0.35.
[I 2025-05-26 03:27:36,712] Trial 5 finished with value: 0.2 and parameters: {'C': 0.5656733313644114, 'gamma': 0.08780685564625502}. Best is trial 1 with value: 0.35.
[I 2025-05-26 03:27:36,727] Trial 6 finished with value: 0.3 and parameters: {'C': 1.1807165425157664, 'gamma': 0.020674470756231633}. Best is trial 1 with value: 0.35.
[I 2025-05-26 03:27:36,741] Trial 7 finished with value: 0.45 and parameters: {'C': 3.8143486186647126, 'gamma': 0.9138966502602072}. Best is trial 7 with value: 0.45.
[I 2025-05-26 03:27:36,755] Trial 8 finished with value: 0.25 and parameters: {'C': 19.029737066374768, 'gamma': 0.004495766421289856}. Best is trial 7 with value: 0.45.
[I 2025-05-26 03:27:36,770] Trial 9 finished with value: 0.4 and parameters: {'C': 31.994153257994277, 'gamma': 0.19725941020937518}. Best is trial 7 with value: 0.45.
[I 2025-05-26 03:27:36,794] Trial 10 finished with value: 0.45 and parameters: {'C': 4.5723454968578645, 'gamma': 0.664271955170346}. Best is trial 7 with value: 0.45.
