[I 2025-05-26 03:25:05,716] Trial 14 finished with value: 0.65 and parameters: {'n_estimators': 100, 'max_depth': 30, 'gamma': 0.4000023985818805, 'subsample': 0.8940181087620663, 'colsample_bytree': 0.596389989619073}. Best is trial 0 with value: 0.75.
[I 2025-05-26 03:25:05,758] Trial 15 finished with value: 0.7 and parameters: {'n_estimators': 10, 'max_depth': 30, 'gamma': 0.8361750979473885, 'subsample': 0.5052985200248541, 'colsample_bytree': 0.9888939439492501}. Best is trial 0 with value: 0.75.
[I 2025-05-26 03:25:05,798] Trial 16 finished with value: 0.75 and parameters: {'n_estimators': 10, 'max_depth': 5, 'gamma': 0.991314742891843, 'subsample': 0.8787287422282001, 'colsample_bytree': 0.7917736739504313}. Best is trial 0 with value: 0.75.
[I 2025-05-26 03:25:05,857] Trial 17 finished with value: 0.7 and parameters: {'n_estimators': 100, 'max_depth': 30, 'gamma': 0.5818209581005225, 'subsample': 0.7369637418182623, 'colsample_bytree': 0.5064839807832304}. Best is trial 0 with value: 0.75.
[I 2025-05-26 03:25:05,899] Trial 18 finished with value: 0.75 and parameters: {'n_estimators': 100, 'max_depth': 30, 'gamma': 0.25368366843950607, 'subsample': 0.9349024637789001, 'colsample_bytree': 0.6735042672265268}. Best is trial 0 with value: 0.75.
[I 2025-05-26 03:25:05,941] Trial 19 finished with value: 0.75 and parameters: {'n_estimators': 10, 'max_depth': 30, 'gamma': 0.7930613875242585, 'subsample': 0.6342385505944843, 'colsample_bytree': 0.7858104741672305}. Best is trial 0 with value: 0.75.
[I 2025-05-26 03:25:07,839] A new study created in memory with name: rf
[I 2025-05-26 03:25:10,039] Trial 0 finished with value: 0.7 and parameters: {'n_estimators': 458, 'max_depth': 8, 'min_samples_split': 9, 'min_samples_leaf': 1}. Best is trial 0 with value: 0.7.
Parámetros guardados en checkpoint_default_Dlatent_ft_H/random/IPC_10/best_models_random_seed_6_space_original/xgb_best_params.json


>>> Optuna tuning rf metodo random IPC 10 seed 6


[I 2025-05-26 03:25:10,489] Trial 1 finished with value: 0.65 and parameters: {'n_estimators': 143, 'max_depth': 13, 'min_samples_split': 6, 'min_samples_leaf': 5}. Best is trial 0 with value: 0.7.
[I 2025-05-26 03:25:10,799] Trial 2 finished with value: 0.5 and parameters: {'n_estimators': 234, 'max_depth': 14, 'min_samples_split': 5, 'min_samples_leaf': 8}. Best is trial 0 with value: 0.7.
[I 2025-05-26 03:25:11,245] Trial 3 finished with value: 0.5 and parameters: {'n_estimators': 307, 'max_depth': 13, 'min_samples_split': 7, 'min_samples_leaf': 10}. Best is trial 0 with value: 0.7.
[I 2025-05-26 03:25:11,986] Trial 4 finished with value: 0.5 and parameters: {'n_estimators': 428, 'max_depth': 10, 'min_samples_split': 9, 'min_samples_leaf': 9}. Best is trial 0 with value: 0.7.
[I 2025-05-26 03:25:12,206] Trial 5 finished with value: 0.5 and parameters: {'n_estimators': 121, 'max_depth': 15, 'min_samples_split': 9, 'min_samples_leaf': 8}. Best is trial 0 with value: 0.7.
[I 2025-05-26 03:25:12,657] Trial 6 finished with value: 0.5 and parameters: {'n_estimators': 384, 'max_depth': 12, 'min_samples_split': 3, 'min_samples_leaf': 10}. Best is trial 0 with value: 0.7.
[I 2025-05-26 03:25:12,976] Trial 7 finished with value: 0.5 and parameters: {'n_estimators': 261, 'max_depth': 6, 'min_samples_split': 8, 'min_samples_leaf': 10}. Best is trial 0 with value: 0.7.
[I 2025-05-26 03:25:13,283] Trial 8 finished with value: 0.5 and parameters: {'n_estimators': 202, 'max_depth': 15, 'min_samples_split': 7, 'min_samples_leaf': 8}. Best is trial 0 with value: 0.7.
[I 2025-05-26 03:25:13,855] Trial 9 finished with value: 0.55 and parameters: {'n_estimators': 475, 'max_depth': 9, 'min_samples_split': 4, 'min_samples_leaf': 5}. Best is trial 0 with value: 0.7.
[I 2025-05-26 03:25:14,310] Trial 10 finished with value: 0.65 and parameters: {'n_estimators': 352, 'max_depth': 20, 'min_samples_split': 10, 'min_samples_leaf': 1}. Best is trial 0 with value: 0.7.
[I 2025-05-26 03:25:14,515] Trial 11 finished with value: 0.65 and parameters: {'n_estimators': 110, 'max_depth': 4, 'min_samples_split': 6, 'min_samples_leaf': 1}. Best is trial 0 with value: 0.7.
[I 2025-05-26 03:25:15,085] Trial 12 finished with value: 0.7 and parameters: {'n_estimators': 489, 'max_depth': 7, 'min_samples_split': 2, 'min_samples_leaf': 4}. Best is trial 0 with value: 0.7.
[I 2025-05-26 03:25:16,376] Trial 13 finished with value: 0.65 and parameters: {'n_estimators': 468, 'max_depth': 7, 'min_samples_split': 2, 'min_samples_leaf': 3}. Best is trial 0 with value: 0.7.
[I 2025-05-26 03:25:17,507] Trial 14 finished with value: 0.7 and parameters: {'n_estimators': 419, 'max_depth': 3, 'min_samples_split': 2, 'min_samples_leaf': 3}. Best is trial 0 with value: 0.7.
[I 2025-05-26 03:25:18,054] Trial 15 finished with value: 0.7 and parameters: {'n_estimators': 483, 'max_depth': 7, 'min_samples_split': 4, 'min_samples_leaf': 3}. Best is trial 0 with value: 0.7.
[I 2025-05-26 03:25:18,461] Trial 16 finished with value: 0.65 and parameters: {'n_estimators': 339, 'max_depth': 9, 'min_samples_split': 10, 'min_samples_leaf': 2}. Best is trial 0 with value: 0.7.
[I 2025-05-26 03:25:19,009] Trial 17 finished with value: 0.55 and parameters: {'n_estimators': 499, 'max_depth': 5, 'min_samples_split': 8, 'min_samples_leaf': 6}. Best is trial 0 with value: 0.7.
[I 2025-05-26 03:25:19,509] Trial 18 finished with value: 0.6 and parameters: {'n_estimators': 431, 'max_depth': 10, 'min_samples_split': 5, 'min_samples_leaf': 4}. Best is trial 0 with value: 0.7.
[I 2025-05-26 03:25:19,998] Trial 19 finished with value: 0.55 and parameters: {'n_estimators': 385, 'max_depth': 18, 'min_samples_split': 3, 'min_samples_leaf': 6}. Best is trial 0 with value: 0.7.
[I 2025-05-26 03:25:22,827] A new study created in memory with name: svc
Parámetros guardados en checkpoint_default_Dlatent_ft_H/random/IPC_10/best_models_random_seed_6_space_original/rf_best_params.json


>>> Optuna tuning svc metodo random IPC 10 seed 6


[I 2025-05-26 03:25:26,028] Trial 0 finished with value: 0.6 and parameters: {'C': 37.27697013499731, 'gamma': 0.0021277432488243223}. Best is trial 0 with value: 0.6.
[I 2025-05-26 03:25:26,334] Trial 1 finished with value: 0.7 and parameters: {'C': 19.271543171162776, 'gamma': 0.00014682043379470554}. Best is trial 1 with value: 0.7.
[I 2025-05-26 03:25:26,352] Trial 2 finished with value: 0.65 and parameters: {'C': 0.0269542169583157, 'gamma': 0.023999835049635022}. Best is trial 1 with value: 0.7.
[I 2025-05-26 03:25:26,366] Trial 3 finished with value: 0.7 and parameters: {'C': 1.3160410886450586, 'gamma': 0.0047340159215720195}. Best is trial 1 with value: 0.7.
[I 2025-05-26 03:25:26,379] Trial 4 finished with value: 0.65 and parameters: {'C': 0.21959952535674737, 'gamma': 0.030908485742507576}. Best is trial 1 with value: 0.7.
[I 2025-05-26 03:25:26,393] Trial 5 finished with value: 0.6 and parameters: {'C': 0.5656733313644114, 'gamma': 0.08780685564625502}. Best is trial 1 with value: 0.7.
[I 2025-05-26 03:25:26,407] Trial 6 finished with value: 0.65 and parameters: {'C': 1.1807165425157664, 'gamma': 0.020674470756231633}. Best is trial 1 with value: 0.7.
[I 2025-05-26 03:25:26,421] Trial 7 finished with value: 0.55 and parameters: {'C': 3.8143486186647126, 'gamma': 0.9138966502602072}. Best is trial 1 with value: 0.7.
[I 2025-05-26 03:25:26,434] Trial 8 finished with value: 0.6 and parameters: {'C': 19.029737066374768, 'gamma': 0.004495766421289856}. Best is trial 1 with value: 0.7.
[I 2025-05-26 03:25:26,448] Trial 9 finished with value: 0.55 and parameters: {'C': 31.994153257994277, 'gamma': 0.19725941020937518}. Best is trial 1 with value: 0.7.
[I 2025-05-26 03:25:26,469] Trial 10 finished with value: 0.7 and parameters: {'C': 96.48544976930573, 'gamma': 0.00012227600695838894}. Best is trial 1 with value: 0.7.
[I 2025-05-26 03:25:27,145] Trial 11 finished with value: 0.7 and parameters: {'C': 7.068062192778911, 'gamma': 0.0003125284108647278}. Best is trial 1 with value: 0.7.
[I 2025-05-26 03:25:27,166] Trial 12 finished with value: 0.7 and parameters: {'C': 0.06594156893697074, 'gamma': 0.0009407708153906166}. Best is trial 1 with value: 0.7.
[I 2025-05-26 03:25:27,856] Trial 13 finished with value: 0.7 and parameters: {'C': 2.853141131071718, 'gamma': 0.0006355305868208294}. Best is trial 1 with value: 0.7.
[I 2025-05-26 03:25:27,880] Trial 14 finished with value: 0.7 and parameters: {'C': 0.3757952099473933, 'gamma': 0.004790999849094532}. Best is trial 1 with value: 0.7.
[I 2025-05-26 03:25:27,905] Trial 15 finished with value: 0.7 and parameters: {'C': 11.032684905444684, 'gamma': 0.00019044670322666243}. Best is trial 1 with value: 0.7.
[I 2025-05-26 03:25:27,929] Trial 16 finished with value: 0.7 and parameters: {'C': 1.8641672130707037, 'gamma': 0.0009975832430269137}. Best is trial 1 with value: 0.7.
[I 2025-05-26 03:25:27,949] Trial 17 finished with value: 0.7 and parameters: {'C': 0.12644393445497396, 'gamma': 0.006612135269221097}. Best is trial 1 with value: 0.7.
[I 2025-05-26 03:25:27,970] Trial 18 finished with value: 0.65 and parameters: {'C': 66.51303879653196, 'gamma': 0.0019481683033596602}. Best is trial 1 with value: 0.7.
[I 2025-05-26 03:25:28,645] Trial 19 finished with value: 0.7 and parameters: {'C': 0.013103877820334748, 'gamma': 0.00037927444840913196}. Best is trial 1 with value: 0.7.
[I 2025-05-26 03:25:31,224] A new study created in memory with name: logreg
Parámetros guardados en checkpoint_default_Dlatent_ft_H/random/IPC_10/best_models_random_seed_6_space_original/svc_best_params.json


>>> Optuna tuning logreg metodo random IPC 10 seed 6


[I 2025-05-26 03:25:33,959] Trial 0 finished with value: 0.65 and parameters: {'C': 29.127335430981816, 'penalty': 'l2'}. Best is trial 0 with value: 0.65.
[I 2025-05-26 03:25:35,154] Trial 1 finished with value: 0.65 and parameters: {'C': 0.045698192893558344, 'penalty': 'l2'}. Best is trial 0 with value: 0.65.
[I 2025-05-26 03:25:35,178] Trial 2 finished with value: 0.6 and parameters: {'C': 12.768668597712947, 'penalty': 'l2'}. Best is trial 0 with value: 0.65.
[I 2025-05-26 03:25:35,906] Trial 3 finished with value: 0.65 and parameters: {'C': 0.0016161554408462638, 'penalty': 'l2'}. Best is trial 0 with value: 0.65.
[I 2025-05-26 03:25:35,931] Trial 4 finished with value: 0.65 and parameters: {'C': 0.0034536903703241734, 'penalty': 'l2'}. Best is trial 0 with value: 0.65.
[I 2025-05-26 03:25:35,956] Trial 5 finished with value: 0.65 and parameters: {'C': 0.9446269266990148, 'penalty': 'l2'}. Best is trial 0 with value: 0.65.
[I 2025-05-26 03:25:35,981] Trial 6 finished with value: 0.65 and parameters: {'C': 0.4457453393648168, 'penalty': 'l2'}. Best is trial 0 with value: 0.65.
[I 2025-05-26 03:25:35,995] Trial 7 finished with value: 0.65 and parameters: {'C': 0.12417585037258261, 'penalty': 'l2'}. Best is trial 0 with value: 0.65.
[I 2025-05-26 03:25:36,010] Trial 8 finished with value: 0.65 and parameters: {'C': 0.04753781830244093, 'penalty': 'l2'}. Best is trial 0 with value: 0.65.
[I 2025-05-26 03:25:36,035] Trial 9 finished with value: 0.65 and parameters: {'C': 1.2959766028194148, 'penalty': 'l2'}. Best is trial 0 with value: 0.65.
[I 2025-05-26 03:25:36,064] Trial 10 finished with value: 0.65 and parameters: {'C': 96.02411422716075, 'penalty': 'l2'}. Best is trial 0 with value: 0.65.
[I 2025-05-26 03:25:36,754] Trial 11 finished with value: 0.65 and parameters: {'C': 0.011544291794950012, 'penalty': 'l2'}. Best is trial 0 with value: 0.65.
[I 2025-05-26 03:25:37,436] Trial 12 finished with value: 0.65 and parameters: {'C': 82.8768656483412, 'penalty': 'l2'}. Best is trial 0 with value: 0.65.
[I 2025-05-26 03:25:37,467] Trial 13 finished with value: 0.65 and parameters: {'C': 4.865673542589085, 'penalty': 'l2'}. Best is trial 0 with value: 0.65.
[I 2025-05-26 03:25:38,263] Trial 14 finished with value: 0.65 and parameters: {'C': 0.029889896070841086, 'penalty': 'l2'}. Best is trial 0 with value: 0.65.
[I 2025-05-26 03:25:38,294] Trial 15 finished with value: 0.65 and parameters: {'C': 9.224679733476327, 'penalty': 'l2'}. Best is trial 0 with value: 0.65.
[I 2025-05-26 03:25:38,328] Trial 16 finished with value: 0.65 and parameters: {'C': 0.13531262729274382, 'penalty': 'l2'}. Best is trial 0 with value: 0.65.
[I 2025-05-26 03:25:38,348] Trial 17 finished with value: 0.65 and parameters: {'C': 0.009039871959471408, 'penalty': 'l2'}. Best is trial 0 with value: 0.65.
[I 2025-05-26 03:25:38,380] Trial 18 finished with value: 0.65 and parameters: {'C': 2.7002197370561327, 'penalty': 'l2'}. Best is trial 0 with value: 0.65.
[I 2025-05-26 03:25:38,417] Trial 19 finished with value: 0.65 and parameters: {'C': 26.139922781749494, 'penalty': 'l2'}. Best is trial 0 with value: 0.65.
[I 2025-05-26 03:25:40,382] A new study created in memory with name: mlp
/data/home/rtabares/anaconda3/envs/pyth3.12/lib/python3.12/site-packages/sklearn/neural_network/_multilayer_perceptron.py:691: ConvergenceWarning: Stochastic Optimizer: Maximum iterations (100) reached and the optimization hasn't converged yet.
  warnings.warn(
/data/home/rtabares/anaconda3/envs/pyth3.12/lib/python3.12/site-packages/sklearn/neural_network/_multilayer_perceptron.py:691: ConvergenceWarning: Stochastic Optimizer: Maximum iterations (100) reached and the optimization hasn't converged yet.
  warnings.warn(
/data/home/rtabares/anaconda3/envs/pyth3.12/lib/python3.12/site-packages/sklearn/neural_network/_multilayer_perceptron.py:691: ConvergenceWarning: Stochastic Optimizer: Maximum iterations (100) reached and the optimization hasn't converged yet.
  warnings.warn(
/data/home/rtabares/anaconda3/envs/pyth3.12/lib/python3.12/site-packages/sklearn/neural_network/_multilayer_perceptron.py:691: ConvergenceWarning: Stochastic Optimizer: Maximum iterations (100) reached and the optimization hasn't converged yet.
  warnings.warn(
[I 2025-05-26 03:25:41,103] Trial 0 finished with value: 0.6 and parameters: {'hidden_layer_sizes': (100,), 'max_iter': 100, 'alpha': 0.0001}. Best is trial 0 with value: 0.6.
Parámetros guardados en checkpoint_default_Dlatent_ft_H/random/IPC_10/best_models_random_seed_6_space_original/logreg_best_params.json


>>> Optuna tuning mlp metodo random IPC 10 seed 6


/data/home/rtabares/anaconda3/envs/pyth3.12/lib/python3.12/site-packages/sklearn/neural_network/_multilayer_perceptron.py:691: ConvergenceWarning: Stochastic Optimizer: Maximum iterations (100) reached and the optimization hasn't converged yet.
  warnings.warn(
/data/home/rtabares/anaconda3/envs/pyth3.12/lib/python3.12/site-packages/sklearn/neural_network/_multilayer_perceptron.py:691: ConvergenceWarning: Stochastic Optimizer: Maximum iterations (100) reached and the optimization hasn't converged yet.
  warnings.warn(
/data/home/rtabares/anaconda3/envs/pyth3.12/lib/python3.12/site-packages/sklearn/neural_network/_multilayer_perceptron.py:691: ConvergenceWarning: Stochastic Optimizer: Maximum iterations (100) reached and the optimization hasn't converged yet.
  warnings.warn(
/data/home/rtabares/anaconda3/envs/pyth3.12/lib/python3.12/site-packages/sklearn/neural_network/_multilayer_perceptron.py:691: ConvergenceWarning: Stochastic Optimizer: Maximum iterations (100) reached and the optimization hasn't converged yet.
  warnings.warn(
[I 2025-05-26 03:25:42,981] Trial 1 finished with value: 0.7 and parameters: {'hidden_layer_sizes': (100, 100), 'max_iter': 100, 'alpha': 0.001}. Best is trial 1 with value: 0.7.
/data/home/rtabares/anaconda3/envs/pyth3.12/lib/python3.12/site-packages/sklearn/neural_network/_multilayer_perceptron.py:691: ConvergenceWarning: Stochastic Optimizer: Maximum iterations (100) reached and the optimization hasn't converged yet.
  warnings.warn(
/data/home/rtabares/anaconda3/envs/pyth3.12/lib/python3.12/site-packages/sklearn/neural_network/_multilayer_perceptron.py:691: ConvergenceWarning: Stochastic Optimizer: Maximum iterations (100) reached and the optimization hasn't converged yet.
  warnings.warn(
/data/home/rtabares/anaconda3/envs/pyth3.12/lib/python3.12/site-packages/sklearn/neural_network/_multilayer_perceptron.py:691: ConvergenceWarning: Stochastic Optimizer: Maximum iterations (100) reached and the optimization hasn't converged yet.
  warnings.warn(
/data/home/rtabares/anaconda3/envs/pyth3.12/lib/python3.12/site-packages/sklearn/neural_network/_multilayer_perceptron.py:691: ConvergenceWarning: Stochastic Optimizer: Maximum iterations (100) reached and the optimization hasn't converged yet.
  warnings.warn(
[I 2025-05-26 03:25:43,216] Trial 2 finished with value: 0.65 and parameters: {'hidden_layer_sizes': (200,), 'max_iter': 100, 'alpha': 0.0001}. Best is trial 1 with value: 0.7.
/data/home/rtabares/anaconda3/envs/pyth3.12/lib/python3.12/site-packages/sklearn/neural_network/_multilayer_perceptron.py:691: ConvergenceWarning: Stochastic Optimizer: Maximum iterations (50) reached and the optimization hasn't converged yet.
  warnings.warn(
/data/home/rtabares/anaconda3/envs/pyth3.12/lib/python3.12/site-packages/sklearn/neural_network/_multilayer_perceptron.py:691: ConvergenceWarning: Stochastic Optimizer: Maximum iterations (50) reached and the optimization hasn't converged yet.
  warnings.warn(
/data/home/rtabares/anaconda3/envs/pyth3.12/lib/python3.12/site-packages/sklearn/neural_network/_multilayer_perceptron.py:691: ConvergenceWarning: Stochastic Optimizer: Maximum iterations (50) reached and the optimization hasn't converged yet.
  warnings.warn(
/data/home/rtabares/anaconda3/envs/pyth3.12/lib/python3.12/site-packages/sklearn/neural_network/_multilayer_perceptron.py:691: ConvergenceWarning: Stochastic Optimizer: Maximum iterations (50) reached and the optimization hasn't converged yet.
  warnings.warn(
/data/home/rtabares/anaconda3/envs/pyth3.12/lib/python3.12/site-packages/sklearn/neural_network/_multilayer_perceptron.py:691: ConvergenceWarning: Stochastic Optimizer: Maximum iterations (50) reached and the optimization hasn't converged yet.
  warnings.warn(
[I 2025-05-26 03:25:43,275] Trial 3 finished with value: 0.65 and parameters: {'hidden_layer_sizes': (200,), 'max_iter': 50, 'alpha': 0.001}. Best is trial 1 with value: 0.7.
/data/home/rtabares/anaconda3/envs/pyth3.12/lib/python3.12/site-packages/sklearn/neural_network/_multilayer_perceptron.py:691: ConvergenceWarning: Stochastic Optimizer: Maximum iterations (50) reached and the optimization hasn't converged yet.
  warnings.warn(
/data/home/rtabares/anaconda3/envs/pyth3.12/lib/python3.12/site-packages/sklearn/neural_network/_multilayer_perceptron.py:691: ConvergenceWarning: Stochastic Optimizer: Maximum iterations (50) reached and the optimization hasn't converged yet.
  warnings.warn(
/data/home/rtabares/anaconda3/envs/pyth3.12/lib/python3.12/site-packages/sklearn/neural_network/_multilayer_perceptron.py:691: ConvergenceWarning: Stochastic Optimizer: Maximum iterations (50) reached and the optimization hasn't converged yet.
  warnings.warn(
/data/home/rtabares/anaconda3/envs/pyth3.12/lib/python3.12/site-packages/sklearn/neural_network/_multilayer_perceptron.py:691: ConvergenceWarning: Stochastic Optimizer: Maximum iterations (50) reached and the optimization hasn't converged yet.
  warnings.warn(
/data/home/rtabares/anaconda3/envs/pyth3.12/lib/python3.12/site-packages/sklearn/neural_network/_multilayer_perceptron.py:691: ConvergenceWarning: Stochastic Optimizer: Maximum iterations (50) reached and the optimization hasn't converged yet.
  warnings.warn(
[I 2025-05-26 03:25:43,342] Trial 4 finished with value: 0.6 and parameters: {'hidden_layer_sizes': (100, 100), 'max_iter': 50, 'alpha': 0.0001}. Best is trial 1 with value: 0.7.
/data/home/rtabares/anaconda3/envs/pyth3.12/lib/python3.12/site-packages/sklearn/neural_network/_multilayer_perceptron.py:691: ConvergenceWarning: Stochastic Optimizer: Maximum iterations (100) reached and the optimization hasn't converged yet.
  warnings.warn(
/data/home/rtabares/anaconda3/envs/pyth3.12/lib/python3.12/site-packages/sklearn/neural_network/_multilayer_perceptron.py:691: ConvergenceWarning: Stochastic Optimizer: Maximum iterations (100) reached and the optimization hasn't converged yet.
  warnings.warn(
/data/home/rtabares/anaconda3/envs/pyth3.12/lib/python3.12/site-packages/sklearn/neural_network/_multilayer_perceptron.py:691: ConvergenceWarning: Stochastic Optimizer: Maximum iterations (100) reached and the optimization hasn't converged yet.
  warnings.warn(
/data/home/rtabares/anaconda3/envs/pyth3.12/lib/python3.12/site-packages/sklearn/neural_network/_multilayer_perceptron.py:691: ConvergenceWarning: Stochastic Optimizer: Maximum iterations (100) reached and the optimization hasn't converged yet.
  warnings.warn(
/data/home/rtabares/anaconda3/envs/pyth3.12/lib/python3.12/site-packages/sklearn/neural_network/_multilayer_perceptron.py:691: ConvergenceWarning: Stochastic Optimizer: Maximum iterations (100) reached and the optimization hasn't converged yet.
  warnings.warn(
