[I 2025-05-08 18:22:37,224] Trial 11 finished with value: 0.7982562616742424 and parameters: {'n_estimators': 100, 'max_depth': 5, 'gamma': 0.9780821597952087, 'subsample': 0.6991327138554846, 'colsample_bytree': 0.9969596088199149}. Best is trial 11 with value: 0.7982562616742424.
/data/home/rtabares/anaconda3/envs/pyth3.12/lib/python3.12/site-packages/xgboost/core.py:377: FutureWarning: Your system has an old version of glibc (< 2.28). We will stop supporting Linux distros with glibc older than 2.28 after **May 31, 2025**. Please upgrade to a recent Linux distro (with glibc >= 2.28) to use future versions of XGBoost.
Note: You have installed the 'manylinux2014' variant of XGBoost. Certain features such as GPU algorithms or federated learning are not available. To use these features, please upgrade to a recent Linux distro with glibc 2.28+, and install the 'manylinux_2_28' variant.
  warnings.warn(
/data/home/rtabares/anaconda3/envs/pyth3.12/lib/python3.12/site-packages/xgboost/core.py:377: FutureWarning: Your system has an old version of glibc (< 2.28). We will stop supporting Linux distros with glibc older than 2.28 after **May 31, 2025**. Please upgrade to a recent Linux distro (with glibc >= 2.28) to use future versions of XGBoost.
Note: You have installed the 'manylinux2014' variant of XGBoost. Certain features such as GPU algorithms or federated learning are not available. To use these features, please upgrade to a recent Linux distro with glibc 2.28+, and install the 'manylinux_2_28' variant.
  warnings.warn(
/data/home/rtabares/anaconda3/envs/pyth3.12/lib/python3.12/site-packages/xgboost/core.py:377: FutureWarning: Your system has an old version of glibc (< 2.28). We will stop supporting Linux distros with glibc older than 2.28 after **May 31, 2025**. Please upgrade to a recent Linux distro (with glibc >= 2.28) to use future versions of XGBoost.
Note: You have installed the 'manylinux2014' variant of XGBoost. Certain features such as GPU algorithms or federated learning are not available. To use these features, please upgrade to a recent Linux distro with glibc 2.28+, and install the 'manylinux_2_28' variant.
  warnings.warn(
/data/home/rtabares/anaconda3/envs/pyth3.12/lib/python3.12/site-packages/xgboost/core.py:377: FutureWarning: Your system has an old version of glibc (< 2.28). We will stop supporting Linux distros with glibc older than 2.28 after **May 31, 2025**. Please upgrade to a recent Linux distro (with glibc >= 2.28) to use future versions of XGBoost.
Note: You have installed the 'manylinux2014' variant of XGBoost. Certain features such as GPU algorithms or federated learning are not available. To use these features, please upgrade to a recent Linux distro with glibc 2.28+, and install the 'manylinux_2_28' variant.
  warnings.warn(
[I 2025-05-08 18:22:40,293] Trial 12 finished with value: 0.7972132904632651 and parameters: {'n_estimators': 100, 'max_depth': 5, 'gamma': 0.9992933757507363, 'subsample': 0.7037618908833935, 'colsample_bytree': 0.9200775924124897}. Best is trial 11 with value: 0.7982562616742424.
[I 2025-05-08 18:22:41,952] Trial 13 finished with value: 0.797511142325884 and parameters: {'n_estimators': 100, 'max_depth': 5, 'gamma': 0.7614692109626992, 'subsample': 0.8111118200397299, 'colsample_bytree': 0.9122041437736855}. Best is trial 11 with value: 0.7982562616742424.
[I 2025-05-08 18:22:43,724] Trial 14 finished with value: 0.7971957047450474 and parameters: {'n_estimators': 100, 'max_depth': 5, 'gamma': 0.8619792491491385, 'subsample': 0.6419740102674932, 'colsample_bytree': 0.98584436173956}. Best is trial 11 with value: 0.7982562616742424.
[I 2025-05-08 18:22:44,782] Trial 15 finished with value: 0.7947270525365739 and parameters: {'n_estimators': 40, 'max_depth': 5, 'gamma': 0.3508253335562579, 'subsample': 0.8262595028177575, 'colsample_bytree': 0.7235503958995013}. Best is trial 11 with value: 0.7982562616742424.
[I 2025-05-08 18:22:46,471] Trial 16 finished with value: 0.7949107545735199 and parameters: {'n_estimators': 100, 'max_depth': 5, 'gamma': 0.6286484370183922, 'subsample': 0.6487804658026871, 'colsample_bytree': 0.8838031788621593}. Best is trial 11 with value: 0.7982562616742424.
[I 2025-05-08 18:22:48,149] Trial 17 finished with value: 0.7981990451863293 and parameters: {'n_estimators': 100, 'max_depth': 5, 'gamma': 0.36655148498992607, 'subsample': 0.8707044594862765, 'colsample_bytree': 0.617293780839153}. Best is trial 11 with value: 0.7982562616742424.
[I 2025-05-08 18:22:49,427] Trial 18 finished with value: 0.7934045670780715 and parameters: {'n_estimators': 40, 'max_depth': 5, 'gamma': 0.3544418085409456, 'subsample': 0.869455901249342, 'colsample_bytree': 0.6289769971575503}. Best is trial 11 with value: 0.7982562616742424.
[I 2025-05-08 18:22:50,668] Trial 19 finished with value: 0.7825445819844927 and parameters: {'n_estimators': 10, 'max_depth': 30, 'gamma': 0.42352659963854444, 'subsample': 0.8850649602054159, 'colsample_bytree': 0.666741753669585}. Best is trial 11 with value: 0.7982562616742424.
[I 2025-05-08 18:22:52,835] Trial 20 finished with value: 0.7984637793797692 and parameters: {'n_estimators': 100, 'max_depth': 5, 'gamma': 0.8436000526263521, 'subsample': 0.7536644872815214, 'colsample_bytree': 0.5280460435729333}. Best is trial 20 with value: 0.7984637793797692.
[I 2025-05-08 18:22:54,695] Trial 21 finished with value: 0.7979720649484363 and parameters: {'n_estimators': 100, 'max_depth': 5, 'gamma': 0.8819557169155927, 'subsample': 0.7525416662702719, 'colsample_bytree': 0.514085625026814}. Best is trial 20 with value: 0.7984637793797692.
[I 2025-05-08 18:22:56,776] Trial 22 finished with value: 0.7976946388150232 and parameters: {'n_estimators': 100, 'max_depth': 5, 'gamma': 0.8083472250546828, 'subsample': 0.6396221722078966, 'colsample_bytree': 0.594348905853391}. Best is trial 20 with value: 0.7984637793797692.
[I 2025-05-08 18:22:58,599] Trial 23 finished with value: 0.7983679474626163 and parameters: {'n_estimators': 100, 'max_depth': 5, 'gamma': 0.9328275059083723, 'subsample': 0.8975742584016496, 'colsample_bytree': 0.5013006813764311}. Best is trial 20 with value: 0.7984637793797692.
[I 2025-05-08 18:23:00,568] Trial 24 finished with value: 0.7973073945284475 and parameters: {'n_estimators': 100, 'max_depth': 5, 'gamma': 0.9167803245969495, 'subsample': 0.6931883563487821, 'colsample_bytree': 0.5021894713621671}. Best is trial 20 with value: 0.7984637793797692.
[I 2025-05-08 18:23:02,263] Trial 25 finished with value: 0.7973798766263365 and parameters: {'n_estimators': 100, 'max_depth': 5, 'gamma': 0.7075865544587456, 'subsample': 0.764466618113154, 'colsample_bytree': 0.5559285504540625}. Best is trial 20 with value: 0.7984637793797692.
[I 2025-05-08 18:23:04,411] Trial 26 finished with value: 0.7983486389904589 and parameters: {'n_estimators': 100, 'max_depth': 5, 'gamma': 0.8257425388718184, 'subsample': 0.9451005701803997, 'colsample_bytree': 0.7790575351711161}. Best is trial 20 with value: 0.7984637793797692.
[I 2025-05-08 18:23:06,557] Trial 27 finished with value: 0.7977930636635115 and parameters: {'n_estimators': 100, 'max_depth': 5, 'gamma': 0.8304814722610263, 'subsample': 0.9201949349190054, 'colsample_bytree': 0.77103113241339}. Best is trial 20 with value: 0.7984637793797692.
[I 2025-05-08 18:23:08,518] Trial 28 finished with value: 0.7918133529979643 and parameters: {'n_estimators': 40, 'max_depth': 20, 'gamma': 0.6472595912557465, 'subsample': 0.9536926151563576, 'colsample_bytree': 0.6901059360959295}. Best is trial 20 with value: 0.7984637793797692.
[I 2025-05-08 18:23:09,928] Trial 29 finished with value: 0.7833870101131761 and parameters: {'n_estimators': 10, 'max_depth': 30, 'gamma': 0.7871150212749687, 'subsample': 0.9243411044912965, 'colsample_bytree': 0.772075893878384}. Best is trial 20 with value: 0.7984637793797692.
[I 2025-05-08 18:25:31,406] A new study created in memory with name: rf
Parámetros guardados en checkpoint_adult_Dlatent_ft_G/Full-data/IPC_0/best_models_Full-data_seed_0_space_original/xgb_best_params.json


>>> Optuna tuning rf metodo Full-data IPC 0 seed 0


[I 2025-05-08 18:25:50,677] Trial 0 finished with value: 0.8283409978911163 and parameters: {'n_estimators': 320, 'max_depth': 15, 'min_samples_split': 7, 'min_samples_leaf': 6}. Best is trial 0 with value: 0.8283409978911163.
[I 2025-05-08 18:26:05,726] Trial 1 finished with value: 0.8274801688778479 and parameters: {'n_estimators': 269, 'max_depth': 14, 'min_samples_split': 5, 'min_samples_leaf': 9}. Best is trial 0 with value: 0.8283409978911163.
[I 2025-05-08 18:26:29,878] Trial 2 finished with value: 0.8191086336271785 and parameters: {'n_estimators': 486, 'max_depth': 9, 'min_samples_split': 9, 'min_samples_leaf': 6}. Best is trial 0 with value: 0.8283409978911163.
[I 2025-05-08 18:26:53,488] Trial 3 finished with value: 0.8260095278334936 and parameters: {'n_estimators': 327, 'max_depth': 19, 'min_samples_split': 2, 'min_samples_leaf': 1}. Best is trial 0 with value: 0.8283409978911163.
[I 2025-05-08 18:27:00,725] Trial 4 finished with value: 0.8285147351835409 and parameters: {'n_estimators': 108, 'max_depth': 17, 'min_samples_split': 9, 'min_samples_leaf': 9}. Best is trial 4 with value: 0.8285147351835409.
[I 2025-05-08 18:27:26,760] Trial 5 finished with value: 0.828736542117471 and parameters: {'n_estimators': 492, 'max_depth': 17, 'min_samples_split': 6, 'min_samples_leaf': 8}. Best is trial 5 with value: 0.828736542117471.
[I 2025-05-08 18:27:35,005] Trial 6 finished with value: 0.8267298327838676 and parameters: {'n_estimators': 147, 'max_depth': 14, 'min_samples_split': 3, 'min_samples_leaf': 10}. Best is trial 5 with value: 0.828736542117471.
[I 2025-05-08 18:27:50,548] Trial 7 finished with value: 0.8223331834715424 and parameters: {'n_estimators': 309, 'max_depth': 10, 'min_samples_split': 4, 'min_samples_leaf': 8}. Best is trial 5 with value: 0.828736542117471.
[I 2025-05-08 18:28:05,385] Trial 8 finished with value: 0.8265223688968458 and parameters: {'n_estimators': 282, 'max_depth': 13, 'min_samples_split': 2, 'min_samples_leaf': 7}. Best is trial 5 with value: 0.828736542117471.
[I 2025-05-08 18:28:22,583] Trial 9 finished with value: 0.8283826215753637 and parameters: {'n_estimators': 345, 'max_depth': 14, 'min_samples_split': 10, 'min_samples_leaf': 7}. Best is trial 5 with value: 0.828736542117471.
[I 2025-05-08 18:28:42,400] Trial 10 finished with value: 0.7904233448269099 and parameters: {'n_estimators': 487, 'max_depth': 5, 'min_samples_split': 7, 'min_samples_leaf': 3}. Best is trial 5 with value: 0.828736542117471.
[I 2025-05-08 18:28:50,813] Trial 11 finished with value: 0.8287132410223197 and parameters: {'n_estimators': 111, 'max_depth': 20, 'min_samples_split': 8, 'min_samples_leaf': 10}. Best is trial 5 with value: 0.828736542117471.
[I 2025-05-08 18:29:13,245] Trial 12 finished with value: 0.8291847056604297 and parameters: {'n_estimators': 410, 'max_depth': 20, 'min_samples_split': 7, 'min_samples_leaf': 10}. Best is trial 12 with value: 0.8291847056604297.
[I 2025-05-08 18:29:38,077] Trial 13 finished with value: 0.8297492185349002 and parameters: {'n_estimators': 417, 'max_depth': 18, 'min_samples_split': 6, 'min_samples_leaf': 4}. Best is trial 13 with value: 0.8297492185349002.
[I 2025-05-08 18:30:04,794] Trial 14 finished with value: 0.8307404779068183 and parameters: {'n_estimators': 409, 'max_depth': 20, 'min_samples_split': 5, 'min_samples_leaf': 4}. Best is trial 14 with value: 0.8307404779068183.
[I 2025-05-08 18:30:36,369] Trial 15 finished with value: 0.829453035993431 and parameters: {'n_estimators': 402, 'max_depth': 17, 'min_samples_split': 5, 'min_samples_leaf': 4}. Best is trial 14 with value: 0.8307404779068183.
[I 2025-05-08 18:30:50,942] Trial 16 finished with value: 0.7768953267548887 and parameters: {'n_estimators': 419, 'max_depth': 3, 'min_samples_split': 5, 'min_samples_leaf': 4}. Best is trial 14 with value: 0.8307404779068183.
[I 2025-05-08 18:31:06,441] Trial 17 finished with value: 0.8300314289141426 and parameters: {'n_estimators': 230, 'max_depth': 18, 'min_samples_split': 4, 'min_samples_leaf': 2}. Best is trial 14 with value: 0.8307404779068183.
[I 2025-05-08 18:31:18,532] Trial 18 finished with value: 0.8246991205483798 and parameters: {'n_estimators': 209, 'max_depth': 11, 'min_samples_split': 4, 'min_samples_leaf': 1}. Best is trial 14 with value: 0.8307404779068183.
[I 2025-05-08 18:31:26,840] Trial 19 finished with value: 0.8054715046173634 and parameters: {'n_estimators': 208, 'max_depth': 7, 'min_samples_split': 3, 'min_samples_leaf': 2}. Best is trial 14 with value: 0.8307404779068183.
[I 2025-05-08 18:31:39,775] Trial 20 finished with value: 0.8306852503330464 and parameters: {'n_estimators': 194, 'max_depth': 18, 'min_samples_split': 4, 'min_samples_leaf': 3}. Best is trial 14 with value: 0.8307404779068183.
[I 2025-05-08 18:31:55,212] Trial 21 finished with value: 0.8284081080296672 and parameters: {'n_estimators': 223, 'max_depth': 16, 'min_samples_split': 4, 'min_samples_leaf': 3}. Best is trial 14 with value: 0.8307404779068183.
[I 2025-05-08 18:32:07,337] Trial 22 finished with value: 0.8307368290871352 and parameters: {'n_estimators': 166, 'max_depth': 20, 'min_samples_split': 3, 'min_samples_leaf': 3}. Best is trial 14 with value: 0.8307404779068183.
[I 2025-05-08 18:32:17,664] Trial 23 finished with value: 0.8310041907546744 and parameters: {'n_estimators': 157, 'max_depth': 20, 'min_samples_split': 3, 'min_samples_leaf': 5}. Best is trial 23 with value: 0.8310041907546744.
[I 2025-05-08 18:32:28,780] Trial 24 finished with value: 0.8298047676973571 and parameters: {'n_estimators': 174, 'max_depth': 19, 'min_samples_split': 3, 'min_samples_leaf': 5}. Best is trial 23 with value: 0.8310041907546744.
[I 2025-05-08 18:32:39,164] Trial 25 finished with value: 0.8299483649293308 and parameters: {'n_estimators': 149, 'max_depth': 20, 'min_samples_split': 2, 'min_samples_leaf': 5}. Best is trial 23 with value: 0.8310041907546744.
[I 2025-05-08 18:33:03,301] Trial 26 finished with value: 0.8291075201570616 and parameters: {'n_estimators': 375, 'max_depth': 16, 'min_samples_split': 3, 'min_samples_leaf': 5}. Best is trial 23 with value: 0.8310041907546744.
[I 2025-05-08 18:33:22,804] Trial 27 finished with value: 0.8307210660437564 and parameters: {'n_estimators': 268, 'max_depth': 20, 'min_samples_split': 6, 'min_samples_leaf': 2}. Best is trial 23 with value: 0.8310041907546744.
[I 2025-05-08 18:33:32,001] Trial 28 finished with value: 0.8258639108209828 and parameters: {'n_estimators': 145, 'max_depth': 12, 'min_samples_split': 5, 'min_samples_leaf': 4}. Best is trial 23 with value: 0.8310041907546744.
[I 2025-05-08 18:33:47,127] Trial 29 finished with value: 0.8283609749525102 and parameters: {'n_estimators': 246, 'max_depth': 15, 'min_samples_split': 3, 'min_samples_leaf': 6}. Best is trial 23 with value: 0.8310041907546744.
[I 2025-05-08 18:34:16,692] A new study created in memory with name: svc
Parámetros guardados en checkpoint_adult_Dlatent_ft_G/Full-data/IPC_0/best_models_Full-data_seed_0_space_original/rf_best_params.json


>>> Optuna tuning svc metodo Full-data IPC 0 seed 0


[I 2025-05-08 18:57:36,489] Trial 0 finished with value: 0.7657001935149305 and parameters: {'C': 1.5676677195506077, 'gamma': 0.07257005721594278}. Best is trial 0 with value: 0.7657001935149305.
[I 2025-05-08 19:13:27,616] Trial 1 finished with value: 0.7562946147933829 and parameters: {'C': 2.57663857461359, 'gamma': 0.01511933646764101}. Best is trial 0 with value: 0.7657001935149305.
[I 2025-05-08 19:28:09,243] Trial 2 finished with value: 0.7551067394415465 and parameters: {'C': 0.49501595537331966, 'gamma': 0.03833332156156663}. Best is trial 0 with value: 0.7657001935149305.
[I 2025-05-08 20:06:16,129] Trial 3 finished with value: 0.753217194996922 and parameters: {'C': 0.5627932047415171, 'gamma': 0.36905577292137587}. Best is trial 0 with value: 0.7657001935149305.
[I 2025-05-08 20:22:02,768] Trial 4 finished with value: 0.7580765927360457 and parameters: {'C': 71.55682161754872, 'gamma': 0.0034179529120610124}. Best is trial 0 with value: 0.7657001935149305.
[I 2025-05-08 20:37:32,773] Trial 5 finished with value: 0.7608783900438851 and parameters: {'C': 14.68588598920087, 'gamma': 0.013049073550362394}. Best is trial 0 with value: 0.7657001935149305.
[I 2025-05-08 21:44:20,757] Trial 6 finished with value: 0.7473058075171808 and parameters: {'C': 1.871450068624068, 'gamma': 0.503948959867121}. Best is trial 0 with value: 0.7657001935149305.
[I 2025-05-08 22:02:52,541] Trial 7 finished with value: 0.5 and parameters: {'C': 0.0192373050965465, 'gamma': 0.00022310905607443037}. Best is trial 0 with value: 0.7657001935149305.
[I 2025-05-08 22:20:15,389] Trial 8 finished with value: 0.6405453106391124 and parameters: {'C': 0.012046852412030323, 'gamma': 0.2140323314098606}. Best is trial 0 with value: 0.7657001935149305.
[I 2025-05-08 23:12:32,277] Trial 9 finished with value: 0.7578972508836066 and parameters: {'C': 12.960656597279739, 'gamma': 0.3020289640158664}. Best is trial 0 with value: 0.7657001935149305.
[I 2025-05-08 23:28:34,716] Trial 10 finished with value: 0.6729736789778731 and parameters: {'C': 0.16426074441272132, 'gamma': 0.0011819854465057523}. Best is trial 0 with value: 0.7657001935149305.
[I 2025-05-08 23:50:50,350] Trial 11 finished with value: 0.7708824782053053 and parameters: {'C': 14.12283302602045, 'gamma': 0.05617404484056215}. Best is trial 11 with value: 0.7708824782053053.
[I 2025-05-09 00:14:05,824] Trial 12 finished with value: 0.7714360451110842 and parameters: {'C': 8.674354399839386, 'gamma': 0.07806032419781148}. Best is trial 12 with value: 0.7714360451110842.
[I 2025-05-09 00:37:57,922] Trial 13 finished with value: 0.7708043183214429 and parameters: {'C': 13.46291605529923, 'gamma': 0.06632415614199133}. Best is trial 12 with value: 0.7714360451110842.
[I 2025-05-09 00:51:46,089] Trial 14 finished with value: 0.7584147787814332 and parameters: {'C': 93.29259909357991, 'gamma': 0.0032824303542765875}. Best is trial 12 with value: 0.7714360451110842.
[I 2025-05-09 01:12:57,980] Trial 15 finished with value: 0.7708732933378204 and parameters: {'C': 6.679647823462157, 'gamma': 0.09645960346639854}. Best is trial 12 with value: 0.7714360451110842.
[I 2025-05-09 02:24:51,343] Trial 16 finished with value: 0.6962717459644072 and parameters: {'C': 5.126018903973, 'gamma': 0.8190089323058629}. Best is trial 12 with value: 0.7714360451110842.
[I 2025-05-09 02:42:07,930] Trial 17 finished with value: 0.7686731477967081 and parameters: {'C': 33.54557067843353, 'gamma': 0.02715596677509162}. Best is trial 12 with value: 0.7714360451110842.
[I 2025-05-09 02:52:41,249] Trial 18 finished with value: 0.7515859528063761 and parameters: {'C': 0.13700257372403837, 'gamma': 0.1253650514531253}. Best is trial 12 with value: 0.7714360451110842.
[I 2025-05-09 03:02:01,093] Trial 19 finished with value: 0.7569462709674237 and parameters: {'C': 29.96254289701181, 'gamma': 0.004550663900249977}. Best is trial 12 with value: 0.7714360451110842.
[I 2025-05-09 03:12:58,481] Trial 20 finished with value: 0.749451159206115 and parameters: {'C': 5.5208517406586335, 'gamma': 0.0006068218989885047}. Best is trial 12 with value: 0.7714360451110842.
[I 2025-05-09 03:38:01,474] Trial 21 finished with value: 0.7689212404333384 and parameters: {'C': 5.468391800518398, 'gamma': 0.13303865552200644}. Best is trial 12 with value: 0.7714360451110842.
[I 2025-05-09 04:08:32,363] Trial 22 finished with value: 0.7688035617824077 and parameters: {'C': 24.525900332230158, 'gamma': 0.03171594316011785}. Best is trial 12 with value: 0.7714360451110842.
[I 2025-05-09 04:22:43,802] Trial 23 finished with value: 0.7698676208404891 and parameters: {'C': 4.7378016857021645, 'gamma': 0.06310683628852178}. Best is trial 12 with value: 0.7714360451110842.
[I 2025-05-09 04:48:39,918] Trial 24 finished with value: 0.7686368759892488 and parameters: {'C': 8.872832363843019, 'gamma': 0.1466694194701565}. Best is trial 12 with value: 0.7714360451110842.
[I 2025-05-09 04:59:25,795] Trial 25 finished with value: 0.7613212659973873 and parameters: {'C': 41.68871710581332, 'gamma': 0.007788612246872281}. Best is trial 12 with value: 0.7714360451110842.
[I 2025-05-09 05:58:13,372] Trial 26 finished with value: 0.6772577619038965 and parameters: {'C': 0.7901266238951344, 'gamma': 0.8910419460639506}. Best is trial 12 with value: 0.7714360451110842.
[I 2025-05-09 06:08:08,370] Trial 27 finished with value: 0.7593508564921663 and parameters: {'C': 3.1106299265438913, 'gamma': 0.020258756383151073}. Best is trial 12 with value: 0.7714360451110842.
[I 2025-05-09 06:20:27,702] Trial 28 finished with value: 0.7697098819689826 and parameters: {'C': 8.93340917298249, 'gamma': 0.04649785582451391}. Best is trial 12 with value: 0.7714360451110842.
