[I 2025-05-26 03:27:53,405] Trial 10 finished with value: 0.25 and parameters: {'hidden_layer_sizes': (200,), 'max_iter': 50, 'alpha': 0.001}. Best is trial 3 with value: 0.3.
/data/home/rtabares/anaconda3/envs/pyth3.12/lib/python3.12/site-packages/sklearn/neural_network/_multilayer_perceptron.py:691: ConvergenceWarning: Stochastic Optimizer: Maximum iterations (50) reached and the optimization hasn't converged yet.
  warnings.warn(
/data/home/rtabares/anaconda3/envs/pyth3.12/lib/python3.12/site-packages/sklearn/neural_network/_multilayer_perceptron.py:691: ConvergenceWarning: Stochastic Optimizer: Maximum iterations (50) reached and the optimization hasn't converged yet.
  warnings.warn(
/data/home/rtabares/anaconda3/envs/pyth3.12/lib/python3.12/site-packages/sklearn/neural_network/_multilayer_perceptron.py:691: ConvergenceWarning: Stochastic Optimizer: Maximum iterations (50) reached and the optimization hasn't converged yet.
  warnings.warn(
/data/home/rtabares/anaconda3/envs/pyth3.12/lib/python3.12/site-packages/sklearn/neural_network/_multilayer_perceptron.py:691: ConvergenceWarning: Stochastic Optimizer: Maximum iterations (50) reached and the optimization hasn't converged yet.
  warnings.warn(
/data/home/rtabares/anaconda3/envs/pyth3.12/lib/python3.12/site-packages/sklearn/neural_network/_multilayer_perceptron.py:691: ConvergenceWarning: Stochastic Optimizer: Maximum iterations (50) reached and the optimization hasn't converged yet.
  warnings.warn(
[I 2025-05-26 03:27:53,465] Trial 11 finished with value: 0.3 and parameters: {'hidden_layer_sizes': (200,), 'max_iter': 50, 'alpha': 0.001}. Best is trial 3 with value: 0.3.
/data/home/rtabares/anaconda3/envs/pyth3.12/lib/python3.12/site-packages/sklearn/neural_network/_multilayer_perceptron.py:691: ConvergenceWarning: Stochastic Optimizer: Maximum iterations (50) reached and the optimization hasn't converged yet.
  warnings.warn(
/data/home/rtabares/anaconda3/envs/pyth3.12/lib/python3.12/site-packages/sklearn/neural_network/_multilayer_perceptron.py:691: ConvergenceWarning: Stochastic Optimizer: Maximum iterations (50) reached and the optimization hasn't converged yet.
  warnings.warn(
/data/home/rtabares/anaconda3/envs/pyth3.12/lib/python3.12/site-packages/sklearn/neural_network/_multilayer_perceptron.py:691: ConvergenceWarning: Stochastic Optimizer: Maximum iterations (50) reached and the optimization hasn't converged yet.
  warnings.warn(
/data/home/rtabares/anaconda3/envs/pyth3.12/lib/python3.12/site-packages/sklearn/neural_network/_multilayer_perceptron.py:691: ConvergenceWarning: Stochastic Optimizer: Maximum iterations (50) reached and the optimization hasn't converged yet.
  warnings.warn(
/data/home/rtabares/anaconda3/envs/pyth3.12/lib/python3.12/site-packages/sklearn/neural_network/_multilayer_perceptron.py:691: ConvergenceWarning: Stochastic Optimizer: Maximum iterations (50) reached and the optimization hasn't converged yet.
  warnings.warn(
[I 2025-05-26 03:27:54,237] Trial 12 finished with value: 0.25 and parameters: {'hidden_layer_sizes': (200,), 'max_iter': 50, 'alpha': 0.001}. Best is trial 3 with value: 0.3.
/data/home/rtabares/anaconda3/envs/pyth3.12/lib/python3.12/site-packages/sklearn/neural_network/_multilayer_perceptron.py:691: ConvergenceWarning: Stochastic Optimizer: Maximum iterations (50) reached and the optimization hasn't converged yet.
  warnings.warn(
/data/home/rtabares/anaconda3/envs/pyth3.12/lib/python3.12/site-packages/sklearn/neural_network/_multilayer_perceptron.py:691: ConvergenceWarning: Stochastic Optimizer: Maximum iterations (50) reached and the optimization hasn't converged yet.
  warnings.warn(
/data/home/rtabares/anaconda3/envs/pyth3.12/lib/python3.12/site-packages/sklearn/neural_network/_multilayer_perceptron.py:691: ConvergenceWarning: Stochastic Optimizer: Maximum iterations (50) reached and the optimization hasn't converged yet.
  warnings.warn(
/data/home/rtabares/anaconda3/envs/pyth3.12/lib/python3.12/site-packages/sklearn/neural_network/_multilayer_perceptron.py:691: ConvergenceWarning: Stochastic Optimizer: Maximum iterations (50) reached and the optimization hasn't converged yet.
  warnings.warn(
/data/home/rtabares/anaconda3/envs/pyth3.12/lib/python3.12/site-packages/sklearn/neural_network/_multilayer_perceptron.py:691: ConvergenceWarning: Stochastic Optimizer: Maximum iterations (50) reached and the optimization hasn't converged yet.
  warnings.warn(
[I 2025-05-26 03:27:54,901] Trial 13 finished with value: 0.25 and parameters: {'hidden_layer_sizes': (200,), 'max_iter': 50, 'alpha': 0.0001}. Best is trial 3 with value: 0.3.
/data/home/rtabares/anaconda3/envs/pyth3.12/lib/python3.12/site-packages/sklearn/neural_network/_multilayer_perceptron.py:691: ConvergenceWarning: Stochastic Optimizer: Maximum iterations (50) reached and the optimization hasn't converged yet.
  warnings.warn(
/data/home/rtabares/anaconda3/envs/pyth3.12/lib/python3.12/site-packages/sklearn/neural_network/_multilayer_perceptron.py:691: ConvergenceWarning: Stochastic Optimizer: Maximum iterations (50) reached and the optimization hasn't converged yet.
  warnings.warn(
/data/home/rtabares/anaconda3/envs/pyth3.12/lib/python3.12/site-packages/sklearn/neural_network/_multilayer_perceptron.py:691: ConvergenceWarning: Stochastic Optimizer: Maximum iterations (50) reached and the optimization hasn't converged yet.
  warnings.warn(
/data/home/rtabares/anaconda3/envs/pyth3.12/lib/python3.12/site-packages/sklearn/neural_network/_multilayer_perceptron.py:691: ConvergenceWarning: Stochastic Optimizer: Maximum iterations (50) reached and the optimization hasn't converged yet.
  warnings.warn(
/data/home/rtabares/anaconda3/envs/pyth3.12/lib/python3.12/site-packages/sklearn/neural_network/_multilayer_perceptron.py:691: ConvergenceWarning: Stochastic Optimizer: Maximum iterations (50) reached and the optimization hasn't converged yet.
  warnings.warn(
[I 2025-05-26 03:27:54,957] Trial 14 finished with value: 0.3 and parameters: {'hidden_layer_sizes': (200,), 'max_iter': 50, 'alpha': 0.0001}. Best is trial 3 with value: 0.3.
/data/home/rtabares/anaconda3/envs/pyth3.12/lib/python3.12/site-packages/sklearn/neural_network/_multilayer_perceptron.py:691: ConvergenceWarning: Stochastic Optimizer: Maximum iterations (50) reached and the optimization hasn't converged yet.
  warnings.warn(
/data/home/rtabares/anaconda3/envs/pyth3.12/lib/python3.12/site-packages/sklearn/neural_network/_multilayer_perceptron.py:691: ConvergenceWarning: Stochastic Optimizer: Maximum iterations (50) reached and the optimization hasn't converged yet.
  warnings.warn(
/data/home/rtabares/anaconda3/envs/pyth3.12/lib/python3.12/site-packages/sklearn/neural_network/_multilayer_perceptron.py:691: ConvergenceWarning: Stochastic Optimizer: Maximum iterations (50) reached and the optimization hasn't converged yet.
  warnings.warn(
/data/home/rtabares/anaconda3/envs/pyth3.12/lib/python3.12/site-packages/sklearn/neural_network/_multilayer_perceptron.py:691: ConvergenceWarning: Stochastic Optimizer: Maximum iterations (50) reached and the optimization hasn't converged yet.
  warnings.warn(
/data/home/rtabares/anaconda3/envs/pyth3.12/lib/python3.12/site-packages/sklearn/neural_network/_multilayer_perceptron.py:691: ConvergenceWarning: Stochastic Optimizer: Maximum iterations (50) reached and the optimization hasn't converged yet.
  warnings.warn(
[I 2025-05-26 03:27:55,004] Trial 15 finished with value: 0.25 and parameters: {'hidden_layer_sizes': (100,), 'max_iter': 50, 'alpha': 0.001}. Best is trial 3 with value: 0.3.
/data/home/rtabares/anaconda3/envs/pyth3.12/lib/python3.12/site-packages/sklearn/neural_network/_multilayer_perceptron.py:691: ConvergenceWarning: Stochastic Optimizer: Maximum iterations (100) reached and the optimization hasn't converged yet.
  warnings.warn(
/data/home/rtabares/anaconda3/envs/pyth3.12/lib/python3.12/site-packages/sklearn/neural_network/_multilayer_perceptron.py:691: ConvergenceWarning: Stochastic Optimizer: Maximum iterations (100) reached and the optimization hasn't converged yet.
  warnings.warn(
/data/home/rtabares/anaconda3/envs/pyth3.12/lib/python3.12/site-packages/sklearn/neural_network/_multilayer_perceptron.py:691: ConvergenceWarning: Stochastic Optimizer: Maximum iterations (100) reached and the optimization hasn't converged yet.
  warnings.warn(
/data/home/rtabares/anaconda3/envs/pyth3.12/lib/python3.12/site-packages/sklearn/neural_network/_multilayer_perceptron.py:691: ConvergenceWarning: Stochastic Optimizer: Maximum iterations (100) reached and the optimization hasn't converged yet.
  warnings.warn(
/data/home/rtabares/anaconda3/envs/pyth3.12/lib/python3.12/site-packages/sklearn/neural_network/_multilayer_perceptron.py:691: ConvergenceWarning: Stochastic Optimizer: Maximum iterations (100) reached and the optimization hasn't converged yet.
  warnings.warn(
[I 2025-05-26 03:27:55,707] Trial 16 finished with value: 0.25 and parameters: {'hidden_layer_sizes': (200,), 'max_iter': 100, 'alpha': 0.001}. Best is trial 3 with value: 0.3.
/data/home/rtabares/anaconda3/envs/pyth3.12/lib/python3.12/site-packages/sklearn/neural_network/_multilayer_perceptron.py:691: ConvergenceWarning: Stochastic Optimizer: Maximum iterations (50) reached and the optimization hasn't converged yet.
  warnings.warn(
/data/home/rtabares/anaconda3/envs/pyth3.12/lib/python3.12/site-packages/sklearn/neural_network/_multilayer_perceptron.py:691: ConvergenceWarning: Stochastic Optimizer: Maximum iterations (50) reached and the optimization hasn't converged yet.
  warnings.warn(
/data/home/rtabares/anaconda3/envs/pyth3.12/lib/python3.12/site-packages/sklearn/neural_network/_multilayer_perceptron.py:691: ConvergenceWarning: Stochastic Optimizer: Maximum iterations (50) reached and the optimization hasn't converged yet.
  warnings.warn(
/data/home/rtabares/anaconda3/envs/pyth3.12/lib/python3.12/site-packages/sklearn/neural_network/_multilayer_perceptron.py:691: ConvergenceWarning: Stochastic Optimizer: Maximum iterations (50) reached and the optimization hasn't converged yet.
  warnings.warn(
/data/home/rtabares/anaconda3/envs/pyth3.12/lib/python3.12/site-packages/sklearn/neural_network/_multilayer_perceptron.py:691: ConvergenceWarning: Stochastic Optimizer: Maximum iterations (50) reached and the optimization hasn't converged yet.
  warnings.warn(
[I 2025-05-26 03:27:56,399] Trial 17 finished with value: 0.25 and parameters: {'hidden_layer_sizes': (200,), 'max_iter': 50, 'alpha': 0.0001}. Best is trial 3 with value: 0.3.
/data/home/rtabares/anaconda3/envs/pyth3.12/lib/python3.12/site-packages/sklearn/neural_network/_multilayer_perceptron.py:691: ConvergenceWarning: Stochastic Optimizer: Maximum iterations (50) reached and the optimization hasn't converged yet.
  warnings.warn(
/data/home/rtabares/anaconda3/envs/pyth3.12/lib/python3.12/site-packages/sklearn/neural_network/_multilayer_perceptron.py:691: ConvergenceWarning: Stochastic Optimizer: Maximum iterations (50) reached and the optimization hasn't converged yet.
  warnings.warn(
/data/home/rtabares/anaconda3/envs/pyth3.12/lib/python3.12/site-packages/sklearn/neural_network/_multilayer_perceptron.py:691: ConvergenceWarning: Stochastic Optimizer: Maximum iterations (50) reached and the optimization hasn't converged yet.
  warnings.warn(
/data/home/rtabares/anaconda3/envs/pyth3.12/lib/python3.12/site-packages/sklearn/neural_network/_multilayer_perceptron.py:691: ConvergenceWarning: Stochastic Optimizer: Maximum iterations (50) reached and the optimization hasn't converged yet.
  warnings.warn(
/data/home/rtabares/anaconda3/envs/pyth3.12/lib/python3.12/site-packages/sklearn/neural_network/_multilayer_perceptron.py:691: ConvergenceWarning: Stochastic Optimizer: Maximum iterations (50) reached and the optimization hasn't converged yet.
  warnings.warn(
[I 2025-05-26 03:27:56,448] Trial 18 finished with value: 0.25 and parameters: {'hidden_layer_sizes': (100,), 'max_iter': 50, 'alpha': 0.0001}. Best is trial 3 with value: 0.3.
/data/home/rtabares/anaconda3/envs/pyth3.12/lib/python3.12/site-packages/sklearn/neural_network/_multilayer_perceptron.py:691: ConvergenceWarning: Stochastic Optimizer: Maximum iterations (100) reached and the optimization hasn't converged yet.
  warnings.warn(
/data/home/rtabares/anaconda3/envs/pyth3.12/lib/python3.12/site-packages/sklearn/neural_network/_multilayer_perceptron.py:691: ConvergenceWarning: Stochastic Optimizer: Maximum iterations (100) reached and the optimization hasn't converged yet.
  warnings.warn(
/data/home/rtabares/anaconda3/envs/pyth3.12/lib/python3.12/site-packages/sklearn/neural_network/_multilayer_perceptron.py:691: ConvergenceWarning: Stochastic Optimizer: Maximum iterations (100) reached and the optimization hasn't converged yet.
  warnings.warn(
[I 2025-05-26 03:27:56,536] Trial 19 finished with value: 0.25 and parameters: {'hidden_layer_sizes': (100, 100), 'max_iter': 100, 'alpha': 0.001}. Best is trial 3 with value: 0.3.
[I 2025-05-26 03:27:59,555] A new study created in memory with name: naive_bayes
Parámetros guardados en checkpoint_default_Dlatent_ft_H/k-means/IPC_10/best_models_k-means_seed_6_space_original/mlp_best_params.json


>>> Optuna tuning naive_bayes metodo k-means IPC 10 seed 6


[I 2025-05-26 03:28:02,051] Trial 0 finished with value: 0.4 and parameters: {'var_smoothing': 6.10548688762798e-09}. Best is trial 0 with value: 0.4.
[I 2025-05-26 03:28:02,275] Trial 1 finished with value: 0.4 and parameters: {'var_smoothing': 4.6127467400935034e-10}. Best is trial 0 with value: 0.4.
[I 2025-05-26 03:28:02,304] Trial 2 finished with value: 0.4 and parameters: {'var_smoothing': 4.389936579400967e-09}. Best is trial 0 with value: 0.4.
[I 2025-05-26 03:28:02,330] Trial 3 finished with value: 0.4 and parameters: {'var_smoothing': 1.2116948204672054e-10}. Best is trial 0 with value: 0.4.
[I 2025-05-26 03:28:02,354] Trial 4 finished with value: 0.4 and parameters: {'var_smoothing': 1.6417739478477417e-10}. Best is trial 0 with value: 0.4.
[I 2025-05-26 03:28:02,369] Trial 5 finished with value: 0.4 and parameters: {'var_smoothing': 1.5491880147236797e-09}. Best is trial 0 with value: 0.4.
[I 2025-05-26 03:28:02,395] Trial 6 finished with value: 0.4 and parameters: {'var_smoothing': 1.1471883405287265e-09}. Best is trial 0 with value: 0.4.
[I 2025-05-26 03:28:02,409] Trial 7 finished with value: 0.4 and parameters: {'var_smoothing': 6.88041853492358e-10}. Best is trial 0 with value: 0.4.
[I 2025-05-26 03:28:02,433] Trial 8 finished with value: 0.4 and parameters: {'var_smoothing': 4.686144741221158e-10}. Best is trial 0 with value: 0.4.
[I 2025-05-26 03:28:02,467] Trial 9 finished with value: 0.4 and parameters: {'var_smoothing': 1.7580809350683337e-09}. Best is trial 0 with value: 0.4.
[I 2025-05-26 03:28:02,488] Trial 10 finished with value: 0.4 and parameters: {'var_smoothing': 9.83902635509218e-09}. Best is trial 0 with value: 0.4.
[I 2025-05-26 03:28:02,507] Trial 11 finished with value: 0.4 and parameters: {'var_smoothing': 2.660399871603373e-10}. Best is trial 0 with value: 0.4.
[I 2025-05-26 03:28:03,151] Trial 12 finished with value: 0.4 and parameters: {'var_smoothing': 9.276268851540963e-09}. Best is trial 0 with value: 0.4.
[I 2025-05-26 03:28:03,172] Trial 13 finished with value: 0.4 and parameters: {'var_smoothing': 2.9844010685221692e-09}. Best is trial 0 with value: 0.4.
[I 2025-05-26 03:28:03,193] Trial 14 finished with value: 0.4 and parameters: {'var_smoothing': 3.8923309717334116e-10}. Best is trial 0 with value: 0.4.
[I 2025-05-26 03:28:03,211] Trial 15 finished with value: 0.4 and parameters: {'var_smoothing': 3.85461066627204e-09}. Best is trial 0 with value: 0.4.
[I 2025-05-26 03:28:03,926] Trial 16 finished with value: 0.4 and parameters: {'var_smoothing': 7.120907275009211e-10}. Best is trial 0 with value: 0.4.
[I 2025-05-26 03:28:03,956] Trial 17 finished with value: 0.4 and parameters: {'var_smoothing': 2.412486610614855e-10}. Best is trial 0 with value: 0.4.
[I 2025-05-26 03:28:03,983] Trial 18 finished with value: 0.4 and parameters: {'var_smoothing': 2.3580860166954074e-09}. Best is trial 0 with value: 0.4.
[I 2025-05-26 03:28:04,625] Trial 19 finished with value: 0.4 and parameters: {'var_smoothing': 5.846846875339535e-09}. Best is trial 0 with value: 0.4.
[I 2025-05-26 03:28:08,891] A new study created in memory with name: knn
Parámetros guardados en checkpoint_default_Dlatent_ft_H/k-means/IPC_10/best_models_k-means_seed_6_space_original/naive_bayes_best_params.json


>>> Optuna tuning knn metodo k-means IPC 10 seed 6


[I 2025-05-26 03:28:09,635] Trial 0 finished with value: 0.4 and parameters: {'n_neighbors': 10, 'leaf_size': 26, 'p': 1}. Best is trial 0 with value: 0.4.
[I 2025-05-26 03:28:10,305] Trial 1 finished with value: 0.35 and parameters: {'n_neighbors': 3, 'leaf_size': 32, 'p': 1}. Best is trial 0 with value: 0.4.
[I 2025-05-26 03:28:10,360] Trial 2 finished with value: 0.2 and parameters: {'n_neighbors': 5, 'leaf_size': 33, 'p': 2}. Best is trial 0 with value: 0.4.
[I 2025-05-26 03:28:10,415] Trial 3 finished with value: 0.35 and parameters: {'n_neighbors': 7, 'leaf_size': 32, 'p': 2}. Best is trial 0 with value: 0.4.
[I 2025-05-26 03:28:10,450] Trial 4 finished with value: 0.45 and parameters: {'n_neighbors': 9, 'leaf_size': 28, 'p': 1}. Best is trial 4 with value: 0.45.
[I 2025-05-26 03:28:10,536] Trial 5 finished with value: 0.35 and parameters: {'n_neighbors': 3, 'leaf_size': 35, 'p': 1}. Best is trial 4 with value: 0.45.
[I 2025-05-26 03:28:10,591] Trial 6 finished with value: 0.45 and parameters: {'n_neighbors': 8, 'leaf_size': 31, 'p': 2}. Best is trial 4 with value: 0.45.
[I 2025-05-26 03:28:10,659] Trial 7 finished with value: 0.4 and parameters: {'n_neighbors': 6, 'leaf_size': 24, 'p': 2}. Best is trial 4 with value: 0.45.
[I 2025-05-26 03:28:10,742] Trial 8 finished with value: 0.2 and parameters: {'n_neighbors': 5, 'leaf_size': 34, 'p': 2}. Best is trial 4 with value: 0.45.
[I 2025-05-26 03:28:10,816] Trial 9 finished with value: 0.45 and parameters: {'n_neighbors': 10, 'leaf_size': 27, 'p': 2}. Best is trial 4 with value: 0.45.
[I 2025-05-26 03:28:10,865] Trial 10 finished with value: 0.45 and parameters: {'n_neighbors': 8, 'leaf_size': 40, 'p': 1}. Best is trial 4 with value: 0.45.
[I 2025-05-26 03:28:11,577] Trial 11 finished with value: 0.45 and parameters: {'n_neighbors': 8, 'leaf_size': 28, 'p': 1}. Best is trial 4 with value: 0.45.
[I 2025-05-26 03:28:12,338] Trial 12 finished with value: 0.45 and parameters: {'n_neighbors': 9, 'leaf_size': 21, 'p': 2}. Best is trial 4 with value: 0.45.
[I 2025-05-26 03:28:12,362] Trial 13 finished with value: 0.45 and parameters: {'n_neighbors': 8, 'leaf_size': 38, 'p': 1}. Best is trial 4 with value: 0.45.
[I 2025-05-26 03:28:12,384] Trial 14 finished with value: 0.45 and parameters: {'n_neighbors': 9, 'leaf_size': 30, 'p': 2}. Best is trial 4 with value: 0.45.
[I 2025-05-26 03:28:12,407] Trial 15 finished with value: 0.25 and parameters: {'n_neighbors': 7, 'leaf_size': 24, 'p': 1}. Best is trial 4 with value: 0.45.
[I 2025-05-26 03:28:12,430] Trial 16 finished with value: 0.45 and parameters: {'n_neighbors': 9, 'leaf_size': 29, 'p': 2}. Best is trial 4 with value: 0.45.
[I 2025-05-26 03:28:12,454] Trial 17 finished with value: 0.4 and parameters: {'n_neighbors': 6, 'leaf_size': 37, 'p': 1}. Best is trial 4 with value: 0.45.
[I 2025-05-26 03:28:12,480] Trial 18 finished with value: 0.4 and parameters: {'n_neighbors': 10, 'leaf_size': 22, 'p': 1}. Best is trial 4 with value: 0.45.
