[I 2025-05-26 03:32:55,944] Trial 1 finished with value: 0.9 and parameters: {'n_estimators': 143, 'max_depth': 13, 'min_samples_split': 6, 'min_samples_leaf': 5}. Best is trial 0 with value: 0.9.
[I 2025-05-26 03:32:56,644] Trial 2 finished with value: 0.5 and parameters: {'n_estimators': 234, 'max_depth': 14, 'min_samples_split': 5, 'min_samples_leaf': 8}. Best is trial 0 with value: 0.9.
[I 2025-05-26 03:32:57,424] Trial 3 finished with value: 0.5 and parameters: {'n_estimators': 307, 'max_depth': 13, 'min_samples_split': 7, 'min_samples_leaf': 10}. Best is trial 0 with value: 0.9.
[I 2025-05-26 03:32:58,546] Trial 4 finished with value: 0.5 and parameters: {'n_estimators': 428, 'max_depth': 10, 'min_samples_split': 9, 'min_samples_leaf': 9}. Best is trial 0 with value: 0.9.
[I 2025-05-26 03:32:59,013] Trial 5 finished with value: 0.5 and parameters: {'n_estimators': 121, 'max_depth': 15, 'min_samples_split': 9, 'min_samples_leaf': 8}. Best is trial 0 with value: 0.9.
[I 2025-05-26 03:33:00,063] Trial 6 finished with value: 0.5 and parameters: {'n_estimators': 384, 'max_depth': 12, 'min_samples_split': 3, 'min_samples_leaf': 10}. Best is trial 0 with value: 0.9.
[I 2025-05-26 03:33:00,722] Trial 7 finished with value: 0.5 and parameters: {'n_estimators': 261, 'max_depth': 6, 'min_samples_split': 8, 'min_samples_leaf': 10}. Best is trial 0 with value: 0.9.
[I 2025-05-26 03:33:01,039] Trial 8 finished with value: 0.5 and parameters: {'n_estimators': 202, 'max_depth': 15, 'min_samples_split': 7, 'min_samples_leaf': 8}. Best is trial 0 with value: 0.9.
[I 2025-05-26 03:33:01,602] Trial 9 finished with value: 0.9 and parameters: {'n_estimators': 475, 'max_depth': 9, 'min_samples_split': 4, 'min_samples_leaf': 5}. Best is trial 0 with value: 0.9.
[I 2025-05-26 03:33:02,089] Trial 10 finished with value: 0.9 and parameters: {'n_estimators': 352, 'max_depth': 20, 'min_samples_split': 10, 'min_samples_leaf': 1}. Best is trial 0 with value: 0.9.
[I 2025-05-26 03:33:02,888] Trial 11 finished with value: 0.9 and parameters: {'n_estimators': 110, 'max_depth': 4, 'min_samples_split': 6, 'min_samples_leaf': 1}. Best is trial 0 with value: 0.9.
[I 2025-05-26 03:33:03,469] Trial 12 finished with value: 0.85 and parameters: {'n_estimators': 489, 'max_depth': 7, 'min_samples_split': 2, 'min_samples_leaf': 4}. Best is trial 0 with value: 0.9.
[I 2025-05-26 03:33:04,450] Trial 13 finished with value: 0.9 and parameters: {'n_estimators': 201, 'max_depth': 18, 'min_samples_split': 5, 'min_samples_leaf': 3}. Best is trial 0 with value: 0.9.
[I 2025-05-26 03:33:05,321] Trial 14 finished with value: 0.95 and parameters: {'n_estimators': 157, 'max_depth': 9, 'min_samples_split': 7, 'min_samples_leaf': 6}. Best is trial 14 with value: 0.95.
[I 2025-05-26 03:33:05,716] Trial 15 finished with value: 0.95 and parameters: {'n_estimators': 308, 'max_depth': 3, 'min_samples_split': 10, 'min_samples_leaf': 6}. Best is trial 14 with value: 0.95.
[I 2025-05-26 03:33:06,121] Trial 16 finished with value: 0.9 and parameters: {'n_estimators': 301, 'max_depth': 3, 'min_samples_split': 10, 'min_samples_leaf': 6}. Best is trial 14 with value: 0.95.
[I 2025-05-26 03:33:06,566] Trial 17 finished with value: 0.95 and parameters: {'n_estimators': 354, 'max_depth': 6, 'min_samples_split': 8, 'min_samples_leaf': 6}. Best is trial 14 with value: 0.95.
[I 2025-05-26 03:33:06,837] Trial 18 finished with value: 0.5 and parameters: {'n_estimators': 194, 'max_depth': 5, 'min_samples_split': 7, 'min_samples_leaf': 7}. Best is trial 14 with value: 0.95.
[I 2025-05-26 03:33:07,235] Trial 19 finished with value: 0.9 and parameters: {'n_estimators': 255, 'max_depth': 10, 'min_samples_split': 8, 'min_samples_leaf': 3}. Best is trial 14 with value: 0.95.
[I 2025-05-26 03:33:09,489] A new study created in memory with name: svc
Parámetros guardados en checkpoint_adult_Dlatent_G/ag/IPC_10/best_models_ag_seed_6_space_latent/rf_best_params.json


>>> Optuna tuning svc metodo ag IPC 10 seed 6


[I 2025-05-26 03:33:11,870] Trial 0 finished with value: 0.6 and parameters: {'C': 37.27697013499731, 'gamma': 0.0021277432488243223}. Best is trial 0 with value: 0.6.
[I 2025-05-26 03:33:12,087] Trial 1 finished with value: 0.65 and parameters: {'C': 19.271543171162776, 'gamma': 0.00014682043379470554}. Best is trial 1 with value: 0.65.
[I 2025-05-26 03:33:12,106] Trial 2 finished with value: 0.65 and parameters: {'C': 0.0269542169583157, 'gamma': 0.023999835049635022}. Best is trial 1 with value: 0.65.
[I 2025-05-26 03:33:12,120] Trial 3 finished with value: 0.7 and parameters: {'C': 1.3160410886450586, 'gamma': 0.0047340159215720195}. Best is trial 3 with value: 0.7.
[I 2025-05-26 03:33:12,133] Trial 4 finished with value: 0.65 and parameters: {'C': 0.21959952535674737, 'gamma': 0.030908485742507576}. Best is trial 3 with value: 0.7.
[I 2025-05-26 03:33:12,149] Trial 5 finished with value: 0.6 and parameters: {'C': 0.5656733313644114, 'gamma': 0.08780685564625502}. Best is trial 3 with value: 0.7.
[I 2025-05-26 03:33:12,162] Trial 6 finished with value: 0.65 and parameters: {'C': 1.1807165425157664, 'gamma': 0.020674470756231633}. Best is trial 3 with value: 0.7.
[I 2025-05-26 03:33:12,175] Trial 7 finished with value: 0.25 and parameters: {'C': 3.8143486186647126, 'gamma': 0.9138966502602072}. Best is trial 3 with value: 0.7.
[I 2025-05-26 03:33:12,189] Trial 8 finished with value: 0.6 and parameters: {'C': 19.029737066374768, 'gamma': 0.004495766421289856}. Best is trial 3 with value: 0.7.
[I 2025-05-26 03:33:12,204] Trial 9 finished with value: 0.45 and parameters: {'C': 31.994153257994277, 'gamma': 0.19725941020937518}. Best is trial 3 with value: 0.7.
[I 2025-05-26 03:33:12,224] Trial 10 finished with value: 0.65 and parameters: {'C': 0.03364484755032396, 'gamma': 0.0006344004822646731}. Best is trial 3 with value: 0.7.
[I 2025-05-26 03:33:12,243] Trial 11 finished with value: 0.65 and parameters: {'C': 7.068062192778911, 'gamma': 0.00010924357000124318}. Best is trial 3 with value: 0.7.
[I 2025-05-26 03:33:12,882] Trial 12 finished with value: 0.65 and parameters: {'C': 2.6924936386297724, 'gamma': 0.00018581008444863774}. Best is trial 3 with value: 0.7.
[I 2025-05-26 03:33:12,910] Trial 13 finished with value: 0.6 and parameters: {'C': 98.95010490146291, 'gamma': 0.0007722949537772263}. Best is trial 3 with value: 0.7.
[I 2025-05-26 03:33:12,933] Trial 14 finished with value: 0.65 and parameters: {'C': 0.1051478020856821, 'gamma': 0.0005203042380338745}. Best is trial 3 with value: 0.7.
[I 2025-05-26 03:33:12,953] Trial 15 finished with value: 0.6 and parameters: {'C': 11.032684905444684, 'gamma': 0.0037517826835708245}. Best is trial 3 with value: 0.7.
[I 2025-05-26 03:33:12,978] Trial 16 finished with value: 0.65 and parameters: {'C': 0.8148517493270733, 'gamma': 0.0016367710824839049}. Best is trial 3 with value: 0.7.
[I 2025-05-26 03:33:12,999] Trial 17 finished with value: 0.65 and parameters: {'C': 2.3838984190963743, 'gamma': 0.008198417406296852}. Best is trial 3 with value: 0.7.
[I 2025-05-26 03:33:13,646] Trial 18 finished with value: 0.65 and parameters: {'C': 0.22580562574554908, 'gamma': 0.00029482047189765084}. Best is trial 3 with value: 0.7.
[I 2025-05-26 03:33:13,674] Trial 19 finished with value: 0.6 and parameters: {'C': 0.013103877820334748, 'gamma': 0.10213673192053181}. Best is trial 3 with value: 0.7.
[I 2025-05-26 03:33:15,583] A new study created in memory with name: logreg
Parámetros guardados en checkpoint_adult_Dlatent_G/ag/IPC_10/best_models_ag_seed_6_space_latent/svc_best_params.json


>>> Optuna tuning logreg metodo ag IPC 10 seed 6


[I 2025-05-26 03:33:18,839] Trial 0 finished with value: 0.7 and parameters: {'C': 29.127335430981816, 'penalty': 'l2'}. Best is trial 0 with value: 0.7.
[I 2025-05-26 03:33:19,756] Trial 1 finished with value: 0.65 and parameters: {'C': 0.045698192893558344, 'penalty': 'l2'}. Best is trial 0 with value: 0.7.
[I 2025-05-26 03:33:19,790] Trial 2 finished with value: 0.65 and parameters: {'C': 12.768668597712947, 'penalty': 'l2'}. Best is trial 0 with value: 0.7.
[I 2025-05-26 03:33:19,817] Trial 3 finished with value: 0.65 and parameters: {'C': 0.0016161554408462638, 'penalty': 'l2'}. Best is trial 0 with value: 0.7.
[I 2025-05-26 03:33:20,452] Trial 4 finished with value: 0.65 and parameters: {'C': 0.0034536903703241734, 'penalty': 'l2'}. Best is trial 0 with value: 0.7.
[I 2025-05-26 03:33:20,478] Trial 5 finished with value: 0.6 and parameters: {'C': 0.9446269266990148, 'penalty': 'l2'}. Best is trial 0 with value: 0.7.
[I 2025-05-26 03:33:20,503] Trial 6 finished with value: 0.65 and parameters: {'C': 0.4457453393648168, 'penalty': 'l2'}. Best is trial 0 with value: 0.7.
[I 2025-05-26 03:33:20,528] Trial 7 finished with value: 0.65 and parameters: {'C': 0.12417585037258261, 'penalty': 'l2'}. Best is trial 0 with value: 0.7.
[I 2025-05-26 03:33:20,554] Trial 8 finished with value: 0.65 and parameters: {'C': 0.04753781830244093, 'penalty': 'l2'}. Best is trial 0 with value: 0.7.
[I 2025-05-26 03:33:20,579] Trial 9 finished with value: 0.6 and parameters: {'C': 1.2959766028194148, 'penalty': 'l2'}. Best is trial 0 with value: 0.7.
[I 2025-05-26 03:33:20,610] Trial 10 finished with value: 0.75 and parameters: {'C': 96.02411422716075, 'penalty': 'l2'}. Best is trial 10 with value: 0.75.
[I 2025-05-26 03:33:21,278] Trial 11 finished with value: 0.7 and parameters: {'C': 59.9697718692158, 'penalty': 'l2'}. Best is trial 10 with value: 0.75.
[I 2025-05-26 03:33:21,310] Trial 12 finished with value: 0.75 and parameters: {'C': 82.8768656483412, 'penalty': 'l2'}. Best is trial 10 with value: 0.75.
[I 2025-05-26 03:33:21,949] Trial 13 finished with value: 0.65 and parameters: {'C': 4.865673542589085, 'penalty': 'l2'}. Best is trial 10 with value: 0.75.
[I 2025-05-26 03:33:22,668] Trial 14 finished with value: 0.75 and parameters: {'C': 75.70410205106715, 'penalty': 'l2'}. Best is trial 10 with value: 0.75.
[I 2025-05-26 03:33:22,698] Trial 15 finished with value: 0.65 and parameters: {'C': 5.747529373173483, 'penalty': 'l2'}. Best is trial 10 with value: 0.75.
[I 2025-05-26 03:33:22,728] Trial 16 finished with value: 0.75 and parameters: {'C': 99.34988889502058, 'penalty': 'l2'}. Best is trial 10 with value: 0.75.
[I 2025-05-26 03:33:22,758] Trial 17 finished with value: 0.65 and parameters: {'C': 11.00977919700524, 'penalty': 'l2'}. Best is trial 10 with value: 0.75.
[I 2025-05-26 03:33:22,791] Trial 18 finished with value: 0.55 and parameters: {'C': 2.3984951721258567, 'penalty': 'l2'}. Best is trial 10 with value: 0.75.
[I 2025-05-26 03:33:22,822] Trial 19 finished with value: 0.7 and parameters: {'C': 24.553658573416506, 'penalty': 'l2'}. Best is trial 10 with value: 0.75.
/data/home/rtabares/anaconda3/envs/pyth3.12/lib/python3.12/site-packages/xgboost/core.py:377: FutureWarning: Your system has an old version of glibc (< 2.28). We will stop supporting Linux distros with glibc older than 2.28 after **May 31, 2025**. Please upgrade to a recent Linux distro (with glibc >= 2.28) to use future versions of XGBoost.
Note: You have installed the 'manylinux2014' variant of XGBoost. Certain features such as GPU algorithms or federated learning are not available. To use these features, please upgrade to a recent Linux distro with glibc 2.28+, and install the 'manylinux_2_28' variant.
  warnings.warn(
[I 2025-05-26 03:33:26,827] A new study created in memory with name: mlp
Parámetros guardados en checkpoint_adult_Dlatent_G/ag/IPC_10/best_models_ag_seed_6_space_latent/logreg_best_params.json


>>> Optuna tuning mlp metodo ag IPC 10 seed 6


/data/home/rtabares/anaconda3/envs/pyth3.12/lib/python3.12/site-packages/sklearn/neural_network/_multilayer_perceptron.py:691: ConvergenceWarning: Stochastic Optimizer: Maximum iterations (100) reached and the optimization hasn't converged yet.
  warnings.warn(
/data/home/rtabares/anaconda3/envs/pyth3.12/lib/python3.12/site-packages/sklearn/neural_network/_multilayer_perceptron.py:691: ConvergenceWarning: Stochastic Optimizer: Maximum iterations (100) reached and the optimization hasn't converged yet.
  warnings.warn(
/data/home/rtabares/anaconda3/envs/pyth3.12/lib/python3.12/site-packages/sklearn/neural_network/_multilayer_perceptron.py:691: ConvergenceWarning: Stochastic Optimizer: Maximum iterations (100) reached and the optimization hasn't converged yet.
  warnings.warn(
/data/home/rtabares/anaconda3/envs/pyth3.12/lib/python3.12/site-packages/sklearn/neural_network/_multilayer_perceptron.py:691: ConvergenceWarning: Stochastic Optimizer: Maximum iterations (100) reached and the optimization hasn't converged yet.
  warnings.warn(
[I 2025-05-26 03:33:27,565] Trial 0 finished with value: 0.55 and parameters: {'hidden_layer_sizes': (100,), 'max_iter': 100, 'alpha': 0.0001}. Best is trial 0 with value: 0.55.
/data/home/rtabares/anaconda3/envs/pyth3.12/lib/python3.12/site-packages/sklearn/neural_network/_multilayer_perceptron.py:691: ConvergenceWarning: Stochastic Optimizer: Maximum iterations (100) reached and the optimization hasn't converged yet.
  warnings.warn(
/data/home/rtabares/anaconda3/envs/pyth3.12/lib/python3.12/site-packages/sklearn/neural_network/_multilayer_perceptron.py:691: ConvergenceWarning: Stochastic Optimizer: Maximum iterations (100) reached and the optimization hasn't converged yet.
  warnings.warn(
/data/home/rtabares/anaconda3/envs/pyth3.12/lib/python3.12/site-packages/sklearn/neural_network/_multilayer_perceptron.py:691: ConvergenceWarning: Stochastic Optimizer: Maximum iterations (100) reached and the optimization hasn't converged yet.
  warnings.warn(
/data/home/rtabares/anaconda3/envs/pyth3.12/lib/python3.12/site-packages/sklearn/neural_network/_multilayer_perceptron.py:691: ConvergenceWarning: Stochastic Optimizer: Maximum iterations (100) reached and the optimization hasn't converged yet.
  warnings.warn(
/data/home/rtabares/anaconda3/envs/pyth3.12/lib/python3.12/site-packages/sklearn/neural_network/_multilayer_perceptron.py:691: ConvergenceWarning: Stochastic Optimizer: Maximum iterations (100) reached and the optimization hasn't converged yet.
  warnings.warn(
[I 2025-05-26 03:33:27,653] Trial 1 finished with value: 0.65 and parameters: {'hidden_layer_sizes': (100, 100), 'max_iter': 100, 'alpha': 0.001}. Best is trial 1 with value: 0.65.
/data/home/rtabares/anaconda3/envs/pyth3.12/lib/python3.12/site-packages/sklearn/neural_network/_multilayer_perceptron.py:691: ConvergenceWarning: Stochastic Optimizer: Maximum iterations (100) reached and the optimization hasn't converged yet.
  warnings.warn(
/data/home/rtabares/anaconda3/envs/pyth3.12/lib/python3.12/site-packages/sklearn/neural_network/_multilayer_perceptron.py:691: ConvergenceWarning: Stochastic Optimizer: Maximum iterations (100) reached and the optimization hasn't converged yet.
  warnings.warn(
/data/home/rtabares/anaconda3/envs/pyth3.12/lib/python3.12/site-packages/sklearn/neural_network/_multilayer_perceptron.py:691: ConvergenceWarning: Stochastic Optimizer: Maximum iterations (100) reached and the optimization hasn't converged yet.
  warnings.warn(
/data/home/rtabares/anaconda3/envs/pyth3.12/lib/python3.12/site-packages/sklearn/neural_network/_multilayer_perceptron.py:691: ConvergenceWarning: Stochastic Optimizer: Maximum iterations (100) reached and the optimization hasn't converged yet.
  warnings.warn(
/data/home/rtabares/anaconda3/envs/pyth3.12/lib/python3.12/site-packages/sklearn/neural_network/_multilayer_perceptron.py:691: ConvergenceWarning: Stochastic Optimizer: Maximum iterations (100) reached and the optimization hasn't converged yet.
  warnings.warn(
[I 2025-05-26 03:33:27,710] Trial 2 finished with value: 0.6 and parameters: {'hidden_layer_sizes': (200,), 'max_iter': 100, 'alpha': 0.0001}. Best is trial 1 with value: 0.65.
/data/home/rtabares/anaconda3/envs/pyth3.12/lib/python3.12/site-packages/sklearn/neural_network/_multilayer_perceptron.py:691: ConvergenceWarning: Stochastic Optimizer: Maximum iterations (50) reached and the optimization hasn't converged yet.
  warnings.warn(
/data/home/rtabares/anaconda3/envs/pyth3.12/lib/python3.12/site-packages/sklearn/neural_network/_multilayer_perceptron.py:691: ConvergenceWarning: Stochastic Optimizer: Maximum iterations (50) reached and the optimization hasn't converged yet.
  warnings.warn(
/data/home/rtabares/anaconda3/envs/pyth3.12/lib/python3.12/site-packages/sklearn/neural_network/_multilayer_perceptron.py:691: ConvergenceWarning: Stochastic Optimizer: Maximum iterations (50) reached and the optimization hasn't converged yet.
  warnings.warn(
/data/home/rtabares/anaconda3/envs/pyth3.12/lib/python3.12/site-packages/sklearn/neural_network/_multilayer_perceptron.py:691: ConvergenceWarning: Stochastic Optimizer: Maximum iterations (50) reached and the optimization hasn't converged yet.
  warnings.warn(
/data/home/rtabares/anaconda3/envs/pyth3.12/lib/python3.12/site-packages/sklearn/neural_network/_multilayer_perceptron.py:691: ConvergenceWarning: Stochastic Optimizer: Maximum iterations (50) reached and the optimization hasn't converged yet.
  warnings.warn(
[I 2025-05-26 03:33:27,767] Trial 3 finished with value: 0.65 and parameters: {'hidden_layer_sizes': (200,), 'max_iter': 50, 'alpha': 0.001}. Best is trial 1 with value: 0.65.
/data/home/rtabares/anaconda3/envs/pyth3.12/lib/python3.12/site-packages/sklearn/neural_network/_multilayer_perceptron.py:691: ConvergenceWarning: Stochastic Optimizer: Maximum iterations (50) reached and the optimization hasn't converged yet.
  warnings.warn(
/data/home/rtabares/anaconda3/envs/pyth3.12/lib/python3.12/site-packages/sklearn/neural_network/_multilayer_perceptron.py:691: ConvergenceWarning: Stochastic Optimizer: Maximum iterations (50) reached and the optimization hasn't converged yet.
  warnings.warn(
/data/home/rtabares/anaconda3/envs/pyth3.12/lib/python3.12/site-packages/sklearn/neural_network/_multilayer_perceptron.py:691: ConvergenceWarning: Stochastic Optimizer: Maximum iterations (50) reached and the optimization hasn't converged yet.
  warnings.warn(
/data/home/rtabares/anaconda3/envs/pyth3.12/lib/python3.12/site-packages/sklearn/neural_network/_multilayer_perceptron.py:691: ConvergenceWarning: Stochastic Optimizer: Maximum iterations (50) reached and the optimization hasn't converged yet.
  warnings.warn(
/data/home/rtabares/anaconda3/envs/pyth3.12/lib/python3.12/site-packages/sklearn/neural_network/_multilayer_perceptron.py:691: ConvergenceWarning: Stochastic Optimizer: Maximum iterations (50) reached and the optimization hasn't converged yet.
  warnings.warn(
[I 2025-05-26 03:33:27,824] Trial 4 finished with value: 0.6 and parameters: {'hidden_layer_sizes': (100, 100), 'max_iter': 50, 'alpha': 0.0001}. Best is trial 1 with value: 0.65.
/data/home/rtabares/anaconda3/envs/pyth3.12/lib/python3.12/site-packages/sklearn/neural_network/_multilayer_perceptron.py:691: ConvergenceWarning: Stochastic Optimizer: Maximum iterations (100) reached and the optimization hasn't converged yet.
  warnings.warn(
/data/home/rtabares/anaconda3/envs/pyth3.12/lib/python3.12/site-packages/sklearn/neural_network/_multilayer_perceptron.py:691: ConvergenceWarning: Stochastic Optimizer: Maximum iterations (100) reached and the optimization hasn't converged yet.
  warnings.warn(
/data/home/rtabares/anaconda3/envs/pyth3.12/lib/python3.12/site-packages/sklearn/neural_network/_multilayer_perceptron.py:691: ConvergenceWarning: Stochastic Optimizer: Maximum iterations (100) reached and the optimization hasn't converged yet.
  warnings.warn(
/data/home/rtabares/anaconda3/envs/pyth3.12/lib/python3.12/site-packages/sklearn/neural_network/_multilayer_perceptron.py:691: ConvergenceWarning: Stochastic Optimizer: Maximum iterations (100) reached and the optimization hasn't converged yet.
  warnings.warn(
[I 2025-05-26 03:33:27,902] Trial 5 finished with value: 0.6 and parameters: {'hidden_layer_sizes': (200,), 'max_iter': 100, 'alpha': 0.0001}. Best is trial 1 with value: 0.65.
/data/home/rtabares/anaconda3/envs/pyth3.12/lib/python3.12/site-packages/sklearn/neural_network/_multilayer_perceptron.py:691: ConvergenceWarning: Stochastic Optimizer: Maximum iterations (100) reached and the optimization hasn't converged yet.
  warnings.warn(
/data/home/rtabares/anaconda3/envs/pyth3.12/lib/python3.12/site-packages/sklearn/neural_network/_multilayer_perceptron.py:691: ConvergenceWarning: Stochastic Optimizer: Maximum iterations (100) reached and the optimization hasn't converged yet.
  warnings.warn(
/data/home/rtabares/anaconda3/envs/pyth3.12/lib/python3.12/site-packages/sklearn/neural_network/_multilayer_perceptron.py:691: ConvergenceWarning: Stochastic Optimizer: Maximum iterations (100) reached and the optimization hasn't converged yet.
  warnings.warn(
/data/home/rtabares/anaconda3/envs/pyth3.12/lib/python3.12/site-packages/sklearn/neural_network/_multilayer_perceptron.py:691: ConvergenceWarning: Stochastic Optimizer: Maximum iterations (100) reached and the optimization hasn't converged yet.
  warnings.warn(
/data/home/rtabares/anaconda3/envs/pyth3.12/lib/python3.12/site-packages/sklearn/neural_network/_multilayer_perceptron.py:691: ConvergenceWarning: Stochastic Optimizer: Maximum iterations (100) reached and the optimization hasn't converged yet.
  warnings.warn(
