[I 2025-05-26 03:35:25,616] Trial 5 finished with value: 1.0 and parameters: {'C': 0.9446269266990148, 'penalty': 'l2'}. Best is trial 0 with value: 1.0.
[I 2025-05-26 03:35:25,641] Trial 6 finished with value: 1.0 and parameters: {'C': 0.4457453393648168, 'penalty': 'l2'}. Best is trial 0 with value: 1.0.
[I 2025-05-26 03:35:25,655] Trial 7 finished with value: 1.0 and parameters: {'C': 0.12417585037258261, 'penalty': 'l2'}. Best is trial 0 with value: 1.0.
[I 2025-05-26 03:35:25,679] Trial 8 finished with value: 1.0 and parameters: {'C': 0.04753781830244093, 'penalty': 'l2'}. Best is trial 0 with value: 1.0.
[I 2025-05-26 03:35:25,692] Trial 9 finished with value: 1.0 and parameters: {'C': 1.2959766028194148, 'penalty': 'l2'}. Best is trial 0 with value: 1.0.
[I 2025-05-26 03:35:25,721] Trial 10 finished with value: 1.0 and parameters: {'C': 96.02411422716075, 'penalty': 'l2'}. Best is trial 0 with value: 1.0.
[I 2025-05-26 03:35:26,795] Trial 11 finished with value: 1.0 and parameters: {'C': 0.011544291794950012, 'penalty': 'l2'}. Best is trial 0 with value: 1.0.
[I 2025-05-26 03:35:28,031] Trial 12 finished with value: 1.0 and parameters: {'C': 82.8768656483412, 'penalty': 'l2'}. Best is trial 0 with value: 1.0.
[I 2025-05-26 03:35:28,059] Trial 13 finished with value: 1.0 and parameters: {'C': 4.865673542589085, 'penalty': 'l2'}. Best is trial 0 with value: 1.0.
[I 2025-05-26 03:35:28,086] Trial 14 finished with value: 1.0 and parameters: {'C': 0.029889896070841086, 'penalty': 'l2'}. Best is trial 0 with value: 1.0.
[I 2025-05-26 03:35:28,114] Trial 15 finished with value: 1.0 and parameters: {'C': 9.224679733476327, 'penalty': 'l2'}. Best is trial 0 with value: 1.0.
[I 2025-05-26 03:35:28,165] Trial 16 finished with value: 1.0 and parameters: {'C': 0.13531262729274382, 'penalty': 'l2'}. Best is trial 0 with value: 1.0.
[I 2025-05-26 03:35:29,650] Trial 17 finished with value: 1.0 and parameters: {'C': 0.009039871959471408, 'penalty': 'l2'}. Best is trial 0 with value: 1.0.
[I 2025-05-26 03:35:29,681] Trial 18 finished with value: 1.0 and parameters: {'C': 2.7002197370561327, 'penalty': 'l2'}. Best is trial 0 with value: 1.0.
[I 2025-05-26 03:35:29,710] Trial 19 finished with value: 1.0 and parameters: {'C': 26.139922781749494, 'penalty': 'l2'}. Best is trial 0 with value: 1.0.
/data/home/rtabares/anaconda3/envs/pyth3.12/lib/python3.12/site-packages/xgboost/core.py:377: FutureWarning: Your system has an old version of glibc (< 2.28). We will stop supporting Linux distros with glibc older than 2.28 after **May 31, 2025**. Please upgrade to a recent Linux distro (with glibc >= 2.28) to use future versions of XGBoost.
Note: You have installed the 'manylinux2014' variant of XGBoost. Certain features such as GPU algorithms or federated learning are not available. To use these features, please upgrade to a recent Linux distro with glibc 2.28+, and install the 'manylinux_2_28' variant.
  warnings.warn(
[I 2025-05-26 03:35:34,204] A new study created in memory with name: mlp
Parámetros guardados en checkpoint_default_Dlatent_ft_H/lc/IPC_10/best_models_lc_seed_6_space_latent/logreg_best_params.json


>>> Optuna tuning mlp metodo lc IPC 10 seed 6


[I 2025-05-26 03:35:34,908] Trial 0 finished with value: 0.95 and parameters: {'hidden_layer_sizes': (100,), 'max_iter': 100, 'alpha': 0.0001}. Best is trial 0 with value: 0.95.
[I 2025-05-26 03:35:34,965] Trial 1 finished with value: 1.0 and parameters: {'hidden_layer_sizes': (100, 100), 'max_iter': 100, 'alpha': 0.001}. Best is trial 1 with value: 1.0.
[I 2025-05-26 03:35:35,013] Trial 2 finished with value: 1.0 and parameters: {'hidden_layer_sizes': (200,), 'max_iter': 100, 'alpha': 0.0001}. Best is trial 1 with value: 1.0.
[I 2025-05-26 03:35:35,060] Trial 3 finished with value: 0.95 and parameters: {'hidden_layer_sizes': (200,), 'max_iter': 50, 'alpha': 0.001}. Best is trial 1 with value: 1.0.
[I 2025-05-26 03:35:35,106] Trial 4 finished with value: 1.0 and parameters: {'hidden_layer_sizes': (100, 100), 'max_iter': 50, 'alpha': 0.0001}. Best is trial 1 with value: 1.0.
[I 2025-05-26 03:35:35,163] Trial 5 finished with value: 1.0 and parameters: {'hidden_layer_sizes': (200,), 'max_iter': 100, 'alpha': 0.0001}. Best is trial 1 with value: 1.0.
[I 2025-05-26 03:35:35,219] Trial 6 finished with value: 1.0 and parameters: {'hidden_layer_sizes': (200,), 'max_iter': 100, 'alpha': 0.001}. Best is trial 1 with value: 1.0.
[I 2025-05-26 03:35:35,276] Trial 7 finished with value: 1.0 and parameters: {'hidden_layer_sizes': (100,), 'max_iter': 100, 'alpha': 0.001}. Best is trial 1 with value: 1.0.
[I 2025-05-26 03:35:35,333] Trial 8 finished with value: 1.0 and parameters: {'hidden_layer_sizes': (100, 100), 'max_iter': 100, 'alpha': 0.0001}. Best is trial 1 with value: 1.0.
[I 2025-05-26 03:35:35,381] Trial 9 finished with value: 1.0 and parameters: {'hidden_layer_sizes': (200,), 'max_iter': 100, 'alpha': 0.0001}. Best is trial 1 with value: 1.0.
[I 2025-05-26 03:35:35,441] Trial 10 finished with value: 1.0 and parameters: {'hidden_layer_sizes': (100, 100), 'max_iter': 50, 'alpha': 0.001}. Best is trial 1 with value: 1.0.
[I 2025-05-26 03:35:35,501] Trial 11 finished with value: 1.0 and parameters: {'hidden_layer_sizes': (100, 100), 'max_iter': 100, 'alpha': 0.001}. Best is trial 1 with value: 1.0.
[I 2025-05-26 03:35:36,174] Trial 12 finished with value: 1.0 and parameters: {'hidden_layer_sizes': (200,), 'max_iter': 100, 'alpha': 0.001}. Best is trial 1 with value: 1.0.
[I 2025-05-26 03:35:36,227] Trial 13 finished with value: 1.0 and parameters: {'hidden_layer_sizes': (100, 100), 'max_iter': 100, 'alpha': 0.0001}. Best is trial 1 with value: 1.0.
[I 2025-05-26 03:35:36,277] Trial 14 finished with value: 1.0 and parameters: {'hidden_layer_sizes': (100,), 'max_iter': 50, 'alpha': 0.0001}. Best is trial 1 with value: 1.0.
[I 2025-05-26 03:35:36,327] Trial 15 finished with value: 1.0 and parameters: {'hidden_layer_sizes': (200,), 'max_iter': 100, 'alpha': 0.001}. Best is trial 1 with value: 1.0.
[I 2025-05-26 03:35:36,372] Trial 16 finished with value: 1.0 and parameters: {'hidden_layer_sizes': (100, 100), 'max_iter': 100, 'alpha': 0.001}. Best is trial 1 with value: 1.0.
[I 2025-05-26 03:35:36,450] Trial 17 finished with value: 1.0 and parameters: {'hidden_layer_sizes': (100, 100), 'max_iter': 100, 'alpha': 0.0001}. Best is trial 1 with value: 1.0.
[I 2025-05-26 03:35:36,515] Trial 18 finished with value: 0.95 and parameters: {'hidden_layer_sizes': (200,), 'max_iter': 50, 'alpha': 0.0001}. Best is trial 1 with value: 1.0.
[I 2025-05-26 03:35:36,565] Trial 19 finished with value: 1.0 and parameters: {'hidden_layer_sizes': (100,), 'max_iter': 100, 'alpha': 0.001}. Best is trial 1 with value: 1.0.
[I 2025-05-26 03:35:39,728] A new study created in memory with name: naive_bayes
Parámetros guardados en checkpoint_default_Dlatent_ft_H/lc/IPC_10/best_models_lc_seed_6_space_latent/mlp_best_params.json


>>> Optuna tuning naive_bayes metodo lc IPC 10 seed 6


[I 2025-05-26 03:35:43,086] Trial 0 finished with value: 0.85 and parameters: {'var_smoothing': 6.10548688762798e-09}. Best is trial 0 with value: 0.85.
[I 2025-05-26 03:35:43,407] Trial 1 finished with value: 0.85 and parameters: {'var_smoothing': 4.6127467400935034e-10}. Best is trial 0 with value: 0.85.
[I 2025-05-26 03:35:43,432] Trial 2 finished with value: 0.85 and parameters: {'var_smoothing': 4.389936579400967e-09}. Best is trial 0 with value: 0.85.
[I 2025-05-26 03:35:43,455] Trial 3 finished with value: 0.85 and parameters: {'var_smoothing': 1.2116948204672054e-10}. Best is trial 0 with value: 0.85.
[I 2025-05-26 03:35:43,477] Trial 4 finished with value: 0.85 and parameters: {'var_smoothing': 1.6417739478477417e-10}. Best is trial 0 with value: 0.85.
[I 2025-05-26 03:35:43,500] Trial 5 finished with value: 0.85 and parameters: {'var_smoothing': 1.5491880147236797e-09}. Best is trial 0 with value: 0.85.
[I 2025-05-26 03:35:43,524] Trial 6 finished with value: 0.85 and parameters: {'var_smoothing': 1.1471883405287265e-09}. Best is trial 0 with value: 0.85.
[I 2025-05-26 03:35:43,538] Trial 7 finished with value: 0.85 and parameters: {'var_smoothing': 6.88041853492358e-10}. Best is trial 0 with value: 0.85.
[I 2025-05-26 03:35:43,551] Trial 8 finished with value: 0.85 and parameters: {'var_smoothing': 4.686144741221158e-10}. Best is trial 0 with value: 0.85.
[I 2025-05-26 03:35:43,565] Trial 9 finished with value: 0.85 and parameters: {'var_smoothing': 1.7580809350683337e-09}. Best is trial 0 with value: 0.85.
[I 2025-05-26 03:35:43,582] Trial 10 finished with value: 0.85 and parameters: {'var_smoothing': 9.83902635509218e-09}. Best is trial 0 with value: 0.85.
[I 2025-05-26 03:35:44,275] Trial 11 finished with value: 0.85 and parameters: {'var_smoothing': 2.660399871603373e-10}. Best is trial 0 with value: 0.85.
[I 2025-05-26 03:35:44,940] Trial 12 finished with value: 0.85 and parameters: {'var_smoothing': 9.276268851540963e-09}. Best is trial 0 with value: 0.85.
[I 2025-05-26 03:35:44,958] Trial 13 finished with value: 0.85 and parameters: {'var_smoothing': 2.9844010685221692e-09}. Best is trial 0 with value: 0.85.
[I 2025-05-26 03:35:44,976] Trial 14 finished with value: 0.85 and parameters: {'var_smoothing': 3.8923309717334116e-10}. Best is trial 0 with value: 0.85.
[I 2025-05-26 03:35:45,659] Trial 15 finished with value: 0.85 and parameters: {'var_smoothing': 3.85461066627204e-09}. Best is trial 0 with value: 0.85.
[I 2025-05-26 03:35:45,680] Trial 16 finished with value: 0.85 and parameters: {'var_smoothing': 7.120907275009211e-10}. Best is trial 0 with value: 0.85.
[I 2025-05-26 03:35:45,700] Trial 17 finished with value: 0.85 and parameters: {'var_smoothing': 2.412486610614855e-10}. Best is trial 0 with value: 0.85.
[I 2025-05-26 03:35:45,719] Trial 18 finished with value: 0.85 and parameters: {'var_smoothing': 2.3580860166954074e-09}. Best is trial 0 with value: 0.85.
[I 2025-05-26 03:35:45,740] Trial 19 finished with value: 0.85 and parameters: {'var_smoothing': 5.846846875339535e-09}. Best is trial 0 with value: 0.85.
/data/home/rtabares/anaconda3/envs/pyth3.12/lib/python3.12/site-packages/xgboost/core.py:377: FutureWarning: Your system has an old version of glibc (< 2.28). We will stop supporting Linux distros with glibc older than 2.28 after **May 31, 2025**. Please upgrade to a recent Linux distro (with glibc >= 2.28) to use future versions of XGBoost.
Note: You have installed the 'manylinux2014' variant of XGBoost. Certain features such as GPU algorithms or federated learning are not available. To use these features, please upgrade to a recent Linux distro with glibc 2.28+, and install the 'manylinux_2_28' variant.
  warnings.warn(
/data/home/rtabares/anaconda3/envs/pyth3.12/lib/python3.12/site-packages/xgboost/core.py:377: FutureWarning: Your system has an old version of glibc (< 2.28). We will stop supporting Linux distros with glibc older than 2.28 after **May 31, 2025**. Please upgrade to a recent Linux distro (with glibc >= 2.28) to use future versions of XGBoost.
Note: You have installed the 'manylinux2014' variant of XGBoost. Certain features such as GPU algorithms or federated learning are not available. To use these features, please upgrade to a recent Linux distro with glibc 2.28+, and install the 'manylinux_2_28' variant.
  warnings.warn(
[I 2025-05-26 03:35:50,714] A new study created in memory with name: knn
Parámetros guardados en checkpoint_default_Dlatent_ft_H/lc/IPC_10/best_models_lc_seed_6_space_latent/naive_bayes_best_params.json


>>> Optuna tuning knn metodo lc IPC 10 seed 6


[I 2025-05-26 03:35:51,131] Trial 0 finished with value: 0.95 and parameters: {'n_neighbors': 10, 'leaf_size': 26, 'p': 1}. Best is trial 0 with value: 0.95.
[I 2025-05-26 03:35:51,192] Trial 1 finished with value: 0.95 and parameters: {'n_neighbors': 3, 'leaf_size': 32, 'p': 1}. Best is trial 0 with value: 0.95.
[I 2025-05-26 03:35:51,229] Trial 2 finished with value: 0.95 and parameters: {'n_neighbors': 5, 'leaf_size': 33, 'p': 2}. Best is trial 0 with value: 0.95.
[I 2025-05-26 03:35:51,924] Trial 3 finished with value: 0.95 and parameters: {'n_neighbors': 7, 'leaf_size': 32, 'p': 2}. Best is trial 0 with value: 0.95.
[I 2025-05-26 03:35:52,012] Trial 4 finished with value: 0.95 and parameters: {'n_neighbors': 9, 'leaf_size': 28, 'p': 1}. Best is trial 0 with value: 0.95.
[I 2025-05-26 03:35:52,069] Trial 5 finished with value: 0.95 and parameters: {'n_neighbors': 3, 'leaf_size': 35, 'p': 1}. Best is trial 0 with value: 0.95.
[I 2025-05-26 03:35:52,126] Trial 6 finished with value: 0.95 and parameters: {'n_neighbors': 8, 'leaf_size': 31, 'p': 2}. Best is trial 0 with value: 0.95.
[I 2025-05-26 03:35:52,203] Trial 7 finished with value: 0.95 and parameters: {'n_neighbors': 6, 'leaf_size': 24, 'p': 2}. Best is trial 0 with value: 0.95.
[I 2025-05-26 03:35:52,280] Trial 8 finished with value: 0.95 and parameters: {'n_neighbors': 5, 'leaf_size': 34, 'p': 2}. Best is trial 0 with value: 0.95.
[I 2025-05-26 03:35:52,422] Trial 9 finished with value: 0.95 and parameters: {'n_neighbors': 10, 'leaf_size': 27, 'p': 2}. Best is trial 0 with value: 0.95.
[I 2025-05-26 03:35:52,554] Trial 10 finished with value: 0.95 and parameters: {'n_neighbors': 10, 'leaf_size': 40, 'p': 1}. Best is trial 0 with value: 0.95.
[I 2025-05-26 03:35:52,600] Trial 11 finished with value: 0.95 and parameters: {'n_neighbors': 3, 'leaf_size': 22, 'p': 1}. Best is trial 0 with value: 0.95.
[I 2025-05-26 03:35:53,333] Trial 12 finished with value: 0.95 and parameters: {'n_neighbors': 4, 'leaf_size': 26, 'p': 1}. Best is trial 0 with value: 0.95.
[I 2025-05-26 03:35:54,045] Trial 13 finished with value: 0.95 and parameters: {'n_neighbors': 8, 'leaf_size': 20, 'p': 1}. Best is trial 0 with value: 0.95.
[I 2025-05-26 03:35:54,071] Trial 14 finished with value: 0.95 and parameters: {'n_neighbors': 6, 'leaf_size': 38, 'p': 1}. Best is trial 0 with value: 0.95.
[I 2025-05-26 03:35:54,097] Trial 15 finished with value: 0.95 and parameters: {'n_neighbors': 8, 'leaf_size': 29, 'p': 1}. Best is trial 0 with value: 0.95.
[I 2025-05-26 03:35:54,838] Trial 16 finished with value: 0.95 and parameters: {'n_neighbors': 4, 'leaf_size': 24, 'p': 1}. Best is trial 0 with value: 0.95.
[I 2025-05-26 03:35:54,867] Trial 17 finished with value: 0.95 and parameters: {'n_neighbors': 7, 'leaf_size': 37, 'p': 1}. Best is trial 0 with value: 0.95.
[I 2025-05-26 03:35:54,893] Trial 18 finished with value: 0.95 and parameters: {'n_neighbors': 9, 'leaf_size': 25, 'p': 1}. Best is trial 0 with value: 0.95.
[I 2025-05-26 03:35:54,920] Trial 19 finished with value: 0.95 and parameters: {'n_neighbors': 5, 'leaf_size': 30, 'p': 1}. Best is trial 0 with value: 0.95.
/data/home/rtabares/anaconda3/envs/pyth3.12/lib/python3.12/site-packages/xgboost/core.py:377: FutureWarning: Your system has an old version of glibc (< 2.28). We will stop supporting Linux distros with glibc older than 2.28 after **May 31, 2025**. Please upgrade to a recent Linux distro (with glibc >= 2.28) to use future versions of XGBoost.
Note: You have installed the 'manylinux2014' variant of XGBoost. Certain features such as GPU algorithms or federated learning are not available. To use these features, please upgrade to a recent Linux distro with glibc 2.28+, and install the 'manylinux_2_28' variant.
  warnings.warn(
/data/home/rtabares/anaconda3/envs/pyth3.12/lib/python3.12/site-packages/xgboost/core.py:377: FutureWarning: Your system has an old version of glibc (< 2.28). We will stop supporting Linux distros with glibc older than 2.28 after **May 31, 2025**. Please upgrade to a recent Linux distro (with glibc >= 2.28) to use future versions of XGBoost.
Note: You have installed the 'manylinux2014' variant of XGBoost. Certain features such as GPU algorithms or federated learning are not available. To use these features, please upgrade to a recent Linux distro with glibc 2.28+, and install the 'manylinux_2_28' variant.
  warnings.warn(
[I 2025-05-26 03:35:56,975] A new study created in memory with name: xgb
Parámetros guardados en checkpoint_default_Dlatent_ft_H/lc/IPC_10/best_models_lc_seed_6_space_latent/knn_best_params.json


>>> Optuna tuning xgb metodo lc IPC 10 seed 6


/data/home/rtabares/anaconda3/envs/pyth3.12/lib/python3.12/site-packages/xgboost/core.py:377: FutureWarning: Your system has an old version of glibc (< 2.28). We will stop supporting Linux distros with glibc older than 2.28 after **May 31, 2025**. Please upgrade to a recent Linux distro (with glibc >= 2.28) to use future versions of XGBoost.
Note: You have installed the 'manylinux2014' variant of XGBoost. Certain features such as GPU algorithms or federated learning are not available. To use these features, please upgrade to a recent Linux distro with glibc 2.28+, and install the 'manylinux_2_28' variant.
  warnings.warn(
/data/home/rtabares/anaconda3/envs/pyth3.12/lib/python3.12/site-packages/xgboost/core.py:377: FutureWarning: Your system has an old version of glibc (< 2.28). We will stop supporting Linux distros with glibc older than 2.28 after **May 31, 2025**. Please upgrade to a recent Linux distro (with glibc >= 2.28) to use future versions of XGBoost.
Note: You have installed the 'manylinux2014' variant of XGBoost. Certain features such as GPU algorithms or federated learning are not available. To use these features, please upgrade to a recent Linux distro with glibc 2.28+, and install the 'manylinux_2_28' variant.
  warnings.warn(
/data/home/rtabares/anaconda3/envs/pyth3.12/lib/python3.12/site-packages/xgboost/core.py:377: FutureWarning: Your system has an old version of glibc (< 2.28). We will stop supporting Linux distros with glibc older than 2.28 after **May 31, 2025**. Please upgrade to a recent Linux distro (with glibc >= 2.28) to use future versions of XGBoost.
Note: You have installed the 'manylinux2014' variant of XGBoost. Certain features such as GPU algorithms or federated learning are not available. To use these features, please upgrade to a recent Linux distro with glibc 2.28+, and install the 'manylinux_2_28' variant.
  warnings.warn(
/data/home/rtabares/anaconda3/envs/pyth3.12/lib/python3.12/site-packages/xgboost/core.py:377: FutureWarning: Your system has an old version of glibc (< 2.28). We will stop supporting Linux distros with glibc older than 2.28 after **May 31, 2025**. Please upgrade to a recent Linux distro (with glibc >= 2.28) to use future versions of XGBoost.
Note: You have installed the 'manylinux2014' variant of XGBoost. Certain features such as GPU algorithms or federated learning are not available. To use these features, please upgrade to a recent Linux distro with glibc 2.28+, and install the 'manylinux_2_28' variant.
  warnings.warn(
[I 2025-05-26 03:36:00,210] Trial 0 finished with value: 0.75 and parameters: {'n_estimators': 10, 'max_depth': 30, 'gamma': 0.5768356259735394, 'subsample': 0.7094037142783272, 'colsample_bytree': 0.6677039246366646}. Best is trial 0 with value: 0.75.
/data/home/rtabares/anaconda3/envs/pyth3.12/lib/python3.12/site-packages/xgboost/core.py:377: FutureWarning: Your system has an old version of glibc (< 2.28). We will stop supporting Linux distros with glibc older than 2.28 after **May 31, 2025**. Please upgrade to a recent Linux distro (with glibc >= 2.28) to use future versions of XGBoost.
Note: You have installed the 'manylinux2014' variant of XGBoost. Certain features such as GPU algorithms or federated learning are not available. To use these features, please upgrade to a recent Linux distro with glibc 2.28+, and install the 'manylinux_2_28' variant.
  warnings.warn(
[I 2025-05-26 03:36:00,567] Trial 1 finished with value: 0.75 and parameters: {'n_estimators': 100, 'max_depth': 30, 'gamma': 0.9912018442360747, 'subsample': 0.9099290984609207, 'colsample_bytree': 0.7066004674080903}. Best is trial 0 with value: 0.75.
/data/home/rtabares/anaconda3/envs/pyth3.12/lib/python3.12/site-packages/xgboost/core.py:377: FutureWarning: Your system has an old version of glibc (< 2.28). We will stop supporting Linux distros with glibc older than 2.28 after **May 31, 2025**. Please upgrade to a recent Linux distro (with glibc >= 2.28) to use future versions of XGBoost.
Note: You have installed the 'manylinux2014' variant of XGBoost. Certain features such as GPU algorithms or federated learning are not available. To use these features, please upgrade to a recent Linux distro with glibc 2.28+, and install the 'manylinux_2_28' variant.
  warnings.warn(
/data/home/rtabares/anaconda3/envs/pyth3.12/lib/python3.12/site-packages/xgboost/core.py:377: FutureWarning: Your system has an old version of glibc (< 2.28). We will stop supporting Linux distros with glibc older than 2.28 after **May 31, 2025**. Please upgrade to a recent Linux distro (with glibc >= 2.28) to use future versions of XGBoost.
Note: You have installed the 'manylinux2014' variant of XGBoost. Certain features such as GPU algorithms or federated learning are not available. To use these features, please upgrade to a recent Linux distro with glibc 2.28+, and install the 'manylinux_2_28' variant.
  warnings.warn(
[I 2025-05-26 03:36:00,619] Trial 2 finished with value: 0.8 and parameters: {'n_estimators': 10, 'max_depth': 20, 'gamma': 0.7382185757030506, 'subsample': 0.7704684271512641, 'colsample_bytree': 0.5624120871903049}. Best is trial 2 with value: 0.8.
[I 2025-05-26 03:36:00,648] Trial 3 finished with value: 0.75 and parameters: {'n_estimators': 10, 'max_depth': 20, 'gamma': 0.7041784887453524, 'subsample': 0.7995029565695583, 'colsample_bytree': 0.8586660727777565}. Best is trial 2 with value: 0.8.
