[I 2025-05-26 03:10:56,669] Trial 11 finished with value: 0.8 and parameters: {'n_estimators': 40, 'max_depth': 5, 'gamma': 0.284144177802935, 'subsample': 0.7137332854536631, 'colsample_bytree': 0.6815498556783907}. Best is trial 0 with value: 0.85.
/data/home/rtabares/anaconda3/envs/pyth3.12/lib/python3.12/site-packages/xgboost/core.py:377: FutureWarning: Your system has an old version of glibc (< 2.28). We will stop supporting Linux distros with glibc older than 2.28 after **May 31, 2025**. Please upgrade to a recent Linux distro (with glibc >= 2.28) to use future versions of XGBoost.
Note: You have installed the 'manylinux2014' variant of XGBoost. Certain features such as GPU algorithms or federated learning are not available. To use these features, please upgrade to a recent Linux distro with glibc 2.28+, and install the 'manylinux_2_28' variant.
  warnings.warn(
/data/home/rtabares/anaconda3/envs/pyth3.12/lib/python3.12/site-packages/xgboost/core.py:377: FutureWarning: Your system has an old version of glibc (< 2.28). We will stop supporting Linux distros with glibc older than 2.28 after **May 31, 2025**. Please upgrade to a recent Linux distro (with glibc >= 2.28) to use future versions of XGBoost.
Note: You have installed the 'manylinux2014' variant of XGBoost. Certain features such as GPU algorithms or federated learning are not available. To use these features, please upgrade to a recent Linux distro with glibc 2.28+, and install the 'manylinux_2_28' variant.
  warnings.warn(
/data/home/rtabares/anaconda3/envs/pyth3.12/lib/python3.12/site-packages/xgboost/core.py:377: FutureWarning: Your system has an old version of glibc (< 2.28). We will stop supporting Linux distros with glibc older than 2.28 after **May 31, 2025**. Please upgrade to a recent Linux distro (with glibc >= 2.28) to use future versions of XGBoost.
Note: You have installed the 'manylinux2014' variant of XGBoost. Certain features such as GPU algorithms or federated learning are not available. To use these features, please upgrade to a recent Linux distro with glibc 2.28+, and install the 'manylinux_2_28' variant.
  warnings.warn(
/data/home/rtabares/anaconda3/envs/pyth3.12/lib/python3.12/site-packages/xgboost/core.py:377: FutureWarning: Your system has an old version of glibc (< 2.28). We will stop supporting Linux distros with glibc older than 2.28 after **May 31, 2025**. Please upgrade to a recent Linux distro (with glibc >= 2.28) to use future versions of XGBoost.
Note: You have installed the 'manylinux2014' variant of XGBoost. Certain features such as GPU algorithms or federated learning are not available. To use these features, please upgrade to a recent Linux distro with glibc 2.28+, and install the 'manylinux_2_28' variant.
  warnings.warn(
[I 2025-05-26 03:10:57,523] Trial 12 finished with value: 0.8 and parameters: {'n_estimators': 100, 'max_depth': 30, 'gamma': 0.4460361445163697, 'subsample': 0.6425328048515475, 'colsample_bytree': 0.679730053828248}. Best is trial 0 with value: 0.85.
[I 2025-05-26 03:10:57,563] Trial 13 finished with value: 0.85 and parameters: {'n_estimators': 40, 'max_depth': 5, 'gamma': 0.15813912455139084, 'subsample': 0.7844515830692418, 'colsample_bytree': 0.6758652093499296}. Best is trial 0 with value: 0.85.
[I 2025-05-26 03:10:57,604] Trial 14 finished with value: 0.8 and parameters: {'n_estimators': 100, 'max_depth': 30, 'gamma': 0.6918007402171132, 'subsample': 0.8431105857116872, 'colsample_bytree': 0.8216506181347186}. Best is trial 0 with value: 0.85.
[I 2025-05-26 03:10:57,650] Trial 15 finished with value: 0.85 and parameters: {'n_estimators': 100, 'max_depth': 30, 'gamma': 0.349760846204061, 'subsample': 0.6341284233145288, 'colsample_bytree': 0.8604557310580807}. Best is trial 0 with value: 0.85.
[I 2025-05-26 03:10:57,695] Trial 16 finished with value: 0.85 and parameters: {'n_estimators': 40, 'max_depth': 5, 'gamma': 0.5201464803795712, 'subsample': 0.7450819645371771, 'colsample_bytree': 0.6198858180831269}. Best is trial 0 with value: 0.85.
[I 2025-05-26 03:10:57,735] Trial 17 finished with value: 0.85 and parameters: {'n_estimators': 40, 'max_depth': 30, 'gamma': 0.24898809859426368, 'subsample': 0.8794206962560682, 'colsample_bytree': 0.7109611479294711}. Best is trial 0 with value: 0.85.
[I 2025-05-26 03:10:57,786] Trial 18 finished with value: 0.85 and parameters: {'n_estimators': 100, 'max_depth': 5, 'gamma': 0.9913860986584816, 'subsample': 0.7789286533284532, 'colsample_bytree': 0.6271428698415437}. Best is trial 0 with value: 0.85.
[I 2025-05-26 03:10:57,827] Trial 19 finished with value: 0.8 and parameters: {'n_estimators': 10, 'max_depth': 20, 'gamma': 0.1024661458044199, 'subsample': 0.6385018241519915, 'colsample_bytree': 0.7256286391121816}. Best is trial 0 with value: 0.85.
[I 2025-05-26 03:11:00,560] A new study created in memory with name: rf
[I 2025-05-26 03:11:03,488] Trial 0 finished with value: 0.5 and parameters: {'n_estimators': 189, 'max_depth': 18, 'min_samples_split': 3, 'min_samples_leaf': 10}. Best is trial 0 with value: 0.5.
Parámetros guardados en checkpoint_adult_Dlatent_G/random/IPC_10/best_models_random_seed_5_space_original/xgb_best_params.json


>>> Optuna tuning rf metodo random IPC 10 seed 5


[I 2025-05-26 03:11:04,776] Trial 1 finished with value: 0.75 and parameters: {'n_estimators': 295, 'max_depth': 14, 'min_samples_split': 8, 'min_samples_leaf': 6}. Best is trial 1 with value: 0.75.
[I 2025-05-26 03:11:05,196] Trial 2 finished with value: 0.5 and parameters: {'n_estimators': 219, 'max_depth': 6, 'min_samples_split': 2, 'min_samples_leaf': 8}. Best is trial 1 with value: 0.75.
[I 2025-05-26 03:11:05,617] Trial 3 finished with value: 0.75 and parameters: {'n_estimators': 276, 'max_depth': 5, 'min_samples_split': 9, 'min_samples_leaf': 3}. Best is trial 1 with value: 0.75.
[I 2025-05-26 03:11:06,026] Trial 4 finished with value: 0.7 and parameters: {'n_estimators': 266, 'max_depth': 8, 'min_samples_split': 7, 'min_samples_leaf': 6}. Best is trial 1 with value: 0.75.
[I 2025-05-26 03:11:06,506] Trial 5 finished with value: 0.75 and parameters: {'n_estimators': 340, 'max_depth': 7, 'min_samples_split': 4, 'min_samples_leaf': 3}. Best is trial 1 with value: 0.75.
[I 2025-05-26 03:11:06,866] Trial 6 finished with value: 0.5 and parameters: {'n_estimators': 231, 'max_depth': 5, 'min_samples_split': 3, 'min_samples_leaf': 10}. Best is trial 1 with value: 0.75.
[I 2025-05-26 03:11:07,556] Trial 7 finished with value: 0.75 and parameters: {'n_estimators': 485, 'max_depth': 6, 'min_samples_split': 2, 'min_samples_leaf': 3}. Best is trial 1 with value: 0.75.
[I 2025-05-26 03:11:08,111] Trial 8 finished with value: 0.65 and parameters: {'n_estimators': 380, 'max_depth': 17, 'min_samples_split': 2, 'min_samples_leaf': 6}. Best is trial 1 with value: 0.75.
[I 2025-05-26 03:11:08,329] Trial 9 finished with value: 0.5 and parameters: {'n_estimators': 100, 'max_depth': 12, 'min_samples_split': 7, 'min_samples_leaf': 10}. Best is trial 1 with value: 0.75.
[I 2025-05-26 03:11:08,955] Trial 10 finished with value: 0.85 and parameters: {'n_estimators': 446, 'max_depth': 13, 'min_samples_split': 10, 'min_samples_leaf': 5}. Best is trial 10 with value: 0.85.
[I 2025-05-26 03:11:09,562] Trial 11 finished with value: 0.7 and parameters: {'n_estimators': 432, 'max_depth': 14, 'min_samples_split': 10, 'min_samples_leaf': 5}. Best is trial 10 with value: 0.85.
[I 2025-05-26 03:11:10,652] Trial 12 finished with value: 0.75 and parameters: {'n_estimators': 402, 'max_depth': 14, 'min_samples_split': 9, 'min_samples_leaf': 1}. Best is trial 10 with value: 0.85.
[I 2025-05-26 03:11:11,847] Trial 13 finished with value: 0.5 and parameters: {'n_estimators': 338, 'max_depth': 10, 'min_samples_split': 8, 'min_samples_leaf': 7}. Best is trial 10 with value: 0.85.
[I 2025-05-26 03:11:12,451] Trial 14 finished with value: 0.8 and parameters: {'n_estimators': 486, 'max_depth': 20, 'min_samples_split': 10, 'min_samples_leaf': 5}. Best is trial 10 with value: 0.85.
[I 2025-05-26 03:11:13,030] Trial 15 finished with value: 0.7 and parameters: {'n_estimators': 494, 'max_depth': 20, 'min_samples_split': 10, 'min_samples_leaf': 4}. Best is trial 10 with value: 0.85.
[I 2025-05-26 03:11:13,566] Trial 16 finished with value: 0.5 and parameters: {'n_estimators': 444, 'max_depth': 20, 'min_samples_split': 5, 'min_samples_leaf': 8}. Best is trial 10 with value: 0.85.
[I 2025-05-26 03:11:14,153] Trial 17 finished with value: 0.75 and parameters: {'n_estimators': 448, 'max_depth': 3, 'min_samples_split': 10, 'min_samples_leaf': 1}. Best is trial 10 with value: 0.85.
[I 2025-05-26 03:11:14,619] Trial 18 finished with value: 0.8 and parameters: {'n_estimators': 372, 'max_depth': 17, 'min_samples_split': 6, 'min_samples_leaf': 4}. Best is trial 10 with value: 0.85.
[I 2025-05-26 03:11:15,206] Trial 19 finished with value: 0.8 and parameters: {'n_estimators': 468, 'max_depth': 11, 'min_samples_split': 9, 'min_samples_leaf': 5}. Best is trial 10 with value: 0.85.
[I 2025-05-26 03:11:19,152] A new study created in memory with name: svc
Parámetros guardados en checkpoint_adult_Dlatent_G/random/IPC_10/best_models_random_seed_5_space_original/rf_best_params.json


>>> Optuna tuning svc metodo random IPC 10 seed 5


[I 2025-05-26 03:11:21,616] Trial 0 finished with value: 0.85 and parameters: {'C': 0.07726319876517104, 'gamma': 0.3040389504793042}. Best is trial 0 with value: 0.85.
[I 2025-05-26 03:11:21,704] Trial 1 finished with value: 0.6 and parameters: {'C': 0.06712381339142241, 'gamma': 0.47254549996710477}. Best is trial 0 with value: 0.85.
[I 2025-05-26 03:11:21,720] Trial 2 finished with value: 0.75 and parameters: {'C': 0.8987621100554035, 'gamma': 0.027988231123708972}. Best is trial 0 with value: 0.85.
[I 2025-05-26 03:11:21,734] Trial 3 finished with value: 0.65 and parameters: {'C': 11.5779435007655, 'gamma': 0.011848734045499056}. Best is trial 0 with value: 0.85.
[I 2025-05-26 03:11:21,749] Trial 4 finished with value: 0.6 and parameters: {'C': 0.1538870258903583, 'gamma': 0.0005634883151169033}. Best is trial 0 with value: 0.85.
[I 2025-05-26 03:11:21,764] Trial 5 finished with value: 0.8 and parameters: {'C': 0.021036092656561454, 'gamma': 0.08990030906808326}. Best is trial 0 with value: 0.85.
[I 2025-05-26 03:11:21,778] Trial 6 finished with value: 0.6 and parameters: {'C': 0.5824208201678516, 'gamma': 0.00042977333932534993}. Best is trial 0 with value: 0.85.
[I 2025-05-26 03:11:21,802] Trial 7 finished with value: 0.65 and parameters: {'C': 33.09391330085814, 'gamma': 0.001248377256719358}. Best is trial 0 with value: 0.85.
[I 2025-05-26 03:11:21,827] Trial 8 finished with value: 0.65 and parameters: {'C': 0.45387898639622015, 'gamma': 0.0015286910781809498}. Best is trial 0 with value: 0.85.
[I 2025-05-26 03:11:21,841] Trial 9 finished with value: 0.7 and parameters: {'C': 3.274550070431994, 'gamma': 0.02086177421469992}. Best is trial 0 with value: 0.85.
[I 2025-05-26 03:11:21,875] Trial 10 finished with value: 0.65 and parameters: {'C': 0.010116871836624908, 'gamma': 0.711268445326614}. Best is trial 0 with value: 0.85.
[I 2025-05-26 03:11:22,633] Trial 11 finished with value: 0.8 and parameters: {'C': 0.012686545966173524, 'gamma': 0.1425612832221686}. Best is trial 0 with value: 0.85.
[I 2025-05-26 03:11:23,386] Trial 12 finished with value: 0.8 and parameters: {'C': 0.057197558346059656, 'gamma': 0.11937103217426985}. Best is trial 0 with value: 0.85.
[I 2025-05-26 03:11:23,410] Trial 13 finished with value: 0.8 and parameters: {'C': 0.04857087160716521, 'gamma': 0.09924000530475924}. Best is trial 0 with value: 0.85.
[I 2025-05-26 03:11:23,428] Trial 14 finished with value: 0.6 and parameters: {'C': 0.1622430868415539, 'gamma': 0.00010410657631139162}. Best is trial 0 with value: 0.85.
[I 2025-05-26 03:11:23,449] Trial 15 finished with value: 0.85 and parameters: {'C': 0.02992875445339936, 'gamma': 0.2761034748461749}. Best is trial 0 with value: 0.85.
[I 2025-05-26 03:11:23,468] Trial 16 finished with value: 0.75 and parameters: {'C': 2.9592269762639245, 'gamma': 0.33761102575663443}. Best is trial 0 with value: 0.85.
[I 2025-05-26 03:11:23,488] Trial 17 finished with value: 0.7 and parameters: {'C': 0.16743857801737694, 'gamma': 0.004783625491305268}. Best is trial 0 with value: 0.85.
[I 2025-05-26 03:11:23,509] Trial 18 finished with value: 0.6 and parameters: {'C': 0.030263909114572603, 'gamma': 0.8997260299171221}. Best is trial 0 with value: 0.85.
[I 2025-05-26 03:11:23,529] Trial 19 finished with value: 0.75 and parameters: {'C': 0.24518398681114204, 'gamma': 0.03683738048780853}. Best is trial 0 with value: 0.85.
[I 2025-05-26 03:11:26,031] A new study created in memory with name: logreg
Parámetros guardados en checkpoint_adult_Dlatent_G/random/IPC_10/best_models_random_seed_5_space_original/svc_best_params.json


>>> Optuna tuning logreg metodo random IPC 10 seed 5


[I 2025-05-26 03:11:28,719] Trial 0 finished with value: 0.75 and parameters: {'C': 0.012881482725481003, 'penalty': 'l2'}. Best is trial 0 with value: 0.75.
[I 2025-05-26 03:11:29,459] Trial 1 finished with value: 0.7 and parameters: {'C': 22.576755560681583, 'penalty': 'l2'}. Best is trial 0 with value: 0.75.
[I 2025-05-26 03:11:29,484] Trial 2 finished with value: 0.75 and parameters: {'C': 0.010804278656839932, 'penalty': 'l2'}. Best is trial 0 with value: 0.75.
[I 2025-05-26 03:11:29,508] Trial 3 finished with value: 0.7 and parameters: {'C': 39.17910760336117, 'penalty': 'l2'}. Best is trial 0 with value: 0.75.
[I 2025-05-26 03:11:29,532] Trial 4 finished with value: 0.8 and parameters: {'C': 0.2767298094062571, 'penalty': 'l2'}. Best is trial 4 with value: 0.8.
[I 2025-05-26 03:11:29,556] Trial 5 finished with value: 0.75 and parameters: {'C': 1.1447728330837224, 'penalty': 'l2'}. Best is trial 4 with value: 0.8.
[I 2025-05-26 03:11:29,580] Trial 6 finished with value: 0.75 and parameters: {'C': 6.753661388238877, 'penalty': 'l2'}. Best is trial 4 with value: 0.8.
[I 2025-05-26 03:11:29,605] Trial 7 finished with value: 0.8 and parameters: {'C': 0.39092184460352974, 'penalty': 'l2'}. Best is trial 4 with value: 0.8.
[I 2025-05-26 03:11:29,629] Trial 8 finished with value: 0.75 and parameters: {'C': 0.03047912590082646, 'penalty': 'l2'}. Best is trial 4 with value: 0.8.
[I 2025-05-26 03:11:29,642] Trial 9 finished with value: 0.75 and parameters: {'C': 0.008681727362499118, 'penalty': 'l2'}. Best is trial 4 with value: 0.8.
[I 2025-05-26 03:11:29,660] Trial 10 finished with value: 0.75 and parameters: {'C': 0.0010280973566261366, 'penalty': 'l2'}. Best is trial 4 with value: 0.8.
[I 2025-05-26 03:11:30,345] Trial 11 finished with value: 0.8 and parameters: {'C': 0.3118800496489818, 'penalty': 'l2'}. Best is trial 4 with value: 0.8.
[I 2025-05-26 03:11:31,012] Trial 12 finished with value: 0.8 and parameters: {'C': 0.2684851615473274, 'penalty': 'l2'}. Best is trial 4 with value: 0.8.
[I 2025-05-26 03:11:31,031] Trial 13 finished with value: 0.75 and parameters: {'C': 1.9607181420133295, 'penalty': 'l2'}. Best is trial 4 with value: 0.8.
[I 2025-05-26 03:11:31,746] Trial 14 finished with value: 0.8 and parameters: {'C': 0.16390978333490486, 'penalty': 'l2'}. Best is trial 4 with value: 0.8.
[I 2025-05-26 03:11:31,784] Trial 15 finished with value: 0.8 and parameters: {'C': 0.06347378847282453, 'penalty': 'l2'}. Best is trial 4 with value: 0.8.
[I 2025-05-26 03:11:31,815] Trial 16 finished with value: 0.75 and parameters: {'C': 1.3823946603972208, 'penalty': 'l2'}. Best is trial 4 with value: 0.8.
[I 2025-05-26 03:11:31,846] Trial 17 finished with value: 0.75 and parameters: {'C': 5.56361091727818, 'penalty': 'l2'}. Best is trial 4 with value: 0.8.
[I 2025-05-26 03:11:31,864] Trial 18 finished with value: 0.8 and parameters: {'C': 0.06143095665081865, 'penalty': 'l2'}. Best is trial 4 with value: 0.8.
[I 2025-05-26 03:11:31,891] Trial 19 finished with value: 0.8 and parameters: {'C': 0.6898116597599002, 'penalty': 'l2'}. Best is trial 4 with value: 0.8.
[I 2025-05-26 03:11:35,124] A new study created in memory with name: mlp
Parámetros guardados en checkpoint_adult_Dlatent_G/random/IPC_10/best_models_random_seed_5_space_original/logreg_best_params.json


>>> Optuna tuning mlp metodo random IPC 10 seed 5


/data/home/rtabares/anaconda3/envs/pyth3.12/lib/python3.12/site-packages/sklearn/neural_network/_multilayer_perceptron.py:691: ConvergenceWarning: Stochastic Optimizer: Maximum iterations (50) reached and the optimization hasn't converged yet.
  warnings.warn(
/data/home/rtabares/anaconda3/envs/pyth3.12/lib/python3.12/site-packages/sklearn/neural_network/_multilayer_perceptron.py:691: ConvergenceWarning: Stochastic Optimizer: Maximum iterations (50) reached and the optimization hasn't converged yet.
  warnings.warn(
/data/home/rtabares/anaconda3/envs/pyth3.12/lib/python3.12/site-packages/sklearn/neural_network/_multilayer_perceptron.py:691: ConvergenceWarning: Stochastic Optimizer: Maximum iterations (50) reached and the optimization hasn't converged yet.
  warnings.warn(
/data/home/rtabares/anaconda3/envs/pyth3.12/lib/python3.12/site-packages/sklearn/neural_network/_multilayer_perceptron.py:691: ConvergenceWarning: Stochastic Optimizer: Maximum iterations (50) reached and the optimization hasn't converged yet.
  warnings.warn(
/data/home/rtabares/anaconda3/envs/pyth3.12/lib/python3.12/site-packages/sklearn/neural_network/_multilayer_perceptron.py:691: ConvergenceWarning: Stochastic Optimizer: Maximum iterations (50) reached and the optimization hasn't converged yet.
  warnings.warn(
[I 2025-05-26 03:11:36,816] Trial 0 finished with value: 0.75 and parameters: {'hidden_layer_sizes': (200,), 'max_iter': 50, 'alpha': 0.001}. Best is trial 0 with value: 0.75.
/data/home/rtabares/anaconda3/envs/pyth3.12/lib/python3.12/site-packages/sklearn/neural_network/_multilayer_perceptron.py:691: ConvergenceWarning: Stochastic Optimizer: Maximum iterations (100) reached and the optimization hasn't converged yet.
  warnings.warn(
/data/home/rtabares/anaconda3/envs/pyth3.12/lib/python3.12/site-packages/sklearn/neural_network/_multilayer_perceptron.py:691: ConvergenceWarning: Stochastic Optimizer: Maximum iterations (100) reached and the optimization hasn't converged yet.
  warnings.warn(
/data/home/rtabares/anaconda3/envs/pyth3.12/lib/python3.12/site-packages/sklearn/neural_network/_multilayer_perceptron.py:691: ConvergenceWarning: Stochastic Optimizer: Maximum iterations (100) reached and the optimization hasn't converged yet.
  warnings.warn(
/data/home/rtabares/anaconda3/envs/pyth3.12/lib/python3.12/site-packages/sklearn/neural_network/_multilayer_perceptron.py:691: ConvergenceWarning: Stochastic Optimizer: Maximum iterations (100) reached and the optimization hasn't converged yet.
  warnings.warn(
/data/home/rtabares/anaconda3/envs/pyth3.12/lib/python3.12/site-packages/sklearn/neural_network/_multilayer_perceptron.py:691: ConvergenceWarning: Stochastic Optimizer: Maximum iterations (100) reached and the optimization hasn't converged yet.
  warnings.warn(
[I 2025-05-26 03:11:36,950] Trial 1 finished with value: 0.7 and parameters: {'hidden_layer_sizes': (100,), 'max_iter': 100, 'alpha': 0.0001}. Best is trial 0 with value: 0.75.
/data/home/rtabares/anaconda3/envs/pyth3.12/lib/python3.12/site-packages/sklearn/neural_network/_multilayer_perceptron.py:691: ConvergenceWarning: Stochastic Optimizer: Maximum iterations (100) reached and the optimization hasn't converged yet.
  warnings.warn(
/data/home/rtabares/anaconda3/envs/pyth3.12/lib/python3.12/site-packages/sklearn/neural_network/_multilayer_perceptron.py:691: ConvergenceWarning: Stochastic Optimizer: Maximum iterations (100) reached and the optimization hasn't converged yet.
  warnings.warn(
/data/home/rtabares/anaconda3/envs/pyth3.12/lib/python3.12/site-packages/sklearn/neural_network/_multilayer_perceptron.py:691: ConvergenceWarning: Stochastic Optimizer: Maximum iterations (100) reached and the optimization hasn't converged yet.
  warnings.warn(
/data/home/rtabares/anaconda3/envs/pyth3.12/lib/python3.12/site-packages/sklearn/neural_network/_multilayer_perceptron.py:691: ConvergenceWarning: Stochastic Optimizer: Maximum iterations (100) reached and the optimization hasn't converged yet.
  warnings.warn(
/data/home/rtabares/anaconda3/envs/pyth3.12/lib/python3.12/site-packages/sklearn/neural_network/_multilayer_perceptron.py:691: ConvergenceWarning: Stochastic Optimizer: Maximum iterations (100) reached and the optimization hasn't converged yet.
  warnings.warn(
