[I 2025-05-26 03:36:41,718] Trial 15 finished with value: 1.0 and parameters: {'hidden_layer_sizes': (200,), 'max_iter': 100, 'alpha': 0.0001}. Best is trial 0 with value: 1.0.
/data/home/rtabares/anaconda3/envs/pyth3.12/lib/python3.12/site-packages/sklearn/neural_network/_multilayer_perceptron.py:691: ConvergenceWarning: Stochastic Optimizer: Maximum iterations (100) reached and the optimization hasn't converged yet.
  warnings.warn(
/data/home/rtabares/anaconda3/envs/pyth3.12/lib/python3.12/site-packages/sklearn/neural_network/_multilayer_perceptron.py:691: ConvergenceWarning: Stochastic Optimizer: Maximum iterations (100) reached and the optimization hasn't converged yet.
  warnings.warn(
/data/home/rtabares/anaconda3/envs/pyth3.12/lib/python3.12/site-packages/sklearn/neural_network/_multilayer_perceptron.py:691: ConvergenceWarning: Stochastic Optimizer: Maximum iterations (100) reached and the optimization hasn't converged yet.
  warnings.warn(
/data/home/rtabares/anaconda3/envs/pyth3.12/lib/python3.12/site-packages/sklearn/neural_network/_multilayer_perceptron.py:691: ConvergenceWarning: Stochastic Optimizer: Maximum iterations (100) reached and the optimization hasn't converged yet.
  warnings.warn(
/data/home/rtabares/anaconda3/envs/pyth3.12/lib/python3.12/site-packages/sklearn/neural_network/_multilayer_perceptron.py:691: ConvergenceWarning: Stochastic Optimizer: Maximum iterations (100) reached and the optimization hasn't converged yet.
  warnings.warn(
[I 2025-05-26 03:36:42,415] Trial 16 finished with value: 1.0 and parameters: {'hidden_layer_sizes': (100,), 'max_iter': 100, 'alpha': 0.0001}. Best is trial 0 with value: 1.0.
/data/home/rtabares/anaconda3/envs/pyth3.12/lib/python3.12/site-packages/sklearn/neural_network/_multilayer_perceptron.py:691: ConvergenceWarning: Stochastic Optimizer: Maximum iterations (100) reached and the optimization hasn't converged yet.
  warnings.warn(
/data/home/rtabares/anaconda3/envs/pyth3.12/lib/python3.12/site-packages/sklearn/neural_network/_multilayer_perceptron.py:691: ConvergenceWarning: Stochastic Optimizer: Maximum iterations (100) reached and the optimization hasn't converged yet.
  warnings.warn(
/data/home/rtabares/anaconda3/envs/pyth3.12/lib/python3.12/site-packages/sklearn/neural_network/_multilayer_perceptron.py:691: ConvergenceWarning: Stochastic Optimizer: Maximum iterations (100) reached and the optimization hasn't converged yet.
  warnings.warn(
/data/home/rtabares/anaconda3/envs/pyth3.12/lib/python3.12/site-packages/sklearn/neural_network/_multilayer_perceptron.py:691: ConvergenceWarning: Stochastic Optimizer: Maximum iterations (100) reached and the optimization hasn't converged yet.
  warnings.warn(
[I 2025-05-26 03:36:43,107] Trial 17 finished with value: 1.0 and parameters: {'hidden_layer_sizes': (100,), 'max_iter': 100, 'alpha': 0.0001}. Best is trial 0 with value: 1.0.
/data/home/rtabares/anaconda3/envs/pyth3.12/lib/python3.12/site-packages/sklearn/neural_network/_multilayer_perceptron.py:691: ConvergenceWarning: Stochastic Optimizer: Maximum iterations (50) reached and the optimization hasn't converged yet.
  warnings.warn(
/data/home/rtabares/anaconda3/envs/pyth3.12/lib/python3.12/site-packages/sklearn/neural_network/_multilayer_perceptron.py:691: ConvergenceWarning: Stochastic Optimizer: Maximum iterations (50) reached and the optimization hasn't converged yet.
  warnings.warn(
/data/home/rtabares/anaconda3/envs/pyth3.12/lib/python3.12/site-packages/sklearn/neural_network/_multilayer_perceptron.py:691: ConvergenceWarning: Stochastic Optimizer: Maximum iterations (50) reached and the optimization hasn't converged yet.
  warnings.warn(
/data/home/rtabares/anaconda3/envs/pyth3.12/lib/python3.12/site-packages/sklearn/neural_network/_multilayer_perceptron.py:691: ConvergenceWarning: Stochastic Optimizer: Maximum iterations (50) reached and the optimization hasn't converged yet.
  warnings.warn(
[I 2025-05-26 03:36:43,157] Trial 18 finished with value: 1.0 and parameters: {'hidden_layer_sizes': (200,), 'max_iter': 50, 'alpha': 0.001}. Best is trial 0 with value: 1.0.
[I 2025-05-26 03:36:43,225] Trial 19 finished with value: 0.95 and parameters: {'hidden_layer_sizes': (100, 100), 'max_iter': 100, 'alpha': 0.0001}. Best is trial 0 with value: 1.0.
/data/home/rtabares/anaconda3/envs/pyth3.12/lib/python3.12/site-packages/xgboost/core.py:377: FutureWarning: Your system has an old version of glibc (< 2.28). We will stop supporting Linux distros with glibc older than 2.28 after **May 31, 2025**. Please upgrade to a recent Linux distro (with glibc >= 2.28) to use future versions of XGBoost.
Note: You have installed the 'manylinux2014' variant of XGBoost. Certain features such as GPU algorithms or federated learning are not available. To use these features, please upgrade to a recent Linux distro with glibc 2.28+, and install the 'manylinux_2_28' variant.
  warnings.warn(
[I 2025-05-26 03:36:47,501] A new study created in memory with name: naive_bayes
Parámetros guardados en checkpoint_default_Dlatent_ft_H/lc/IPC_10/best_models_lc_seed_6_space_original/mlp_best_params.json


>>> Optuna tuning naive_bayes metodo lc IPC 10 seed 6


[I 2025-05-26 03:36:48,187] Trial 0 finished with value: 1.0 and parameters: {'var_smoothing': 6.10548688762798e-09}. Best is trial 0 with value: 1.0.
[I 2025-05-26 03:36:48,214] Trial 1 finished with value: 1.0 and parameters: {'var_smoothing': 4.6127467400935034e-10}. Best is trial 0 with value: 1.0.
[I 2025-05-26 03:36:48,238] Trial 2 finished with value: 1.0 and parameters: {'var_smoothing': 4.389936579400967e-09}. Best is trial 0 with value: 1.0.
[I 2025-05-26 03:36:48,252] Trial 3 finished with value: 1.0 and parameters: {'var_smoothing': 1.2116948204672054e-10}. Best is trial 0 with value: 1.0.
[I 2025-05-26 03:36:48,265] Trial 4 finished with value: 1.0 and parameters: {'var_smoothing': 1.6417739478477417e-10}. Best is trial 0 with value: 1.0.
[I 2025-05-26 03:36:48,279] Trial 5 finished with value: 1.0 and parameters: {'var_smoothing': 1.5491880147236797e-09}. Best is trial 0 with value: 1.0.
[I 2025-05-26 03:36:48,293] Trial 6 finished with value: 1.0 and parameters: {'var_smoothing': 1.1471883405287265e-09}. Best is trial 0 with value: 1.0.
[I 2025-05-26 03:36:48,307] Trial 7 finished with value: 1.0 and parameters: {'var_smoothing': 6.88041853492358e-10}. Best is trial 0 with value: 1.0.
[I 2025-05-26 03:36:48,331] Trial 8 finished with value: 1.0 and parameters: {'var_smoothing': 4.686144741221158e-10}. Best is trial 0 with value: 1.0.
[I 2025-05-26 03:36:48,355] Trial 9 finished with value: 1.0 and parameters: {'var_smoothing': 1.7580809350683337e-09}. Best is trial 0 with value: 1.0.
[I 2025-05-26 03:36:48,376] Trial 10 finished with value: 1.0 and parameters: {'var_smoothing': 9.83902635509218e-09}. Best is trial 0 with value: 1.0.
[I 2025-05-26 03:36:48,395] Trial 11 finished with value: 1.0 and parameters: {'var_smoothing': 2.660399871603373e-10}. Best is trial 0 with value: 1.0.
[I 2025-05-26 03:36:49,111] Trial 12 finished with value: 1.0 and parameters: {'var_smoothing': 9.276268851540963e-09}. Best is trial 0 with value: 1.0.
[I 2025-05-26 03:36:49,129] Trial 13 finished with value: 1.0 and parameters: {'var_smoothing': 2.9844010685221692e-09}. Best is trial 0 with value: 1.0.
[I 2025-05-26 03:36:49,145] Trial 14 finished with value: 1.0 and parameters: {'var_smoothing': 3.8923309717334116e-10}. Best is trial 0 with value: 1.0.
[I 2025-05-26 03:36:49,160] Trial 15 finished with value: 1.0 and parameters: {'var_smoothing': 3.85461066627204e-09}. Best is trial 0 with value: 1.0.
[I 2025-05-26 03:36:49,176] Trial 16 finished with value: 1.0 and parameters: {'var_smoothing': 7.120907275009211e-10}. Best is trial 0 with value: 1.0.
[I 2025-05-26 03:36:49,192] Trial 17 finished with value: 1.0 and parameters: {'var_smoothing': 2.412486610614855e-10}. Best is trial 0 with value: 1.0.
[I 2025-05-26 03:36:49,208] Trial 18 finished with value: 1.0 and parameters: {'var_smoothing': 2.3580860166954074e-09}. Best is trial 0 with value: 1.0.
[I 2025-05-26 03:36:49,224] Trial 19 finished with value: 1.0 and parameters: {'var_smoothing': 5.846846875339535e-09}. Best is trial 0 with value: 1.0.
[I 2025-05-26 03:36:54,411] A new study created in memory with name: knn
Parámetros guardados en checkpoint_default_Dlatent_ft_H/lc/IPC_10/best_models_lc_seed_6_space_original/naive_bayes_best_params.json


>>> Optuna tuning knn metodo lc IPC 10 seed 6


[I 2025-05-26 03:36:55,166] Trial 0 finished with value: 0.85 and parameters: {'n_neighbors': 10, 'leaf_size': 26, 'p': 1}. Best is trial 0 with value: 0.85.
[I 2025-05-26 03:36:55,181] Trial 1 finished with value: 0.95 and parameters: {'n_neighbors': 3, 'leaf_size': 32, 'p': 1}. Best is trial 1 with value: 0.95.
[I 2025-05-26 03:36:55,223] Trial 2 finished with value: 0.85 and parameters: {'n_neighbors': 5, 'leaf_size': 33, 'p': 2}. Best is trial 1 with value: 0.95.
[I 2025-05-26 03:36:55,276] Trial 3 finished with value: 0.8 and parameters: {'n_neighbors': 7, 'leaf_size': 32, 'p': 2}. Best is trial 1 with value: 0.95.
[I 2025-05-26 03:36:55,340] Trial 4 finished with value: 0.95 and parameters: {'n_neighbors': 9, 'leaf_size': 28, 'p': 1}. Best is trial 1 with value: 0.95.
[I 2025-05-26 03:36:55,374] Trial 5 finished with value: 0.95 and parameters: {'n_neighbors': 3, 'leaf_size': 35, 'p': 1}. Best is trial 1 with value: 0.95.
[I 2025-05-26 03:36:55,469] Trial 6 finished with value: 0.8 and parameters: {'n_neighbors': 8, 'leaf_size': 31, 'p': 2}. Best is trial 1 with value: 0.95.
[I 2025-05-26 03:36:55,523] Trial 7 finished with value: 0.8 and parameters: {'n_neighbors': 6, 'leaf_size': 24, 'p': 2}. Best is trial 1 with value: 0.95.
[I 2025-05-26 03:36:55,556] Trial 8 finished with value: 0.85 and parameters: {'n_neighbors': 5, 'leaf_size': 34, 'p': 2}. Best is trial 1 with value: 0.95.
[I 2025-05-26 03:36:55,642] Trial 9 finished with value: 0.7 and parameters: {'n_neighbors': 10, 'leaf_size': 27, 'p': 2}. Best is trial 1 with value: 0.95.
[I 2025-05-26 03:36:55,688] Trial 10 finished with value: 0.95 and parameters: {'n_neighbors': 3, 'leaf_size': 40, 'p': 1}. Best is trial 1 with value: 0.95.
[I 2025-05-26 03:36:55,776] Trial 11 finished with value: 0.9 and parameters: {'n_neighbors': 8, 'leaf_size': 21, 'p': 1}. Best is trial 1 with value: 0.95.
[I 2025-05-26 03:36:56,657] Trial 12 finished with value: 0.95 and parameters: {'n_neighbors': 9, 'leaf_size': 28, 'p': 1}. Best is trial 1 with value: 0.95.
[I 2025-05-26 03:36:56,684] Trial 13 finished with value: 0.95 and parameters: {'n_neighbors': 4, 'leaf_size': 38, 'p': 1}. Best is trial 1 with value: 0.95.
[I 2025-05-26 03:36:56,770] Trial 14 finished with value: 0.95 and parameters: {'n_neighbors': 7, 'leaf_size': 29, 'p': 1}. Best is trial 1 with value: 0.95.
[I 2025-05-26 03:36:56,796] Trial 15 finished with value: 0.95 and parameters: {'n_neighbors': 9, 'leaf_size': 23, 'p': 1}. Best is trial 1 with value: 0.95.
[I 2025-05-26 03:36:56,823] Trial 16 finished with value: 0.9 and parameters: {'n_neighbors': 6, 'leaf_size': 36, 'p': 1}. Best is trial 1 with value: 0.95.
[I 2025-05-26 03:36:56,849] Trial 17 finished with value: 0.95 and parameters: {'n_neighbors': 4, 'leaf_size': 30, 'p': 1}. Best is trial 1 with value: 0.95.
[I 2025-05-26 03:36:56,875] Trial 18 finished with value: 0.9 and parameters: {'n_neighbors': 8, 'leaf_size': 25, 'p': 1}. Best is trial 1 with value: 0.95.
[I 2025-05-26 03:36:56,902] Trial 19 finished with value: 0.95 and parameters: {'n_neighbors': 9, 'leaf_size': 20, 'p': 1}. Best is trial 1 with value: 0.95.
/data/home/rtabares/anaconda3/envs/pyth3.12/lib/python3.12/site-packages/xgboost/core.py:377: FutureWarning: Your system has an old version of glibc (< 2.28). We will stop supporting Linux distros with glibc older than 2.28 after **May 31, 2025**. Please upgrade to a recent Linux distro (with glibc >= 2.28) to use future versions of XGBoost.
Note: You have installed the 'manylinux2014' variant of XGBoost. Certain features such as GPU algorithms or federated learning are not available. To use these features, please upgrade to a recent Linux distro with glibc 2.28+, and install the 'manylinux_2_28' variant.
  warnings.warn(
/data/home/rtabares/anaconda3/envs/pyth3.12/lib/python3.12/site-packages/xgboost/core.py:377: FutureWarning: Your system has an old version of glibc (< 2.28). We will stop supporting Linux distros with glibc older than 2.28 after **May 31, 2025**. Please upgrade to a recent Linux distro (with glibc >= 2.28) to use future versions of XGBoost.
Note: You have installed the 'manylinux2014' variant of XGBoost. Certain features such as GPU algorithms or federated learning are not available. To use these features, please upgrade to a recent Linux distro with glibc 2.28+, and install the 'manylinux_2_28' variant.
  warnings.warn(
[I 2025-05-26 03:37:19,397] A new study created in memory with name: xgb
Parámetros guardados en checkpoint_default_Dlatent_ft_H/lc/IPC_10/best_models_lc_seed_6_space_original/knn_best_params.json
--- Iniciando reconstrucción de datos ---
Objetos de preprocesamiento cargados.
Pasando datos latentes a través del decoder...
Detectado token CLS en el espacio latente, eliminándolo para el decoder.
Reconstrucción completada. Invirtiendo transformaciones...
Normalización numérica invertida.
Codificación de la variable objetivo invertida.
Codificación categórica invertida.
--- Reconstrucción finalizada ---
Combinando en un DataFrame de Pandas.


>>> Optuna tuning xgb metodo craig IPC 10 seed 6


/data/home/rtabares/anaconda3/envs/pyth3.12/lib/python3.12/site-packages/sklearn/metrics/_classification.py:407: UserWarning: A single label was found in 'y_true' and 'y_pred'. For the confusion matrix to have the correct shape, use the 'labels' parameter to pass all known labels.
  warnings.warn(
/data/home/rtabares/anaconda3/envs/pyth3.12/lib/python3.12/site-packages/sklearn/metrics/_classification.py:407: UserWarning: A single label was found in 'y_true' and 'y_pred'. For the confusion matrix to have the correct shape, use the 'labels' parameter to pass all known labels.
  warnings.warn(
[I 2025-05-26 03:37:19,979] Trial 0 finished with value: 0.7 and parameters: {'n_estimators': 10, 'max_depth': 30, 'gamma': 0.5768356259735394, 'subsample': 0.7094037142783272, 'colsample_bytree': 0.6677039246366646}. Best is trial 0 with value: 0.7.
/data/home/rtabares/anaconda3/envs/pyth3.12/lib/python3.12/site-packages/xgboost/core.py:377: FutureWarning: Your system has an old version of glibc (< 2.28). We will stop supporting Linux distros with glibc older than 2.28 after **May 31, 2025**. Please upgrade to a recent Linux distro (with glibc >= 2.28) to use future versions of XGBoost.
Note: You have installed the 'manylinux2014' variant of XGBoost. Certain features such as GPU algorithms or federated learning are not available. To use these features, please upgrade to a recent Linux distro with glibc 2.28+, and install the 'manylinux_2_28' variant.
  warnings.warn(
/data/home/rtabares/anaconda3/envs/pyth3.12/lib/python3.12/site-packages/sklearn/metrics/_classification.py:407: UserWarning: A single label was found in 'y_true' and 'y_pred'. For the confusion matrix to have the correct shape, use the 'labels' parameter to pass all known labels.
  warnings.warn(
[I 2025-05-26 03:37:20,038] Trial 1 finished with value: 0.7 and parameters: {'n_estimators': 100, 'max_depth': 30, 'gamma': 0.9912018442360747, 'subsample': 0.9099290984609207, 'colsample_bytree': 0.7066004674080903}. Best is trial 0 with value: 0.7.
/data/home/rtabares/anaconda3/envs/pyth3.12/lib/python3.12/site-packages/xgboost/core.py:377: FutureWarning: Your system has an old version of glibc (< 2.28). We will stop supporting Linux distros with glibc older than 2.28 after **May 31, 2025**. Please upgrade to a recent Linux distro (with glibc >= 2.28) to use future versions of XGBoost.
Note: You have installed the 'manylinux2014' variant of XGBoost. Certain features such as GPU algorithms or federated learning are not available. To use these features, please upgrade to a recent Linux distro with glibc 2.28+, and install the 'manylinux_2_28' variant.
  warnings.warn(
/data/home/rtabares/anaconda3/envs/pyth3.12/lib/python3.12/site-packages/xgboost/core.py:377: FutureWarning: Your system has an old version of glibc (< 2.28). We will stop supporting Linux distros with glibc older than 2.28 after **May 31, 2025**. Please upgrade to a recent Linux distro (with glibc >= 2.28) to use future versions of XGBoost.
Note: You have installed the 'manylinux2014' variant of XGBoost. Certain features such as GPU algorithms or federated learning are not available. To use these features, please upgrade to a recent Linux distro with glibc 2.28+, and install the 'manylinux_2_28' variant.
  warnings.warn(
/data/home/rtabares/anaconda3/envs/pyth3.12/lib/python3.12/site-packages/sklearn/metrics/_classification.py:407: UserWarning: A single label was found in 'y_true' and 'y_pred'. For the confusion matrix to have the correct shape, use the 'labels' parameter to pass all known labels.
  warnings.warn(
/data/home/rtabares/anaconda3/envs/pyth3.12/lib/python3.12/site-packages/sklearn/metrics/_classification.py:407: UserWarning: A single label was found in 'y_true' and 'y_pred'. For the confusion matrix to have the correct shape, use the 'labels' parameter to pass all known labels.
  warnings.warn(
[I 2025-05-26 03:37:20,104] Trial 2 finished with value: 0.7 and parameters: {'n_estimators': 10, 'max_depth': 20, 'gamma': 0.7382185757030506, 'subsample': 0.7704684271512641, 'colsample_bytree': 0.5624120871903049}. Best is trial 0 with value: 0.7.
/data/home/rtabares/anaconda3/envs/pyth3.12/lib/python3.12/site-packages/xgboost/core.py:377: FutureWarning: Your system has an old version of glibc (< 2.28). We will stop supporting Linux distros with glibc older than 2.28 after **May 31, 2025**. Please upgrade to a recent Linux distro (with glibc >= 2.28) to use future versions of XGBoost.
Note: You have installed the 'manylinux2014' variant of XGBoost. Certain features such as GPU algorithms or federated learning are not available. To use these features, please upgrade to a recent Linux distro with glibc 2.28+, and install the 'manylinux_2_28' variant.
  warnings.warn(
/data/home/rtabares/anaconda3/envs/pyth3.12/lib/python3.12/site-packages/xgboost/core.py:377: FutureWarning: Your system has an old version of glibc (< 2.28). We will stop supporting Linux distros with glibc older than 2.28 after **May 31, 2025**. Please upgrade to a recent Linux distro (with glibc >= 2.28) to use future versions of XGBoost.
Note: You have installed the 'manylinux2014' variant of XGBoost. Certain features such as GPU algorithms or federated learning are not available. To use these features, please upgrade to a recent Linux distro with glibc 2.28+, and install the 'manylinux_2_28' variant.
  warnings.warn(
/data/home/rtabares/anaconda3/envs/pyth3.12/lib/python3.12/site-packages/sklearn/metrics/_classification.py:407: UserWarning: A single label was found in 'y_true' and 'y_pred'. For the confusion matrix to have the correct shape, use the 'labels' parameter to pass all known labels.
  warnings.warn(
/data/home/rtabares/anaconda3/envs/pyth3.12/lib/python3.12/site-packages/sklearn/metrics/_classification.py:407: UserWarning: A single label was found in 'y_true' and 'y_pred'. For the confusion matrix to have the correct shape, use the 'labels' parameter to pass all known labels.
  warnings.warn(
