[I 2025-05-26 03:41:20,855] Trial 10 finished with value: 1.0 and parameters: {'n_estimators': 40, 'max_depth': 30, 'gamma': 0.13445536345660636, 'subsample': 0.5091072311743174, 'colsample_bytree': 0.633084257063925}. Best is trial 10 with value: 1.0.
/data/home/rtabares/anaconda3/envs/pyth3.12/lib/python3.12/site-packages/xgboost/core.py:377: FutureWarning: Your system has an old version of glibc (< 2.28). We will stop supporting Linux distros with glibc older than 2.28 after **May 31, 2025**. Please upgrade to a recent Linux distro (with glibc >= 2.28) to use future versions of XGBoost.
Note: You have installed the 'manylinux2014' variant of XGBoost. Certain features such as GPU algorithms or federated learning are not available. To use these features, please upgrade to a recent Linux distro with glibc 2.28+, and install the 'manylinux_2_28' variant.
  warnings.warn(
/data/home/rtabares/anaconda3/envs/pyth3.12/lib/python3.12/site-packages/xgboost/core.py:377: FutureWarning: Your system has an old version of glibc (< 2.28). We will stop supporting Linux distros with glibc older than 2.28 after **May 31, 2025**. Please upgrade to a recent Linux distro (with glibc >= 2.28) to use future versions of XGBoost.
Note: You have installed the 'manylinux2014' variant of XGBoost. Certain features such as GPU algorithms or federated learning are not available. To use these features, please upgrade to a recent Linux distro with glibc 2.28+, and install the 'manylinux_2_28' variant.
  warnings.warn(
/data/home/rtabares/anaconda3/envs/pyth3.12/lib/python3.12/site-packages/xgboost/core.py:377: FutureWarning: Your system has an old version of glibc (< 2.28). We will stop supporting Linux distros with glibc older than 2.28 after **May 31, 2025**. Please upgrade to a recent Linux distro (with glibc >= 2.28) to use future versions of XGBoost.
Note: You have installed the 'manylinux2014' variant of XGBoost. Certain features such as GPU algorithms or federated learning are not available. To use these features, please upgrade to a recent Linux distro with glibc 2.28+, and install the 'manylinux_2_28' variant.
  warnings.warn(
[I 2025-05-26 03:41:21,637] Trial 11 finished with value: 1.0 and parameters: {'n_estimators': 40, 'max_depth': 30, 'gamma': 0.11592863346620841, 'subsample': 0.5080788263293567, 'colsample_bytree': 0.6314763873450907}. Best is trial 10 with value: 1.0.
/data/home/rtabares/anaconda3/envs/pyth3.12/lib/python3.12/site-packages/xgboost/core.py:377: FutureWarning: Your system has an old version of glibc (< 2.28). We will stop supporting Linux distros with glibc older than 2.28 after **May 31, 2025**. Please upgrade to a recent Linux distro (with glibc >= 2.28) to use future versions of XGBoost.
Note: You have installed the 'manylinux2014' variant of XGBoost. Certain features such as GPU algorithms or federated learning are not available. To use these features, please upgrade to a recent Linux distro with glibc 2.28+, and install the 'manylinux_2_28' variant.
  warnings.warn(
/data/home/rtabares/anaconda3/envs/pyth3.12/lib/python3.12/site-packages/xgboost/core.py:377: FutureWarning: Your system has an old version of glibc (< 2.28). We will stop supporting Linux distros with glibc older than 2.28 after **May 31, 2025**. Please upgrade to a recent Linux distro (with glibc >= 2.28) to use future versions of XGBoost.
Note: You have installed the 'manylinux2014' variant of XGBoost. Certain features such as GPU algorithms or federated learning are not available. To use these features, please upgrade to a recent Linux distro with glibc 2.28+, and install the 'manylinux_2_28' variant.
  warnings.warn(
/data/home/rtabares/anaconda3/envs/pyth3.12/lib/python3.12/site-packages/xgboost/core.py:377: FutureWarning: Your system has an old version of glibc (< 2.28). We will stop supporting Linux distros with glibc older than 2.28 after **May 31, 2025**. Please upgrade to a recent Linux distro (with glibc >= 2.28) to use future versions of XGBoost.
Note: You have installed the 'manylinux2014' variant of XGBoost. Certain features such as GPU algorithms or federated learning are not available. To use these features, please upgrade to a recent Linux distro with glibc 2.28+, and install the 'manylinux_2_28' variant.
  warnings.warn(
[I 2025-05-26 03:41:22,372] Trial 12 finished with value: 1.0 and parameters: {'n_estimators': 40, 'max_depth': 30, 'gamma': 0.1000994233659313, 'subsample': 0.500206491528661, 'colsample_bytree': 0.6567951150417943}. Best is trial 10 with value: 1.0.
/data/home/rtabares/anaconda3/envs/pyth3.12/lib/python3.12/site-packages/xgboost/core.py:377: FutureWarning: Your system has an old version of glibc (< 2.28). We will stop supporting Linux distros with glibc older than 2.28 after **May 31, 2025**. Please upgrade to a recent Linux distro (with glibc >= 2.28) to use future versions of XGBoost.
Note: You have installed the 'manylinux2014' variant of XGBoost. Certain features such as GPU algorithms or federated learning are not available. To use these features, please upgrade to a recent Linux distro with glibc 2.28+, and install the 'manylinux_2_28' variant.
  warnings.warn(
[I 2025-05-26 03:41:23,062] Trial 13 finished with value: 0.8 and parameters: {'n_estimators': 40, 'max_depth': 30, 'gamma': 0.11578688432492037, 'subsample': 0.5968136910472702, 'colsample_bytree': 0.6454138461996669}. Best is trial 10 with value: 1.0.
[I 2025-05-26 03:41:23,110] Trial 14 finished with value: 0.7 and parameters: {'n_estimators': 40, 'max_depth': 30, 'gamma': 0.26896654949330207, 'subsample': 0.7687961124385435, 'colsample_bytree': 0.5031277863526992}. Best is trial 10 with value: 1.0.
[I 2025-05-26 03:41:23,146] Trial 15 finished with value: 1.0 and parameters: {'n_estimators': 40, 'max_depth': 30, 'gamma': 0.25464628459886485, 'subsample': 0.5076553732731706, 'colsample_bytree': 0.6656405818039042}. Best is trial 10 with value: 1.0.
[I 2025-05-26 03:41:23,197] Trial 16 finished with value: 0.8 and parameters: {'n_estimators': 40, 'max_depth': 30, 'gamma': 0.2602894101312718, 'subsample': 0.6446403232759388, 'colsample_bytree': 0.9928973939225177}. Best is trial 10 with value: 1.0.
[I 2025-05-26 03:41:23,242] Trial 17 finished with value: 0.75 and parameters: {'n_estimators': 40, 'max_depth': 30, 'gamma': 0.19899030848006485, 'subsample': 0.7341683466320832, 'colsample_bytree': 0.5881755218186752}. Best is trial 10 with value: 1.0.
[I 2025-05-26 03:41:23,277] Trial 18 finished with value: 0.9 and parameters: {'n_estimators': 40, 'max_depth': 30, 'gamma': 0.36549326846243935, 'subsample': 0.5640325075745118, 'colsample_bytree': 0.8240459457039855}. Best is trial 10 with value: 1.0.
[I 2025-05-26 03:41:23,334] Trial 19 finished with value: 0.8 and parameters: {'n_estimators': 40, 'max_depth': 30, 'gamma': 0.1765337298441179, 'subsample': 0.6084286223622751, 'colsample_bytree': 0.7007773720378611}. Best is trial 10 with value: 1.0.
[I 2025-05-26 03:41:25,286] A new study created in memory with name: rf
Parámetros guardados en checkpoint_adult_Dlatent_G/k-means/IPC_10/best_models_k-means_seed_7_space_latent/xgb_best_params.json


>>> Optuna tuning rf metodo k-means IPC 10 seed 7


[I 2025-05-26 03:41:27,823] Trial 0 finished with value: 0.5 and parameters: {'n_estimators': 130, 'max_depth': 17, 'min_samples_split': 5, 'min_samples_leaf': 8}. Best is trial 0 with value: 0.5.
[I 2025-05-26 03:41:28,595] Trial 1 finished with value: 0.85 and parameters: {'n_estimators': 492, 'max_depth': 12, 'min_samples_split': 6, 'min_samples_leaf': 1}. Best is trial 1 with value: 0.85.
[I 2025-05-26 03:41:28,855] Trial 2 finished with value: 0.5 and parameters: {'n_estimators': 207, 'max_depth': 11, 'min_samples_split': 8, 'min_samples_leaf': 9}. Best is trial 1 with value: 0.85.
[I 2025-05-26 03:41:29,194] Trial 3 finished with value: 0.5 and parameters: {'n_estimators': 252, 'max_depth': 4, 'min_samples_split': 4, 'min_samples_leaf': 10}. Best is trial 1 with value: 0.85.
[I 2025-05-26 03:41:29,552] Trial 4 finished with value: 0.85 and parameters: {'n_estimators': 185, 'max_depth': 11, 'min_samples_split': 10, 'min_samples_leaf': 1}. Best is trial 1 with value: 0.85.
[I 2025-05-26 03:41:29,991] Trial 5 finished with value: 0.85 and parameters: {'n_estimators': 340, 'max_depth': 20, 'min_samples_split': 4, 'min_samples_leaf': 6}. Best is trial 1 with value: 0.85.
[I 2025-05-26 03:41:30,515] Trial 6 finished with value: 0.5 and parameters: {'n_estimators': 464, 'max_depth': 5, 'min_samples_split': 6, 'min_samples_leaf': 8}. Best is trial 1 with value: 0.85.
[I 2025-05-26 03:41:30,967] Trial 7 finished with value: 0.85 and parameters: {'n_estimators': 368, 'max_depth': 11, 'min_samples_split': 3, 'min_samples_leaf': 5}. Best is trial 1 with value: 0.85.
[I 2025-05-26 03:41:31,279] Trial 8 finished with value: 0.5 and parameters: {'n_estimators': 249, 'max_depth': 11, 'min_samples_split': 5, 'min_samples_leaf': 9}. Best is trial 1 with value: 0.85.
[I 2025-05-26 03:41:31,772] Trial 9 finished with value: 0.85 and parameters: {'n_estimators': 408, 'max_depth': 8, 'min_samples_split': 7, 'min_samples_leaf': 3}. Best is trial 1 with value: 0.85.
[I 2025-05-26 03:41:32,317] Trial 10 finished with value: 0.9 and parameters: {'n_estimators': 479, 'max_depth': 15, 'min_samples_split': 2, 'min_samples_leaf': 1}. Best is trial 10 with value: 0.9.
[I 2025-05-26 03:41:32,897] Trial 11 finished with value: 0.9 and parameters: {'n_estimators': 476, 'max_depth': 15, 'min_samples_split': 2, 'min_samples_leaf': 1}. Best is trial 10 with value: 0.9.
[I 2025-05-26 03:41:34,070] Trial 12 finished with value: 0.85 and parameters: {'n_estimators': 415, 'max_depth': 16, 'min_samples_split': 2, 'min_samples_leaf': 3}. Best is trial 10 with value: 0.9.
[I 2025-05-26 03:41:35,240] Trial 13 finished with value: 0.85 and parameters: {'n_estimators': 446, 'max_depth': 15, 'min_samples_split': 2, 'min_samples_leaf': 3}. Best is trial 10 with value: 0.9.
[I 2025-05-26 03:41:35,816] Trial 14 finished with value: 0.85 and parameters: {'n_estimators': 495, 'max_depth': 20, 'min_samples_split': 2, 'min_samples_leaf': 1}. Best is trial 10 with value: 0.9.
[I 2025-05-26 03:41:36,223] Trial 15 finished with value: 0.85 and parameters: {'n_estimators': 322, 'max_depth': 14, 'min_samples_split': 3, 'min_samples_leaf': 5}. Best is trial 10 with value: 0.9.
[I 2025-05-26 03:41:36,664] Trial 16 finished with value: 0.9 and parameters: {'n_estimators': 384, 'max_depth': 18, 'min_samples_split': 3, 'min_samples_leaf': 2}. Best is trial 10 with value: 0.9.
[I 2025-05-26 03:41:37,149] Trial 17 finished with value: 0.85 and parameters: {'n_estimators': 429, 'max_depth': 14, 'min_samples_split': 9, 'min_samples_leaf': 4}. Best is trial 10 with value: 0.9.
[I 2025-05-26 03:41:37,524] Trial 18 finished with value: 0.85 and parameters: {'n_estimators': 294, 'max_depth': 8, 'min_samples_split': 4, 'min_samples_leaf': 2}. Best is trial 10 with value: 0.9.
[I 2025-05-26 03:41:38,040] Trial 19 finished with value: 0.85 and parameters: {'n_estimators': 469, 'max_depth': 18, 'min_samples_split': 2, 'min_samples_leaf': 6}. Best is trial 10 with value: 0.9.
[I 2025-05-26 03:41:41,193] A new study created in memory with name: svc
Parámetros guardados en checkpoint_adult_Dlatent_G/k-means/IPC_10/best_models_k-means_seed_7_space_latent/rf_best_params.json


>>> Optuna tuning svc metodo k-means IPC 10 seed 7


[I 2025-05-26 03:41:43,893] Trial 0 finished with value: 0.55 and parameters: {'C': 0.020194502448102298, 'gamma': 0.13172711156111802}. Best is trial 0 with value: 0.55.
[I 2025-05-26 03:41:44,109] Trial 1 finished with value: 0.55 and parameters: {'C': 0.5670703311028815, 'gamma': 0.0783178418343345}. Best is trial 0 with value: 0.55.
[I 2025-05-26 03:41:44,128] Trial 2 finished with value: 0.5 and parameters: {'C': 81.65034948781698, 'gamma': 0.014255533717547383}. Best is trial 0 with value: 0.55.
[I 2025-05-26 03:41:44,145] Trial 3 finished with value: 0.7 and parameters: {'C': 1.0103732850016278, 'gamma': 0.00019418001640357854}. Best is trial 3 with value: 0.7.
[I 2025-05-26 03:41:44,159] Trial 4 finished with value: 0.65 and parameters: {'C': 0.11851025167261421, 'gamma': 0.00998918377985214}. Best is trial 3 with value: 0.7.
[I 2025-05-26 03:41:44,173] Trial 5 finished with value: 0.3 and parameters: {'C': 5.2109869371584665, 'gamma': 0.16404241128227343}. Best is trial 3 with value: 0.7.
[I 2025-05-26 03:41:44,188] Trial 6 finished with value: 0.7 and parameters: {'C': 0.3340138940215422, 'gamma': 0.00018354619576988685}. Best is trial 3 with value: 0.7.
[I 2025-05-26 03:41:44,202] Trial 7 finished with value: 0.25 and parameters: {'C': 0.1420961781588805, 'gamma': 0.434884682155233}. Best is trial 3 with value: 0.7.
[I 2025-05-26 03:41:44,227] Trial 8 finished with value: 0.65 and parameters: {'C': 0.07137422643361827, 'gamma': 0.006434219125545069}. Best is trial 3 with value: 0.7.
[I 2025-05-26 03:41:44,242] Trial 9 finished with value: 0.7 and parameters: {'C': 53.066944048916255, 'gamma': 0.00012577574840733457}. Best is trial 3 with value: 0.7.
[I 2025-05-26 03:41:44,264] Trial 10 finished with value: 0.7 and parameters: {'C': 4.042381244249598, 'gamma': 0.0013304824599122815}. Best is trial 3 with value: 0.7.
[I 2025-05-26 03:41:44,287] Trial 11 finished with value: 0.7 and parameters: {'C': 1.327692185951257, 'gamma': 0.0001182654393186286}. Best is trial 3 with value: 0.7.
[I 2025-05-26 03:41:44,959] Trial 12 finished with value: 0.7 and parameters: {'C': 0.6137808106950431, 'gamma': 0.0006843879759551015}. Best is trial 3 with value: 0.7.
[I 2025-05-26 03:41:44,983] Trial 13 finished with value: 0.7 and parameters: {'C': 8.133988311752255, 'gamma': 0.0005589823422976997}. Best is trial 3 with value: 0.7.
[I 2025-05-26 03:41:45,006] Trial 14 finished with value: 0.7 and parameters: {'C': 1.6638857990919569, 'gamma': 0.0024485714006084775}. Best is trial 3 with value: 0.7.
[I 2025-05-26 03:41:45,031] Trial 15 finished with value: 0.7 and parameters: {'C': 0.34734836106457406, 'gamma': 0.00027440799525467983}. Best is trial 3 with value: 0.7.
[I 2025-05-26 03:41:45,808] Trial 16 finished with value: 0.7 and parameters: {'C': 0.01007599099482784, 'gamma': 0.00272075918350544}. Best is trial 3 with value: 0.7.
[I 2025-05-26 03:41:45,830] Trial 17 finished with value: 0.65 and parameters: {'C': 27.496564789294712, 'gamma': 0.00035595667914938077}. Best is trial 3 with value: 0.7.
[I 2025-05-26 03:41:45,849] Trial 18 finished with value: 0.65 and parameters: {'C': 0.041540628042745845, 'gamma': 0.03320384586751046}. Best is trial 3 with value: 0.7.
[I 2025-05-26 03:41:45,879] Trial 19 finished with value: 0.7 and parameters: {'C': 0.20971494443132602, 'gamma': 0.0012221528097353285}. Best is trial 3 with value: 0.7.
/data/home/rtabares/anaconda3/envs/pyth3.12/lib/python3.12/site-packages/xgboost/core.py:377: FutureWarning: Your system has an old version of glibc (< 2.28). We will stop supporting Linux distros with glibc older than 2.28 after **May 31, 2025**. Please upgrade to a recent Linux distro (with glibc >= 2.28) to use future versions of XGBoost.
Note: You have installed the 'manylinux2014' variant of XGBoost. Certain features such as GPU algorithms or federated learning are not available. To use these features, please upgrade to a recent Linux distro with glibc 2.28+, and install the 'manylinux_2_28' variant.
  warnings.warn(
[I 2025-05-26 03:41:50,890] A new study created in memory with name: logreg
Parámetros guardados en checkpoint_adult_Dlatent_G/k-means/IPC_10/best_models_k-means_seed_7_space_latent/svc_best_params.json


>>> Optuna tuning logreg metodo k-means IPC 10 seed 7


[I 2025-05-26 03:41:51,506] Trial 0 finished with value: 0.65 and parameters: {'C': 0.002407362254570802, 'penalty': 'l2'}. Best is trial 0 with value: 0.65.
[I 2025-05-26 03:41:52,170] Trial 1 finished with value: 0.45 and parameters: {'C': 7.935859334260497, 'penalty': 'l2'}. Best is trial 0 with value: 0.65.
[I 2025-05-26 03:41:52,197] Trial 2 finished with value: 0.65 and parameters: {'C': 0.15561310098067915, 'penalty': 'l2'}. Best is trial 0 with value: 0.65.
[I 2025-05-26 03:41:52,223] Trial 3 finished with value: 0.6 and parameters: {'C': 4.143104515916128, 'penalty': 'l2'}. Best is trial 0 with value: 0.65.
[I 2025-05-26 03:41:52,925] Trial 4 finished with value: 0.45 and parameters: {'C': 77.61533923098803, 'penalty': 'l2'}. Best is trial 0 with value: 0.65.
[I 2025-05-26 03:41:52,950] Trial 5 finished with value: 0.7 and parameters: {'C': 0.49258292359934785, 'penalty': 'l2'}. Best is trial 5 with value: 0.7.
[I 2025-05-26 03:41:52,975] Trial 6 finished with value: 0.7 and parameters: {'C': 0.320333470047146, 'penalty': 'l2'}. Best is trial 5 with value: 0.7.
[I 2025-05-26 03:41:53,000] Trial 7 finished with value: 0.65 and parameters: {'C': 0.002292216671132896, 'penalty': 'l2'}. Best is trial 5 with value: 0.7.
[I 2025-05-26 03:41:53,015] Trial 8 finished with value: 0.7 and parameters: {'C': 0.0219884643872214, 'penalty': 'l2'}. Best is trial 5 with value: 0.7.
[I 2025-05-26 03:41:53,040] Trial 9 finished with value: 0.7 and parameters: {'C': 0.31580027519646636, 'penalty': 'l2'}. Best is trial 5 with value: 0.7.
[I 2025-05-26 03:41:53,070] Trial 10 finished with value: 0.6 and parameters: {'C': 3.634875337452507, 'penalty': 'l2'}. Best is trial 5 with value: 0.7.
[I 2025-05-26 03:41:53,731] Trial 11 finished with value: 0.65 and parameters: {'C': 0.032758607653819855, 'penalty': 'l2'}. Best is trial 5 with value: 0.7.
[I 2025-05-26 03:41:54,471] Trial 12 finished with value: 0.7 and parameters: {'C': 0.7237593484870715, 'penalty': 'l2'}. Best is trial 5 with value: 0.7.
[I 2025-05-26 03:41:54,507] Trial 13 finished with value: 0.65 and parameters: {'C': 0.06301974149396113, 'penalty': 'l2'}. Best is trial 5 with value: 0.7.
[I 2025-05-26 03:41:54,539] Trial 14 finished with value: 0.65 and parameters: {'C': 1.1362738102004948, 'penalty': 'l2'}. Best is trial 5 with value: 0.7.
[I 2025-05-26 03:41:54,570] Trial 15 finished with value: 0.4 and parameters: {'C': 33.457854951095115, 'penalty': 'l2'}. Best is trial 5 with value: 0.7.
[I 2025-05-26 03:41:54,601] Trial 16 finished with value: 0.7 and parameters: {'C': 0.010436413489439056, 'penalty': 'l2'}. Best is trial 5 with value: 0.7.
[I 2025-05-26 03:41:54,632] Trial 17 finished with value: 0.65 and parameters: {'C': 1.208996760268076, 'penalty': 'l2'}. Best is trial 5 with value: 0.7.
[I 2025-05-26 03:41:54,653] Trial 18 finished with value: 0.65 and parameters: {'C': 0.12909435258832958, 'penalty': 'l2'}. Best is trial 5 with value: 0.7.
[I 2025-05-26 03:41:54,681] Trial 19 finished with value: 0.7 and parameters: {'C': 0.42271954219587715, 'penalty': 'l2'}. Best is trial 5 with value: 0.7.
[I 2025-05-26 03:41:56,654] A new study created in memory with name: mlp
/data/home/rtabares/anaconda3/envs/pyth3.12/lib/python3.12/site-packages/sklearn/neural_network/_multilayer_perceptron.py:691: ConvergenceWarning: Stochastic Optimizer: Maximum iterations (100) reached and the optimization hasn't converged yet.
  warnings.warn(
/data/home/rtabares/anaconda3/envs/pyth3.12/lib/python3.12/site-packages/sklearn/neural_network/_multilayer_perceptron.py:691: ConvergenceWarning: Stochastic Optimizer: Maximum iterations (100) reached and the optimization hasn't converged yet.
  warnings.warn(
/data/home/rtabares/anaconda3/envs/pyth3.12/lib/python3.12/site-packages/sklearn/neural_network/_multilayer_perceptron.py:691: ConvergenceWarning: Stochastic Optimizer: Maximum iterations (100) reached and the optimization hasn't converged yet.
  warnings.warn(
/data/home/rtabares/anaconda3/envs/pyth3.12/lib/python3.12/site-packages/sklearn/neural_network/_multilayer_perceptron.py:691: ConvergenceWarning: Stochastic Optimizer: Maximum iterations (100) reached and the optimization hasn't converged yet.
  warnings.warn(
/data/home/rtabares/anaconda3/envs/pyth3.12/lib/python3.12/site-packages/sklearn/neural_network/_multilayer_perceptron.py:691: ConvergenceWarning: Stochastic Optimizer: Maximum iterations (100) reached and the optimization hasn't converged yet.
  warnings.warn(
[I 2025-05-26 03:41:57,882] Trial 0 finished with value: 0.45 and parameters: {'hidden_layer_sizes': (200,), 'max_iter': 100, 'alpha': 0.0001}. Best is trial 0 with value: 0.45.
Parámetros guardados en checkpoint_adult_Dlatent_G/k-means/IPC_10/best_models_k-means_seed_7_space_latent/logreg_best_params.json


>>> Optuna tuning mlp metodo k-means IPC 10 seed 7


/data/home/rtabares/anaconda3/envs/pyth3.12/lib/python3.12/site-packages/sklearn/neural_network/_multilayer_perceptron.py:691: ConvergenceWarning: Stochastic Optimizer: Maximum iterations (100) reached and the optimization hasn't converged yet.
  warnings.warn(
/data/home/rtabares/anaconda3/envs/pyth3.12/lib/python3.12/site-packages/sklearn/neural_network/_multilayer_perceptron.py:691: ConvergenceWarning: Stochastic Optimizer: Maximum iterations (100) reached and the optimization hasn't converged yet.
  warnings.warn(
/data/home/rtabares/anaconda3/envs/pyth3.12/lib/python3.12/site-packages/sklearn/neural_network/_multilayer_perceptron.py:691: ConvergenceWarning: Stochastic Optimizer: Maximum iterations (100) reached and the optimization hasn't converged yet.
  warnings.warn(
/data/home/rtabares/anaconda3/envs/pyth3.12/lib/python3.12/site-packages/sklearn/neural_network/_multilayer_perceptron.py:691: ConvergenceWarning: Stochastic Optimizer: Maximum iterations (100) reached and the optimization hasn't converged yet.
  warnings.warn(
/data/home/rtabares/anaconda3/envs/pyth3.12/lib/python3.12/site-packages/sklearn/neural_network/_multilayer_perceptron.py:691: ConvergenceWarning: Stochastic Optimizer: Maximum iterations (100) reached and the optimization hasn't converged yet.
  warnings.warn(
