[I 2025-05-26 03:38:33,987] Trial 17 finished with value: 0.5 and parameters: {'n_estimators': 339, 'max_depth': 11, 'min_samples_split': 8, 'min_samples_leaf': 2}. Best is trial 0 with value: 0.6.
/data/home/rtabares/anaconda3/envs/pyth3.12/lib/python3.12/site-packages/sklearn/metrics/_classification.py:407: UserWarning: A single label was found in 'y_true' and 'y_pred'. For the confusion matrix to have the correct shape, use the 'labels' parameter to pass all known labels.
  warnings.warn(
[I 2025-05-26 03:38:34,341] Trial 18 finished with value: 0.6 and parameters: {'n_estimators': 264, 'max_depth': 7, 'min_samples_split': 5, 'min_samples_leaf': 5}. Best is trial 0 with value: 0.6.
/data/home/rtabares/anaconda3/envs/pyth3.12/lib/python3.12/site-packages/sklearn/metrics/_classification.py:2524: UserWarning: y_pred contains classes not in y_true
  warnings.warn("y_pred contains classes not in y_true")
[I 2025-05-26 03:38:34,854] Trial 19 finished with value: 0.4 and parameters: {'n_estimators': 433, 'max_depth': 6, 'min_samples_split': 8, 'min_samples_leaf': 3}. Best is trial 0 with value: 0.6.
[I 2025-05-26 03:38:39,069] A new study created in memory with name: svc
Parámetros guardados en checkpoint_adult_Dlatent_G/craig/IPC_10/best_models_craig_seed_6_space_latent/rf_best_params.json


>>> Optuna tuning svc metodo craig IPC 10 seed 6


/data/home/rtabares/anaconda3/envs/pyth3.12/lib/python3.12/site-packages/sklearn/metrics/_classification.py:2524: UserWarning: y_pred contains classes not in y_true
  warnings.warn("y_pred contains classes not in y_true")
[I 2025-05-26 03:38:40,251] Trial 0 finished with value: 0.4 and parameters: {'C': 37.27697013499731, 'gamma': 0.0021277432488243223}. Best is trial 0 with value: 0.4.
/data/home/rtabares/anaconda3/envs/pyth3.12/lib/python3.12/site-packages/sklearn/metrics/_classification.py:2524: UserWarning: y_pred contains classes not in y_true
  warnings.warn("y_pred contains classes not in y_true")
[I 2025-05-26 03:38:40,332] Trial 1 finished with value: 0.5 and parameters: {'C': 19.271543171162776, 'gamma': 0.00014682043379470554}. Best is trial 1 with value: 0.5.
/data/home/rtabares/anaconda3/envs/pyth3.12/lib/python3.12/site-packages/sklearn/metrics/_classification.py:2524: UserWarning: y_pred contains classes not in y_true
  warnings.warn("y_pred contains classes not in y_true")
[I 2025-05-26 03:38:40,349] Trial 2 finished with value: 0.5 and parameters: {'C': 0.0269542169583157, 'gamma': 0.023999835049635022}. Best is trial 1 with value: 0.5.
/data/home/rtabares/anaconda3/envs/pyth3.12/lib/python3.12/site-packages/sklearn/metrics/_classification.py:2524: UserWarning: y_pred contains classes not in y_true
  warnings.warn("y_pred contains classes not in y_true")
[I 2025-05-26 03:38:40,364] Trial 3 finished with value: 0.5 and parameters: {'C': 1.3160410886450586, 'gamma': 0.0047340159215720195}. Best is trial 1 with value: 0.5.
/data/home/rtabares/anaconda3/envs/pyth3.12/lib/python3.12/site-packages/sklearn/metrics/_classification.py:2524: UserWarning: y_pred contains classes not in y_true
  warnings.warn("y_pred contains classes not in y_true")
[I 2025-05-26 03:38:40,382] Trial 4 finished with value: 0.5 and parameters: {'C': 0.21959952535674737, 'gamma': 0.030908485742507576}. Best is trial 1 with value: 0.5.
[I 2025-05-26 03:38:40,406] Trial 5 finished with value: 0.5 and parameters: {'C': 0.5656733313644114, 'gamma': 0.08780685564625502}. Best is trial 1 with value: 0.5.
/data/home/rtabares/anaconda3/envs/pyth3.12/lib/python3.12/site-packages/sklearn/metrics/_classification.py:2524: UserWarning: y_pred contains classes not in y_true
  warnings.warn("y_pred contains classes not in y_true")
[I 2025-05-26 03:38:40,421] Trial 6 finished with value: 0.4 and parameters: {'C': 1.1807165425157664, 'gamma': 0.020674470756231633}. Best is trial 1 with value: 0.5.
/data/home/rtabares/anaconda3/envs/pyth3.12/lib/python3.12/site-packages/sklearn/metrics/_classification.py:2524: UserWarning: y_pred contains classes not in y_true
  warnings.warn("y_pred contains classes not in y_true")
[I 2025-05-26 03:38:40,438] Trial 7 finished with value: 0.5 and parameters: {'C': 3.8143486186647126, 'gamma': 0.9138966502602072}. Best is trial 1 with value: 0.5.
/data/home/rtabares/anaconda3/envs/pyth3.12/lib/python3.12/site-packages/sklearn/metrics/_classification.py:2524: UserWarning: y_pred contains classes not in y_true
  warnings.warn("y_pred contains classes not in y_true")
[I 2025-05-26 03:38:40,453] Trial 8 finished with value: 0.4 and parameters: {'C': 19.029737066374768, 'gamma': 0.004495766421289856}. Best is trial 1 with value: 0.5.
/data/home/rtabares/anaconda3/envs/pyth3.12/lib/python3.12/site-packages/sklearn/metrics/_classification.py:2524: UserWarning: y_pred contains classes not in y_true
  warnings.warn("y_pred contains classes not in y_true")
[I 2025-05-26 03:38:40,468] Trial 9 finished with value: 0.5 and parameters: {'C': 31.994153257994277, 'gamma': 0.19725941020937518}. Best is trial 1 with value: 0.5.
/data/home/rtabares/anaconda3/envs/pyth3.12/lib/python3.12/site-packages/sklearn/metrics/_classification.py:2524: UserWarning: y_pred contains classes not in y_true
  warnings.warn("y_pred contains classes not in y_true")
[I 2025-05-26 03:38:40,491] Trial 10 finished with value: 0.3 and parameters: {'C': 96.48544976930573, 'gamma': 0.00012227600695838894}. Best is trial 1 with value: 0.5.
[I 2025-05-26 03:38:40,513] Trial 11 finished with value: 0.5 and parameters: {'C': 0.011228847352323114, 'gamma': 0.0003791394713464215}. Best is trial 1 with value: 0.5.
/data/home/rtabares/anaconda3/envs/pyth3.12/lib/python3.12/site-packages/sklearn/metrics/_classification.py:2524: UserWarning: y_pred contains classes not in y_true
  warnings.warn("y_pred contains classes not in y_true")
[I 2025-05-26 03:38:41,246] Trial 12 finished with value: 0.5 and parameters: {'C': 0.032705856709105564, 'gamma': 0.0009407708153906166}. Best is trial 1 with value: 0.5.
/data/home/rtabares/anaconda3/envs/pyth3.12/lib/python3.12/site-packages/sklearn/metrics/_classification.py:2524: UserWarning: y_pred contains classes not in y_true
  warnings.warn("y_pred contains classes not in y_true")
[I 2025-05-26 03:38:41,267] Trial 13 finished with value: 0.5 and parameters: {'C': 0.0859760005644056, 'gamma': 0.00013523403029305043}. Best is trial 1 with value: 0.5.
/data/home/rtabares/anaconda3/envs/pyth3.12/lib/python3.12/site-packages/sklearn/metrics/_classification.py:2524: UserWarning: y_pred contains classes not in y_true
  warnings.warn("y_pred contains classes not in y_true")
[I 2025-05-26 03:38:41,290] Trial 14 finished with value: 0.4 and parameters: {'C': 5.985622223583809, 'gamma': 0.015891842386239564}. Best is trial 1 with value: 0.5.
/data/home/rtabares/anaconda3/envs/pyth3.12/lib/python3.12/site-packages/sklearn/metrics/_classification.py:2524: UserWarning: y_pred contains classes not in y_true
  warnings.warn("y_pred contains classes not in y_true")
[I 2025-05-26 03:38:41,315] Trial 15 finished with value: 0.5 and parameters: {'C': 7.470518035048567, 'gamma': 0.10763748240825163}. Best is trial 1 with value: 0.5.
/data/home/rtabares/anaconda3/envs/pyth3.12/lib/python3.12/site-packages/sklearn/metrics/_classification.py:2524: UserWarning: y_pred contains classes not in y_true
  warnings.warn("y_pred contains classes not in y_true")
[I 2025-05-26 03:38:41,338] Trial 16 finished with value: 0.5 and parameters: {'C': 0.1863516315227972, 'gamma': 0.0007082331157845119}. Best is trial 1 with value: 0.5.
/data/home/rtabares/anaconda3/envs/pyth3.12/lib/python3.12/site-packages/sklearn/metrics/_classification.py:2524: UserWarning: y_pred contains classes not in y_true
  warnings.warn("y_pred contains classes not in y_true")
[I 2025-05-26 03:38:41,359] Trial 17 finished with value: 0.5 and parameters: {'C': 0.026172478305176654, 'gamma': 0.00628664717154984}. Best is trial 1 with value: 0.5.
/data/home/rtabares/anaconda3/envs/pyth3.12/lib/python3.12/site-packages/sklearn/metrics/_classification.py:2524: UserWarning: y_pred contains classes not in y_true
  warnings.warn("y_pred contains classes not in y_true")
[I 2025-05-26 03:38:41,388] Trial 18 finished with value: 0.5 and parameters: {'C': 2.7231865752623077, 'gamma': 0.04314702190142667}. Best is trial 1 with value: 0.5.
/data/home/rtabares/anaconda3/envs/pyth3.12/lib/python3.12/site-packages/sklearn/metrics/_classification.py:2524: UserWarning: y_pred contains classes not in y_true
  warnings.warn("y_pred contains classes not in y_true")
[I 2025-05-26 03:38:41,412] Trial 19 finished with value: 0.5 and parameters: {'C': 0.4355710945798905, 'gamma': 0.5349528776444162}. Best is trial 1 with value: 0.5.
[I 2025-05-26 03:38:43,347] A new study created in memory with name: logreg
Parámetros guardados en checkpoint_adult_Dlatent_G/craig/IPC_10/best_models_craig_seed_6_space_latent/svc_best_params.json


>>> Optuna tuning logreg metodo craig IPC 10 seed 6


/data/home/rtabares/anaconda3/envs/pyth3.12/lib/python3.12/site-packages/sklearn/metrics/_classification.py:2524: UserWarning: y_pred contains classes not in y_true
  warnings.warn("y_pred contains classes not in y_true")
[I 2025-05-26 03:38:46,418] Trial 0 finished with value: 0.4 and parameters: {'C': 29.127335430981816, 'penalty': 'l2'}. Best is trial 0 with value: 0.4.
/data/home/rtabares/anaconda3/envs/pyth3.12/lib/python3.12/site-packages/sklearn/metrics/_classification.py:2524: UserWarning: y_pred contains classes not in y_true
  warnings.warn("y_pred contains classes not in y_true")
[I 2025-05-26 03:38:46,843] Trial 1 finished with value: 0.4 and parameters: {'C': 0.045698192893558344, 'penalty': 'l2'}. Best is trial 0 with value: 0.4.
/data/home/rtabares/anaconda3/envs/pyth3.12/lib/python3.12/site-packages/sklearn/metrics/_classification.py:2524: UserWarning: y_pred contains classes not in y_true
  warnings.warn("y_pred contains classes not in y_true")
[I 2025-05-26 03:38:46,869] Trial 2 finished with value: 0.4 and parameters: {'C': 12.768668597712947, 'penalty': 'l2'}. Best is trial 0 with value: 0.4.
[I 2025-05-26 03:38:46,882] Trial 3 finished with value: 0.5 and parameters: {'C': 0.0016161554408462638, 'penalty': 'l2'}. Best is trial 3 with value: 0.5.
/data/home/rtabares/anaconda3/envs/pyth3.12/lib/python3.12/site-packages/sklearn/metrics/_classification.py:2524: UserWarning: y_pred contains classes not in y_true
  warnings.warn("y_pred contains classes not in y_true")
[I 2025-05-26 03:38:47,551] Trial 4 finished with value: 0.5 and parameters: {'C': 0.0034536903703241734, 'penalty': 'l2'}. Best is trial 3 with value: 0.5.
/data/home/rtabares/anaconda3/envs/pyth3.12/lib/python3.12/site-packages/sklearn/metrics/_classification.py:2524: UserWarning: y_pred contains classes not in y_true
  warnings.warn("y_pred contains classes not in y_true")
[I 2025-05-26 03:38:47,576] Trial 5 finished with value: 0.4 and parameters: {'C': 0.9446269266990148, 'penalty': 'l2'}. Best is trial 3 with value: 0.5.
/data/home/rtabares/anaconda3/envs/pyth3.12/lib/python3.12/site-packages/sklearn/metrics/_classification.py:2524: UserWarning: y_pred contains classes not in y_true
  warnings.warn("y_pred contains classes not in y_true")
[I 2025-05-26 03:38:47,600] Trial 6 finished with value: 0.4 and parameters: {'C': 0.4457453393648168, 'penalty': 'l2'}. Best is trial 3 with value: 0.5.
/data/home/rtabares/anaconda3/envs/pyth3.12/lib/python3.12/site-packages/sklearn/metrics/_classification.py:2524: UserWarning: y_pred contains classes not in y_true
  warnings.warn("y_pred contains classes not in y_true")
[I 2025-05-26 03:38:47,624] Trial 7 finished with value: 0.4 and parameters: {'C': 0.12417585037258261, 'penalty': 'l2'}. Best is trial 3 with value: 0.5.
/data/home/rtabares/anaconda3/envs/pyth3.12/lib/python3.12/site-packages/sklearn/metrics/_classification.py:2524: UserWarning: y_pred contains classes not in y_true
  warnings.warn("y_pred contains classes not in y_true")
[I 2025-05-26 03:38:47,648] Trial 8 finished with value: 0.4 and parameters: {'C': 0.04753781830244093, 'penalty': 'l2'}. Best is trial 3 with value: 0.5.
/data/home/rtabares/anaconda3/envs/pyth3.12/lib/python3.12/site-packages/sklearn/metrics/_classification.py:2524: UserWarning: y_pred contains classes not in y_true
  warnings.warn("y_pred contains classes not in y_true")
[I 2025-05-26 03:38:47,671] Trial 9 finished with value: 0.4 and parameters: {'C': 1.2959766028194148, 'penalty': 'l2'}. Best is trial 3 with value: 0.5.
/data/home/rtabares/anaconda3/envs/pyth3.12/lib/python3.12/site-packages/sklearn/metrics/_classification.py:2524: UserWarning: y_pred contains classes not in y_true
  warnings.warn("y_pred contains classes not in y_true")
[I 2025-05-26 03:38:47,701] Trial 10 finished with value: 0.5 and parameters: {'C': 0.0027493237597083523, 'penalty': 'l2'}. Best is trial 3 with value: 0.5.
/data/home/rtabares/anaconda3/envs/pyth3.12/lib/python3.12/site-packages/sklearn/metrics/_classification.py:2524: UserWarning: y_pred contains classes not in y_true
  warnings.warn("y_pred contains classes not in y_true")
[I 2025-05-26 03:38:48,385] Trial 11 finished with value: 0.5 and parameters: {'C': 0.001163038906231015, 'penalty': 'l2'}. Best is trial 3 with value: 0.5.
/data/home/rtabares/anaconda3/envs/pyth3.12/lib/python3.12/site-packages/sklearn/metrics/_classification.py:2524: UserWarning: y_pred contains classes not in y_true
  warnings.warn("y_pred contains classes not in y_true")
[I 2025-05-26 03:38:48,416] Trial 12 finished with value: 0.5 and parameters: {'C': 0.007783068576282983, 'penalty': 'l2'}. Best is trial 3 with value: 0.5.
/data/home/rtabares/anaconda3/envs/pyth3.12/lib/python3.12/site-packages/sklearn/metrics/_classification.py:2524: UserWarning: y_pred contains classes not in y_true
  warnings.warn("y_pred contains classes not in y_true")
[I 2025-05-26 03:38:49,120] Trial 13 finished with value: 0.5 and parameters: {'C': 0.007826977189925246, 'penalty': 'l2'}. Best is trial 3 with value: 0.5.
/data/home/rtabares/anaconda3/envs/pyth3.12/lib/python3.12/site-packages/sklearn/metrics/_classification.py:2524: UserWarning: y_pred contains classes not in y_true
  warnings.warn("y_pred contains classes not in y_true")
[I 2025-05-26 03:38:49,826] Trial 14 finished with value: 0.5 and parameters: {'C': 0.006703097597967292, 'penalty': 'l2'}. Best is trial 3 with value: 0.5.
/data/home/rtabares/anaconda3/envs/pyth3.12/lib/python3.12/site-packages/sklearn/metrics/_classification.py:2524: UserWarning: y_pred contains classes not in y_true
  warnings.warn("y_pred contains classes not in y_true")
[I 2025-05-26 03:38:49,859] Trial 15 finished with value: 0.5 and parameters: {'C': 0.0014396872245738463, 'penalty': 'l2'}. Best is trial 3 with value: 0.5.
[I 2025-05-26 03:38:49,880] Trial 16 finished with value: 0.5 and parameters: {'C': 0.02174123480745058, 'penalty': 'l2'}. Best is trial 3 with value: 0.5.
/data/home/rtabares/anaconda3/envs/pyth3.12/lib/python3.12/site-packages/sklearn/metrics/_classification.py:2524: UserWarning: y_pred contains classes not in y_true
  warnings.warn("y_pred contains classes not in y_true")
[I 2025-05-26 03:38:50,628] Trial 17 finished with value: 0.4 and parameters: {'C': 2.6707606129231554, 'penalty': 'l2'}. Best is trial 3 with value: 0.5.
/data/home/rtabares/anaconda3/envs/pyth3.12/lib/python3.12/site-packages/sklearn/metrics/_classification.py:2524: UserWarning: y_pred contains classes not in y_true
  warnings.warn("y_pred contains classes not in y_true")
[I 2025-05-26 03:38:50,660] Trial 18 finished with value: 0.4 and parameters: {'C': 0.19777568673071788, 'penalty': 'l2'}. Best is trial 3 with value: 0.5.
/data/home/rtabares/anaconda3/envs/pyth3.12/lib/python3.12/site-packages/sklearn/metrics/_classification.py:2524: UserWarning: y_pred contains classes not in y_true
  warnings.warn("y_pred contains classes not in y_true")
[I 2025-05-26 03:38:50,690] Trial 19 finished with value: 0.5 and parameters: {'C': 0.004185363988350308, 'penalty': 'l2'}. Best is trial 3 with value: 0.5.
/data/home/rtabares/anaconda3/envs/pyth3.12/lib/python3.12/site-packages/xgboost/core.py:377: FutureWarning: Your system has an old version of glibc (< 2.28). We will stop supporting Linux distros with glibc older than 2.28 after **May 31, 2025**. Please upgrade to a recent Linux distro (with glibc >= 2.28) to use future versions of XGBoost.
Note: You have installed the 'manylinux2014' variant of XGBoost. Certain features such as GPU algorithms or federated learning are not available. To use these features, please upgrade to a recent Linux distro with glibc 2.28+, and install the 'manylinux_2_28' variant.
  warnings.warn(
[I 2025-05-26 03:38:55,142] A new study created in memory with name: mlp
Parámetros guardados en checkpoint_adult_Dlatent_G/craig/IPC_10/best_models_craig_seed_6_space_latent/logreg_best_params.json


>>> Optuna tuning mlp metodo craig IPC 10 seed 6


/data/home/rtabares/anaconda3/envs/pyth3.12/lib/python3.12/site-packages/sklearn/neural_network/_multilayer_perceptron.py:691: ConvergenceWarning: Stochastic Optimizer: Maximum iterations (100) reached and the optimization hasn't converged yet.
  warnings.warn(
/data/home/rtabares/anaconda3/envs/pyth3.12/lib/python3.12/site-packages/sklearn/neural_network/_multilayer_perceptron.py:691: ConvergenceWarning: Stochastic Optimizer: Maximum iterations (100) reached and the optimization hasn't converged yet.
  warnings.warn(
/data/home/rtabares/anaconda3/envs/pyth3.12/lib/python3.12/site-packages/sklearn/neural_network/_multilayer_perceptron.py:691: ConvergenceWarning: Stochastic Optimizer: Maximum iterations (100) reached and the optimization hasn't converged yet.
  warnings.warn(
/data/home/rtabares/anaconda3/envs/pyth3.12/lib/python3.12/site-packages/sklearn/metrics/_classification.py:2524: UserWarning: y_pred contains classes not in y_true
  warnings.warn("y_pred contains classes not in y_true")
/data/home/rtabares/anaconda3/envs/pyth3.12/lib/python3.12/site-packages/sklearn/neural_network/_multilayer_perceptron.py:691: ConvergenceWarning: Stochastic Optimizer: Maximum iterations (100) reached and the optimization hasn't converged yet.
  warnings.warn(
[I 2025-05-26 03:38:55,871] Trial 0 finished with value: 0.4 and parameters: {'hidden_layer_sizes': (100,), 'max_iter': 100, 'alpha': 0.0001}. Best is trial 0 with value: 0.4.
/data/home/rtabares/anaconda3/envs/pyth3.12/lib/python3.12/site-packages/sklearn/metrics/_classification.py:2524: UserWarning: y_pred contains classes not in y_true
  warnings.warn("y_pred contains classes not in y_true")
[I 2025-05-26 03:38:55,950] Trial 1 finished with value: 0.4 and parameters: {'hidden_layer_sizes': (100, 100), 'max_iter': 100, 'alpha': 0.001}. Best is trial 0 with value: 0.4.
/data/home/rtabares/anaconda3/envs/pyth3.12/lib/python3.12/site-packages/sklearn/metrics/_classification.py:2524: UserWarning: y_pred contains classes not in y_true
  warnings.warn("y_pred contains classes not in y_true")
[I 2025-05-26 03:38:56,006] Trial 2 finished with value: 0.5 and parameters: {'hidden_layer_sizes': (200,), 'max_iter': 100, 'alpha': 0.0001}. Best is trial 2 with value: 0.5.
/data/home/rtabares/anaconda3/envs/pyth3.12/lib/python3.12/site-packages/sklearn/neural_network/_multilayer_perceptron.py:691: ConvergenceWarning: Stochastic Optimizer: Maximum iterations (50) reached and the optimization hasn't converged yet.
  warnings.warn(
/data/home/rtabares/anaconda3/envs/pyth3.12/lib/python3.12/site-packages/sklearn/neural_network/_multilayer_perceptron.py:691: ConvergenceWarning: Stochastic Optimizer: Maximum iterations (50) reached and the optimization hasn't converged yet.
  warnings.warn(
/data/home/rtabares/anaconda3/envs/pyth3.12/lib/python3.12/site-packages/sklearn/neural_network/_multilayer_perceptron.py:691: ConvergenceWarning: Stochastic Optimizer: Maximum iterations (50) reached and the optimization hasn't converged yet.
  warnings.warn(
/data/home/rtabares/anaconda3/envs/pyth3.12/lib/python3.12/site-packages/sklearn/neural_network/_multilayer_perceptron.py:691: ConvergenceWarning: Stochastic Optimizer: Maximum iterations (50) reached and the optimization hasn't converged yet.
  warnings.warn(
/data/home/rtabares/anaconda3/envs/pyth3.12/lib/python3.12/site-packages/sklearn/neural_network/_multilayer_perceptron.py:691: ConvergenceWarning: Stochastic Optimizer: Maximum iterations (50) reached and the optimization hasn't converged yet.
  warnings.warn(
/data/home/rtabares/anaconda3/envs/pyth3.12/lib/python3.12/site-packages/sklearn/metrics/_classification.py:2524: UserWarning: y_pred contains classes not in y_true
  warnings.warn("y_pred contains classes not in y_true")
