[I 2025-05-18 17:53:41,319] Trial 7 finished with value: 0.85 and parameters: {'n_estimators': 10, 'max_depth': 5, 'gamma': 0.5767347850317142, 'subsample': 0.7995431264700696, 'colsample_bytree': 0.8604622333437917}. Best is trial 2 with value: 0.9666666666666666.
/data/home/rtabares/anaconda3/envs/pyth3.12/lib/python3.12/site-packages/xgboost/core.py:377: FutureWarning: Your system has an old version of glibc (< 2.28). We will stop supporting Linux distros with glibc older than 2.28 after **May 31, 2025**. Please upgrade to a recent Linux distro (with glibc >= 2.28) to use future versions of XGBoost.
Note: You have installed the 'manylinux2014' variant of XGBoost. Certain features such as GPU algorithms or federated learning are not available. To use these features, please upgrade to a recent Linux distro with glibc 2.28+, and install the 'manylinux_2_28' variant.
  warnings.warn(
/data/home/rtabares/anaconda3/envs/pyth3.12/lib/python3.12/site-packages/xgboost/core.py:377: FutureWarning: Your system has an old version of glibc (< 2.28). We will stop supporting Linux distros with glibc older than 2.28 after **May 31, 2025**. Please upgrade to a recent Linux distro (with glibc >= 2.28) to use future versions of XGBoost.
Note: You have installed the 'manylinux2014' variant of XGBoost. Certain features such as GPU algorithms or federated learning are not available. To use these features, please upgrade to a recent Linux distro with glibc 2.28+, and install the 'manylinux_2_28' variant.
  warnings.warn(
/data/home/rtabares/anaconda3/envs/pyth3.12/lib/python3.12/site-packages/xgboost/core.py:377: FutureWarning: Your system has an old version of glibc (< 2.28). We will stop supporting Linux distros with glibc older than 2.28 after **May 31, 2025**. Please upgrade to a recent Linux distro (with glibc >= 2.28) to use future versions of XGBoost.
Note: You have installed the 'manylinux2014' variant of XGBoost. Certain features such as GPU algorithms or federated learning are not available. To use these features, please upgrade to a recent Linux distro with glibc 2.28+, and install the 'manylinux_2_28' variant.
  warnings.warn(
/data/home/rtabares/anaconda3/envs/pyth3.12/lib/python3.12/site-packages/xgboost/core.py:377: FutureWarning: Your system has an old version of glibc (< 2.28). We will stop supporting Linux distros with glibc older than 2.28 after **May 31, 2025**. Please upgrade to a recent Linux distro (with glibc >= 2.28) to use future versions of XGBoost.
Note: You have installed the 'manylinux2014' variant of XGBoost. Certain features such as GPU algorithms or federated learning are not available. To use these features, please upgrade to a recent Linux distro with glibc 2.28+, and install the 'manylinux_2_28' variant.
  warnings.warn(
[I 2025-05-18 17:53:41,436] Trial 8 finished with value: 0.85 and parameters: {'n_estimators': 100, 'max_depth': 20, 'gamma': 0.8470554948938058, 'subsample': 0.860339005739911, 'colsample_bytree': 0.9331308414408237}. Best is trial 2 with value: 0.9666666666666666.
/data/home/rtabares/anaconda3/envs/pyth3.12/lib/python3.12/site-packages/xgboost/core.py:377: FutureWarning: Your system has an old version of glibc (< 2.28). We will stop supporting Linux distros with glibc older than 2.28 after **May 31, 2025**. Please upgrade to a recent Linux distro (with glibc >= 2.28) to use future versions of XGBoost.
Note: You have installed the 'manylinux2014' variant of XGBoost. Certain features such as GPU algorithms or federated learning are not available. To use these features, please upgrade to a recent Linux distro with glibc 2.28+, and install the 'manylinux_2_28' variant.
  warnings.warn(
/data/home/rtabares/anaconda3/envs/pyth3.12/lib/python3.12/site-packages/xgboost/core.py:377: FutureWarning: Your system has an old version of glibc (< 2.28). We will stop supporting Linux distros with glibc older than 2.28 after **May 31, 2025**. Please upgrade to a recent Linux distro (with glibc >= 2.28) to use future versions of XGBoost.
Note: You have installed the 'manylinux2014' variant of XGBoost. Certain features such as GPU algorithms or federated learning are not available. To use these features, please upgrade to a recent Linux distro with glibc 2.28+, and install the 'manylinux_2_28' variant.
  warnings.warn(
/data/home/rtabares/anaconda3/envs/pyth3.12/lib/python3.12/site-packages/xgboost/core.py:377: FutureWarning: Your system has an old version of glibc (< 2.28). We will stop supporting Linux distros with glibc older than 2.28 after **May 31, 2025**. Please upgrade to a recent Linux distro (with glibc >= 2.28) to use future versions of XGBoost.
Note: You have installed the 'manylinux2014' variant of XGBoost. Certain features such as GPU algorithms or federated learning are not available. To use these features, please upgrade to a recent Linux distro with glibc 2.28+, and install the 'manylinux_2_28' variant.
  warnings.warn(
/data/home/rtabares/anaconda3/envs/pyth3.12/lib/python3.12/site-packages/xgboost/core.py:377: FutureWarning: Your system has an old version of glibc (< 2.28). We will stop supporting Linux distros with glibc older than 2.28 after **May 31, 2025**. Please upgrade to a recent Linux distro (with glibc >= 2.28) to use future versions of XGBoost.
Note: You have installed the 'manylinux2014' variant of XGBoost. Certain features such as GPU algorithms or federated learning are not available. To use these features, please upgrade to a recent Linux distro with glibc 2.28+, and install the 'manylinux_2_28' variant.
  warnings.warn(
[I 2025-05-18 17:53:41,538] Trial 9 finished with value: 0.85 and parameters: {'n_estimators': 100, 'max_depth': 30, 'gamma': 0.574951454577921, 'subsample': 0.9696020680119358, 'colsample_bytree': 0.8616917074936369}. Best is trial 2 with value: 0.9666666666666666.
/data/home/rtabares/anaconda3/envs/pyth3.12/lib/python3.12/site-packages/xgboost/core.py:377: FutureWarning: Your system has an old version of glibc (< 2.28). We will stop supporting Linux distros with glibc older than 2.28 after **May 31, 2025**. Please upgrade to a recent Linux distro (with glibc >= 2.28) to use future versions of XGBoost.
Note: You have installed the 'manylinux2014' variant of XGBoost. Certain features such as GPU algorithms or federated learning are not available. To use these features, please upgrade to a recent Linux distro with glibc 2.28+, and install the 'manylinux_2_28' variant.
  warnings.warn(
/data/home/rtabares/anaconda3/envs/pyth3.12/lib/python3.12/site-packages/xgboost/core.py:377: FutureWarning: Your system has an old version of glibc (< 2.28). We will stop supporting Linux distros with glibc older than 2.28 after **May 31, 2025**. Please upgrade to a recent Linux distro (with glibc >= 2.28) to use future versions of XGBoost.
Note: You have installed the 'manylinux2014' variant of XGBoost. Certain features such as GPU algorithms or federated learning are not available. To use these features, please upgrade to a recent Linux distro with glibc 2.28+, and install the 'manylinux_2_28' variant.
  warnings.warn(
/data/home/rtabares/anaconda3/envs/pyth3.12/lib/python3.12/site-packages/xgboost/core.py:377: FutureWarning: Your system has an old version of glibc (< 2.28). We will stop supporting Linux distros with glibc older than 2.28 after **May 31, 2025**. Please upgrade to a recent Linux distro (with glibc >= 2.28) to use future versions of XGBoost.
Note: You have installed the 'manylinux2014' variant of XGBoost. Certain features such as GPU algorithms or federated learning are not available. To use these features, please upgrade to a recent Linux distro with glibc 2.28+, and install the 'manylinux_2_28' variant.
  warnings.warn(
[I 2025-05-18 17:53:53,765] A new study created in memory with name: rf
Parámetros guardados en checkpoint_shoppers_Dlatent_ft_F/lc/IPC_17/best_models_lc_seed_8_space_latent/xgb_best_params.json


>>> Optuna tuning rf metodo lc IPC 17 seed 8


[I 2025-05-18 17:53:57,224] Trial 0 finished with value: 1.0 and parameters: {'n_estimators': 450, 'max_depth': 20, 'min_samples_split': 9, 'min_samples_leaf': 6}. Best is trial 0 with value: 1.0.
[I 2025-05-18 17:53:59,423] Trial 1 finished with value: 1.0 and parameters: {'n_estimators': 193, 'max_depth': 3, 'min_samples_split': 5, 'min_samples_leaf': 5}. Best is trial 0 with value: 1.0.
[I 2025-05-18 17:54:01,695] Trial 2 finished with value: 1.0 and parameters: {'n_estimators': 309, 'max_depth': 11, 'min_samples_split': 6, 'min_samples_leaf': 6}. Best is trial 0 with value: 1.0.
[I 2025-05-18 17:54:03,613] Trial 3 finished with value: 1.0 and parameters: {'n_estimators': 405, 'max_depth': 15, 'min_samples_split': 7, 'min_samples_leaf': 5}. Best is trial 0 with value: 1.0.
[I 2025-05-18 17:54:04,196] Trial 4 finished with value: 0.9666666666666666 and parameters: {'n_estimators': 215, 'max_depth': 20, 'min_samples_split': 5, 'min_samples_leaf': 3}. Best is trial 0 with value: 1.0.
[I 2025-05-18 17:54:04,678] Trial 5 finished with value: 0.9666666666666666 and parameters: {'n_estimators': 126, 'max_depth': 20, 'min_samples_split': 3, 'min_samples_leaf': 4}. Best is trial 0 with value: 1.0.
[I 2025-05-18 17:54:05,233] Trial 6 finished with value: 0.9333333333333332 and parameters: {'n_estimators': 128, 'max_depth': 7, 'min_samples_split': 5, 'min_samples_leaf': 9}. Best is trial 0 with value: 1.0.
[I 2025-05-18 17:54:05,965] Trial 7 finished with value: 0.9333333333333332 and parameters: {'n_estimators': 238, 'max_depth': 20, 'min_samples_split': 2, 'min_samples_leaf': 4}. Best is trial 0 with value: 1.0.
[I 2025-05-18 17:54:06,523] Trial 8 finished with value: 1.0 and parameters: {'n_estimators': 252, 'max_depth': 16, 'min_samples_split': 10, 'min_samples_leaf': 4}. Best is trial 0 with value: 1.0.
[I 2025-05-18 17:54:07,285] Trial 9 finished with value: 0.9666666666666666 and parameters: {'n_estimators': 273, 'max_depth': 7, 'min_samples_split': 9, 'min_samples_leaf': 7}. Best is trial 0 with value: 1.0.
[I 2025-05-18 17:54:14,061] A new study created in memory with name: svc
Parámetros guardados en checkpoint_shoppers_Dlatent_ft_F/lc/IPC_17/best_models_lc_seed_8_space_latent/rf_best_params.json


>>> Optuna tuning svc metodo lc IPC 17 seed 8


[I 2025-05-18 17:54:16,853] Trial 0 finished with value: 0.5 and parameters: {'C': 31.168622654226873, 'gamma': 0.7484497562485191}. Best is trial 0 with value: 0.5.
[I 2025-05-18 17:54:17,696] Trial 1 finished with value: 0.9666666666666666 and parameters: {'C': 29.976309274600954, 'gamma': 0.013286872459026702}. Best is trial 1 with value: 0.9666666666666666.
[I 2025-05-18 17:54:18,647] Trial 2 finished with value: 0.5333333333333333 and parameters: {'C': 0.08529298465080307, 'gamma': 0.00011106960237430257}. Best is trial 1 with value: 0.9666666666666666.
[I 2025-05-18 17:54:19,454] Trial 3 finished with value: 1.0 and parameters: {'C': 0.5270784658374341, 'gamma': 0.004068229457500922}. Best is trial 3 with value: 1.0.
[I 2025-05-18 17:54:19,481] Trial 4 finished with value: 1.0 and parameters: {'C': 1.2322495987505253, 'gamma': 0.008195343912941565}. Best is trial 3 with value: 1.0.
[I 2025-05-18 17:54:19,504] Trial 5 finished with value: 0.9666666666666666 and parameters: {'C': 1.6650446929687996, 'gamma': 0.014912280706161869}. Best is trial 3 with value: 1.0.
[I 2025-05-18 17:54:19,528] Trial 6 finished with value: 0.55 and parameters: {'C': 11.055599623279033, 'gamma': 0.07071284267178823}. Best is trial 3 with value: 1.0.
[I 2025-05-18 17:54:19,543] Trial 7 finished with value: 1.0 and parameters: {'C': 3.0111222251271013, 'gamma': 0.00506252384623837}. Best is trial 3 with value: 1.0.
[I 2025-05-18 17:54:19,557] Trial 8 finished with value: 0.5 and parameters: {'C': 0.1433177931243846, 'gamma': 0.7859971382309453}. Best is trial 3 with value: 1.0.
[I 2025-05-18 17:54:19,571] Trial 9 finished with value: 0.5666666666666667 and parameters: {'C': 0.21631975482828378, 'gamma': 0.0007502469581683287}. Best is trial 3 with value: 1.0.
[I 2025-05-18 17:54:22,376] A new study created in memory with name: logreg
Parámetros guardados en checkpoint_shoppers_Dlatent_ft_F/lc/IPC_17/best_models_lc_seed_8_space_latent/svc_best_params.json


>>> Optuna tuning logreg metodo lc IPC 17 seed 8


[I 2025-05-18 17:54:25,600] Trial 0 finished with value: 1.0 and parameters: {'C': 23.288794782471303, 'penalty': 'l2'}. Best is trial 0 with value: 1.0.
[I 2025-05-18 17:54:26,510] Trial 1 finished with value: 1.0 and parameters: {'C': 69.61507800412923, 'penalty': 'l2'}. Best is trial 0 with value: 1.0.
[I 2025-05-18 17:54:26,526] Trial 2 finished with value: 1.0 and parameters: {'C': 22.180569925473442, 'penalty': 'l2'}. Best is trial 0 with value: 1.0.
[I 2025-05-18 17:54:27,257] Trial 3 finished with value: 1.0 and parameters: {'C': 0.4511058486037652, 'penalty': 'l2'}. Best is trial 0 with value: 1.0.
[I 2025-05-18 17:54:27,283] Trial 4 finished with value: 1.0 and parameters: {'C': 0.014576110093994574, 'penalty': 'l2'}. Best is trial 0 with value: 1.0.
[I 2025-05-18 17:54:27,308] Trial 5 finished with value: 1.0 and parameters: {'C': 0.0011402340906886685, 'penalty': 'l2'}. Best is trial 0 with value: 1.0.
[I 2025-05-18 17:54:27,332] Trial 6 finished with value: 1.0 and parameters: {'C': 0.14201822862985758, 'penalty': 'l2'}. Best is trial 0 with value: 1.0.
[I 2025-05-18 17:54:27,358] Trial 7 finished with value: 1.0 and parameters: {'C': 0.1027440782219989, 'penalty': 'l2'}. Best is trial 0 with value: 1.0.
[I 2025-05-18 17:54:27,382] Trial 8 finished with value: 1.0 and parameters: {'C': 0.41055690122086846, 'penalty': 'l2'}. Best is trial 0 with value: 1.0.
[I 2025-05-18 17:54:27,405] Trial 9 finished with value: 1.0 and parameters: {'C': 0.24658064201770763, 'penalty': 'l2'}. Best is trial 0 with value: 1.0.
[I 2025-05-18 17:54:32,789] A new study created in memory with name: mlp
Parámetros guardados en checkpoint_shoppers_Dlatent_ft_F/lc/IPC_17/best_models_lc_seed_8_space_latent/logreg_best_params.json


>>> Optuna tuning mlp metodo lc IPC 17 seed 8


/data/home/rtabares/anaconda3/envs/pyth3.12/lib/python3.12/site-packages/sklearn/neural_network/_multilayer_perceptron.py:691: ConvergenceWarning: Stochastic Optimizer: Maximum iterations (50) reached and the optimization hasn't converged yet.
  warnings.warn(
/data/home/rtabares/anaconda3/envs/pyth3.12/lib/python3.12/site-packages/sklearn/neural_network/_multilayer_perceptron.py:691: ConvergenceWarning: Stochastic Optimizer: Maximum iterations (50) reached and the optimization hasn't converged yet.
  warnings.warn(
[I 2025-05-18 17:54:34,387] Trial 0 finished with value: 1.0 and parameters: {'hidden_layer_sizes': (200,), 'max_iter': 50, 'alpha': 0.001}. Best is trial 0 with value: 1.0.
/data/home/rtabares/anaconda3/envs/pyth3.12/lib/python3.12/site-packages/sklearn/neural_network/_multilayer_perceptron.py:691: ConvergenceWarning: Stochastic Optimizer: Maximum iterations (50) reached and the optimization hasn't converged yet.
  warnings.warn(
/data/home/rtabares/anaconda3/envs/pyth3.12/lib/python3.12/site-packages/sklearn/neural_network/_multilayer_perceptron.py:691: ConvergenceWarning: Stochastic Optimizer: Maximum iterations (50) reached and the optimization hasn't converged yet.
  warnings.warn(
[I 2025-05-18 17:54:35,170] Trial 1 finished with value: 0.9666666666666666 and parameters: {'hidden_layer_sizes': (200,), 'max_iter': 50, 'alpha': 0.0001}. Best is trial 0 with value: 1.0.
/data/home/rtabares/anaconda3/envs/pyth3.12/lib/python3.12/site-packages/sklearn/neural_network/_multilayer_perceptron.py:691: ConvergenceWarning: Stochastic Optimizer: Maximum iterations (50) reached and the optimization hasn't converged yet.
  warnings.warn(
/data/home/rtabares/anaconda3/envs/pyth3.12/lib/python3.12/site-packages/sklearn/neural_network/_multilayer_perceptron.py:691: ConvergenceWarning: Stochastic Optimizer: Maximum iterations (50) reached and the optimization hasn't converged yet.
  warnings.warn(
/data/home/rtabares/anaconda3/envs/pyth3.12/lib/python3.12/site-packages/sklearn/neural_network/_multilayer_perceptron.py:691: ConvergenceWarning: Stochastic Optimizer: Maximum iterations (50) reached and the optimization hasn't converged yet.
  warnings.warn(
/data/home/rtabares/anaconda3/envs/pyth3.12/lib/python3.12/site-packages/sklearn/neural_network/_multilayer_perceptron.py:691: ConvergenceWarning: Stochastic Optimizer: Maximum iterations (50) reached and the optimization hasn't converged yet.
  warnings.warn(
/data/home/rtabares/anaconda3/envs/pyth3.12/lib/python3.12/site-packages/sklearn/neural_network/_multilayer_perceptron.py:691: ConvergenceWarning: Stochastic Optimizer: Maximum iterations (50) reached and the optimization hasn't converged yet.
  warnings.warn(
[I 2025-05-18 17:54:35,910] Trial 2 finished with value: 1.0 and parameters: {'hidden_layer_sizes': (100,), 'max_iter': 50, 'alpha': 0.0001}. Best is trial 0 with value: 1.0.
[I 2025-05-18 17:54:36,679] Trial 3 finished with value: 1.0 and parameters: {'hidden_layer_sizes': (100,), 'max_iter': 100, 'alpha': 0.001}. Best is trial 0 with value: 1.0.
[I 2025-05-18 17:54:36,745] Trial 4 finished with value: 1.0 and parameters: {'hidden_layer_sizes': (200,), 'max_iter': 100, 'alpha': 0.001}. Best is trial 0 with value: 1.0.
/data/home/rtabares/anaconda3/envs/pyth3.12/lib/python3.12/site-packages/sklearn/neural_network/_multilayer_perceptron.py:691: ConvergenceWarning: Stochastic Optimizer: Maximum iterations (50) reached and the optimization hasn't converged yet.
  warnings.warn(
[I 2025-05-18 17:54:36,811] Trial 5 finished with value: 1.0 and parameters: {'hidden_layer_sizes': (200,), 'max_iter': 50, 'alpha': 0.001}. Best is trial 0 with value: 1.0.
[I 2025-05-18 17:54:36,888] Trial 6 finished with value: 1.0 and parameters: {'hidden_layer_sizes': (100,), 'max_iter': 100, 'alpha': 0.0001}. Best is trial 0 with value: 1.0.
[I 2025-05-18 17:54:36,954] Trial 7 finished with value: 0.9666666666666666 and parameters: {'hidden_layer_sizes': (100, 100), 'max_iter': 50, 'alpha': 0.0001}. Best is trial 0 with value: 1.0.
[I 2025-05-18 17:54:37,021] Trial 8 finished with value: 1.0 and parameters: {'hidden_layer_sizes': (100, 100), 'max_iter': 100, 'alpha': 0.0001}. Best is trial 0 with value: 1.0.
/data/home/rtabares/anaconda3/envs/pyth3.12/lib/python3.12/site-packages/sklearn/neural_network/_multilayer_perceptron.py:691: ConvergenceWarning: Stochastic Optimizer: Maximum iterations (50) reached and the optimization hasn't converged yet.
  warnings.warn(
/data/home/rtabares/anaconda3/envs/pyth3.12/lib/python3.12/site-packages/sklearn/neural_network/_multilayer_perceptron.py:691: ConvergenceWarning: Stochastic Optimizer: Maximum iterations (50) reached and the optimization hasn't converged yet.
  warnings.warn(
/data/home/rtabares/anaconda3/envs/pyth3.12/lib/python3.12/site-packages/sklearn/neural_network/_multilayer_perceptron.py:691: ConvergenceWarning: Stochastic Optimizer: Maximum iterations (50) reached and the optimization hasn't converged yet.
  warnings.warn(
/data/home/rtabares/anaconda3/envs/pyth3.12/lib/python3.12/site-packages/sklearn/neural_network/_multilayer_perceptron.py:691: ConvergenceWarning: Stochastic Optimizer: Maximum iterations (50) reached and the optimization hasn't converged yet.
  warnings.warn(
/data/home/rtabares/anaconda3/envs/pyth3.12/lib/python3.12/site-packages/sklearn/neural_network/_multilayer_perceptron.py:691: ConvergenceWarning: Stochastic Optimizer: Maximum iterations (50) reached and the optimization hasn't converged yet.
  warnings.warn(
[I 2025-05-18 17:54:37,068] Trial 9 finished with value: 1.0 and parameters: {'hidden_layer_sizes': (100,), 'max_iter': 50, 'alpha': 0.001}. Best is trial 0 with value: 1.0.
[I 2025-05-18 17:54:42,418] A new study created in memory with name: naive_bayes
Parámetros guardados en checkpoint_shoppers_Dlatent_ft_F/lc/IPC_17/best_models_lc_seed_8_space_latent/mlp_best_params.json


>>> Optuna tuning naive_bayes metodo lc IPC 17 seed 8


[I 2025-05-18 17:54:44,014] Trial 0 finished with value: 0.9333333333333332 and parameters: {'var_smoothing': 5.582886587978182e-09}. Best is trial 0 with value: 0.9333333333333332.
[I 2025-05-18 17:54:45,026] Trial 1 finished with value: 0.9333333333333332 and parameters: {'var_smoothing': 8.651299071518215e-09}. Best is trial 0 with value: 0.9333333333333332.
[I 2025-05-18 17:54:45,042] Trial 2 finished with value: 0.9333333333333332 and parameters: {'var_smoothing': 5.475062490474489e-09}. Best is trial 0 with value: 0.9333333333333332.
[I 2025-05-18 17:54:45,056] Trial 3 finished with value: 0.9333333333333332 and parameters: {'var_smoothing': 1.1526869678723134e-09}. Best is trial 0 with value: 0.9333333333333332.
[I 2025-05-18 17:54:45,081] Trial 4 finished with value: 0.9333333333333332 and parameters: {'var_smoothing': 2.920496270341785e-10}. Best is trial 0 with value: 0.9333333333333332.
[I 2025-05-18 17:54:45,106] Trial 5 finished with value: 0.9333333333333332 and parameters: {'var_smoothing': 1.0538956417705805e-10}. Best is trial 0 with value: 0.9333333333333332.
[I 2025-05-18 17:54:45,121] Trial 6 finished with value: 0.9333333333333332 and parameters: {'var_smoothing': 7.260016982331591e-10}. Best is trial 0 with value: 0.9333333333333332.
[I 2025-05-18 17:54:45,146] Trial 7 finished with value: 0.9333333333333332 and parameters: {'var_smoothing': 6.378267364653917e-10}. Best is trial 0 with value: 0.9333333333333332.
[I 2025-05-18 17:54:45,170] Trial 8 finished with value: 0.9333333333333332 and parameters: {'var_smoothing': 1.1100673847791952e-09}. Best is trial 0 with value: 0.9333333333333332.
