[I 2025-05-26 03:12:17,982] Trial 9 finished with value: 0.5 and parameters: {'n_estimators': 100, 'max_depth': 12, 'min_samples_split': 7, 'min_samples_leaf': 10}. Best is trial 3 with value: 0.95.
[I 2025-05-26 03:12:18,523] Trial 10 finished with value: 0.95 and parameters: {'n_estimators': 446, 'max_depth': 3, 'min_samples_split': 10, 'min_samples_leaf': 2}. Best is trial 3 with value: 0.95.
[I 2025-05-26 03:12:19,777] Trial 11 finished with value: 0.9 and parameters: {'n_estimators': 498, 'max_depth': 10, 'min_samples_split': 10, 'min_samples_leaf': 4}. Best is trial 3 with value: 0.95.
[I 2025-05-26 03:12:20,939] Trial 12 finished with value: 0.9 and parameters: {'n_estimators': 387, 'max_depth': 3, 'min_samples_split': 5, 'min_samples_leaf': 1}. Best is trial 3 with value: 0.95.
[I 2025-05-26 03:12:22,037] Trial 13 finished with value: 0.9 and parameters: {'n_estimators': 422, 'max_depth': 9, 'min_samples_split': 9, 'min_samples_leaf': 4}. Best is trial 3 with value: 0.95.
[I 2025-05-26 03:12:22,499] Trial 14 finished with value: 0.9 and parameters: {'n_estimators': 331, 'max_depth': 5, 'min_samples_split': 6, 'min_samples_leaf': 1}. Best is trial 3 with value: 0.95.
[I 2025-05-26 03:12:22,753] Trial 15 finished with value: 0.9 and parameters: {'n_estimators': 167, 'max_depth': 12, 'min_samples_split': 5, 'min_samples_leaf': 4}. Best is trial 3 with value: 0.95.
[I 2025-05-26 03:12:23,395] Trial 16 finished with value: 0.95 and parameters: {'n_estimators': 496, 'max_depth': 15, 'min_samples_split': 8, 'min_samples_leaf': 3}. Best is trial 3 with value: 0.95.
[I 2025-05-26 03:12:23,727] Trial 17 finished with value: 0.95 and parameters: {'n_estimators': 270, 'max_depth': 10, 'min_samples_split': 6, 'min_samples_leaf': 2}. Best is trial 3 with value: 0.95.
[I 2025-05-26 03:12:24,123] Trial 18 finished with value: 0.95 and parameters: {'n_estimators': 343, 'max_depth': 4, 'min_samples_split': 9, 'min_samples_leaf': 5}. Best is trial 3 with value: 0.95.
[I 2025-05-26 03:12:24,619] Trial 19 finished with value: 0.5 and parameters: {'n_estimators': 451, 'max_depth': 6, 'min_samples_split': 4, 'min_samples_leaf': 8}. Best is trial 3 with value: 0.95.
[I 2025-05-26 03:12:27,137] A new study created in memory with name: svc
Parámetros guardados en checkpoint_adult_Dlatent_G/k-means/IPC_10/best_models_k-means_seed_5_space_latent/rf_best_params.json


>>> Optuna tuning svc metodo k-means IPC 10 seed 5


[I 2025-05-26 03:12:30,587] Trial 0 finished with value: 0.4 and parameters: {'C': 0.07726319876517104, 'gamma': 0.3040389504793042}. Best is trial 0 with value: 0.4.
[I 2025-05-26 03:12:30,846] Trial 1 finished with value: 0.4 and parameters: {'C': 0.06712381339142241, 'gamma': 0.47254549996710477}. Best is trial 0 with value: 0.4.
[I 2025-05-26 03:12:30,863] Trial 2 finished with value: 0.6 and parameters: {'C': 0.8987621100554035, 'gamma': 0.027988231123708972}. Best is trial 2 with value: 0.6.
[I 2025-05-26 03:12:30,888] Trial 3 finished with value: 0.7 and parameters: {'C': 11.5779435007655, 'gamma': 0.011848734045499056}. Best is trial 3 with value: 0.7.
[I 2025-05-26 03:12:30,913] Trial 4 finished with value: 0.7 and parameters: {'C': 0.1538870258903583, 'gamma': 0.0005634883151169033}. Best is trial 3 with value: 0.7.
[I 2025-05-26 03:12:30,928] Trial 5 finished with value: 0.6 and parameters: {'C': 0.021036092656561454, 'gamma': 0.08990030906808326}. Best is trial 3 with value: 0.7.
[I 2025-05-26 03:12:30,941] Trial 6 finished with value: 0.7 and parameters: {'C': 0.5824208201678516, 'gamma': 0.00042977333932534993}. Best is trial 3 with value: 0.7.
[I 2025-05-26 03:12:30,954] Trial 7 finished with value: 0.6 and parameters: {'C': 33.09391330085814, 'gamma': 0.001248377256719358}. Best is trial 3 with value: 0.7.
[I 2025-05-26 03:12:30,969] Trial 8 finished with value: 0.7 and parameters: {'C': 0.45387898639622015, 'gamma': 0.0015286910781809498}. Best is trial 3 with value: 0.7.
[I 2025-05-26 03:12:30,984] Trial 9 finished with value: 0.6 and parameters: {'C': 3.274550070431994, 'gamma': 0.02086177421469992}. Best is trial 3 with value: 0.7.
[I 2025-05-26 03:12:31,003] Trial 10 finished with value: 0.6 and parameters: {'C': 90.06440757156173, 'gamma': 0.004099569284748027}. Best is trial 3 with value: 0.7.
[I 2025-05-26 03:12:31,669] Trial 11 finished with value: 0.7 and parameters: {'C': 6.48642555359081, 'gamma': 0.00022085405637239277}. Best is trial 3 with value: 0.7.
[I 2025-05-26 03:12:31,694] Trial 12 finished with value: 0.6 and parameters: {'C': 9.58842315611254, 'gamma': 0.005704053596514284}. Best is trial 3 with value: 0.7.
[I 2025-05-26 03:12:32,357] Trial 13 finished with value: 0.7 and parameters: {'C': 0.16280907414611331, 'gamma': 0.0009925346954175736}. Best is trial 3 with value: 0.7.
[I 2025-05-26 03:12:32,384] Trial 14 finished with value: 0.7 and parameters: {'C': 2.6016409793562336, 'gamma': 0.00010410657631139162}. Best is trial 3 with value: 0.7.
[I 2025-05-26 03:12:32,408] Trial 15 finished with value: 0.6 and parameters: {'C': 0.01021297223473908, 'gamma': 0.08748457230579992}. Best is trial 3 with value: 0.7.
[I 2025-05-26 03:12:32,426] Trial 16 finished with value: 0.7 and parameters: {'C': 15.192879012200343, 'gamma': 0.012696410691730576}. Best is trial 3 with value: 0.7.
[I 2025-05-26 03:12:32,451] Trial 17 finished with value: 0.7 and parameters: {'C': 0.23454360669642255, 'gamma': 0.003502857663618263}. Best is trial 3 with value: 0.7.
[I 2025-05-26 03:12:33,151] Trial 18 finished with value: 0.5 and parameters: {'C': 2.571999079174186, 'gamma': 0.09156428311925056}. Best is trial 3 with value: 0.7.
[I 2025-05-26 03:12:33,175] Trial 19 finished with value: 0.6 and parameters: {'C': 41.55198741635979, 'gamma': 0.0004926031219326299}. Best is trial 3 with value: 0.7.
[I 2025-05-26 03:12:35,774] A new study created in memory with name: logreg
Parámetros guardados en checkpoint_adult_Dlatent_G/k-means/IPC_10/best_models_k-means_seed_5_space_latent/svc_best_params.json


>>> Optuna tuning logreg metodo k-means IPC 10 seed 5


[I 2025-05-26 03:12:38,398] Trial 0 finished with value: 0.7 and parameters: {'C': 0.012881482725481003, 'penalty': 'l2'}. Best is trial 0 with value: 0.7.
[I 2025-05-26 03:12:38,620] Trial 1 finished with value: 0.6 and parameters: {'C': 22.576755560681583, 'penalty': 'l2'}. Best is trial 0 with value: 0.7.
[I 2025-05-26 03:12:38,646] Trial 2 finished with value: 0.7 and parameters: {'C': 0.010804278656839932, 'penalty': 'l2'}. Best is trial 0 with value: 0.7.
[I 2025-05-26 03:12:39,409] Trial 3 finished with value: 0.6 and parameters: {'C': 39.17910760336117, 'penalty': 'l2'}. Best is trial 0 with value: 0.7.
[I 2025-05-26 03:12:39,435] Trial 4 finished with value: 0.7 and parameters: {'C': 0.2767298094062571, 'penalty': 'l2'}. Best is trial 0 with value: 0.7.
[I 2025-05-26 03:12:39,460] Trial 5 finished with value: 0.7 and parameters: {'C': 1.1447728330837224, 'penalty': 'l2'}. Best is trial 0 with value: 0.7.
[I 2025-05-26 03:12:39,485] Trial 6 finished with value: 0.55 and parameters: {'C': 6.753661388238877, 'penalty': 'l2'}. Best is trial 0 with value: 0.7.
[I 2025-05-26 03:12:39,510] Trial 7 finished with value: 0.7 and parameters: {'C': 0.39092184460352974, 'penalty': 'l2'}. Best is trial 0 with value: 0.7.
[I 2025-05-26 03:12:39,535] Trial 8 finished with value: 0.7 and parameters: {'C': 0.03047912590082646, 'penalty': 'l2'}. Best is trial 0 with value: 0.7.
[I 2025-05-26 03:12:39,560] Trial 9 finished with value: 0.7 and parameters: {'C': 0.008681727362499118, 'penalty': 'l2'}. Best is trial 0 with value: 0.7.
[I 2025-05-26 03:12:39,581] Trial 10 finished with value: 0.7 and parameters: {'C': 0.0010146302597657177, 'penalty': 'l2'}. Best is trial 0 with value: 0.7.
[I 2025-05-26 03:12:40,285] Trial 11 finished with value: 0.7 and parameters: {'C': 0.0199662686693303, 'penalty': 'l2'}. Best is trial 0 with value: 0.7.
[I 2025-05-26 03:12:40,930] Trial 12 finished with value: 0.7 and parameters: {'C': 0.0016346313516918368, 'penalty': 'l2'}. Best is trial 0 with value: 0.7.
[I 2025-05-26 03:12:40,959] Trial 13 finished with value: 0.7 and parameters: {'C': 0.0714333727973949, 'penalty': 'l2'}. Best is trial 0 with value: 0.7.
[I 2025-05-26 03:12:40,988] Trial 14 finished with value: 0.7 and parameters: {'C': 0.004204976475301702, 'penalty': 'l2'}. Best is trial 0 with value: 0.7.
[I 2025-05-26 03:12:41,004] Trial 15 finished with value: 0.7 and parameters: {'C': 0.08940155280126451, 'penalty': 'l2'}. Best is trial 0 with value: 0.7.
[I 2025-05-26 03:12:41,754] Trial 16 finished with value: 0.7 and parameters: {'C': 0.006546178987596756, 'penalty': 'l2'}. Best is trial 0 with value: 0.7.
[I 2025-05-26 03:12:41,783] Trial 17 finished with value: 0.7 and parameters: {'C': 1.4752552821847151, 'penalty': 'l2'}. Best is trial 0 with value: 0.7.
[I 2025-05-26 03:12:41,812] Trial 18 finished with value: 0.7 and parameters: {'C': 0.02888779259712015, 'penalty': 'l2'}. Best is trial 0 with value: 0.7.
[I 2025-05-26 03:12:41,840] Trial 19 finished with value: 0.7 and parameters: {'C': 0.002520448080692226, 'penalty': 'l2'}. Best is trial 0 with value: 0.7.
/data/home/rtabares/anaconda3/envs/pyth3.12/lib/python3.12/site-packages/xgboost/core.py:377: FutureWarning: Your system has an old version of glibc (< 2.28). We will stop supporting Linux distros with glibc older than 2.28 after **May 31, 2025**. Please upgrade to a recent Linux distro (with glibc >= 2.28) to use future versions of XGBoost.
Note: You have installed the 'manylinux2014' variant of XGBoost. Certain features such as GPU algorithms or federated learning are not available. To use these features, please upgrade to a recent Linux distro with glibc 2.28+, and install the 'manylinux_2_28' variant.
  warnings.warn(
/data/home/rtabares/anaconda3/envs/pyth3.12/lib/python3.12/site-packages/xgboost/core.py:377: FutureWarning: Your system has an old version of glibc (< 2.28). We will stop supporting Linux distros with glibc older than 2.28 after **May 31, 2025**. Please upgrade to a recent Linux distro (with glibc >= 2.28) to use future versions of XGBoost.
Note: You have installed the 'manylinux2014' variant of XGBoost. Certain features such as GPU algorithms or federated learning are not available. To use these features, please upgrade to a recent Linux distro with glibc 2.28+, and install the 'manylinux_2_28' variant.
  warnings.warn(
[I 2025-05-26 03:12:43,864] A new study created in memory with name: mlp
/data/home/rtabares/anaconda3/envs/pyth3.12/lib/python3.12/site-packages/sklearn/neural_network/_multilayer_perceptron.py:691: ConvergenceWarning: Stochastic Optimizer: Maximum iterations (50) reached and the optimization hasn't converged yet.
  warnings.warn(
/data/home/rtabares/anaconda3/envs/pyth3.12/lib/python3.12/site-packages/sklearn/neural_network/_multilayer_perceptron.py:691: ConvergenceWarning: Stochastic Optimizer: Maximum iterations (50) reached and the optimization hasn't converged yet.
  warnings.warn(
/data/home/rtabares/anaconda3/envs/pyth3.12/lib/python3.12/site-packages/sklearn/neural_network/_multilayer_perceptron.py:691: ConvergenceWarning: Stochastic Optimizer: Maximum iterations (50) reached and the optimization hasn't converged yet.
  warnings.warn(
/data/home/rtabares/anaconda3/envs/pyth3.12/lib/python3.12/site-packages/sklearn/neural_network/_multilayer_perceptron.py:691: ConvergenceWarning: Stochastic Optimizer: Maximum iterations (50) reached and the optimization hasn't converged yet.
  warnings.warn(
/data/home/rtabares/anaconda3/envs/pyth3.12/lib/python3.12/site-packages/sklearn/neural_network/_multilayer_perceptron.py:691: ConvergenceWarning: Stochastic Optimizer: Maximum iterations (50) reached and the optimization hasn't converged yet.
  warnings.warn(
[I 2025-05-26 03:12:45,174] Trial 0 finished with value: 0.65 and parameters: {'hidden_layer_sizes': (200,), 'max_iter': 50, 'alpha': 0.001}. Best is trial 0 with value: 0.65.
Parámetros guardados en checkpoint_adult_Dlatent_G/k-means/IPC_10/best_models_k-means_seed_5_space_latent/logreg_best_params.json


>>> Optuna tuning mlp metodo k-means IPC 10 seed 5


/data/home/rtabares/anaconda3/envs/pyth3.12/lib/python3.12/site-packages/sklearn/neural_network/_multilayer_perceptron.py:691: ConvergenceWarning: Stochastic Optimizer: Maximum iterations (100) reached and the optimization hasn't converged yet.
  warnings.warn(
/data/home/rtabares/anaconda3/envs/pyth3.12/lib/python3.12/site-packages/sklearn/neural_network/_multilayer_perceptron.py:691: ConvergenceWarning: Stochastic Optimizer: Maximum iterations (100) reached and the optimization hasn't converged yet.
  warnings.warn(
/data/home/rtabares/anaconda3/envs/pyth3.12/lib/python3.12/site-packages/sklearn/neural_network/_multilayer_perceptron.py:691: ConvergenceWarning: Stochastic Optimizer: Maximum iterations (100) reached and the optimization hasn't converged yet.
  warnings.warn(
/data/home/rtabares/anaconda3/envs/pyth3.12/lib/python3.12/site-packages/sklearn/neural_network/_multilayer_perceptron.py:691: ConvergenceWarning: Stochastic Optimizer: Maximum iterations (100) reached and the optimization hasn't converged yet.
  warnings.warn(
/data/home/rtabares/anaconda3/envs/pyth3.12/lib/python3.12/site-packages/sklearn/neural_network/_multilayer_perceptron.py:691: ConvergenceWarning: Stochastic Optimizer: Maximum iterations (100) reached and the optimization hasn't converged yet.
  warnings.warn(
[I 2025-05-26 03:12:47,021] Trial 1 finished with value: 0.6 and parameters: {'hidden_layer_sizes': (100,), 'max_iter': 100, 'alpha': 0.0001}. Best is trial 0 with value: 0.65.
/data/home/rtabares/anaconda3/envs/pyth3.12/lib/python3.12/site-packages/sklearn/neural_network/_multilayer_perceptron.py:691: ConvergenceWarning: Stochastic Optimizer: Maximum iterations (100) reached and the optimization hasn't converged yet.
  warnings.warn(
/data/home/rtabares/anaconda3/envs/pyth3.12/lib/python3.12/site-packages/sklearn/neural_network/_multilayer_perceptron.py:691: ConvergenceWarning: Stochastic Optimizer: Maximum iterations (100) reached and the optimization hasn't converged yet.
  warnings.warn(
/data/home/rtabares/anaconda3/envs/pyth3.12/lib/python3.12/site-packages/sklearn/neural_network/_multilayer_perceptron.py:691: ConvergenceWarning: Stochastic Optimizer: Maximum iterations (100) reached and the optimization hasn't converged yet.
  warnings.warn(
/data/home/rtabares/anaconda3/envs/pyth3.12/lib/python3.12/site-packages/sklearn/neural_network/_multilayer_perceptron.py:691: ConvergenceWarning: Stochastic Optimizer: Maximum iterations (100) reached and the optimization hasn't converged yet.
  warnings.warn(
/data/home/rtabares/anaconda3/envs/pyth3.12/lib/python3.12/site-packages/sklearn/neural_network/_multilayer_perceptron.py:691: ConvergenceWarning: Stochastic Optimizer: Maximum iterations (100) reached and the optimization hasn't converged yet.
  warnings.warn(
[I 2025-05-26 03:12:47,202] Trial 2 finished with value: 0.6 and parameters: {'hidden_layer_sizes': (100,), 'max_iter': 100, 'alpha': 0.001}. Best is trial 0 with value: 0.65.
/data/home/rtabares/anaconda3/envs/pyth3.12/lib/python3.12/site-packages/sklearn/neural_network/_multilayer_perceptron.py:691: ConvergenceWarning: Stochastic Optimizer: Maximum iterations (50) reached and the optimization hasn't converged yet.
  warnings.warn(
/data/home/rtabares/anaconda3/envs/pyth3.12/lib/python3.12/site-packages/sklearn/neural_network/_multilayer_perceptron.py:691: ConvergenceWarning: Stochastic Optimizer: Maximum iterations (50) reached and the optimization hasn't converged yet.
  warnings.warn(
/data/home/rtabares/anaconda3/envs/pyth3.12/lib/python3.12/site-packages/sklearn/neural_network/_multilayer_perceptron.py:691: ConvergenceWarning: Stochastic Optimizer: Maximum iterations (50) reached and the optimization hasn't converged yet.
  warnings.warn(
/data/home/rtabares/anaconda3/envs/pyth3.12/lib/python3.12/site-packages/sklearn/neural_network/_multilayer_perceptron.py:691: ConvergenceWarning: Stochastic Optimizer: Maximum iterations (50) reached and the optimization hasn't converged yet.
  warnings.warn(
/data/home/rtabares/anaconda3/envs/pyth3.12/lib/python3.12/site-packages/sklearn/neural_network/_multilayer_perceptron.py:691: ConvergenceWarning: Stochastic Optimizer: Maximum iterations (50) reached and the optimization hasn't converged yet.
  warnings.warn(
[I 2025-05-26 03:12:47,260] Trial 3 finished with value: 0.7 and parameters: {'hidden_layer_sizes': (200,), 'max_iter': 50, 'alpha': 0.001}. Best is trial 3 with value: 0.7.
/data/home/rtabares/anaconda3/envs/pyth3.12/lib/python3.12/site-packages/sklearn/neural_network/_multilayer_perceptron.py:691: ConvergenceWarning: Stochastic Optimizer: Maximum iterations (100) reached and the optimization hasn't converged yet.
  warnings.warn(
/data/home/rtabares/anaconda3/envs/pyth3.12/lib/python3.12/site-packages/sklearn/neural_network/_multilayer_perceptron.py:691: ConvergenceWarning: Stochastic Optimizer: Maximum iterations (100) reached and the optimization hasn't converged yet.
  warnings.warn(
/data/home/rtabares/anaconda3/envs/pyth3.12/lib/python3.12/site-packages/sklearn/neural_network/_multilayer_perceptron.py:691: ConvergenceWarning: Stochastic Optimizer: Maximum iterations (100) reached and the optimization hasn't converged yet.
  warnings.warn(
/data/home/rtabares/anaconda3/envs/pyth3.12/lib/python3.12/site-packages/sklearn/neural_network/_multilayer_perceptron.py:691: ConvergenceWarning: Stochastic Optimizer: Maximum iterations (100) reached and the optimization hasn't converged yet.
  warnings.warn(
/data/home/rtabares/anaconda3/envs/pyth3.12/lib/python3.12/site-packages/sklearn/neural_network/_multilayer_perceptron.py:691: ConvergenceWarning: Stochastic Optimizer: Maximum iterations (100) reached and the optimization hasn't converged yet.
  warnings.warn(
[I 2025-05-26 03:12:47,336] Trial 4 finished with value: 0.55 and parameters: {'hidden_layer_sizes': (100,), 'max_iter': 100, 'alpha': 0.0001}. Best is trial 3 with value: 0.7.
/data/home/rtabares/anaconda3/envs/pyth3.12/lib/python3.12/site-packages/sklearn/neural_network/_multilayer_perceptron.py:691: ConvergenceWarning: Stochastic Optimizer: Maximum iterations (100) reached and the optimization hasn't converged yet.
  warnings.warn(
/data/home/rtabares/anaconda3/envs/pyth3.12/lib/python3.12/site-packages/sklearn/neural_network/_multilayer_perceptron.py:691: ConvergenceWarning: Stochastic Optimizer: Maximum iterations (100) reached and the optimization hasn't converged yet.
  warnings.warn(
/data/home/rtabares/anaconda3/envs/pyth3.12/lib/python3.12/site-packages/sklearn/neural_network/_multilayer_perceptron.py:691: ConvergenceWarning: Stochastic Optimizer: Maximum iterations (100) reached and the optimization hasn't converged yet.
  warnings.warn(
/data/home/rtabares/anaconda3/envs/pyth3.12/lib/python3.12/site-packages/sklearn/neural_network/_multilayer_perceptron.py:691: ConvergenceWarning: Stochastic Optimizer: Maximum iterations (100) reached and the optimization hasn't converged yet.
  warnings.warn(
/data/home/rtabares/anaconda3/envs/pyth3.12/lib/python3.12/site-packages/sklearn/neural_network/_multilayer_perceptron.py:691: ConvergenceWarning: Stochastic Optimizer: Maximum iterations (100) reached and the optimization hasn't converged yet.
  warnings.warn(
[I 2025-05-26 03:12:47,401] Trial 5 finished with value: 0.65 and parameters: {'hidden_layer_sizes': (100,), 'max_iter': 100, 'alpha': 0.001}. Best is trial 3 with value: 0.7.
/data/home/rtabares/anaconda3/envs/pyth3.12/lib/python3.12/site-packages/sklearn/neural_network/_multilayer_perceptron.py:691: ConvergenceWarning: Stochastic Optimizer: Maximum iterations (100) reached and the optimization hasn't converged yet.
  warnings.warn(
/data/home/rtabares/anaconda3/envs/pyth3.12/lib/python3.12/site-packages/sklearn/neural_network/_multilayer_perceptron.py:691: ConvergenceWarning: Stochastic Optimizer: Maximum iterations (100) reached and the optimization hasn't converged yet.
  warnings.warn(
/data/home/rtabares/anaconda3/envs/pyth3.12/lib/python3.12/site-packages/sklearn/neural_network/_multilayer_perceptron.py:691: ConvergenceWarning: Stochastic Optimizer: Maximum iterations (100) reached and the optimization hasn't converged yet.
  warnings.warn(
/data/home/rtabares/anaconda3/envs/pyth3.12/lib/python3.12/site-packages/sklearn/neural_network/_multilayer_perceptron.py:691: ConvergenceWarning: Stochastic Optimizer: Maximum iterations (100) reached and the optimization hasn't converged yet.
  warnings.warn(
/data/home/rtabares/anaconda3/envs/pyth3.12/lib/python3.12/site-packages/sklearn/neural_network/_multilayer_perceptron.py:691: ConvergenceWarning: Stochastic Optimizer: Maximum iterations (100) reached and the optimization hasn't converged yet.
  warnings.warn(
