[I 2025-05-09 07:22:45,248] Trial 29 finished with value: 0.7781446008346731 and parameters: {'hidden_layer_sizes': (200,), 'max_iter': 50, 'alpha': 0.001}. Best is trial 0 with value: 0.7818613294290273.
/data/home/rtabares/anaconda3/envs/pyth3.12/lib/python3.12/site-packages/xgboost/core.py:377: FutureWarning: Your system has an old version of glibc (< 2.28). We will stop supporting Linux distros with glibc older than 2.28 after **May 31, 2025**. Please upgrade to a recent Linux distro (with glibc >= 2.28) to use future versions of XGBoost.
Note: You have installed the 'manylinux2014' variant of XGBoost. Certain features such as GPU algorithms or federated learning are not available. To use these features, please upgrade to a recent Linux distro with glibc 2.28+, and install the 'manylinux_2_28' variant.
  warnings.warn(
/data/home/rtabares/anaconda3/envs/pyth3.12/lib/python3.12/site-packages/xgboost/core.py:377: FutureWarning: Your system has an old version of glibc (< 2.28). We will stop supporting Linux distros with glibc older than 2.28 after **May 31, 2025**. Please upgrade to a recent Linux distro (with glibc >= 2.28) to use future versions of XGBoost.
Note: You have installed the 'manylinux2014' variant of XGBoost. Certain features such as GPU algorithms or federated learning are not available. To use these features, please upgrade to a recent Linux distro with glibc 2.28+, and install the 'manylinux_2_28' variant.
  warnings.warn(
/data/home/rtabares/anaconda3/envs/pyth3.12/lib/python3.12/site-packages/xgboost/core.py:377: FutureWarning: Your system has an old version of glibc (< 2.28). We will stop supporting Linux distros with glibc older than 2.28 after **May 31, 2025**. Please upgrade to a recent Linux distro (with glibc >= 2.28) to use future versions of XGBoost.
Note: You have installed the 'manylinux2014' variant of XGBoost. Certain features such as GPU algorithms or federated learning are not available. To use these features, please upgrade to a recent Linux distro with glibc 2.28+, and install the 'manylinux_2_28' variant.
  warnings.warn(
/data/home/rtabares/anaconda3/envs/pyth3.12/lib/python3.12/site-packages/xgboost/core.py:377: FutureWarning: Your system has an old version of glibc (< 2.28). We will stop supporting Linux distros with glibc older than 2.28 after **May 31, 2025**. Please upgrade to a recent Linux distro (with glibc >= 2.28) to use future versions of XGBoost.
Note: You have installed the 'manylinux2014' variant of XGBoost. Certain features such as GPU algorithms or federated learning are not available. To use these features, please upgrade to a recent Linux distro with glibc 2.28+, and install the 'manylinux_2_28' variant.
  warnings.warn(
/data/home/rtabares/anaconda3/envs/pyth3.12/lib/python3.12/site-packages/xgboost/core.py:377: FutureWarning: Your system has an old version of glibc (< 2.28). We will stop supporting Linux distros with glibc older than 2.28 after **May 31, 2025**. Please upgrade to a recent Linux distro (with glibc >= 2.28) to use future versions of XGBoost.
Note: You have installed the 'manylinux2014' variant of XGBoost. Certain features such as GPU algorithms or federated learning are not available. To use these features, please upgrade to a recent Linux distro with glibc 2.28+, and install the 'manylinux_2_28' variant.
  warnings.warn(
Parámetros guardados en checkpoint_adult_Dlatent_ft_G/Full-data/IPC_0/best_models_Full-data_seed_0_space_original/mlp_best_params.json
Categoricas entrenamiento:  8
Datos unicos de y_train:  ['<=50K' '>50K']
Datos unicos de y_train luego:  [0 1]
No se creó ClassifierHead (num_classes no proporcionado o <= 0).
ModelVAE(
  (VAE): VAE(
    (Tokenizer): Tokenizer(
      (categorical_embeddings): Embedding(102, 8)
    )
    (encoder_mu): Transformer(
      (layers): ModuleList(
        (0): ModuleDict(
          (attention): MultiheadAttention(
            (W_q): Linear(in_features=8, out_features=8, bias=True)
            (W_k): Linear(in_features=8, out_features=8, bias=True)
            (W_v): Linear(in_features=8, out_features=8, bias=True)
          )
          (linear0): Linear(in_features=8, out_features=128, bias=True)
          (linear1): Linear(in_features=128, out_features=8, bias=True)
          (norm1): LayerNorm((8,), eps=1e-05, elementwise_affine=True)
        )
      )
      (activation): ReLU()
      (last_activation): ReLU()
      (last_normalization): LayerNorm((8,), eps=1e-05, elementwise_affine=True)
      (head): Linear(in_features=8, out_features=8, bias=True)
    )
    (encoder_logvar): Transformer(
      (layers): ModuleList(
        (0): ModuleDict(
          (attention): MultiheadAttention(
            (W_q): Linear(in_features=8, out_features=8, bias=True)
            (W_k): Linear(in_features=8, out_features=8, bias=True)
            (W_v): Linear(in_features=8, out_features=8, bias=True)
          )
          (linear0): Linear(in_features=8, out_features=128, bias=True)
          (linear1): Linear(in_features=128, out_features=8, bias=True)
          (norm1): LayerNorm((8,), eps=1e-05, elementwise_affine=True)
        )
      )
      (activation): ReLU()
      (last_activation): ReLU()
      (last_normalization): LayerNorm((8,), eps=1e-05, elementwise_affine=True)
      (head): Linear(in_features=8, out_features=8, bias=True)
    )
    (decoder): Transformer(
      (layers): ModuleList(
        (0): ModuleDict(
          (attention): MultiheadAttention(
            (W_q): Linear(in_features=8, out_features=8, bias=True)
            (W_k): Linear(in_features=8, out_features=8, bias=True)
            (W_v): Linear(in_features=8, out_features=8, bias=True)
          )
          (linear0): Linear(in_features=8, out_features=128, bias=True)
          (linear1): Linear(in_features=128, out_features=8, bias=True)
          (norm1): LayerNorm((8,), eps=1e-05, elementwise_affine=True)
        )
      )
      (activation): ReLU()
      (last_activation): ReLU()
      (last_normalization): LayerNorm((8,), eps=1e-05, elementwise_affine=True)
      (head): Linear(in_features=8, out_features=8, bias=True)
    )
  )
  (Reconstructor): Reconstructor(
    (cat_recons): ModuleList(
      (0): Linear(in_features=8, out_features=9, bias=True)
      (1): Linear(in_features=8, out_features=16, bias=True)
      (2): Linear(in_features=8, out_features=7, bias=True)
      (3): Linear(in_features=8, out_features=15, bias=True)
      (4): Linear(in_features=8, out_features=6, bias=True)
      (5): Linear(in_features=8, out_features=5, bias=True)
      (6): Linear(in_features=8, out_features=2, bias=True)
      (7): Linear(in_features=8, out_features=42, bias=True)
    )
  )
)
  0%|          | 0/11 [00:00<?, ?it/s]  9%|▉         | 1/11 [00:01<00:10,  1.01s/it] 64%|██████▎   | 7/11 [00:01<00:00,  8.20it/s]100%|██████████| 11/11 [00:01<00:00,  8.45it/s]
Epoch 001/3000 Train Loss: 3.269639 (MSE:1.123944, CE:2.137322, KLD:0.184530)  Val Loss: 2.499531 (MSE:0.675428, CE:1.807231, KLD:0.371803)
  0%|          | 0/11 [00:00<?, ?it/s]  9%|▉         | 1/11 [00:00<00:04,  2.17it/s] 45%|████▌     | 5/11 [00:00<00:00, 11.09it/s]100%|██████████| 11/11 [00:00<00:00, 22.69it/s]100%|██████████| 11/11 [00:00<00:00, 13.51it/s]
Epoch 002/3000 Train Loss: 2.068405 (MSE:0.473436, CE:1.566050, KLD:0.637277)  Val Loss: 1.608058 (MSE:0.309635, CE:1.252364, KLD:1.014981)
  0%|          | 0/11 [00:00<?, ?it/s]  9%|▉         | 1/11 [00:00<00:04,  2.38it/s] 55%|█████▍    | 6/11 [00:00<00:00, 13.86it/s]100%|██████████| 11/11 [00:00<00:00, 22.75it/s]100%|██████████| 11/11 [00:00<00:00, 14.31it/s]
Epoch 003/3000 Train Loss: 1.339577 (MSE:0.249337, CE:1.029959, KLD:1.328395)  Val Loss: 1.068748 (MSE:0.166958, CE:0.826842, KLD:1.651613)
  0%|          | 0/11 [00:00<?, ?it/s]  9%|▉         | 1/11 [00:00<00:04,  2.45it/s] 64%|██████▎   | 7/11 [00:00<00:00, 16.80it/s]100%|██████████| 11/11 [00:00<00:00, 15.40it/s]
Epoch 004/3000 Train Loss: 0.911369 (MSE:0.131164, CE:0.696981, KLD:1.833999)  Val Loss: 0.750508 (MSE:0.092512, CE:0.566419, KLD:2.018061)
  0%|          | 0/11 [00:00<?, ?it/s]  9%|▉         | 1/11 [00:00<00:04,  2.42it/s] 73%|███████▎  | 8/11 [00:00<00:00, 19.28it/s]100%|██████████| 11/11 [00:00<00:00, 16.48it/s]
Epoch 005/3000 Train Loss: 0.656710 (MSE:0.084420, CE:0.477525, KLD:2.088313)  Val Loss: 0.556945 (MSE:0.062324, CE:0.397719, KLD:2.135402)
  0%|          | 0/11 [00:00<?, ?it/s]  9%|▉         | 1/11 [00:00<00:04,  2.50it/s] 64%|██████▎   | 7/11 [00:00<00:00, 17.01it/s]100%|██████████| 11/11 [00:00<00:00, 15.66it/s]
Epoch 006/3000 Train Loss: 0.482340 (MSE:0.052537, CE:0.332102, KLD:2.153028)  Val Loss: 0.404025 (MSE:0.038918, CE:0.266682, KLD:2.168979)
  0%|          | 0/11 [00:00<?, ?it/s]  9%|▉         | 1/11 [00:00<00:03,  2.57it/s] 55%|█████▍    | 6/11 [00:00<00:00, 15.16it/s]100%|██████████| 11/11 [00:00<00:00, 16.32it/s]
Epoch 007/3000 Train Loss: 0.351312 (MSE:0.036718, CE:0.215877, KLD:2.175406)  Val Loss: 0.299420 (MSE:0.032116, CE:0.168566, KLD:2.175881)
  0%|          | 0/11 [00:00<?, ?it/s]  9%|▉         | 1/11 [00:00<00:04,  2.48it/s] 64%|██████▎   | 7/11 [00:00<00:00, 16.82it/s]100%|██████████| 11/11 [00:00<00:00, 15.97it/s]
Epoch 008/3000 Train Loss: 0.265692 (MSE:0.030504, CE:0.137223, KLD:2.158843)  Val Loss: 0.233218 (MSE:0.027565, CE:0.109150, KLD:2.126627)
  0%|          | 0/11 [00:00<?, ?it/s]  9%|▉         | 1/11 [00:00<00:04,  2.41it/s] 55%|█████▍    | 6/11 [00:00<00:00, 14.41it/s]100%|██████████| 11/11 [00:00<00:00, 23.45it/s]100%|██████████| 11/11 [00:00<00:00, 15.14it/s]
Epoch 009/3000 Train Loss: 0.212354 (MSE:0.025892, CE:0.091937, KLD:2.083027)  Val Loss: 0.193534 (MSE:0.024840, CE:0.077099, KLD:2.018474)
  0%|          | 0/11 [00:00<?, ?it/s]  9%|▉         | 1/11 [00:00<00:04,  2.40it/s] 55%|█████▍    | 6/11 [00:00<00:00, 14.08it/s]100%|██████████| 11/11 [00:00<00:00, 23.44it/s]100%|██████████| 11/11 [00:00<00:00, 14.81it/s]
Epoch 010/3000 Train Loss: 0.179850 (MSE:0.023576, CE:0.067455, KLD:1.957301)  Val Loss: 0.166964 (MSE:0.022401, CE:0.059078, KLD:1.883804)
  0%|          | 0/11 [00:00<?, ?it/s]  9%|▉         | 1/11 [00:00<00:04,  2.48it/s] 45%|████▌     | 5/11 [00:00<00:00, 12.23it/s]100%|██████████| 11/11 [00:00<00:00, 24.36it/s]100%|██████████| 11/11 [00:00<00:00, 15.22it/s]
Epoch 011/3000 Train Loss: 0.157655 (MSE:0.021814, CE:0.052899, KLD:1.827783)  Val Loss: 0.148904 (MSE:0.021073, CE:0.047687, KLD:1.766117)
  0%|          | 0/11 [00:00<?, ?it/s]  9%|▉         | 1/11 [00:00<00:03,  2.65it/s] 45%|████▌     | 5/11 [00:00<00:00, 12.90it/s] 91%|█████████ | 10/11 [00:00<00:00, 22.88it/s]100%|██████████| 11/11 [00:00<00:00, 15.09it/s]
Epoch 012/3000 Train Loss: 0.141648 (MSE:0.020358, CE:0.043113, KLD:1.722774)  Val Loss: 0.135012 (MSE:0.019543, CE:0.039486, KLD:1.674423)
  0%|          | 0/11 [00:00<?, ?it/s]  9%|▉         | 1/11 [00:00<00:03,  2.66it/s] 45%|████▌     | 5/11 [00:00<00:00, 12.88it/s]100%|██████████| 11/11 [00:00<00:00, 26.13it/s]100%|██████████| 11/11 [00:00<00:00, 15.95it/s]
Epoch 013/3000 Train Loss: 0.129284 (MSE:0.018882, CE:0.036120, KLD:1.636928)  Val Loss: 0.124206 (MSE:0.018208, CE:0.033765, KLD:1.591782)
  0%|          | 0/11 [00:00<?, ?it/s]  9%|▉         | 1/11 [00:00<00:04,  2.50it/s] 45%|████▌     | 5/11 [00:00<00:00, 12.32it/s]100%|██████████| 11/11 [00:00<00:00, 15.37it/s]
Epoch 014/3000 Train Loss: 0.119360 (MSE:0.017696, CE:0.031055, KLD:1.556003)  Val Loss: 0.114946 (MSE:0.016925, CE:0.029266, KLD:1.515162)
  0%|          | 0/11 [00:00<?, ?it/s]  9%|▉         | 1/11 [00:00<00:03,  2.55it/s] 55%|█████▍    | 6/11 [00:00<00:00, 14.79it/s]100%|██████████| 11/11 [00:00<00:00, 16.28it/s]
Epoch 015/3000 Train Loss: 0.111251 (MSE:0.016854, CE:0.027060, KLD:1.483896)  Val Loss: 0.107971 (MSE:0.016387, CE:0.025763, KLD:1.450481)
  0%|          | 0/11 [00:00<?, ?it/s]  9%|▉         | 1/11 [00:00<00:04,  2.40it/s] 64%|██████▎   | 7/11 [00:00<00:00, 16.98it/s]100%|██████████| 11/11 [00:00<00:00, 15.86it/s]
Epoch 016/3000 Train Loss: 0.104620 (MSE:0.016008, CE:0.023893, KLD:1.426202)  Val Loss: 0.102131 (MSE:0.015538, CE:0.023106, KLD:1.399036)
  0%|          | 0/11 [00:00<?, ?it/s]  9%|▉         | 1/11 [00:00<00:03,  2.53it/s] 55%|█████▍    | 6/11 [00:00<00:00, 14.93it/s]100%|██████████| 11/11 [00:00<00:00, 15.33it/s]
Epoch 017/3000 Train Loss: 0.098887 (MSE:0.015131, CE:0.021289, KLD:1.376565)  Val Loss: 0.096877 (MSE:0.014962, CE:0.020634, KLD:1.350450)
  0%|          | 0/11 [00:00<?, ?it/s]  9%|▉         | 1/11 [00:00<00:03,  2.64it/s] 45%|████▌     | 5/11 [00:00<00:00, 12.46it/s] 91%|█████████ | 10/11 [00:00<00:00, 21.97it/s]100%|██████████| 11/11 [00:00<00:00, 15.13it/s]
Epoch 018/3000 Train Loss: 0.094081 (MSE:0.014494, CE:0.019219, KLD:1.330316)  Val Loss: 0.092303 (MSE:0.014297, CE:0.018693, KLD:1.307058)
  0%|          | 0/11 [00:00<?, ?it/s]  9%|▉         | 1/11 [00:00<00:05,  1.73it/s] 64%|██████▎   | 7/11 [00:00<00:00, 13.13it/s]100%|██████████| 11/11 [00:00<00:00, 13.03it/s]
Epoch 019/3000 Train Loss: 0.089725 (MSE:0.013817, CE:0.017346, KLD:1.290517)  Val Loss: 0.088387 (MSE:0.013667, CE:0.017006, KLD:1.271830)
  0%|          | 0/11 [00:00<?, ?it/s]  9%|▉         | 1/11 [00:00<00:04,  2.30it/s] 45%|████▌     | 5/11 [00:00<00:00, 11.63it/s] 91%|█████████ | 10/11 [00:00<00:00, 21.63it/s]100%|██████████| 11/11 [00:00<00:00, 14.63it/s]
Epoch 020/3000 Train Loss: 0.085840 (MSE:0.013127, CE:0.015840, KLD:1.253302)  Val Loss: 0.084797 (MSE:0.013264, CE:0.015647, KLD:1.231550)
  0%|          | 0/11 [00:00<?, ?it/s]  9%|▉         | 1/11 [00:00<00:03,  2.66it/s] 64%|██████▎   | 7/11 [00:00<00:00, 18.42it/s]100%|██████████| 11/11 [00:00<00:00, 17.66it/s]
Epoch 021/3000 Train Loss: 0.082653 (MSE:0.012717, CE:0.014563, KLD:1.220266)  Val Loss: 0.081296 (MSE:0.012471, CE:0.014085, KLD:1.206293)
  0%|          | 0/11 [00:00<?, ?it/s]  9%|▉         | 1/11 [00:00<00:04,  2.42it/s] 64%|██████▎   | 7/11 [00:00<00:00, 16.93it/s]100%|██████████| 11/11 [00:00<00:00, 15.84it/s]
Epoch 022/3000 Train Loss: 0.079660 (MSE:0.012305, CE:0.013389, KLD:1.189217)  Val Loss: 0.078472 (MSE:0.012021, CE:0.013283, KLD:1.171644)
  0%|          | 0/11 [00:00<?, ?it/s]  9%|▉         | 1/11 [00:00<00:04,  2.47it/s] 55%|█████▍    | 6/11 [00:00<00:00, 14.23it/s]100%|██████████| 11/11 [00:00<00:00, 23.29it/s]100%|██████████| 11/11 [00:00<00:00, 14.69it/s]
Epoch 023/3000 Train Loss: 0.077080 (MSE:0.011815, CE:0.012589, KLD:1.160825)  Val Loss: 0.075847 (MSE:0.011440, CE:0.012279, KLD:1.148753)
  0%|          | 0/11 [00:00<?, ?it/s]  9%|▉         | 1/11 [00:00<00:03,  2.60it/s] 55%|█████▍    | 6/11 [00:00<00:00, 14.81it/s]100%|██████████| 11/11 [00:00<00:00, 15.05it/s]
Epoch 024/3000 Train Loss: 0.074570 (MSE:0.011286, CE:0.011574, KLD:1.139518)  Val Loss: 0.073708 (MSE:0.011203, CE:0.011444, KLD:1.125222)
  0%|          | 0/11 [00:00<?, ?it/s]  9%|▉         | 1/11 [00:00<00:03,  2.60it/s] 55%|█████▍    | 6/11 [00:00<00:00, 14.94it/s]100%|██████████| 11/11 [00:00<00:00, 16.60it/s]
Epoch 025/3000 Train Loss: 0.072410 (MSE:0.011159, CE:0.010884, KLD:1.109945)  Val Loss: 0.071360 (MSE:0.010923, CE:0.010575, KLD:1.098777)
  0%|          | 0/11 [00:00<?, ?it/s]  9%|▉         | 1/11 [00:00<00:04,  2.28it/s] 45%|████▌     | 5/11 [00:00<00:00, 11.53it/s]100%|██████████| 11/11 [00:00<00:00, 22.94it/s]100%|██████████| 11/11 [00:00<00:00, 13.89it/s]
Epoch 026/3000 Train Loss: 0.070351 (MSE:0.010566, CE:0.010122, KLD:1.094418)  Val Loss: 0.069377 (MSE:0.010313, CE:0.009876, KLD:1.083945)
  0%|          | 0/11 [00:00<?, ?it/s]  9%|▉         | 1/11 [00:00<00:05,  1.67it/s] 27%|██▋       | 3/11 [00:00<00:01,  5.03it/s] 82%|████████▏ | 9/11 [00:00<00:00, 16.43it/s]100%|██████████| 11/11 [00:01<00:00,  9.76it/s]
Epoch 027/3000 Train Loss: 0.068360 (MSE:0.010288, CE:0.009498, KLD:1.070416)  Val Loss: 0.067519 (MSE:0.010320, CE:0.009249, KLD:1.056655)
  0%|          | 0/11 [00:00<?, ?it/s]  9%|▉         | 1/11 [00:00<00:07,  1.28it/s] 27%|██▋       | 3/11 [00:00<00:02,  3.72it/s] 73%|███████▎  | 8/11 [00:01<00:00, 11.13it/s]100%|██████████| 11/11 [00:01<00:00,  7.72it/s]
Epoch 028/3000 Train Loss: 0.066811 (MSE:0.010235, CE:0.008885, KLD:1.050963)  Val Loss: 0.065970 (MSE:0.009878, CE:0.008761, KLD:1.043021)
  0%|          | 0/11 [00:00<?, ?it/s]  9%|▉         | 1/11 [00:00<00:04,  2.31it/s] 55%|█████▍    | 6/11 [00:00<00:00, 14.02it/s]100%|██████████| 11/11 [00:00<00:00, 14.80it/s]
Epoch 029/3000 Train Loss: 0.065192 (MSE:0.009859, CE:0.008419, KLD:1.033824)  Val Loss: 0.064492 (MSE:0.009843, CE:0.008117, KLD:1.025422)
  0%|          | 0/11 [00:00<?, ?it/s]  9%|▉         | 1/11 [00:00<00:03,  2.60it/s] 45%|████▌     | 5/11 [00:00<00:00, 12.60it/s] 91%|█████████ | 10/11 [00:00<00:00, 20.58it/s]100%|██████████| 11/11 [00:00<00:00, 12.60it/s]
Epoch 030/3000 Train Loss: 0.063801 (MSE:0.009571, CE:0.007971, KLD:1.019407)  Val Loss: 0.063540 (MSE:0.009249, CE:0.008437, KLD:1.010463)
  0%|          | 0/11 [00:00<?, ?it/s]  9%|▉         | 1/11 [00:00<00:04,  2.39it/s] 55%|█████▍    | 6/11 [00:00<00:00, 14.37it/s]100%|██████████| 11/11 [00:00<00:00, 14.91it/s]
Epoch 031/3000 Train Loss: 0.062481 (MSE:0.009590, CE:0.007477, KLD:1.000778)  Val Loss: 0.061931 (MSE:0.009446, CE:0.007425, KLD:0.992965)
  0%|          | 0/11 [00:00<?, ?it/s]  9%|▉         | 1/11 [00:00<00:04,  2.44it/s] 55%|█████▍    | 6/11 [00:00<00:00, 14.66it/s]100%|██████████| 11/11 [00:00<00:00, 15.12it/s]
Epoch 032/3000 Train Loss: 0.061285 (MSE:0.009370, CE:0.007137, KLD:0.986764)  Val Loss: 0.060641 (MSE:0.008994, CE:0.006995, KLD:0.983979)
  0%|          | 0/11 [00:00<?, ?it/s]  9%|▉         | 1/11 [00:00<00:04,  2.39it/s] 55%|█████▍    | 6/11 [00:00<00:00, 14.27it/s]100%|██████████| 11/11 [00:00<00:00, 14.81it/s]
Epoch 033/3000 Train Loss: 0.060170 (MSE:0.008952, CE:0.006723, KLD:0.980534)  Val Loss: 0.059705 (MSE:0.009003, CE:0.006638, KLD:0.971025)
  0%|          | 0/11 [00:00<?, ?it/s]  9%|▉         | 1/11 [00:00<00:03,  2.59it/s] 45%|████▌     | 5/11 [00:00<00:00, 12.57it/s] 91%|█████████ | 10/11 [00:00<00:00, 22.32it/s]100%|██████████| 11/11 [00:00<00:00, 14.62it/s]
Epoch 034/3000 Train Loss: 0.059000 (MSE:0.008842, CE:0.006492, KLD:0.962262)  Val Loss: 0.058629 (MSE:0.008595, CE:0.006578, KLD:0.957631)
  0%|          | 0/11 [00:00<?, ?it/s]  9%|▉         | 1/11 [00:00<00:03,  2.69it/s] 55%|█████▍    | 6/11 [00:00<00:00, 15.08it/s]100%|██████████| 11/11 [00:00<00:00, 15.87it/s]
Epoch 035/3000 Train Loss: 0.057880 (MSE:0.008662, CE:0.006118, KLD:0.949775)  Val Loss: 0.057264 (MSE:0.008527, CE:0.006021, KLD:0.941325)
  0%|          | 0/11 [00:00<?, ?it/s]  9%|▉         | 1/11 [00:00<00:03,  2.64it/s] 64%|██████▎   | 7/11 [00:00<00:00, 17.45it/s]100%|██████████| 11/11 [00:00<00:00, 15.91it/s]
Epoch 036/3000 Train Loss: 0.057558 (MSE:0.008878, CE:0.005976, KLD:0.941077)  Val Loss: 0.056626 (MSE:0.008288, CE:0.005457, KLD:0.944978)
  0%|          | 0/11 [00:00<?, ?it/s]  9%|▉         | 1/11 [00:00<00:03,  2.68it/s] 45%|████▌     | 5/11 [00:00<00:00, 12.83it/s] 91%|█████████ | 10/11 [00:00<00:00, 22.78it/s]100%|██████████| 11/11 [00:00<00:00, 15.65it/s]
Epoch 037/3000 Train Loss: 0.056141 (MSE:0.008327, CE:0.005489, KLD:0.932703)  Val Loss: 0.055572 (MSE:0.008532, CE:0.005175, KLD:0.922554)
  0%|          | 0/11 [00:00<?, ?it/s]  9%|▉         | 1/11 [00:00<00:05,  2.00it/s] 45%|████▌     | 5/11 [00:00<00:00,  9.19it/s]100%|██████████| 11/11 [00:00<00:00, 20.20it/s]100%|██████████| 11/11 [00:01<00:00, 10.99it/s]
Epoch 038/3000 Train Loss: 0.055321 (MSE:0.008271, CE:0.005363, KLD:0.918648)  Val Loss: 0.054908 (MSE:0.008184, CE:0.005265, KLD:0.913607)
  0%|          | 0/11 [00:00<?, ?it/s]  9%|▉         | 1/11 [00:00<00:06,  1.62it/s] 27%|██▋       | 3/11 [00:00<00:01,  5.05it/s] 73%|███████▎  | 8/11 [00:00<00:00, 13.66it/s]100%|██████████| 11/11 [00:01<00:00, 10.49it/s]
Epoch 039/3000 Train Loss: 0.054317 (MSE:0.008017, CE:0.005206, KLD:0.905602)  Val Loss: 0.054115 (MSE:0.008109, CE:0.004918, KLD:0.905452)
  0%|          | 0/11 [00:00<?, ?it/s]  9%|▉         | 1/11 [00:00<00:04,  2.47it/s] 45%|████▌     | 5/11 [00:00<00:00, 12.05it/s] 91%|█████████ | 10/11 [00:00<00:00, 21.49it/s]100%|██████████| 11/11 [00:00<00:00, 14.53it/s]
Epoch 040/3000 Train Loss: 0.053650 (MSE:0.007731, CE:0.004818, KLD:0.905741)  Val Loss: 0.053362 (MSE:0.007887, CE:0.004692, KLD:0.898731)
  0%|          | 0/11 [00:00<?, ?it/s]  9%|▉         | 1/11 [00:00<00:05,  1.90it/s] 18%|█▊        | 2/11 [00:00<00:02,  3.38it/s] 45%|████▌     | 5/11 [00:00<00:00,  8.80it/s] 82%|████████▏ | 9/11 [00:00<00:00, 15.22it/s]100%|██████████| 11/11 [00:01<00:00,  9.27it/s]
Epoch 041/3000 Train Loss: 0.052940 (MSE:0.007673, CE:0.004799, KLD:0.891788)  Val Loss: 0.052757 (MSE:0.007879, CE:0.004508, KLD:0.889641)
  0%|          | 0/11 [00:00<?, ?it/s]  9%|▉         | 1/11 [00:00<00:06,  1.63it/s] 36%|███▋      | 4/11 [00:00<00:01,  6.90it/s] 73%|███████▎  | 8/11 [00:00<00:00, 13.83it/s]100%|██████████| 11/11 [00:01<00:00,  9.69it/s]
Epoch 042/3000 Train Loss: 0.052681 (MSE:0.008130, CE:0.004492, KLD:0.882761)  Val Loss: 0.051827 (MSE:0.007565, CE:0.004393, KLD:0.878593)
  0%|          | 0/11 [00:00<?, ?it/s]  9%|▉         | 1/11 [00:00<00:07,  1.39it/s] 27%|██▋       | 3/11 [00:00<00:01,  4.14it/s] 55%|█████▍    | 6/11 [00:00<00:00,  8.33it/s] 91%|█████████ | 10/11 [00:01<00:00, 14.38it/s]100%|██████████| 11/11 [00:01<00:00,  7.95it/s]
Epoch 043/3000 Train Loss: 0.051968 (MSE:0.007575, CE:0.004479, KLD:0.879576)  Val Loss: 0.051202 (MSE:0.007323, CE:0.003903, KLD:0.880947)
  0%|          | 0/11 [00:00<?, ?it/s]  9%|▉         | 1/11 [00:00<00:03,  2.51it/s] 55%|█████▍    | 6/11 [00:00<00:00, 14.99it/s]100%|██████████| 11/11 [00:00<00:00, 16.00it/s]
Epoch 044/3000 Train Loss: 0.051164 (MSE:0.007537, CE:0.004203, KLD:0.868787)  Val Loss: 0.050562 (MSE:0.007150, CE:0.004184, KLD:0.86446