[I 2025-05-18 16:59:10,239] Trial 1 finished with value: 0.6833333333333332 and parameters: {'C': 22.576755560681583, 'penalty': 'l2'}. Best is trial 0 with value: 0.75.
[I 2025-05-18 16:59:10,253] Trial 2 finished with value: 0.7 and parameters: {'C': 0.010804278656839932, 'penalty': 'l2'}. Best is trial 0 with value: 0.75.
[I 2025-05-18 16:59:10,278] Trial 3 finished with value: 0.6833333333333332 and parameters: {'C': 39.17910760336117, 'penalty': 'l2'}. Best is trial 0 with value: 0.75.
[I 2025-05-18 16:59:10,306] Trial 4 finished with value: 0.7499999999999999 and parameters: {'C': 0.2767298094062571, 'penalty': 'l2'}. Best is trial 0 with value: 0.75.
[I 2025-05-18 16:59:10,332] Trial 5 finished with value: 0.7083333333333333 and parameters: {'C': 1.1447728330837224, 'penalty': 'l2'}. Best is trial 0 with value: 0.75.
[I 2025-05-18 16:59:10,355] Trial 6 finished with value: 0.6833333333333332 and parameters: {'C': 6.753661388238877, 'penalty': 'l2'}. Best is trial 0 with value: 0.75.
[I 2025-05-18 16:59:10,368] Trial 7 finished with value: 0.7749999999999999 and parameters: {'C': 0.39092184460352974, 'penalty': 'l2'}. Best is trial 7 with value: 0.7749999999999999.
[I 2025-05-18 16:59:10,392] Trial 8 finished with value: 0.75 and parameters: {'C': 0.03047912590082646, 'penalty': 'l2'}. Best is trial 7 with value: 0.7749999999999999.
[I 2025-05-18 16:59:10,415] Trial 9 finished with value: 0.7 and parameters: {'C': 0.008681727362499118, 'penalty': 'l2'}. Best is trial 7 with value: 0.7749999999999999.
[I 2025-05-18 16:59:15,513] A new study created in memory with name: mlp
Parámetros guardados en checkpoint_shoppers_Dlatent_F/random/IPC_17/best_models_random_seed_5_space_original/logreg_best_params.json


>>> Optuna tuning mlp metodo random IPC 17 seed 5


/data/home/rtabares/anaconda3/envs/pyth3.12/lib/python3.12/site-packages/sklearn/neural_network/_multilayer_perceptron.py:691: ConvergenceWarning: Stochastic Optimizer: Maximum iterations (50) reached and the optimization hasn't converged yet.
  warnings.warn(
/data/home/rtabares/anaconda3/envs/pyth3.12/lib/python3.12/site-packages/sklearn/neural_network/_multilayer_perceptron.py:691: ConvergenceWarning: Stochastic Optimizer: Maximum iterations (50) reached and the optimization hasn't converged yet.
  warnings.warn(
/data/home/rtabares/anaconda3/envs/pyth3.12/lib/python3.12/site-packages/sklearn/neural_network/_multilayer_perceptron.py:691: ConvergenceWarning: Stochastic Optimizer: Maximum iterations (50) reached and the optimization hasn't converged yet.
  warnings.warn(
/data/home/rtabares/anaconda3/envs/pyth3.12/lib/python3.12/site-packages/sklearn/neural_network/_multilayer_perceptron.py:691: ConvergenceWarning: Stochastic Optimizer: Maximum iterations (50) reached and the optimization hasn't converged yet.
  warnings.warn(
/data/home/rtabares/anaconda3/envs/pyth3.12/lib/python3.12/site-packages/sklearn/neural_network/_multilayer_perceptron.py:691: ConvergenceWarning: Stochastic Optimizer: Maximum iterations (50) reached and the optimization hasn't converged yet.
  warnings.warn(
[I 2025-05-18 16:59:18,006] Trial 0 finished with value: 0.7833333333333332 and parameters: {'hidden_layer_sizes': (200,), 'max_iter': 50, 'alpha': 0.001}. Best is trial 0 with value: 0.7833333333333332.
/data/home/rtabares/anaconda3/envs/pyth3.12/lib/python3.12/site-packages/sklearn/neural_network/_multilayer_perceptron.py:691: ConvergenceWarning: Stochastic Optimizer: Maximum iterations (100) reached and the optimization hasn't converged yet.
  warnings.warn(
/data/home/rtabares/anaconda3/envs/pyth3.12/lib/python3.12/site-packages/sklearn/neural_network/_multilayer_perceptron.py:691: ConvergenceWarning: Stochastic Optimizer: Maximum iterations (100) reached and the optimization hasn't converged yet.
  warnings.warn(
/data/home/rtabares/anaconda3/envs/pyth3.12/lib/python3.12/site-packages/sklearn/neural_network/_multilayer_perceptron.py:691: ConvergenceWarning: Stochastic Optimizer: Maximum iterations (100) reached and the optimization hasn't converged yet.
  warnings.warn(
/data/home/rtabares/anaconda3/envs/pyth3.12/lib/python3.12/site-packages/sklearn/neural_network/_multilayer_perceptron.py:691: ConvergenceWarning: Stochastic Optimizer: Maximum iterations (100) reached and the optimization hasn't converged yet.
  warnings.warn(
/data/home/rtabares/anaconda3/envs/pyth3.12/lib/python3.12/site-packages/sklearn/neural_network/_multilayer_perceptron.py:691: ConvergenceWarning: Stochastic Optimizer: Maximum iterations (100) reached and the optimization hasn't converged yet.
  warnings.warn(
[I 2025-05-18 16:59:18,900] Trial 1 finished with value: 0.6583333333333332 and parameters: {'hidden_layer_sizes': (100,), 'max_iter': 100, 'alpha': 0.0001}. Best is trial 0 with value: 0.7833333333333332.
/data/home/rtabares/anaconda3/envs/pyth3.12/lib/python3.12/site-packages/sklearn/neural_network/_multilayer_perceptron.py:691: ConvergenceWarning: Stochastic Optimizer: Maximum iterations (100) reached and the optimization hasn't converged yet.
  warnings.warn(
/data/home/rtabares/anaconda3/envs/pyth3.12/lib/python3.12/site-packages/sklearn/neural_network/_multilayer_perceptron.py:691: ConvergenceWarning: Stochastic Optimizer: Maximum iterations (100) reached and the optimization hasn't converged yet.
  warnings.warn(
/data/home/rtabares/anaconda3/envs/pyth3.12/lib/python3.12/site-packages/sklearn/neural_network/_multilayer_perceptron.py:691: ConvergenceWarning: Stochastic Optimizer: Maximum iterations (100) reached and the optimization hasn't converged yet.
  warnings.warn(
/data/home/rtabares/anaconda3/envs/pyth3.12/lib/python3.12/site-packages/sklearn/neural_network/_multilayer_perceptron.py:691: ConvergenceWarning: Stochastic Optimizer: Maximum iterations (100) reached and the optimization hasn't converged yet.
  warnings.warn(
[I 2025-05-18 16:59:19,674] Trial 2 finished with value: 0.6666666666666667 and parameters: {'hidden_layer_sizes': (100,), 'max_iter': 100, 'alpha': 0.001}. Best is trial 0 with value: 0.7833333333333332.
/data/home/rtabares/anaconda3/envs/pyth3.12/lib/python3.12/site-packages/sklearn/neural_network/_multilayer_perceptron.py:691: ConvergenceWarning: Stochastic Optimizer: Maximum iterations (50) reached and the optimization hasn't converged yet.
  warnings.warn(
/data/home/rtabares/anaconda3/envs/pyth3.12/lib/python3.12/site-packages/sklearn/neural_network/_multilayer_perceptron.py:691: ConvergenceWarning: Stochastic Optimizer: Maximum iterations (50) reached and the optimization hasn't converged yet.
  warnings.warn(
/data/home/rtabares/anaconda3/envs/pyth3.12/lib/python3.12/site-packages/sklearn/neural_network/_multilayer_perceptron.py:691: ConvergenceWarning: Stochastic Optimizer: Maximum iterations (50) reached and the optimization hasn't converged yet.
  warnings.warn(
/data/home/rtabares/anaconda3/envs/pyth3.12/lib/python3.12/site-packages/sklearn/neural_network/_multilayer_perceptron.py:691: ConvergenceWarning: Stochastic Optimizer: Maximum iterations (50) reached and the optimization hasn't converged yet.
  warnings.warn(
[I 2025-05-18 16:59:20,533] Trial 3 finished with value: 0.6416666666666666 and parameters: {'hidden_layer_sizes': (200,), 'max_iter': 50, 'alpha': 0.001}. Best is trial 0 with value: 0.7833333333333332.
/data/home/rtabares/anaconda3/envs/pyth3.12/lib/python3.12/site-packages/sklearn/neural_network/_multilayer_perceptron.py:691: ConvergenceWarning: Stochastic Optimizer: Maximum iterations (100) reached and the optimization hasn't converged yet.
  warnings.warn(
/data/home/rtabares/anaconda3/envs/pyth3.12/lib/python3.12/site-packages/sklearn/neural_network/_multilayer_perceptron.py:691: ConvergenceWarning: Stochastic Optimizer: Maximum iterations (100) reached and the optimization hasn't converged yet.
  warnings.warn(
/data/home/rtabares/anaconda3/envs/pyth3.12/lib/python3.12/site-packages/sklearn/neural_network/_multilayer_perceptron.py:691: ConvergenceWarning: Stochastic Optimizer: Maximum iterations (100) reached and the optimization hasn't converged yet.
  warnings.warn(
[I 2025-05-18 16:59:20,598] Trial 4 finished with value: 0.6666666666666666 and parameters: {'hidden_layer_sizes': (100,), 'max_iter': 100, 'alpha': 0.0001}. Best is trial 0 with value: 0.7833333333333332.
/data/home/rtabares/anaconda3/envs/pyth3.12/lib/python3.12/site-packages/sklearn/neural_network/_multilayer_perceptron.py:691: ConvergenceWarning: Stochastic Optimizer: Maximum iterations (100) reached and the optimization hasn't converged yet.
  warnings.warn(
/data/home/rtabares/anaconda3/envs/pyth3.12/lib/python3.12/site-packages/sklearn/neural_network/_multilayer_perceptron.py:691: ConvergenceWarning: Stochastic Optimizer: Maximum iterations (100) reached and the optimization hasn't converged yet.
  warnings.warn(
/data/home/rtabares/anaconda3/envs/pyth3.12/lib/python3.12/site-packages/sklearn/neural_network/_multilayer_perceptron.py:691: ConvergenceWarning: Stochastic Optimizer: Maximum iterations (100) reached and the optimization hasn't converged yet.
  warnings.warn(
/data/home/rtabares/anaconda3/envs/pyth3.12/lib/python3.12/site-packages/sklearn/neural_network/_multilayer_perceptron.py:691: ConvergenceWarning: Stochastic Optimizer: Maximum iterations (100) reached and the optimization hasn't converged yet.
  warnings.warn(
/data/home/rtabares/anaconda3/envs/pyth3.12/lib/python3.12/site-packages/sklearn/neural_network/_multilayer_perceptron.py:691: ConvergenceWarning: Stochastic Optimizer: Maximum iterations (100) reached and the optimization hasn't converged yet.
  warnings.warn(
[I 2025-05-18 16:59:20,674] Trial 5 finished with value: 0.6666666666666666 and parameters: {'hidden_layer_sizes': (100,), 'max_iter': 100, 'alpha': 0.001}. Best is trial 0 with value: 0.7833333333333332.
/data/home/rtabares/anaconda3/envs/pyth3.12/lib/python3.12/site-packages/sklearn/neural_network/_multilayer_perceptron.py:691: ConvergenceWarning: Stochastic Optimizer: Maximum iterations (100) reached and the optimization hasn't converged yet.
  warnings.warn(
/data/home/rtabares/anaconda3/envs/pyth3.12/lib/python3.12/site-packages/sklearn/neural_network/_multilayer_perceptron.py:691: ConvergenceWarning: Stochastic Optimizer: Maximum iterations (100) reached and the optimization hasn't converged yet.
  warnings.warn(
/data/home/rtabares/anaconda3/envs/pyth3.12/lib/python3.12/site-packages/sklearn/neural_network/_multilayer_perceptron.py:691: ConvergenceWarning: Stochastic Optimizer: Maximum iterations (100) reached and the optimization hasn't converged yet.
  warnings.warn(
/data/home/rtabares/anaconda3/envs/pyth3.12/lib/python3.12/site-packages/sklearn/neural_network/_multilayer_perceptron.py:691: ConvergenceWarning: Stochastic Optimizer: Maximum iterations (100) reached and the optimization hasn't converged yet.
  warnings.warn(
[I 2025-05-18 16:59:20,763] Trial 6 finished with value: 0.6916666666666667 and parameters: {'hidden_layer_sizes': (200,), 'max_iter': 100, 'alpha': 0.001}. Best is trial 0 with value: 0.7833333333333332.
/data/home/rtabares/anaconda3/envs/pyth3.12/lib/python3.12/site-packages/sklearn/neural_network/_multilayer_perceptron.py:691: ConvergenceWarning: Stochastic Optimizer: Maximum iterations (100) reached and the optimization hasn't converged yet.
  warnings.warn(
/data/home/rtabares/anaconda3/envs/pyth3.12/lib/python3.12/site-packages/sklearn/neural_network/_multilayer_perceptron.py:691: ConvergenceWarning: Stochastic Optimizer: Maximum iterations (100) reached and the optimization hasn't converged yet.
  warnings.warn(
/data/home/rtabares/anaconda3/envs/pyth3.12/lib/python3.12/site-packages/sklearn/neural_network/_multilayer_perceptron.py:691: ConvergenceWarning: Stochastic Optimizer: Maximum iterations (100) reached and the optimization hasn't converged yet.
  warnings.warn(
/data/home/rtabares/anaconda3/envs/pyth3.12/lib/python3.12/site-packages/sklearn/neural_network/_multilayer_perceptron.py:691: ConvergenceWarning: Stochastic Optimizer: Maximum iterations (100) reached and the optimization hasn't converged yet.
  warnings.warn(
/data/home/rtabares/anaconda3/envs/pyth3.12/lib/python3.12/site-packages/sklearn/neural_network/_multilayer_perceptron.py:691: ConvergenceWarning: Stochastic Optimizer: Maximum iterations (100) reached and the optimization hasn't converged yet.
  warnings.warn(
[I 2025-05-18 16:59:20,857] Trial 7 finished with value: 0.6333333333333332 and parameters: {'hidden_layer_sizes': (200,), 'max_iter': 100, 'alpha': 0.001}. Best is trial 0 with value: 0.7833333333333332.
/data/home/rtabares/anaconda3/envs/pyth3.12/lib/python3.12/site-packages/sklearn/neural_network/_multilayer_perceptron.py:691: ConvergenceWarning: Stochastic Optimizer: Maximum iterations (100) reached and the optimization hasn't converged yet.
  warnings.warn(
/data/home/rtabares/anaconda3/envs/pyth3.12/lib/python3.12/site-packages/sklearn/neural_network/_multilayer_perceptron.py:691: ConvergenceWarning: Stochastic Optimizer: Maximum iterations (100) reached and the optimization hasn't converged yet.
  warnings.warn(
/data/home/rtabares/anaconda3/envs/pyth3.12/lib/python3.12/site-packages/sklearn/neural_network/_multilayer_perceptron.py:691: ConvergenceWarning: Stochastic Optimizer: Maximum iterations (100) reached and the optimization hasn't converged yet.
  warnings.warn(
/data/home/rtabares/anaconda3/envs/pyth3.12/lib/python3.12/site-packages/sklearn/neural_network/_multilayer_perceptron.py:691: ConvergenceWarning: Stochastic Optimizer: Maximum iterations (100) reached and the optimization hasn't converged yet.
  warnings.warn(
/data/home/rtabares/anaconda3/envs/pyth3.12/lib/python3.12/site-packages/sklearn/neural_network/_multilayer_perceptron.py:691: ConvergenceWarning: Stochastic Optimizer: Maximum iterations (100) reached and the optimization hasn't converged yet.
  warnings.warn(
[I 2025-05-18 16:59:20,925] Trial 8 finished with value: 0.6083333333333333 and parameters: {'hidden_layer_sizes': (100,), 'max_iter': 100, 'alpha': 0.001}. Best is trial 0 with value: 0.7833333333333332.
/data/home/rtabares/anaconda3/envs/pyth3.12/lib/python3.12/site-packages/sklearn/neural_network/_multilayer_perceptron.py:691: ConvergenceWarning: Stochastic Optimizer: Maximum iterations (50) reached and the optimization hasn't converged yet.
  warnings.warn(
/data/home/rtabares/anaconda3/envs/pyth3.12/lib/python3.12/site-packages/sklearn/neural_network/_multilayer_perceptron.py:691: ConvergenceWarning: Stochastic Optimizer: Maximum iterations (50) reached and the optimization hasn't converged yet.
  warnings.warn(
/data/home/rtabares/anaconda3/envs/pyth3.12/lib/python3.12/site-packages/sklearn/neural_network/_multilayer_perceptron.py:691: ConvergenceWarning: Stochastic Optimizer: Maximum iterations (50) reached and the optimization hasn't converged yet.
  warnings.warn(
/data/home/rtabares/anaconda3/envs/pyth3.12/lib/python3.12/site-packages/sklearn/neural_network/_multilayer_perceptron.py:691: ConvergenceWarning: Stochastic Optimizer: Maximum iterations (50) reached and the optimization hasn't converged yet.
  warnings.warn(
/data/home/rtabares/anaconda3/envs/pyth3.12/lib/python3.12/site-packages/sklearn/neural_network/_multilayer_perceptron.py:691: ConvergenceWarning: Stochastic Optimizer: Maximum iterations (50) reached and the optimization hasn't converged yet.
  warnings.warn(
[I 2025-05-18 16:59:20,972] Trial 9 finished with value: 0.6666666666666666 and parameters: {'hidden_layer_sizes': (100,), 'max_iter': 50, 'alpha': 0.001}. Best is trial 0 with value: 0.7833333333333332.
[I 2025-05-18 16:59:28,300] A new study created in memory with name: naive_bayes
Parámetros guardados en checkpoint_shoppers_Dlatent_F/random/IPC_17/best_models_random_seed_5_space_original/mlp_best_params.json


>>> Optuna tuning naive_bayes metodo random IPC 17 seed 5


[I 2025-05-18 16:59:29,676] Trial 0 finished with value: 0.5833333333333333 and parameters: {'var_smoothing': 2.7796258518939306e-10}. Best is trial 0 with value: 0.5833333333333333.
[I 2025-05-18 16:59:30,406] Trial 1 finished with value: 0.5833333333333333 and parameters: {'var_smoothing': 5.513972710118387e-09}. Best is trial 0 with value: 0.5833333333333333.
[I 2025-05-18 16:59:30,431] Trial 2 finished with value: 0.5833333333333333 and parameters: {'var_smoothing': 2.590826381512706e-10}. Best is trial 0 with value: 0.5833333333333333.
[I 2025-05-18 16:59:31,103] Trial 3 finished with value: 0.5833333333333333 and parameters: {'var_smoothing': 6.874194498027403e-09}. Best is trial 0 with value: 0.5833333333333333.
[I 2025-05-18 16:59:31,128] Trial 4 finished with value: 0.5833333333333333 and parameters: {'var_smoothing': 9.480306482679771e-10}. Best is trial 0 with value: 0.5833333333333333.
[I 2025-05-18 16:59:31,143] Trial 5 finished with value: 0.5833333333333333 and parameters: {'var_smoothing': 1.6729683536668864e-09}. Best is trial 0 with value: 0.5833333333333333.
[I 2025-05-18 16:59:31,167] Trial 6 finished with value: 0.5833333333333333 and parameters: {'var_smoothing': 3.402637726935598e-09}. Best is trial 0 with value: 0.5833333333333333.
[I 2025-05-18 16:59:31,192] Trial 7 finished with value: 0.5833333333333333 and parameters: {'var_smoothing': 1.0885189040847657e-09}. Best is trial 0 with value: 0.5833333333333333.
[I 2025-05-18 16:59:31,216] Trial 8 finished with value: 0.5833333333333333 and parameters: {'var_smoothing': 3.922843686541149e-10}. Best is trial 0 with value: 0.5833333333333333.
[I 2025-05-18 16:59:31,240] Trial 9 finished with value: 0.5833333333333333 and parameters: {'var_smoothing': 2.3737908819373785e-10}. Best is trial 0 with value: 0.5833333333333333.
[I 2025-05-18 16:59:33,172] A new study created in memory with name: knn
[I 2025-05-18 16:59:36,679] Trial 0 finished with value: 0.725 and parameters: {'n_neighbors': 4, 'leaf_size': 38, 'p': 2}. Best is trial 0 with value: 0.725.
Parámetros guardados en checkpoint_shoppers_Dlatent_F/random/IPC_17/best_models_random_seed_5_space_original/naive_bayes_best_params.json


>>> Optuna tuning knn metodo random IPC 17 seed 5


[I 2025-05-18 16:59:37,545] Trial 1 finished with value: 0.6166666666666666 and parameters: {'n_neighbors': 6, 'leaf_size': 32, 'p': 1}. Best is trial 0 with value: 0.725.
[I 2025-05-18 16:59:37,591] Trial 2 finished with value: 0.7333333333333332 and parameters: {'n_neighbors': 5, 'leaf_size': 23, 'p': 2}. Best is trial 2 with value: 0.7333333333333332.
[I 2025-05-18 16:59:37,676] Trial 3 finished with value: 0.6166666666666666 and parameters: {'n_neighbors': 6, 'leaf_size': 23, 'p': 1}. Best is trial 2 with value: 0.7333333333333332.
[I 2025-05-18 16:59:37,771] Trial 4 finished with value: 0.6166666666666666 and parameters: {'n_neighbors': 6, 'leaf_size': 26, 'p': 1}. Best is trial 2 with value: 0.7333333333333332.
[I 2025-05-18 16:59:37,847] Trial 5 finished with value: 0.7083333333333333 and parameters: {'n_neighbors': 7, 'leaf_size': 25, 'p': 1}. Best is trial 2 with value: 0.7333333333333332.
[I 2025-05-18 16:59:37,931] Trial 6 finished with value: 0.7333333333333332 and parameters: {'n_neighbors': 5, 'leaf_size': 23, 'p': 2}. Best is trial 2 with value: 0.7333333333333332.
[I 2025-05-18 16:59:38,018] Trial 7 finished with value: 0.7666666666666666 and parameters: {'n_neighbors': 10, 'leaf_size': 23, 'p': 2}. Best is trial 7 with value: 0.7666666666666666.
[I 2025-05-18 16:59:38,072] Trial 8 finished with value: 0.7333333333333332 and parameters: {'n_neighbors': 8, 'leaf_size': 36, 'p': 2}. Best is trial 7 with value: 0.7666666666666666.
