[I 2025-05-26 03:28:19,993] Trial 13 finished with value: 0.6 and parameters: {'n_estimators': 100, 'max_depth': 5, 'gamma': 0.3431978153914992, 'subsample': 0.7048823814173258, 'colsample_bytree': 0.6551686825595845}. Best is trial 0 with value: 0.65.
[I 2025-05-26 03:28:20,043] Trial 14 finished with value: 0.45 and parameters: {'n_estimators': 100, 'max_depth': 30, 'gamma': 0.12224701845739577, 'subsample': 0.5092555447804211, 'colsample_bytree': 0.5013541727082262}. Best is trial 0 with value: 0.65.
/data/home/rtabares/anaconda3/envs/pyth3.12/lib/python3.12/site-packages/xgboost/core.py:377: FutureWarning: Your system has an old version of glibc (< 2.28). We will stop supporting Linux distros with glibc older than 2.28 after **May 31, 2025**. Please upgrade to a recent Linux distro (with glibc >= 2.28) to use future versions of XGBoost.
Note: You have installed the 'manylinux2014' variant of XGBoost. Certain features such as GPU algorithms or federated learning are not available. To use these features, please upgrade to a recent Linux distro with glibc 2.28+, and install the 'manylinux_2_28' variant.
  warnings.warn(
[I 2025-05-26 03:28:20,757] Trial 15 finished with value: 0.65 and parameters: {'n_estimators': 10, 'max_depth': 30, 'gamma': 0.6115341273581074, 'subsample': 0.8680134248137908, 'colsample_bytree': 0.9888939439492501}. Best is trial 0 with value: 0.65.
/data/home/rtabares/anaconda3/envs/pyth3.12/lib/python3.12/site-packages/xgboost/core.py:377: FutureWarning: Your system has an old version of glibc (< 2.28). We will stop supporting Linux distros with glibc older than 2.28 after **May 31, 2025**. Please upgrade to a recent Linux distro (with glibc >= 2.28) to use future versions of XGBoost.
Note: You have installed the 'manylinux2014' variant of XGBoost. Certain features such as GPU algorithms or federated learning are not available. To use these features, please upgrade to a recent Linux distro with glibc 2.28+, and install the 'manylinux_2_28' variant.
  warnings.warn(
[I 2025-05-26 03:28:21,467] Trial 16 finished with value: 0.65 and parameters: {'n_estimators': 10, 'max_depth': 5, 'gamma': 0.609955768425512, 'subsample': 0.8787287422282001, 'colsample_bytree': 0.9690501608863549}. Best is trial 0 with value: 0.65.
[I 2025-05-26 03:28:21,513] Trial 17 finished with value: 0.55 and parameters: {'n_estimators': 10, 'max_depth': 30, 'gamma': 0.5845641482750543, 'subsample': 0.7040772802762306, 'colsample_bytree': 0.9933840889987662}. Best is trial 0 with value: 0.65.
/data/home/rtabares/anaconda3/envs/pyth3.12/lib/python3.12/site-packages/xgboost/core.py:377: FutureWarning: Your system has an old version of glibc (< 2.28). We will stop supporting Linux distros with glibc older than 2.28 after **May 31, 2025**. Please upgrade to a recent Linux distro (with glibc >= 2.28) to use future versions of XGBoost.
Note: You have installed the 'manylinux2014' variant of XGBoost. Certain features such as GPU algorithms or federated learning are not available. To use these features, please upgrade to a recent Linux distro with glibc 2.28+, and install the 'manylinux_2_28' variant.
  warnings.warn(
[I 2025-05-26 03:28:22,177] Trial 18 finished with value: 0.7 and parameters: {'n_estimators': 10, 'max_depth': 30, 'gamma': 0.4604663653701822, 'subsample': 0.9376578555609938, 'colsample_bytree': 0.7974021553265087}. Best is trial 18 with value: 0.7.
[I 2025-05-26 03:28:22,222] Trial 19 finished with value: 0.55 and parameters: {'n_estimators': 10, 'max_depth': 30, 'gamma': 0.44242131851176714, 'subsample': 0.6342385505944843, 'colsample_bytree': 0.791921383019891}. Best is trial 18 with value: 0.7.
[I 2025-05-26 03:28:25,008] A new study created in memory with name: rf
Parámetros guardados en checkpoint_default_Dlatent_ft_H/k-center/IPC_10/best_models_k-center_seed_6_space_latent/xgb_best_params.json


>>> Optuna tuning rf metodo k-center IPC 10 seed 6


[I 2025-05-26 03:28:26,695] Trial 0 finished with value: 0.6 and parameters: {'n_estimators': 458, 'max_depth': 8, 'min_samples_split': 9, 'min_samples_leaf': 1}. Best is trial 0 with value: 0.6.
[I 2025-05-26 03:28:26,962] Trial 1 finished with value: 0.55 and parameters: {'n_estimators': 143, 'max_depth': 13, 'min_samples_split': 6, 'min_samples_leaf': 5}. Best is trial 0 with value: 0.6.
[I 2025-05-26 03:28:27,313] Trial 2 finished with value: 0.5 and parameters: {'n_estimators': 234, 'max_depth': 14, 'min_samples_split': 5, 'min_samples_leaf': 8}. Best is trial 0 with value: 0.6.
[I 2025-05-26 03:28:27,693] Trial 3 finished with value: 0.5 and parameters: {'n_estimators': 307, 'max_depth': 13, 'min_samples_split': 7, 'min_samples_leaf': 10}. Best is trial 0 with value: 0.6.
[I 2025-05-26 03:28:28,191] Trial 4 finished with value: 0.5 and parameters: {'n_estimators': 428, 'max_depth': 10, 'min_samples_split': 9, 'min_samples_leaf': 9}. Best is trial 0 with value: 0.6.
[I 2025-05-26 03:28:28,430] Trial 5 finished with value: 0.5 and parameters: {'n_estimators': 121, 'max_depth': 15, 'min_samples_split': 9, 'min_samples_leaf': 8}. Best is trial 0 with value: 0.6.
[I 2025-05-26 03:28:28,880] Trial 6 finished with value: 0.5 and parameters: {'n_estimators': 384, 'max_depth': 12, 'min_samples_split': 3, 'min_samples_leaf': 10}. Best is trial 0 with value: 0.6.
[I 2025-05-26 03:28:29,219] Trial 7 finished with value: 0.5 and parameters: {'n_estimators': 261, 'max_depth': 6, 'min_samples_split': 8, 'min_samples_leaf': 10}. Best is trial 0 with value: 0.6.
[I 2025-05-26 03:28:29,538] Trial 8 finished with value: 0.5 and parameters: {'n_estimators': 202, 'max_depth': 15, 'min_samples_split': 7, 'min_samples_leaf': 8}. Best is trial 0 with value: 0.6.
[I 2025-05-26 03:28:30,151] Trial 9 finished with value: 0.5 and parameters: {'n_estimators': 475, 'max_depth': 9, 'min_samples_split': 4, 'min_samples_leaf': 5}. Best is trial 0 with value: 0.6.
[I 2025-05-26 03:28:30,576] Trial 10 finished with value: 0.5 and parameters: {'n_estimators': 352, 'max_depth': 20, 'min_samples_split': 10, 'min_samples_leaf': 1}. Best is trial 0 with value: 0.6.
[I 2025-05-26 03:28:30,810] Trial 11 finished with value: 0.5 and parameters: {'n_estimators': 110, 'max_depth': 4, 'min_samples_split': 6, 'min_samples_leaf': 1}. Best is trial 0 with value: 0.6.
[I 2025-05-26 03:28:32,144] Trial 12 finished with value: 0.6 and parameters: {'n_estimators': 489, 'max_depth': 7, 'min_samples_split': 2, 'min_samples_leaf': 4}. Best is trial 0 with value: 0.6.
[I 2025-05-26 03:28:32,757] Trial 13 finished with value: 0.5 and parameters: {'n_estimators': 468, 'max_depth': 7, 'min_samples_split': 2, 'min_samples_leaf': 3}. Best is trial 0 with value: 0.6.
[I 2025-05-26 03:28:33,917] Trial 14 finished with value: 0.55 and parameters: {'n_estimators': 419, 'max_depth': 3, 'min_samples_split': 2, 'min_samples_leaf': 3}. Best is trial 0 with value: 0.6.
[I 2025-05-26 03:28:34,594] Trial 15 finished with value: 0.5 and parameters: {'n_estimators': 483, 'max_depth': 7, 'min_samples_split': 4, 'min_samples_leaf': 3}. Best is trial 0 with value: 0.6.
[I 2025-05-26 03:28:35,009] Trial 16 finished with value: 0.6 and parameters: {'n_estimators': 339, 'max_depth': 9, 'min_samples_split': 10, 'min_samples_leaf': 2}. Best is trial 0 with value: 0.6.
[I 2025-05-26 03:28:35,535] Trial 17 finished with value: 0.5 and parameters: {'n_estimators': 499, 'max_depth': 5, 'min_samples_split': 8, 'min_samples_leaf': 6}. Best is trial 0 with value: 0.6.
[I 2025-05-26 03:28:36,064] Trial 18 finished with value: 0.5 and parameters: {'n_estimators': 431, 'max_depth': 10, 'min_samples_split': 5, 'min_samples_leaf': 4}. Best is trial 0 with value: 0.6.
[I 2025-05-26 03:28:36,580] Trial 19 finished with value: 0.55 and parameters: {'n_estimators': 385, 'max_depth': 18, 'min_samples_split': 3, 'min_samples_leaf': 6}. Best is trial 0 with value: 0.6.
[I 2025-05-26 03:28:41,503] A new study created in memory with name: svc
Parámetros guardados en checkpoint_default_Dlatent_ft_H/k-center/IPC_10/best_models_k-center_seed_6_space_latent/rf_best_params.json


>>> Optuna tuning svc metodo k-center IPC 10 seed 6


[I 2025-05-26 03:28:42,759] Trial 0 finished with value: 0.7 and parameters: {'C': 37.27697013499731, 'gamma': 0.0021277432488243223}. Best is trial 0 with value: 0.7.
[I 2025-05-26 03:28:42,856] Trial 1 finished with value: 0.7 and parameters: {'C': 19.271543171162776, 'gamma': 0.00014682043379470554}. Best is trial 0 with value: 0.7.
[I 2025-05-26 03:28:42,872] Trial 2 finished with value: 0.55 and parameters: {'C': 0.0269542169583157, 'gamma': 0.023999835049635022}. Best is trial 0 with value: 0.7.
[I 2025-05-26 03:28:42,887] Trial 3 finished with value: 0.8 and parameters: {'C': 1.3160410886450586, 'gamma': 0.0047340159215720195}. Best is trial 3 with value: 0.8.
[I 2025-05-26 03:28:42,901] Trial 4 finished with value: 0.55 and parameters: {'C': 0.21959952535674737, 'gamma': 0.030908485742507576}. Best is trial 3 with value: 0.8.
[I 2025-05-26 03:28:42,918] Trial 5 finished with value: 0.6 and parameters: {'C': 0.5656733313644114, 'gamma': 0.08780685564625502}. Best is trial 3 with value: 0.8.
[I 2025-05-26 03:28:42,933] Trial 6 finished with value: 0.7 and parameters: {'C': 1.1807165425157664, 'gamma': 0.020674470756231633}. Best is trial 3 with value: 0.8.
[I 2025-05-26 03:28:42,949] Trial 7 finished with value: 0.35 and parameters: {'C': 3.8143486186647126, 'gamma': 0.9138966502602072}. Best is trial 3 with value: 0.8.
[I 2025-05-26 03:28:42,965] Trial 8 finished with value: 0.8 and parameters: {'C': 19.029737066374768, 'gamma': 0.004495766421289856}. Best is trial 3 with value: 0.8.
[I 2025-05-26 03:28:42,980] Trial 9 finished with value: 0.35 and parameters: {'C': 31.994153257994277, 'gamma': 0.19725941020937518}. Best is trial 3 with value: 0.8.
[I 2025-05-26 03:28:43,003] Trial 10 finished with value: 0.7 and parameters: {'C': 0.03364484755032396, 'gamma': 0.0006344004822646731}. Best is trial 3 with value: 0.8.
[I 2025-05-26 03:28:43,701] Trial 11 finished with value: 0.75 and parameters: {'C': 3.4532766715496153, 'gamma': 0.0032404414802078532}. Best is trial 3 with value: 0.8.
[I 2025-05-26 03:28:44,381] Trial 12 finished with value: 0.8 and parameters: {'C': 6.239731085501219, 'gamma': 0.003711961168556943}. Best is trial 3 with value: 0.8.
[I 2025-05-26 03:28:45,068] Trial 13 finished with value: 0.55 and parameters: {'C': 96.05903839504555, 'gamma': 0.000582009164639594}. Best is trial 3 with value: 0.8.
[I 2025-05-26 03:28:45,091] Trial 14 finished with value: 0.7 and parameters: {'C': 0.1589476519894398, 'gamma': 0.006894762954990565}. Best is trial 3 with value: 0.8.
[I 2025-05-26 03:28:45,117] Trial 15 finished with value: 0.55 and parameters: {'C': 10.221036574234617, 'gamma': 0.0007219415815391182}. Best is trial 3 with value: 0.8.
[I 2025-05-26 03:28:45,137] Trial 16 finished with value: 0.65 and parameters: {'C': 0.9148865011743824, 'gamma': 0.00013108517561580927}. Best is trial 3 with value: 0.8.
[I 2025-05-26 03:28:45,157] Trial 17 finished with value: 0.8 and parameters: {'C': 2.197447383955298, 'gamma': 0.01024256862400079}. Best is trial 3 with value: 0.8.
[I 2025-05-26 03:28:45,182] Trial 18 finished with value: 0.7 and parameters: {'C': 0.14731411868104394, 'gamma': 0.0011621848796939036}. Best is trial 3 with value: 0.8.
[I 2025-05-26 03:28:45,201] Trial 19 finished with value: 0.6 and parameters: {'C': 10.86746986673631, 'gamma': 0.06849703639533634}. Best is trial 3 with value: 0.8.
[I 2025-05-26 03:28:47,140] A new study created in memory with name: logreg
Parámetros guardados en checkpoint_default_Dlatent_ft_H/k-center/IPC_10/best_models_k-center_seed_6_space_latent/svc_best_params.json


>>> Optuna tuning logreg metodo k-center IPC 10 seed 6


[I 2025-05-26 03:28:50,299] Trial 0 finished with value: 0.6 and parameters: {'C': 29.127335430981816, 'penalty': 'l2'}. Best is trial 0 with value: 0.6.
[I 2025-05-26 03:28:50,614] Trial 1 finished with value: 0.7 and parameters: {'C': 0.045698192893558344, 'penalty': 'l2'}. Best is trial 1 with value: 0.7.
[I 2025-05-26 03:28:50,640] Trial 2 finished with value: 0.6 and parameters: {'C': 12.768668597712947, 'penalty': 'l2'}. Best is trial 1 with value: 0.7.
[I 2025-05-26 03:28:51,340] Trial 3 finished with value: 0.75 and parameters: {'C': 0.0016161554408462638, 'penalty': 'l2'}. Best is trial 3 with value: 0.75.
[I 2025-05-26 03:28:51,365] Trial 4 finished with value: 0.7 and parameters: {'C': 0.0034536903703241734, 'penalty': 'l2'}. Best is trial 3 with value: 0.75.
[I 2025-05-26 03:28:51,390] Trial 5 finished with value: 0.65 and parameters: {'C': 0.9446269266990148, 'penalty': 'l2'}. Best is trial 3 with value: 0.75.
[I 2025-05-26 03:28:51,415] Trial 6 finished with value: 0.65 and parameters: {'C': 0.4457453393648168, 'penalty': 'l2'}. Best is trial 3 with value: 0.75.
[I 2025-05-26 03:28:51,439] Trial 7 finished with value: 0.65 and parameters: {'C': 0.12417585037258261, 'penalty': 'l2'}. Best is trial 3 with value: 0.75.
[I 2025-05-26 03:28:51,463] Trial 8 finished with value: 0.7 and parameters: {'C': 0.04753781830244093, 'penalty': 'l2'}. Best is trial 3 with value: 0.75.
[I 2025-05-26 03:28:51,487] Trial 9 finished with value: 0.65 and parameters: {'C': 1.2959766028194148, 'penalty': 'l2'}. Best is trial 3 with value: 0.75.
[I 2025-05-26 03:28:51,518] Trial 10 finished with value: 0.7 and parameters: {'C': 0.0027493237597083523, 'penalty': 'l2'}. Best is trial 3 with value: 0.75.
[I 2025-05-26 03:28:52,337] Trial 11 finished with value: 0.7 and parameters: {'C': 0.019039978699401258, 'penalty': 'l2'}. Best is trial 3 with value: 0.75.
[I 2025-05-26 03:28:52,367] Trial 12 finished with value: 0.75 and parameters: {'C': 0.001155896563213187, 'penalty': 'l2'}. Best is trial 3 with value: 0.75.
[I 2025-05-26 03:28:53,067] Trial 13 finished with value: 0.75 and parameters: {'C': 0.0011376573049836918, 'penalty': 'l2'}. Best is trial 3 with value: 0.75.
[I 2025-05-26 03:28:53,099] Trial 14 finished with value: 0.7 and parameters: {'C': 0.003689129151504586, 'penalty': 'l2'}. Best is trial 3 with value: 0.75.
[I 2025-05-26 03:28:53,128] Trial 15 finished with value: 0.7 and parameters: {'C': 0.011933570800202574, 'penalty': 'l2'}. Best is trial 3 with value: 0.75.
[I 2025-05-26 03:28:53,825] Trial 16 finished with value: 0.75 and parameters: {'C': 0.0013678805924558961, 'penalty': 'l2'}. Best is trial 3 with value: 0.75.
[I 2025-05-26 03:28:53,855] Trial 17 finished with value: 0.7 and parameters: {'C': 0.009039871959471408, 'penalty': 'l2'}. Best is trial 3 with value: 0.75.
[I 2025-05-26 03:28:53,888] Trial 18 finished with value: 0.65 and parameters: {'C': 3.1043628200283595, 'penalty': 'l2'}. Best is trial 3 with value: 0.75.
[I 2025-05-26 03:28:53,917] Trial 19 finished with value: 0.65 and parameters: {'C': 0.1859872244822189, 'penalty': 'l2'}. Best is trial 3 with value: 0.75.
[I 2025-05-26 03:28:55,987] A new study created in memory with name: mlp
Parámetros guardados en checkpoint_default_Dlatent_ft_H/k-center/IPC_10/best_models_k-center_seed_6_space_latent/logreg_best_params.json


>>> Optuna tuning mlp metodo k-center IPC 10 seed 6


[I 2025-05-26 03:28:58,645] Trial 0 finished with value: 0.5 and parameters: {'hidden_layer_sizes': (100,), 'max_iter': 100, 'alpha': 0.0001}. Best is trial 0 with value: 0.5.
[I 2025-05-26 03:28:59,110] Trial 1 finished with value: 0.8 and parameters: {'hidden_layer_sizes': (100, 100), 'max_iter': 100, 'alpha': 0.001}. Best is trial 1 with value: 0.8.
[I 2025-05-26 03:28:59,207] Trial 2 finished with value: 0.65 and parameters: {'hidden_layer_sizes': (200,), 'max_iter': 100, 'alpha': 0.0001}. Best is trial 1 with value: 0.8.
/data/home/rtabares/anaconda3/envs/pyth3.12/lib/python3.12/site-packages/sklearn/neural_network/_multilayer_perceptron.py:691: ConvergenceWarning: Stochastic Optimizer: Maximum iterations (50) reached and the optimization hasn't converged yet.
  warnings.warn(
[I 2025-05-26 03:29:00,051] Trial 3 finished with value: 0.6 and parameters: {'hidden_layer_sizes': (200,), 'max_iter': 50, 'alpha': 0.001}. Best is trial 1 with value: 0.8.
/data/home/rtabares/anaconda3/envs/pyth3.12/lib/python3.12/site-packages/sklearn/neural_network/_multilayer_perceptron.py:691: ConvergenceWarning: Stochastic Optimizer: Maximum iterations (50) reached and the optimization hasn't converged yet.
  warnings.warn(
/data/home/rtabares/anaconda3/envs/pyth3.12/lib/python3.12/site-packages/sklearn/neural_network/_multilayer_perceptron.py:691: ConvergenceWarning: Stochastic Optimizer: Maximum iterations (50) reached and the optimization hasn't converged yet.
  warnings.warn(
[I 2025-05-26 03:29:00,106] Trial 4 finished with value: 0.7 and parameters: {'hidden_layer_sizes': (100, 100), 'max_iter': 50, 'alpha': 0.0001}. Best is trial 1 with value: 0.8.
[I 2025-05-26 03:29:00,161] Trial 5 finished with value: 0.55 and parameters: {'hidden_layer_sizes': (200,), 'max_iter': 100, 'alpha': 0.0001}. Best is trial 1 with value: 0.8.
[I 2025-05-26 03:29:00,217] Trial 6 finished with value: 0.6 and parameters: {'hidden_layer_sizes': (200,), 'max_iter': 100, 'alpha': 0.001}. Best is trial 1 with value: 0.8.
[I 2025-05-26 03:29:00,262] Trial 7 finished with value: 0.6 and parameters: {'hidden_layer_sizes': (100,), 'max_iter': 100, 'alpha': 0.001}. Best is trial 1 with value: 0.8.
[I 2025-05-26 03:29:00,327] Trial 8 finished with value: 0.65 and parameters: {'hidden_layer_sizes': (100, 100), 'max_iter': 100, 'alpha': 0.0001}. Best is trial 1 with value: 0.8.
[I 2025-05-26 03:29:00,394] Trial 9 finished with value: 0.55 and parameters: {'hidden_layer_sizes': (200,), 'max_iter': 100, 'alpha': 0.0001}. Best is trial 1 with value: 0.8.
/data/home/rtabares/anaconda3/envs/pyth3.12/lib/python3.12/site-packages/sklearn/neural_network/_multilayer_perceptron.py:691: ConvergenceWarning: Stochastic Optimizer: Maximum iterations (50) reached and the optimization hasn't converged yet.
  warnings.warn(
[I 2025-05-26 03:29:00,453] Trial 10 finished with value: 0.6 and parameters: {'hidden_layer_sizes': (100, 100), 'max_iter': 50, 'alpha': 0.001}. Best is trial 1 with value: 0.8.
/data/home/rtabares/anaconda3/envs/pyth3.12/lib/python3.12/site-packages/sklearn/neural_network/_multilayer_perceptron.py:691: ConvergenceWarning: Stochastic Optimizer: Maximum iterations (50) reached and the optimization hasn't converged yet.
  warnings.warn(
/data/home/rtabares/anaconda3/envs/pyth3.12/lib/python3.12/site-packages/sklearn/neural_network/_multilayer_perceptron.py:691: ConvergenceWarning: Stochastic Optimizer: Maximum iterations (50) reached and the optimization hasn't converged yet.
  warnings.warn(
/data/home/rtabares/anaconda3/envs/pyth3.12/lib/python3.12/site-packages/sklearn/neural_network/_multilayer_perceptron.py:691: ConvergenceWarning: Stochastic Optimizer: Maximum iterations (50) reached and the optimization hasn't converged yet.
  warnings.warn(
[I 2025-05-26 03:29:00,522] Trial 11 finished with value: 0.55 and parameters: {'hidden_layer_sizes': (100, 100), 'max_iter': 50, 'alpha': 0.001}. Best is trial 1 with value: 0.8.
/data/home/rtabares/anaconda3/envs/pyth3.12/lib/python3.12/site-packages/sklearn/neural_network/_multilayer_perceptron.py:691: ConvergenceWarning: Stochastic Optimizer: Maximum iterations (50) reached and the optimization hasn't converged yet.
  warnings.warn(
[I 2025-05-26 03:29:01,185] Trial 12 finished with value: 0.75 and parameters: {'hidden_layer_sizes': (100, 100), 'max_iter': 50, 'alpha': 0.001}. Best is trial 1 with value: 0.8.
[I 2025-05-26 03:29:01,255] Trial 13 finished with value: 0.65 and parameters: {'hidden_layer_sizes': (100, 100), 'max_iter': 50, 'alpha': 0.001}. Best is trial 1 with value: 0.8.
/data/home/rtabares/anaconda3/envs/pyth3.12/lib/python3.12/site-packages/sklearn/neural_network/_multilayer_perceptron.py:691: ConvergenceWarning: Stochastic Optimizer: Maximum iterations (50) reached and the optimization hasn't converged yet.
  warnings.warn(
[I 2025-05-26 03:29:01,326] Trial 14 finished with value: 0.5 and parameters: {'hidden_layer_sizes': (100, 100), 'max_iter': 50, 'alpha': 0.001}. Best is trial 1 with value: 0.8.
[I 2025-05-26 03:29:02,009] Trial 15 finished with value: 0.65 and parameters: {'hidden_layer_sizes': (100, 100), 'max_iter': 50, 'alpha': 0.001}. Best is trial 1 with value: 0.8.
[I 2025-05-26 03:29:02,813] Trial 16 finished with value: 0.55 and parameters: {'hidden_layer_sizes': (100,), 'max_iter': 100, 'alpha': 0.001}. Best is trial 1 with value: 0.8.
/data/home/rtabares/anaconda3/envs/pyth3.12/lib/python3.12/site-packages/sklearn/neural_network/_multilayer_perceptron.py:691: ConvergenceWarning: Stochastic Optimizer: Maximum iterations (50) reached and the optimization hasn't converged yet.
  warnings.warn(
[I 2025-05-26 03:29:02,873] Trial 17 finished with value: 0.65 and parameters: {'hidden_layer_sizes': (100, 100), 'max_iter': 50, 'alpha': 0.001}. Best is trial 1 with value: 0.8.
/data/home/rtabares/anaconda3/envs/pyth3.12/lib/python3.12/site-packages/sklearn/neural_network/_multilayer_perceptron.py:691: ConvergenceWarning: Stochastic Optimizer: Maximum iterations (50) reached and the optimization hasn't converged yet.
  warnings.warn(
/data/home/rtabares/anaconda3/envs/pyth3.12/lib/python3.12/site-packages/sklearn/neural_network/_multilayer_perceptron.py:691: ConvergenceWarning: Stochastic Optimizer: Maximum iterations (50) reached and the optimization hasn't converged yet.
  warnings.warn(
[I 2025-05-26 03:29:02,943] Trial 18 finished with value: 0.6 and parameters: {'hidden_layer_sizes': (100, 100), 'max_iter': 50, 'alpha': 0.001}. Best is trial 1 with value: 0.8.
