[I 2025-05-26 03:20:55,237] Trial 11 finished with value: 0.85 and parameters: {'n_estimators': 40, 'max_depth': 5, 'gamma': 0.9966856929320722, 'subsample': 0.8334036599110649, 'colsample_bytree': 0.5021847705422506}. Best is trial 9 with value: 0.95.
/data/home/rtabares/anaconda3/envs/pyth3.12/lib/python3.12/site-packages/xgboost/core.py:377: FutureWarning: Your system has an old version of glibc (< 2.28). We will stop supporting Linux distros with glibc older than 2.28 after **May 31, 2025**. Please upgrade to a recent Linux distro (with glibc >= 2.28) to use future versions of XGBoost.
Note: You have installed the 'manylinux2014' variant of XGBoost. Certain features such as GPU algorithms or federated learning are not available. To use these features, please upgrade to a recent Linux distro with glibc 2.28+, and install the 'manylinux_2_28' variant.
  warnings.warn(
/data/home/rtabares/anaconda3/envs/pyth3.12/lib/python3.12/site-packages/xgboost/core.py:377: FutureWarning: Your system has an old version of glibc (< 2.28). We will stop supporting Linux distros with glibc older than 2.28 after **May 31, 2025**. Please upgrade to a recent Linux distro (with glibc >= 2.28) to use future versions of XGBoost.
Note: You have installed the 'manylinux2014' variant of XGBoost. Certain features such as GPU algorithms or federated learning are not available. To use these features, please upgrade to a recent Linux distro with glibc 2.28+, and install the 'manylinux_2_28' variant.
  warnings.warn(
[I 2025-05-26 03:20:56,033] Trial 12 finished with value: 0.85 and parameters: {'n_estimators': 100, 'max_depth': 5, 'gamma': 0.896226830919612, 'subsample': 0.6266533662482493, 'colsample_bytree': 0.7136404265878388}. Best is trial 9 with value: 0.95.
/data/home/rtabares/anaconda3/envs/pyth3.12/lib/python3.12/site-packages/xgboost/core.py:377: FutureWarning: Your system has an old version of glibc (< 2.28). We will stop supporting Linux distros with glibc older than 2.28 after **May 31, 2025**. Please upgrade to a recent Linux distro (with glibc >= 2.28) to use future versions of XGBoost.
Note: You have installed the 'manylinux2014' variant of XGBoost. Certain features such as GPU algorithms or federated learning are not available. To use these features, please upgrade to a recent Linux distro with glibc 2.28+, and install the 'manylinux_2_28' variant.
  warnings.warn(
[I 2025-05-26 03:20:56,754] Trial 13 finished with value: 0.85 and parameters: {'n_estimators': 100, 'max_depth': 5, 'gamma': 0.15813912455139084, 'subsample': 0.8141939990252245, 'colsample_bytree': 0.5106861306496236}. Best is trial 9 with value: 0.95.
[I 2025-05-26 03:20:56,799] Trial 14 finished with value: 0.85 and parameters: {'n_estimators': 40, 'max_depth': 30, 'gamma': 0.9077336027468454, 'subsample': 0.9983869660807833, 'colsample_bytree': 0.873678322897615}. Best is trial 9 with value: 0.95.
/data/home/rtabares/anaconda3/envs/pyth3.12/lib/python3.12/site-packages/xgboost/core.py:377: FutureWarning: Your system has an old version of glibc (< 2.28). We will stop supporting Linux distros with glibc older than 2.28 after **May 31, 2025**. Please upgrade to a recent Linux distro (with glibc >= 2.28) to use future versions of XGBoost.
Note: You have installed the 'manylinux2014' variant of XGBoost. Certain features such as GPU algorithms or federated learning are not available. To use these features, please upgrade to a recent Linux distro with glibc 2.28+, and install the 'manylinux_2_28' variant.
  warnings.warn(
[I 2025-05-26 03:20:57,494] Trial 15 finished with value: 0.9 and parameters: {'n_estimators': 100, 'max_depth': 30, 'gamma': 0.6984303211969353, 'subsample': 0.8917787426183781, 'colsample_bytree': 0.6623317023673337}. Best is trial 9 with value: 0.95.
/data/home/rtabares/anaconda3/envs/pyth3.12/lib/python3.12/site-packages/xgboost/core.py:377: FutureWarning: Your system has an old version of glibc (< 2.28). We will stop supporting Linux distros with glibc older than 2.28 after **May 31, 2025**. Please upgrade to a recent Linux distro (with glibc >= 2.28) to use future versions of XGBoost.
Note: You have installed the 'manylinux2014' variant of XGBoost. Certain features such as GPU algorithms or federated learning are not available. To use these features, please upgrade to a recent Linux distro with glibc 2.28+, and install the 'manylinux_2_28' variant.
  warnings.warn(
[I 2025-05-26 03:20:58,314] Trial 16 finished with value: 0.85 and parameters: {'n_estimators': 40, 'max_depth': 5, 'gamma': 0.865630271712138, 'subsample': 0.6323521564403337, 'colsample_bytree': 0.5893921638601891}. Best is trial 9 with value: 0.95.
[I 2025-05-26 03:20:58,368] Trial 17 finished with value: 0.85 and parameters: {'n_estimators': 100, 'max_depth': 30, 'gamma': 0.5246990431687781, 'subsample': 0.7577393092105148, 'colsample_bytree': 0.7109611479294711}. Best is trial 9 with value: 0.95.
[I 2025-05-26 03:20:58,410] Trial 18 finished with value: 0.85 and parameters: {'n_estimators': 40, 'max_depth': 5, 'gamma': 0.705132437872256, 'subsample': 0.8195110170972899, 'colsample_bytree': 0.5540149273468589}. Best is trial 9 with value: 0.95.
[I 2025-05-26 03:20:58,451] Trial 19 finished with value: 0.85 and parameters: {'n_estimators': 10, 'max_depth': 20, 'gamma': 0.9920118351013467, 'subsample': 0.6792377896445496, 'colsample_bytree': 0.9003852468330709}. Best is trial 9 with value: 0.95.
[I 2025-05-26 03:21:01,625] A new study created in memory with name: rf
Parámetros guardados en checkpoint_adult_Dlatent_G/lc/IPC_10/best_models_lc_seed_5_space_latent/xgb_best_params.json


>>> Optuna tuning rf metodo lc IPC 10 seed 5


[I 2025-05-26 03:21:03,449] Trial 0 finished with value: 0.5 and parameters: {'n_estimators': 189, 'max_depth': 18, 'min_samples_split': 3, 'min_samples_leaf': 10}. Best is trial 0 with value: 0.5.
[I 2025-05-26 03:21:03,976] Trial 1 finished with value: 0.85 and parameters: {'n_estimators': 295, 'max_depth': 14, 'min_samples_split': 8, 'min_samples_leaf': 6}. Best is trial 1 with value: 0.85.
[I 2025-05-26 03:21:04,256] Trial 2 finished with value: 0.5 and parameters: {'n_estimators': 219, 'max_depth': 6, 'min_samples_split': 2, 'min_samples_leaf': 8}. Best is trial 1 with value: 0.85.
[I 2025-05-26 03:21:04,623] Trial 3 finished with value: 0.85 and parameters: {'n_estimators': 276, 'max_depth': 5, 'min_samples_split': 9, 'min_samples_leaf': 3}. Best is trial 1 with value: 0.85.
[I 2025-05-26 03:21:04,960] Trial 4 finished with value: 0.85 and parameters: {'n_estimators': 266, 'max_depth': 8, 'min_samples_split': 7, 'min_samples_leaf': 6}. Best is trial 1 with value: 0.85.
[I 2025-05-26 03:21:05,455] Trial 5 finished with value: 0.95 and parameters: {'n_estimators': 340, 'max_depth': 7, 'min_samples_split': 4, 'min_samples_leaf': 3}. Best is trial 5 with value: 0.95.
[I 2025-05-26 03:21:05,815] Trial 6 finished with value: 0.5 and parameters: {'n_estimators': 231, 'max_depth': 5, 'min_samples_split': 3, 'min_samples_leaf': 10}. Best is trial 5 with value: 0.95.
[I 2025-05-26 03:21:06,728] Trial 7 finished with value: 0.9 and parameters: {'n_estimators': 485, 'max_depth': 6, 'min_samples_split': 2, 'min_samples_leaf': 3}. Best is trial 5 with value: 0.95.
[I 2025-05-26 03:21:07,553] Trial 8 finished with value: 0.9 and parameters: {'n_estimators': 380, 'max_depth': 17, 'min_samples_split': 2, 'min_samples_leaf': 6}. Best is trial 5 with value: 0.95.
[I 2025-05-26 03:21:07,731] Trial 9 finished with value: 0.5 and parameters: {'n_estimators': 100, 'max_depth': 12, 'min_samples_split': 7, 'min_samples_leaf': 10}. Best is trial 5 with value: 0.95.
[I 2025-05-26 03:21:08,257] Trial 10 finished with value: 0.9 and parameters: {'n_estimators': 384, 'max_depth': 10, 'min_samples_split': 5, 'min_samples_leaf': 2}. Best is trial 5 with value: 0.95.
[I 2025-05-26 03:21:09,561] Trial 11 finished with value: 0.95 and parameters: {'n_estimators': 498, 'max_depth': 8, 'min_samples_split': 5, 'min_samples_leaf': 4}. Best is trial 5 with value: 0.95.
[I 2025-05-26 03:21:10,838] Trial 12 finished with value: 0.95 and parameters: {'n_estimators': 489, 'max_depth': 3, 'min_samples_split': 5, 'min_samples_leaf': 1}. Best is trial 5 with value: 0.95.
[I 2025-05-26 03:21:11,966] Trial 13 finished with value: 0.95 and parameters: {'n_estimators': 406, 'max_depth': 9, 'min_samples_split': 5, 'min_samples_leaf': 4}. Best is trial 5 with value: 0.95.
[I 2025-05-26 03:21:12,522] Trial 14 finished with value: 0.95 and parameters: {'n_estimators': 434, 'max_depth': 13, 'min_samples_split': 6, 'min_samples_leaf': 4}. Best is trial 5 with value: 0.95.
[I 2025-05-26 03:21:12,938] Trial 15 finished with value: 0.9 and parameters: {'n_estimators': 347, 'max_depth': 8, 'min_samples_split': 4, 'min_samples_leaf': 4}. Best is trial 5 with value: 0.95.
[I 2025-05-26 03:21:13,346] Trial 16 finished with value: 0.95 and parameters: {'n_estimators': 330, 'max_depth': 15, 'min_samples_split': 10, 'min_samples_leaf': 1}. Best is trial 5 with value: 0.95.
[I 2025-05-26 03:21:13,886] Trial 17 finished with value: 0.85 and parameters: {'n_estimators': 445, 'max_depth': 11, 'min_samples_split': 4, 'min_samples_leaf': 5}. Best is trial 5 with value: 0.95.
[I 2025-05-26 03:21:14,082] Trial 18 finished with value: 0.5 and parameters: {'n_estimators': 109, 'max_depth': 7, 'min_samples_split': 6, 'min_samples_leaf': 7}. Best is trial 5 with value: 0.95.
[I 2025-05-26 03:21:14,624] Trial 19 finished with value: 0.95 and parameters: {'n_estimators': 341, 'max_depth': 3, 'min_samples_split': 4, 'min_samples_leaf': 2}. Best is trial 5 with value: 0.95.
[I 2025-05-26 03:21:17,854] A new study created in memory with name: svc
Parámetros guardados en checkpoint_adult_Dlatent_G/lc/IPC_10/best_models_lc_seed_5_space_latent/rf_best_params.json


>>> Optuna tuning svc metodo lc IPC 10 seed 5


[I 2025-05-26 03:21:20,306] Trial 0 finished with value: 0.65 and parameters: {'C': 0.07726319876517104, 'gamma': 0.3040389504793042}. Best is trial 0 with value: 0.65.
[I 2025-05-26 03:21:20,503] Trial 1 finished with value: 0.6 and parameters: {'C': 0.06712381339142241, 'gamma': 0.47254549996710477}. Best is trial 0 with value: 0.65.
[I 2025-05-26 03:21:20,522] Trial 2 finished with value: 0.95 and parameters: {'C': 0.8987621100554035, 'gamma': 0.027988231123708972}. Best is trial 2 with value: 0.95.
[I 2025-05-26 03:21:20,546] Trial 3 finished with value: 0.9 and parameters: {'C': 11.5779435007655, 'gamma': 0.011848734045499056}. Best is trial 2 with value: 0.95.
[I 2025-05-26 03:21:20,560] Trial 4 finished with value: 0.95 and parameters: {'C': 0.1538870258903583, 'gamma': 0.0005634883151169033}. Best is trial 2 with value: 0.95.
[I 2025-05-26 03:21:20,575] Trial 5 finished with value: 0.8 and parameters: {'C': 0.021036092656561454, 'gamma': 0.08990030906808326}. Best is trial 2 with value: 0.95.
[I 2025-05-26 03:21:20,589] Trial 6 finished with value: 0.95 and parameters: {'C': 0.5824208201678516, 'gamma': 0.00042977333932534993}. Best is trial 2 with value: 0.95.
[I 2025-05-26 03:21:20,603] Trial 7 finished with value: 0.9 and parameters: {'C': 33.09391330085814, 'gamma': 0.001248377256719358}. Best is trial 2 with value: 0.95.
[I 2025-05-26 03:21:20,617] Trial 8 finished with value: 0.95 and parameters: {'C': 0.45387898639622015, 'gamma': 0.0015286910781809498}. Best is trial 2 with value: 0.95.
[I 2025-05-26 03:21:20,631] Trial 9 finished with value: 1.0 and parameters: {'C': 3.274550070431994, 'gamma': 0.02086177421469992}. Best is trial 9 with value: 1.0.
[I 2025-05-26 03:21:20,650] Trial 10 finished with value: 0.9 and parameters: {'C': 8.09027166968415, 'gamma': 0.005985187208337879}. Best is trial 9 with value: 1.0.
[I 2025-05-26 03:21:21,348] Trial 11 finished with value: 0.95 and parameters: {'C': 2.9057870173010323, 'gamma': 0.03272129249079844}. Best is trial 9 with value: 1.0.
[I 2025-05-26 03:21:22,145] Trial 12 finished with value: 0.95 and parameters: {'C': 2.0828821079190423, 'gamma': 0.056272747936447924}. Best is trial 9 with value: 1.0.
[I 2025-05-26 03:21:22,179] Trial 13 finished with value: 0.9 and parameters: {'C': 71.86279797372092, 'gamma': 0.005769479615997327}. Best is trial 9 with value: 1.0.
[I 2025-05-26 03:21:22,204] Trial 14 finished with value: 0.95 and parameters: {'C': 0.8788702602424721, 'gamma': 0.00010410657631139162}. Best is trial 9 with value: 1.0.
[I 2025-05-26 03:21:22,231] Trial 15 finished with value: 1.0 and parameters: {'C': 4.1092842579112485, 'gamma': 0.01748603775859109}. Best is trial 9 with value: 1.0.
[I 2025-05-26 03:21:22,252] Trial 16 finished with value: 0.8 and parameters: {'C': 6.874029660652909, 'gamma': 0.15076065946140363}. Best is trial 9 with value: 1.0.
[I 2025-05-26 03:21:22,901] Trial 17 finished with value: 0.9 and parameters: {'C': 17.24058236851814, 'gamma': 0.011774359530314407}. Best is trial 9 with value: 1.0.
[I 2025-05-26 03:21:22,923] Trial 18 finished with value: 0.9 and parameters: {'C': 3.2416692715754065, 'gamma': 0.0025946779536194435}. Best is trial 9 with value: 1.0.
[I 2025-05-26 03:21:22,945] Trial 19 finished with value: 0.65 and parameters: {'C': 92.54886405463196, 'gamma': 0.8981496536972738}. Best is trial 9 with value: 1.0.
[I 2025-05-26 03:21:24,878] A new study created in memory with name: logreg
Parámetros guardados en checkpoint_adult_Dlatent_G/lc/IPC_10/best_models_lc_seed_5_space_latent/svc_best_params.json


>>> Optuna tuning logreg metodo lc IPC 10 seed 5


[I 2025-05-26 03:21:29,536] Trial 0 finished with value: 0.95 and parameters: {'C': 0.012881482725481003, 'penalty': 'l2'}. Best is trial 0 with value: 0.95.
[I 2025-05-26 03:21:30,972] Trial 1 finished with value: 0.9 and parameters: {'C': 22.576755560681583, 'penalty': 'l2'}. Best is trial 0 with value: 0.95.
[I 2025-05-26 03:21:30,987] Trial 2 finished with value: 0.95 and parameters: {'C': 0.010804278656839932, 'penalty': 'l2'}. Best is trial 0 with value: 0.95.
[I 2025-05-26 03:21:32,137] Trial 3 finished with value: 0.9 and parameters: {'C': 39.17910760336117, 'penalty': 'l2'}. Best is trial 0 with value: 0.95.
[I 2025-05-26 03:21:32,162] Trial 4 finished with value: 0.95 and parameters: {'C': 0.2767298094062571, 'penalty': 'l2'}. Best is trial 0 with value: 0.95.
[I 2025-05-26 03:21:32,186] Trial 5 finished with value: 0.9 and parameters: {'C': 1.1447728330837224, 'penalty': 'l2'}. Best is trial 0 with value: 0.95.
[I 2025-05-26 03:21:32,199] Trial 6 finished with value: 0.9 and parameters: {'C': 6.753661388238877, 'penalty': 'l2'}. Best is trial 0 with value: 0.95.
[I 2025-05-26 03:21:32,211] Trial 7 finished with value: 0.95 and parameters: {'C': 0.39092184460352974, 'penalty': 'l2'}. Best is trial 0 with value: 0.95.
[I 2025-05-26 03:21:32,235] Trial 8 finished with value: 0.95 and parameters: {'C': 0.03047912590082646, 'penalty': 'l2'}. Best is trial 0 with value: 0.95.
[I 2025-05-26 03:21:32,258] Trial 9 finished with value: 0.95 and parameters: {'C': 0.008681727362499118, 'penalty': 'l2'}. Best is trial 0 with value: 0.95.
[I 2025-05-26 03:21:32,276] Trial 10 finished with value: 0.95 and parameters: {'C': 0.0010146302597657177, 'penalty': 'l2'}. Best is trial 0 with value: 0.95.
[I 2025-05-26 03:21:33,255] Trial 11 finished with value: 0.95 and parameters: {'C': 0.0199662686693303, 'penalty': 'l2'}. Best is trial 0 with value: 0.95.
[I 2025-05-26 03:21:33,287] Trial 12 finished with value: 0.95 and parameters: {'C': 0.0016346313516918368, 'penalty': 'l2'}. Best is trial 0 with value: 0.95.
[I 2025-05-26 03:21:34,747] Trial 13 finished with value: 0.95 and parameters: {'C': 0.0714333727973949, 'penalty': 'l2'}. Best is trial 0 with value: 0.95.
[I 2025-05-26 03:21:36,099] Trial 14 finished with value: 0.95 and parameters: {'C': 0.004204976475301702, 'penalty': 'l2'}. Best is trial 0 with value: 0.95.
[I 2025-05-26 03:21:36,129] Trial 15 finished with value: 0.95 and parameters: {'C': 0.08940155280126451, 'penalty': 'l2'}. Best is trial 0 with value: 0.95.
[I 2025-05-26 03:21:36,180] Trial 16 finished with value: 0.95 and parameters: {'C': 0.006546178987596756, 'penalty': 'l2'}. Best is trial 0 with value: 0.95.
[I 2025-05-26 03:21:36,205] Trial 17 finished with value: 0.9 and parameters: {'C': 1.4752552821847151, 'penalty': 'l2'}. Best is trial 0 with value: 0.95.
[I 2025-05-26 03:21:36,240] Trial 18 finished with value: 0.95 and parameters: {'C': 0.02888779259712015, 'penalty': 'l2'}. Best is trial 0 with value: 0.95.
[I 2025-05-26 03:21:36,271] Trial 19 finished with value: 0.95 and parameters: {'C': 0.002520448080692226, 'penalty': 'l2'}. Best is trial 0 with value: 0.95.
/data/home/rtabares/anaconda3/envs/pyth3.12/lib/python3.12/site-packages/xgboost/core.py:377: FutureWarning: Your system has an old version of glibc (< 2.28). We will stop supporting Linux distros with glibc older than 2.28 after **May 31, 2025**. Please upgrade to a recent Linux distro (with glibc >= 2.28) to use future versions of XGBoost.
Note: You have installed the 'manylinux2014' variant of XGBoost. Certain features such as GPU algorithms or federated learning are not available. To use these features, please upgrade to a recent Linux distro with glibc 2.28+, and install the 'manylinux_2_28' variant.
  warnings.warn(
[I 2025-05-26 03:21:43,052] A new study created in memory with name: mlp
Parámetros guardados en checkpoint_adult_Dlatent_G/lc/IPC_10/best_models_lc_seed_5_space_latent/logreg_best_params.json


>>> Optuna tuning mlp metodo lc IPC 10 seed 5


/data/home/rtabares/anaconda3/envs/pyth3.12/lib/python3.12/site-packages/sklearn/neural_network/_multilayer_perceptron.py:691: ConvergenceWarning: Stochastic Optimizer: Maximum iterations (50) reached and the optimization hasn't converged yet.
  warnings.warn(
/data/home/rtabares/anaconda3/envs/pyth3.12/lib/python3.12/site-packages/sklearn/neural_network/_multilayer_perceptron.py:691: ConvergenceWarning: Stochastic Optimizer: Maximum iterations (50) reached and the optimization hasn't converged yet.
  warnings.warn(
/data/home/rtabares/anaconda3/envs/pyth3.12/lib/python3.12/site-packages/sklearn/neural_network/_multilayer_perceptron.py:691: ConvergenceWarning: Stochastic Optimizer: Maximum iterations (50) reached and the optimization hasn't converged yet.
  warnings.warn(
/data/home/rtabares/anaconda3/envs/pyth3.12/lib/python3.12/site-packages/sklearn/neural_network/_multilayer_perceptron.py:691: ConvergenceWarning: Stochastic Optimizer: Maximum iterations (50) reached and the optimization hasn't converged yet.
  warnings.warn(
/data/home/rtabares/anaconda3/envs/pyth3.12/lib/python3.12/site-packages/sklearn/neural_network/_multilayer_perceptron.py:691: ConvergenceWarning: Stochastic Optimizer: Maximum iterations (50) reached and the optimization hasn't converged yet.
  warnings.warn(
[I 2025-05-26 03:21:43,746] Trial 0 finished with value: 0.95 and parameters: {'hidden_layer_sizes': (200,), 'max_iter': 50, 'alpha': 0.001}. Best is trial 0 with value: 0.95.
/data/home/rtabares/anaconda3/envs/pyth3.12/lib/python3.12/site-packages/sklearn/neural_network/_multilayer_perceptron.py:691: ConvergenceWarning: Stochastic Optimizer: Maximum iterations (100) reached and the optimization hasn't converged yet.
  warnings.warn(
/data/home/rtabares/anaconda3/envs/pyth3.12/lib/python3.12/site-packages/sklearn/neural_network/_multilayer_perceptron.py:691: ConvergenceWarning: Stochastic Optimizer: Maximum iterations (100) reached and the optimization hasn't converged yet.
  warnings.warn(
/data/home/rtabares/anaconda3/envs/pyth3.12/lib/python3.12/site-packages/sklearn/neural_network/_multilayer_perceptron.py:691: ConvergenceWarning: Stochastic Optimizer: Maximum iterations (100) reached and the optimization hasn't converged yet.
  warnings.warn(
/data/home/rtabares/anaconda3/envs/pyth3.12/lib/python3.12/site-packages/sklearn/neural_network/_multilayer_perceptron.py:691: ConvergenceWarning: Stochastic Optimizer: Maximum iterations (100) reached and the optimization hasn't converged yet.
  warnings.warn(
[I 2025-05-26 03:21:43,824] Trial 1 finished with value: 0.95 and parameters: {'hidden_layer_sizes': (100,), 'max_iter': 100, 'alpha': 0.0001}. Best is trial 0 with value: 0.95.
/data/home/rtabares/anaconda3/envs/pyth3.12/lib/python3.12/site-packages/sklearn/neural_network/_multilayer_perceptron.py:691: ConvergenceWarning: Stochastic Optimizer: Maximum iterations (100) reached and the optimization hasn't converged yet.
  warnings.warn(
/data/home/rtabares/anaconda3/envs/pyth3.12/lib/python3.12/site-packages/sklearn/neural_network/_multilayer_perceptron.py:691: ConvergenceWarning: Stochastic Optimizer: Maximum iterations (100) reached and the optimization hasn't converged yet.
  warnings.warn(
/data/home/rtabares/anaconda3/envs/pyth3.12/lib/python3.12/site-packages/sklearn/neural_network/_multilayer_perceptron.py:691: ConvergenceWarning: Stochastic Optimizer: Maximum iterations (100) reached and the optimization hasn't converged yet.
  warnings.warn(
/data/home/rtabares/anaconda3/envs/pyth3.12/lib/python3.12/site-packages/sklearn/neural_network/_multilayer_perceptron.py:691: ConvergenceWarning: Stochastic Optimizer: Maximum iterations (100) reached and the optimization hasn't converged yet.
  warnings.warn(
/data/home/rtabares/anaconda3/envs/pyth3.12/lib/python3.12/site-packages/sklearn/neural_network/_multilayer_perceptron.py:691: ConvergenceWarning: Stochastic Optimizer: Maximum iterations (100) reached and the optimization hasn't converged yet.
  warnings.warn(
