[I 2025-05-26 03:22:09,042] Trial 6 finished with value: 0.85 and parameters: {'n_estimators': 100, 'max_depth': 20, 'gamma': 0.6718205850237038, 'subsample': 0.9059511955902053, 'colsample_bytree': 0.9633413076219371}. Best is trial 0 with value: 0.9.
/data/home/rtabares/anaconda3/envs/pyth3.12/lib/python3.12/site-packages/xgboost/core.py:377: FutureWarning: Your system has an old version of glibc (< 2.28). We will stop supporting Linux distros with glibc older than 2.28 after **May 31, 2025**. Please upgrade to a recent Linux distro (with glibc >= 2.28) to use future versions of XGBoost.
Note: You have installed the 'manylinux2014' variant of XGBoost. Certain features such as GPU algorithms or federated learning are not available. To use these features, please upgrade to a recent Linux distro with glibc 2.28+, and install the 'manylinux_2_28' variant.
  warnings.warn(
/data/home/rtabares/anaconda3/envs/pyth3.12/lib/python3.12/site-packages/xgboost/core.py:377: FutureWarning: Your system has an old version of glibc (< 2.28). We will stop supporting Linux distros with glibc older than 2.28 after **May 31, 2025**. Please upgrade to a recent Linux distro (with glibc >= 2.28) to use future versions of XGBoost.
Note: You have installed the 'manylinux2014' variant of XGBoost. Certain features such as GPU algorithms or federated learning are not available. To use these features, please upgrade to a recent Linux distro with glibc 2.28+, and install the 'manylinux_2_28' variant.
  warnings.warn(
/data/home/rtabares/anaconda3/envs/pyth3.12/lib/python3.12/site-packages/xgboost/core.py:377: FutureWarning: Your system has an old version of glibc (< 2.28). We will stop supporting Linux distros with glibc older than 2.28 after **May 31, 2025**. Please upgrade to a recent Linux distro (with glibc >= 2.28) to use future versions of XGBoost.
Note: You have installed the 'manylinux2014' variant of XGBoost. Certain features such as GPU algorithms or federated learning are not available. To use these features, please upgrade to a recent Linux distro with glibc 2.28+, and install the 'manylinux_2_28' variant.
  warnings.warn(
[I 2025-05-26 03:22:09,091] Trial 7 finished with value: 0.85 and parameters: {'n_estimators': 10, 'max_depth': 30, 'gamma': 0.8165284487704038, 'subsample': 0.5255714015506736, 'colsample_bytree': 0.594333867896554}. Best is trial 0 with value: 0.9.
/data/home/rtabares/anaconda3/envs/pyth3.12/lib/python3.12/site-packages/xgboost/core.py:377: FutureWarning: Your system has an old version of glibc (< 2.28). We will stop supporting Linux distros with glibc older than 2.28 after **May 31, 2025**. Please upgrade to a recent Linux distro (with glibc >= 2.28) to use future versions of XGBoost.
Note: You have installed the 'manylinux2014' variant of XGBoost. Certain features such as GPU algorithms or federated learning are not available. To use these features, please upgrade to a recent Linux distro with glibc 2.28+, and install the 'manylinux_2_28' variant.
  warnings.warn(
/data/home/rtabares/anaconda3/envs/pyth3.12/lib/python3.12/site-packages/xgboost/core.py:377: FutureWarning: Your system has an old version of glibc (< 2.28). We will stop supporting Linux distros with glibc older than 2.28 after **May 31, 2025**. Please upgrade to a recent Linux distro (with glibc >= 2.28) to use future versions of XGBoost.
Note: You have installed the 'manylinux2014' variant of XGBoost. Certain features such as GPU algorithms or federated learning are not available. To use these features, please upgrade to a recent Linux distro with glibc 2.28+, and install the 'manylinux_2_28' variant.
  warnings.warn(
/data/home/rtabares/anaconda3/envs/pyth3.12/lib/python3.12/site-packages/xgboost/core.py:377: FutureWarning: Your system has an old version of glibc (< 2.28). We will stop supporting Linux distros with glibc older than 2.28 after **May 31, 2025**. Please upgrade to a recent Linux distro (with glibc >= 2.28) to use future versions of XGBoost.
Note: You have installed the 'manylinux2014' variant of XGBoost. Certain features such as GPU algorithms or federated learning are not available. To use these features, please upgrade to a recent Linux distro with glibc 2.28+, and install the 'manylinux_2_28' variant.
  warnings.warn(
[I 2025-05-26 03:22:09,137] Trial 8 finished with value: 0.85 and parameters: {'n_estimators': 100, 'max_depth': 20, 'gamma': 0.6251497693480509, 'subsample': 0.9696496759824258, 'colsample_bytree': 0.9717700410079397}. Best is trial 0 with value: 0.9.
/data/home/rtabares/anaconda3/envs/pyth3.12/lib/python3.12/site-packages/xgboost/core.py:377: FutureWarning: Your system has an old version of glibc (< 2.28). We will stop supporting Linux distros with glibc older than 2.28 after **May 31, 2025**. Please upgrade to a recent Linux distro (with glibc >= 2.28) to use future versions of XGBoost.
Note: You have installed the 'manylinux2014' variant of XGBoost. Certain features such as GPU algorithms or federated learning are not available. To use these features, please upgrade to a recent Linux distro with glibc 2.28+, and install the 'manylinux_2_28' variant.
  warnings.warn(
/data/home/rtabares/anaconda3/envs/pyth3.12/lib/python3.12/site-packages/xgboost/core.py:377: FutureWarning: Your system has an old version of glibc (< 2.28). We will stop supporting Linux distros with glibc older than 2.28 after **May 31, 2025**. Please upgrade to a recent Linux distro (with glibc >= 2.28) to use future versions of XGBoost.
Note: You have installed the 'manylinux2014' variant of XGBoost. Certain features such as GPU algorithms or federated learning are not available. To use these features, please upgrade to a recent Linux distro with glibc 2.28+, and install the 'manylinux_2_28' variant.
  warnings.warn(
/data/home/rtabares/anaconda3/envs/pyth3.12/lib/python3.12/site-packages/xgboost/core.py:377: FutureWarning: Your system has an old version of glibc (< 2.28). We will stop supporting Linux distros with glibc older than 2.28 after **May 31, 2025**. Please upgrade to a recent Linux distro (with glibc >= 2.28) to use future versions of XGBoost.
Note: You have installed the 'manylinux2014' variant of XGBoost. Certain features such as GPU algorithms or federated learning are not available. To use these features, please upgrade to a recent Linux distro with glibc 2.28+, and install the 'manylinux_2_28' variant.
  warnings.warn(
[I 2025-05-26 03:22:09,195] Trial 9 finished with value: 0.95 and parameters: {'n_estimators': 40, 'max_depth': 30, 'gamma': 0.9649927737686168, 'subsample': 0.6857563076640036, 'colsample_bytree': 0.5061847058001788}. Best is trial 9 with value: 0.95.
/data/home/rtabares/anaconda3/envs/pyth3.12/lib/python3.12/site-packages/xgboost/core.py:377: FutureWarning: Your system has an old version of glibc (< 2.28). We will stop supporting Linux distros with glibc older than 2.28 after **May 31, 2025**. Please upgrade to a recent Linux distro (with glibc >= 2.28) to use future versions of XGBoost.
Note: You have installed the 'manylinux2014' variant of XGBoost. Certain features such as GPU algorithms or federated learning are not available. To use these features, please upgrade to a recent Linux distro with glibc 2.28+, and install the 'manylinux_2_28' variant.
  warnings.warn(
/data/home/rtabares/anaconda3/envs/pyth3.12/lib/python3.12/site-packages/xgboost/core.py:377: FutureWarning: Your system has an old version of glibc (< 2.28). We will stop supporting Linux distros with glibc older than 2.28 after **May 31, 2025**. Please upgrade to a recent Linux distro (with glibc >= 2.28) to use future versions of XGBoost.
Note: You have installed the 'manylinux2014' variant of XGBoost. Certain features such as GPU algorithms or federated learning are not available. To use these features, please upgrade to a recent Linux distro with glibc 2.28+, and install the 'manylinux_2_28' variant.
  warnings.warn(
[I 2025-05-26 03:22:09,255] Trial 10 finished with value: 0.9 and parameters: {'n_estimators': 40, 'max_depth': 30, 'gamma': 0.9862249721904246, 'subsample': 0.685188884228765, 'colsample_bytree': 0.7898330861721071}. Best is trial 9 with value: 0.95.
/data/home/rtabares/anaconda3/envs/pyth3.12/lib/python3.12/site-packages/xgboost/core.py:377: FutureWarning: Your system has an old version of glibc (< 2.28). We will stop supporting Linux distros with glibc older than 2.28 after **May 31, 2025**. Please upgrade to a recent Linux distro (with glibc >= 2.28) to use future versions of XGBoost.
Note: You have installed the 'manylinux2014' variant of XGBoost. Certain features such as GPU algorithms or federated learning are not available. To use these features, please upgrade to a recent Linux distro with glibc 2.28+, and install the 'manylinux_2_28' variant.
  warnings.warn(
/data/home/rtabares/anaconda3/envs/pyth3.12/lib/python3.12/site-packages/xgboost/core.py:377: FutureWarning: Your system has an old version of glibc (< 2.28). We will stop supporting Linux distros with glibc older than 2.28 after **May 31, 2025**. Please upgrade to a recent Linux distro (with glibc >= 2.28) to use future versions of XGBoost.
Note: You have installed the 'manylinux2014' variant of XGBoost. Certain features such as GPU algorithms or federated learning are not available. To use these features, please upgrade to a recent Linux distro with glibc 2.28+, and install the 'manylinux_2_28' variant.
  warnings.warn(
/data/home/rtabares/anaconda3/envs/pyth3.12/lib/python3.12/site-packages/xgboost/core.py:377: FutureWarning: Your system has an old version of glibc (< 2.28). We will stop supporting Linux distros with glibc older than 2.28 after **May 31, 2025**. Please upgrade to a recent Linux distro (with glibc >= 2.28) to use future versions of XGBoost.
Note: You have installed the 'manylinux2014' variant of XGBoost. Certain features such as GPU algorithms or federated learning are not available. To use these features, please upgrade to a recent Linux distro with glibc 2.28+, and install the 'manylinux_2_28' variant.
  warnings.warn(
[I 2025-05-26 03:22:10,001] Trial 11 finished with value: 0.9 and parameters: {'n_estimators': 40, 'max_depth': 5, 'gamma': 0.1591775883705288, 'subsample': 0.8169261523700544, 'colsample_bytree': 0.6815498556783907}. Best is trial 9 with value: 0.95.
/data/home/rtabares/anaconda3/envs/pyth3.12/lib/python3.12/site-packages/xgboost/core.py:377: FutureWarning: Your system has an old version of glibc (< 2.28). We will stop supporting Linux distros with glibc older than 2.28 after **May 31, 2025**. Please upgrade to a recent Linux distro (with glibc >= 2.28) to use future versions of XGBoost.
Note: You have installed the 'manylinux2014' variant of XGBoost. Certain features such as GPU algorithms or federated learning are not available. To use these features, please upgrade to a recent Linux distro with glibc 2.28+, and install the 'manylinux_2_28' variant.
  warnings.warn(
/data/home/rtabares/anaconda3/envs/pyth3.12/lib/python3.12/site-packages/xgboost/core.py:377: FutureWarning: Your system has an old version of glibc (< 2.28). We will stop supporting Linux distros with glibc older than 2.28 after **May 31, 2025**. Please upgrade to a recent Linux distro (with glibc >= 2.28) to use future versions of XGBoost.
Note: You have installed the 'manylinux2014' variant of XGBoost. Certain features such as GPU algorithms or federated learning are not available. To use these features, please upgrade to a recent Linux distro with glibc 2.28+, and install the 'manylinux_2_28' variant.
  warnings.warn(
[I 2025-05-26 03:22:10,732] Trial 12 finished with value: 0.9 and parameters: {'n_estimators': 40, 'max_depth': 5, 'gamma': 0.9775399440029642, 'subsample': 0.7710501840923107, 'colsample_bytree': 0.7136404265878388}. Best is trial 9 with value: 0.95.
[I 2025-05-26 03:22:10,772] Trial 13 finished with value: 0.8 and parameters: {'n_estimators': 40, 'max_depth': 5, 'gamma': 0.7594586124175277, 'subsample': 0.6351746725003898, 'colsample_bytree': 0.6292262049475232}. Best is trial 9 with value: 0.95.
[I 2025-05-26 03:22:10,825] Trial 14 finished with value: 0.85 and parameters: {'n_estimators': 40, 'max_depth': 30, 'gamma': 0.9077336027468454, 'subsample': 0.8250928805929847, 'colsample_bytree': 0.8362987332462066}. Best is trial 9 with value: 0.95.
[I 2025-05-26 03:22:10,873] Trial 15 finished with value: 0.85 and parameters: {'n_estimators': 40, 'max_depth': 30, 'gamma': 0.6984303211969353, 'subsample': 0.6263373069905526, 'colsample_bytree': 0.5110507441634415}. Best is trial 9 with value: 0.95.
/data/home/rtabares/anaconda3/envs/pyth3.12/lib/python3.12/site-packages/xgboost/core.py:377: FutureWarning: Your system has an old version of glibc (< 2.28). We will stop supporting Linux distros with glibc older than 2.28 after **May 31, 2025**. Please upgrade to a recent Linux distro (with glibc >= 2.28) to use future versions of XGBoost.
Note: You have installed the 'manylinux2014' variant of XGBoost. Certain features such as GPU algorithms or federated learning are not available. To use these features, please upgrade to a recent Linux distro with glibc 2.28+, and install the 'manylinux_2_28' variant.
  warnings.warn(
[I 2025-05-26 03:22:11,547] Trial 16 finished with value: 0.85 and parameters: {'n_estimators': 40, 'max_depth': 5, 'gamma': 0.5910840220265552, 'subsample': 0.7495390284320108, 'colsample_bytree': 0.8810094054474}. Best is trial 9 with value: 0.95.
[I 2025-05-26 03:22:11,586] Trial 17 finished with value: 0.9 and parameters: {'n_estimators': 40, 'max_depth': 30, 'gamma': 0.4823152355002448, 'subsample': 0.8794206962560682, 'colsample_bytree': 0.7358572068823183}. Best is trial 9 with value: 0.95.
/data/home/rtabares/anaconda3/envs/pyth3.12/lib/python3.12/site-packages/xgboost/core.py:377: FutureWarning: Your system has an old version of glibc (< 2.28). We will stop supporting Linux distros with glibc older than 2.28 after **May 31, 2025**. Please upgrade to a recent Linux distro (with glibc >= 2.28) to use future versions of XGBoost.
Note: You have installed the 'manylinux2014' variant of XGBoost. Certain features such as GPU algorithms or federated learning are not available. To use these features, please upgrade to a recent Linux distro with glibc 2.28+, and install the 'manylinux_2_28' variant.
  warnings.warn(
[I 2025-05-26 03:22:12,332] Trial 18 finished with value: 0.9 and parameters: {'n_estimators': 40, 'max_depth': 5, 'gamma': 0.8736938376315007, 'subsample': 0.6780669908239779, 'colsample_bytree': 0.5845940860519697}. Best is trial 9 with value: 0.95.
[I 2025-05-26 03:22:12,368] Trial 19 finished with value: 0.9 and parameters: {'n_estimators': 10, 'max_depth': 20, 'gamma': 0.7125121723603507, 'subsample': 0.7487931599912829, 'colsample_bytree': 0.6676053359201292}. Best is trial 9 with value: 0.95.
[I 2025-05-26 03:22:14,426] A new study created in memory with name: rf
Parámetros guardados en checkpoint_adult_Dlatent_G/lc/IPC_10/best_models_lc_seed_5_space_original/xgb_best_params.json


>>> Optuna tuning rf metodo lc IPC 10 seed 5


[I 2025-05-26 03:22:17,832] Trial 0 finished with value: 0.5 and parameters: {'n_estimators': 189, 'max_depth': 18, 'min_samples_split': 3, 'min_samples_leaf': 10}. Best is trial 0 with value: 0.5.
[I 2025-05-26 03:22:18,471] Trial 1 finished with value: 0.9 and parameters: {'n_estimators': 295, 'max_depth': 14, 'min_samples_split': 8, 'min_samples_leaf': 6}. Best is trial 1 with value: 0.9.
[I 2025-05-26 03:22:18,740] Trial 2 finished with value: 0.5 and parameters: {'n_estimators': 219, 'max_depth': 6, 'min_samples_split': 2, 'min_samples_leaf': 8}. Best is trial 1 with value: 0.9.
[I 2025-05-26 03:22:19,100] Trial 3 finished with value: 0.95 and parameters: {'n_estimators': 276, 'max_depth': 5, 'min_samples_split': 9, 'min_samples_leaf': 3}. Best is trial 3 with value: 0.95.
[I 2025-05-26 03:22:19,461] Trial 4 finished with value: 0.85 and parameters: {'n_estimators': 266, 'max_depth': 8, 'min_samples_split': 7, 'min_samples_leaf': 6}. Best is trial 3 with value: 0.95.
[I 2025-05-26 03:22:20,162] Trial 5 finished with value: 0.95 and parameters: {'n_estimators': 340, 'max_depth': 7, 'min_samples_split': 4, 'min_samples_leaf': 3}. Best is trial 3 with value: 0.95.
[I 2025-05-26 03:22:20,770] Trial 6 finished with value: 0.5 and parameters: {'n_estimators': 231, 'max_depth': 5, 'min_samples_split': 3, 'min_samples_leaf': 10}. Best is trial 3 with value: 0.95.
[I 2025-05-26 03:22:21,506] Trial 7 finished with value: 0.95 and parameters: {'n_estimators': 485, 'max_depth': 6, 'min_samples_split': 2, 'min_samples_leaf': 3}. Best is trial 3 with value: 0.95.
[I 2025-05-26 03:22:22,017] Trial 8 finished with value: 0.7 and parameters: {'n_estimators': 380, 'max_depth': 17, 'min_samples_split': 2, 'min_samples_leaf': 6}. Best is trial 3 with value: 0.95.
[I 2025-05-26 03:22:22,225] Trial 9 finished with value: 0.5 and parameters: {'n_estimators': 100, 'max_depth': 12, 'min_samples_split': 7, 'min_samples_leaf': 10}. Best is trial 3 with value: 0.95.
[I 2025-05-26 03:22:22,749] Trial 10 finished with value: 0.9 and parameters: {'n_estimators': 446, 'max_depth': 3, 'min_samples_split': 10, 'min_samples_leaf': 2}. Best is trial 3 with value: 0.95.
[I 2025-05-26 03:22:23,866] Trial 11 finished with value: 0.9 and parameters: {'n_estimators': 364, 'max_depth': 9, 'min_samples_split': 10, 'min_samples_leaf': 4}. Best is trial 3 with value: 0.95.
[I 2025-05-26 03:22:24,365] Trial 12 finished with value: 0.95 and parameters: {'n_estimators': 379, 'max_depth': 10, 'min_samples_split': 5, 'min_samples_leaf': 1}. Best is trial 3 with value: 0.95.
[I 2025-05-26 03:22:25,409] Trial 13 finished with value: 0.95 and parameters: {'n_estimators': 321, 'max_depth': 4, 'min_samples_split': 5, 'min_samples_leaf': 4}. Best is trial 3 with value: 0.95.
[I 2025-05-26 03:22:25,704] Trial 14 finished with value: 0.9 and parameters: {'n_estimators': 173, 'max_depth': 7, 'min_samples_split': 5, 'min_samples_leaf': 1}. Best is trial 3 with value: 0.95.
[I 2025-05-26 03:22:26,111] Trial 15 finished with value: 1.0 and parameters: {'n_estimators': 334, 'max_depth': 12, 'min_samples_split': 9, 'min_samples_leaf': 4}. Best is trial 15 with value: 1.0.
[I 2025-05-26 03:22:26,605] Trial 16 finished with value: 1.0 and parameters: {'n_estimators': 415, 'max_depth': 14, 'min_samples_split': 9, 'min_samples_leaf': 4}. Best is trial 15 with value: 1.0.
[I 2025-05-26 03:22:27,106] Trial 17 finished with value: 0.95 and parameters: {'n_estimators': 431, 'max_depth': 15, 'min_samples_split': 8, 'min_samples_leaf': 5}. Best is trial 15 with value: 1.0.
[I 2025-05-26 03:22:27,606] Trial 18 finished with value: 0.5 and parameters: {'n_estimators': 434, 'max_depth': 12, 'min_samples_split': 9, 'min_samples_leaf': 7}. Best is trial 15 with value: 1.0.
[I 2025-05-26 03:22:28,171] Trial 19 finished with value: 0.95 and parameters: {'n_estimators': 488, 'max_depth': 15, 'min_samples_split': 7, 'min_samples_leaf': 5}. Best is trial 15 with value: 1.0.
[I 2025-05-26 03:22:31,592] A new study created in memory with name: svc
Parámetros guardados en checkpoint_adult_Dlatent_G/lc/IPC_10/best_models_lc_seed_5_space_original/rf_best_params.json


>>> Optuna tuning svc metodo lc IPC 10 seed 5


[I 2025-05-26 03:22:33,973] Trial 0 finished with value: 0.7 and parameters: {'C': 0.07726319876517104, 'gamma': 0.3040389504793042}. Best is trial 0 with value: 0.7.
[I 2025-05-26 03:22:34,269] Trial 1 finished with value: 0.6 and parameters: {'C': 0.06712381339142241, 'gamma': 0.47254549996710477}. Best is trial 0 with value: 0.7.
[I 2025-05-26 03:22:34,286] Trial 2 finished with value: 1.0 and parameters: {'C': 0.8987621100554035, 'gamma': 0.027988231123708972}. Best is trial 2 with value: 1.0.
[I 2025-05-26 03:22:34,299] Trial 3 finished with value: 1.0 and parameters: {'C': 11.5779435007655, 'gamma': 0.011848734045499056}. Best is trial 2 with value: 1.0.
[I 2025-05-26 03:22:34,314] Trial 4 finished with value: 0.7 and parameters: {'C': 0.1538870258903583, 'gamma': 0.0005634883151169033}. Best is trial 2 with value: 1.0.
[I 2025-05-26 03:22:34,329] Trial 5 finished with value: 0.95 and parameters: {'C': 0.021036092656561454, 'gamma': 0.08990030906808326}. Best is trial 2 with value: 1.0.
[I 2025-05-26 03:22:34,343] Trial 6 finished with value: 0.7 and parameters: {'C': 0.5824208201678516, 'gamma': 0.00042977333932534993}. Best is trial 2 with value: 1.0.
[I 2025-05-26 03:22:34,358] Trial 7 finished with value: 1.0 and parameters: {'C': 33.09391330085814, 'gamma': 0.001248377256719358}. Best is trial 2 with value: 1.0.
[I 2025-05-26 03:22:34,371] Trial 8 finished with value: 0.7 and parameters: {'C': 0.45387898639622015, 'gamma': 0.0015286910781809498}. Best is trial 2 with value: 1.0.
[I 2025-05-26 03:22:34,384] Trial 9 finished with value: 1.0 and parameters: {'C': 3.274550070431994, 'gamma': 0.02086177421469992}. Best is trial 2 with value: 1.0.
[I 2025-05-26 03:22:34,406] Trial 10 finished with value: 1.0 and parameters: {'C': 3.454225646092145, 'gamma': 0.04920330178902686}. Best is trial 2 with value: 1.0.
[I 2025-05-26 03:22:35,096] Trial 11 finished with value: 1.0 and parameters: {'C': 83.38338477130266, 'gamma': 0.006119939775279376}. Best is trial 2 with value: 1.0.
[I 2025-05-26 03:22:35,767] Trial 12 finished with value: 1.0 and parameters: {'C': 10.7020612074987, 'gamma': 0.007311990224281433}. Best is trial 2 with value: 1.0.
[I 2025-05-26 03:22:35,791] Trial 13 finished with value: 1.0 and parameters: {'C': 3.254660087479427, 'gamma': 0.09914832930087754}. Best is trial 2 with value: 1.0.
[I 2025-05-26 03:22:35,813] Trial 14 finished with value: 0.7 and parameters: {'C': 16.57466972880671, 'gamma': 0.00010410657631139162}. Best is trial 2 with value: 1.0.
