[I 2025-05-18 17:33:23,545] Trial 9 finished with value: 0.6272727272727272 and parameters: {'n_estimators': 100, 'max_depth': 5, 'gamma': 0.8003922413895069, 'subsample': 0.9436444759263674, 'colsample_bytree': 0.8374593849333938}. Best is trial 3 with value: 0.6613636363636364.
/data/home/rtabares/anaconda3/envs/pyth3.12/lib/python3.12/site-packages/xgboost/core.py:377: FutureWarning: Your system has an old version of glibc (< 2.28). We will stop supporting Linux distros with glibc older than 2.28 after **May 31, 2025**. Please upgrade to a recent Linux distro (with glibc >= 2.28) to use future versions of XGBoost.
Note: You have installed the 'manylinux2014' variant of XGBoost. Certain features such as GPU algorithms or federated learning are not available. To use these features, please upgrade to a recent Linux distro with glibc 2.28+, and install the 'manylinux_2_28' variant.
  warnings.warn(
/data/home/rtabares/anaconda3/envs/pyth3.12/lib/python3.12/site-packages/xgboost/core.py:377: FutureWarning: Your system has an old version of glibc (< 2.28). We will stop supporting Linux distros with glibc older than 2.28 after **May 31, 2025**. Please upgrade to a recent Linux distro (with glibc >= 2.28) to use future versions of XGBoost.
Note: You have installed the 'manylinux2014' variant of XGBoost. Certain features such as GPU algorithms or federated learning are not available. To use these features, please upgrade to a recent Linux distro with glibc 2.28+, and install the 'manylinux_2_28' variant.
  warnings.warn(
/data/home/rtabares/anaconda3/envs/pyth3.12/lib/python3.12/site-packages/xgboost/core.py:377: FutureWarning: Your system has an old version of glibc (< 2.28). We will stop supporting Linux distros with glibc older than 2.28 after **May 31, 2025**. Please upgrade to a recent Linux distro (with glibc >= 2.28) to use future versions of XGBoost.
Note: You have installed the 'manylinux2014' variant of XGBoost. Certain features such as GPU algorithms or federated learning are not available. To use these features, please upgrade to a recent Linux distro with glibc 2.28+, and install the 'manylinux_2_28' variant.
  warnings.warn(
[I 2025-05-18 17:33:26,768] A new study created in memory with name: rf
Parámetros guardados en checkpoint_default_Dlatent_G/k-means/IPC_59/best_models_k-means_seed_7_space_original/xgb_best_params.json


>>> Optuna tuning rf metodo k-means IPC 59 seed 7


[I 2025-05-18 17:33:29,219] Trial 0 finished with value: 0.6446969696969697 and parameters: {'n_estimators': 130, 'max_depth': 17, 'min_samples_split': 5, 'min_samples_leaf': 8}. Best is trial 0 with value: 0.6446969696969697.
[I 2025-05-18 17:33:30,631] Trial 1 finished with value: 0.6446969696969697 and parameters: {'n_estimators': 492, 'max_depth': 12, 'min_samples_split': 6, 'min_samples_leaf': 1}. Best is trial 0 with value: 0.6446969696969697.
[I 2025-05-18 17:33:31,636] Trial 2 finished with value: 0.6530303030303031 and parameters: {'n_estimators': 207, 'max_depth': 11, 'min_samples_split': 8, 'min_samples_leaf': 9}. Best is trial 2 with value: 0.6530303030303031.
[I 2025-05-18 17:33:32,108] Trial 3 finished with value: 0.6537878787878788 and parameters: {'n_estimators': 252, 'max_depth': 4, 'min_samples_split': 4, 'min_samples_leaf': 10}. Best is trial 3 with value: 0.6537878787878788.
[I 2025-05-18 17:33:32,467] Trial 4 finished with value: 0.628030303030303 and parameters: {'n_estimators': 185, 'max_depth': 11, 'min_samples_split': 10, 'min_samples_leaf': 1}. Best is trial 3 with value: 0.6537878787878788.
[I 2025-05-18 17:33:32,937] Trial 5 finished with value: 0.6446969696969697 and parameters: {'n_estimators': 340, 'max_depth': 20, 'min_samples_split': 4, 'min_samples_leaf': 6}. Best is trial 3 with value: 0.6537878787878788.
[I 2025-05-18 17:33:33,634] Trial 6 finished with value: 0.6446969696969698 and parameters: {'n_estimators': 464, 'max_depth': 5, 'min_samples_split': 6, 'min_samples_leaf': 8}. Best is trial 3 with value: 0.6537878787878788.
[I 2025-05-18 17:33:34,171] Trial 7 finished with value: 0.6454545454545454 and parameters: {'n_estimators': 368, 'max_depth': 11, 'min_samples_split': 3, 'min_samples_leaf': 5}. Best is trial 3 with value: 0.6537878787878788.
[I 2025-05-18 17:33:34,609] Trial 8 finished with value: 0.6371212121212121 and parameters: {'n_estimators': 249, 'max_depth': 11, 'min_samples_split': 5, 'min_samples_leaf': 9}. Best is trial 3 with value: 0.6537878787878788.
[I 2025-05-18 17:33:35,210] Trial 9 finished with value: 0.6446969696969697 and parameters: {'n_estimators': 408, 'max_depth': 8, 'min_samples_split': 7, 'min_samples_leaf': 3}. Best is trial 3 with value: 0.6537878787878788.
[I 2025-05-18 17:33:38,181] A new study created in memory with name: svc
Parámetros guardados en checkpoint_default_Dlatent_G/k-means/IPC_59/best_models_k-means_seed_7_space_original/rf_best_params.json


>>> Optuna tuning svc metodo k-means IPC 59 seed 7


[I 2025-05-18 17:33:41,825] Trial 0 finished with value: 0.55 and parameters: {'C': 0.020194502448102298, 'gamma': 0.13172711156111802}. Best is trial 0 with value: 0.55.
[I 2025-05-18 17:33:42,938] Trial 1 finished with value: 0.5931818181818181 and parameters: {'C': 0.5670703311028815, 'gamma': 0.0783178418343345}. Best is trial 1 with value: 0.5931818181818181.
[I 2025-05-18 17:33:43,705] Trial 2 finished with value: 0.6356060606060605 and parameters: {'C': 81.65034948781698, 'gamma': 0.014255533717547383}. Best is trial 2 with value: 0.6356060606060605.
[I 2025-05-18 17:33:43,731] Trial 3 finished with value: 0.5166666666666666 and parameters: {'C': 1.0103732850016278, 'gamma': 0.00019418001640357854}. Best is trial 2 with value: 0.6356060606060605.
[I 2025-05-18 17:33:43,767] Trial 4 finished with value: 0.5833333333333333 and parameters: {'C': 0.11851025167261421, 'gamma': 0.00998918377985214}. Best is trial 2 with value: 0.6356060606060605.
[I 2025-05-18 17:33:43,804] Trial 5 finished with value: 0.5007575757575757 and parameters: {'C': 5.2109869371584665, 'gamma': 0.16404241128227343}. Best is trial 2 with value: 0.6356060606060605.
[I 2025-05-18 17:33:43,830] Trial 6 finished with value: 0.5166666666666666 and parameters: {'C': 0.3340138940215422, 'gamma': 0.00018354619576988685}. Best is trial 2 with value: 0.6356060606060605.
[I 2025-05-18 17:33:43,855] Trial 7 finished with value: 0.4666666666666666 and parameters: {'C': 0.1420961781588805, 'gamma': 0.434884682155233}. Best is trial 2 with value: 0.6356060606060605.
[I 2025-05-18 17:33:43,882] Trial 8 finished with value: 0.55 and parameters: {'C': 0.07137422643361827, 'gamma': 0.006434219125545069}. Best is trial 2 with value: 0.6356060606060605.
[I 2025-05-18 17:33:43,907] Trial 9 finished with value: 0.6848484848484849 and parameters: {'C': 53.066944048916255, 'gamma': 0.00012577574840733457}. Best is trial 9 with value: 0.6848484848484849.
[I 2025-05-18 17:33:46,198] A new study created in memory with name: logreg
Parámetros guardados en checkpoint_default_Dlatent_G/k-means/IPC_59/best_models_k-means_seed_7_space_original/svc_best_params.json


>>> Optuna tuning logreg metodo k-means IPC 59 seed 7


[I 2025-05-18 17:33:48,948] Trial 0 finished with value: 0.6871212121212121 and parameters: {'C': 0.002407362254570802, 'penalty': 'l2'}. Best is trial 0 with value: 0.6871212121212121.
[I 2025-05-18 17:33:49,173] Trial 1 finished with value: 0.6439393939393939 and parameters: {'C': 7.935859334260497, 'penalty': 'l2'}. Best is trial 0 with value: 0.6871212121212121.
[I 2025-05-18 17:33:49,938] Trial 2 finished with value: 0.7121212121212122 and parameters: {'C': 0.15561310098067915, 'penalty': 'l2'}. Best is trial 2 with value: 0.7121212121212122.
[I 2025-05-18 17:33:50,759] Trial 3 finished with value: 0.6439393939393939 and parameters: {'C': 4.143104515916128, 'penalty': 'l2'}. Best is trial 2 with value: 0.7121212121212122.
[I 2025-05-18 17:33:50,794] Trial 4 finished with value: 0.5848484848484847 and parameters: {'C': 77.61533923098803, 'penalty': 'l2'}. Best is trial 2 with value: 0.7121212121212122.
[I 2025-05-18 17:33:50,819] Trial 5 finished with value: 0.7121212121212122 and parameters: {'C': 0.49258292359934785, 'penalty': 'l2'}. Best is trial 2 with value: 0.7121212121212122.
[I 2025-05-18 17:33:50,844] Trial 6 finished with value: 0.7204545454545455 and parameters: {'C': 0.320333470047146, 'penalty': 'l2'}. Best is trial 6 with value: 0.7204545454545455.
[I 2025-05-18 17:33:50,870] Trial 7 finished with value: 0.6871212121212121 and parameters: {'C': 0.002292216671132896, 'penalty': 'l2'}. Best is trial 6 with value: 0.7204545454545455.
[I 2025-05-18 17:33:50,894] Trial 8 finished with value: 0.693939393939394 and parameters: {'C': 0.0219884643872214, 'penalty': 'l2'}. Best is trial 6 with value: 0.7204545454545455.
[I 2025-05-18 17:33:50,919] Trial 9 finished with value: 0.7204545454545455 and parameters: {'C': 0.31580027519646636, 'penalty': 'l2'}. Best is trial 6 with value: 0.7204545454545455.
[I 2025-05-18 17:33:53,046] A new study created in memory with name: mlp
Parámetros guardados en checkpoint_default_Dlatent_G/k-means/IPC_59/best_models_k-means_seed_7_space_original/logreg_best_params.json


>>> Optuna tuning mlp metodo k-means IPC 59 seed 7


/data/home/rtabares/anaconda3/envs/pyth3.12/lib/python3.12/site-packages/sklearn/neural_network/_multilayer_perceptron.py:691: ConvergenceWarning: Stochastic Optimizer: Maximum iterations (100) reached and the optimization hasn't converged yet.
  warnings.warn(
/data/home/rtabares/anaconda3/envs/pyth3.12/lib/python3.12/site-packages/sklearn/neural_network/_multilayer_perceptron.py:691: ConvergenceWarning: Stochastic Optimizer: Maximum iterations (100) reached and the optimization hasn't converged yet.
  warnings.warn(
/data/home/rtabares/anaconda3/envs/pyth3.12/lib/python3.12/site-packages/sklearn/neural_network/_multilayer_perceptron.py:691: ConvergenceWarning: Stochastic Optimizer: Maximum iterations (100) reached and the optimization hasn't converged yet.
  warnings.warn(
/data/home/rtabares/anaconda3/envs/pyth3.12/lib/python3.12/site-packages/sklearn/neural_network/_multilayer_perceptron.py:691: ConvergenceWarning: Stochastic Optimizer: Maximum iterations (100) reached and the optimization hasn't converged yet.
  warnings.warn(
[I 2025-05-18 17:33:55,751] Trial 0 finished with value: 0.6098484848484848 and parameters: {'hidden_layer_sizes': (200,), 'max_iter': 100, 'alpha': 0.0001}. Best is trial 0 with value: 0.6098484848484848.
/data/home/rtabares/anaconda3/envs/pyth3.12/lib/python3.12/site-packages/sklearn/neural_network/_multilayer_perceptron.py:691: ConvergenceWarning: Stochastic Optimizer: Maximum iterations (100) reached and the optimization hasn't converged yet.
  warnings.warn(
/data/home/rtabares/anaconda3/envs/pyth3.12/lib/python3.12/site-packages/sklearn/neural_network/_multilayer_perceptron.py:691: ConvergenceWarning: Stochastic Optimizer: Maximum iterations (100) reached and the optimization hasn't converged yet.
  warnings.warn(
/data/home/rtabares/anaconda3/envs/pyth3.12/lib/python3.12/site-packages/sklearn/neural_network/_multilayer_perceptron.py:691: ConvergenceWarning: Stochastic Optimizer: Maximum iterations (100) reached and the optimization hasn't converged yet.
  warnings.warn(
/data/home/rtabares/anaconda3/envs/pyth3.12/lib/python3.12/site-packages/sklearn/neural_network/_multilayer_perceptron.py:691: ConvergenceWarning: Stochastic Optimizer: Maximum iterations (100) reached and the optimization hasn't converged yet.
  warnings.warn(
/data/home/rtabares/anaconda3/envs/pyth3.12/lib/python3.12/site-packages/sklearn/neural_network/_multilayer_perceptron.py:691: ConvergenceWarning: Stochastic Optimizer: Maximum iterations (100) reached and the optimization hasn't converged yet.
  warnings.warn(
[I 2025-05-18 17:33:56,744] Trial 1 finished with value: 0.5772727272727273 and parameters: {'hidden_layer_sizes': (100, 100), 'max_iter': 100, 'alpha': 0.0001}. Best is trial 0 with value: 0.6098484848484848.
/data/home/rtabares/anaconda3/envs/pyth3.12/lib/python3.12/site-packages/sklearn/neural_network/_multilayer_perceptron.py:691: ConvergenceWarning: Stochastic Optimizer: Maximum iterations (100) reached and the optimization hasn't converged yet.
  warnings.warn(
/data/home/rtabares/anaconda3/envs/pyth3.12/lib/python3.12/site-packages/sklearn/neural_network/_multilayer_perceptron.py:691: ConvergenceWarning: Stochastic Optimizer: Maximum iterations (100) reached and the optimization hasn't converged yet.
  warnings.warn(
/data/home/rtabares/anaconda3/envs/pyth3.12/lib/python3.12/site-packages/sklearn/neural_network/_multilayer_perceptron.py:691: ConvergenceWarning: Stochastic Optimizer: Maximum iterations (100) reached and the optimization hasn't converged yet.
  warnings.warn(
/data/home/rtabares/anaconda3/envs/pyth3.12/lib/python3.12/site-packages/sklearn/neural_network/_multilayer_perceptron.py:691: ConvergenceWarning: Stochastic Optimizer: Maximum iterations (100) reached and the optimization hasn't converged yet.
  warnings.warn(
/data/home/rtabares/anaconda3/envs/pyth3.12/lib/python3.12/site-packages/sklearn/neural_network/_multilayer_perceptron.py:691: ConvergenceWarning: Stochastic Optimizer: Maximum iterations (100) reached and the optimization hasn't converged yet.
  warnings.warn(
[I 2025-05-18 17:33:56,881] Trial 2 finished with value: 0.6181818181818182 and parameters: {'hidden_layer_sizes': (200,), 'max_iter': 100, 'alpha': 0.001}. Best is trial 2 with value: 0.6181818181818182.
/data/home/rtabares/anaconda3/envs/pyth3.12/lib/python3.12/site-packages/sklearn/neural_network/_multilayer_perceptron.py:691: ConvergenceWarning: Stochastic Optimizer: Maximum iterations (50) reached and the optimization hasn't converged yet.
  warnings.warn(
/data/home/rtabares/anaconda3/envs/pyth3.12/lib/python3.12/site-packages/sklearn/neural_network/_multilayer_perceptron.py:691: ConvergenceWarning: Stochastic Optimizer: Maximum iterations (50) reached and the optimization hasn't converged yet.
  warnings.warn(
/data/home/rtabares/anaconda3/envs/pyth3.12/lib/python3.12/site-packages/sklearn/neural_network/_multilayer_perceptron.py:691: ConvergenceWarning: Stochastic Optimizer: Maximum iterations (50) reached and the optimization hasn't converged yet.
  warnings.warn(
[I 2025-05-18 17:33:57,658] Trial 3 finished with value: 0.6787878787878787 and parameters: {'hidden_layer_sizes': (100,), 'max_iter': 50, 'alpha': 0.001}. Best is trial 3 with value: 0.6787878787878787.
/data/home/rtabares/anaconda3/envs/pyth3.12/lib/python3.12/site-packages/sklearn/neural_network/_multilayer_perceptron.py:691: ConvergenceWarning: Stochastic Optimizer: Maximum iterations (50) reached and the optimization hasn't converged yet.
  warnings.warn(
/data/home/rtabares/anaconda3/envs/pyth3.12/lib/python3.12/site-packages/sklearn/neural_network/_multilayer_perceptron.py:691: ConvergenceWarning: Stochastic Optimizer: Maximum iterations (50) reached and the optimization hasn't converged yet.
  warnings.warn(
/data/home/rtabares/anaconda3/envs/pyth3.12/lib/python3.12/site-packages/sklearn/neural_network/_multilayer_perceptron.py:691: ConvergenceWarning: Stochastic Optimizer: Maximum iterations (50) reached and the optimization hasn't converged yet.
  warnings.warn(
/data/home/rtabares/anaconda3/envs/pyth3.12/lib/python3.12/site-packages/sklearn/neural_network/_multilayer_perceptron.py:691: ConvergenceWarning: Stochastic Optimizer: Maximum iterations (50) reached and the optimization hasn't converged yet.
  warnings.warn(
/data/home/rtabares/anaconda3/envs/pyth3.12/lib/python3.12/site-packages/sklearn/neural_network/_multilayer_perceptron.py:691: ConvergenceWarning: Stochastic Optimizer: Maximum iterations (50) reached and the optimization hasn't converged yet.
  warnings.warn(
[I 2025-05-18 17:33:58,619] Trial 4 finished with value: 0.6606060606060608 and parameters: {'hidden_layer_sizes': (100,), 'max_iter': 50, 'alpha': 0.0001}. Best is trial 3 with value: 0.6787878787878787.
/data/home/rtabares/anaconda3/envs/pyth3.12/lib/python3.12/site-packages/sklearn/neural_network/_multilayer_perceptron.py:691: ConvergenceWarning: Stochastic Optimizer: Maximum iterations (50) reached and the optimization hasn't converged yet.
  warnings.warn(
/data/home/rtabares/anaconda3/envs/pyth3.12/lib/python3.12/site-packages/sklearn/neural_network/_multilayer_perceptron.py:691: ConvergenceWarning: Stochastic Optimizer: Maximum iterations (50) reached and the optimization hasn't converged yet.
  warnings.warn(
/data/home/rtabares/anaconda3/envs/pyth3.12/lib/python3.12/site-packages/sklearn/neural_network/_multilayer_perceptron.py:691: ConvergenceWarning: Stochastic Optimizer: Maximum iterations (50) reached and the optimization hasn't converged yet.
  warnings.warn(
/data/home/rtabares/anaconda3/envs/pyth3.12/lib/python3.12/site-packages/sklearn/neural_network/_multilayer_perceptron.py:691: ConvergenceWarning: Stochastic Optimizer: Maximum iterations (50) reached and the optimization hasn't converged yet.
  warnings.warn(
/data/home/rtabares/anaconda3/envs/pyth3.12/lib/python3.12/site-packages/sklearn/neural_network/_multilayer_perceptron.py:691: ConvergenceWarning: Stochastic Optimizer: Maximum iterations (50) reached and the optimization hasn't converged yet.
  warnings.warn(
[I 2025-05-18 17:33:58,715] Trial 5 finished with value: 0.6780303030303031 and parameters: {'hidden_layer_sizes': (100,), 'max_iter': 50, 'alpha': 0.0001}. Best is trial 3 with value: 0.6787878787878787.
/data/home/rtabares/anaconda3/envs/pyth3.12/lib/python3.12/site-packages/sklearn/neural_network/_multilayer_perceptron.py:691: ConvergenceWarning: Stochastic Optimizer: Maximum iterations (50) reached and the optimization hasn't converged yet.
  warnings.warn(
/data/home/rtabares/anaconda3/envs/pyth3.12/lib/python3.12/site-packages/sklearn/neural_network/_multilayer_perceptron.py:691: ConvergenceWarning: Stochastic Optimizer: Maximum iterations (50) reached and the optimization hasn't converged yet.
  warnings.warn(
/data/home/rtabares/anaconda3/envs/pyth3.12/lib/python3.12/site-packages/sklearn/neural_network/_multilayer_perceptron.py:691: ConvergenceWarning: Stochastic Optimizer: Maximum iterations (50) reached and the optimization hasn't converged yet.
  warnings.warn(
/data/home/rtabares/anaconda3/envs/pyth3.12/lib/python3.12/site-packages/sklearn/neural_network/_multilayer_perceptron.py:691: ConvergenceWarning: Stochastic Optimizer: Maximum iterations (50) reached and the optimization hasn't converged yet.
  warnings.warn(
[I 2025-05-18 17:33:58,793] Trial 6 finished with value: 0.6621212121212121 and parameters: {'hidden_layer_sizes': (100,), 'max_iter': 50, 'alpha': 0.0001}. Best is trial 3 with value: 0.6787878787878787.
/data/home/rtabares/anaconda3/envs/pyth3.12/lib/python3.12/site-packages/sklearn/neural_network/_multilayer_perceptron.py:691: ConvergenceWarning: Stochastic Optimizer: Maximum iterations (50) reached and the optimization hasn't converged yet.
  warnings.warn(
/data/home/rtabares/anaconda3/envs/pyth3.12/lib/python3.12/site-packages/sklearn/neural_network/_multilayer_perceptron.py:691: ConvergenceWarning: Stochastic Optimizer: Maximum iterations (50) reached and the optimization hasn't converged yet.
  warnings.warn(
/data/home/rtabares/anaconda3/envs/pyth3.12/lib/python3.12/site-packages/sklearn/neural_network/_multilayer_perceptron.py:691: ConvergenceWarning: Stochastic Optimizer: Maximum iterations (50) reached and the optimization hasn't converged yet.
  warnings.warn(
/data/home/rtabares/anaconda3/envs/pyth3.12/lib/python3.12/site-packages/sklearn/neural_network/_multilayer_perceptron.py:691: ConvergenceWarning: Stochastic Optimizer: Maximum iterations (50) reached and the optimization hasn't converged yet.
  warnings.warn(
/data/home/rtabares/anaconda3/envs/pyth3.12/lib/python3.12/site-packages/sklearn/neural_network/_multilayer_perceptron.py:691: ConvergenceWarning: Stochastic Optimizer: Maximum iterations (50) reached and the optimization hasn't converged yet.
  warnings.warn(
[I 2025-05-18 17:33:58,874] Trial 7 finished with value: 0.6787878787878789 and parameters: {'hidden_layer_sizes': (100,), 'max_iter': 50, 'alpha': 0.0001}. Best is trial 7 with value: 0.6787878787878789.
/data/home/rtabares/anaconda3/envs/pyth3.12/lib/python3.12/site-packages/sklearn/neural_network/_multilayer_perceptron.py:691: ConvergenceWarning: Stochastic Optimizer: Maximum iterations (100) reached and the optimization hasn't converged yet.
  warnings.warn(
/data/home/rtabares/anaconda3/envs/pyth3.12/lib/python3.12/site-packages/sklearn/neural_network/_multilayer_perceptron.py:691: ConvergenceWarning: Stochastic Optimizer: Maximum iterations (100) reached and the optimization hasn't converged yet.
  warnings.warn(
/data/home/rtabares/anaconda3/envs/pyth3.12/lib/python3.12/site-packages/sklearn/neural_network/_multilayer_perceptron.py:691: ConvergenceWarning: Stochastic Optimizer: Maximum iterations (100) reached and the optimization hasn't converged yet.
  warnings.warn(
/data/home/rtabares/anaconda3/envs/pyth3.12/lib/python3.12/site-packages/sklearn/neural_network/_multilayer_perceptron.py:691: ConvergenceWarning: Stochastic Optimizer: Maximum iterations (100) reached and the optimization hasn't converged yet.
  warnings.warn(
/data/home/rtabares/anaconda3/envs/pyth3.12/lib/python3.12/site-packages/sklearn/neural_network/_multilayer_perceptron.py:691: ConvergenceWarning: Stochastic Optimizer: Maximum iterations (100) reached and the optimization hasn't converged yet.
  warnings.warn(
