[I 2025-05-15 07:41:39,555] Trial 27 finished with value: 0.6833333333333333 and parameters: {'n_estimators': 304, 'max_depth': 15, 'min_samples_split': 3, 'min_samples_leaf': 5}. Best is trial 5 with value: 0.75.
[I 2025-05-15 07:41:40,182] Trial 28 finished with value: 0.5333333333333333 and parameters: {'n_estimators': 350, 'max_depth': 13, 'min_samples_split': 7, 'min_samples_leaf': 2}. Best is trial 5 with value: 0.75.
[I 2025-05-15 07:41:40,511] Trial 29 finished with value: 0.5 and parameters: {'n_estimators': 118, 'max_depth': 17, 'min_samples_split': 5, 'min_samples_leaf': 8}. Best is trial 5 with value: 0.75.
[I 2025-05-15 07:41:51,025] A new study created in memory with name: svc
Parámetros guardados en checkpoint_shoppers_Doriginal_F/random/IPC_11/best_models_random_seed_7_space_original/rf_best_params.json


>>> Optuna tuning svc metodo random IPC 11 seed 7


[I 2025-05-15 07:41:52,530] Trial 0 finished with value: 0.45 and parameters: {'C': 0.020194502448102298, 'gamma': 0.13172711156111802}. Best is trial 0 with value: 0.45.
[I 2025-05-15 07:41:52,564] Trial 1 finished with value: 0.5 and parameters: {'C': 0.5670703311028815, 'gamma': 0.0783178418343345}. Best is trial 1 with value: 0.5.
[I 2025-05-15 07:41:52,579] Trial 2 finished with value: 0.4666666666666666 and parameters: {'C': 81.65034948781698, 'gamma': 0.014255533717547383}. Best is trial 1 with value: 0.5.
[I 2025-05-15 07:41:52,592] Trial 3 finished with value: 0.45 and parameters: {'C': 1.0103732850016278, 'gamma': 0.00019418001640357854}. Best is trial 1 with value: 0.5.
[I 2025-05-15 07:41:52,615] Trial 4 finished with value: 0.45 and parameters: {'C': 0.11851025167261421, 'gamma': 0.00998918377985214}. Best is trial 1 with value: 0.5.
[I 2025-05-15 07:41:52,628] Trial 5 finished with value: 0.4666666666666666 and parameters: {'C': 5.2109869371584665, 'gamma': 0.16404241128227343}. Best is trial 1 with value: 0.5.
[I 2025-05-15 07:41:52,640] Trial 6 finished with value: 0.45 and parameters: {'C': 0.3340138940215422, 'gamma': 0.00018354619576988685}. Best is trial 1 with value: 0.5.
[I 2025-05-15 07:41:52,653] Trial 7 finished with value: 0.5 and parameters: {'C': 0.1420961781588805, 'gamma': 0.434884682155233}. Best is trial 1 with value: 0.5.
[I 2025-05-15 07:41:52,677] Trial 8 finished with value: 0.4 and parameters: {'C': 0.07137422643361827, 'gamma': 0.006434219125545069}. Best is trial 1 with value: 0.5.
[I 2025-05-15 07:41:52,690] Trial 9 finished with value: 0.45 and parameters: {'C': 53.066944048916255, 'gamma': 0.00012577574840733457}. Best is trial 1 with value: 0.5.
[I 2025-05-15 07:41:52,725] Trial 10 finished with value: 0.45 and parameters: {'C': 4.042381244249598, 'gamma': 0.001366002544888146}. Best is trial 1 with value: 0.5.
[I 2025-05-15 07:41:53,992] Trial 11 finished with value: 0.5 and parameters: {'C': 0.8066867242527745, 'gamma': 0.49572568542977685}. Best is trial 1 with value: 0.5.
[I 2025-05-15 07:41:55,472] Trial 12 finished with value: 0.55 and parameters: {'C': 0.021280175060558255, 'gamma': 0.8837164990052544}. Best is trial 12 with value: 0.55.
[I 2025-05-15 07:41:55,521] Trial 13 finished with value: 0.5 and parameters: {'C': 0.012907222417303679, 'gamma': 0.05988983696176538}. Best is trial 12 with value: 0.55.
[I 2025-05-15 07:41:55,547] Trial 14 finished with value: 0.55 and parameters: {'C': 0.0392014020494679, 'gamma': 0.881170306868128}. Best is trial 12 with value: 0.55.
[I 2025-05-15 07:41:55,584] Trial 15 finished with value: 0.55 and parameters: {'C': 0.037166913003358754, 'gamma': 0.8750826967252048}. Best is trial 12 with value: 0.55.
[I 2025-05-15 07:41:55,632] Trial 16 finished with value: 0.45 and parameters: {'C': 0.010007079836885402, 'gamma': 0.02876052777792657}. Best is trial 12 with value: 0.55.
[I 2025-05-15 07:41:55,685] Trial 17 finished with value: 0.45 and parameters: {'C': 0.047346957298523354, 'gamma': 0.2699902042486354}. Best is trial 12 with value: 0.55.
[I 2025-05-15 07:41:55,708] Trial 18 finished with value: 0.45 and parameters: {'C': 2.8561100662099568, 'gamma': 0.0028209376604266716}. Best is trial 12 with value: 0.55.
[I 2025-05-15 07:41:55,727] Trial 19 finished with value: 0.55 and parameters: {'C': 0.20513693388498852, 'gamma': 0.8772363681359969}. Best is trial 12 with value: 0.55.
[I 2025-05-15 07:41:55,758] Trial 20 finished with value: 0.45 and parameters: {'C': 0.028407157242104186, 'gamma': 0.03641891774463854}. Best is trial 12 with value: 0.55.
[I 2025-05-15 07:41:55,782] Trial 21 finished with value: 0.55 and parameters: {'C': 0.04586753693434933, 'gamma': 0.794256899839986}. Best is trial 12 with value: 0.55.
[I 2025-05-15 07:41:55,808] Trial 22 finished with value: 0.45 and parameters: {'C': 0.02460201144812452, 'gamma': 0.2920619533508023}. Best is trial 12 with value: 0.55.
[I 2025-05-15 07:41:55,828] Trial 23 finished with value: 0.55 and parameters: {'C': 0.05541260351435534, 'gamma': 0.9341106397898639}. Best is trial 12 with value: 0.55.
[I 2025-05-15 07:41:55,861] Trial 24 finished with value: 0.45 and parameters: {'C': 0.09726685451742169, 'gamma': 0.17206274317260864}. Best is trial 12 with value: 0.55.
[I 2025-05-15 07:41:55,898] Trial 25 finished with value: 0.5 and parameters: {'C': 20.200471043456503, 'gamma': 0.43632969125458865}. Best is trial 12 with value: 0.55.
[I 2025-05-15 07:41:55,936] Trial 26 finished with value: 0.45 and parameters: {'C': 0.24746117710336887, 'gamma': 0.12624309613255355}. Best is trial 12 with value: 0.55.
[I 2025-05-15 07:41:55,974] Trial 27 finished with value: 0.45 and parameters: {'C': 0.020222510289859195, 'gamma': 0.0010435395853663836}. Best is trial 12 with value: 0.55.
[I 2025-05-15 07:41:56,009] Trial 28 finished with value: 0.45 and parameters: {'C': 0.03781147730943315, 'gamma': 0.2803648603207129}. Best is trial 12 with value: 0.55.
[I 2025-05-15 07:41:56,057] Trial 29 finished with value: 0.5 and parameters: {'C': 0.015159347296293467, 'gamma': 0.09433563771376448}. Best is trial 12 with value: 0.55.
[I 2025-05-15 07:42:02,813] A new study created in memory with name: logreg
Parámetros guardados en checkpoint_shoppers_Doriginal_F/random/IPC_11/best_models_random_seed_7_space_original/svc_best_params.json


>>> Optuna tuning logreg metodo random IPC 11 seed 7


[I 2025-05-15 07:42:06,981] Trial 0 finished with value: 0.55 and parameters: {'C': 0.002407362254570802, 'penalty': 'l2'}. Best is trial 0 with value: 0.55.
[I 2025-05-15 07:42:07,313] Trial 1 finished with value: 0.4666666666666666 and parameters: {'C': 7.935859334260497, 'penalty': 'l2'}. Best is trial 0 with value: 0.55.
[I 2025-05-15 07:42:07,337] Trial 2 finished with value: 0.5166666666666666 and parameters: {'C': 0.15561310098067915, 'penalty': 'l2'}. Best is trial 0 with value: 0.55.
[I 2025-05-15 07:42:07,360] Trial 3 finished with value: 0.4666666666666666 and parameters: {'C': 4.143104515916128, 'penalty': 'l2'}. Best is trial 0 with value: 0.55.
[I 2025-05-15 07:42:07,382] Trial 4 finished with value: 0.4666666666666666 and parameters: {'C': 77.61533923098803, 'penalty': 'l2'}. Best is trial 0 with value: 0.55.
[I 2025-05-15 07:42:07,395] Trial 5 finished with value: 0.4666666666666666 and parameters: {'C': 0.49258292359934785, 'penalty': 'l2'}. Best is trial 0 with value: 0.55.
[I 2025-05-15 07:42:08,761] Trial 6 finished with value: 0.5166666666666666 and parameters: {'C': 0.320333470047146, 'penalty': 'l2'}. Best is trial 0 with value: 0.55.
[I 2025-05-15 07:42:08,797] Trial 7 finished with value: 0.55 and parameters: {'C': 0.002292216671132896, 'penalty': 'l2'}. Best is trial 0 with value: 0.55.
[I 2025-05-15 07:42:08,822] Trial 8 finished with value: 0.5333333333333333 and parameters: {'C': 0.0219884643872214, 'penalty': 'l2'}. Best is trial 0 with value: 0.55.
[I 2025-05-15 07:42:08,848] Trial 9 finished with value: 0.5166666666666666 and parameters: {'C': 0.31580027519646636, 'penalty': 'l2'}. Best is trial 0 with value: 0.55.
[I 2025-05-15 07:42:08,886] Trial 10 finished with value: 0.55 and parameters: {'C': 0.005028545732690317, 'penalty': 'l2'}. Best is trial 0 with value: 0.55.
[I 2025-05-15 07:42:09,843] Trial 11 finished with value: 0.55 and parameters: {'C': 0.0016548464731937077, 'penalty': 'l2'}. Best is trial 0 with value: 0.55.
[I 2025-05-15 07:42:10,864] Trial 12 finished with value: 0.55 and parameters: {'C': 0.014451446556771878, 'penalty': 'l2'}. Best is trial 0 with value: 0.55.
[I 2025-05-15 07:42:10,898] Trial 13 finished with value: 0.55 and parameters: {'C': 0.001233537603892314, 'penalty': 'l2'}. Best is trial 0 with value: 0.55.
[I 2025-05-15 07:42:10,934] Trial 14 finished with value: 0.5333333333333333 and parameters: {'C': 0.03728878420522916, 'penalty': 'l2'}. Best is trial 0 with value: 0.55.
[I 2025-05-15 07:42:10,969] Trial 15 finished with value: 0.55 and parameters: {'C': 0.005056056930693048, 'penalty': 'l2'}. Best is trial 0 with value: 0.55.
[I 2025-05-15 07:42:10,988] Trial 16 finished with value: 0.5666666666666667 and parameters: {'C': 0.06105325603408848, 'penalty': 'l2'}. Best is trial 16 with value: 0.5666666666666667.
[I 2025-05-15 07:42:11,021] Trial 17 finished with value: 0.5666666666666667 and parameters: {'C': 0.06455059652992597, 'penalty': 'l2'}. Best is trial 16 with value: 0.5666666666666667.
[I 2025-05-15 07:42:11,051] Trial 18 finished with value: 0.5666666666666667 and parameters: {'C': 0.07617026048837218, 'penalty': 'l2'}. Best is trial 16 with value: 0.5666666666666667.
[I 2025-05-15 07:42:12,475] Trial 19 finished with value: 0.4666666666666666 and parameters: {'C': 1.0278859914838994, 'penalty': 'l2'}. Best is trial 16 with value: 0.5666666666666667.
[I 2025-05-15 07:42:12,511] Trial 20 finished with value: 0.4666666666666666 and parameters: {'C': 2.060705910046931, 'penalty': 'l2'}. Best is trial 16 with value: 0.5666666666666667.
[I 2025-05-15 07:42:12,534] Trial 21 finished with value: 0.5666666666666667 and parameters: {'C': 0.08361623168146919, 'penalty': 'l2'}. Best is trial 16 with value: 0.5666666666666667.
[I 2025-05-15 07:42:12,570] Trial 22 finished with value: 0.5666666666666667 and parameters: {'C': 0.0728795212341884, 'penalty': 'l2'}. Best is trial 16 with value: 0.5666666666666667.
[I 2025-05-15 07:42:12,591] Trial 23 finished with value: 0.55 and parameters: {'C': 0.01155033185094138, 'penalty': 'l2'}. Best is trial 16 with value: 0.5666666666666667.
[I 2025-05-15 07:42:12,632] Trial 24 finished with value: 0.5333333333333333 and parameters: {'C': 0.04403764780843033, 'penalty': 'l2'}. Best is trial 16 with value: 0.5666666666666667.
[I 2025-05-15 07:42:12,673] Trial 25 finished with value: 0.5166666666666666 and parameters: {'C': 0.13590578626563618, 'penalty': 'l2'}. Best is trial 16 with value: 0.5666666666666667.
[I 2025-05-15 07:42:12,704] Trial 26 finished with value: 0.4666666666666666 and parameters: {'C': 0.6391196563823238, 'penalty': 'l2'}. Best is trial 16 with value: 0.5666666666666667.
[I 2025-05-15 07:42:12,733] Trial 27 finished with value: 0.5166666666666666 and parameters: {'C': 0.1628751578590217, 'penalty': 'l2'}. Best is trial 16 with value: 0.5666666666666667.
[I 2025-05-15 07:42:12,751] Trial 28 finished with value: 0.55 and parameters: {'C': 0.006793346809949617, 'penalty': 'l2'}. Best is trial 16 with value: 0.5666666666666667.
[I 2025-05-15 07:42:12,778] Trial 29 finished with value: 0.5333333333333333 and parameters: {'C': 0.03613258241139148, 'penalty': 'l2'}. Best is trial 16 with value: 0.5666666666666667.
[I 2025-05-15 07:42:22,964] A new study created in memory with name: mlp
Parámetros guardados en checkpoint_shoppers_Doriginal_F/random/IPC_11/best_models_random_seed_7_space_original/logreg_best_params.json


>>> Optuna tuning mlp metodo random IPC 11 seed 7


/data/home/rtabares/anaconda3/envs/pyth3.12/lib/python3.12/site-packages/sklearn/neural_network/_multilayer_perceptron.py:691: ConvergenceWarning: Stochastic Optimizer: Maximum iterations (100) reached and the optimization hasn't converged yet.
  warnings.warn(
/data/home/rtabares/anaconda3/envs/pyth3.12/lib/python3.12/site-packages/sklearn/neural_network/_multilayer_perceptron.py:691: ConvergenceWarning: Stochastic Optimizer: Maximum iterations (100) reached and the optimization hasn't converged yet.
  warnings.warn(
/data/home/rtabares/anaconda3/envs/pyth3.12/lib/python3.12/site-packages/sklearn/neural_network/_multilayer_perceptron.py:691: ConvergenceWarning: Stochastic Optimizer: Maximum iterations (100) reached and the optimization hasn't converged yet.
  warnings.warn(
/data/home/rtabares/anaconda3/envs/pyth3.12/lib/python3.12/site-packages/sklearn/neural_network/_multilayer_perceptron.py:691: ConvergenceWarning: Stochastic Optimizer: Maximum iterations (100) reached and the optimization hasn't converged yet.
  warnings.warn(
/data/home/rtabares/anaconda3/envs/pyth3.12/lib/python3.12/site-packages/sklearn/neural_network/_multilayer_perceptron.py:691: ConvergenceWarning: Stochastic Optimizer: Maximum iterations (100) reached and the optimization hasn't converged yet.
  warnings.warn(
[I 2025-05-15 07:42:24,754] Trial 0 finished with value: 0.5 and parameters: {'hidden_layer_sizes': (200,), 'max_iter': 100, 'alpha': 0.0001}. Best is trial 0 with value: 0.5.
/data/home/rtabares/anaconda3/envs/pyth3.12/lib/python3.12/site-packages/sklearn/neural_network/_multilayer_perceptron.py:691: ConvergenceWarning: Stochastic Optimizer: Maximum iterations (100) reached and the optimization hasn't converged yet.
  warnings.warn(
/data/home/rtabares/anaconda3/envs/pyth3.12/lib/python3.12/site-packages/sklearn/neural_network/_multilayer_perceptron.py:691: ConvergenceWarning: Stochastic Optimizer: Maximum iterations (100) reached and the optimization hasn't converged yet.
  warnings.warn(
/data/home/rtabares/anaconda3/envs/pyth3.12/lib/python3.12/site-packages/sklearn/neural_network/_multilayer_perceptron.py:691: ConvergenceWarning: Stochastic Optimizer: Maximum iterations (100) reached and the optimization hasn't converged yet.
  warnings.warn(
/data/home/rtabares/anaconda3/envs/pyth3.12/lib/python3.12/site-packages/sklearn/neural_network/_multilayer_perceptron.py:691: ConvergenceWarning: Stochastic Optimizer: Maximum iterations (100) reached and the optimization hasn't converged yet.
  warnings.warn(
[I 2025-05-15 07:42:24,869] Trial 1 finished with value: 0.55 and parameters: {'hidden_layer_sizes': (100, 100), 'max_iter': 100, 'alpha': 0.0001}. Best is trial 1 with value: 0.55.
/data/home/rtabares/anaconda3/envs/pyth3.12/lib/python3.12/site-packages/sklearn/neural_network/_multilayer_perceptron.py:691: ConvergenceWarning: Stochastic Optimizer: Maximum iterations (100) reached and the optimization hasn't converged yet.
  warnings.warn(
/data/home/rtabares/anaconda3/envs/pyth3.12/lib/python3.12/site-packages/sklearn/neural_network/_multilayer_perceptron.py:691: ConvergenceWarning: Stochastic Optimizer: Maximum iterations (100) reached and the optimization hasn't converged yet.
  warnings.warn(
/data/home/rtabares/anaconda3/envs/pyth3.12/lib/python3.12/site-packages/sklearn/neural_network/_multilayer_perceptron.py:691: ConvergenceWarning: Stochastic Optimizer: Maximum iterations (100) reached and the optimization hasn't converged yet.
  warnings.warn(
/data/home/rtabares/anaconda3/envs/pyth3.12/lib/python3.12/site-packages/sklearn/neural_network/_multilayer_perceptron.py:691: ConvergenceWarning: Stochastic Optimizer: Maximum iterations (100) reached and the optimization hasn't converged yet.
  warnings.warn(
/data/home/rtabares/anaconda3/envs/pyth3.12/lib/python3.12/site-packages/sklearn/neural_network/_multilayer_perceptron.py:691: ConvergenceWarning: Stochastic Optimizer: Maximum iterations (100) reached and the optimization hasn't converged yet.
  warnings.warn(
[I 2025-05-15 07:42:25,041] Trial 2 finished with value: 0.4666666666666666 and parameters: {'hidden_layer_sizes': (200,), 'max_iter': 100, 'alpha': 0.001}. Best is trial 1 with value: 0.55.
/data/home/rtabares/anaconda3/envs/pyth3.12/lib/python3.12/site-packages/sklearn/neural_network/_multilayer_perceptron.py:691: ConvergenceWarning: Stochastic Optimizer: Maximum iterations (50) reached and the optimization hasn't converged yet.
  warnings.warn(
/data/home/rtabares/anaconda3/envs/pyth3.12/lib/python3.12/site-packages/sklearn/neural_network/_multilayer_perceptron.py:691: ConvergenceWarning: Stochastic Optimizer: Maximum iterations (50) reached and the optimization hasn't converged yet.
  warnings.warn(
/data/home/rtabares/anaconda3/envs/pyth3.12/lib/python3.12/site-packages/sklearn/neural_network/_multilayer_perceptron.py:691: ConvergenceWarning: Stochastic Optimizer: Maximum iterations (50) reached and the optimization hasn't converged yet.
  warnings.warn(
/data/home/rtabares/anaconda3/envs/pyth3.12/lib/python3.12/site-packages/sklearn/neural_network/_multilayer_perceptron.py:691: ConvergenceWarning: Stochastic Optimizer: Maximum iterations (50) reached and the optimization hasn't converged yet.
  warnings.warn(
/data/home/rtabares/anaconda3/envs/pyth3.12/lib/python3.12/site-packages/sklearn/neural_network/_multilayer_perceptron.py:691: ConvergenceWarning: Stochastic Optimizer: Maximum iterations (50) reached and the optimization hasn't converged yet.
  warnings.warn(
[I 2025-05-15 07:42:25,158] Trial 3 finished with value: 0.4666666666666666 and parameters: {'hidden_layer_sizes': (100,), 'max_iter': 50, 'alpha': 0.001}. Best is trial 1 with value: 0.55.
/data/home/rtabares/anaconda3/envs/pyth3.12/lib/python3.12/site-packages/sklearn/neural_network/_multilayer_perceptron.py:691: ConvergenceWarning: Stochastic Optimizer: Maximum iterations (50) reached and the optimization hasn't converged yet.
  warnings.warn(
/data/home/rtabares/anaconda3/envs/pyth3.12/lib/python3.12/site-packages/sklearn/neural_network/_multilayer_perceptron.py:691: ConvergenceWarning: Stochastic Optimizer: Maximum iterations (50) reached and the optimization hasn't converged yet.
  warnings.warn(
/data/home/rtabares/anaconda3/envs/pyth3.12/lib/python3.12/site-packages/sklearn/neural_network/_multilayer_perceptron.py:691: ConvergenceWarning: Stochastic Optimizer: Maximum iterations (50) reached and the optimization hasn't converged yet.
  warnings.warn(
/data/home/rtabares/anaconda3/envs/pyth3.12/lib/python3.12/site-packages/sklearn/neural_network/_multilayer_perceptron.py:691: ConvergenceWarning: Stochastic Optimizer: Maximum iterations (50) reached and the optimization hasn't converged yet.
  warnings.warn(
/data/home/rtabares/anaconda3/envs/pyth3.12/lib/python3.12/site-packages/sklearn/neural_network/_multilayer_perceptron.py:691: ConvergenceWarning: Stochastic Optimizer: Maximum iterations (50) reached and the optimization hasn't converged yet.
  warnings.warn(
[I 2025-05-15 07:42:25,247] Trial 4 finished with value: 0.55 and parameters: {'hidden_layer_sizes': (100,), 'max_iter': 50, 'alpha': 0.0001}. Best is trial 1 with value: 0.55.
/data/home/rtabares/anaconda3/envs/pyth3.12/lib/python3.12/site-packages/sklearn/neural_network/_multilayer_perceptron.py:691: ConvergenceWarning: Stochastic Optimizer: Maximum iterations (50) reached and the optimization hasn't converged yet.
  warnings.warn(
/data/home/rtabares/anaconda3/envs/pyth3.12/lib/python3.12/site-packages/sklearn/neural_network/_multilayer_perceptron.py:691: ConvergenceWarning: Stochastic Optimizer: Maximum iterations (50) reached and the optimization hasn't converged yet.
  warnings.warn(
/data/home/rtabares/anaconda3/envs/pyth3.12/lib/python3.12/site-packages/sklearn/neural_network/_multilayer_perceptron.py:691: ConvergenceWarning: Stochastic Optimizer: Maximum iterations (50) reached and the optimization hasn't converged yet.
  warnings.warn(
/data/home/rtabares/anaconda3/envs/pyth3.12/lib/python3.12/site-packages/sklearn/neural_network/_multilayer_perceptron.py:691: ConvergenceWarning: Stochastic Optimizer: Maximum iterations (50) reached and the optimization hasn't converged yet.
  warnings.warn(
/data/home/rtabares/anaconda3/envs/pyth3.12/lib/python3.12/site-packages/sklearn/neural_network/_multilayer_perceptron.py:691: ConvergenceWarning: Stochastic Optimizer: Maximum iterations (50) reached and the optimization hasn't converged yet.
  warnings.warn(
[I 2025-05-15 07:42:25,356] Trial 5 finished with value: 0.5166666666666666 and parameters: {'hidden_layer_sizes': (100,), 'max_iter': 50, 'alpha': 0.0001}. Best is trial 1 with value: 0.55.
/data/home/rtabares/anaconda3/envs/pyth3.12/lib/python3.12/site-packages/sklearn/neural_network/_multilayer_perceptron.py:691: ConvergenceWarning: Stochastic Optimizer: Maximum iterations (50) reached and the optimization hasn't converged yet.
  warnings.warn(
/data/home/rtabares/anaconda3/envs/pyth3.12/lib/python3.12/site-packages/sklearn/neural_network/_multilayer_perceptron.py:691: ConvergenceWarning: Stochastic Optimizer: Maximum iterations (50) reached and the optimization hasn't converged yet.
  warnings.warn(
/data/home/rtabares/anaconda3/envs/pyth3.12/lib/python3.12/site-packages/sklearn/neural_network/_multilayer_perceptron.py:691: ConvergenceWarning: Stochastic Optimizer: Maximum iterations (50) reached and the optimization hasn't converged yet.
  warnings.warn(
/data/home/rtabares/anaconda3/envs/pyth3.12/lib/python3.12/site-packages/sklearn/neural_network/_multilayer_perceptron.py:691: ConvergenceWarning: Stochastic Optimizer: Maximum iterations (50) reached and the optimization hasn't converged yet.
  warnings.warn(
/data/home/rtabares/anaconda3/envs/pyth3.12/lib/python3.12/site-packages/sklearn/neural_network/_multilayer_perceptron.py:691: ConvergenceWarning: Stochastic Optimizer: Maximum iterations (50) reached and the optimization hasn't converged yet.
  warnings.warn(
