[I 2025-05-15 07:42:18,313] Trial 23 finished with value: 0.5266666666666666 and parameters: {'n_estimators': 100, 'max_depth': 5, 'gamma': 0.2544663651194986, 'subsample': 0.9452633703443591, 'colsample_bytree': 0.8077131937866553}. Best is trial 22 with value: 0.5766666666666665.
[I 2025-05-15 07:42:18,379] Trial 24 finished with value: 0.51 and parameters: {'n_estimators': 100, 'max_depth': 5, 'gamma': 0.26013651099974605, 'subsample': 0.9891907852246411, 'colsample_bytree': 0.9120028638133675}. Best is trial 22 with value: 0.5766666666666665.
[I 2025-05-15 07:42:18,482] Trial 25 finished with value: 0.5466666666666666 and parameters: {'n_estimators': 100, 'max_depth': 5, 'gamma': 0.3323048838858045, 'subsample': 0.8698590347445223, 'colsample_bytree': 0.7646294191200697}. Best is trial 22 with value: 0.5766666666666665.
[I 2025-05-15 07:42:18,544] Trial 26 finished with value: 0.53 and parameters: {'n_estimators': 100, 'max_depth': 5, 'gamma': 0.5743804337942131, 'subsample': 0.8143922620931386, 'colsample_bytree': 0.82283227997587}. Best is trial 22 with value: 0.5766666666666665.
[I 2025-05-15 07:42:18,621] Trial 27 finished with value: 0.5633333333333332 and parameters: {'n_estimators': 100, 'max_depth': 5, 'gamma': 0.4149131717946727, 'subsample': 0.9351969221236477, 'colsample_bytree': 0.6829653986482696}. Best is trial 22 with value: 0.5766666666666665.
[I 2025-05-15 07:42:18,668] Trial 28 finished with value: 0.5133333333333334 and parameters: {'n_estimators': 10, 'max_depth': 30, 'gamma': 0.2033447971676549, 'subsample': 0.8708901507233173, 'colsample_bytree': 0.7422401632172116}. Best is trial 22 with value: 0.5766666666666665.
[I 2025-05-15 07:42:18,729] Trial 29 finished with value: 0.5133333333333333 and parameters: {'n_estimators': 40, 'max_depth': 20, 'gamma': 0.7117240410341539, 'subsample': 0.999928511978245, 'colsample_bytree': 0.9366613463342207}. Best is trial 22 with value: 0.5766666666666665.
[I 2025-05-15 07:43:12,169] A new study created in memory with name: rf
Parámetros guardados en checkpoint_adult_Doriginal_G/craig/IPC_43/best_models_craig_seed_5_space_original/xgb_best_params.json


>>> Optuna tuning rf metodo craig IPC 43 seed 5


[I 2025-05-15 07:43:13,529] Trial 0 finished with value: 0.44333333333333336 and parameters: {'n_estimators': 189, 'max_depth': 18, 'min_samples_split': 3, 'min_samples_leaf': 10}. Best is trial 0 with value: 0.44333333333333336.
[I 2025-05-15 07:43:14,003] Trial 1 finished with value: 0.6166666666666667 and parameters: {'n_estimators': 295, 'max_depth': 14, 'min_samples_split': 8, 'min_samples_leaf': 6}. Best is trial 1 with value: 0.6166666666666667.
[I 2025-05-15 07:43:14,655] Trial 2 finished with value: 0.5433333333333333 and parameters: {'n_estimators': 219, 'max_depth': 6, 'min_samples_split': 2, 'min_samples_leaf': 8}. Best is trial 1 with value: 0.6166666666666667.
[I 2025-05-15 07:43:15,898] Trial 3 finished with value: 0.5999999999999999 and parameters: {'n_estimators': 276, 'max_depth': 5, 'min_samples_split': 9, 'min_samples_leaf': 3}. Best is trial 1 with value: 0.6166666666666667.
[I 2025-05-15 07:43:17,041] Trial 4 finished with value: 0.5666666666666667 and parameters: {'n_estimators': 266, 'max_depth': 8, 'min_samples_split': 7, 'min_samples_leaf': 6}. Best is trial 1 with value: 0.6166666666666667.
[I 2025-05-15 07:43:18,420] Trial 5 finished with value: 0.5666666666666667 and parameters: {'n_estimators': 340, 'max_depth': 7, 'min_samples_split': 4, 'min_samples_leaf': 3}. Best is trial 1 with value: 0.6166666666666667.
[I 2025-05-15 07:43:19,343] Trial 6 finished with value: 0.36 and parameters: {'n_estimators': 231, 'max_depth': 5, 'min_samples_split': 3, 'min_samples_leaf': 10}. Best is trial 1 with value: 0.6166666666666667.
[I 2025-05-15 07:43:21,061] Trial 7 finished with value: 0.55 and parameters: {'n_estimators': 485, 'max_depth': 6, 'min_samples_split': 2, 'min_samples_leaf': 3}. Best is trial 1 with value: 0.6166666666666667.
[I 2025-05-15 07:43:22,725] Trial 8 finished with value: 0.6333333333333334 and parameters: {'n_estimators': 380, 'max_depth': 17, 'min_samples_split': 2, 'min_samples_leaf': 6}. Best is trial 8 with value: 0.6333333333333334.
[I 2025-05-15 07:43:23,267] Trial 9 finished with value: 0.44333333333333336 and parameters: {'n_estimators': 100, 'max_depth': 12, 'min_samples_split': 7, 'min_samples_leaf': 10}. Best is trial 8 with value: 0.6333333333333334.
[I 2025-05-15 07:43:24,819] Trial 10 finished with value: 0.6000000000000001 and parameters: {'n_estimators': 406, 'max_depth': 20, 'min_samples_split': 5, 'min_samples_leaf': 5}. Best is trial 8 with value: 0.6333333333333334.
[I 2025-05-15 07:43:27,240] Trial 11 finished with value: 0.55 and parameters: {'n_estimators': 360, 'max_depth': 15, 'min_samples_split': 10, 'min_samples_leaf': 6}. Best is trial 8 with value: 0.6333333333333334.
[I 2025-05-15 07:43:29,903] Trial 12 finished with value: 0.54 and parameters: {'n_estimators': 430, 'max_depth': 15, 'min_samples_split': 8, 'min_samples_leaf': 7}. Best is trial 8 with value: 0.6333333333333334.
[I 2025-05-15 07:43:31,354] Trial 13 finished with value: 0.5666666666666667 and parameters: {'n_estimators': 332, 'max_depth': 14, 'min_samples_split': 6, 'min_samples_leaf': 1}. Best is trial 8 with value: 0.6333333333333334.
[I 2025-05-15 07:43:33,023] Trial 14 finished with value: 0.6266666666666666 and parameters: {'n_estimators': 405, 'max_depth': 18, 'min_samples_split': 5, 'min_samples_leaf': 8}. Best is trial 8 with value: 0.6333333333333334.
[I 2025-05-15 07:43:35,133] Trial 15 finished with value: 0.48 and parameters: {'n_estimators': 489, 'max_depth': 19, 'min_samples_split': 5, 'min_samples_leaf': 9}. Best is trial 8 with value: 0.6333333333333334.
[I 2025-05-15 07:43:36,738] Trial 16 finished with value: 0.5066666666666666 and parameters: {'n_estimators': 407, 'max_depth': 17, 'min_samples_split': 4, 'min_samples_leaf': 8}. Best is trial 8 with value: 0.6333333333333334.
[I 2025-05-15 07:43:38,445] Trial 17 finished with value: 0.55 and parameters: {'n_estimators': 443, 'max_depth': 11, 'min_samples_split': 5, 'min_samples_leaf': 5}. Best is trial 8 with value: 0.6333333333333334.
[I 2025-05-15 07:43:39,881] Trial 18 finished with value: 0.4933333333333333 and parameters: {'n_estimators': 372, 'max_depth': 17, 'min_samples_split': 3, 'min_samples_leaf': 8}. Best is trial 8 with value: 0.6333333333333334.
[I 2025-05-15 07:43:41,062] Trial 19 finished with value: 0.6 and parameters: {'n_estimators': 453, 'max_depth': 10, 'min_samples_split': 6, 'min_samples_leaf': 4}. Best is trial 8 with value: 0.6333333333333334.
[I 2025-05-15 07:43:42,353] Trial 20 finished with value: 0.5999999999999999 and parameters: {'n_estimators': 378, 'max_depth': 3, 'min_samples_split': 4, 'min_samples_leaf': 1}. Best is trial 8 with value: 0.6333333333333334.
[I 2025-05-15 07:43:43,413] Trial 21 finished with value: 0.5800000000000001 and parameters: {'n_estimators': 303, 'max_depth': 13, 'min_samples_split': 8, 'min_samples_leaf': 7}. Best is trial 8 with value: 0.6333333333333334.
[I 2025-05-15 07:43:45,361] Trial 22 finished with value: 0.5266666666666667 and parameters: {'n_estimators': 306, 'max_depth': 16, 'min_samples_split': 10, 'min_samples_leaf': 7}. Best is trial 8 with value: 0.6333333333333334.
[I 2025-05-15 07:43:46,593] Trial 23 finished with value: 0.5666666666666667 and parameters: {'n_estimators': 387, 'max_depth': 20, 'min_samples_split': 8, 'min_samples_leaf': 6}. Best is trial 8 with value: 0.6333333333333334.
[I 2025-05-15 07:43:47,844] Trial 24 finished with value: 0.5666666666666667 and parameters: {'n_estimators': 331, 'max_depth': 18, 'min_samples_split': 7, 'min_samples_leaf': 4}. Best is trial 8 with value: 0.6333333333333334.
[I 2025-05-15 07:43:48,431] Trial 25 finished with value: 0.4766666666666667 and parameters: {'n_estimators': 165, 'max_depth': 14, 'min_samples_split': 9, 'min_samples_leaf': 9}. Best is trial 8 with value: 0.6333333333333334.
[I 2025-05-15 07:43:49,663] Trial 26 finished with value: 0.5466666666666666 and parameters: {'n_estimators': 259, 'max_depth': 16, 'min_samples_split': 2, 'min_samples_leaf': 7}. Best is trial 8 with value: 0.6333333333333334.
[I 2025-05-15 07:43:51,214] Trial 27 finished with value: 0.6166666666666667 and parameters: {'n_estimators': 408, 'max_depth': 18, 'min_samples_split': 9, 'min_samples_leaf': 5}. Best is trial 8 with value: 0.6333333333333334.
[I 2025-05-15 07:43:52,502] Trial 28 finished with value: 0.5266666666666666 and parameters: {'n_estimators': 348, 'max_depth': 13, 'min_samples_split': 6, 'min_samples_leaf': 9}. Best is trial 8 with value: 0.6333333333333334.
[I 2025-05-15 07:43:53,328] Trial 29 finished with value: 0.6833333333333333 and parameters: {'n_estimators': 173, 'max_depth': 10, 'min_samples_split': 3, 'min_samples_leaf': 4}. Best is trial 29 with value: 0.6833333333333333.
[I 2025-05-15 07:44:06,199] A new study created in memory with name: svc
Parámetros guardados en checkpoint_adult_Doriginal_G/craig/IPC_43/best_models_craig_seed_5_space_original/rf_best_params.json


>>> Optuna tuning svc metodo craig IPC 43 seed 5


[I 2025-05-15 07:44:11,279] Trial 0 finished with value: 0.5 and parameters: {'C': 0.07726319876517104, 'gamma': 0.3040389504793042}. Best is trial 0 with value: 0.5.
[I 2025-05-15 07:44:11,412] Trial 1 finished with value: 0.5 and parameters: {'C': 0.06712381339142241, 'gamma': 0.47254549996710477}. Best is trial 0 with value: 0.5.
[I 2025-05-15 07:44:11,433] Trial 2 finished with value: 0.5 and parameters: {'C': 0.8987621100554035, 'gamma': 0.027988231123708972}. Best is trial 0 with value: 0.5.
[I 2025-05-15 07:44:11,457] Trial 3 finished with value: 0.58 and parameters: {'C': 11.5779435007655, 'gamma': 0.011848734045499056}. Best is trial 3 with value: 0.58.
[I 2025-05-15 07:44:11,473] Trial 4 finished with value: 0.5 and parameters: {'C': 0.1538870258903583, 'gamma': 0.0005634883151169033}. Best is trial 3 with value: 0.58.
[I 2025-05-15 07:44:11,496] Trial 5 finished with value: 0.5 and parameters: {'C': 0.021036092656561454, 'gamma': 0.08990030906808326}. Best is trial 3 with value: 0.58.
[I 2025-05-15 07:44:11,520] Trial 6 finished with value: 0.5 and parameters: {'C': 0.5824208201678516, 'gamma': 0.00042977333932534993}. Best is trial 3 with value: 0.58.
[I 2025-05-15 07:44:11,549] Trial 7 finished with value: 0.5833333333333333 and parameters: {'C': 33.09391330085814, 'gamma': 0.001248377256719358}. Best is trial 7 with value: 0.5833333333333333.
[I 2025-05-15 07:44:11,572] Trial 8 finished with value: 0.5 and parameters: {'C': 0.45387898639622015, 'gamma': 0.0015286910781809498}. Best is trial 7 with value: 0.5833333333333333.
[I 2025-05-15 07:44:11,585] Trial 9 finished with value: 0.44666666666666666 and parameters: {'C': 3.274550070431994, 'gamma': 0.02086177421469992}. Best is trial 7 with value: 0.5833333333333333.
[I 2025-05-15 07:44:11,617] Trial 10 finished with value: 0.5 and parameters: {'C': 92.21380870365533, 'gamma': 0.00011081406546803206}. Best is trial 7 with value: 0.5833333333333333.
[I 2025-05-15 07:44:13,105] Trial 11 finished with value: 0.5833333333333333 and parameters: {'C': 17.757430319443916, 'gamma': 0.004115194859067846}. Best is trial 7 with value: 0.5833333333333333.
[I 2025-05-15 07:44:14,795] Trial 12 finished with value: 0.7166666666666666 and parameters: {'C': 68.07849739747883, 'gamma': 0.0026583333198354005}. Best is trial 12 with value: 0.7166666666666666.
[I 2025-05-15 07:44:14,839] Trial 13 finished with value: 0.6666666666666666 and parameters: {'C': 90.74632141002783, 'gamma': 0.0028911906472004634}. Best is trial 12 with value: 0.7166666666666666.
[I 2025-05-15 07:44:14,881] Trial 14 finished with value: 0.6833333333333333 and parameters: {'C': 84.07146932727382, 'gamma': 0.003403409604221568}. Best is trial 12 with value: 0.7166666666666666.
[I 2025-05-15 07:44:14,912] Trial 15 finished with value: 0.5 and parameters: {'C': 3.6454801546667674, 'gamma': 0.006196038041058372}. Best is trial 12 with value: 0.7166666666666666.
[I 2025-05-15 07:44:14,972] Trial 16 finished with value: 0.4833333333333333 and parameters: {'C': 5.107083463809838, 'gamma': 0.06814578914180697}. Best is trial 12 with value: 0.7166666666666666.
[I 2025-05-15 07:44:14,998] Trial 17 finished with value: 0.5 and parameters: {'C': 37.19256786103252, 'gamma': 0.00014571551580927586}. Best is trial 12 with value: 0.7166666666666666.
[I 2025-05-15 07:44:15,042] Trial 18 finished with value: 0.5 and parameters: {'C': 11.345124364880174, 'gamma': 0.0004885460311959592}. Best is trial 12 with value: 0.7166666666666666.
[I 2025-05-15 07:44:15,078] Trial 19 finished with value: 0.5999999999999999 and parameters: {'C': 38.3316438210486, 'gamma': 0.0018057833547853628}. Best is trial 12 with value: 0.7166666666666666.
[I 2025-05-15 07:44:15,118] Trial 20 finished with value: 0.5 and parameters: {'C': 2.9220311223505036, 'gamma': 0.009652178391268158}. Best is trial 12 with value: 0.7166666666666666.
[I 2025-05-15 07:44:15,158] Trial 21 finished with value: 0.6833333333333333 and parameters: {'C': 94.81850522199632, 'gamma': 0.003706994893140385}. Best is trial 12 with value: 0.7166666666666666.
[I 2025-05-15 07:44:15,183] Trial 22 finished with value: 0.6833333333333333 and parameters: {'C': 95.58700111528495, 'gamma': 0.0038653714080090886}. Best is trial 12 with value: 0.7166666666666666.
[I 2025-05-15 07:44:15,207] Trial 23 finished with value: 0.5 and parameters: {'C': 25.283180814452855, 'gamma': 0.0009307490649145866}. Best is trial 12 with value: 0.7166666666666666.
[I 2025-05-15 07:44:16,489] Trial 24 finished with value: 0.6133333333333333 and parameters: {'C': 51.7241963231843, 'gamma': 0.018003757415066043}. Best is trial 12 with value: 0.7166666666666666.
[I 2025-05-15 07:44:16,531] Trial 25 finished with value: 0.5966666666666666 and parameters: {'C': 7.889214838400312, 'gamma': 0.04152745813923929}. Best is trial 12 with value: 0.7166666666666666.
[I 2025-05-15 07:44:16,552] Trial 26 finished with value: 0.6333333333333334 and parameters: {'C': 16.625096244001007, 'gamma': 0.008275066491209154}. Best is trial 12 with value: 0.7166666666666666.
[I 2025-05-15 07:44:16,601] Trial 27 finished with value: 0.5 and parameters: {'C': 1.9171380634714656, 'gamma': 0.0023921560671507527}. Best is trial 12 with value: 0.7166666666666666.
[I 2025-05-15 07:44:16,677] Trial 28 finished with value: 0.5 and parameters: {'C': 47.93282093534812, 'gamma': 0.00022819205751079384}. Best is trial 12 with value: 0.7166666666666666.
[I 2025-05-15 07:44:16,697] Trial 29 finished with value: 0.4833333333333334 and parameters: {'C': 69.24027488647391, 'gamma': 0.1684880040260438}. Best is trial 12 with value: 0.7166666666666666.
[I 2025-05-15 07:44:28,303] A new study created in memory with name: logreg
Parámetros guardados en checkpoint_adult_Doriginal_G/craig/IPC_43/best_models_craig_seed_5_space_original/svc_best_params.json


>>> Optuna tuning logreg metodo craig IPC 43 seed 5


[I 2025-05-15 07:44:31,431] Trial 0 finished with value: 0.5 and parameters: {'C': 0.012881482725481003, 'penalty': 'l2'}. Best is trial 0 with value: 0.5.
[I 2025-05-15 07:44:31,466] Trial 1 finished with value: 0.6333333333333333 and parameters: {'C': 22.576755560681583, 'penalty': 'l2'}. Best is trial 1 with value: 0.6333333333333333.
[I 2025-05-15 07:44:31,512] Trial 2 finished with value: 0.5 and parameters: {'C': 0.010804278656839932, 'penalty': 'l2'}. Best is trial 1 with value: 0.6333333333333333.
[I 2025-05-15 07:44:31,555] Trial 3 finished with value: 0.6333333333333333 and parameters: {'C': 39.17910760336117, 'penalty': 'l2'}. Best is trial 1 with value: 0.6333333333333333.
[I 2025-05-15 07:44:31,588] Trial 4 finished with value: 0.6166666666666666 and parameters: {'C': 0.2767298094062571, 'penalty': 'l2'}. Best is trial 1 with value: 0.6333333333333333.
[I 2025-05-15 07:44:31,621] Trial 5 finished with value: 0.6166666666666667 and parameters: {'C': 1.1447728330837224, 'penalty': 'l2'}. Best is trial 1 with value: 0.6333333333333333.
[I 2025-05-15 07:44:31,675] Trial 6 finished with value: 0.65 and parameters: {'C': 6.753661388238877, 'penalty': 'l2'}. Best is trial 6 with value: 0.65.
[I 2025-05-15 07:44:31,713] Trial 7 finished with value: 0.6166666666666666 and parameters: {'C': 0.39092184460352974, 'penalty': 'l2'}. Best is trial 6 with value: 0.65.
[I 2025-05-15 07:44:31,753] Trial 8 finished with value: 0.4833333333333334 and parameters: {'C': 0.03047912590082646, 'penalty': 'l2'}. Best is trial 6 with value: 0.65.
[I 2025-05-15 07:44:31,798] Trial 9 finished with value: 0.5 and parameters: {'C': 0.008681727362499118, 'penalty': 'l2'}. Best is trial 6 with value: 0.65.
[I 2025-05-15 07:44:31,848] Trial 10 finished with value: 0.6166666666666667 and parameters: {'C': 2.4631346793210676, 'penalty': 'l2'}. Best is trial 6 with value: 0.65.
[I 2025-05-15 07:44:34,330] Trial 11 finished with value: 0.6333333333333333 and parameters: {'C': 71.2292869734559, 'penalty': 'l2'}. Best is trial 6 with value: 0.65.
[I 2025-05-15 07:44:36,358] Trial 12 finished with value: 0.65 and parameters: {'C': 10.276946066829701, 'penalty': 'l2'}. Best is trial 6 with value: 0.65.
[I 2025-05-15 07:44:36,429] Trial 13 finished with value: 0.65 and parameters: {'C': 6.752714314975965, 'penalty': 'l2'}. Best is trial 6 with value: 0.65.
[I 2025-05-15 07:44:36,467] Trial 14 finished with value: 0.65 and parameters: {'C': 8.364928192546005, 'penalty': 'l2'}. Best is trial 6 with value: 0.65.
[I 2025-05-15 07:44:36,515] Trial 15 finished with value: 0.5166666666666666 and parameters: {'C': 0.13894514177268197, 'penalty': 'l2'}. Best is trial 6 with value: 0.65.
[I 2025-05-15 07:44:36,545] Trial 16 finished with value: 0.6166666666666667 and parameters: {'C': 3.3100774662180483, 'penalty': 'l2'}. Best is trial 6 with value: 0.65.
[I 2025-05-15 07:44:36,575] Trial 17 finished with value: 0.5 and parameters: {'C': 0.0021318879744765045, 'penalty': 'l2'}. Best is trial 6 with value: 0.65.
[I 2025-05-15 07:44:36,615] Trial 18 finished with value: 0.6333333333333333 and parameters: {'C': 13.891587580900104, 'penalty': 'l2'}. Best is trial 6 with value: 0.65.
[I 2025-05-15 07:44:36,659] Trial 19 finished with value: 0.6166666666666667 and parameters: {'C': 1.2434940177583798, 'penalty': 'l2'}. Best is trial 6 with value: 0.65.
[I 2025-05-15 07:44:36,701] Trial 20 finished with value: 0.6333333333333333 and parameters: {'C': 77.97005762580275, 'penalty': 'l2'}. Best is trial 6 with value: 0.65.
[I 2025-05-15 07:44:36,761] Trial 21 finished with value: 0.65 and parameters: {'C': 6.575022661419543, 'penalty': 'l2'}. Best is trial 6 with value: 0.65.
[I 2025-05-15 07:44:36,811] Trial 22 finished with value: 0.65 and parameters: {'C': 4.218618848867228, 'penalty': 'l2'}. Best is trial 6 with value: 0.65.
[I 2025-05-15 07:44:36,849] Trial 23 finished with value: 0.6333333333333333 and parameters: {'C': 24.2511738919366, 'penalty': 'l2'}. Best is trial 6 with value: 0.65.
[I 2025-05-15 07:44:36,888] Trial 24 finished with value: 0.6166666666666667 and parameters: {'C': 1.138885237890695, 'penalty': 'l2'}. Best is trial 6 with value: 0.65.
[I 2025-05-15 07:44:36,926] Trial 25 finished with value: 0.65 and parameters: {'C': 7.273989504006129, 'penalty': 'l2'}. Best is trial 6 with value: 0.65.
[I 2025-05-15 07:44:36,956] Trial 26 finished with value: 0.6166666666666666 and parameters: {'C': 0.4603169974587292, 'penalty': 'l2'}. Best is trial 6 with value: 0.65.
[I 2025-05-15 07:44:36,986] Trial 27 finished with value: 0.65 and parameters: {'C': 12.567572177676206, 'penalty': 'l2'}. Best is trial 6 with value: 0.65.
[I 2025-05-15 07:44:37,043] Trial 28 finished with value: 0.5166666666666666 and parameters: {'C': 0.0894290889316131, 'penalty': 'l2'}. Best is trial 6 with value: 0.65.
[I 2025-05-15 07:44:37,092] Trial 29 finished with value: 0.6166666666666667 and parameters: {'C': 2.6319612996101287, 'penalty': 'l2'}. Best is trial 6 with value: 0.65.
[I 2025-05-15 07:44:51,424] A new study created in memory with name: mlp
Parámetros guardados en checkpoint_adult_Doriginal_G/craig/IPC_43/best_models_craig_seed_5_space_original/logreg_best_params.json


>>> Optuna tuning mlp metodo craig IPC 43 seed 5


/data/home/rtabares/anaconda3/envs/pyth3.12/lib/python3.12/site-packages/sklearn/neural_network/_multilayer_perceptron.py:691: ConvergenceWarning: Stochastic Optimizer: Maximum iterations (50) reached and the optimization hasn't converged yet.
  warnings.warn(
/data/home/rtabares/anaconda3/envs/pyth3.12/lib/python3.12/site-packages/sklearn/neural_network/_multilayer_perceptron.py:691: ConvergenceWarning: Stochastic Optimizer: Maximum iterations (50) reached and the optimization hasn't converged yet.
  warnings.warn(
/data/home/rtabares/anaconda3/envs/pyth3.12/lib/python3.12/site-packages/sklearn/neural_network/_multilayer_perceptron.py:691: ConvergenceWarning: Stochastic Optimizer: Maximum iterations (50) reached and the optimization hasn't converged yet.
  warnings.warn(
/data/home/rtabares/anaconda3/envs/pyth3.12/lib/python3.12/site-packages/sklearn/neural_network/_multilayer_perceptron.py:691: ConvergenceWarning: Stochastic Optimizer: Maximum iterations (50) reached and the optimization hasn't converged yet.
  warnings.warn(
/data/home/rtabares/anaconda3/envs/pyth3.12/lib/python3.12/site-packages/sklearn/neural_network/_multilayer_perceptron.py:691: ConvergenceWarning: Stochastic Optimizer: Maximum iterations (50) reached and the optimization hasn't converged yet.
  warnings.warn(
