[I 2025-05-15 07:32:35,398] Trial 21 finished with value: 1.0 and parameters: {'n_estimators': 40, 'max_depth': 5, 'gamma': 0.10884944353746728, 'subsample': 0.6452327806043826, 'colsample_bytree': 0.9996327179994534}. Best is trial 12 with value: 1.0.
[I 2025-05-15 07:32:35,448] Trial 22 finished with value: 0.9333333333333332 and parameters: {'n_estimators': 40, 'max_depth': 5, 'gamma': 0.1720369889428279, 'subsample': 0.6081854618416772, 'colsample_bytree': 0.9640697084181702}. Best is trial 12 with value: 1.0.
[I 2025-05-15 07:32:35,490] Trial 23 finished with value: 0.9333333333333332 and parameters: {'n_estimators': 40, 'max_depth': 5, 'gamma': 0.1646226317050326, 'subsample': 0.6741049595153292, 'colsample_bytree': 0.9602828580696576}. Best is trial 12 with value: 1.0.
[I 2025-05-15 07:32:35,543] Trial 24 finished with value: 0.9666666666666666 and parameters: {'n_estimators': 40, 'max_depth': 5, 'gamma': 0.40807951285520333, 'subsample': 0.5688532530220872, 'colsample_bytree': 0.8973614802276876}. Best is trial 12 with value: 1.0.
[I 2025-05-15 07:32:35,585] Trial 25 finished with value: 0.9333333333333332 and parameters: {'n_estimators': 40, 'max_depth': 5, 'gamma': 0.289177131528086, 'subsample': 0.670088918194786, 'colsample_bytree': 0.9918434641107321}. Best is trial 12 with value: 1.0.
[I 2025-05-15 07:32:35,629] Trial 26 finished with value: 0.9333333333333332 and parameters: {'n_estimators': 40, 'max_depth': 5, 'gamma': 0.20355729881960405, 'subsample': 0.7509814038577564, 'colsample_bytree': 0.9447066497221552}. Best is trial 12 with value: 1.0.
[I 2025-05-15 07:32:35,672] Trial 27 finished with value: 0.9333333333333332 and parameters: {'n_estimators': 40, 'max_depth': 30, 'gamma': 0.10414756517574375, 'subsample': 0.62287215642198, 'colsample_bytree': 0.8616942472047983}. Best is trial 12 with value: 1.0.
[I 2025-05-15 07:32:35,754] Trial 28 finished with value: 0.9333333333333332 and parameters: {'n_estimators': 100, 'max_depth': 5, 'gamma': 0.3552687703338897, 'subsample': 0.5360329391154417, 'colsample_bytree': 0.8917645477349048}. Best is trial 12 with value: 1.0.
[I 2025-05-15 07:32:35,804] Trial 29 finished with value: 0.8833333333333332 and parameters: {'n_estimators': 10, 'max_depth': 30, 'gamma': 0.2364619360126223, 'subsample': 0.7047871037677016, 'colsample_bytree': 0.6501627327263102}. Best is trial 12 with value: 1.0.
[I 2025-05-15 07:32:51,752] A new study created in memory with name: rf
Parámetros guardados en checkpoint_shoppers_Doriginal_F/k-means/IPC_11/best_models_k-means_seed_6_space_original/xgb_best_params.json


>>> Optuna tuning rf metodo k-means IPC 11 seed 6


[I 2025-05-15 07:32:54,641] Trial 0 finished with value: 0.8666666666666666 and parameters: {'n_estimators': 458, 'max_depth': 8, 'min_samples_split': 9, 'min_samples_leaf': 1}. Best is trial 0 with value: 0.8666666666666666.
[I 2025-05-15 07:32:55,090] Trial 1 finished with value: 0.8666666666666666 and parameters: {'n_estimators': 143, 'max_depth': 13, 'min_samples_split': 6, 'min_samples_leaf': 5}. Best is trial 0 with value: 0.8666666666666666.
[I 2025-05-15 07:32:56,043] Trial 2 finished with value: 0.55 and parameters: {'n_estimators': 234, 'max_depth': 14, 'min_samples_split': 5, 'min_samples_leaf': 8}. Best is trial 0 with value: 0.8666666666666666.
[I 2025-05-15 07:32:56,700] Trial 3 finished with value: 0.5 and parameters: {'n_estimators': 307, 'max_depth': 13, 'min_samples_split': 7, 'min_samples_leaf': 10}. Best is trial 0 with value: 0.8666666666666666.
[I 2025-05-15 07:32:57,509] Trial 4 finished with value: 0.5 and parameters: {'n_estimators': 428, 'max_depth': 10, 'min_samples_split': 9, 'min_samples_leaf': 9}. Best is trial 0 with value: 0.8666666666666666.
[I 2025-05-15 07:32:57,753] Trial 5 finished with value: 0.5 and parameters: {'n_estimators': 121, 'max_depth': 15, 'min_samples_split': 9, 'min_samples_leaf': 8}. Best is trial 0 with value: 0.8666666666666666.
[I 2025-05-15 07:32:58,428] Trial 6 finished with value: 0.5 and parameters: {'n_estimators': 384, 'max_depth': 12, 'min_samples_split': 3, 'min_samples_leaf': 10}. Best is trial 0 with value: 0.8666666666666666.
[I 2025-05-15 07:32:58,916] Trial 7 finished with value: 0.5 and parameters: {'n_estimators': 261, 'max_depth': 6, 'min_samples_split': 8, 'min_samples_leaf': 10}. Best is trial 0 with value: 0.8666666666666666.
[I 2025-05-15 07:32:59,379] Trial 8 finished with value: 0.5 and parameters: {'n_estimators': 202, 'max_depth': 15, 'min_samples_split': 7, 'min_samples_leaf': 8}. Best is trial 0 with value: 0.8666666666666666.
[I 2025-05-15 07:33:01,025] Trial 9 finished with value: 0.9166666666666666 and parameters: {'n_estimators': 475, 'max_depth': 9, 'min_samples_split': 4, 'min_samples_leaf': 5}. Best is trial 9 with value: 0.9166666666666666.
[I 2025-05-15 07:33:02,045] Trial 10 finished with value: 1.0 and parameters: {'n_estimators': 499, 'max_depth': 20, 'min_samples_split': 2, 'min_samples_leaf': 4}. Best is trial 10 with value: 1.0.
[I 2025-05-15 07:33:03,991] Trial 11 finished with value: 0.9166666666666666 and parameters: {'n_estimators': 489, 'max_depth': 20, 'min_samples_split': 2, 'min_samples_leaf': 4}. Best is trial 10 with value: 1.0.
[I 2025-05-15 07:33:06,170] Trial 12 finished with value: 0.9166666666666666 and parameters: {'n_estimators': 372, 'max_depth': 4, 'min_samples_split': 4, 'min_samples_leaf': 3}. Best is trial 10 with value: 1.0.
[I 2025-05-15 07:33:07,261] Trial 13 finished with value: 0.9166666666666666 and parameters: {'n_estimators': 406, 'max_depth': 20, 'min_samples_split': 2, 'min_samples_leaf': 6}. Best is trial 10 with value: 1.0.
[I 2025-05-15 07:33:08,656] Trial 14 finished with value: 1.0 and parameters: {'n_estimators': 483, 'max_depth': 17, 'min_samples_split': 4, 'min_samples_leaf': 2}. Best is trial 10 with value: 1.0.
[I 2025-05-15 07:33:09,648] Trial 15 finished with value: 1.0 and parameters: {'n_estimators': 340, 'max_depth': 17, 'min_samples_split': 3, 'min_samples_leaf': 1}. Best is trial 10 with value: 1.0.
[I 2025-05-15 07:33:10,655] Trial 16 finished with value: 0.95 and parameters: {'n_estimators': 499, 'max_depth': 18, 'min_samples_split': 4, 'min_samples_leaf': 3}. Best is trial 10 with value: 1.0.
[I 2025-05-15 07:33:11,707] Trial 17 finished with value: 1.0 and parameters: {'n_estimators': 444, 'max_depth': 17, 'min_samples_split': 2, 'min_samples_leaf': 2}. Best is trial 10 with value: 1.0.
[I 2025-05-15 07:33:12,665] Trial 18 finished with value: 0.9166666666666666 and parameters: {'n_estimators': 352, 'max_depth': 19, 'min_samples_split': 5, 'min_samples_leaf': 6}. Best is trial 10 with value: 1.0.
[I 2025-05-15 07:33:13,734] Trial 19 finished with value: 1.0 and parameters: {'n_estimators': 436, 'max_depth': 16, 'min_samples_split': 3, 'min_samples_leaf': 3}. Best is trial 10 with value: 1.0.
[I 2025-05-15 07:33:14,271] Trial 20 finished with value: 0.95 and parameters: {'n_estimators': 312, 'max_depth': 19, 'min_samples_split': 5, 'min_samples_leaf': 2}. Best is trial 10 with value: 1.0.
[I 2025-05-15 07:33:14,791] Trial 21 finished with value: 1.0 and parameters: {'n_estimators': 342, 'max_depth': 17, 'min_samples_split': 3, 'min_samples_leaf': 1}. Best is trial 10 with value: 1.0.
[I 2025-05-15 07:33:15,503] Trial 22 finished with value: 1.0 and parameters: {'n_estimators': 417, 'max_depth': 18, 'min_samples_split': 3, 'min_samples_leaf': 2}. Best is trial 10 with value: 1.0.
[I 2025-05-15 07:33:15,974] Trial 23 finished with value: 0.9166666666666666 and parameters: {'n_estimators': 178, 'max_depth': 16, 'min_samples_split': 2, 'min_samples_leaf': 4}. Best is trial 10 with value: 1.0.
[I 2025-05-15 07:33:16,824] Trial 24 finished with value: 0.9166666666666666 and parameters: {'n_estimators': 466, 'max_depth': 20, 'min_samples_split': 4, 'min_samples_leaf': 1}. Best is trial 10 with value: 1.0.
[I 2025-05-15 07:33:17,164] Trial 25 finished with value: 0.9166666666666666 and parameters: {'n_estimators': 263, 'max_depth': 18, 'min_samples_split': 3, 'min_samples_leaf': 4}. Best is trial 10 with value: 1.0.
[I 2025-05-15 07:33:17,665] Trial 26 finished with value: 0.95 and parameters: {'n_estimators': 392, 'max_depth': 16, 'min_samples_split': 6, 'min_samples_leaf': 2}. Best is trial 10 with value: 1.0.
[I 2025-05-15 07:33:18,192] Trial 27 finished with value: 0.9166666666666666 and parameters: {'n_estimators': 348, 'max_depth': 11, 'min_samples_split': 2, 'min_samples_leaf': 3}. Best is trial 10 with value: 1.0.
[I 2025-05-15 07:33:18,952] Trial 28 finished with value: 0.9666666666666666 and parameters: {'n_estimators': 491, 'max_depth': 14, 'min_samples_split': 4, 'min_samples_leaf': 1}. Best is trial 10 with value: 1.0.
[I 2025-05-15 07:33:19,554] Trial 29 finished with value: 1.0 and parameters: {'n_estimators': 456, 'max_depth': 7, 'min_samples_split': 5, 'min_samples_leaf': 1}. Best is trial 10 with value: 1.0.
[I 2025-05-15 07:33:27,628] A new study created in memory with name: svc
Parámetros guardados en checkpoint_shoppers_Doriginal_F/k-means/IPC_11/best_models_k-means_seed_6_space_original/rf_best_params.json


>>> Optuna tuning svc metodo k-means IPC 11 seed 6


[I 2025-05-15 07:33:29,700] Trial 0 finished with value: 0.45 and parameters: {'C': 37.27697013499731, 'gamma': 0.0021277432488243223}. Best is trial 0 with value: 0.45.
[I 2025-05-15 07:33:29,784] Trial 1 finished with value: 0.5 and parameters: {'C': 19.271543171162776, 'gamma': 0.00014682043379470554}. Best is trial 1 with value: 0.5.
[I 2025-05-15 07:33:29,811] Trial 2 finished with value: 0.5 and parameters: {'C': 0.0269542169583157, 'gamma': 0.023999835049635022}. Best is trial 1 with value: 0.5.
[I 2025-05-15 07:33:29,836] Trial 3 finished with value: 0.55 and parameters: {'C': 1.3160410886450586, 'gamma': 0.0047340159215720195}. Best is trial 3 with value: 0.55.
[I 2025-05-15 07:33:29,851] Trial 4 finished with value: 0.55 and parameters: {'C': 0.21959952535674737, 'gamma': 0.030908485742507576}. Best is trial 3 with value: 0.55.
[I 2025-05-15 07:33:29,865] Trial 5 finished with value: 0.4 and parameters: {'C': 0.5656733313644114, 'gamma': 0.08780685564625502}. Best is trial 3 with value: 0.55.
[I 2025-05-15 07:33:29,880] Trial 6 finished with value: 0.55 and parameters: {'C': 1.1807165425157664, 'gamma': 0.020674470756231633}. Best is trial 3 with value: 0.55.
[I 2025-05-15 07:33:29,895] Trial 7 finished with value: 0.35 and parameters: {'C': 3.8143486186647126, 'gamma': 0.9138966502602072}. Best is trial 3 with value: 0.55.
[I 2025-05-15 07:33:29,911] Trial 8 finished with value: 0.4 and parameters: {'C': 19.029737066374768, 'gamma': 0.004495766421289856}. Best is trial 3 with value: 0.55.
[I 2025-05-15 07:33:29,925] Trial 9 finished with value: 0.41666666666666663 and parameters: {'C': 31.994153257994277, 'gamma': 0.19725941020937518}. Best is trial 3 with value: 0.55.
[I 2025-05-15 07:33:29,948] Trial 10 finished with value: 0.5 and parameters: {'C': 0.03364484755032396, 'gamma': 0.0006344004822646731}. Best is trial 3 with value: 0.55.
[I 2025-05-15 07:33:30,776] Trial 11 finished with value: 0.55 and parameters: {'C': 0.17115368615984916, 'gamma': 0.00818207674607919}. Best is trial 3 with value: 0.55.
[I 2025-05-15 07:33:31,710] Trial 12 finished with value: 0.5 and parameters: {'C': 0.1774948288245935, 'gamma': 0.0009407708153906166}. Best is trial 3 with value: 0.55.
[I 2025-05-15 07:33:31,737] Trial 13 finished with value: 0.41666666666666663 and parameters: {'C': 3.1366796603299663, 'gamma': 0.07162371099228063}. Best is trial 3 with value: 0.55.
[I 2025-05-15 07:33:31,762] Trial 14 finished with value: 0.5 and parameters: {'C': 0.19793013334708243, 'gamma': 0.02019746768196317}. Best is trial 3 with value: 0.55.
[I 2025-05-15 07:33:31,784] Trial 15 finished with value: 0.5 and parameters: {'C': 0.863825415016299, 'gamma': 0.0026878716788863825}. Best is trial 3 with value: 0.55.
[I 2025-05-15 07:33:31,822] Trial 16 finished with value: 0.45 and parameters: {'C': 0.0119576348113261, 'gamma': 0.4107072414947854}. Best is trial 3 with value: 0.55.
[I 2025-05-15 07:33:31,845] Trial 17 finished with value: 0.5 and parameters: {'C': 4.145498720242584, 'gamma': 0.0002977076482950517}. Best is trial 3 with value: 0.55.
[I 2025-05-15 07:33:31,868] Trial 18 finished with value: 0.45 and parameters: {'C': 0.07431730920734984, 'gamma': 0.05268286494855317}. Best is trial 3 with value: 0.55.
[I 2025-05-15 07:33:31,890] Trial 19 finished with value: 0.55 and parameters: {'C': 0.4036737280562206, 'gamma': 0.00797335207636829}. Best is trial 3 with value: 0.55.
[I 2025-05-15 07:33:31,912] Trial 20 finished with value: 0.6166666666666666 and parameters: {'C': 5.441591460214766, 'gamma': 0.0010031093202079598}. Best is trial 20 with value: 0.6166666666666666.
[I 2025-05-15 07:33:31,938] Trial 21 finished with value: 0.5 and parameters: {'C': 1.8495254837175592, 'gamma': 0.0013712366855113077}. Best is trial 20 with value: 0.6166666666666666.
[I 2025-05-15 07:33:31,977] Trial 22 finished with value: 0.5 and parameters: {'C': 9.523597570797156, 'gamma': 0.00048700833160439345}. Best is trial 20 with value: 0.6166666666666666.
[I 2025-05-15 07:33:32,002] Trial 23 finished with value: 0.55 and parameters: {'C': 8.630497161207336, 'gamma': 0.003466427206295571}. Best is trial 20 with value: 0.6166666666666666.
[I 2025-05-15 07:33:32,907] Trial 24 finished with value: 0.5 and parameters: {'C': 0.4358894793448778, 'gamma': 0.00011721953764790823}. Best is trial 20 with value: 0.6166666666666666.
[I 2025-05-15 07:33:32,945] Trial 25 finished with value: 0.6 and parameters: {'C': 1.5365557911174583, 'gamma': 0.0061842648743158715}. Best is trial 20 with value: 0.6166666666666666.
[I 2025-05-15 07:33:32,972] Trial 26 finished with value: 0.8 and parameters: {'C': 84.98104018993892, 'gamma': 0.00664367361508531}. Best is trial 26 with value: 0.8.
[I 2025-05-15 07:33:32,996] Trial 27 finished with value: 0.45 and parameters: {'C': 68.80756386147573, 'gamma': 0.001572962446991163}. Best is trial 26 with value: 0.8.
[I 2025-05-15 07:33:33,020] Trial 28 finished with value: 0.7166666666666666 and parameters: {'C': 83.59520079218485, 'gamma': 0.012355767643850246}. Best is trial 26 with value: 0.8.
[I 2025-05-15 07:33:33,043] Trial 29 finished with value: 0.5 and parameters: {'C': 96.04845040850998, 'gamma': 0.002244348169316901}. Best is trial 26 with value: 0.8.
[I 2025-05-15 07:33:35,890] A new study created in memory with name: logreg
[I 2025-05-15 07:33:35,920] Trial 0 finished with value: 0.8 and parameters: {'C': 29.127335430981816, 'penalty': 'l2'}. Best is trial 0 with value: 0.8.
Parámetros guardados en checkpoint_shoppers_Doriginal_F/k-means/IPC_11/best_models_k-means_seed_6_space_original/svc_best_params.json


>>> Optuna tuning logreg metodo k-means IPC 11 seed 6


[I 2025-05-15 07:33:41,062] Trial 1 finished with value: 0.6 and parameters: {'C': 0.045698192893558344, 'penalty': 'l2'}. Best is trial 0 with value: 0.8.
[I 2025-05-15 07:33:41,425] Trial 2 finished with value: 0.75 and parameters: {'C': 12.768668597712947, 'penalty': 'l2'}. Best is trial 0 with value: 0.8.
[I 2025-05-15 07:33:41,452] Trial 3 finished with value: 0.6 and parameters: {'C': 0.0016161554408462638, 'penalty': 'l2'}. Best is trial 0 with value: 0.8.
[I 2025-05-15 07:33:41,495] Trial 4 finished with value: 0.6 and parameters: {'C': 0.0034536903703241734, 'penalty': 'l2'}. Best is trial 0 with value: 0.8.
[I 2025-05-15 07:33:41,518] Trial 5 finished with value: 0.55 and parameters: {'C': 0.9446269266990148, 'penalty': 'l2'}. Best is trial 0 with value: 0.8.
[I 2025-05-15 07:33:41,556] Trial 6 finished with value: 0.55 and parameters: {'C': 0.4457453393648168, 'penalty': 'l2'}. Best is trial 0 with value: 0.8.
[I 2025-05-15 07:33:41,579] Trial 7 finished with value: 0.5 and parameters: {'C': 0.12417585037258261, 'penalty': 'l2'}. Best is trial 0 with value: 0.8.
[I 2025-05-15 07:33:41,602] Trial 8 finished with value: 0.55 and parameters: {'C': 0.04753781830244093, 'penalty': 'l2'}. Best is trial 0 with value: 0.8.
[I 2025-05-15 07:33:41,625] Trial 9 finished with value: 0.55 and parameters: {'C': 1.2959766028194148, 'penalty': 'l2'}. Best is trial 0 with value: 0.8.
[I 2025-05-15 07:33:41,664] Trial 10 finished with value: 0.8 and parameters: {'C': 96.02411422716075, 'penalty': 'l2'}. Best is trial 0 with value: 0.8.
[I 2025-05-15 07:33:41,713] Trial 11 finished with value: 0.8 and parameters: {'C': 59.9697718692158, 'penalty': 'l2'}. Best is trial 0 with value: 0.8.
[I 2025-05-15 07:33:43,347] Trial 12 finished with value: 0.8 and parameters: {'C': 82.8768656483412, 'penalty': 'l2'}. Best is trial 0 with value: 0.8.
[I 2025-05-15 07:33:43,378] Trial 13 finished with value: 0.7 and parameters: {'C': 9.596516566476016, 'penalty': 'l2'}. Best is trial 0 with value: 0.8.
[I 2025-05-15 07:33:43,407] Trial 14 finished with value: 0.7 and parameters: {'C': 8.256835675350551, 'penalty': 'l2'}. Best is trial 0 with value: 0.8.
[I 2025-05-15 07:33:43,438] Trial 15 finished with value: 0.8 and parameters: {'C': 26.496420494439075, 'penalty': 'l2'}. Best is trial 0 with value: 0.8.
[I 2025-05-15 07:33:43,469] Trial 16 finished with value: 0.65 and parameters: {'C': 3.0038491817483806, 'penalty': 'l2'}. Best is trial 0 with value: 0.8.
[I 2025-05-15 07:33:43,497] Trial 17 finished with value: 0.8 and parameters: {'C': 69.67595105114795, 'penalty': 'l2'}. Best is trial 0 with value: 0.8.
[I 2025-05-15 07:33:43,524] Trial 18 finished with value: 0.65 and parameters: {'C': 3.1043628200283595, 'penalty': 'l2'}. Best is trial 0 with value: 0.8.
[I 2025-05-15 07:33:43,552] Trial 19 finished with value: 0.75 and parameters: {'C': 24.380294633562425, 'penalty': 'l2'}. Best is trial 0 with value: 0.8.
[I 2025-05-15 07:33:43,593] Trial 20 finished with value: 0.65 and parameters: {'C': 3.9056057204979204, 'penalty': 'l2'}. Best is trial 0 with value: 0.8.
[I 2025-05-15 07:33:44,518] Trial 21 finished with value: 0.8 and parameters: {'C': 85.65392706499286, 'penalty': 'l2'}. Best is trial 0 with value: 0.8.
[I 2025-05-15 07:33:44,552] Trial 22 finished with value: 0.8 and parameters: {'C': 30.7587805022174, 'penalty': 'l2'}. Best is trial 0 with value: 0.8.
[I 2025-05-15 07:33:44,582] Trial 23 finished with value: 0.8 and parameters: {'C': 34.272158914812536, 'penalty': 'l2'}. Best is trial 0 with value: 0.8.
[I 2025-05-15 07:33:44,612] Trial 24 finished with value: 0.75 and parameters: {'C': 13.563942896742137, 'penalty': 'l2'}. Best is trial 0 with value: 0.8.
[I 2025-05-15 07:33:45,479] Trial 25 finished with value: 0.8 and parameters: {'C': 76.48896359263087, 'penalty': 'l2'}. Best is trial 0 with value: 0.8.
[I 2025-05-15 07:33:45,516] Trial 26 finished with value: 0.7 and parameters: {'C': 5.906444146160663, 'penalty': 'l2'}. Best is trial 0 with value: 0.8.
[I 2025-05-15 07:33:45,553] Trial 27 finished with value: 0.8 and parameters: {'C': 38.02148341306982, 'penalty': 'l2'}. Best is trial 0 with value: 0.8.
[I 2025-05-15 07:33:45,579] Trial 28 finished with value: 0.6 and parameters: {'C': 0.016830414437773205, 'penalty': 'l2'}. Best is trial 0 with value: 0.8.
[I 2025-05-15 07:33:45,604] Trial 29 finished with value: 0.6 and parameters: {'C': 1.428224832239679, 'penalty': 'l2'}. Best is trial 0 with value: 0.8.
[I 2025-05-15 07:33:50,549] A new study created in memory with name: mlp
Parámetros guardados en checkpoint_shoppers_Doriginal_F/k-means/IPC_11/best_models_k-means_seed_6_space_original/logreg_best_params.json


>>> Optuna tuning mlp metodo k-means IPC 11 seed 6


/data/home/rtabares/anaconda3/envs/pyth3.12/lib/python3.12/site-packages/sklearn/neural_network/_multilayer_perceptron.py:691: ConvergenceWarning: Stochastic Optimizer: Maximum iterations (100) reached and the optimization hasn't converged yet.
  warnings.warn(
/data/home/rtabares/anaconda3/envs/pyth3.12/lib/python3.12/site-packages/sklearn/neural_network/_multilayer_perceptron.py:691: ConvergenceWarning: Stochastic Optimizer: Maximum iterations (100) reached and the optimization hasn't converged yet.
  warnings.warn(
/data/home/rtabares/anaconda3/envs/pyth3.12/lib/python3.12/site-packages/sklearn/neural_network/_multilayer_perceptron.py:691: ConvergenceWarning: Stochastic Optimizer: Maximum iterations (100) reached and the optimization hasn't converged yet.
  warnings.warn(
/data/home/rtabares/anaconda3/envs/pyth3.12/lib/python3.12/site-packages/sklearn/neural_network/_multilayer_perceptron.py:691: ConvergenceWarning: Stochastic Optimizer: Maximum iterations (100) reached and the optimization hasn't converged yet.
  warnings.warn(
/data/home/rtabares/anaconda3/envs/pyth3.12/lib/python3.12/site-packages/sklearn/neural_network/_multilayer_perceptron.py:691: ConvergenceWarning: Stochastic Optimizer: Maximum iterations (100) reached and the optimization hasn't converged yet.
  warnings.warn(
