[I 2025-05-15 07:27:33,358] Trial 11 finished with value: 0.6133333333333333 and parameters: {'n_estimators': 100, 'max_depth': 30, 'gamma': 0.157062635361989, 'subsample': 0.7364601449560734, 'colsample_bytree': 0.754830506898888}. Best is trial 10 with value: 0.6633333333333333.
/data/home/rtabares/anaconda3/envs/pyth3.12/lib/python3.12/site-packages/xgboost/core.py:377: FutureWarning: Your system has an old version of glibc (< 2.28). We will stop supporting Linux distros with glibc older than 2.28 after **May 31, 2025**. Please upgrade to a recent Linux distro (with glibc >= 2.28) to use future versions of XGBoost.
Note: You have installed the 'manylinux2014' variant of XGBoost. Certain features such as GPU algorithms or federated learning are not available. To use these features, please upgrade to a recent Linux distro with glibc 2.28+, and install the 'manylinux_2_28' variant.
  warnings.warn(
/data/home/rtabares/anaconda3/envs/pyth3.12/lib/python3.12/site-packages/xgboost/core.py:377: FutureWarning: Your system has an old version of glibc (< 2.28). We will stop supporting Linux distros with glibc older than 2.28 after **May 31, 2025**. Please upgrade to a recent Linux distro (with glibc >= 2.28) to use future versions of XGBoost.
Note: You have installed the 'manylinux2014' variant of XGBoost. Certain features such as GPU algorithms or federated learning are not available. To use these features, please upgrade to a recent Linux distro with glibc 2.28+, and install the 'manylinux_2_28' variant.
  warnings.warn(
/data/home/rtabares/anaconda3/envs/pyth3.12/lib/python3.12/site-packages/xgboost/core.py:377: FutureWarning: Your system has an old version of glibc (< 2.28). We will stop supporting Linux distros with glibc older than 2.28 after **May 31, 2025**. Please upgrade to a recent Linux distro (with glibc >= 2.28) to use future versions of XGBoost.
Note: You have installed the 'manylinux2014' variant of XGBoost. Certain features such as GPU algorithms or federated learning are not available. To use these features, please upgrade to a recent Linux distro with glibc 2.28+, and install the 'manylinux_2_28' variant.
  warnings.warn(
/data/home/rtabares/anaconda3/envs/pyth3.12/lib/python3.12/site-packages/xgboost/core.py:377: FutureWarning: Your system has an old version of glibc (< 2.28). We will stop supporting Linux distros with glibc older than 2.28 after **May 31, 2025**. Please upgrade to a recent Linux distro (with glibc >= 2.28) to use future versions of XGBoost.
Note: You have installed the 'manylinux2014' variant of XGBoost. Certain features such as GPU algorithms or federated learning are not available. To use these features, please upgrade to a recent Linux distro with glibc 2.28+, and install the 'manylinux_2_28' variant.
  warnings.warn(
[I 2025-05-15 07:27:34,533] Trial 12 finished with value: 0.64 and parameters: {'n_estimators': 100, 'max_depth': 30, 'gamma': 0.15110939954210073, 'subsample': 0.8263318964744714, 'colsample_bytree': 0.8471682070523221}. Best is trial 10 with value: 0.6633333333333333.
[I 2025-05-15 07:27:34,620] Trial 13 finished with value: 0.6633333333333333 and parameters: {'n_estimators': 100, 'max_depth': 30, 'gamma': 0.15813912455139084, 'subsample': 0.8286148659576932, 'colsample_bytree': 0.8541250394876011}. Best is trial 10 with value: 0.6633333333333333.
[I 2025-05-15 07:27:34,699] Trial 14 finished with value: 0.64 and parameters: {'n_estimators': 100, 'max_depth': 30, 'gamma': 0.2409302149380757, 'subsample': 0.8412205499025986, 'colsample_bytree': 0.8405349597051114}. Best is trial 10 with value: 0.6633333333333333.
[I 2025-05-15 07:27:34,774] Trial 15 finished with value: 0.6233333333333333 and parameters: {'n_estimators': 100, 'max_depth': 30, 'gamma': 0.31798733692887876, 'subsample': 0.8243832203194676, 'colsample_bytree': 0.8841605194277687}. Best is trial 10 with value: 0.6633333333333333.
[I 2025-05-15 07:27:34,866] Trial 16 finished with value: 0.6666666666666666 and parameters: {'n_estimators': 100, 'max_depth': 30, 'gamma': 0.10337287490569533, 'subsample': 0.6330785250586068, 'colsample_bytree': 0.6963291396490593}. Best is trial 16 with value: 0.6666666666666666.
[I 2025-05-15 07:27:34,931] Trial 17 finished with value: 0.6699999999999999 and parameters: {'n_estimators': 100, 'max_depth': 30, 'gamma': 0.4511038243386043, 'subsample': 0.6198946782812633, 'colsample_bytree': 0.6911981412728151}. Best is trial 17 with value: 0.6699999999999999.
[I 2025-05-15 07:27:34,989] Trial 18 finished with value: 0.6833333333333333 and parameters: {'n_estimators': 40, 'max_depth': 20, 'gamma': 0.46324603482457116, 'subsample': 0.6349260150922902, 'colsample_bytree': 0.6962880167267044}. Best is trial 18 with value: 0.6833333333333333.
[I 2025-05-15 07:27:35,064] Trial 19 finished with value: 0.6299999999999999 and parameters: {'n_estimators': 40, 'max_depth': 20, 'gamma': 0.5132914415394083, 'subsample': 0.6382453006809847, 'colsample_bytree': 0.6719876855827347}. Best is trial 18 with value: 0.6833333333333333.
[I 2025-05-15 07:27:35,130] Trial 20 finished with value: 0.6866666666666668 and parameters: {'n_estimators': 40, 'max_depth': 20, 'gamma': 0.45877778302962907, 'subsample': 0.6060098355910165, 'colsample_bytree': 0.7195159725524689}. Best is trial 20 with value: 0.6866666666666668.
[I 2025-05-15 07:27:35,189] Trial 21 finished with value: 0.6300000000000001 and parameters: {'n_estimators': 40, 'max_depth': 20, 'gamma': 0.45116109448884933, 'subsample': 0.6183201338690537, 'colsample_bytree': 0.7276954675664714}. Best is trial 20 with value: 0.6866666666666668.
[I 2025-05-15 07:27:35,248] Trial 22 finished with value: 0.6266666666666667 and parameters: {'n_estimators': 40, 'max_depth': 20, 'gamma': 0.6424051080154468, 'subsample': 0.5856289376960719, 'colsample_bytree': 0.7163701005788498}. Best is trial 20 with value: 0.6866666666666668.
[I 2025-05-15 07:27:35,327] Trial 23 finished with value: 0.6900000000000001 and parameters: {'n_estimators': 40, 'max_depth': 20, 'gamma': 0.4570793498249172, 'subsample': 0.6736450444111983, 'colsample_bytree': 0.6256096180251358}. Best is trial 23 with value: 0.6900000000000001.
[I 2025-05-15 07:27:35,376] Trial 24 finished with value: 0.6666666666666666 and parameters: {'n_estimators': 40, 'max_depth': 20, 'gamma': 0.29577162816277514, 'subsample': 0.691089970670561, 'colsample_bytree': 0.6132523476174074}. Best is trial 23 with value: 0.6900000000000001.
[I 2025-05-15 07:27:35,458] Trial 25 finished with value: 0.6333333333333334 and parameters: {'n_estimators': 40, 'max_depth': 20, 'gamma': 0.45267278900317237, 'subsample': 0.665408124303341, 'colsample_bytree': 0.6409727164757251}. Best is trial 23 with value: 0.6900000000000001.
[I 2025-05-15 07:27:35,511] Trial 26 finished with value: 0.5433333333333332 and parameters: {'n_estimators': 40, 'max_depth': 20, 'gamma': 0.5743804337942131, 'subsample': 0.5651613670062792, 'colsample_bytree': 0.5710322103825208}. Best is trial 23 with value: 0.6900000000000001.
[I 2025-05-15 07:27:35,601] Trial 27 finished with value: 0.6466666666666667 and parameters: {'n_estimators': 40, 'max_depth': 20, 'gamma': 0.7156620559972682, 'subsample': 0.7364781384879924, 'colsample_bytree': 0.7321892466125178}. Best is trial 23 with value: 0.6900000000000001.
[I 2025-05-15 07:27:35,657] Trial 28 finished with value: 0.6300000000000001 and parameters: {'n_estimators': 40, 'max_depth': 20, 'gamma': 0.3923896859081902, 'subsample': 0.6569253022500116, 'colsample_bytree': 0.79965897468577}. Best is trial 23 with value: 0.6900000000000001.
[I 2025-05-15 07:27:35,702] Trial 29 finished with value: 0.6699999999999999 and parameters: {'n_estimators': 40, 'max_depth': 5, 'gamma': 0.236404637336184, 'subsample': 0.766136878854619, 'colsample_bytree': 0.630217500419512}. Best is trial 23 with value: 0.6900000000000001.
[I 2025-05-15 07:28:07,814] A new study created in memory with name: rf
Parámetros guardados en checkpoint_default_Doriginal_H/random/IPC_27/best_models_random_seed_5_space_original/xgb_best_params.json


>>> Optuna tuning rf metodo random IPC 27 seed 5


[I 2025-05-15 07:28:11,658] Trial 0 finished with value: 0.5166666666666666 and parameters: {'n_estimators': 189, 'max_depth': 18, 'min_samples_split': 3, 'min_samples_leaf': 10}. Best is trial 0 with value: 0.5166666666666666.
[I 2025-05-15 07:28:12,473] Trial 1 finished with value: 0.5166666666666667 and parameters: {'n_estimators': 295, 'max_depth': 14, 'min_samples_split': 8, 'min_samples_leaf': 6}. Best is trial 1 with value: 0.5166666666666667.
[I 2025-05-15 07:28:13,129] Trial 2 finished with value: 0.5133333333333334 and parameters: {'n_estimators': 219, 'max_depth': 6, 'min_samples_split': 2, 'min_samples_leaf': 8}. Best is trial 1 with value: 0.5166666666666667.
[I 2025-05-15 07:28:13,992] Trial 3 finished with value: 0.6633333333333333 and parameters: {'n_estimators': 276, 'max_depth': 5, 'min_samples_split': 9, 'min_samples_leaf': 3}. Best is trial 3 with value: 0.6633333333333333.
[I 2025-05-15 07:28:15,036] Trial 4 finished with value: 0.5933333333333334 and parameters: {'n_estimators': 266, 'max_depth': 8, 'min_samples_split': 7, 'min_samples_leaf': 6}. Best is trial 3 with value: 0.6633333333333333.
[I 2025-05-15 07:28:16,017] Trial 5 finished with value: 0.6366666666666667 and parameters: {'n_estimators': 340, 'max_depth': 7, 'min_samples_split': 4, 'min_samples_leaf': 3}. Best is trial 3 with value: 0.6633333333333333.
[I 2025-05-15 07:28:16,676] Trial 6 finished with value: 0.5333333333333333 and parameters: {'n_estimators': 231, 'max_depth': 5, 'min_samples_split': 3, 'min_samples_leaf': 10}. Best is trial 3 with value: 0.6633333333333333.
[I 2025-05-15 07:28:18,052] Trial 7 finished with value: 0.6599999999999999 and parameters: {'n_estimators': 485, 'max_depth': 6, 'min_samples_split': 2, 'min_samples_leaf': 3}. Best is trial 3 with value: 0.6633333333333333.
[I 2025-05-15 07:28:18,842] Trial 8 finished with value: 0.5666666666666667 and parameters: {'n_estimators': 380, 'max_depth': 17, 'min_samples_split': 2, 'min_samples_leaf': 6}. Best is trial 3 with value: 0.6633333333333333.
[I 2025-05-15 07:28:19,181] Trial 9 finished with value: 0.5133333333333333 and parameters: {'n_estimators': 100, 'max_depth': 12, 'min_samples_split': 7, 'min_samples_leaf': 10}. Best is trial 3 with value: 0.6633333333333333.
[I 2025-05-15 07:28:20,128] Trial 10 finished with value: 0.7 and parameters: {'n_estimators': 446, 'max_depth': 3, 'min_samples_split': 10, 'min_samples_leaf': 2}. Best is trial 10 with value: 0.7.
[I 2025-05-15 07:28:22,166] Trial 11 finished with value: 0.68 and parameters: {'n_estimators': 436, 'max_depth': 3, 'min_samples_split': 10, 'min_samples_leaf': 1}. Best is trial 10 with value: 0.7.
[I 2025-05-15 07:28:23,916] Trial 12 finished with value: 0.64 and parameters: {'n_estimators': 470, 'max_depth': 3, 'min_samples_split': 10, 'min_samples_leaf': 1}. Best is trial 10 with value: 0.7.
[I 2025-05-15 07:28:25,802] Trial 13 finished with value: 0.6733333333333335 and parameters: {'n_estimators': 416, 'max_depth': 10, 'min_samples_split': 10, 'min_samples_leaf': 1}. Best is trial 10 with value: 0.7.
[I 2025-05-15 07:28:26,587] Trial 14 finished with value: 0.6766666666666667 and parameters: {'n_estimators': 423, 'max_depth': 4, 'min_samples_split': 5, 'min_samples_leaf': 2}. Best is trial 10 with value: 0.7.
[I 2025-05-15 07:28:27,294] Trial 15 finished with value: 0.5933333333333335 and parameters: {'n_estimators': 354, 'max_depth': 9, 'min_samples_split': 9, 'min_samples_leaf': 4}. Best is trial 10 with value: 0.7.
[I 2025-05-15 07:28:28,092] Trial 16 finished with value: 0.64 and parameters: {'n_estimators': 442, 'max_depth': 20, 'min_samples_split': 8, 'min_samples_leaf': 4}. Best is trial 10 with value: 0.7.
[I 2025-05-15 07:28:29,034] Trial 17 finished with value: 0.6933333333333334 and parameters: {'n_estimators': 494, 'max_depth': 3, 'min_samples_split': 10, 'min_samples_leaf': 1}. Best is trial 10 with value: 0.7.
[I 2025-05-15 07:28:30,413] Trial 18 finished with value: 0.6733333333333335 and parameters: {'n_estimators': 498, 'max_depth': 12, 'min_samples_split': 6, 'min_samples_leaf': 2}. Best is trial 10 with value: 0.7.
[I 2025-05-15 07:28:31,353] Trial 19 finished with value: 0.6633333333333333 and parameters: {'n_estimators': 384, 'max_depth': 14, 'min_samples_split': 9, 'min_samples_leaf': 5}. Best is trial 10 with value: 0.7.
[I 2025-05-15 07:28:32,704] Trial 20 finished with value: 0.6966666666666667 and parameters: {'n_estimators': 332, 'max_depth': 10, 'min_samples_split': 8, 'min_samples_leaf': 2}. Best is trial 10 with value: 0.7.
[I 2025-05-15 07:28:33,828] Trial 21 finished with value: 0.64 and parameters: {'n_estimators': 329, 'max_depth': 3, 'min_samples_split': 8, 'min_samples_leaf': 2}. Best is trial 10 with value: 0.7.
[I 2025-05-15 07:28:35,292] Trial 22 finished with value: 0.6566666666666666 and parameters: {'n_estimators': 459, 'max_depth': 8, 'min_samples_split': 9, 'min_samples_leaf': 2}. Best is trial 10 with value: 0.7.
[I 2025-05-15 07:28:36,661] Trial 23 finished with value: 0.6566666666666666 and parameters: {'n_estimators': 399, 'max_depth': 10, 'min_samples_split': 10, 'min_samples_leaf': 4}. Best is trial 10 with value: 0.7.
[I 2025-05-15 07:28:37,927] Trial 24 finished with value: 0.7133333333333333 and parameters: {'n_estimators': 494, 'max_depth': 15, 'min_samples_split': 7, 'min_samples_leaf': 1}. Best is trial 24 with value: 0.7133333333333333.
[I 2025-05-15 07:28:38,268] Trial 25 finished with value: 0.52 and parameters: {'n_estimators': 153, 'max_depth': 15, 'min_samples_split': 6, 'min_samples_leaf': 8}. Best is trial 24 with value: 0.7133333333333333.
[I 2025-05-15 07:28:38,966] Trial 26 finished with value: 0.6966666666666667 and parameters: {'n_estimators': 359, 'max_depth': 16, 'min_samples_split': 7, 'min_samples_leaf': 3}. Best is trial 24 with value: 0.7133333333333333.
[I 2025-05-15 07:28:39,609] Trial 27 finished with value: 0.6599999999999999 and parameters: {'n_estimators': 319, 'max_depth': 13, 'min_samples_split': 5, 'min_samples_leaf': 2}. Best is trial 24 with value: 0.7133333333333333.
[I 2025-05-15 07:28:40,346] Trial 28 finished with value: 0.6266666666666667 and parameters: {'n_estimators': 439, 'max_depth': 19, 'min_samples_split': 6, 'min_samples_leaf': 5}. Best is trial 24 with value: 0.7133333333333333.
[I 2025-05-15 07:28:41,149] Trial 29 finished with value: 0.68 and parameters: {'n_estimators': 463, 'max_depth': 17, 'min_samples_split': 8, 'min_samples_leaf': 1}. Best is trial 24 with value: 0.7133333333333333.
[I 2025-05-15 07:28:52,544] A new study created in memory with name: svc
Parámetros guardados en checkpoint_default_Doriginal_H/random/IPC_27/best_models_random_seed_5_space_original/rf_best_params.json


>>> Optuna tuning svc metodo random IPC 27 seed 5


[I 2025-05-15 07:28:53,512] Trial 0 finished with value: 0.45999999999999996 and parameters: {'C': 0.07726319876517104, 'gamma': 0.3040389504793042}. Best is trial 0 with value: 0.45999999999999996.
[I 2025-05-15 07:28:53,539] Trial 1 finished with value: 0.48 and parameters: {'C': 0.06712381339142241, 'gamma': 0.47254549996710477}. Best is trial 1 with value: 0.48.
[I 2025-05-15 07:28:53,572] Trial 2 finished with value: 0.55 and parameters: {'C': 0.8987621100554035, 'gamma': 0.027988231123708972}. Best is trial 2 with value: 0.55.
[I 2025-05-15 07:28:53,596] Trial 3 finished with value: 0.7266666666666668 and parameters: {'C': 11.5779435007655, 'gamma': 0.011848734045499056}. Best is trial 3 with value: 0.7266666666666668.
[I 2025-05-15 07:28:53,621] Trial 4 finished with value: 0.5 and parameters: {'C': 0.1538870258903583, 'gamma': 0.0005634883151169033}. Best is trial 3 with value: 0.7266666666666668.
[I 2025-05-15 07:28:53,638] Trial 5 finished with value: 0.45999999999999996 and parameters: {'C': 0.021036092656561454, 'gamma': 0.08990030906808326}. Best is trial 3 with value: 0.7266666666666668.
[I 2025-05-15 07:28:53,664] Trial 6 finished with value: 0.5 and parameters: {'C': 0.5824208201678516, 'gamma': 0.00042977333932534993}. Best is trial 3 with value: 0.7266666666666668.
[I 2025-05-15 07:28:53,688] Trial 7 finished with value: 0.7433333333333334 and parameters: {'C': 33.09391330085814, 'gamma': 0.001248377256719358}. Best is trial 7 with value: 0.7433333333333334.
[I 2025-05-15 07:28:53,712] Trial 8 finished with value: 0.5 and parameters: {'C': 0.45387898639622015, 'gamma': 0.0015286910781809498}. Best is trial 7 with value: 0.7433333333333334.
[I 2025-05-15 07:28:53,726] Trial 9 finished with value: 0.7033333333333334 and parameters: {'C': 3.274550070431994, 'gamma': 0.02086177421469992}. Best is trial 7 with value: 0.7433333333333334.
[I 2025-05-15 07:28:53,757] Trial 10 finished with value: 0.4733333333333333 and parameters: {'C': 92.21380870365533, 'gamma': 0.00011081406546803206}. Best is trial 7 with value: 0.7433333333333334.
[I 2025-05-15 07:28:55,691] Trial 11 finished with value: 0.7266666666666668 and parameters: {'C': 17.757430319443916, 'gamma': 0.004115194859067846}. Best is trial 7 with value: 0.7433333333333334.
[I 2025-05-15 07:28:57,071] Trial 12 finished with value: 0.7433333333333334 and parameters: {'C': 8.574923151062848, 'gamma': 0.005631964035374463}. Best is trial 7 with value: 0.7433333333333334.
[I 2025-05-15 07:28:57,101] Trial 13 finished with value: 0.7266666666666666 and parameters: {'C': 78.45468183274747, 'gamma': 0.0029558762755597795}. Best is trial 7 with value: 0.7433333333333334.
[I 2025-05-15 07:28:57,135] Trial 14 finished with value: 0.4733333333333333 and parameters: {'C': 12.62374468816282, 'gamma': 0.0009004863365485057}. Best is trial 7 with value: 0.7433333333333334.
[I 2025-05-15 07:28:57,166] Trial 15 finished with value: 0.5 and parameters: {'C': 2.8274231341744267, 'gamma': 0.00011573369581331449}. Best is trial 7 with value: 0.7433333333333334.
[I 2025-05-15 07:28:57,188] Trial 16 finished with value: 0.7266666666666668 and parameters: {'C': 26.10676761254514, 'gamma': 0.007153479855069168}. Best is trial 7 with value: 0.7433333333333334.
[I 2025-05-15 07:28:57,209] Trial 17 finished with value: 0.6033333333333333 and parameters: {'C': 4.29752332387138, 'gamma': 0.056960488274654456}. Best is trial 7 with value: 0.7433333333333334.
[I 2025-05-15 07:28:57,238] Trial 18 finished with value: 0.7266666666666668 and parameters: {'C': 33.281818906488915, 'gamma': 0.002436093855734561}. Best is trial 7 with value: 0.7433333333333334.
[I 2025-05-15 07:28:57,259] Trial 19 finished with value: 0.5 and parameters: {'C': 5.155100370719653, 'gamma': 0.00030096996960508155}. Best is trial 7 with value: 0.7433333333333334.
[I 2025-05-15 07:28:57,287] Trial 20 finished with value: 0.7066666666666667 and parameters: {'C': 45.56948574215418, 'gamma': 0.006285684483846017}. Best is trial 7 with value: 0.7433333333333334.
[I 2025-05-15 07:28:57,329] Trial 21 finished with value: 0.7066666666666667 and parameters: {'C': 7.761918171177433, 'gamma': 0.015143845139914616}. Best is trial 7 with value: 0.7433333333333334.
[I 2025-05-15 07:28:57,350] Trial 22 finished with value: 0.5433333333333333 and parameters: {'C': 11.676938250904842, 'gamma': 0.0011834258400625598}. Best is trial 7 with value: 0.7433333333333334.
[I 2025-05-15 07:28:57,374] Trial 23 finished with value: 0.5900000000000001 and parameters: {'C': 1.9459273489480384, 'gamma': 0.010203407358040538}. Best is trial 7 with value: 0.7433333333333334.
[I 2025-05-15 07:28:57,396] Trial 24 finished with value: 0.6233333333333333 and parameters: {'C': 1.5705967839883739, 'gamma': 0.054917120420097124}. Best is trial 7 with value: 0.7433333333333334.
[I 2025-05-15 07:28:57,429] Trial 25 finished with value: 0.48666666666666664 and parameters: {'C': 45.05903781069223, 'gamma': 0.13480174530849837}. Best is trial 7 with value: 0.7433333333333334.
[I 2025-05-15 07:28:57,468] Trial 26 finished with value: 0.6733333333333333 and parameters: {'C': 7.643238953681942, 'gamma': 0.004354065229973954}. Best is trial 7 with value: 0.7433333333333334.
[I 2025-05-15 07:28:57,501] Trial 27 finished with value: 0.7433333333333334 and parameters: {'C': 19.88080596716823, 'gamma': 0.002034404101200717}. Best is trial 7 with value: 0.7433333333333334.
[I 2025-05-15 07:28:57,542] Trial 28 finished with value: 0.48 and parameters: {'C': 25.029004837892593, 'gamma': 0.00025773995276619525}. Best is trial 7 with value: 0.7433333333333334.
[I 2025-05-15 07:28:57,593] Trial 29 finished with value: 0.7466666666666667 and parameters: {'C': 57.67705564426806, 'gamma': 0.0016366866195964187}. Best is trial 29 with value: 0.7466666666666667.
[I 2025-05-15 07:29:08,389] A new study created in memory with name: logreg
Parámetros guardados en checkpoint_default_Doriginal_H/random/IPC_27/best_models_random_seed_5_space_original/svc_best_params.json


>>> Optuna tuning logreg metodo random IPC 27 seed 5


[I 2025-05-15 07:29:10,786] Trial 0 finished with value: 0.5166666666666666 and parameters: {'C': 0.012881482725481003, 'penalty': 'l2'}. Best is trial 0 with value: 0.5166666666666666.
[I 2025-05-15 07:29:10,831] Trial 1 finished with value: 0.6633333333333333 and parameters: {'C': 22.576755560681583, 'penalty': 'l2'}. Best is trial 1 with value: 0.6633333333333333.
[I 2025-05-15 07:29:10,885] Trial 2 finished with value: 0.4800000000000001 and parameters: {'C': 0.010804278656839932, 'penalty': 'l2'}. Best is trial 1 with value: 0.6633333333333333.
[I 2025-05-15 07:29:10,929] Trial 3 finished with value: 0.6466666666666667 and parameters: {'C': 39.17910760336117, 'penalty': 'l2'}. Best is trial 1 with value: 0.6633333333333333.
[I 2025-05-15 07:29:10,952] Trial 4 finished with value: 0.7266666666666668 and parameters: {'C': 0.2767298094062571, 'penalty': 'l2'}. Best is trial 4 with value: 0.7266666666666668.
