[I 2025-05-15 07:55:54,038] Trial 7 finished with value: 0.7666666666666666 and parameters: {'n_estimators': 10, 'max_depth': 5, 'gamma': 0.5767347850317142, 'subsample': 0.7995431264700696, 'colsample_bytree': 0.8604622333437917}. Best is trial 2 with value: 0.85.
/data/home/rtabares/anaconda3/envs/pyth3.12/lib/python3.12/site-packages/xgboost/core.py:377: FutureWarning: Your system has an old version of glibc (< 2.28). We will stop supporting Linux distros with glibc older than 2.28 after **May 31, 2025**. Please upgrade to a recent Linux distro (with glibc >= 2.28) to use future versions of XGBoost.
Note: You have installed the 'manylinux2014' variant of XGBoost. Certain features such as GPU algorithms or federated learning are not available. To use these features, please upgrade to a recent Linux distro with glibc 2.28+, and install the 'manylinux_2_28' variant.
  warnings.warn(
/data/home/rtabares/anaconda3/envs/pyth3.12/lib/python3.12/site-packages/xgboost/core.py:377: FutureWarning: Your system has an old version of glibc (< 2.28). We will stop supporting Linux distros with glibc older than 2.28 after **May 31, 2025**. Please upgrade to a recent Linux distro (with glibc >= 2.28) to use future versions of XGBoost.
Note: You have installed the 'manylinux2014' variant of XGBoost. Certain features such as GPU algorithms or federated learning are not available. To use these features, please upgrade to a recent Linux distro with glibc 2.28+, and install the 'manylinux_2_28' variant.
  warnings.warn(
/data/home/rtabares/anaconda3/envs/pyth3.12/lib/python3.12/site-packages/xgboost/core.py:377: FutureWarning: Your system has an old version of glibc (< 2.28). We will stop supporting Linux distros with glibc older than 2.28 after **May 31, 2025**. Please upgrade to a recent Linux distro (with glibc >= 2.28) to use future versions of XGBoost.
Note: You have installed the 'manylinux2014' variant of XGBoost. Certain features such as GPU algorithms or federated learning are not available. To use these features, please upgrade to a recent Linux distro with glibc 2.28+, and install the 'manylinux_2_28' variant.
  warnings.warn(
[I 2025-05-15 07:55:54,136] Trial 8 finished with value: 0.8166666666666667 and parameters: {'n_estimators': 100, 'max_depth': 20, 'gamma': 0.8470554948938058, 'subsample': 0.860339005739911, 'colsample_bytree': 0.9331308414408237}. Best is trial 2 with value: 0.85.
/data/home/rtabares/anaconda3/envs/pyth3.12/lib/python3.12/site-packages/xgboost/core.py:377: FutureWarning: Your system has an old version of glibc (< 2.28). We will stop supporting Linux distros with glibc older than 2.28 after **May 31, 2025**. Please upgrade to a recent Linux distro (with glibc >= 2.28) to use future versions of XGBoost.
Note: You have installed the 'manylinux2014' variant of XGBoost. Certain features such as GPU algorithms or federated learning are not available. To use these features, please upgrade to a recent Linux distro with glibc 2.28+, and install the 'manylinux_2_28' variant.
  warnings.warn(
[I 2025-05-15 07:55:54,198] Trial 9 finished with value: 0.8166666666666667 and parameters: {'n_estimators': 100, 'max_depth': 30, 'gamma': 0.574951454577921, 'subsample': 0.9696020680119358, 'colsample_bytree': 0.8616917074936369}. Best is trial 2 with value: 0.85.
/data/home/rtabares/anaconda3/envs/pyth3.12/lib/python3.12/site-packages/xgboost/core.py:377: FutureWarning: Your system has an old version of glibc (< 2.28). We will stop supporting Linux distros with glibc older than 2.28 after **May 31, 2025**. Please upgrade to a recent Linux distro (with glibc >= 2.28) to use future versions of XGBoost.
Note: You have installed the 'manylinux2014' variant of XGBoost. Certain features such as GPU algorithms or federated learning are not available. To use these features, please upgrade to a recent Linux distro with glibc 2.28+, and install the 'manylinux_2_28' variant.
  warnings.warn(
/data/home/rtabares/anaconda3/envs/pyth3.12/lib/python3.12/site-packages/xgboost/core.py:377: FutureWarning: Your system has an old version of glibc (< 2.28). We will stop supporting Linux distros with glibc older than 2.28 after **May 31, 2025**. Please upgrade to a recent Linux distro (with glibc >= 2.28) to use future versions of XGBoost.
Note: You have installed the 'manylinux2014' variant of XGBoost. Certain features such as GPU algorithms or federated learning are not available. To use these features, please upgrade to a recent Linux distro with glibc 2.28+, and install the 'manylinux_2_28' variant.
  warnings.warn(
[I 2025-05-15 07:55:54,307] Trial 10 finished with value: 0.7666666666666666 and parameters: {'n_estimators': 10, 'max_depth': 5, 'gamma': 0.11769208758613511, 'subsample': 0.5220288164053076, 'colsample_bytree': 0.525322130410742}. Best is trial 2 with value: 0.85.
[I 2025-05-15 07:55:54,373] Trial 11 finished with value: 0.7166666666666666 and parameters: {'n_estimators': 10, 'max_depth': 5, 'gamma': 0.9894607367239925, 'subsample': 0.5005044321862977, 'colsample_bytree': 0.6789865132575535}. Best is trial 2 with value: 0.85.
/data/home/rtabares/anaconda3/envs/pyth3.12/lib/python3.12/site-packages/xgboost/core.py:377: FutureWarning: Your system has an old version of glibc (< 2.28). We will stop supporting Linux distros with glibc older than 2.28 after **May 31, 2025**. Please upgrade to a recent Linux distro (with glibc >= 2.28) to use future versions of XGBoost.
Note: You have installed the 'manylinux2014' variant of XGBoost. Certain features such as GPU algorithms or federated learning are not available. To use these features, please upgrade to a recent Linux distro with glibc 2.28+, and install the 'manylinux_2_28' variant.
  warnings.warn(
/data/home/rtabares/anaconda3/envs/pyth3.12/lib/python3.12/site-packages/xgboost/core.py:377: FutureWarning: Your system has an old version of glibc (< 2.28). We will stop supporting Linux distros with glibc older than 2.28 after **May 31, 2025**. Please upgrade to a recent Linux distro (with glibc >= 2.28) to use future versions of XGBoost.
Note: You have installed the 'manylinux2014' variant of XGBoost. Certain features such as GPU algorithms or federated learning are not available. To use these features, please upgrade to a recent Linux distro with glibc 2.28+, and install the 'manylinux_2_28' variant.
  warnings.warn(
[I 2025-05-15 07:55:55,912] Trial 12 finished with value: 0.8166666666666667 and parameters: {'n_estimators': 10, 'max_depth': 5, 'gamma': 0.10575057238698657, 'subsample': 0.5843861231229354, 'colsample_bytree': 0.6632042275887902}. Best is trial 2 with value: 0.85.
[I 2025-05-15 07:55:55,965] Trial 13 finished with value: 0.8 and parameters: {'n_estimators': 100, 'max_depth': 5, 'gamma': 0.29647054555769503, 'subsample': 0.6995174554481421, 'colsample_bytree': 0.8156939837609936}. Best is trial 2 with value: 0.85.
[I 2025-05-15 07:55:56,020] Trial 14 finished with value: 0.7333333333333333 and parameters: {'n_estimators': 10, 'max_depth': 30, 'gamma': 0.34572646593454415, 'subsample': 0.5626141111619203, 'colsample_bytree': 0.616717843840092}. Best is trial 2 with value: 0.85.
/data/home/rtabares/anaconda3/envs/pyth3.12/lib/python3.12/site-packages/xgboost/core.py:377: FutureWarning: Your system has an old version of glibc (< 2.28). We will stop supporting Linux distros with glibc older than 2.28 after **May 31, 2025**. Please upgrade to a recent Linux distro (with glibc >= 2.28) to use future versions of XGBoost.
Note: You have installed the 'manylinux2014' variant of XGBoost. Certain features such as GPU algorithms or federated learning are not available. To use these features, please upgrade to a recent Linux distro with glibc 2.28+, and install the 'manylinux_2_28' variant.
  warnings.warn(
[I 2025-05-15 07:55:57,392] Trial 15 finished with value: 0.85 and parameters: {'n_estimators': 100, 'max_depth': 5, 'gamma': 0.27509686117257687, 'subsample': 0.623721367068848, 'colsample_bytree': 0.7031776597942131}. Best is trial 2 with value: 0.85.
[I 2025-05-15 07:55:57,440] Trial 16 finished with value: 0.85 and parameters: {'n_estimators': 10, 'max_depth': 5, 'gamma': 0.9976300432541803, 'subsample': 0.6744638499221259, 'colsample_bytree': 0.8012152733568991}. Best is trial 2 with value: 0.85.
/data/home/rtabares/anaconda3/envs/pyth3.12/lib/python3.12/site-packages/xgboost/core.py:377: FutureWarning: Your system has an old version of glibc (< 2.28). We will stop supporting Linux distros with glibc older than 2.28 after **May 31, 2025**. Please upgrade to a recent Linux distro (with glibc >= 2.28) to use future versions of XGBoost.
Note: You have installed the 'manylinux2014' variant of XGBoost. Certain features such as GPU algorithms or federated learning are not available. To use these features, please upgrade to a recent Linux distro with glibc 2.28+, and install the 'manylinux_2_28' variant.
  warnings.warn(
/data/home/rtabares/anaconda3/envs/pyth3.12/lib/python3.12/site-packages/xgboost/core.py:377: FutureWarning: Your system has an old version of glibc (< 2.28). We will stop supporting Linux distros with glibc older than 2.28 after **May 31, 2025**. Please upgrade to a recent Linux distro (with glibc >= 2.28) to use future versions of XGBoost.
Note: You have installed the 'manylinux2014' variant of XGBoost. Certain features such as GPU algorithms or federated learning are not available. To use these features, please upgrade to a recent Linux distro with glibc 2.28+, and install the 'manylinux_2_28' variant.
  warnings.warn(
[I 2025-05-15 07:55:59,042] Trial 17 finished with value: 0.65 and parameters: {'n_estimators': 10, 'max_depth': 5, 'gamma': 0.7797104043443095, 'subsample': 0.5490576268706773, 'colsample_bytree': 0.607762226829365}. Best is trial 2 with value: 0.85.
[I 2025-05-15 07:55:59,138] Trial 18 finished with value: 0.85 and parameters: {'n_estimators': 100, 'max_depth': 30, 'gamma': 0.421371034665886, 'subsample': 0.74386835060154, 'colsample_bytree': 0.7292970200775243}. Best is trial 2 with value: 0.85.
[I 2025-05-15 07:55:59,187] Trial 19 finished with value: 0.75 and parameters: {'n_estimators': 40, 'max_depth': 20, 'gamma': 0.1939015275810072, 'subsample': 0.5724682904062712, 'colsample_bytree': 0.5219814335741254}. Best is trial 2 with value: 0.85.
[I 2025-05-15 07:55:59,235] Trial 20 finished with value: 0.85 and parameters: {'n_estimators': 100, 'max_depth': 5, 'gamma': 0.8648401296043126, 'subsample': 0.7594572613428268, 'colsample_bytree': 0.7982394543418456}. Best is trial 2 with value: 0.85.
[I 2025-05-15 07:55:59,305] Trial 21 finished with value: 0.8166666666666667 and parameters: {'n_estimators': 100, 'max_depth': 20, 'gamma': 0.6347521240580101, 'subsample': 0.8752627781763829, 'colsample_bytree': 0.7386466918943895}. Best is trial 2 with value: 0.85.
[I 2025-05-15 07:55:59,364] Trial 22 finished with value: 0.8166666666666667 and parameters: {'n_estimators': 100, 'max_depth': 20, 'gamma': 0.7190156475641555, 'subsample': 0.8571933985283775, 'colsample_bytree': 0.765579584830048}. Best is trial 2 with value: 0.85.
[I 2025-05-15 07:55:59,453] Trial 23 finished with value: 0.8166666666666667 and parameters: {'n_estimators': 100, 'max_depth': 20, 'gamma': 0.6761237144817899, 'subsample': 0.9053890522348984, 'colsample_bytree': 0.7034379557278186}. Best is trial 2 with value: 0.85.
[I 2025-05-15 07:55:59,524] Trial 24 finished with value: 0.85 and parameters: {'n_estimators': 100, 'max_depth': 20, 'gamma': 0.9145128242875735, 'subsample': 0.7920953768414636, 'colsample_bytree': 0.8543254560718714}. Best is trial 2 with value: 0.85.
[I 2025-05-15 07:55:59,561] Trial 25 finished with value: 0.7166666666666666 and parameters: {'n_estimators': 10, 'max_depth': 20, 'gamma': 0.7933208044202388, 'subsample': 0.5247022887644865, 'colsample_bytree': 0.6281602737589076}. Best is trial 2 with value: 0.85.
[I 2025-05-15 07:55:59,621] Trial 26 finished with value: 0.8 and parameters: {'n_estimators': 100, 'max_depth': 5, 'gamma': 0.4217875111268329, 'subsample': 0.8039757736184987, 'colsample_bytree': 0.7195482536546848}. Best is trial 2 with value: 0.85.
[I 2025-05-15 07:55:59,685] Trial 27 finished with value: 0.85 and parameters: {'n_estimators': 100, 'max_depth': 30, 'gamma': 0.7220624730462241, 'subsample': 0.5983201785934242, 'colsample_bytree': 0.571531982558753}. Best is trial 2 with value: 0.85.
[I 2025-05-15 07:55:59,733] Trial 28 finished with value: 0.8 and parameters: {'n_estimators': 40, 'max_depth': 20, 'gamma': 0.5182443263063773, 'subsample': 0.6550597574245602, 'colsample_bytree': 0.7809008715531801}. Best is trial 2 with value: 0.85.
[I 2025-05-15 07:55:59,784] Trial 29 finished with value: 0.8 and parameters: {'n_estimators': 10, 'max_depth': 5, 'gamma': 0.46145435863314443, 'subsample': 0.7129066876331636, 'colsample_bytree': 0.7579336645697158}. Best is trial 2 with value: 0.85.
[I 2025-05-15 07:56:10,767] A new study created in memory with name: rf
Parámetros guardados en checkpoint_shoppers_Doriginal_F/ag/IPC_11/best_models_ag_seed_8_space_original/xgb_best_params.json


>>> Optuna tuning rf metodo ag IPC 11 seed 8


[I 2025-05-15 07:56:12,460] Trial 0 finished with value: 0.9 and parameters: {'n_estimators': 450, 'max_depth': 20, 'min_samples_split': 9, 'min_samples_leaf': 6}. Best is trial 0 with value: 0.9.
[I 2025-05-15 07:56:12,800] Trial 1 finished with value: 0.9 and parameters: {'n_estimators': 193, 'max_depth': 3, 'min_samples_split': 5, 'min_samples_leaf': 5}. Best is trial 0 with value: 0.9.
[I 2025-05-15 07:56:13,595] Trial 2 finished with value: 0.85 and parameters: {'n_estimators': 309, 'max_depth': 11, 'min_samples_split': 6, 'min_samples_leaf': 6}. Best is trial 0 with value: 0.9.
[I 2025-05-15 07:56:15,028] Trial 3 finished with value: 0.85 and parameters: {'n_estimators': 405, 'max_depth': 15, 'min_samples_split': 7, 'min_samples_leaf': 5}. Best is trial 0 with value: 0.9.
[I 2025-05-15 07:56:15,778] Trial 4 finished with value: 0.85 and parameters: {'n_estimators': 215, 'max_depth': 20, 'min_samples_split': 5, 'min_samples_leaf': 3}. Best is trial 0 with value: 0.9.
[I 2025-05-15 07:56:16,283] Trial 5 finished with value: 0.8666666666666666 and parameters: {'n_estimators': 126, 'max_depth': 20, 'min_samples_split': 3, 'min_samples_leaf': 4}. Best is trial 0 with value: 0.9.
[I 2025-05-15 07:56:16,952] Trial 6 finished with value: 0.5 and parameters: {'n_estimators': 128, 'max_depth': 7, 'min_samples_split': 5, 'min_samples_leaf': 9}. Best is trial 0 with value: 0.9.
[I 2025-05-15 07:56:17,915] Trial 7 finished with value: 0.9 and parameters: {'n_estimators': 238, 'max_depth': 20, 'min_samples_split': 2, 'min_samples_leaf': 4}. Best is trial 0 with value: 0.9.
[I 2025-05-15 07:56:18,413] Trial 8 finished with value: 0.9 and parameters: {'n_estimators': 252, 'max_depth': 16, 'min_samples_split': 10, 'min_samples_leaf': 4}. Best is trial 0 with value: 0.9.
[I 2025-05-15 07:56:19,228] Trial 9 finished with value: 0.6333333333333333 and parameters: {'n_estimators': 273, 'max_depth': 7, 'min_samples_split': 9, 'min_samples_leaf': 7}. Best is trial 0 with value: 0.9.
[I 2025-05-15 07:56:20,120] Trial 10 finished with value: 0.5 and parameters: {'n_estimators': 498, 'max_depth': 15, 'min_samples_split': 8, 'min_samples_leaf': 10}. Best is trial 0 with value: 0.9.
[I 2025-05-15 07:56:21,908] Trial 11 finished with value: 0.8666666666666666 and parameters: {'n_estimators': 380, 'max_depth': 4, 'min_samples_split': 4, 'min_samples_leaf': 1}. Best is trial 0 with value: 0.9.
[I 2025-05-15 07:56:23,706] Trial 12 finished with value: 0.7 and parameters: {'n_estimators': 498, 'max_depth': 3, 'min_samples_split': 7, 'min_samples_leaf': 7}. Best is trial 0 with value: 0.9.
[I 2025-05-15 07:56:24,354] Trial 13 finished with value: 0.5 and parameters: {'n_estimators': 362, 'max_depth': 11, 'min_samples_split': 10, 'min_samples_leaf': 8}. Best is trial 0 with value: 0.9.
[I 2025-05-15 07:56:24,744] Trial 14 finished with value: 0.8666666666666666 and parameters: {'n_estimators': 185, 'max_depth': 6, 'min_samples_split': 8, 'min_samples_leaf': 1}. Best is trial 0 with value: 0.9.
[I 2025-05-15 07:56:25,445] Trial 15 finished with value: 0.85 and parameters: {'n_estimators': 436, 'max_depth': 9, 'min_samples_split': 5, 'min_samples_leaf': 6}. Best is trial 0 with value: 0.9.
[I 2025-05-15 07:56:25,984] Trial 16 finished with value: 0.85 and parameters: {'n_estimators': 320, 'max_depth': 17, 'min_samples_split': 7, 'min_samples_leaf': 3}. Best is trial 0 with value: 0.9.
[I 2025-05-15 07:56:26,309] Trial 17 finished with value: 0.5666666666666667 and parameters: {'n_estimators': 177, 'max_depth': 12, 'min_samples_split': 3, 'min_samples_leaf': 7}. Best is trial 0 with value: 0.9.
[I 2025-05-15 07:56:27,089] Trial 18 finished with value: 0.9 and parameters: {'n_estimators': 460, 'max_depth': 13, 'min_samples_split': 9, 'min_samples_leaf': 5}. Best is trial 0 with value: 0.9.
[I 2025-05-15 07:56:27,557] Trial 19 finished with value: 0.8166666666666667 and parameters: {'n_estimators': 158, 'max_depth': 18, 'min_samples_split': 6, 'min_samples_leaf': 2}. Best is trial 0 with value: 0.9.
[I 2025-05-15 07:56:28,123] Trial 20 finished with value: 0.5 and parameters: {'n_estimators': 334, 'max_depth': 9, 'min_samples_split': 4, 'min_samples_leaf': 8}. Best is trial 0 with value: 0.9.
[I 2025-05-15 07:56:28,645] Trial 21 finished with value: 0.8666666666666666 and parameters: {'n_estimators': 233, 'max_depth': 18, 'min_samples_split': 2, 'min_samples_leaf': 4}. Best is trial 0 with value: 0.9.
[I 2025-05-15 07:56:29,167] Trial 22 finished with value: 0.85 and parameters: {'n_estimators': 281, 'max_depth': 20, 'min_samples_split': 2, 'min_samples_leaf': 5}. Best is trial 0 with value: 0.9.
[I 2025-05-15 07:56:29,549] Trial 23 finished with value: 0.9 and parameters: {'n_estimators': 214, 'max_depth': 18, 'min_samples_split': 3, 'min_samples_leaf': 3}. Best is trial 0 with value: 0.9.
[I 2025-05-15 07:56:30,033] Trial 24 finished with value: 0.8666666666666666 and parameters: {'n_estimators': 260, 'max_depth': 13, 'min_samples_split': 4, 'min_samples_leaf': 6}. Best is trial 0 with value: 0.9.
[I 2025-05-15 07:56:30,446] Trial 25 finished with value: 0.8666666666666666 and parameters: {'n_estimators': 192, 'max_depth': 5, 'min_samples_split': 8, 'min_samples_leaf': 4}. Best is trial 0 with value: 0.9.
[I 2025-05-15 07:56:30,758] Trial 26 finished with value: 0.9 and parameters: {'n_estimators': 110, 'max_depth': 9, 'min_samples_split': 2, 'min_samples_leaf': 5}. Best is trial 0 with value: 0.9.
[I 2025-05-15 07:56:31,139] Trial 27 finished with value: 0.85 and parameters: {'n_estimators': 153, 'max_depth': 19, 'min_samples_split': 9, 'min_samples_leaf': 2}. Best is trial 0 with value: 0.9.
[I 2025-05-15 07:56:31,729] Trial 28 finished with value: 0.8 and parameters: {'n_estimators': 219, 'max_depth': 15, 'min_samples_split': 6, 'min_samples_leaf': 6}. Best is trial 0 with value: 0.9.
[I 2025-05-15 07:56:32,318] Trial 29 finished with value: 0.9 and parameters: {'n_estimators': 303, 'max_depth': 17, 'min_samples_split': 6, 'min_samples_leaf': 6}. Best is trial 0 with value: 0.9.
[I 2025-05-15 07:56:41,914] A new study created in memory with name: svc
Parámetros guardados en checkpoint_shoppers_Doriginal_F/ag/IPC_11/best_models_ag_seed_8_space_original/rf_best_params.json


>>> Optuna tuning svc metodo ag IPC 11 seed 8


[I 2025-05-15 07:56:44,230] Trial 0 finished with value: 0.08333333333333333 and parameters: {'C': 31.168622654226873, 'gamma': 0.7484497562485191}. Best is trial 0 with value: 0.08333333333333333.
[I 2025-05-15 07:56:44,246] Trial 1 finished with value: 0.4833333333333333 and parameters: {'C': 29.976309274600954, 'gamma': 0.013286872459026702}. Best is trial 1 with value: 0.4833333333333333.
[I 2025-05-15 07:56:44,261] Trial 2 finished with value: 0.5 and parameters: {'C': 0.08529298465080307, 'gamma': 0.00011106960237430257}. Best is trial 2 with value: 0.5.
[I 2025-05-15 07:56:44,275] Trial 3 finished with value: 0.5 and parameters: {'C': 0.5270784658374341, 'gamma': 0.004068229457500922}. Best is trial 2 with value: 0.5.
[I 2025-05-15 07:56:44,294] Trial 4 finished with value: 0.5333333333333333 and parameters: {'C': 1.2322495987505253, 'gamma': 0.008195343912941565}. Best is trial 4 with value: 0.5333333333333333.
[I 2025-05-15 07:56:44,312] Trial 5 finished with value: 0.5 and parameters: {'C': 1.6650446929687996, 'gamma': 0.014912280706161869}. Best is trial 4 with value: 0.5333333333333333.
[I 2025-05-15 07:56:44,328] Trial 6 finished with value: 0.35 and parameters: {'C': 11.055599623279033, 'gamma': 0.07071284267178823}. Best is trial 4 with value: 0.5333333333333333.
[I 2025-05-15 07:56:44,341] Trial 7 finished with value: 0.5 and parameters: {'C': 3.0111222251271013, 'gamma': 0.00506252384623837}. Best is trial 4 with value: 0.5333333333333333.
[I 2025-05-15 07:56:44,367] Trial 8 finished with value: 0.2 and parameters: {'C': 0.1433177931243846, 'gamma': 0.7859971382309453}. Best is trial 4 with value: 0.5333333333333333.
[I 2025-05-15 07:56:44,387] Trial 9 finished with value: 0.55 and parameters: {'C': 0.21631975482828378, 'gamma': 0.0007502469581683287}. Best is trial 9 with value: 0.55.
[I 2025-05-15 07:56:44,411] Trial 10 finished with value: 0.55 and parameters: {'C': 0.013305867350826468, 'gamma': 0.0003109733979257252}. Best is trial 9 with value: 0.55.
[I 2025-05-15 07:56:44,444] Trial 11 finished with value: 0.55 and parameters: {'C': 0.012002892996821016, 'gamma': 0.00027749020668904536}. Best is trial 9 with value: 0.55.
[I 2025-05-15 07:56:46,481] Trial 12 finished with value: 0.55 and parameters: {'C': 0.01594325686965602, 'gamma': 0.0007027530761920151}. Best is trial 9 with value: 0.55.
[I 2025-05-15 07:56:46,503] Trial 13 finished with value: 0.55 and parameters: {'C': 0.08757787036594568, 'gamma': 0.0010174817375434534}. Best is trial 9 with value: 0.55.
