[I 2025-05-15 07:26:20,781] Trial 4 finished with value: 0.85 and parameters: {'n_estimators': 100, 'max_depth': 5, 'gamma': 0.8834347783013348, 'subsample': 0.961374806972835, 'colsample_bytree': 0.5011071062662218}. Best is trial 1 with value: 0.95.
[I 2025-05-15 07:26:20,810] Trial 5 finished with value: 0.95 and parameters: {'n_estimators': 40, 'max_depth': 5, 'gamma': 0.5364379674896123, 'subsample': 0.5145557818363589, 'colsample_bytree': 0.5432628442011025}. Best is trial 1 with value: 0.95.
/data/home/rtabares/anaconda3/envs/pyth3.12/lib/python3.12/site-packages/xgboost/core.py:377: FutureWarning: Your system has an old version of glibc (< 2.28). We will stop supporting Linux distros with glibc older than 2.28 after **May 31, 2025**. Please upgrade to a recent Linux distro (with glibc >= 2.28) to use future versions of XGBoost.
Note: You have installed the 'manylinux2014' variant of XGBoost. Certain features such as GPU algorithms or federated learning are not available. To use these features, please upgrade to a recent Linux distro with glibc 2.28+, and install the 'manylinux_2_28' variant.
  warnings.warn(
[I 2025-05-15 07:26:20,856] Trial 6 finished with value: 0.85 and parameters: {'n_estimators': 100, 'max_depth': 20, 'gamma': 0.6718205850237038, 'subsample': 0.9059511955902053, 'colsample_bytree': 0.9633413076219371}. Best is trial 1 with value: 0.95.
/data/home/rtabares/anaconda3/envs/pyth3.12/lib/python3.12/site-packages/xgboost/core.py:377: FutureWarning: Your system has an old version of glibc (< 2.28). We will stop supporting Linux distros with glibc older than 2.28 after **May 31, 2025**. Please upgrade to a recent Linux distro (with glibc >= 2.28) to use future versions of XGBoost.
Note: You have installed the 'manylinux2014' variant of XGBoost. Certain features such as GPU algorithms or federated learning are not available. To use these features, please upgrade to a recent Linux distro with glibc 2.28+, and install the 'manylinux_2_28' variant.
  warnings.warn(
/data/home/rtabares/anaconda3/envs/pyth3.12/lib/python3.12/site-packages/xgboost/core.py:377: FutureWarning: Your system has an old version of glibc (< 2.28). We will stop supporting Linux distros with glibc older than 2.28 after **May 31, 2025**. Please upgrade to a recent Linux distro (with glibc >= 2.28) to use future versions of XGBoost.
Note: You have installed the 'manylinux2014' variant of XGBoost. Certain features such as GPU algorithms or federated learning are not available. To use these features, please upgrade to a recent Linux distro with glibc 2.28+, and install the 'manylinux_2_28' variant.
  warnings.warn(
[I 2025-05-15 07:26:20,916] Trial 7 finished with value: 0.8166666666666667 and parameters: {'n_estimators': 10, 'max_depth': 30, 'gamma': 0.8165284487704038, 'subsample': 0.5255714015506736, 'colsample_bytree': 0.594333867896554}. Best is trial 1 with value: 0.95.
/data/home/rtabares/anaconda3/envs/pyth3.12/lib/python3.12/site-packages/xgboost/core.py:377: FutureWarning: Your system has an old version of glibc (< 2.28). We will stop supporting Linux distros with glibc older than 2.28 after **May 31, 2025**. Please upgrade to a recent Linux distro (with glibc >= 2.28) to use future versions of XGBoost.
Note: You have installed the 'manylinux2014' variant of XGBoost. Certain features such as GPU algorithms or federated learning are not available. To use these features, please upgrade to a recent Linux distro with glibc 2.28+, and install the 'manylinux_2_28' variant.
  warnings.warn(
/data/home/rtabares/anaconda3/envs/pyth3.12/lib/python3.12/site-packages/xgboost/core.py:377: FutureWarning: Your system has an old version of glibc (< 2.28). We will stop supporting Linux distros with glibc older than 2.28 after **May 31, 2025**. Please upgrade to a recent Linux distro (with glibc >= 2.28) to use future versions of XGBoost.
Note: You have installed the 'manylinux2014' variant of XGBoost. Certain features such as GPU algorithms or federated learning are not available. To use these features, please upgrade to a recent Linux distro with glibc 2.28+, and install the 'manylinux_2_28' variant.
  warnings.warn(
[I 2025-05-15 07:26:20,975] Trial 8 finished with value: 0.85 and parameters: {'n_estimators': 100, 'max_depth': 20, 'gamma': 0.6251497693480509, 'subsample': 0.9696496759824258, 'colsample_bytree': 0.9717700410079397}. Best is trial 1 with value: 0.95.
/data/home/rtabares/anaconda3/envs/pyth3.12/lib/python3.12/site-packages/xgboost/core.py:377: FutureWarning: Your system has an old version of glibc (< 2.28). We will stop supporting Linux distros with glibc older than 2.28 after **May 31, 2025**. Please upgrade to a recent Linux distro (with glibc >= 2.28) to use future versions of XGBoost.
Note: You have installed the 'manylinux2014' variant of XGBoost. Certain features such as GPU algorithms or federated learning are not available. To use these features, please upgrade to a recent Linux distro with glibc 2.28+, and install the 'manylinux_2_28' variant.
  warnings.warn(
[I 2025-05-15 07:26:21,023] Trial 9 finished with value: 0.9 and parameters: {'n_estimators': 40, 'max_depth': 30, 'gamma': 0.9649927737686168, 'subsample': 0.6857563076640036, 'colsample_bytree': 0.5061847058001788}. Best is trial 1 with value: 0.95.
/data/home/rtabares/anaconda3/envs/pyth3.12/lib/python3.12/site-packages/xgboost/core.py:377: FutureWarning: Your system has an old version of glibc (< 2.28). We will stop supporting Linux distros with glibc older than 2.28 after **May 31, 2025**. Please upgrade to a recent Linux distro (with glibc >= 2.28) to use future versions of XGBoost.
Note: You have installed the 'manylinux2014' variant of XGBoost. Certain features such as GPU algorithms or federated learning are not available. To use these features, please upgrade to a recent Linux distro with glibc 2.28+, and install the 'manylinux_2_28' variant.
  warnings.warn(
/data/home/rtabares/anaconda3/envs/pyth3.12/lib/python3.12/site-packages/xgboost/core.py:377: FutureWarning: Your system has an old version of glibc (< 2.28). We will stop supporting Linux distros with glibc older than 2.28 after **May 31, 2025**. Please upgrade to a recent Linux distro (with glibc >= 2.28) to use future versions of XGBoost.
Note: You have installed the 'manylinux2014' variant of XGBoost. Certain features such as GPU algorithms or federated learning are not available. To use these features, please upgrade to a recent Linux distro with glibc 2.28+, and install the 'manylinux_2_28' variant.
  warnings.warn(
/data/home/rtabares/anaconda3/envs/pyth3.12/lib/python3.12/site-packages/xgboost/core.py:377: FutureWarning: Your system has an old version of glibc (< 2.28). We will stop supporting Linux distros with glibc older than 2.28 after **May 31, 2025**. Please upgrade to a recent Linux distro (with glibc >= 2.28) to use future versions of XGBoost.
Note: You have installed the 'manylinux2014' variant of XGBoost. Certain features such as GPU algorithms or federated learning are not available. To use these features, please upgrade to a recent Linux distro with glibc 2.28+, and install the 'manylinux_2_28' variant.
  warnings.warn(
[I 2025-05-15 07:26:21,112] Trial 10 finished with value: 0.9 and parameters: {'n_estimators': 100, 'max_depth': 30, 'gamma': 0.14652420766939808, 'subsample': 0.7882149445367822, 'colsample_bytree': 0.774073623852926}. Best is trial 1 with value: 0.95.
[I 2025-05-15 07:26:21,150] Trial 11 finished with value: 0.95 and parameters: {'n_estimators': 40, 'max_depth': 5, 'gamma': 0.41181387049106444, 'subsample': 0.6388052294316233, 'colsample_bytree': 0.6815498556783907}. Best is trial 1 with value: 0.95.
/data/home/rtabares/anaconda3/envs/pyth3.12/lib/python3.12/site-packages/xgboost/core.py:377: FutureWarning: Your system has an old version of glibc (< 2.28). We will stop supporting Linux distros with glibc older than 2.28 after **May 31, 2025**. Please upgrade to a recent Linux distro (with glibc >= 2.28) to use future versions of XGBoost.
Note: You have installed the 'manylinux2014' variant of XGBoost. Certain features such as GPU algorithms or federated learning are not available. To use these features, please upgrade to a recent Linux distro with glibc 2.28+, and install the 'manylinux_2_28' variant.
  warnings.warn(
[I 2025-05-15 07:26:21,854] Trial 12 finished with value: 0.95 and parameters: {'n_estimators': 40, 'max_depth': 5, 'gamma': 0.40510719926931255, 'subsample': 0.8259716174580949, 'colsample_bytree': 0.7136404265878388}. Best is trial 1 with value: 0.95.
/data/home/rtabares/anaconda3/envs/pyth3.12/lib/python3.12/site-packages/xgboost/core.py:377: FutureWarning: Your system has an old version of glibc (< 2.28). We will stop supporting Linux distros with glibc older than 2.28 after **May 31, 2025**. Please upgrade to a recent Linux distro (with glibc >= 2.28) to use future versions of XGBoost.
Note: You have installed the 'manylinux2014' variant of XGBoost. Certain features such as GPU algorithms or federated learning are not available. To use these features, please upgrade to a recent Linux distro with glibc 2.28+, and install the 'manylinux_2_28' variant.
  warnings.warn(
[I 2025-05-15 07:26:22,593] Trial 13 finished with value: 0.9166666666666666 and parameters: {'n_estimators': 100, 'max_depth': 30, 'gamma': 0.2436473689850287, 'subsample': 0.6496607976206739, 'colsample_bytree': 0.5926512730453533}. Best is trial 1 with value: 0.95.
/data/home/rtabares/anaconda3/envs/pyth3.12/lib/python3.12/site-packages/xgboost/core.py:377: FutureWarning: Your system has an old version of glibc (< 2.28). We will stop supporting Linux distros with glibc older than 2.28 after **May 31, 2025**. Please upgrade to a recent Linux distro (with glibc >= 2.28) to use future versions of XGBoost.
Note: You have installed the 'manylinux2014' variant of XGBoost. Certain features such as GPU algorithms or federated learning are not available. To use these features, please upgrade to a recent Linux distro with glibc 2.28+, and install the 'manylinux_2_28' variant.
  warnings.warn(
[I 2025-05-15 07:26:23,324] Trial 14 finished with value: 0.9 and parameters: {'n_estimators': 40, 'max_depth': 5, 'gamma': 0.5174696512791793, 'subsample': 0.7120695039172226, 'colsample_bytree': 0.8243497644413839}. Best is trial 1 with value: 0.95.
/data/home/rtabares/anaconda3/envs/pyth3.12/lib/python3.12/site-packages/xgboost/core.py:377: FutureWarning: Your system has an old version of glibc (< 2.28). We will stop supporting Linux distros with glibc older than 2.28 after **May 31, 2025**. Please upgrade to a recent Linux distro (with glibc >= 2.28) to use future versions of XGBoost.
Note: You have installed the 'manylinux2014' variant of XGBoost. Certain features such as GPU algorithms or federated learning are not available. To use these features, please upgrade to a recent Linux distro with glibc 2.28+, and install the 'manylinux_2_28' variant.
  warnings.warn(
/data/home/rtabares/anaconda3/envs/pyth3.12/lib/python3.12/site-packages/xgboost/core.py:377: FutureWarning: Your system has an old version of glibc (< 2.28). We will stop supporting Linux distros with glibc older than 2.28 after **May 31, 2025**. Please upgrade to a recent Linux distro (with glibc >= 2.28) to use future versions of XGBoost.
Note: You have installed the 'manylinux2014' variant of XGBoost. Certain features such as GPU algorithms or federated learning are not available. To use these features, please upgrade to a recent Linux distro with glibc 2.28+, and install the 'manylinux_2_28' variant.
  warnings.warn(
[I 2025-05-15 07:26:23,997] Trial 15 finished with value: 0.9 and parameters: {'n_estimators': 100, 'max_depth': 30, 'gamma': 0.26626655377772473, 'subsample': 0.5876565548196034, 'colsample_bytree': 0.8604557310580807}. Best is trial 1 with value: 0.95.
[I 2025-05-15 07:26:24,036] Trial 16 finished with value: 0.95 and parameters: {'n_estimators': 40, 'max_depth': 5, 'gamma': 0.5212998888761798, 'subsample': 0.8524812066713607, 'colsample_bytree': 0.648837532131388}. Best is trial 1 with value: 0.95.
[I 2025-05-15 07:26:24,081] Trial 17 finished with value: 0.9 and parameters: {'n_estimators': 100, 'max_depth': 30, 'gamma': 0.26809474456387977, 'subsample': 0.5908446263618862, 'colsample_bytree': 0.5540369277643974}. Best is trial 1 with value: 0.95.
[I 2025-05-15 07:26:24,117] Trial 18 finished with value: 0.95 and parameters: {'n_estimators': 40, 'max_depth': 5, 'gamma': 0.6543212837690926, 'subsample': 0.7133447837031881, 'colsample_bytree': 0.7241612051208073}. Best is trial 1 with value: 0.95.
[I 2025-05-15 07:26:24,158] Trial 19 finished with value: 0.9166666666666666 and parameters: {'n_estimators': 10, 'max_depth': 20, 'gamma': 0.1094871321676183, 'subsample': 0.6385018241519915, 'colsample_bytree': 0.6397301247459838}. Best is trial 1 with value: 0.95.
[I 2025-05-15 07:26:24,208] Trial 20 finished with value: 0.8666666666666666 and parameters: {'n_estimators': 100, 'max_depth': 30, 'gamma': 0.45877778302962907, 'subsample': 0.873717394558586, 'colsample_bytree': 0.5475478628406834}. Best is trial 1 with value: 0.95.
[I 2025-05-15 07:26:24,249] Trial 21 finished with value: 0.8 and parameters: {'n_estimators': 40, 'max_depth': 5, 'gamma': 0.3607779643909888, 'subsample': 0.5531120505754769, 'colsample_bytree': 0.6924251523567316}. Best is trial 1 with value: 0.95.
[I 2025-05-15 07:26:24,290] Trial 22 finished with value: 0.95 and parameters: {'n_estimators': 40, 'max_depth': 5, 'gamma': 0.31146322492402145, 'subsample': 0.6395880467855783, 'colsample_bytree': 0.6657019903223348}. Best is trial 1 with value: 0.95.
[I 2025-05-15 07:26:24,329] Trial 23 finished with value: 0.85 and parameters: {'n_estimators': 40, 'max_depth': 5, 'gamma': 0.5815171848398518, 'subsample': 0.6179222710880162, 'colsample_bytree': 0.6167172426345164}. Best is trial 1 with value: 0.95.
[I 2025-05-15 07:26:24,369] Trial 24 finished with value: 0.9 and parameters: {'n_estimators': 40, 'max_depth': 5, 'gamma': 0.4681786213092828, 'subsample': 0.6892343221199668, 'colsample_bytree': 0.7495599656471063}. Best is trial 1 with value: 0.95.
[I 2025-05-15 07:26:24,408] Trial 25 finished with value: 0.8166666666666667 and parameters: {'n_estimators': 40, 'max_depth': 5, 'gamma': 0.1886146603171832, 'subsample': 0.7687814062120056, 'colsample_bytree': 0.5493776222520805}. Best is trial 1 with value: 0.95.
[I 2025-05-15 07:26:24,448] Trial 26 finished with value: 0.85 and parameters: {'n_estimators': 40, 'max_depth': 5, 'gamma': 0.34307380599981524, 'subsample': 0.5393835402591707, 'colsample_bytree': 0.6935954050110835}. Best is trial 1 with value: 0.95.
[I 2025-05-15 07:26:24,488] Trial 27 finished with value: 0.9 and parameters: {'n_estimators': 40, 'max_depth': 5, 'gamma': 0.4590244423102589, 'subsample': 0.5004925413436739, 'colsample_bytree': 0.9107863508855307}. Best is trial 1 with value: 0.95.
[I 2025-05-15 07:26:24,529] Trial 28 finished with value: 0.8333333333333333 and parameters: {'n_estimators': 10, 'max_depth': 20, 'gamma': 0.7206064237466012, 'subsample': 0.7208816677104336, 'colsample_bytree': 0.6146200273306698}. Best is trial 1 with value: 0.95.
[I 2025-05-15 07:26:24,571] Trial 29 finished with value: 0.9166666666666666 and parameters: {'n_estimators': 100, 'max_depth': 30, 'gamma': 0.5444582568499331, 'subsample': 0.678453435263668, 'colsample_bytree': 0.6731038632767882}. Best is trial 1 with value: 0.95.
[I 2025-05-15 07:26:26,747] A new study created in memory with name: rf
Parámetros guardados en checkpoint_shoppers_Doriginal_F/lc/IPC_11/best_models_lc_seed_5_space_original/xgb_best_params.json


>>> Optuna tuning rf metodo lc IPC 11 seed 5


[I 2025-05-15 07:26:31,179] Trial 0 finished with value: 0.5 and parameters: {'n_estimators': 189, 'max_depth': 18, 'min_samples_split': 3, 'min_samples_leaf': 10}. Best is trial 0 with value: 0.5.
[I 2025-05-15 07:26:32,358] Trial 1 finished with value: 0.8166666666666667 and parameters: {'n_estimators': 295, 'max_depth': 14, 'min_samples_split': 8, 'min_samples_leaf': 6}. Best is trial 1 with value: 0.8166666666666667.
[I 2025-05-15 07:26:32,736] Trial 2 finished with value: 0.5 and parameters: {'n_estimators': 219, 'max_depth': 6, 'min_samples_split': 2, 'min_samples_leaf': 8}. Best is trial 1 with value: 0.8166666666666667.
[I 2025-05-15 07:26:33,195] Trial 3 finished with value: 0.9 and parameters: {'n_estimators': 276, 'max_depth': 5, 'min_samples_split': 9, 'min_samples_leaf': 3}. Best is trial 3 with value: 0.9.
[I 2025-05-15 07:26:33,550] Trial 4 finished with value: 0.9 and parameters: {'n_estimators': 266, 'max_depth': 8, 'min_samples_split': 7, 'min_samples_leaf': 6}. Best is trial 3 with value: 0.9.
[I 2025-05-15 07:26:34,090] Trial 5 finished with value: 0.85 and parameters: {'n_estimators': 340, 'max_depth': 7, 'min_samples_split': 4, 'min_samples_leaf': 3}. Best is trial 3 with value: 0.9.
[I 2025-05-15 07:26:34,448] Trial 6 finished with value: 0.5 and parameters: {'n_estimators': 231, 'max_depth': 5, 'min_samples_split': 3, 'min_samples_leaf': 10}. Best is trial 3 with value: 0.9.
[I 2025-05-15 07:26:35,084] Trial 7 finished with value: 0.9 and parameters: {'n_estimators': 485, 'max_depth': 6, 'min_samples_split': 2, 'min_samples_leaf': 3}. Best is trial 3 with value: 0.9.
[I 2025-05-15 07:26:35,655] Trial 8 finished with value: 0.85 and parameters: {'n_estimators': 380, 'max_depth': 17, 'min_samples_split': 2, 'min_samples_leaf': 6}. Best is trial 3 with value: 0.9.
[I 2025-05-15 07:26:35,893] Trial 9 finished with value: 0.5 and parameters: {'n_estimators': 100, 'max_depth': 12, 'min_samples_split': 7, 'min_samples_leaf': 10}. Best is trial 3 with value: 0.9.
[I 2025-05-15 07:26:36,670] Trial 10 finished with value: 0.85 and parameters: {'n_estimators': 446, 'max_depth': 3, 'min_samples_split': 10, 'min_samples_leaf': 2}. Best is trial 3 with value: 0.9.
[I 2025-05-15 07:26:37,913] Trial 11 finished with value: 0.9 and parameters: {'n_estimators': 279, 'max_depth': 10, 'min_samples_split': 9, 'min_samples_leaf': 4}. Best is trial 3 with value: 0.9.
[I 2025-05-15 07:26:38,188] Trial 12 finished with value: 0.9 and parameters: {'n_estimators': 164, 'max_depth': 9, 'min_samples_split': 6, 'min_samples_leaf': 1}. Best is trial 3 with value: 0.9.
[I 2025-05-15 07:26:39,604] Trial 13 finished with value: 0.85 and parameters: {'n_estimators': 371, 'max_depth': 9, 'min_samples_split': 6, 'min_samples_leaf': 5}. Best is trial 3 with value: 0.9.
[I 2025-05-15 07:26:40,066] Trial 14 finished with value: 0.75 and parameters: {'n_estimators': 279, 'max_depth': 4, 'min_samples_split': 8, 'min_samples_leaf': 7}. Best is trial 3 with value: 0.9.
[I 2025-05-15 07:26:40,566] Trial 15 finished with value: 0.9 and parameters: {'n_estimators': 334, 'max_depth': 13, 'min_samples_split': 10, 'min_samples_leaf': 4}. Best is trial 3 with value: 0.9.
[I 2025-05-15 07:26:41,034] Trial 16 finished with value: 0.5 and parameters: {'n_estimators': 254, 'max_depth': 8, 'min_samples_split': 5, 'min_samples_leaf': 8}. Best is trial 3 with value: 0.9.
[I 2025-05-15 07:26:41,257] Trial 17 finished with value: 0.8166666666666667 and parameters: {'n_estimators': 137, 'max_depth': 15, 'min_samples_split': 8, 'min_samples_leaf': 1}. Best is trial 3 with value: 0.9.
[I 2025-05-15 07:26:41,831] Trial 18 finished with value: 0.9 and parameters: {'n_estimators': 413, 'max_depth': 11, 'min_samples_split': 7, 'min_samples_leaf': 5}. Best is trial 3 with value: 0.9.
[I 2025-05-15 07:26:42,166] Trial 19 finished with value: 0.85 and parameters: {'n_estimators': 209, 'max_depth': 3, 'min_samples_split': 9, 'min_samples_leaf': 3}. Best is trial 3 with value: 0.9.
[I 2025-05-15 07:26:42,715] Trial 20 finished with value: 0.5 and parameters: {'n_estimators': 327, 'max_depth': 7, 'min_samples_split': 7, 'min_samples_leaf': 8}. Best is trial 3 with value: 0.9.
[I 2025-05-15 07:26:43,509] Trial 21 finished with value: 0.9 and parameters: {'n_estimators': 482, 'max_depth': 5, 'min_samples_split': 5, 'min_samples_leaf': 3}. Best is trial 3 with value: 0.9.
[I 2025-05-15 07:26:44,263] Trial 22 finished with value: 0.85 and parameters: {'n_estimators': 484, 'max_depth': 6, 'min_samples_split': 9, 'min_samples_leaf': 4}. Best is trial 3 with value: 0.9.
[I 2025-05-15 07:26:44,677] Trial 23 finished with value: 0.8166666666666667 and parameters: {'n_estimators': 254, 'max_depth': 8, 'min_samples_split': 6, 'min_samples_leaf': 2}. Best is trial 3 with value: 0.9.
[I 2025-05-15 07:26:45,232] Trial 24 finished with value: 0.9 and parameters: {'n_estimators': 382, 'max_depth': 20, 'min_samples_split': 5, 'min_samples_leaf': 2}. Best is trial 3 with value: 0.9.
[I 2025-05-15 07:26:45,924] Trial 25 finished with value: 0.85 and parameters: {'n_estimators': 433, 'max_depth': 5, 'min_samples_split': 4, 'min_samples_leaf': 5}. Best is trial 3 with value: 0.9.
[I 2025-05-15 07:26:46,371] Trial 26 finished with value: 0.9 and parameters: {'n_estimators': 314, 'max_depth': 10, 'min_samples_split': 8, 'min_samples_leaf': 7}. Best is trial 3 with value: 0.9.
[I 2025-05-15 07:26:46,773] Trial 27 finished with value: 0.85 and parameters: {'n_estimators': 262, 'max_depth': 6, 'min_samples_split': 10, 'min_samples_leaf': 4}. Best is trial 3 with value: 0.9.
[I 2025-05-15 07:26:47,241] Trial 28 finished with value: 0.9 and parameters: {'n_estimators': 350, 'max_depth': 4, 'min_samples_split': 7, 'min_samples_leaf': 6}. Best is trial 3 with value: 0.9.
[I 2025-05-15 07:26:47,534] Trial 29 finished with value: 0.9 and parameters: {'n_estimators': 185, 'max_depth': 8, 'min_samples_split': 3, 'min_samples_leaf': 3}. Best is trial 3 with value: 0.9.
[I 2025-05-15 07:26:56,801] A new study created in memory with name: svc
Parámetros guardados en checkpoint_shoppers_Doriginal_F/lc/IPC_11/best_models_lc_seed_5_space_original/rf_best_params.json


>>> Optuna tuning svc metodo lc IPC 11 seed 5


