[I 2025-05-15 07:52:02,382] Trial 8 finished with value: 0.5666666666666667 and parameters: {'n_estimators': 100, 'max_depth': 20, 'gamma': 0.8470554948938058, 'subsample': 0.860339005739911, 'colsample_bytree': 0.9331308414408237}. Best is trial 4 with value: 0.6666666666666666.
/data/home/rtabares/anaconda3/envs/pyth3.12/lib/python3.12/site-packages/xgboost/core.py:377: FutureWarning: Your system has an old version of glibc (< 2.28). We will stop supporting Linux distros with glibc older than 2.28 after **May 31, 2025**. Please upgrade to a recent Linux distro (with glibc >= 2.28) to use future versions of XGBoost.
Note: You have installed the 'manylinux2014' variant of XGBoost. Certain features such as GPU algorithms or federated learning are not available. To use these features, please upgrade to a recent Linux distro with glibc 2.28+, and install the 'manylinux_2_28' variant.
  warnings.warn(
[I 2025-05-15 07:52:02,433] Trial 9 finished with value: 0.6166666666666666 and parameters: {'n_estimators': 100, 'max_depth': 30, 'gamma': 0.574951454577921, 'subsample': 0.9696020680119358, 'colsample_bytree': 0.8616917074936369}. Best is trial 4 with value: 0.6666666666666666.
/data/home/rtabares/anaconda3/envs/pyth3.12/lib/python3.12/site-packages/xgboost/core.py:377: FutureWarning: Your system has an old version of glibc (< 2.28). We will stop supporting Linux distros with glibc older than 2.28 after **May 31, 2025**. Please upgrade to a recent Linux distro (with glibc >= 2.28) to use future versions of XGBoost.
Note: You have installed the 'manylinux2014' variant of XGBoost. Certain features such as GPU algorithms or federated learning are not available. To use these features, please upgrade to a recent Linux distro with glibc 2.28+, and install the 'manylinux_2_28' variant.
  warnings.warn(
[I 2025-05-15 07:52:02,494] Trial 10 finished with value: 0.6333333333333333 and parameters: {'n_estimators': 100, 'max_depth': 5, 'gamma': 0.9179885929878968, 'subsample': 0.5176511219374095, 'colsample_bytree': 0.525322130410742}. Best is trial 4 with value: 0.6666666666666666.
/data/home/rtabares/anaconda3/envs/pyth3.12/lib/python3.12/site-packages/xgboost/core.py:377: FutureWarning: Your system has an old version of glibc (< 2.28). We will stop supporting Linux distros with glibc older than 2.28 after **May 31, 2025**. Please upgrade to a recent Linux distro (with glibc >= 2.28) to use future versions of XGBoost.
Note: You have installed the 'manylinux2014' variant of XGBoost. Certain features such as GPU algorithms or federated learning are not available. To use these features, please upgrade to a recent Linux distro with glibc 2.28+, and install the 'manylinux_2_28' variant.
  warnings.warn(
/data/home/rtabares/anaconda3/envs/pyth3.12/lib/python3.12/site-packages/xgboost/core.py:377: FutureWarning: Your system has an old version of glibc (< 2.28). We will stop supporting Linux distros with glibc older than 2.28 after **May 31, 2025**. Please upgrade to a recent Linux distro (with glibc >= 2.28) to use future versions of XGBoost.
Note: You have installed the 'manylinux2014' variant of XGBoost. Certain features such as GPU algorithms or federated learning are not available. To use these features, please upgrade to a recent Linux distro with glibc 2.28+, and install the 'manylinux_2_28' variant.
  warnings.warn(
[I 2025-05-15 07:52:03,251] Trial 11 finished with value: 0.6166666666666666 and parameters: {'n_estimators': 10, 'max_depth': 5, 'gamma': 0.30559599012697464, 'subsample': 0.7940801746599462, 'colsample_bytree': 0.8363985912619378}. Best is trial 4 with value: 0.6666666666666666.
/data/home/rtabares/anaconda3/envs/pyth3.12/lib/python3.12/site-packages/xgboost/core.py:377: FutureWarning: Your system has an old version of glibc (< 2.28). We will stop supporting Linux distros with glibc older than 2.28 after **May 31, 2025**. Please upgrade to a recent Linux distro (with glibc >= 2.28) to use future versions of XGBoost.
Note: You have installed the 'manylinux2014' variant of XGBoost. Certain features such as GPU algorithms or federated learning are not available. To use these features, please upgrade to a recent Linux distro with glibc 2.28+, and install the 'manylinux_2_28' variant.
  warnings.warn(
/data/home/rtabares/anaconda3/envs/pyth3.12/lib/python3.12/site-packages/xgboost/core.py:377: FutureWarning: Your system has an old version of glibc (< 2.28). We will stop supporting Linux distros with glibc older than 2.28 after **May 31, 2025**. Please upgrade to a recent Linux distro (with glibc >= 2.28) to use future versions of XGBoost.
Note: You have installed the 'manylinux2014' variant of XGBoost. Certain features such as GPU algorithms or federated learning are not available. To use these features, please upgrade to a recent Linux distro with glibc 2.28+, and install the 'manylinux_2_28' variant.
  warnings.warn(
/data/home/rtabares/anaconda3/envs/pyth3.12/lib/python3.12/site-packages/xgboost/core.py:377: FutureWarning: Your system has an old version of glibc (< 2.28). We will stop supporting Linux distros with glibc older than 2.28 after **May 31, 2025**. Please upgrade to a recent Linux distro (with glibc >= 2.28) to use future versions of XGBoost.
Note: You have installed the 'manylinux2014' variant of XGBoost. Certain features such as GPU algorithms or federated learning are not available. To use these features, please upgrade to a recent Linux distro with glibc 2.28+, and install the 'manylinux_2_28' variant.
  warnings.warn(
/data/home/rtabares/anaconda3/envs/pyth3.12/lib/python3.12/site-packages/xgboost/core.py:377: FutureWarning: Your system has an old version of glibc (< 2.28). We will stop supporting Linux distros with glibc older than 2.28 after **May 31, 2025**. Please upgrade to a recent Linux distro (with glibc >= 2.28) to use future versions of XGBoost.
Note: You have installed the 'manylinux2014' variant of XGBoost. Certain features such as GPU algorithms or federated learning are not available. To use these features, please upgrade to a recent Linux distro with glibc 2.28+, and install the 'manylinux_2_28' variant.
  warnings.warn(
[I 2025-05-15 07:52:04,281] Trial 12 finished with value: 0.7166666666666666 and parameters: {'n_estimators': 10, 'max_depth': 5, 'gamma': 0.9738892144312379, 'subsample': 0.7329112608163215, 'colsample_bytree': 0.8393900392125123}. Best is trial 12 with value: 0.7166666666666666.
[I 2025-05-15 07:52:04,317] Trial 13 finished with value: 0.5666666666666667 and parameters: {'n_estimators': 10, 'max_depth': 5, 'gamma': 0.9961250773885897, 'subsample': 0.7118308324536635, 'colsample_bytree': 0.6716501610817316}. Best is trial 12 with value: 0.7166666666666666.
[I 2025-05-15 07:52:04,358] Trial 14 finished with value: 0.5833333333333333 and parameters: {'n_estimators': 10, 'max_depth': 30, 'gamma': 0.762564836298407, 'subsample': 0.5328509934752341, 'colsample_bytree': 0.8082409401461489}. Best is trial 12 with value: 0.7166666666666666.
[I 2025-05-15 07:52:04,410] Trial 15 finished with value: 0.6333333333333333 and parameters: {'n_estimators': 100, 'max_depth': 5, 'gamma': 0.9884744356261281, 'subsample': 0.565914267088752, 'colsample_bytree': 0.9008262891050942}. Best is trial 12 with value: 0.7166666666666666.
[I 2025-05-15 07:52:04,453] Trial 16 finished with value: 0.5666666666666667 and parameters: {'n_estimators': 10, 'max_depth': 5, 'gamma': 0.8211442362548494, 'subsample': 0.6804036247426192, 'colsample_bytree': 0.6190265447048786}. Best is trial 12 with value: 0.7166666666666666.
[I 2025-05-15 07:52:04,504] Trial 17 finished with value: 0.5666666666666667 and parameters: {'n_estimators': 100, 'max_depth': 5, 'gamma': 0.7133350354831405, 'subsample': 0.9164181059630803, 'colsample_bytree': 0.7731198284981963}. Best is trial 12 with value: 0.7166666666666666.
[I 2025-05-15 07:52:04,544] Trial 18 finished with value: 0.6166666666666666 and parameters: {'n_estimators': 10, 'max_depth': 30, 'gamma': 0.8908655388620231, 'subsample': 0.7512683380928604, 'colsample_bytree': 0.7072925491513281}. Best is trial 12 with value: 0.7166666666666666.
[I 2025-05-15 07:52:04,584] Trial 19 finished with value: 0.6666666666666666 and parameters: {'n_estimators': 40, 'max_depth': 20, 'gamma': 0.3738626899073505, 'subsample': 0.5714744036727206, 'colsample_bytree': 0.9265464677264537}. Best is trial 12 with value: 0.7166666666666666.
[I 2025-05-15 07:52:04,634] Trial 20 finished with value: 0.4833333333333333 and parameters: {'n_estimators': 100, 'max_depth': 5, 'gamma': 0.9235164859698444, 'subsample': 0.8910856426818985, 'colsample_bytree': 0.8004744973101511}. Best is trial 12 with value: 0.7166666666666666.
[I 2025-05-15 07:52:04,679] Trial 21 finished with value: 0.6166666666666666 and parameters: {'n_estimators': 10, 'max_depth': 5, 'gamma': 0.7087011404555241, 'subsample': 0.7439684603047483, 'colsample_bytree': 0.8711224192998365}. Best is trial 12 with value: 0.7166666666666666.
[I 2025-05-15 07:52:04,721] Trial 22 finished with value: 0.6166666666666666 and parameters: {'n_estimators': 10, 'max_depth': 5, 'gamma': 0.5758255516367494, 'subsample': 0.7963621685841249, 'colsample_bytree': 0.9693438218082066}. Best is trial 12 with value: 0.7166666666666666.
[I 2025-05-15 07:52:04,759] Trial 23 finished with value: 0.5666666666666667 and parameters: {'n_estimators': 10, 'max_depth': 5, 'gamma': 0.27622742849400844, 'subsample': 0.7857370348501318, 'colsample_bytree': 0.8262512892023829}. Best is trial 12 with value: 0.7166666666666666.
[I 2025-05-15 07:52:04,803] Trial 24 finished with value: 0.5666666666666667 and parameters: {'n_estimators': 10, 'max_depth': 5, 'gamma': 0.46761415121738237, 'subsample': 0.660940327705867, 'colsample_bytree': 0.8737359960830866}. Best is trial 12 with value: 0.7166666666666666.
[I 2025-05-15 07:52:04,850] Trial 25 finished with value: 0.5666666666666667 and parameters: {'n_estimators': 10, 'max_depth': 5, 'gamma': 0.8595429710706222, 'subsample': 0.8570209844415314, 'colsample_bytree': 0.725413106167854}. Best is trial 12 with value: 0.7166666666666666.
[I 2025-05-15 07:52:04,894] Trial 26 finished with value: 0.6666666666666666 and parameters: {'n_estimators': 10, 'max_depth': 5, 'gamma': 0.9578720152850034, 'subsample': 0.7440947700752223, 'colsample_bytree': 0.7910861445925504}. Best is trial 12 with value: 0.7166666666666666.
[I 2025-05-15 07:52:04,937] Trial 27 finished with value: 0.6166666666666666 and parameters: {'n_estimators': 10, 'max_depth': 30, 'gamma': 0.7521447257024908, 'subsample': 0.9268870585885869, 'colsample_bytree': 0.73426992796214}. Best is trial 12 with value: 0.7166666666666666.
[I 2025-05-15 07:52:04,982] Trial 28 finished with value: 0.7 and parameters: {'n_estimators': 40, 'max_depth': 20, 'gamma': 0.11417009723690369, 'subsample': 0.6373098296426953, 'colsample_bytree': 0.9242705500986436}. Best is trial 12 with value: 0.7166666666666666.
[I 2025-05-15 07:52:05,026] Trial 29 finished with value: 0.6666666666666666 and parameters: {'n_estimators': 40, 'max_depth': 20, 'gamma': 0.13279688639566917, 'subsample': 0.6189614837748431, 'colsample_bytree': 0.9342604911553476}. Best is trial 12 with value: 0.7166666666666666.
[I 2025-05-15 07:52:14,430] A new study created in memory with name: rf
Parámetros guardados en checkpoint_shoppers_Doriginal_F/random/IPC_11/best_models_random_seed_8_space_original/xgb_best_params.json


>>> Optuna tuning rf metodo random IPC 11 seed 8


[I 2025-05-15 07:52:16,028] Trial 0 finished with value: 0.5166666666666666 and parameters: {'n_estimators': 450, 'max_depth': 20, 'min_samples_split': 9, 'min_samples_leaf': 6}. Best is trial 0 with value: 0.5166666666666666.
[I 2025-05-15 07:52:16,382] Trial 1 finished with value: 0.3333333333333333 and parameters: {'n_estimators': 193, 'max_depth': 3, 'min_samples_split': 5, 'min_samples_leaf': 5}. Best is trial 0 with value: 0.5166666666666666.
[I 2025-05-15 07:52:16,861] Trial 2 finished with value: 0.45 and parameters: {'n_estimators': 309, 'max_depth': 11, 'min_samples_split': 6, 'min_samples_leaf': 6}. Best is trial 0 with value: 0.5166666666666666.
[I 2025-05-15 07:52:17,472] Trial 3 finished with value: 0.4666666666666666 and parameters: {'n_estimators': 405, 'max_depth': 15, 'min_samples_split': 7, 'min_samples_leaf': 5}. Best is trial 0 with value: 0.5166666666666666.
[I 2025-05-15 07:52:17,791] Trial 4 finished with value: 0.4333333333333333 and parameters: {'n_estimators': 215, 'max_depth': 20, 'min_samples_split': 5, 'min_samples_leaf': 3}. Best is trial 0 with value: 0.5166666666666666.
[I 2025-05-15 07:52:18,019] Trial 5 finished with value: 0.5166666666666666 and parameters: {'n_estimators': 126, 'max_depth': 20, 'min_samples_split': 3, 'min_samples_leaf': 4}. Best is trial 0 with value: 0.5166666666666666.
[I 2025-05-15 07:52:18,257] Trial 6 finished with value: 0.5 and parameters: {'n_estimators': 128, 'max_depth': 7, 'min_samples_split': 5, 'min_samples_leaf': 9}. Best is trial 0 with value: 0.5166666666666666.
[I 2025-05-15 07:52:18,627] Trial 7 finished with value: 0.36666666666666664 and parameters: {'n_estimators': 238, 'max_depth': 20, 'min_samples_split': 2, 'min_samples_leaf': 4}. Best is trial 0 with value: 0.5166666666666666.
[I 2025-05-15 07:52:19,069] Trial 8 finished with value: 0.6166666666666666 and parameters: {'n_estimators': 252, 'max_depth': 16, 'min_samples_split': 10, 'min_samples_leaf': 4}. Best is trial 8 with value: 0.6166666666666666.
[I 2025-05-15 07:52:19,489] Trial 9 finished with value: 0.5 and parameters: {'n_estimators': 273, 'max_depth': 7, 'min_samples_split': 9, 'min_samples_leaf': 7}. Best is trial 8 with value: 0.6166666666666666.
[I 2025-05-15 07:52:19,957] Trial 10 finished with value: 0.3833333333333333 and parameters: {'n_estimators': 351, 'max_depth': 15, 'min_samples_split': 10, 'min_samples_leaf': 1}. Best is trial 8 with value: 0.6166666666666666.
[I 2025-05-15 07:52:21,396] Trial 11 finished with value: 0.5 and parameters: {'n_estimators': 485, 'max_depth': 16, 'min_samples_split': 8, 'min_samples_leaf': 8}. Best is trial 8 with value: 0.6166666666666666.
[I 2025-05-15 07:52:22,778] Trial 12 finished with value: 0.4333333333333333 and parameters: {'n_estimators': 498, 'max_depth': 17, 'min_samples_split': 10, 'min_samples_leaf': 1}. Best is trial 8 with value: 0.6166666666666666.
[I 2025-05-15 07:52:23,342] Trial 13 finished with value: 0.5 and parameters: {'n_estimators': 395, 'max_depth': 13, 'min_samples_split': 8, 'min_samples_leaf': 10}. Best is trial 8 with value: 0.6166666666666666.
[I 2025-05-15 07:52:23,984] Trial 14 finished with value: 0.3333333333333333 and parameters: {'n_estimators': 430, 'max_depth': 18, 'min_samples_split': 9, 'min_samples_leaf': 3}. Best is trial 8 with value: 0.6166666666666666.
[I 2025-05-15 07:52:24,434] Trial 15 finished with value: 0.45 and parameters: {'n_estimators': 309, 'max_depth': 11, 'min_samples_split': 10, 'min_samples_leaf': 7}. Best is trial 8 with value: 0.6166666666666666.
[I 2025-05-15 07:52:24,925] Trial 16 finished with value: 0.5666666666666667 and parameters: {'n_estimators': 358, 'max_depth': 18, 'min_samples_split': 8, 'min_samples_leaf': 6}. Best is trial 8 with value: 0.6166666666666666.
[I 2025-05-15 07:52:25,390] Trial 17 finished with value: 0.3 and parameters: {'n_estimators': 357, 'max_depth': 13, 'min_samples_split': 7, 'min_samples_leaf': 2}. Best is trial 8 with value: 0.6166666666666666.
[I 2025-05-15 07:52:25,859] Trial 18 finished with value: 0.6 and parameters: {'n_estimators': 280, 'max_depth': 18, 'min_samples_split': 8, 'min_samples_leaf': 4}. Best is trial 8 with value: 0.6166666666666666.
[I 2025-05-15 07:52:26,142] Trial 19 finished with value: 0.3833333333333333 and parameters: {'n_estimators': 171, 'max_depth': 14, 'min_samples_split': 7, 'min_samples_leaf': 3}. Best is trial 8 with value: 0.6166666666666666.
[I 2025-05-15 07:52:26,651] Trial 20 finished with value: 0.41666666666666663 and parameters: {'n_estimators': 264, 'max_depth': 17, 'min_samples_split': 9, 'min_samples_leaf': 4}. Best is trial 8 with value: 0.6166666666666666.
[I 2025-05-15 07:52:27,162] Trial 21 finished with value: 0.5166666666666666 and parameters: {'n_estimators': 345, 'max_depth': 18, 'min_samples_split': 8, 'min_samples_leaf': 5}. Best is trial 8 with value: 0.6166666666666666.
[I 2025-05-15 07:52:27,594] Trial 22 finished with value: 0.36666666666666664 and parameters: {'n_estimators': 281, 'max_depth': 18, 'min_samples_split': 8, 'min_samples_leaf': 7}. Best is trial 8 with value: 0.6166666666666666.
[I 2025-05-15 07:52:28,049] Trial 23 finished with value: 0.6 and parameters: {'n_estimators': 241, 'max_depth': 16, 'min_samples_split': 6, 'min_samples_leaf': 6}. Best is trial 8 with value: 0.6166666666666666.
[I 2025-05-15 07:52:28,417] Trial 24 finished with value: 0.4833333333333333 and parameters: {'n_estimators': 241, 'max_depth': 12, 'min_samples_split': 6, 'min_samples_leaf': 4}. Best is trial 8 with value: 0.6166666666666666.
[I 2025-05-15 07:52:28,719] Trial 25 finished with value: 0.2833333333333333 and parameters: {'n_estimators': 166, 'max_depth': 9, 'min_samples_split': 4, 'min_samples_leaf': 2}. Best is trial 8 with value: 0.6166666666666666.
[I 2025-05-15 07:52:29,083] Trial 26 finished with value: 0.5 and parameters: {'n_estimators': 226, 'max_depth': 16, 'min_samples_split': 7, 'min_samples_leaf': 8}. Best is trial 8 with value: 0.6166666666666666.
[I 2025-05-15 07:52:29,582] Trial 27 finished with value: 0.5166666666666666 and parameters: {'n_estimators': 315, 'max_depth': 15, 'min_samples_split': 4, 'min_samples_leaf': 5}. Best is trial 8 with value: 0.6166666666666666.
[I 2025-05-15 07:52:29,919] Trial 28 finished with value: 0.4833333333333333 and parameters: {'n_estimators': 198, 'max_depth': 16, 'min_samples_split': 10, 'min_samples_leaf': 2}. Best is trial 8 with value: 0.6166666666666666.
[I 2025-05-15 07:52:30,276] Trial 29 finished with value: 0.5833333333333333 and parameters: {'n_estimators': 248, 'max_depth': 19, 'min_samples_split': 9, 'min_samples_leaf': 6}. Best is trial 8 with value: 0.6166666666666666.
[I 2025-05-15 07:52:36,820] A new study created in memory with name: svc
Parámetros guardados en checkpoint_shoppers_Doriginal_F/random/IPC_11/best_models_random_seed_8_space_original/rf_best_params.json


>>> Optuna tuning svc metodo random IPC 11 seed 8


[I 2025-05-15 07:52:39,528] Trial 0 finished with value: 0.5 and parameters: {'C': 31.168622654226873, 'gamma': 0.7484497562485191}. Best is trial 0 with value: 0.5.
[I 2025-05-15 07:52:39,684] Trial 1 finished with value: 0.5 and parameters: {'C': 29.976309274600954, 'gamma': 0.013286872459026702}. Best is trial 0 with value: 0.5.
[I 2025-05-15 07:52:39,724] Trial 2 finished with value: 0.5 and parameters: {'C': 0.08529298465080307, 'gamma': 0.00011106960237430257}. Best is trial 0 with value: 0.5.
[I 2025-05-15 07:52:39,749] Trial 3 finished with value: 0.5 and parameters: {'C': 0.5270784658374341, 'gamma': 0.004068229457500922}. Best is trial 0 with value: 0.5.
[I 2025-05-15 07:52:39,765] Trial 4 finished with value: 0.5833333333333333 and parameters: {'C': 1.2322495987505253, 'gamma': 0.008195343912941565}. Best is trial 4 with value: 0.5833333333333333.
[I 2025-05-15 07:52:39,787] Trial 5 finished with value: 0.5666666666666667 and parameters: {'C': 1.6650446929687996, 'gamma': 0.014912280706161869}. Best is trial 4 with value: 0.5833333333333333.
[I 2025-05-15 07:52:39,801] Trial 6 finished with value: 0.55 and parameters: {'C': 11.055599623279033, 'gamma': 0.07071284267178823}. Best is trial 4 with value: 0.5833333333333333.
[I 2025-05-15 07:52:39,814] Trial 7 finished with value: 0.6333333333333333 and parameters: {'C': 3.0111222251271013, 'gamma': 0.00506252384623837}. Best is trial 7 with value: 0.6333333333333333.
[I 2025-05-15 07:52:39,826] Trial 8 finished with value: 0.65 and parameters: {'C': 0.1433177931243846, 'gamma': 0.7859971382309453}. Best is trial 8 with value: 0.65.
[I 2025-05-15 07:52:39,839] Trial 9 finished with value: 0.5 and parameters: {'C': 0.21631975482828378, 'gamma': 0.0007502469581683287}. Best is trial 8 with value: 0.65.
[I 2025-05-15 07:52:39,871] Trial 10 finished with value: 0.65 and parameters: {'C': 0.012790757322653685, 'gamma': 0.716014956172909}. Best is trial 8 with value: 0.65.
[I 2025-05-15 07:52:40,933] Trial 11 finished with value: 0.65 and parameters: {'C': 0.011715097874353281, 'gamma': 0.8515404937980576}. Best is trial 8 with value: 0.65.
[I 2025-05-15 07:52:42,060] Trial 12 finished with value: 0.55 and parameters: {'C': 0.01594325686965602, 'gamma': 0.12737932151589837}. Best is trial 8 with value: 0.65.
[I 2025-05-15 07:52:42,096] Trial 13 finished with value: 0.55 and parameters: {'C': 0.0667416492092088, 'gamma': 0.17503325286688037}. Best is trial 8 with value: 0.65.
[I 2025-05-15 07:52:42,130] Trial 14 finished with value: 0.6 and parameters: {'C': 0.04281213012547079, 'gamma': 0.3166921182859369}. Best is trial 8 with value: 0.65.
[I 2025-05-15 07:52:42,159] Trial 15 finished with value: 0.6 and parameters: {'C': 0.2672799782724309, 'gamma': 0.03462476508591541}. Best is trial 8 with value: 0.65.
[I 2025-05-15 07:52:42,178] Trial 16 finished with value: 0.6 and parameters: {'C': 0.022179846509066306, 'gamma': 0.37843547681275536}. Best is trial 8 with value: 0.65.
[I 2025-05-15 07:52:42,211] Trial 17 finished with value: 0.65 and parameters: {'C': 0.14479612354017382, 'gamma': 0.999249138794067}. Best is trial 8 with value: 0.65.
[I 2025-05-15 07:52:42,236] Trial 18 finished with value: 0.6 and parameters: {'C': 0.03681511989836299, 'gamma': 0.05676545111035598}. Best is trial 8 with value: 0.65.
[I 2025-05-15 07:52:42,286] Trial 19 finished with value: 0.5 and parameters: {'C': 0.5549762598048877, 'gamma': 0.0021493383558322996}. Best is trial 8 with value: 0.65.
