[I 2025-05-15 07:50:38,625] Trial 9 finished with value: 0.9800000000000001 and parameters: {'n_estimators': 40, 'max_depth': 30, 'gamma': 0.8599846034069103, 'subsample': 0.8019332783535529, 'colsample_bytree': 0.7936068454878676}. Best is trial 8 with value: 1.0.
/data/home/rtabares/anaconda3/envs/pyth3.12/lib/python3.12/site-packages/xgboost/core.py:377: FutureWarning: Your system has an old version of glibc (< 2.28). We will stop supporting Linux distros with glibc older than 2.28 after **May 31, 2025**. Please upgrade to a recent Linux distro (with glibc >= 2.28) to use future versions of XGBoost.
Note: You have installed the 'manylinux2014' variant of XGBoost. Certain features such as GPU algorithms or federated learning are not available. To use these features, please upgrade to a recent Linux distro with glibc 2.28+, and install the 'manylinux_2_28' variant.
  warnings.warn(
[I 2025-05-15 07:50:38,704] Trial 10 finished with value: 0.9833333333333334 and parameters: {'n_estimators': 100, 'max_depth': 5, 'gamma': 0.11132541504315885, 'subsample': 0.6823309691011499, 'colsample_bytree': 0.5170496885398734}. Best is trial 8 with value: 1.0.
/data/home/rtabares/anaconda3/envs/pyth3.12/lib/python3.12/site-packages/xgboost/core.py:377: FutureWarning: Your system has an old version of glibc (< 2.28). We will stop supporting Linux distros with glibc older than 2.28 after **May 31, 2025**. Please upgrade to a recent Linux distro (with glibc >= 2.28) to use future versions of XGBoost.
Note: You have installed the 'manylinux2014' variant of XGBoost. Certain features such as GPU algorithms or federated learning are not available. To use these features, please upgrade to a recent Linux distro with glibc 2.28+, and install the 'manylinux_2_28' variant.
  warnings.warn(
[I 2025-05-15 07:50:40,175] Trial 11 finished with value: 0.9800000000000001 and parameters: {'n_estimators': 100, 'max_depth': 5, 'gamma': 0.25699734468733737, 'subsample': 0.5083591729011359, 'colsample_bytree': 0.6364376371823469}. Best is trial 8 with value: 1.0.
/data/home/rtabares/anaconda3/envs/pyth3.12/lib/python3.12/site-packages/xgboost/core.py:377: FutureWarning: Your system has an old version of glibc (< 2.28). We will stop supporting Linux distros with glibc older than 2.28 after **May 31, 2025**. Please upgrade to a recent Linux distro (with glibc >= 2.28) to use future versions of XGBoost.
Note: You have installed the 'manylinux2014' variant of XGBoost. Certain features such as GPU algorithms or federated learning are not available. To use these features, please upgrade to a recent Linux distro with glibc 2.28+, and install the 'manylinux_2_28' variant.
  warnings.warn(
[I 2025-05-15 07:50:41,637] Trial 12 finished with value: 0.9833333333333334 and parameters: {'n_estimators': 100, 'max_depth': 30, 'gamma': 0.3273879186161104, 'subsample': 0.6178049815935837, 'colsample_bytree': 0.6000637004840558}. Best is trial 8 with value: 1.0.
/data/home/rtabares/anaconda3/envs/pyth3.12/lib/python3.12/site-packages/xgboost/core.py:377: FutureWarning: Your system has an old version of glibc (< 2.28). We will stop supporting Linux distros with glibc older than 2.28 after **May 31, 2025**. Please upgrade to a recent Linux distro (with glibc >= 2.28) to use future versions of XGBoost.
Note: You have installed the 'manylinux2014' variant of XGBoost. Certain features such as GPU algorithms or federated learning are not available. To use these features, please upgrade to a recent Linux distro with glibc 2.28+, and install the 'manylinux_2_28' variant.
  warnings.warn(
[I 2025-05-15 07:50:42,941] Trial 13 finished with value: 0.9800000000000001 and parameters: {'n_estimators': 40, 'max_depth': 20, 'gamma': 0.339686924694257, 'subsample': 0.8651778699088216, 'colsample_bytree': 0.7702342462248224}. Best is trial 8 with value: 1.0.
[I 2025-05-15 07:50:43,013] Trial 14 finished with value: 0.9466666666666669 and parameters: {'n_estimators': 100, 'max_depth': 5, 'gamma': 0.11966904911829734, 'subsample': 0.6421390529591685, 'colsample_bytree': 0.9742701816348989}. Best is trial 8 with value: 1.0.
/data/home/rtabares/anaconda3/envs/pyth3.12/lib/python3.12/site-packages/xgboost/core.py:377: FutureWarning: Your system has an old version of glibc (< 2.28). We will stop supporting Linux distros with glibc older than 2.28 after **May 31, 2025**. Please upgrade to a recent Linux distro (with glibc >= 2.28) to use future versions of XGBoost.
Note: You have installed the 'manylinux2014' variant of XGBoost. Certain features such as GPU algorithms or federated learning are not available. To use these features, please upgrade to a recent Linux distro with glibc 2.28+, and install the 'manylinux_2_28' variant.
  warnings.warn(
[I 2025-05-15 07:50:43,831] Trial 15 finished with value: 0.9800000000000001 and parameters: {'n_estimators': 40, 'max_depth': 20, 'gamma': 0.4298894412096476, 'subsample': 0.8680134248137908, 'colsample_bytree': 0.6651453235884162}. Best is trial 8 with value: 1.0.
[I 2025-05-15 07:50:43,914] Trial 16 finished with value: 0.9633333333333335 and parameters: {'n_estimators': 100, 'max_depth': 30, 'gamma': 0.2258337544984904, 'subsample': 0.5207197919620343, 'colsample_bytree': 0.5710570474529844}. Best is trial 8 with value: 1.0.
/data/home/rtabares/anaconda3/envs/pyth3.12/lib/python3.12/site-packages/xgboost/core.py:377: FutureWarning: Your system has an old version of glibc (< 2.28). We will stop supporting Linux distros with glibc older than 2.28 after **May 31, 2025**. Please upgrade to a recent Linux distro (with glibc >= 2.28) to use future versions of XGBoost.
Note: You have installed the 'manylinux2014' variant of XGBoost. Certain features such as GPU algorithms or federated learning are not available. To use these features, please upgrade to a recent Linux distro with glibc 2.28+, and install the 'manylinux_2_28' variant.
  warnings.warn(
[I 2025-05-15 07:50:44,878] Trial 17 finished with value: 0.9833333333333334 and parameters: {'n_estimators': 40, 'max_depth': 30, 'gamma': 0.5434993226589026, 'subsample': 0.7153721827866208, 'colsample_bytree': 0.8129141888598002}. Best is trial 8 with value: 1.0.
[I 2025-05-15 07:50:44,943] Trial 18 finished with value: 0.9833333333333334 and parameters: {'n_estimators': 100, 'max_depth': 20, 'gamma': 0.2173210441890612, 'subsample': 0.5905302801964409, 'colsample_bytree': 0.7242872436132511}. Best is trial 8 with value: 1.0.
[I 2025-05-15 07:50:45,001] Trial 19 finished with value: 0.9833333333333334 and parameters: {'n_estimators': 40, 'max_depth': 5, 'gamma': 0.3865206245357231, 'subsample': 0.8497831279319822, 'colsample_bytree': 0.6161778264327487}. Best is trial 8 with value: 1.0.
[I 2025-05-15 07:50:45,050] Trial 20 finished with value: 0.9833333333333334 and parameters: {'n_estimators': 100, 'max_depth': 30, 'gamma': 0.49725153907029757, 'subsample': 0.6639626687625977, 'colsample_bytree': 0.5197930771817247}. Best is trial 8 with value: 1.0.
[I 2025-05-15 07:50:45,106] Trial 21 finished with value: 0.9833333333333334 and parameters: {'n_estimators': 100, 'max_depth': 5, 'gamma': 0.10884944353746728, 'subsample': 0.6984412890922438, 'colsample_bytree': 0.5030155223365783}. Best is trial 8 with value: 1.0.
[I 2025-05-15 07:50:45,177] Trial 22 finished with value: 0.9833333333333334 and parameters: {'n_estimators': 100, 'max_depth': 5, 'gamma': 0.18768409693262572, 'subsample': 0.5751762532689704, 'colsample_bytree': 0.5493254445941174}. Best is trial 8 with value: 1.0.
[I 2025-05-15 07:50:45,243] Trial 23 finished with value: 0.9833333333333334 and parameters: {'n_estimators': 100, 'max_depth': 5, 'gamma': 0.3029757211037877, 'subsample': 0.6741049595153292, 'colsample_bytree': 0.6540482263554374}. Best is trial 8 with value: 1.0.
[I 2025-05-15 07:50:45,304] Trial 24 finished with value: 0.9833333333333334 and parameters: {'n_estimators': 100, 'max_depth': 5, 'gamma': 0.15361043419720488, 'subsample': 0.7324065303816505, 'colsample_bytree': 0.5929381807954983}. Best is trial 8 with value: 1.0.
[I 2025-05-15 07:50:45,369] Trial 25 finished with value: 0.9833333333333334 and parameters: {'n_estimators': 40, 'max_depth': 5, 'gamma': 0.2645089342684338, 'subsample': 0.620882212998237, 'colsample_bytree': 0.6976882767824799}. Best is trial 8 with value: 1.0.
[I 2025-05-15 07:50:45,427] Trial 26 finished with value: 0.9833333333333334 and parameters: {'n_estimators': 100, 'max_depth': 20, 'gamma': 0.3854583826213518, 'subsample': 0.7599494189978411, 'colsample_bytree': 0.5356620391623098}. Best is trial 8 with value: 1.0.
[I 2025-05-15 07:50:45,484] Trial 27 finished with value: 0.9633333333333335 and parameters: {'n_estimators': 100, 'max_depth': 5, 'gamma': 0.17746633660275146, 'subsample': 0.9117225701877769, 'colsample_bytree': 0.618486589631383}. Best is trial 8 with value: 1.0.
[I 2025-05-15 07:50:45,544] Trial 28 finished with value: 0.8966666666666667 and parameters: {'n_estimators': 10, 'max_depth': 30, 'gamma': 0.1041218212728065, 'subsample': 0.5549492999561068, 'colsample_bytree': 0.7536111892862332}. Best is trial 8 with value: 1.0.
[I 2025-05-15 07:50:45,594] Trial 29 finished with value: 0.9833333333333334 and parameters: {'n_estimators': 40, 'max_depth': 20, 'gamma': 0.29403482359067723, 'subsample': 0.68652184025666, 'colsample_bytree': 0.6645003712111616}. Best is trial 8 with value: 1.0.
[I 2025-05-15 07:51:03,666] A new study created in memory with name: rf
[I 2025-05-15 07:51:08,305] Trial 0 finished with value: 1.0 and parameters: {'n_estimators': 458, 'max_depth': 8, 'min_samples_split': 9, 'min_samples_leaf': 1}. Best is trial 0 with value: 1.0.
Parámetros guardados en checkpoint_default_Doriginal_H/lc/IPC_27/best_models_lc_seed_6_space_original/xgb_best_params.json


>>> Optuna tuning rf metodo lc IPC 27 seed 6


[I 2025-05-15 07:51:08,958] Trial 1 finished with value: 1.0 and parameters: {'n_estimators': 143, 'max_depth': 13, 'min_samples_split': 6, 'min_samples_leaf': 5}. Best is trial 0 with value: 1.0.
[I 2025-05-15 07:51:09,350] Trial 2 finished with value: 1.0 and parameters: {'n_estimators': 234, 'max_depth': 14, 'min_samples_split': 5, 'min_samples_leaf': 8}. Best is trial 0 with value: 1.0.
[I 2025-05-15 07:51:09,850] Trial 3 finished with value: 1.0 and parameters: {'n_estimators': 307, 'max_depth': 13, 'min_samples_split': 7, 'min_samples_leaf': 10}. Best is trial 0 with value: 1.0.
[I 2025-05-15 07:51:10,485] Trial 4 finished with value: 1.0 and parameters: {'n_estimators': 428, 'max_depth': 10, 'min_samples_split': 9, 'min_samples_leaf': 9}. Best is trial 0 with value: 1.0.
[I 2025-05-15 07:51:10,705] Trial 5 finished with value: 1.0 and parameters: {'n_estimators': 121, 'max_depth': 15, 'min_samples_split': 9, 'min_samples_leaf': 8}. Best is trial 0 with value: 1.0.
[I 2025-05-15 07:51:11,496] Trial 6 finished with value: 1.0 and parameters: {'n_estimators': 384, 'max_depth': 12, 'min_samples_split': 3, 'min_samples_leaf': 10}. Best is trial 0 with value: 1.0.
[I 2025-05-15 07:51:12,420] Trial 7 finished with value: 0.9833333333333334 and parameters: {'n_estimators': 261, 'max_depth': 6, 'min_samples_split': 8, 'min_samples_leaf': 10}. Best is trial 0 with value: 1.0.
[I 2025-05-15 07:51:12,919] Trial 8 finished with value: 0.9833333333333334 and parameters: {'n_estimators': 202, 'max_depth': 15, 'min_samples_split': 7, 'min_samples_leaf': 8}. Best is trial 0 with value: 1.0.
[I 2025-05-15 07:51:13,887] Trial 9 finished with value: 1.0 and parameters: {'n_estimators': 475, 'max_depth': 9, 'min_samples_split': 4, 'min_samples_leaf': 5}. Best is trial 0 with value: 1.0.
[I 2025-05-15 07:51:14,472] Trial 10 finished with value: 1.0 and parameters: {'n_estimators': 352, 'max_depth': 20, 'min_samples_split': 10, 'min_samples_leaf': 1}. Best is trial 0 with value: 1.0.
[I 2025-05-15 07:51:14,728] Trial 11 finished with value: 1.0 and parameters: {'n_estimators': 110, 'max_depth': 4, 'min_samples_split': 6, 'min_samples_leaf': 1}. Best is trial 0 with value: 1.0.
[I 2025-05-15 07:51:15,527] Trial 12 finished with value: 1.0 and parameters: {'n_estimators': 489, 'max_depth': 7, 'min_samples_split': 2, 'min_samples_leaf': 4}. Best is trial 0 with value: 1.0.
[I 2025-05-15 07:51:16,793] Trial 13 finished with value: 1.0 and parameters: {'n_estimators': 201, 'max_depth': 18, 'min_samples_split': 5, 'min_samples_leaf': 3}. Best is trial 0 with value: 1.0.
[I 2025-05-15 07:51:17,956] Trial 14 finished with value: 1.0 and parameters: {'n_estimators': 157, 'max_depth': 9, 'min_samples_split': 7, 'min_samples_leaf': 6}. Best is trial 0 with value: 1.0.
[I 2025-05-15 07:51:18,621] Trial 15 finished with value: 1.0 and parameters: {'n_estimators': 308, 'max_depth': 3, 'min_samples_split': 10, 'min_samples_leaf': 3}. Best is trial 0 with value: 1.0.
[I 2025-05-15 07:51:19,415] Trial 16 finished with value: 1.0 and parameters: {'n_estimators': 423, 'max_depth': 17, 'min_samples_split': 6, 'min_samples_leaf': 6}. Best is trial 0 with value: 1.0.
[I 2025-05-15 07:51:20,243] Trial 17 finished with value: 1.0 and parameters: {'n_estimators': 339, 'max_depth': 11, 'min_samples_split': 8, 'min_samples_leaf': 2}. Best is trial 0 with value: 1.0.
[I 2025-05-15 07:51:21,017] Trial 18 finished with value: 1.0 and parameters: {'n_estimators': 264, 'max_depth': 7, 'min_samples_split': 5, 'min_samples_leaf': 5}. Best is trial 0 with value: 1.0.
[I 2025-05-15 07:51:21,875] Trial 19 finished with value: 1.0 and parameters: {'n_estimators': 433, 'max_depth': 6, 'min_samples_split': 8, 'min_samples_leaf': 3}. Best is trial 0 with value: 1.0.
[I 2025-05-15 07:51:22,261] Trial 20 finished with value: 1.0 and parameters: {'n_estimators': 167, 'max_depth': 11, 'min_samples_split': 4, 'min_samples_leaf': 2}. Best is trial 0 with value: 1.0.
[I 2025-05-15 07:51:22,806] Trial 21 finished with value: 1.0 and parameters: {'n_estimators': 239, 'max_depth': 14, 'min_samples_split': 5, 'min_samples_leaf': 7}. Best is trial 0 with value: 1.0.
[I 2025-05-15 07:51:23,223] Trial 22 finished with value: 1.0 and parameters: {'n_estimators': 220, 'max_depth': 16, 'min_samples_split': 4, 'min_samples_leaf': 7}. Best is trial 0 with value: 1.0.
[I 2025-05-15 07:51:23,577] Trial 23 finished with value: 1.0 and parameters: {'n_estimators': 164, 'max_depth': 13, 'min_samples_split': 6, 'min_samples_leaf': 4}. Best is trial 0 with value: 1.0.
[I 2025-05-15 07:51:23,823] Trial 24 finished with value: 1.0 and parameters: {'n_estimators': 138, 'max_depth': 8, 'min_samples_split': 5, 'min_samples_leaf': 8}. Best is trial 0 with value: 1.0.
[I 2025-05-15 07:51:24,414] Trial 25 finished with value: 1.0 and parameters: {'n_estimators': 279, 'max_depth': 12, 'min_samples_split': 6, 'min_samples_leaf': 7}. Best is trial 0 with value: 1.0.
[I 2025-05-15 07:51:24,745] Trial 26 finished with value: 1.0 and parameters: {'n_estimators': 181, 'max_depth': 18, 'min_samples_split': 3, 'min_samples_leaf': 9}. Best is trial 0 with value: 1.0.
[I 2025-05-15 07:51:25,249] Trial 27 finished with value: 1.0 and parameters: {'n_estimators': 234, 'max_depth': 10, 'min_samples_split': 9, 'min_samples_leaf': 4}. Best is trial 0 with value: 1.0.
[I 2025-05-15 07:51:25,902] Trial 28 finished with value: 1.0 and parameters: {'n_estimators': 375, 'max_depth': 14, 'min_samples_split': 7, 'min_samples_leaf': 6}. Best is trial 0 with value: 1.0.
[I 2025-05-15 07:51:26,772] Trial 29 finished with value: 1.0 and parameters: {'n_estimators': 456, 'max_depth': 14, 'min_samples_split': 7, 'min_samples_leaf': 2}. Best is trial 0 with value: 1.0.
[I 2025-05-15 07:51:32,923] A new study created in memory with name: svc
Parámetros guardados en checkpoint_default_Doriginal_H/lc/IPC_27/best_models_lc_seed_6_space_original/rf_best_params.json


>>> Optuna tuning svc metodo lc IPC 27 seed 6


[I 2025-05-15 07:51:35,562] Trial 0 finished with value: 1.0 and parameters: {'C': 37.27697013499731, 'gamma': 0.0021277432488243223}. Best is trial 0 with value: 1.0.
[I 2025-05-15 07:51:35,756] Trial 1 finished with value: 0.9833333333333334 and parameters: {'C': 19.271543171162776, 'gamma': 0.00014682043379470554}. Best is trial 0 with value: 1.0.
[I 2025-05-15 07:51:35,785] Trial 2 finished with value: 0.6 and parameters: {'C': 0.0269542169583157, 'gamma': 0.023999835049635022}. Best is trial 0 with value: 1.0.
[I 2025-05-15 07:51:35,802] Trial 3 finished with value: 0.9833333333333334 and parameters: {'C': 1.3160410886450586, 'gamma': 0.0047340159215720195}. Best is trial 0 with value: 1.0.
[I 2025-05-15 07:51:35,817] Trial 4 finished with value: 0.9833333333333334 and parameters: {'C': 0.21959952535674737, 'gamma': 0.030908485742507576}. Best is trial 0 with value: 1.0.
[I 2025-05-15 07:51:35,841] Trial 5 finished with value: 0.9833333333333334 and parameters: {'C': 0.5656733313644114, 'gamma': 0.08780685564625502}. Best is trial 0 with value: 1.0.
[I 2025-05-15 07:51:35,868] Trial 6 finished with value: 0.9833333333333334 and parameters: {'C': 1.1807165425157664, 'gamma': 0.020674470756231633}. Best is trial 0 with value: 1.0.
[I 2025-05-15 07:51:35,893] Trial 7 finished with value: 0.69 and parameters: {'C': 3.8143486186647126, 'gamma': 0.9138966502602072}. Best is trial 0 with value: 1.0.
[I 2025-05-15 07:51:35,909] Trial 8 finished with value: 1.0 and parameters: {'C': 19.029737066374768, 'gamma': 0.004495766421289856}. Best is trial 0 with value: 1.0.
[I 2025-05-15 07:51:35,924] Trial 9 finished with value: 0.9833333333333334 and parameters: {'C': 31.994153257994277, 'gamma': 0.19725941020937518}. Best is trial 0 with value: 1.0.
[I 2025-05-15 07:51:35,958] Trial 10 finished with value: 1.0 and parameters: {'C': 96.80643961619926, 'gamma': 0.0004009308447180715}. Best is trial 0 with value: 1.0.
[I 2025-05-15 07:51:36,697] Trial 11 finished with value: 1.0 and parameters: {'C': 9.896624772185135, 'gamma': 0.002535147656205105}. Best is trial 0 with value: 1.0.
[I 2025-05-15 07:51:37,533] Trial 12 finished with value: 1.0 and parameters: {'C': 73.14040788468016, 'gamma': 0.0011178094602157474}. Best is trial 0 with value: 1.0.
[I 2025-05-15 07:51:37,561] Trial 13 finished with value: 1.0 and parameters: {'C': 5.512710744479732, 'gamma': 0.001180682681522933}. Best is trial 0 with value: 1.0.
[I 2025-05-15 07:51:37,583] Trial 14 finished with value: 1.0 and parameters: {'C': 28.199473611006507, 'gamma': 0.006894762954990565}. Best is trial 0 with value: 1.0.
[I 2025-05-15 07:51:37,604] Trial 15 finished with value: 0.52 and parameters: {'C': 0.07931370583208394, 'gamma': 0.0005914713254872686}. Best is trial 0 with value: 1.0.
[I 2025-05-15 07:51:37,626] Trial 16 finished with value: 0.7033333333333334 and parameters: {'C': 3.2002685643795457, 'gamma': 0.00013108517561580927}. Best is trial 0 with value: 1.0.
[I 2025-05-15 07:51:37,659] Trial 17 finished with value: 1.0 and parameters: {'C': 11.712036156313884, 'gamma': 0.0036347217421542365}. Best is trial 0 with value: 1.0.
[I 2025-05-15 07:51:37,680] Trial 18 finished with value: 1.0 and parameters: {'C': 51.25545049160052, 'gamma': 0.011041664001965566}. Best is trial 0 with value: 1.0.
[I 2025-05-15 07:51:37,714] Trial 19 finished with value: 0.52 and parameters: {'C': 0.013103877820334748, 'gamma': 0.0017432090040826558}. Best is trial 0 with value: 1.0.
[I 2025-05-15 07:51:38,505] Trial 20 finished with value: 0.9833333333333334 and parameters: {'C': 9.226965992255698, 'gamma': 0.00037725084366223185}. Best is trial 0 with value: 1.0.
[I 2025-05-15 07:51:38,530] Trial 21 finished with value: 1.0 and parameters: {'C': 92.00814449858935, 'gamma': 0.0004565127373133027}. Best is trial 0 with value: 1.0.
[I 2025-05-15 07:51:38,552] Trial 22 finished with value: 1.0 and parameters: {'C': 95.82294847484953, 'gamma': 0.0002816603605901651}. Best is trial 0 with value: 1.0.
[I 2025-05-15 07:51:39,282] Trial 23 finished with value: 1.0 and parameters: {'C': 26.53103025430702, 'gamma': 0.0009475350068282476}. Best is trial 0 with value: 1.0.
[I 2025-05-15 07:51:39,316] Trial 24 finished with value: 1.0 and parameters: {'C': 40.55817219032094, 'gamma': 0.01120540052641483}. Best is trial 0 with value: 1.0.
[I 2025-05-15 07:51:39,338] Trial 25 finished with value: 1.0 and parameters: {'C': 15.841796695169624, 'gamma': 0.002204242578484544}. Best is trial 0 with value: 1.0.
[I 2025-05-15 07:51:39,363] Trial 26 finished with value: 0.8 and parameters: {'C': 2.00429220759444, 'gamma': 0.0002767020567912303}. Best is trial 0 with value: 1.0.
[I 2025-05-15 07:51:39,386] Trial 27 finished with value: 0.9633333333333333 and parameters: {'C': 0.47763645928391485, 'gamma': 0.004699641244932082}. Best is trial 0 with value: 1.0.
[I 2025-05-15 07:51:39,409] Trial 28 finished with value: 0.9833333333333334 and parameters: {'C': 46.594185719447815, 'gamma': 0.0644845658963133}. Best is trial 0 with value: 1.0.
[I 2025-05-15 07:51:39,443] Trial 29 finished with value: 0.9833333333333334 and parameters: {'C': 20.16560018228786, 'gamma': 0.00011268648863223885}. Best is trial 0 with value: 1.0.
[I 2025-05-15 07:51:43,426] A new study created in memory with name: logreg
Parámetros guardados en checkpoint_default_Doriginal_H/lc/IPC_27/best_models_lc_seed_6_space_original/svc_best_params.json


>>> Optuna tuning logreg metodo lc IPC 27 seed 6


[I 2025-05-15 07:51:46,923] Trial 0 finished with value: 1.0 and parameters: {'C': 29.127335430981816, 'penalty': 'l2'}. Best is trial 0 with value: 1.0.
[I 2025-05-15 07:51:47,246] Trial 1 finished with value: 1.0 and parameters: {'C': 0.045698192893558344, 'penalty': 'l2'}. Best is trial 0 with value: 1.0.
[I 2025-05-15 07:51:47,285] Trial 2 finished with value: 1.0 and parameters: {'C': 12.768668597712947, 'penalty': 'l2'}. Best is trial 0 with value: 1.0.
[I 2025-05-15 07:51:48,018] Trial 3 finished with value: 0.9433333333333334 and parameters: {'C': 0.0016161554408462638, 'penalty': 'l2'}. Best is trial 0 with value: 1.0.
