[I 2025-05-15 07:35:45,431] Trial 29 finished with value: 0.6000000000000001 and parameters: {'n_estimators': 182, 'max_depth': 10, 'min_samples_split': 9, 'min_samples_leaf': 9}. Best is trial 29 with value: 0.6000000000000001.
[I 2025-05-15 07:35:50,124] A new study created in memory with name: svc
Parámetros guardados en checkpoint_default_Doriginal_H/k_center/IPC_27/best_models_k_center_seed_5_space_original/rf_best_params.json


>>> Optuna tuning svc metodo k_center IPC 27 seed 5


[I 2025-05-15 07:35:54,244] Trial 0 finished with value: 0.5 and parameters: {'C': 0.07726319876517104, 'gamma': 0.3040389504793042}. Best is trial 0 with value: 0.5.
[I 2025-05-15 07:35:54,320] Trial 1 finished with value: 0.5 and parameters: {'C': 0.06712381339142241, 'gamma': 0.47254549996710477}. Best is trial 0 with value: 0.5.
[I 2025-05-15 07:35:54,346] Trial 2 finished with value: 0.45999999999999996 and parameters: {'C': 0.8987621100554035, 'gamma': 0.027988231123708972}. Best is trial 0 with value: 0.5.
[I 2025-05-15 07:35:54,371] Trial 3 finished with value: 0.61 and parameters: {'C': 11.5779435007655, 'gamma': 0.011848734045499056}. Best is trial 3 with value: 0.61.
[I 2025-05-15 07:35:54,397] Trial 4 finished with value: 0.5 and parameters: {'C': 0.1538870258903583, 'gamma': 0.0005634883151169033}. Best is trial 3 with value: 0.61.
[I 2025-05-15 07:35:54,412] Trial 5 finished with value: 0.5 and parameters: {'C': 0.021036092656561454, 'gamma': 0.08990030906808326}. Best is trial 3 with value: 0.61.
[I 2025-05-15 07:35:54,438] Trial 6 finished with value: 0.5766666666666667 and parameters: {'C': 0.5824208201678516, 'gamma': 0.00042977333932534993}. Best is trial 3 with value: 0.61.
[I 2025-05-15 07:35:54,453] Trial 7 finished with value: 0.5333333333333333 and parameters: {'C': 33.09391330085814, 'gamma': 0.001248377256719358}. Best is trial 3 with value: 0.61.
[I 2025-05-15 07:35:54,469] Trial 8 finished with value: 0.6200000000000001 and parameters: {'C': 0.45387898639622015, 'gamma': 0.0015286910781809498}. Best is trial 8 with value: 0.6200000000000001.
[I 2025-05-15 07:35:54,493] Trial 9 finished with value: 0.6633333333333333 and parameters: {'C': 3.274550070431994, 'gamma': 0.02086177421469992}. Best is trial 9 with value: 0.6633333333333333.
[I 2025-05-15 07:35:54,527] Trial 10 finished with value: 0.5733333333333334 and parameters: {'C': 8.09027166968415, 'gamma': 0.005985187208337879}. Best is trial 9 with value: 0.6633333333333333.
[I 2025-05-15 07:35:55,348] Trial 11 finished with value: 0.5700000000000001 and parameters: {'C': 3.4097665627010736, 'gamma': 0.003696181269643574}. Best is trial 9 with value: 0.6633333333333333.
[I 2025-05-15 07:35:56,065] Trial 12 finished with value: 0.48 and parameters: {'C': 83.55549798509678, 'gamma': 0.0448119937045803}. Best is trial 9 with value: 0.6633333333333333.
[I 2025-05-15 07:35:56,101] Trial 13 finished with value: 0.5733333333333334 and parameters: {'C': 2.506637082639905, 'gamma': 0.00018323629585262105}. Best is trial 9 with value: 0.6633333333333333.
[I 2025-05-15 07:35:56,134] Trial 14 finished with value: 0.6866666666666668 and parameters: {'C': 0.24563235714646978, 'gamma': 0.0028339934713209505}. Best is trial 14 with value: 0.6866666666666668.
[I 2025-05-15 07:35:56,166] Trial 15 finished with value: 0.52 and parameters: {'C': 0.01021297223473908, 'gamma': 0.015816792889032042}. Best is trial 14 with value: 0.6866666666666668.
[I 2025-05-15 07:35:56,199] Trial 16 finished with value: 0.5 and parameters: {'C': 0.20575616505903097, 'gamma': 0.11677926867881949}. Best is trial 14 with value: 0.6866666666666668.
[I 2025-05-15 07:35:56,231] Trial 17 finished with value: 0.55 and parameters: {'C': 2.787301644103932, 'gamma': 0.003502857663618263}. Best is trial 14 with value: 0.6866666666666668.
[I 2025-05-15 07:35:56,267] Trial 18 finished with value: 0.5533333333333333 and parameters: {'C': 9.806094252496584, 'gamma': 0.0013630724053344397}. Best is trial 14 with value: 0.6866666666666668.
[I 2025-05-15 07:35:56,300] Trial 19 finished with value: 0.5 and parameters: {'C': 0.28118611577348535, 'gamma': 0.8981496536972738}. Best is trial 14 with value: 0.6866666666666668.
[I 2025-05-15 07:35:57,169] Trial 20 finished with value: 0.53 and parameters: {'C': 1.7664797294168577, 'gamma': 0.03300994934117516}. Best is trial 14 with value: 0.6866666666666668.
[I 2025-05-15 07:35:58,216] Trial 21 finished with value: 0.6033333333333333 and parameters: {'C': 0.5515639913240409, 'gamma': 0.0016489460797878776}. Best is trial 14 with value: 0.6866666666666668.
[I 2025-05-15 07:35:59,694] Trial 22 finished with value: 0.54 and parameters: {'C': 0.06657697115853775, 'gamma': 0.006464534428105804}. Best is trial 14 with value: 0.6866666666666668.
[I 2025-05-15 07:35:59,745] Trial 23 finished with value: 0.5333333333333333 and parameters: {'C': 0.3450009037296796, 'gamma': 0.00012557276334458718}. Best is trial 14 with value: 0.6866666666666668.
[I 2025-05-15 07:35:59,773] Trial 24 finished with value: 0.54 and parameters: {'C': 1.0054537516356266, 'gamma': 0.0005213752192548473}. Best is trial 14 with value: 0.6866666666666668.
[I 2025-05-15 07:35:59,803] Trial 25 finished with value: 0.55 and parameters: {'C': 4.81783727183584, 'gamma': 0.002536069303988038}. Best is trial 14 with value: 0.6866666666666668.
[I 2025-05-15 07:35:59,840] Trial 26 finished with value: 0.6433333333333333 and parameters: {'C': 1.3935204709042381, 'gamma': 0.009782884275145001}. Best is trial 14 with value: 0.6866666666666668.
[I 2025-05-15 07:35:59,871] Trial 27 finished with value: 0.64 and parameters: {'C': 1.3024936070403699, 'gamma': 0.016636264469474044}. Best is trial 14 with value: 0.6866666666666668.
[I 2025-05-15 07:35:59,899] Trial 28 finished with value: 0.5 and parameters: {'C': 20.329581897504095, 'gamma': 0.06186021433848218}. Best is trial 14 with value: 0.6866666666666668.
[I 2025-05-15 07:35:59,928] Trial 29 finished with value: 0.5 and parameters: {'C': 0.13838423525694488, 'gamma': 0.1442834471358124}. Best is trial 14 with value: 0.6866666666666668.
[I 2025-05-15 07:36:07,953] A new study created in memory with name: logreg
Parámetros guardados en checkpoint_default_Doriginal_H/k_center/IPC_27/best_models_k_center_seed_5_space_original/svc_best_params.json


>>> Optuna tuning logreg metodo k_center IPC 27 seed 5


[I 2025-05-15 07:36:08,837] Trial 0 finished with value: 0.6133333333333334 and parameters: {'C': 0.012881482725481003, 'penalty': 'l2'}. Best is trial 0 with value: 0.6133333333333334.
/data/home/rtabares/anaconda3/envs/pyth3.12/lib/python3.12/site-packages/sklearn/linear_model/_logistic.py:465: ConvergenceWarning: lbfgs failed to converge (status=1):
STOP: TOTAL NO. OF ITERATIONS REACHED LIMIT.

Increase the number of iterations (max_iter) or scale the data as shown in:
    https://scikit-learn.org/stable/modules/preprocessing.html
Please also refer to the documentation for alternative solver options:
    https://scikit-learn.org/stable/modules/linear_model.html#logistic-regression
  n_iter_i = _check_optimize_result(
/data/home/rtabares/anaconda3/envs/pyth3.12/lib/python3.12/site-packages/sklearn/linear_model/_logistic.py:465: ConvergenceWarning: lbfgs failed to converge (status=1):
STOP: TOTAL NO. OF ITERATIONS REACHED LIMIT.

Increase the number of iterations (max_iter) or scale the data as shown in:
    https://scikit-learn.org/stable/modules/preprocessing.html
Please also refer to the documentation for alternative solver options:
    https://scikit-learn.org/stable/modules/linear_model.html#logistic-regression
  n_iter_i = _check_optimize_result(
/data/home/rtabares/anaconda3/envs/pyth3.12/lib/python3.12/site-packages/sklearn/linear_model/_logistic.py:465: ConvergenceWarning: lbfgs failed to converge (status=1):
STOP: TOTAL NO. OF ITERATIONS REACHED LIMIT.

Increase the number of iterations (max_iter) or scale the data as shown in:
    https://scikit-learn.org/stable/modules/preprocessing.html
Please also refer to the documentation for alternative solver options:
    https://scikit-learn.org/stable/modules/linear_model.html#logistic-regression
  n_iter_i = _check_optimize_result(
/data/home/rtabares/anaconda3/envs/pyth3.12/lib/python3.12/site-packages/sklearn/linear_model/_logistic.py:465: ConvergenceWarning: lbfgs failed to converge (status=1):
STOP: TOTAL NO. OF ITERATIONS REACHED LIMIT.

Increase the number of iterations (max_iter) or scale the data as shown in:
    https://scikit-learn.org/stable/modules/preprocessing.html
Please also refer to the documentation for alternative solver options:
    https://scikit-learn.org/stable/modules/linear_model.html#logistic-regression
  n_iter_i = _check_optimize_result(
/data/home/rtabares/anaconda3/envs/pyth3.12/lib/python3.12/site-packages/sklearn/linear_model/_logistic.py:465: ConvergenceWarning: lbfgs failed to converge (status=1):
STOP: TOTAL NO. OF ITERATIONS REACHED LIMIT.

Increase the number of iterations (max_iter) or scale the data as shown in:
    https://scikit-learn.org/stable/modules/preprocessing.html
Please also refer to the documentation for alternative solver options:
    https://scikit-learn.org/stable/modules/linear_model.html#logistic-regression
  n_iter_i = _check_optimize_result(
[I 2025-05-15 07:36:08,893] Trial 1 finished with value: 0.52 and parameters: {'C': 22.576755560681583, 'penalty': 'l2'}. Best is trial 0 with value: 0.6133333333333334.
[I 2025-05-15 07:36:08,907] Trial 2 finished with value: 0.6133333333333334 and parameters: {'C': 0.010804278656839932, 'penalty': 'l2'}. Best is trial 0 with value: 0.6133333333333334.
/data/home/rtabares/anaconda3/envs/pyth3.12/lib/python3.12/site-packages/sklearn/linear_model/_logistic.py:465: ConvergenceWarning: lbfgs failed to converge (status=1):
STOP: TOTAL NO. OF ITERATIONS REACHED LIMIT.

Increase the number of iterations (max_iter) or scale the data as shown in:
    https://scikit-learn.org/stable/modules/preprocessing.html
Please also refer to the documentation for alternative solver options:
    https://scikit-learn.org/stable/modules/linear_model.html#logistic-regression
  n_iter_i = _check_optimize_result(
/data/home/rtabares/anaconda3/envs/pyth3.12/lib/python3.12/site-packages/sklearn/linear_model/_logistic.py:465: ConvergenceWarning: lbfgs failed to converge (status=1):
STOP: TOTAL NO. OF ITERATIONS REACHED LIMIT.

Increase the number of iterations (max_iter) or scale the data as shown in:
    https://scikit-learn.org/stable/modules/preprocessing.html
Please also refer to the documentation for alternative solver options:
    https://scikit-learn.org/stable/modules/linear_model.html#logistic-regression
  n_iter_i = _check_optimize_result(
/data/home/rtabares/anaconda3/envs/pyth3.12/lib/python3.12/site-packages/sklearn/linear_model/_logistic.py:465: ConvergenceWarning: lbfgs failed to converge (status=1):
STOP: TOTAL NO. OF ITERATIONS REACHED LIMIT.

Increase the number of iterations (max_iter) or scale the data as shown in:
    https://scikit-learn.org/stable/modules/preprocessing.html
Please also refer to the documentation for alternative solver options:
    https://scikit-learn.org/stable/modules/linear_model.html#logistic-regression
  n_iter_i = _check_optimize_result(
/data/home/rtabares/anaconda3/envs/pyth3.12/lib/python3.12/site-packages/sklearn/linear_model/_logistic.py:465: ConvergenceWarning: lbfgs failed to converge (status=1):
STOP: TOTAL NO. OF ITERATIONS REACHED LIMIT.

Increase the number of iterations (max_iter) or scale the data as shown in:
    https://scikit-learn.org/stable/modules/preprocessing.html
Please also refer to the documentation for alternative solver options:
    https://scikit-learn.org/stable/modules/linear_model.html#logistic-regression
  n_iter_i = _check_optimize_result(
/data/home/rtabares/anaconda3/envs/pyth3.12/lib/python3.12/site-packages/sklearn/linear_model/_logistic.py:465: ConvergenceWarning: lbfgs failed to converge (status=1):
STOP: TOTAL NO. OF ITERATIONS REACHED LIMIT.

Increase the number of iterations (max_iter) or scale the data as shown in:
    https://scikit-learn.org/stable/modules/preprocessing.html
Please also refer to the documentation for alternative solver options:
    https://scikit-learn.org/stable/modules/linear_model.html#logistic-regression
  n_iter_i = _check_optimize_result(
[I 2025-05-15 07:36:08,962] Trial 3 finished with value: 0.52 and parameters: {'C': 39.17910760336117, 'penalty': 'l2'}. Best is trial 0 with value: 0.6133333333333334.
[I 2025-05-15 07:36:08,991] Trial 4 finished with value: 0.5433333333333333 and parameters: {'C': 0.2767298094062571, 'penalty': 'l2'}. Best is trial 0 with value: 0.6133333333333334.
[I 2025-05-15 07:36:09,036] Trial 5 finished with value: 0.56 and parameters: {'C': 1.1447728330837224, 'penalty': 'l2'}. Best is trial 0 with value: 0.6133333333333334.
/data/home/rtabares/anaconda3/envs/pyth3.12/lib/python3.12/site-packages/sklearn/linear_model/_logistic.py:465: ConvergenceWarning: lbfgs failed to converge (status=1):
STOP: TOTAL NO. OF ITERATIONS REACHED LIMIT.

Increase the number of iterations (max_iter) or scale the data as shown in:
    https://scikit-learn.org/stable/modules/preprocessing.html
Please also refer to the documentation for alternative solver options:
    https://scikit-learn.org/stable/modules/linear_model.html#logistic-regression
  n_iter_i = _check_optimize_result(
/data/home/rtabares/anaconda3/envs/pyth3.12/lib/python3.12/site-packages/sklearn/linear_model/_logistic.py:465: ConvergenceWarning: lbfgs failed to converge (status=1):
STOP: TOTAL NO. OF ITERATIONS REACHED LIMIT.

Increase the number of iterations (max_iter) or scale the data as shown in:
    https://scikit-learn.org/stable/modules/preprocessing.html
Please also refer to the documentation for alternative solver options:
    https://scikit-learn.org/stable/modules/linear_model.html#logistic-regression
  n_iter_i = _check_optimize_result(
[I 2025-05-15 07:36:09,102] Trial 6 finished with value: 0.54 and parameters: {'C': 6.753661388238877, 'penalty': 'l2'}. Best is trial 0 with value: 0.6133333333333334.
[I 2025-05-15 07:36:09,137] Trial 7 finished with value: 0.56 and parameters: {'C': 0.39092184460352974, 'penalty': 'l2'}. Best is trial 0 with value: 0.6133333333333334.
[I 2025-05-15 07:36:09,162] Trial 8 finished with value: 0.5933333333333333 and parameters: {'C': 0.03047912590082646, 'penalty': 'l2'}. Best is trial 0 with value: 0.6133333333333334.
[I 2025-05-15 07:36:09,187] Trial 9 finished with value: 0.6133333333333334 and parameters: {'C': 0.008681727362499118, 'penalty': 'l2'}. Best is trial 0 with value: 0.6133333333333334.
[I 2025-05-15 07:36:09,218] Trial 10 finished with value: 0.6533333333333333 and parameters: {'C': 0.0010146302597657177, 'penalty': 'l2'}. Best is trial 10 with value: 0.6533333333333333.
[I 2025-05-15 07:36:10,001] Trial 11 finished with value: 0.6533333333333333 and parameters: {'C': 0.0011115836709684572, 'penalty': 'l2'}. Best is trial 10 with value: 0.6533333333333333.
[I 2025-05-15 07:36:10,960] Trial 12 finished with value: 0.6333333333333333 and parameters: {'C': 0.001243356254442617, 'penalty': 'l2'}. Best is trial 10 with value: 0.6533333333333333.
[I 2025-05-15 07:36:10,985] Trial 13 finished with value: 0.6333333333333333 and parameters: {'C': 0.0016302790525623311, 'penalty': 'l2'}. Best is trial 10 with value: 0.6533333333333333.
[I 2025-05-15 07:36:11,008] Trial 14 finished with value: 0.6533333333333333 and parameters: {'C': 0.001002638109973618, 'penalty': 'l2'}. Best is trial 10 with value: 0.6533333333333333.
[I 2025-05-15 07:36:11,039] Trial 15 finished with value: 0.5966666666666667 and parameters: {'C': 0.08438830622291982, 'penalty': 'l2'}. Best is trial 10 with value: 0.6533333333333333.
[I 2025-05-15 07:36:11,068] Trial 16 finished with value: 0.63 and parameters: {'C': 0.0035823185600286542, 'penalty': 'l2'}. Best is trial 10 with value: 0.6533333333333333.
[I 2025-05-15 07:36:11,097] Trial 17 finished with value: 0.6133333333333333 and parameters: {'C': 0.0539882537577037, 'penalty': 'l2'}. Best is trial 10 with value: 0.6533333333333333.
[I 2025-05-15 07:36:11,117] Trial 18 finished with value: 0.63 and parameters: {'C': 0.004842952701647796, 'penalty': 'l2'}. Best is trial 10 with value: 0.6533333333333333.
[I 2025-05-15 07:36:11,157] Trial 19 finished with value: 0.5566666666666668 and parameters: {'C': 1.5764099874493993, 'penalty': 'l2'}. Best is trial 10 with value: 0.6533333333333333.
[I 2025-05-15 07:36:11,194] Trial 20 finished with value: 0.5933333333333333 and parameters: {'C': 0.028507283812150664, 'penalty': 'l2'}. Best is trial 10 with value: 0.6533333333333333.
[I 2025-05-15 07:36:11,222] Trial 21 finished with value: 0.6533333333333333 and parameters: {'C': 0.0010116181559057533, 'penalty': 'l2'}. Best is trial 10 with value: 0.6533333333333333.
[I 2025-05-15 07:36:11,253] Trial 22 finished with value: 0.6133333333333334 and parameters: {'C': 0.0029462115611624583, 'penalty': 'l2'}. Best is trial 10 with value: 0.6533333333333333.
[I 2025-05-15 07:36:11,272] Trial 23 finished with value: 0.63 and parameters: {'C': 0.0029850448597432493, 'penalty': 'l2'}. Best is trial 10 with value: 0.6533333333333333.
[I 2025-05-15 07:36:11,292] Trial 24 finished with value: 0.6533333333333333 and parameters: {'C': 0.0010101152704795153, 'penalty': 'l2'}. Best is trial 10 with value: 0.6533333333333333.
[I 2025-05-15 07:36:11,320] Trial 25 finished with value: 0.6133333333333334 and parameters: {'C': 0.007358272513423956, 'penalty': 'l2'}. Best is trial 10 with value: 0.6533333333333333.
[I 2025-05-15 07:36:11,350] Trial 26 finished with value: 0.5933333333333333 and parameters: {'C': 0.021100805440807256, 'penalty': 'l2'}. Best is trial 10 with value: 0.6533333333333333.
[I 2025-05-15 07:36:11,390] Trial 27 finished with value: 0.5800000000000001 and parameters: {'C': 0.11480877992415468, 'penalty': 'l2'}. Best is trial 10 with value: 0.6533333333333333.
[I 2025-05-15 07:36:11,409] Trial 28 finished with value: 0.6133333333333334 and parameters: {'C': 0.0018695190901885448, 'penalty': 'l2'}. Best is trial 10 with value: 0.6533333333333333.
[I 2025-05-15 07:36:11,438] Trial 29 finished with value: 0.6133333333333334 and parameters: {'C': 0.012459707192963257, 'penalty': 'l2'}. Best is trial 10 with value: 0.6533333333333333.
[I 2025-05-15 07:36:16,443] A new study created in memory with name: mlp
Parámetros guardados en checkpoint_default_Doriginal_H/k_center/IPC_27/best_models_k_center_seed_5_space_original/logreg_best_params.json


>>> Optuna tuning mlp metodo k_center IPC 27 seed 5


/data/home/rtabares/anaconda3/envs/pyth3.12/lib/python3.12/site-packages/sklearn/neural_network/_multilayer_perceptron.py:691: ConvergenceWarning: Stochastic Optimizer: Maximum iterations (50) reached and the optimization hasn't converged yet.
  warnings.warn(
/data/home/rtabares/anaconda3/envs/pyth3.12/lib/python3.12/site-packages/sklearn/neural_network/_multilayer_perceptron.py:691: ConvergenceWarning: Stochastic Optimizer: Maximum iterations (50) reached and the optimization hasn't converged yet.
  warnings.warn(
/data/home/rtabares/anaconda3/envs/pyth3.12/lib/python3.12/site-packages/sklearn/neural_network/_multilayer_perceptron.py:691: ConvergenceWarning: Stochastic Optimizer: Maximum iterations (50) reached and the optimization hasn't converged yet.
  warnings.warn(
/data/home/rtabares/anaconda3/envs/pyth3.12/lib/python3.12/site-packages/sklearn/neural_network/_multilayer_perceptron.py:691: ConvergenceWarning: Stochastic Optimizer: Maximum iterations (50) reached and the optimization hasn't converged yet.
  warnings.warn(
/data/home/rtabares/anaconda3/envs/pyth3.12/lib/python3.12/site-packages/sklearn/neural_network/_multilayer_perceptron.py:691: ConvergenceWarning: Stochastic Optimizer: Maximum iterations (50) reached and the optimization hasn't converged yet.
  warnings.warn(
[I 2025-05-15 07:36:19,929] Trial 0 finished with value: 0.35333333333333333 and parameters: {'hidden_layer_sizes': (200,), 'max_iter': 50, 'alpha': 0.001}. Best is trial 0 with value: 0.35333333333333333.
/data/home/rtabares/anaconda3/envs/pyth3.12/lib/python3.12/site-packages/sklearn/neural_network/_multilayer_perceptron.py:691: ConvergenceWarning: Stochastic Optimizer: Maximum iterations (100) reached and the optimization hasn't converged yet.
  warnings.warn(
/data/home/rtabares/anaconda3/envs/pyth3.12/lib/python3.12/site-packages/sklearn/neural_network/_multilayer_perceptron.py:691: ConvergenceWarning: Stochastic Optimizer: Maximum iterations (100) reached and the optimization hasn't converged yet.
  warnings.warn(
/data/home/rtabares/anaconda3/envs/pyth3.12/lib/python3.12/site-packages/sklearn/neural_network/_multilayer_perceptron.py:691: ConvergenceWarning: Stochastic Optimizer: Maximum iterations (100) reached and the optimization hasn't converged yet.
  warnings.warn(
/data/home/rtabares/anaconda3/envs/pyth3.12/lib/python3.12/site-packages/sklearn/neural_network/_multilayer_perceptron.py:691: ConvergenceWarning: Stochastic Optimizer: Maximum iterations (100) reached and the optimization hasn't converged yet.
  warnings.warn(
/data/home/rtabares/anaconda3/envs/pyth3.12/lib/python3.12/site-packages/sklearn/neural_network/_multilayer_perceptron.py:691: ConvergenceWarning: Stochastic Optimizer: Maximum iterations (100) reached and the optimization hasn't converged yet.
  warnings.warn(
