[I 2025-05-15 08:14:10,725] Trial 29 finished with value: 0.6361111111111111 and parameters: {'n_estimators': 149, 'max_depth': 10, 'min_samples_split': 5, 'min_samples_leaf': 9}. Best is trial 29 with value: 0.6361111111111111.
[I 2025-05-15 08:14:14,836] A new study created in memory with name: svc
Parámetros guardados en checkpoint_adult_Doriginal_G/k_center/IPC_43/best_models_k_center_seed_7_space_original/rf_best_params.json


>>> Optuna tuning svc metodo k_center IPC 43 seed 7


[I 2025-05-15 08:14:19,067] Trial 0 finished with value: 0.4444444444444445 and parameters: {'C': 0.020194502448102298, 'gamma': 0.13172711156111802}. Best is trial 0 with value: 0.4444444444444445.
[I 2025-05-15 08:14:19,419] Trial 1 finished with value: 0.44305555555555554 and parameters: {'C': 0.5670703311028815, 'gamma': 0.0783178418343345}. Best is trial 0 with value: 0.4444444444444445.
[I 2025-05-15 08:14:19,447] Trial 2 finished with value: 0.35138888888888886 and parameters: {'C': 81.65034948781698, 'gamma': 0.014255533717547383}. Best is trial 0 with value: 0.4444444444444445.
[I 2025-05-15 08:14:19,472] Trial 3 finished with value: 0.48888888888888893 and parameters: {'C': 1.0103732850016278, 'gamma': 0.00019418001640357854}. Best is trial 3 with value: 0.48888888888888893.
[I 2025-05-15 08:14:19,507] Trial 4 finished with value: 0.5111111111111111 and parameters: {'C': 0.11851025167261421, 'gamma': 0.00998918377985214}. Best is trial 4 with value: 0.5111111111111111.
[I 2025-05-15 08:14:19,533] Trial 5 finished with value: 0.2041666666666667 and parameters: {'C': 5.2109869371584665, 'gamma': 0.16404241128227343}. Best is trial 4 with value: 0.5111111111111111.
[I 2025-05-15 08:14:19,559] Trial 6 finished with value: 0.48888888888888893 and parameters: {'C': 0.3340138940215422, 'gamma': 0.00018354619576988685}. Best is trial 4 with value: 0.5111111111111111.
[I 2025-05-15 08:14:19,586] Trial 7 finished with value: 0.4111111111111111 and parameters: {'C': 0.1420961781588805, 'gamma': 0.434884682155233}. Best is trial 4 with value: 0.5111111111111111.
[I 2025-05-15 08:14:19,611] Trial 8 finished with value: 0.48888888888888893 and parameters: {'C': 0.07137422643361827, 'gamma': 0.006434219125545069}. Best is trial 4 with value: 0.5111111111111111.
[I 2025-05-15 08:14:19,635] Trial 9 finished with value: 0.5166666666666667 and parameters: {'C': 53.066944048916255, 'gamma': 0.00012577574840733457}. Best is trial 9 with value: 0.5166666666666667.
[I 2025-05-15 08:14:19,671] Trial 10 finished with value: 0.4569444444444444 and parameters: {'C': 60.75179295419671, 'gamma': 0.001366002544888146}. Best is trial 9 with value: 0.5166666666666667.
[I 2025-05-15 08:14:20,490] Trial 11 finished with value: 0.5166666666666667 and parameters: {'C': 4.325660574218245, 'gamma': 0.001613907601999132}. Best is trial 9 with value: 0.5166666666666667.
[I 2025-05-15 08:14:21,208] Trial 12 finished with value: 0.5041666666666667 and parameters: {'C': 9.022037507329372, 'gamma': 0.000807477724511086}. Best is trial 9 with value: 0.5166666666666667.
[I 2025-05-15 08:14:21,917] Trial 13 finished with value: 0.4805555555555555 and parameters: {'C': 11.757762049058291, 'gamma': 0.001134510541023359}. Best is trial 9 with value: 0.5166666666666667.
[I 2025-05-15 08:14:21,950] Trial 14 finished with value: 0.48888888888888893 and parameters: {'C': 2.9702714971830395, 'gamma': 0.00010769788202399392}. Best is trial 9 with value: 0.5166666666666667.
[I 2025-05-15 08:14:21,984] Trial 15 finished with value: 0.4805555555555555 and parameters: {'C': 28.006893866587735, 'gamma': 0.00047225764290676294}. Best is trial 9 with value: 0.5166666666666667.
[I 2025-05-15 08:14:22,009] Trial 16 finished with value: 0.5541666666666666 and parameters: {'C': 1.5302197592092557, 'gamma': 0.0034649010020166206}. Best is trial 16 with value: 0.5541666666666666.
[I 2025-05-15 08:14:22,047] Trial 17 finished with value: 0.4083333333333333 and parameters: {'C': 1.3602121817408015, 'gamma': 0.037845637530512864}. Best is trial 16 with value: 0.5541666666666666.
[I 2025-05-15 08:14:22,780] Trial 18 finished with value: 0.48888888888888893 and parameters: {'C': 0.01033667131066383, 'gamma': 0.0038719910387773945}. Best is trial 16 with value: 0.5541666666666666.
[I 2025-05-15 08:14:22,814] Trial 19 finished with value: 0.38611111111111107 and parameters: {'C': 19.08068295269806, 'gamma': 0.022736940783959488}. Best is trial 16 with value: 0.5541666666666666.
[I 2025-05-15 08:14:22,847] Trial 20 finished with value: 0.4569444444444444 and parameters: {'C': 32.99497225849168, 'gamma': 0.003139184990740136}. Best is trial 16 with value: 0.5541666666666666.
[I 2025-05-15 08:14:22,882] Trial 21 finished with value: 0.5583333333333333 and parameters: {'C': 2.8903595432651445, 'gamma': 0.0003804120794476975}. Best is trial 21 with value: 0.5583333333333333.
[I 2025-05-15 08:14:22,915] Trial 22 finished with value: 0.5583333333333333 and parameters: {'C': 2.306856651064914, 'gamma': 0.0004026883609020305}. Best is trial 21 with value: 0.5583333333333333.
[I 2025-05-15 08:14:23,825] Trial 23 finished with value: 0.5291666666666667 and parameters: {'C': 1.8190981628746485, 'gamma': 0.00036093542639447734}. Best is trial 21 with value: 0.5583333333333333.
[I 2025-05-15 08:14:23,862] Trial 24 finished with value: 0.48888888888888893 and parameters: {'C': 0.5332395265006282, 'gamma': 0.0004630624959830617}. Best is trial 21 with value: 0.5583333333333333.
[I 2025-05-15 08:14:23,896] Trial 25 finished with value: 0.5402777777777777 and parameters: {'C': 2.009737628096459, 'gamma': 0.0023127109328013075}. Best is trial 21 with value: 0.5583333333333333.
[I 2025-05-15 08:14:23,933] Trial 26 finished with value: 0.5583333333333333 and parameters: {'C': 7.236571226375042, 'gamma': 0.0003080193900399832}. Best is trial 21 with value: 0.5583333333333333.
[I 2025-05-15 08:14:23,969] Trial 27 finished with value: 0.5583333333333333 and parameters: {'C': 7.410089820705735, 'gamma': 0.00030029168793695995}. Best is trial 21 with value: 0.5583333333333333.
[I 2025-05-15 08:14:24,004] Trial 28 finished with value: 0.47916666666666663 and parameters: {'C': 14.29294173705709, 'gamma': 0.0007035545896750033}. Best is trial 21 with value: 0.5583333333333333.
[I 2025-05-15 08:14:24,038] Trial 29 finished with value: 0.5583333333333333 and parameters: {'C': 3.755347856311984, 'gamma': 0.00023556229905816097}. Best is trial 21 with value: 0.5583333333333333.
[I 2025-05-15 08:14:26,480] A new study created in memory with name: logreg
Parámetros guardados en checkpoint_adult_Doriginal_G/k_center/IPC_43/best_models_k_center_seed_7_space_original/svc_best_params.json


>>> Optuna tuning logreg metodo k_center IPC 43 seed 7


[I 2025-05-15 08:14:30,949] Trial 0 finished with value: 0.5541666666666666 and parameters: {'C': 0.002407362254570802, 'penalty': 'l2'}. Best is trial 0 with value: 0.5541666666666666.
[I 2025-05-15 08:14:31,569] Trial 1 finished with value: 0.4625 and parameters: {'C': 7.935859334260497, 'penalty': 'l2'}. Best is trial 0 with value: 0.5541666666666666.
[I 2025-05-15 08:14:31,596] Trial 2 finished with value: 0.5138888888888888 and parameters: {'C': 0.15561310098067915, 'penalty': 'l2'}. Best is trial 0 with value: 0.5541666666666666.
[I 2025-05-15 08:14:31,631] Trial 3 finished with value: 0.4652777777777778 and parameters: {'C': 4.143104515916128, 'penalty': 'l2'}. Best is trial 0 with value: 0.5541666666666666.
[I 2025-05-15 08:14:31,681] Trial 4 finished with value: 0.4458333333333333 and parameters: {'C': 77.61533923098803, 'penalty': 'l2'}. Best is trial 0 with value: 0.5541666666666666.
[I 2025-05-15 08:14:31,706] Trial 5 finished with value: 0.4930555555555555 and parameters: {'C': 0.49258292359934785, 'penalty': 'l2'}. Best is trial 0 with value: 0.5541666666666666.
[I 2025-05-15 08:14:31,731] Trial 6 finished with value: 0.4930555555555555 and parameters: {'C': 0.320333470047146, 'penalty': 'l2'}. Best is trial 0 with value: 0.5541666666666666.
[I 2025-05-15 08:14:31,756] Trial 7 finished with value: 0.5541666666666666 and parameters: {'C': 0.002292216671132896, 'penalty': 'l2'}. Best is trial 0 with value: 0.5541666666666666.
[I 2025-05-15 08:14:31,780] Trial 8 finished with value: 0.5486111111111112 and parameters: {'C': 0.0219884643872214, 'penalty': 'l2'}. Best is trial 0 with value: 0.5541666666666666.
[I 2025-05-15 08:14:31,804] Trial 9 finished with value: 0.4930555555555555 and parameters: {'C': 0.31580027519646636, 'penalty': 'l2'}. Best is trial 0 with value: 0.5541666666666666.
[I 2025-05-15 08:14:31,835] Trial 10 finished with value: 0.5402777777777777 and parameters: {'C': 0.005028545732690317, 'penalty': 'l2'}. Best is trial 0 with value: 0.5541666666666666.
[I 2025-05-15 08:14:31,866] Trial 11 finished with value: 0.5319444444444443 and parameters: {'C': 0.0016548464731937077, 'penalty': 'l2'}. Best is trial 0 with value: 0.5541666666666666.
[I 2025-05-15 08:14:32,625] Trial 12 finished with value: 0.548611111111111 and parameters: {'C': 0.014451446556771878, 'penalty': 'l2'}. Best is trial 0 with value: 0.5541666666666666.
[I 2025-05-15 08:14:33,352] Trial 13 finished with value: 0.5430555555555555 and parameters: {'C': 0.001233537603892314, 'penalty': 'l2'}. Best is trial 0 with value: 0.5541666666666666.
[I 2025-05-15 08:14:33,392] Trial 14 finished with value: 0.548611111111111 and parameters: {'C': 0.03728878420522916, 'penalty': 'l2'}. Best is trial 0 with value: 0.5541666666666666.
[I 2025-05-15 08:14:33,422] Trial 15 finished with value: 0.5402777777777777 and parameters: {'C': 0.005056056930693048, 'penalty': 'l2'}. Best is trial 0 with value: 0.5541666666666666.
[I 2025-05-15 08:14:33,453] Trial 16 finished with value: 0.5138888888888888 and parameters: {'C': 0.06105325603408848, 'penalty': 'l2'}. Best is trial 0 with value: 0.5541666666666666.
[I 2025-05-15 08:14:33,474] Trial 17 finished with value: 0.5625 and parameters: {'C': 0.005932663642969973, 'penalty': 'l2'}. Best is trial 17 with value: 0.5625.
[I 2025-05-15 08:14:34,334] Trial 18 finished with value: 0.55 and parameters: {'C': 0.006845233415122462, 'penalty': 'l2'}. Best is trial 17 with value: 0.5625.
[I 2025-05-15 08:14:34,368] Trial 19 finished with value: 0.4916666666666666 and parameters: {'C': 2.158281312782233, 'penalty': 'l2'}. Best is trial 17 with value: 0.5625.
[I 2025-05-15 08:14:34,398] Trial 20 finished with value: 0.5138888888888888 and parameters: {'C': 0.07533242500040803, 'penalty': 'l2'}. Best is trial 17 with value: 0.5625.
[I 2025-05-15 08:14:35,260] Trial 21 finished with value: 0.5430555555555555 and parameters: {'C': 0.0010259512611901008, 'penalty': 'l2'}. Best is trial 17 with value: 0.5625.
[I 2025-05-15 08:14:35,290] Trial 22 finished with value: 0.5291666666666667 and parameters: {'C': 0.003800963737110666, 'penalty': 'l2'}. Best is trial 17 with value: 0.5625.
[I 2025-05-15 08:14:35,320] Trial 23 finished with value: 0.5388888888888889 and parameters: {'C': 0.00945879753368109, 'penalty': 'l2'}. Best is trial 17 with value: 0.5625.
[I 2025-05-15 08:14:35,352] Trial 24 finished with value: 0.5527777777777778 and parameters: {'C': 0.002917210280291227, 'penalty': 'l2'}. Best is trial 17 with value: 0.5625.
[I 2025-05-15 08:14:35,384] Trial 25 finished with value: 0.5388888888888889 and parameters: {'C': 0.01264173037852282, 'penalty': 'l2'}. Best is trial 17 with value: 0.5625.
[I 2025-05-15 08:14:35,416] Trial 26 finished with value: 0.5541666666666666 and parameters: {'C': 0.0024170525461325947, 'penalty': 'l2'}. Best is trial 17 with value: 0.5625.
[I 2025-05-15 08:14:35,438] Trial 27 finished with value: 0.5375 and parameters: {'C': 0.03252256495764886, 'penalty': 'l2'}. Best is trial 17 with value: 0.5625.
[I 2025-05-15 08:14:35,469] Trial 28 finished with value: 0.5541666666666666 and parameters: {'C': 0.0024318454248036863, 'penalty': 'l2'}. Best is trial 17 with value: 0.5625.
[I 2025-05-15 08:14:35,499] Trial 29 finished with value: 0.46805555555555556 and parameters: {'C': 0.7706826891952454, 'penalty': 'l2'}. Best is trial 17 with value: 0.5625.
[I 2025-05-15 08:14:41,196] A new study created in memory with name: mlp
Parámetros guardados en checkpoint_adult_Doriginal_G/k_center/IPC_43/best_models_k_center_seed_7_space_original/logreg_best_params.json


>>> Optuna tuning mlp metodo k_center IPC 43 seed 7


/data/home/rtabares/anaconda3/envs/pyth3.12/lib/python3.12/site-packages/sklearn/neural_network/_multilayer_perceptron.py:691: ConvergenceWarning: Stochastic Optimizer: Maximum iterations (100) reached and the optimization hasn't converged yet.
  warnings.warn(
/data/home/rtabares/anaconda3/envs/pyth3.12/lib/python3.12/site-packages/sklearn/neural_network/_multilayer_perceptron.py:691: ConvergenceWarning: Stochastic Optimizer: Maximum iterations (100) reached and the optimization hasn't converged yet.
  warnings.warn(
/data/home/rtabares/anaconda3/envs/pyth3.12/lib/python3.12/site-packages/sklearn/neural_network/_multilayer_perceptron.py:691: ConvergenceWarning: Stochastic Optimizer: Maximum iterations (100) reached and the optimization hasn't converged yet.
  warnings.warn(
/data/home/rtabares/anaconda3/envs/pyth3.12/lib/python3.12/site-packages/sklearn/neural_network/_multilayer_perceptron.py:691: ConvergenceWarning: Stochastic Optimizer: Maximum iterations (100) reached and the optimization hasn't converged yet.
  warnings.warn(
/data/home/rtabares/anaconda3/envs/pyth3.12/lib/python3.12/site-packages/sklearn/neural_network/_multilayer_perceptron.py:691: ConvergenceWarning: Stochastic Optimizer: Maximum iterations (100) reached and the optimization hasn't converged yet.
  warnings.warn(
[I 2025-05-15 08:14:44,036] Trial 0 finished with value: 0.4194444444444444 and parameters: {'hidden_layer_sizes': (200,), 'max_iter': 100, 'alpha': 0.0001}. Best is trial 0 with value: 0.4194444444444444.
/data/home/rtabares/anaconda3/envs/pyth3.12/lib/python3.12/site-packages/sklearn/neural_network/_multilayer_perceptron.py:691: ConvergenceWarning: Stochastic Optimizer: Maximum iterations (100) reached and the optimization hasn't converged yet.
  warnings.warn(
/data/home/rtabares/anaconda3/envs/pyth3.12/lib/python3.12/site-packages/sklearn/neural_network/_multilayer_perceptron.py:691: ConvergenceWarning: Stochastic Optimizer: Maximum iterations (100) reached and the optimization hasn't converged yet.
  warnings.warn(
/data/home/rtabares/anaconda3/envs/pyth3.12/lib/python3.12/site-packages/sklearn/neural_network/_multilayer_perceptron.py:691: ConvergenceWarning: Stochastic Optimizer: Maximum iterations (100) reached and the optimization hasn't converged yet.
  warnings.warn(
/data/home/rtabares/anaconda3/envs/pyth3.12/lib/python3.12/site-packages/sklearn/neural_network/_multilayer_perceptron.py:691: ConvergenceWarning: Stochastic Optimizer: Maximum iterations (100) reached and the optimization hasn't converged yet.
  warnings.warn(
/data/home/rtabares/anaconda3/envs/pyth3.12/lib/python3.12/site-packages/sklearn/neural_network/_multilayer_perceptron.py:691: ConvergenceWarning: Stochastic Optimizer: Maximum iterations (100) reached and the optimization hasn't converged yet.
  warnings.warn(
[I 2025-05-15 08:14:44,405] Trial 1 finished with value: 0.4097222222222222 and parameters: {'hidden_layer_sizes': (100, 100), 'max_iter': 100, 'alpha': 0.0001}. Best is trial 0 with value: 0.4194444444444444.
/data/home/rtabares/anaconda3/envs/pyth3.12/lib/python3.12/site-packages/sklearn/neural_network/_multilayer_perceptron.py:691: ConvergenceWarning: Stochastic Optimizer: Maximum iterations (100) reached and the optimization hasn't converged yet.
  warnings.warn(
/data/home/rtabares/anaconda3/envs/pyth3.12/lib/python3.12/site-packages/sklearn/neural_network/_multilayer_perceptron.py:691: ConvergenceWarning: Stochastic Optimizer: Maximum iterations (100) reached and the optimization hasn't converged yet.
  warnings.warn(
/data/home/rtabares/anaconda3/envs/pyth3.12/lib/python3.12/site-packages/sklearn/neural_network/_multilayer_perceptron.py:691: ConvergenceWarning: Stochastic Optimizer: Maximum iterations (100) reached and the optimization hasn't converged yet.
  warnings.warn(
/data/home/rtabares/anaconda3/envs/pyth3.12/lib/python3.12/site-packages/sklearn/neural_network/_multilayer_perceptron.py:691: ConvergenceWarning: Stochastic Optimizer: Maximum iterations (100) reached and the optimization hasn't converged yet.
  warnings.warn(
/data/home/rtabares/anaconda3/envs/pyth3.12/lib/python3.12/site-packages/sklearn/neural_network/_multilayer_perceptron.py:691: ConvergenceWarning: Stochastic Optimizer: Maximum iterations (100) reached and the optimization hasn't converged yet.
  warnings.warn(
[I 2025-05-15 08:14:44,565] Trial 2 finished with value: 0.4305555555555555 and parameters: {'hidden_layer_sizes': (200,), 'max_iter': 100, 'alpha': 0.001}. Best is trial 2 with value: 0.4305555555555555.
/data/home/rtabares/anaconda3/envs/pyth3.12/lib/python3.12/site-packages/sklearn/neural_network/_multilayer_perceptron.py:691: ConvergenceWarning: Stochastic Optimizer: Maximum iterations (50) reached and the optimization hasn't converged yet.
  warnings.warn(
/data/home/rtabares/anaconda3/envs/pyth3.12/lib/python3.12/site-packages/sklearn/neural_network/_multilayer_perceptron.py:691: ConvergenceWarning: Stochastic Optimizer: Maximum iterations (50) reached and the optimization hasn't converged yet.
  warnings.warn(
/data/home/rtabares/anaconda3/envs/pyth3.12/lib/python3.12/site-packages/sklearn/neural_network/_multilayer_perceptron.py:691: ConvergenceWarning: Stochastic Optimizer: Maximum iterations (50) reached and the optimization hasn't converged yet.
  warnings.warn(
/data/home/rtabares/anaconda3/envs/pyth3.12/lib/python3.12/site-packages/sklearn/neural_network/_multilayer_perceptron.py:691: ConvergenceWarning: Stochastic Optimizer: Maximum iterations (50) reached and the optimization hasn't converged yet.
  warnings.warn(
/data/home/rtabares/anaconda3/envs/pyth3.12/lib/python3.12/site-packages/sklearn/neural_network/_multilayer_perceptron.py:691: ConvergenceWarning: Stochastic Optimizer: Maximum iterations (50) reached and the optimization hasn't converged yet.
  warnings.warn(
[I 2025-05-15 08:14:44,631] Trial 3 finished with value: 0.44305555555555554 and parameters: {'hidden_layer_sizes': (100,), 'max_iter': 50, 'alpha': 0.001}. Best is trial 3 with value: 0.44305555555555554.
/data/home/rtabares/anaconda3/envs/pyth3.12/lib/python3.12/site-packages/sklearn/neural_network/_multilayer_perceptron.py:691: ConvergenceWarning: Stochastic Optimizer: Maximum iterations (50) reached and the optimization hasn't converged yet.
  warnings.warn(
/data/home/rtabares/anaconda3/envs/pyth3.12/lib/python3.12/site-packages/sklearn/neural_network/_multilayer_perceptron.py:691: ConvergenceWarning: Stochastic Optimizer: Maximum iterations (50) reached and the optimization hasn't converged yet.
  warnings.warn(
/data/home/rtabares/anaconda3/envs/pyth3.12/lib/python3.12/site-packages/sklearn/neural_network/_multilayer_perceptron.py:691: ConvergenceWarning: Stochastic Optimizer: Maximum iterations (50) reached and the optimization hasn't converged yet.
  warnings.warn(
/data/home/rtabares/anaconda3/envs/pyth3.12/lib/python3.12/site-packages/sklearn/neural_network/_multilayer_perceptron.py:691: ConvergenceWarning: Stochastic Optimizer: Maximum iterations (50) reached and the optimization hasn't converged yet.
  warnings.warn(
/data/home/rtabares/anaconda3/envs/pyth3.12/lib/python3.12/site-packages/sklearn/neural_network/_multilayer_perceptron.py:691: ConvergenceWarning: Stochastic Optimizer: Maximum iterations (50) reached and the optimization hasn't converged yet.
  warnings.warn(
[I 2025-05-15 08:14:44,697] Trial 4 finished with value: 0.44305555555555554 and parameters: {'hidden_layer_sizes': (100,), 'max_iter': 50, 'alpha': 0.0001}. Best is trial 3 with value: 0.44305555555555554.
/data/home/rtabares/anaconda3/envs/pyth3.12/lib/python3.12/site-packages/sklearn/neural_network/_multilayer_perceptron.py:691: ConvergenceWarning: Stochastic Optimizer: Maximum iterations (50) reached and the optimization hasn't converged yet.
  warnings.warn(
/data/home/rtabares/anaconda3/envs/pyth3.12/lib/python3.12/site-packages/sklearn/neural_network/_multilayer_perceptron.py:691: ConvergenceWarning: Stochastic Optimizer: Maximum iterations (50) reached and the optimization hasn't converged yet.
  warnings.warn(
/data/home/rtabares/anaconda3/envs/pyth3.12/lib/python3.12/site-packages/sklearn/neural_network/_multilayer_perceptron.py:691: ConvergenceWarning: Stochastic Optimizer: Maximum iterations (50) reached and the optimization hasn't converged yet.
  warnings.warn(
/data/home/rtabares/anaconda3/envs/pyth3.12/lib/python3.12/site-packages/sklearn/neural_network/_multilayer_perceptron.py:691: ConvergenceWarning: Stochastic Optimizer: Maximum iterations (50) reached and the optimization hasn't converged yet.
  warnings.warn(
/data/home/rtabares/anaconda3/envs/pyth3.12/lib/python3.12/site-packages/sklearn/neural_network/_multilayer_perceptron.py:691: ConvergenceWarning: Stochastic Optimizer: Maximum iterations (50) reached and the optimization hasn't converged yet.
  warnings.warn(
