[I 2025-05-15 07:57:47,293] Trial 6 finished with value: 0.9777777777777779 and parameters: {'n_estimators': 40, 'max_depth': 20, 'gamma': 0.8967376717636345, 'subsample': 0.988276510203839, 'colsample_bytree': 0.9184542964535913}. Best is trial 1 with value: 0.9777777777777779.
/data/home/rtabares/anaconda3/envs/pyth3.12/lib/python3.12/site-packages/xgboost/core.py:377: FutureWarning: Your system has an old version of glibc (< 2.28). We will stop supporting Linux distros with glibc older than 2.28 after **May 31, 2025**. Please upgrade to a recent Linux distro (with glibc >= 2.28) to use future versions of XGBoost.
Note: You have installed the 'manylinux2014' variant of XGBoost. Certain features such as GPU algorithms or federated learning are not available. To use these features, please upgrade to a recent Linux distro with glibc 2.28+, and install the 'manylinux_2_28' variant.
  warnings.warn(
/data/home/rtabares/anaconda3/envs/pyth3.12/lib/python3.12/site-packages/xgboost/core.py:377: FutureWarning: Your system has an old version of glibc (< 2.28). We will stop supporting Linux distros with glibc older than 2.28 after **May 31, 2025**. Please upgrade to a recent Linux distro (with glibc >= 2.28) to use future versions of XGBoost.
Note: You have installed the 'manylinux2014' variant of XGBoost. Certain features such as GPU algorithms or federated learning are not available. To use these features, please upgrade to a recent Linux distro with glibc 2.28+, and install the 'manylinux_2_28' variant.
  warnings.warn(
/data/home/rtabares/anaconda3/envs/pyth3.12/lib/python3.12/site-packages/xgboost/core.py:377: FutureWarning: Your system has an old version of glibc (< 2.28). We will stop supporting Linux distros with glibc older than 2.28 after **May 31, 2025**. Please upgrade to a recent Linux distro (with glibc >= 2.28) to use future versions of XGBoost.
Note: You have installed the 'manylinux2014' variant of XGBoost. Certain features such as GPU algorithms or federated learning are not available. To use these features, please upgrade to a recent Linux distro with glibc 2.28+, and install the 'manylinux_2_28' variant.
  warnings.warn(
/data/home/rtabares/anaconda3/envs/pyth3.12/lib/python3.12/site-packages/xgboost/core.py:377: FutureWarning: Your system has an old version of glibc (< 2.28). We will stop supporting Linux distros with glibc older than 2.28 after **May 31, 2025**. Please upgrade to a recent Linux distro (with glibc >= 2.28) to use future versions of XGBoost.
Note: You have installed the 'manylinux2014' variant of XGBoost. Certain features such as GPU algorithms or federated learning are not available. To use these features, please upgrade to a recent Linux distro with glibc 2.28+, and install the 'manylinux_2_28' variant.
  warnings.warn(
[I 2025-05-15 07:57:47,400] Trial 7 finished with value: 0.9777777777777779 and parameters: {'n_estimators': 40, 'max_depth': 30, 'gamma': 0.7149068474388774, 'subsample': 0.5696358027454862, 'colsample_bytree': 0.8514125286992056}. Best is trial 1 with value: 0.9777777777777779.
/data/home/rtabares/anaconda3/envs/pyth3.12/lib/python3.12/site-packages/xgboost/core.py:377: FutureWarning: Your system has an old version of glibc (< 2.28). We will stop supporting Linux distros with glibc older than 2.28 after **May 31, 2025**. Please upgrade to a recent Linux distro (with glibc >= 2.28) to use future versions of XGBoost.
Note: You have installed the 'manylinux2014' variant of XGBoost. Certain features such as GPU algorithms or federated learning are not available. To use these features, please upgrade to a recent Linux distro with glibc 2.28+, and install the 'manylinux_2_28' variant.
  warnings.warn(
[I 2025-05-15 07:57:47,457] Trial 8 finished with value: 0.9541666666666666 and parameters: {'n_estimators': 100, 'max_depth': 30, 'gamma': 0.2471398756881566, 'subsample': 0.8241126205332553, 'colsample_bytree': 0.6258070715852391}. Best is trial 1 with value: 0.9777777777777779.
/data/home/rtabares/anaconda3/envs/pyth3.12/lib/python3.12/site-packages/xgboost/core.py:377: FutureWarning: Your system has an old version of glibc (< 2.28). We will stop supporting Linux distros with glibc older than 2.28 after **May 31, 2025**. Please upgrade to a recent Linux distro (with glibc >= 2.28) to use future versions of XGBoost.
Note: You have installed the 'manylinux2014' variant of XGBoost. Certain features such as GPU algorithms or federated learning are not available. To use these features, please upgrade to a recent Linux distro with glibc 2.28+, and install the 'manylinux_2_28' variant.
  warnings.warn(
/data/home/rtabares/anaconda3/envs/pyth3.12/lib/python3.12/site-packages/xgboost/core.py:377: FutureWarning: Your system has an old version of glibc (< 2.28). We will stop supporting Linux distros with glibc older than 2.28 after **May 31, 2025**. Please upgrade to a recent Linux distro (with glibc >= 2.28) to use future versions of XGBoost.
Note: You have installed the 'manylinux2014' variant of XGBoost. Certain features such as GPU algorithms or federated learning are not available. To use these features, please upgrade to a recent Linux distro with glibc 2.28+, and install the 'manylinux_2_28' variant.
  warnings.warn(
[I 2025-05-15 07:57:47,544] Trial 9 finished with value: 0.9888888888888889 and parameters: {'n_estimators': 40, 'max_depth': 30, 'gamma': 0.8599846034069103, 'subsample': 0.8019332783535529, 'colsample_bytree': 0.7936068454878676}. Best is trial 9 with value: 0.9888888888888889.
/data/home/rtabares/anaconda3/envs/pyth3.12/lib/python3.12/site-packages/xgboost/core.py:377: FutureWarning: Your system has an old version of glibc (< 2.28). We will stop supporting Linux distros with glibc older than 2.28 after **May 31, 2025**. Please upgrade to a recent Linux distro (with glibc >= 2.28) to use future versions of XGBoost.
Note: You have installed the 'manylinux2014' variant of XGBoost. Certain features such as GPU algorithms or federated learning are not available. To use these features, please upgrade to a recent Linux distro with glibc 2.28+, and install the 'manylinux_2_28' variant.
  warnings.warn(
[I 2025-05-15 07:57:47,618] Trial 10 finished with value: 0.9430555555555555 and parameters: {'n_estimators': 40, 'max_depth': 5, 'gamma': 0.11132541504315885, 'subsample': 0.6678536562380861, 'colsample_bytree': 0.827775633581437}. Best is trial 9 with value: 0.9888888888888889.
/data/home/rtabares/anaconda3/envs/pyth3.12/lib/python3.12/site-packages/xgboost/core.py:377: FutureWarning: Your system has an old version of glibc (< 2.28). We will stop supporting Linux distros with glibc older than 2.28 after **May 31, 2025**. Please upgrade to a recent Linux distro (with glibc >= 2.28) to use future versions of XGBoost.
Note: You have installed the 'manylinux2014' variant of XGBoost. Certain features such as GPU algorithms or federated learning are not available. To use these features, please upgrade to a recent Linux distro with glibc 2.28+, and install the 'manylinux_2_28' variant.
  warnings.warn(
/data/home/rtabares/anaconda3/envs/pyth3.12/lib/python3.12/site-packages/xgboost/core.py:377: FutureWarning: Your system has an old version of glibc (< 2.28). We will stop supporting Linux distros with glibc older than 2.28 after **May 31, 2025**. Please upgrade to a recent Linux distro (with glibc >= 2.28) to use future versions of XGBoost.
Note: You have installed the 'manylinux2014' variant of XGBoost. Certain features such as GPU algorithms or federated learning are not available. To use these features, please upgrade to a recent Linux distro with glibc 2.28+, and install the 'manylinux_2_28' variant.
  warnings.warn(
[I 2025-05-15 07:57:47,732] Trial 11 finished with value: 0.9888888888888889 and parameters: {'n_estimators': 100, 'max_depth': 30, 'gamma': 0.9681903397412062, 'subsample': 0.8920930480425775, 'colsample_bytree': 0.7810604068296334}. Best is trial 9 with value: 0.9888888888888889.
[I 2025-05-15 07:57:47,791] Trial 12 finished with value: 0.9777777777777779 and parameters: {'n_estimators': 100, 'max_depth': 30, 'gamma': 0.8732846633455453, 'subsample': 0.8625403834633685, 'colsample_bytree': 0.9715083346653923}. Best is trial 9 with value: 0.9888888888888889.
/data/home/rtabares/anaconda3/envs/pyth3.12/lib/python3.12/site-packages/xgboost/core.py:377: FutureWarning: Your system has an old version of glibc (< 2.28). We will stop supporting Linux distros with glibc older than 2.28 after **May 31, 2025**. Please upgrade to a recent Linux distro (with glibc >= 2.28) to use future versions of XGBoost.
Note: You have installed the 'manylinux2014' variant of XGBoost. Certain features such as GPU algorithms or federated learning are not available. To use these features, please upgrade to a recent Linux distro with glibc 2.28+, and install the 'manylinux_2_28' variant.
  warnings.warn(
/data/home/rtabares/anaconda3/envs/pyth3.12/lib/python3.12/site-packages/xgboost/core.py:377: FutureWarning: Your system has an old version of glibc (< 2.28). We will stop supporting Linux distros with glibc older than 2.28 after **May 31, 2025**. Please upgrade to a recent Linux distro (with glibc >= 2.28) to use future versions of XGBoost.
Note: You have installed the 'manylinux2014' variant of XGBoost. Certain features such as GPU algorithms or federated learning are not available. To use these features, please upgrade to a recent Linux distro with glibc 2.28+, and install the 'manylinux_2_28' variant.
  warnings.warn(
[I 2025-05-15 07:57:49,890] Trial 13 finished with value: 0.9777777777777779 and parameters: {'n_estimators': 100, 'max_depth': 5, 'gamma': 0.9868829418399574, 'subsample': 0.9211942790727572, 'colsample_bytree': 0.815479657978966}. Best is trial 9 with value: 0.9888888888888889.
[I 2025-05-15 07:57:50,010] Trial 14 finished with value: 0.9777777777777779 and parameters: {'n_estimators': 100, 'max_depth': 30, 'gamma': 0.8505855306258969, 'subsample': 0.8787632967837522, 'colsample_bytree': 0.5013541727082262}. Best is trial 9 with value: 0.9888888888888889.
/data/home/rtabares/anaconda3/envs/pyth3.12/lib/python3.12/site-packages/xgboost/core.py:377: FutureWarning: Your system has an old version of glibc (< 2.28). We will stop supporting Linux distros with glibc older than 2.28 after **May 31, 2025**. Please upgrade to a recent Linux distro (with glibc >= 2.28) to use future versions of XGBoost.
Note: You have installed the 'manylinux2014' variant of XGBoost. Certain features such as GPU algorithms or federated learning are not available. To use these features, please upgrade to a recent Linux distro with glibc 2.28+, and install the 'manylinux_2_28' variant.
  warnings.warn(
[I 2025-05-15 07:57:51,644] Trial 15 finished with value: 0.9777777777777779 and parameters: {'n_estimators': 40, 'max_depth': 30, 'gamma': 0.6230027815564516, 'subsample': 0.7231081299057032, 'colsample_bytree': 0.7970799657003559}. Best is trial 9 with value: 0.9888888888888889.
[I 2025-05-15 07:57:51,742] Trial 16 finished with value: 0.9777777777777779 and parameters: {'n_estimators': 100, 'max_depth': 5, 'gamma': 0.7946172319952307, 'subsample': 0.6537768723375924, 'colsample_bytree': 0.9069142615918904}. Best is trial 9 with value: 0.9888888888888889.
[I 2025-05-15 07:57:51,798] Trial 17 finished with value: 0.9555555555555555 and parameters: {'n_estimators': 40, 'max_depth': 30, 'gamma': 0.4579451542644438, 'subsample': 0.5053007952589881, 'colsample_bytree': 0.7886671781183852}. Best is trial 9 with value: 0.9888888888888889.
/data/home/rtabares/anaconda3/envs/pyth3.12/lib/python3.12/site-packages/xgboost/core.py:377: FutureWarning: Your system has an old version of glibc (< 2.28). We will stop supporting Linux distros with glibc older than 2.28 after **May 31, 2025**. Please upgrade to a recent Linux distro (with glibc >= 2.28) to use future versions of XGBoost.
Note: You have installed the 'manylinux2014' variant of XGBoost. Certain features such as GPU algorithms or federated learning are not available. To use these features, please upgrade to a recent Linux distro with glibc 2.28+, and install the 'manylinux_2_28' variant.
  warnings.warn(
[I 2025-05-15 07:57:52,767] Trial 18 finished with value: 0.9777777777777779 and parameters: {'n_estimators': 100, 'max_depth': 30, 'gamma': 0.9249623180115628, 'subsample': 0.9348931810415864, 'colsample_bytree': 0.6367869208150398}. Best is trial 9 with value: 0.9888888888888889.
/data/home/rtabares/anaconda3/envs/pyth3.12/lib/python3.12/site-packages/xgboost/core.py:377: FutureWarning: Your system has an old version of glibc (< 2.28). We will stop supporting Linux distros with glibc older than 2.28 after **May 31, 2025**. Please upgrade to a recent Linux distro (with glibc >= 2.28) to use future versions of XGBoost.
Note: You have installed the 'manylinux2014' variant of XGBoost. Certain features such as GPU algorithms or federated learning are not available. To use these features, please upgrade to a recent Linux distro with glibc 2.28+, and install the 'manylinux_2_28' variant.
  warnings.warn(
[I 2025-05-15 07:57:54,041] Trial 19 finished with value: 0.9777777777777779 and parameters: {'n_estimators': 40, 'max_depth': 30, 'gamma': 0.7951955466181859, 'subsample': 0.8341019457620632, 'colsample_bytree': 0.9897388649997365}. Best is trial 9 with value: 0.9888888888888889.
[I 2025-05-15 07:57:54,140] Trial 20 finished with value: 0.9777777777777779 and parameters: {'n_estimators': 100, 'max_depth': 5, 'gamma': 0.6397877373108088, 'subsample': 0.7770601484710324, 'colsample_bytree': 0.76159124372417}. Best is trial 9 with value: 0.9888888888888889.
[I 2025-05-15 07:57:54,237] Trial 21 finished with value: 0.9666666666666666 and parameters: {'n_estimators': 100, 'max_depth': 30, 'gamma': 0.9718026494769659, 'subsample': 0.9146046506553885, 'colsample_bytree': 0.6917009002496735}. Best is trial 9 with value: 0.9888888888888889.
[I 2025-05-15 07:57:54,318] Trial 22 finished with value: 0.9777777777777779 and parameters: {'n_estimators': 100, 'max_depth': 30, 'gamma': 0.9736933094603699, 'subsample': 0.8777539658653588, 'colsample_bytree': 0.7054992732697185}. Best is trial 9 with value: 0.9888888888888889.
[I 2025-05-15 07:57:54,376] Trial 23 finished with value: 0.9777777777777779 and parameters: {'n_estimators': 100, 'max_depth': 30, 'gamma': 0.8352611060308003, 'subsample': 0.8407866848712171, 'colsample_bytree': 0.7632604410962855}. Best is trial 9 with value: 0.9888888888888889.
[I 2025-05-15 07:57:54,466] Trial 24 finished with value: 0.9777777777777779 and parameters: {'n_estimators': 100, 'max_depth': 30, 'gamma': 0.9919774507848224, 'subsample': 0.953502541135708, 'colsample_bytree': 0.88475796014526}. Best is trial 9 with value: 0.9888888888888889.
[I 2025-05-15 07:57:54,512] Trial 25 finished with value: 0.9777777777777779 and parameters: {'n_estimators': 40, 'max_depth': 30, 'gamma': 0.9120470008843172, 'subsample': 0.891780908321606, 'colsample_bytree': 0.6593747269153901}. Best is trial 9 with value: 0.9888888888888889.
[I 2025-05-15 07:57:54,573] Trial 26 finished with value: 0.9888888888888889 and parameters: {'n_estimators': 100, 'max_depth': 30, 'gamma': 0.7822617185561981, 'subsample': 0.9590541847875798, 'colsample_bytree': 0.5781119770746594}. Best is trial 9 with value: 0.9888888888888889.
[I 2025-05-15 07:57:54,656] Trial 27 finished with value: 0.9888888888888889 and parameters: {'n_estimators': 100, 'max_depth': 30, 'gamma': 0.7705531638811871, 'subsample': 0.9640091529105618, 'colsample_bytree': 0.5771441505607974}. Best is trial 9 with value: 0.9888888888888889.
[I 2025-05-15 07:57:54,721] Trial 28 finished with value: 0.9430555555555555 and parameters: {'n_estimators': 10, 'max_depth': 5, 'gamma': 0.6688964021373216, 'subsample': 0.799638969879037, 'colsample_bytree': 0.5062093146316657}. Best is trial 9 with value: 0.9888888888888889.
[I 2025-05-15 07:57:54,766] Trial 29 finished with value: 0.9777777777777779 and parameters: {'n_estimators': 40, 'max_depth': 30, 'gamma': 0.8305901053122808, 'subsample': 0.7198154761090511, 'colsample_bytree': 0.5704511120054834}. Best is trial 9 with value: 0.9888888888888889.
[I 2025-05-15 07:58:22,102] A new study created in memory with name: rf
Parámetros guardados en checkpoint_adult_Doriginal_G/lc/IPC_43/best_models_lc_seed_6_space_original/xgb_best_params.json


>>> Optuna tuning rf metodo lc IPC 43 seed 6


[I 2025-05-15 07:58:24,616] Trial 0 finished with value: 0.9319444444444445 and parameters: {'n_estimators': 458, 'max_depth': 8, 'min_samples_split': 9, 'min_samples_leaf': 1}. Best is trial 0 with value: 0.9319444444444445.
[I 2025-05-15 07:58:25,050] Trial 1 finished with value: 0.9319444444444445 and parameters: {'n_estimators': 143, 'max_depth': 13, 'min_samples_split': 6, 'min_samples_leaf': 5}. Best is trial 0 with value: 0.9319444444444445.
[I 2025-05-15 07:58:25,540] Trial 2 finished with value: 0.9319444444444445 and parameters: {'n_estimators': 234, 'max_depth': 14, 'min_samples_split': 5, 'min_samples_leaf': 8}. Best is trial 0 with value: 0.9319444444444445.
[I 2025-05-15 07:58:26,251] Trial 3 finished with value: 0.9194444444444445 and parameters: {'n_estimators': 307, 'max_depth': 13, 'min_samples_split': 7, 'min_samples_leaf': 10}. Best is trial 0 with value: 0.9319444444444445.
[I 2025-05-15 07:58:27,191] Trial 4 finished with value: 0.9319444444444445 and parameters: {'n_estimators': 428, 'max_depth': 10, 'min_samples_split': 9, 'min_samples_leaf': 9}. Best is trial 0 with value: 0.9319444444444445.
[I 2025-05-15 07:58:27,398] Trial 5 finished with value: 0.9430555555555555 and parameters: {'n_estimators': 121, 'max_depth': 15, 'min_samples_split': 9, 'min_samples_leaf': 8}. Best is trial 5 with value: 0.9430555555555555.
[I 2025-05-15 07:58:28,024] Trial 6 finished with value: 0.9319444444444445 and parameters: {'n_estimators': 384, 'max_depth': 12, 'min_samples_split': 3, 'min_samples_leaf': 10}. Best is trial 5 with value: 0.9430555555555555.
[I 2025-05-15 07:58:28,624] Trial 7 finished with value: 0.9319444444444445 and parameters: {'n_estimators': 261, 'max_depth': 6, 'min_samples_split': 8, 'min_samples_leaf': 10}. Best is trial 5 with value: 0.9430555555555555.
[I 2025-05-15 07:58:29,254] Trial 8 finished with value: 0.9319444444444445 and parameters: {'n_estimators': 202, 'max_depth': 15, 'min_samples_split': 7, 'min_samples_leaf': 8}. Best is trial 5 with value: 0.9430555555555555.
[I 2025-05-15 07:58:30,194] Trial 9 finished with value: 0.9319444444444445 and parameters: {'n_estimators': 475, 'max_depth': 9, 'min_samples_split': 4, 'min_samples_leaf': 5}. Best is trial 5 with value: 0.9430555555555555.
[I 2025-05-15 07:58:30,597] Trial 10 finished with value: 0.9319444444444445 and parameters: {'n_estimators': 135, 'max_depth': 20, 'min_samples_split': 10, 'min_samples_leaf': 3}. Best is trial 5 with value: 0.9430555555555555.
[I 2025-05-15 07:58:32,349] Trial 11 finished with value: 0.9319444444444445 and parameters: {'n_estimators': 343, 'max_depth': 4, 'min_samples_split': 10, 'min_samples_leaf': 1}. Best is trial 5 with value: 0.9430555555555555.
[I 2025-05-15 07:58:34,603] Trial 12 finished with value: 0.9430555555555555 and parameters: {'n_estimators': 489, 'max_depth': 18, 'min_samples_split': 8, 'min_samples_leaf': 1}. Best is trial 5 with value: 0.9430555555555555.
[I 2025-05-15 07:58:35,012] Trial 13 finished with value: 0.9194444444444445 and parameters: {'n_estimators': 107, 'max_depth': 18, 'min_samples_split': 8, 'min_samples_leaf': 7}. Best is trial 5 with value: 0.9430555555555555.
[I 2025-05-15 07:58:35,902] Trial 14 finished with value: 0.9319444444444445 and parameters: {'n_estimators': 384, 'max_depth': 17, 'min_samples_split': 2, 'min_samples_leaf': 6}. Best is trial 5 with value: 0.9430555555555555.
[I 2025-05-15 07:58:36,391] Trial 15 finished with value: 0.9319444444444445 and parameters: {'n_estimators': 180, 'max_depth': 17, 'min_samples_split': 8, 'min_samples_leaf': 3}. Best is trial 5 with value: 0.9430555555555555.
[I 2025-05-15 07:58:37,033] Trial 16 finished with value: 0.9319444444444445 and parameters: {'n_estimators': 300, 'max_depth': 20, 'min_samples_split': 6, 'min_samples_leaf': 3}. Best is trial 5 with value: 0.9430555555555555.
[I 2025-05-15 07:58:37,855] Trial 17 finished with value: 0.9319444444444445 and parameters: {'n_estimators': 497, 'max_depth': 15, 'min_samples_split': 9, 'min_samples_leaf': 6}. Best is trial 5 with value: 0.9430555555555555.
[I 2025-05-15 07:58:39,190] Trial 18 finished with value: 0.9319444444444445 and parameters: {'n_estimators': 415, 'max_depth': 18, 'min_samples_split': 7, 'min_samples_leaf': 4}. Best is trial 5 with value: 0.9430555555555555.
[I 2025-05-15 07:58:40,439] Trial 19 finished with value: 0.9319444444444445 and parameters: {'n_estimators': 264, 'max_depth': 16, 'min_samples_split': 10, 'min_samples_leaf': 7}. Best is trial 5 with value: 0.9430555555555555.
[I 2025-05-15 07:58:41,580] Trial 20 finished with value: 0.9319444444444445 and parameters: {'n_estimators': 334, 'max_depth': 11, 'min_samples_split': 5, 'min_samples_leaf': 2}. Best is trial 5 with value: 0.9430555555555555.
[I 2025-05-15 07:58:42,712] Trial 21 finished with value: 0.9319444444444445 and parameters: {'n_estimators': 467, 'max_depth': 6, 'min_samples_split': 9, 'min_samples_leaf': 1}. Best is trial 5 with value: 0.9430555555555555.
[I 2025-05-15 07:58:43,770] Trial 22 finished with value: 0.9319444444444445 and parameters: {'n_estimators': 439, 'max_depth': 7, 'min_samples_split': 9, 'min_samples_leaf': 2}. Best is trial 5 with value: 0.9430555555555555.
[I 2025-05-15 07:58:44,782] Trial 23 finished with value: 0.9319444444444445 and parameters: {'n_estimators': 383, 'max_depth': 8, 'min_samples_split': 8, 'min_samples_leaf': 1}. Best is trial 5 with value: 0.9430555555555555.
