[I 2025-05-15 07:57:36,587] Trial 6 finished with value: 0.4666666666666666 and parameters: {'n_estimators': 100, 'max_depth': 20, 'gamma': 0.6361752212866232, 'subsample': 0.8309913561372338, 'colsample_bytree': 0.7552902276266351}. Best is trial 3 with value: 0.6166666666666666.
/data/home/rtabares/anaconda3/envs/pyth3.12/lib/python3.12/site-packages/xgboost/core.py:377: FutureWarning: Your system has an old version of glibc (< 2.28). We will stop supporting Linux distros with glibc older than 2.28 after **May 31, 2025**. Please upgrade to a recent Linux distro (with glibc >= 2.28) to use future versions of XGBoost.
Note: You have installed the 'manylinux2014' variant of XGBoost. Certain features such as GPU algorithms or federated learning are not available. To use these features, please upgrade to a recent Linux distro with glibc 2.28+, and install the 'manylinux_2_28' variant.
  warnings.warn(
/data/home/rtabares/anaconda3/envs/pyth3.12/lib/python3.12/site-packages/xgboost/core.py:377: FutureWarning: Your system has an old version of glibc (< 2.28). We will stop supporting Linux distros with glibc older than 2.28 after **May 31, 2025**. Please upgrade to a recent Linux distro (with glibc >= 2.28) to use future versions of XGBoost.
Note: You have installed the 'manylinux2014' variant of XGBoost. Certain features such as GPU algorithms or federated learning are not available. To use these features, please upgrade to a recent Linux distro with glibc 2.28+, and install the 'manylinux_2_28' variant.
  warnings.warn(
[I 2025-05-15 07:57:36,662] Trial 7 finished with value: 0.5666666666666667 and parameters: {'n_estimators': 10, 'max_depth': 5, 'gamma': 0.5767347850317142, 'subsample': 0.7995431264700696, 'colsample_bytree': 0.8604622333437917}. Best is trial 3 with value: 0.6166666666666666.
/data/home/rtabares/anaconda3/envs/pyth3.12/lib/python3.12/site-packages/xgboost/core.py:377: FutureWarning: Your system has an old version of glibc (< 2.28). We will stop supporting Linux distros with glibc older than 2.28 after **May 31, 2025**. Please upgrade to a recent Linux distro (with glibc >= 2.28) to use future versions of XGBoost.
Note: You have installed the 'manylinux2014' variant of XGBoost. Certain features such as GPU algorithms or federated learning are not available. To use these features, please upgrade to a recent Linux distro with glibc 2.28+, and install the 'manylinux_2_28' variant.
  warnings.warn(
/data/home/rtabares/anaconda3/envs/pyth3.12/lib/python3.12/site-packages/xgboost/core.py:377: FutureWarning: Your system has an old version of glibc (< 2.28). We will stop supporting Linux distros with glibc older than 2.28 after **May 31, 2025**. Please upgrade to a recent Linux distro (with glibc >= 2.28) to use future versions of XGBoost.
Note: You have installed the 'manylinux2014' variant of XGBoost. Certain features such as GPU algorithms or federated learning are not available. To use these features, please upgrade to a recent Linux distro with glibc 2.28+, and install the 'manylinux_2_28' variant.
  warnings.warn(
/data/home/rtabares/anaconda3/envs/pyth3.12/lib/python3.12/site-packages/xgboost/core.py:377: FutureWarning: Your system has an old version of glibc (< 2.28). We will stop supporting Linux distros with glibc older than 2.28 after **May 31, 2025**. Please upgrade to a recent Linux distro (with glibc >= 2.28) to use future versions of XGBoost.
Note: You have installed the 'manylinux2014' variant of XGBoost. Certain features such as GPU algorithms or federated learning are not available. To use these features, please upgrade to a recent Linux distro with glibc 2.28+, and install the 'manylinux_2_28' variant.
  warnings.warn(
[I 2025-05-15 07:57:36,789] Trial 8 finished with value: 0.5166666666666666 and parameters: {'n_estimators': 100, 'max_depth': 20, 'gamma': 0.8470554948938058, 'subsample': 0.860339005739911, 'colsample_bytree': 0.9331308414408237}. Best is trial 3 with value: 0.6166666666666666.
/data/home/rtabares/anaconda3/envs/pyth3.12/lib/python3.12/site-packages/xgboost/core.py:377: FutureWarning: Your system has an old version of glibc (< 2.28). We will stop supporting Linux distros with glibc older than 2.28 after **May 31, 2025**. Please upgrade to a recent Linux distro (with glibc >= 2.28) to use future versions of XGBoost.
Note: You have installed the 'manylinux2014' variant of XGBoost. Certain features such as GPU algorithms or federated learning are not available. To use these features, please upgrade to a recent Linux distro with glibc 2.28+, and install the 'manylinux_2_28' variant.
  warnings.warn(
/data/home/rtabares/anaconda3/envs/pyth3.12/lib/python3.12/site-packages/xgboost/core.py:377: FutureWarning: Your system has an old version of glibc (< 2.28). We will stop supporting Linux distros with glibc older than 2.28 after **May 31, 2025**. Please upgrade to a recent Linux distro (with glibc >= 2.28) to use future versions of XGBoost.
Note: You have installed the 'manylinux2014' variant of XGBoost. Certain features such as GPU algorithms or federated learning are not available. To use these features, please upgrade to a recent Linux distro with glibc 2.28+, and install the 'manylinux_2_28' variant.
  warnings.warn(
[I 2025-05-15 07:57:36,926] Trial 9 finished with value: 0.5666666666666667 and parameters: {'n_estimators': 100, 'max_depth': 30, 'gamma': 0.574951454577921, 'subsample': 0.9696020680119358, 'colsample_bytree': 0.8616917074936369}. Best is trial 3 with value: 0.6166666666666666.
[I 2025-05-15 07:57:37,033] Trial 10 finished with value: 0.5666666666666667 and parameters: {'n_estimators': 100, 'max_depth': 30, 'gamma': 0.28560655311535255, 'subsample': 0.9867662938167729, 'colsample_bytree': 0.525322130410742}. Best is trial 3 with value: 0.6166666666666666.
/data/home/rtabares/anaconda3/envs/pyth3.12/lib/python3.12/site-packages/xgboost/core.py:377: FutureWarning: Your system has an old version of glibc (< 2.28). We will stop supporting Linux distros with glibc older than 2.28 after **May 31, 2025**. Please upgrade to a recent Linux distro (with glibc >= 2.28) to use future versions of XGBoost.
Note: You have installed the 'manylinux2014' variant of XGBoost. Certain features such as GPU algorithms or federated learning are not available. To use these features, please upgrade to a recent Linux distro with glibc 2.28+, and install the 'manylinux_2_28' variant.
  warnings.warn(
[I 2025-05-15 07:57:39,152] Trial 11 finished with value: 0.5333333333333333 and parameters: {'n_estimators': 10, 'max_depth': 30, 'gamma': 0.10355987298237897, 'subsample': 0.5005044321862977, 'colsample_bytree': 0.6406422464679155}. Best is trial 3 with value: 0.6166666666666666.
/data/home/rtabares/anaconda3/envs/pyth3.12/lib/python3.12/site-packages/xgboost/core.py:377: FutureWarning: Your system has an old version of glibc (< 2.28). We will stop supporting Linux distros with glibc older than 2.28 after **May 31, 2025**. Please upgrade to a recent Linux distro (with glibc >= 2.28) to use future versions of XGBoost.
Note: You have installed the 'manylinux2014' variant of XGBoost. Certain features such as GPU algorithms or federated learning are not available. To use these features, please upgrade to a recent Linux distro with glibc 2.28+, and install the 'manylinux_2_28' variant.
  warnings.warn(
/data/home/rtabares/anaconda3/envs/pyth3.12/lib/python3.12/site-packages/xgboost/core.py:377: FutureWarning: Your system has an old version of glibc (< 2.28). We will stop supporting Linux distros with glibc older than 2.28 after **May 31, 2025**. Please upgrade to a recent Linux distro (with glibc >= 2.28) to use future versions of XGBoost.
Note: You have installed the 'manylinux2014' variant of XGBoost. Certain features such as GPU algorithms or federated learning are not available. To use these features, please upgrade to a recent Linux distro with glibc 2.28+, and install the 'manylinux_2_28' variant.
  warnings.warn(
/data/home/rtabares/anaconda3/envs/pyth3.12/lib/python3.12/site-packages/xgboost/core.py:377: FutureWarning: Your system has an old version of glibc (< 2.28). We will stop supporting Linux distros with glibc older than 2.28 after **May 31, 2025**. Please upgrade to a recent Linux distro (with glibc >= 2.28) to use future versions of XGBoost.
Note: You have installed the 'manylinux2014' variant of XGBoost. Certain features such as GPU algorithms or federated learning are not available. To use these features, please upgrade to a recent Linux distro with glibc 2.28+, and install the 'manylinux_2_28' variant.
  warnings.warn(
/data/home/rtabares/anaconda3/envs/pyth3.12/lib/python3.12/site-packages/xgboost/core.py:377: FutureWarning: Your system has an old version of glibc (< 2.28). We will stop supporting Linux distros with glibc older than 2.28 after **May 31, 2025**. Please upgrade to a recent Linux distro (with glibc >= 2.28) to use future versions of XGBoost.
Note: You have installed the 'manylinux2014' variant of XGBoost. Certain features such as GPU algorithms or federated learning are not available. To use these features, please upgrade to a recent Linux distro with glibc 2.28+, and install the 'manylinux_2_28' variant.
  warnings.warn(
[I 2025-05-15 07:57:41,142] Trial 12 finished with value: 0.6166666666666666 and parameters: {'n_estimators': 10, 'max_depth': 30, 'gamma': 0.9738892144312379, 'subsample': 0.9102642083410418, 'colsample_bytree': 0.6632042275887902}. Best is trial 3 with value: 0.6166666666666666.
[I 2025-05-15 07:57:41,203] Trial 13 finished with value: 0.5666666666666667 and parameters: {'n_estimators': 10, 'max_depth': 30, 'gamma': 0.9956269772023026, 'subsample': 0.9055564076934384, 'colsample_bytree': 0.6264799620525917}. Best is trial 3 with value: 0.6166666666666666.
[I 2025-05-15 07:57:41,264] Trial 14 finished with value: 0.6166666666666666 and parameters: {'n_estimators': 10, 'max_depth': 30, 'gamma': 0.9877252027363499, 'subsample': 0.9205491527293844, 'colsample_bytree': 0.6642373084409451}. Best is trial 3 with value: 0.6166666666666666.
[I 2025-05-15 07:57:41,342] Trial 15 finished with value: 0.5666666666666667 and parameters: {'n_estimators': 100, 'max_depth': 30, 'gamma': 0.8225683243636747, 'subsample': 0.7723258745063846, 'colsample_bytree': 0.5827305679937922}. Best is trial 3 with value: 0.6166666666666666.
[I 2025-05-15 07:57:41,413] Trial 16 finished with value: 0.5666666666666667 and parameters: {'n_estimators': 10, 'max_depth': 30, 'gamma': 0.7362192361405586, 'subsample': 0.9049861711280202, 'colsample_bytree': 0.8233562481001098}. Best is trial 3 with value: 0.6166666666666666.
[I 2025-05-15 07:57:41,504] Trial 17 finished with value: 0.6166666666666666 and parameters: {'n_estimators': 100, 'max_depth': 30, 'gamma': 0.9003189305566598, 'subsample': 0.9868385614650445, 'colsample_bytree': 0.5180728064884887}. Best is trial 3 with value: 0.6166666666666666.
[I 2025-05-15 07:57:41,569] Trial 18 finished with value: 0.6166666666666666 and parameters: {'n_estimators': 10, 'max_depth': 30, 'gamma': 0.739371756073883, 'subsample': 0.7205542384936164, 'colsample_bytree': 0.5926394753626532}. Best is trial 3 with value: 0.6166666666666666.
[I 2025-05-15 07:57:41,621] Trial 19 finished with value: 0.5166666666666666 and parameters: {'n_estimators': 40, 'max_depth': 30, 'gamma': 0.9154732522764453, 'subsample': 0.8587889352616991, 'colsample_bytree': 0.7941227480825159}. Best is trial 3 with value: 0.6166666666666666.
[I 2025-05-15 07:57:41,725] Trial 20 finished with value: 0.5166666666666666 and parameters: {'n_estimators': 100, 'max_depth': 20, 'gamma': 0.3933800082849023, 'subsample': 0.9407899282300206, 'colsample_bytree': 0.6898470485392657}. Best is trial 3 with value: 0.6166666666666666.
[I 2025-05-15 07:57:41,796] Trial 21 finished with value: 0.6166666666666666 and parameters: {'n_estimators': 10, 'max_depth': 30, 'gamma': 0.991516455747691, 'subsample': 0.9059153066758995, 'colsample_bytree': 0.6616690214933738}. Best is trial 3 with value: 0.6166666666666666.
[I 2025-05-15 07:57:41,883] Trial 22 finished with value: 0.6166666666666666 and parameters: {'n_estimators': 10, 'max_depth': 30, 'gamma': 0.9277172780174933, 'subsample': 0.9304992729686345, 'colsample_bytree': 0.6895003461175754}. Best is trial 3 with value: 0.6166666666666666.
[I 2025-05-15 07:57:41,932] Trial 23 finished with value: 0.5666666666666667 and parameters: {'n_estimators': 10, 'max_depth': 30, 'gamma': 0.7610477778887335, 'subsample': 0.8650733522425533, 'colsample_bytree': 0.6059792610826297}. Best is trial 3 with value: 0.6166666666666666.
[I 2025-05-15 07:57:41,976] Trial 24 finished with value: 0.5666666666666667 and parameters: {'n_estimators': 10, 'max_depth': 30, 'gamma': 0.9336874270875338, 'subsample': 0.9448440983375794, 'colsample_bytree': 0.6519737899574038}. Best is trial 3 with value: 0.6166666666666666.
[I 2025-05-15 07:57:42,030] Trial 25 finished with value: 0.5666666666666667 and parameters: {'n_estimators': 10, 'max_depth': 30, 'gamma': 0.9801321262945201, 'subsample': 0.8190763909346673, 'colsample_bytree': 0.7298689413967352}. Best is trial 3 with value: 0.6166666666666666.
[I 2025-05-15 07:57:42,087] Trial 26 finished with value: 0.6166666666666666 and parameters: {'n_estimators': 10, 'max_depth': 30, 'gamma': 0.8571409382701244, 'subsample': 0.9960300331100536, 'colsample_bytree': 0.5567536631786555}. Best is trial 3 with value: 0.6166666666666666.
[I 2025-05-15 07:57:42,137] Trial 27 finished with value: 0.6166666666666666 and parameters: {'n_estimators': 10, 'max_depth': 30, 'gamma': 0.6863490580241222, 'subsample': 0.8829268904481199, 'colsample_bytree': 0.6718046244985726}. Best is trial 3 with value: 0.6166666666666666.
[I 2025-05-15 07:57:42,198] Trial 28 finished with value: 0.5166666666666666 and parameters: {'n_estimators': 40, 'max_depth': 20, 'gamma': 0.789537167752991, 'subsample': 0.9559929491697831, 'colsample_bytree': 0.6215552982332591}. Best is trial 3 with value: 0.6166666666666666.
[I 2025-05-15 07:57:42,317] Trial 29 finished with value: 0.5666666666666667 and parameters: {'n_estimators': 100, 'max_depth': 30, 'gamma': 0.4832046028010115, 'subsample': 0.762887766866643, 'colsample_bytree': 0.790465766610629}. Best is trial 3 with value: 0.6166666666666666.
[I 2025-05-15 07:58:18,178] A new study created in memory with name: rf
Parámetros guardados en checkpoint_shoppers_Doriginal_F/k_center/IPC_11/best_models_k_center_seed_8_space_original/xgb_best_params.json


>>> Optuna tuning rf metodo k_center IPC 11 seed 8


[I 2025-05-15 07:58:20,498] Trial 0 finished with value: 0.6333333333333333 and parameters: {'n_estimators': 450, 'max_depth': 20, 'min_samples_split': 9, 'min_samples_leaf': 6}. Best is trial 0 with value: 0.6333333333333333.
[I 2025-05-15 07:58:21,014] Trial 1 finished with value: 0.5166666666666666 and parameters: {'n_estimators': 193, 'max_depth': 3, 'min_samples_split': 5, 'min_samples_leaf': 5}. Best is trial 0 with value: 0.6333333333333333.
[I 2025-05-15 07:58:21,976] Trial 2 finished with value: 0.5333333333333333 and parameters: {'n_estimators': 309, 'max_depth': 11, 'min_samples_split': 6, 'min_samples_leaf': 6}. Best is trial 0 with value: 0.6333333333333333.
[I 2025-05-15 07:58:22,980] Trial 3 finished with value: 0.5333333333333333 and parameters: {'n_estimators': 405, 'max_depth': 15, 'min_samples_split': 7, 'min_samples_leaf': 5}. Best is trial 0 with value: 0.6333333333333333.
[I 2025-05-15 07:58:23,603] Trial 4 finished with value: 0.5 and parameters: {'n_estimators': 215, 'max_depth': 20, 'min_samples_split': 5, 'min_samples_leaf': 3}. Best is trial 0 with value: 0.6333333333333333.
[I 2025-05-15 07:58:23,912] Trial 5 finished with value: 0.5333333333333333 and parameters: {'n_estimators': 126, 'max_depth': 20, 'min_samples_split': 3, 'min_samples_leaf': 4}. Best is trial 0 with value: 0.6333333333333333.
[I 2025-05-15 07:58:24,253] Trial 6 finished with value: 0.5 and parameters: {'n_estimators': 128, 'max_depth': 7, 'min_samples_split': 5, 'min_samples_leaf': 9}. Best is trial 0 with value: 0.6333333333333333.
[I 2025-05-15 07:58:24,804] Trial 7 finished with value: 0.6166666666666666 and parameters: {'n_estimators': 238, 'max_depth': 20, 'min_samples_split': 2, 'min_samples_leaf': 4}. Best is trial 0 with value: 0.6333333333333333.
[I 2025-05-15 07:58:25,403] Trial 8 finished with value: 0.5333333333333333 and parameters: {'n_estimators': 252, 'max_depth': 16, 'min_samples_split': 10, 'min_samples_leaf': 4}. Best is trial 0 with value: 0.6333333333333333.
[I 2025-05-15 07:58:25,889] Trial 9 finished with value: 0.55 and parameters: {'n_estimators': 273, 'max_depth': 7, 'min_samples_split': 9, 'min_samples_leaf': 7}. Best is trial 0 with value: 0.6333333333333333.
[I 2025-05-15 07:58:26,914] Trial 10 finished with value: 0.5 and parameters: {'n_estimators': 498, 'max_depth': 15, 'min_samples_split': 8, 'min_samples_leaf': 10}. Best is trial 0 with value: 0.6333333333333333.
[I 2025-05-15 07:58:28,577] Trial 11 finished with value: 0.6 and parameters: {'n_estimators': 361, 'max_depth': 18, 'min_samples_split': 2, 'min_samples_leaf': 1}. Best is trial 0 with value: 0.6333333333333333.
[I 2025-05-15 07:58:30,733] Trial 12 finished with value: 0.45 and parameters: {'n_estimators': 498, 'max_depth': 13, 'min_samples_split': 3, 'min_samples_leaf': 8}. Best is trial 0 with value: 0.6333333333333333.
[I 2025-05-15 07:58:31,554] Trial 13 finished with value: 0.5833333333333333 and parameters: {'n_estimators': 395, 'max_depth': 18, 'min_samples_split': 10, 'min_samples_leaf': 2}. Best is trial 0 with value: 0.6333333333333333.
[I 2025-05-15 07:58:33,107] Trial 14 finished with value: 0.4 and parameters: {'n_estimators': 326, 'max_depth': 11, 'min_samples_split': 8, 'min_samples_leaf': 7}. Best is trial 0 with value: 0.6333333333333333.
[I 2025-05-15 07:58:33,875] Trial 15 finished with value: 0.5333333333333333 and parameters: {'n_estimators': 436, 'max_depth': 18, 'min_samples_split': 2, 'min_samples_leaf': 3}. Best is trial 0 with value: 0.6333333333333333.
[I 2025-05-15 07:58:34,214] Trial 16 finished with value: 0.4666666666666666 and parameters: {'n_estimators': 193, 'max_depth': 20, 'min_samples_split': 4, 'min_samples_leaf': 6}. Best is trial 0 with value: 0.6333333333333333.
[I 2025-05-15 07:58:35,085] Trial 17 finished with value: 0.5 and parameters: {'n_estimators': 439, 'max_depth': 17, 'min_samples_split': 7, 'min_samples_leaf': 4}. Best is trial 0 with value: 0.6333333333333333.
[I 2025-05-15 07:58:35,588] Trial 18 finished with value: 0.5666666666666667 and parameters: {'n_estimators': 239, 'max_depth': 13, 'min_samples_split': 9, 'min_samples_leaf': 7}. Best is trial 0 with value: 0.6333333333333333.
[I 2025-05-15 07:58:36,225] Trial 19 finished with value: 0.55 and parameters: {'n_estimators': 339, 'max_depth': 8, 'min_samples_split': 6, 'min_samples_leaf': 1}. Best is trial 0 with value: 0.6333333333333333.
[I 2025-05-15 07:58:36,545] Trial 20 finished with value: 0.5333333333333333 and parameters: {'n_estimators': 161, 'max_depth': 13, 'min_samples_split': 4, 'min_samples_leaf': 3}. Best is trial 0 with value: 0.6333333333333333.
[I 2025-05-15 07:58:37,304] Trial 21 finished with value: 0.55 and parameters: {'n_estimators': 370, 'max_depth': 18, 'min_samples_split': 2, 'min_samples_leaf': 1}. Best is trial 0 with value: 0.6333333333333333.
[I 2025-05-15 07:58:38,214] Trial 22 finished with value: 0.55 and parameters: {'n_estimators': 453, 'max_depth': 19, 'min_samples_split': 3, 'min_samples_leaf': 2}. Best is trial 0 with value: 0.6333333333333333.
[I 2025-05-15 07:58:39,232] Trial 23 finished with value: 0.5666666666666667 and parameters: {'n_estimators': 285, 'max_depth': 17, 'min_samples_split': 2, 'min_samples_leaf': 2}. Best is trial 0 with value: 0.6333333333333333.
[I 2025-05-15 07:58:40,418] Trial 24 finished with value: 0.5 and parameters: {'n_estimators': 359, 'max_depth': 20, 'min_samples_split': 4, 'min_samples_leaf': 5}. Best is trial 0 with value: 0.6333333333333333.
[I 2025-05-15 07:58:41,640] Trial 25 finished with value: 0.5 and parameters: {'n_estimators': 387, 'max_depth': 16, 'min_samples_split': 3, 'min_samples_leaf': 8}. Best is trial 0 with value: 0.6333333333333333.
[I 2025-05-15 07:58:42,736] Trial 26 finished with value: 0.55 and parameters: {'n_estimators': 459, 'max_depth': 19, 'min_samples_split': 9, 'min_samples_leaf': 6}. Best is trial 0 with value: 0.6333333333333333.
[I 2025-05-15 07:58:43,740] Trial 27 finished with value: 0.55 and parameters: {'n_estimators': 421, 'max_depth': 15, 'min_samples_split': 2, 'min_samples_leaf': 1}. Best is trial 0 with value: 0.6333333333333333.
[I 2025-05-15 07:58:44,324] Trial 28 finished with value: 0.55 and parameters: {'n_estimators': 306, 'max_depth': 19, 'min_samples_split': 7, 'min_samples_leaf': 4}. Best is trial 0 with value: 0.6333333333333333.
[I 2025-05-15 07:58:45,167] Trial 29 finished with value: 0.55 and parameters: {'n_estimators': 358, 'max_depth': 3, 'min_samples_split': 4, 'min_samples_leaf': 5}. Best is trial 0 with value: 0.6333333333333333.
[I 2025-05-15 07:58:56,283] A new study created in memory with name: svc
Parámetros guardados en checkpoint_shoppers_Doriginal_F/k_center/IPC_11/best_models_k_center_seed_8_space_original/rf_best_params.json


>>> Optuna tuning svc metodo k_center IPC 11 seed 8


[I 2025-05-15 07:58:57,342] Trial 0 finished with value: 0.4 and parameters: {'C': 31.168622654226873, 'gamma': 0.7484497562485191}. Best is trial 0 with value: 0.4.
[I 2025-05-15 07:58:57,360] Trial 1 finished with value: 0.18333333333333332 and parameters: {'C': 29.976309274600954, 'gamma': 0.013286872459026702}. Best is trial 0 with value: 0.4.
[I 2025-05-15 07:58:57,374] Trial 2 finished with value: 0.5 and parameters: {'C': 0.08529298465080307, 'gamma': 0.00011106960237430257}. Best is trial 2 with value: 0.5.
