[I 2025-05-15 08:15:07,640] Trial 3 finished with value: 0.9402777777777779 and parameters: {'n_estimators': 10, 'max_depth': 20, 'gamma': 0.5296610393664296, 'subsample': 0.6829451928902965, 'colsample_bytree': 0.9189589971546304}. Best is trial 0 with value: 0.9402777777777779.
/data/home/rtabares/anaconda3/envs/pyth3.12/lib/python3.12/site-packages/xgboost/core.py:377: FutureWarning: Your system has an old version of glibc (< 2.28). We will stop supporting Linux distros with glibc older than 2.28 after **May 31, 2025**. Please upgrade to a recent Linux distro (with glibc >= 2.28) to use future versions of XGBoost.
Note: You have installed the 'manylinux2014' variant of XGBoost. Certain features such as GPU algorithms or federated learning are not available. To use these features, please upgrade to a recent Linux distro with glibc 2.28+, and install the 'manylinux_2_28' variant.
  warnings.warn(
/data/home/rtabares/anaconda3/envs/pyth3.12/lib/python3.12/site-packages/xgboost/core.py:377: FutureWarning: Your system has an old version of glibc (< 2.28). We will stop supporting Linux distros with glibc older than 2.28 after **May 31, 2025**. Please upgrade to a recent Linux distro (with glibc >= 2.28) to use future versions of XGBoost.
Note: You have installed the 'manylinux2014' variant of XGBoost. Certain features such as GPU algorithms or federated learning are not available. To use these features, please upgrade to a recent Linux distro with glibc 2.28+, and install the 'manylinux_2_28' variant.
  warnings.warn(
/data/home/rtabares/anaconda3/envs/pyth3.12/lib/python3.12/site-packages/xgboost/core.py:377: FutureWarning: Your system has an old version of glibc (< 2.28). We will stop supporting Linux distros with glibc older than 2.28 after **May 31, 2025**. Please upgrade to a recent Linux distro (with glibc >= 2.28) to use future versions of XGBoost.
Note: You have installed the 'manylinux2014' variant of XGBoost. Certain features such as GPU algorithms or federated learning are not available. To use these features, please upgrade to a recent Linux distro with glibc 2.28+, and install the 'manylinux_2_28' variant.
  warnings.warn(
[I 2025-05-15 08:15:07,688] Trial 4 finished with value: 0.9291666666666666 and parameters: {'n_estimators': 10, 'max_depth': 20, 'gamma': 0.6916595165017824, 'subsample': 0.6851755414940176, 'colsample_bytree': 0.7295464889457157}. Best is trial 0 with value: 0.9402777777777779.
[I 2025-05-15 08:15:07,739] Trial 5 finished with value: 0.9402777777777779 and parameters: {'n_estimators': 100, 'max_depth': 20, 'gamma': 0.48380821541644814, 'subsample': 0.8171899343169193, 'colsample_bytree': 0.7614531005141727}. Best is trial 0 with value: 0.9402777777777779.
/data/home/rtabares/anaconda3/envs/pyth3.12/lib/python3.12/site-packages/xgboost/core.py:377: FutureWarning: Your system has an old version of glibc (< 2.28). We will stop supporting Linux distros with glibc older than 2.28 after **May 31, 2025**. Please upgrade to a recent Linux distro (with glibc >= 2.28) to use future versions of XGBoost.
Note: You have installed the 'manylinux2014' variant of XGBoost. Certain features such as GPU algorithms or federated learning are not available. To use these features, please upgrade to a recent Linux distro with glibc 2.28+, and install the 'manylinux_2_28' variant.
  warnings.warn(
/data/home/rtabares/anaconda3/envs/pyth3.12/lib/python3.12/site-packages/xgboost/core.py:377: FutureWarning: Your system has an old version of glibc (< 2.28). We will stop supporting Linux distros with glibc older than 2.28 after **May 31, 2025**. Please upgrade to a recent Linux distro (with glibc >= 2.28) to use future versions of XGBoost.
Note: You have installed the 'manylinux2014' variant of XGBoost. Certain features such as GPU algorithms or federated learning are not available. To use these features, please upgrade to a recent Linux distro with glibc 2.28+, and install the 'manylinux_2_28' variant.
  warnings.warn(
[I 2025-05-15 08:15:07,787] Trial 6 finished with value: 0.9291666666666666 and parameters: {'n_estimators': 10, 'max_depth': 5, 'gamma': 0.9599214907026333, 'subsample': 0.8414569271877088, 'colsample_bytree': 0.5265643453364788}. Best is trial 0 with value: 0.9402777777777779.
/data/home/rtabares/anaconda3/envs/pyth3.12/lib/python3.12/site-packages/xgboost/core.py:377: FutureWarning: Your system has an old version of glibc (< 2.28). We will stop supporting Linux distros with glibc older than 2.28 after **May 31, 2025**. Please upgrade to a recent Linux distro (with glibc >= 2.28) to use future versions of XGBoost.
Note: You have installed the 'manylinux2014' variant of XGBoost. Certain features such as GPU algorithms or federated learning are not available. To use these features, please upgrade to a recent Linux distro with glibc 2.28+, and install the 'manylinux_2_28' variant.
  warnings.warn(
/data/home/rtabares/anaconda3/envs/pyth3.12/lib/python3.12/site-packages/xgboost/core.py:377: FutureWarning: Your system has an old version of glibc (< 2.28). We will stop supporting Linux distros with glibc older than 2.28 after **May 31, 2025**. Please upgrade to a recent Linux distro (with glibc >= 2.28) to use future versions of XGBoost.
Note: You have installed the 'manylinux2014' variant of XGBoost. Certain features such as GPU algorithms or federated learning are not available. To use these features, please upgrade to a recent Linux distro with glibc 2.28+, and install the 'manylinux_2_28' variant.
  warnings.warn(
[I 2025-05-15 08:15:07,844] Trial 7 finished with value: 0.9402777777777779 and parameters: {'n_estimators': 40, 'max_depth': 5, 'gamma': 0.5250915966595621, 'subsample': 0.9207383574491986, 'colsample_bytree': 0.565555321173957}. Best is trial 0 with value: 0.9402777777777779.
/data/home/rtabares/anaconda3/envs/pyth3.12/lib/python3.12/site-packages/xgboost/core.py:377: FutureWarning: Your system has an old version of glibc (< 2.28). We will stop supporting Linux distros with glibc older than 2.28 after **May 31, 2025**. Please upgrade to a recent Linux distro (with glibc >= 2.28) to use future versions of XGBoost.
Note: You have installed the 'manylinux2014' variant of XGBoost. Certain features such as GPU algorithms or federated learning are not available. To use these features, please upgrade to a recent Linux distro with glibc 2.28+, and install the 'manylinux_2_28' variant.
  warnings.warn(
[I 2025-05-15 08:15:07,902] Trial 8 finished with value: 0.9402777777777779 and parameters: {'n_estimators': 100, 'max_depth': 5, 'gamma': 0.3919835527051987, 'subsample': 0.6502094521590198, 'colsample_bytree': 0.5827507002328938}. Best is trial 0 with value: 0.9402777777777779.
/data/home/rtabares/anaconda3/envs/pyth3.12/lib/python3.12/site-packages/xgboost/core.py:377: FutureWarning: Your system has an old version of glibc (< 2.28). We will stop supporting Linux distros with glibc older than 2.28 after **May 31, 2025**. Please upgrade to a recent Linux distro (with glibc >= 2.28) to use future versions of XGBoost.
Note: You have installed the 'manylinux2014' variant of XGBoost. Certain features such as GPU algorithms or federated learning are not available. To use these features, please upgrade to a recent Linux distro with glibc 2.28+, and install the 'manylinux_2_28' variant.
  warnings.warn(
/data/home/rtabares/anaconda3/envs/pyth3.12/lib/python3.12/site-packages/xgboost/core.py:377: FutureWarning: Your system has an old version of glibc (< 2.28). We will stop supporting Linux distros with glibc older than 2.28 after **May 31, 2025**. Please upgrade to a recent Linux distro (with glibc >= 2.28) to use future versions of XGBoost.
Note: You have installed the 'manylinux2014' variant of XGBoost. Certain features such as GPU algorithms or federated learning are not available. To use these features, please upgrade to a recent Linux distro with glibc 2.28+, and install the 'manylinux_2_28' variant.
  warnings.warn(
/data/home/rtabares/anaconda3/envs/pyth3.12/lib/python3.12/site-packages/xgboost/core.py:377: FutureWarning: Your system has an old version of glibc (< 2.28). We will stop supporting Linux distros with glibc older than 2.28 after **May 31, 2025**. Please upgrade to a recent Linux distro (with glibc >= 2.28) to use future versions of XGBoost.
Note: You have installed the 'manylinux2014' variant of XGBoost. Certain features such as GPU algorithms or federated learning are not available. To use these features, please upgrade to a recent Linux distro with glibc 2.28+, and install the 'manylinux_2_28' variant.
  warnings.warn(
[I 2025-05-15 08:15:07,959] Trial 9 finished with value: 0.9402777777777779 and parameters: {'n_estimators': 100, 'max_depth': 5, 'gamma': 0.8003922413895069, 'subsample': 0.9436444759263674, 'colsample_bytree': 0.8374593849333938}. Best is trial 0 with value: 0.9402777777777779.
/data/home/rtabares/anaconda3/envs/pyth3.12/lib/python3.12/site-packages/xgboost/core.py:377: FutureWarning: Your system has an old version of glibc (< 2.28). We will stop supporting Linux distros with glibc older than 2.28 after **May 31, 2025**. Please upgrade to a recent Linux distro (with glibc >= 2.28) to use future versions of XGBoost.
Note: You have installed the 'manylinux2014' variant of XGBoost. Certain features such as GPU algorithms or federated learning are not available. To use these features, please upgrade to a recent Linux distro with glibc 2.28+, and install the 'manylinux_2_28' variant.
  warnings.warn(
/data/home/rtabares/anaconda3/envs/pyth3.12/lib/python3.12/site-packages/xgboost/core.py:377: FutureWarning: Your system has an old version of glibc (< 2.28). We will stop supporting Linux distros with glibc older than 2.28 after **May 31, 2025**. Please upgrade to a recent Linux distro (with glibc >= 2.28) to use future versions of XGBoost.
Note: You have installed the 'manylinux2014' variant of XGBoost. Certain features such as GPU algorithms or federated learning are not available. To use these features, please upgrade to a recent Linux distro with glibc 2.28+, and install the 'manylinux_2_28' variant.
  warnings.warn(
[I 2025-05-15 08:15:08,029] Trial 10 finished with value: 0.9402777777777779 and parameters: {'n_estimators': 40, 'max_depth': 30, 'gamma': 0.13445536345660636, 'subsample': 0.5091072311743174, 'colsample_bytree': 0.633084257063925}. Best is trial 0 with value: 0.9402777777777779.
[I 2025-05-15 08:15:08,082] Trial 11 finished with value: 0.9402777777777779 and parameters: {'n_estimators': 40, 'max_depth': 30, 'gamma': 0.2681645700627216, 'subsample': 0.5866784214439307, 'colsample_bytree': 0.6573928964995871}. Best is trial 0 with value: 0.9402777777777779.
/data/home/rtabares/anaconda3/envs/pyth3.12/lib/python3.12/site-packages/xgboost/core.py:377: FutureWarning: Your system has an old version of glibc (< 2.28). We will stop supporting Linux distros with glibc older than 2.28 after **May 31, 2025**. Please upgrade to a recent Linux distro (with glibc >= 2.28) to use future versions of XGBoost.
Note: You have installed the 'manylinux2014' variant of XGBoost. Certain features such as GPU algorithms or federated learning are not available. To use these features, please upgrade to a recent Linux distro with glibc 2.28+, and install the 'manylinux_2_28' variant.
  warnings.warn(
[I 2025-05-15 08:15:08,990] Trial 12 finished with value: 0.9402777777777779 and parameters: {'n_estimators': 100, 'max_depth': 20, 'gamma': 0.7081376218947077, 'subsample': 0.5001384654345593, 'colsample_bytree': 0.68032564115026}. Best is trial 0 with value: 0.9402777777777779.
[I 2025-05-15 08:15:09,040] Trial 13 finished with value: 0.9402777777777779 and parameters: {'n_estimators': 40, 'max_depth': 20, 'gamma': 0.7360579468762933, 'subsample': 0.5972644613408506, 'colsample_bytree': 0.8466378816712838}. Best is trial 0 with value: 0.9402777777777779.
[I 2025-05-15 08:15:09,092] Trial 14 finished with value: 0.9402777777777779 and parameters: {'n_estimators': 100, 'max_depth': 30, 'gamma': 0.8483640416939972, 'subsample': 0.7372002701976171, 'colsample_bytree': 0.7032828631920265}. Best is trial 0 with value: 0.9402777777777779.
/data/home/rtabares/anaconda3/envs/pyth3.12/lib/python3.12/site-packages/xgboost/core.py:377: FutureWarning: Your system has an old version of glibc (< 2.28). We will stop supporting Linux distros with glibc older than 2.28 after **May 31, 2025**. Please upgrade to a recent Linux distro (with glibc >= 2.28) to use future versions of XGBoost.
Note: You have installed the 'manylinux2014' variant of XGBoost. Certain features such as GPU algorithms or federated learning are not available. To use these features, please upgrade to a recent Linux distro with glibc 2.28+, and install the 'manylinux_2_28' variant.
  warnings.warn(
[I 2025-05-15 08:15:09,930] Trial 15 finished with value: 0.9402777777777779 and parameters: {'n_estimators': 40, 'max_depth': 5, 'gamma': 0.6285782473282037, 'subsample': 0.6244717179837911, 'colsample_bytree': 0.8189773656692148}. Best is trial 0 with value: 0.9402777777777779.
/data/home/rtabares/anaconda3/envs/pyth3.12/lib/python3.12/site-packages/xgboost/core.py:377: FutureWarning: Your system has an old version of glibc (< 2.28). We will stop supporting Linux distros with glibc older than 2.28 after **May 31, 2025**. Please upgrade to a recent Linux distro (with glibc >= 2.28) to use future versions of XGBoost.
Note: You have installed the 'manylinux2014' variant of XGBoost. Certain features such as GPU algorithms or federated learning are not available. To use these features, please upgrade to a recent Linux distro with glibc 2.28+, and install the 'manylinux_2_28' variant.
  warnings.warn(
[I 2025-05-15 08:15:10,700] Trial 16 finished with value: 0.9402777777777779 and parameters: {'n_estimators': 40, 'max_depth': 20, 'gamma': 0.3851209698407902, 'subsample': 0.5536609082793393, 'colsample_bytree': 0.9928973939225177}. Best is trial 0 with value: 0.9402777777777779.
[I 2025-05-15 08:15:10,752] Trial 17 finished with value: 0.9402777777777779 and parameters: {'n_estimators': 100, 'max_depth': 5, 'gamma': 0.11223014686621774, 'subsample': 0.7488607580514561, 'colsample_bytree': 0.6002878017936444}. Best is trial 0 with value: 0.9402777777777779.
/data/home/rtabares/anaconda3/envs/pyth3.12/lib/python3.12/site-packages/xgboost/core.py:377: FutureWarning: Your system has an old version of glibc (< 2.28). We will stop supporting Linux distros with glibc older than 2.28 after **May 31, 2025**. Please upgrade to a recent Linux distro (with glibc >= 2.28) to use future versions of XGBoost.
Note: You have installed the 'manylinux2014' variant of XGBoost. Certain features such as GPU algorithms or federated learning are not available. To use these features, please upgrade to a recent Linux distro with glibc 2.28+, and install the 'manylinux_2_28' variant.
  warnings.warn(
[I 2025-05-15 08:15:11,569] Trial 18 finished with value: 0.9291666666666666 and parameters: {'n_estimators': 40, 'max_depth': 20, 'gamma': 0.8613527117299435, 'subsample': 0.5414152360122246, 'colsample_bytree': 0.5028732448871562}. Best is trial 0 with value: 0.9402777777777779.
/data/home/rtabares/anaconda3/envs/pyth3.12/lib/python3.12/site-packages/xgboost/core.py:377: FutureWarning: Your system has an old version of glibc (< 2.28). We will stop supporting Linux distros with glibc older than 2.28 after **May 31, 2025**. Please upgrade to a recent Linux distro (with glibc >= 2.28) to use future versions of XGBoost.
Note: You have installed the 'manylinux2014' variant of XGBoost. Certain features such as GPU algorithms or federated learning are not available. To use these features, please upgrade to a recent Linux distro with glibc 2.28+, and install the 'manylinux_2_28' variant.
  warnings.warn(
[I 2025-05-15 08:15:12,366] Trial 19 finished with value: 0.9402777777777779 and parameters: {'n_estimators': 100, 'max_depth': 30, 'gamma': 0.9936408469760154, 'subsample': 0.6664011137641751, 'colsample_bytree': 0.6362334193509254}. Best is trial 0 with value: 0.9402777777777779.
[I 2025-05-15 08:15:12,430] Trial 20 finished with value: 0.9402777777777779 and parameters: {'n_estimators': 100, 'max_depth': 20, 'gamma': 0.31083216726543017, 'subsample': 0.9961764358499778, 'colsample_bytree': 0.7738828576054672}. Best is trial 0 with value: 0.9402777777777779.
[I 2025-05-15 08:15:12,484] Trial 21 finished with value: 0.9402777777777779 and parameters: {'n_estimators': 10, 'max_depth': 20, 'gamma': 0.5970937319788981, 'subsample': 0.7047930447453687, 'colsample_bytree': 0.9447811096661775}. Best is trial 0 with value: 0.9402777777777779.
[I 2025-05-15 08:15:12,526] Trial 22 finished with value: 0.9291666666666666 and parameters: {'n_estimators': 10, 'max_depth': 20, 'gamma': 0.4581211256986712, 'subsample': 0.618735526865119, 'colsample_bytree': 0.9116172514893673}. Best is trial 0 with value: 0.9402777777777779.
[I 2025-05-15 08:15:12,568] Trial 23 finished with value: 0.9402777777777779 and parameters: {'n_estimators': 10, 'max_depth': 20, 'gamma': 0.5943096932805854, 'subsample': 0.7952564516133582, 'colsample_bytree': 0.8962492261219338}. Best is trial 0 with value: 0.9402777777777779.
[I 2025-05-15 08:15:12,610] Trial 24 finished with value: 0.9291666666666666 and parameters: {'n_estimators': 10, 'max_depth': 20, 'gamma': 0.7767647220647534, 'subsample': 0.6417184723797618, 'colsample_bytree': 0.7085045129483276}. Best is trial 0 with value: 0.9402777777777779.
[I 2025-05-15 08:15:12,652] Trial 25 finished with value: 0.9291666666666666 and parameters: {'n_estimators': 10, 'max_depth': 5, 'gamma': 0.25122977154654863, 'subsample': 0.7090981967639217, 'colsample_bytree': 0.8115799960841532}. Best is trial 0 with value: 0.9402777777777779.
[I 2025-05-15 08:15:12,696] Trial 26 finished with value: 0.9402777777777779 and parameters: {'n_estimators': 40, 'max_depth': 20, 'gamma': 0.656572307106911, 'subsample': 0.5435471540404412, 'colsample_bytree': 0.8897038823325945}. Best is trial 0 with value: 0.9402777777777779.
[I 2025-05-15 08:15:12,749] Trial 27 finished with value: 0.9402777777777779 and parameters: {'n_estimators': 100, 'max_depth': 20, 'gamma': 0.5484280826882263, 'subsample': 0.5971445953430384, 'colsample_bytree': 0.9897929085258352}. Best is trial 0 with value: 0.9402777777777779.
[I 2025-05-15 08:15:12,790] Trial 28 finished with value: 0.9180555555555555 and parameters: {'n_estimators': 10, 'max_depth': 30, 'gamma': 0.4134957321756575, 'subsample': 0.7872809989785173, 'colsample_bytree': 0.6819543414747268}. Best is trial 0 with value: 0.9402777777777779.
[I 2025-05-15 08:15:12,831] Trial 29 finished with value: 0.9402777777777779 and parameters: {'n_estimators': 40, 'max_depth': 5, 'gamma': 0.9041639811472, 'subsample': 0.5716684428393903, 'colsample_bytree': 0.789007558364165}. Best is trial 0 with value: 0.9402777777777779.
[I 2025-05-15 08:15:36,819] A new study created in memory with name: rf
Parámetros guardados en checkpoint_adult_Doriginal_G/lc/IPC_43/best_models_lc_seed_7_space_original/xgb_best_params.json


>>> Optuna tuning rf metodo lc IPC 43 seed 7


[I 2025-05-15 08:15:41,495] Trial 0 finished with value: 0.9291666666666666 and parameters: {'n_estimators': 130, 'max_depth': 17, 'min_samples_split': 5, 'min_samples_leaf': 8}. Best is trial 0 with value: 0.9291666666666666.
[I 2025-05-15 08:15:43,007] Trial 1 finished with value: 0.9291666666666666 and parameters: {'n_estimators': 492, 'max_depth': 12, 'min_samples_split': 6, 'min_samples_leaf': 1}. Best is trial 0 with value: 0.9291666666666666.
[I 2025-05-15 08:15:44,074] Trial 2 finished with value: 0.9291666666666666 and parameters: {'n_estimators': 207, 'max_depth': 11, 'min_samples_split': 8, 'min_samples_leaf': 9}. Best is trial 0 with value: 0.9291666666666666.
[I 2025-05-15 08:15:45,249] Trial 3 finished with value: 0.9291666666666666 and parameters: {'n_estimators': 252, 'max_depth': 4, 'min_samples_split': 4, 'min_samples_leaf': 10}. Best is trial 0 with value: 0.9291666666666666.
[I 2025-05-15 08:15:45,995] Trial 4 finished with value: 0.9291666666666666 and parameters: {'n_estimators': 185, 'max_depth': 11, 'min_samples_split': 10, 'min_samples_leaf': 1}. Best is trial 0 with value: 0.9291666666666666.
[I 2025-05-15 08:15:47,057] Trial 5 finished with value: 0.9291666666666666 and parameters: {'n_estimators': 340, 'max_depth': 20, 'min_samples_split': 4, 'min_samples_leaf': 6}. Best is trial 0 with value: 0.9291666666666666.
[I 2025-05-15 08:15:49,071] Trial 6 finished with value: 0.9291666666666666 and parameters: {'n_estimators': 464, 'max_depth': 5, 'min_samples_split': 6, 'min_samples_leaf': 8}. Best is trial 0 with value: 0.9291666666666666.
[I 2025-05-15 08:15:50,200] Trial 7 finished with value: 0.9291666666666666 and parameters: {'n_estimators': 368, 'max_depth': 11, 'min_samples_split': 3, 'min_samples_leaf': 5}. Best is trial 0 with value: 0.9291666666666666.
[I 2025-05-15 08:15:51,067] Trial 8 finished with value: 0.9291666666666666 and parameters: {'n_estimators': 249, 'max_depth': 11, 'min_samples_split': 5, 'min_samples_leaf': 9}. Best is trial 0 with value: 0.9291666666666666.
[I 2025-05-15 08:15:52,742] Trial 9 finished with value: 0.9291666666666666 and parameters: {'n_estimators': 408, 'max_depth': 8, 'min_samples_split': 7, 'min_samples_leaf': 3}. Best is trial 0 with value: 0.9291666666666666.
[I 2025-05-15 08:15:53,327] Trial 10 finished with value: 0.9291666666666666 and parameters: {'n_estimators': 156, 'max_depth': 19, 'min_samples_split': 2, 'min_samples_leaf': 7}. Best is trial 0 with value: 0.9291666666666666.
[I 2025-05-15 08:15:55,711] Trial 11 finished with value: 0.9291666666666666 and parameters: {'n_estimators': 456, 'max_depth': 16, 'min_samples_split': 8, 'min_samples_leaf': 4}. Best is trial 0 with value: 0.9291666666666666.
