[I 2025-05-15 08:10:24,477] Trial 25 finished with value: 0.6633333333333333 and parameters: {'n_estimators': 40, 'max_depth': 30, 'gamma': 0.44973096541354435, 'subsample': 0.8209487595523, 'colsample_bytree': 0.7941267046635376}. Best is trial 18 with value: 0.7700000000000001.
[I 2025-05-15 08:10:24,542] Trial 26 finished with value: 0.7733333333333334 and parameters: {'n_estimators': 10, 'max_depth': 30, 'gamma': 0.913215019992025, 'subsample': 0.9329090632401698, 'colsample_bytree': 0.9651952278808831}. Best is trial 26 with value: 0.7733333333333334.
[I 2025-05-15 08:10:24,597] Trial 27 finished with value: 0.7566666666666666 and parameters: {'n_estimators': 40, 'max_depth': 20, 'gamma': 0.9872935798060294, 'subsample': 0.9390108694352729, 'colsample_bytree': 0.959334230620772}. Best is trial 26 with value: 0.7733333333333334.
[I 2025-05-15 08:10:24,701] Trial 28 finished with value: 0.7366666666666667 and parameters: {'n_estimators': 40, 'max_depth': 30, 'gamma': 0.2694437350903092, 'subsample': 0.6473080106970585, 'colsample_bytree': 0.8788737104294424}. Best is trial 26 with value: 0.7733333333333334.
[I 2025-05-15 08:10:24,759] Trial 29 finished with value: 0.7333333333333334 and parameters: {'n_estimators': 10, 'max_depth': 30, 'gamma': 0.9181795207243992, 'subsample': 0.870966559373614, 'colsample_bytree': 0.790465766610629}. Best is trial 26 with value: 0.7733333333333334.
[I 2025-05-15 08:10:44,125] A new study created in memory with name: rf
Parámetros guardados en checkpoint_default_Doriginal_H/random/IPC_27/best_models_random_seed_8_space_original/xgb_best_params.json


>>> Optuna tuning rf metodo random IPC 27 seed 8


[I 2025-05-15 08:10:47,016] Trial 0 finished with value: 0.7366666666666667 and parameters: {'n_estimators': 450, 'max_depth': 20, 'min_samples_split': 9, 'min_samples_leaf': 6}. Best is trial 0 with value: 0.7366666666666667.
[I 2025-05-15 08:10:47,788] Trial 1 finished with value: 0.7 and parameters: {'n_estimators': 193, 'max_depth': 3, 'min_samples_split': 5, 'min_samples_leaf': 5}. Best is trial 0 with value: 0.7366666666666667.
[I 2025-05-15 08:10:48,620] Trial 2 finished with value: 0.72 and parameters: {'n_estimators': 309, 'max_depth': 11, 'min_samples_split': 6, 'min_samples_leaf': 6}. Best is trial 0 with value: 0.7366666666666667.
[I 2025-05-15 08:10:49,703] Trial 3 finished with value: 0.72 and parameters: {'n_estimators': 405, 'max_depth': 15, 'min_samples_split': 7, 'min_samples_leaf': 5}. Best is trial 0 with value: 0.7366666666666667.
[I 2025-05-15 08:10:50,313] Trial 4 finished with value: 0.68 and parameters: {'n_estimators': 215, 'max_depth': 20, 'min_samples_split': 5, 'min_samples_leaf': 3}. Best is trial 0 with value: 0.7366666666666667.
[I 2025-05-15 08:10:50,837] Trial 5 finished with value: 0.7 and parameters: {'n_estimators': 126, 'max_depth': 20, 'min_samples_split': 3, 'min_samples_leaf': 4}. Best is trial 0 with value: 0.7366666666666667.
[I 2025-05-15 08:10:51,311] Trial 6 finished with value: 0.7033333333333334 and parameters: {'n_estimators': 128, 'max_depth': 7, 'min_samples_split': 5, 'min_samples_leaf': 9}. Best is trial 0 with value: 0.7366666666666667.
[I 2025-05-15 08:10:52,121] Trial 7 finished with value: 0.7033333333333334 and parameters: {'n_estimators': 238, 'max_depth': 20, 'min_samples_split': 2, 'min_samples_leaf': 4}. Best is trial 0 with value: 0.7366666666666667.
[I 2025-05-15 08:10:53,340] Trial 8 finished with value: 0.6799999999999999 and parameters: {'n_estimators': 252, 'max_depth': 16, 'min_samples_split': 10, 'min_samples_leaf': 4}. Best is trial 0 with value: 0.7366666666666667.
[I 2025-05-15 08:10:54,612] Trial 9 finished with value: 0.72 and parameters: {'n_estimators': 273, 'max_depth': 7, 'min_samples_split': 9, 'min_samples_leaf': 7}. Best is trial 0 with value: 0.7366666666666667.
[I 2025-05-15 08:10:56,626] Trial 10 finished with value: 0.7033333333333334 and parameters: {'n_estimators': 498, 'max_depth': 15, 'min_samples_split': 8, 'min_samples_leaf': 10}. Best is trial 0 with value: 0.7366666666666667.
[I 2025-05-15 08:11:00,975] Trial 11 finished with value: 0.7 and parameters: {'n_estimators': 363, 'max_depth': 11, 'min_samples_split': 7, 'min_samples_leaf': 1}. Best is trial 0 with value: 0.7366666666666667.
[I 2025-05-15 08:11:05,295] Trial 12 finished with value: 0.7 and parameters: {'n_estimators': 351, 'max_depth': 10, 'min_samples_split': 10, 'min_samples_leaf': 7}. Best is trial 0 with value: 0.7366666666666667.
[I 2025-05-15 08:11:07,234] Trial 13 finished with value: 0.7166666666666668 and parameters: {'n_estimators': 489, 'max_depth': 13, 'min_samples_split': 7, 'min_samples_leaf': 7}. Best is trial 0 with value: 0.7366666666666667.
[I 2025-05-15 08:11:10,097] Trial 14 finished with value: 0.6633333333333333 and parameters: {'n_estimators': 433, 'max_depth': 8, 'min_samples_split': 4, 'min_samples_leaf': 8}. Best is trial 0 with value: 0.7366666666666667.
[I 2025-05-15 08:11:11,233] Trial 15 finished with value: 0.7366666666666667 and parameters: {'n_estimators': 317, 'max_depth': 17, 'min_samples_split': 8, 'min_samples_leaf': 6}. Best is trial 0 with value: 0.7366666666666667.
[I 2025-05-15 08:11:12,682] Trial 16 finished with value: 0.7 and parameters: {'n_estimators': 432, 'max_depth': 17, 'min_samples_split': 9, 'min_samples_leaf': 2}. Best is trial 0 with value: 0.7366666666666667.
[I 2025-05-15 08:11:14,177] Trial 17 finished with value: 0.7166666666666668 and parameters: {'n_estimators': 309, 'max_depth': 18, 'min_samples_split': 8, 'min_samples_leaf': 6}. Best is trial 0 with value: 0.7366666666666667.
[I 2025-05-15 08:11:15,494] Trial 18 finished with value: 0.7 and parameters: {'n_estimators': 372, 'max_depth': 18, 'min_samples_split': 9, 'min_samples_leaf': 8}. Best is trial 0 with value: 0.7366666666666667.
[I 2025-05-15 08:11:17,024] Trial 19 finished with value: 0.7433333333333334 and parameters: {'n_estimators': 453, 'max_depth': 13, 'min_samples_split': 8, 'min_samples_leaf': 10}. Best is trial 19 with value: 0.7433333333333334.
[I 2025-05-15 08:11:18,891] Trial 20 finished with value: 0.78 and parameters: {'n_estimators': 454, 'max_depth': 13, 'min_samples_split': 10, 'min_samples_leaf': 10}. Best is trial 20 with value: 0.78.
[I 2025-05-15 08:11:20,606] Trial 21 finished with value: 0.6866666666666668 and parameters: {'n_estimators': 451, 'max_depth': 13, 'min_samples_split': 10, 'min_samples_leaf': 10}. Best is trial 20 with value: 0.78.
[I 2025-05-15 08:11:22,439] Trial 22 finished with value: 0.7033333333333334 and parameters: {'n_estimators': 468, 'max_depth': 13, 'min_samples_split': 9, 'min_samples_leaf': 9}. Best is trial 20 with value: 0.78.
[I 2025-05-15 08:11:24,019] Trial 23 finished with value: 0.72 and parameters: {'n_estimators': 401, 'max_depth': 9, 'min_samples_split': 10, 'min_samples_leaf': 9}. Best is trial 20 with value: 0.78.
[I 2025-05-15 08:11:25,453] Trial 24 finished with value: 0.7033333333333334 and parameters: {'n_estimators': 417, 'max_depth': 4, 'min_samples_split': 8, 'min_samples_leaf': 10}. Best is trial 20 with value: 0.78.
[I 2025-05-15 08:11:27,472] Trial 25 finished with value: 0.7 and parameters: {'n_estimators': 470, 'max_depth': 14, 'min_samples_split': 9, 'min_samples_leaf': 8}. Best is trial 20 with value: 0.78.
[I 2025-05-15 08:11:29,220] Trial 26 finished with value: 0.7033333333333335 and parameters: {'n_estimators': 385, 'max_depth': 12, 'min_samples_split': 10, 'min_samples_leaf': 9}. Best is trial 20 with value: 0.78.
[I 2025-05-15 08:11:30,566] Trial 27 finished with value: 0.7433333333333334 and parameters: {'n_estimators': 339, 'max_depth': 6, 'min_samples_split': 7, 'min_samples_leaf': 10}. Best is trial 20 with value: 0.78.
[I 2025-05-15 08:11:31,963] Trial 28 finished with value: 0.7766666666666666 and parameters: {'n_estimators': 345, 'max_depth': 6, 'min_samples_split': 6, 'min_samples_leaf': 10}. Best is trial 20 with value: 0.78.
[I 2025-05-15 08:11:33,687] Trial 29 finished with value: 0.74 and parameters: {'n_estimators': 442, 'max_depth': 5, 'min_samples_split': 6, 'min_samples_leaf': 10}. Best is trial 20 with value: 0.78.
[I 2025-05-15 08:11:47,716] A new study created in memory with name: svc
Parámetros guardados en checkpoint_default_Doriginal_H/random/IPC_27/best_models_random_seed_8_space_original/rf_best_params.json


>>> Optuna tuning svc metodo random IPC 27 seed 8


[I 2025-05-15 08:11:50,242] Trial 0 finished with value: 0.5833333333333333 and parameters: {'C': 31.168622654226873, 'gamma': 0.7484497562485191}. Best is trial 0 with value: 0.5833333333333333.
[I 2025-05-15 08:11:50,429] Trial 1 finished with value: 0.6700000000000002 and parameters: {'C': 29.976309274600954, 'gamma': 0.013286872459026702}. Best is trial 1 with value: 0.6700000000000002.
[I 2025-05-15 08:11:50,456] Trial 2 finished with value: 0.52 and parameters: {'C': 0.08529298465080307, 'gamma': 0.00011106960237430257}. Best is trial 1 with value: 0.6700000000000002.
[I 2025-05-15 08:11:50,490] Trial 3 finished with value: 0.52 and parameters: {'C': 0.5270784658374341, 'gamma': 0.004068229457500922}. Best is trial 1 with value: 0.6700000000000002.
[I 2025-05-15 08:11:50,514] Trial 4 finished with value: 0.52 and parameters: {'C': 1.2322495987505253, 'gamma': 0.008195343912941565}. Best is trial 1 with value: 0.6700000000000002.
[I 2025-05-15 08:11:50,539] Trial 5 finished with value: 0.6699999999999999 and parameters: {'C': 1.6650446929687996, 'gamma': 0.014912280706161869}. Best is trial 1 with value: 0.6700000000000002.
[I 2025-05-15 08:11:50,564] Trial 6 finished with value: 0.65 and parameters: {'C': 11.055599623279033, 'gamma': 0.07071284267178823}. Best is trial 1 with value: 0.6700000000000002.
[I 2025-05-15 08:11:50,586] Trial 7 finished with value: 0.6566666666666666 and parameters: {'C': 3.0111222251271013, 'gamma': 0.00506252384623837}. Best is trial 1 with value: 0.6700000000000002.
[I 2025-05-15 08:11:50,611] Trial 8 finished with value: 0.52 and parameters: {'C': 0.1433177931243846, 'gamma': 0.7859971382309453}. Best is trial 1 with value: 0.6700000000000002.
[I 2025-05-15 08:11:50,639] Trial 9 finished with value: 0.52 and parameters: {'C': 0.21631975482828378, 'gamma': 0.0007502469581683287}. Best is trial 1 with value: 0.6700000000000002.
[I 2025-05-15 08:11:50,672] Trial 10 finished with value: 0.5933333333333334 and parameters: {'C': 93.71621785255695, 'gamma': 0.10527818045462897}. Best is trial 1 with value: 0.6700000000000002.
[I 2025-05-15 08:11:51,950] Trial 11 finished with value: 0.5599999999999999 and parameters: {'C': 0.018574335584703686, 'gamma': 0.0440285598902559}. Best is trial 1 with value: 0.6700000000000002.
[I 2025-05-15 08:11:53,521] Trial 12 finished with value: 0.7033333333333334 and parameters: {'C': 5.271902124738621, 'gamma': 0.024675070610413904}. Best is trial 12 with value: 0.7033333333333334.
[I 2025-05-15 08:11:53,552] Trial 13 finished with value: 0.5900000000000001 and parameters: {'C': 7.985359244246447, 'gamma': 0.0012555526449409707}. Best is trial 12 with value: 0.7033333333333334.
[I 2025-05-15 08:11:53,587] Trial 14 finished with value: 0.6666666666666667 and parameters: {'C': 95.55069067475432, 'gamma': 0.0246548847635577}. Best is trial 12 with value: 0.7033333333333334.
[I 2025-05-15 08:11:53,674] Trial 15 finished with value: 0.5700000000000001 and parameters: {'C': 10.880563361969578, 'gamma': 0.18016699299428043}. Best is trial 12 with value: 0.7033333333333334.
[I 2025-05-15 08:11:53,753] Trial 16 finished with value: 0.7066666666666667 and parameters: {'C': 32.49457578878123, 'gamma': 0.000816448388031966}. Best is trial 16 with value: 0.7066666666666667.
[I 2025-05-15 08:11:53,796] Trial 17 finished with value: 0.52 and parameters: {'C': 3.70843193283997, 'gamma': 0.0001500989379474464}. Best is trial 16 with value: 0.7066666666666667.
[I 2025-05-15 08:11:53,844] Trial 18 finished with value: 0.71 and parameters: {'C': 28.12960408632424, 'gamma': 0.0006502627679680043}. Best is trial 18 with value: 0.71.
[I 2025-05-15 08:11:53,911] Trial 19 finished with value: 0.7133333333333333 and parameters: {'C': 25.866921337113393, 'gamma': 0.0005814871429177125}. Best is trial 19 with value: 0.7133333333333333.
[I 2025-05-15 08:11:53,944] Trial 20 finished with value: 0.4666666666666667 and parameters: {'C': 16.946263787240895, 'gamma': 0.0003060829187824379}. Best is trial 19 with value: 0.7133333333333333.
[I 2025-05-15 08:11:53,988] Trial 21 finished with value: 0.7033333333333334 and parameters: {'C': 37.621973869175775, 'gamma': 0.0011664251833174732}. Best is trial 19 with value: 0.7133333333333333.
[I 2025-05-15 08:11:54,039] Trial 22 finished with value: 0.71 and parameters: {'C': 44.12268302137399, 'gamma': 0.0004163024919793022}. Best is trial 19 with value: 0.7133333333333333.
[I 2025-05-15 08:11:54,119] Trial 23 finished with value: 0.6900000000000001 and parameters: {'C': 60.90889791634598, 'gamma': 0.0003187354107652293}. Best is trial 19 with value: 0.7133333333333333.
[I 2025-05-15 08:11:55,625] Trial 24 finished with value: 0.7033333333333334 and parameters: {'C': 15.065584392793935, 'gamma': 0.002376398027682469}. Best is trial 19 with value: 0.7133333333333333.
[I 2025-05-15 08:11:55,649] Trial 25 finished with value: 0.4666666666666667 and parameters: {'C': 20.14910569370859, 'gamma': 0.0002552431803811878}. Best is trial 19 with value: 0.7133333333333333.
[I 2025-05-15 08:11:55,711] Trial 26 finished with value: 0.7233333333333334 and parameters: {'C': 54.87031057594781, 'gamma': 0.0005055733556857605}. Best is trial 26 with value: 0.7233333333333334.
[I 2025-05-15 08:11:55,760] Trial 27 finished with value: 0.6766666666666665 and parameters: {'C': 6.608063165925578, 'gamma': 0.002166117361609169}. Best is trial 26 with value: 0.7233333333333334.
[I 2025-05-15 08:11:55,835] Trial 28 finished with value: 0.52 and parameters: {'C': 0.5054681549681714, 'gamma': 0.0005782082787707209}. Best is trial 26 with value: 0.7233333333333334.
[I 2025-05-15 08:11:55,885] Trial 29 finished with value: 0.52 and parameters: {'C': 2.37918081909614, 'gamma': 0.00018336485130197302}. Best is trial 26 with value: 0.7233333333333334.
[I 2025-05-15 08:12:04,215] A new study created in memory with name: logreg
Parámetros guardados en checkpoint_default_Doriginal_H/random/IPC_27/best_models_random_seed_8_space_original/svc_best_params.json


>>> Optuna tuning logreg metodo random IPC 27 seed 8


[I 2025-05-15 08:12:05,990] Trial 0 finished with value: 0.7166666666666666 and parameters: {'C': 23.288794782471303, 'penalty': 'l2'}. Best is trial 0 with value: 0.7166666666666666.
[I 2025-05-15 08:12:06,026] Trial 1 finished with value: 0.7166666666666666 and parameters: {'C': 69.61507800412923, 'penalty': 'l2'}. Best is trial 0 with value: 0.7166666666666666.
[I 2025-05-15 08:12:06,071] Trial 2 finished with value: 0.7166666666666666 and parameters: {'C': 22.180569925473442, 'penalty': 'l2'}. Best is trial 0 with value: 0.7166666666666666.
[I 2025-05-15 08:12:06,105] Trial 3 finished with value: 0.7466666666666667 and parameters: {'C': 0.4511058486037652, 'penalty': 'l2'}. Best is trial 3 with value: 0.7466666666666667.
[I 2025-05-15 08:12:06,129] Trial 4 finished with value: 0.6566666666666666 and parameters: {'C': 0.014576110093994574, 'penalty': 'l2'}. Best is trial 3 with value: 0.7466666666666667.
[I 2025-05-15 08:12:06,154] Trial 5 finished with value: 0.52 and parameters: {'C': 0.0011402340906886685, 'penalty': 'l2'}. Best is trial 3 with value: 0.7466666666666667.
[I 2025-05-15 08:12:06,178] Trial 6 finished with value: 0.6900000000000001 and parameters: {'C': 0.14201822862985758, 'penalty': 'l2'}. Best is trial 3 with value: 0.7466666666666667.
[I 2025-05-15 08:12:06,202] Trial 7 finished with value: 0.71 and parameters: {'C': 0.1027440782219989, 'penalty': 'l2'}. Best is trial 3 with value: 0.7466666666666667.
[I 2025-05-15 08:12:06,237] Trial 8 finished with value: 0.7466666666666667 and parameters: {'C': 0.41055690122086846, 'penalty': 'l2'}. Best is trial 3 with value: 0.7466666666666667.
[I 2025-05-15 08:12:06,262] Trial 9 finished with value: 0.6900000000000001 and parameters: {'C': 0.24658064201770763, 'penalty': 'l2'}. Best is trial 3 with value: 0.7466666666666667.
[I 2025-05-15 08:12:06,291] Trial 10 finished with value: 0.7333333333333334 and parameters: {'C': 4.054933242818742, 'penalty': 'l2'}. Best is trial 3 with value: 0.7466666666666667.
[I 2025-05-15 08:12:08,020] Trial 11 finished with value: 0.75 and parameters: {'C': 1.8807017576613405, 'penalty': 'l2'}. Best is trial 11 with value: 0.75.
[I 2025-05-15 08:12:09,487] Trial 12 finished with value: 0.7333333333333334 and parameters: {'C': 2.1642754386634397, 'penalty': 'l2'}. Best is trial 11 with value: 0.75.
[I 2025-05-15 08:12:09,524] Trial 13 finished with value: 0.7333333333333334 and parameters: {'C': 2.016824464087347, 'penalty': 'l2'}. Best is trial 11 with value: 0.75.
[I 2025-05-15 08:12:09,552] Trial 14 finished with value: 0.6566666666666666 and parameters: {'C': 0.01877168954008985, 'penalty': 'l2'}. Best is trial 11 with value: 0.75.
[I 2025-05-15 08:12:09,581] Trial 15 finished with value: 0.7466666666666667 and parameters: {'C': 1.1098257595156027, 'penalty': 'l2'}. Best is trial 11 with value: 0.75.
[I 2025-05-15 08:12:09,611] Trial 16 finished with value: 0.6766666666666667 and parameters: {'C': 0.02965138365898236, 'penalty': 'l2'}. Best is trial 11 with value: 0.75.
[I 2025-05-15 08:12:09,643] Trial 17 finished with value: 0.6966666666666667 and parameters: {'C': 12.12933382910638, 'penalty': 'l2'}. Best is trial 11 with value: 0.75.
[I 2025-05-15 08:12:09,693] Trial 18 finished with value: 0.7466666666666667 and parameters: {'C': 0.4901530351231758, 'penalty': 'l2'}. Best is trial 11 with value: 0.75.
[I 2025-05-15 08:12:09,722] Trial 19 finished with value: 0.7300000000000001 and parameters: {'C': 6.327707718886304, 'penalty': 'l2'}. Best is trial 11 with value: 0.75.
[I 2025-05-15 08:12:09,751] Trial 20 finished with value: 0.5833333333333334 and parameters: {'C': 0.0035266609790506193, 'penalty': 'l2'}. Best is trial 11 with value: 0.75.
[I 2025-05-15 08:12:09,780] Trial 21 finished with value: 0.7466666666666667 and parameters: {'C': 0.5826239874455819, 'penalty': 'l2'}. Best is trial 11 with value: 0.75.
[I 2025-05-15 08:12:09,809] Trial 22 finished with value: 0.6900000000000001 and parameters: {'C': 0.07827709647448117, 'penalty': 'l2'}. Best is trial 11 with value: 0.75.
[I 2025-05-15 08:12:09,849] Trial 23 finished with value: 0.7466666666666667 and parameters: {'C': 0.8610262538859256, 'penalty': 'l2'}. Best is trial 11 with value: 0.75.
[I 2025-05-15 08:12:09,882] Trial 24 finished with value: 0.6900000000000001 and parameters: {'C': 0.2615220507915334, 'penalty': 'l2'}. Best is trial 11 with value: 0.75.
[I 2025-05-15 08:12:09,914] Trial 25 finished with value: 0.6933333333333334 and parameters: {'C': 0.04122682858867672, 'penalty': 'l2'}. Best is trial 11 with value: 0.75.
[I 2025-05-15 08:12:09,943] Trial 26 finished with value: 0.7333333333333334 and parameters: {'C': 1.9377544904956536, 'penalty': 'l2'}. Best is trial 11 with value: 0.75.
[I 2025-05-15 08:12:09,982] Trial 27 finished with value: 0.7333333333333334 and parameters: {'C': 4.851078035040948, 'penalty': 'l2'}. Best is trial 11 with value: 0.75.
[I 2025-05-15 08:12:10,011] Trial 28 finished with value: 0.6900000000000001 and parameters: {'C': 0.3124272975059634, 'penalty': 'l2'}. Best is trial 11 with value: 0.75.
[I 2025-05-15 08:12:10,061] Trial 29 finished with value: 0.7133333333333333 and parameters: {'C': 11.19785730058219, 'penalty': 'l2'}. Best is trial 11 with value: 0.75.
[I 2025-05-15 08:12:20,592] A new study created in memory with name: mlp
Parámetros guardados en checkpoint_default_Doriginal_H/random/IPC_27/best_models_random_seed_8_space_original/logreg_best_params.json


>>> Optuna tuning mlp metodo random IPC 27 seed 8


/data/home/rtabares/anaconda3/envs/pyth3.12/lib/python3.12/site-packages/sklearn/neural_network/_multilayer_perceptron.py:691: ConvergenceWarning: Stochastic Optimizer: Maximum iterations (50) reached and the optimization hasn't converged yet.
  warnings.warn(
/data/home/rtabares/anaconda3/envs/pyth3.12/lib/python3.12/site-packages/sklearn/neural_network/_multilayer_perceptron.py:691: ConvergenceWarning: Stochastic Optimizer: Maximum iterations (50) reached and the optimization hasn't converged yet.
  warnings.warn(
/data/home/rtabares/anaconda3/envs/pyth3.12/lib/python3.12/site-packages/sklearn/neural_network/_multilayer_perceptron.py:691: ConvergenceWarning: Stochastic Optimizer: Maximum iterations (50) reached and the optimization hasn't converged yet.
  warnings.warn(
/data/home/rtabares/anaconda3/envs/pyth3.12/lib/python3.12/site-packages/sklearn/neural_network/_multilayer_perceptron.py:691: ConvergenceWarning: Stochastic Optimizer: Maximum iterations (50) reached and the optimization hasn't converged yet.
  warnings.warn(
/data/home/rtabares/anaconda3/envs/pyth3.12/lib/python3.12/site-packages/sklearn/neural_network/_multilayer_perceptron.py:691: ConvergenceWarning: Stochastic Optimizer: Maximum iterations (50) reached and the optimization hasn't converged yet.
  warnings.warn(
