[I 2025-05-15 07:39:33,949] Trial 14 finished with value: 0.675 and parameters: {'n_estimators': 312, 'max_depth': 20, 'min_samples_split': 5, 'min_samples_leaf': 1}. Best is trial 1 with value: 0.7.
[I 2025-05-15 07:39:35,316] Trial 15 finished with value: 0.4999999999999999 and parameters: {'n_estimators': 433, 'max_depth': 3, 'min_samples_split': 6, 'min_samples_leaf': 7}. Best is trial 1 with value: 0.7.
[I 2025-05-15 07:39:35,950] Trial 16 finished with value: 0.5916666666666667 and parameters: {'n_estimators': 182, 'max_depth': 10, 'min_samples_split': 4, 'min_samples_leaf': 4}. Best is trial 1 with value: 0.7.
[I 2025-05-15 07:39:36,682] Trial 17 finished with value: 0.5 and parameters: {'n_estimators': 302, 'max_depth': 9, 'min_samples_split': 8, 'min_samples_leaf': 8}. Best is trial 1 with value: 0.7.
[I 2025-05-15 07:39:38,137] Trial 18 finished with value: 0.725 and parameters: {'n_estimators': 409, 'max_depth': 15, 'min_samples_split': 10, 'min_samples_leaf': 2}. Best is trial 18 with value: 0.725.
[I 2025-05-15 07:39:39,242] Trial 19 finished with value: 0.675 and parameters: {'n_estimators': 416, 'max_depth': 15, 'min_samples_split': 10, 'min_samples_leaf': 2}. Best is trial 18 with value: 0.725.
[I 2025-05-15 07:39:40,499] Trial 20 finished with value: 0.5 and parameters: {'n_estimators': 483, 'max_depth': 19, 'min_samples_split': 9, 'min_samples_leaf': 8}. Best is trial 18 with value: 0.725.
[I 2025-05-15 07:39:41,667] Trial 21 finished with value: 0.6 and parameters: {'n_estimators': 399, 'max_depth': 12, 'min_samples_split': 9, 'min_samples_leaf': 2}. Best is trial 18 with value: 0.725.
[I 2025-05-15 07:39:42,506] Trial 22 finished with value: 0.625 and parameters: {'n_estimators': 327, 'max_depth': 15, 'min_samples_split': 7, 'min_samples_leaf': 4}. Best is trial 18 with value: 0.725.
[I 2025-05-15 07:39:44,103] Trial 23 finished with value: 0.625 and parameters: {'n_estimators': 352, 'max_depth': 13, 'min_samples_split': 8, 'min_samples_leaf': 4}. Best is trial 18 with value: 0.725.
[I 2025-05-15 07:39:45,515] Trial 24 finished with value: 0.6 and parameters: {'n_estimators': 275, 'max_depth': 17, 'min_samples_split': 10, 'min_samples_leaf': 2}. Best is trial 18 with value: 0.725.
[I 2025-05-15 07:39:47,221] Trial 25 finished with value: 0.5499999999999999 and parameters: {'n_estimators': 376, 'max_depth': 11, 'min_samples_split': 6, 'min_samples_leaf': 7}. Best is trial 18 with value: 0.725.
[I 2025-05-15 07:39:49,313] Trial 26 finished with value: 0.725 and parameters: {'n_estimators': 456, 'max_depth': 8, 'min_samples_split': 9, 'min_samples_leaf': 1}. Best is trial 18 with value: 0.725.
[I 2025-05-15 07:39:50,791] Trial 27 finished with value: 0.575 and parameters: {'n_estimators': 457, 'max_depth': 14, 'min_samples_split': 9, 'min_samples_leaf': 1}. Best is trial 18 with value: 0.725.
[I 2025-05-15 07:39:53,116] Trial 28 finished with value: 0.675 and parameters: {'n_estimators': 493, 'max_depth': 9, 'min_samples_split': 10, 'min_samples_leaf': 2}. Best is trial 18 with value: 0.725.
[I 2025-05-15 07:39:55,035] Trial 29 finished with value: 0.625 and parameters: {'n_estimators': 466, 'max_depth': 18, 'min_samples_split': 8, 'min_samples_leaf': 1}. Best is trial 18 with value: 0.725.
[I 2025-05-15 07:40:08,275] A new study created in memory with name: svc
Parámetros guardados en checkpoint_default_Doriginal_H/craig/IPC_27/best_models_craig_seed_5_space_original/rf_best_params.json


>>> Optuna tuning svc metodo craig IPC 27 seed 5


[I 2025-05-15 07:40:09,863] Trial 0 finished with value: 0.5 and parameters: {'C': 0.07726319876517104, 'gamma': 0.3040389504793042}. Best is trial 0 with value: 0.5.
[I 2025-05-15 07:40:09,943] Trial 1 finished with value: 0.5 and parameters: {'C': 0.06712381339142241, 'gamma': 0.47254549996710477}. Best is trial 0 with value: 0.5.
[I 2025-05-15 07:40:09,959] Trial 2 finished with value: 0.475 and parameters: {'C': 0.8987621100554035, 'gamma': 0.027988231123708972}. Best is trial 0 with value: 0.5.
[I 2025-05-15 07:40:09,984] Trial 3 finished with value: 0.575 and parameters: {'C': 11.5779435007655, 'gamma': 0.011848734045499056}. Best is trial 3 with value: 0.575.
[I 2025-05-15 07:40:10,009] Trial 4 finished with value: 0.5 and parameters: {'C': 0.1538870258903583, 'gamma': 0.0005634883151169033}. Best is trial 3 with value: 0.575.
[I 2025-05-15 07:40:10,024] Trial 5 finished with value: 0.5 and parameters: {'C': 0.021036092656561454, 'gamma': 0.08990030906808326}. Best is trial 3 with value: 0.575.
[I 2025-05-15 07:40:10,040] Trial 6 finished with value: 0.5 and parameters: {'C': 0.5824208201678516, 'gamma': 0.00042977333932534993}. Best is trial 3 with value: 0.575.
[I 2025-05-15 07:40:10,064] Trial 7 finished with value: 0.525 and parameters: {'C': 33.09391330085814, 'gamma': 0.001248377256719358}. Best is trial 3 with value: 0.575.
[I 2025-05-15 07:40:10,089] Trial 8 finished with value: 0.5 and parameters: {'C': 0.45387898639622015, 'gamma': 0.0015286910781809498}. Best is trial 3 with value: 0.575.
[I 2025-05-15 07:40:10,105] Trial 9 finished with value: 0.55 and parameters: {'C': 3.274550070431994, 'gamma': 0.02086177421469992}. Best is trial 3 with value: 0.575.
[I 2025-05-15 07:40:10,140] Trial 10 finished with value: 0.675 and parameters: {'C': 90.06440757156173, 'gamma': 0.004099569284748027}. Best is trial 10 with value: 0.675.
[I 2025-05-15 07:40:10,930] Trial 11 finished with value: 0.625 and parameters: {'C': 92.61335740959598, 'gamma': 0.005097617049292433}. Best is trial 10 with value: 0.675.
[I 2025-05-15 07:40:11,763] Trial 12 finished with value: 0.675 and parameters: {'C': 96.55441532432658, 'gamma': 0.004169780988195255}. Best is trial 10 with value: 0.675.
[I 2025-05-15 07:40:11,789] Trial 13 finished with value: 0.6416666666666666 and parameters: {'C': 91.7724304789234, 'gamma': 0.0035434207762478306}. Best is trial 10 with value: 0.675.
[I 2025-05-15 07:40:11,832] Trial 14 finished with value: 0.5 and parameters: {'C': 7.054833713733691, 'gamma': 0.00010410657631139162}. Best is trial 10 with value: 0.675.
[I 2025-05-15 07:40:11,858] Trial 15 finished with value: 0.575 and parameters: {'C': 23.18755514644597, 'gamma': 0.03644407739333394}. Best is trial 10 with value: 0.675.
[I 2025-05-15 07:40:11,889] Trial 16 finished with value: 0.475 and parameters: {'C': 3.061397902021056, 'gamma': 0.0045830939445312}. Best is trial 10 with value: 0.675.
[I 2025-05-15 07:40:11,913] Trial 17 finished with value: 0.5 and parameters: {'C': 36.92813687944803, 'gamma': 0.00014571551580927586}. Best is trial 10 with value: 0.675.
[I 2025-05-15 07:40:11,936] Trial 18 finished with value: 0.55 and parameters: {'C': 4.150248989922847, 'gamma': 0.09156428311925056}. Best is trial 10 with value: 0.675.
[I 2025-05-15 07:40:11,963] Trial 19 finished with value: 0.525 and parameters: {'C': 14.322382056958748, 'gamma': 0.0020104273318779214}. Best is trial 10 with value: 0.675.
[I 2025-05-15 07:40:11,989] Trial 20 finished with value: 0.625 and parameters: {'C': 53.91383357936406, 'gamma': 0.009300839072361186}. Best is trial 10 with value: 0.675.
[I 2025-05-15 07:40:12,017] Trial 21 finished with value: 0.6416666666666666 and parameters: {'C': 94.9521510328347, 'gamma': 0.0036622438902278063}. Best is trial 10 with value: 0.675.
[I 2025-05-15 07:40:12,045] Trial 22 finished with value: 0.55 and parameters: {'C': 95.52546796961872, 'gamma': 0.00039318214055747343}. Best is trial 10 with value: 0.675.
[I 2025-05-15 07:40:12,861] Trial 23 finished with value: 0.575 and parameters: {'C': 18.715007601061952, 'gamma': 0.010520633602019215}. Best is trial 10 with value: 0.675.
[I 2025-05-15 07:40:12,908] Trial 24 finished with value: 0.5 and parameters: {'C': 48.07860569089512, 'gamma': 0.001076103987759818}. Best is trial 10 with value: 0.675.
[I 2025-05-15 07:40:12,933] Trial 25 finished with value: 0.475 and parameters: {'C': 8.536462354525797, 'gamma': 0.0030328079791879722}. Best is trial 10 with value: 0.675.
[I 2025-05-15 07:40:12,963] Trial 26 finished with value: 0.425 and parameters: {'C': 1.908560562810443, 'gamma': 0.00709237052364263}. Best is trial 10 with value: 0.675.
[I 2025-05-15 07:40:12,988] Trial 27 finished with value: 0.55 and parameters: {'C': 48.086068369986165, 'gamma': 0.0007074758933560019}. Best is trial 10 with value: 0.675.
[I 2025-05-15 07:40:13,009] Trial 28 finished with value: 0.575 and parameters: {'C': 24.57108106442887, 'gamma': 0.06186021433848218}. Best is trial 10 with value: 0.675.
[I 2025-05-15 07:40:13,030] Trial 29 finished with value: 0.5 and parameters: {'C': 6.399258044436924, 'gamma': 0.20164848842047675}. Best is trial 10 with value: 0.675.
[I 2025-05-15 07:40:17,591] A new study created in memory with name: logreg
Parámetros guardados en checkpoint_default_Doriginal_H/craig/IPC_27/best_models_craig_seed_5_space_original/svc_best_params.json


>>> Optuna tuning logreg metodo craig IPC 27 seed 5


[I 2025-05-15 07:40:20,754] Trial 0 finished with value: 0.5 and parameters: {'C': 0.012881482725481003, 'penalty': 'l2'}. Best is trial 0 with value: 0.5.
[I 2025-05-15 07:40:20,917] Trial 1 finished with value: 0.6166666666666666 and parameters: {'C': 22.576755560681583, 'penalty': 'l2'}. Best is trial 1 with value: 0.6166666666666666.
[I 2025-05-15 07:40:20,943] Trial 2 finished with value: 0.5 and parameters: {'C': 0.010804278656839932, 'penalty': 'l2'}. Best is trial 1 with value: 0.6166666666666666.
[I 2025-05-15 07:40:20,979] Trial 3 finished with value: 0.6166666666666666 and parameters: {'C': 39.17910760336117, 'penalty': 'l2'}. Best is trial 1 with value: 0.6166666666666666.
[I 2025-05-15 07:40:21,004] Trial 4 finished with value: 0.65 and parameters: {'C': 0.2767298094062571, 'penalty': 'l2'}. Best is trial 4 with value: 0.65.
[I 2025-05-15 07:40:21,027] Trial 5 finished with value: 0.5833333333333333 and parameters: {'C': 1.1447728330837224, 'penalty': 'l2'}. Best is trial 4 with value: 0.65.
[I 2025-05-15 07:40:21,051] Trial 6 finished with value: 0.6166666666666666 and parameters: {'C': 6.753661388238877, 'penalty': 'l2'}. Best is trial 4 with value: 0.65.
[I 2025-05-15 07:40:21,076] Trial 7 finished with value: 0.6166666666666666 and parameters: {'C': 0.39092184460352974, 'penalty': 'l2'}. Best is trial 4 with value: 0.65.
[I 2025-05-15 07:40:21,101] Trial 8 finished with value: 0.55 and parameters: {'C': 0.03047912590082646, 'penalty': 'l2'}. Best is trial 4 with value: 0.65.
[I 2025-05-15 07:40:21,125] Trial 9 finished with value: 0.5 and parameters: {'C': 0.008681727362499118, 'penalty': 'l2'}. Best is trial 4 with value: 0.65.
[I 2025-05-15 07:40:21,154] Trial 10 finished with value: 0.5 and parameters: {'C': 0.0010280973566261366, 'penalty': 'l2'}. Best is trial 4 with value: 0.65.
[I 2025-05-15 07:40:21,953] Trial 11 finished with value: 0.6166666666666666 and parameters: {'C': 65.31936101889447, 'penalty': 'l2'}. Best is trial 4 with value: 0.65.
[I 2025-05-15 07:40:22,903] Trial 12 finished with value: 0.5916666666666666 and parameters: {'C': 3.2734581834135508, 'penalty': 'l2'}. Best is trial 4 with value: 0.65.
[I 2025-05-15 07:40:22,935] Trial 13 finished with value: 0.625 and parameters: {'C': 0.1097613278814853, 'penalty': 'l2'}. Best is trial 4 with value: 0.65.
[I 2025-05-15 07:40:22,955] Trial 14 finished with value: 0.625 and parameters: {'C': 0.0679569075857822, 'penalty': 'l2'}. Best is trial 4 with value: 0.65.
[I 2025-05-15 07:40:22,987] Trial 15 finished with value: 0.65 and parameters: {'C': 0.1567579217093108, 'penalty': 'l2'}. Best is trial 4 with value: 0.65.
[I 2025-05-15 07:40:23,019] Trial 16 finished with value: 0.5666666666666667 and parameters: {'C': 0.3825372169933075, 'penalty': 'l2'}. Best is trial 4 with value: 0.65.
[I 2025-05-15 07:40:23,051] Trial 17 finished with value: 0.65 and parameters: {'C': 0.1909991369328321, 'penalty': 'l2'}. Best is trial 4 with value: 0.65.
[I 2025-05-15 07:40:23,083] Trial 18 finished with value: 0.5916666666666666 and parameters: {'C': 2.0507738243425915, 'penalty': 'l2'}. Best is trial 4 with value: 0.65.
[I 2025-05-15 07:40:23,115] Trial 19 finished with value: 0.5 and parameters: {'C': 0.0018885878888968363, 'penalty': 'l2'}. Best is trial 4 with value: 0.65.
[I 2025-05-15 07:40:24,163] Trial 20 finished with value: 0.6166666666666666 and parameters: {'C': 0.7232290996235048, 'penalty': 'l2'}. Best is trial 4 with value: 0.65.
[I 2025-05-15 07:40:24,192] Trial 21 finished with value: 0.675 and parameters: {'C': 0.13947457514082132, 'penalty': 'l2'}. Best is trial 21 with value: 0.675.
[I 2025-05-15 07:40:24,211] Trial 22 finished with value: 0.575 and parameters: {'C': 0.05495888946119052, 'penalty': 'l2'}. Best is trial 21 with value: 0.675.
[I 2025-05-15 07:40:25,787] Trial 23 finished with value: 0.65 and parameters: {'C': 0.18625074809159228, 'penalty': 'l2'}. Best is trial 21 with value: 0.675.
[I 2025-05-15 07:40:25,822] Trial 24 finished with value: 0.55 and parameters: {'C': 0.029057287488633027, 'penalty': 'l2'}. Best is trial 21 with value: 0.675.
[I 2025-05-15 07:40:25,855] Trial 25 finished with value: 0.6166666666666666 and parameters: {'C': 0.6913574043968617, 'penalty': 'l2'}. Best is trial 21 with value: 0.675.
[I 2025-05-15 07:40:25,892] Trial 26 finished with value: 0.5666666666666667 and parameters: {'C': 4.858908833208602, 'penalty': 'l2'}. Best is trial 21 with value: 0.675.
[I 2025-05-15 07:40:25,927] Trial 27 finished with value: 0.675 and parameters: {'C': 0.1436894165803438, 'penalty': 'l2'}. Best is trial 21 with value: 0.675.
[I 2025-05-15 07:40:25,959] Trial 28 finished with value: 0.55 and parameters: {'C': 0.02639825769237871, 'penalty': 'l2'}. Best is trial 21 with value: 0.675.
[I 2025-05-15 07:40:25,994] Trial 29 finished with value: 0.5833333333333333 and parameters: {'C': 1.7150033659988098, 'penalty': 'l2'}. Best is trial 21 with value: 0.675.
[I 2025-05-15 07:40:32,421] A new study created in memory with name: mlp
Parámetros guardados en checkpoint_default_Doriginal_H/craig/IPC_27/best_models_craig_seed_5_space_original/logreg_best_params.json


>>> Optuna tuning mlp metodo craig IPC 27 seed 5


/data/home/rtabares/anaconda3/envs/pyth3.12/lib/python3.12/site-packages/sklearn/neural_network/_multilayer_perceptron.py:691: ConvergenceWarning: Stochastic Optimizer: Maximum iterations (50) reached and the optimization hasn't converged yet.
  warnings.warn(
/data/home/rtabares/anaconda3/envs/pyth3.12/lib/python3.12/site-packages/sklearn/neural_network/_multilayer_perceptron.py:691: ConvergenceWarning: Stochastic Optimizer: Maximum iterations (50) reached and the optimization hasn't converged yet.
  warnings.warn(
/data/home/rtabares/anaconda3/envs/pyth3.12/lib/python3.12/site-packages/sklearn/neural_network/_multilayer_perceptron.py:691: ConvergenceWarning: Stochastic Optimizer: Maximum iterations (50) reached and the optimization hasn't converged yet.
  warnings.warn(
/data/home/rtabares/anaconda3/envs/pyth3.12/lib/python3.12/site-packages/sklearn/neural_network/_multilayer_perceptron.py:691: ConvergenceWarning: Stochastic Optimizer: Maximum iterations (50) reached and the optimization hasn't converged yet.
  warnings.warn(
[I 2025-05-15 07:40:34,668] Trial 0 finished with value: 0.5916666666666666 and parameters: {'hidden_layer_sizes': (200,), 'max_iter': 50, 'alpha': 0.001}. Best is trial 0 with value: 0.5916666666666666.
/data/home/rtabares/anaconda3/envs/pyth3.12/lib/python3.12/site-packages/sklearn/neural_network/_multilayer_perceptron.py:691: ConvergenceWarning: Stochastic Optimizer: Maximum iterations (100) reached and the optimization hasn't converged yet.
  warnings.warn(
/data/home/rtabares/anaconda3/envs/pyth3.12/lib/python3.12/site-packages/sklearn/neural_network/_multilayer_perceptron.py:691: ConvergenceWarning: Stochastic Optimizer: Maximum iterations (100) reached and the optimization hasn't converged yet.
  warnings.warn(
/data/home/rtabares/anaconda3/envs/pyth3.12/lib/python3.12/site-packages/sklearn/neural_network/_multilayer_perceptron.py:691: ConvergenceWarning: Stochastic Optimizer: Maximum iterations (100) reached and the optimization hasn't converged yet.
  warnings.warn(
/data/home/rtabares/anaconda3/envs/pyth3.12/lib/python3.12/site-packages/sklearn/neural_network/_multilayer_perceptron.py:691: ConvergenceWarning: Stochastic Optimizer: Maximum iterations (100) reached and the optimization hasn't converged yet.
  warnings.warn(
/data/home/rtabares/anaconda3/envs/pyth3.12/lib/python3.12/site-packages/sklearn/neural_network/_multilayer_perceptron.py:691: ConvergenceWarning: Stochastic Optimizer: Maximum iterations (100) reached and the optimization hasn't converged yet.
  warnings.warn(
[I 2025-05-15 07:40:34,916] Trial 1 finished with value: 0.7 and parameters: {'hidden_layer_sizes': (100,), 'max_iter': 100, 'alpha': 0.0001}. Best is trial 1 with value: 0.7.
/data/home/rtabares/anaconda3/envs/pyth3.12/lib/python3.12/site-packages/sklearn/neural_network/_multilayer_perceptron.py:691: ConvergenceWarning: Stochastic Optimizer: Maximum iterations (100) reached and the optimization hasn't converged yet.
  warnings.warn(
/data/home/rtabares/anaconda3/envs/pyth3.12/lib/python3.12/site-packages/sklearn/neural_network/_multilayer_perceptron.py:691: ConvergenceWarning: Stochastic Optimizer: Maximum iterations (100) reached and the optimization hasn't converged yet.
  warnings.warn(
/data/home/rtabares/anaconda3/envs/pyth3.12/lib/python3.12/site-packages/sklearn/neural_network/_multilayer_perceptron.py:691: ConvergenceWarning: Stochastic Optimizer: Maximum iterations (100) reached and the optimization hasn't converged yet.
  warnings.warn(
/data/home/rtabares/anaconda3/envs/pyth3.12/lib/python3.12/site-packages/sklearn/neural_network/_multilayer_perceptron.py:691: ConvergenceWarning: Stochastic Optimizer: Maximum iterations (100) reached and the optimization hasn't converged yet.
  warnings.warn(
/data/home/rtabares/anaconda3/envs/pyth3.12/lib/python3.12/site-packages/sklearn/neural_network/_multilayer_perceptron.py:691: ConvergenceWarning: Stochastic Optimizer: Maximum iterations (100) reached and the optimization hasn't converged yet.
  warnings.warn(
[I 2025-05-15 07:40:35,044] Trial 2 finished with value: 0.5833333333333334 and parameters: {'hidden_layer_sizes': (100,), 'max_iter': 100, 'alpha': 0.001}. Best is trial 1 with value: 0.7.
/data/home/rtabares/anaconda3/envs/pyth3.12/lib/python3.12/site-packages/sklearn/neural_network/_multilayer_perceptron.py:691: ConvergenceWarning: Stochastic Optimizer: Maximum iterations (50) reached and the optimization hasn't converged yet.
  warnings.warn(
/data/home/rtabares/anaconda3/envs/pyth3.12/lib/python3.12/site-packages/sklearn/neural_network/_multilayer_perceptron.py:691: ConvergenceWarning: Stochastic Optimizer: Maximum iterations (50) reached and the optimization hasn't converged yet.
  warnings.warn(
/data/home/rtabares/anaconda3/envs/pyth3.12/lib/python3.12/site-packages/sklearn/neural_network/_multilayer_perceptron.py:691: ConvergenceWarning: Stochastic Optimizer: Maximum iterations (50) reached and the optimization hasn't converged yet.
  warnings.warn(
/data/home/rtabares/anaconda3/envs/pyth3.12/lib/python3.12/site-packages/sklearn/neural_network/_multilayer_perceptron.py:691: ConvergenceWarning: Stochastic Optimizer: Maximum iterations (50) reached and the optimization hasn't converged yet.
  warnings.warn(
/data/home/rtabares/anaconda3/envs/pyth3.12/lib/python3.12/site-packages/sklearn/neural_network/_multilayer_perceptron.py:691: ConvergenceWarning: Stochastic Optimizer: Maximum iterations (50) reached and the optimization hasn't converged yet.
  warnings.warn(
[I 2025-05-15 07:40:35,162] Trial 3 finished with value: 0.6333333333333333 and parameters: {'hidden_layer_sizes': (200,), 'max_iter': 50, 'alpha': 0.001}. Best is trial 1 with value: 0.7.
/data/home/rtabares/anaconda3/envs/pyth3.12/lib/python3.12/site-packages/sklearn/neural_network/_multilayer_perceptron.py:691: ConvergenceWarning: Stochastic Optimizer: Maximum iterations (100) reached and the optimization hasn't converged yet.
  warnings.warn(
/data/home/rtabares/anaconda3/envs/pyth3.12/lib/python3.12/site-packages/sklearn/neural_network/_multilayer_perceptron.py:691: ConvergenceWarning: Stochastic Optimizer: Maximum iterations (100) reached and the optimization hasn't converged yet.
  warnings.warn(
/data/home/rtabares/anaconda3/envs/pyth3.12/lib/python3.12/site-packages/sklearn/neural_network/_multilayer_perceptron.py:691: ConvergenceWarning: Stochastic Optimizer: Maximum iterations (100) reached and the optimization hasn't converged yet.
  warnings.warn(
/data/home/rtabares/anaconda3/envs/pyth3.12/lib/python3.12/site-packages/sklearn/neural_network/_multilayer_perceptron.py:691: ConvergenceWarning: Stochastic Optimizer: Maximum iterations (100) reached and the optimization hasn't converged yet.
  warnings.warn(
/data/home/rtabares/anaconda3/envs/pyth3.12/lib/python3.12/site-packages/sklearn/neural_network/_multilayer_perceptron.py:691: ConvergenceWarning: Stochastic Optimizer: Maximum iterations (100) reached and the optimization hasn't converged yet.
  warnings.warn(
