[I 2025-05-15 08:11:06,650] Trial 9 finished with value: 0.9527777777777778 and parameters: {'n_estimators': 100, 'max_depth': 5, 'gamma': 0.8003922413895069, 'subsample': 0.9436444759263674, 'colsample_bytree': 0.8374593849333938}. Best is trial 8 with value: 0.9638888888888889.
/data/home/rtabares/anaconda3/envs/pyth3.12/lib/python3.12/site-packages/xgboost/core.py:377: FutureWarning: Your system has an old version of glibc (< 2.28). We will stop supporting Linux distros with glibc older than 2.28 after **May 31, 2025**. Please upgrade to a recent Linux distro (with glibc >= 2.28) to use future versions of XGBoost.
Note: You have installed the 'manylinux2014' variant of XGBoost. Certain features such as GPU algorithms or federated learning are not available. To use these features, please upgrade to a recent Linux distro with glibc 2.28+, and install the 'manylinux_2_28' variant.
  warnings.warn(
/data/home/rtabares/anaconda3/envs/pyth3.12/lib/python3.12/site-packages/xgboost/core.py:377: FutureWarning: Your system has an old version of glibc (< 2.28). We will stop supporting Linux distros with glibc older than 2.28 after **May 31, 2025**. Please upgrade to a recent Linux distro (with glibc >= 2.28) to use future versions of XGBoost.
Note: You have installed the 'manylinux2014' variant of XGBoost. Certain features such as GPU algorithms or federated learning are not available. To use these features, please upgrade to a recent Linux distro with glibc 2.28+, and install the 'manylinux_2_28' variant.
  warnings.warn(
/data/home/rtabares/anaconda3/envs/pyth3.12/lib/python3.12/site-packages/xgboost/core.py:377: FutureWarning: Your system has an old version of glibc (< 2.28). We will stop supporting Linux distros with glibc older than 2.28 after **May 31, 2025**. Please upgrade to a recent Linux distro (with glibc >= 2.28) to use future versions of XGBoost.
Note: You have installed the 'manylinux2014' variant of XGBoost. Certain features such as GPU algorithms or federated learning are not available. To use these features, please upgrade to a recent Linux distro with glibc 2.28+, and install the 'manylinux_2_28' variant.
  warnings.warn(
[I 2025-05-15 08:11:06,741] Trial 10 finished with value: 0.9638888888888889 and parameters: {'n_estimators': 100, 'max_depth': 30, 'gamma': 0.13445536345660636, 'subsample': 0.7476805901551955, 'colsample_bytree': 0.6248970054409114}. Best is trial 8 with value: 0.9638888888888889.
[I 2025-05-15 08:11:06,850] Trial 11 finished with value: 0.9638888888888889 and parameters: {'n_estimators': 100, 'max_depth': 30, 'gamma': 0.10446661927675699, 'subsample': 0.7301327038899156, 'colsample_bytree': 0.6242216426747456}. Best is trial 8 with value: 0.9638888888888889.
/data/home/rtabares/anaconda3/envs/pyth3.12/lib/python3.12/site-packages/xgboost/core.py:377: FutureWarning: Your system has an old version of glibc (< 2.28). We will stop supporting Linux distros with glibc older than 2.28 after **May 31, 2025**. Please upgrade to a recent Linux distro (with glibc >= 2.28) to use future versions of XGBoost.
Note: You have installed the 'manylinux2014' variant of XGBoost. Certain features such as GPU algorithms or federated learning are not available. To use these features, please upgrade to a recent Linux distro with glibc 2.28+, and install the 'manylinux_2_28' variant.
  warnings.warn(
[I 2025-05-15 08:11:08,295] Trial 12 finished with value: 0.9638888888888889 and parameters: {'n_estimators': 100, 'max_depth': 30, 'gamma': 0.14185969212968175, 'subsample': 0.6413584085235382, 'colsample_bytree': 0.6321882957627458}. Best is trial 8 with value: 0.9638888888888889.
/data/home/rtabares/anaconda3/envs/pyth3.12/lib/python3.12/site-packages/xgboost/core.py:377: FutureWarning: Your system has an old version of glibc (< 2.28). We will stop supporting Linux distros with glibc older than 2.28 after **May 31, 2025**. Please upgrade to a recent Linux distro (with glibc >= 2.28) to use future versions of XGBoost.
Note: You have installed the 'manylinux2014' variant of XGBoost. Certain features such as GPU algorithms or federated learning are not available. To use these features, please upgrade to a recent Linux distro with glibc 2.28+, and install the 'manylinux_2_28' variant.
  warnings.warn(
[I 2025-05-15 08:11:09,787] Trial 13 finished with value: 0.9638888888888889 and parameters: {'n_estimators': 100, 'max_depth': 30, 'gamma': 0.2940530462207287, 'subsample': 0.8019186970411778, 'colsample_bytree': 0.5870164251513028}. Best is trial 8 with value: 0.9638888888888889.
/data/home/rtabares/anaconda3/envs/pyth3.12/lib/python3.12/site-packages/xgboost/core.py:377: FutureWarning: Your system has an old version of glibc (< 2.28). We will stop supporting Linux distros with glibc older than 2.28 after **May 31, 2025**. Please upgrade to a recent Linux distro (with glibc >= 2.28) to use future versions of XGBoost.
Note: You have installed the 'manylinux2014' variant of XGBoost. Certain features such as GPU algorithms or federated learning are not available. To use these features, please upgrade to a recent Linux distro with glibc 2.28+, and install the 'manylinux_2_28' variant.
  warnings.warn(
[I 2025-05-15 08:11:11,353] Trial 14 finished with value: 0.951388888888889 and parameters: {'n_estimators': 100, 'max_depth': 30, 'gamma': 0.30171423612469206, 'subsample': 0.7482734941828143, 'colsample_bytree': 0.5029247437275957}. Best is trial 8 with value: 0.9638888888888889.
/data/home/rtabares/anaconda3/envs/pyth3.12/lib/python3.12/site-packages/xgboost/core.py:377: FutureWarning: Your system has an old version of glibc (< 2.28). We will stop supporting Linux distros with glibc older than 2.28 after **May 31, 2025**. Please upgrade to a recent Linux distro (with glibc >= 2.28) to use future versions of XGBoost.
Note: You have installed the 'manylinux2014' variant of XGBoost. Certain features such as GPU algorithms or federated learning are not available. To use these features, please upgrade to a recent Linux distro with glibc 2.28+, and install the 'manylinux_2_28' variant.
  warnings.warn(
[I 2025-05-15 08:11:13,050] Trial 15 finished with value: 0.9402777777777779 and parameters: {'n_estimators': 100, 'max_depth': 30, 'gamma': 0.2971731557179943, 'subsample': 0.5136875763367752, 'colsample_bytree': 0.6871585773740464}. Best is trial 8 with value: 0.9638888888888889.
[I 2025-05-15 08:11:13,191] Trial 16 finished with value: 0.9527777777777778 and parameters: {'n_estimators': 40, 'max_depth': 5, 'gamma': 0.3920014867324031, 'subsample': 0.6446403232759388, 'colsample_bytree': 0.9928973939225177}. Best is trial 8 with value: 0.9638888888888889.
/data/home/rtabares/anaconda3/envs/pyth3.12/lib/python3.12/site-packages/xgboost/core.py:377: FutureWarning: Your system has an old version of glibc (< 2.28). We will stop supporting Linux distros with glibc older than 2.28 after **May 31, 2025**. Please upgrade to a recent Linux distro (with glibc >= 2.28) to use future versions of XGBoost.
Note: You have installed the 'manylinux2014' variant of XGBoost. Certain features such as GPU algorithms or federated learning are not available. To use these features, please upgrade to a recent Linux distro with glibc 2.28+, and install the 'manylinux_2_28' variant.
  warnings.warn(
[I 2025-05-15 08:11:14,361] Trial 17 finished with value: 0.9527777777777778 and parameters: {'n_estimators': 100, 'max_depth': 30, 'gamma': 0.21789874089489547, 'subsample': 0.8554091824812715, 'colsample_bytree': 0.6742119142218679}. Best is trial 8 with value: 0.9638888888888889.
[I 2025-05-15 08:11:14,479] Trial 18 finished with value: 0.9638888888888889 and parameters: {'n_estimators': 100, 'max_depth': 5, 'gamma': 0.4161671499706137, 'subsample': 0.7714560484745161, 'colsample_bytree': 0.5517828870091157}. Best is trial 8 with value: 0.9638888888888889.
[I 2025-05-15 08:11:14,601] Trial 19 finished with value: 0.9527777777777778 and parameters: {'n_estimators': 40, 'max_depth': 30, 'gamma': 0.6672929392846038, 'subsample': 0.7058677902940477, 'colsample_bytree': 0.821719767844121}. Best is trial 8 with value: 0.9638888888888889.
[I 2025-05-15 08:11:14,717] Trial 20 finished with value: 0.9416666666666667 and parameters: {'n_estimators': 100, 'max_depth': 30, 'gamma': 0.2012035003396748, 'subsample': 0.9961764358499778, 'colsample_bytree': 0.5909320667218542}. Best is trial 8 with value: 0.9638888888888889.
[I 2025-05-15 08:11:14,816] Trial 21 finished with value: 0.9638888888888889 and parameters: {'n_estimators': 100, 'max_depth': 30, 'gamma': 0.11987919896877305, 'subsample': 0.7364692119415158, 'colsample_bytree': 0.6227932583032116}. Best is trial 8 with value: 0.9638888888888889.
[I 2025-05-15 08:11:14,942] Trial 22 finished with value: 0.9416666666666668 and parameters: {'n_estimators': 100, 'max_depth': 30, 'gamma': 0.22044100102299685, 'subsample': 0.6139348779916635, 'colsample_bytree': 0.6728592631570088}. Best is trial 8 with value: 0.9638888888888889.
[I 2025-05-15 08:11:15,088] Trial 23 finished with value: 0.9638888888888889 and parameters: {'n_estimators': 100, 'max_depth': 30, 'gamma': 0.10278176245750642, 'subsample': 0.7348340371305935, 'colsample_bytree': 0.6123932038625418}. Best is trial 8 with value: 0.9638888888888889.
[I 2025-05-15 08:11:15,248] Trial 24 finished with value: 0.9638888888888889 and parameters: {'n_estimators': 100, 'max_depth': 30, 'gamma': 0.36640526082018554, 'subsample': 0.6662417698402398, 'colsample_bytree': 0.5566418840532259}. Best is trial 8 with value: 0.9638888888888889.
[I 2025-05-15 08:11:15,390] Trial 25 finished with value: 0.9527777777777778 and parameters: {'n_estimators': 100, 'max_depth': 5, 'gamma': 0.17697960128008175, 'subsample': 0.583496664208107, 'colsample_bytree': 0.6620600152013829}. Best is trial 8 with value: 0.9638888888888889.
[I 2025-05-15 08:11:15,508] Trial 26 finished with value: 0.9527777777777778 and parameters: {'n_estimators': 100, 'max_depth': 30, 'gamma': 0.2626872123152875, 'subsample': 0.7759909773098492, 'colsample_bytree': 0.7091843773932633}. Best is trial 8 with value: 0.9638888888888889.
[I 2025-05-15 08:11:15,671] Trial 27 finished with value: 0.9652777777777779 and parameters: {'n_estimators': 100, 'max_depth': 30, 'gamma': 0.34461411178684265, 'subsample': 0.7085583015130753, 'colsample_bytree': 0.7937552560850832}. Best is trial 27 with value: 0.9652777777777779.
[I 2025-05-15 08:11:15,739] Trial 28 finished with value: 0.9527777777777778 and parameters: {'n_estimators': 10, 'max_depth': 20, 'gamma': 0.4614027541854467, 'subsample': 0.7112645673933274, 'colsample_bytree': 0.7992604147945628}. Best is trial 27 with value: 0.9652777777777779.
[I 2025-05-15 08:11:15,814] Trial 29 finished with value: 0.9638888888888889 and parameters: {'n_estimators': 40, 'max_depth': 5, 'gamma': 0.6349256640700063, 'subsample': 0.5365408520307736, 'colsample_bytree': 0.8810406015238853}. Best is trial 27 with value: 0.9652777777777779.
[I 2025-05-15 08:12:02,060] A new study created in memory with name: rf
Parámetros guardados en checkpoint_adult_Doriginal_G/ag/IPC_43/best_models_ag_seed_7_space_original/xgb_best_params.json


>>> Optuna tuning rf metodo ag IPC 43 seed 7


[I 2025-05-15 08:12:04,876] Trial 0 finished with value: 0.9416666666666667 and parameters: {'n_estimators': 130, 'max_depth': 17, 'min_samples_split': 5, 'min_samples_leaf': 8}. Best is trial 0 with value: 0.9416666666666667.
[I 2025-05-15 08:12:07,013] Trial 1 finished with value: 0.9291666666666668 and parameters: {'n_estimators': 492, 'max_depth': 12, 'min_samples_split': 6, 'min_samples_leaf': 1}. Best is trial 0 with value: 0.9416666666666667.
[I 2025-05-15 08:12:07,815] Trial 2 finished with value: 0.9402777777777779 and parameters: {'n_estimators': 207, 'max_depth': 11, 'min_samples_split': 8, 'min_samples_leaf': 9}. Best is trial 0 with value: 0.9416666666666667.
[I 2025-05-15 08:12:08,661] Trial 3 finished with value: 0.9416666666666667 and parameters: {'n_estimators': 252, 'max_depth': 4, 'min_samples_split': 4, 'min_samples_leaf': 10}. Best is trial 0 with value: 0.9416666666666667.
[I 2025-05-15 08:12:09,379] Trial 4 finished with value: 0.9291666666666668 and parameters: {'n_estimators': 185, 'max_depth': 11, 'min_samples_split': 10, 'min_samples_leaf': 1}. Best is trial 0 with value: 0.9416666666666667.
[I 2025-05-15 08:12:10,727] Trial 5 finished with value: 0.9402777777777779 and parameters: {'n_estimators': 340, 'max_depth': 20, 'min_samples_split': 4, 'min_samples_leaf': 6}. Best is trial 0 with value: 0.9416666666666667.
[I 2025-05-15 08:12:12,541] Trial 6 finished with value: 0.9291666666666666 and parameters: {'n_estimators': 464, 'max_depth': 5, 'min_samples_split': 6, 'min_samples_leaf': 8}. Best is trial 0 with value: 0.9416666666666667.
[I 2025-05-15 08:12:13,580] Trial 7 finished with value: 0.9402777777777779 and parameters: {'n_estimators': 368, 'max_depth': 11, 'min_samples_split': 3, 'min_samples_leaf': 5}. Best is trial 0 with value: 0.9416666666666667.
[I 2025-05-15 08:12:14,290] Trial 8 finished with value: 0.9180555555555555 and parameters: {'n_estimators': 249, 'max_depth': 11, 'min_samples_split': 5, 'min_samples_leaf': 9}. Best is trial 0 with value: 0.9416666666666667.
[I 2025-05-15 08:12:15,872] Trial 9 finished with value: 0.9402777777777779 and parameters: {'n_estimators': 408, 'max_depth': 8, 'min_samples_split': 7, 'min_samples_leaf': 3}. Best is trial 0 with value: 0.9416666666666667.
[I 2025-05-15 08:12:16,497] Trial 10 finished with value: 0.9402777777777779 and parameters: {'n_estimators': 156, 'max_depth': 19, 'min_samples_split': 2, 'min_samples_leaf': 7}. Best is trial 0 with value: 0.9416666666666667.
[I 2025-05-15 08:12:17,899] Trial 11 finished with value: 0.9180555555555555 and parameters: {'n_estimators': 126, 'max_depth': 16, 'min_samples_split': 4, 'min_samples_leaf': 10}. Best is trial 0 with value: 0.9416666666666667.
[I 2025-05-15 08:12:20,241] Trial 12 finished with value: 0.9291666666666668 and parameters: {'n_estimators': 262, 'max_depth': 4, 'min_samples_split': 2, 'min_samples_leaf': 10}. Best is trial 0 with value: 0.9416666666666667.
[I 2025-05-15 08:12:21,930] Trial 13 finished with value: 0.9402777777777779 and parameters: {'n_estimators': 100, 'max_depth': 16, 'min_samples_split': 4, 'min_samples_leaf': 8}. Best is trial 0 with value: 0.9416666666666667.
[I 2025-05-15 08:12:22,892] Trial 14 finished with value: 0.9291666666666668 and parameters: {'n_estimators': 302, 'max_depth': 7, 'min_samples_split': 5, 'min_samples_leaf': 5}. Best is trial 0 with value: 0.9416666666666667.
[I 2025-05-15 08:12:23,806] Trial 15 finished with value: 0.9180555555555555 and parameters: {'n_estimators': 223, 'max_depth': 16, 'min_samples_split': 8, 'min_samples_leaf': 7}. Best is trial 0 with value: 0.9416666666666667.
[I 2025-05-15 08:12:24,944] Trial 16 finished with value: 0.9402777777777779 and parameters: {'n_estimators': 291, 'max_depth': 14, 'min_samples_split': 3, 'min_samples_leaf': 10}. Best is trial 0 with value: 0.9416666666666667.
[I 2025-05-15 08:12:25,795] Trial 17 finished with value: 0.9527777777777778 and parameters: {'n_estimators': 162, 'max_depth': 3, 'min_samples_split': 6, 'min_samples_leaf': 8}. Best is trial 17 with value: 0.9527777777777778.
[I 2025-05-15 08:12:26,382] Trial 18 finished with value: 0.9416666666666667 and parameters: {'n_estimators': 159, 'max_depth': 8, 'min_samples_split': 7, 'min_samples_leaf': 6}. Best is trial 17 with value: 0.9527777777777778.
[I 2025-05-15 08:12:26,843] Trial 19 finished with value: 0.9402777777777779 and parameters: {'n_estimators': 111, 'max_depth': 18, 'min_samples_split': 10, 'min_samples_leaf': 4}. Best is trial 17 with value: 0.9527777777777778.
[I 2025-05-15 08:12:27,199] Trial 20 finished with value: 0.9402777777777779 and parameters: {'n_estimators': 156, 'max_depth': 14, 'min_samples_split': 8, 'min_samples_leaf': 8}. Best is trial 17 with value: 0.9527777777777778.
[I 2025-05-15 08:12:27,583] Trial 21 finished with value: 0.9527777777777778 and parameters: {'n_estimators': 204, 'max_depth': 3, 'min_samples_split': 5, 'min_samples_leaf': 9}. Best is trial 17 with value: 0.9527777777777778.
[I 2025-05-15 08:12:28,123] Trial 22 finished with value: 0.9180555555555555 and parameters: {'n_estimators': 192, 'max_depth': 3, 'min_samples_split': 5, 'min_samples_leaf': 7}. Best is trial 17 with value: 0.9527777777777778.
[I 2025-05-15 08:12:28,672] Trial 23 finished with value: 0.9638888888888889 and parameters: {'n_estimators': 143, 'max_depth': 6, 'min_samples_split': 6, 'min_samples_leaf': 9}. Best is trial 23 with value: 0.9638888888888889.
[I 2025-05-15 08:12:29,304] Trial 24 finished with value: 0.9638888888888889 and parameters: {'n_estimators': 223, 'max_depth': 6, 'min_samples_split': 6, 'min_samples_leaf': 9}. Best is trial 23 with value: 0.9638888888888889.
[I 2025-05-15 08:12:29,737] Trial 25 finished with value: 0.951388888888889 and parameters: {'n_estimators': 166, 'max_depth': 6, 'min_samples_split': 7, 'min_samples_leaf': 9}. Best is trial 23 with value: 0.9638888888888889.
[I 2025-05-15 08:12:30,266] Trial 26 finished with value: 0.9402777777777779 and parameters: {'n_estimators': 228, 'max_depth': 9, 'min_samples_split': 6, 'min_samples_leaf': 7}. Best is trial 23 with value: 0.9638888888888889.
[I 2025-05-15 08:12:30,758] Trial 27 finished with value: 0.9291666666666666 and parameters: {'n_estimators': 281, 'max_depth': 6, 'min_samples_split': 7, 'min_samples_leaf': 9}. Best is trial 23 with value: 0.9638888888888889.
[I 2025-05-15 08:12:31,023] Trial 28 finished with value: 0.9305555555555556 and parameters: {'n_estimators': 132, 'max_depth': 5, 'min_samples_split': 9, 'min_samples_leaf': 8}. Best is trial 23 with value: 0.9638888888888889.
[I 2025-05-15 08:12:31,279] Trial 29 finished with value: 0.9305555555555556 and parameters: {'n_estimators': 132, 'max_depth': 9, 'min_samples_split': 6, 'min_samples_leaf': 8}. Best is trial 23 with value: 0.9638888888888889.
[I 2025-05-15 08:12:37,963] A new study created in memory with name: svc
Parámetros guardados en checkpoint_adult_Doriginal_G/ag/IPC_43/best_models_ag_seed_7_space_original/rf_best_params.json


>>> Optuna tuning svc metodo ag IPC 43 seed 7


[I 2025-05-15 08:12:41,040] Trial 0 finished with value: 0.5555555555555556 and parameters: {'C': 0.020194502448102298, 'gamma': 0.13172711156111802}. Best is trial 0 with value: 0.5555555555555556.
[I 2025-05-15 08:12:41,300] Trial 1 finished with value: 0.7222222222222221 and parameters: {'C': 0.5670703311028815, 'gamma': 0.0783178418343345}. Best is trial 1 with value: 0.7222222222222221.
[I 2025-05-15 08:12:41,328] Trial 2 finished with value: 0.6777777777777777 and parameters: {'C': 81.65034948781698, 'gamma': 0.014255533717547383}. Best is trial 1 with value: 0.7222222222222221.
[I 2025-05-15 08:12:41,343] Trial 3 finished with value: 0.5111111111111111 and parameters: {'C': 1.0103732850016278, 'gamma': 0.00019418001640357854}. Best is trial 1 with value: 0.7222222222222221.
[I 2025-05-15 08:12:41,367] Trial 4 finished with value: 0.5444444444444445 and parameters: {'C': 0.11851025167261421, 'gamma': 0.00998918377985214}. Best is trial 1 with value: 0.7222222222222221.
[I 2025-05-15 08:12:41,391] Trial 5 finished with value: 0.6194444444444445 and parameters: {'C': 5.2109869371584665, 'gamma': 0.16404241128227343}. Best is trial 1 with value: 0.7222222222222221.
[I 2025-05-15 08:12:41,421] Trial 6 finished with value: 0.5111111111111111 and parameters: {'C': 0.3340138940215422, 'gamma': 0.00018354619576988685}. Best is trial 1 with value: 0.7222222222222221.
[I 2025-05-15 08:12:41,453] Trial 7 finished with value: 0.5319444444444444 and parameters: {'C': 0.1420961781588805, 'gamma': 0.434884682155233}. Best is trial 1 with value: 0.7222222222222221.
[I 2025-05-15 08:12:41,466] Trial 8 finished with value: 0.5444444444444445 and parameters: {'C': 0.07137422643361827, 'gamma': 0.006434219125545069}. Best is trial 1 with value: 0.7222222222222221.
[I 2025-05-15 08:12:41,479] Trial 9 finished with value: 0.7611111111111108 and parameters: {'C': 53.066944048916255, 'gamma': 0.00012577574840733457}. Best is trial 9 with value: 0.7611111111111108.
[I 2025-05-15 08:12:41,518] Trial 10 finished with value: 0.7569444444444444 and parameters: {'C': 60.75179295419671, 'gamma': 0.001366002544888146}. Best is trial 9 with value: 0.7611111111111108.
[I 2025-05-15 08:12:42,680] Trial 11 finished with value: 0.7569444444444444 and parameters: {'C': 91.78775489711344, 'gamma': 0.0011545686069539107}. Best is trial 9 with value: 0.7611111111111108.
[I 2025-05-15 08:12:43,864] Trial 12 finished with value: 0.8055555555555556 and parameters: {'C': 12.78018083218576, 'gamma': 0.0009977137927509926}. Best is trial 12 with value: 0.8055555555555556.
[I 2025-05-15 08:12:43,909] Trial 13 finished with value: 0.5555555555555556 and parameters: {'C': 11.757762049058291, 'gamma': 0.00010134205676992466}. Best is trial 12 with value: 0.8055555555555556.
[I 2025-05-15 08:12:43,948] Trial 14 finished with value: 0.8055555555555556 and parameters: {'C': 13.771372590493248, 'gamma': 0.0008250717395210366}. Best is trial 12 with value: 0.8055555555555556.
[I 2025-05-15 08:12:43,989] Trial 15 finished with value: 0.6666666666666667 and parameters: {'C': 4.479327467530747, 'gamma': 0.0009948266702723418}. Best is trial 12 with value: 0.8055555555555556.
[I 2025-05-15 08:12:44,010] Trial 16 finished with value: 0.7916666666666666 and parameters: {'C': 12.80380751922441, 'gamma': 0.003917694715438309}. Best is trial 12 with value: 0.8055555555555556.
[I 2025-05-15 08:12:44,043] Trial 17 finished with value: 0.5222222222222223 and parameters: {'C': 2.1133189549479603, 'gamma': 0.0004843211168261707}. Best is trial 12 with value: 0.8055555555555556.
