[I 2025-05-15 07:30:38,012] Trial 9 finished with value: 0.8733333333333334 and parameters: {'n_estimators': 40, 'max_depth': 30, 'gamma': 0.9649927737686168, 'subsample': 0.6857563076640036, 'colsample_bytree': 0.5061847058001788}. Best is trial 4 with value: 0.9099999999999999.
/data/home/rtabares/anaconda3/envs/pyth3.12/lib/python3.12/site-packages/xgboost/core.py:377: FutureWarning: Your system has an old version of glibc (< 2.28). We will stop supporting Linux distros with glibc older than 2.28 after **May 31, 2025**. Please upgrade to a recent Linux distro (with glibc >= 2.28) to use future versions of XGBoost.
Note: You have installed the 'manylinux2014' variant of XGBoost. Certain features such as GPU algorithms or federated learning are not available. To use these features, please upgrade to a recent Linux distro with glibc 2.28+, and install the 'manylinux_2_28' variant.
  warnings.warn(
/data/home/rtabares/anaconda3/envs/pyth3.12/lib/python3.12/site-packages/xgboost/core.py:377: FutureWarning: Your system has an old version of glibc (< 2.28). We will stop supporting Linux distros with glibc older than 2.28 after **May 31, 2025**. Please upgrade to a recent Linux distro (with glibc >= 2.28) to use future versions of XGBoost.
Note: You have installed the 'manylinux2014' variant of XGBoost. Certain features such as GPU algorithms or federated learning are not available. To use these features, please upgrade to a recent Linux distro with glibc 2.28+, and install the 'manylinux_2_28' variant.
  warnings.warn(
/data/home/rtabares/anaconda3/envs/pyth3.12/lib/python3.12/site-packages/xgboost/core.py:377: FutureWarning: Your system has an old version of glibc (< 2.28). We will stop supporting Linux distros with glibc older than 2.28 after **May 31, 2025**. Please upgrade to a recent Linux distro (with glibc >= 2.28) to use future versions of XGBoost.
Note: You have installed the 'manylinux2014' variant of XGBoost. Certain features such as GPU algorithms or federated learning are not available. To use these features, please upgrade to a recent Linux distro with glibc 2.28+, and install the 'manylinux_2_28' variant.
  warnings.warn(
[I 2025-05-15 07:30:38,155] Trial 10 finished with value: 0.8899999999999999 and parameters: {'n_estimators': 100, 'max_depth': 5, 'gamma': 0.17962098877423716, 'subsample': 0.8389320138640859, 'colsample_bytree': 0.7898330861721071}. Best is trial 4 with value: 0.9099999999999999.
[I 2025-05-15 07:30:38,303] Trial 11 finished with value: 0.8933333333333333 and parameters: {'n_estimators': 100, 'max_depth': 20, 'gamma': 0.9966856929320722, 'subsample': 0.9889234202923451, 'colsample_bytree': 0.9523787574342063}. Best is trial 4 with value: 0.9099999999999999.
/data/home/rtabares/anaconda3/envs/pyth3.12/lib/python3.12/site-packages/xgboost/core.py:377: FutureWarning: Your system has an old version of glibc (< 2.28). We will stop supporting Linux distros with glibc older than 2.28 after **May 31, 2025**. Please upgrade to a recent Linux distro (with glibc >= 2.28) to use future versions of XGBoost.
Note: You have installed the 'manylinux2014' variant of XGBoost. Certain features such as GPU algorithms or federated learning are not available. To use these features, please upgrade to a recent Linux distro with glibc 2.28+, and install the 'manylinux_2_28' variant.
  warnings.warn(
/data/home/rtabares/anaconda3/envs/pyth3.12/lib/python3.12/site-packages/xgboost/core.py:377: FutureWarning: Your system has an old version of glibc (< 2.28). We will stop supporting Linux distros with glibc older than 2.28 after **May 31, 2025**. Please upgrade to a recent Linux distro (with glibc >= 2.28) to use future versions of XGBoost.
Note: You have installed the 'manylinux2014' variant of XGBoost. Certain features such as GPU algorithms or federated learning are not available. To use these features, please upgrade to a recent Linux distro with glibc 2.28+, and install the 'manylinux_2_28' variant.
  warnings.warn(
[I 2025-05-15 07:30:39,536] Trial 12 finished with value: 0.8733333333333334 and parameters: {'n_estimators': 100, 'max_depth': 5, 'gamma': 0.5587041989074392, 'subsample': 0.975822130144305, 'colsample_bytree': 0.8613659655163468}. Best is trial 4 with value: 0.9099999999999999.
/data/home/rtabares/anaconda3/envs/pyth3.12/lib/python3.12/site-packages/xgboost/core.py:377: FutureWarning: Your system has an old version of glibc (< 2.28). We will stop supporting Linux distros with glibc older than 2.28 after **May 31, 2025**. Please upgrade to a recent Linux distro (with glibc >= 2.28) to use future versions of XGBoost.
Note: You have installed the 'manylinux2014' variant of XGBoost. Certain features such as GPU algorithms or federated learning are not available. To use these features, please upgrade to a recent Linux distro with glibc 2.28+, and install the 'manylinux_2_28' variant.
  warnings.warn(
[I 2025-05-15 07:30:40,741] Trial 13 finished with value: 0.8933333333333332 and parameters: {'n_estimators': 100, 'max_depth': 20, 'gamma': 0.6268924548506266, 'subsample': 0.8924371782526986, 'colsample_bytree': 0.8739399509582558}. Best is trial 4 with value: 0.9099999999999999.
/data/home/rtabares/anaconda3/envs/pyth3.12/lib/python3.12/site-packages/xgboost/core.py:377: FutureWarning: Your system has an old version of glibc (< 2.28). We will stop supporting Linux distros with glibc older than 2.28 after **May 31, 2025**. Please upgrade to a recent Linux distro (with glibc >= 2.28) to use future versions of XGBoost.
Note: You have installed the 'manylinux2014' variant of XGBoost. Certain features such as GPU algorithms or federated learning are not available. To use these features, please upgrade to a recent Linux distro with glibc 2.28+, and install the 'manylinux_2_28' variant.
  warnings.warn(
/data/home/rtabares/anaconda3/envs/pyth3.12/lib/python3.12/site-packages/xgboost/core.py:377: FutureWarning: Your system has an old version of glibc (< 2.28). We will stop supporting Linux distros with glibc older than 2.28 after **May 31, 2025**. Please upgrade to a recent Linux distro (with glibc >= 2.28) to use future versions of XGBoost.
Note: You have installed the 'manylinux2014' variant of XGBoost. Certain features such as GPU algorithms or federated learning are not available. To use these features, please upgrade to a recent Linux distro with glibc 2.28+, and install the 'manylinux_2_28' variant.
  warnings.warn(
[I 2025-05-15 07:30:42,179] Trial 14 finished with value: 0.8933333333333333 and parameters: {'n_estimators': 100, 'max_depth': 20, 'gamma': 0.8838918768784474, 'subsample': 0.8193992386928372, 'colsample_bytree': 0.7070843666478801}. Best is trial 4 with value: 0.9099999999999999.
[I 2025-05-15 07:30:42,271] Trial 15 finished with value: 0.89 and parameters: {'n_estimators': 100, 'max_depth': 5, 'gamma': 0.6879849342040444, 'subsample': 0.928481072749908, 'colsample_bytree': 0.8877937167011871}. Best is trial 4 with value: 0.9099999999999999.
[I 2025-05-15 07:30:42,376] Trial 16 finished with value: 0.93 and parameters: {'n_estimators': 100, 'max_depth': 20, 'gamma': 0.47258139308291736, 'subsample': 0.8334146507311293, 'colsample_bytree': 0.7130873994589939}. Best is trial 16 with value: 0.93.
[I 2025-05-15 07:30:42,540] Trial 17 finished with value: 0.9099999999999999 and parameters: {'n_estimators': 100, 'max_depth': 5, 'gamma': 0.42643297153129234, 'subsample': 0.8392336736599193, 'colsample_bytree': 0.7109611479294711}. Best is trial 16 with value: 0.93.
[I 2025-05-15 07:30:42,626] Trial 18 finished with value: 0.8933333333333333 and parameters: {'n_estimators': 40, 'max_depth': 5, 'gamma': 0.17860745294284247, 'subsample': 0.7756151396882981, 'colsample_bytree': 0.6378539400082162}. Best is trial 16 with value: 0.93.
[I 2025-05-15 07:30:42,685] Trial 19 finished with value: 0.8366666666666667 and parameters: {'n_estimators': 10, 'max_depth': 20, 'gamma': 0.33011505720993783, 'subsample': 0.6385018241519915, 'colsample_bytree': 0.7679321153358066}. Best is trial 16 with value: 0.93.
[I 2025-05-15 07:30:42,806] Trial 20 finished with value: 0.8933333333333333 and parameters: {'n_estimators': 100, 'max_depth': 20, 'gamma': 0.45877778302962907, 'subsample': 0.8759154696899677, 'colsample_bytree': 0.5025219050586982}. Best is trial 16 with value: 0.93.
[I 2025-05-15 07:30:42,945] Trial 21 finished with value: 0.9099999999999999 and parameters: {'n_estimators': 100, 'max_depth': 5, 'gamma': 0.29049615005776513, 'subsample': 0.8332054892744231, 'colsample_bytree': 0.6996159239212366}. Best is trial 16 with value: 0.93.
[I 2025-05-15 07:30:43,076] Trial 22 finished with value: 0.93 and parameters: {'n_estimators': 100, 'max_depth': 5, 'gamma': 0.46856420486303385, 'subsample': 0.8048361236553955, 'colsample_bytree': 0.7047650279184764}. Best is trial 16 with value: 0.93.
[I 2025-05-15 07:30:43,198] Trial 23 finished with value: 0.9133333333333334 and parameters: {'n_estimators': 100, 'max_depth': 5, 'gamma': 0.5012861350655232, 'subsample': 0.9352406127315438, 'colsample_bytree': 0.827243937763515}. Best is trial 16 with value: 0.93.
[I 2025-05-15 07:30:43,329] Trial 24 finished with value: 0.93 and parameters: {'n_estimators': 100, 'max_depth': 5, 'gamma': 0.5311267412140189, 'subsample': 0.7910964093873064, 'colsample_bytree': 0.8285403644299458}. Best is trial 16 with value: 0.93.
[I 2025-05-15 07:30:43,475] Trial 25 finished with value: 0.9100000000000001 and parameters: {'n_estimators': 100, 'max_depth': 5, 'gamma': 0.2709098783992257, 'subsample': 0.7866780000150688, 'colsample_bytree': 0.7380802348418228}. Best is trial 16 with value: 0.93.
[I 2025-05-15 07:30:43,644] Trial 26 finished with value: 0.8766666666666667 and parameters: {'n_estimators': 100, 'max_depth': 5, 'gamma': 0.5743804337942131, 'subsample': 0.7089718272668369, 'colsample_bytree': 0.7448679216249832}. Best is trial 16 with value: 0.93.
[I 2025-05-15 07:30:43,739] Trial 27 finished with value: 0.8933333333333333 and parameters: {'n_estimators': 100, 'max_depth': 5, 'gamma': 0.44219953821747066, 'subsample': 0.7990946478919629, 'colsample_bytree': 0.8176303308285793}. Best is trial 16 with value: 0.93.
[I 2025-05-15 07:30:43,826] Trial 28 finished with value: 0.8733333333333333 and parameters: {'n_estimators': 10, 'max_depth': 30, 'gamma': 0.4882333847865433, 'subsample': 0.7389000601978808, 'colsample_bytree': 0.9169332850660655}. Best is trial 16 with value: 0.93.
[I 2025-05-15 07:30:43,913] Trial 29 finished with value: 0.8766666666666667 and parameters: {'n_estimators': 40, 'max_depth': 20, 'gamma': 0.7295961787053606, 'subsample': 0.7540950832108076, 'colsample_bytree': 0.6663162784508241}. Best is trial 16 with value: 0.93.
[I 2025-05-15 07:31:32,100] A new study created in memory with name: rf
Parámetros guardados en checkpoint_default_Doriginal_H/k-means/IPC_27/best_models_k-means_seed_5_space_original/xgb_best_params.json


>>> Optuna tuning rf metodo k-means IPC 27 seed 5


[I 2025-05-15 07:31:34,517] Trial 0 finished with value: 0.9099999999999999 and parameters: {'n_estimators': 189, 'max_depth': 18, 'min_samples_split': 3, 'min_samples_leaf': 10}. Best is trial 0 with value: 0.9099999999999999.
[I 2025-05-15 07:31:35,200] Trial 1 finished with value: 0.9099999999999999 and parameters: {'n_estimators': 295, 'max_depth': 14, 'min_samples_split': 8, 'min_samples_leaf': 6}. Best is trial 0 with value: 0.9099999999999999.
[I 2025-05-15 07:31:35,756] Trial 2 finished with value: 0.9099999999999999 and parameters: {'n_estimators': 219, 'max_depth': 6, 'min_samples_split': 2, 'min_samples_leaf': 8}. Best is trial 0 with value: 0.9099999999999999.
[I 2025-05-15 07:31:36,407] Trial 3 finished with value: 0.9266666666666665 and parameters: {'n_estimators': 276, 'max_depth': 5, 'min_samples_split': 9, 'min_samples_leaf': 3}. Best is trial 3 with value: 0.9266666666666665.
[I 2025-05-15 07:31:37,038] Trial 4 finished with value: 0.9099999999999999 and parameters: {'n_estimators': 266, 'max_depth': 8, 'min_samples_split': 7, 'min_samples_leaf': 6}. Best is trial 3 with value: 0.9266666666666665.
[I 2025-05-15 07:31:37,763] Trial 5 finished with value: 0.9099999999999999 and parameters: {'n_estimators': 340, 'max_depth': 7, 'min_samples_split': 4, 'min_samples_leaf': 3}. Best is trial 3 with value: 0.9266666666666665.
[I 2025-05-15 07:31:38,292] Trial 6 finished with value: 0.9099999999999999 and parameters: {'n_estimators': 231, 'max_depth': 5, 'min_samples_split': 3, 'min_samples_leaf': 10}. Best is trial 3 with value: 0.9266666666666665.
[I 2025-05-15 07:31:39,319] Trial 7 finished with value: 0.9099999999999999 and parameters: {'n_estimators': 485, 'max_depth': 6, 'min_samples_split': 2, 'min_samples_leaf': 3}. Best is trial 3 with value: 0.9266666666666665.
[I 2025-05-15 07:31:40,049] Trial 8 finished with value: 0.9266666666666665 and parameters: {'n_estimators': 380, 'max_depth': 17, 'min_samples_split': 2, 'min_samples_leaf': 6}. Best is trial 3 with value: 0.9266666666666665.
[I 2025-05-15 07:31:40,327] Trial 9 finished with value: 0.89 and parameters: {'n_estimators': 100, 'max_depth': 12, 'min_samples_split': 7, 'min_samples_leaf': 10}. Best is trial 3 with value: 0.9266666666666665.
[I 2025-05-15 07:31:41,131] Trial 10 finished with value: 0.9266666666666665 and parameters: {'n_estimators': 446, 'max_depth': 3, 'min_samples_split': 10, 'min_samples_leaf': 2}. Best is trial 3 with value: 0.9266666666666665.
[I 2025-05-15 07:31:42,775] Trial 11 finished with value: 0.9099999999999999 and parameters: {'n_estimators': 388, 'max_depth': 20, 'min_samples_split': 10, 'min_samples_leaf': 4}. Best is trial 3 with value: 0.9266666666666665.
[I 2025-05-15 07:31:44,584] Trial 12 finished with value: 0.9266666666666665 and parameters: {'n_estimators': 387, 'max_depth': 16, 'min_samples_split': 5, 'min_samples_leaf': 1}. Best is trial 3 with value: 0.9266666666666665.
[I 2025-05-15 07:31:46,412] Trial 13 finished with value: 0.9099999999999999 and parameters: {'n_estimators': 349, 'max_depth': 11, 'min_samples_split': 9, 'min_samples_leaf': 5}. Best is trial 3 with value: 0.9266666666666665.
[I 2025-05-15 07:31:47,111] Trial 14 finished with value: 0.9099999999999999 and parameters: {'n_estimators': 405, 'max_depth': 10, 'min_samples_split': 6, 'min_samples_leaf': 7}. Best is trial 3 with value: 0.9266666666666665.
[I 2025-05-15 07:31:47,436] Trial 15 finished with value: 0.9266666666666665 and parameters: {'n_estimators': 170, 'max_depth': 15, 'min_samples_split': 5, 'min_samples_leaf': 4}. Best is trial 3 with value: 0.9266666666666665.
[I 2025-05-15 07:31:47,937] Trial 16 finished with value: 0.9266666666666665 and parameters: {'n_estimators': 325, 'max_depth': 20, 'min_samples_split': 8, 'min_samples_leaf': 8}. Best is trial 3 with value: 0.9266666666666665.
[I 2025-05-15 07:31:48,435] Trial 17 finished with value: 0.9099999999999999 and parameters: {'n_estimators': 273, 'max_depth': 3, 'min_samples_split': 6, 'min_samples_leaf': 1}. Best is trial 3 with value: 0.9266666666666665.
[I 2025-05-15 07:31:49,057] Trial 18 finished with value: 0.9099999999999999 and parameters: {'n_estimators': 431, 'max_depth': 13, 'min_samples_split': 9, 'min_samples_leaf': 5}. Best is trial 3 with value: 0.9266666666666665.
[I 2025-05-15 07:31:50,177] Trial 19 finished with value: 0.9099999999999999 and parameters: {'n_estimators': 488, 'max_depth': 9, 'min_samples_split': 4, 'min_samples_leaf': 3}. Best is trial 3 with value: 0.9266666666666665.
[I 2025-05-15 07:31:50,762] Trial 20 finished with value: 0.9099999999999999 and parameters: {'n_estimators': 131, 'max_depth': 17, 'min_samples_split': 7, 'min_samples_leaf': 8}. Best is trial 3 with value: 0.9266666666666665.
[I 2025-05-15 07:31:52,166] Trial 21 finished with value: 0.9266666666666665 and parameters: {'n_estimators': 423, 'max_depth': 3, 'min_samples_split': 10, 'min_samples_leaf': 2}. Best is trial 3 with value: 0.9266666666666665.
[I 2025-05-15 07:31:54,008] Trial 22 finished with value: 0.9266666666666665 and parameters: {'n_estimators': 456, 'max_depth': 4, 'min_samples_split': 9, 'min_samples_leaf': 2}. Best is trial 3 with value: 0.9266666666666665.
[I 2025-05-15 07:31:55,892] Trial 23 finished with value: 0.9266666666666665 and parameters: {'n_estimators': 369, 'max_depth': 5, 'min_samples_split': 10, 'min_samples_leaf': 4}. Best is trial 3 with value: 0.9266666666666665.
[I 2025-05-15 07:31:57,287] Trial 24 finished with value: 0.9266666666666665 and parameters: {'n_estimators': 313, 'max_depth': 8, 'min_samples_split': 8, 'min_samples_leaf': 2}. Best is trial 3 with value: 0.9266666666666665.
[I 2025-05-15 07:31:59,793] Trial 25 finished with value: 0.9266666666666665 and parameters: {'n_estimators': 454, 'max_depth': 3, 'min_samples_split': 9, 'min_samples_leaf': 7}. Best is trial 3 with value: 0.9266666666666665.
[I 2025-05-15 07:32:01,970] Trial 26 finished with value: 0.9266666666666665 and parameters: {'n_estimators': 359, 'max_depth': 5, 'min_samples_split': 10, 'min_samples_leaf': 1}. Best is trial 3 with value: 0.9266666666666665.
[I 2025-05-15 07:32:03,285] Trial 27 finished with value: 0.9266666666666665 and parameters: {'n_estimators': 276, 'max_depth': 18, 'min_samples_split': 8, 'min_samples_leaf': 5}. Best is trial 3 with value: 0.9266666666666665.
[I 2025-05-15 07:32:05,269] Trial 28 finished with value: 0.9266666666666665 and parameters: {'n_estimators': 446, 'max_depth': 10, 'min_samples_split': 5, 'min_samples_leaf': 3}. Best is trial 3 with value: 0.9266666666666665.
[I 2025-05-15 07:32:06,099] Trial 29 finished with value: 0.9266666666666665 and parameters: {'n_estimators': 231, 'max_depth': 18, 'min_samples_split': 3, 'min_samples_leaf': 2}. Best is trial 3 with value: 0.9266666666666665.
[I 2025-05-15 07:32:15,385] A new study created in memory with name: svc
Parámetros guardados en checkpoint_default_Doriginal_H/k-means/IPC_27/best_models_k-means_seed_5_space_original/rf_best_params.json


>>> Optuna tuning svc metodo k-means IPC 27 seed 5


[I 2025-05-15 07:32:17,143] Trial 0 finished with value: 0.45999999999999996 and parameters: {'C': 0.07726319876517104, 'gamma': 0.3040389504793042}. Best is trial 0 with value: 0.45999999999999996.
[I 2025-05-15 07:32:17,191] Trial 1 finished with value: 0.45999999999999996 and parameters: {'C': 0.06712381339142241, 'gamma': 0.47254549996710477}. Best is trial 0 with value: 0.45999999999999996.
[I 2025-05-15 07:32:17,206] Trial 2 finished with value: 0.4666666666666667 and parameters: {'C': 0.8987621100554035, 'gamma': 0.027988231123708972}. Best is trial 2 with value: 0.4666666666666667.
[I 2025-05-15 07:32:17,225] Trial 3 finished with value: 0.38333333333333336 and parameters: {'C': 11.5779435007655, 'gamma': 0.011848734045499056}. Best is trial 2 with value: 0.4666666666666667.
[I 2025-05-15 07:32:17,249] Trial 4 finished with value: 0.48 and parameters: {'C': 0.1538870258903583, 'gamma': 0.0005634883151169033}. Best is trial 4 with value: 0.48.
[I 2025-05-15 07:32:17,263] Trial 5 finished with value: 0.45999999999999996 and parameters: {'C': 0.021036092656561454, 'gamma': 0.08990030906808326}. Best is trial 4 with value: 0.48.
[I 2025-05-15 07:32:17,283] Trial 6 finished with value: 0.5 and parameters: {'C': 0.5824208201678516, 'gamma': 0.00042977333932534993}. Best is trial 6 with value: 0.5.
[I 2025-05-15 07:32:17,298] Trial 7 finished with value: 0.5233333333333333 and parameters: {'C': 33.09391330085814, 'gamma': 0.001248377256719358}. Best is trial 7 with value: 0.5233333333333333.
[I 2025-05-15 07:32:17,322] Trial 8 finished with value: 0.5 and parameters: {'C': 0.45387898639622015, 'gamma': 0.0015286910781809498}. Best is trial 7 with value: 0.5233333333333333.
[I 2025-05-15 07:32:17,337] Trial 9 finished with value: 0.42666666666666664 and parameters: {'C': 3.274550070431994, 'gamma': 0.02086177421469992}. Best is trial 7 with value: 0.5233333333333333.
[I 2025-05-15 07:32:17,369] Trial 10 finished with value: 0.55 and parameters: {'C': 92.21380870365533, 'gamma': 0.00011081406546803206}. Best is trial 10 with value: 0.55.
[I 2025-05-15 07:32:18,238] Trial 11 finished with value: 0.5333333333333334 and parameters: {'C': 92.67105704645444, 'gamma': 0.00015360324979391977}. Best is trial 10 with value: 0.55.
[I 2025-05-15 07:32:19,128] Trial 12 finished with value: 0.5166666666666666 and parameters: {'C': 96.55514973982129, 'gamma': 0.000186168210187921}. Best is trial 10 with value: 0.55.
[I 2025-05-15 07:32:19,164] Trial 13 finished with value: 0.55 and parameters: {'C': 91.66106213245853, 'gamma': 0.0001450604356398372}. Best is trial 10 with value: 0.55.
[I 2025-05-15 07:32:19,198] Trial 14 finished with value: 0.5199999999999999 and parameters: {'C': 3.9364842378464697, 'gamma': 0.003211007691632339}. Best is trial 10 with value: 0.55.
[I 2025-05-15 07:32:19,223] Trial 15 finished with value: 0.53 and parameters: {'C': 18.478186495865838, 'gamma': 0.00010092800661482973}. Best is trial 10 with value: 0.55.
[I 2025-05-15 07:32:19,262] Trial 16 finished with value: 0.5233333333333333 and parameters: {'C': 5.107083463809838, 'gamma': 0.004239833990060168}. Best is trial 10 with value: 0.55.
[I 2025-05-15 07:32:19,290] Trial 17 finished with value: 0.5366666666666667 and parameters: {'C': 46.67119713426122, 'gamma': 0.0004773667015513022}. Best is trial 10 with value: 0.55.
[I 2025-05-15 07:32:19,324] Trial 18 finished with value: 0.4 and parameters: {'C': 10.786423616694767, 'gamma': 0.000303342650151218}. Best is trial 10 with value: 0.55.
[I 2025-05-15 07:32:19,358] Trial 19 finished with value: 0.46333333333333326 and parameters: {'C': 27.99071430152474, 'gamma': 0.0018772804542374266}. Best is trial 10 with value: 0.55.
[I 2025-05-15 07:32:19,382] Trial 20 finished with value: 0.5133333333333334 and parameters: {'C': 2.427901911193383, 'gamma': 0.0007218201338592842}. Best is trial 10 with value: 0.55.
