[I 2025-05-15 07:58:45,665] Trial 24 finished with value: 0.9319444444444445 and parameters: {'n_estimators': 462, 'max_depth': 3, 'min_samples_split': 9, 'min_samples_leaf': 2}. Best is trial 5 with value: 0.9430555555555555.
[I 2025-05-15 07:58:46,639] Trial 25 finished with value: 0.9319444444444445 and parameters: {'n_estimators': 487, 'max_depth': 19, 'min_samples_split': 10, 'min_samples_leaf': 4}. Best is trial 5 with value: 0.9430555555555555.
[I 2025-05-15 07:58:47,750] Trial 26 finished with value: 0.9319444444444445 and parameters: {'n_estimators': 415, 'max_depth': 11, 'min_samples_split': 8, 'min_samples_leaf': 4}. Best is trial 5 with value: 0.9430555555555555.
[I 2025-05-15 07:58:48,627] Trial 27 finished with value: 0.9319444444444445 and parameters: {'n_estimators': 452, 'max_depth': 16, 'min_samples_split': 7, 'min_samples_leaf': 8}. Best is trial 5 with value: 0.9430555555555555.
[I 2025-05-15 07:58:49,776] Trial 28 finished with value: 0.9319444444444445 and parameters: {'n_estimators': 356, 'max_depth': 14, 'min_samples_split': 6, 'min_samples_leaf': 2}. Best is trial 5 with value: 0.9430555555555555.
[I 2025-05-15 07:58:50,846] Trial 29 finished with value: 0.9319444444444445 and parameters: {'n_estimators': 177, 'max_depth': 9, 'min_samples_split': 9, 'min_samples_leaf': 7}. Best is trial 5 with value: 0.9430555555555555.
[I 2025-05-15 07:58:57,609] A new study created in memory with name: svc
Parámetros guardados en checkpoint_adult_Doriginal_G/lc/IPC_43/best_models_lc_seed_6_space_original/rf_best_params.json


>>> Optuna tuning svc metodo lc IPC 43 seed 6


[I 2025-05-15 07:59:00,979] Trial 0 finished with value: 1.0 and parameters: {'C': 37.27697013499731, 'gamma': 0.0021277432488243223}. Best is trial 0 with value: 1.0.
[I 2025-05-15 07:59:01,177] Trial 1 finished with value: 0.9180555555555555 and parameters: {'C': 19.271543171162776, 'gamma': 0.00014682043379470554}. Best is trial 0 with value: 1.0.
[I 2025-05-15 07:59:01,216] Trial 2 finished with value: 0.5888888888888889 and parameters: {'C': 0.0269542169583157, 'gamma': 0.023999835049635022}. Best is trial 0 with value: 1.0.
[I 2025-05-15 07:59:01,246] Trial 3 finished with value: 1.0 and parameters: {'C': 1.3160410886450586, 'gamma': 0.0047340159215720195}. Best is trial 0 with value: 1.0.
[I 2025-05-15 07:59:01,289] Trial 4 finished with value: 1.0 and parameters: {'C': 0.21959952535674737, 'gamma': 0.030908485742507576}. Best is trial 0 with value: 1.0.
[I 2025-05-15 07:59:01,314] Trial 5 finished with value: 1.0 and parameters: {'C': 0.5656733313644114, 'gamma': 0.08780685564625502}. Best is trial 0 with value: 1.0.
[I 2025-05-15 07:59:01,351] Trial 6 finished with value: 1.0 and parameters: {'C': 1.1807165425157664, 'gamma': 0.020674470756231633}. Best is trial 0 with value: 1.0.
[I 2025-05-15 07:59:01,380] Trial 7 finished with value: 0.6111111111111112 and parameters: {'C': 3.8143486186647126, 'gamma': 0.9138966502602072}. Best is trial 0 with value: 1.0.
[I 2025-05-15 07:59:01,407] Trial 8 finished with value: 1.0 and parameters: {'C': 19.029737066374768, 'gamma': 0.004495766421289856}. Best is trial 0 with value: 1.0.
[I 2025-05-15 07:59:01,451] Trial 9 finished with value: 0.9777777777777779 and parameters: {'C': 31.994153257994277, 'gamma': 0.19725941020937518}. Best is trial 0 with value: 1.0.
[I 2025-05-15 07:59:01,486] Trial 10 finished with value: 1.0 and parameters: {'C': 96.80643961619926, 'gamma': 0.0004009308447180715}. Best is trial 0 with value: 1.0.
[I 2025-05-15 07:59:03,775] Trial 11 finished with value: 0.5777777777777777 and parameters: {'C': 0.07334306692672704, 'gamma': 0.002535147656205105}. Best is trial 0 with value: 1.0.
[I 2025-05-15 07:59:05,383] Trial 12 finished with value: 0.9777777777777779 and parameters: {'C': 4.220165247867255, 'gamma': 0.0011620518577544544}. Best is trial 0 with value: 1.0.
[I 2025-05-15 07:59:05,445] Trial 13 finished with value: 0.9291666666666666 and parameters: {'C': 3.2848105613054788, 'gamma': 0.0009525372328357383}. Best is trial 0 with value: 1.0.
[I 2025-05-15 07:59:05,471] Trial 14 finished with value: 1.0 and parameters: {'C': 77.4798574776547, 'gamma': 0.0057642641657343705}. Best is trial 0 with value: 1.0.
[I 2025-05-15 07:59:05,507] Trial 15 finished with value: 0.5777777777777777 and parameters: {'C': 0.01608383784488538, 'gamma': 0.0012679740761956542}. Best is trial 0 with value: 1.0.
[I 2025-05-15 07:59:05,556] Trial 16 finished with value: 0.5777777777777777 and parameters: {'C': 0.1863516315227972, 'gamma': 0.00025933858717192763}. Best is trial 0 with value: 1.0.
[I 2025-05-15 07:59:05,611] Trial 17 finished with value: 1.0 and parameters: {'C': 1.545619441941302, 'gamma': 0.012239989764912147}. Best is trial 0 with value: 1.0.
[I 2025-05-15 07:59:05,677] Trial 18 finished with value: 1.0 and parameters: {'C': 8.008139546398533, 'gamma': 0.0026559393495642434}. Best is trial 0 with value: 1.0.
[I 2025-05-15 07:59:05,720] Trial 19 finished with value: 0.9888888888888889 and parameters: {'C': 0.44082800496416064, 'gamma': 0.10213673192053181}. Best is trial 0 with value: 1.0.
[I 2025-05-15 07:59:05,764] Trial 20 finished with value: 0.5777777777777777 and parameters: {'C': 0.052996022586065956, 'gamma': 0.00037725084366223185}. Best is trial 0 with value: 1.0.
[I 2025-05-15 07:59:05,794] Trial 21 finished with value: 1.0 and parameters: {'C': 0.21544875742859146, 'gamma': 0.03887162829553}. Best is trial 0 with value: 1.0.
[I 2025-05-15 07:59:05,847] Trial 22 finished with value: 0.8958333333333333 and parameters: {'C': 0.1983780647035444, 'gamma': 0.009399713616376886}. Best is trial 0 with value: 1.0.
[I 2025-05-15 07:59:05,880] Trial 23 finished with value: 1.0 and parameters: {'C': 0.8048826450303896, 'gamma': 0.04752567084349729}. Best is trial 0 with value: 1.0.
[I 2025-05-15 07:59:06,958] Trial 24 finished with value: 0.5777777777777777 and parameters: {'C': 0.09136506745567774, 'gamma': 0.002750290328285801}. Best is trial 0 with value: 1.0.
[I 2025-05-15 07:59:07,000] Trial 25 finished with value: 1.0 and parameters: {'C': 2.085999373351546, 'gamma': 0.006741104333987886}. Best is trial 0 with value: 1.0.
[I 2025-05-15 07:59:07,052] Trial 26 finished with value: 0.9666666666666668 and parameters: {'C': 8.203911389680812, 'gamma': 0.274001223683818}. Best is trial 0 with value: 1.0.
[I 2025-05-15 07:59:07,133] Trial 27 finished with value: 0.9888888888888889 and parameters: {'C': 0.3954139509190288, 'gamma': 0.013759989710776408}. Best is trial 0 with value: 1.0.
[I 2025-05-15 07:59:07,167] Trial 28 finished with value: 1.0 and parameters: {'C': 43.76463915149985, 'gamma': 0.0017189173721968971}. Best is trial 0 with value: 1.0.
[I 2025-05-15 07:59:07,196] Trial 29 finished with value: 0.9069444444444444 and parameters: {'C': 14.832601254771884, 'gamma': 0.00011268648863223885}. Best is trial 0 with value: 1.0.
/data/home/rtabares/anaconda3/envs/pyth3.12/lib/python3.12/site-packages/xgboost/core.py:377: FutureWarning: Your system has an old version of glibc (< 2.28). We will stop supporting Linux distros with glibc older than 2.28 after **May 31, 2025**. Please upgrade to a recent Linux distro (with glibc >= 2.28) to use future versions of XGBoost.
Note: You have installed the 'manylinux2014' variant of XGBoost. Certain features such as GPU algorithms or federated learning are not available. To use these features, please upgrade to a recent Linux distro with glibc 2.28+, and install the 'manylinux_2_28' variant.
  warnings.warn(
[I 2025-05-15 07:59:18,244] A new study created in memory with name: logreg
Parámetros guardados en checkpoint_adult_Doriginal_G/lc/IPC_43/best_models_lc_seed_6_space_original/svc_best_params.json


>>> Optuna tuning logreg metodo lc IPC 43 seed 6


[I 2025-05-15 07:59:25,052] Trial 0 finished with value: 1.0 and parameters: {'C': 29.127335430981816, 'penalty': 'l2'}. Best is trial 0 with value: 1.0.
[I 2025-05-15 07:59:25,416] Trial 1 finished with value: 0.9777777777777779 and parameters: {'C': 0.045698192893558344, 'penalty': 'l2'}. Best is trial 0 with value: 1.0.
[I 2025-05-15 07:59:25,464] Trial 2 finished with value: 1.0 and parameters: {'C': 12.768668597712947, 'penalty': 'l2'}. Best is trial 0 with value: 1.0.
[I 2025-05-15 07:59:25,490] Trial 3 finished with value: 0.9305555555555556 and parameters: {'C': 0.0016161554408462638, 'penalty': 'l2'}. Best is trial 0 with value: 1.0.
[I 2025-05-15 07:59:25,516] Trial 4 finished with value: 0.9416666666666667 and parameters: {'C': 0.0034536903703241734, 'penalty': 'l2'}. Best is trial 0 with value: 1.0.
[I 2025-05-15 07:59:25,544] Trial 5 finished with value: 1.0 and parameters: {'C': 0.9446269266990148, 'penalty': 'l2'}. Best is trial 0 with value: 1.0.
[I 2025-05-15 07:59:25,570] Trial 6 finished with value: 1.0 and parameters: {'C': 0.4457453393648168, 'penalty': 'l2'}. Best is trial 0 with value: 1.0.
[I 2025-05-15 07:59:25,596] Trial 7 finished with value: 1.0 and parameters: {'C': 0.12417585037258261, 'penalty': 'l2'}. Best is trial 0 with value: 1.0.
[I 2025-05-15 07:59:25,624] Trial 8 finished with value: 0.9888888888888889 and parameters: {'C': 0.04753781830244093, 'penalty': 'l2'}. Best is trial 0 with value: 1.0.
[I 2025-05-15 07:59:25,651] Trial 9 finished with value: 1.0 and parameters: {'C': 1.2959766028194148, 'penalty': 'l2'}. Best is trial 0 with value: 1.0.
[I 2025-05-15 07:59:25,681] Trial 10 finished with value: 1.0 and parameters: {'C': 96.02411422716075, 'penalty': 'l2'}. Best is trial 0 with value: 1.0.
[I 2025-05-15 07:59:27,481] Trial 11 finished with value: 1.0 and parameters: {'C': 39.69400400084221, 'penalty': 'l2'}. Best is trial 0 with value: 1.0.
[I 2025-05-15 07:59:28,858] Trial 12 finished with value: 1.0 and parameters: {'C': 8.225959882391543, 'penalty': 'l2'}. Best is trial 0 with value: 1.0.
[I 2025-05-15 07:59:28,899] Trial 13 finished with value: 1.0 and parameters: {'C': 7.754794499748217, 'penalty': 'l2'}. Best is trial 0 with value: 1.0.
[I 2025-05-15 07:59:28,934] Trial 14 finished with value: 1.0 and parameters: {'C': 6.4805921259058685, 'penalty': 'l2'}. Best is trial 0 with value: 1.0.
[I 2025-05-15 07:59:28,968] Trial 15 finished with value: 1.0 and parameters: {'C': 20.46019149655531, 'penalty': 'l2'}. Best is trial 0 with value: 1.0.
[I 2025-05-15 07:59:29,012] Trial 16 finished with value: 1.0 and parameters: {'C': 2.6712006191102677, 'penalty': 'l2'}. Best is trial 0 with value: 1.0.
[I 2025-05-15 07:59:29,054] Trial 17 finished with value: 1.0 and parameters: {'C': 66.57016988037816, 'penalty': 'l2'}. Best is trial 0 with value: 1.0.
[I 2025-05-15 07:59:29,093] Trial 18 finished with value: 1.0 and parameters: {'C': 20.549499653203245, 'penalty': 'l2'}. Best is trial 0 with value: 1.0.
[I 2025-05-15 07:59:29,124] Trial 19 finished with value: 1.0 and parameters: {'C': 3.4848224841762354, 'penalty': 'l2'}. Best is trial 0 with value: 1.0.
[I 2025-05-15 07:59:29,155] Trial 20 finished with value: 1.0 and parameters: {'C': 21.043901013446362, 'penalty': 'l2'}. Best is trial 0 with value: 1.0.
[I 2025-05-15 07:59:29,192] Trial 21 finished with value: 1.0 and parameters: {'C': 0.7089162155799701, 'penalty': 'l2'}. Best is trial 0 with value: 1.0.
[I 2025-05-15 07:59:29,217] Trial 22 finished with value: 1.0 and parameters: {'C': 1.4425691342469806, 'penalty': 'l2'}. Best is trial 0 with value: 1.0.
[I 2025-05-15 07:59:30,141] Trial 23 finished with value: 1.0 and parameters: {'C': 0.14927366387788998, 'penalty': 'l2'}. Best is trial 0 with value: 1.0.
[I 2025-05-15 07:59:31,147] Trial 24 finished with value: 1.0 and parameters: {'C': 10.933297038691158, 'penalty': 'l2'}. Best is trial 0 with value: 1.0.
[I 2025-05-15 07:59:31,182] Trial 25 finished with value: 1.0 and parameters: {'C': 2.3126548307844677, 'penalty': 'l2'}. Best is trial 0 with value: 1.0.
[I 2025-05-15 07:59:31,211] Trial 26 finished with value: 1.0 and parameters: {'C': 40.124858972664725, 'penalty': 'l2'}. Best is trial 0 with value: 1.0.
[I 2025-05-15 07:59:31,247] Trial 27 finished with value: 0.9652777777777779 and parameters: {'C': 0.019835576450414404, 'penalty': 'l2'}. Best is trial 0 with value: 1.0.
[I 2025-05-15 07:59:31,278] Trial 28 finished with value: 1.0 and parameters: {'C': 0.2612059614126463, 'penalty': 'l2'}. Best is trial 0 with value: 1.0.
[I 2025-05-15 07:59:31,299] Trial 29 finished with value: 1.0 and parameters: {'C': 4.135616175436044, 'penalty': 'l2'}. Best is trial 0 with value: 1.0.
/data/home/rtabares/anaconda3/envs/pyth3.12/lib/python3.12/site-packages/xgboost/core.py:377: FutureWarning: Your system has an old version of glibc (< 2.28). We will stop supporting Linux distros with glibc older than 2.28 after **May 31, 2025**. Please upgrade to a recent Linux distro (with glibc >= 2.28) to use future versions of XGBoost.
Note: You have installed the 'manylinux2014' variant of XGBoost. Certain features such as GPU algorithms or federated learning are not available. To use these features, please upgrade to a recent Linux distro with glibc 2.28+, and install the 'manylinux_2_28' variant.
  warnings.warn(
[I 2025-05-15 07:59:42,354] A new study created in memory with name: mlp
Parámetros guardados en checkpoint_adult_Doriginal_G/lc/IPC_43/best_models_lc_seed_6_space_original/logreg_best_params.json


>>> Optuna tuning mlp metodo lc IPC 43 seed 6


/data/home/rtabares/anaconda3/envs/pyth3.12/lib/python3.12/site-packages/sklearn/neural_network/_multilayer_perceptron.py:691: ConvergenceWarning: Stochastic Optimizer: Maximum iterations (100) reached and the optimization hasn't converged yet.
  warnings.warn(
/data/home/rtabares/anaconda3/envs/pyth3.12/lib/python3.12/site-packages/sklearn/neural_network/_multilayer_perceptron.py:691: ConvergenceWarning: Stochastic Optimizer: Maximum iterations (100) reached and the optimization hasn't converged yet.
  warnings.warn(
/data/home/rtabares/anaconda3/envs/pyth3.12/lib/python3.12/site-packages/sklearn/neural_network/_multilayer_perceptron.py:691: ConvergenceWarning: Stochastic Optimizer: Maximum iterations (100) reached and the optimization hasn't converged yet.
  warnings.warn(
/data/home/rtabares/anaconda3/envs/pyth3.12/lib/python3.12/site-packages/sklearn/neural_network/_multilayer_perceptron.py:691: ConvergenceWarning: Stochastic Optimizer: Maximum iterations (100) reached and the optimization hasn't converged yet.
  warnings.warn(
/data/home/rtabares/anaconda3/envs/pyth3.12/lib/python3.12/site-packages/sklearn/neural_network/_multilayer_perceptron.py:691: ConvergenceWarning: Stochastic Optimizer: Maximum iterations (100) reached and the optimization hasn't converged yet.
  warnings.warn(
[I 2025-05-15 07:59:44,045] Trial 0 finished with value: 1.0 and parameters: {'hidden_layer_sizes': (100,), 'max_iter': 100, 'alpha': 0.0001}. Best is trial 0 with value: 1.0.
[I 2025-05-15 07:59:44,432] Trial 1 finished with value: 1.0 and parameters: {'hidden_layer_sizes': (100, 100), 'max_iter': 100, 'alpha': 0.001}. Best is trial 0 with value: 1.0.
/data/home/rtabares/anaconda3/envs/pyth3.12/lib/python3.12/site-packages/sklearn/neural_network/_multilayer_perceptron.py:691: ConvergenceWarning: Stochastic Optimizer: Maximum iterations (100) reached and the optimization hasn't converged yet.
  warnings.warn(
/data/home/rtabares/anaconda3/envs/pyth3.12/lib/python3.12/site-packages/sklearn/neural_network/_multilayer_perceptron.py:691: ConvergenceWarning: Stochastic Optimizer: Maximum iterations (100) reached and the optimization hasn't converged yet.
  warnings.warn(
/data/home/rtabares/anaconda3/envs/pyth3.12/lib/python3.12/site-packages/sklearn/neural_network/_multilayer_perceptron.py:691: ConvergenceWarning: Stochastic Optimizer: Maximum iterations (100) reached and the optimization hasn't converged yet.
  warnings.warn(
/data/home/rtabares/anaconda3/envs/pyth3.12/lib/python3.12/site-packages/sklearn/neural_network/_multilayer_perceptron.py:691: ConvergenceWarning: Stochastic Optimizer: Maximum iterations (100) reached and the optimization hasn't converged yet.
  warnings.warn(
/data/home/rtabares/anaconda3/envs/pyth3.12/lib/python3.12/site-packages/sklearn/neural_network/_multilayer_perceptron.py:691: ConvergenceWarning: Stochastic Optimizer: Maximum iterations (100) reached and the optimization hasn't converged yet.
  warnings.warn(
[I 2025-05-15 07:59:44,857] Trial 2 finished with value: 1.0 and parameters: {'hidden_layer_sizes': (200,), 'max_iter': 100, 'alpha': 0.0001}. Best is trial 0 with value: 1.0.
/data/home/rtabares/anaconda3/envs/pyth3.12/lib/python3.12/site-packages/sklearn/neural_network/_multilayer_perceptron.py:691: ConvergenceWarning: Stochastic Optimizer: Maximum iterations (50) reached and the optimization hasn't converged yet.
  warnings.warn(
/data/home/rtabares/anaconda3/envs/pyth3.12/lib/python3.12/site-packages/sklearn/neural_network/_multilayer_perceptron.py:691: ConvergenceWarning: Stochastic Optimizer: Maximum iterations (50) reached and the optimization hasn't converged yet.
  warnings.warn(
/data/home/rtabares/anaconda3/envs/pyth3.12/lib/python3.12/site-packages/sklearn/neural_network/_multilayer_perceptron.py:691: ConvergenceWarning: Stochastic Optimizer: Maximum iterations (50) reached and the optimization hasn't converged yet.
  warnings.warn(
/data/home/rtabares/anaconda3/envs/pyth3.12/lib/python3.12/site-packages/sklearn/neural_network/_multilayer_perceptron.py:691: ConvergenceWarning: Stochastic Optimizer: Maximum iterations (50) reached and the optimization hasn't converged yet.
  warnings.warn(
/data/home/rtabares/anaconda3/envs/pyth3.12/lib/python3.12/site-packages/sklearn/neural_network/_multilayer_perceptron.py:691: ConvergenceWarning: Stochastic Optimizer: Maximum iterations (50) reached and the optimization hasn't converged yet.
  warnings.warn(
[I 2025-05-15 07:59:45,059] Trial 3 finished with value: 0.9652777777777779 and parameters: {'hidden_layer_sizes': (200,), 'max_iter': 50, 'alpha': 0.001}. Best is trial 0 with value: 1.0.
/data/home/rtabares/anaconda3/envs/pyth3.12/lib/python3.12/site-packages/sklearn/neural_network/_multilayer_perceptron.py:691: ConvergenceWarning: Stochastic Optimizer: Maximum iterations (50) reached and the optimization hasn't converged yet.
  warnings.warn(
/data/home/rtabares/anaconda3/envs/pyth3.12/lib/python3.12/site-packages/sklearn/neural_network/_multilayer_perceptron.py:691: ConvergenceWarning: Stochastic Optimizer: Maximum iterations (50) reached and the optimization hasn't converged yet.
  warnings.warn(
/data/home/rtabares/anaconda3/envs/pyth3.12/lib/python3.12/site-packages/sklearn/neural_network/_multilayer_perceptron.py:691: ConvergenceWarning: Stochastic Optimizer: Maximum iterations (50) reached and the optimization hasn't converged yet.
  warnings.warn(
/data/home/rtabares/anaconda3/envs/pyth3.12/lib/python3.12/site-packages/sklearn/neural_network/_multilayer_perceptron.py:691: ConvergenceWarning: Stochastic Optimizer: Maximum iterations (50) reached and the optimization hasn't converged yet.
  warnings.warn(
/data/home/rtabares/anaconda3/envs/pyth3.12/lib/python3.12/site-packages/sklearn/neural_network/_multilayer_perceptron.py:691: ConvergenceWarning: Stochastic Optimizer: Maximum iterations (50) reached and the optimization hasn't converged yet.
  warnings.warn(
[I 2025-05-15 07:59:45,575] Trial 4 finished with value: 1.0 and parameters: {'hidden_layer_sizes': (100, 100), 'max_iter': 50, 'alpha': 0.0001}. Best is trial 0 with value: 1.0.
/data/home/rtabares/anaconda3/envs/pyth3.12/lib/python3.12/site-packages/sklearn/neural_network/_multilayer_perceptron.py:691: ConvergenceWarning: Stochastic Optimizer: Maximum iterations (100) reached and the optimization hasn't converged yet.
  warnings.warn(
/data/home/rtabares/anaconda3/envs/pyth3.12/lib/python3.12/site-packages/sklearn/neural_network/_multilayer_perceptron.py:691: ConvergenceWarning: Stochastic Optimizer: Maximum iterations (100) reached and the optimization hasn't converged yet.
  warnings.warn(
/data/home/rtabares/anaconda3/envs/pyth3.12/lib/python3.12/site-packages/sklearn/neural_network/_multilayer_perceptron.py:691: ConvergenceWarning: Stochastic Optimizer: Maximum iterations (100) reached and the optimization hasn't converged yet.
  warnings.warn(
/data/home/rtabares/anaconda3/envs/pyth3.12/lib/python3.12/site-packages/sklearn/neural_network/_multilayer_perceptron.py:691: ConvergenceWarning: Stochastic Optimizer: Maximum iterations (100) reached and the optimization hasn't converged yet.
  warnings.warn(
/data/home/rtabares/anaconda3/envs/pyth3.12/lib/python3.12/site-packages/sklearn/neural_network/_multilayer_perceptron.py:691: ConvergenceWarning: Stochastic Optimizer: Maximum iterations (100) reached and the optimization hasn't converged yet.
  warnings.warn(
