[I 2025-05-15 07:56:45,464] Trial 15 finished with value: 0.22777777777777777 and parameters: {'C': 7.470518035048567, 'gamma': 0.10763748240825163}. Best is trial 1 with value: 0.5652777777777778.
[I 2025-05-15 07:56:45,510] Trial 16 finished with value: 0.5333333333333333 and parameters: {'C': 0.1863516315227972, 'gamma': 0.0007082331157845119}. Best is trial 1 with value: 0.5652777777777778.
[I 2025-05-15 07:56:45,579] Trial 17 finished with value: 0.5333333333333333 and parameters: {'C': 0.026172478305176654, 'gamma': 0.00628664717154984}. Best is trial 1 with value: 0.5652777777777778.
[I 2025-05-15 07:56:45,607] Trial 18 finished with value: 0.29861111111111116 and parameters: {'C': 2.7231865752623077, 'gamma': 0.04314702190142667}. Best is trial 1 with value: 0.5652777777777778.
[I 2025-05-15 07:56:45,664] Trial 19 finished with value: 0.47777777777777775 and parameters: {'C': 0.4355710945798905, 'gamma': 0.5349528776444162}. Best is trial 1 with value: 0.5652777777777778.
[I 2025-05-15 07:56:45,701] Trial 20 finished with value: 0.5333333333333333 and parameters: {'C': 0.08203409799244858, 'gamma': 0.0018003599613446025}. Best is trial 1 with value: 0.5652777777777778.
[I 2025-05-15 07:56:45,744] Trial 21 finished with value: 0.5333333333333333 and parameters: {'C': 0.01242263772615591, 'gamma': 0.0003222877895772264}. Best is trial 1 with value: 0.5652777777777778.
[I 2025-05-15 07:56:45,800] Trial 22 finished with value: 0.5333333333333333 and parameters: {'C': 0.01025258507396144, 'gamma': 0.0002872344740063589}. Best is trial 1 with value: 0.5652777777777778.
[I 2025-05-15 07:56:45,854] Trial 23 finished with value: 0.5333333333333333 and parameters: {'C': 0.032187772007794144, 'gamma': 0.00035579506408580996}. Best is trial 1 with value: 0.5652777777777778.
[I 2025-05-15 07:56:47,109] Trial 24 finished with value: 0.5333333333333333 and parameters: {'C': 0.06891562849306557, 'gamma': 0.0008702646702686698}. Best is trial 1 with value: 0.5652777777777778.
[I 2025-05-15 07:56:47,161] Trial 25 finished with value: 0.5333333333333333 and parameters: {'C': 0.01895477641319467, 'gamma': 0.0001132557629166004}. Best is trial 1 with value: 0.5652777777777778.
[I 2025-05-15 07:56:47,216] Trial 26 finished with value: 0.5333333333333333 and parameters: {'C': 0.17581071056002695, 'gamma': 0.002137672046985719}. Best is trial 1 with value: 0.5652777777777778.
[I 2025-05-15 07:56:47,271] Trial 27 finished with value: 0.5333333333333333 and parameters: {'C': 0.0538636333428432, 'gamma': 0.011716199734491265}. Best is trial 1 with value: 0.5652777777777778.
[I 2025-05-15 07:56:47,316] Trial 28 finished with value: 0.575 and parameters: {'C': 13.514002759242153, 'gamma': 0.0002721630076745867}. Best is trial 28 with value: 0.575.
[I 2025-05-15 07:56:47,362] Trial 29 finished with value: 0.5305555555555556 and parameters: {'C': 92.74899083213113, 'gamma': 0.0029221125667597096}. Best is trial 28 with value: 0.575.
[I 2025-05-15 07:56:57,522] A new study created in memory with name: logreg
Parámetros guardados en checkpoint_adult_Doriginal_G/k_center/IPC_43/best_models_k_center_seed_6_space_original/svc_best_params.json


>>> Optuna tuning logreg metodo k_center IPC 43 seed 6


[I 2025-05-15 07:56:58,910] Trial 0 finished with value: 0.601388888888889 and parameters: {'C': 29.127335430981816, 'penalty': 'l2'}. Best is trial 0 with value: 0.601388888888889.
[I 2025-05-15 07:56:58,947] Trial 1 finished with value: 0.6013888888888889 and parameters: {'C': 0.045698192893558344, 'penalty': 'l2'}. Best is trial 0 with value: 0.601388888888889.
[I 2025-05-15 07:56:58,995] Trial 2 finished with value: 0.601388888888889 and parameters: {'C': 12.768668597712947, 'penalty': 'l2'}. Best is trial 0 with value: 0.601388888888889.
[I 2025-05-15 07:56:59,014] Trial 3 finished with value: 0.5916666666666666 and parameters: {'C': 0.0016161554408462638, 'penalty': 'l2'}. Best is trial 0 with value: 0.601388888888889.
[I 2025-05-15 07:56:59,033] Trial 4 finished with value: 0.5791666666666666 and parameters: {'C': 0.0034536903703241734, 'penalty': 'l2'}. Best is trial 0 with value: 0.601388888888889.
[I 2025-05-15 07:56:59,060] Trial 5 finished with value: 0.5875 and parameters: {'C': 0.9446269266990148, 'penalty': 'l2'}. Best is trial 0 with value: 0.601388888888889.
[I 2025-05-15 07:56:59,095] Trial 6 finished with value: 0.5986111111111111 and parameters: {'C': 0.4457453393648168, 'penalty': 'l2'}. Best is trial 0 with value: 0.601388888888889.
[I 2025-05-15 07:56:59,131] Trial 7 finished with value: 0.6124999999999999 and parameters: {'C': 0.12417585037258261, 'penalty': 'l2'}. Best is trial 7 with value: 0.6124999999999999.
[I 2025-05-15 07:56:59,157] Trial 8 finished with value: 0.6013888888888889 and parameters: {'C': 0.04753781830244093, 'penalty': 'l2'}. Best is trial 7 with value: 0.6124999999999999.
[I 2025-05-15 07:56:59,194] Trial 9 finished with value: 0.5652777777777777 and parameters: {'C': 1.2959766028194148, 'penalty': 'l2'}. Best is trial 7 with value: 0.6124999999999999.
[I 2025-05-15 07:56:59,226] Trial 10 finished with value: 0.5888888888888888 and parameters: {'C': 0.021307065150373748, 'penalty': 'l2'}. Best is trial 7 with value: 0.6124999999999999.
[I 2025-05-15 07:57:00,663] Trial 11 finished with value: 0.6125 and parameters: {'C': 59.9697718692158, 'penalty': 'l2'}. Best is trial 11 with value: 0.6125.
[I 2025-05-15 07:57:02,226] Trial 12 finished with value: 0.5638888888888889 and parameters: {'C': 4.959803274568357, 'penalty': 'l2'}. Best is trial 11 with value: 0.6125.
[I 2025-05-15 07:57:02,261] Trial 13 finished with value: 0.6124999999999999 and parameters: {'C': 0.12782376953414962, 'penalty': 'l2'}. Best is trial 11 with value: 0.6125.
[I 2025-05-15 07:57:02,313] Trial 14 finished with value: 0.6125 and parameters: {'C': 53.61510563861268, 'penalty': 'l2'}. Best is trial 11 with value: 0.6125.
[I 2025-05-15 07:57:02,353] Trial 15 finished with value: 0.6125 and parameters: {'C': 96.32399363633401, 'penalty': 'l2'}. Best is trial 11 with value: 0.6125.
[I 2025-05-15 07:57:02,412] Trial 16 finished with value: 0.6125 and parameters: {'C': 99.25542642704626, 'penalty': 'l2'}. Best is trial 11 with value: 0.6125.
[I 2025-05-15 07:57:02,462] Trial 17 finished with value: 0.576388888888889 and parameters: {'C': 6.485797056439039, 'penalty': 'l2'}. Best is trial 11 with value: 0.6125.
[I 2025-05-15 07:57:02,511] Trial 18 finished with value: 0.6138888888888889 and parameters: {'C': 26.24827772157378, 'penalty': 'l2'}. Best is trial 18 with value: 0.6138888888888889.
[I 2025-05-15 07:57:02,570] Trial 19 finished with value: 0.5638888888888889 and parameters: {'C': 2.996345156314609, 'penalty': 'l2'}. Best is trial 18 with value: 0.6138888888888889.
[I 2025-05-15 07:57:02,618] Trial 20 finished with value: 0.6138888888888889 and parameters: {'C': 19.83040161956091, 'penalty': 'l2'}. Best is trial 18 with value: 0.6138888888888889.
[I 2025-05-15 07:57:02,679] Trial 21 finished with value: 0.6138888888888889 and parameters: {'C': 23.531415521416083, 'penalty': 'l2'}. Best is trial 18 with value: 0.6138888888888889.
[I 2025-05-15 07:57:02,741] Trial 22 finished with value: 0.6138888888888889 and parameters: {'C': 18.492621576688794, 'penalty': 'l2'}. Best is trial 18 with value: 0.6138888888888889.
[I 2025-05-15 07:57:02,791] Trial 23 finished with value: 0.576388888888889 and parameters: {'C': 10.796529151385618, 'penalty': 'l2'}. Best is trial 18 with value: 0.6138888888888889.
[I 2025-05-15 07:57:02,829] Trial 24 finished with value: 0.5638888888888889 and parameters: {'C': 3.1540840598888815, 'penalty': 'l2'}. Best is trial 18 with value: 0.6138888888888889.
[I 2025-05-15 07:57:02,887] Trial 25 finished with value: 0.6138888888888889 and parameters: {'C': 26.60089613228742, 'penalty': 'l2'}. Best is trial 18 with value: 0.6138888888888889.
[I 2025-05-15 07:57:02,915] Trial 26 finished with value: 0.5652777777777777 and parameters: {'C': 1.286285018715194, 'penalty': 'l2'}. Best is trial 18 with value: 0.6138888888888889.
[I 2025-05-15 07:57:02,973] Trial 27 finished with value: 0.576388888888889 and parameters: {'C': 8.09188112362518, 'penalty': 'l2'}. Best is trial 18 with value: 0.6138888888888889.
[I 2025-05-15 07:57:03,092] Trial 28 finished with value: 0.601388888888889 and parameters: {'C': 30.075194814863988, 'penalty': 'l2'}. Best is trial 18 with value: 0.6138888888888889.
[I 2025-05-15 07:57:03,135] Trial 29 finished with value: 0.6138888888888889 and parameters: {'C': 32.98515884817721, 'penalty': 'l2'}. Best is trial 18 with value: 0.6138888888888889.
[I 2025-05-15 07:57:13,920] A new study created in memory with name: mlp
Parámetros guardados en checkpoint_adult_Doriginal_G/k_center/IPC_43/best_models_k_center_seed_6_space_original/logreg_best_params.json


>>> Optuna tuning mlp metodo k_center IPC 43 seed 6


/data/home/rtabares/anaconda3/envs/pyth3.12/lib/python3.12/site-packages/sklearn/neural_network/_multilayer_perceptron.py:691: ConvergenceWarning: Stochastic Optimizer: Maximum iterations (100) reached and the optimization hasn't converged yet.
  warnings.warn(
/data/home/rtabares/anaconda3/envs/pyth3.12/lib/python3.12/site-packages/sklearn/neural_network/_multilayer_perceptron.py:691: ConvergenceWarning: Stochastic Optimizer: Maximum iterations (100) reached and the optimization hasn't converged yet.
  warnings.warn(
/data/home/rtabares/anaconda3/envs/pyth3.12/lib/python3.12/site-packages/sklearn/neural_network/_multilayer_perceptron.py:691: ConvergenceWarning: Stochastic Optimizer: Maximum iterations (100) reached and the optimization hasn't converged yet.
  warnings.warn(
/data/home/rtabares/anaconda3/envs/pyth3.12/lib/python3.12/site-packages/sklearn/neural_network/_multilayer_perceptron.py:691: ConvergenceWarning: Stochastic Optimizer: Maximum iterations (100) reached and the optimization hasn't converged yet.
  warnings.warn(
/data/home/rtabares/anaconda3/envs/pyth3.12/lib/python3.12/site-packages/sklearn/neural_network/_multilayer_perceptron.py:691: ConvergenceWarning: Stochastic Optimizer: Maximum iterations (100) reached and the optimization hasn't converged yet.
  warnings.warn(
[I 2025-05-15 07:57:18,717] Trial 0 finished with value: 0.5055555555555555 and parameters: {'hidden_layer_sizes': (100,), 'max_iter': 100, 'alpha': 0.0001}. Best is trial 0 with value: 0.5055555555555555.
/data/home/rtabares/anaconda3/envs/pyth3.12/lib/python3.12/site-packages/sklearn/neural_network/_multilayer_perceptron.py:691: ConvergenceWarning: Stochastic Optimizer: Maximum iterations (100) reached and the optimization hasn't converged yet.
  warnings.warn(
/data/home/rtabares/anaconda3/envs/pyth3.12/lib/python3.12/site-packages/sklearn/neural_network/_multilayer_perceptron.py:691: ConvergenceWarning: Stochastic Optimizer: Maximum iterations (100) reached and the optimization hasn't converged yet.
  warnings.warn(
/data/home/rtabares/anaconda3/envs/pyth3.12/lib/python3.12/site-packages/sklearn/neural_network/_multilayer_perceptron.py:691: ConvergenceWarning: Stochastic Optimizer: Maximum iterations (100) reached and the optimization hasn't converged yet.
  warnings.warn(
/data/home/rtabares/anaconda3/envs/pyth3.12/lib/python3.12/site-packages/sklearn/neural_network/_multilayer_perceptron.py:691: ConvergenceWarning: Stochastic Optimizer: Maximum iterations (100) reached and the optimization hasn't converged yet.
  warnings.warn(
/data/home/rtabares/anaconda3/envs/pyth3.12/lib/python3.12/site-packages/sklearn/neural_network/_multilayer_perceptron.py:691: ConvergenceWarning: Stochastic Optimizer: Maximum iterations (100) reached and the optimization hasn't converged yet.
  warnings.warn(
[I 2025-05-15 07:57:19,451] Trial 1 finished with value: 0.48472222222222217 and parameters: {'hidden_layer_sizes': (100, 100), 'max_iter': 100, 'alpha': 0.001}. Best is trial 0 with value: 0.5055555555555555.
/data/home/rtabares/anaconda3/envs/pyth3.12/lib/python3.12/site-packages/sklearn/neural_network/_multilayer_perceptron.py:691: ConvergenceWarning: Stochastic Optimizer: Maximum iterations (100) reached and the optimization hasn't converged yet.
  warnings.warn(
/data/home/rtabares/anaconda3/envs/pyth3.12/lib/python3.12/site-packages/sklearn/neural_network/_multilayer_perceptron.py:691: ConvergenceWarning: Stochastic Optimizer: Maximum iterations (100) reached and the optimization hasn't converged yet.
  warnings.warn(
/data/home/rtabares/anaconda3/envs/pyth3.12/lib/python3.12/site-packages/sklearn/neural_network/_multilayer_perceptron.py:691: ConvergenceWarning: Stochastic Optimizer: Maximum iterations (100) reached and the optimization hasn't converged yet.
  warnings.warn(
/data/home/rtabares/anaconda3/envs/pyth3.12/lib/python3.12/site-packages/sklearn/neural_network/_multilayer_perceptron.py:691: ConvergenceWarning: Stochastic Optimizer: Maximum iterations (100) reached and the optimization hasn't converged yet.
  warnings.warn(
/data/home/rtabares/anaconda3/envs/pyth3.12/lib/python3.12/site-packages/sklearn/neural_network/_multilayer_perceptron.py:691: ConvergenceWarning: Stochastic Optimizer: Maximum iterations (100) reached and the optimization hasn't converged yet.
  warnings.warn(
[I 2025-05-15 07:57:19,719] Trial 2 finished with value: 0.5069444444444444 and parameters: {'hidden_layer_sizes': (200,), 'max_iter': 100, 'alpha': 0.0001}. Best is trial 2 with value: 0.5069444444444444.
/data/home/rtabares/anaconda3/envs/pyth3.12/lib/python3.12/site-packages/sklearn/neural_network/_multilayer_perceptron.py:691: ConvergenceWarning: Stochastic Optimizer: Maximum iterations (50) reached and the optimization hasn't converged yet.
  warnings.warn(
/data/home/rtabares/anaconda3/envs/pyth3.12/lib/python3.12/site-packages/sklearn/neural_network/_multilayer_perceptron.py:691: ConvergenceWarning: Stochastic Optimizer: Maximum iterations (50) reached and the optimization hasn't converged yet.
  warnings.warn(
/data/home/rtabares/anaconda3/envs/pyth3.12/lib/python3.12/site-packages/sklearn/neural_network/_multilayer_perceptron.py:691: ConvergenceWarning: Stochastic Optimizer: Maximum iterations (50) reached and the optimization hasn't converged yet.
  warnings.warn(
/data/home/rtabares/anaconda3/envs/pyth3.12/lib/python3.12/site-packages/sklearn/neural_network/_multilayer_perceptron.py:691: ConvergenceWarning: Stochastic Optimizer: Maximum iterations (50) reached and the optimization hasn't converged yet.
  warnings.warn(
/data/home/rtabares/anaconda3/envs/pyth3.12/lib/python3.12/site-packages/sklearn/neural_network/_multilayer_perceptron.py:691: ConvergenceWarning: Stochastic Optimizer: Maximum iterations (50) reached and the optimization hasn't converged yet.
  warnings.warn(
[I 2025-05-15 07:57:19,815] Trial 3 finished with value: 0.47222222222222215 and parameters: {'hidden_layer_sizes': (200,), 'max_iter': 50, 'alpha': 0.001}. Best is trial 2 with value: 0.5069444444444444.
/data/home/rtabares/anaconda3/envs/pyth3.12/lib/python3.12/site-packages/sklearn/neural_network/_multilayer_perceptron.py:691: ConvergenceWarning: Stochastic Optimizer: Maximum iterations (50) reached and the optimization hasn't converged yet.
  warnings.warn(
/data/home/rtabares/anaconda3/envs/pyth3.12/lib/python3.12/site-packages/sklearn/neural_network/_multilayer_perceptron.py:691: ConvergenceWarning: Stochastic Optimizer: Maximum iterations (50) reached and the optimization hasn't converged yet.
  warnings.warn(
/data/home/rtabares/anaconda3/envs/pyth3.12/lib/python3.12/site-packages/sklearn/neural_network/_multilayer_perceptron.py:691: ConvergenceWarning: Stochastic Optimizer: Maximum iterations (50) reached and the optimization hasn't converged yet.
  warnings.warn(
/data/home/rtabares/anaconda3/envs/pyth3.12/lib/python3.12/site-packages/sklearn/neural_network/_multilayer_perceptron.py:691: ConvergenceWarning: Stochastic Optimizer: Maximum iterations (50) reached and the optimization hasn't converged yet.
  warnings.warn(
/data/home/rtabares/anaconda3/envs/pyth3.12/lib/python3.12/site-packages/sklearn/neural_network/_multilayer_perceptron.py:691: ConvergenceWarning: Stochastic Optimizer: Maximum iterations (50) reached and the optimization hasn't converged yet.
  warnings.warn(
[I 2025-05-15 07:57:19,963] Trial 4 finished with value: 0.45972222222222225 and parameters: {'hidden_layer_sizes': (100, 100), 'max_iter': 50, 'alpha': 0.0001}. Best is trial 2 with value: 0.5069444444444444.
/data/home/rtabares/anaconda3/envs/pyth3.12/lib/python3.12/site-packages/sklearn/neural_network/_multilayer_perceptron.py:691: ConvergenceWarning: Stochastic Optimizer: Maximum iterations (100) reached and the optimization hasn't converged yet.
  warnings.warn(
/data/home/rtabares/anaconda3/envs/pyth3.12/lib/python3.12/site-packages/sklearn/neural_network/_multilayer_perceptron.py:691: ConvergenceWarning: Stochastic Optimizer: Maximum iterations (100) reached and the optimization hasn't converged yet.
  warnings.warn(
/data/home/rtabares/anaconda3/envs/pyth3.12/lib/python3.12/site-packages/sklearn/neural_network/_multilayer_perceptron.py:691: ConvergenceWarning: Stochastic Optimizer: Maximum iterations (100) reached and the optimization hasn't converged yet.
  warnings.warn(
/data/home/rtabares/anaconda3/envs/pyth3.12/lib/python3.12/site-packages/sklearn/neural_network/_multilayer_perceptron.py:691: ConvergenceWarning: Stochastic Optimizer: Maximum iterations (100) reached and the optimization hasn't converged yet.
  warnings.warn(
/data/home/rtabares/anaconda3/envs/pyth3.12/lib/python3.12/site-packages/sklearn/neural_network/_multilayer_perceptron.py:691: ConvergenceWarning: Stochastic Optimizer: Maximum iterations (100) reached and the optimization hasn't converged yet.
  warnings.warn(
[I 2025-05-15 07:57:20,231] Trial 5 finished with value: 0.48194444444444445 and parameters: {'hidden_layer_sizes': (200,), 'max_iter': 100, 'alpha': 0.0001}. Best is trial 2 with value: 0.5069444444444444.
/data/home/rtabares/anaconda3/envs/pyth3.12/lib/python3.12/site-packages/sklearn/neural_network/_multilayer_perceptron.py:691: ConvergenceWarning: Stochastic Optimizer: Maximum iterations (100) reached and the optimization hasn't converged yet.
  warnings.warn(
/data/home/rtabares/anaconda3/envs/pyth3.12/lib/python3.12/site-packages/sklearn/neural_network/_multilayer_perceptron.py:691: ConvergenceWarning: Stochastic Optimizer: Maximum iterations (100) reached and the optimization hasn't converged yet.
  warnings.warn(
/data/home/rtabares/anaconda3/envs/pyth3.12/lib/python3.12/site-packages/sklearn/neural_network/_multilayer_perceptron.py:691: ConvergenceWarning: Stochastic Optimizer: Maximum iterations (100) reached and the optimization hasn't converged yet.
  warnings.warn(
/data/home/rtabares/anaconda3/envs/pyth3.12/lib/python3.12/site-packages/sklearn/neural_network/_multilayer_perceptron.py:691: ConvergenceWarning: Stochastic Optimizer: Maximum iterations (100) reached and the optimization hasn't converged yet.
  warnings.warn(
/data/home/rtabares/anaconda3/envs/pyth3.12/lib/python3.12/site-packages/sklearn/neural_network/_multilayer_perceptron.py:691: ConvergenceWarning: Stochastic Optimizer: Maximum iterations (100) reached and the optimization hasn't converged yet.
  warnings.warn(
[I 2025-05-15 07:57:20,521] Trial 6 finished with value: 0.5166666666666666 and parameters: {'hidden_layer_sizes': (200,), 'max_iter': 100, 'alpha': 0.001}. Best is trial 6 with value: 0.5166666666666666.
/data/home/rtabares/anaconda3/envs/pyth3.12/lib/python3.12/site-packages/sklearn/neural_network/_multilayer_perceptron.py:691: ConvergenceWarning: Stochastic Optimizer: Maximum iterations (100) reached and the optimization hasn't converged yet.
  warnings.warn(
/data/home/rtabares/anaconda3/envs/pyth3.12/lib/python3.12/site-packages/sklearn/neural_network/_multilayer_perceptron.py:691: ConvergenceWarning: Stochastic Optimizer: Maximum iterations (100) reached and the optimization hasn't converged yet.
  warnings.warn(
/data/home/rtabares/anaconda3/envs/pyth3.12/lib/python3.12/site-packages/sklearn/neural_network/_multilayer_perceptron.py:691: ConvergenceWarning: Stochastic Optimizer: Maximum iterations (100) reached and the optimization hasn't converged yet.
  warnings.warn(
/data/home/rtabares/anaconda3/envs/pyth3.12/lib/python3.12/site-packages/sklearn/neural_network/_multilayer_perceptron.py:691: ConvergenceWarning: Stochastic Optimizer: Maximum iterations (100) reached and the optimization hasn't converged yet.
  warnings.warn(
/data/home/rtabares/anaconda3/envs/pyth3.12/lib/python3.12/site-packages/sklearn/neural_network/_multilayer_perceptron.py:691: ConvergenceWarning: Stochastic Optimizer: Maximum iterations (100) reached and the optimization hasn't converged yet.
  warnings.warn(
