[I 2025-05-15 08:17:50,662] Trial 5 finished with value: 0.35000000000000003 and parameters: {'n_estimators': 100, 'max_depth': 20, 'gamma': 0.48380821541644814, 'subsample': 0.8171899343169193, 'colsample_bytree': 0.7614531005141727}. Best is trial 4 with value: 0.5233333333333333.
/data/home/rtabares/anaconda3/envs/pyth3.12/lib/python3.12/site-packages/xgboost/core.py:377: FutureWarning: Your system has an old version of glibc (< 2.28). We will stop supporting Linux distros with glibc older than 2.28 after **May 31, 2025**. Please upgrade to a recent Linux distro (with glibc >= 2.28) to use future versions of XGBoost.
Note: You have installed the 'manylinux2014' variant of XGBoost. Certain features such as GPU algorithms or federated learning are not available. To use these features, please upgrade to a recent Linux distro with glibc 2.28+, and install the 'manylinux_2_28' variant.
  warnings.warn(
/data/home/rtabares/anaconda3/envs/pyth3.12/lib/python3.12/site-packages/xgboost/core.py:377: FutureWarning: Your system has an old version of glibc (< 2.28). We will stop supporting Linux distros with glibc older than 2.28 after **May 31, 2025**. Please upgrade to a recent Linux distro (with glibc >= 2.28) to use future versions of XGBoost.
Note: You have installed the 'manylinux2014' variant of XGBoost. Certain features such as GPU algorithms or federated learning are not available. To use these features, please upgrade to a recent Linux distro with glibc 2.28+, and install the 'manylinux_2_28' variant.
  warnings.warn(
[I 2025-05-15 08:17:50,736] Trial 6 finished with value: 0.4333333333333334 and parameters: {'n_estimators': 10, 'max_depth': 5, 'gamma': 0.9599214907026333, 'subsample': 0.8414569271877088, 'colsample_bytree': 0.5265643453364788}. Best is trial 4 with value: 0.5233333333333333.
/data/home/rtabares/anaconda3/envs/pyth3.12/lib/python3.12/site-packages/xgboost/core.py:377: FutureWarning: Your system has an old version of glibc (< 2.28). We will stop supporting Linux distros with glibc older than 2.28 after **May 31, 2025**. Please upgrade to a recent Linux distro (with glibc >= 2.28) to use future versions of XGBoost.
Note: You have installed the 'manylinux2014' variant of XGBoost. Certain features such as GPU algorithms or federated learning are not available. To use these features, please upgrade to a recent Linux distro with glibc 2.28+, and install the 'manylinux_2_28' variant.
  warnings.warn(
/data/home/rtabares/anaconda3/envs/pyth3.12/lib/python3.12/site-packages/xgboost/core.py:377: FutureWarning: Your system has an old version of glibc (< 2.28). We will stop supporting Linux distros with glibc older than 2.28 after **May 31, 2025**. Please upgrade to a recent Linux distro (with glibc >= 2.28) to use future versions of XGBoost.
Note: You have installed the 'manylinux2014' variant of XGBoost. Certain features such as GPU algorithms or federated learning are not available. To use these features, please upgrade to a recent Linux distro with glibc 2.28+, and install the 'manylinux_2_28' variant.
  warnings.warn(
/data/home/rtabares/anaconda3/envs/pyth3.12/lib/python3.12/site-packages/xgboost/core.py:377: FutureWarning: Your system has an old version of glibc (< 2.28). We will stop supporting Linux distros with glibc older than 2.28 after **May 31, 2025**. Please upgrade to a recent Linux distro (with glibc >= 2.28) to use future versions of XGBoost.
Note: You have installed the 'manylinux2014' variant of XGBoost. Certain features such as GPU algorithms or federated learning are not available. To use these features, please upgrade to a recent Linux distro with glibc 2.28+, and install the 'manylinux_2_28' variant.
  warnings.warn(
[I 2025-05-15 08:17:50,801] Trial 7 finished with value: 0.48999999999999994 and parameters: {'n_estimators': 40, 'max_depth': 5, 'gamma': 0.5250915966595621, 'subsample': 0.9207383574491986, 'colsample_bytree': 0.565555321173957}. Best is trial 4 with value: 0.5233333333333333.
[I 2025-05-15 08:17:50,836] Trial 8 finished with value: 0.33333333333333337 and parameters: {'n_estimators': 100, 'max_depth': 5, 'gamma': 0.3919835527051987, 'subsample': 0.6502094521590198, 'colsample_bytree': 0.5827507002328938}. Best is trial 4 with value: 0.5233333333333333.
/data/home/rtabares/anaconda3/envs/pyth3.12/lib/python3.12/site-packages/xgboost/core.py:377: FutureWarning: Your system has an old version of glibc (< 2.28). We will stop supporting Linux distros with glibc older than 2.28 after **May 31, 2025**. Please upgrade to a recent Linux distro (with glibc >= 2.28) to use future versions of XGBoost.
Note: You have installed the 'manylinux2014' variant of XGBoost. Certain features such as GPU algorithms or federated learning are not available. To use these features, please upgrade to a recent Linux distro with glibc 2.28+, and install the 'manylinux_2_28' variant.
  warnings.warn(
/data/home/rtabares/anaconda3/envs/pyth3.12/lib/python3.12/site-packages/xgboost/core.py:377: FutureWarning: Your system has an old version of glibc (< 2.28). We will stop supporting Linux distros with glibc older than 2.28 after **May 31, 2025**. Please upgrade to a recent Linux distro (with glibc >= 2.28) to use future versions of XGBoost.
Note: You have installed the 'manylinux2014' variant of XGBoost. Certain features such as GPU algorithms or federated learning are not available. To use these features, please upgrade to a recent Linux distro with glibc 2.28+, and install the 'manylinux_2_28' variant.
  warnings.warn(
[I 2025-05-15 08:17:50,883] Trial 9 finished with value: 0.47000000000000003 and parameters: {'n_estimators': 100, 'max_depth': 5, 'gamma': 0.8003922413895069, 'subsample': 0.9436444759263674, 'colsample_bytree': 0.8374593849333938}. Best is trial 4 with value: 0.5233333333333333.
/data/home/rtabares/anaconda3/envs/pyth3.12/lib/python3.12/site-packages/xgboost/core.py:377: FutureWarning: Your system has an old version of glibc (< 2.28). We will stop supporting Linux distros with glibc older than 2.28 after **May 31, 2025**. Please upgrade to a recent Linux distro (with glibc >= 2.28) to use future versions of XGBoost.
Note: You have installed the 'manylinux2014' variant of XGBoost. Certain features such as GPU algorithms or federated learning are not available. To use these features, please upgrade to a recent Linux distro with glibc 2.28+, and install the 'manylinux_2_28' variant.
  warnings.warn(
/data/home/rtabares/anaconda3/envs/pyth3.12/lib/python3.12/site-packages/xgboost/core.py:377: FutureWarning: Your system has an old version of glibc (< 2.28). We will stop supporting Linux distros with glibc older than 2.28 after **May 31, 2025**. Please upgrade to a recent Linux distro (with glibc >= 2.28) to use future versions of XGBoost.
Note: You have installed the 'manylinux2014' variant of XGBoost. Certain features such as GPU algorithms or federated learning are not available. To use these features, please upgrade to a recent Linux distro with glibc 2.28+, and install the 'manylinux_2_28' variant.
  warnings.warn(
[I 2025-05-15 08:17:50,935] Trial 10 finished with value: 0.38333333333333336 and parameters: {'n_estimators': 10, 'max_depth': 30, 'gamma': 0.13445536345660636, 'subsample': 0.7667965871523328, 'colsample_bytree': 0.9446716873952172}. Best is trial 4 with value: 0.5233333333333333.
/data/home/rtabares/anaconda3/envs/pyth3.12/lib/python3.12/site-packages/xgboost/core.py:377: FutureWarning: Your system has an old version of glibc (< 2.28). We will stop supporting Linux distros with glibc older than 2.28 after **May 31, 2025**. Please upgrade to a recent Linux distro (with glibc >= 2.28) to use future versions of XGBoost.
Note: You have installed the 'manylinux2014' variant of XGBoost. Certain features such as GPU algorithms or federated learning are not available. To use these features, please upgrade to a recent Linux distro with glibc 2.28+, and install the 'manylinux_2_28' variant.
  warnings.warn(
[I 2025-05-15 08:17:50,993] Trial 11 finished with value: 0.5133333333333333 and parameters: {'n_estimators': 40, 'max_depth': 30, 'gamma': 0.689050425343876, 'subsample': 0.9973857736638891, 'colsample_bytree': 0.6437095245597643}. Best is trial 4 with value: 0.5233333333333333.
/data/home/rtabares/anaconda3/envs/pyth3.12/lib/python3.12/site-packages/xgboost/core.py:377: FutureWarning: Your system has an old version of glibc (< 2.28). We will stop supporting Linux distros with glibc older than 2.28 after **May 31, 2025**. Please upgrade to a recent Linux distro (with glibc >= 2.28) to use future versions of XGBoost.
Note: You have installed the 'manylinux2014' variant of XGBoost. Certain features such as GPU algorithms or federated learning are not available. To use these features, please upgrade to a recent Linux distro with glibc 2.28+, and install the 'manylinux_2_28' variant.
  warnings.warn(
[I 2025-05-15 08:17:52,083] Trial 12 finished with value: 0.47666666666666657 and parameters: {'n_estimators': 40, 'max_depth': 30, 'gamma': 0.7192097417265682, 'subsample': 0.9958720674784483, 'colsample_bytree': 0.6710948616205239}. Best is trial 4 with value: 0.5233333333333333.
[I 2025-05-15 08:17:52,156] Trial 13 finished with value: 0.43999999999999995 and parameters: {'n_estimators': 40, 'max_depth': 30, 'gamma': 0.6962802823978901, 'subsample': 0.7104796820121175, 'colsample_bytree': 0.6717979595437059}. Best is trial 4 with value: 0.5233333333333333.
/data/home/rtabares/anaconda3/envs/pyth3.12/lib/python3.12/site-packages/xgboost/core.py:377: FutureWarning: Your system has an old version of glibc (< 2.28). We will stop supporting Linux distros with glibc older than 2.28 after **May 31, 2025**. Please upgrade to a recent Linux distro (with glibc >= 2.28) to use future versions of XGBoost.
Note: You have installed the 'manylinux2014' variant of XGBoost. Certain features such as GPU algorithms or federated learning are not available. To use these features, please upgrade to a recent Linux distro with glibc 2.28+, and install the 'manylinux_2_28' variant.
  warnings.warn(
/data/home/rtabares/anaconda3/envs/pyth3.12/lib/python3.12/site-packages/xgboost/core.py:377: FutureWarning: Your system has an old version of glibc (< 2.28). We will stop supporting Linux distros with glibc older than 2.28 after **May 31, 2025**. Please upgrade to a recent Linux distro (with glibc >= 2.28) to use future versions of XGBoost.
Note: You have installed the 'manylinux2014' variant of XGBoost. Certain features such as GPU algorithms or federated learning are not available. To use these features, please upgrade to a recent Linux distro with glibc 2.28+, and install the 'manylinux_2_28' variant.
  warnings.warn(
[I 2025-05-15 08:17:53,185] Trial 14 finished with value: 0.5233333333333333 and parameters: {'n_estimators': 10, 'max_depth': 30, 'gamma': 0.6842365888937322, 'subsample': 0.7775695228975286, 'colsample_bytree': 0.7956766992939459}. Best is trial 4 with value: 0.5233333333333333.
[I 2025-05-15 08:17:53,234] Trial 15 finished with value: 0.45000000000000007 and parameters: {'n_estimators': 10, 'max_depth': 20, 'gamma': 0.33146344327558863, 'subsample': 0.7544779959401693, 'colsample_bytree': 0.839289083134553}. Best is trial 4 with value: 0.5233333333333333.
[I 2025-05-15 08:17:53,281] Trial 16 finished with value: 0.48666666666666664 and parameters: {'n_estimators': 10, 'max_depth': 20, 'gamma': 0.81116523767766, 'subsample': 0.8367776309992718, 'colsample_bytree': 0.8430851922215278}. Best is trial 4 with value: 0.5233333333333333.
/data/home/rtabares/anaconda3/envs/pyth3.12/lib/python3.12/site-packages/xgboost/core.py:377: FutureWarning: Your system has an old version of glibc (< 2.28). We will stop supporting Linux distros with glibc older than 2.28 after **May 31, 2025**. Please upgrade to a recent Linux distro (with glibc >= 2.28) to use future versions of XGBoost.
Note: You have installed the 'manylinux2014' variant of XGBoost. Certain features such as GPU algorithms or federated learning are not available. To use these features, please upgrade to a recent Linux distro with glibc 2.28+, and install the 'manylinux_2_28' variant.
  warnings.warn(
[I 2025-05-15 08:17:54,407] Trial 17 finished with value: 0.4533333333333333 and parameters: {'n_estimators': 10, 'max_depth': 30, 'gamma': 0.6530381700208739, 'subsample': 0.630009655080881, 'colsample_bytree': 0.7991555880303312}. Best is trial 4 with value: 0.5233333333333333.
[I 2025-05-15 08:17:54,455] Trial 18 finished with value: 0.4133333333333334 and parameters: {'n_estimators': 10, 'max_depth': 30, 'gamma': 0.7947699100869177, 'subsample': 0.7109560475543578, 'colsample_bytree': 0.903594671997618}. Best is trial 4 with value: 0.5233333333333333.
/data/home/rtabares/anaconda3/envs/pyth3.12/lib/python3.12/site-packages/xgboost/core.py:377: FutureWarning: Your system has an old version of glibc (< 2.28). We will stop supporting Linux distros with glibc older than 2.28 after **May 31, 2025**. Please upgrade to a recent Linux distro (with glibc >= 2.28) to use future versions of XGBoost.
Note: You have installed the 'manylinux2014' variant of XGBoost. Certain features such as GPU algorithms or federated learning are not available. To use these features, please upgrade to a recent Linux distro with glibc 2.28+, and install the 'manylinux_2_28' variant.
  warnings.warn(
[I 2025-05-15 08:17:55,742] Trial 19 finished with value: 0.4966666666666667 and parameters: {'n_estimators': 10, 'max_depth': 20, 'gamma': 0.6012088350777312, 'subsample': 0.5011191823417127, 'colsample_bytree': 0.7176491510303704}. Best is trial 4 with value: 0.5233333333333333.
[I 2025-05-15 08:17:55,787] Trial 20 finished with value: 0.5066666666666666 and parameters: {'n_estimators': 10, 'max_depth': 30, 'gamma': 0.3971313911800236, 'subsample': 0.7832824106486092, 'colsample_bytree': 0.9913564058702758}. Best is trial 4 with value: 0.5233333333333333.
[I 2025-05-15 08:17:55,882] Trial 21 finished with value: 0.5066666666666666 and parameters: {'n_estimators': 40, 'max_depth': 30, 'gamma': 0.7026339793431501, 'subsample': 0.9148172043072942, 'colsample_bytree': 0.6825469184288684}. Best is trial 4 with value: 0.5233333333333333.
[I 2025-05-15 08:17:55,940] Trial 22 finished with value: 0.4966666666666666 and parameters: {'n_estimators': 40, 'max_depth': 30, 'gamma': 0.6227009541570616, 'subsample': 0.9911835888808611, 'colsample_bytree': 0.6193031131452849}. Best is trial 4 with value: 0.5233333333333333.
[I 2025-05-15 08:17:56,029] Trial 23 finished with value: 0.42000000000000004 and parameters: {'n_estimators': 40, 'max_depth': 30, 'gamma': 0.7667327186520416, 'subsample': 0.867497250244498, 'colsample_bytree': 0.786915687495769}. Best is trial 4 with value: 0.5233333333333333.
[I 2025-05-15 08:17:56,089] Trial 24 finished with value: 0.5199999999999999 and parameters: {'n_estimators': 10, 'max_depth': 30, 'gamma': 0.8723357475354392, 'subsample': 0.7092560306726354, 'colsample_bytree': 0.717712631435946}. Best is trial 4 with value: 0.5233333333333333.
[I 2025-05-15 08:17:56,144] Trial 25 finished with value: 0.48666666666666664 and parameters: {'n_estimators': 10, 'max_depth': 20, 'gamma': 0.84436455783837, 'subsample': 0.7167853596124152, 'colsample_bytree': 0.7167536710035042}. Best is trial 4 with value: 0.5233333333333333.
[I 2025-05-15 08:17:56,196] Trial 26 finished with value: 0.45999999999999996 and parameters: {'n_estimators': 10, 'max_depth': 30, 'gamma': 0.8781198386715515, 'subsample': 0.6555215105015839, 'colsample_bytree': 0.7963208023396641}. Best is trial 4 with value: 0.5233333333333333.
[I 2025-05-15 08:17:56,254] Trial 27 finished with value: 0.5033333333333333 and parameters: {'n_estimators': 10, 'max_depth': 20, 'gamma': 0.9867539892248853, 'subsample': 0.8021292056714819, 'colsample_bytree': 0.8656496844503447}. Best is trial 4 with value: 0.5233333333333333.
[I 2025-05-15 08:17:56,298] Trial 28 finished with value: 0.5566666666666666 and parameters: {'n_estimators': 10, 'max_depth': 30, 'gamma': 0.752398624863008, 'subsample': 0.7397909018529859, 'colsample_bytree': 0.748352527892976}. Best is trial 28 with value: 0.5566666666666666.
[I 2025-05-15 08:17:56,338] Trial 29 finished with value: 0.4866666666666667 and parameters: {'n_estimators': 10, 'max_depth': 20, 'gamma': 0.6021459243134202, 'subsample': 0.5684859256605079, 'colsample_bytree': 0.7511304802933954}. Best is trial 28 with value: 0.5566666666666666.
[I 2025-05-15 08:18:15,678] A new study created in memory with name: rf
Parámetros guardados en checkpoint_adult_Doriginal_G/craig/IPC_43/best_models_craig_seed_7_space_original/xgb_best_params.json


>>> Optuna tuning rf metodo craig IPC 43 seed 7


[I 2025-05-15 08:18:17,096] Trial 0 finished with value: 0.37333333333333335 and parameters: {'n_estimators': 130, 'max_depth': 17, 'min_samples_split': 5, 'min_samples_leaf': 8}. Best is trial 0 with value: 0.37333333333333335.
[I 2025-05-15 08:18:18,378] Trial 1 finished with value: 0.44666666666666666 and parameters: {'n_estimators': 492, 'max_depth': 12, 'min_samples_split': 6, 'min_samples_leaf': 1}. Best is trial 1 with value: 0.44666666666666666.
[I 2025-05-15 08:18:19,063] Trial 2 finished with value: 0.52 and parameters: {'n_estimators': 207, 'max_depth': 11, 'min_samples_split': 8, 'min_samples_leaf': 9}. Best is trial 2 with value: 0.52.
[I 2025-05-15 08:18:19,761] Trial 3 finished with value: 0.42000000000000004 and parameters: {'n_estimators': 252, 'max_depth': 4, 'min_samples_split': 4, 'min_samples_leaf': 10}. Best is trial 2 with value: 0.52.
[I 2025-05-15 08:18:20,224] Trial 4 finished with value: 0.5133333333333333 and parameters: {'n_estimators': 185, 'max_depth': 11, 'min_samples_split': 10, 'min_samples_leaf': 1}. Best is trial 2 with value: 0.52.
[I 2025-05-15 08:18:21,015] Trial 5 finished with value: 0.5466666666666666 and parameters: {'n_estimators': 340, 'max_depth': 20, 'min_samples_split': 4, 'min_samples_leaf': 6}. Best is trial 5 with value: 0.5466666666666666.
[I 2025-05-15 08:18:22,123] Trial 6 finished with value: 0.4333333333333333 and parameters: {'n_estimators': 464, 'max_depth': 5, 'min_samples_split': 6, 'min_samples_leaf': 8}. Best is trial 5 with value: 0.5466666666666666.
[I 2025-05-15 08:18:23,092] Trial 7 finished with value: 0.5399999999999999 and parameters: {'n_estimators': 368, 'max_depth': 11, 'min_samples_split': 3, 'min_samples_leaf': 5}. Best is trial 5 with value: 0.5466666666666666.
[I 2025-05-15 08:18:23,899] Trial 8 finished with value: 0.39 and parameters: {'n_estimators': 249, 'max_depth': 11, 'min_samples_split': 5, 'min_samples_leaf': 9}. Best is trial 5 with value: 0.5466666666666666.
[I 2025-05-15 08:18:24,944] Trial 9 finished with value: 0.5133333333333333 and parameters: {'n_estimators': 408, 'max_depth': 8, 'min_samples_split': 7, 'min_samples_leaf': 3}. Best is trial 5 with value: 0.5466666666666666.
[I 2025-05-15 08:18:25,857] Trial 10 finished with value: 0.43666666666666665 and parameters: {'n_estimators': 333, 'max_depth': 19, 'min_samples_split': 2, 'min_samples_leaf': 6}. Best is trial 5 with value: 0.5466666666666666.
[I 2025-05-15 08:18:28,681] Trial 11 finished with value: 0.5933333333333333 and parameters: {'n_estimators': 350, 'max_depth': 16, 'min_samples_split': 2, 'min_samples_leaf': 5}. Best is trial 11 with value: 0.5933333333333333.
[I 2025-05-15 08:18:31,554] Trial 12 finished with value: 0.4699999999999999 and parameters: {'n_estimators': 322, 'max_depth': 17, 'min_samples_split': 2, 'min_samples_leaf': 5}. Best is trial 11 with value: 0.5933333333333333.
[I 2025-05-15 08:18:32,307] Trial 13 finished with value: 0.47666666666666657 and parameters: {'n_estimators': 408, 'max_depth': 20, 'min_samples_split': 3, 'min_samples_leaf': 6}. Best is trial 11 with value: 0.5933333333333333.
[I 2025-05-15 08:18:32,986] Trial 14 finished with value: 0.61 and parameters: {'n_estimators': 276, 'max_depth': 15, 'min_samples_split': 4, 'min_samples_leaf': 3}. Best is trial 14 with value: 0.61.
[I 2025-05-15 08:18:33,497] Trial 15 finished with value: 0.6133333333333333 and parameters: {'n_estimators': 287, 'max_depth': 14, 'min_samples_split': 2, 'min_samples_leaf': 3}. Best is trial 15 with value: 0.6133333333333333.
[I 2025-05-15 08:18:34,066] Trial 16 finished with value: 0.5633333333333332 and parameters: {'n_estimators': 271, 'max_depth': 14, 'min_samples_split': 4, 'min_samples_leaf': 3}. Best is trial 15 with value: 0.6133333333333333.
[I 2025-05-15 08:18:34,517] Trial 17 finished with value: 0.5466666666666666 and parameters: {'n_estimators': 209, 'max_depth': 14, 'min_samples_split': 3, 'min_samples_leaf': 3}. Best is trial 15 with value: 0.6133333333333333.
[I 2025-05-15 08:18:35,032] Trial 18 finished with value: 0.4633333333333334 and parameters: {'n_estimators': 282, 'max_depth': 8, 'min_samples_split': 9, 'min_samples_leaf': 2}. Best is trial 15 with value: 0.6133333333333333.
[I 2025-05-15 08:18:35,382] Trial 19 finished with value: 0.6466666666666666 and parameters: {'n_estimators': 152, 'max_depth': 14, 'min_samples_split': 3, 'min_samples_leaf': 4}. Best is trial 19 with value: 0.6466666666666666.
[I 2025-05-15 08:18:35,786] Trial 20 finished with value: 0.5366666666666666 and parameters: {'n_estimators': 108, 'max_depth': 13, 'min_samples_split': 2, 'min_samples_leaf': 4}. Best is trial 19 with value: 0.6466666666666666.
[I 2025-05-15 08:18:36,146] Trial 21 finished with value: 0.5333333333333332 and parameters: {'n_estimators': 162, 'max_depth': 15, 'min_samples_split': 3, 'min_samples_leaf': 4}. Best is trial 19 with value: 0.6466666666666666.
[I 2025-05-15 08:18:36,615] Trial 22 finished with value: 0.4966666666666667 and parameters: {'n_estimators': 231, 'max_depth': 18, 'min_samples_split': 5, 'min_samples_leaf': 2}. Best is trial 19 with value: 0.6466666666666666.
