[I 2025-05-15 07:35:56,322] Trial 6 finished with value: 0.9430555555555555 and parameters: {'n_estimators': 100, 'max_depth': 20, 'gamma': 0.6718205850237038, 'subsample': 0.9059511955902053, 'colsample_bytree': 0.9633413076219371}. Best is trial 1 with value: 0.9541666666666666.
/data/home/rtabares/anaconda3/envs/pyth3.12/lib/python3.12/site-packages/xgboost/core.py:377: FutureWarning: Your system has an old version of glibc (< 2.28). We will stop supporting Linux distros with glibc older than 2.28 after **May 31, 2025**. Please upgrade to a recent Linux distro (with glibc >= 2.28) to use future versions of XGBoost.
Note: You have installed the 'manylinux2014' variant of XGBoost. Certain features such as GPU algorithms or federated learning are not available. To use these features, please upgrade to a recent Linux distro with glibc 2.28+, and install the 'manylinux_2_28' variant.
  warnings.warn(
/data/home/rtabares/anaconda3/envs/pyth3.12/lib/python3.12/site-packages/xgboost/core.py:377: FutureWarning: Your system has an old version of glibc (< 2.28). We will stop supporting Linux distros with glibc older than 2.28 after **May 31, 2025**. Please upgrade to a recent Linux distro (with glibc >= 2.28) to use future versions of XGBoost.
Note: You have installed the 'manylinux2014' variant of XGBoost. Certain features such as GPU algorithms or federated learning are not available. To use these features, please upgrade to a recent Linux distro with glibc 2.28+, and install the 'manylinux_2_28' variant.
  warnings.warn(
[I 2025-05-15 07:35:56,371] Trial 7 finished with value: 0.8861111111111111 and parameters: {'n_estimators': 10, 'max_depth': 30, 'gamma': 0.8165284487704038, 'subsample': 0.5255714015506736, 'colsample_bytree': 0.594333867896554}. Best is trial 1 with value: 0.9541666666666666.
/data/home/rtabares/anaconda3/envs/pyth3.12/lib/python3.12/site-packages/xgboost/core.py:377: FutureWarning: Your system has an old version of glibc (< 2.28). We will stop supporting Linux distros with glibc older than 2.28 after **May 31, 2025**. Please upgrade to a recent Linux distro (with glibc >= 2.28) to use future versions of XGBoost.
Note: You have installed the 'manylinux2014' variant of XGBoost. Certain features such as GPU algorithms or federated learning are not available. To use these features, please upgrade to a recent Linux distro with glibc 2.28+, and install the 'manylinux_2_28' variant.
  warnings.warn(
[I 2025-05-15 07:35:56,419] Trial 8 finished with value: 0.9319444444444445 and parameters: {'n_estimators': 100, 'max_depth': 20, 'gamma': 0.6251497693480509, 'subsample': 0.9696496759824258, 'colsample_bytree': 0.9717700410079397}. Best is trial 1 with value: 0.9541666666666666.
/data/home/rtabares/anaconda3/envs/pyth3.12/lib/python3.12/site-packages/xgboost/core.py:377: FutureWarning: Your system has an old version of glibc (< 2.28). We will stop supporting Linux distros with glibc older than 2.28 after **May 31, 2025**. Please upgrade to a recent Linux distro (with glibc >= 2.28) to use future versions of XGBoost.
Note: You have installed the 'manylinux2014' variant of XGBoost. Certain features such as GPU algorithms or federated learning are not available. To use these features, please upgrade to a recent Linux distro with glibc 2.28+, and install the 'manylinux_2_28' variant.
  warnings.warn(
[I 2025-05-15 07:35:56,477] Trial 9 finished with value: 0.9083333333333334 and parameters: {'n_estimators': 40, 'max_depth': 30, 'gamma': 0.9649927737686168, 'subsample': 0.6857563076640036, 'colsample_bytree': 0.5061847058001788}. Best is trial 1 with value: 0.9541666666666666.
/data/home/rtabares/anaconda3/envs/pyth3.12/lib/python3.12/site-packages/xgboost/core.py:377: FutureWarning: Your system has an old version of glibc (< 2.28). We will stop supporting Linux distros with glibc older than 2.28 after **May 31, 2025**. Please upgrade to a recent Linux distro (with glibc >= 2.28) to use future versions of XGBoost.
Note: You have installed the 'manylinux2014' variant of XGBoost. Certain features such as GPU algorithms or federated learning are not available. To use these features, please upgrade to a recent Linux distro with glibc 2.28+, and install the 'manylinux_2_28' variant.
  warnings.warn(
/data/home/rtabares/anaconda3/envs/pyth3.12/lib/python3.12/site-packages/xgboost/core.py:377: FutureWarning: Your system has an old version of glibc (< 2.28). We will stop supporting Linux distros with glibc older than 2.28 after **May 31, 2025**. Please upgrade to a recent Linux distro (with glibc >= 2.28) to use future versions of XGBoost.
Note: You have installed the 'manylinux2014' variant of XGBoost. Certain features such as GPU algorithms or federated learning are not available. To use these features, please upgrade to a recent Linux distro with glibc 2.28+, and install the 'manylinux_2_28' variant.
  warnings.warn(
/data/home/rtabares/anaconda3/envs/pyth3.12/lib/python3.12/site-packages/xgboost/core.py:377: FutureWarning: Your system has an old version of glibc (< 2.28). We will stop supporting Linux distros with glibc older than 2.28 after **May 31, 2025**. Please upgrade to a recent Linux distro (with glibc >= 2.28) to use future versions of XGBoost.
Note: You have installed the 'manylinux2014' variant of XGBoost. Certain features such as GPU algorithms or federated learning are not available. To use these features, please upgrade to a recent Linux distro with glibc 2.28+, and install the 'manylinux_2_28' variant.
  warnings.warn(
[I 2025-05-15 07:35:56,548] Trial 10 finished with value: 0.9305555555555556 and parameters: {'n_estimators': 100, 'max_depth': 30, 'gamma': 0.14652420766939808, 'subsample': 0.7882149445367822, 'colsample_bytree': 0.774073623852926}. Best is trial 1 with value: 0.9541666666666666.
[I 2025-05-15 07:35:56,604] Trial 11 finished with value: 0.9652777777777779 and parameters: {'n_estimators': 40, 'max_depth': 5, 'gamma': 0.284144177802935, 'subsample': 0.7364601449560734, 'colsample_bytree': 0.6815498556783907}. Best is trial 11 with value: 0.9652777777777779.
/data/home/rtabares/anaconda3/envs/pyth3.12/lib/python3.12/site-packages/xgboost/core.py:377: FutureWarning: Your system has an old version of glibc (< 2.28). We will stop supporting Linux distros with glibc older than 2.28 after **May 31, 2025**. Please upgrade to a recent Linux distro (with glibc >= 2.28) to use future versions of XGBoost.
Note: You have installed the 'manylinux2014' variant of XGBoost. Certain features such as GPU algorithms or federated learning are not available. To use these features, please upgrade to a recent Linux distro with glibc 2.28+, and install the 'manylinux_2_28' variant.
  warnings.warn(
[I 2025-05-15 07:35:57,376] Trial 12 finished with value: 0.9430555555555555 and parameters: {'n_estimators': 40, 'max_depth': 5, 'gamma': 0.25429945464193704, 'subsample': 0.6659350942611311, 'colsample_bytree': 0.6971452809583174}. Best is trial 11 with value: 0.9652777777777779.
/data/home/rtabares/anaconda3/envs/pyth3.12/lib/python3.12/site-packages/xgboost/core.py:377: FutureWarning: Your system has an old version of glibc (< 2.28). We will stop supporting Linux distros with glibc older than 2.28 after **May 31, 2025**. Please upgrade to a recent Linux distro (with glibc >= 2.28) to use future versions of XGBoost.
Note: You have installed the 'manylinux2014' variant of XGBoost. Certain features such as GPU algorithms or federated learning are not available. To use these features, please upgrade to a recent Linux distro with glibc 2.28+, and install the 'manylinux_2_28' variant.
  warnings.warn(
/data/home/rtabares/anaconda3/envs/pyth3.12/lib/python3.12/site-packages/xgboost/core.py:377: FutureWarning: Your system has an old version of glibc (< 2.28). We will stop supporting Linux distros with glibc older than 2.28 after **May 31, 2025**. Please upgrade to a recent Linux distro (with glibc >= 2.28) to use future versions of XGBoost.
Note: You have installed the 'manylinux2014' variant of XGBoost. Certain features such as GPU algorithms or federated learning are not available. To use these features, please upgrade to a recent Linux distro with glibc 2.28+, and install the 'manylinux_2_28' variant.
  warnings.warn(
[I 2025-05-15 07:35:58,632] Trial 13 finished with value: 0.9527777777777778 and parameters: {'n_estimators': 100, 'max_depth': 30, 'gamma': 0.3577231749662887, 'subsample': 0.8141939990252245, 'colsample_bytree': 0.7022749474016282}. Best is trial 11 with value: 0.9652777777777779.
/data/home/rtabares/anaconda3/envs/pyth3.12/lib/python3.12/site-packages/xgboost/core.py:377: FutureWarning: Your system has an old version of glibc (< 2.28). We will stop supporting Linux distros with glibc older than 2.28 after **May 31, 2025**. Please upgrade to a recent Linux distro (with glibc >= 2.28) to use future versions of XGBoost.
Note: You have installed the 'manylinux2014' variant of XGBoost. Certain features such as GPU algorithms or federated learning are not available. To use these features, please upgrade to a recent Linux distro with glibc 2.28+, and install the 'manylinux_2_28' variant.
  warnings.warn(
[I 2025-05-15 07:36:00,333] Trial 14 finished with value: 0.9194444444444445 and parameters: {'n_estimators': 40, 'max_depth': 5, 'gamma': 0.10706914929443534, 'subsample': 0.6640084638543831, 'colsample_bytree': 0.8497308244633652}. Best is trial 11 with value: 0.9652777777777779.
/data/home/rtabares/anaconda3/envs/pyth3.12/lib/python3.12/site-packages/xgboost/core.py:377: FutureWarning: Your system has an old version of glibc (< 2.28). We will stop supporting Linux distros with glibc older than 2.28 after **May 31, 2025**. Please upgrade to a recent Linux distro (with glibc >= 2.28) to use future versions of XGBoost.
Note: You have installed the 'manylinux2014' variant of XGBoost. Certain features such as GPU algorithms or federated learning are not available. To use these features, please upgrade to a recent Linux distro with glibc 2.28+, and install the 'manylinux_2_28' variant.
  warnings.warn(
[I 2025-05-15 07:36:01,511] Trial 15 finished with value: 0.9305555555555556 and parameters: {'n_estimators': 100, 'max_depth': 30, 'gamma': 0.3819665032562448, 'subsample': 0.8244208993499721, 'colsample_bytree': 0.6440501098422677}. Best is trial 11 with value: 0.9652777777777779.
[I 2025-05-15 07:36:01,590] Trial 16 finished with value: 0.9194444444444445 and parameters: {'n_estimators': 40, 'max_depth': 5, 'gamma': 0.24499843796507415, 'subsample': 0.719575054630224, 'colsample_bytree': 0.8627430864016015}. Best is trial 11 with value: 0.9652777777777779.
[I 2025-05-15 07:36:01,665] Trial 17 finished with value: 0.9208333333333334 and parameters: {'n_estimators': 100, 'max_depth': 30, 'gamma': 0.5027632182503314, 'subsample': 0.6076272727791718, 'colsample_bytree': 0.7109611479294711}. Best is trial 11 with value: 0.9652777777777779.
[I 2025-05-15 07:36:01,734] Trial 18 finished with value: 0.9083333333333334 and parameters: {'n_estimators': 40, 'max_depth': 5, 'gamma': 0.26212330871744616, 'subsample': 0.6147586867543283, 'colsample_bytree': 0.6271428698415437}. Best is trial 11 with value: 0.9652777777777779.
[I 2025-05-15 07:36:01,822] Trial 19 finished with value: 0.9430555555555555 and parameters: {'n_estimators': 10, 'max_depth': 20, 'gamma': 0.45200812673115187, 'subsample': 0.8672714957377563, 'colsample_bytree': 0.810927233269201}. Best is trial 11 with value: 0.9652777777777779.
[I 2025-05-15 07:36:01,890] Trial 20 finished with value: 0.9305555555555556 and parameters: {'n_estimators': 100, 'max_depth': 30, 'gamma': 0.19211251519373976, 'subsample': 0.7265287343723814, 'colsample_bytree': 0.7461161500825029}. Best is trial 11 with value: 0.9652777777777779.
[I 2025-05-15 07:36:01,949] Trial 21 finished with value: 0.9416666666666667 and parameters: {'n_estimators': 40, 'max_depth': 5, 'gamma': 0.6633809487764619, 'subsample': 0.7775065607058909, 'colsample_bytree': 0.658739264819412}. Best is trial 11 with value: 0.9652777777777779.
[I 2025-05-15 07:36:02,018] Trial 22 finished with value: 0.9541666666666666 and parameters: {'n_estimators': 40, 'max_depth': 5, 'gamma': 0.32999541267506427, 'subsample': 0.7208253099862302, 'colsample_bytree': 0.5924394264000695}. Best is trial 11 with value: 0.9652777777777779.
[I 2025-05-15 07:36:02,083] Trial 23 finished with value: 0.9541666666666666 and parameters: {'n_estimators': 40, 'max_depth': 5, 'gamma': 0.3171497233254678, 'subsample': 0.7084109229128603, 'colsample_bytree': 0.5820993378231354}. Best is trial 11 with value: 0.9652777777777779.
[I 2025-05-15 07:36:02,141] Trial 24 finished with value: 0.9305555555555556 and parameters: {'n_estimators': 40, 'max_depth': 5, 'gamma': 0.44932166748756047, 'subsample': 0.6481743941353858, 'colsample_bytree': 0.6117743215816057}. Best is trial 11 with value: 0.9652777777777779.
[I 2025-05-15 07:36:02,204] Trial 25 finished with value: 0.9319444444444445 and parameters: {'n_estimators': 40, 'max_depth': 5, 'gamma': 0.32723257941162137, 'subsample': 0.7489090996255814, 'colsample_bytree': 0.5505144390283427}. Best is trial 11 with value: 0.9652777777777779.
[I 2025-05-15 07:36:02,273] Trial 26 finished with value: 0.9180555555555555 and parameters: {'n_estimators': 40, 'max_depth': 5, 'gamma': 0.1983703407320062, 'subsample': 0.8643667190735397, 'colsample_bytree': 0.6821894104805918}. Best is trial 11 with value: 0.9652777777777779.
[I 2025-05-15 07:36:02,352] Trial 27 finished with value: 0.9083333333333334 and parameters: {'n_estimators': 40, 'max_depth': 5, 'gamma': 0.45550764758510687, 'subsample': 0.7021307302157475, 'colsample_bytree': 0.7204648503283723}. Best is trial 11 with value: 0.9652777777777779.
[I 2025-05-15 07:36:02,391] Trial 28 finished with value: 0.8944444444444445 and parameters: {'n_estimators': 10, 'max_depth': 20, 'gamma': 0.29507713747647824, 'subsample': 0.6215137499218955, 'colsample_bytree': 0.7438720422949983}. Best is trial 11 with value: 0.9652777777777779.
[I 2025-05-15 07:36:02,456] Trial 29 finished with value: 0.9444444444444444 and parameters: {'n_estimators': 100, 'max_depth': 30, 'gamma': 0.19032918271705124, 'subsample': 0.7394202969543039, 'colsample_bytree': 0.6593492251528306}. Best is trial 11 with value: 0.9652777777777779.
[I 2025-05-15 07:36:15,815] A new study created in memory with name: rf
Parámetros guardados en checkpoint_adult_Doriginal_G/ag/IPC_43/best_models_ag_seed_5_space_original/xgb_best_params.json


>>> Optuna tuning rf metodo ag IPC 43 seed 5


[I 2025-05-15 07:36:17,139] Trial 0 finished with value: 0.9430555555555555 and parameters: {'n_estimators': 189, 'max_depth': 18, 'min_samples_split': 3, 'min_samples_leaf': 10}. Best is trial 0 with value: 0.9430555555555555.
[I 2025-05-15 07:36:18,008] Trial 1 finished with value: 0.9416666666666667 and parameters: {'n_estimators': 295, 'max_depth': 14, 'min_samples_split': 8, 'min_samples_leaf': 6}. Best is trial 0 with value: 0.9430555555555555.
[I 2025-05-15 07:36:18,626] Trial 2 finished with value: 0.9430555555555555 and parameters: {'n_estimators': 219, 'max_depth': 6, 'min_samples_split': 2, 'min_samples_leaf': 8}. Best is trial 0 with value: 0.9430555555555555.
[I 2025-05-15 07:36:19,408] Trial 3 finished with value: 0.9305555555555556 and parameters: {'n_estimators': 276, 'max_depth': 5, 'min_samples_split': 9, 'min_samples_leaf': 3}. Best is trial 0 with value: 0.9430555555555555.
[I 2025-05-15 07:36:20,080] Trial 4 finished with value: 0.9194444444444445 and parameters: {'n_estimators': 266, 'max_depth': 8, 'min_samples_split': 7, 'min_samples_leaf': 6}. Best is trial 0 with value: 0.9430555555555555.
[I 2025-05-15 07:36:20,799] Trial 5 finished with value: 0.9305555555555556 and parameters: {'n_estimators': 340, 'max_depth': 7, 'min_samples_split': 4, 'min_samples_leaf': 3}. Best is trial 0 with value: 0.9430555555555555.
[I 2025-05-15 07:36:21,495] Trial 6 finished with value: 0.9194444444444445 and parameters: {'n_estimators': 231, 'max_depth': 5, 'min_samples_split': 3, 'min_samples_leaf': 10}. Best is trial 0 with value: 0.9430555555555555.
[I 2025-05-15 07:36:22,645] Trial 7 finished with value: 0.9416666666666667 and parameters: {'n_estimators': 485, 'max_depth': 6, 'min_samples_split': 2, 'min_samples_leaf': 3}. Best is trial 0 with value: 0.9430555555555555.
[I 2025-05-15 07:36:23,360] Trial 8 finished with value: 0.9305555555555556 and parameters: {'n_estimators': 380, 'max_depth': 17, 'min_samples_split': 2, 'min_samples_leaf': 6}. Best is trial 0 with value: 0.9430555555555555.
[I 2025-05-15 07:36:23,576] Trial 9 finished with value: 0.9194444444444445 and parameters: {'n_estimators': 100, 'max_depth': 12, 'min_samples_split': 7, 'min_samples_leaf': 10}. Best is trial 0 with value: 0.9430555555555555.
[I 2025-05-15 07:36:23,849] Trial 10 finished with value: 0.9305555555555556 and parameters: {'n_estimators': 110, 'max_depth': 20, 'min_samples_split': 5, 'min_samples_leaf': 8}. Best is trial 0 with value: 0.9430555555555555.
[I 2025-05-15 07:36:25,076] Trial 11 finished with value: 0.9430555555555555 and parameters: {'n_estimators': 175, 'max_depth': 10, 'min_samples_split': 4, 'min_samples_leaf': 8}. Best is trial 0 with value: 0.9430555555555555.
[I 2025-05-15 07:36:26,361] Trial 12 finished with value: 0.9430555555555555 and parameters: {'n_estimators': 184, 'max_depth': 3, 'min_samples_split': 2, 'min_samples_leaf': 8}. Best is trial 0 with value: 0.9430555555555555.
[I 2025-05-15 07:36:27,072] Trial 13 finished with value: 0.9430555555555555 and parameters: {'n_estimators': 201, 'max_depth': 15, 'min_samples_split': 5, 'min_samples_leaf': 9}. Best is trial 0 with value: 0.9430555555555555.
[I 2025-05-15 07:36:27,762] Trial 14 finished with value: 0.9416666666666667 and parameters: {'n_estimators': 154, 'max_depth': 20, 'min_samples_split': 3, 'min_samples_leaf': 1}. Best is trial 0 with value: 0.9430555555555555.
[I 2025-05-15 07:36:28,571] Trial 15 finished with value: 0.9305555555555556 and parameters: {'n_estimators': 235, 'max_depth': 17, 'min_samples_split': 4, 'min_samples_leaf': 9}. Best is trial 0 with value: 0.9430555555555555.
[I 2025-05-15 07:36:30,077] Trial 16 finished with value: 0.9430555555555555 and parameters: {'n_estimators': 354, 'max_depth': 10, 'min_samples_split': 10, 'min_samples_leaf': 7}. Best is trial 0 with value: 0.9430555555555555.
[I 2025-05-15 07:36:31,575] Trial 17 finished with value: 0.9416666666666667 and parameters: {'n_estimators': 417, 'max_depth': 12, 'min_samples_split': 3, 'min_samples_leaf': 10}. Best is trial 0 with value: 0.9430555555555555.
[I 2025-05-15 07:36:32,243] Trial 18 finished with value: 0.9541666666666666 and parameters: {'n_estimators': 135, 'max_depth': 3, 'min_samples_split': 6, 'min_samples_leaf': 9}. Best is trial 18 with value: 0.9541666666666666.
[I 2025-05-15 07:36:32,875] Trial 19 finished with value: 0.9305555555555556 and parameters: {'n_estimators': 142, 'max_depth': 3, 'min_samples_split': 6, 'min_samples_leaf': 5}. Best is trial 18 with value: 0.9541666666666666.
[I 2025-05-15 07:36:33,377] Trial 20 finished with value: 0.9541666666666666 and parameters: {'n_estimators': 120, 'max_depth': 18, 'min_samples_split': 6, 'min_samples_leaf': 9}. Best is trial 18 with value: 0.9541666666666666.
[I 2025-05-15 07:36:33,935] Trial 21 finished with value: 0.9180555555555555 and parameters: {'n_estimators': 137, 'max_depth': 18, 'min_samples_split': 6, 'min_samples_leaf': 9}. Best is trial 18 with value: 0.9541666666666666.
[I 2025-05-15 07:36:34,208] Trial 22 finished with value: 0.9430555555555555 and parameters: {'n_estimators': 135, 'max_depth': 15, 'min_samples_split': 7, 'min_samples_leaf': 10}. Best is trial 18 with value: 0.9541666666666666.
[I 2025-05-15 07:36:34,592] Trial 23 finished with value: 0.9430555555555555 and parameters: {'n_estimators': 179, 'max_depth': 18, 'min_samples_split': 5, 'min_samples_leaf': 9}. Best is trial 18 with value: 0.9541666666666666.
[I 2025-05-15 07:36:34,849] Trial 24 finished with value: 0.9083333333333334 and parameters: {'n_estimators': 101, 'max_depth': 15, 'min_samples_split': 8, 'min_samples_leaf': 7}. Best is trial 18 with value: 0.9541666666666666.
[I 2025-05-15 07:36:35,185] Trial 25 finished with value: 0.9194444444444445 and parameters: {'n_estimators': 157, 'max_depth': 13, 'min_samples_split': 6, 'min_samples_leaf': 7}. Best is trial 18 with value: 0.9541666666666666.
[I 2025-05-15 07:36:35,757] Trial 26 finished with value: 0.9194444444444445 and parameters: {'n_estimators': 212, 'max_depth': 9, 'min_samples_split': 8, 'min_samples_leaf': 9}. Best is trial 18 with value: 0.9541666666666666.
[I 2025-05-15 07:36:36,032] Trial 27 finished with value: 0.9416666666666667 and parameters: {'n_estimators': 125, 'max_depth': 19, 'min_samples_split': 5, 'min_samples_leaf': 5}. Best is trial 18 with value: 0.9541666666666666.
[I 2025-05-15 07:36:36,619] Trial 28 finished with value: 0.9194444444444445 and parameters: {'n_estimators': 256, 'max_depth': 16, 'min_samples_split': 10, 'min_samples_leaf': 10}. Best is trial 18 with value: 0.9541666666666666.
[I 2025-05-15 07:36:37,194] Trial 29 finished with value: 0.9319444444444445 and parameters: {'n_estimators': 299, 'max_depth': 14, 'min_samples_split': 8, 'min_samples_leaf': 8}. Best is trial 18 with value: 0.9541666666666666.
[I 2025-05-15 07:36:47,472] A new study created in memory with name: svc
Parámetros guardados en checkpoint_adult_Doriginal_G/ag/IPC_43/best_models_ag_seed_5_space_original/rf_best_params.json


>>> Optuna tuning svc metodo ag IPC 43 seed 5


[I 2025-05-15 07:36:48,660] Trial 0 finished with value: 0.5333333333333333 and parameters: {'C': 0.07726319876517104, 'gamma': 0.3040389504793042}. Best is trial 0 with value: 0.5333333333333333.
