[I 2025-05-15 07:45:31,723] Trial 15 finished with value: 0.8125 and parameters: {'n_estimators': 40, 'max_depth': 20, 'gamma': 0.6126897281681567, 'subsample': 0.8665578399608744, 'colsample_bytree': 0.9995852896724311}. Best is trial 6 with value: 0.8236111111111111.
[I 2025-05-15 07:45:31,837] Trial 16 finished with value: 0.8236111111111111 and parameters: {'n_estimators': 100, 'max_depth': 5, 'gamma': 0.9961757294077247, 'subsample': 0.9538239608740254, 'colsample_bytree': 0.8390255161035209}. Best is trial 6 with value: 0.8236111111111111.
[I 2025-05-15 07:45:31,979] Trial 17 finished with value: 0.7763888888888889 and parameters: {'n_estimators': 40, 'max_depth': 5, 'gamma': 0.8343953051218593, 'subsample': 0.5053007952589881, 'colsample_bytree': 0.8129141888598002}. Best is trial 6 with value: 0.8236111111111111.
[I 2025-05-15 07:45:32,084] Trial 18 finished with value: 0.7777777777777778 and parameters: {'n_estimators': 100, 'max_depth': 20, 'gamma': 0.4604663653701822, 'subsample': 0.9639959905381882, 'colsample_bytree': 0.7974021553265087}. Best is trial 6 with value: 0.8236111111111111.
[I 2025-05-15 07:45:32,185] Trial 19 finished with value: 0.8013888888888889 and parameters: {'n_estimators': 40, 'max_depth': 5, 'gamma': 0.9824508569363369, 'subsample': 0.8656513063790341, 'colsample_bytree': 0.8792462339498562}. Best is trial 6 with value: 0.8236111111111111.
[I 2025-05-15 07:45:32,299] Trial 20 finished with value: 0.8 and parameters: {'n_estimators': 100, 'max_depth': 20, 'gamma': 0.6397877373108088, 'subsample': 0.9381631074552467, 'colsample_bytree': 0.8516427031291568}. Best is trial 6 with value: 0.8236111111111111.
[I 2025-05-15 07:45:32,409] Trial 21 finished with value: 0.7763888888888888 and parameters: {'n_estimators': 100, 'max_depth': 5, 'gamma': 0.9399261379637118, 'subsample': 0.877225559274186, 'colsample_bytree': 0.9414435100036634}. Best is trial 6 with value: 0.8236111111111111.
[I 2025-05-15 07:45:32,505] Trial 22 finished with value: 0.788888888888889 and parameters: {'n_estimators': 100, 'max_depth': 5, 'gamma': 0.8259959813710178, 'subsample': 0.9569711506259652, 'colsample_bytree': 0.9370169468960592}. Best is trial 6 with value: 0.8236111111111111.
[I 2025-05-15 07:45:32,567] Trial 23 finished with value: 0.825 and parameters: {'n_estimators': 100, 'max_depth': 5, 'gamma': 0.9864029659202679, 'subsample': 0.8389013108125396, 'colsample_bytree': 0.8192905064843361}. Best is trial 23 with value: 0.825.
[I 2025-05-15 07:45:32,655] Trial 24 finished with value: 0.836111111111111 and parameters: {'n_estimators': 100, 'max_depth': 5, 'gamma': 0.7779176160767789, 'subsample': 0.8431481176060228, 'colsample_bytree': 0.7668445091355665}. Best is trial 24 with value: 0.836111111111111.
[I 2025-05-15 07:45:32,737] Trial 25 finished with value: 0.7875 and parameters: {'n_estimators': 40, 'max_depth': 5, 'gamma': 0.7798197551781508, 'subsample': 0.7184338427123265, 'colsample_bytree': 0.7803682191217542}. Best is trial 24 with value: 0.836111111111111.
[I 2025-05-15 07:45:32,833] Trial 26 finished with value: 0.8125 and parameters: {'n_estimators': 100, 'max_depth': 20, 'gamma': 0.8961710446523149, 'subsample': 0.8339206563188, 'colsample_bytree': 0.7668770016192532}. Best is trial 24 with value: 0.836111111111111.
[I 2025-05-15 07:45:32,925] Trial 27 finished with value: 0.8 and parameters: {'n_estimators': 100, 'max_depth': 5, 'gamma': 0.6705346634607461, 'subsample': 0.7603315867578495, 'colsample_bytree': 0.6557686096184359}. Best is trial 24 with value: 0.836111111111111.
[I 2025-05-15 07:45:33,007] Trial 28 finished with value: 0.788888888888889 and parameters: {'n_estimators': 10, 'max_depth': 5, 'gamma': 0.7738969600909538, 'subsample': 0.6271348719335892, 'colsample_bytree': 0.5135283722890784}. Best is trial 24 with value: 0.836111111111111.
[I 2025-05-15 07:45:33,116] Trial 29 finished with value: 0.7875 and parameters: {'n_estimators': 40, 'max_depth': 20, 'gamma': 0.897873867684085, 'subsample': 0.7159917965858332, 'colsample_bytree': 0.8207634394226271}. Best is trial 24 with value: 0.836111111111111.
[I 2025-05-15 07:46:17,925] A new study created in memory with name: rf
Parámetros guardados en checkpoint_adult_Doriginal_G/random/IPC_43/best_models_random_seed_6_space_original/xgb_best_params.json


>>> Optuna tuning rf metodo random IPC 43 seed 6


[I 2025-05-15 07:46:20,002] Trial 0 finished with value: 0.8388888888888888 and parameters: {'n_estimators': 458, 'max_depth': 8, 'min_samples_split': 9, 'min_samples_leaf': 1}. Best is trial 0 with value: 0.8388888888888888.
[I 2025-05-15 07:46:20,392] Trial 1 finished with value: 0.7930555555555554 and parameters: {'n_estimators': 143, 'max_depth': 13, 'min_samples_split': 6, 'min_samples_leaf': 5}. Best is trial 0 with value: 0.8388888888888888.
[I 2025-05-15 07:46:20,834] Trial 2 finished with value: 0.8375 and parameters: {'n_estimators': 234, 'max_depth': 14, 'min_samples_split': 5, 'min_samples_leaf': 8}. Best is trial 0 with value: 0.8388888888888888.
[I 2025-05-15 07:46:21,461] Trial 3 finished with value: 0.825 and parameters: {'n_estimators': 307, 'max_depth': 13, 'min_samples_split': 7, 'min_samples_leaf': 10}. Best is trial 0 with value: 0.8388888888888888.
[I 2025-05-15 07:46:22,342] Trial 4 finished with value: 0.826388888888889 and parameters: {'n_estimators': 428, 'max_depth': 10, 'min_samples_split': 9, 'min_samples_leaf': 9}. Best is trial 0 with value: 0.8388888888888888.
[I 2025-05-15 07:46:22,610] Trial 5 finished with value: 0.7930555555555555 and parameters: {'n_estimators': 121, 'max_depth': 15, 'min_samples_split': 9, 'min_samples_leaf': 8}. Best is trial 0 with value: 0.8388888888888888.
[I 2025-05-15 07:46:23,291] Trial 6 finished with value: 0.85 and parameters: {'n_estimators': 384, 'max_depth': 12, 'min_samples_split': 3, 'min_samples_leaf': 10}. Best is trial 6 with value: 0.85.
[I 2025-05-15 07:46:24,227] Trial 7 finished with value: 0.826388888888889 and parameters: {'n_estimators': 261, 'max_depth': 6, 'min_samples_split': 8, 'min_samples_leaf': 10}. Best is trial 6 with value: 0.85.
[I 2025-05-15 07:46:25,101] Trial 8 finished with value: 0.7916666666666666 and parameters: {'n_estimators': 202, 'max_depth': 15, 'min_samples_split': 7, 'min_samples_leaf': 8}. Best is trial 6 with value: 0.85.
[I 2025-05-15 07:46:26,517] Trial 9 finished with value: 0.8152777777777779 and parameters: {'n_estimators': 475, 'max_depth': 9, 'min_samples_split': 4, 'min_samples_leaf': 5}. Best is trial 6 with value: 0.85.
[I 2025-05-15 07:46:28,252] Trial 10 finished with value: 0.7916666666666665 and parameters: {'n_estimators': 365, 'max_depth': 20, 'min_samples_split': 2, 'min_samples_leaf': 2}. Best is trial 6 with value: 0.85.
[I 2025-05-15 07:46:29,995] Trial 11 finished with value: 0.8375 and parameters: {'n_estimators': 380, 'max_depth': 4, 'min_samples_split': 2, 'min_samples_leaf': 1}. Best is trial 6 with value: 0.85.
[I 2025-05-15 07:46:31,549] Trial 12 finished with value: 0.8152777777777777 and parameters: {'n_estimators': 489, 'max_depth': 7, 'min_samples_split': 10, 'min_samples_leaf': 3}. Best is trial 6 with value: 0.85.
[I 2025-05-15 07:46:32,183] Trial 13 finished with value: 0.8041666666666666 and parameters: {'n_estimators': 396, 'max_depth': 18, 'min_samples_split': 4, 'min_samples_leaf': 6}. Best is trial 6 with value: 0.85.
[I 2025-05-15 07:46:32,675] Trial 14 finished with value: 0.8152777777777779 and parameters: {'n_estimators': 320, 'max_depth': 10, 'min_samples_split': 3, 'min_samples_leaf': 3}. Best is trial 6 with value: 0.85.
[I 2025-05-15 07:46:33,320] Trial 15 finished with value: 0.8486111111111111 and parameters: {'n_estimators': 440, 'max_depth': 3, 'min_samples_split': 6, 'min_samples_leaf': 4}. Best is trial 6 with value: 0.85.
[I 2025-05-15 07:46:33,957] Trial 16 finished with value: 0.8041666666666666 and parameters: {'n_estimators': 425, 'max_depth': 3, 'min_samples_split': 5, 'min_samples_leaf': 6}. Best is trial 6 with value: 0.85.
[I 2025-05-15 07:46:34,406] Trial 17 finished with value: 0.8041666666666666 and parameters: {'n_estimators': 328, 'max_depth': 5, 'min_samples_split': 3, 'min_samples_leaf': 4}. Best is trial 6 with value: 0.85.
[I 2025-05-15 07:46:34,972] Trial 18 finished with value: 0.7694444444444443 and parameters: {'n_estimators': 356, 'max_depth': 17, 'min_samples_split': 6, 'min_samples_leaf': 7}. Best is trial 6 with value: 0.85.
[I 2025-05-15 07:46:35,672] Trial 19 finished with value: 0.826388888888889 and parameters: {'n_estimators': 424, 'max_depth': 11, 'min_samples_split': 5, 'min_samples_leaf': 4}. Best is trial 6 with value: 0.85.
[I 2025-05-15 07:46:36,391] Trial 20 finished with value: 0.7930555555555555 and parameters: {'n_estimators': 498, 'max_depth': 12, 'min_samples_split': 3, 'min_samples_leaf': 7}. Best is trial 6 with value: 0.85.
[I 2025-05-15 07:46:37,138] Trial 21 finished with value: 0.8152777777777777 and parameters: {'n_estimators': 454, 'max_depth': 8, 'min_samples_split': 10, 'min_samples_leaf': 2}. Best is trial 6 with value: 0.85.
[I 2025-05-15 07:46:37,795] Trial 22 finished with value: 0.8152777777777779 and parameters: {'n_estimators': 453, 'max_depth': 7, 'min_samples_split': 8, 'min_samples_leaf': 1}. Best is trial 6 with value: 0.85.
[I 2025-05-15 07:46:38,465] Trial 23 finished with value: 0.826388888888889 and parameters: {'n_estimators': 405, 'max_depth': 3, 'min_samples_split': 7, 'min_samples_leaf': 3}. Best is trial 6 with value: 0.85.
[I 2025-05-15 07:46:39,286] Trial 24 finished with value: 0.8388888888888889 and parameters: {'n_estimators': 454, 'max_depth': 5, 'min_samples_split': 8, 'min_samples_leaf': 4}. Best is trial 6 with value: 0.85.
[I 2025-05-15 07:46:39,881] Trial 25 finished with value: 0.826388888888889 and parameters: {'n_estimators': 361, 'max_depth': 5, 'min_samples_split': 8, 'min_samples_leaf': 4}. Best is trial 6 with value: 0.85.
[I 2025-05-15 07:46:40,613] Trial 26 finished with value: 0.7930555555555554 and parameters: {'n_estimators': 401, 'max_depth': 5, 'min_samples_split': 4, 'min_samples_leaf': 5}. Best is trial 6 with value: 0.85.
[I 2025-05-15 07:46:41,168] Trial 27 finished with value: 0.8388888888888889 and parameters: {'n_estimators': 285, 'max_depth': 3, 'min_samples_split': 6, 'min_samples_leaf': 4}. Best is trial 6 with value: 0.85.
[I 2025-05-15 07:46:42,275] Trial 28 finished with value: 0.7930555555555555 and parameters: {'n_estimators': 334, 'max_depth': 11, 'min_samples_split': 7, 'min_samples_leaf': 6}. Best is trial 6 with value: 0.85.
[I 2025-05-15 07:46:43,930] Trial 29 finished with value: 0.8027777777777777 and parameters: {'n_estimators': 456, 'max_depth': 8, 'min_samples_split': 8, 'min_samples_leaf': 2}. Best is trial 6 with value: 0.85.
[I 2025-05-15 07:46:51,119] A new study created in memory with name: svc
Parámetros guardados en checkpoint_adult_Doriginal_G/random/IPC_43/best_models_random_seed_6_space_original/rf_best_params.json


>>> Optuna tuning svc metodo random IPC 43 seed 6


[I 2025-05-15 07:46:55,502] Trial 0 finished with value: 0.851388888888889 and parameters: {'C': 37.27697013499731, 'gamma': 0.0021277432488243223}. Best is trial 0 with value: 0.851388888888889.
[I 2025-05-15 07:46:55,911] Trial 1 finished with value: 0.7180555555555556 and parameters: {'C': 19.271543171162776, 'gamma': 0.00014682043379470554}. Best is trial 0 with value: 0.851388888888889.
[I 2025-05-15 07:46:55,948] Trial 2 finished with value: 0.5555555555555556 and parameters: {'C': 0.0269542169583157, 'gamma': 0.023999835049635022}. Best is trial 0 with value: 0.851388888888889.
[I 2025-05-15 07:46:55,983] Trial 3 finished with value: 0.8402777777777777 and parameters: {'C': 1.3160410886450586, 'gamma': 0.0047340159215720195}. Best is trial 0 with value: 0.851388888888889.
[I 2025-05-15 07:46:56,009] Trial 4 finished with value: 0.851388888888889 and parameters: {'C': 0.21959952535674737, 'gamma': 0.030908485742507576}. Best is trial 0 with value: 0.851388888888889.
[I 2025-05-15 07:46:56,034] Trial 5 finished with value: 0.8625 and parameters: {'C': 0.5656733313644114, 'gamma': 0.08780685564625502}. Best is trial 5 with value: 0.8625.
[I 2025-05-15 07:46:56,070] Trial 6 finished with value: 0.8736111111111111 and parameters: {'C': 1.1807165425157664, 'gamma': 0.020674470756231633}. Best is trial 6 with value: 0.8736111111111111.
[I 2025-05-15 07:46:56,095] Trial 7 finished with value: 0.6861111111111111 and parameters: {'C': 3.8143486186647126, 'gamma': 0.9138966502602072}. Best is trial 6 with value: 0.8736111111111111.
[I 2025-05-15 07:46:56,111] Trial 8 finished with value: 0.851388888888889 and parameters: {'C': 19.029737066374768, 'gamma': 0.004495766421289856}. Best is trial 6 with value: 0.8736111111111111.
[I 2025-05-15 07:46:56,136] Trial 9 finished with value: 0.851388888888889 and parameters: {'C': 31.994153257994277, 'gamma': 0.19725941020937518}. Best is trial 6 with value: 0.8736111111111111.
[I 2025-05-15 07:46:56,172] Trial 10 finished with value: 0.5111111111111111 and parameters: {'C': 0.07934797472115897, 'gamma': 0.0006344004822646731}. Best is trial 6 with value: 0.8736111111111111.
[I 2025-05-15 07:46:57,852] Trial 11 finished with value: 0.8625 and parameters: {'C': 0.5094299869117715, 'gamma': 0.08906649737796249}. Best is trial 6 with value: 0.8736111111111111.
[I 2025-05-15 07:46:59,615] Trial 12 finished with value: 0.8402777777777777 and parameters: {'C': 2.6924936386297724, 'gamma': 0.1846959194934926}. Best is trial 6 with value: 0.8736111111111111.
[I 2025-05-15 07:47:00,991] Trial 13 finished with value: 0.8402777777777779 and parameters: {'C': 0.204095454120987, 'gamma': 0.03193631830284202}. Best is trial 6 with value: 0.8736111111111111.
[I 2025-05-15 07:47:01,045] Trial 14 finished with value: 0.8291666666666664 and parameters: {'C': 6.216958648502451, 'gamma': 0.34185618383667715}. Best is trial 6 with value: 0.8736111111111111.
[I 2025-05-15 07:47:01,117] Trial 15 finished with value: 0.5444444444444445 and parameters: {'C': 0.011393614368180755, 'gamma': 0.01389153584051163}. Best is trial 6 with value: 0.8736111111111111.
[I 2025-05-15 07:47:01,174] Trial 16 finished with value: 0.851388888888889 and parameters: {'C': 0.8148517493270733, 'gamma': 0.07360012333630923}. Best is trial 6 with value: 0.8736111111111111.
[I 2025-05-15 07:47:01,233] Trial 17 finished with value: 0.5111111111111111 and parameters: {'C': 0.3295345174583088, 'gamma': 0.0015674228202475523}. Best is trial 6 with value: 0.8736111111111111.
[I 2025-05-15 07:47:01,289] Trial 18 finished with value: 0.5222222222222223 and parameters: {'C': 0.08390812488697656, 'gamma': 0.009266618385082142}. Best is trial 6 with value: 0.8736111111111111.
[I 2025-05-15 07:47:01,325] Trial 19 finished with value: 0.75 and parameters: {'C': 1.6775993111996794, 'gamma': 0.6091142114281464}. Best is trial 6 with value: 0.8736111111111111.
[I 2025-05-15 07:47:01,367] Trial 20 finished with value: 0.5888888888888889 and parameters: {'C': 0.08787214653424608, 'gamma': 0.06257693678474827}. Best is trial 6 with value: 0.8736111111111111.
[I 2025-05-15 07:47:01,397] Trial 21 finished with value: 0.8625 and parameters: {'C': 0.5751996326360642, 'gamma': 0.10479537698774452}. Best is trial 6 with value: 0.8736111111111111.
[I 2025-05-15 07:47:01,435] Trial 22 finished with value: 0.8625 and parameters: {'C': 0.46113580724442366, 'gamma': 0.07184002777088021}. Best is trial 6 with value: 0.8736111111111111.
[I 2025-05-15 07:47:01,471] Trial 23 finished with value: 0.851388888888889 and parameters: {'C': 10.724303365796558, 'gamma': 0.21099473732330798}. Best is trial 6 with value: 0.8736111111111111.
[I 2025-05-15 07:47:03,080] Trial 24 finished with value: 0.8625 and parameters: {'C': 1.2003199649858887, 'gamma': 0.015525906282679653}. Best is trial 6 with value: 0.8736111111111111.
[I 2025-05-15 07:47:03,119] Trial 25 finished with value: 0.8402777777777779 and parameters: {'C': 0.16701088505852674, 'gamma': 0.04450051100995042}. Best is trial 6 with value: 0.8736111111111111.
[I 2025-05-15 07:47:03,158] Trial 26 finished with value: 0.826388888888889 and parameters: {'C': 84.98104018993892, 'gamma': 0.006982836689354962}. Best is trial 6 with value: 0.8736111111111111.
[I 2025-05-15 07:47:03,184] Trial 27 finished with value: 0.8402777777777777 and parameters: {'C': 2.4098288732072772, 'gamma': 0.12907783424158423}. Best is trial 6 with value: 0.8736111111111111.
[I 2025-05-15 07:47:03,232] Trial 28 finished with value: 0.7722222222222221 and parameters: {'C': 0.8378559660830236, 'gamma': 0.44049885166308134}. Best is trial 6 with value: 0.8736111111111111.
[I 2025-05-15 07:47:03,291] Trial 29 finished with value: 0.8402777777777777 and parameters: {'C': 5.1951412620371595, 'gamma': 0.0012376785801701394}. Best is trial 6 with value: 0.8736111111111111.
[I 2025-05-15 07:47:11,090] A new study created in memory with name: logreg
Parámetros guardados en checkpoint_adult_Doriginal_G/random/IPC_43/best_models_random_seed_6_space_original/svc_best_params.json


>>> Optuna tuning logreg metodo random IPC 43 seed 6


[I 2025-05-15 07:47:13,677] Trial 0 finished with value: 0.8375 and parameters: {'C': 29.127335430981816, 'penalty': 'l2'}. Best is trial 0 with value: 0.8375.
[I 2025-05-15 07:47:13,813] Trial 1 finished with value: 0.8861111111111111 and parameters: {'C': 0.045698192893558344, 'penalty': 'l2'}. Best is trial 1 with value: 0.8861111111111111.
[I 2025-05-15 07:47:13,862] Trial 2 finished with value: 0.826388888888889 and parameters: {'C': 12.768668597712947, 'penalty': 'l2'}. Best is trial 1 with value: 0.8861111111111111.
[I 2025-05-15 07:47:13,903] Trial 3 finished with value: 0.8319444444444443 and parameters: {'C': 0.0016161554408462638, 'penalty': 'l2'}. Best is trial 1 with value: 0.8861111111111111.
[I 2025-05-15 07:47:13,939] Trial 4 finished with value: 0.8416666666666666 and parameters: {'C': 0.0034536903703241734, 'penalty': 'l2'}. Best is trial 1 with value: 0.8861111111111111.
[I 2025-05-15 07:47:13,953] Trial 5 finished with value: 0.8513888888888888 and parameters: {'C': 0.9446269266990148, 'penalty': 'l2'}. Best is trial 1 with value: 0.8861111111111111.
[I 2025-05-15 07:47:13,975] Trial 6 finished with value: 0.8736111111111111 and parameters: {'C': 0.4457453393648168, 'penalty': 'l2'}. Best is trial 1 with value: 0.8861111111111111.
[I 2025-05-15 07:47:13,998] Trial 7 finished with value: 0.8625 and parameters: {'C': 0.12417585037258261, 'penalty': 'l2'}. Best is trial 1 with value: 0.8861111111111111.
[I 2025-05-15 07:47:14,021] Trial 8 finished with value: 0.8861111111111111 and parameters: {'C': 0.04753781830244093, 'penalty': 'l2'}. Best is trial 1 with value: 0.8861111111111111.
[I 2025-05-15 07:47:14,044] Trial 9 finished with value: 0.851388888888889 and parameters: {'C': 1.2959766028194148, 'penalty': 'l2'}. Best is trial 1 with value: 0.8861111111111111.
[I 2025-05-15 07:47:14,072] Trial 10 finished with value: 0.8861111111111111 and parameters: {'C': 0.02024823315667757, 'penalty': 'l2'}. Best is trial 1 with value: 0.8861111111111111.
[I 2025-05-15 07:47:14,999] Trial 11 finished with value: 0.8861111111111111 and parameters: {'C': 0.033823105357511776, 'penalty': 'l2'}. Best is trial 1 with value: 0.8861111111111111.
[I 2025-05-15 07:47:16,211] Trial 12 finished with value: 0.8861111111111111 and parameters: {'C': 0.01687525967399137, 'penalty': 'l2'}. Best is trial 1 with value: 0.8861111111111111.
[I 2025-05-15 07:47:16,241] Trial 13 finished with value: 0.8625 and parameters: {'C': 0.08927054814637196, 'penalty': 'l2'}. Best is trial 1 with value: 0.8861111111111111.
[I 2025-05-15 07:47:16,267] Trial 14 finished with value: 0.8638888888888887 and parameters: {'C': 0.007421596657289348, 'penalty': 'l2'}. Best is trial 1 with value: 0.8861111111111111.
[I 2025-05-15 07:47:16,316] Trial 15 finished with value: 0.8625 and parameters: {'C': 0.12596206158983486, 'penalty': 'l2'}. Best is trial 1 with value: 0.8861111111111111.
[I 2025-05-15 07:47:16,368] Trial 16 finished with value: 0.826388888888889 and parameters: {'C': 4.0439489390104955, 'penalty': 'l2'}. Best is trial 1 with value: 0.8861111111111111.
[I 2025-05-15 07:47:16,417] Trial 17 finished with value: 0.7874999999999999 and parameters: {'C': 0.0011693084353487943, 'penalty': 'l2'}. Best is trial 1 with value: 0.8861111111111111.
[I 2025-05-15 07:47:16,458] Trial 18 finished with value: 0.8736111111111111 and parameters: {'C': 0.05634633920602504, 'penalty': 'l2'}. Best is trial 1 with value: 0.8861111111111111.
[I 2025-05-15 07:47:16,489] Trial 19 finished with value: 0.8736111111111111 and parameters: {'C': 0.2924805018567681, 'penalty': 'l2'}. Best is trial 1 with value: 0.8861111111111111.
[I 2025-05-15 07:47:16,522] Trial 20 finished with value: 0.8638888888888887 and parameters: {'C': 0.006655921507687428, 'penalty': 'l2'}. Best is trial 1 with value: 0.8861111111111111.
[I 2025-05-15 07:47:16,558] Trial 21 finished with value: 0.8861111111111111 and parameters: {'C': 0.02275208335813374, 'penalty': 'l2'}. Best is trial 1 with value: 0.8861111111111111.
[I 2025-05-15 07:47:16,602] Trial 22 finished with value: 0.8861111111111111 and parameters: {'C': 0.018334379417426088, 'penalty': 'l2'}. Best is trial 1 with value: 0.8861111111111111.
[I 2025-05-15 07:47:16,622] Trial 23 finished with value: 0.8736111111111111 and parameters: {'C': 0.22888384163599232, 'penalty': 'l2'}. Best is trial 1 with value: 0.8861111111111111.
[I 2025-05-15 07:47:17,575] Trial 24 finished with value: 0.8638888888888887 and parameters: {'C': 0.008063054772290369, 'penalty': 'l2'}. Best is trial 1 with value: 0.8861111111111111.
[I 2025-05-15 07:47:17,610] Trial 25 finished with value: 0.8861111111111111 and parameters: {'C': 0.03186648723465192, 'penalty': 'l2'}. Best is trial 1 with value: 0.8861111111111111.
