[I 2025-05-15 07:58:00,237] Trial 3 finished with value: 0.8733333333333334 and parameters: {'n_estimators': 10, 'max_depth': 20, 'gamma': 0.5296610393664296, 'subsample': 0.6829451928902965, 'colsample_bytree': 0.9189589971546304}. Best is trial 3 with value: 0.8733333333333334.
/data/home/rtabares/anaconda3/envs/pyth3.12/lib/python3.12/site-packages/xgboost/core.py:377: FutureWarning: Your system has an old version of glibc (< 2.28). We will stop supporting Linux distros with glibc older than 2.28 after **May 31, 2025**. Please upgrade to a recent Linux distro (with glibc >= 2.28) to use future versions of XGBoost.
Note: You have installed the 'manylinux2014' variant of XGBoost. Certain features such as GPU algorithms or federated learning are not available. To use these features, please upgrade to a recent Linux distro with glibc 2.28+, and install the 'manylinux_2_28' variant.
  warnings.warn(
[I 2025-05-15 07:58:00,333] Trial 4 finished with value: 0.8700000000000001 and parameters: {'n_estimators': 10, 'max_depth': 20, 'gamma': 0.6916595165017824, 'subsample': 0.6851755414940176, 'colsample_bytree': 0.7295464889457157}. Best is trial 3 with value: 0.8733333333333334.
/data/home/rtabares/anaconda3/envs/pyth3.12/lib/python3.12/site-packages/xgboost/core.py:377: FutureWarning: Your system has an old version of glibc (< 2.28). We will stop supporting Linux distros with glibc older than 2.28 after **May 31, 2025**. Please upgrade to a recent Linux distro (with glibc >= 2.28) to use future versions of XGBoost.
Note: You have installed the 'manylinux2014' variant of XGBoost. Certain features such as GPU algorithms or federated learning are not available. To use these features, please upgrade to a recent Linux distro with glibc 2.28+, and install the 'manylinux_2_28' variant.
  warnings.warn(
[I 2025-05-15 07:58:00,413] Trial 5 finished with value: 0.89 and parameters: {'n_estimators': 100, 'max_depth': 20, 'gamma': 0.48380821541644814, 'subsample': 0.8171899343169193, 'colsample_bytree': 0.7614531005141727}. Best is trial 5 with value: 0.89.
/data/home/rtabares/anaconda3/envs/pyth3.12/lib/python3.12/site-packages/xgboost/core.py:377: FutureWarning: Your system has an old version of glibc (< 2.28). We will stop supporting Linux distros with glibc older than 2.28 after **May 31, 2025**. Please upgrade to a recent Linux distro (with glibc >= 2.28) to use future versions of XGBoost.
Note: You have installed the 'manylinux2014' variant of XGBoost. Certain features such as GPU algorithms or federated learning are not available. To use these features, please upgrade to a recent Linux distro with glibc 2.28+, and install the 'manylinux_2_28' variant.
  warnings.warn(
/data/home/rtabares/anaconda3/envs/pyth3.12/lib/python3.12/site-packages/xgboost/core.py:377: FutureWarning: Your system has an old version of glibc (< 2.28). We will stop supporting Linux distros with glibc older than 2.28 after **May 31, 2025**. Please upgrade to a recent Linux distro (with glibc >= 2.28) to use future versions of XGBoost.
Note: You have installed the 'manylinux2014' variant of XGBoost. Certain features such as GPU algorithms or federated learning are not available. To use these features, please upgrade to a recent Linux distro with glibc 2.28+, and install the 'manylinux_2_28' variant.
  warnings.warn(
[I 2025-05-15 07:58:00,546] Trial 6 finished with value: 0.8699999999999999 and parameters: {'n_estimators': 10, 'max_depth': 5, 'gamma': 0.9599214907026333, 'subsample': 0.8414569271877088, 'colsample_bytree': 0.5265643453364788}. Best is trial 5 with value: 0.89.
/data/home/rtabares/anaconda3/envs/pyth3.12/lib/python3.12/site-packages/xgboost/core.py:377: FutureWarning: Your system has an old version of glibc (< 2.28). We will stop supporting Linux distros with glibc older than 2.28 after **May 31, 2025**. Please upgrade to a recent Linux distro (with glibc >= 2.28) to use future versions of XGBoost.
Note: You have installed the 'manylinux2014' variant of XGBoost. Certain features such as GPU algorithms or federated learning are not available. To use these features, please upgrade to a recent Linux distro with glibc 2.28+, and install the 'manylinux_2_28' variant.
  warnings.warn(
/data/home/rtabares/anaconda3/envs/pyth3.12/lib/python3.12/site-packages/xgboost/core.py:377: FutureWarning: Your system has an old version of glibc (< 2.28). We will stop supporting Linux distros with glibc older than 2.28 after **May 31, 2025**. Please upgrade to a recent Linux distro (with glibc >= 2.28) to use future versions of XGBoost.
Note: You have installed the 'manylinux2014' variant of XGBoost. Certain features such as GPU algorithms or federated learning are not available. To use these features, please upgrade to a recent Linux distro with glibc 2.28+, and install the 'manylinux_2_28' variant.
  warnings.warn(
[I 2025-05-15 07:58:00,677] Trial 7 finished with value: 0.8699999999999999 and parameters: {'n_estimators': 40, 'max_depth': 5, 'gamma': 0.5250915966595621, 'subsample': 0.9207383574491986, 'colsample_bytree': 0.565555321173957}. Best is trial 5 with value: 0.89.
/data/home/rtabares/anaconda3/envs/pyth3.12/lib/python3.12/site-packages/xgboost/core.py:377: FutureWarning: Your system has an old version of glibc (< 2.28). We will stop supporting Linux distros with glibc older than 2.28 after **May 31, 2025**. Please upgrade to a recent Linux distro (with glibc >= 2.28) to use future versions of XGBoost.
Note: You have installed the 'manylinux2014' variant of XGBoost. Certain features such as GPU algorithms or federated learning are not available. To use these features, please upgrade to a recent Linux distro with glibc 2.28+, and install the 'manylinux_2_28' variant.
  warnings.warn(
/data/home/rtabares/anaconda3/envs/pyth3.12/lib/python3.12/site-packages/xgboost/core.py:377: FutureWarning: Your system has an old version of glibc (< 2.28). We will stop supporting Linux distros with glibc older than 2.28 after **May 31, 2025**. Please upgrade to a recent Linux distro (with glibc >= 2.28) to use future versions of XGBoost.
Note: You have installed the 'manylinux2014' variant of XGBoost. Certain features such as GPU algorithms or federated learning are not available. To use these features, please upgrade to a recent Linux distro with glibc 2.28+, and install the 'manylinux_2_28' variant.
  warnings.warn(
/data/home/rtabares/anaconda3/envs/pyth3.12/lib/python3.12/site-packages/xgboost/core.py:377: FutureWarning: Your system has an old version of glibc (< 2.28). We will stop supporting Linux distros with glibc older than 2.28 after **May 31, 2025**. Please upgrade to a recent Linux distro (with glibc >= 2.28) to use future versions of XGBoost.
Note: You have installed the 'manylinux2014' variant of XGBoost. Certain features such as GPU algorithms or federated learning are not available. To use these features, please upgrade to a recent Linux distro with glibc 2.28+, and install the 'manylinux_2_28' variant.
  warnings.warn(
[I 2025-05-15 07:58:00,781] Trial 8 finished with value: 0.89 and parameters: {'n_estimators': 100, 'max_depth': 5, 'gamma': 0.3919835527051987, 'subsample': 0.6502094521590198, 'colsample_bytree': 0.5827507002328938}. Best is trial 5 with value: 0.89.
/data/home/rtabares/anaconda3/envs/pyth3.12/lib/python3.12/site-packages/xgboost/core.py:377: FutureWarning: Your system has an old version of glibc (< 2.28). We will stop supporting Linux distros with glibc older than 2.28 after **May 31, 2025**. Please upgrade to a recent Linux distro (with glibc >= 2.28) to use future versions of XGBoost.
Note: You have installed the 'manylinux2014' variant of XGBoost. Certain features such as GPU algorithms or federated learning are not available. To use these features, please upgrade to a recent Linux distro with glibc 2.28+, and install the 'manylinux_2_28' variant.
  warnings.warn(
[I 2025-05-15 07:58:00,872] Trial 9 finished with value: 0.89 and parameters: {'n_estimators': 100, 'max_depth': 5, 'gamma': 0.8003922413895069, 'subsample': 0.9436444759263674, 'colsample_bytree': 0.8374593849333938}. Best is trial 5 with value: 0.89.
/data/home/rtabares/anaconda3/envs/pyth3.12/lib/python3.12/site-packages/xgboost/core.py:377: FutureWarning: Your system has an old version of glibc (< 2.28). We will stop supporting Linux distros with glibc older than 2.28 after **May 31, 2025**. Please upgrade to a recent Linux distro (with glibc >= 2.28) to use future versions of XGBoost.
Note: You have installed the 'manylinux2014' variant of XGBoost. Certain features such as GPU algorithms or federated learning are not available. To use these features, please upgrade to a recent Linux distro with glibc 2.28+, and install the 'manylinux_2_28' variant.
  warnings.warn(
/data/home/rtabares/anaconda3/envs/pyth3.12/lib/python3.12/site-packages/xgboost/core.py:377: FutureWarning: Your system has an old version of glibc (< 2.28). We will stop supporting Linux distros with glibc older than 2.28 after **May 31, 2025**. Please upgrade to a recent Linux distro (with glibc >= 2.28) to use future versions of XGBoost.
Note: You have installed the 'manylinux2014' variant of XGBoost. Certain features such as GPU algorithms or federated learning are not available. To use these features, please upgrade to a recent Linux distro with glibc 2.28+, and install the 'manylinux_2_28' variant.
  warnings.warn(
[I 2025-05-15 07:58:01,054] Trial 10 finished with value: 0.8733333333333333 and parameters: {'n_estimators': 100, 'max_depth': 30, 'gamma': 0.13445536345660636, 'subsample': 0.801974331512409, 'colsample_bytree': 0.9446716873952172}. Best is trial 5 with value: 0.89.
[I 2025-05-15 07:58:01,141] Trial 11 finished with value: 0.8866666666666667 and parameters: {'n_estimators': 100, 'max_depth': 30, 'gamma': 0.29122209644860947, 'subsample': 0.7301327038899156, 'colsample_bytree': 0.6542625851465838}. Best is trial 5 with value: 0.89.
/data/home/rtabares/anaconda3/envs/pyth3.12/lib/python3.12/site-packages/xgboost/core.py:377: FutureWarning: Your system has an old version of glibc (< 2.28). We will stop supporting Linux distros with glibc older than 2.28 after **May 31, 2025**. Please upgrade to a recent Linux distro (with glibc >= 2.28) to use future versions of XGBoost.
Note: You have installed the 'manylinux2014' variant of XGBoost. Certain features such as GPU algorithms or federated learning are not available. To use these features, please upgrade to a recent Linux distro with glibc 2.28+, and install the 'manylinux_2_28' variant.
  warnings.warn(
/data/home/rtabares/anaconda3/envs/pyth3.12/lib/python3.12/site-packages/xgboost/core.py:377: FutureWarning: Your system has an old version of glibc (< 2.28). We will stop supporting Linux distros with glibc older than 2.28 after **May 31, 2025**. Please upgrade to a recent Linux distro (with glibc >= 2.28) to use future versions of XGBoost.
Note: You have installed the 'manylinux2014' variant of XGBoost. Certain features such as GPU algorithms or federated learning are not available. To use these features, please upgrade to a recent Linux distro with glibc 2.28+, and install the 'manylinux_2_28' variant.
  warnings.warn(
[I 2025-05-15 07:58:02,428] Trial 12 finished with value: 0.89 and parameters: {'n_estimators': 100, 'max_depth': 20, 'gamma': 0.34465018997464836, 'subsample': 0.8274957261680288, 'colsample_bytree': 0.8349784101721117}. Best is trial 5 with value: 0.89.
/data/home/rtabares/anaconda3/envs/pyth3.12/lib/python3.12/site-packages/xgboost/core.py:377: FutureWarning: Your system has an old version of glibc (< 2.28). We will stop supporting Linux distros with glibc older than 2.28 after **May 31, 2025**. Please upgrade to a recent Linux distro (with glibc >= 2.28) to use future versions of XGBoost.
Note: You have installed the 'manylinux2014' variant of XGBoost. Certain features such as GPU algorithms or federated learning are not available. To use these features, please upgrade to a recent Linux distro with glibc 2.28+, and install the 'manylinux_2_28' variant.
  warnings.warn(
[I 2025-05-15 07:58:02,537] Trial 13 finished with value: 0.89 and parameters: {'n_estimators': 100, 'max_depth': 20, 'gamma': 0.38261151091492607, 'subsample': 0.6464338845970186, 'colsample_bytree': 0.6228690824939982}. Best is trial 5 with value: 0.89.
/data/home/rtabares/anaconda3/envs/pyth3.12/lib/python3.12/site-packages/xgboost/core.py:377: FutureWarning: Your system has an old version of glibc (< 2.28). We will stop supporting Linux distros with glibc older than 2.28 after **May 31, 2025**. Please upgrade to a recent Linux distro (with glibc >= 2.28) to use future versions of XGBoost.
Note: You have installed the 'manylinux2014' variant of XGBoost. Certain features such as GPU algorithms or federated learning are not available. To use these features, please upgrade to a recent Linux distro with glibc 2.28+, and install the 'manylinux_2_28' variant.
  warnings.warn(
/data/home/rtabares/anaconda3/envs/pyth3.12/lib/python3.12/site-packages/xgboost/core.py:377: FutureWarning: Your system has an old version of glibc (< 2.28). We will stop supporting Linux distros with glibc older than 2.28 after **May 31, 2025**. Please upgrade to a recent Linux distro (with glibc >= 2.28) to use future versions of XGBoost.
Note: You have installed the 'manylinux2014' variant of XGBoost. Certain features such as GPU algorithms or federated learning are not available. To use these features, please upgrade to a recent Linux distro with glibc 2.28+, and install the 'manylinux_2_28' variant.
  warnings.warn(
[I 2025-05-15 07:58:04,046] Trial 14 finished with value: 0.9433333333333334 and parameters: {'n_estimators': 100, 'max_depth': 30, 'gamma': 0.14728788579301572, 'subsample': 0.7522320537493931, 'colsample_bytree': 0.8098372677991582}. Best is trial 14 with value: 0.9433333333333334.
[I 2025-05-15 07:58:04,138] Trial 15 finished with value: 0.9266666666666667 and parameters: {'n_estimators': 100, 'max_depth': 30, 'gamma': 0.10664688114309917, 'subsample': 0.7571008637634272, 'colsample_bytree': 0.8349808489410186}. Best is trial 14 with value: 0.9433333333333334.
[I 2025-05-15 07:58:04,292] Trial 16 finished with value: 0.8933333333333333 and parameters: {'n_estimators': 40, 'max_depth': 30, 'gamma': 0.1355666330699052, 'subsample': 0.7422541880654162, 'colsample_bytree': 0.9981749704552296}. Best is trial 14 with value: 0.9433333333333334.
[I 2025-05-15 07:58:04,430] Trial 17 finished with value: 0.89 and parameters: {'n_estimators': 100, 'max_depth': 30, 'gamma': 0.2240388603658764, 'subsample': 0.7748843987538713, 'colsample_bytree': 0.8278672634615978}. Best is trial 14 with value: 0.9433333333333334.
[I 2025-05-15 07:58:04,534] Trial 18 finished with value: 0.89 and parameters: {'n_estimators': 100, 'max_depth': 30, 'gamma': 0.2202661661571193, 'subsample': 0.881152711006075, 'colsample_bytree': 0.8949191568577525}. Best is trial 14 with value: 0.9433333333333334.
[I 2025-05-15 07:58:04,639] Trial 19 finished with value: 0.9099999999999999 and parameters: {'n_estimators': 40, 'max_depth': 30, 'gamma': 0.20426087679104546, 'subsample': 0.725059027020872, 'colsample_bytree': 0.8058808193039625}. Best is trial 14 with value: 0.9433333333333334.
[I 2025-05-15 07:58:04,736] Trial 20 finished with value: 0.9033333333333333 and parameters: {'n_estimators': 100, 'max_depth': 30, 'gamma': 0.12122098666697301, 'subsample': 0.9961764358499778, 'colsample_bytree': 0.8847723321415784}. Best is trial 14 with value: 0.9433333333333334.
[I 2025-05-15 07:58:04,810] Trial 21 finished with value: 0.9099999999999999 and parameters: {'n_estimators': 40, 'max_depth': 30, 'gamma': 0.23286946992821483, 'subsample': 0.7300817708779138, 'colsample_bytree': 0.8047267280064891}. Best is trial 14 with value: 0.9433333333333334.
[I 2025-05-15 07:58:04,914] Trial 22 finished with value: 0.9266666666666667 and parameters: {'n_estimators': 40, 'max_depth': 30, 'gamma': 0.11556858450459655, 'subsample': 0.7645457331481733, 'colsample_bytree': 0.8037146190732115}. Best is trial 14 with value: 0.9433333333333334.
[I 2025-05-15 07:58:04,992] Trial 23 finished with value: 0.9099999999999999 and parameters: {'n_estimators': 40, 'max_depth': 30, 'gamma': 0.10278176245750642, 'subsample': 0.7723364306747862, 'colsample_bytree': 0.6859978083187079}. Best is trial 14 with value: 0.9433333333333334.
[I 2025-05-15 07:58:05,084] Trial 24 finished with value: 0.8733333333333334 and parameters: {'n_estimators': 40, 'max_depth': 30, 'gamma': 0.2962028780549328, 'subsample': 0.8541088597902802, 'colsample_bytree': 0.8667056773135167}. Best is trial 14 with value: 0.9433333333333334.
[I 2025-05-15 07:58:05,158] Trial 25 finished with value: 0.9099999999999999 and parameters: {'n_estimators': 40, 'max_depth': 30, 'gamma': 0.18005338490344275, 'subsample': 0.6900208321115429, 'colsample_bytree': 0.794631600079503}. Best is trial 14 with value: 0.9433333333333334.
[I 2025-05-15 07:58:05,262] Trial 26 finished with value: 0.9433333333333334 and parameters: {'n_estimators': 100, 'max_depth': 30, 'gamma': 0.28455902897644203, 'subsample': 0.7759909773098492, 'colsample_bytree': 0.9635544941992971}. Best is trial 14 with value: 0.9433333333333334.
[I 2025-05-15 07:58:05,369] Trial 27 finished with value: 0.8866666666666667 and parameters: {'n_estimators': 100, 'max_depth': 30, 'gamma': 0.4474170780270952, 'subsample': 0.904021833565648, 'colsample_bytree': 0.9849400614964079}. Best is trial 14 with value: 0.9433333333333334.
[I 2025-05-15 07:58:05,467] Trial 28 finished with value: 0.89 and parameters: {'n_estimators': 100, 'max_depth': 30, 'gamma': 0.2956267089688701, 'subsample': 0.7872809989785173, 'colsample_bytree': 0.9500622397971064}. Best is trial 14 with value: 0.9433333333333334.
[I 2025-05-15 07:58:05,564] Trial 29 finished with value: 0.8533333333333333 and parameters: {'n_estimators': 100, 'max_depth': 30, 'gamma': 0.6537685405380681, 'subsample': 0.8615868957917475, 'colsample_bytree': 0.9418893408147686}. Best is trial 14 with value: 0.9433333333333334.
[I 2025-05-15 07:58:41,961] A new study created in memory with name: rf
Parámetros guardados en checkpoint_default_Doriginal_H/k-means/IPC_27/best_models_k-means_seed_7_space_original/xgb_best_params.json


>>> Optuna tuning rf metodo k-means IPC 27 seed 7


[I 2025-05-15 07:58:43,328] Trial 0 finished with value: 0.9233333333333332 and parameters: {'n_estimators': 130, 'max_depth': 17, 'min_samples_split': 5, 'min_samples_leaf': 8}. Best is trial 0 with value: 0.9233333333333332.
[I 2025-05-15 07:58:44,625] Trial 1 finished with value: 0.9066666666666666 and parameters: {'n_estimators': 492, 'max_depth': 12, 'min_samples_split': 6, 'min_samples_leaf': 1}. Best is trial 0 with value: 0.9233333333333332.
[I 2025-05-15 07:58:45,104] Trial 2 finished with value: 0.9233333333333332 and parameters: {'n_estimators': 207, 'max_depth': 11, 'min_samples_split': 8, 'min_samples_leaf': 9}. Best is trial 0 with value: 0.9233333333333332.
[I 2025-05-15 07:58:45,622] Trial 3 finished with value: 0.9233333333333332 and parameters: {'n_estimators': 252, 'max_depth': 4, 'min_samples_split': 4, 'min_samples_leaf': 10}. Best is trial 0 with value: 0.9233333333333332.
[I 2025-05-15 07:58:46,002] Trial 4 finished with value: 0.89 and parameters: {'n_estimators': 185, 'max_depth': 11, 'min_samples_split': 10, 'min_samples_leaf': 1}. Best is trial 0 with value: 0.9233333333333332.
[I 2025-05-15 07:58:46,776] Trial 5 finished with value: 0.9233333333333332 and parameters: {'n_estimators': 340, 'max_depth': 20, 'min_samples_split': 4, 'min_samples_leaf': 6}. Best is trial 0 with value: 0.9233333333333332.
[I 2025-05-15 07:58:47,883] Trial 6 finished with value: 0.9233333333333332 and parameters: {'n_estimators': 464, 'max_depth': 5, 'min_samples_split': 6, 'min_samples_leaf': 8}. Best is trial 0 with value: 0.9233333333333332.
[I 2025-05-15 07:58:48,790] Trial 7 finished with value: 0.9233333333333332 and parameters: {'n_estimators': 368, 'max_depth': 11, 'min_samples_split': 3, 'min_samples_leaf': 5}. Best is trial 0 with value: 0.9233333333333332.
[I 2025-05-15 07:58:49,642] Trial 8 finished with value: 0.9233333333333332 and parameters: {'n_estimators': 249, 'max_depth': 11, 'min_samples_split': 5, 'min_samples_leaf': 9}. Best is trial 0 with value: 0.9233333333333332.
[I 2025-05-15 07:58:51,095] Trial 9 finished with value: 0.9266666666666667 and parameters: {'n_estimators': 408, 'max_depth': 8, 'min_samples_split': 7, 'min_samples_leaf': 3}. Best is trial 9 with value: 0.9266666666666667.
[I 2025-05-15 07:58:52,941] Trial 10 finished with value: 0.9066666666666666 and parameters: {'n_estimators': 397, 'max_depth': 7, 'min_samples_split': 8, 'min_samples_leaf': 3}. Best is trial 9 with value: 0.9266666666666667.
[I 2025-05-15 07:58:54,630] Trial 11 finished with value: 0.9066666666666666 and parameters: {'n_estimators': 134, 'max_depth': 19, 'min_samples_split': 8, 'min_samples_leaf': 6}. Best is trial 9 with value: 0.9266666666666667.
[I 2025-05-15 07:58:56,056] Trial 12 finished with value: 0.9233333333333332 and parameters: {'n_estimators': 414, 'max_depth': 15, 'min_samples_split': 2, 'min_samples_leaf': 4}. Best is trial 9 with value: 0.9266666666666667.
[I 2025-05-15 07:58:56,259] Trial 13 finished with value: 0.9233333333333332 and parameters: {'n_estimators': 100, 'max_depth': 16, 'min_samples_split': 6, 'min_samples_leaf': 7}. Best is trial 9 with value: 0.9266666666666667.
[I 2025-05-15 07:58:56,796] Trial 14 finished with value: 0.9266666666666667 and parameters: {'n_estimators': 313, 'max_depth': 7, 'min_samples_split': 10, 'min_samples_leaf': 3}. Best is trial 9 with value: 0.9266666666666667.
[I 2025-05-15 07:58:57,613] Trial 15 finished with value: 0.89 and parameters: {'n_estimators': 310, 'max_depth': 7, 'min_samples_split': 10, 'min_samples_leaf': 3}. Best is trial 9 with value: 0.9266666666666667.
