[I 2025-05-15 08:15:13,728] Trial 15 finished with value: 0.8099999999999999 and parameters: {'n_estimators': 10, 'max_depth': 30, 'gamma': 0.7388458700501535, 'subsample': 0.778428338262763, 'colsample_bytree': 0.9046438368959687}. Best is trial 3 with value: 0.8666666666666668.
[I 2025-05-15 08:15:13,820] Trial 16 finished with value: 0.85 and parameters: {'n_estimators': 100, 'max_depth': 30, 'gamma': 0.3948172633490876, 'subsample': 0.875757800437021, 'colsample_bytree': 0.7902249499396803}. Best is trial 3 with value: 0.8666666666666668.
/data/home/rtabares/anaconda3/envs/pyth3.12/lib/python3.12/site-packages/xgboost/core.py:377: FutureWarning: Your system has an old version of glibc (< 2.28). We will stop supporting Linux distros with glibc older than 2.28 after **May 31, 2025**. Please upgrade to a recent Linux distro (with glibc >= 2.28) to use future versions of XGBoost.
Note: You have installed the 'manylinux2014' variant of XGBoost. Certain features such as GPU algorithms or federated learning are not available. To use these features, please upgrade to a recent Linux distro with glibc 2.28+, and install the 'manylinux_2_28' variant.
  warnings.warn(
[I 2025-05-15 08:15:14,792] Trial 17 finished with value: 0.8133333333333332 and parameters: {'n_estimators': 100, 'max_depth': 30, 'gamma': 0.8564327795981107, 'subsample': 0.7372665199107078, 'colsample_bytree': 0.679123015932519}. Best is trial 3 with value: 0.8666666666666668.
[I 2025-05-15 08:15:14,855] Trial 18 finished with value: 0.8466666666666667 and parameters: {'n_estimators': 40, 'max_depth': 30, 'gamma': 0.6823798363672136, 'subsample': 0.9538524588124925, 'colsample_bytree': 0.6049005438586045}. Best is trial 3 with value: 0.8666666666666668.
[I 2025-05-15 08:15:14,896] Trial 19 finished with value: 0.8466666666666667 and parameters: {'n_estimators': 10, 'max_depth': 30, 'gamma': 0.5508603903101689, 'subsample': 0.8765077548895333, 'colsample_bytree': 0.5238441742867559}. Best is trial 3 with value: 0.8666666666666668.
[I 2025-05-15 08:15:14,976] Trial 20 finished with value: 0.9066666666666668 and parameters: {'n_estimators': 100, 'max_depth': 20, 'gamma': 0.9182447224451997, 'subsample': 0.9971669946326951, 'colsample_bytree': 0.8074178018490535}. Best is trial 20 with value: 0.9066666666666668.
[I 2025-05-15 08:15:15,047] Trial 21 finished with value: 0.8866666666666667 and parameters: {'n_estimators': 100, 'max_depth': 20, 'gamma': 0.8956730606789136, 'subsample': 0.9992360824196687, 'colsample_bytree': 0.8830642230951814}. Best is trial 20 with value: 0.9066666666666668.
[I 2025-05-15 08:15:15,102] Trial 22 finished with value: 0.9066666666666668 and parameters: {'n_estimators': 100, 'max_depth': 20, 'gamma': 0.9130146918908576, 'subsample': 0.9984080568806122, 'colsample_bytree': 0.785678693950993}. Best is trial 20 with value: 0.9066666666666668.
[I 2025-05-15 08:15:15,167] Trial 23 finished with value: 0.8266666666666665 and parameters: {'n_estimators': 100, 'max_depth': 20, 'gamma': 0.9249229692323913, 'subsample': 0.9156810857524692, 'colsample_bytree': 0.802021951011521}. Best is trial 20 with value: 0.9066666666666668.
[I 2025-05-15 08:15:15,236] Trial 24 finished with value: 0.8866666666666667 and parameters: {'n_estimators': 100, 'max_depth': 20, 'gamma': 0.9145128242875735, 'subsample': 0.9964837447201369, 'colsample_bytree': 0.9302631426951067}. Best is trial 20 with value: 0.9066666666666668.
[I 2025-05-15 08:15:15,293] Trial 25 finished with value: 0.8466666666666669 and parameters: {'n_estimators': 100, 'max_depth': 20, 'gamma': 0.8925186853838176, 'subsample': 0.9494956353756756, 'colsample_bytree': 0.8008672205838107}. Best is trial 20 with value: 0.9066666666666668.
[I 2025-05-15 08:15:15,344] Trial 26 finished with value: 0.8466666666666669 and parameters: {'n_estimators': 100, 'max_depth': 20, 'gamma': 0.991305306441192, 'subsample': 0.8817356779927716, 'colsample_bytree': 0.8934640287334401}. Best is trial 20 with value: 0.9066666666666668.
[I 2025-05-15 08:15:15,410] Trial 27 finished with value: 0.8466666666666667 and parameters: {'n_estimators': 100, 'max_depth': 20, 'gamma': 0.7071149412865682, 'subsample': 0.9990987381544529, 'colsample_bytree': 0.9550961109535148}. Best is trial 20 with value: 0.9066666666666668.
[I 2025-05-15 08:15:15,451] Trial 28 finished with value: 0.8466666666666667 and parameters: {'n_estimators': 10, 'max_depth': 20, 'gamma': 0.915294528397034, 'subsample': 0.8495834098665778, 'colsample_bytree': 0.7336954965701649}. Best is trial 20 with value: 0.9066666666666668.
[I 2025-05-15 08:15:15,496] Trial 29 finished with value: 0.8466666666666667 and parameters: {'n_estimators': 40, 'max_depth': 20, 'gamma': 0.8289203743307666, 'subsample': 0.7115937689695561, 'colsample_bytree': 0.790465766610629}. Best is trial 20 with value: 0.9066666666666668.
[I 2025-05-15 08:16:14,893] A new study created in memory with name: rf
Parámetros guardados en checkpoint_default_Doriginal_H/ag/IPC_27/best_models_ag_seed_8_space_original/xgb_best_params.json


>>> Optuna tuning rf metodo ag IPC 27 seed 8


[I 2025-05-15 08:16:18,993] Trial 0 finished with value: 0.8300000000000001 and parameters: {'n_estimators': 450, 'max_depth': 20, 'min_samples_split': 9, 'min_samples_leaf': 6}. Best is trial 0 with value: 0.8300000000000001.
[I 2025-05-15 08:16:19,592] Trial 1 finished with value: 0.8133333333333332 and parameters: {'n_estimators': 193, 'max_depth': 3, 'min_samples_split': 5, 'min_samples_leaf': 5}. Best is trial 0 with value: 0.8300000000000001.
[I 2025-05-15 08:16:20,305] Trial 2 finished with value: 0.7933333333333332 and parameters: {'n_estimators': 309, 'max_depth': 11, 'min_samples_split': 6, 'min_samples_leaf': 6}. Best is trial 0 with value: 0.8300000000000001.
[I 2025-05-15 08:16:22,414] Trial 3 finished with value: 0.8133333333333332 and parameters: {'n_estimators': 405, 'max_depth': 15, 'min_samples_split': 7, 'min_samples_leaf': 5}. Best is trial 0 with value: 0.8300000000000001.
[I 2025-05-15 08:16:23,016] Trial 4 finished with value: 0.8100000000000002 and parameters: {'n_estimators': 215, 'max_depth': 20, 'min_samples_split': 5, 'min_samples_leaf': 3}. Best is trial 0 with value: 0.8300000000000001.
[I 2025-05-15 08:16:23,437] Trial 5 finished with value: 0.8100000000000002 and parameters: {'n_estimators': 126, 'max_depth': 20, 'min_samples_split': 3, 'min_samples_leaf': 4}. Best is trial 0 with value: 0.8300000000000001.
[I 2025-05-15 08:16:23,759] Trial 6 finished with value: 0.7933333333333332 and parameters: {'n_estimators': 128, 'max_depth': 7, 'min_samples_split': 5, 'min_samples_leaf': 9}. Best is trial 0 with value: 0.8300000000000001.
[I 2025-05-15 08:16:24,502] Trial 7 finished with value: 0.7933333333333332 and parameters: {'n_estimators': 238, 'max_depth': 20, 'min_samples_split': 2, 'min_samples_leaf': 4}. Best is trial 0 with value: 0.8300000000000001.
[I 2025-05-15 08:16:25,221] Trial 8 finished with value: 0.8300000000000001 and parameters: {'n_estimators': 252, 'max_depth': 16, 'min_samples_split': 10, 'min_samples_leaf': 4}. Best is trial 0 with value: 0.8300000000000001.
[I 2025-05-15 08:16:25,738] Trial 9 finished with value: 0.8100000000000002 and parameters: {'n_estimators': 273, 'max_depth': 7, 'min_samples_split': 9, 'min_samples_leaf': 7}. Best is trial 0 with value: 0.8300000000000001.
[I 2025-05-15 08:16:27,197] Trial 10 finished with value: 0.7766666666666666 and parameters: {'n_estimators': 498, 'max_depth': 15, 'min_samples_split': 8, 'min_samples_leaf': 10}. Best is trial 0 with value: 0.8300000000000001.
[I 2025-05-15 08:16:30,538] Trial 11 finished with value: 0.8466666666666669 and parameters: {'n_estimators': 356, 'max_depth': 16, 'min_samples_split': 10, 'min_samples_leaf': 1}. Best is trial 11 with value: 0.8466666666666669.
[I 2025-05-15 08:16:34,236] Trial 12 finished with value: 0.8666666666666668 and parameters: {'n_estimators': 382, 'max_depth': 17, 'min_samples_split': 10, 'min_samples_leaf': 1}. Best is trial 12 with value: 0.8666666666666668.
[I 2025-05-15 08:16:35,710] Trial 13 finished with value: 0.85 and parameters: {'n_estimators': 361, 'max_depth': 17, 'min_samples_split': 10, 'min_samples_leaf': 1}. Best is trial 12 with value: 0.8666666666666668.
[I 2025-05-15 08:16:37,479] Trial 14 finished with value: 0.8633333333333333 and parameters: {'n_estimators': 358, 'max_depth': 12, 'min_samples_split': 8, 'min_samples_leaf': 1}. Best is trial 12 with value: 0.8666666666666668.
[I 2025-05-15 08:16:38,036] Trial 15 finished with value: 0.7933333333333332 and parameters: {'n_estimators': 337, 'max_depth': 12, 'min_samples_split': 8, 'min_samples_leaf': 2}. Best is trial 12 with value: 0.8666666666666668.
[I 2025-05-15 08:16:38,835] Trial 16 finished with value: 0.85 and parameters: {'n_estimators': 409, 'max_depth': 10, 'min_samples_split': 8, 'min_samples_leaf': 2}. Best is trial 12 with value: 0.8666666666666668.
[I 2025-05-15 08:16:39,559] Trial 17 finished with value: 0.8100000000000002 and parameters: {'n_estimators': 422, 'max_depth': 13, 'min_samples_split': 7, 'min_samples_leaf': 2}. Best is trial 12 with value: 0.8666666666666668.
[I 2025-05-15 08:16:40,343] Trial 18 finished with value: 0.8300000000000001 and parameters: {'n_estimators': 482, 'max_depth': 8, 'min_samples_split': 9, 'min_samples_leaf': 1}. Best is trial 12 with value: 0.8666666666666668.
[I 2025-05-15 08:16:40,971] Trial 19 finished with value: 0.8300000000000001 and parameters: {'n_estimators': 303, 'max_depth': 18, 'min_samples_split': 7, 'min_samples_leaf': 3}. Best is trial 12 with value: 0.8666666666666668.
[I 2025-05-15 08:16:41,727] Trial 20 finished with value: 0.8300000000000001 and parameters: {'n_estimators': 373, 'max_depth': 13, 'min_samples_split': 9, 'min_samples_leaf': 8}. Best is trial 12 with value: 0.8666666666666668.
[I 2025-05-15 08:16:42,637] Trial 21 finished with value: 0.8666666666666666 and parameters: {'n_estimators': 377, 'max_depth': 18, 'min_samples_split': 10, 'min_samples_leaf': 1}. Best is trial 12 with value: 0.8666666666666668.
[I 2025-05-15 08:16:43,587] Trial 22 finished with value: 0.9 and parameters: {'n_estimators': 393, 'max_depth': 18, 'min_samples_split': 10, 'min_samples_leaf': 1}. Best is trial 22 with value: 0.9.
[I 2025-05-15 08:16:44,736] Trial 23 finished with value: 0.8133333333333332 and parameters: {'n_estimators': 449, 'max_depth': 18, 'min_samples_split': 10, 'min_samples_leaf': 3}. Best is trial 22 with value: 0.9.
[I 2025-05-15 08:16:45,920] Trial 24 finished with value: 0.85 and parameters: {'n_estimators': 401, 'max_depth': 18, 'min_samples_split': 10, 'min_samples_leaf': 2}. Best is trial 22 with value: 0.9.
[I 2025-05-15 08:16:47,045] Trial 25 finished with value: 0.8633333333333333 and parameters: {'n_estimators': 452, 'max_depth': 14, 'min_samples_split': 9, 'min_samples_leaf': 1}. Best is trial 22 with value: 0.9.
[I 2025-05-15 08:16:47,628] Trial 26 finished with value: 0.7933333333333332 and parameters: {'n_estimators': 317, 'max_depth': 18, 'min_samples_split': 10, 'min_samples_leaf': 3}. Best is trial 22 with value: 0.9.
[I 2025-05-15 08:16:48,588] Trial 27 finished with value: 0.8333333333333334 and parameters: {'n_estimators': 379, 'max_depth': 17, 'min_samples_split': 9, 'min_samples_leaf': 2}. Best is trial 22 with value: 0.9.
[I 2025-05-15 08:16:49,453] Trial 28 finished with value: 0.85 and parameters: {'n_estimators': 334, 'max_depth': 16, 'min_samples_split': 6, 'min_samples_leaf': 1}. Best is trial 22 with value: 0.9.
[I 2025-05-15 08:16:50,398] Trial 29 finished with value: 0.8300000000000001 and parameters: {'n_estimators': 387, 'max_depth': 19, 'min_samples_split': 4, 'min_samples_leaf': 2}. Best is trial 22 with value: 0.9.
[I 2025-05-15 08:16:58,682] A new study created in memory with name: svc
Parámetros guardados en checkpoint_default_Doriginal_H/ag/IPC_27/best_models_ag_seed_8_space_original/rf_best_params.json


>>> Optuna tuning svc metodo ag IPC 27 seed 8


[I 2025-05-15 08:17:01,544] Trial 0 finished with value: 0.31 and parameters: {'C': 31.168622654226873, 'gamma': 0.7484497562485191}. Best is trial 0 with value: 0.31.
[I 2025-05-15 08:17:01,833] Trial 1 finished with value: 0.44000000000000006 and parameters: {'C': 29.976309274600954, 'gamma': 0.013286872459026702}. Best is trial 1 with value: 0.44000000000000006.
[I 2025-05-15 08:17:01,870] Trial 2 finished with value: 0.5 and parameters: {'C': 0.08529298465080307, 'gamma': 0.00011106960237430257}. Best is trial 2 with value: 0.5.
[I 2025-05-15 08:17:01,895] Trial 3 finished with value: 0.4966666666666667 and parameters: {'C': 0.5270784658374341, 'gamma': 0.004068229457500922}. Best is trial 2 with value: 0.5.
[I 2025-05-15 08:17:01,918] Trial 4 finished with value: 0.3666666666666667 and parameters: {'C': 1.2322495987505253, 'gamma': 0.008195343912941565}. Best is trial 2 with value: 0.5.
[I 2025-05-15 08:17:01,946] Trial 5 finished with value: 0.27999999999999997 and parameters: {'C': 1.6650446929687996, 'gamma': 0.014912280706161869}. Best is trial 2 with value: 0.5.
[I 2025-05-15 08:17:01,974] Trial 6 finished with value: 0.38 and parameters: {'C': 11.055599623279033, 'gamma': 0.07071284267178823}. Best is trial 2 with value: 0.5.
[I 2025-05-15 08:17:01,993] Trial 7 finished with value: 0.3466666666666667 and parameters: {'C': 3.0111222251271013, 'gamma': 0.00506252384623837}. Best is trial 2 with value: 0.5.
[I 2025-05-15 08:17:02,027] Trial 8 finished with value: 0.45999999999999996 and parameters: {'C': 0.1433177931243846, 'gamma': 0.7859971382309453}. Best is trial 2 with value: 0.5.
[I 2025-05-15 08:17:02,042] Trial 9 finished with value: 0.5 and parameters: {'C': 0.21631975482828378, 'gamma': 0.0007502469581683287}. Best is trial 2 with value: 0.5.
[I 2025-05-15 08:17:02,074] Trial 10 finished with value: 0.5 and parameters: {'C': 0.012287042951649943, 'gamma': 0.0002689230117214245}. Best is trial 2 with value: 0.5.
[I 2025-05-15 08:17:03,680] Trial 11 finished with value: 0.5 and parameters: {'C': 0.0685083836199246, 'gamma': 0.00012186475628831787}. Best is trial 2 with value: 0.5.
[I 2025-05-15 08:17:05,358] Trial 12 finished with value: 0.5 and parameters: {'C': 0.09275233274895828, 'gamma': 0.0006476954402755323}. Best is trial 2 with value: 0.5.
[I 2025-05-15 08:17:06,865] Trial 13 finished with value: 0.5 and parameters: {'C': 0.014175909601736779, 'gamma': 0.001036845978787215}. Best is trial 2 with value: 0.5.
[I 2025-05-15 08:17:06,897] Trial 14 finished with value: 0.5 and parameters: {'C': 0.2871830040299049, 'gamma': 0.00010080897490159832}. Best is trial 2 with value: 0.5.
[I 2025-05-15 08:17:06,950] Trial 15 finished with value: 0.5 and parameters: {'C': 0.03493028704783785, 'gamma': 0.0010605214439923056}. Best is trial 2 with value: 0.5.
[I 2025-05-15 08:17:06,995] Trial 16 finished with value: 0.5 and parameters: {'C': 0.31327568158257174, 'gamma': 0.00040657970992577774}. Best is trial 2 with value: 0.5.
[I 2025-05-15 08:17:07,031] Trial 17 finished with value: 0.3666666666666667 and parameters: {'C': 5.18943783327537, 'gamma': 0.0028492886641226433}. Best is trial 2 with value: 0.5.
[I 2025-05-15 08:17:07,073] Trial 18 finished with value: 0.5 and parameters: {'C': 0.03931231946774843, 'gamma': 0.00021599297264488242}. Best is trial 2 with value: 0.5.
[I 2025-05-15 08:17:07,106] Trial 19 finished with value: 0.39 and parameters: {'C': 0.6748186580184693, 'gamma': 0.04849855299752298}. Best is trial 2 with value: 0.5.
[I 2025-05-15 08:17:07,134] Trial 20 finished with value: 0.5 and parameters: {'C': 0.21368834253765992, 'gamma': 0.0015286943028522833}. Best is trial 2 with value: 0.5.
[I 2025-05-15 08:17:07,174] Trial 21 finished with value: 0.5 and parameters: {'C': 0.011413388004612132, 'gamma': 0.000276448011785416}. Best is trial 2 with value: 0.5.
[I 2025-05-15 08:17:07,205] Trial 22 finished with value: 0.5 and parameters: {'C': 0.02714574043256838, 'gamma': 0.0002879741226959768}. Best is trial 2 with value: 0.5.
[I 2025-05-15 08:17:07,229] Trial 23 finished with value: 0.5 and parameters: {'C': 0.06983875803449507, 'gamma': 0.0005949804854458057}. Best is trial 2 with value: 0.5.
[I 2025-05-15 08:17:08,698] Trial 24 finished with value: 0.5 and parameters: {'C': 0.020540976674772237, 'gamma': 0.00014322055187960658}. Best is trial 2 with value: 0.5.
[I 2025-05-15 08:17:08,749] Trial 25 finished with value: 0.5 and parameters: {'C': 0.051331592289287215, 'gamma': 0.0016561752664279452}. Best is trial 2 with value: 0.5.
[I 2025-05-15 08:17:08,777] Trial 26 finished with value: 0.5 and parameters: {'C': 0.13559210335223806, 'gamma': 0.00045790137405280976}. Best is trial 2 with value: 0.5.
[I 2025-05-15 08:17:08,841] Trial 27 finished with value: 0.5 and parameters: {'C': 0.011106861554004269, 'gamma': 0.00021996773981539292}. Best is trial 2 with value: 0.5.
[I 2025-05-15 08:17:08,884] Trial 28 finished with value: 0.4833333333333333 and parameters: {'C': 78.51358847239959, 'gamma': 0.0008944453400873199}. Best is trial 2 with value: 0.5.
[I 2025-05-15 08:17:08,924] Trial 29 finished with value: 0.43 and parameters: {'C': 0.6092861278167873, 'gamma': 0.14252128030153632}. Best is trial 2 with value: 0.5.
[I 2025-05-15 08:17:16,402] A new study created in memory with name: logreg
Parámetros guardados en checkpoint_default_Doriginal_H/ag/IPC_27/best_models_ag_seed_8_space_original/svc_best_params.json


>>> Optuna tuning logreg metodo ag IPC 27 seed 8


[I 2025-05-15 08:17:18,353] Trial 0 finished with value: 0.6366666666666666 and parameters: {'C': 23.288794782471303, 'penalty': 'l2'}. Best is trial 0 with value: 0.6366666666666666.
[I 2025-05-15 08:17:18,463] Trial 1 finished with value: 0.7433333333333334 and parameters: {'C': 69.61507800412923, 'penalty': 'l2'}. Best is trial 1 with value: 0.7433333333333334.
[I 2025-05-15 08:17:18,518] Trial 2 finished with value: 0.6366666666666666 and parameters: {'C': 22.180569925473442, 'penalty': 'l2'}. Best is trial 1 with value: 0.7433333333333334.
[I 2025-05-15 08:17:18,547] Trial 3 finished with value: 0.5566666666666666 and parameters: {'C': 0.4511058486037652, 'penalty': 'l2'}. Best is trial 1 with value: 0.7433333333333334.
[I 2025-05-15 08:17:18,562] Trial 4 finished with value: 0.4933333333333333 and parameters: {'C': 0.014576110093994574, 'penalty': 'l2'}. Best is trial 1 with value: 0.7433333333333334.
[I 2025-05-15 08:17:18,589] Trial 5 finished with value: 0.46333333333333326 and parameters: {'C': 0.0011402340906886685, 'penalty': 'l2'}. Best is trial 1 with value: 0.7433333333333334.
[I 2025-05-15 08:17:18,612] Trial 6 finished with value: 0.5566666666666666 and parameters: {'C': 0.14201822862985758, 'penalty': 'l2'}. Best is trial 1 with value: 0.7433333333333334.
[I 2025-05-15 08:17:18,635] Trial 7 finished with value: 0.5166666666666667 and parameters: {'C': 0.1027440782219989, 'penalty': 'l2'}. Best is trial 1 with value: 0.7433333333333334.
[I 2025-05-15 08:17:18,668] Trial 8 finished with value: 0.5566666666666666 and parameters: {'C': 0.41055690122086846, 'penalty': 'l2'}. Best is trial 1 with value: 0.7433333333333334.
[I 2025-05-15 08:17:18,700] Trial 9 finished with value: 0.5599999999999999 and parameters: {'C': 0.24658064201770763, 'penalty': 'l2'}. Best is trial 1 with value: 0.7433333333333334.
[I 2025-05-15 08:17:18,754] Trial 10 finished with value: 0.7433333333333334 and parameters: {'C': 92.46141821928147, 'penalty': 'l2'}. Best is trial 1 with value: 0.7433333333333334.
[I 2025-05-15 08:17:19,666] Trial 11 finished with value: 0.7066666666666667 and parameters: {'C': 65.87674766828499, 'penalty': 'l2'}. Best is trial 1 with value: 0.7433333333333334.
[I 2025-05-15 08:17:20,607] Trial 12 finished with value: 0.5833333333333333 and parameters: {'C': 3.835078223030007, 'penalty': 'l2'}. Best is trial 1 with value: 0.7433333333333334.
[I 2025-05-15 08:17:20,670] Trial 13 finished with value: 0.6033333333333333 and parameters: {'C': 5.213385184611433, 'penalty': 'l2'}. Best is trial 1 with value: 0.7433333333333334.
[I 2025-05-15 08:17:20,724] Trial 14 finished with value: 0.7433333333333334 and parameters: {'C': 86.3055046696311, 'penalty': 'l2'}. Best is trial 1 with value: 0.7433333333333334.
[I 2025-05-15 08:17:20,773] Trial 15 finished with value: 0.6 and parameters: {'C': 3.4113487923835675, 'penalty': 'l2'}. Best is trial 1 with value: 0.7433333333333334.
[I 2025-05-15 08:17:20,845] Trial 16 finished with value: 0.6366666666666666 and parameters: {'C': 14.431150299720267, 'penalty': 'l2'}. Best is trial 1 with value: 0.7433333333333334.
[I 2025-05-15 08:17:20,877] Trial 17 finished with value: 0.6166666666666667 and parameters: {'C': 1.3731515929933007, 'penalty': 'l2'}. Best is trial 1 with value: 0.7433333333333334.
[I 2025-05-15 08:17:20,921] Trial 18 finished with value: 0.7433333333333334 and parameters: {'C': 93.43196015912538, 'penalty': 'l2'}. Best is trial 1 with value: 0.7433333333333334.
[I 2025-05-15 08:17:20,972] Trial 19 finished with value: 0.6366666666666666 and parameters: {'C': 11.518589054514726, 'penalty': 'l2'}. Best is trial 1 with value: 0.7433333333333334.
[I 2025-05-15 08:17:21,002] Trial 20 finished with value: 0.4933333333333333 and parameters: {'C': 0.033272546261716475, 'penalty': 'l2'}. Best is trial 1 with value: 0.7433333333333334.
[I 2025-05-15 08:17:21,053] Trial 21 finished with value: 0.7433333333333334 and parameters: {'C': 94.46938507221813, 'penalty': 'l2'}. Best is trial 1 with value: 0.7433333333333334.
[I 2025-05-15 08:17:22,032] Trial 22 finished with value: 0.6766666666666665 and parameters: {'C': 40.084316532165936, 'penalty': 'l2'}. Best is trial 1 with value: 0.7433333333333334.
[I 2025-05-15 08:17:22,091] Trial 23 finished with value: 0.6366666666666666 and parameters: {'C': 9.205606961133883, 'penalty': 'l2'}. Best is trial 1 with value: 0.7433333333333334.
