[I 2025-05-15 08:18:37,156] Trial 23 finished with value: 0.51 and parameters: {'n_estimators': 294, 'max_depth': 15, 'min_samples_split': 4, 'min_samples_leaf': 4}. Best is trial 19 with value: 0.6466666666666666.
[I 2025-05-15 08:18:37,503] Trial 24 finished with value: 0.5133333333333334 and parameters: {'n_estimators': 163, 'max_depth': 9, 'min_samples_split': 3, 'min_samples_leaf': 2}. Best is trial 19 with value: 0.6466666666666666.
[I 2025-05-15 08:18:38,256] Trial 25 finished with value: 0.5766666666666665 and parameters: {'n_estimators': 404, 'max_depth': 13, 'min_samples_split': 2, 'min_samples_leaf': 3}. Best is trial 19 with value: 0.6466666666666666.
[I 2025-05-15 08:18:38,797] Trial 26 finished with value: 0.59 and parameters: {'n_estimators': 302, 'max_depth': 15, 'min_samples_split': 6, 'min_samples_leaf': 4}. Best is trial 19 with value: 0.6466666666666666.
[I 2025-05-15 08:18:39,203] Trial 27 finished with value: 0.45999999999999996 and parameters: {'n_estimators': 148, 'max_depth': 17, 'min_samples_split': 4, 'min_samples_leaf': 2}. Best is trial 19 with value: 0.6466666666666666.
[I 2025-05-15 08:18:39,707] Trial 28 finished with value: 0.4533333333333333 and parameters: {'n_estimators': 105, 'max_depth': 9, 'min_samples_split': 5, 'min_samples_leaf': 7}. Best is trial 19 with value: 0.6466666666666666.
[I 2025-05-15 08:18:40,409] Trial 29 finished with value: 0.4633333333333334 and parameters: {'n_estimators': 217, 'max_depth': 16, 'min_samples_split': 3, 'min_samples_leaf': 1}. Best is trial 19 with value: 0.6466666666666666.
[I 2025-05-15 08:18:50,953] A new study created in memory with name: svc
Parámetros guardados en checkpoint_adult_Doriginal_G/craig/IPC_43/best_models_craig_seed_7_space_original/rf_best_params.json


>>> Optuna tuning svc metodo craig IPC 43 seed 7


[I 2025-05-15 08:18:53,896] Trial 0 finished with value: 0.5 and parameters: {'C': 0.020194502448102298, 'gamma': 0.13172711156111802}. Best is trial 0 with value: 0.5.
[I 2025-05-15 08:18:53,910] Trial 1 finished with value: 0.5 and parameters: {'C': 0.5670703311028815, 'gamma': 0.0783178418343345}. Best is trial 0 with value: 0.5.
[I 2025-05-15 08:18:53,933] Trial 2 finished with value: 0.5599999999999999 and parameters: {'C': 81.65034948781698, 'gamma': 0.014255533717547383}. Best is trial 2 with value: 0.5599999999999999.
[I 2025-05-15 08:18:53,945] Trial 3 finished with value: 0.5 and parameters: {'C': 1.0103732850016278, 'gamma': 0.00019418001640357854}. Best is trial 2 with value: 0.5599999999999999.
[I 2025-05-15 08:18:53,969] Trial 4 finished with value: 0.5 and parameters: {'C': 0.11851025167261421, 'gamma': 0.00998918377985214}. Best is trial 2 with value: 0.5599999999999999.
[I 2025-05-15 08:18:53,999] Trial 5 finished with value: 0.5466666666666666 and parameters: {'C': 5.2109869371584665, 'gamma': 0.16404241128227343}. Best is trial 2 with value: 0.5599999999999999.
[I 2025-05-15 08:18:54,024] Trial 6 finished with value: 0.5 and parameters: {'C': 0.3340138940215422, 'gamma': 0.00018354619576988685}. Best is trial 2 with value: 0.5599999999999999.
[I 2025-05-15 08:18:54,048] Trial 7 finished with value: 0.5 and parameters: {'C': 0.1420961781588805, 'gamma': 0.434884682155233}. Best is trial 2 with value: 0.5599999999999999.
[I 2025-05-15 08:18:54,083] Trial 8 finished with value: 0.5 and parameters: {'C': 0.07137422643361827, 'gamma': 0.006434219125545069}. Best is trial 2 with value: 0.5599999999999999.
[I 2025-05-15 08:18:54,129] Trial 9 finished with value: 0.5 and parameters: {'C': 53.066944048916255, 'gamma': 0.00012577574840733457}. Best is trial 2 with value: 0.5599999999999999.
[I 2025-05-15 08:18:54,177] Trial 10 finished with value: 0.58 and parameters: {'C': 60.67266858458046, 'gamma': 0.001366002544888146}. Best is trial 10 with value: 0.58.
[I 2025-05-15 08:18:54,212] Trial 11 finished with value: 0.58 and parameters: {'C': 87.21998046977028, 'gamma': 0.0015573062962550724}. Best is trial 10 with value: 0.58.
[I 2025-05-15 08:18:55,980] Trial 12 finished with value: 0.5 and parameters: {'C': 12.635425276453923, 'gamma': 0.0010682860945954143}. Best is trial 10 with value: 0.58.
[I 2025-05-15 08:18:56,026] Trial 13 finished with value: 0.4633333333333334 and parameters: {'C': 15.56234148351512, 'gamma': 0.0016102295068104778}. Best is trial 10 with value: 0.58.
[I 2025-05-15 08:18:56,063] Trial 14 finished with value: 0.5 and parameters: {'C': 5.665447713921793, 'gamma': 0.001098604001508706}. Best is trial 10 with value: 0.58.
[I 2025-05-15 08:18:56,109] Trial 15 finished with value: 0.5633333333333334 and parameters: {'C': 30.434368387961356, 'gamma': 0.003450106275621409}. Best is trial 10 with value: 0.58.
[I 2025-05-15 08:18:56,144] Trial 16 finished with value: 0.5 and parameters: {'C': 1.5302197592092557, 'gamma': 0.0005388332114705409}. Best is trial 10 with value: 0.58.
[I 2025-05-15 08:18:56,199] Trial 17 finished with value: 0.48 and parameters: {'C': 96.92969142646649, 'gamma': 0.03790266648002351}. Best is trial 10 with value: 0.58.
[I 2025-05-15 08:18:56,245] Trial 18 finished with value: 0.5 and parameters: {'C': 3.504328344706741, 'gamma': 0.0004912589351795705}. Best is trial 10 with value: 0.58.
[I 2025-05-15 08:18:56,276] Trial 19 finished with value: 0.5133333333333333 and parameters: {'C': 23.705718850087525, 'gamma': 0.00254877537141053}. Best is trial 10 with value: 0.58.
[I 2025-05-15 08:18:56,309] Trial 20 finished with value: 0.5133333333333333 and parameters: {'C': 10.438116313891419, 'gamma': 0.030807192891035503}. Best is trial 10 with value: 0.58.
[I 2025-05-15 08:18:56,340] Trial 21 finished with value: 0.6133333333333333 and parameters: {'C': 31.292389017499936, 'gamma': 0.004494881409882829}. Best is trial 21 with value: 0.6133333333333333.
[I 2025-05-15 08:18:56,373] Trial 22 finished with value: 0.5633333333333332 and parameters: {'C': 38.70598619098791, 'gamma': 0.004341982299782835}. Best is trial 21 with value: 0.6133333333333333.
[I 2025-05-15 08:18:56,394] Trial 23 finished with value: 0.4633333333333334 and parameters: {'C': 99.32677443010621, 'gamma': 0.00039092140210845056}. Best is trial 21 with value: 0.6133333333333333.
[I 2025-05-15 08:18:56,437] Trial 24 finished with value: 0.5133333333333333 and parameters: {'C': 30.01674183964449, 'gamma': 0.0019188383390297593}. Best is trial 21 with value: 0.6133333333333333.
[I 2025-05-15 08:18:56,474] Trial 25 finished with value: 0.5599999999999999 and parameters: {'C': 46.41254140607882, 'gamma': 0.013797748883407028}. Best is trial 21 with value: 0.6133333333333333.
[I 2025-05-15 08:18:56,511] Trial 26 finished with value: 0.5 and parameters: {'C': 2.4254970419742508, 'gamma': 0.0007139416440849658}. Best is trial 21 with value: 0.6133333333333333.
[I 2025-05-15 08:18:56,542] Trial 27 finished with value: 0.4966666666666667 and parameters: {'C': 7.410089820705735, 'gamma': 0.0060865016264289775}. Best is trial 21 with value: 0.6133333333333333.
[I 2025-05-15 08:18:56,602] Trial 28 finished with value: 0.44666666666666666 and parameters: {'C': 18.984296500080156, 'gamma': 0.0023092195695229214}. Best is trial 21 with value: 0.6133333333333333.
[I 2025-05-15 08:18:56,629] Trial 29 finished with value: 0.5 and parameters: {'C': 0.024683504005058293, 'gamma': 0.0002837578679647408}. Best is trial 21 with value: 0.6133333333333333.
[I 2025-05-15 08:19:07,696] A new study created in memory with name: logreg
Parámetros guardados en checkpoint_adult_Doriginal_G/craig/IPC_43/best_models_craig_seed_7_space_original/svc_best_params.json


>>> Optuna tuning logreg metodo craig IPC 43 seed 7


[I 2025-05-15 08:19:13,032] Trial 0 finished with value: 0.5 and parameters: {'C': 0.002407362254570802, 'penalty': 'l2'}. Best is trial 0 with value: 0.5.
[I 2025-05-15 08:19:13,270] Trial 1 finished with value: 0.5266666666666666 and parameters: {'C': 7.935859334260497, 'penalty': 'l2'}. Best is trial 1 with value: 0.5266666666666666.
[I 2025-05-15 08:19:13,305] Trial 2 finished with value: 0.4966666666666666 and parameters: {'C': 0.15561310098067915, 'penalty': 'l2'}. Best is trial 1 with value: 0.5266666666666666.
[I 2025-05-15 08:19:13,347] Trial 3 finished with value: 0.51 and parameters: {'C': 4.143104515916128, 'penalty': 'l2'}. Best is trial 1 with value: 0.5266666666666666.
[I 2025-05-15 08:19:13,383] Trial 4 finished with value: 0.5766666666666667 and parameters: {'C': 77.61533923098803, 'penalty': 'l2'}. Best is trial 4 with value: 0.5766666666666667.
[I 2025-05-15 08:19:13,407] Trial 5 finished with value: 0.5133333333333333 and parameters: {'C': 0.49258292359934785, 'penalty': 'l2'}. Best is trial 4 with value: 0.5766666666666667.
[I 2025-05-15 08:19:13,442] Trial 6 finished with value: 0.5133333333333333 and parameters: {'C': 0.320333470047146, 'penalty': 'l2'}. Best is trial 4 with value: 0.5766666666666667.
[I 2025-05-15 08:19:13,468] Trial 7 finished with value: 0.5 and parameters: {'C': 0.002292216671132896, 'penalty': 'l2'}. Best is trial 4 with value: 0.5766666666666667.
[I 2025-05-15 08:19:13,519] Trial 8 finished with value: 0.5 and parameters: {'C': 0.0219884643872214, 'penalty': 'l2'}. Best is trial 4 with value: 0.5766666666666667.
[I 2025-05-15 08:19:13,559] Trial 9 finished with value: 0.5133333333333333 and parameters: {'C': 0.31580027519646636, 'penalty': 'l2'}. Best is trial 4 with value: 0.5766666666666667.
[I 2025-05-15 08:19:13,617] Trial 10 finished with value: 0.5766666666666667 and parameters: {'C': 53.54776778233864, 'penalty': 'l2'}. Best is trial 4 with value: 0.5766666666666667.
[I 2025-05-15 08:19:15,183] Trial 11 finished with value: 0.5766666666666667 and parameters: {'C': 47.207028224457765, 'penalty': 'l2'}. Best is trial 4 with value: 0.5766666666666667.
[I 2025-05-15 08:19:17,057] Trial 12 finished with value: 0.5766666666666667 and parameters: {'C': 84.28882143282867, 'penalty': 'l2'}. Best is trial 4 with value: 0.5766666666666667.
[I 2025-05-15 08:19:17,120] Trial 13 finished with value: 0.5433333333333332 and parameters: {'C': 12.634985691735606, 'penalty': 'l2'}. Best is trial 4 with value: 0.5766666666666667.
[I 2025-05-15 08:19:17,169] Trial 14 finished with value: 0.51 and parameters: {'C': 3.1158784985469734, 'penalty': 'l2'}. Best is trial 4 with value: 0.5766666666666667.
[I 2025-05-15 08:19:17,228] Trial 15 finished with value: 0.5766666666666667 and parameters: {'C': 22.300760773709367, 'penalty': 'l2'}. Best is trial 4 with value: 0.5766666666666667.
[I 2025-05-15 08:19:17,256] Trial 16 finished with value: 0.51 and parameters: {'C': 2.3157702229693666, 'penalty': 'l2'}. Best is trial 4 with value: 0.5766666666666667.
[I 2025-05-15 08:19:17,282] Trial 17 finished with value: 0.5766666666666667 and parameters: {'C': 81.1514814361005, 'penalty': 'l2'}. Best is trial 4 with value: 0.5766666666666667.
[I 2025-05-15 08:19:17,329] Trial 18 finished with value: 0.5766666666666667 and parameters: {'C': 25.793206421718693, 'penalty': 'l2'}. Best is trial 4 with value: 0.5766666666666667.
[I 2025-05-15 08:19:17,366] Trial 19 finished with value: 0.53 and parameters: {'C': 1.3224661232204953, 'penalty': 'l2'}. Best is trial 4 with value: 0.5766666666666667.
[I 2025-05-15 08:19:17,404] Trial 20 finished with value: 0.5266666666666666 and parameters: {'C': 7.093684305018916, 'penalty': 'l2'}. Best is trial 4 with value: 0.5766666666666667.
[I 2025-05-15 08:19:17,461] Trial 21 finished with value: 0.5766666666666667 and parameters: {'C': 54.283151619052504, 'penalty': 'l2'}. Best is trial 4 with value: 0.5766666666666667.
[I 2025-05-15 08:19:17,505] Trial 22 finished with value: 0.5766666666666667 and parameters: {'C': 30.71574397679842, 'penalty': 'l2'}. Best is trial 4 with value: 0.5766666666666667.
[I 2025-05-15 08:19:17,543] Trial 23 finished with value: 0.5766666666666667 and parameters: {'C': 94.89031025322143, 'penalty': 'l2'}. Best is trial 4 with value: 0.5766666666666667.
[I 2025-05-15 08:19:18,743] Trial 24 finished with value: 0.5433333333333332 and parameters: {'C': 16.988258477775165, 'penalty': 'l2'}. Best is trial 4 with value: 0.5766666666666667.
[I 2025-05-15 08:19:18,801] Trial 25 finished with value: 0.5766666666666667 and parameters: {'C': 41.97315515015298, 'penalty': 'l2'}. Best is trial 4 with value: 0.5766666666666667.
[I 2025-05-15 08:19:18,830] Trial 26 finished with value: 0.4833333333333334 and parameters: {'C': 0.04958066879678988, 'penalty': 'l2'}. Best is trial 4 with value: 0.5766666666666667.
[I 2025-05-15 08:19:18,870] Trial 27 finished with value: 0.53 and parameters: {'C': 1.4173773439094262, 'penalty': 'l2'}. Best is trial 4 with value: 0.5766666666666667.
[I 2025-05-15 08:19:18,917] Trial 28 finished with value: 0.51 and parameters: {'C': 8.372516403641324, 'penalty': 'l2'}. Best is trial 4 with value: 0.5766666666666667.
[I 2025-05-15 08:19:18,944] Trial 29 finished with value: 0.5 and parameters: {'C': 0.011104103350344362, 'penalty': 'l2'}. Best is trial 4 with value: 0.5766666666666667.
[I 2025-05-15 08:19:29,037] A new study created in memory with name: mlp
Parámetros guardados en checkpoint_adult_Doriginal_G/craig/IPC_43/best_models_craig_seed_7_space_original/logreg_best_params.json


>>> Optuna tuning mlp metodo craig IPC 43 seed 7


/data/home/rtabares/anaconda3/envs/pyth3.12/lib/python3.12/site-packages/sklearn/neural_network/_multilayer_perceptron.py:691: ConvergenceWarning: Stochastic Optimizer: Maximum iterations (100) reached and the optimization hasn't converged yet.
  warnings.warn(
/data/home/rtabares/anaconda3/envs/pyth3.12/lib/python3.12/site-packages/sklearn/neural_network/_multilayer_perceptron.py:691: ConvergenceWarning: Stochastic Optimizer: Maximum iterations (100) reached and the optimization hasn't converged yet.
  warnings.warn(
/data/home/rtabares/anaconda3/envs/pyth3.12/lib/python3.12/site-packages/sklearn/neural_network/_multilayer_perceptron.py:691: ConvergenceWarning: Stochastic Optimizer: Maximum iterations (100) reached and the optimization hasn't converged yet.
  warnings.warn(
/data/home/rtabares/anaconda3/envs/pyth3.12/lib/python3.12/site-packages/sklearn/neural_network/_multilayer_perceptron.py:691: ConvergenceWarning: Stochastic Optimizer: Maximum iterations (100) reached and the optimization hasn't converged yet.
  warnings.warn(
/data/home/rtabares/anaconda3/envs/pyth3.12/lib/python3.12/site-packages/sklearn/neural_network/_multilayer_perceptron.py:691: ConvergenceWarning: Stochastic Optimizer: Maximum iterations (100) reached and the optimization hasn't converged yet.
  warnings.warn(
[I 2025-05-15 08:19:34,119] Trial 0 finished with value: 0.53 and parameters: {'hidden_layer_sizes': (200,), 'max_iter': 100, 'alpha': 0.0001}. Best is trial 0 with value: 0.53.
/data/home/rtabares/anaconda3/envs/pyth3.12/lib/python3.12/site-packages/sklearn/neural_network/_multilayer_perceptron.py:691: ConvergenceWarning: Stochastic Optimizer: Maximum iterations (100) reached and the optimization hasn't converged yet.
  warnings.warn(
/data/home/rtabares/anaconda3/envs/pyth3.12/lib/python3.12/site-packages/sklearn/neural_network/_multilayer_perceptron.py:691: ConvergenceWarning: Stochastic Optimizer: Maximum iterations (100) reached and the optimization hasn't converged yet.
  warnings.warn(
/data/home/rtabares/anaconda3/envs/pyth3.12/lib/python3.12/site-packages/sklearn/neural_network/_multilayer_perceptron.py:691: ConvergenceWarning: Stochastic Optimizer: Maximum iterations (100) reached and the optimization hasn't converged yet.
  warnings.warn(
/data/home/rtabares/anaconda3/envs/pyth3.12/lib/python3.12/site-packages/sklearn/neural_network/_multilayer_perceptron.py:691: ConvergenceWarning: Stochastic Optimizer: Maximum iterations (100) reached and the optimization hasn't converged yet.
  warnings.warn(
/data/home/rtabares/anaconda3/envs/pyth3.12/lib/python3.12/site-packages/sklearn/neural_network/_multilayer_perceptron.py:691: ConvergenceWarning: Stochastic Optimizer: Maximum iterations (100) reached and the optimization hasn't converged yet.
  warnings.warn(
[I 2025-05-15 08:19:34,606] Trial 1 finished with value: 0.5466666666666666 and parameters: {'hidden_layer_sizes': (100, 100), 'max_iter': 100, 'alpha': 0.0001}. Best is trial 1 with value: 0.5466666666666666.
/data/home/rtabares/anaconda3/envs/pyth3.12/lib/python3.12/site-packages/sklearn/neural_network/_multilayer_perceptron.py:691: ConvergenceWarning: Stochastic Optimizer: Maximum iterations (100) reached and the optimization hasn't converged yet.
  warnings.warn(
/data/home/rtabares/anaconda3/envs/pyth3.12/lib/python3.12/site-packages/sklearn/neural_network/_multilayer_perceptron.py:691: ConvergenceWarning: Stochastic Optimizer: Maximum iterations (100) reached and the optimization hasn't converged yet.
  warnings.warn(
/data/home/rtabares/anaconda3/envs/pyth3.12/lib/python3.12/site-packages/sklearn/neural_network/_multilayer_perceptron.py:691: ConvergenceWarning: Stochastic Optimizer: Maximum iterations (100) reached and the optimization hasn't converged yet.
  warnings.warn(
/data/home/rtabares/anaconda3/envs/pyth3.12/lib/python3.12/site-packages/sklearn/neural_network/_multilayer_perceptron.py:691: ConvergenceWarning: Stochastic Optimizer: Maximum iterations (100) reached and the optimization hasn't converged yet.
  warnings.warn(
/data/home/rtabares/anaconda3/envs/pyth3.12/lib/python3.12/site-packages/sklearn/neural_network/_multilayer_perceptron.py:691: ConvergenceWarning: Stochastic Optimizer: Maximum iterations (100) reached and the optimization hasn't converged yet.
  warnings.warn(
[I 2025-05-15 08:19:35,099] Trial 2 finished with value: 0.4966666666666666 and parameters: {'hidden_layer_sizes': (200,), 'max_iter': 100, 'alpha': 0.001}. Best is trial 1 with value: 0.5466666666666666.
/data/home/rtabares/anaconda3/envs/pyth3.12/lib/python3.12/site-packages/sklearn/neural_network/_multilayer_perceptron.py:691: ConvergenceWarning: Stochastic Optimizer: Maximum iterations (50) reached and the optimization hasn't converged yet.
  warnings.warn(
/data/home/rtabares/anaconda3/envs/pyth3.12/lib/python3.12/site-packages/sklearn/neural_network/_multilayer_perceptron.py:691: ConvergenceWarning: Stochastic Optimizer: Maximum iterations (50) reached and the optimization hasn't converged yet.
  warnings.warn(
/data/home/rtabares/anaconda3/envs/pyth3.12/lib/python3.12/site-packages/sklearn/neural_network/_multilayer_perceptron.py:691: ConvergenceWarning: Stochastic Optimizer: Maximum iterations (50) reached and the optimization hasn't converged yet.
  warnings.warn(
/data/home/rtabares/anaconda3/envs/pyth3.12/lib/python3.12/site-packages/sklearn/neural_network/_multilayer_perceptron.py:691: ConvergenceWarning: Stochastic Optimizer: Maximum iterations (50) reached and the optimization hasn't converged yet.
  warnings.warn(
/data/home/rtabares/anaconda3/envs/pyth3.12/lib/python3.12/site-packages/sklearn/neural_network/_multilayer_perceptron.py:691: ConvergenceWarning: Stochastic Optimizer: Maximum iterations (50) reached and the optimization hasn't converged yet.
  warnings.warn(
[I 2025-05-15 08:19:35,228] Trial 3 finished with value: 0.48 and parameters: {'hidden_layer_sizes': (100,), 'max_iter': 50, 'alpha': 0.001}. Best is trial 1 with value: 0.5466666666666666.
/data/home/rtabares/anaconda3/envs/pyth3.12/lib/python3.12/site-packages/sklearn/neural_network/_multilayer_perceptron.py:691: ConvergenceWarning: Stochastic Optimizer: Maximum iterations (50) reached and the optimization hasn't converged yet.
  warnings.warn(
/data/home/rtabares/anaconda3/envs/pyth3.12/lib/python3.12/site-packages/sklearn/neural_network/_multilayer_perceptron.py:691: ConvergenceWarning: Stochastic Optimizer: Maximum iterations (50) reached and the optimization hasn't converged yet.
  warnings.warn(
/data/home/rtabares/anaconda3/envs/pyth3.12/lib/python3.12/site-packages/sklearn/neural_network/_multilayer_perceptron.py:691: ConvergenceWarning: Stochastic Optimizer: Maximum iterations (50) reached and the optimization hasn't converged yet.
  warnings.warn(
/data/home/rtabares/anaconda3/envs/pyth3.12/lib/python3.12/site-packages/sklearn/neural_network/_multilayer_perceptron.py:691: ConvergenceWarning: Stochastic Optimizer: Maximum iterations (50) reached and the optimization hasn't converged yet.
  warnings.warn(
/data/home/rtabares/anaconda3/envs/pyth3.12/lib/python3.12/site-packages/sklearn/neural_network/_multilayer_perceptron.py:691: ConvergenceWarning: Stochastic Optimizer: Maximum iterations (50) reached and the optimization hasn't converged yet.
  warnings.warn(
