[I 2025-05-15 07:39:26,210] Trial 28 finished with value: 0.9333333333333333 and parameters: {'n_estimators': 10, 'max_depth': 5, 'gamma': 0.2611828514633017, 'subsample': 0.7150381923628233, 'colsample_bytree': 0.7027076653105713}. Best is trial 8 with value: 0.9777777777777779.
[I 2025-05-15 07:39:26,267] Trial 29 finished with value: 0.9444444444444444 and parameters: {'n_estimators': 100, 'max_depth': 30, 'gamma': 0.8004180297542249, 'subsample': 0.873274556637746, 'colsample_bytree': 0.6454363932865257}. Best is trial 8 with value: 0.9777777777777779.
[I 2025-05-15 07:40:08,582] A new study created in memory with name: rf
Parámetros guardados en checkpoint_adult_Doriginal_G/lc/IPC_43/best_models_lc_seed_5_space_original/xgb_best_params.json


>>> Optuna tuning rf metodo lc IPC 43 seed 5


[I 2025-05-15 07:40:09,533] Trial 0 finished with value: 0.9430555555555555 and parameters: {'n_estimators': 189, 'max_depth': 18, 'min_samples_split': 3, 'min_samples_leaf': 10}. Best is trial 0 with value: 0.9430555555555555.
[I 2025-05-15 07:40:09,973] Trial 1 finished with value: 0.9319444444444445 and parameters: {'n_estimators': 295, 'max_depth': 14, 'min_samples_split': 8, 'min_samples_leaf': 6}. Best is trial 0 with value: 0.9430555555555555.
[I 2025-05-15 07:40:10,312] Trial 2 finished with value: 0.9319444444444445 and parameters: {'n_estimators': 219, 'max_depth': 6, 'min_samples_split': 2, 'min_samples_leaf': 8}. Best is trial 0 with value: 0.9430555555555555.
[I 2025-05-15 07:40:10,781] Trial 3 finished with value: 0.9319444444444445 and parameters: {'n_estimators': 276, 'max_depth': 5, 'min_samples_split': 9, 'min_samples_leaf': 3}. Best is trial 0 with value: 0.9430555555555555.
[I 2025-05-15 07:40:11,192] Trial 4 finished with value: 0.9319444444444445 and parameters: {'n_estimators': 266, 'max_depth': 8, 'min_samples_split': 7, 'min_samples_leaf': 6}. Best is trial 0 with value: 0.9430555555555555.
[I 2025-05-15 07:40:11,692] Trial 5 finished with value: 0.9319444444444445 and parameters: {'n_estimators': 340, 'max_depth': 7, 'min_samples_split': 4, 'min_samples_leaf': 3}. Best is trial 0 with value: 0.9430555555555555.
[I 2025-05-15 07:40:12,080] Trial 6 finished with value: 0.9208333333333334 and parameters: {'n_estimators': 231, 'max_depth': 5, 'min_samples_split': 3, 'min_samples_leaf': 10}. Best is trial 0 with value: 0.9430555555555555.
[I 2025-05-15 07:40:12,922] Trial 7 finished with value: 0.9319444444444445 and parameters: {'n_estimators': 485, 'max_depth': 6, 'min_samples_split': 2, 'min_samples_leaf': 3}. Best is trial 0 with value: 0.9430555555555555.
[I 2025-05-15 07:40:13,492] Trial 8 finished with value: 0.9319444444444445 and parameters: {'n_estimators': 380, 'max_depth': 17, 'min_samples_split': 2, 'min_samples_leaf': 6}. Best is trial 0 with value: 0.9430555555555555.
[I 2025-05-15 07:40:13,711] Trial 9 finished with value: 0.8875 and parameters: {'n_estimators': 100, 'max_depth': 12, 'min_samples_split': 7, 'min_samples_leaf': 10}. Best is trial 0 with value: 0.9430555555555555.
[I 2025-05-15 07:40:13,929] Trial 10 finished with value: 0.9319444444444445 and parameters: {'n_estimators': 110, 'max_depth': 20, 'min_samples_split': 5, 'min_samples_leaf': 8}. Best is trial 0 with value: 0.9430555555555555.
[I 2025-05-15 07:40:15,220] Trial 11 finished with value: 0.9555555555555555 and parameters: {'n_estimators': 175, 'max_depth': 14, 'min_samples_split': 10, 'min_samples_leaf': 1}. Best is trial 11 with value: 0.9555555555555555.
[I 2025-05-15 07:40:16,465] Trial 12 finished with value: 0.9444444444444444 and parameters: {'n_estimators': 179, 'max_depth': 16, 'min_samples_split': 10, 'min_samples_leaf': 1}. Best is trial 11 with value: 0.9555555555555555.
[I 2025-05-15 07:40:16,741] Trial 13 finished with value: 0.9444444444444444 and parameters: {'n_estimators': 152, 'max_depth': 15, 'min_samples_split': 10, 'min_samples_leaf': 1}. Best is trial 11 with value: 0.9555555555555555.
[I 2025-05-15 07:40:17,089] Trial 14 finished with value: 0.9319444444444445 and parameters: {'n_estimators': 166, 'max_depth': 11, 'min_samples_split': 10, 'min_samples_leaf': 1}. Best is trial 11 with value: 0.9555555555555555.
[I 2025-05-15 07:40:17,755] Trial 15 finished with value: 0.9319444444444445 and parameters: {'n_estimators': 396, 'max_depth': 10, 'min_samples_split': 9, 'min_samples_leaf': 2}. Best is trial 11 with value: 0.9555555555555555.
[I 2025-05-15 07:40:18,121] Trial 16 finished with value: 0.9319444444444445 and parameters: {'n_estimators': 222, 'max_depth': 14, 'min_samples_split': 8, 'min_samples_leaf': 4}. Best is trial 11 with value: 0.9555555555555555.
[I 2025-05-15 07:40:18,388] Trial 17 finished with value: 0.9444444444444444 and parameters: {'n_estimators': 140, 'max_depth': 17, 'min_samples_split': 10, 'min_samples_leaf': 1}. Best is trial 11 with value: 0.9555555555555555.
[I 2025-05-15 07:40:18,698] Trial 18 finished with value: 0.9319444444444445 and parameters: {'n_estimators': 184, 'max_depth': 13, 'min_samples_split': 6, 'min_samples_leaf': 4}. Best is trial 11 with value: 0.9555555555555555.
[I 2025-05-15 07:40:19,275] Trial 19 finished with value: 0.9319444444444445 and parameters: {'n_estimators': 332, 'max_depth': 16, 'min_samples_split': 9, 'min_samples_leaf': 2}. Best is trial 11 with value: 0.9555555555555555.
[I 2025-05-15 07:40:19,679] Trial 20 finished with value: 0.9319444444444445 and parameters: {'n_estimators': 239, 'max_depth': 3, 'min_samples_split': 8, 'min_samples_leaf': 4}. Best is trial 11 with value: 0.9555555555555555.
[I 2025-05-15 07:40:20,019] Trial 21 finished with value: 0.9555555555555555 and parameters: {'n_estimators': 143, 'max_depth': 15, 'min_samples_split': 10, 'min_samples_leaf': 1}. Best is trial 11 with value: 0.9555555555555555.
[I 2025-05-15 07:40:20,280] Trial 22 finished with value: 0.9319444444444445 and parameters: {'n_estimators': 135, 'max_depth': 19, 'min_samples_split': 10, 'min_samples_leaf': 2}. Best is trial 11 with value: 0.9555555555555555.
[I 2025-05-15 07:40:20,574] Trial 23 finished with value: 0.9444444444444444 and parameters: {'n_estimators': 192, 'max_depth': 15, 'min_samples_split': 9, 'min_samples_leaf': 1}. Best is trial 11 with value: 0.9555555555555555.
[I 2025-05-15 07:40:20,804] Trial 24 finished with value: 0.9444444444444444 and parameters: {'n_estimators': 120, 'max_depth': 10, 'min_samples_split': 10, 'min_samples_leaf': 2}. Best is trial 11 with value: 0.9555555555555555.
[I 2025-05-15 07:40:21,090] Trial 25 finished with value: 0.9444444444444444 and parameters: {'n_estimators': 165, 'max_depth': 13, 'min_samples_split': 7, 'min_samples_leaf': 1}. Best is trial 11 with value: 0.9555555555555555.
[I 2025-05-15 07:40:21,390] Trial 26 finished with value: 0.9319444444444445 and parameters: {'n_estimators': 201, 'max_depth': 16, 'min_samples_split': 9, 'min_samples_leaf': 5}. Best is trial 11 with value: 0.9555555555555555.
[I 2025-05-15 07:40:21,844] Trial 27 finished with value: 0.9319444444444445 and parameters: {'n_estimators': 263, 'max_depth': 18, 'min_samples_split': 8, 'min_samples_leaf': 2}. Best is trial 11 with value: 0.9555555555555555.
[I 2025-05-15 07:40:22,645] Trial 28 finished with value: 0.9319444444444445 and parameters: {'n_estimators': 493, 'max_depth': 12, 'min_samples_split': 6, 'min_samples_leaf': 3}. Best is trial 11 with value: 0.9555555555555555.
[I 2025-05-15 07:40:22,961] Trial 29 finished with value: 0.9444444444444444 and parameters: {'n_estimators': 185, 'max_depth': 18, 'min_samples_split': 10, 'min_samples_leaf': 1}. Best is trial 11 with value: 0.9555555555555555.
[I 2025-05-15 07:40:30,361] A new study created in memory with name: svc
Parámetros guardados en checkpoint_adult_Doriginal_G/lc/IPC_43/best_models_lc_seed_5_space_original/rf_best_params.json


>>> Optuna tuning svc metodo lc IPC 43 seed 5


[I 2025-05-15 07:40:32,473] Trial 0 finished with value: 0.5888888888888889 and parameters: {'C': 0.07726319876517104, 'gamma': 0.3040389504793042}. Best is trial 0 with value: 0.5888888888888889.
[I 2025-05-15 07:40:32,543] Trial 1 finished with value: 0.5888888888888889 and parameters: {'C': 0.06712381339142241, 'gamma': 0.47254549996710477}. Best is trial 0 with value: 0.5888888888888889.
[I 2025-05-15 07:40:32,582] Trial 2 finished with value: 1.0 and parameters: {'C': 0.8987621100554035, 'gamma': 0.027988231123708972}. Best is trial 2 with value: 1.0.
[I 2025-05-15 07:40:32,613] Trial 3 finished with value: 1.0 and parameters: {'C': 11.5779435007655, 'gamma': 0.011848734045499056}. Best is trial 2 with value: 1.0.
[I 2025-05-15 07:40:32,649] Trial 4 finished with value: 0.5444444444444445 and parameters: {'C': 0.1538870258903583, 'gamma': 0.0005634883151169033}. Best is trial 2 with value: 1.0.
[I 2025-05-15 07:40:32,938] Trial 5 finished with value: 0.6 and parameters: {'C': 0.021036092656561454, 'gamma': 0.08990030906808326}. Best is trial 2 with value: 1.0.
[I 2025-05-15 07:40:32,952] Trial 6 finished with value: 0.5444444444444445 and parameters: {'C': 0.5824208201678516, 'gamma': 0.00042977333932534993}. Best is trial 2 with value: 1.0.
[I 2025-05-15 07:40:32,978] Trial 7 finished with value: 1.0 and parameters: {'C': 33.09391330085814, 'gamma': 0.001248377256719358}. Best is trial 2 with value: 1.0.
[I 2025-05-15 07:40:33,014] Trial 8 finished with value: 0.5444444444444445 and parameters: {'C': 0.45387898639622015, 'gamma': 0.0015286910781809498}. Best is trial 2 with value: 1.0.
[I 2025-05-15 07:40:33,032] Trial 9 finished with value: 1.0 and parameters: {'C': 3.274550070431994, 'gamma': 0.02086177421469992}. Best is trial 2 with value: 1.0.
[I 2025-05-15 07:40:33,059] Trial 10 finished with value: 1.0 and parameters: {'C': 3.454225646092145, 'gamma': 0.04920330178902686}. Best is trial 2 with value: 1.0.
[I 2025-05-15 07:40:33,808] Trial 11 finished with value: 1.0 and parameters: {'C': 83.38338477130266, 'gamma': 0.006119939775279376}. Best is trial 2 with value: 1.0.
[I 2025-05-15 07:40:35,313] Trial 12 finished with value: 1.0 and parameters: {'C': 10.7020612074987, 'gamma': 0.007311990224281433}. Best is trial 2 with value: 1.0.
[I 2025-05-15 07:40:35,383] Trial 13 finished with value: 1.0 and parameters: {'C': 3.254660087479427, 'gamma': 0.09914832930087754}. Best is trial 2 with value: 1.0.
[I 2025-05-15 07:40:35,448] Trial 14 finished with value: 0.9083333333333332 and parameters: {'C': 16.57466972880671, 'gamma': 0.00010410657631139162}. Best is trial 2 with value: 1.0.
[I 2025-05-15 07:40:35,513] Trial 15 finished with value: 1.0 and parameters: {'C': 2.118184447904824, 'gamma': 0.015816792889032042}. Best is trial 2 with value: 1.0.
[I 2025-05-15 07:40:35,545] Trial 16 finished with value: 0.9430555555555555 and parameters: {'C': 1.141959600218389, 'gamma': 0.003162606911814318}. Best is trial 2 with value: 1.0.
[I 2025-05-15 07:40:35,577] Trial 17 finished with value: 1.0 and parameters: {'C': 8.258663822662369, 'gamma': 0.027502998238309952}. Best is trial 2 with value: 1.0.
[I 2025-05-15 07:40:37,249] Trial 18 finished with value: 0.9888888888888889 and parameters: {'C': 0.35001936375585424, 'gamma': 0.1460232122825459}. Best is trial 2 with value: 1.0.
[I 2025-05-15 07:40:37,293] Trial 19 finished with value: 0.7763888888888888 and parameters: {'C': 95.90757150812635, 'gamma': 0.8981496536972738}. Best is trial 2 with value: 1.0.
[I 2025-05-15 07:40:37,331] Trial 20 finished with value: 1.0 and parameters: {'C': 28.097081820076845, 'gamma': 0.040901610065481424}. Best is trial 2 with value: 1.0.
[I 2025-05-15 07:40:37,354] Trial 21 finished with value: 1.0 and parameters: {'C': 38.6829356676366, 'gamma': 0.001878171810847862}. Best is trial 2 with value: 1.0.
[I 2025-05-15 07:40:37,383] Trial 22 finished with value: 1.0 and parameters: {'C': 7.124871508197244, 'gamma': 0.008969542432397748}. Best is trial 2 with value: 1.0.
[I 2025-05-15 07:40:37,414] Trial 23 finished with value: 0.9777777777777779 and parameters: {'C': 35.40383559726376, 'gamma': 0.0005551049484862289}. Best is trial 2 with value: 1.0.
[I 2025-05-15 07:40:37,436] Trial 24 finished with value: 0.9430555555555555 and parameters: {'C': 1.2821253445709415, 'gamma': 0.0035258494944068876}. Best is trial 2 with value: 1.0.
[I 2025-05-15 07:40:37,465] Trial 25 finished with value: 0.7541666666666667 and parameters: {'C': 5.634693379435852, 'gamma': 0.00017822853770143237}. Best is trial 2 with value: 1.0.
[I 2025-05-15 07:40:37,496] Trial 26 finished with value: 1.0 and parameters: {'C': 18.308499288097366, 'gamma': 0.001251480064250368}. Best is trial 2 with value: 1.0.
[I 2025-05-15 07:40:37,533] Trial 27 finished with value: 1.0 and parameters: {'C': 48.086068369986165, 'gamma': 0.015236393709979212}. Best is trial 2 with value: 1.0.
[I 2025-05-15 07:40:37,567] Trial 28 finished with value: 0.5444444444444445 and parameters: {'C': 0.22907648789461763, 'gamma': 0.0031765175202052866}. Best is trial 2 with value: 1.0.
[I 2025-05-15 07:40:37,609] Trial 29 finished with value: 0.5888888888888889 and parameters: {'C': 0.07261363573248379, 'gamma': 0.1827576700905745}. Best is trial 2 with value: 1.0.
[I 2025-05-15 07:40:41,404] A new study created in memory with name: logreg
Parámetros guardados en checkpoint_adult_Doriginal_G/lc/IPC_43/best_models_lc_seed_5_space_original/svc_best_params.json


>>> Optuna tuning logreg metodo lc IPC 43 seed 5


[I 2025-05-15 07:40:45,232] Trial 0 finished with value: 0.9430555555555555 and parameters: {'C': 0.012881482725481003, 'penalty': 'l2'}. Best is trial 0 with value: 0.9430555555555555.
[I 2025-05-15 07:40:45,438] Trial 1 finished with value: 1.0 and parameters: {'C': 22.576755560681583, 'penalty': 'l2'}. Best is trial 1 with value: 1.0.
[I 2025-05-15 07:40:45,454] Trial 2 finished with value: 0.9430555555555555 and parameters: {'C': 0.010804278656839932, 'penalty': 'l2'}. Best is trial 1 with value: 1.0.
[I 2025-05-15 07:40:45,468] Trial 3 finished with value: 1.0 and parameters: {'C': 39.17910760336117, 'penalty': 'l2'}. Best is trial 1 with value: 1.0.
[I 2025-05-15 07:40:45,491] Trial 4 finished with value: 1.0 and parameters: {'C': 0.2767298094062571, 'penalty': 'l2'}. Best is trial 1 with value: 1.0.
[I 2025-05-15 07:40:45,505] Trial 5 finished with value: 1.0 and parameters: {'C': 1.1447728330837224, 'penalty': 'l2'}. Best is trial 1 with value: 1.0.
[I 2025-05-15 07:40:45,536] Trial 6 finished with value: 1.0 and parameters: {'C': 6.753661388238877, 'penalty': 'l2'}. Best is trial 1 with value: 1.0.
[I 2025-05-15 07:40:45,582] Trial 7 finished with value: 1.0 and parameters: {'C': 0.39092184460352974, 'penalty': 'l2'}. Best is trial 1 with value: 1.0.
[I 2025-05-15 07:40:45,600] Trial 8 finished with value: 0.9430555555555555 and parameters: {'C': 0.03047912590082646, 'penalty': 'l2'}. Best is trial 1 with value: 1.0.
[I 2025-05-15 07:40:45,625] Trial 9 finished with value: 0.9430555555555555 and parameters: {'C': 0.008681727362499118, 'penalty': 'l2'}. Best is trial 1 with value: 1.0.
[I 2025-05-15 07:40:45,655] Trial 10 finished with value: 1.0 and parameters: {'C': 90.29867735508974, 'penalty': 'l2'}. Best is trial 1 with value: 1.0.
[I 2025-05-15 07:40:46,675] Trial 11 finished with value: 1.0 and parameters: {'C': 65.31936101889447, 'penalty': 'l2'}. Best is trial 1 with value: 1.0.
[I 2025-05-15 07:40:47,650] Trial 12 finished with value: 1.0 and parameters: {'C': 10.276946066829701, 'penalty': 'l2'}. Best is trial 1 with value: 1.0.
[I 2025-05-15 07:40:47,677] Trial 13 finished with value: 1.0 and parameters: {'C': 11.979406337571666, 'penalty': 'l2'}. Best is trial 1 with value: 1.0.
[I 2025-05-15 07:40:47,703] Trial 14 finished with value: 1.0 and parameters: {'C': 3.103885131392604, 'penalty': 'l2'}. Best is trial 1 with value: 1.0.
[I 2025-05-15 07:40:47,737] Trial 15 finished with value: 1.0 and parameters: {'C': 27.368605040072197, 'penalty': 'l2'}. Best is trial 1 with value: 1.0.
[I 2025-05-15 07:40:47,774] Trial 16 finished with value: 0.9777777777777779 and parameters: {'C': 0.13344077328067044, 'penalty': 'l2'}. Best is trial 1 with value: 1.0.
[I 2025-05-15 07:40:47,804] Trial 17 finished with value: 0.9319444444444445 and parameters: {'C': 0.0021318879744765045, 'penalty': 'l2'}. Best is trial 1 with value: 1.0.
[I 2025-05-15 07:40:47,833] Trial 18 finished with value: 1.0 and parameters: {'C': 1.8056426094216929, 'penalty': 'l2'}. Best is trial 1 with value: 1.0.
[I 2025-05-15 07:40:47,914] Trial 19 finished with value: 1.0 and parameters: {'C': 30.717532996538623, 'penalty': 'l2'}. Best is trial 1 with value: 1.0.
[I 2025-05-15 07:40:47,951] Trial 20 finished with value: 1.0 and parameters: {'C': 26.828467218463196, 'penalty': 'l2'}. Best is trial 1 with value: 1.0.
[I 2025-05-15 07:40:47,987] Trial 21 finished with value: 1.0 and parameters: {'C': 0.25558947752548705, 'penalty': 'l2'}. Best is trial 1 with value: 1.0.
[I 2025-05-15 07:40:48,015] Trial 22 finished with value: 0.9666666666666666 and parameters: {'C': 0.06130066426382792, 'penalty': 'l2'}. Best is trial 1 with value: 1.0.
[I 2025-05-15 07:40:49,228] Trial 23 finished with value: 1.0 and parameters: {'C': 0.648837458755121, 'penalty': 'l2'}. Best is trial 1 with value: 1.0.
[I 2025-05-15 07:40:50,422] Trial 24 finished with value: 1.0 and parameters: {'C': 3.6161088478984835, 'penalty': 'l2'}. Best is trial 1 with value: 1.0.
[I 2025-05-15 07:40:50,453] Trial 25 finished with value: 0.9777777777777779 and parameters: {'C': 0.14039013332759978, 'penalty': 'l2'}. Best is trial 1 with value: 1.0.
[I 2025-05-15 07:40:50,483] Trial 26 finished with value: 1.0 and parameters: {'C': 0.8811909763039532, 'penalty': 'l2'}. Best is trial 1 with value: 1.0.
[I 2025-05-15 07:40:50,513] Trial 27 finished with value: 1.0 and parameters: {'C': 5.036833843187123, 'penalty': 'l2'}. Best is trial 1 with value: 1.0.
[I 2025-05-15 07:40:50,551] Trial 28 finished with value: 1.0 and parameters: {'C': 13.01325914575239, 'penalty': 'l2'}. Best is trial 1 with value: 1.0.
[I 2025-05-15 07:40:50,581] Trial 29 finished with value: 0.9555555555555555 and parameters: {'C': 0.03802224258070397, 'penalty': 'l2'}. Best is trial 1 with value: 1.0.
/data/home/rtabares/anaconda3/envs/pyth3.12/lib/python3.12/site-packages/xgboost/core.py:377: FutureWarning: Your system has an old version of glibc (< 2.28). We will stop supporting Linux distros with glibc older than 2.28 after **May 31, 2025**. Please upgrade to a recent Linux distro (with glibc >= 2.28) to use future versions of XGBoost.
Note: You have installed the 'manylinux2014' variant of XGBoost. Certain features such as GPU algorithms or federated learning are not available. To use these features, please upgrade to a recent Linux distro with glibc 2.28+, and install the 'manylinux_2_28' variant.
  warnings.warn(
/data/home/rtabares/anaconda3/envs/pyth3.12/lib/python3.12/site-packages/xgboost/core.py:377: FutureWarning: Your system has an old version of glibc (< 2.28). We will stop supporting Linux distros with glibc older than 2.28 after **May 31, 2025**. Please upgrade to a recent Linux distro (with glibc >= 2.28) to use future versions of XGBoost.
Note: You have installed the 'manylinux2014' variant of XGBoost. Certain features such as GPU algorithms or federated learning are not available. To use these features, please upgrade to a recent Linux distro with glibc 2.28+, and install the 'manylinux_2_28' variant.
  warnings.warn(
[I 2025-05-15 07:41:00,041] A new study created in memory with name: mlp
Parámetros guardados en checkpoint_adult_Doriginal_G/lc/IPC_43/best_models_lc_seed_5_space_original/logreg_best_params.json


>>> Optuna tuning mlp metodo lc IPC 43 seed 5


/data/home/rtabares/anaconda3/envs/pyth3.12/lib/python3.12/site-packages/sklearn/neural_network/_multilayer_perceptron.py:691: ConvergenceWarning: Stochastic Optimizer: Maximum iterations (50) reached and the optimization hasn't converged yet.
  warnings.warn(
/data/home/rtabares/anaconda3/envs/pyth3.12/lib/python3.12/site-packages/sklearn/neural_network/_multilayer_perceptron.py:691: ConvergenceWarning: Stochastic Optimizer: Maximum iterations (50) reached and the optimization hasn't converged yet.
  warnings.warn(
/data/home/rtabares/anaconda3/envs/pyth3.12/lib/python3.12/site-packages/sklearn/neural_network/_multilayer_perceptron.py:691: ConvergenceWarning: Stochastic Optimizer: Maximum iterations (50) reached and the optimization hasn't converged yet.
  warnings.warn(
/data/home/rtabares/anaconda3/envs/pyth3.12/lib/python3.12/site-packages/sklearn/neural_network/_multilayer_perceptron.py:691: ConvergenceWarning: Stochastic Optimizer: Maximum iterations (50) reached and the optimization hasn't converged yet.
  warnings.warn(
/data/home/rtabares/anaconda3/envs/pyth3.12/lib/python3.12/site-packages/sklearn/neural_network/_multilayer_perceptron.py:691: ConvergenceWarning: Stochastic Optimizer: Maximum iterations (50) reached and the optimization hasn't converged yet.
  warnings.warn(
