[I 2025-05-15 07:46:33,189] Trial 9 finished with value: 0.4 and parameters: {'C': 53.066944048916255, 'gamma': 0.00012577574840733457}. Best is trial 2 with value: 0.55.
[I 2025-05-15 07:46:33,215] Trial 10 finished with value: 0.41666666666666663 and parameters: {'C': 60.67266858458046, 'gamma': 0.001366002544888146}. Best is trial 2 with value: 0.55.
[I 2025-05-15 07:46:34,013] Trial 11 finished with value: 0.4 and parameters: {'C': 4.325660574218245, 'gamma': 0.0015573062962550724}. Best is trial 2 with value: 0.55.
[I 2025-05-15 07:46:34,037] Trial 12 finished with value: 0.4 and parameters: {'C': 4.336211866097817, 'gamma': 0.0015550119929728658}. Best is trial 2 with value: 0.55.
[I 2025-05-15 07:46:34,059] Trial 13 finished with value: 0.36666666666666664 and parameters: {'C': 15.260750517317483, 'gamma': 0.029237491574964438}. Best is trial 2 with value: 0.55.
[I 2025-05-15 07:46:34,093] Trial 14 finished with value: 0.5 and parameters: {'C': 1.4632598931769052, 'gamma': 0.0006161994282190085}. Best is trial 2 with value: 0.55.
[I 2025-05-15 07:46:34,123] Trial 15 finished with value: 0.5 and parameters: {'C': 0.011382032550819807, 'gamma': 0.005112934943977631}. Best is trial 2 with value: 0.55.
[I 2025-05-15 07:46:35,075] Trial 16 finished with value: 0.4 and parameters: {'C': 12.56062275226981, 'gamma': 0.02876052777792657}. Best is trial 2 with value: 0.55.
[I 2025-05-15 07:46:35,104] Trial 17 finished with value: 0.35 and parameters: {'C': 1.4971265294933267, 'gamma': 0.02909441197801231}. Best is trial 2 with value: 0.55.
[I 2025-05-15 07:46:35,132] Trial 18 finished with value: 0.3833333333333333 and parameters: {'C': 88.0454442070191, 'gamma': 0.00043822635874631646}. Best is trial 2 with value: 0.55.
[I 2025-05-15 07:46:35,157] Trial 19 finished with value: 0.3833333333333333 and parameters: {'C': 18.187153459490982, 'gamma': 0.0031811906699623924}. Best is trial 2 with value: 0.55.
[I 2025-05-15 07:46:35,981] Trial 20 finished with value: 0.5 and parameters: {'C': 0.032142057603809365, 'gamma': 0.00034923208933370135}. Best is trial 2 with value: 0.55.
[I 2025-05-15 07:46:36,006] Trial 21 finished with value: 0.5 and parameters: {'C': 0.6823931442442103, 'gamma': 0.00012164057185276342}. Best is trial 2 with value: 0.55.
[I 2025-05-15 07:46:36,027] Trial 22 finished with value: 0.5 and parameters: {'C': 0.5105971429390127, 'gamma': 0.00023314177415426312}. Best is trial 2 with value: 0.55.
[I 2025-05-15 07:46:36,048] Trial 23 finished with value: 0.5 and parameters: {'C': 0.3111101623894331, 'gamma': 0.0007521858105795956}. Best is trial 2 with value: 0.55.
[I 2025-05-15 07:46:36,857] Trial 24 finished with value: 0.45 and parameters: {'C': 0.2192900099877371, 'gamma': 0.016621464841081606}. Best is trial 2 with value: 0.55.
[I 2025-05-15 07:46:36,908] Trial 25 finished with value: 0.5 and parameters: {'C': 0.05958678907411468, 'gamma': 0.00019812504263091877}. Best is trial 2 with value: 0.55.
[I 2025-05-15 07:46:36,934] Trial 26 finished with value: 0.4333333333333333 and parameters: {'C': 2.2930665207890755, 'gamma': 0.002784153459634543}. Best is trial 2 with value: 0.55.
[I 2025-05-15 07:46:36,975] Trial 27 finished with value: 0.5 and parameters: {'C': 22.958054697114637, 'gamma': 0.00010342900308631468}. Best is trial 2 with value: 0.55.
[I 2025-05-15 07:46:37,001] Trial 28 finished with value: 0.5 and parameters: {'C': 0.31484011248396765, 'gamma': 0.0008643468284888986}. Best is trial 2 with value: 0.55.
[I 2025-05-15 07:46:37,038] Trial 29 finished with value: 0.4 and parameters: {'C': 0.026682517027982147, 'gamma': 0.10293716597227427}. Best is trial 2 with value: 0.55.
/data/home/rtabares/anaconda3/envs/pyth3.12/lib/python3.12/site-packages/xgboost/core.py:377: FutureWarning: Your system has an old version of glibc (< 2.28). We will stop supporting Linux distros with glibc older than 2.28 after **May 31, 2025**. Please upgrade to a recent Linux distro (with glibc >= 2.28) to use future versions of XGBoost.
Note: You have installed the 'manylinux2014' variant of XGBoost. Certain features such as GPU algorithms or federated learning are not available. To use these features, please upgrade to a recent Linux distro with glibc 2.28+, and install the 'manylinux_2_28' variant.
  warnings.warn(
[I 2025-05-15 07:46:42,453] A new study created in memory with name: logreg
Parámetros guardados en checkpoint_shoppers_Doriginal_F/ag/IPC_11/best_models_ag_seed_7_space_original/svc_best_params.json


>>> Optuna tuning logreg metodo ag IPC 11 seed 7


[I 2025-05-15 07:46:46,383] Trial 0 finished with value: 0.45 and parameters: {'C': 0.002407362254570802, 'penalty': 'l2'}. Best is trial 0 with value: 0.45.
[I 2025-05-15 07:46:46,557] Trial 1 finished with value: 0.55 and parameters: {'C': 7.935859334260497, 'penalty': 'l2'}. Best is trial 1 with value: 0.55.
[I 2025-05-15 07:46:46,584] Trial 2 finished with value: 0.41666666666666663 and parameters: {'C': 0.15561310098067915, 'penalty': 'l2'}. Best is trial 1 with value: 0.55.
[I 2025-05-15 07:46:46,629] Trial 3 finished with value: 0.4666666666666666 and parameters: {'C': 4.143104515916128, 'penalty': 'l2'}. Best is trial 1 with value: 0.55.
[I 2025-05-15 07:46:46,654] Trial 4 finished with value: 0.7333333333333333 and parameters: {'C': 77.61533923098803, 'penalty': 'l2'}. Best is trial 4 with value: 0.7333333333333333.
[I 2025-05-15 07:46:46,678] Trial 5 finished with value: 0.41666666666666663 and parameters: {'C': 0.49258292359934785, 'penalty': 'l2'}. Best is trial 4 with value: 0.7333333333333333.
[I 2025-05-15 07:46:46,702] Trial 6 finished with value: 0.41666666666666663 and parameters: {'C': 0.320333470047146, 'penalty': 'l2'}. Best is trial 4 with value: 0.7333333333333333.
[I 2025-05-15 07:46:46,717] Trial 7 finished with value: 0.45 and parameters: {'C': 0.002292216671132896, 'penalty': 'l2'}. Best is trial 4 with value: 0.7333333333333333.
[I 2025-05-15 07:46:46,740] Trial 8 finished with value: 0.4 and parameters: {'C': 0.0219884643872214, 'penalty': 'l2'}. Best is trial 4 with value: 0.7333333333333333.
[I 2025-05-15 07:46:46,764] Trial 9 finished with value: 0.41666666666666663 and parameters: {'C': 0.31580027519646636, 'penalty': 'l2'}. Best is trial 4 with value: 0.7333333333333333.
[I 2025-05-15 07:46:48,022] Trial 10 finished with value: 0.7333333333333333 and parameters: {'C': 53.54776778233864, 'penalty': 'l2'}. Best is trial 4 with value: 0.7333333333333333.
[I 2025-05-15 07:46:49,910] Trial 11 finished with value: 0.7333333333333333 and parameters: {'C': 47.207028224457765, 'penalty': 'l2'}. Best is trial 4 with value: 0.7333333333333333.
[I 2025-05-15 07:46:51,244] Trial 12 finished with value: 0.7333333333333333 and parameters: {'C': 84.28882143282867, 'penalty': 'l2'}. Best is trial 4 with value: 0.7333333333333333.
[I 2025-05-15 07:46:51,294] Trial 13 finished with value: 0.65 and parameters: {'C': 12.634985691735606, 'penalty': 'l2'}. Best is trial 4 with value: 0.7333333333333333.
[I 2025-05-15 07:46:51,323] Trial 14 finished with value: 0.4666666666666666 and parameters: {'C': 3.1158784985469734, 'penalty': 'l2'}. Best is trial 4 with value: 0.7333333333333333.
[I 2025-05-15 07:46:51,362] Trial 15 finished with value: 0.65 and parameters: {'C': 22.300760773709367, 'penalty': 'l2'}. Best is trial 4 with value: 0.7333333333333333.
[I 2025-05-15 07:46:53,092] Trial 16 finished with value: 0.41666666666666663 and parameters: {'C': 2.3157702229693666, 'penalty': 'l2'}. Best is trial 4 with value: 0.7333333333333333.
[I 2025-05-15 07:46:53,146] Trial 17 finished with value: 0.7333333333333333 and parameters: {'C': 81.1514814361005, 'penalty': 'l2'}. Best is trial 4 with value: 0.7333333333333333.
[I 2025-05-15 07:46:53,184] Trial 18 finished with value: 0.65 and parameters: {'C': 25.793206421718693, 'penalty': 'l2'}. Best is trial 4 with value: 0.7333333333333333.
[I 2025-05-15 07:46:53,217] Trial 19 finished with value: 0.41666666666666663 and parameters: {'C': 1.3224661232204953, 'penalty': 'l2'}. Best is trial 4 with value: 0.7333333333333333.
[I 2025-05-15 07:46:53,247] Trial 20 finished with value: 0.55 and parameters: {'C': 7.093684305018916, 'penalty': 'l2'}. Best is trial 4 with value: 0.7333333333333333.
[I 2025-05-15 07:46:53,290] Trial 21 finished with value: 0.7333333333333333 and parameters: {'C': 54.283151619052504, 'penalty': 'l2'}. Best is trial 4 with value: 0.7333333333333333.
[I 2025-05-15 07:46:53,318] Trial 22 finished with value: 0.65 and parameters: {'C': 30.71574397679842, 'penalty': 'l2'}. Best is trial 4 with value: 0.7333333333333333.
[I 2025-05-15 07:46:54,930] Trial 23 finished with value: 0.7333333333333333 and parameters: {'C': 94.89031025322143, 'penalty': 'l2'}. Best is trial 4 with value: 0.7333333333333333.
[I 2025-05-15 07:46:54,957] Trial 24 finished with value: 0.65 and parameters: {'C': 16.988258477775165, 'penalty': 'l2'}. Best is trial 4 with value: 0.7333333333333333.
[I 2025-05-15 07:46:54,994] Trial 25 finished with value: 0.7 and parameters: {'C': 41.97315515015298, 'penalty': 'l2'}. Best is trial 4 with value: 0.7333333333333333.
[I 2025-05-15 07:46:55,010] Trial 26 finished with value: 0.4333333333333333 and parameters: {'C': 0.04958066879678988, 'penalty': 'l2'}. Best is trial 4 with value: 0.7333333333333333.
[I 2025-05-15 07:46:55,037] Trial 27 finished with value: 0.41666666666666663 and parameters: {'C': 1.4173773439094262, 'penalty': 'l2'}. Best is trial 4 with value: 0.7333333333333333.
[I 2025-05-15 07:46:55,074] Trial 28 finished with value: 0.55 and parameters: {'C': 8.372516403641324, 'penalty': 'l2'}. Best is trial 4 with value: 0.7333333333333333.
[I 2025-05-15 07:46:55,091] Trial 29 finished with value: 0.4 and parameters: {'C': 0.011104103350344362, 'penalty': 'l2'}. Best is trial 4 with value: 0.7333333333333333.
[I 2025-05-15 07:47:04,813] A new study created in memory with name: mlp
Parámetros guardados en checkpoint_shoppers_Doriginal_F/ag/IPC_11/best_models_ag_seed_7_space_original/logreg_best_params.json


>>> Optuna tuning mlp metodo ag IPC 11 seed 7


/data/home/rtabares/anaconda3/envs/pyth3.12/lib/python3.12/site-packages/sklearn/neural_network/_multilayer_perceptron.py:691: ConvergenceWarning: Stochastic Optimizer: Maximum iterations (100) reached and the optimization hasn't converged yet.
  warnings.warn(
/data/home/rtabares/anaconda3/envs/pyth3.12/lib/python3.12/site-packages/sklearn/neural_network/_multilayer_perceptron.py:691: ConvergenceWarning: Stochastic Optimizer: Maximum iterations (100) reached and the optimization hasn't converged yet.
  warnings.warn(
/data/home/rtabares/anaconda3/envs/pyth3.12/lib/python3.12/site-packages/sklearn/neural_network/_multilayer_perceptron.py:691: ConvergenceWarning: Stochastic Optimizer: Maximum iterations (100) reached and the optimization hasn't converged yet.
  warnings.warn(
/data/home/rtabares/anaconda3/envs/pyth3.12/lib/python3.12/site-packages/sklearn/neural_network/_multilayer_perceptron.py:691: ConvergenceWarning: Stochastic Optimizer: Maximum iterations (100) reached and the optimization hasn't converged yet.
  warnings.warn(
/data/home/rtabares/anaconda3/envs/pyth3.12/lib/python3.12/site-packages/sklearn/neural_network/_multilayer_perceptron.py:691: ConvergenceWarning: Stochastic Optimizer: Maximum iterations (100) reached and the optimization hasn't converged yet.
  warnings.warn(
[I 2025-05-15 07:47:07,317] Trial 0 finished with value: 0.45 and parameters: {'hidden_layer_sizes': (200,), 'max_iter': 100, 'alpha': 0.0001}. Best is trial 0 with value: 0.45.
/data/home/rtabares/anaconda3/envs/pyth3.12/lib/python3.12/site-packages/sklearn/neural_network/_multilayer_perceptron.py:691: ConvergenceWarning: Stochastic Optimizer: Maximum iterations (100) reached and the optimization hasn't converged yet.
  warnings.warn(
/data/home/rtabares/anaconda3/envs/pyth3.12/lib/python3.12/site-packages/sklearn/neural_network/_multilayer_perceptron.py:691: ConvergenceWarning: Stochastic Optimizer: Maximum iterations (100) reached and the optimization hasn't converged yet.
  warnings.warn(
/data/home/rtabares/anaconda3/envs/pyth3.12/lib/python3.12/site-packages/sklearn/neural_network/_multilayer_perceptron.py:691: ConvergenceWarning: Stochastic Optimizer: Maximum iterations (100) reached and the optimization hasn't converged yet.
  warnings.warn(
/data/home/rtabares/anaconda3/envs/pyth3.12/lib/python3.12/site-packages/sklearn/neural_network/_multilayer_perceptron.py:691: ConvergenceWarning: Stochastic Optimizer: Maximum iterations (100) reached and the optimization hasn't converged yet.
  warnings.warn(
/data/home/rtabares/anaconda3/envs/pyth3.12/lib/python3.12/site-packages/sklearn/neural_network/_multilayer_perceptron.py:691: ConvergenceWarning: Stochastic Optimizer: Maximum iterations (100) reached and the optimization hasn't converged yet.
  warnings.warn(
[I 2025-05-15 07:47:07,566] Trial 1 finished with value: 0.5 and parameters: {'hidden_layer_sizes': (100, 100), 'max_iter': 100, 'alpha': 0.0001}. Best is trial 1 with value: 0.5.
/data/home/rtabares/anaconda3/envs/pyth3.12/lib/python3.12/site-packages/sklearn/neural_network/_multilayer_perceptron.py:691: ConvergenceWarning: Stochastic Optimizer: Maximum iterations (100) reached and the optimization hasn't converged yet.
  warnings.warn(
/data/home/rtabares/anaconda3/envs/pyth3.12/lib/python3.12/site-packages/sklearn/neural_network/_multilayer_perceptron.py:691: ConvergenceWarning: Stochastic Optimizer: Maximum iterations (100) reached and the optimization hasn't converged yet.
  warnings.warn(
/data/home/rtabares/anaconda3/envs/pyth3.12/lib/python3.12/site-packages/sklearn/neural_network/_multilayer_perceptron.py:691: ConvergenceWarning: Stochastic Optimizer: Maximum iterations (100) reached and the optimization hasn't converged yet.
  warnings.warn(
/data/home/rtabares/anaconda3/envs/pyth3.12/lib/python3.12/site-packages/sklearn/neural_network/_multilayer_perceptron.py:691: ConvergenceWarning: Stochastic Optimizer: Maximum iterations (100) reached and the optimization hasn't converged yet.
  warnings.warn(
/data/home/rtabares/anaconda3/envs/pyth3.12/lib/python3.12/site-packages/sklearn/neural_network/_multilayer_perceptron.py:691: ConvergenceWarning: Stochastic Optimizer: Maximum iterations (100) reached and the optimization hasn't converged yet.
  warnings.warn(
[I 2025-05-15 07:47:07,763] Trial 2 finished with value: 0.45 and parameters: {'hidden_layer_sizes': (200,), 'max_iter': 100, 'alpha': 0.001}. Best is trial 1 with value: 0.5.
/data/home/rtabares/anaconda3/envs/pyth3.12/lib/python3.12/site-packages/sklearn/neural_network/_multilayer_perceptron.py:691: ConvergenceWarning: Stochastic Optimizer: Maximum iterations (50) reached and the optimization hasn't converged yet.
  warnings.warn(
/data/home/rtabares/anaconda3/envs/pyth3.12/lib/python3.12/site-packages/sklearn/neural_network/_multilayer_perceptron.py:691: ConvergenceWarning: Stochastic Optimizer: Maximum iterations (50) reached and the optimization hasn't converged yet.
  warnings.warn(
/data/home/rtabares/anaconda3/envs/pyth3.12/lib/python3.12/site-packages/sklearn/neural_network/_multilayer_perceptron.py:691: ConvergenceWarning: Stochastic Optimizer: Maximum iterations (50) reached and the optimization hasn't converged yet.
  warnings.warn(
/data/home/rtabares/anaconda3/envs/pyth3.12/lib/python3.12/site-packages/sklearn/neural_network/_multilayer_perceptron.py:691: ConvergenceWarning: Stochastic Optimizer: Maximum iterations (50) reached and the optimization hasn't converged yet.
  warnings.warn(
/data/home/rtabares/anaconda3/envs/pyth3.12/lib/python3.12/site-packages/sklearn/neural_network/_multilayer_perceptron.py:691: ConvergenceWarning: Stochastic Optimizer: Maximum iterations (50) reached and the optimization hasn't converged yet.
  warnings.warn(
[I 2025-05-15 07:47:07,873] Trial 3 finished with value: 0.41666666666666663 and parameters: {'hidden_layer_sizes': (100,), 'max_iter': 50, 'alpha': 0.001}. Best is trial 1 with value: 0.5.
/data/home/rtabares/anaconda3/envs/pyth3.12/lib/python3.12/site-packages/sklearn/neural_network/_multilayer_perceptron.py:691: ConvergenceWarning: Stochastic Optimizer: Maximum iterations (50) reached and the optimization hasn't converged yet.
  warnings.warn(
/data/home/rtabares/anaconda3/envs/pyth3.12/lib/python3.12/site-packages/sklearn/neural_network/_multilayer_perceptron.py:691: ConvergenceWarning: Stochastic Optimizer: Maximum iterations (50) reached and the optimization hasn't converged yet.
  warnings.warn(
/data/home/rtabares/anaconda3/envs/pyth3.12/lib/python3.12/site-packages/sklearn/neural_network/_multilayer_perceptron.py:691: ConvergenceWarning: Stochastic Optimizer: Maximum iterations (50) reached and the optimization hasn't converged yet.
  warnings.warn(
/data/home/rtabares/anaconda3/envs/pyth3.12/lib/python3.12/site-packages/sklearn/neural_network/_multilayer_perceptron.py:691: ConvergenceWarning: Stochastic Optimizer: Maximum iterations (50) reached and the optimization hasn't converged yet.
  warnings.warn(
/data/home/rtabares/anaconda3/envs/pyth3.12/lib/python3.12/site-packages/sklearn/neural_network/_multilayer_perceptron.py:691: ConvergenceWarning: Stochastic Optimizer: Maximum iterations (50) reached and the optimization hasn't converged yet.
  warnings.warn(
[I 2025-05-15 07:47:07,928] Trial 4 finished with value: 0.41666666666666663 and parameters: {'hidden_layer_sizes': (100,), 'max_iter': 50, 'alpha': 0.0001}. Best is trial 1 with value: 0.5.
/data/home/rtabares/anaconda3/envs/pyth3.12/lib/python3.12/site-packages/sklearn/neural_network/_multilayer_perceptron.py:691: ConvergenceWarning: Stochastic Optimizer: Maximum iterations (50) reached and the optimization hasn't converged yet.
  warnings.warn(
/data/home/rtabares/anaconda3/envs/pyth3.12/lib/python3.12/site-packages/sklearn/neural_network/_multilayer_perceptron.py:691: ConvergenceWarning: Stochastic Optimizer: Maximum iterations (50) reached and the optimization hasn't converged yet.
  warnings.warn(
/data/home/rtabares/anaconda3/envs/pyth3.12/lib/python3.12/site-packages/sklearn/neural_network/_multilayer_perceptron.py:691: ConvergenceWarning: Stochastic Optimizer: Maximum iterations (50) reached and the optimization hasn't converged yet.
  warnings.warn(
/data/home/rtabares/anaconda3/envs/pyth3.12/lib/python3.12/site-packages/sklearn/neural_network/_multilayer_perceptron.py:691: ConvergenceWarning: Stochastic Optimizer: Maximum iterations (50) reached and the optimization hasn't converged yet.
  warnings.warn(
/data/home/rtabares/anaconda3/envs/pyth3.12/lib/python3.12/site-packages/sklearn/neural_network/_multilayer_perceptron.py:691: ConvergenceWarning: Stochastic Optimizer: Maximum iterations (50) reached and the optimization hasn't converged yet.
  warnings.warn(
[I 2025-05-15 07:47:08,004] Trial 5 finished with value: 0.36666666666666664 and parameters: {'hidden_layer_sizes': (100,), 'max_iter': 50, 'alpha': 0.0001}. Best is trial 1 with value: 0.5.
/data/home/rtabares/anaconda3/envs/pyth3.12/lib/python3.12/site-packages/sklearn/neural_network/_multilayer_perceptron.py:691: ConvergenceWarning: Stochastic Optimizer: Maximum iterations (50) reached and the optimization hasn't converged yet.
  warnings.warn(
/data/home/rtabares/anaconda3/envs/pyth3.12/lib/python3.12/site-packages/sklearn/neural_network/_multilayer_perceptron.py:691: ConvergenceWarning: Stochastic Optimizer: Maximum iterations (50) reached and the optimization hasn't converged yet.
  warnings.warn(
/data/home/rtabares/anaconda3/envs/pyth3.12/lib/python3.12/site-packages/sklearn/neural_network/_multilayer_perceptron.py:691: ConvergenceWarning: Stochastic Optimizer: Maximum iterations (50) reached and the optimization hasn't converged yet.
  warnings.warn(
/data/home/rtabares/anaconda3/envs/pyth3.12/lib/python3.12/site-packages/sklearn/neural_network/_multilayer_perceptron.py:691: ConvergenceWarning: Stochastic Optimizer: Maximum iterations (50) reached and the optimization hasn't converged yet.
  warnings.warn(
/data/home/rtabares/anaconda3/envs/pyth3.12/lib/python3.12/site-packages/sklearn/neural_network/_multilayer_perceptron.py:691: ConvergenceWarning: Stochastic Optimizer: Maximum iterations (50) reached and the optimization hasn't converged yet.
  warnings.warn(
[I 2025-05-15 07:47:08,060] Trial 6 finished with value: 0.3833333333333333 and parameters: {'hidden_layer_sizes': (100,), 'max_iter': 50, 'alpha': 0.0001}. Best is trial 1 with value: 0.5.
/data/home/rtabares/anaconda3/envs/pyth3.12/lib/python3.12/site-packages/sklearn/neural_network/_multilayer_perceptron.py:691: ConvergenceWarning: Stochastic Optimizer: Maximum iterations (50) reached and the optimization hasn't converged yet.
  warnings.warn(
/data/home/rtabares/anaconda3/envs/pyth3.12/lib/python3.12/site-packages/sklearn/neural_network/_multilayer_perceptron.py:691: ConvergenceWarning: Stochastic Optimizer: Maximum iterations (50) reached and the optimization hasn't converged yet.
  warnings.warn(
/data/home/rtabares/anaconda3/envs/pyth3.12/lib/python3.12/site-packages/sklearn/neural_network/_multilayer_perceptron.py:691: ConvergenceWarning: Stochastic Optimizer: Maximum iterations (50) reached and the optimization hasn't converged yet.
  warnings.warn(
/data/home/rtabares/anaconda3/envs/pyth3.12/lib/python3.12/site-packages/sklearn/neural_network/_multilayer_perceptron.py:691: ConvergenceWarning: Stochastic Optimizer: Maximum iterations (50) reached and the optimization hasn't converged yet.
  warnings.warn(
/data/home/rtabares/anaconda3/envs/pyth3.12/lib/python3.12/site-packages/sklearn/neural_network/_multilayer_perceptron.py:691: ConvergenceWarning: Stochastic Optimizer: Maximum iterations (50) reached and the optimization hasn't converged yet.
  warnings.warn(
