[I 2025-05-15 07:58:58,904] Trial 16 finished with value: 0.9233333333333332 and parameters: {'n_estimators': 428, 'max_depth': 7, 'min_samples_split': 9, 'min_samples_leaf': 3}. Best is trial 9 with value: 0.9266666666666667.
[I 2025-05-15 07:59:00,557] Trial 17 finished with value: 0.9099999999999999 and parameters: {'n_estimators': 294, 'max_depth': 9, 'min_samples_split': 7, 'min_samples_leaf': 2}. Best is trial 9 with value: 0.9266666666666667.
[I 2025-05-15 07:59:02,474] Trial 18 finished with value: 0.9233333333333332 and parameters: {'n_estimators': 348, 'max_depth': 3, 'min_samples_split': 9, 'min_samples_leaf': 4}. Best is trial 9 with value: 0.9266666666666667.
[I 2025-05-15 07:59:04,082] Trial 19 finished with value: 0.9266666666666667 and parameters: {'n_estimators': 291, 'max_depth': 9, 'min_samples_split': 7, 'min_samples_leaf': 2}. Best is trial 9 with value: 0.9266666666666667.
[I 2025-05-15 07:59:05,512] Trial 20 finished with value: 0.9233333333333332 and parameters: {'n_estimators': 449, 'max_depth': 14, 'min_samples_split': 9, 'min_samples_leaf': 5}. Best is trial 9 with value: 0.9266666666666667.
[I 2025-05-15 07:59:06,866] Trial 21 finished with value: 0.89 and parameters: {'n_estimators': 290, 'max_depth': 9, 'min_samples_split': 7, 'min_samples_leaf': 2}. Best is trial 9 with value: 0.9266666666666667.
[I 2025-05-15 07:59:08,576] Trial 22 finished with value: 0.8933333333333333 and parameters: {'n_estimators': 381, 'max_depth': 8, 'min_samples_split': 7, 'min_samples_leaf': 2}. Best is trial 9 with value: 0.9266666666666667.
[I 2025-05-15 07:59:09,783] Trial 23 finished with value: 0.9233333333333332 and parameters: {'n_estimators': 255, 'max_depth': 5, 'min_samples_split': 10, 'min_samples_leaf': 4}. Best is trial 9 with value: 0.9266666666666667.
[I 2025-05-15 07:59:11,187] Trial 24 finished with value: 0.9099999999999999 and parameters: {'n_estimators': 328, 'max_depth': 13, 'min_samples_split': 7, 'min_samples_leaf': 1}. Best is trial 9 with value: 0.9266666666666667.
[I 2025-05-15 07:59:12,614] Trial 25 finished with value: 0.9066666666666666 and parameters: {'n_estimators': 214, 'max_depth': 9, 'min_samples_split': 5, 'min_samples_leaf': 3}. Best is trial 9 with value: 0.9266666666666667.
[I 2025-05-15 07:59:14,686] Trial 26 finished with value: 0.9099999999999999 and parameters: {'n_estimators': 366, 'max_depth': 6, 'min_samples_split': 8, 'min_samples_leaf': 2}. Best is trial 9 with value: 0.9266666666666667.
[I 2025-05-15 07:59:16,355] Trial 27 finished with value: 0.9066666666666666 and parameters: {'n_estimators': 276, 'max_depth': 9, 'min_samples_split': 9, 'min_samples_leaf': 4}. Best is trial 9 with value: 0.9266666666666667.
[I 2025-05-15 07:59:17,970] Trial 28 finished with value: 0.9233333333333332 and parameters: {'n_estimators': 321, 'max_depth': 6, 'min_samples_split': 7, 'min_samples_leaf': 5}. Best is trial 9 with value: 0.9266666666666667.
[I 2025-05-15 07:59:19,573] Trial 29 finished with value: 0.9066666666666666 and parameters: {'n_estimators': 402, 'max_depth': 10, 'min_samples_split': 5, 'min_samples_leaf': 2}. Best is trial 9 with value: 0.9266666666666667.
[I 2025-05-15 07:59:30,729] A new study created in memory with name: svc
Parámetros guardados en checkpoint_default_Doriginal_H/k-means/IPC_27/best_models_k-means_seed_7_space_original/rf_best_params.json


>>> Optuna tuning svc metodo k-means IPC 27 seed 7


[I 2025-05-15 07:59:33,604] Trial 0 finished with value: 0.48 and parameters: {'C': 0.020194502448102298, 'gamma': 0.13172711156111802}. Best is trial 0 with value: 0.48.
[I 2025-05-15 07:59:34,087] Trial 1 finished with value: 0.36 and parameters: {'C': 0.5670703311028815, 'gamma': 0.0783178418343345}. Best is trial 0 with value: 0.48.
[I 2025-05-15 07:59:34,113] Trial 2 finished with value: 0.3333333333333333 and parameters: {'C': 81.65034948781698, 'gamma': 0.014255533717547383}. Best is trial 0 with value: 0.48.
[I 2025-05-15 07:59:34,149] Trial 3 finished with value: 0.5 and parameters: {'C': 1.0103732850016278, 'gamma': 0.00019418001640357854}. Best is trial 3 with value: 0.5.
[I 2025-05-15 07:59:34,183] Trial 4 finished with value: 0.45999999999999996 and parameters: {'C': 0.11851025167261421, 'gamma': 0.00998918377985214}. Best is trial 3 with value: 0.5.
[I 2025-05-15 07:59:34,207] Trial 5 finished with value: 0.26666666666666666 and parameters: {'C': 5.2109869371584665, 'gamma': 0.16404241128227343}. Best is trial 3 with value: 0.5.
[I 2025-05-15 07:59:34,232] Trial 6 finished with value: 0.5 and parameters: {'C': 0.3340138940215422, 'gamma': 0.00018354619576988685}. Best is trial 3 with value: 0.5.
[I 2025-05-15 07:59:34,257] Trial 7 finished with value: 0.44000000000000006 and parameters: {'C': 0.1420961781588805, 'gamma': 0.434884682155233}. Best is trial 3 with value: 0.5.
[I 2025-05-15 07:59:34,282] Trial 8 finished with value: 0.45999999999999996 and parameters: {'C': 0.07137422643361827, 'gamma': 0.006434219125545069}. Best is trial 3 with value: 0.5.
[I 2025-05-15 07:59:34,306] Trial 9 finished with value: 0.36 and parameters: {'C': 53.066944048916255, 'gamma': 0.00012577574840733457}. Best is trial 3 with value: 0.5.
[I 2025-05-15 07:59:34,327] Trial 10 finished with value: 0.2666666666666667 and parameters: {'C': 4.042381244249598, 'gamma': 0.0013304824599122815}. Best is trial 3 with value: 0.5.
[I 2025-05-15 07:59:36,809] Trial 11 finished with value: 0.5 and parameters: {'C': 1.327692185951257, 'gamma': 0.0001182654393186286}. Best is trial 3 with value: 0.5.
[I 2025-05-15 07:59:38,659] Trial 12 finished with value: 0.5 and parameters: {'C': 0.6137808106950431, 'gamma': 0.0006843879759551015}. Best is trial 3 with value: 0.5.
[I 2025-05-15 07:59:38,707] Trial 13 finished with value: 0.32 and parameters: {'C': 8.133988311752255, 'gamma': 0.0005589823422976997}. Best is trial 3 with value: 0.5.
[I 2025-05-15 07:59:38,736] Trial 14 finished with value: 0.26666666666666666 and parameters: {'C': 1.6638857990919569, 'gamma': 0.0024485714006084775}. Best is trial 3 with value: 0.5.
[I 2025-05-15 07:59:38,813] Trial 15 finished with value: 0.5 and parameters: {'C': 0.34734836106457406, 'gamma': 0.00027440799525467983}. Best is trial 3 with value: 0.5.
[I 2025-05-15 07:59:38,883] Trial 16 finished with value: 0.45999999999999996 and parameters: {'C': 0.01007599099482784, 'gamma': 0.00272075918350544}. Best is trial 3 with value: 0.5.
[I 2025-05-15 07:59:38,940] Trial 17 finished with value: 0.3433333333333334 and parameters: {'C': 27.496564789294712, 'gamma': 0.00035595667914938077}. Best is trial 3 with value: 0.5.
[I 2025-05-15 07:59:38,979] Trial 18 finished with value: 0.5 and parameters: {'C': 0.041540628042745845, 'gamma': 0.03320384586751046}. Best is trial 3 with value: 0.5.
[I 2025-05-15 07:59:39,006] Trial 19 finished with value: 0.5 and parameters: {'C': 0.20971494443132602, 'gamma': 0.0012221528097353285}. Best is trial 3 with value: 0.5.
[I 2025-05-15 07:59:39,030] Trial 20 finished with value: 0.5366666666666667 and parameters: {'C': 2.099600955534587, 'gamma': 0.0002389259990848756}. Best is trial 20 with value: 0.5366666666666667.
[I 2025-05-15 07:59:41,986] Trial 21 finished with value: 0.5366666666666667 and parameters: {'C': 1.920093139238176, 'gamma': 0.00020209961841417912}. Best is trial 20 with value: 0.5366666666666667.
[I 2025-05-15 07:59:42,050] Trial 22 finished with value: 0.5366666666666667 and parameters: {'C': 2.56382535384357, 'gamma': 0.00044257760929945257}. Best is trial 20 with value: 0.5366666666666667.
[I 2025-05-15 07:59:42,104] Trial 23 finished with value: 0.33999999999999997 and parameters: {'C': 11.38995495014557, 'gamma': 0.0006185958522972385}. Best is trial 20 with value: 0.5366666666666667.
[I 2025-05-15 07:59:44,507] Trial 24 finished with value: 0.5533333333333333 and parameters: {'C': 2.5411119567004072, 'gamma': 0.00010292217380106134}. Best is trial 24 with value: 0.5533333333333333.
[I 2025-05-15 07:59:44,541] Trial 25 finished with value: 0.44000000000000006 and parameters: {'C': 13.76788776999329, 'gamma': 0.00011131472496226074}. Best is trial 24 with value: 0.5533333333333333.
[I 2025-05-15 07:59:44,612] Trial 26 finished with value: 0.2833333333333333 and parameters: {'C': 3.1818300449185446, 'gamma': 0.001319362849822502}. Best is trial 24 with value: 0.5533333333333333.
[I 2025-05-15 07:59:44,649] Trial 27 finished with value: 0.33999999999999997 and parameters: {'C': 22.958054697114637, 'gamma': 0.0002519585316134855}. Best is trial 24 with value: 0.5533333333333333.
[I 2025-05-15 07:59:44,678] Trial 28 finished with value: 0.27 and parameters: {'C': 1.629589474220547, 'gamma': 0.0037185915101717064}. Best is trial 24 with value: 0.5533333333333333.
[I 2025-05-15 07:59:44,718] Trial 29 finished with value: 0.2666666666666667 and parameters: {'C': 6.9706529327574, 'gamma': 0.0009102495979104297}. Best is trial 24 with value: 0.5533333333333333.
[I 2025-05-15 07:59:55,514] A new study created in memory with name: logreg
Parámetros guardados en checkpoint_default_Doriginal_H/k-means/IPC_27/best_models_k-means_seed_7_space_original/svc_best_params.json


>>> Optuna tuning logreg metodo k-means IPC 27 seed 7


[I 2025-05-15 07:59:59,376] Trial 0 finished with value: 0.43999999999999995 and parameters: {'C': 0.002407362254570802, 'penalty': 'l2'}. Best is trial 0 with value: 0.43999999999999995.
[I 2025-05-15 07:59:59,653] Trial 1 finished with value: 0.44333333333333336 and parameters: {'C': 7.935859334260497, 'penalty': 'l2'}. Best is trial 1 with value: 0.44333333333333336.
[I 2025-05-15 07:59:59,686] Trial 2 finished with value: 0.4966666666666667 and parameters: {'C': 0.15561310098067915, 'penalty': 'l2'}. Best is trial 2 with value: 0.4966666666666667.
[I 2025-05-15 07:59:59,891] Trial 3 finished with value: 0.48 and parameters: {'C': 4.143104515916128, 'penalty': 'l2'}. Best is trial 2 with value: 0.4966666666666667.
[I 2025-05-15 07:59:59,953] Trial 4 finished with value: 0.5166666666666667 and parameters: {'C': 77.61533923098803, 'penalty': 'l2'}. Best is trial 4 with value: 0.5166666666666667.
[I 2025-05-15 08:00:00,012] Trial 5 finished with value: 0.5133333333333334 and parameters: {'C': 0.49258292359934785, 'penalty': 'l2'}. Best is trial 4 with value: 0.5166666666666667.
[I 2025-05-15 08:00:00,050] Trial 6 finished with value: 0.5333333333333333 and parameters: {'C': 0.320333470047146, 'penalty': 'l2'}. Best is trial 6 with value: 0.5333333333333333.
[I 2025-05-15 08:00:00,095] Trial 7 finished with value: 0.43999999999999995 and parameters: {'C': 0.002292216671132896, 'penalty': 'l2'}. Best is trial 6 with value: 0.5333333333333333.
[I 2025-05-15 08:00:00,132] Trial 8 finished with value: 0.45666666666666667 and parameters: {'C': 0.0219884643872214, 'penalty': 'l2'}. Best is trial 6 with value: 0.5333333333333333.
[I 2025-05-15 08:00:00,177] Trial 9 finished with value: 0.5333333333333333 and parameters: {'C': 0.31580027519646636, 'penalty': 'l2'}. Best is trial 6 with value: 0.5333333333333333.
[I 2025-05-15 08:00:00,220] Trial 10 finished with value: 0.4766666666666667 and parameters: {'C': 0.02610892654148189, 'penalty': 'l2'}. Best is trial 6 with value: 0.5333333333333333.
[I 2025-05-15 08:00:03,655] Trial 11 finished with value: 0.5333333333333334 and parameters: {'C': 0.40500850561133944, 'penalty': 'l2'}. Best is trial 11 with value: 0.5333333333333334.
[I 2025-05-15 08:00:05,863] Trial 12 finished with value: 0.48 and parameters: {'C': 1.972720455113059, 'penalty': 'l2'}. Best is trial 11 with value: 0.5333333333333334.
[I 2025-05-15 08:00:05,895] Trial 13 finished with value: 0.48 and parameters: {'C': 0.041873542143667286, 'penalty': 'l2'}. Best is trial 11 with value: 0.5333333333333334.
[I 2025-05-15 08:00:05,940] Trial 14 finished with value: 0.5133333333333334 and parameters: {'C': 1.0173955373746668, 'penalty': 'l2'}. Best is trial 11 with value: 0.5333333333333334.
[I 2025-05-15 08:00:06,054] Trial 15 finished with value: 0.48 and parameters: {'C': 22.300760773709367, 'penalty': 'l2'}. Best is trial 11 with value: 0.5333333333333334.
[I 2025-05-15 08:00:06,106] Trial 16 finished with value: 0.4766666666666667 and parameters: {'C': 0.10531953057798611, 'penalty': 'l2'}. Best is trial 11 with value: 0.5333333333333334.
[I 2025-05-15 08:00:06,137] Trial 17 finished with value: 0.43666666666666665 and parameters: {'C': 0.008595034246650396, 'penalty': 'l2'}. Best is trial 11 with value: 0.5333333333333334.
[I 2025-05-15 08:00:06,232] Trial 18 finished with value: 0.5133333333333334 and parameters: {'C': 0.9660513554128215, 'penalty': 'l2'}. Best is trial 11 with value: 0.5333333333333334.
[I 2025-05-15 08:00:06,300] Trial 19 finished with value: 0.4766666666666667 and parameters: {'C': 0.09921073617450556, 'penalty': 'l2'}. Best is trial 11 with value: 0.5333333333333334.
[I 2025-05-15 08:00:06,369] Trial 20 finished with value: 0.45999999999999996 and parameters: {'C': 6.091812652043916, 'penalty': 'l2'}. Best is trial 11 with value: 0.5333333333333334.
[I 2025-05-15 08:00:06,414] Trial 21 finished with value: 0.5333333333333333 and parameters: {'C': 0.31543077440598494, 'penalty': 'l2'}. Best is trial 11 with value: 0.5333333333333334.
[I 2025-05-15 08:00:06,470] Trial 22 finished with value: 0.5333333333333333 and parameters: {'C': 0.328030013782597, 'penalty': 'l2'}. Best is trial 11 with value: 0.5333333333333334.
[I 2025-05-15 08:00:06,561] Trial 23 finished with value: 0.5133333333333334 and parameters: {'C': 1.0184558379795967, 'penalty': 'l2'}. Best is trial 11 with value: 0.5333333333333334.
[I 2025-05-15 08:00:09,659] Trial 24 finished with value: 0.5166666666666666 and parameters: {'C': 0.2097557706356571, 'penalty': 'l2'}. Best is trial 11 with value: 0.5333333333333334.
[I 2025-05-15 08:00:09,713] Trial 25 finished with value: 0.48 and parameters: {'C': 0.047251379150467746, 'penalty': 'l2'}. Best is trial 11 with value: 0.5333333333333334.
[I 2025-05-15 08:00:09,778] Trial 26 finished with value: 0.43666666666666665 and parameters: {'C': 0.010676583448880932, 'penalty': 'l2'}. Best is trial 11 with value: 0.5333333333333334.
[I 2025-05-15 08:00:09,868] Trial 27 finished with value: 0.48 and parameters: {'C': 2.2224457212213826, 'penalty': 'l2'}. Best is trial 11 with value: 0.5333333333333334.
[I 2025-05-15 08:00:09,925] Trial 28 finished with value: 0.5133333333333334 and parameters: {'C': 0.5555015501532761, 'penalty': 'l2'}. Best is trial 11 with value: 0.5333333333333334.
[I 2025-05-15 08:00:09,977] Trial 29 finished with value: 0.4966666666666666 and parameters: {'C': 0.0755888992461784, 'penalty': 'l2'}. Best is trial 11 with value: 0.5333333333333334.
[I 2025-05-15 08:00:23,058] A new study created in memory with name: mlp
Parámetros guardados en checkpoint_default_Doriginal_H/k-means/IPC_27/best_models_k-means_seed_7_space_original/logreg_best_params.json


>>> Optuna tuning mlp metodo k-means IPC 27 seed 7


/data/home/rtabares/anaconda3/envs/pyth3.12/lib/python3.12/site-packages/sklearn/neural_network/_multilayer_perceptron.py:691: ConvergenceWarning: Stochastic Optimizer: Maximum iterations (100) reached and the optimization hasn't converged yet.
  warnings.warn(
/data/home/rtabares/anaconda3/envs/pyth3.12/lib/python3.12/site-packages/sklearn/neural_network/_multilayer_perceptron.py:691: ConvergenceWarning: Stochastic Optimizer: Maximum iterations (100) reached and the optimization hasn't converged yet.
  warnings.warn(
/data/home/rtabares/anaconda3/envs/pyth3.12/lib/python3.12/site-packages/sklearn/neural_network/_multilayer_perceptron.py:691: ConvergenceWarning: Stochastic Optimizer: Maximum iterations (100) reached and the optimization hasn't converged yet.
  warnings.warn(
/data/home/rtabares/anaconda3/envs/pyth3.12/lib/python3.12/site-packages/sklearn/neural_network/_multilayer_perceptron.py:691: ConvergenceWarning: Stochastic Optimizer: Maximum iterations (100) reached and the optimization hasn't converged yet.
  warnings.warn(
/data/home/rtabares/anaconda3/envs/pyth3.12/lib/python3.12/site-packages/sklearn/neural_network/_multilayer_perceptron.py:691: ConvergenceWarning: Stochastic Optimizer: Maximum iterations (100) reached and the optimization hasn't converged yet.
  warnings.warn(
[I 2025-05-15 08:00:25,338] Trial 0 finished with value: 0.42000000000000004 and parameters: {'hidden_layer_sizes': (200,), 'max_iter': 100, 'alpha': 0.0001}. Best is trial 0 with value: 0.42000000000000004.
/data/home/rtabares/anaconda3/envs/pyth3.12/lib/python3.12/site-packages/sklearn/neural_network/_multilayer_perceptron.py:691: ConvergenceWarning: Stochastic Optimizer: Maximum iterations (100) reached and the optimization hasn't converged yet.
  warnings.warn(
/data/home/rtabares/anaconda3/envs/pyth3.12/lib/python3.12/site-packages/sklearn/neural_network/_multilayer_perceptron.py:691: ConvergenceWarning: Stochastic Optimizer: Maximum iterations (100) reached and the optimization hasn't converged yet.
  warnings.warn(
/data/home/rtabares/anaconda3/envs/pyth3.12/lib/python3.12/site-packages/sklearn/neural_network/_multilayer_perceptron.py:691: ConvergenceWarning: Stochastic Optimizer: Maximum iterations (100) reached and the optimization hasn't converged yet.
  warnings.warn(
/data/home/rtabares/anaconda3/envs/pyth3.12/lib/python3.12/site-packages/sklearn/neural_network/_multilayer_perceptron.py:691: ConvergenceWarning: Stochastic Optimizer: Maximum iterations (100) reached and the optimization hasn't converged yet.
  warnings.warn(
/data/home/rtabares/anaconda3/envs/pyth3.12/lib/python3.12/site-packages/sklearn/neural_network/_multilayer_perceptron.py:691: ConvergenceWarning: Stochastic Optimizer: Maximum iterations (100) reached and the optimization hasn't converged yet.
  warnings.warn(
[I 2025-05-15 08:00:25,811] Trial 1 finished with value: 0.42333333333333334 and parameters: {'hidden_layer_sizes': (100, 100), 'max_iter': 100, 'alpha': 0.0001}. Best is trial 1 with value: 0.42333333333333334.
/data/home/rtabares/anaconda3/envs/pyth3.12/lib/python3.12/site-packages/sklearn/neural_network/_multilayer_perceptron.py:691: ConvergenceWarning: Stochastic Optimizer: Maximum iterations (100) reached and the optimization hasn't converged yet.
  warnings.warn(
/data/home/rtabares/anaconda3/envs/pyth3.12/lib/python3.12/site-packages/sklearn/neural_network/_multilayer_perceptron.py:691: ConvergenceWarning: Stochastic Optimizer: Maximum iterations (100) reached and the optimization hasn't converged yet.
  warnings.warn(
/data/home/rtabares/anaconda3/envs/pyth3.12/lib/python3.12/site-packages/sklearn/neural_network/_multilayer_perceptron.py:691: ConvergenceWarning: Stochastic Optimizer: Maximum iterations (100) reached and the optimization hasn't converged yet.
  warnings.warn(
/data/home/rtabares/anaconda3/envs/pyth3.12/lib/python3.12/site-packages/sklearn/neural_network/_multilayer_perceptron.py:691: ConvergenceWarning: Stochastic Optimizer: Maximum iterations (100) reached and the optimization hasn't converged yet.
  warnings.warn(
/data/home/rtabares/anaconda3/envs/pyth3.12/lib/python3.12/site-packages/sklearn/neural_network/_multilayer_perceptron.py:691: ConvergenceWarning: Stochastic Optimizer: Maximum iterations (100) reached and the optimization hasn't converged yet.
  warnings.warn(
[I 2025-05-15 08:00:26,143] Trial 2 finished with value: 0.42000000000000004 and parameters: {'hidden_layer_sizes': (200,), 'max_iter': 100, 'alpha': 0.001}. Best is trial 1 with value: 0.42333333333333334.
/data/home/rtabares/anaconda3/envs/pyth3.12/lib/python3.12/site-packages/sklearn/neural_network/_multilayer_perceptron.py:691: ConvergenceWarning: Stochastic Optimizer: Maximum iterations (50) reached and the optimization hasn't converged yet.
  warnings.warn(
/data/home/rtabares/anaconda3/envs/pyth3.12/lib/python3.12/site-packages/sklearn/neural_network/_multilayer_perceptron.py:691: ConvergenceWarning: Stochastic Optimizer: Maximum iterations (50) reached and the optimization hasn't converged yet.
  warnings.warn(
/data/home/rtabares/anaconda3/envs/pyth3.12/lib/python3.12/site-packages/sklearn/neural_network/_multilayer_perceptron.py:691: ConvergenceWarning: Stochastic Optimizer: Maximum iterations (50) reached and the optimization hasn't converged yet.
  warnings.warn(
/data/home/rtabares/anaconda3/envs/pyth3.12/lib/python3.12/site-packages/sklearn/neural_network/_multilayer_perceptron.py:691: ConvergenceWarning: Stochastic Optimizer: Maximum iterations (50) reached and the optimization hasn't converged yet.
  warnings.warn(
/data/home/rtabares/anaconda3/envs/pyth3.12/lib/python3.12/site-packages/sklearn/neural_network/_multilayer_perceptron.py:691: ConvergenceWarning: Stochastic Optimizer: Maximum iterations (50) reached and the optimization hasn't converged yet.
  warnings.warn(
