[I 2025-05-15 08:17:52,047] Trial 11 finished with value: 0.5066666666666666 and parameters: {'n_estimators': 10, 'max_depth': 5, 'gamma': 0.2723086479578509, 'subsample': 0.805663014056245, 'colsample_bytree': 0.8721308545006907}. Best is trial 11 with value: 0.5066666666666666.
/data/home/rtabares/anaconda3/envs/pyth3.12/lib/python3.12/site-packages/xgboost/core.py:377: FutureWarning: Your system has an old version of glibc (< 2.28). We will stop supporting Linux distros with glibc older than 2.28 after **May 31, 2025**. Please upgrade to a recent Linux distro (with glibc >= 2.28) to use future versions of XGBoost.
Note: You have installed the 'manylinux2014' variant of XGBoost. Certain features such as GPU algorithms or federated learning are not available. To use these features, please upgrade to a recent Linux distro with glibc 2.28+, and install the 'manylinux_2_28' variant.
  warnings.warn(
/data/home/rtabares/anaconda3/envs/pyth3.12/lib/python3.12/site-packages/xgboost/core.py:377: FutureWarning: Your system has an old version of glibc (< 2.28). We will stop supporting Linux distros with glibc older than 2.28 after **May 31, 2025**. Please upgrade to a recent Linux distro (with glibc >= 2.28) to use future versions of XGBoost.
Note: You have installed the 'manylinux2014' variant of XGBoost. Certain features such as GPU algorithms or federated learning are not available. To use these features, please upgrade to a recent Linux distro with glibc 2.28+, and install the 'manylinux_2_28' variant.
  warnings.warn(
/data/home/rtabares/anaconda3/envs/pyth3.12/lib/python3.12/site-packages/xgboost/core.py:377: FutureWarning: Your system has an old version of glibc (< 2.28). We will stop supporting Linux distros with glibc older than 2.28 after **May 31, 2025**. Please upgrade to a recent Linux distro (with glibc >= 2.28) to use future versions of XGBoost.
Note: You have installed the 'manylinux2014' variant of XGBoost. Certain features such as GPU algorithms or federated learning are not available. To use these features, please upgrade to a recent Linux distro with glibc 2.28+, and install the 'manylinux_2_28' variant.
  warnings.warn(
[I 2025-05-15 08:17:53,122] Trial 12 finished with value: 0.39666666666666667 and parameters: {'n_estimators': 10, 'max_depth': 5, 'gamma': 0.3724367138266351, 'subsample': 0.7509983091556616, 'colsample_bytree': 0.8393900392125123}. Best is trial 11 with value: 0.5066666666666666.
[I 2025-05-15 08:17:53,196] Trial 13 finished with value: 0.47000000000000003 and parameters: {'n_estimators': 10, 'max_depth': 5, 'gamma': 0.9821018178974498, 'subsample': 0.9152474308751175, 'colsample_bytree': 0.9320977262323665}. Best is trial 11 with value: 0.5066666666666666.
[I 2025-05-15 08:17:53,238] Trial 14 finished with value: 0.4166666666666667 and parameters: {'n_estimators': 10, 'max_depth': 30, 'gamma': 0.12453241582517216, 'subsample': 0.7349491150816779, 'colsample_bytree': 0.8118901102241602}. Best is trial 11 with value: 0.5066666666666666.
[I 2025-05-15 08:17:53,281] Trial 15 finished with value: 0.4666666666666668 and parameters: {'n_estimators': 10, 'max_depth': 5, 'gamma': 0.32881610904603026, 'subsample': 0.7809968714078079, 'colsample_bytree': 0.9164704140476717}. Best is trial 11 with value: 0.5066666666666666.
[I 2025-05-15 08:17:53,324] Trial 16 finished with value: 0.43999999999999995 and parameters: {'n_estimators': 10, 'max_depth': 5, 'gamma': 0.23096389033910913, 'subsample': 0.8769093283125031, 'colsample_bytree': 0.9995501729020253}. Best is trial 11 with value: 0.5066666666666666.
[I 2025-05-15 08:17:53,373] Trial 17 finished with value: 0.4866666666666667 and parameters: {'n_estimators': 10, 'max_depth': 5, 'gamma': 0.4497778514846882, 'subsample': 0.6938555390645736, 'colsample_bytree': 0.8005613346918286}. Best is trial 11 with value: 0.5066666666666666.
/data/home/rtabares/anaconda3/envs/pyth3.12/lib/python3.12/site-packages/xgboost/core.py:377: FutureWarning: Your system has an old version of glibc (< 2.28). We will stop supporting Linux distros with glibc older than 2.28 after **May 31, 2025**. Please upgrade to a recent Linux distro (with glibc >= 2.28) to use future versions of XGBoost.
Note: You have installed the 'manylinux2014' variant of XGBoost. Certain features such as GPU algorithms or federated learning are not available. To use these features, please upgrade to a recent Linux distro with glibc 2.28+, and install the 'manylinux_2_28' variant.
  warnings.warn(
[I 2025-05-15 08:17:54,404] Trial 18 finished with value: 0.41666666666666663 and parameters: {'n_estimators': 10, 'max_depth': 30, 'gamma': 0.421371034665886, 'subsample': 0.6823225331500357, 'colsample_bytree': 0.6121238040591803}. Best is trial 11 with value: 0.5066666666666666.
[I 2025-05-15 08:17:54,472] Trial 19 finished with value: 0.4166666666666667 and parameters: {'n_estimators': 10, 'max_depth': 20, 'gamma': 0.23911389032140942, 'subsample': 0.5431621174457755, 'colsample_bytree': 0.7917818887782442}. Best is trial 11 with value: 0.5066666666666666.
[I 2025-05-15 08:17:54,534] Trial 20 finished with value: 0.4366666666666667 and parameters: {'n_estimators': 40, 'max_depth': 5, 'gamma': 0.42058026181204466, 'subsample': 0.6912691372217058, 'colsample_bytree': 0.5127669996644397}. Best is trial 11 with value: 0.5066666666666666.
[I 2025-05-15 08:17:54,589] Trial 21 finished with value: 0.4333333333333333 and parameters: {'n_estimators': 10, 'max_depth': 5, 'gamma': 0.6976644648472072, 'subsample': 0.7829164477017522, 'colsample_bytree': 0.8906966605173093}. Best is trial 11 with value: 0.5066666666666666.
[I 2025-05-15 08:17:54,658] Trial 22 finished with value: 0.37666666666666665 and parameters: {'n_estimators': 10, 'max_depth': 5, 'gamma': 0.5162461340196773, 'subsample': 0.9099073846952265, 'colsample_bytree': 0.8171802955595693}. Best is trial 11 with value: 0.5066666666666666.
[I 2025-05-15 08:17:54,714] Trial 23 finished with value: 0.4766666666666667 and parameters: {'n_estimators': 10, 'max_depth': 5, 'gamma': 0.5845536139171279, 'subsample': 0.7512838886960612, 'colsample_bytree': 0.782407899432386}. Best is trial 11 with value: 0.5066666666666666.
[I 2025-05-15 08:17:54,755] Trial 24 finished with value: 0.4133333333333333 and parameters: {'n_estimators': 10, 'max_depth': 5, 'gamma': 0.24317454936650182, 'subsample': 0.8146721988149693, 'colsample_bytree': 0.8418379055263179}. Best is trial 11 with value: 0.5066666666666666.
[I 2025-05-15 08:17:54,794] Trial 25 finished with value: 0.49333333333333335 and parameters: {'n_estimators': 10, 'max_depth': 5, 'gamma': 0.4220006696745474, 'subsample': 0.6548052715003505, 'colsample_bytree': 0.8961320081826617}. Best is trial 11 with value: 0.5066666666666666.
[I 2025-05-15 08:17:54,839] Trial 26 finished with value: 0.32 and parameters: {'n_estimators': 10, 'max_depth': 5, 'gamma': 0.40867511574170656, 'subsample': 0.5754262971549783, 'colsample_bytree': 0.9563835351468759}. Best is trial 11 with value: 0.5066666666666666.
[I 2025-05-15 08:17:54,892] Trial 27 finished with value: 0.4733333333333333 and parameters: {'n_estimators': 10, 'max_depth': 5, 'gamma': 0.31301813949864193, 'subsample': 0.6504489144682324, 'colsample_bytree': 0.9041158604589394}. Best is trial 11 with value: 0.5066666666666666.
[I 2025-05-15 08:17:54,945] Trial 28 finished with value: 0.47333333333333333 and parameters: {'n_estimators': 40, 'max_depth': 20, 'gamma': 0.18026848545371355, 'subsample': 0.6548229519159099, 'colsample_bytree': 0.7117637327449888}. Best is trial 11 with value: 0.5066666666666666.
[I 2025-05-15 08:17:54,993] Trial 29 finished with value: 0.37333333333333335 and parameters: {'n_estimators': 10, 'max_depth': 30, 'gamma': 0.4832046028010115, 'subsample': 0.7237896500534517, 'colsample_bytree': 0.7778702873893247}. Best is trial 11 with value: 0.5066666666666666.
[I 2025-05-15 08:18:16,620] A new study created in memory with name: rf
Parámetros guardados en checkpoint_default_Doriginal_H/k_center/IPC_27/best_models_k_center_seed_8_space_original/xgb_best_params.json


>>> Optuna tuning rf metodo k_center IPC 27 seed 8


[I 2025-05-15 08:18:18,689] Trial 0 finished with value: 0.44666666666666666 and parameters: {'n_estimators': 450, 'max_depth': 20, 'min_samples_split': 9, 'min_samples_leaf': 6}. Best is trial 0 with value: 0.44666666666666666.
[I 2025-05-15 08:18:19,361] Trial 1 finished with value: 0.4666666666666667 and parameters: {'n_estimators': 193, 'max_depth': 3, 'min_samples_split': 5, 'min_samples_leaf': 5}. Best is trial 1 with value: 0.4666666666666667.
[I 2025-05-15 08:18:20,065] Trial 2 finished with value: 0.5033333333333333 and parameters: {'n_estimators': 309, 'max_depth': 11, 'min_samples_split': 6, 'min_samples_leaf': 6}. Best is trial 2 with value: 0.5033333333333333.
[I 2025-05-15 08:18:21,302] Trial 3 finished with value: 0.4833333333333334 and parameters: {'n_estimators': 405, 'max_depth': 15, 'min_samples_split': 7, 'min_samples_leaf': 5}. Best is trial 2 with value: 0.5033333333333333.
[I 2025-05-15 08:18:21,952] Trial 4 finished with value: 0.41 and parameters: {'n_estimators': 215, 'max_depth': 20, 'min_samples_split': 5, 'min_samples_leaf': 3}. Best is trial 2 with value: 0.5033333333333333.
[I 2025-05-15 08:18:22,421] Trial 5 finished with value: 0.43000000000000005 and parameters: {'n_estimators': 126, 'max_depth': 20, 'min_samples_split': 3, 'min_samples_leaf': 4}. Best is trial 2 with value: 0.5033333333333333.
[I 2025-05-15 08:18:22,894] Trial 6 finished with value: 0.5033333333333333 and parameters: {'n_estimators': 128, 'max_depth': 7, 'min_samples_split': 5, 'min_samples_leaf': 9}. Best is trial 2 with value: 0.5033333333333333.
[I 2025-05-15 08:18:23,679] Trial 7 finished with value: 0.41 and parameters: {'n_estimators': 238, 'max_depth': 20, 'min_samples_split': 2, 'min_samples_leaf': 4}. Best is trial 2 with value: 0.5033333333333333.
[I 2025-05-15 08:18:24,613] Trial 8 finished with value: 0.4333333333333333 and parameters: {'n_estimators': 252, 'max_depth': 16, 'min_samples_split': 10, 'min_samples_leaf': 4}. Best is trial 2 with value: 0.5033333333333333.
[I 2025-05-15 08:18:25,393] Trial 9 finished with value: 0.47000000000000003 and parameters: {'n_estimators': 273, 'max_depth': 7, 'min_samples_split': 9, 'min_samples_leaf': 7}. Best is trial 2 with value: 0.5033333333333333.
[I 2025-05-15 08:18:26,314] Trial 10 finished with value: 0.45 and parameters: {'n_estimators': 347, 'max_depth': 11, 'min_samples_split': 7, 'min_samples_leaf': 10}. Best is trial 2 with value: 0.5033333333333333.
[I 2025-05-15 08:18:30,074] Trial 11 finished with value: 0.45 and parameters: {'n_estimators': 344, 'max_depth': 9, 'min_samples_split': 4, 'min_samples_leaf': 9}. Best is trial 2 with value: 0.5033333333333333.
[I 2025-05-15 08:18:31,914] Trial 12 finished with value: 0.42333333333333334 and parameters: {'n_estimators': 100, 'max_depth': 5, 'min_samples_split': 6, 'min_samples_leaf': 1}. Best is trial 2 with value: 0.5033333333333333.
[I 2025-05-15 08:18:32,812] Trial 13 finished with value: 0.44666666666666666 and parameters: {'n_estimators': 322, 'max_depth': 13, 'min_samples_split': 7, 'min_samples_leaf': 8}. Best is trial 2 with value: 0.5033333333333333.
[I 2025-05-15 08:18:33,181] Trial 14 finished with value: 0.4633333333333334 and parameters: {'n_estimators': 155, 'max_depth': 9, 'min_samples_split': 5, 'min_samples_leaf': 8}. Best is trial 2 with value: 0.5033333333333333.
[I 2025-05-15 08:18:33,866] Trial 15 finished with value: 0.47000000000000003 and parameters: {'n_estimators': 389, 'max_depth': 7, 'min_samples_split': 3, 'min_samples_leaf': 10}. Best is trial 2 with value: 0.5033333333333333.
[I 2025-05-15 08:18:34,478] Trial 16 finished with value: 0.4333333333333333 and parameters: {'n_estimators': 295, 'max_depth': 11, 'min_samples_split': 6, 'min_samples_leaf': 7}. Best is trial 2 with value: 0.5033333333333333.
[I 2025-05-15 08:18:35,481] Trial 17 finished with value: 0.4533333333333333 and parameters: {'n_estimators': 497, 'max_depth': 14, 'min_samples_split': 8, 'min_samples_leaf': 1}. Best is trial 2 with value: 0.5033333333333333.
[I 2025-05-15 08:18:36,029] Trial 18 finished with value: 0.43 and parameters: {'n_estimators': 189, 'max_depth': 17, 'min_samples_split': 4, 'min_samples_leaf': 8}. Best is trial 2 with value: 0.5033333333333333.
[I 2025-05-15 08:18:36,420] Trial 19 finished with value: 0.4699999999999999 and parameters: {'n_estimators': 158, 'max_depth': 9, 'min_samples_split': 4, 'min_samples_leaf': 9}. Best is trial 2 with value: 0.5033333333333333.
[I 2025-05-15 08:18:37,172] Trial 20 finished with value: 0.43000000000000005 and parameters: {'n_estimators': 388, 'max_depth': 6, 'min_samples_split': 8, 'min_samples_leaf': 6}. Best is trial 2 with value: 0.5033333333333333.
[I 2025-05-15 08:18:38,132] Trial 21 finished with value: 0.44666666666666666 and parameters: {'n_estimators': 411, 'max_depth': 15, 'min_samples_split': 6, 'min_samples_leaf': 5}. Best is trial 2 with value: 0.5033333333333333.
[I 2025-05-15 08:18:39,255] Trial 22 finished with value: 0.4666666666666668 and parameters: {'n_estimators': 446, 'max_depth': 12, 'min_samples_split': 7, 'min_samples_leaf': 3}. Best is trial 2 with value: 0.5033333333333333.
[I 2025-05-15 08:18:40,606] Trial 23 finished with value: 0.4333333333333333 and parameters: {'n_estimators': 307, 'max_depth': 17, 'min_samples_split': 7, 'min_samples_leaf': 7}. Best is trial 2 with value: 0.5033333333333333.
[I 2025-05-15 08:18:41,736] Trial 24 finished with value: 0.4700000000000001 and parameters: {'n_estimators': 377, 'max_depth': 4, 'min_samples_split': 5, 'min_samples_leaf': 2}. Best is trial 2 with value: 0.5033333333333333.
[I 2025-05-15 08:18:42,645] Trial 25 finished with value: 0.46333333333333326 and parameters: {'n_estimators': 430, 'max_depth': 10, 'min_samples_split': 8, 'min_samples_leaf': 6}. Best is trial 2 with value: 0.5033333333333333.
[I 2025-05-15 08:18:43,772] Trial 26 finished with value: 0.4633333333333334 and parameters: {'n_estimators': 474, 'max_depth': 13, 'min_samples_split': 6, 'min_samples_leaf': 5}. Best is trial 2 with value: 0.5033333333333333.
[I 2025-05-15 08:18:45,223] Trial 27 finished with value: 0.43 and parameters: {'n_estimators': 339, 'max_depth': 18, 'min_samples_split': 5, 'min_samples_leaf': 9}. Best is trial 2 with value: 0.5033333333333333.
[I 2025-05-15 08:18:46,209] Trial 28 finished with value: 0.4133333333333333 and parameters: {'n_estimators': 278, 'max_depth': 8, 'min_samples_split': 7, 'min_samples_leaf': 3}. Best is trial 2 with value: 0.5033333333333333.
[I 2025-05-15 08:18:47,243] Trial 29 finished with value: 0.4633333333333334 and parameters: {'n_estimators': 227, 'max_depth': 13, 'min_samples_split': 9, 'min_samples_leaf': 7}. Best is trial 2 with value: 0.5033333333333333.
[I 2025-05-15 08:19:01,109] A new study created in memory with name: svc
Parámetros guardados en checkpoint_default_Doriginal_H/k_center/IPC_27/best_models_k_center_seed_8_space_original/rf_best_params.json


>>> Optuna tuning svc metodo k_center IPC 27 seed 8


[I 2025-05-15 08:19:08,507] Trial 0 finished with value: 0.5 and parameters: {'C': 31.168622654226873, 'gamma': 0.7484497562485191}. Best is trial 0 with value: 0.5.
[I 2025-05-15 08:19:08,792] Trial 1 finished with value: 0.5 and parameters: {'C': 29.976309274600954, 'gamma': 0.013286872459026702}. Best is trial 0 with value: 0.5.
[I 2025-05-15 08:19:08,830] Trial 2 finished with value: 0.5 and parameters: {'C': 0.08529298465080307, 'gamma': 0.00011106960237430257}. Best is trial 0 with value: 0.5.
[I 2025-05-15 08:19:08,865] Trial 3 finished with value: 0.6066666666666667 and parameters: {'C': 0.5270784658374341, 'gamma': 0.004068229457500922}. Best is trial 3 with value: 0.6066666666666667.
[I 2025-05-15 08:19:08,889] Trial 4 finished with value: 0.53 and parameters: {'C': 1.2322495987505253, 'gamma': 0.008195343912941565}. Best is trial 3 with value: 0.6066666666666667.
[I 2025-05-15 08:19:08,914] Trial 5 finished with value: 0.54 and parameters: {'C': 1.6650446929687996, 'gamma': 0.014912280706161869}. Best is trial 3 with value: 0.6066666666666667.
[I 2025-05-15 08:19:08,939] Trial 6 finished with value: 0.45999999999999996 and parameters: {'C': 11.055599623279033, 'gamma': 0.07071284267178823}. Best is trial 3 with value: 0.6066666666666667.
[I 2025-05-15 08:19:08,974] Trial 7 finished with value: 0.53 and parameters: {'C': 3.0111222251271013, 'gamma': 0.00506252384623837}. Best is trial 3 with value: 0.6066666666666667.
[I 2025-05-15 08:19:09,001] Trial 8 finished with value: 0.45999999999999996 and parameters: {'C': 0.1433177931243846, 'gamma': 0.7859971382309453}. Best is trial 3 with value: 0.6066666666666667.
[I 2025-05-15 08:19:09,025] Trial 9 finished with value: 0.5766666666666667 and parameters: {'C': 0.21631975482828378, 'gamma': 0.0007502469581683287}. Best is trial 3 with value: 0.6066666666666667.
[I 2025-05-15 08:19:09,066] Trial 10 finished with value: 0.54 and parameters: {'C': 0.014948739767700987, 'gamma': 0.0007005474949959167}. Best is trial 3 with value: 0.6066666666666667.
[I 2025-05-15 08:19:10,761] Trial 11 finished with value: 0.5566666666666666 and parameters: {'C': 0.19093032468665563, 'gamma': 0.0006557830819013351}. Best is trial 3 with value: 0.6066666666666667.
[I 2025-05-15 08:19:12,250] Trial 12 finished with value: 0.5900000000000001 and parameters: {'C': 0.35481852427257404, 'gamma': 0.0013725835492111244}. Best is trial 3 with value: 0.6066666666666667.
[I 2025-05-15 08:19:12,288] Trial 13 finished with value: 0.54 and parameters: {'C': 0.029779091767779875, 'gamma': 0.002343421498201942}. Best is trial 3 with value: 0.6066666666666667.
[I 2025-05-15 08:19:12,320] Trial 14 finished with value: 0.5 and parameters: {'C': 0.4276489199586051, 'gamma': 0.06074717845624174}. Best is trial 3 with value: 0.6066666666666667.
[I 2025-05-15 08:19:12,353] Trial 15 finished with value: 0.6100000000000001 and parameters: {'C': 5.834198799492375, 'gamma': 0.00011772103322869979}. Best is trial 15 with value: 0.6100000000000001.
[I 2025-05-15 08:19:12,384] Trial 16 finished with value: 0.6100000000000001 and parameters: {'C': 6.375710917656909, 'gamma': 0.0001079979941234654}. Best is trial 15 with value: 0.6100000000000001.
[I 2025-05-15 08:19:12,428] Trial 17 finished with value: 0.5900000000000001 and parameters: {'C': 5.18943783327537, 'gamma': 0.00011978292990944633}. Best is trial 15 with value: 0.6100000000000001.
[I 2025-05-15 08:19:12,458] Trial 18 finished with value: 0.5333333333333333 and parameters: {'C': 8.949145639512363, 'gamma': 0.00025839370009713775}. Best is trial 15 with value: 0.6100000000000001.
[I 2025-05-15 08:19:12,500] Trial 19 finished with value: 0.52 and parameters: {'C': 97.21607846424607, 'gamma': 0.0001871767679272371}. Best is trial 15 with value: 0.6100000000000001.
[I 2025-05-15 08:19:12,529] Trial 20 finished with value: 0.5533333333333335 and parameters: {'C': 28.889430496124778, 'gamma': 0.0003060829187824379}. Best is trial 15 with value: 0.6100000000000001.
[I 2025-05-15 08:19:12,565] Trial 21 finished with value: 0.5 and parameters: {'C': 0.6929034121225705, 'gamma': 0.048302486498800395}. Best is trial 15 with value: 0.6100000000000001.
[I 2025-05-15 08:19:12,606] Trial 22 finished with value: 0.5333333333333333 and parameters: {'C': 2.38186745486947, 'gamma': 0.0025921402172115137}. Best is trial 15 with value: 0.6100000000000001.
[I 2025-05-15 08:19:12,637] Trial 23 finished with value: 0.5333333333333333 and parameters: {'C': 5.575580115980731, 'gamma': 0.00040952055123383193}. Best is trial 15 with value: 0.6100000000000001.
[I 2025-05-15 08:19:14,171] Trial 24 finished with value: 0.5 and parameters: {'C': 0.6910738863198551, 'gamma': 0.1622230523066235}. Best is trial 15 with value: 0.6100000000000001.
[I 2025-05-15 08:19:14,213] Trial 25 finished with value: 0.5533333333333333 and parameters: {'C': 13.420870025013937, 'gamma': 0.00010907329329180769}. Best is trial 15 with value: 0.6100000000000001.
[I 2025-05-15 08:19:14,254] Trial 26 finished with value: 0.5333333333333334 and parameters: {'C': 3.5815640614603628, 'gamma': 0.0013705781797173297}. Best is trial 15 with value: 0.6100000000000001.
[I 2025-05-15 08:19:14,323] Trial 27 finished with value: 0.5033333333333333 and parameters: {'C': 88.03869315991291, 'gamma': 0.024658208619640243}. Best is trial 15 with value: 0.6100000000000001.
[I 2025-05-15 08:19:14,367] Trial 28 finished with value: 0.5 and parameters: {'C': 1.26048882999653, 'gamma': 0.2301036273216186}. Best is trial 15 with value: 0.6100000000000001.
