[I 2025-05-24 09:50:02,091] Trial 9 finished with value: 0.7763577191674012 and parameters: {'C': 12.960656597279739, 'gamma': 0.3020289640158664}. Best is trial 4 with value: 0.8278985015933283.
[I 2025-05-24 09:50:09,125] A new study created in memory with name: logreg
Parámetros guardados en checkpoint_shoppers_Doriginal_F/Full-data/IPC_0/best_models_Full-data_seed_0_space_original/svc_best_params.json


>>> Optuna tuning logreg metodo Full-data IPC 0 seed 0


[I 2025-05-24 09:50:10,552] Trial 0 finished with value: 0.8078056139399281 and parameters: {'C': 0.5547119471592125, 'penalty': 'l2'}. Best is trial 0 with value: 0.8078056139399281.
[I 2025-05-24 09:50:11,495] Trial 1 finished with value: 0.8092582547969354 and parameters: {'C': 3.7665768415992953, 'penalty': 'l2'}. Best is trial 1 with value: 0.8092582547969354.
[I 2025-05-24 09:50:12,251] Trial 2 finished with value: 0.8083836192284222 and parameters: {'C': 1.032326035197657, 'penalty': 'l2'}. Best is trial 1 with value: 0.8092582547969354.
[I 2025-05-24 09:50:12,398] Trial 3 finished with value: 0.8078056139399281 and parameters: {'C': 0.530170934757683, 'penalty': 'l2'}. Best is trial 1 with value: 0.8092582547969354.
[I 2025-05-24 09:50:12,548] Trial 4 finished with value: 0.806352973082921 and parameters: {'C': 0.13130280280658593, 'penalty': 'l2'}. Best is trial 1 with value: 0.8092582547969354.
[I 2025-05-24 09:50:12,695] Trial 5 finished with value: 0.808966709607431 and parameters: {'C': 1.6961746387290997, 'penalty': 'l2'}. Best is trial 1 with value: 0.8092582547969354.
[I 2025-05-24 09:50:12,832] Trial 6 finished with value: 0.8066436707573394 and parameters: {'C': 0.15414734761917095, 'penalty': 'l2'}. Best is trial 1 with value: 0.8092582547969354.
[I 2025-05-24 09:50:12,989] Trial 7 finished with value: 0.809259949827107 and parameters: {'C': 28.765041432546976, 'penalty': 'l2'}. Best is trial 7 with value: 0.809259949827107.
[I 2025-05-24 09:50:13,145] Trial 8 finished with value: 0.8089684046376027 and parameters: {'C': 65.81332043291806, 'penalty': 'l2'}. Best is trial 7 with value: 0.809259949827107.
[I 2025-05-24 09:50:13,282] Trial 9 finished with value: 0.8089734897281172 and parameters: {'C': 0.08264328927007726, 'penalty': 'l2'}. Best is trial 7 with value: 0.809259949827107.
[I 2025-05-24 09:50:17,042] A new study created in memory with name: mlp
Parámetros guardados en checkpoint_shoppers_Doriginal_F/Full-data/IPC_0/best_models_Full-data_seed_0_space_original/logreg_best_params.json


>>> Optuna tuning mlp metodo Full-data IPC 0 seed 0


/data/home/rtabares/anaconda3/envs/pyth3.12/lib/python3.12/site-packages/sklearn/neural_network/_multilayer_perceptron.py:691: ConvergenceWarning: Stochastic Optimizer: Maximum iterations (50) reached and the optimization hasn't converged yet.
  warnings.warn(
/data/home/rtabares/anaconda3/envs/pyth3.12/lib/python3.12/site-packages/sklearn/neural_network/_multilayer_perceptron.py:691: ConvergenceWarning: Stochastic Optimizer: Maximum iterations (50) reached and the optimization hasn't converged yet.
  warnings.warn(
/data/home/rtabares/anaconda3/envs/pyth3.12/lib/python3.12/site-packages/sklearn/neural_network/_multilayer_perceptron.py:691: ConvergenceWarning: Stochastic Optimizer: Maximum iterations (50) reached and the optimization hasn't converged yet.
  warnings.warn(
/data/home/rtabares/anaconda3/envs/pyth3.12/lib/python3.12/site-packages/sklearn/neural_network/_multilayer_perceptron.py:691: ConvergenceWarning: Stochastic Optimizer: Maximum iterations (50) reached and the optimization hasn't converged yet.
  warnings.warn(
/data/home/rtabares/anaconda3/envs/pyth3.12/lib/python3.12/site-packages/sklearn/neural_network/_multilayer_perceptron.py:691: ConvergenceWarning: Stochastic Optimizer: Maximum iterations (50) reached and the optimization hasn't converged yet.
  warnings.warn(
[I 2025-05-24 09:50:18,308] Trial 0 finished with value: 0.8232439487422877 and parameters: {'hidden_layer_sizes': (200,), 'max_iter': 50, 'alpha': 0.0001}. Best is trial 0 with value: 0.8232439487422877.
/data/home/rtabares/anaconda3/envs/pyth3.12/lib/python3.12/site-packages/sklearn/neural_network/_multilayer_perceptron.py:691: ConvergenceWarning: Stochastic Optimizer: Maximum iterations (50) reached and the optimization hasn't converged yet.
  warnings.warn(
/data/home/rtabares/anaconda3/envs/pyth3.12/lib/python3.12/site-packages/sklearn/neural_network/_multilayer_perceptron.py:691: ConvergenceWarning: Stochastic Optimizer: Maximum iterations (50) reached and the optimization hasn't converged yet.
  warnings.warn(
/data/home/rtabares/anaconda3/envs/pyth3.12/lib/python3.12/site-packages/sklearn/neural_network/_multilayer_perceptron.py:691: ConvergenceWarning: Stochastic Optimizer: Maximum iterations (50) reached and the optimization hasn't converged yet.
  warnings.warn(
/data/home/rtabares/anaconda3/envs/pyth3.12/lib/python3.12/site-packages/sklearn/neural_network/_multilayer_perceptron.py:691: ConvergenceWarning: Stochastic Optimizer: Maximum iterations (50) reached and the optimization hasn't converged yet.
  warnings.warn(
/data/home/rtabares/anaconda3/envs/pyth3.12/lib/python3.12/site-packages/sklearn/neural_network/_multilayer_perceptron.py:691: ConvergenceWarning: Stochastic Optimizer: Maximum iterations (50) reached and the optimization hasn't converged yet.
  warnings.warn(
[I 2025-05-24 09:50:19,754] Trial 1 finished with value: 0.8232185232897145 and parameters: {'hidden_layer_sizes': (200,), 'max_iter': 50, 'alpha': 0.001}. Best is trial 0 with value: 0.8232439487422877.
/data/home/rtabares/anaconda3/envs/pyth3.12/lib/python3.12/site-packages/sklearn/neural_network/_multilayer_perceptron.py:691: ConvergenceWarning: Stochastic Optimizer: Maximum iterations (50) reached and the optimization hasn't converged yet.
  warnings.warn(
/data/home/rtabares/anaconda3/envs/pyth3.12/lib/python3.12/site-packages/sklearn/neural_network/_multilayer_perceptron.py:691: ConvergenceWarning: Stochastic Optimizer: Maximum iterations (50) reached and the optimization hasn't converged yet.
  warnings.warn(
/data/home/rtabares/anaconda3/envs/pyth3.12/lib/python3.12/site-packages/sklearn/neural_network/_multilayer_perceptron.py:691: ConvergenceWarning: Stochastic Optimizer: Maximum iterations (50) reached and the optimization hasn't converged yet.
  warnings.warn(
/data/home/rtabares/anaconda3/envs/pyth3.12/lib/python3.12/site-packages/sklearn/neural_network/_multilayer_perceptron.py:691: ConvergenceWarning: Stochastic Optimizer: Maximum iterations (50) reached and the optimization hasn't converged yet.
  warnings.warn(
[I 2025-05-24 09:50:21,172] Trial 2 finished with value: 0.8235117635093904 and parameters: {'hidden_layer_sizes': (200,), 'max_iter': 50, 'alpha': 0.001}. Best is trial 2 with value: 0.8235117635093904.
/data/home/rtabares/anaconda3/envs/pyth3.12/lib/python3.12/site-packages/sklearn/neural_network/_multilayer_perceptron.py:691: ConvergenceWarning: Stochastic Optimizer: Maximum iterations (100) reached and the optimization hasn't converged yet.
  warnings.warn(
/data/home/rtabares/anaconda3/envs/pyth3.12/lib/python3.12/site-packages/sklearn/neural_network/_multilayer_perceptron.py:691: ConvergenceWarning: Stochastic Optimizer: Maximum iterations (100) reached and the optimization hasn't converged yet.
  warnings.warn(
/data/home/rtabares/anaconda3/envs/pyth3.12/lib/python3.12/site-packages/sklearn/neural_network/_multilayer_perceptron.py:691: ConvergenceWarning: Stochastic Optimizer: Maximum iterations (100) reached and the optimization hasn't converged yet.
  warnings.warn(
/data/home/rtabares/anaconda3/envs/pyth3.12/lib/python3.12/site-packages/sklearn/neural_network/_multilayer_perceptron.py:691: ConvergenceWarning: Stochastic Optimizer: Maximum iterations (100) reached and the optimization hasn't converged yet.
  warnings.warn(
/data/home/rtabares/anaconda3/envs/pyth3.12/lib/python3.12/site-packages/sklearn/neural_network/_multilayer_perceptron.py:691: ConvergenceWarning: Stochastic Optimizer: Maximum iterations (100) reached and the optimization hasn't converged yet.
  warnings.warn(
[I 2025-05-24 09:50:22,794] Trial 3 finished with value: 0.8211895721743847 and parameters: {'hidden_layer_sizes': (100,), 'max_iter': 100, 'alpha': 0.001}. Best is trial 2 with value: 0.8235117635093904.
/data/home/rtabares/anaconda3/envs/pyth3.12/lib/python3.12/site-packages/sklearn/neural_network/_multilayer_perceptron.py:691: ConvergenceWarning: Stochastic Optimizer: Maximum iterations (50) reached and the optimization hasn't converged yet.
  warnings.warn(
/data/home/rtabares/anaconda3/envs/pyth3.12/lib/python3.12/site-packages/sklearn/neural_network/_multilayer_perceptron.py:691: ConvergenceWarning: Stochastic Optimizer: Maximum iterations (50) reached and the optimization hasn't converged yet.
  warnings.warn(
/data/home/rtabares/anaconda3/envs/pyth3.12/lib/python3.12/site-packages/sklearn/neural_network/_multilayer_perceptron.py:691: ConvergenceWarning: Stochastic Optimizer: Maximum iterations (50) reached and the optimization hasn't converged yet.
  warnings.warn(
/data/home/rtabares/anaconda3/envs/pyth3.12/lib/python3.12/site-packages/sklearn/neural_network/_multilayer_perceptron.py:691: ConvergenceWarning: Stochastic Optimizer: Maximum iterations (50) reached and the optimization hasn't converged yet.
  warnings.warn(
/data/home/rtabares/anaconda3/envs/pyth3.12/lib/python3.12/site-packages/sklearn/neural_network/_multilayer_perceptron.py:691: ConvergenceWarning: Stochastic Optimizer: Maximum iterations (50) reached and the optimization hasn't converged yet.
  warnings.warn(
[I 2025-05-24 09:50:23,385] Trial 4 finished with value: 0.8203217167265576 and parameters: {'hidden_layer_sizes': (100,), 'max_iter': 50, 'alpha': 0.0001}. Best is trial 2 with value: 0.8235117635093904.
/data/home/rtabares/anaconda3/envs/pyth3.12/lib/python3.12/site-packages/sklearn/neural_network/_multilayer_perceptron.py:691: ConvergenceWarning: Stochastic Optimizer: Maximum iterations (50) reached and the optimization hasn't converged yet.
  warnings.warn(
[I 2025-05-24 09:50:23,982] Trial 5 finished with value: 0.821192114719642 and parameters: {'hidden_layer_sizes': (100,), 'max_iter': 50, 'alpha': 0.001}. Best is trial 2 with value: 0.8235117635093904.
/data/home/rtabares/anaconda3/envs/pyth3.12/lib/python3.12/site-packages/sklearn/neural_network/_multilayer_perceptron.py:691: ConvergenceWarning: Stochastic Optimizer: Maximum iterations (50) reached and the optimization hasn't converged yet.
  warnings.warn(
/data/home/rtabares/anaconda3/envs/pyth3.12/lib/python3.12/site-packages/sklearn/neural_network/_multilayer_perceptron.py:691: ConvergenceWarning: Stochastic Optimizer: Maximum iterations (50) reached and the optimization hasn't converged yet.
  warnings.warn(
/data/home/rtabares/anaconda3/envs/pyth3.12/lib/python3.12/site-packages/sklearn/neural_network/_multilayer_perceptron.py:691: ConvergenceWarning: Stochastic Optimizer: Maximum iterations (50) reached and the optimization hasn't converged yet.
  warnings.warn(
/data/home/rtabares/anaconda3/envs/pyth3.12/lib/python3.12/site-packages/sklearn/neural_network/_multilayer_perceptron.py:691: ConvergenceWarning: Stochastic Optimizer: Maximum iterations (50) reached and the optimization hasn't converged yet.
  warnings.warn(
/data/home/rtabares/anaconda3/envs/pyth3.12/lib/python3.12/site-packages/sklearn/neural_network/_multilayer_perceptron.py:691: ConvergenceWarning: Stochastic Optimizer: Maximum iterations (50) reached and the optimization hasn't converged yet.
  warnings.warn(
[I 2025-05-24 09:50:24,555] Trial 6 finished with value: 0.8214938300901755 and parameters: {'hidden_layer_sizes': (100,), 'max_iter': 50, 'alpha': 0.001}. Best is trial 2 with value: 0.8235117635093904.
/data/home/rtabares/anaconda3/envs/pyth3.12/lib/python3.12/site-packages/sklearn/neural_network/_multilayer_perceptron.py:691: ConvergenceWarning: Stochastic Optimizer: Maximum iterations (50) reached and the optimization hasn't converged yet.
  warnings.warn(
/data/home/rtabares/anaconda3/envs/pyth3.12/lib/python3.12/site-packages/sklearn/neural_network/_multilayer_perceptron.py:691: ConvergenceWarning: Stochastic Optimizer: Maximum iterations (50) reached and the optimization hasn't converged yet.
  warnings.warn(
/data/home/rtabares/anaconda3/envs/pyth3.12/lib/python3.12/site-packages/sklearn/neural_network/_multilayer_perceptron.py:691: ConvergenceWarning: Stochastic Optimizer: Maximum iterations (50) reached and the optimization hasn't converged yet.
  warnings.warn(
/data/home/rtabares/anaconda3/envs/pyth3.12/lib/python3.12/site-packages/sklearn/neural_network/_multilayer_perceptron.py:691: ConvergenceWarning: Stochastic Optimizer: Maximum iterations (50) reached and the optimization hasn't converged yet.
  warnings.warn(
/data/home/rtabares/anaconda3/envs/pyth3.12/lib/python3.12/site-packages/sklearn/neural_network/_multilayer_perceptron.py:691: ConvergenceWarning: Stochastic Optimizer: Maximum iterations (50) reached and the optimization hasn't converged yet.
  warnings.warn(
[I 2025-05-24 09:50:25,383] Trial 7 finished with value: 0.8237990711234661 and parameters: {'hidden_layer_sizes': (200,), 'max_iter': 50, 'alpha': 0.0001}. Best is trial 7 with value: 0.8237990711234661.
/data/home/rtabares/anaconda3/envs/pyth3.12/lib/python3.12/site-packages/sklearn/neural_network/_multilayer_perceptron.py:691: ConvergenceWarning: Stochastic Optimizer: Maximum iterations (50) reached and the optimization hasn't converged yet.
  warnings.warn(
/data/home/rtabares/anaconda3/envs/pyth3.12/lib/python3.12/site-packages/sklearn/neural_network/_multilayer_perceptron.py:691: ConvergenceWarning: Stochastic Optimizer: Maximum iterations (50) reached and the optimization hasn't converged yet.
  warnings.warn(
/data/home/rtabares/anaconda3/envs/pyth3.12/lib/python3.12/site-packages/sklearn/neural_network/_multilayer_perceptron.py:691: ConvergenceWarning: Stochastic Optimizer: Maximum iterations (50) reached and the optimization hasn't converged yet.
  warnings.warn(
/data/home/rtabares/anaconda3/envs/pyth3.12/lib/python3.12/site-packages/sklearn/neural_network/_multilayer_perceptron.py:691: ConvergenceWarning: Stochastic Optimizer: Maximum iterations (50) reached and the optimization hasn't converged yet.
  warnings.warn(
/data/home/rtabares/anaconda3/envs/pyth3.12/lib/python3.12/site-packages/sklearn/neural_network/_multilayer_perceptron.py:691: ConvergenceWarning: Stochastic Optimizer: Maximum iterations (50) reached and the optimization hasn't converged yet.
  warnings.warn(
[I 2025-05-24 09:50:25,960] Trial 8 finished with value: 0.8156646213302597 and parameters: {'hidden_layer_sizes': (100,), 'max_iter': 50, 'alpha': 0.001}. Best is trial 7 with value: 0.8237990711234661.
/data/home/rtabares/anaconda3/envs/pyth3.12/lib/python3.12/site-packages/sklearn/neural_network/_multilayer_perceptron.py:691: ConvergenceWarning: Stochastic Optimizer: Maximum iterations (50) reached and the optimization hasn't converged yet.
  warnings.warn(
/data/home/rtabares/anaconda3/envs/pyth3.12/lib/python3.12/site-packages/sklearn/neural_network/_multilayer_perceptron.py:691: ConvergenceWarning: Stochastic Optimizer: Maximum iterations (50) reached and the optimization hasn't converged yet.
  warnings.warn(
/data/home/rtabares/anaconda3/envs/pyth3.12/lib/python3.12/site-packages/sklearn/neural_network/_multilayer_perceptron.py:691: ConvergenceWarning: Stochastic Optimizer: Maximum iterations (50) reached and the optimization hasn't converged yet.
  warnings.warn(
/data/home/rtabares/anaconda3/envs/pyth3.12/lib/python3.12/site-packages/sklearn/neural_network/_multilayer_perceptron.py:691: ConvergenceWarning: Stochastic Optimizer: Maximum iterations (50) reached and the optimization hasn't converged yet.
  warnings.warn(
/data/home/rtabares/anaconda3/envs/pyth3.12/lib/python3.12/site-packages/sklearn/neural_network/_multilayer_perceptron.py:691: ConvergenceWarning: Stochastic Optimizer: Maximum iterations (50) reached and the optimization hasn't converged yet.
  warnings.warn(
[I 2025-05-24 09:50:26,902] Trial 9 finished with value: 0.8104057902230659 and parameters: {'hidden_layer_sizes': (100, 100), 'max_iter': 50, 'alpha': 0.0001}. Best is trial 7 with value: 0.8237990711234661.
[I 2025-05-24 09:51:03,072] A new study created in memory with name: naive_bayes
Parámetros guardados en checkpoint_shoppers_Doriginal_F/Full-data/IPC_0/best_models_Full-data_seed_0_space_original/mlp_best_params.json


>>> Optuna tuning naive_bayes metodo Full-data IPC 0 seed 0


[I 2025-05-24 09:51:05,435] Trial 0 finished with value: 0.6324081293647027 and parameters: {'var_smoothing': 1.2520653814999457e-09}. Best is trial 0 with value: 0.6324081293647027.
[I 2025-05-24 09:51:06,292] Trial 1 finished with value: 0.6353269713200895 and parameters: {'var_smoothing': 2.693883019285408e-09}. Best is trial 1 with value: 0.6353269713200895.
[I 2025-05-24 09:51:07,006] Trial 2 finished with value: 0.6335743101227203 and parameters: {'var_smoothing': 1.6051911333587584e-09}. Best is trial 1 with value: 0.6353269713200895.
[I 2025-05-24 09:51:07,133] Trial 3 finished with value: 0.6324081293647027 and parameters: {'var_smoothing': 1.2296071107325683e-09}. Best is trial 1 with value: 0.6353269713200895.
[I 2025-05-24 09:51:07,263] Trial 4 finished with value: 0.6321148891450268 and parameters: {'var_smoothing': 7.035737028722139e-10}. Best is trial 1 with value: 0.6353269713200895.
[I 2025-05-24 09:51:07,400] Trial 5 finished with value: 0.6347413383958235 and parameters: {'var_smoothing': 1.957889720121294e-09}. Best is trial 1 with value: 0.6353269713200895.
[I 2025-05-24 09:51:07,526] Trial 6 finished with value: 0.6324064343345313 and parameters: {'var_smoothing': 7.501954443620119e-10}. Best is trial 1 with value: 0.6353269713200895.
[I 2025-05-24 09:51:07,652] Trial 7 finished with value: 0.6373677876466202 and parameters: {'var_smoothing': 6.074996073425682e-09}. Best is trial 7 with value: 0.6373677876466202.
[I 2025-05-24 09:51:07,778] Trial 8 finished with value: 0.6376601803512102 and parameters: {'var_smoothing': 8.459126528049351e-09}. Best is trial 8 with value: 0.6376601803512102.
[I 2025-05-24 09:51:07,904] Trial 9 finished with value: 0.6324038917892738 and parameters: {'var_smoothing': 5.846326121643404e-10}. Best is trial 8 with value: 0.6376601803512102.
[I 2025-05-24 09:51:10,376] A new study created in memory with name: knn
Parámetros guardados en checkpoint_shoppers_Doriginal_F/Full-data/IPC_0/best_models_Full-data_seed_0_space_original/naive_bayes_best_params.json


>>> Optuna tuning knn metodo Full-data IPC 0 seed 0


[I 2025-05-24 09:51:12,538] Trial 0 finished with value: 0.7419757271679435 and parameters: {'n_neighbors': 7, 'leaf_size': 35, 'p': 1}. Best is trial 0 with value: 0.7419757271679435.
[I 2025-05-24 09:51:13,370] Trial 1 finished with value: 0.7242253712116076 and parameters: {'n_neighbors': 6, 'leaf_size': 33, 'p': 2}. Best is trial 0 with value: 0.7419757271679435.
[I 2025-05-24 09:51:14,256] Trial 2 finished with value: 0.7381915723099871 and parameters: {'n_neighbors': 10, 'leaf_size': 28, 'p': 1}. Best is trial 0 with value: 0.7419757271679435.
[I 2025-05-24 09:51:15,030] Trial 3 finished with value: 0.7364507763238187 and parameters: {'n_neighbors': 7, 'leaf_size': 39, 'p': 2}. Best is trial 0 with value: 0.7419757271679435.
[I 2025-05-24 09:51:15,217] Trial 4 finished with value: 0.7198564309444707 and parameters: {'n_neighbors': 3, 'leaf_size': 37, 'p': 2}. Best is trial 0 with value: 0.7419757271679435.
[I 2025-05-24 09:51:15,421] Trial 5 finished with value: 0.737906807241169 and parameters: {'n_neighbors': 10, 'leaf_size': 36, 'p': 2}. Best is trial 0 with value: 0.7419757271679435.
[I 2025-05-24 09:51:15,608] Trial 6 finished with value: 0.7198564309444707 and parameters: {'n_neighbors': 3, 'leaf_size': 33, 'p': 2}. Best is trial 0 with value: 0.7419757271679435.
[I 2025-05-24 09:51:15,795] Trial 7 finished with value: 0.7364507763238187 and parameters: {'n_neighbors': 7, 'leaf_size': 28, 'p': 2}. Best is trial 0 with value: 0.7419757271679435.
[I 2025-05-24 09:51:15,973] Trial 8 finished with value: 0.7242253712116076 and parameters: {'n_neighbors': 6, 'leaf_size': 31, 'p': 2}. Best is trial 0 with value: 0.7419757271679435.
