[I 2025-05-15 07:25:17,992] Trial 7 finished with value: 0.5 and parameters: {'n_estimators': 10, 'max_depth': 30, 'gamma': 0.8165284487704038, 'subsample': 0.5255714015506736, 'colsample_bytree': 0.594333867896554}. Best is trial 4 with value: 0.7166666666666666.
/data/home/rtabares/anaconda3/envs/pyth3.12/lib/python3.12/site-packages/xgboost/core.py:377: FutureWarning: Your system has an old version of glibc (< 2.28). We will stop supporting Linux distros with glibc older than 2.28 after **May 31, 2025**. Please upgrade to a recent Linux distro (with glibc >= 2.28) to use future versions of XGBoost.
Note: You have installed the 'manylinux2014' variant of XGBoost. Certain features such as GPU algorithms or federated learning are not available. To use these features, please upgrade to a recent Linux distro with glibc 2.28+, and install the 'manylinux_2_28' variant.
  warnings.warn(
[I 2025-05-15 07:25:18,051] Trial 8 finished with value: 0.8166666666666667 and parameters: {'n_estimators': 100, 'max_depth': 20, 'gamma': 0.6251497693480509, 'subsample': 0.9696496759824258, 'colsample_bytree': 0.9717700410079397}. Best is trial 8 with value: 0.8166666666666667.
/data/home/rtabares/anaconda3/envs/pyth3.12/lib/python3.12/site-packages/xgboost/core.py:377: FutureWarning: Your system has an old version of glibc (< 2.28). We will stop supporting Linux distros with glibc older than 2.28 after **May 31, 2025**. Please upgrade to a recent Linux distro (with glibc >= 2.28) to use future versions of XGBoost.
Note: You have installed the 'manylinux2014' variant of XGBoost. Certain features such as GPU algorithms or federated learning are not available. To use these features, please upgrade to a recent Linux distro with glibc 2.28+, and install the 'manylinux_2_28' variant.
  warnings.warn(
/data/home/rtabares/anaconda3/envs/pyth3.12/lib/python3.12/site-packages/xgboost/core.py:377: FutureWarning: Your system has an old version of glibc (< 2.28). We will stop supporting Linux distros with glibc older than 2.28 after **May 31, 2025**. Please upgrade to a recent Linux distro (with glibc >= 2.28) to use future versions of XGBoost.
Note: You have installed the 'manylinux2014' variant of XGBoost. Certain features such as GPU algorithms or federated learning are not available. To use these features, please upgrade to a recent Linux distro with glibc 2.28+, and install the 'manylinux_2_28' variant.
  warnings.warn(
/data/home/rtabares/anaconda3/envs/pyth3.12/lib/python3.12/site-packages/xgboost/core.py:377: FutureWarning: Your system has an old version of glibc (< 2.28). We will stop supporting Linux distros with glibc older than 2.28 after **May 31, 2025**. Please upgrade to a recent Linux distro (with glibc >= 2.28) to use future versions of XGBoost.
Note: You have installed the 'manylinux2014' variant of XGBoost. Certain features such as GPU algorithms or federated learning are not available. To use these features, please upgrade to a recent Linux distro with glibc 2.28+, and install the 'manylinux_2_28' variant.
  warnings.warn(
/data/home/rtabares/anaconda3/envs/pyth3.12/lib/python3.12/site-packages/xgboost/core.py:377: FutureWarning: Your system has an old version of glibc (< 2.28). We will stop supporting Linux distros with glibc older than 2.28 after **May 31, 2025**. Please upgrade to a recent Linux distro (with glibc >= 2.28) to use future versions of XGBoost.
Note: You have installed the 'manylinux2014' variant of XGBoost. Certain features such as GPU algorithms or federated learning are not available. To use these features, please upgrade to a recent Linux distro with glibc 2.28+, and install the 'manylinux_2_28' variant.
  warnings.warn(
[I 2025-05-15 07:25:18,101] Trial 9 finished with value: 0.5166666666666666 and parameters: {'n_estimators': 40, 'max_depth': 30, 'gamma': 0.9649927737686168, 'subsample': 0.6857563076640036, 'colsample_bytree': 0.5061847058001788}. Best is trial 8 with value: 0.8166666666666667.
/data/home/rtabares/anaconda3/envs/pyth3.12/lib/python3.12/site-packages/xgboost/core.py:377: FutureWarning: Your system has an old version of glibc (< 2.28). We will stop supporting Linux distros with glibc older than 2.28 after **May 31, 2025**. Please upgrade to a recent Linux distro (with glibc >= 2.28) to use future versions of XGBoost.
Note: You have installed the 'manylinux2014' variant of XGBoost. Certain features such as GPU algorithms or federated learning are not available. To use these features, please upgrade to a recent Linux distro with glibc 2.28+, and install the 'manylinux_2_28' variant.
  warnings.warn(
[I 2025-05-15 07:25:18,169] Trial 10 finished with value: 0.6166666666666666 and parameters: {'n_estimators': 100, 'max_depth': 20, 'gamma': 0.17962098877423716, 'subsample': 0.8375065199672742, 'colsample_bytree': 0.993585754266157}. Best is trial 8 with value: 0.8166666666666667.
/data/home/rtabares/anaconda3/envs/pyth3.12/lib/python3.12/site-packages/xgboost/core.py:377: FutureWarning: Your system has an old version of glibc (< 2.28). We will stop supporting Linux distros with glibc older than 2.28 after **May 31, 2025**. Please upgrade to a recent Linux distro (with glibc >= 2.28) to use future versions of XGBoost.
Note: You have installed the 'manylinux2014' variant of XGBoost. Certain features such as GPU algorithms or federated learning are not available. To use these features, please upgrade to a recent Linux distro with glibc 2.28+, and install the 'manylinux_2_28' variant.
  warnings.warn(
[I 2025-05-15 07:25:18,836] Trial 11 finished with value: 0.7166666666666666 and parameters: {'n_estimators': 100, 'max_depth': 5, 'gamma': 0.9966856929320722, 'subsample': 0.9889234202923451, 'colsample_bytree': 0.8430320461580855}. Best is trial 8 with value: 0.8166666666666667.
/data/home/rtabares/anaconda3/envs/pyth3.12/lib/python3.12/site-packages/xgboost/core.py:377: FutureWarning: Your system has an old version of glibc (< 2.28). We will stop supporting Linux distros with glibc older than 2.28 after **May 31, 2025**. Please upgrade to a recent Linux distro (with glibc >= 2.28) to use future versions of XGBoost.
Note: You have installed the 'manylinux2014' variant of XGBoost. Certain features such as GPU algorithms or federated learning are not available. To use these features, please upgrade to a recent Linux distro with glibc 2.28+, and install the 'manylinux_2_28' variant.
  warnings.warn(
/data/home/rtabares/anaconda3/envs/pyth3.12/lib/python3.12/site-packages/xgboost/core.py:377: FutureWarning: Your system has an old version of glibc (< 2.28). We will stop supporting Linux distros with glibc older than 2.28 after **May 31, 2025**. Please upgrade to a recent Linux distro (with glibc >= 2.28) to use future versions of XGBoost.
Note: You have installed the 'manylinux2014' variant of XGBoost. Certain features such as GPU algorithms or federated learning are not available. To use these features, please upgrade to a recent Linux distro with glibc 2.28+, and install the 'manylinux_2_28' variant.
  warnings.warn(
[I 2025-05-15 07:25:19,561] Trial 12 finished with value: 0.7166666666666666 and parameters: {'n_estimators': 100, 'max_depth': 5, 'gamma': 0.5587041989074392, 'subsample': 0.975822130144305, 'colsample_bytree': 0.8613659655163468}. Best is trial 8 with value: 0.8166666666666667.
[I 2025-05-15 07:25:19,612] Trial 13 finished with value: 0.6833333333333333 and parameters: {'n_estimators': 100, 'max_depth': 20, 'gamma': 0.6268924548506266, 'subsample': 0.8924371782526986, 'colsample_bytree': 0.6924810508973169}. Best is trial 8 with value: 0.8166666666666667.
[I 2025-05-15 07:25:19,661] Trial 14 finished with value: 0.7166666666666666 and parameters: {'n_estimators': 100, 'max_depth': 20, 'gamma': 0.8838918768784474, 'subsample': 0.9082372577556005, 'colsample_bytree': 0.9292677648182479}. Best is trial 8 with value: 0.8166666666666667.
[I 2025-05-15 07:25:19,718] Trial 15 finished with value: 0.6166666666666666 and parameters: {'n_estimators': 100, 'max_depth': 5, 'gamma': 0.6879849342040444, 'subsample': 0.807986642229855, 'colsample_bytree': 0.7319708886904824}. Best is trial 8 with value: 0.8166666666666667.
/data/home/rtabares/anaconda3/envs/pyth3.12/lib/python3.12/site-packages/xgboost/core.py:377: FutureWarning: Your system has an old version of glibc (< 2.28). We will stop supporting Linux distros with glibc older than 2.28 after **May 31, 2025**. Please upgrade to a recent Linux distro (with glibc >= 2.28) to use future versions of XGBoost.
Note: You have installed the 'manylinux2014' variant of XGBoost. Certain features such as GPU algorithms or federated learning are not available. To use these features, please upgrade to a recent Linux distro with glibc 2.28+, and install the 'manylinux_2_28' variant.
  warnings.warn(
/data/home/rtabares/anaconda3/envs/pyth3.12/lib/python3.12/site-packages/xgboost/core.py:377: FutureWarning: Your system has an old version of glibc (< 2.28). We will stop supporting Linux distros with glibc older than 2.28 after **May 31, 2025**. Please upgrade to a recent Linux distro (with glibc >= 2.28) to use future versions of XGBoost.
Note: You have installed the 'manylinux2014' variant of XGBoost. Certain features such as GPU algorithms or federated learning are not available. To use these features, please upgrade to a recent Linux distro with glibc 2.28+, and install the 'manylinux_2_28' variant.
  warnings.warn(
[I 2025-05-15 07:25:20,401] Trial 16 finished with value: 0.7166666666666666 and parameters: {'n_estimators': 100, 'max_depth': 20, 'gamma': 0.47258139308291736, 'subsample': 0.9500254455994962, 'colsample_bytree': 0.8810094054474}. Best is trial 8 with value: 0.8166666666666667.
[I 2025-05-15 07:25:20,450] Trial 17 finished with value: 0.6166666666666666 and parameters: {'n_estimators': 100, 'max_depth': 5, 'gamma': 0.22682713328941673, 'subsample': 0.8291187341488853, 'colsample_bytree': 0.778756778442348}. Best is trial 8 with value: 0.8166666666666667.
[I 2025-05-15 07:25:20,485] Trial 18 finished with value: 0.6166666666666666 and parameters: {'n_estimators': 40, 'max_depth': 5, 'gamma': 0.7299922607456302, 'subsample': 0.6354348582069866, 'colsample_bytree': 0.9121641030826433}. Best is trial 8 with value: 0.8166666666666667.
[I 2025-05-15 07:25:20,533] Trial 19 finished with value: 0.8166666666666667 and parameters: {'n_estimators': 10, 'max_depth': 20, 'gamma': 0.9120649714036264, 'subsample': 0.9977606439685928, 'colsample_bytree': 0.807169153415412}. Best is trial 8 with value: 0.8166666666666667.
[I 2025-05-15 07:25:20,575] Trial 20 finished with value: 0.7666666666666666 and parameters: {'n_estimators': 10, 'max_depth': 20, 'gamma': 0.599530203460218, 'subsample': 0.8712778952520595, 'colsample_bytree': 0.8296873265952424}. Best is trial 8 with value: 0.8166666666666667.
[I 2025-05-15 07:25:20,616] Trial 21 finished with value: 0.8166666666666667 and parameters: {'n_estimators': 10, 'max_depth': 20, 'gamma': 0.594995839165993, 'subsample': 0.8778545833075517, 'colsample_bytree': 0.8194441251948421}. Best is trial 8 with value: 0.8166666666666667.
[I 2025-05-15 07:25:20,654] Trial 22 finished with value: 0.8166666666666667 and parameters: {'n_estimators': 10, 'max_depth': 20, 'gamma': 0.4774737603440583, 'subsample': 0.9360267564370921, 'colsample_bytree': 0.7859539395088686}. Best is trial 8 with value: 0.8166666666666667.
[I 2025-05-15 07:25:20,694] Trial 23 finished with value: 0.8166666666666667 and parameters: {'n_estimators': 10, 'max_depth': 20, 'gamma': 0.33289292097583123, 'subsample': 0.9926702856284354, 'colsample_bytree': 0.7453957017346995}. Best is trial 8 with value: 0.8166666666666667.
[I 2025-05-15 07:25:20,735] Trial 24 finished with value: 0.8166666666666667 and parameters: {'n_estimators': 10, 'max_depth': 20, 'gamma': 0.4681786213092828, 'subsample': 0.8646007830402358, 'colsample_bytree': 0.9151271289050183}. Best is trial 8 with value: 0.8166666666666667.
[I 2025-05-15 07:25:20,780] Trial 25 finished with value: 0.6166666666666666 and parameters: {'n_estimators': 10, 'max_depth': 20, 'gamma': 0.10419992365893271, 'subsample': 0.783872743274476, 'colsample_bytree': 0.818334920838103}. Best is trial 8 with value: 0.8166666666666667.
[I 2025-05-15 07:25:20,824] Trial 26 finished with value: 0.8166666666666667 and parameters: {'n_estimators': 10, 'max_depth': 20, 'gamma': 0.7126670763831662, 'subsample': 0.9299260681998137, 'colsample_bytree': 0.7016702726071706}. Best is trial 8 with value: 0.8166666666666667.
[I 2025-05-15 07:25:20,866] Trial 27 finished with value: 0.8166666666666667 and parameters: {'n_estimators': 10, 'max_depth': 20, 'gamma': 0.9033729489824005, 'subsample': 0.9357099905715637, 'colsample_bytree': 0.9999953627410656}. Best is trial 8 with value: 0.8166666666666667.
[I 2025-05-15 07:25:20,904] Trial 28 finished with value: 0.7166666666666666 and parameters: {'n_estimators': 10, 'max_depth': 20, 'gamma': 0.749094563418905, 'subsample': 0.9987048615397089, 'colsample_bytree': 0.8897110317498109}. Best is trial 8 with value: 0.8166666666666667.
[I 2025-05-15 07:25:20,944] Trial 29 finished with value: 0.7166666666666666 and parameters: {'n_estimators': 40, 'max_depth': 20, 'gamma': 0.80118070289547, 'subsample': 0.869334595803107, 'colsample_bytree': 0.6544917722609221}. Best is trial 8 with value: 0.8166666666666667.
[I 2025-05-15 07:25:24,497] A new study created in memory with name: rf
Parámetros guardados en checkpoint_shoppers_Doriginal_F/k_center/IPC_11/best_models_k_center_seed_5_space_original/xgb_best_params.json


>>> Optuna tuning rf metodo k_center IPC 11 seed 5


[I 2025-05-15 07:25:27,003] Trial 0 finished with value: 0.5 and parameters: {'n_estimators': 189, 'max_depth': 18, 'min_samples_split': 3, 'min_samples_leaf': 10}. Best is trial 0 with value: 0.5.
[I 2025-05-15 07:25:27,454] Trial 1 finished with value: 0.3333333333333333 and parameters: {'n_estimators': 295, 'max_depth': 14, 'min_samples_split': 8, 'min_samples_leaf': 6}. Best is trial 0 with value: 0.5.
[I 2025-05-15 07:25:27,774] Trial 2 finished with value: 0.5 and parameters: {'n_estimators': 219, 'max_depth': 6, 'min_samples_split': 2, 'min_samples_leaf': 8}. Best is trial 0 with value: 0.5.
[I 2025-05-15 07:25:28,120] Trial 3 finished with value: 0.5666666666666667 and parameters: {'n_estimators': 276, 'max_depth': 5, 'min_samples_split': 9, 'min_samples_leaf': 3}. Best is trial 3 with value: 0.5666666666666667.
[I 2025-05-15 07:25:28,477] Trial 4 finished with value: 0.5666666666666667 and parameters: {'n_estimators': 266, 'max_depth': 8, 'min_samples_split': 7, 'min_samples_leaf': 6}. Best is trial 3 with value: 0.5666666666666667.
[I 2025-05-15 07:25:28,857] Trial 5 finished with value: 0.6333333333333333 and parameters: {'n_estimators': 340, 'max_depth': 7, 'min_samples_split': 4, 'min_samples_leaf': 3}. Best is trial 5 with value: 0.6333333333333333.
[I 2025-05-15 07:25:29,176] Trial 6 finished with value: 0.5 and parameters: {'n_estimators': 231, 'max_depth': 5, 'min_samples_split': 3, 'min_samples_leaf': 10}. Best is trial 5 with value: 0.6333333333333333.
[I 2025-05-15 07:25:29,757] Trial 7 finished with value: 0.4833333333333333 and parameters: {'n_estimators': 485, 'max_depth': 6, 'min_samples_split': 2, 'min_samples_leaf': 3}. Best is trial 5 with value: 0.6333333333333333.
[I 2025-05-15 07:25:30,186] Trial 8 finished with value: 0.4333333333333333 and parameters: {'n_estimators': 380, 'max_depth': 17, 'min_samples_split': 2, 'min_samples_leaf': 6}. Best is trial 5 with value: 0.6333333333333333.
[I 2025-05-15 07:25:30,352] Trial 9 finished with value: 0.5 and parameters: {'n_estimators': 100, 'max_depth': 12, 'min_samples_split': 7, 'min_samples_leaf': 10}. Best is trial 5 with value: 0.6333333333333333.
[I 2025-05-15 07:25:30,803] Trial 10 finished with value: 0.5166666666666666 and parameters: {'n_estimators': 384, 'max_depth': 10, 'min_samples_split': 5, 'min_samples_leaf': 2}. Best is trial 5 with value: 0.6333333333333333.
[I 2025-05-15 07:25:31,995] Trial 11 finished with value: 0.4666666666666666 and parameters: {'n_estimators': 364, 'max_depth': 4, 'min_samples_split': 10, 'min_samples_leaf': 4}. Best is trial 5 with value: 0.6333333333333333.
[I 2025-05-15 07:25:33,217] Trial 12 finished with value: 0.5333333333333333 and parameters: {'n_estimators': 463, 'max_depth': 3, 'min_samples_split': 5, 'min_samples_leaf': 1}. Best is trial 5 with value: 0.6333333333333333.
[I 2025-05-15 07:25:34,316] Trial 13 finished with value: 0.4333333333333333 and parameters: {'n_estimators': 321, 'max_depth': 9, 'min_samples_split': 10, 'min_samples_leaf': 4}. Best is trial 5 with value: 0.6333333333333333.
[I 2025-05-15 07:25:34,580] Trial 14 finished with value: 0.5833333333333333 and parameters: {'n_estimators': 173, 'max_depth': 7, 'min_samples_split': 5, 'min_samples_leaf': 1}. Best is trial 5 with value: 0.6333333333333333.
[I 2025-05-15 07:25:34,793] Trial 15 finished with value: 0.6166666666666666 and parameters: {'n_estimators': 138, 'max_depth': 12, 'min_samples_split': 5, 'min_samples_leaf': 1}. Best is trial 5 with value: 0.6333333333333333.
[I 2025-05-15 07:25:35,010] Trial 16 finished with value: 0.55 and parameters: {'n_estimators': 140, 'max_depth': 14, 'min_samples_split': 4, 'min_samples_leaf': 2}. Best is trial 5 with value: 0.6333333333333333.
[I 2025-05-15 07:25:35,528] Trial 17 finished with value: 0.5666666666666667 and parameters: {'n_estimators': 418, 'max_depth': 12, 'min_samples_split': 6, 'min_samples_leaf': 4}. Best is trial 5 with value: 0.6333333333333333.
[I 2025-05-15 07:25:35,902] Trial 18 finished with value: 0.6166666666666666 and parameters: {'n_estimators': 318, 'max_depth': 15, 'min_samples_split': 4, 'min_samples_leaf': 2}. Best is trial 5 with value: 0.6333333333333333.
[I 2025-05-15 07:25:36,451] Trial 19 finished with value: 0.6333333333333333 and parameters: {'n_estimators': 432, 'max_depth': 10, 'min_samples_split': 6, 'min_samples_leaf': 1}. Best is trial 5 with value: 0.6333333333333333.
[I 2025-05-15 07:25:36,986] Trial 20 finished with value: 0.4666666666666666 and parameters: {'n_estimators': 442, 'max_depth': 10, 'min_samples_split': 7, 'min_samples_leaf': 3}. Best is trial 5 with value: 0.6333333333333333.
[I 2025-05-15 07:25:37,469] Trial 21 finished with value: 0.5833333333333333 and parameters: {'n_estimators': 344, 'max_depth': 11, 'min_samples_split': 6, 'min_samples_leaf': 1}. Best is trial 5 with value: 0.6333333333333333.
[I 2025-05-15 07:25:37,907] Trial 22 finished with value: 0.5833333333333333 and parameters: {'n_estimators': 384, 'max_depth': 20, 'min_samples_split': 4, 'min_samples_leaf': 1}. Best is trial 5 with value: 0.6333333333333333.
[I 2025-05-15 07:25:38,393] Trial 23 finished with value: 0.5833333333333333 and parameters: {'n_estimators': 417, 'max_depth': 8, 'min_samples_split': 6, 'min_samples_leaf': 2}. Best is trial 5 with value: 0.6333333333333333.
[I 2025-05-15 07:25:38,760] Trial 24 finished with value: 0.36666666666666664 and parameters: {'n_estimators': 252, 'max_depth': 13, 'min_samples_split': 5, 'min_samples_leaf': 5}. Best is trial 5 with value: 0.6333333333333333.
[I 2025-05-15 07:25:39,349] Trial 25 finished with value: 0.5833333333333333 and parameters: {'n_estimators': 494, 'max_depth': 10, 'min_samples_split': 3, 'min_samples_leaf': 2}. Best is trial 5 with value: 0.6333333333333333.
[I 2025-05-15 07:25:39,845] Trial 26 finished with value: 0.5166666666666666 and parameters: {'n_estimators': 419, 'max_depth': 8, 'min_samples_split': 4, 'min_samples_leaf': 3}. Best is trial 5 with value: 0.6333333333333333.
[I 2025-05-15 07:25:40,016] Trial 27 finished with value: 0.6833333333333333 and parameters: {'n_estimators': 108, 'max_depth': 16, 'min_samples_split': 8, 'min_samples_leaf': 1}. Best is trial 27 with value: 0.6833333333333333.
[I 2025-05-15 07:25:40,393] Trial 28 finished with value: 0.45 and parameters: {'n_estimators': 336, 'max_depth': 16, 'min_samples_split': 8, 'min_samples_leaf': 5}. Best is trial 27 with value: 0.6833333333333333.
[I 2025-05-15 07:25:40,658] Trial 29 finished with value: 0.55 and parameters: {'n_estimators': 196, 'max_depth': 16, 'min_samples_split': 8, 'min_samples_leaf': 7}. Best is trial 27 with value: 0.6833333333333333.
[I 2025-05-15 07:25:45,406] A new study created in memory with name: svc
Parámetros guardados en checkpoint_shoppers_Doriginal_F/k_center/IPC_11/best_models_k_center_seed_5_space_original/rf_best_params.json


>>> Optuna tuning svc metodo k_center IPC 11 seed 5


[I 2025-05-15 07:25:47,361] Trial 0 finished with value: 0.35 and parameters: {'C': 0.07726319876517104, 'gamma': 0.3040389504793042}. Best is trial 0 with value: 0.35.
[I 2025-05-15 07:25:47,453] Trial 1 finished with value: 0.35 and parameters: {'C': 0.06712381339142241, 'gamma': 0.47254549996710477}. Best is trial 0 with value: 0.35.
[I 2025-05-15 07:25:47,471] Trial 2 finished with value: 0.3 and parameters: {'C': 0.8987621100554035, 'gamma': 0.027988231123708972}. Best is trial 0 with value: 0.35.
[I 2025-05-15 07:25:47,486] Trial 3 finished with value: 0.25 and parameters: {'C': 11.5779435007655, 'gamma': 0.011848734045499056}. Best is trial 0 with value: 0.35.
[I 2025-05-15 07:25:47,501] Trial 4 finished with value: 0.5 and parameters: {'C': 0.1538870258903583, 'gamma': 0.0005634883151169033}. Best is trial 4 with value: 0.5.
[I 2025-05-15 07:25:47,514] Trial 5 finished with value: 0.35 and parameters: {'C': 0.021036092656561454, 'gamma': 0.08990030906808326}. Best is trial 4 with value: 0.5.
[I 2025-05-15 07:25:47,528] Trial 6 finished with value: 0.5 and parameters: {'C': 0.5824208201678516, 'gamma': 0.00042977333932534993}. Best is trial 4 with value: 0.5.
[I 2025-05-15 07:25:47,541] Trial 7 finished with value: 0.25 and parameters: {'C': 33.09391330085814, 'gamma': 0.001248377256719358}. Best is trial 4 with value: 0.5.
