[I 2025-05-15 07:24:12,053] Trial 9 finished with value: 0.8666666666666666 and parameters: {'n_estimators': 40, 'max_depth': 30, 'gamma': 0.9649927737686168, 'subsample': 0.6857563076640036, 'colsample_bytree': 0.5061847058001788}. Best is trial 4 with value: 0.8666666666666666.
/data/home/rtabares/anaconda3/envs/pyth3.12/lib/python3.12/site-packages/xgboost/core.py:377: FutureWarning: Your system has an old version of glibc (< 2.28). We will stop supporting Linux distros with glibc older than 2.28 after **May 31, 2025**. Please upgrade to a recent Linux distro (with glibc >= 2.28) to use future versions of XGBoost.
Note: You have installed the 'manylinux2014' variant of XGBoost. Certain features such as GPU algorithms or federated learning are not available. To use these features, please upgrade to a recent Linux distro with glibc 2.28+, and install the 'manylinux_2_28' variant.
  warnings.warn(
/data/home/rtabares/anaconda3/envs/pyth3.12/lib/python3.12/site-packages/xgboost/core.py:377: FutureWarning: Your system has an old version of glibc (< 2.28). We will stop supporting Linux distros with glibc older than 2.28 after **May 31, 2025**. Please upgrade to a recent Linux distro (with glibc >= 2.28) to use future versions of XGBoost.
Note: You have installed the 'manylinux2014' variant of XGBoost. Certain features such as GPU algorithms or federated learning are not available. To use these features, please upgrade to a recent Linux distro with glibc 2.28+, and install the 'manylinux_2_28' variant.
  warnings.warn(
[I 2025-05-15 07:24:12,112] Trial 10 finished with value: 0.8166666666666667 and parameters: {'n_estimators': 100, 'max_depth': 5, 'gamma': 0.17962098877423716, 'subsample': 0.8389320138640859, 'colsample_bytree': 0.7898330861721071}. Best is trial 4 with value: 0.8666666666666666.
/data/home/rtabares/anaconda3/envs/pyth3.12/lib/python3.12/site-packages/xgboost/core.py:377: FutureWarning: Your system has an old version of glibc (< 2.28). We will stop supporting Linux distros with glibc older than 2.28 after **May 31, 2025**. Please upgrade to a recent Linux distro (with glibc >= 2.28) to use future versions of XGBoost.
Note: You have installed the 'manylinux2014' variant of XGBoost. Certain features such as GPU algorithms or federated learning are not available. To use these features, please upgrade to a recent Linux distro with glibc 2.28+, and install the 'manylinux_2_28' variant.
  warnings.warn(
/data/home/rtabares/anaconda3/envs/pyth3.12/lib/python3.12/site-packages/xgboost/core.py:377: FutureWarning: Your system has an old version of glibc (< 2.28). We will stop supporting Linux distros with glibc older than 2.28 after **May 31, 2025**. Please upgrade to a recent Linux distro (with glibc >= 2.28) to use future versions of XGBoost.
Note: You have installed the 'manylinux2014' variant of XGBoost. Certain features such as GPU algorithms or federated learning are not available. To use these features, please upgrade to a recent Linux distro with glibc 2.28+, and install the 'manylinux_2_28' variant.
  warnings.warn(
/data/home/rtabares/anaconda3/envs/pyth3.12/lib/python3.12/site-packages/xgboost/core.py:377: FutureWarning: Your system has an old version of glibc (< 2.28). We will stop supporting Linux distros with glibc older than 2.28 after **May 31, 2025**. Please upgrade to a recent Linux distro (with glibc >= 2.28) to use future versions of XGBoost.
Note: You have installed the 'manylinux2014' variant of XGBoost. Certain features such as GPU algorithms or federated learning are not available. To use these features, please upgrade to a recent Linux distro with glibc 2.28+, and install the 'manylinux_2_28' variant.
  warnings.warn(
[I 2025-05-15 07:24:12,940] Trial 11 finished with value: 0.8166666666666667 and parameters: {'n_estimators': 40, 'max_depth': 5, 'gamma': 0.4958460306839802, 'subsample': 0.6388052294316233, 'colsample_bytree': 0.5021847705422506}. Best is trial 4 with value: 0.8666666666666666.
/data/home/rtabares/anaconda3/envs/pyth3.12/lib/python3.12/site-packages/xgboost/core.py:377: FutureWarning: Your system has an old version of glibc (< 2.28). We will stop supporting Linux distros with glibc older than 2.28 after **May 31, 2025**. Please upgrade to a recent Linux distro (with glibc >= 2.28) to use future versions of XGBoost.
Note: You have installed the 'manylinux2014' variant of XGBoost. Certain features such as GPU algorithms or federated learning are not available. To use these features, please upgrade to a recent Linux distro with glibc 2.28+, and install the 'manylinux_2_28' variant.
  warnings.warn(
/data/home/rtabares/anaconda3/envs/pyth3.12/lib/python3.12/site-packages/xgboost/core.py:377: FutureWarning: Your system has an old version of glibc (< 2.28). We will stop supporting Linux distros with glibc older than 2.28 after **May 31, 2025**. Please upgrade to a recent Linux distro (with glibc >= 2.28) to use future versions of XGBoost.
Note: You have installed the 'manylinux2014' variant of XGBoost. Certain features such as GPU algorithms or federated learning are not available. To use these features, please upgrade to a recent Linux distro with glibc 2.28+, and install the 'manylinux_2_28' variant.
  warnings.warn(
/data/home/rtabares/anaconda3/envs/pyth3.12/lib/python3.12/site-packages/xgboost/core.py:377: FutureWarning: Your system has an old version of glibc (< 2.28). We will stop supporting Linux distros with glibc older than 2.28 after **May 31, 2025**. Please upgrade to a recent Linux distro (with glibc >= 2.28) to use future versions of XGBoost.
Note: You have installed the 'manylinux2014' variant of XGBoost. Certain features such as GPU algorithms or federated learning are not available. To use these features, please upgrade to a recent Linux distro with glibc 2.28+, and install the 'manylinux_2_28' variant.
  warnings.warn(
[I 2025-05-15 07:24:13,714] Trial 12 finished with value: 0.8166666666666667 and parameters: {'n_estimators': 40, 'max_depth': 5, 'gamma': 0.9503293090797886, 'subsample': 0.7964049031761566, 'colsample_bytree': 0.7136404265878388}. Best is trial 4 with value: 0.8666666666666666.
[I 2025-05-15 07:24:13,765] Trial 13 finished with value: 0.8666666666666666 and parameters: {'n_estimators': 100, 'max_depth': 5, 'gamma': 0.5028298763343629, 'subsample': 0.9864557349386933, 'colsample_bytree': 0.5637454603515166}. Best is trial 4 with value: 0.8666666666666666.
[I 2025-05-15 07:24:13,805] Trial 14 finished with value: 0.8666666666666666 and parameters: {'n_estimators': 40, 'max_depth': 5, 'gamma': 0.10994622175030377, 'subsample': 0.8650953981189207, 'colsample_bytree': 0.8556872056092556}. Best is trial 4 with value: 0.8666666666666666.
[I 2025-05-15 07:24:13,854] Trial 15 finished with value: 0.8166666666666667 and parameters: {'n_estimators': 100, 'max_depth': 5, 'gamma': 0.6690182864304741, 'subsample': 0.6323590052256336, 'colsample_bytree': 0.6877103829957787}. Best is trial 4 with value: 0.8666666666666666.
[I 2025-05-15 07:24:13,902] Trial 16 finished with value: 0.8666666666666666 and parameters: {'n_estimators': 40, 'max_depth': 5, 'gamma': 0.3427399700148222, 'subsample': 0.9159943330969399, 'colsample_bytree': 0.5514812265798457}. Best is trial 4 with value: 0.8666666666666666.
/data/home/rtabares/anaconda3/envs/pyth3.12/lib/python3.12/site-packages/xgboost/core.py:377: FutureWarning: Your system has an old version of glibc (< 2.28). We will stop supporting Linux distros with glibc older than 2.28 after **May 31, 2025**. Please upgrade to a recent Linux distro (with glibc >= 2.28) to use future versions of XGBoost.
Note: You have installed the 'manylinux2014' variant of XGBoost. Certain features such as GPU algorithms or federated learning are not available. To use these features, please upgrade to a recent Linux distro with glibc 2.28+, and install the 'manylinux_2_28' variant.
  warnings.warn(
[I 2025-05-15 07:24:14,566] Trial 17 finished with value: 0.8666666666666666 and parameters: {'n_estimators': 100, 'max_depth': 5, 'gamma': 0.5519359663755917, 'subsample': 0.607018310659449, 'colsample_bytree': 0.616639976003251}. Best is trial 4 with value: 0.8666666666666666.
[I 2025-05-15 07:24:14,606] Trial 18 finished with value: 0.8166666666666667 and parameters: {'n_estimators': 40, 'max_depth': 5, 'gamma': 0.8855948128463448, 'subsample': 0.7895639672629866, 'colsample_bytree': 0.5320510391729214}. Best is trial 4 with value: 0.8666666666666666.
[I 2025-05-15 07:24:14,646] Trial 19 finished with value: 0.8166666666666667 and parameters: {'n_estimators': 10, 'max_depth': 20, 'gamma': 0.25876906667573235, 'subsample': 0.7337148117141207, 'colsample_bytree': 0.8939897642058054}. Best is trial 4 with value: 0.8666666666666666.
[I 2025-05-15 07:24:14,686] Trial 20 finished with value: 0.8333333333333333 and parameters: {'n_estimators': 100, 'max_depth': 5, 'gamma': 0.7272771778428742, 'subsample': 0.9354023566439638, 'colsample_bytree': 0.7041671121558011}. Best is trial 4 with value: 0.8666666666666666.
[I 2025-05-15 07:24:14,737] Trial 21 finished with value: 0.8666666666666666 and parameters: {'n_estimators': 100, 'max_depth': 20, 'gamma': 0.5853115522807133, 'subsample': 0.9899285365556719, 'colsample_bytree': 0.9799081111263114}. Best is trial 4 with value: 0.8666666666666666.
[I 2025-05-15 07:24:14,794] Trial 22 finished with value: 0.8666666666666666 and parameters: {'n_estimators': 100, 'max_depth': 20, 'gamma': 0.6248107646220841, 'subsample': 0.9511194916944845, 'colsample_bytree': 0.8699659535020343}. Best is trial 4 with value: 0.8666666666666666.
[I 2025-05-15 07:24:14,841] Trial 23 finished with value: 0.8666666666666666 and parameters: {'n_estimators': 100, 'max_depth': 20, 'gamma': 0.42369455662730704, 'subsample': 0.8699286036398697, 'colsample_bytree': 0.7655246316555487}. Best is trial 4 with value: 0.8666666666666666.
[I 2025-05-15 07:24:14,891] Trial 24 finished with value: 0.8666666666666666 and parameters: {'n_estimators': 100, 'max_depth': 20, 'gamma': 0.7223702689142706, 'subsample': 0.9643786275981885, 'colsample_bytree': 0.8321591118652684}. Best is trial 4 with value: 0.8666666666666666.
[I 2025-05-15 07:24:14,941] Trial 25 finished with value: 0.8166666666666667 and parameters: {'n_estimators': 40, 'max_depth': 20, 'gamma': 0.8784336314669443, 'subsample': 0.8266890330308758, 'colsample_bytree': 0.9398173090530275}. Best is trial 4 with value: 0.8666666666666666.
[I 2025-05-15 07:24:14,989] Trial 26 finished with value: 0.8666666666666666 and parameters: {'n_estimators': 100, 'max_depth': 5, 'gamma': 0.48756234760916256, 'subsample': 0.8893076947336926, 'colsample_bytree': 0.9214958752442012}. Best is trial 4 with value: 0.8666666666666666.
[I 2025-05-15 07:24:15,039] Trial 27 finished with value: 0.8166666666666667 and parameters: {'n_estimators': 100, 'max_depth': 5, 'gamma': 0.5971636217108092, 'subsample': 0.6665840790969253, 'colsample_bytree': 0.6353117283303571}. Best is trial 4 with value: 0.8666666666666666.
[I 2025-05-15 07:24:15,083] Trial 28 finished with value: 0.8666666666666666 and parameters: {'n_estimators': 10, 'max_depth': 30, 'gamma': 0.7222145323441702, 'subsample': 0.9987048615397089, 'colsample_bytree': 0.5339770643572692}. Best is trial 4 with value: 0.8666666666666666.
[I 2025-05-15 07:24:15,132] Trial 29 finished with value: 0.8166666666666667 and parameters: {'n_estimators': 40, 'max_depth': 20, 'gamma': 0.8733487287398106, 'subsample': 0.7643976228376265, 'colsample_bytree': 0.6829609310507976}. Best is trial 4 with value: 0.8666666666666666.
[I 2025-05-15 07:24:17,311] A new study created in memory with name: rf
Parámetros guardados en checkpoint_shoppers_Doriginal_F/ag/IPC_11/best_models_ag_seed_5_space_original/xgb_best_params.json


>>> Optuna tuning rf metodo ag IPC 11 seed 5


[I 2025-05-15 07:24:21,248] Trial 0 finished with value: 0.5 and parameters: {'n_estimators': 189, 'max_depth': 18, 'min_samples_split': 3, 'min_samples_leaf': 10}. Best is trial 0 with value: 0.5.
[I 2025-05-15 07:24:21,884] Trial 1 finished with value: 0.7666666666666666 and parameters: {'n_estimators': 295, 'max_depth': 14, 'min_samples_split': 8, 'min_samples_leaf': 6}. Best is trial 1 with value: 0.7666666666666666.
[I 2025-05-15 07:24:22,184] Trial 2 finished with value: 0.5 and parameters: {'n_estimators': 219, 'max_depth': 6, 'min_samples_split': 2, 'min_samples_leaf': 8}. Best is trial 1 with value: 0.7666666666666666.
[I 2025-05-15 07:24:22,607] Trial 3 finished with value: 0.85 and parameters: {'n_estimators': 276, 'max_depth': 5, 'min_samples_split': 9, 'min_samples_leaf': 3}. Best is trial 3 with value: 0.85.
[I 2025-05-15 07:24:22,980] Trial 4 finished with value: 0.7833333333333333 and parameters: {'n_estimators': 266, 'max_depth': 8, 'min_samples_split': 7, 'min_samples_leaf': 6}. Best is trial 3 with value: 0.85.
[I 2025-05-15 07:24:23,432] Trial 5 finished with value: 0.9 and parameters: {'n_estimators': 340, 'max_depth': 7, 'min_samples_split': 4, 'min_samples_leaf': 3}. Best is trial 5 with value: 0.9.
[I 2025-05-15 07:24:23,785] Trial 6 finished with value: 0.5 and parameters: {'n_estimators': 231, 'max_depth': 5, 'min_samples_split': 3, 'min_samples_leaf': 10}. Best is trial 5 with value: 0.9.
[I 2025-05-15 07:24:24,397] Trial 7 finished with value: 0.85 and parameters: {'n_estimators': 485, 'max_depth': 6, 'min_samples_split': 2, 'min_samples_leaf': 3}. Best is trial 5 with value: 0.9.
[I 2025-05-15 07:24:24,867] Trial 8 finished with value: 0.85 and parameters: {'n_estimators': 380, 'max_depth': 17, 'min_samples_split': 2, 'min_samples_leaf': 6}. Best is trial 5 with value: 0.9.
[I 2025-05-15 07:24:25,112] Trial 9 finished with value: 0.5 and parameters: {'n_estimators': 100, 'max_depth': 12, 'min_samples_split': 7, 'min_samples_leaf': 10}. Best is trial 5 with value: 0.9.
[I 2025-05-15 07:24:26,220] Trial 10 finished with value: 0.9 and parameters: {'n_estimators': 384, 'max_depth': 10, 'min_samples_split': 5, 'min_samples_leaf': 2}. Best is trial 5 with value: 0.9.
[I 2025-05-15 07:24:27,484] Trial 11 finished with value: 0.85 and parameters: {'n_estimators': 391, 'max_depth': 10, 'min_samples_split': 5, 'min_samples_leaf': 1}. Best is trial 5 with value: 0.9.
[I 2025-05-15 07:24:28,020] Trial 12 finished with value: 0.9 and parameters: {'n_estimators': 410, 'max_depth': 10, 'min_samples_split': 5, 'min_samples_leaf': 2}. Best is trial 5 with value: 0.9.
[I 2025-05-15 07:24:29,340] Trial 13 finished with value: 0.9 and parameters: {'n_estimators': 349, 'max_depth': 14, 'min_samples_split': 5, 'min_samples_leaf': 4}. Best is trial 5 with value: 0.9.
[I 2025-05-15 07:24:29,905] Trial 14 finished with value: 0.9 and parameters: {'n_estimators': 468, 'max_depth': 8, 'min_samples_split': 6, 'min_samples_leaf': 1}. Best is trial 5 with value: 0.9.
[I 2025-05-15 07:24:30,339] Trial 15 finished with value: 0.7666666666666666 and parameters: {'n_estimators': 345, 'max_depth': 3, 'min_samples_split': 4, 'min_samples_leaf': 4}. Best is trial 5 with value: 0.9.
[I 2025-05-15 07:24:30,871] Trial 16 finished with value: 0.85 and parameters: {'n_estimators': 436, 'max_depth': 20, 'min_samples_split': 10, 'min_samples_leaf': 4}. Best is trial 5 with value: 0.9.
[I 2025-05-15 07:24:31,328] Trial 17 finished with value: 0.85 and parameters: {'n_estimators': 341, 'max_depth': 12, 'min_samples_split': 4, 'min_samples_leaf': 2}. Best is trial 5 with value: 0.9.
[I 2025-05-15 07:24:31,751] Trial 18 finished with value: 0.85 and parameters: {'n_estimators': 318, 'max_depth': 8, 'min_samples_split': 6, 'min_samples_leaf': 5}. Best is trial 5 with value: 0.9.
[I 2025-05-15 07:24:32,283] Trial 19 finished with value: 0.85 and parameters: {'n_estimators': 432, 'max_depth': 10, 'min_samples_split': 4, 'min_samples_leaf': 2}. Best is trial 5 with value: 0.9.
[I 2025-05-15 07:24:32,557] Trial 20 finished with value: 0.9 and parameters: {'n_estimators': 168, 'max_depth': 3, 'min_samples_split': 7, 'min_samples_leaf': 3}. Best is trial 5 with value: 0.9.
[I 2025-05-15 07:24:33,109] Trial 21 finished with value: 0.85 and parameters: {'n_estimators': 400, 'max_depth': 10, 'min_samples_split': 5, 'min_samples_leaf': 2}. Best is trial 5 with value: 0.9.
[I 2025-05-15 07:24:33,924] Trial 22 finished with value: 0.85 and parameters: {'n_estimators': 454, 'max_depth': 14, 'min_samples_split': 5, 'min_samples_leaf': 1}. Best is trial 5 with value: 0.9.
[I 2025-05-15 07:24:34,743] Trial 23 finished with value: 0.85 and parameters: {'n_estimators': 411, 'max_depth': 9, 'min_samples_split': 3, 'min_samples_leaf': 2}. Best is trial 5 with value: 0.9.
[I 2025-05-15 07:24:35,333] Trial 24 finished with value: 0.9 and parameters: {'n_estimators': 372, 'max_depth': 11, 'min_samples_split': 4, 'min_samples_leaf': 5}. Best is trial 5 with value: 0.9.
[I 2025-05-15 07:24:35,945] Trial 25 finished with value: 0.9 and parameters: {'n_estimators': 494, 'max_depth': 7, 'min_samples_split': 6, 'min_samples_leaf': 3}. Best is trial 5 with value: 0.9.
[I 2025-05-15 07:24:36,380] Trial 26 finished with value: 0.85 and parameters: {'n_estimators': 322, 'max_depth': 12, 'min_samples_split': 6, 'min_samples_leaf': 1}. Best is trial 5 with value: 0.9.
[I 2025-05-15 07:24:36,863] Trial 27 finished with value: 0.75 and parameters: {'n_estimators': 413, 'max_depth': 13, 'min_samples_split': 5, 'min_samples_leaf': 7}. Best is trial 5 with value: 0.9.
[I 2025-05-15 07:24:37,391] Trial 28 finished with value: 0.8166666666666667 and parameters: {'n_estimators': 369, 'max_depth': 16, 'min_samples_split': 3, 'min_samples_leaf': 4}. Best is trial 5 with value: 0.9.
[I 2025-05-15 07:24:38,005] Trial 29 finished with value: 0.9 and parameters: {'n_estimators': 433, 'max_depth': 9, 'min_samples_split': 4, 'min_samples_leaf': 2}. Best is trial 5 with value: 0.9.
[I 2025-05-15 07:24:45,035] A new study created in memory with name: svc
Parámetros guardados en checkpoint_shoppers_Doriginal_F/ag/IPC_11/best_models_ag_seed_5_space_original/rf_best_params.json


>>> Optuna tuning svc metodo ag IPC 11 seed 5


[I 2025-05-15 07:24:47,208] Trial 0 finished with value: 0.45 and parameters: {'C': 0.07726319876517104, 'gamma': 0.3040389504793042}. Best is trial 0 with value: 0.45.
[I 2025-05-15 07:24:47,290] Trial 1 finished with value: 0.35 and parameters: {'C': 0.06712381339142241, 'gamma': 0.47254549996710477}. Best is trial 0 with value: 0.45.
[I 2025-05-15 07:24:47,305] Trial 2 finished with value: 0.5166666666666666 and parameters: {'C': 0.8987621100554035, 'gamma': 0.027988231123708972}. Best is trial 2 with value: 0.5166666666666666.
[I 2025-05-15 07:24:47,319] Trial 3 finished with value: 0.5 and parameters: {'C': 11.5779435007655, 'gamma': 0.011848734045499056}. Best is trial 2 with value: 0.5166666666666666.
[I 2025-05-15 07:24:47,337] Trial 4 finished with value: 0.5 and parameters: {'C': 0.1538870258903583, 'gamma': 0.0005634883151169033}. Best is trial 2 with value: 0.5166666666666666.
[I 2025-05-15 07:24:47,352] Trial 5 finished with value: 0.45 and parameters: {'C': 0.021036092656561454, 'gamma': 0.08990030906808326}. Best is trial 2 with value: 0.5166666666666666.
[I 2025-05-15 07:24:47,367] Trial 6 finished with value: 0.5 and parameters: {'C': 0.5824208201678516, 'gamma': 0.00042977333932534993}. Best is trial 2 with value: 0.5166666666666666.
[I 2025-05-15 07:24:47,382] Trial 7 finished with value: 0.5 and parameters: {'C': 33.09391330085814, 'gamma': 0.001248377256719358}. Best is trial 2 with value: 0.5166666666666666.
[I 2025-05-15 07:24:47,396] Trial 8 finished with value: 0.5 and parameters: {'C': 0.45387898639622015, 'gamma': 0.0015286910781809498}. Best is trial 2 with value: 0.5166666666666666.
[I 2025-05-15 07:24:47,411] Trial 9 finished with value: 0.5 and parameters: {'C': 3.274550070431994, 'gamma': 0.02086177421469992}. Best is trial 2 with value: 0.5166666666666666.
[I 2025-05-15 07:24:47,435] Trial 10 finished with value: 0.4666666666666666 and parameters: {'C': 3.454225646092145, 'gamma': 0.04920330178902686}. Best is trial 2 with value: 0.5166666666666666.
[I 2025-05-15 07:24:48,092] Trial 11 finished with value: 0.5666666666666667 and parameters: {'C': 83.38338477130266, 'gamma': 0.006119939775279376}. Best is trial 11 with value: 0.5666666666666667.
[I 2025-05-15 07:24:48,918] Trial 12 finished with value: 0.6 and parameters: {'C': 93.69931513607528, 'gamma': 0.004023333967778063}. Best is trial 12 with value: 0.6.
[I 2025-05-15 07:24:48,950] Trial 13 finished with value: 0.55 and parameters: {'C': 91.69122343204516, 'gamma': 0.003003061328470697}. Best is trial 12 with value: 0.6.
[I 2025-05-15 07:24:48,979] Trial 14 finished with value: 0.5333333333333333 and parameters: {'C': 84.22769317068926, 'gamma': 0.00010410657631139162}. Best is trial 12 with value: 0.6.
[I 2025-05-15 07:24:48,998] Trial 15 finished with value: 0.5 and parameters: {'C': 15.77698372999138, 'gamma': 0.004278080280490075}. Best is trial 12 with value: 0.6.
[I 2025-05-15 07:24:49,028] Trial 16 finished with value: 0.5 and parameters: {'C': 5.107083463809838, 'gamma': 0.006430988496227784}. Best is trial 12 with value: 0.6.
[I 2025-05-15 07:24:49,047] Trial 17 finished with value: 0.5333333333333333 and parameters: {'C': 37.00894545880389, 'gamma': 0.00015714202979752356}. Best is trial 12 with value: 0.6.
[I 2025-05-15 07:24:49,071] Trial 18 finished with value: 0.45 and parameters: {'C': 23.42955105689693, 'gamma': 0.1706665197066309}. Best is trial 12 with value: 0.6.
[I 2025-05-15 07:24:49,109] Trial 19 finished with value: 0.5 and parameters: {'C': 8.998242762893257, 'gamma': 0.010541168399985817}. Best is trial 12 with value: 0.6.
[I 2025-05-15 07:24:49,129] Trial 20 finished with value: 0.5 and parameters: {'C': 53.615474060583765, 'gamma': 0.0026579625881494075}. Best is trial 12 with value: 0.6.
