[I 2025-05-15 08:29:53,703] Trial 26 finished with value: 0.7319444444444444 and parameters: {'hidden_layer_sizes': (100,), 'max_iter': 100, 'alpha': 0.001}. Best is trial 2 with value: 0.788888888888889.
/data/home/rtabares/anaconda3/envs/pyth3.12/lib/python3.12/site-packages/sklearn/neural_network/_multilayer_perceptron.py:691: ConvergenceWarning: Stochastic Optimizer: Maximum iterations (50) reached and the optimization hasn't converged yet.
  warnings.warn(
/data/home/rtabares/anaconda3/envs/pyth3.12/lib/python3.12/site-packages/sklearn/neural_network/_multilayer_perceptron.py:691: ConvergenceWarning: Stochastic Optimizer: Maximum iterations (50) reached and the optimization hasn't converged yet.
  warnings.warn(
/data/home/rtabares/anaconda3/envs/pyth3.12/lib/python3.12/site-packages/sklearn/neural_network/_multilayer_perceptron.py:691: ConvergenceWarning: Stochastic Optimizer: Maximum iterations (50) reached and the optimization hasn't converged yet.
  warnings.warn(
/data/home/rtabares/anaconda3/envs/pyth3.12/lib/python3.12/site-packages/sklearn/neural_network/_multilayer_perceptron.py:691: ConvergenceWarning: Stochastic Optimizer: Maximum iterations (50) reached and the optimization hasn't converged yet.
  warnings.warn(
/data/home/rtabares/anaconda3/envs/pyth3.12/lib/python3.12/site-packages/sklearn/neural_network/_multilayer_perceptron.py:691: ConvergenceWarning: Stochastic Optimizer: Maximum iterations (50) reached and the optimization hasn't converged yet.
  warnings.warn(
[I 2025-05-15 08:29:53,775] Trial 27 finished with value: 0.7652777777777777 and parameters: {'hidden_layer_sizes': (100,), 'max_iter': 50, 'alpha': 0.0001}. Best is trial 2 with value: 0.788888888888889.
/data/home/rtabares/anaconda3/envs/pyth3.12/lib/python3.12/site-packages/sklearn/neural_network/_multilayer_perceptron.py:691: ConvergenceWarning: Stochastic Optimizer: Maximum iterations (50) reached and the optimization hasn't converged yet.
  warnings.warn(
/data/home/rtabares/anaconda3/envs/pyth3.12/lib/python3.12/site-packages/sklearn/neural_network/_multilayer_perceptron.py:691: ConvergenceWarning: Stochastic Optimizer: Maximum iterations (50) reached and the optimization hasn't converged yet.
  warnings.warn(
/data/home/rtabares/anaconda3/envs/pyth3.12/lib/python3.12/site-packages/sklearn/neural_network/_multilayer_perceptron.py:691: ConvergenceWarning: Stochastic Optimizer: Maximum iterations (50) reached and the optimization hasn't converged yet.
  warnings.warn(
/data/home/rtabares/anaconda3/envs/pyth3.12/lib/python3.12/site-packages/sklearn/neural_network/_multilayer_perceptron.py:691: ConvergenceWarning: Stochastic Optimizer: Maximum iterations (50) reached and the optimization hasn't converged yet.
  warnings.warn(
/data/home/rtabares/anaconda3/envs/pyth3.12/lib/python3.12/site-packages/sklearn/neural_network/_multilayer_perceptron.py:691: ConvergenceWarning: Stochastic Optimizer: Maximum iterations (50) reached and the optimization hasn't converged yet.
  warnings.warn(
[I 2025-05-15 08:29:53,910] Trial 28 finished with value: 0.7555555555555554 and parameters: {'hidden_layer_sizes': (200,), 'max_iter': 50, 'alpha': 0.001}. Best is trial 2 with value: 0.788888888888889.
/data/home/rtabares/anaconda3/envs/pyth3.12/lib/python3.12/site-packages/sklearn/neural_network/_multilayer_perceptron.py:691: ConvergenceWarning: Stochastic Optimizer: Maximum iterations (50) reached and the optimization hasn't converged yet.
  warnings.warn(
/data/home/rtabares/anaconda3/envs/pyth3.12/lib/python3.12/site-packages/sklearn/neural_network/_multilayer_perceptron.py:691: ConvergenceWarning: Stochastic Optimizer: Maximum iterations (50) reached and the optimization hasn't converged yet.
  warnings.warn(
/data/home/rtabares/anaconda3/envs/pyth3.12/lib/python3.12/site-packages/sklearn/neural_network/_multilayer_perceptron.py:691: ConvergenceWarning: Stochastic Optimizer: Maximum iterations (50) reached and the optimization hasn't converged yet.
  warnings.warn(
/data/home/rtabares/anaconda3/envs/pyth3.12/lib/python3.12/site-packages/sklearn/neural_network/_multilayer_perceptron.py:691: ConvergenceWarning: Stochastic Optimizer: Maximum iterations (50) reached and the optimization hasn't converged yet.
  warnings.warn(
/data/home/rtabares/anaconda3/envs/pyth3.12/lib/python3.12/site-packages/sklearn/neural_network/_multilayer_perceptron.py:691: ConvergenceWarning: Stochastic Optimizer: Maximum iterations (50) reached and the optimization hasn't converged yet.
  warnings.warn(
[I 2025-05-15 08:29:54,070] Trial 29 finished with value: 0.7333333333333333 and parameters: {'hidden_layer_sizes': (100, 100), 'max_iter': 50, 'alpha': 0.001}. Best is trial 2 with value: 0.788888888888889.
/data/home/rtabares/anaconda3/envs/pyth3.12/lib/python3.12/site-packages/xgboost/core.py:377: FutureWarning: Your system has an old version of glibc (< 2.28). We will stop supporting Linux distros with glibc older than 2.28 after **May 31, 2025**. Please upgrade to a recent Linux distro (with glibc >= 2.28) to use future versions of XGBoost.
Note: You have installed the 'manylinux2014' variant of XGBoost. Certain features such as GPU algorithms or federated learning are not available. To use these features, please upgrade to a recent Linux distro with glibc 2.28+, and install the 'manylinux_2_28' variant.
  warnings.warn(
[I 2025-05-15 08:30:11,744] A new study created in memory with name: xgb
Parámetros guardados en checkpoint_adult_Doriginal_G/ag/IPC_43/best_models_ag_seed_8_space_original/mlp_best_params.json


>>> Optuna tuning xgb metodo k_center IPC 43 seed 8


/data/home/rtabares/anaconda3/envs/pyth3.12/lib/python3.12/site-packages/xgboost/core.py:377: FutureWarning: Your system has an old version of glibc (< 2.28). We will stop supporting Linux distros with glibc older than 2.28 after **May 31, 2025**. Please upgrade to a recent Linux distro (with glibc >= 2.28) to use future versions of XGBoost.
Note: You have installed the 'manylinux2014' variant of XGBoost. Certain features such as GPU algorithms or federated learning are not available. To use these features, please upgrade to a recent Linux distro with glibc 2.28+, and install the 'manylinux_2_28' variant.
  warnings.warn(
/data/home/rtabares/anaconda3/envs/pyth3.12/lib/python3.12/site-packages/xgboost/core.py:377: FutureWarning: Your system has an old version of glibc (< 2.28). We will stop supporting Linux distros with glibc older than 2.28 after **May 31, 2025**. Please upgrade to a recent Linux distro (with glibc >= 2.28) to use future versions of XGBoost.
Note: You have installed the 'manylinux2014' variant of XGBoost. Certain features such as GPU algorithms or federated learning are not available. To use these features, please upgrade to a recent Linux distro with glibc 2.28+, and install the 'manylinux_2_28' variant.
  warnings.warn(
[I 2025-05-15 08:30:12,402] Trial 0 finished with value: 0.5499999999999999 and parameters: {'n_estimators': 40, 'max_depth': 5, 'gamma': 0.4874219364632415, 'subsample': 0.7011756800186824, 'colsample_bytree': 0.7613373356762848}. Best is trial 0 with value: 0.5499999999999999.
/data/home/rtabares/anaconda3/envs/pyth3.12/lib/python3.12/site-packages/xgboost/core.py:377: FutureWarning: Your system has an old version of glibc (< 2.28). We will stop supporting Linux distros with glibc older than 2.28 after **May 31, 2025**. Please upgrade to a recent Linux distro (with glibc >= 2.28) to use future versions of XGBoost.
Note: You have installed the 'manylinux2014' variant of XGBoost. Certain features such as GPU algorithms or federated learning are not available. To use these features, please upgrade to a recent Linux distro with glibc 2.28+, and install the 'manylinux_2_28' variant.
  warnings.warn(
/data/home/rtabares/anaconda3/envs/pyth3.12/lib/python3.12/site-packages/xgboost/core.py:377: FutureWarning: Your system has an old version of glibc (< 2.28). We will stop supporting Linux distros with glibc older than 2.28 after **May 31, 2025**. Please upgrade to a recent Linux distro (with glibc >= 2.28) to use future versions of XGBoost.
Note: You have installed the 'manylinux2014' variant of XGBoost. Certain features such as GPU algorithms or federated learning are not available. To use these features, please upgrade to a recent Linux distro with glibc 2.28+, and install the 'manylinux_2_28' variant.
  warnings.warn(
/data/home/rtabares/anaconda3/envs/pyth3.12/lib/python3.12/site-packages/xgboost/core.py:377: FutureWarning: Your system has an old version of glibc (< 2.28). We will stop supporting Linux distros with glibc older than 2.28 after **May 31, 2025**. Please upgrade to a recent Linux distro (with glibc >= 2.28) to use future versions of XGBoost.
Note: You have installed the 'manylinux2014' variant of XGBoost. Certain features such as GPU algorithms or federated learning are not available. To use these features, please upgrade to a recent Linux distro with glibc 2.28+, and install the 'manylinux_2_28' variant.
  warnings.warn(
[I 2025-05-15 08:30:12,497] Trial 1 finished with value: 0.5138888888888888 and parameters: {'n_estimators': 40, 'max_depth': 5, 'gamma': 0.483482593428573, 'subsample': 0.6445375140090439, 'colsample_bytree': 0.9869276206002231}. Best is trial 0 with value: 0.5499999999999999.
[I 2025-05-15 08:30:12,540] Trial 2 finished with value: 0.5388888888888889 and parameters: {'n_estimators': 10, 'max_depth': 5, 'gamma': 0.16384856027517886, 'subsample': 0.6123849694840227, 'colsample_bytree': 0.6968174574718025}. Best is trial 0 with value: 0.5499999999999999.
/data/home/rtabares/anaconda3/envs/pyth3.12/lib/python3.12/site-packages/xgboost/core.py:377: FutureWarning: Your system has an old version of glibc (< 2.28). We will stop supporting Linux distros with glibc older than 2.28 after **May 31, 2025**. Please upgrade to a recent Linux distro (with glibc >= 2.28) to use future versions of XGBoost.
Note: You have installed the 'manylinux2014' variant of XGBoost. Certain features such as GPU algorithms or federated learning are not available. To use these features, please upgrade to a recent Linux distro with glibc 2.28+, and install the 'manylinux_2_28' variant.
  warnings.warn(
/data/home/rtabares/anaconda3/envs/pyth3.12/lib/python3.12/site-packages/xgboost/core.py:377: FutureWarning: Your system has an old version of glibc (< 2.28). We will stop supporting Linux distros with glibc older than 2.28 after **May 31, 2025**. Please upgrade to a recent Linux distro (with glibc >= 2.28) to use future versions of XGBoost.
Note: You have installed the 'manylinux2014' variant of XGBoost. Certain features such as GPU algorithms or federated learning are not available. To use these features, please upgrade to a recent Linux distro with glibc 2.28+, and install the 'manylinux_2_28' variant.
  warnings.warn(
[I 2025-05-15 08:30:12,628] Trial 3 finished with value: 0.5277777777777778 and parameters: {'n_estimators': 100, 'max_depth': 30, 'gamma': 0.7877441182293641, 'subsample': 0.9694019566553859, 'colsample_bytree': 0.6598448982335139}. Best is trial 0 with value: 0.5499999999999999.
/data/home/rtabares/anaconda3/envs/pyth3.12/lib/python3.12/site-packages/xgboost/core.py:377: FutureWarning: Your system has an old version of glibc (< 2.28). We will stop supporting Linux distros with glibc older than 2.28 after **May 31, 2025**. Please upgrade to a recent Linux distro (with glibc >= 2.28) to use future versions of XGBoost.
Note: You have installed the 'manylinux2014' variant of XGBoost. Certain features such as GPU algorithms or federated learning are not available. To use these features, please upgrade to a recent Linux distro with glibc 2.28+, and install the 'manylinux_2_28' variant.
  warnings.warn(
[I 2025-05-15 08:30:12,696] Trial 4 finished with value: 0.5847222222222223 and parameters: {'n_estimators': 100, 'max_depth': 5, 'gamma': 0.816017102586079, 'subsample': 0.5160040782128984, 'colsample_bytree': 0.7277239110529665}. Best is trial 4 with value: 0.5847222222222223.
/data/home/rtabares/anaconda3/envs/pyth3.12/lib/python3.12/site-packages/xgboost/core.py:377: FutureWarning: Your system has an old version of glibc (< 2.28). We will stop supporting Linux distros with glibc older than 2.28 after **May 31, 2025**. Please upgrade to a recent Linux distro (with glibc >= 2.28) to use future versions of XGBoost.
Note: You have installed the 'manylinux2014' variant of XGBoost. Certain features such as GPU algorithms or federated learning are not available. To use these features, please upgrade to a recent Linux distro with glibc 2.28+, and install the 'manylinux_2_28' variant.
  warnings.warn(
[I 2025-05-15 08:30:12,743] Trial 5 finished with value: 0.5958333333333334 and parameters: {'n_estimators': 40, 'max_depth': 20, 'gamma': 0.6643500821697236, 'subsample': 0.6076588997363731, 'colsample_bytree': 0.5754850538287481}. Best is trial 5 with value: 0.5958333333333334.
/data/home/rtabares/anaconda3/envs/pyth3.12/lib/python3.12/site-packages/xgboost/core.py:377: FutureWarning: Your system has an old version of glibc (< 2.28). We will stop supporting Linux distros with glibc older than 2.28 after **May 31, 2025**. Please upgrade to a recent Linux distro (with glibc >= 2.28) to use future versions of XGBoost.
Note: You have installed the 'manylinux2014' variant of XGBoost. Certain features such as GPU algorithms or federated learning are not available. To use these features, please upgrade to a recent Linux distro with glibc 2.28+, and install the 'manylinux_2_28' variant.
  warnings.warn(
[I 2025-05-15 08:30:12,825] Trial 6 finished with value: 0.5375 and parameters: {'n_estimators': 100, 'max_depth': 20, 'gamma': 0.6361752212866232, 'subsample': 0.8309913561372338, 'colsample_bytree': 0.7552902276266351}. Best is trial 5 with value: 0.5958333333333334.
/data/home/rtabares/anaconda3/envs/pyth3.12/lib/python3.12/site-packages/xgboost/core.py:377: FutureWarning: Your system has an old version of glibc (< 2.28). We will stop supporting Linux distros with glibc older than 2.28 after **May 31, 2025**. Please upgrade to a recent Linux distro (with glibc >= 2.28) to use future versions of XGBoost.
Note: You have installed the 'manylinux2014' variant of XGBoost. Certain features such as GPU algorithms or federated learning are not available. To use these features, please upgrade to a recent Linux distro with glibc 2.28+, and install the 'manylinux_2_28' variant.
  warnings.warn(
[I 2025-05-15 08:30:12,872] Trial 7 finished with value: 0.4805555555555555 and parameters: {'n_estimators': 10, 'max_depth': 5, 'gamma': 0.5767347850317142, 'subsample': 0.7995431264700696, 'colsample_bytree': 0.8604622333437917}. Best is trial 5 with value: 0.5958333333333334.
/data/home/rtabares/anaconda3/envs/pyth3.12/lib/python3.12/site-packages/xgboost/core.py:377: FutureWarning: Your system has an old version of glibc (< 2.28). We will stop supporting Linux distros with glibc older than 2.28 after **May 31, 2025**. Please upgrade to a recent Linux distro (with glibc >= 2.28) to use future versions of XGBoost.
Note: You have installed the 'manylinux2014' variant of XGBoost. Certain features such as GPU algorithms or federated learning are not available. To use these features, please upgrade to a recent Linux distro with glibc 2.28+, and install the 'manylinux_2_28' variant.
  warnings.warn(
[I 2025-05-15 08:30:12,960] Trial 8 finished with value: 0.5499999999999999 and parameters: {'n_estimators': 100, 'max_depth': 20, 'gamma': 0.8470554948938058, 'subsample': 0.860339005739911, 'colsample_bytree': 0.9331308414408237}. Best is trial 5 with value: 0.5958333333333334.
/data/home/rtabares/anaconda3/envs/pyth3.12/lib/python3.12/site-packages/xgboost/core.py:377: FutureWarning: Your system has an old version of glibc (< 2.28). We will stop supporting Linux distros with glibc older than 2.28 after **May 31, 2025**. Please upgrade to a recent Linux distro (with glibc >= 2.28) to use future versions of XGBoost.
Note: You have installed the 'manylinux2014' variant of XGBoost. Certain features such as GPU algorithms or federated learning are not available. To use these features, please upgrade to a recent Linux distro with glibc 2.28+, and install the 'manylinux_2_28' variant.
  warnings.warn(
[I 2025-05-15 08:30:13,046] Trial 9 finished with value: 0.5402777777777777 and parameters: {'n_estimators': 100, 'max_depth': 30, 'gamma': 0.574951454577921, 'subsample': 0.9696020680119358, 'colsample_bytree': 0.8616917074936369}. Best is trial 5 with value: 0.5958333333333334.
/data/home/rtabares/anaconda3/envs/pyth3.12/lib/python3.12/site-packages/xgboost/core.py:377: FutureWarning: Your system has an old version of glibc (< 2.28). We will stop supporting Linux distros with glibc older than 2.28 after **May 31, 2025**. Please upgrade to a recent Linux distro (with glibc >= 2.28) to use future versions of XGBoost.
Note: You have installed the 'manylinux2014' variant of XGBoost. Certain features such as GPU algorithms or federated learning are not available. To use these features, please upgrade to a recent Linux distro with glibc 2.28+, and install the 'manylinux_2_28' variant.
  warnings.warn(
/data/home/rtabares/anaconda3/envs/pyth3.12/lib/python3.12/site-packages/xgboost/core.py:377: FutureWarning: Your system has an old version of glibc (< 2.28). We will stop supporting Linux distros with glibc older than 2.28 after **May 31, 2025**. Please upgrade to a recent Linux distro (with glibc >= 2.28) to use future versions of XGBoost.
Note: You have installed the 'manylinux2014' variant of XGBoost. Certain features such as GPU algorithms or federated learning are not available. To use these features, please upgrade to a recent Linux distro with glibc 2.28+, and install the 'manylinux_2_28' variant.
  warnings.warn(
/data/home/rtabares/anaconda3/envs/pyth3.12/lib/python3.12/site-packages/xgboost/core.py:377: FutureWarning: Your system has an old version of glibc (< 2.28). We will stop supporting Linux distros with glibc older than 2.28 after **May 31, 2025**. Please upgrade to a recent Linux distro (with glibc >= 2.28) to use future versions of XGBoost.
Note: You have installed the 'manylinux2014' variant of XGBoost. Certain features such as GPU algorithms or federated learning are not available. To use these features, please upgrade to a recent Linux distro with glibc 2.28+, and install the 'manylinux_2_28' variant.
  warnings.warn(
[I 2025-05-15 08:30:13,115] Trial 10 finished with value: 0.5291666666666666 and parameters: {'n_estimators': 40, 'max_depth': 20, 'gamma': 0.25114105728599195, 'subsample': 0.5214379676091062, 'colsample_bytree': 0.525322130410742}. Best is trial 5 with value: 0.5958333333333334.
[I 2025-05-15 08:30:13,185] Trial 11 finished with value: 0.5472222222222222 and parameters: {'n_estimators': 40, 'max_depth': 20, 'gamma': 0.9894607367239925, 'subsample': 0.5005044321862977, 'colsample_bytree': 0.5322903435419324}. Best is trial 5 with value: 0.5958333333333334.
/data/home/rtabares/anaconda3/envs/pyth3.12/lib/python3.12/site-packages/xgboost/core.py:377: FutureWarning: Your system has an old version of glibc (< 2.28). We will stop supporting Linux distros with glibc older than 2.28 after **May 31, 2025**. Please upgrade to a recent Linux distro (with glibc >= 2.28) to use future versions of XGBoost.
Note: You have installed the 'manylinux2014' variant of XGBoost. Certain features such as GPU algorithms or federated learning are not available. To use these features, please upgrade to a recent Linux distro with glibc 2.28+, and install the 'manylinux_2_28' variant.
  warnings.warn(
[I 2025-05-15 08:30:14,043] Trial 12 finished with value: 0.5847222222222223 and parameters: {'n_estimators': 100, 'max_depth': 5, 'gamma': 0.7523532051549551, 'subsample': 0.5843861231229354, 'colsample_bytree': 0.6068862373075697}. Best is trial 5 with value: 0.5958333333333334.
/data/home/rtabares/anaconda3/envs/pyth3.12/lib/python3.12/site-packages/xgboost/core.py:377: FutureWarning: Your system has an old version of glibc (< 2.28). We will stop supporting Linux distros with glibc older than 2.28 after **May 31, 2025**. Please upgrade to a recent Linux distro (with glibc >= 2.28) to use future versions of XGBoost.
Note: You have installed the 'manylinux2014' variant of XGBoost. Certain features such as GPU algorithms or federated learning are not available. To use these features, please upgrade to a recent Linux distro with glibc 2.28+, and install the 'manylinux_2_28' variant.
  warnings.warn(
/data/home/rtabares/anaconda3/envs/pyth3.12/lib/python3.12/site-packages/xgboost/core.py:377: FutureWarning: Your system has an old version of glibc (< 2.28). We will stop supporting Linux distros with glibc older than 2.28 after **May 31, 2025**. Please upgrade to a recent Linux distro (with glibc >= 2.28) to use future versions of XGBoost.
Note: You have installed the 'manylinux2014' variant of XGBoost. Certain features such as GPU algorithms or federated learning are not available. To use these features, please upgrade to a recent Linux distro with glibc 2.28+, and install the 'manylinux_2_28' variant.
  warnings.warn(
[I 2025-05-15 08:30:15,061] Trial 13 finished with value: 0.5875 and parameters: {'n_estimators': 40, 'max_depth': 20, 'gamma': 0.9809367317589455, 'subsample': 0.697195733007174, 'colsample_bytree': 0.5805796057328212}. Best is trial 5 with value: 0.5958333333333334.
[I 2025-05-15 08:30:15,160] Trial 14 finished with value: 0.5402777777777777 and parameters: {'n_estimators': 40, 'max_depth': 20, 'gamma': 0.9807826061174751, 'subsample': 0.7116764531924085, 'colsample_bytree': 0.5987958441843751}. Best is trial 5 with value: 0.5958333333333334.
