[I 2025-05-15 07:23:05,265] Trial 10 finished with value: 0.9 and parameters: {'n_estimators': 40, 'max_depth': 5, 'gamma': 0.17962098877423716, 'subsample': 0.8185311023645913, 'colsample_bytree': 0.7898330861721071}. Best is trial 5 with value: 0.95.
/data/home/rtabares/anaconda3/envs/pyth3.12/lib/python3.12/site-packages/xgboost/core.py:377: FutureWarning: Your system has an old version of glibc (< 2.28). We will stop supporting Linux distros with glibc older than 2.28 after **May 31, 2025**. Please upgrade to a recent Linux distro (with glibc >= 2.28) to use future versions of XGBoost.
Note: You have installed the 'manylinux2014' variant of XGBoost. Certain features such as GPU algorithms or federated learning are not available. To use these features, please upgrade to a recent Linux distro with glibc 2.28+, and install the 'manylinux_2_28' variant.
  warnings.warn(
/data/home/rtabares/anaconda3/envs/pyth3.12/lib/python3.12/site-packages/xgboost/core.py:377: FutureWarning: Your system has an old version of glibc (< 2.28). We will stop supporting Linux distros with glibc older than 2.28 after **May 31, 2025**. Please upgrade to a recent Linux distro (with glibc >= 2.28) to use future versions of XGBoost.
Note: You have installed the 'manylinux2014' variant of XGBoost. Certain features such as GPU algorithms or federated learning are not available. To use these features, please upgrade to a recent Linux distro with glibc 2.28+, and install the 'manylinux_2_28' variant.
  warnings.warn(
/data/home/rtabares/anaconda3/envs/pyth3.12/lib/python3.12/site-packages/xgboost/core.py:377: FutureWarning: Your system has an old version of glibc (< 2.28). We will stop supporting Linux distros with glibc older than 2.28 after **May 31, 2025**. Please upgrade to a recent Linux distro (with glibc >= 2.28) to use future versions of XGBoost.
Note: You have installed the 'manylinux2014' variant of XGBoost. Certain features such as GPU algorithms or federated learning are not available. To use these features, please upgrade to a recent Linux distro with glibc 2.28+, and install the 'manylinux_2_28' variant.
  warnings.warn(
[I 2025-05-15 07:23:05,996] Trial 11 finished with value: 0.9 and parameters: {'n_estimators': 40, 'max_depth': 5, 'gamma': 0.48596480023844024, 'subsample': 0.8008577629494058, 'colsample_bytree': 0.702161796405997}. Best is trial 5 with value: 0.95.
/data/home/rtabares/anaconda3/envs/pyth3.12/lib/python3.12/site-packages/xgboost/core.py:377: FutureWarning: Your system has an old version of glibc (< 2.28). We will stop supporting Linux distros with glibc older than 2.28 after **May 31, 2025**. Please upgrade to a recent Linux distro (with glibc >= 2.28) to use future versions of XGBoost.
Note: You have installed the 'manylinux2014' variant of XGBoost. Certain features such as GPU algorithms or federated learning are not available. To use these features, please upgrade to a recent Linux distro with glibc 2.28+, and install the 'manylinux_2_28' variant.
  warnings.warn(
[I 2025-05-15 07:23:06,803] Trial 12 finished with value: 0.9 and parameters: {'n_estimators': 40, 'max_depth': 5, 'gamma': 0.7075844085314806, 'subsample': 0.6350278457846134, 'colsample_bytree': 0.7136404265878388}. Best is trial 5 with value: 0.95.
/data/home/rtabares/anaconda3/envs/pyth3.12/lib/python3.12/site-packages/xgboost/core.py:377: FutureWarning: Your system has an old version of glibc (< 2.28). We will stop supporting Linux distros with glibc older than 2.28 after **May 31, 2025**. Please upgrade to a recent Linux distro (with glibc >= 2.28) to use future versions of XGBoost.
Note: You have installed the 'manylinux2014' variant of XGBoost. Certain features such as GPU algorithms or federated learning are not available. To use these features, please upgrade to a recent Linux distro with glibc 2.28+, and install the 'manylinux_2_28' variant.
  warnings.warn(
[I 2025-05-15 07:23:07,559] Trial 13 finished with value: 0.95 and parameters: {'n_estimators': 40, 'max_depth': 5, 'gamma': 0.5268615503101213, 'subsample': 0.7844515830692418, 'colsample_bytree': 0.5964277392586586}. Best is trial 5 with value: 0.95.
[I 2025-05-15 07:23:07,603] Trial 14 finished with value: 0.95 and parameters: {'n_estimators': 40, 'max_depth': 5, 'gamma': 0.5268801141867319, 'subsample': 0.6140547135785401, 'colsample_bytree': 0.579745175052389}. Best is trial 5 with value: 0.95.
/data/home/rtabares/anaconda3/envs/pyth3.12/lib/python3.12/site-packages/xgboost/core.py:377: FutureWarning: Your system has an old version of glibc (< 2.28). We will stop supporting Linux distros with glibc older than 2.28 after **May 31, 2025**. Please upgrade to a recent Linux distro (with glibc >= 2.28) to use future versions of XGBoost.
Note: You have installed the 'manylinux2014' variant of XGBoost. Certain features such as GPU algorithms or federated learning are not available. To use these features, please upgrade to a recent Linux distro with glibc 2.28+, and install the 'manylinux_2_28' variant.
  warnings.warn(
[I 2025-05-15 07:23:08,330] Trial 15 finished with value: 0.9 and parameters: {'n_estimators': 40, 'max_depth': 5, 'gamma': 0.26626655377772473, 'subsample': 0.8492405841760534, 'colsample_bytree': 0.8604557310580807}. Best is trial 5 with value: 0.95.
/data/home/rtabares/anaconda3/envs/pyth3.12/lib/python3.12/site-packages/xgboost/core.py:377: FutureWarning: Your system has an old version of glibc (< 2.28). We will stop supporting Linux distros with glibc older than 2.28 after **May 31, 2025**. Please upgrade to a recent Linux distro (with glibc >= 2.28) to use future versions of XGBoost.
Note: You have installed the 'manylinux2014' variant of XGBoost. Certain features such as GPU algorithms or federated learning are not available. To use these features, please upgrade to a recent Linux distro with glibc 2.28+, and install the 'manylinux_2_28' variant.
  warnings.warn(
[I 2025-05-15 07:23:09,042] Trial 16 finished with value: 0.95 and parameters: {'n_estimators': 40, 'max_depth': 5, 'gamma': 0.4601577031788143, 'subsample': 0.7403741875997301, 'colsample_bytree': 0.5442546836097284}. Best is trial 5 with value: 0.95.
[I 2025-05-15 07:23:09,082] Trial 17 finished with value: 0.95 and parameters: {'n_estimators': 40, 'max_depth': 5, 'gamma': 0.5963749787451381, 'subsample': 0.8968965288077441, 'colsample_bytree': 0.616639976003251}. Best is trial 5 with value: 0.95.
[I 2025-05-15 07:23:09,123] Trial 18 finished with value: 0.9 and parameters: {'n_estimators': 40, 'max_depth': 5, 'gamma': 0.13456748759891074, 'subsample': 0.656712610085618, 'colsample_bytree': 0.6754307430192054}. Best is trial 5 with value: 0.95.
[I 2025-05-15 07:23:09,161] Trial 19 finished with value: 0.9 and parameters: {'n_estimators': 10, 'max_depth': 20, 'gamma': 0.336928362400812, 'subsample': 0.5858157319917725, 'colsample_bytree': 0.5388732567140201}. Best is trial 5 with value: 0.95.
[I 2025-05-15 07:23:09,202] Trial 20 finished with value: 0.9 and parameters: {'n_estimators': 40, 'max_depth': 5, 'gamma': 0.5576205484803076, 'subsample': 0.7678868253416277, 'colsample_bytree': 0.8803558534234343}. Best is trial 5 with value: 0.95.
[I 2025-05-15 07:23:09,246] Trial 21 finished with value: 0.95 and parameters: {'n_estimators': 40, 'max_depth': 5, 'gamma': 0.46440994308605954, 'subsample': 0.5861566950577732, 'colsample_bytree': 0.5735182652549375}. Best is trial 5 with value: 0.95.
[I 2025-05-15 07:23:09,297] Trial 22 finished with value: 0.95 and parameters: {'n_estimators': 40, 'max_depth': 5, 'gamma': 0.5365782287479733, 'subsample': 0.6282840880632576, 'colsample_bytree': 0.6230016707381422}. Best is trial 5 with value: 0.95.
[I 2025-05-15 07:23:09,339] Trial 23 finished with value: 0.9 and parameters: {'n_estimators': 40, 'max_depth': 5, 'gamma': 0.6903749683046068, 'subsample': 0.5423690877482837, 'colsample_bytree': 0.5451745924329127}. Best is trial 5 with value: 0.95.
[I 2025-05-15 07:23:09,387] Trial 24 finished with value: 0.95 and parameters: {'n_estimators': 40, 'max_depth': 5, 'gamma': 0.4190865838645721, 'subsample': 0.5041788291572397, 'colsample_bytree': 0.7323071123547388}. Best is trial 5 with value: 0.95.
[I 2025-05-15 07:23:09,427] Trial 25 finished with value: 1.0 and parameters: {'n_estimators': 40, 'max_depth': 5, 'gamma': 0.5183426434193608, 'subsample': 0.6081523215216098, 'colsample_bytree': 0.558192817014668}. Best is trial 25 with value: 1.0.
[I 2025-05-15 07:23:09,468] Trial 26 finished with value: 0.9 and parameters: {'n_estimators': 40, 'max_depth': 5, 'gamma': 0.2657992938296229, 'subsample': 0.6997311502269447, 'colsample_bytree': 0.5281168768747089}. Best is trial 25 with value: 1.0.
[I 2025-05-15 07:23:09,524] Trial 27 finished with value: 0.9 and parameters: {'n_estimators': 40, 'max_depth': 5, 'gamma': 0.6135965497287341, 'subsample': 0.5581662448243019, 'colsample_bytree': 0.6662802958628573}. Best is trial 25 with value: 1.0.
[I 2025-05-15 07:23:09,564] Trial 28 finished with value: 0.9 and parameters: {'n_estimators': 10, 'max_depth': 30, 'gamma': 0.3879884891973689, 'subsample': 0.8708901507233173, 'colsample_bytree': 0.7689912117939846}. Best is trial 25 with value: 1.0.
[I 2025-05-15 07:23:09,626] Trial 29 finished with value: 0.9 and parameters: {'n_estimators': 100, 'max_depth': 20, 'gamma': 0.7319479602888931, 'subsample': 0.7577175352079351, 'colsample_bytree': 0.6353174034927203}. Best is trial 25 with value: 1.0.
[I 2025-05-15 07:23:11,838] A new study created in memory with name: rf
Parámetros guardados en checkpoint_shoppers_Doriginal_F/k-means/IPC_11/best_models_k-means_seed_5_space_original/xgb_best_params.json


>>> Optuna tuning rf metodo k-means IPC 11 seed 5


[I 2025-05-15 07:23:16,111] Trial 0 finished with value: 0.5 and parameters: {'n_estimators': 189, 'max_depth': 18, 'min_samples_split': 3, 'min_samples_leaf': 10}. Best is trial 0 with value: 0.5.
[I 2025-05-15 07:23:16,612] Trial 1 finished with value: 1.0 and parameters: {'n_estimators': 295, 'max_depth': 14, 'min_samples_split': 8, 'min_samples_leaf': 6}. Best is trial 1 with value: 1.0.
[I 2025-05-15 07:23:16,991] Trial 2 finished with value: 0.6 and parameters: {'n_estimators': 219, 'max_depth': 6, 'min_samples_split': 2, 'min_samples_leaf': 8}. Best is trial 1 with value: 1.0.
[I 2025-05-15 07:23:17,409] Trial 3 finished with value: 0.95 and parameters: {'n_estimators': 276, 'max_depth': 5, 'min_samples_split': 9, 'min_samples_leaf': 3}. Best is trial 1 with value: 1.0.
[I 2025-05-15 07:23:17,829] Trial 4 finished with value: 0.95 and parameters: {'n_estimators': 266, 'max_depth': 8, 'min_samples_split': 7, 'min_samples_leaf': 6}. Best is trial 1 with value: 1.0.
[I 2025-05-15 07:23:18,319] Trial 5 finished with value: 0.95 and parameters: {'n_estimators': 340, 'max_depth': 7, 'min_samples_split': 4, 'min_samples_leaf': 3}. Best is trial 1 with value: 1.0.
[I 2025-05-15 07:23:18,706] Trial 6 finished with value: 0.5 and parameters: {'n_estimators': 231, 'max_depth': 5, 'min_samples_split': 3, 'min_samples_leaf': 10}. Best is trial 1 with value: 1.0.
[I 2025-05-15 07:23:19,263] Trial 7 finished with value: 0.95 and parameters: {'n_estimators': 485, 'max_depth': 6, 'min_samples_split': 2, 'min_samples_leaf': 3}. Best is trial 1 with value: 1.0.
[I 2025-05-15 07:23:19,743] Trial 8 finished with value: 0.95 and parameters: {'n_estimators': 380, 'max_depth': 17, 'min_samples_split': 2, 'min_samples_leaf': 6}. Best is trial 1 with value: 1.0.
[I 2025-05-15 07:23:19,950] Trial 9 finished with value: 0.5 and parameters: {'n_estimators': 100, 'max_depth': 12, 'min_samples_split': 7, 'min_samples_leaf': 10}. Best is trial 1 with value: 1.0.
[I 2025-05-15 07:23:20,630] Trial 10 finished with value: 0.95 and parameters: {'n_estimators': 446, 'max_depth': 13, 'min_samples_split': 10, 'min_samples_leaf': 5}. Best is trial 1 with value: 1.0.
[I 2025-05-15 07:23:21,706] Trial 11 finished with value: 0.95 and parameters: {'n_estimators': 314, 'max_depth': 15, 'min_samples_split': 10, 'min_samples_leaf': 1}. Best is trial 1 with value: 1.0.
[I 2025-05-15 07:23:22,192] Trial 12 finished with value: 0.95 and parameters: {'n_estimators': 390, 'max_depth': 3, 'min_samples_split': 8, 'min_samples_leaf': 3}. Best is trial 1 with value: 1.0.
[I 2025-05-15 07:23:23,269] Trial 13 finished with value: 0.95 and parameters: {'n_estimators': 284, 'max_depth': 10, 'min_samples_split': 9, 'min_samples_leaf': 5}. Best is trial 1 with value: 1.0.
[I 2025-05-15 07:23:23,549] Trial 14 finished with value: 0.95 and parameters: {'n_estimators': 187, 'max_depth': 20, 'min_samples_split': 5, 'min_samples_leaf': 1}. Best is trial 1 with value: 1.0.
[I 2025-05-15 07:23:23,774] Trial 15 finished with value: 0.9 and parameters: {'n_estimators': 136, 'max_depth': 9, 'min_samples_split': 8, 'min_samples_leaf': 7}. Best is trial 1 with value: 1.0.
[I 2025-05-15 07:23:24,220] Trial 16 finished with value: 0.95 and parameters: {'n_estimators': 344, 'max_depth': 14, 'min_samples_split': 6, 'min_samples_leaf': 4}. Best is trial 1 with value: 1.0.
[I 2025-05-15 07:23:24,571] Trial 17 finished with value: 0.5 and parameters: {'n_estimators': 262, 'max_depth': 11, 'min_samples_split': 9, 'min_samples_leaf': 8}. Best is trial 1 with value: 1.0.
[I 2025-05-15 07:23:25,118] Trial 18 finished with value: 0.95 and parameters: {'n_estimators': 409, 'max_depth': 3, 'min_samples_split': 8, 'min_samples_leaf': 2}. Best is trial 1 with value: 1.0.
[I 2025-05-15 07:23:25,585] Trial 19 finished with value: 0.95 and parameters: {'n_estimators': 318, 'max_depth': 16, 'min_samples_split': 6, 'min_samples_leaf': 4}. Best is trial 1 with value: 1.0.
[I 2025-05-15 07:23:26,333] Trial 20 finished with value: 0.6 and parameters: {'n_estimators': 163, 'max_depth': 19, 'min_samples_split': 9, 'min_samples_leaf': 7}. Best is trial 1 with value: 1.0.
[I 2025-05-15 07:23:27,043] Trial 21 finished with value: 0.95 and parameters: {'n_estimators': 259, 'max_depth': 9, 'min_samples_split': 7, 'min_samples_leaf': 6}. Best is trial 1 with value: 1.0.
[I 2025-05-15 07:23:27,845] Trial 22 finished with value: 0.65 and parameters: {'n_estimators': 287, 'max_depth': 8, 'min_samples_split': 7, 'min_samples_leaf': 7}. Best is trial 1 with value: 1.0.
[I 2025-05-15 07:23:28,522] Trial 23 finished with value: 0.95 and parameters: {'n_estimators': 237, 'max_depth': 5, 'min_samples_split': 8, 'min_samples_leaf': 4}. Best is trial 1 with value: 1.0.
[I 2025-05-15 07:23:28,923] Trial 24 finished with value: 0.95 and parameters: {'n_estimators': 350, 'max_depth': 11, 'min_samples_split': 9, 'min_samples_leaf': 5}. Best is trial 1 with value: 1.0.
[I 2025-05-15 07:23:29,370] Trial 25 finished with value: 0.5 and parameters: {'n_estimators': 268, 'max_depth': 4, 'min_samples_split': 6, 'min_samples_leaf': 8}. Best is trial 1 with value: 1.0.
[I 2025-05-15 07:23:29,734] Trial 26 finished with value: 0.95 and parameters: {'n_estimators': 304, 'max_depth': 8, 'min_samples_split': 10, 'min_samples_leaf': 6}. Best is trial 1 with value: 1.0.
[I 2025-05-15 07:23:30,054] Trial 27 finished with value: 0.95 and parameters: {'n_estimators': 206, 'max_depth': 14, 'min_samples_split': 7, 'min_samples_leaf': 2}. Best is trial 1 with value: 1.0.
[I 2025-05-15 07:23:30,454] Trial 28 finished with value: 0.5 and parameters: {'n_estimators': 246, 'max_depth': 7, 'min_samples_split': 5, 'min_samples_leaf': 9}. Best is trial 1 with value: 1.0.
[I 2025-05-15 07:23:30,786] Trial 29 finished with value: 0.95 and parameters: {'n_estimators': 193, 'max_depth': 12, 'min_samples_split': 8, 'min_samples_leaf': 6}. Best is trial 1 with value: 1.0.
[I 2025-05-15 07:23:35,010] A new study created in memory with name: svc
Parámetros guardados en checkpoint_shoppers_Doriginal_F/k-means/IPC_11/best_models_k-means_seed_5_space_original/rf_best_params.json


>>> Optuna tuning svc metodo k-means IPC 11 seed 5


[I 2025-05-15 07:23:37,128] Trial 0 finished with value: 0.35 and parameters: {'C': 0.07726319876517104, 'gamma': 0.3040389504793042}. Best is trial 0 with value: 0.35.
[I 2025-05-15 07:23:37,206] Trial 1 finished with value: 0.35 and parameters: {'C': 0.06712381339142241, 'gamma': 0.47254549996710477}. Best is trial 0 with value: 0.35.
[I 2025-05-15 07:23:37,222] Trial 2 finished with value: 0.4 and parameters: {'C': 0.8987621100554035, 'gamma': 0.027988231123708972}. Best is trial 2 with value: 0.4.
[I 2025-05-15 07:23:37,239] Trial 3 finished with value: 0.45 and parameters: {'C': 11.5779435007655, 'gamma': 0.011848734045499056}. Best is trial 3 with value: 0.45.
[I 2025-05-15 07:23:37,252] Trial 4 finished with value: 0.5 and parameters: {'C': 0.1538870258903583, 'gamma': 0.0005634883151169033}. Best is trial 4 with value: 0.5.
[I 2025-05-15 07:23:37,266] Trial 5 finished with value: 0.45 and parameters: {'C': 0.021036092656561454, 'gamma': 0.08990030906808326}. Best is trial 4 with value: 0.5.
[I 2025-05-15 07:23:37,282] Trial 6 finished with value: 0.5 and parameters: {'C': 0.5824208201678516, 'gamma': 0.00042977333932534993}. Best is trial 4 with value: 0.5.
[I 2025-05-15 07:23:37,312] Trial 7 finished with value: 0.4 and parameters: {'C': 33.09391330085814, 'gamma': 0.001248377256719358}. Best is trial 4 with value: 0.5.
[I 2025-05-15 07:23:37,327] Trial 8 finished with value: 0.5 and parameters: {'C': 0.45387898639622015, 'gamma': 0.0015286910781809498}. Best is trial 4 with value: 0.5.
[I 2025-05-15 07:23:37,344] Trial 9 finished with value: 0.4 and parameters: {'C': 3.274550070431994, 'gamma': 0.02086177421469992}. Best is trial 4 with value: 0.5.
[I 2025-05-15 07:23:37,366] Trial 10 finished with value: 0.55 and parameters: {'C': 0.01015031429029542, 'gamma': 0.00010813284331811526}. Best is trial 10 with value: 0.55.
[I 2025-05-15 07:23:38,177] Trial 11 finished with value: 0.55 and parameters: {'C': 0.012423556702801345, 'gamma': 0.00015002301591608206}. Best is trial 10 with value: 0.55.
[I 2025-05-15 07:23:38,956] Trial 12 finished with value: 0.55 and parameters: {'C': 0.010021085351666738, 'gamma': 0.00018532269440152624}. Best is trial 10 with value: 0.55.
[I 2025-05-15 07:23:38,979] Trial 13 finished with value: 0.55 and parameters: {'C': 0.02775436928730861, 'gamma': 0.00014464039961368093}. Best is trial 10 with value: 0.55.
[I 2025-05-15 07:23:39,002] Trial 14 finished with value: 0.45 and parameters: {'C': 0.01065686570781519, 'gamma': 0.003186967478406197}. Best is trial 10 with value: 0.55.
[I 2025-05-15 07:23:39,025] Trial 15 finished with value: 0.55 and parameters: {'C': 0.14611975098134286, 'gamma': 0.0001009282324759116}. Best is trial 10 with value: 0.55.
[I 2025-05-15 07:23:39,048] Trial 16 finished with value: 0.4833333333333333 and parameters: {'C': 3.061397902021056, 'gamma': 0.0042040774479193115}. Best is trial 10 with value: 0.55.
[I 2025-05-15 07:23:39,072] Trial 17 finished with value: 0.5 and parameters: {'C': 0.03411054297550388, 'gamma': 0.00047296759403983016}. Best is trial 10 with value: 0.55.
[I 2025-05-15 07:23:39,095] Trial 18 finished with value: 0.55 and parameters: {'C': 0.2317882364169278, 'gamma': 0.0003030689915795407}. Best is trial 10 with value: 0.55.
[I 2025-05-15 07:23:39,120] Trial 19 finished with value: 0.45 and parameters: {'C': 78.35065816224729, 'gamma': 0.001852238795714308}. Best is trial 10 with value: 0.55.
[I 2025-05-15 07:23:39,144] Trial 20 finished with value: 0.5 and parameters: {'C': 2.9220311223505036, 'gamma': 0.0007140873791557612}. Best is trial 10 with value: 0.55.
[I 2025-05-15 07:23:39,948] Trial 21 finished with value: 0.55 and parameters: {'C': 0.010650310725254294, 'gamma': 0.00017981751977255912}. Best is trial 10 with value: 0.55.
[I 2025-05-15 07:23:39,967] Trial 22 finished with value: 0.55 and parameters: {'C': 0.049020721102624766, 'gamma': 0.00024867013930554886}. Best is trial 10 with value: 0.55.
[I 2025-05-15 07:23:40,784] Trial 23 finished with value: 0.55 and parameters: {'C': 0.010298580382273556, 'gamma': 0.00012557276334458718}. Best is trial 10 with value: 0.55.
[I 2025-05-15 07:23:40,807] Trial 24 finished with value: 0.55 and parameters: {'C': 0.024380749457604798, 'gamma': 0.00010543149391029655}. Best is trial 10 with value: 0.55.
[I 2025-05-15 07:23:40,832] Trial 25 finished with value: 0.5 and parameters: {'C': 0.01721701128157504, 'gamma': 0.0007684419252251294}. Best is trial 10 with value: 0.55.
[I 2025-05-15 07:23:40,857] Trial 26 finished with value: 0.55 and parameters: {'C': 0.08318957463987786, 'gamma': 0.000316201615415791}. Best is trial 10 with value: 0.55.
[I 2025-05-15 07:23:40,880] Trial 27 finished with value: 0.45 and parameters: {'C': 0.04398118861300725, 'gamma': 0.003628388080680474}. Best is trial 10 with value: 0.55.
[I 2025-05-15 07:23:40,904] Trial 28 finished with value: 0.4 and parameters: {'C': 0.016960645551334422, 'gamma': 0.07137551394367328}. Best is trial 10 with value: 0.55.
[I 2025-05-15 07:23:40,938] Trial 29 finished with value: 0.55 and parameters: {'C': 0.07261363573248379, 'gamma': 0.00024219862159046354}. Best is trial 10 with value: 0.55.
[I 2025-05-15 07:23:43,796] A new study created in memory with name: logreg
Parámetros guardados en checkpoint_shoppers_Doriginal_F/k-means/IPC_11/best_models_k-means_seed_5_space_original/svc_best_params.json


>>> Optuna tuning logreg metodo k-means IPC 11 seed 5


[I 2025-05-15 07:23:47,001] Trial 0 finished with value: 0.5166666666666666 and parameters: {'C': 0.012881482725481003, 'penalty': 'l2'}. Best is trial 0 with value: 0.5166666666666666.
[I 2025-05-15 07:23:47,122] Trial 1 finished with value: 0.6166666666666666 and parameters: {'C': 22.576755560681583, 'penalty': 'l2'}. Best is trial 1 with value: 0.6166666666666666.
[I 2025-05-15 07:23:47,147] Trial 2 finished with value: 0.5166666666666666 and parameters: {'C': 0.010804278656839932, 'penalty': 'l2'}. Best is trial 1 with value: 0.6166666666666666.
