[I 2025-05-15 07:29:20,168] Trial 12 finished with value: 0.8 and parameters: {'C': 8.574923151062848, 'gamma': 0.00022279996136366655}. Best is trial 3 with value: 0.8.
/data/home/rtabares/anaconda3/envs/pyth3.12/lib/python3.12/site-packages/sklearn/metrics/_classification.py:407: UserWarning: A single label was found in 'y_true' and 'y_pred'. For the confusion matrix to have the correct shape, use the 'labels' parameter to pass all known labels.
  warnings.warn(
[I 2025-05-15 07:29:20,197] Trial 13 finished with value: 0.8 and parameters: {'C': 87.93200078775797, 'gamma': 0.0016724853267038326}. Best is trial 3 with value: 0.8.
/data/home/rtabares/anaconda3/envs/pyth3.12/lib/python3.12/site-packages/sklearn/metrics/_classification.py:407: UserWarning: A single label was found in 'y_true' and 'y_pred'. For the confusion matrix to have the correct shape, use the 'labels' parameter to pass all known labels.
  warnings.warn(
[I 2025-05-15 07:29:20,231] Trial 14 finished with value: 0.9 and parameters: {'C': 27.970161316434485, 'gamma': 0.00010410657631139162}. Best is trial 14 with value: 0.9.
/data/home/rtabares/anaconda3/envs/pyth3.12/lib/python3.12/site-packages/sklearn/metrics/_classification.py:407: UserWarning: A single label was found in 'y_true' and 'y_pred'. For the confusion matrix to have the correct shape, use the 'labels' parameter to pass all known labels.
  warnings.warn(
[I 2025-05-15 07:29:20,268] Trial 15 finished with value: 0.6 and parameters: {'C': 4.461407785185139, 'gamma': 0.00010092874695954026}. Best is trial 14 with value: 0.9.
/data/home/rtabares/anaconda3/envs/pyth3.12/lib/python3.12/site-packages/sklearn/metrics/_classification.py:407: UserWarning: A single label was found in 'y_true' and 'y_pred'. For the confusion matrix to have the correct shape, use the 'labels' parameter to pass all known labels.
  warnings.warn(
[I 2025-05-15 07:29:20,313] Trial 16 finished with value: 0.6 and parameters: {'C': 3.061397902021056, 'gamma': 0.07596048447616485}. Best is trial 14 with value: 0.9.
/data/home/rtabares/anaconda3/envs/pyth3.12/lib/python3.12/site-packages/sklearn/metrics/_classification.py:407: UserWarning: A single label was found in 'y_true' and 'y_pred'. For the confusion matrix to have the correct shape, use the 'labels' parameter to pass all known labels.
  warnings.warn(
[I 2025-05-15 07:29:20,345] Trial 17 finished with value: 0.8 and parameters: {'C': 22.314990344770536, 'gamma': 0.01109148936616276}. Best is trial 14 with value: 0.9.
/data/home/rtabares/anaconda3/envs/pyth3.12/lib/python3.12/site-packages/sklearn/metrics/_classification.py:407: UserWarning: A single label was found in 'y_true' and 'y_pred'. For the confusion matrix to have the correct shape, use the 'labels' parameter to pass all known labels.
  warnings.warn(
[I 2025-05-15 07:29:20,392] Trial 18 finished with value: 0.6 and parameters: {'C': 7.719411491744319, 'gamma': 0.06738517154572042}. Best is trial 14 with value: 0.9.
/data/home/rtabares/anaconda3/envs/pyth3.12/lib/python3.12/site-packages/sklearn/metrics/_classification.py:407: UserWarning: A single label was found in 'y_true' and 'y_pred'. For the confusion matrix to have the correct shape, use the 'labels' parameter to pass all known labels.
  warnings.warn(
[I 2025-05-15 07:29:20,432] Trial 19 finished with value: 0.8 and parameters: {'C': 49.41328339605082, 'gamma': 0.0046903858629989735}. Best is trial 14 with value: 0.9.
/data/home/rtabares/anaconda3/envs/pyth3.12/lib/python3.12/site-packages/sklearn/metrics/_classification.py:407: UserWarning: A single label was found in 'y_true' and 'y_pred'. For the confusion matrix to have the correct shape, use the 'labels' parameter to pass all known labels.
  warnings.warn(
[I 2025-05-15 07:29:20,471] Trial 20 finished with value: 0.6 and parameters: {'C': 12.347650974529005, 'gamma': 0.9107821956209481}. Best is trial 14 with value: 0.9.
/data/home/rtabares/anaconda3/envs/pyth3.12/lib/python3.12/site-packages/sklearn/metrics/_classification.py:407: UserWarning: A single label was found in 'y_true' and 'y_pred'. For the confusion matrix to have the correct shape, use the 'labels' parameter to pass all known labels.
  warnings.warn(
[I 2025-05-15 07:29:20,516] Trial 21 finished with value: 0.8 and parameters: {'C': 34.65844904958818, 'gamma': 0.0012896849937363735}. Best is trial 14 with value: 0.9.
/data/home/rtabares/anaconda3/envs/pyth3.12/lib/python3.12/site-packages/sklearn/metrics/_classification.py:407: UserWarning: A single label was found in 'y_true' and 'y_pred'. For the confusion matrix to have the correct shape, use the 'labels' parameter to pass all known labels.
  warnings.warn(
[I 2025-05-15 07:29:20,555] Trial 22 finished with value: 0.6 and parameters: {'C': 1.8961949979935517, 'gamma': 0.0005522426015662331}. Best is trial 14 with value: 0.9.
/data/home/rtabares/anaconda3/envs/pyth3.12/lib/python3.12/site-packages/sklearn/metrics/_classification.py:407: UserWarning: A single label was found in 'y_true' and 'y_pred'. For the confusion matrix to have the correct shape, use the 'labels' parameter to pass all known labels.
  warnings.warn(
[I 2025-05-15 07:29:20,591] Trial 23 finished with value: 0.9 and parameters: {'C': 40.03429864836776, 'gamma': 0.00012557276334458718}. Best is trial 14 with value: 0.9.
/data/home/rtabares/anaconda3/envs/pyth3.12/lib/python3.12/site-packages/sklearn/metrics/_classification.py:407: UserWarning: A single label was found in 'y_true' and 'y_pred'. For the confusion matrix to have the correct shape, use the 'labels' parameter to pass all known labels.
  warnings.warn(
[I 2025-05-15 07:29:20,624] Trial 24 finished with value: 0.9 and parameters: {'C': 12.979321165080064, 'gamma': 0.00017294875111943694}. Best is trial 14 with value: 0.9.
/data/home/rtabares/anaconda3/envs/pyth3.12/lib/python3.12/site-packages/sklearn/metrics/_classification.py:407: UserWarning: A single label was found in 'y_true' and 'y_pred'. For the confusion matrix to have the correct shape, use the 'labels' parameter to pass all known labels.
  warnings.warn(
[I 2025-05-15 07:29:20,652] Trial 25 finished with value: 1.0 and parameters: {'C': 45.87787817444007, 'gamma': 0.0001675742370307373}. Best is trial 25 with value: 1.0.
/data/home/rtabares/anaconda3/envs/pyth3.12/lib/python3.12/site-packages/sklearn/metrics/_classification.py:407: UserWarning: A single label was found in 'y_true' and 'y_pred'. For the confusion matrix to have the correct shape, use the 'labels' parameter to pass all known labels.
  warnings.warn(
[I 2025-05-15 07:29:20,709] Trial 26 finished with value: 0.9 and parameters: {'C': 44.93539612205096, 'gamma': 0.00011648517932500269}. Best is trial 25 with value: 1.0.
/data/home/rtabares/anaconda3/envs/pyth3.12/lib/python3.12/site-packages/sklearn/metrics/_classification.py:407: UserWarning: A single label was found in 'y_true' and 'y_pred'. For the confusion matrix to have the correct shape, use the 'labels' parameter to pass all known labels.
  warnings.warn(
[I 2025-05-15 07:29:20,734] Trial 27 finished with value: 0.9 and parameters: {'C': 54.56194605104656, 'gamma': 0.0002766365804703785}. Best is trial 25 with value: 1.0.
/data/home/rtabares/anaconda3/envs/pyth3.12/lib/python3.12/site-packages/sklearn/metrics/_classification.py:407: UserWarning: A single label was found in 'y_true' and 'y_pred'. For the confusion matrix to have the correct shape, use the 'labels' parameter to pass all known labels.
  warnings.warn(
[I 2025-05-15 07:29:20,767] Trial 28 finished with value: 0.8 and parameters: {'C': 5.516267951232619, 'gamma': 0.00031759152130023566}. Best is trial 25 with value: 1.0.
/data/home/rtabares/anaconda3/envs/pyth3.12/lib/python3.12/site-packages/sklearn/metrics/_classification.py:407: UserWarning: A single label was found in 'y_true' and 'y_pred'. For the confusion matrix to have the correct shape, use the 'labels' parameter to pass all known labels.
  warnings.warn(
[I 2025-05-15 07:29:20,790] Trial 29 finished with value: 0.8 and parameters: {'C': 25.256170403861763, 'gamma': 0.000622376963675946}. Best is trial 25 with value: 1.0.
[I 2025-05-15 07:29:36,152] A new study created in memory with name: logreg
Parámetros guardados en checkpoint_shoppers_Doriginal_F/craig/IPC_11/best_models_craig_seed_5_space_original/svc_best_params.json


>>> Optuna tuning logreg metodo craig IPC 11 seed 5


/data/home/rtabares/anaconda3/envs/pyth3.12/lib/python3.12/site-packages/sklearn/metrics/_classification.py:407: UserWarning: A single label was found in 'y_true' and 'y_pred'. For the confusion matrix to have the correct shape, use the 'labels' parameter to pass all known labels.
  warnings.warn(
[I 2025-05-15 07:29:38,131] Trial 0 finished with value: 0.9 and parameters: {'C': 0.012881482725481003, 'penalty': 'l2'}. Best is trial 0 with value: 0.9.
/data/home/rtabares/anaconda3/envs/pyth3.12/lib/python3.12/site-packages/sklearn/metrics/_classification.py:407: UserWarning: A single label was found in 'y_true' and 'y_pred'. For the confusion matrix to have the correct shape, use the 'labels' parameter to pass all known labels.
  warnings.warn(
[I 2025-05-15 07:29:38,158] Trial 1 finished with value: 0.9 and parameters: {'C': 22.576755560681583, 'penalty': 'l2'}. Best is trial 0 with value: 0.9.
/data/home/rtabares/anaconda3/envs/pyth3.12/lib/python3.12/site-packages/sklearn/metrics/_classification.py:407: UserWarning: A single label was found in 'y_true' and 'y_pred'. For the confusion matrix to have the correct shape, use the 'labels' parameter to pass all known labels.
  warnings.warn(
[I 2025-05-15 07:29:38,177] Trial 2 finished with value: 0.9 and parameters: {'C': 0.010804278656839932, 'penalty': 'l2'}. Best is trial 0 with value: 0.9.
/data/home/rtabares/anaconda3/envs/pyth3.12/lib/python3.12/site-packages/sklearn/metrics/_classification.py:407: UserWarning: A single label was found in 'y_true' and 'y_pred'. For the confusion matrix to have the correct shape, use the 'labels' parameter to pass all known labels.
  warnings.warn(
[I 2025-05-15 07:29:38,212] Trial 3 finished with value: 0.9 and parameters: {'C': 39.17910760336117, 'penalty': 'l2'}. Best is trial 0 with value: 0.9.
/data/home/rtabares/anaconda3/envs/pyth3.12/lib/python3.12/site-packages/sklearn/metrics/_classification.py:407: UserWarning: A single label was found in 'y_true' and 'y_pred'. For the confusion matrix to have the correct shape, use the 'labels' parameter to pass all known labels.
  warnings.warn(
[I 2025-05-15 07:29:38,240] Trial 4 finished with value: 0.9 and parameters: {'C': 0.2767298094062571, 'penalty': 'l2'}. Best is trial 0 with value: 0.9.
/data/home/rtabares/anaconda3/envs/pyth3.12/lib/python3.12/site-packages/sklearn/metrics/_classification.py:407: UserWarning: A single label was found in 'y_true' and 'y_pred'. For the confusion matrix to have the correct shape, use the 'labels' parameter to pass all known labels.
  warnings.warn(
[I 2025-05-15 07:29:38,285] Trial 5 finished with value: 0.9 and parameters: {'C': 1.1447728330837224, 'penalty': 'l2'}. Best is trial 0 with value: 0.9.
/data/home/rtabares/anaconda3/envs/pyth3.12/lib/python3.12/site-packages/sklearn/metrics/_classification.py:407: UserWarning: A single label was found in 'y_true' and 'y_pred'. For the confusion matrix to have the correct shape, use the 'labels' parameter to pass all known labels.
  warnings.warn(
[I 2025-05-15 07:29:38,311] Trial 6 finished with value: 0.9 and parameters: {'C': 6.753661388238877, 'penalty': 'l2'}. Best is trial 0 with value: 0.9.
/data/home/rtabares/anaconda3/envs/pyth3.12/lib/python3.12/site-packages/sklearn/metrics/_classification.py:407: UserWarning: A single label was found in 'y_true' and 'y_pred'. For the confusion matrix to have the correct shape, use the 'labels' parameter to pass all known labels.
  warnings.warn(
[I 2025-05-15 07:29:38,357] Trial 7 finished with value: 0.9 and parameters: {'C': 0.39092184460352974, 'penalty': 'l2'}. Best is trial 0 with value: 0.9.
/data/home/rtabares/anaconda3/envs/pyth3.12/lib/python3.12/site-packages/sklearn/metrics/_classification.py:407: UserWarning: A single label was found in 'y_true' and 'y_pred'. For the confusion matrix to have the correct shape, use the 'labels' parameter to pass all known labels.
  warnings.warn(
[I 2025-05-15 07:29:38,382] Trial 8 finished with value: 0.9 and parameters: {'C': 0.03047912590082646, 'penalty': 'l2'}. Best is trial 0 with value: 0.9.
/data/home/rtabares/anaconda3/envs/pyth3.12/lib/python3.12/site-packages/sklearn/metrics/_classification.py:407: UserWarning: A single label was found in 'y_true' and 'y_pred'. For the confusion matrix to have the correct shape, use the 'labels' parameter to pass all known labels.
  warnings.warn(
[I 2025-05-15 07:29:38,409] Trial 9 finished with value: 0.9 and parameters: {'C': 0.008681727362499118, 'penalty': 'l2'}. Best is trial 0 with value: 0.9.
/data/home/rtabares/anaconda3/envs/pyth3.12/lib/python3.12/site-packages/sklearn/metrics/_classification.py:407: UserWarning: A single label was found in 'y_true' and 'y_pred'. For the confusion matrix to have the correct shape, use the 'labels' parameter to pass all known labels.
  warnings.warn(
[I 2025-05-15 07:29:38,491] Trial 10 finished with value: 0.6 and parameters: {'C': 0.0010146302597657177, 'penalty': 'l2'}. Best is trial 0 with value: 0.9.
/data/home/rtabares/anaconda3/envs/pyth3.12/lib/python3.12/site-packages/sklearn/metrics/_classification.py:407: UserWarning: A single label was found in 'y_true' and 'y_pred'. For the confusion matrix to have the correct shape, use the 'labels' parameter to pass all known labels.
  warnings.warn(
[I 2025-05-15 07:29:40,099] Trial 11 finished with value: 0.9 and parameters: {'C': 61.74667908323206, 'penalty': 'l2'}. Best is trial 0 with value: 0.9.
/data/home/rtabares/anaconda3/envs/pyth3.12/lib/python3.12/site-packages/sklearn/metrics/_classification.py:407: UserWarning: A single label was found in 'y_true' and 'y_pred'. For the confusion matrix to have the correct shape, use the 'labels' parameter to pass all known labels.
  warnings.warn(
[I 2025-05-15 07:29:42,745] Trial 12 finished with value: 0.9 and parameters: {'C': 0.07806066539229185, 'penalty': 'l2'}. Best is trial 0 with value: 0.9.
/data/home/rtabares/anaconda3/envs/pyth3.12/lib/python3.12/site-packages/sklearn/metrics/_classification.py:407: UserWarning: A single label was found in 'y_true' and 'y_pred'. For the confusion matrix to have the correct shape, use the 'labels' parameter to pass all known labels.
  warnings.warn(
[I 2025-05-15 07:29:42,774] Trial 13 finished with value: 0.9 and parameters: {'C': 4.948583609511714, 'penalty': 'l2'}. Best is trial 0 with value: 0.9.
/data/home/rtabares/anaconda3/envs/pyth3.12/lib/python3.12/site-packages/sklearn/metrics/_classification.py:407: UserWarning: A single label was found in 'y_true' and 'y_pred'. For the confusion matrix to have the correct shape, use the 'labels' parameter to pass all known labels.
  warnings.warn(
[I 2025-05-15 07:29:42,802] Trial 14 finished with value: 0.6 and parameters: {'C': 0.001040870868316403, 'penalty': 'l2'}. Best is trial 0 with value: 0.9.
/data/home/rtabares/anaconda3/envs/pyth3.12/lib/python3.12/site-packages/sklearn/metrics/_classification.py:407: UserWarning: A single label was found in 'y_true' and 'y_pred'. For the confusion matrix to have the correct shape, use the 'labels' parameter to pass all known labels.
  warnings.warn(
[I 2025-05-15 07:29:42,868] Trial 15 finished with value: 0.9 and parameters: {'C': 7.01655100276303, 'penalty': 'l2'}. Best is trial 0 with value: 0.9.
/data/home/rtabares/anaconda3/envs/pyth3.12/lib/python3.12/site-packages/sklearn/metrics/_classification.py:407: UserWarning: A single label was found in 'y_true' and 'y_pred'. For the confusion matrix to have the correct shape, use the 'labels' parameter to pass all known labels.
  warnings.warn(
[I 2025-05-15 07:29:42,913] Trial 16 finished with value: 0.9 and parameters: {'C': 0.007210574547652081, 'penalty': 'l2'}. Best is trial 0 with value: 0.9.
/data/home/rtabares/anaconda3/envs/pyth3.12/lib/python3.12/site-packages/sklearn/metrics/_classification.py:407: UserWarning: A single label was found in 'y_true' and 'y_pred'. For the confusion matrix to have the correct shape, use the 'labels' parameter to pass all known labels.
  warnings.warn(
[I 2025-05-15 07:29:42,984] Trial 17 finished with value: 0.9 and parameters: {'C': 1.4752552821847151, 'penalty': 'l2'}. Best is trial 0 with value: 0.9.
/data/home/rtabares/anaconda3/envs/pyth3.12/lib/python3.12/site-packages/sklearn/metrics/_classification.py:407: UserWarning: A single label was found in 'y_true' and 'y_pred'. For the confusion matrix to have the correct shape, use the 'labels' parameter to pass all known labels.
  warnings.warn(
[I 2025-05-15 07:29:43,024] Trial 18 finished with value: 0.9 and parameters: {'C': 0.05658298018503892, 'penalty': 'l2'}. Best is trial 0 with value: 0.9.
/data/home/rtabares/anaconda3/envs/pyth3.12/lib/python3.12/site-packages/sklearn/metrics/_classification.py:407: UserWarning: A single label was found in 'y_true' and 'y_pred'. For the confusion matrix to have the correct shape, use the 'labels' parameter to pass all known labels.
  warnings.warn(
[I 2025-05-15 07:29:43,073] Trial 19 finished with value: 0.9 and parameters: {'C': 17.308995845007956, 'penalty': 'l2'}. Best is trial 0 with value: 0.9.
/data/home/rtabares/anaconda3/envs/pyth3.12/lib/python3.12/site-packages/sklearn/metrics/_classification.py:407: UserWarning: A single label was found in 'y_true' and 'y_pred'. For the confusion matrix to have the correct shape, use the 'labels' parameter to pass all known labels.
  warnings.warn(
[I 2025-05-15 07:29:43,102] Trial 20 finished with value: 0.9 and parameters: {'C': 0.20111099144358968, 'penalty': 'l2'}. Best is trial 0 with value: 0.9.
/data/home/rtabares/anaconda3/envs/pyth3.12/lib/python3.12/site-packages/sklearn/metrics/_classification.py:407: UserWarning: A single label was found in 'y_true' and 'y_pred'. For the confusion matrix to have the correct shape, use the 'labels' parameter to pass all known labels.
  warnings.warn(
[I 2025-05-15 07:29:43,139] Trial 21 finished with value: 0.9 and parameters: {'C': 0.009499348899473984, 'penalty': 'l2'}. Best is trial 0 with value: 0.9.
/data/home/rtabares/anaconda3/envs/pyth3.12/lib/python3.12/site-packages/sklearn/metrics/_classification.py:407: UserWarning: A single label was found in 'y_true' and 'y_pred'. For the confusion matrix to have the correct shape, use the 'labels' parameter to pass all known labels.
  warnings.warn(
[I 2025-05-15 07:29:43,165] Trial 22 finished with value: 0.6 and parameters: {'C': 0.002507852613523972, 'penalty': 'l2'}. Best is trial 0 with value: 0.9.
/data/home/rtabares/anaconda3/envs/pyth3.12/lib/python3.12/site-packages/sklearn/metrics/_classification.py:407: UserWarning: A single label was found in 'y_true' and 'y_pred'. For the confusion matrix to have the correct shape, use the 'labels' parameter to pass all known labels.
  warnings.warn(
[I 2025-05-15 07:29:43,181] Trial 23 finished with value: 0.9 and parameters: {'C': 0.020872598541866766, 'penalty': 'l2'}. Best is trial 0 with value: 0.9.
/data/home/rtabares/anaconda3/envs/pyth3.12/lib/python3.12/site-packages/sklearn/metrics/_classification.py:407: UserWarning: A single label was found in 'y_true' and 'y_pred'. For the confusion matrix to have the correct shape, use the 'labels' parameter to pass all known labels.
  warnings.warn(
[I 2025-05-15 07:29:43,204] Trial 24 finished with value: 0.6 and parameters: {'C': 0.003100655081970181, 'penalty': 'l2'}. Best is trial 0 with value: 0.9.
/data/home/rtabares/anaconda3/envs/pyth3.12/lib/python3.12/site-packages/sklearn/metrics/_classification.py:407: UserWarning: A single label was found in 'y_true' and 'y_pred'. For the confusion matrix to have the correct shape, use the 'labels' parameter to pass all known labels.
  warnings.warn(
[I 2025-05-15 07:29:43,260] Trial 25 finished with value: 0.9 and parameters: {'C': 0.14308327055214404, 'penalty': 'l2'}. Best is trial 0 with value: 0.9.
/data/home/rtabares/anaconda3/envs/pyth3.12/lib/python3.12/site-packages/sklearn/metrics/_classification.py:407: UserWarning: A single label was found in 'y_true' and 'y_pred'. For the confusion matrix to have the correct shape, use the 'labels' parameter to pass all known labels.
  warnings.warn(
[I 2025-05-15 07:29:43,291] Trial 26 finished with value: 0.9 and parameters: {'C': 0.021100805440807256, 'penalty': 'l2'}. Best is trial 0 with value: 0.9.
/data/home/rtabares/anaconda3/envs/pyth3.12/lib/python3.12/site-packages/sklearn/metrics/_classification.py:407: UserWarning: A single label was found in 'y_true' and 'y_pred'. For the confusion matrix to have the correct shape, use the 'labels' parameter to pass all known labels.
  warnings.warn(
[I 2025-05-15 07:29:43,337] Trial 27 finished with value: 0.9 and parameters: {'C': 0.7226969084565785, 'penalty': 'l2'}. Best is trial 0 with value: 0.9.
/data/home/rtabares/anaconda3/envs/pyth3.12/lib/python3.12/site-packages/sklearn/metrics/_classification.py:407: UserWarning: A single label was found in 'y_true' and 'y_pred'. For the confusion matrix to have the correct shape, use the 'labels' parameter to pass all known labels.
  warnings.warn(
[I 2025-05-15 07:29:43,375] Trial 28 finished with value: 0.9 and parameters: {'C': 2.7390256543997475, 'penalty': 'l2'}. Best is trial 0 with value: 0.9.
/data/home/rtabares/anaconda3/envs/pyth3.12/lib/python3.12/site-packages/sklearn/metrics/_classification.py:407: UserWarning: A single label was found in 'y_true' and 'y_pred'. For the confusion matrix to have the correct shape, use the 'labels' parameter to pass all known labels.
  warnings.warn(
