[I 2025-05-15 07:44:13,954] Trial 18 finished with value: 0.5 and parameters: {'C': 0.010150922430041258, 'gamma': 0.03320384586751046}. Best is trial 2 with value: 0.6166666666666666.
[I 2025-05-15 07:44:13,989] Trial 19 finished with value: 0.5333333333333333 and parameters: {'C': 18.187153459490982, 'gamma': 0.03258665105699359}. Best is trial 2 with value: 0.6166666666666666.
[I 2025-05-15 07:44:14,022] Trial 20 finished with value: 0.45 and parameters: {'C': 1.6431659043256461, 'gamma': 0.58423598180074}. Best is trial 2 with value: 0.6166666666666666.
[I 2025-05-15 07:44:14,053] Trial 21 finished with value: 0.6 and parameters: {'C': 0.07153864416940406, 'gamma': 0.00579968910447927}. Best is trial 2 with value: 0.6166666666666666.
[I 2025-05-15 07:44:14,077] Trial 22 finished with value: 0.6 and parameters: {'C': 0.05399286755151697, 'gamma': 0.006085566830166296}. Best is trial 2 with value: 0.6166666666666666.
[I 2025-05-15 07:44:14,108] Trial 23 finished with value: 0.55 and parameters: {'C': 0.03797995924971304, 'gamma': 0.016439022586376275}. Best is trial 2 with value: 0.6166666666666666.
[I 2025-05-15 07:44:14,151] Trial 24 finished with value: 0.55 and parameters: {'C': 0.19091103556844735, 'gamma': 0.0007115155283258382}. Best is trial 2 with value: 0.6166666666666666.
[I 2025-05-15 07:44:14,172] Trial 25 finished with value: 0.6 and parameters: {'C': 0.43396668182532755, 'gamma': 0.00402370481125282}. Best is trial 2 with value: 0.6166666666666666.
[I 2025-05-15 07:44:14,202] Trial 26 finished with value: 0.5 and parameters: {'C': 0.12756606350826363, 'gamma': 0.049456234617761975}. Best is trial 2 with value: 0.6166666666666666.
[I 2025-05-15 07:44:14,225] Trial 27 finished with value: 0.6666666666666666 and parameters: {'C': 98.90999572167031, 'gamma': 0.00913340717471383}. Best is trial 27 with value: 0.6666666666666666.
[I 2025-05-15 07:44:14,265] Trial 28 finished with value: 0.5333333333333333 and parameters: {'C': 31.56121269349397, 'gamma': 0.010598512959437366}. Best is trial 27 with value: 0.6666666666666666.
[I 2025-05-15 07:44:14,304] Trial 29 finished with value: 0.4833333333333333 and parameters: {'C': 92.9352294596131, 'gamma': 0.10293716597227427}. Best is trial 27 with value: 0.6666666666666666.
/data/home/rtabares/anaconda3/envs/pyth3.12/lib/python3.12/site-packages/xgboost/core.py:377: FutureWarning: Your system has an old version of glibc (< 2.28). We will stop supporting Linux distros with glibc older than 2.28 after **May 31, 2025**. Please upgrade to a recent Linux distro (with glibc >= 2.28) to use future versions of XGBoost.
Note: You have installed the 'manylinux2014' variant of XGBoost. Certain features such as GPU algorithms or federated learning are not available. To use these features, please upgrade to a recent Linux distro with glibc 2.28+, and install the 'manylinux_2_28' variant.
  warnings.warn(
[I 2025-05-15 07:44:23,993] A new study created in memory with name: logreg
Parámetros guardados en checkpoint_shoppers_Doriginal_F/k-means/IPC_11/best_models_k-means_seed_7_space_original/svc_best_params.json


>>> Optuna tuning logreg metodo k-means IPC 11 seed 7


[I 2025-05-15 07:44:27,852] Trial 0 finished with value: 0.55 and parameters: {'C': 0.002407362254570802, 'penalty': 'l2'}. Best is trial 0 with value: 0.55.
[I 2025-05-15 07:44:28,040] Trial 1 finished with value: 0.5833333333333333 and parameters: {'C': 7.935859334260497, 'penalty': 'l2'}. Best is trial 1 with value: 0.5833333333333333.
[I 2025-05-15 07:44:28,068] Trial 2 finished with value: 0.5166666666666666 and parameters: {'C': 0.15561310098067915, 'penalty': 'l2'}. Best is trial 1 with value: 0.5833333333333333.
[I 2025-05-15 07:44:28,105] Trial 3 finished with value: 0.5833333333333333 and parameters: {'C': 4.143104515916128, 'penalty': 'l2'}. Best is trial 1 with value: 0.5833333333333333.
[I 2025-05-15 07:44:28,148] Trial 4 finished with value: 0.7 and parameters: {'C': 77.61533923098803, 'penalty': 'l2'}. Best is trial 4 with value: 0.7.
[I 2025-05-15 07:44:28,173] Trial 5 finished with value: 0.5333333333333333 and parameters: {'C': 0.49258292359934785, 'penalty': 'l2'}. Best is trial 4 with value: 0.7.
[I 2025-05-15 07:44:28,208] Trial 6 finished with value: 0.5333333333333333 and parameters: {'C': 0.320333470047146, 'penalty': 'l2'}. Best is trial 4 with value: 0.7.
[I 2025-05-15 07:44:28,245] Trial 7 finished with value: 0.55 and parameters: {'C': 0.002292216671132896, 'penalty': 'l2'}. Best is trial 4 with value: 0.7.
[I 2025-05-15 07:44:28,269] Trial 8 finished with value: 0.5666666666666667 and parameters: {'C': 0.0219884643872214, 'penalty': 'l2'}. Best is trial 4 with value: 0.7.
[I 2025-05-15 07:44:28,306] Trial 9 finished with value: 0.5333333333333333 and parameters: {'C': 0.31580027519646636, 'penalty': 'l2'}. Best is trial 4 with value: 0.7.
[I 2025-05-15 07:44:28,339] Trial 10 finished with value: 0.7 and parameters: {'C': 53.54776778233864, 'penalty': 'l2'}. Best is trial 4 with value: 0.7.
[I 2025-05-15 07:44:29,961] Trial 11 finished with value: 0.7 and parameters: {'C': 47.207028224457765, 'penalty': 'l2'}. Best is trial 4 with value: 0.7.
[I 2025-05-15 07:44:32,370] Trial 12 finished with value: 0.7 and parameters: {'C': 84.28882143282867, 'penalty': 'l2'}. Best is trial 4 with value: 0.7.
[I 2025-05-15 07:44:32,411] Trial 13 finished with value: 0.6166666666666666 and parameters: {'C': 12.634985691735606, 'penalty': 'l2'}. Best is trial 4 with value: 0.7.
[I 2025-05-15 07:44:32,456] Trial 14 finished with value: 0.5833333333333333 and parameters: {'C': 3.1158784985469734, 'penalty': 'l2'}. Best is trial 4 with value: 0.7.
[I 2025-05-15 07:44:32,511] Trial 15 finished with value: 0.6666666666666666 and parameters: {'C': 22.300760773709367, 'penalty': 'l2'}. Best is trial 4 with value: 0.7.
[I 2025-05-15 07:44:32,569] Trial 16 finished with value: 0.5333333333333333 and parameters: {'C': 2.3157702229693666, 'penalty': 'l2'}. Best is trial 4 with value: 0.7.
[I 2025-05-15 07:44:32,646] Trial 17 finished with value: 0.7 and parameters: {'C': 81.1514814361005, 'penalty': 'l2'}. Best is trial 4 with value: 0.7.
[I 2025-05-15 07:44:32,686] Trial 18 finished with value: 0.6166666666666666 and parameters: {'C': 25.793206421718693, 'penalty': 'l2'}. Best is trial 4 with value: 0.7.
[I 2025-05-15 07:44:32,758] Trial 19 finished with value: 0.5333333333333333 and parameters: {'C': 1.3224661232204953, 'penalty': 'l2'}. Best is trial 4 with value: 0.7.
[I 2025-05-15 07:44:32,829] Trial 20 finished with value: 0.5833333333333333 and parameters: {'C': 7.093684305018916, 'penalty': 'l2'}. Best is trial 4 with value: 0.7.
[I 2025-05-15 07:44:32,899] Trial 21 finished with value: 0.7 and parameters: {'C': 54.283151619052504, 'penalty': 'l2'}. Best is trial 4 with value: 0.7.
[I 2025-05-15 07:44:34,539] Trial 22 finished with value: 0.6666666666666666 and parameters: {'C': 30.71574397679842, 'penalty': 'l2'}. Best is trial 4 with value: 0.7.
[I 2025-05-15 07:44:34,654] Trial 23 finished with value: 0.7 and parameters: {'C': 94.89031025322143, 'penalty': 'l2'}. Best is trial 4 with value: 0.7.
[I 2025-05-15 07:44:34,720] Trial 24 finished with value: 0.6166666666666666 and parameters: {'C': 16.988258477775165, 'penalty': 'l2'}. Best is trial 4 with value: 0.7.
[I 2025-05-15 07:44:34,779] Trial 25 finished with value: 0.7 and parameters: {'C': 41.97315515015298, 'penalty': 'l2'}. Best is trial 4 with value: 0.7.
[I 2025-05-15 07:44:34,816] Trial 26 finished with value: 0.5166666666666666 and parameters: {'C': 0.04958066879678988, 'penalty': 'l2'}. Best is trial 4 with value: 0.7.
[I 2025-05-15 07:44:34,850] Trial 27 finished with value: 0.5333333333333333 and parameters: {'C': 1.4173773439094262, 'penalty': 'l2'}. Best is trial 4 with value: 0.7.
[I 2025-05-15 07:44:34,889] Trial 28 finished with value: 0.5833333333333333 and parameters: {'C': 8.372516403641324, 'penalty': 'l2'}. Best is trial 4 with value: 0.7.
[I 2025-05-15 07:44:34,927] Trial 29 finished with value: 0.5333333333333333 and parameters: {'C': 0.011104103350344362, 'penalty': 'l2'}. Best is trial 4 with value: 0.7.
[I 2025-05-15 07:44:50,194] A new study created in memory with name: mlp
Parámetros guardados en checkpoint_shoppers_Doriginal_F/k-means/IPC_11/best_models_k-means_seed_7_space_original/logreg_best_params.json


>>> Optuna tuning mlp metodo k-means IPC 11 seed 7


/data/home/rtabares/anaconda3/envs/pyth3.12/lib/python3.12/site-packages/sklearn/neural_network/_multilayer_perceptron.py:691: ConvergenceWarning: Stochastic Optimizer: Maximum iterations (100) reached and the optimization hasn't converged yet.
  warnings.warn(
/data/home/rtabares/anaconda3/envs/pyth3.12/lib/python3.12/site-packages/sklearn/neural_network/_multilayer_perceptron.py:691: ConvergenceWarning: Stochastic Optimizer: Maximum iterations (100) reached and the optimization hasn't converged yet.
  warnings.warn(
/data/home/rtabares/anaconda3/envs/pyth3.12/lib/python3.12/site-packages/sklearn/neural_network/_multilayer_perceptron.py:691: ConvergenceWarning: Stochastic Optimizer: Maximum iterations (100) reached and the optimization hasn't converged yet.
  warnings.warn(
/data/home/rtabares/anaconda3/envs/pyth3.12/lib/python3.12/site-packages/sklearn/neural_network/_multilayer_perceptron.py:691: ConvergenceWarning: Stochastic Optimizer: Maximum iterations (100) reached and the optimization hasn't converged yet.
  warnings.warn(
/data/home/rtabares/anaconda3/envs/pyth3.12/lib/python3.12/site-packages/sklearn/neural_network/_multilayer_perceptron.py:691: ConvergenceWarning: Stochastic Optimizer: Maximum iterations (100) reached and the optimization hasn't converged yet.
  warnings.warn(
[I 2025-05-15 07:44:53,078] Trial 0 finished with value: 0.5333333333333333 and parameters: {'hidden_layer_sizes': (200,), 'max_iter': 100, 'alpha': 0.0001}. Best is trial 0 with value: 0.5333333333333333.
/data/home/rtabares/anaconda3/envs/pyth3.12/lib/python3.12/site-packages/sklearn/neural_network/_multilayer_perceptron.py:691: ConvergenceWarning: Stochastic Optimizer: Maximum iterations (100) reached and the optimization hasn't converged yet.
  warnings.warn(
/data/home/rtabares/anaconda3/envs/pyth3.12/lib/python3.12/site-packages/sklearn/neural_network/_multilayer_perceptron.py:691: ConvergenceWarning: Stochastic Optimizer: Maximum iterations (100) reached and the optimization hasn't converged yet.
  warnings.warn(
/data/home/rtabares/anaconda3/envs/pyth3.12/lib/python3.12/site-packages/sklearn/neural_network/_multilayer_perceptron.py:691: ConvergenceWarning: Stochastic Optimizer: Maximum iterations (100) reached and the optimization hasn't converged yet.
  warnings.warn(
/data/home/rtabares/anaconda3/envs/pyth3.12/lib/python3.12/site-packages/sklearn/neural_network/_multilayer_perceptron.py:691: ConvergenceWarning: Stochastic Optimizer: Maximum iterations (100) reached and the optimization hasn't converged yet.
  warnings.warn(
/data/home/rtabares/anaconda3/envs/pyth3.12/lib/python3.12/site-packages/sklearn/neural_network/_multilayer_perceptron.py:691: ConvergenceWarning: Stochastic Optimizer: Maximum iterations (100) reached and the optimization hasn't converged yet.
  warnings.warn(
[I 2025-05-15 07:44:53,336] Trial 1 finished with value: 0.5833333333333333 and parameters: {'hidden_layer_sizes': (100, 100), 'max_iter': 100, 'alpha': 0.0001}. Best is trial 1 with value: 0.5833333333333333.
/data/home/rtabares/anaconda3/envs/pyth3.12/lib/python3.12/site-packages/sklearn/neural_network/_multilayer_perceptron.py:691: ConvergenceWarning: Stochastic Optimizer: Maximum iterations (100) reached and the optimization hasn't converged yet.
  warnings.warn(
/data/home/rtabares/anaconda3/envs/pyth3.12/lib/python3.12/site-packages/sklearn/neural_network/_multilayer_perceptron.py:691: ConvergenceWarning: Stochastic Optimizer: Maximum iterations (100) reached and the optimization hasn't converged yet.
  warnings.warn(
/data/home/rtabares/anaconda3/envs/pyth3.12/lib/python3.12/site-packages/sklearn/neural_network/_multilayer_perceptron.py:691: ConvergenceWarning: Stochastic Optimizer: Maximum iterations (100) reached and the optimization hasn't converged yet.
  warnings.warn(
/data/home/rtabares/anaconda3/envs/pyth3.12/lib/python3.12/site-packages/sklearn/neural_network/_multilayer_perceptron.py:691: ConvergenceWarning: Stochastic Optimizer: Maximum iterations (100) reached and the optimization hasn't converged yet.
  warnings.warn(
/data/home/rtabares/anaconda3/envs/pyth3.12/lib/python3.12/site-packages/sklearn/neural_network/_multilayer_perceptron.py:691: ConvergenceWarning: Stochastic Optimizer: Maximum iterations (100) reached and the optimization hasn't converged yet.
  warnings.warn(
[I 2025-05-15 07:44:53,581] Trial 2 finished with value: 0.5333333333333333 and parameters: {'hidden_layer_sizes': (200,), 'max_iter': 100, 'alpha': 0.001}. Best is trial 1 with value: 0.5833333333333333.
/data/home/rtabares/anaconda3/envs/pyth3.12/lib/python3.12/site-packages/sklearn/neural_network/_multilayer_perceptron.py:691: ConvergenceWarning: Stochastic Optimizer: Maximum iterations (50) reached and the optimization hasn't converged yet.
  warnings.warn(
/data/home/rtabares/anaconda3/envs/pyth3.12/lib/python3.12/site-packages/sklearn/neural_network/_multilayer_perceptron.py:691: ConvergenceWarning: Stochastic Optimizer: Maximum iterations (50) reached and the optimization hasn't converged yet.
  warnings.warn(
/data/home/rtabares/anaconda3/envs/pyth3.12/lib/python3.12/site-packages/sklearn/neural_network/_multilayer_perceptron.py:691: ConvergenceWarning: Stochastic Optimizer: Maximum iterations (50) reached and the optimization hasn't converged yet.
  warnings.warn(
/data/home/rtabares/anaconda3/envs/pyth3.12/lib/python3.12/site-packages/sklearn/neural_network/_multilayer_perceptron.py:691: ConvergenceWarning: Stochastic Optimizer: Maximum iterations (50) reached and the optimization hasn't converged yet.
  warnings.warn(
/data/home/rtabares/anaconda3/envs/pyth3.12/lib/python3.12/site-packages/sklearn/neural_network/_multilayer_perceptron.py:691: ConvergenceWarning: Stochastic Optimizer: Maximum iterations (50) reached and the optimization hasn't converged yet.
  warnings.warn(
[I 2025-05-15 07:44:53,687] Trial 3 finished with value: 0.5333333333333333 and parameters: {'hidden_layer_sizes': (100,), 'max_iter': 50, 'alpha': 0.001}. Best is trial 1 with value: 0.5833333333333333.
/data/home/rtabares/anaconda3/envs/pyth3.12/lib/python3.12/site-packages/sklearn/neural_network/_multilayer_perceptron.py:691: ConvergenceWarning: Stochastic Optimizer: Maximum iterations (50) reached and the optimization hasn't converged yet.
  warnings.warn(
/data/home/rtabares/anaconda3/envs/pyth3.12/lib/python3.12/site-packages/sklearn/neural_network/_multilayer_perceptron.py:691: ConvergenceWarning: Stochastic Optimizer: Maximum iterations (50) reached and the optimization hasn't converged yet.
  warnings.warn(
/data/home/rtabares/anaconda3/envs/pyth3.12/lib/python3.12/site-packages/sklearn/neural_network/_multilayer_perceptron.py:691: ConvergenceWarning: Stochastic Optimizer: Maximum iterations (50) reached and the optimization hasn't converged yet.
  warnings.warn(
/data/home/rtabares/anaconda3/envs/pyth3.12/lib/python3.12/site-packages/sklearn/neural_network/_multilayer_perceptron.py:691: ConvergenceWarning: Stochastic Optimizer: Maximum iterations (50) reached and the optimization hasn't converged yet.
  warnings.warn(
/data/home/rtabares/anaconda3/envs/pyth3.12/lib/python3.12/site-packages/sklearn/neural_network/_multilayer_perceptron.py:691: ConvergenceWarning: Stochastic Optimizer: Maximum iterations (50) reached and the optimization hasn't converged yet.
  warnings.warn(
[I 2025-05-15 07:44:53,762] Trial 4 finished with value: 0.5333333333333333 and parameters: {'hidden_layer_sizes': (100,), 'max_iter': 50, 'alpha': 0.0001}. Best is trial 1 with value: 0.5833333333333333.
/data/home/rtabares/anaconda3/envs/pyth3.12/lib/python3.12/site-packages/sklearn/neural_network/_multilayer_perceptron.py:691: ConvergenceWarning: Stochastic Optimizer: Maximum iterations (50) reached and the optimization hasn't converged yet.
  warnings.warn(
/data/home/rtabares/anaconda3/envs/pyth3.12/lib/python3.12/site-packages/sklearn/neural_network/_multilayer_perceptron.py:691: ConvergenceWarning: Stochastic Optimizer: Maximum iterations (50) reached and the optimization hasn't converged yet.
  warnings.warn(
/data/home/rtabares/anaconda3/envs/pyth3.12/lib/python3.12/site-packages/sklearn/neural_network/_multilayer_perceptron.py:691: ConvergenceWarning: Stochastic Optimizer: Maximum iterations (50) reached and the optimization hasn't converged yet.
  warnings.warn(
/data/home/rtabares/anaconda3/envs/pyth3.12/lib/python3.12/site-packages/sklearn/neural_network/_multilayer_perceptron.py:691: ConvergenceWarning: Stochastic Optimizer: Maximum iterations (50) reached and the optimization hasn't converged yet.
  warnings.warn(
/data/home/rtabares/anaconda3/envs/pyth3.12/lib/python3.12/site-packages/sklearn/neural_network/_multilayer_perceptron.py:691: ConvergenceWarning: Stochastic Optimizer: Maximum iterations (50) reached and the optimization hasn't converged yet.
  warnings.warn(
[I 2025-05-15 07:44:53,929] Trial 5 finished with value: 0.5333333333333333 and parameters: {'hidden_layer_sizes': (100,), 'max_iter': 50, 'alpha': 0.0001}. Best is trial 1 with value: 0.5833333333333333.
/data/home/rtabares/anaconda3/envs/pyth3.12/lib/python3.12/site-packages/sklearn/neural_network/_multilayer_perceptron.py:691: ConvergenceWarning: Stochastic Optimizer: Maximum iterations (50) reached and the optimization hasn't converged yet.
  warnings.warn(
/data/home/rtabares/anaconda3/envs/pyth3.12/lib/python3.12/site-packages/sklearn/neural_network/_multilayer_perceptron.py:691: ConvergenceWarning: Stochastic Optimizer: Maximum iterations (50) reached and the optimization hasn't converged yet.
  warnings.warn(
/data/home/rtabares/anaconda3/envs/pyth3.12/lib/python3.12/site-packages/sklearn/neural_network/_multilayer_perceptron.py:691: ConvergenceWarning: Stochastic Optimizer: Maximum iterations (50) reached and the optimization hasn't converged yet.
  warnings.warn(
/data/home/rtabares/anaconda3/envs/pyth3.12/lib/python3.12/site-packages/sklearn/neural_network/_multilayer_perceptron.py:691: ConvergenceWarning: Stochastic Optimizer: Maximum iterations (50) reached and the optimization hasn't converged yet.
  warnings.warn(
/data/home/rtabares/anaconda3/envs/pyth3.12/lib/python3.12/site-packages/sklearn/neural_network/_multilayer_perceptron.py:691: ConvergenceWarning: Stochastic Optimizer: Maximum iterations (50) reached and the optimization hasn't converged yet.
  warnings.warn(
[I 2025-05-15 07:44:54,045] Trial 6 finished with value: 0.5333333333333333 and parameters: {'hidden_layer_sizes': (100,), 'max_iter': 50, 'alpha': 0.0001}. Best is trial 1 with value: 0.5833333333333333.
/data/home/rtabares/anaconda3/envs/pyth3.12/lib/python3.12/site-packages/sklearn/neural_network/_multilayer_perceptron.py:691: ConvergenceWarning: Stochastic Optimizer: Maximum iterations (50) reached and the optimization hasn't converged yet.
  warnings.warn(
/data/home/rtabares/anaconda3/envs/pyth3.12/lib/python3.12/site-packages/sklearn/neural_network/_multilayer_perceptron.py:691: ConvergenceWarning: Stochastic Optimizer: Maximum iterations (50) reached and the optimization hasn't converged yet.
  warnings.warn(
/data/home/rtabares/anaconda3/envs/pyth3.12/lib/python3.12/site-packages/sklearn/neural_network/_multilayer_perceptron.py:691: ConvergenceWarning: Stochastic Optimizer: Maximum iterations (50) reached and the optimization hasn't converged yet.
  warnings.warn(
/data/home/rtabares/anaconda3/envs/pyth3.12/lib/python3.12/site-packages/sklearn/neural_network/_multilayer_perceptron.py:691: ConvergenceWarning: Stochastic Optimizer: Maximum iterations (50) reached and the optimization hasn't converged yet.
  warnings.warn(
/data/home/rtabares/anaconda3/envs/pyth3.12/lib/python3.12/site-packages/sklearn/neural_network/_multilayer_perceptron.py:691: ConvergenceWarning: Stochastic Optimizer: Maximum iterations (50) reached and the optimization hasn't converged yet.
  warnings.warn(
[I 2025-05-15 07:44:54,142] Trial 7 finished with value: 0.5333333333333333 and parameters: {'hidden_layer_sizes': (100,), 'max_iter': 50, 'alpha': 0.0001}. Best is trial 1 with value: 0.5833333333333333.
/data/home/rtabares/anaconda3/envs/pyth3.12/lib/python3.12/site-packages/sklearn/neural_network/_multilayer_perceptron.py:691: ConvergenceWarning: Stochastic Optimizer: Maximum iterations (100) reached and the optimization hasn't converged yet.
  warnings.warn(
/data/home/rtabares/anaconda3/envs/pyth3.12/lib/python3.12/site-packages/sklearn/neural_network/_multilayer_perceptron.py:691: ConvergenceWarning: Stochastic Optimizer: Maximum iterations (100) reached and the optimization hasn't converged yet.
  warnings.warn(
/data/home/rtabares/anaconda3/envs/pyth3.12/lib/python3.12/site-packages/sklearn/neural_network/_multilayer_perceptron.py:691: ConvergenceWarning: Stochastic Optimizer: Maximum iterations (100) reached and the optimization hasn't converged yet.
  warnings.warn(
/data/home/rtabares/anaconda3/envs/pyth3.12/lib/python3.12/site-packages/sklearn/neural_network/_multilayer_perceptron.py:691: ConvergenceWarning: Stochastic Optimizer: Maximum iterations (100) reached and the optimization hasn't converged yet.
  warnings.warn(
/data/home/rtabares/anaconda3/envs/pyth3.12/lib/python3.12/site-packages/sklearn/neural_network/_multilayer_perceptron.py:691: ConvergenceWarning: Stochastic Optimizer: Maximum iterations (100) reached and the optimization hasn't converged yet.
  warnings.warn(
