[I 2025-05-15 08:01:13,939] Trial 15 finished with value: 0.5233333333333333 and parameters: {'n_estimators': 10, 'max_depth': 20, 'gamma': 0.4886886630598376, 'subsample': 0.71045339728074, 'colsample_bytree': 0.796805004134529}. Best is trial 11 with value: 0.5833333333333333.
[I 2025-05-15 08:01:14,107] Trial 16 finished with value: 0.4833333333333333 and parameters: {'n_estimators': 100, 'max_depth': 5, 'gamma': 0.3453158873440638, 'subsample': 0.8664990752858306, 'colsample_bytree': 0.8109280517447289}. Best is trial 11 with value: 0.5833333333333333.
[I 2025-05-15 08:01:14,219] Trial 17 finished with value: 0.4833333333333333 and parameters: {'n_estimators': 10, 'max_depth': 20, 'gamma': 0.789911554637341, 'subsample': 0.949309865243657, 'colsample_bytree': 0.9215802082362831}. Best is trial 11 with value: 0.5833333333333333.
[I 2025-05-15 08:01:14,337] Trial 18 finished with value: 0.5633333333333332 and parameters: {'n_estimators': 10, 'max_depth': 20, 'gamma': 0.6439628566174673, 'subsample': 0.8522262197397629, 'colsample_bytree': 0.5347678930792725}. Best is trial 11 with value: 0.5833333333333333.
/data/home/rtabares/anaconda3/envs/pyth3.12/lib/python3.12/site-packages/xgboost/core.py:377: FutureWarning: Your system has an old version of glibc (< 2.28). We will stop supporting Linux distros with glibc older than 2.28 after **May 31, 2025**. Please upgrade to a recent Linux distro (with glibc >= 2.28) to use future versions of XGBoost.
Note: You have installed the 'manylinux2014' variant of XGBoost. Certain features such as GPU algorithms or federated learning are not available. To use these features, please upgrade to a recent Linux distro with glibc 2.28+, and install the 'manylinux_2_28' variant.
  warnings.warn(
[I 2025-05-15 08:01:15,654] Trial 19 finished with value: 0.46333333333333326 and parameters: {'n_estimators': 100, 'max_depth': 20, 'gamma': 0.34780047719576057, 'subsample': 0.6342385505944843, 'colsample_bytree': 0.777366868772523}. Best is trial 11 with value: 0.5833333333333333.
[I 2025-05-15 08:01:15,762] Trial 20 finished with value: 0.5033333333333333 and parameters: {'n_estimators': 10, 'max_depth': 5, 'gamma': 0.5047871800017463, 'subsample': 0.7373423778137582, 'colsample_bytree': 0.9207981923162684}. Best is trial 11 with value: 0.5833333333333333.
[I 2025-05-15 08:01:15,901] Trial 21 finished with value: 0.5633333333333332 and parameters: {'n_estimators': 10, 'max_depth': 20, 'gamma': 0.6356506515350894, 'subsample': 0.8483909471102561, 'colsample_bytree': 0.5058293715060612}. Best is trial 11 with value: 0.5833333333333333.
/data/home/rtabares/anaconda3/envs/pyth3.12/lib/python3.12/site-packages/xgboost/core.py:377: FutureWarning: Your system has an old version of glibc (< 2.28). We will stop supporting Linux distros with glibc older than 2.28 after **May 31, 2025**. Please upgrade to a recent Linux distro (with glibc >= 2.28) to use future versions of XGBoost.
Note: You have installed the 'manylinux2014' variant of XGBoost. Certain features such as GPU algorithms or federated learning are not available. To use these features, please upgrade to a recent Linux distro with glibc 2.28+, and install the 'manylinux_2_28' variant.
  warnings.warn(
[I 2025-05-15 08:01:16,017] Trial 22 finished with value: 0.46333333333333326 and parameters: {'n_estimators': 10, 'max_depth': 20, 'gamma': 0.5759760897840125, 'subsample': 0.7865510053427363, 'colsample_bytree': 0.5952456298534323}. Best is trial 11 with value: 0.5833333333333333.
[I 2025-05-15 08:01:16,113] Trial 23 finished with value: 0.5233333333333333 and parameters: {'n_estimators': 10, 'max_depth': 20, 'gamma': 0.797325228761902, 'subsample': 0.9131829060109509, 'colsample_bytree': 0.8553078663166138}. Best is trial 11 with value: 0.5833333333333333.
/data/home/rtabares/anaconda3/envs/pyth3.12/lib/python3.12/site-packages/xgboost/core.py:377: FutureWarning: Your system has an old version of glibc (< 2.28). We will stop supporting Linux distros with glibc older than 2.28 after **May 31, 2025**. Please upgrade to a recent Linux distro (with glibc >= 2.28) to use future versions of XGBoost.
Note: You have installed the 'manylinux2014' variant of XGBoost. Certain features such as GPU algorithms or federated learning are not available. To use these features, please upgrade to a recent Linux distro with glibc 2.28+, and install the 'manylinux_2_28' variant.
  warnings.warn(
[I 2025-05-15 08:01:17,909] Trial 24 finished with value: 0.5633333333333332 and parameters: {'n_estimators': 10, 'max_depth': 20, 'gamma': 0.6551428039155381, 'subsample': 0.8788393925027745, 'colsample_bytree': 0.5085641417094923}. Best is trial 11 with value: 0.5833333333333333.
[I 2025-05-15 08:01:18,008] Trial 25 finished with value: 0.6233333333333333 and parameters: {'n_estimators': 10, 'max_depth': 20, 'gamma': 0.5450475316310814, 'subsample': 0.8333638298057194, 'colsample_bytree': 0.6744782628465689}. Best is trial 25 with value: 0.6233333333333333.
[I 2025-05-15 08:01:18,081] Trial 26 finished with value: 0.6033333333333333 and parameters: {'n_estimators': 10, 'max_depth': 20, 'gamma': 0.4167779462935004, 'subsample': 0.9503377581958079, 'colsample_bytree': 0.6695957653566865}. Best is trial 25 with value: 0.6233333333333333.
[I 2025-05-15 08:01:18,123] Trial 27 finished with value: 0.6033333333333333 and parameters: {'n_estimators': 10, 'max_depth': 20, 'gamma': 0.2519985226162419, 'subsample': 0.9600987132789137, 'colsample_bytree': 0.6499188021057588}. Best is trial 25 with value: 0.6233333333333333.
[I 2025-05-15 08:01:18,238] Trial 28 finished with value: 0.5033333333333333 and parameters: {'n_estimators': 100, 'max_depth': 20, 'gamma': 0.2087111304682185, 'subsample': 0.9568099779205944, 'colsample_bytree': 0.673280609573484}. Best is trial 25 with value: 0.6233333333333333.
[I 2025-05-15 08:01:18,323] Trial 29 finished with value: 0.4383333333333333 and parameters: {'n_estimators': 40, 'max_depth': 5, 'gamma': 0.27474137216671224, 'subsample': 0.8947711216376181, 'colsample_bytree': 0.6641555325363637}. Best is trial 25 with value: 0.6233333333333333.
[I 2025-05-15 08:01:32,704] A new study created in memory with name: rf
Parámetros guardados en checkpoint_adult_Doriginal_G/craig/IPC_43/best_models_craig_seed_6_space_original/xgb_best_params.json


>>> Optuna tuning rf metodo craig IPC 43 seed 6


[I 2025-05-15 08:01:35,047] Trial 0 finished with value: 0.5233333333333332 and parameters: {'n_estimators': 458, 'max_depth': 8, 'min_samples_split': 9, 'min_samples_leaf': 1}. Best is trial 0 with value: 0.5233333333333332.
[I 2025-05-15 08:01:35,512] Trial 1 finished with value: 0.5033333333333333 and parameters: {'n_estimators': 143, 'max_depth': 13, 'min_samples_split': 6, 'min_samples_leaf': 5}. Best is trial 0 with value: 0.5233333333333332.
[I 2025-05-15 08:01:36,076] Trial 2 finished with value: 0.4916666666666666 and parameters: {'n_estimators': 234, 'max_depth': 14, 'min_samples_split': 5, 'min_samples_leaf': 8}. Best is trial 0 with value: 0.5233333333333332.
[I 2025-05-15 08:01:36,889] Trial 3 finished with value: 0.40499999999999997 and parameters: {'n_estimators': 307, 'max_depth': 13, 'min_samples_split': 7, 'min_samples_leaf': 10}. Best is trial 0 with value: 0.5233333333333332.
[I 2025-05-15 08:01:38,275] Trial 4 finished with value: 0.47333333333333333 and parameters: {'n_estimators': 428, 'max_depth': 10, 'min_samples_split': 9, 'min_samples_leaf': 9}. Best is trial 0 with value: 0.5233333333333332.
[I 2025-05-15 08:01:38,834] Trial 5 finished with value: 0.4383333333333333 and parameters: {'n_estimators': 121, 'max_depth': 15, 'min_samples_split': 9, 'min_samples_leaf': 8}. Best is trial 0 with value: 0.5233333333333332.
[I 2025-05-15 08:01:41,266] Trial 6 finished with value: 0.395 and parameters: {'n_estimators': 384, 'max_depth': 12, 'min_samples_split': 3, 'min_samples_leaf': 10}. Best is trial 0 with value: 0.5233333333333332.
[I 2025-05-15 08:01:42,639] Trial 7 finished with value: 0.37 and parameters: {'n_estimators': 261, 'max_depth': 6, 'min_samples_split': 8, 'min_samples_leaf': 10}. Best is trial 0 with value: 0.5233333333333332.
[I 2025-05-15 08:01:43,646] Trial 8 finished with value: 0.4733333333333333 and parameters: {'n_estimators': 202, 'max_depth': 15, 'min_samples_split': 7, 'min_samples_leaf': 8}. Best is trial 0 with value: 0.5233333333333332.
[I 2025-05-15 08:01:45,163] Trial 9 finished with value: 0.4833333333333333 and parameters: {'n_estimators': 475, 'max_depth': 9, 'min_samples_split': 4, 'min_samples_leaf': 5}. Best is trial 0 with value: 0.5233333333333332.
[I 2025-05-15 08:01:46,597] Trial 10 finished with value: 0.5233333333333333 and parameters: {'n_estimators': 352, 'max_depth': 20, 'min_samples_split': 10, 'min_samples_leaf': 1}. Best is trial 10 with value: 0.5233333333333333.
[I 2025-05-15 08:01:49,953] Trial 11 finished with value: 0.4333333333333333 and parameters: {'n_estimators': 363, 'max_depth': 20, 'min_samples_split': 10, 'min_samples_leaf': 1}. Best is trial 10 with value: 0.5233333333333333.
[I 2025-05-15 08:01:53,196] Trial 12 finished with value: 0.5033333333333333 and parameters: {'n_estimators': 489, 'max_depth': 4, 'min_samples_split': 10, 'min_samples_leaf': 1}. Best is trial 10 with value: 0.5233333333333333.
[I 2025-05-15 08:01:54,853] Trial 13 finished with value: 0.5183333333333333 and parameters: {'n_estimators': 351, 'max_depth': 20, 'min_samples_split': 10, 'min_samples_leaf': 3}. Best is trial 10 with value: 0.5233333333333333.
[I 2025-05-15 08:01:57,999] Trial 14 finished with value: 0.47333333333333333 and parameters: {'n_estimators': 426, 'max_depth': 7, 'min_samples_split': 8, 'min_samples_leaf': 3}. Best is trial 10 with value: 0.5233333333333333.
[I 2025-05-15 08:01:58,525] Trial 15 finished with value: 0.49833333333333335 and parameters: {'n_estimators': 314, 'max_depth': 17, 'min_samples_split': 8, 'min_samples_leaf': 3}. Best is trial 10 with value: 0.5233333333333333.
[I 2025-05-15 08:01:59,218] Trial 16 finished with value: 0.49833333333333335 and parameters: {'n_estimators': 421, 'max_depth': 9, 'min_samples_split': 9, 'min_samples_leaf': 2}. Best is trial 10 with value: 0.5233333333333333.
[I 2025-05-15 08:01:59,960] Trial 17 finished with value: 0.4833333333333334 and parameters: {'n_estimators': 468, 'max_depth': 3, 'min_samples_split': 2, 'min_samples_leaf': 6}. Best is trial 10 with value: 0.5233333333333333.
[I 2025-05-15 08:02:00,649] Trial 18 finished with value: 0.4583333333333333 and parameters: {'n_estimators': 379, 'max_depth': 17, 'min_samples_split': 7, 'min_samples_leaf': 2}. Best is trial 10 with value: 0.5233333333333333.
[I 2025-05-15 08:02:01,148] Trial 19 finished with value: 0.4583333333333333 and parameters: {'n_estimators': 279, 'max_depth': 6, 'min_samples_split': 6, 'min_samples_leaf': 6}. Best is trial 10 with value: 0.5233333333333333.
[I 2025-05-15 08:02:01,640] Trial 20 finished with value: 0.5033333333333333 and parameters: {'n_estimators': 343, 'max_depth': 11, 'min_samples_split': 9, 'min_samples_leaf': 4}. Best is trial 10 with value: 0.5233333333333333.
[I 2025-05-15 08:02:02,679] Trial 21 finished with value: 0.5233333333333333 and parameters: {'n_estimators': 338, 'max_depth': 20, 'min_samples_split': 10, 'min_samples_leaf': 1}. Best is trial 10 with value: 0.5233333333333333.
[I 2025-05-15 08:02:04,105] Trial 22 finished with value: 0.5766666666666667 and parameters: {'n_estimators': 410, 'max_depth': 18, 'min_samples_split': 10, 'min_samples_leaf': 1}. Best is trial 22 with value: 0.5766666666666667.
[I 2025-05-15 08:02:05,106] Trial 23 finished with value: 0.49833333333333324 and parameters: {'n_estimators': 407, 'max_depth': 18, 'min_samples_split': 10, 'min_samples_leaf': 2}. Best is trial 22 with value: 0.5766666666666667.
[I 2025-05-15 08:02:06,373] Trial 24 finished with value: 0.5066666666666666 and parameters: {'n_estimators': 326, 'max_depth': 19, 'min_samples_split': 10, 'min_samples_leaf': 1}. Best is trial 22 with value: 0.5766666666666667.
[I 2025-05-15 08:02:07,253] Trial 25 finished with value: 0.47333333333333333 and parameters: {'n_estimators': 281, 'max_depth': 17, 'min_samples_split': 8, 'min_samples_leaf': 2}. Best is trial 22 with value: 0.5766666666666667.
[I 2025-05-15 08:02:08,225] Trial 26 finished with value: 0.4583333333333333 and parameters: {'n_estimators': 394, 'max_depth': 19, 'min_samples_split': 10, 'min_samples_leaf': 4}. Best is trial 22 with value: 0.5766666666666667.
[I 2025-05-15 08:02:08,855] Trial 27 finished with value: 0.5366666666666666 and parameters: {'n_estimators': 239, 'max_depth': 16, 'min_samples_split': 9, 'min_samples_leaf': 1}. Best is trial 22 with value: 0.5766666666666667.
[I 2025-05-15 08:02:09,235] Trial 28 finished with value: 0.4583333333333333 and parameters: {'n_estimators': 205, 'max_depth': 16, 'min_samples_split': 9, 'min_samples_leaf': 4}. Best is trial 22 with value: 0.5766666666666667.
[I 2025-05-15 08:02:09,588] Trial 29 finished with value: 0.5366666666666666 and parameters: {'n_estimators': 169, 'max_depth': 18, 'min_samples_split': 8, 'min_samples_leaf': 1}. Best is trial 22 with value: 0.5766666666666667.
[I 2025-05-15 08:02:18,428] A new study created in memory with name: svc
Parámetros guardados en checkpoint_adult_Doriginal_G/craig/IPC_43/best_models_craig_seed_6_space_original/rf_best_params.json


>>> Optuna tuning svc metodo craig IPC 43 seed 6


[I 2025-05-15 08:02:19,496] Trial 0 finished with value: 0.34833333333333333 and parameters: {'C': 37.27697013499731, 'gamma': 0.0021277432488243223}. Best is trial 0 with value: 0.34833333333333333.
[I 2025-05-15 08:02:19,511] Trial 1 finished with value: 0.44000000000000006 and parameters: {'C': 19.271543171162776, 'gamma': 0.00014682043379470554}. Best is trial 1 with value: 0.44000000000000006.
[I 2025-05-15 08:02:19,535] Trial 2 finished with value: 0.5 and parameters: {'C': 0.0269542169583157, 'gamma': 0.023999835049635022}. Best is trial 2 with value: 0.5.
[I 2025-05-15 08:02:19,549] Trial 3 finished with value: 0.4333333333333334 and parameters: {'C': 1.3160410886450586, 'gamma': 0.0047340159215720195}. Best is trial 2 with value: 0.5.
[I 2025-05-15 08:02:19,566] Trial 4 finished with value: 0.5 and parameters: {'C': 0.21959952535674737, 'gamma': 0.030908485742507576}. Best is trial 2 with value: 0.5.
[I 2025-05-15 08:02:19,590] Trial 5 finished with value: 0.48 and parameters: {'C': 0.5656733313644114, 'gamma': 0.08780685564625502}. Best is trial 2 with value: 0.5.
[I 2025-05-15 08:02:19,602] Trial 6 finished with value: 0.37333333333333335 and parameters: {'C': 1.1807165425157664, 'gamma': 0.020674470756231633}. Best is trial 2 with value: 0.5.
[I 2025-05-15 08:02:19,626] Trial 7 finished with value: 0.5 and parameters: {'C': 3.8143486186647126, 'gamma': 0.9138966502602072}. Best is trial 2 with value: 0.5.
[I 2025-05-15 08:02:19,640] Trial 8 finished with value: 0.34833333333333333 and parameters: {'C': 19.029737066374768, 'gamma': 0.004495766421289856}. Best is trial 2 with value: 0.5.
[I 2025-05-15 08:02:19,654] Trial 9 finished with value: 0.42000000000000004 and parameters: {'C': 31.994153257994277, 'gamma': 0.19725941020937518}. Best is trial 2 with value: 0.5.
[I 2025-05-15 08:02:19,678] Trial 10 finished with value: 0.5 and parameters: {'C': 0.022458498023938945, 'gamma': 0.0006344004822646731}. Best is trial 2 with value: 0.5.
[I 2025-05-15 08:02:20,732] Trial 11 finished with value: 0.5 and parameters: {'C': 0.03285428821848597, 'gamma': 0.033736483455164556}. Best is trial 2 with value: 0.5.
[I 2025-05-15 08:02:21,833] Trial 12 finished with value: 0.5 and parameters: {'C': 0.1339504322046206, 'gamma': 0.12661204150461902}. Best is trial 2 with value: 0.5.
[I 2025-05-15 08:02:21,867] Trial 13 finished with value: 0.5 and parameters: {'C': 0.10096208275809461, 'gamma': 0.012999792142910782}. Best is trial 2 with value: 0.5.
[I 2025-05-15 08:02:21,893] Trial 14 finished with value: 0.5 and parameters: {'C': 0.011101715091503362, 'gamma': 0.05161444582457542}. Best is trial 2 with value: 0.5.
[I 2025-05-15 08:02:21,929] Trial 15 finished with value: 0.5 and parameters: {'C': 0.15685281772138507, 'gamma': 0.35508786052041785}. Best is trial 2 with value: 0.5.
[I 2025-05-15 08:02:21,964] Trial 16 finished with value: 0.5 and parameters: {'C': 0.3390440077276608, 'gamma': 0.0012594689345178107}. Best is trial 2 with value: 0.5.
[I 2025-05-15 08:02:22,015] Trial 17 finished with value: 0.5 and parameters: {'C': 0.046173232680233774, 'gamma': 0.007882906010030352}. Best is trial 2 with value: 0.5.
[I 2025-05-15 08:02:23,089] Trial 18 finished with value: 0.4333333333333333 and parameters: {'C': 4.028013153789631, 'gamma': 0.0315577736206777}. Best is trial 2 with value: 0.5.
[I 2025-05-15 08:02:24,223] Trial 19 finished with value: 0.5 and parameters: {'C': 0.013018652321549997, 'gamma': 0.5349528776444162}. Best is trial 2 with value: 0.5.
[I 2025-05-15 08:02:24,276] Trial 20 finished with value: 0.5 and parameters: {'C': 0.04995432717851614, 'gamma': 0.00037725084366223185}. Best is trial 2 with value: 0.5.
[I 2025-05-15 08:02:24,307] Trial 21 finished with value: 0.5 and parameters: {'C': 3.508874892850283, 'gamma': 0.6476188129899628}. Best is trial 2 with value: 0.5.
[I 2025-05-15 08:02:24,345] Trial 22 finished with value: 0.5 and parameters: {'C': 4.281853864940708, 'gamma': 0.9714360292194713}. Best is trial 2 with value: 0.5.
[I 2025-05-15 08:02:24,367] Trial 23 finished with value: 0.5 and parameters: {'C': 0.3058600593041722, 'gamma': 0.25747418461038507}. Best is trial 2 with value: 0.5.
[I 2025-05-15 08:02:24,404] Trial 24 finished with value: 0.5266666666666666 and parameters: {'C': 8.351921212186108, 'gamma': 0.07070843966588111}. Best is trial 24 with value: 0.5266666666666666.
[I 2025-05-15 08:02:24,457] Trial 25 finished with value: 0.5 and parameters: {'C': 0.06821633969481201, 'gamma': 0.06930940224055147}. Best is trial 24 with value: 0.5266666666666666.
[I 2025-05-15 08:02:24,490] Trial 26 finished with value: 0.4133333333333334 and parameters: {'C': 84.98104018993892, 'gamma': 0.01842580809589097}. Best is trial 24 with value: 0.5266666666666666.
[I 2025-05-15 08:02:24,512] Trial 27 finished with value: 0.4883333333333333 and parameters: {'C': 9.610263641308233, 'gamma': 0.15220935534663255}. Best is trial 24 with value: 0.5266666666666666.
[I 2025-05-15 08:02:24,540] Trial 28 finished with value: 0.44000000000000006 and parameters: {'C': 0.6217441808277717, 'gamma': 0.006984318076852568}. Best is trial 24 with value: 0.5266666666666666.
[I 2025-05-15 08:02:24,573] Trial 29 finished with value: 0.44000000000000006 and parameters: {'C': 1.9246026018758746, 'gamma': 0.0018048666188958482}. Best is trial 24 with value: 0.5266666666666666.
[I 2025-05-15 08:02:32,196] A new study created in memory with name: logreg
Parámetros guardados en checkpoint_adult_Doriginal_G/craig/IPC_43/best_models_craig_seed_6_space_original/svc_best_params.json


>>> Optuna tuning logreg metodo craig IPC 43 seed 6


[I 2025-05-15 08:02:36,389] Trial 0 finished with value: 0.4583333333333333 and parameters: {'C': 29.127335430981816, 'penalty': 'l2'}. Best is trial 0 with value: 0.4583333333333333.
[I 2025-05-15 08:02:36,721] Trial 1 finished with value: 0.46333333333333326 and parameters: {'C': 0.045698192893558344, 'penalty': 'l2'}. Best is trial 1 with value: 0.46333333333333326.
[I 2025-05-15 08:02:36,758] Trial 2 finished with value: 0.4583333333333333 and parameters: {'C': 12.768668597712947, 'penalty': 'l2'}. Best is trial 1 with value: 0.46333333333333326.
[I 2025-05-15 08:02:36,793] Trial 3 finished with value: 0.5 and parameters: {'C': 0.0016161554408462638, 'penalty': 'l2'}. Best is trial 3 with value: 0.5.
[I 2025-05-15 08:02:36,822] Trial 4 finished with value: 0.48 and parameters: {'C': 0.0034536903703241734, 'penalty': 'l2'}. Best is trial 3 with value: 0.5.
[I 2025-05-15 08:02:36,846] Trial 5 finished with value: 0.4333333333333333 and parameters: {'C': 0.9446269266990148, 'penalty': 'l2'}. Best is trial 3 with value: 0.5.
[I 2025-05-15 08:02:36,871] Trial 6 finished with value: 0.4583333333333333 and parameters: {'C': 0.4457453393648168, 'penalty': 'l2'}. Best is trial 3 with value: 0.5.
[I 2025-05-15 08:02:36,896] Trial 7 finished with value: 0.44833333333333336 and parameters: {'C': 0.12417585037258261, 'penalty': 'l2'}. Best is trial 3 with value: 0.5.
[I 2025-05-15 08:02:36,921] Trial 8 finished with value: 0.4883333333333333 and parameters: {'C': 0.04753781830244093, 'penalty': 'l2'}. Best is trial 3 with value: 0.5.
[I 2025-05-15 08:02:36,963] Trial 9 finished with value: 0.4333333333333333 and parameters: {'C': 1.2959766028194148, 'penalty': 'l2'}. Best is trial 3 with value: 0.5.
[I 2025-05-15 08:02:36,994] Trial 10 finished with value: 0.5 and parameters: {'C': 0.0027493237597083523, 'penalty': 'l2'}. Best is trial 3 with value: 0.5.
[I 2025-05-15 08:02:38,275] Trial 11 finished with value: 0.5 and parameters: {'C': 0.001163038906231015, 'penalty': 'l2'}. Best is trial 3 with value: 0.5.
[I 2025-05-15 08:02:39,723] Trial 12 finished with value: 0.44000000000000006 and parameters: {'C': 0.007783068576282983, 'penalty': 'l2'}. Best is trial 3 with value: 0.5.
[I 2025-05-15 08:02:39,767] Trial 13 finished with value: 0.44000000000000006 and parameters: {'C': 0.007826977189925246, 'penalty': 'l2'}. Best is trial 3 with value: 0.5.
[I 2025-05-15 08:02:39,794] Trial 14 finished with value: 0.5 and parameters: {'C': 0.0013344631611841042, 'penalty': 'l2'}. Best is trial 3 with value: 0.5.
[I 2025-05-15 08:02:39,821] Trial 15 finished with value: 0.4583333333333333 and parameters: {'C': 0.016476114268873496, 'penalty': 'l2'}. Best is trial 3 with value: 0.5.
[I 2025-05-15 08:02:39,858] Trial 16 finished with value: 0.5 and parameters: {'C': 0.0028895561609921126, 'penalty': 'l2'}. Best is trial 3 with value: 0.5.
