[I 2025-05-15 07:34:40,738] Trial 13 finished with value: 0.52 and parameters: {'C': 0.16280907414611331, 'gamma': 0.00038377823379388923}. Best is trial 4 with value: 0.52.
[I 2025-05-15 07:34:40,775] Trial 14 finished with value: 0.41666666666666663 and parameters: {'C': 2.4218760021536427, 'gamma': 0.0032537811548427023}. Best is trial 4 with value: 0.52.
[I 2025-05-15 07:34:40,815] Trial 15 finished with value: 0.52 and parameters: {'C': 0.0664538826788088, 'gamma': 0.0005193501979899485}. Best is trial 4 with value: 0.52.
[I 2025-05-15 07:34:40,851] Trial 16 finished with value: 0.43666666666666665 and parameters: {'C': 1.1898268486188273, 'gamma': 0.0025654002897082823}. Best is trial 4 with value: 0.52.
[I 2025-05-15 07:34:40,889] Trial 17 finished with value: 0.38 and parameters: {'C': 10.925526376097588, 'gamma': 0.0059603957535583315}. Best is trial 4 with value: 0.52.
[I 2025-05-15 07:34:40,943] Trial 18 finished with value: 0.52 and parameters: {'C': 0.1691641156930074, 'gamma': 0.00043494340597700513}. Best is trial 4 with value: 0.52.
[I 2025-05-15 07:34:40,987] Trial 19 finished with value: 0.52 and parameters: {'C': 0.6190876787824239, 'gamma': 0.0001500028787036726}. Best is trial 4 with value: 0.52.
[I 2025-05-15 07:34:41,016] Trial 20 finished with value: 0.52 and parameters: {'C': 0.02505753974770936, 'gamma': 0.0007496908360759289}. Best is trial 4 with value: 0.52.
[I 2025-05-15 07:34:41,075] Trial 21 finished with value: 0.52 and parameters: {'C': 0.011071473630469288, 'gamma': 0.0001244270059975196}. Best is trial 4 with value: 0.52.
[I 2025-05-15 07:34:41,105] Trial 22 finished with value: 0.52 and parameters: {'C': 0.1790694188248154, 'gamma': 0.0003433093079957631}. Best is trial 4 with value: 0.52.
[I 2025-05-15 07:34:42,194] Trial 23 finished with value: 0.52 and parameters: {'C': 0.010445026395149085, 'gamma': 0.00012557276334458718}. Best is trial 4 with value: 0.52.
[I 2025-05-15 07:34:42,890] Trial 24 finished with value: 0.52 and parameters: {'C': 0.037351649563647296, 'gamma': 0.0002636770311912109}. Best is trial 4 with value: 0.52.
[I 2025-05-15 07:34:42,917] Trial 25 finished with value: 0.4766666666666667 and parameters: {'C': 88.77407664341389, 'gamma': 0.0007684419252251294}. Best is trial 4 with value: 0.52.
[I 2025-05-15 07:34:42,951] Trial 26 finished with value: 0.39666666666666667 and parameters: {'C': 1.7020696368695183, 'gamma': 0.003051805171972883}. Best is trial 4 with value: 0.52.
[I 2025-05-15 07:34:42,974] Trial 27 finished with value: 0.52 and parameters: {'C': 0.37207725044625456, 'gamma': 0.00023803816909663314}. Best is trial 4 with value: 0.52.
[I 2025-05-15 07:34:43,007] Trial 28 finished with value: 0.42333333333333323 and parameters: {'C': 6.661635278430478, 'gamma': 0.005885278743149162}. Best is trial 4 with value: 0.52.
[I 2025-05-15 07:34:43,030] Trial 29 finished with value: 0.52 and parameters: {'C': 0.12989785036125587, 'gamma': 0.000622376963675946}. Best is trial 4 with value: 0.52.
[I 2025-05-15 07:34:48,152] A new study created in memory with name: logreg
Parámetros guardados en checkpoint_default_Doriginal_H/ag/IPC_27/best_models_ag_seed_5_space_original/svc_best_params.json


>>> Optuna tuning logreg metodo ag IPC 27 seed 5


[I 2025-05-15 07:34:51,889] Trial 0 finished with value: 0.45666666666666667 and parameters: {'C': 0.012881482725481003, 'penalty': 'l2'}. Best is trial 0 with value: 0.45666666666666667.
[I 2025-05-15 07:34:52,079] Trial 1 finished with value: 0.5700000000000001 and parameters: {'C': 22.576755560681583, 'penalty': 'l2'}. Best is trial 1 with value: 0.5700000000000001.
[I 2025-05-15 07:34:52,118] Trial 2 finished with value: 0.45666666666666667 and parameters: {'C': 0.010804278656839932, 'penalty': 'l2'}. Best is trial 1 with value: 0.5700000000000001.
[I 2025-05-15 07:34:52,194] Trial 3 finished with value: 0.5933333333333334 and parameters: {'C': 39.17910760336117, 'penalty': 'l2'}. Best is trial 3 with value: 0.5933333333333334.
[I 2025-05-15 07:34:52,239] Trial 4 finished with value: 0.5266666666666666 and parameters: {'C': 0.2767298094062571, 'penalty': 'l2'}. Best is trial 3 with value: 0.5933333333333334.
[I 2025-05-15 07:34:52,274] Trial 5 finished with value: 0.5366666666666667 and parameters: {'C': 1.1447728330837224, 'penalty': 'l2'}. Best is trial 3 with value: 0.5933333333333334.
[I 2025-05-15 07:34:52,318] Trial 6 finished with value: 0.5533333333333333 and parameters: {'C': 6.753661388238877, 'penalty': 'l2'}. Best is trial 3 with value: 0.5933333333333334.
[I 2025-05-15 07:34:52,343] Trial 7 finished with value: 0.5266666666666666 and parameters: {'C': 0.39092184460352974, 'penalty': 'l2'}. Best is trial 3 with value: 0.5933333333333334.
[I 2025-05-15 07:34:52,367] Trial 8 finished with value: 0.48999999999999994 and parameters: {'C': 0.03047912590082646, 'penalty': 'l2'}. Best is trial 3 with value: 0.5933333333333334.
[I 2025-05-15 07:34:52,401] Trial 9 finished with value: 0.4766666666666667 and parameters: {'C': 0.008681727362499118, 'penalty': 'l2'}. Best is trial 3 with value: 0.5933333333333334.
[I 2025-05-15 07:34:52,501] Trial 10 finished with value: 0.5800000000000001 and parameters: {'C': 90.53423376703687, 'penalty': 'l2'}. Best is trial 3 with value: 0.5933333333333334.
[I 2025-05-15 07:34:53,449] Trial 11 finished with value: 0.6133333333333333 and parameters: {'C': 65.85626465792753, 'penalty': 'l2'}. Best is trial 11 with value: 0.6133333333333333.
[I 2025-05-15 07:34:54,553] Trial 12 finished with value: 0.5800000000000001 and parameters: {'C': 90.11914471969855, 'penalty': 'l2'}. Best is trial 11 with value: 0.6133333333333333.
[I 2025-05-15 07:34:54,636] Trial 13 finished with value: 0.5533333333333333 and parameters: {'C': 6.072321475274127, 'penalty': 'l2'}. Best is trial 11 with value: 0.6133333333333333.
[I 2025-05-15 07:34:54,702] Trial 14 finished with value: 0.5700000000000001 and parameters: {'C': 15.482950489586202, 'penalty': 'l2'}. Best is trial 11 with value: 0.6133333333333333.
[I 2025-05-15 07:34:54,748] Trial 15 finished with value: 0.5366666666666667 and parameters: {'C': 1.6211320978909791, 'penalty': 'l2'}. Best is trial 11 with value: 0.6133333333333333.
[I 2025-05-15 07:34:54,803] Trial 16 finished with value: 0.61 and parameters: {'C': 32.3314054188265, 'penalty': 'l2'}. Best is trial 11 with value: 0.6133333333333333.
[I 2025-05-15 07:34:54,823] Trial 17 finished with value: 0.4966666666666667 and parameters: {'C': 0.0021318879744765045, 'penalty': 'l2'}. Best is trial 11 with value: 0.6133333333333333.
[I 2025-05-15 07:34:54,854] Trial 18 finished with value: 0.5266666666666666 and parameters: {'C': 0.10199734474659225, 'penalty': 'l2'}. Best is trial 11 with value: 0.6133333333333333.
[I 2025-05-15 07:34:54,893] Trial 19 finished with value: 0.5366666666666667 and parameters: {'C': 2.903932959232271, 'penalty': 'l2'}. Best is trial 11 with value: 0.6133333333333333.
[I 2025-05-15 07:34:54,964] Trial 20 finished with value: 0.5533333333333333 and parameters: {'C': 9.943286934638586, 'penalty': 'l2'}. Best is trial 11 with value: 0.6133333333333333.
[I 2025-05-15 07:34:55,004] Trial 21 finished with value: 0.61 and parameters: {'C': 35.94603036843092, 'penalty': 'l2'}. Best is trial 11 with value: 0.6133333333333333.
[I 2025-05-15 07:34:55,064] Trial 22 finished with value: 0.5933333333333334 and parameters: {'C': 40.147788863823344, 'penalty': 'l2'}. Best is trial 11 with value: 0.6133333333333333.
[I 2025-05-15 07:34:55,850] Trial 23 finished with value: 0.61 and parameters: {'C': 37.615647035362066, 'penalty': 'l2'}. Best is trial 11 with value: 0.6133333333333333.
[I 2025-05-15 07:34:55,909] Trial 24 finished with value: 0.5800000000000001 and parameters: {'C': 93.21056178342573, 'penalty': 'l2'}. Best is trial 11 with value: 0.6133333333333333.
[I 2025-05-15 07:34:55,947] Trial 25 finished with value: 0.5533333333333333 and parameters: {'C': 3.670041391004594, 'penalty': 'l2'}. Best is trial 11 with value: 0.6133333333333333.
[I 2025-05-15 07:34:55,990] Trial 26 finished with value: 0.5700000000000001 and parameters: {'C': 22.260812623336818, 'penalty': 'l2'}. Best is trial 11 with value: 0.6133333333333333.
[I 2025-05-15 07:34:56,032] Trial 27 finished with value: 0.5599999999999999 and parameters: {'C': 0.7203379623655817, 'penalty': 'l2'}. Best is trial 11 with value: 0.6133333333333333.
[I 2025-05-15 07:34:56,080] Trial 28 finished with value: 0.5700000000000001 and parameters: {'C': 14.869188063341767, 'penalty': 'l2'}. Best is trial 11 with value: 0.6133333333333333.
[I 2025-05-15 07:34:56,128] Trial 29 finished with value: 0.5366666666666667 and parameters: {'C': 2.6061452185326983, 'penalty': 'l2'}. Best is trial 11 with value: 0.6133333333333333.
[I 2025-05-15 07:35:00,645] A new study created in memory with name: mlp
Parámetros guardados en checkpoint_default_Doriginal_H/ag/IPC_27/best_models_ag_seed_5_space_original/logreg_best_params.json


>>> Optuna tuning mlp metodo ag IPC 27 seed 5


/data/home/rtabares/anaconda3/envs/pyth3.12/lib/python3.12/site-packages/sklearn/neural_network/_multilayer_perceptron.py:691: ConvergenceWarning: Stochastic Optimizer: Maximum iterations (50) reached and the optimization hasn't converged yet.
  warnings.warn(
/data/home/rtabares/anaconda3/envs/pyth3.12/lib/python3.12/site-packages/sklearn/neural_network/_multilayer_perceptron.py:691: ConvergenceWarning: Stochastic Optimizer: Maximum iterations (50) reached and the optimization hasn't converged yet.
  warnings.warn(
/data/home/rtabares/anaconda3/envs/pyth3.12/lib/python3.12/site-packages/sklearn/neural_network/_multilayer_perceptron.py:691: ConvergenceWarning: Stochastic Optimizer: Maximum iterations (50) reached and the optimization hasn't converged yet.
  warnings.warn(
/data/home/rtabares/anaconda3/envs/pyth3.12/lib/python3.12/site-packages/sklearn/neural_network/_multilayer_perceptron.py:691: ConvergenceWarning: Stochastic Optimizer: Maximum iterations (50) reached and the optimization hasn't converged yet.
  warnings.warn(
/data/home/rtabares/anaconda3/envs/pyth3.12/lib/python3.12/site-packages/sklearn/neural_network/_multilayer_perceptron.py:691: ConvergenceWarning: Stochastic Optimizer: Maximum iterations (50) reached and the optimization hasn't converged yet.
  warnings.warn(
[I 2025-05-15 07:35:03,342] Trial 0 finished with value: 0.48999999999999994 and parameters: {'hidden_layer_sizes': (200,), 'max_iter': 50, 'alpha': 0.001}. Best is trial 0 with value: 0.48999999999999994.
/data/home/rtabares/anaconda3/envs/pyth3.12/lib/python3.12/site-packages/sklearn/neural_network/_multilayer_perceptron.py:691: ConvergenceWarning: Stochastic Optimizer: Maximum iterations (100) reached and the optimization hasn't converged yet.
  warnings.warn(
/data/home/rtabares/anaconda3/envs/pyth3.12/lib/python3.12/site-packages/sklearn/neural_network/_multilayer_perceptron.py:691: ConvergenceWarning: Stochastic Optimizer: Maximum iterations (100) reached and the optimization hasn't converged yet.
  warnings.warn(
/data/home/rtabares/anaconda3/envs/pyth3.12/lib/python3.12/site-packages/sklearn/neural_network/_multilayer_perceptron.py:691: ConvergenceWarning: Stochastic Optimizer: Maximum iterations (100) reached and the optimization hasn't converged yet.
  warnings.warn(
/data/home/rtabares/anaconda3/envs/pyth3.12/lib/python3.12/site-packages/sklearn/neural_network/_multilayer_perceptron.py:691: ConvergenceWarning: Stochastic Optimizer: Maximum iterations (100) reached and the optimization hasn't converged yet.
  warnings.warn(
/data/home/rtabares/anaconda3/envs/pyth3.12/lib/python3.12/site-packages/sklearn/neural_network/_multilayer_perceptron.py:691: ConvergenceWarning: Stochastic Optimizer: Maximum iterations (100) reached and the optimization hasn't converged yet.
  warnings.warn(
[I 2025-05-15 07:35:03,462] Trial 1 finished with value: 0.51 and parameters: {'hidden_layer_sizes': (100,), 'max_iter': 100, 'alpha': 0.0001}. Best is trial 1 with value: 0.51.
/data/home/rtabares/anaconda3/envs/pyth3.12/lib/python3.12/site-packages/sklearn/neural_network/_multilayer_perceptron.py:691: ConvergenceWarning: Stochastic Optimizer: Maximum iterations (100) reached and the optimization hasn't converged yet.
  warnings.warn(
/data/home/rtabares/anaconda3/envs/pyth3.12/lib/python3.12/site-packages/sklearn/neural_network/_multilayer_perceptron.py:691: ConvergenceWarning: Stochastic Optimizer: Maximum iterations (100) reached and the optimization hasn't converged yet.
  warnings.warn(
/data/home/rtabares/anaconda3/envs/pyth3.12/lib/python3.12/site-packages/sklearn/neural_network/_multilayer_perceptron.py:691: ConvergenceWarning: Stochastic Optimizer: Maximum iterations (100) reached and the optimization hasn't converged yet.
  warnings.warn(
/data/home/rtabares/anaconda3/envs/pyth3.12/lib/python3.12/site-packages/sklearn/neural_network/_multilayer_perceptron.py:691: ConvergenceWarning: Stochastic Optimizer: Maximum iterations (100) reached and the optimization hasn't converged yet.
  warnings.warn(
/data/home/rtabares/anaconda3/envs/pyth3.12/lib/python3.12/site-packages/sklearn/neural_network/_multilayer_perceptron.py:691: ConvergenceWarning: Stochastic Optimizer: Maximum iterations (100) reached and the optimization hasn't converged yet.
  warnings.warn(
[I 2025-05-15 07:35:03,589] Trial 2 finished with value: 0.48999999999999994 and parameters: {'hidden_layer_sizes': (100,), 'max_iter': 100, 'alpha': 0.001}. Best is trial 1 with value: 0.51.
/data/home/rtabares/anaconda3/envs/pyth3.12/lib/python3.12/site-packages/sklearn/neural_network/_multilayer_perceptron.py:691: ConvergenceWarning: Stochastic Optimizer: Maximum iterations (50) reached and the optimization hasn't converged yet.
  warnings.warn(
/data/home/rtabares/anaconda3/envs/pyth3.12/lib/python3.12/site-packages/sklearn/neural_network/_multilayer_perceptron.py:691: ConvergenceWarning: Stochastic Optimizer: Maximum iterations (50) reached and the optimization hasn't converged yet.
  warnings.warn(
/data/home/rtabares/anaconda3/envs/pyth3.12/lib/python3.12/site-packages/sklearn/neural_network/_multilayer_perceptron.py:691: ConvergenceWarning: Stochastic Optimizer: Maximum iterations (50) reached and the optimization hasn't converged yet.
  warnings.warn(
/data/home/rtabares/anaconda3/envs/pyth3.12/lib/python3.12/site-packages/sklearn/neural_network/_multilayer_perceptron.py:691: ConvergenceWarning: Stochastic Optimizer: Maximum iterations (50) reached and the optimization hasn't converged yet.
  warnings.warn(
/data/home/rtabares/anaconda3/envs/pyth3.12/lib/python3.12/site-packages/sklearn/neural_network/_multilayer_perceptron.py:691: ConvergenceWarning: Stochastic Optimizer: Maximum iterations (50) reached and the optimization hasn't converged yet.
  warnings.warn(
[I 2025-05-15 07:35:03,655] Trial 3 finished with value: 0.49000000000000005 and parameters: {'hidden_layer_sizes': (200,), 'max_iter': 50, 'alpha': 0.001}. Best is trial 1 with value: 0.51.
/data/home/rtabares/anaconda3/envs/pyth3.12/lib/python3.12/site-packages/sklearn/neural_network/_multilayer_perceptron.py:691: ConvergenceWarning: Stochastic Optimizer: Maximum iterations (100) reached and the optimization hasn't converged yet.
  warnings.warn(
/data/home/rtabares/anaconda3/envs/pyth3.12/lib/python3.12/site-packages/sklearn/neural_network/_multilayer_perceptron.py:691: ConvergenceWarning: Stochastic Optimizer: Maximum iterations (100) reached and the optimization hasn't converged yet.
  warnings.warn(
/data/home/rtabares/anaconda3/envs/pyth3.12/lib/python3.12/site-packages/sklearn/neural_network/_multilayer_perceptron.py:691: ConvergenceWarning: Stochastic Optimizer: Maximum iterations (100) reached and the optimization hasn't converged yet.
  warnings.warn(
/data/home/rtabares/anaconda3/envs/pyth3.12/lib/python3.12/site-packages/sklearn/neural_network/_multilayer_perceptron.py:691: ConvergenceWarning: Stochastic Optimizer: Maximum iterations (100) reached and the optimization hasn't converged yet.
  warnings.warn(
/data/home/rtabares/anaconda3/envs/pyth3.12/lib/python3.12/site-packages/sklearn/neural_network/_multilayer_perceptron.py:691: ConvergenceWarning: Stochastic Optimizer: Maximum iterations (100) reached and the optimization hasn't converged yet.
  warnings.warn(
[I 2025-05-15 07:35:03,740] Trial 4 finished with value: 0.4666666666666667 and parameters: {'hidden_layer_sizes': (100,), 'max_iter': 100, 'alpha': 0.0001}. Best is trial 1 with value: 0.51.
/data/home/rtabares/anaconda3/envs/pyth3.12/lib/python3.12/site-packages/sklearn/neural_network/_multilayer_perceptron.py:691: ConvergenceWarning: Stochastic Optimizer: Maximum iterations (100) reached and the optimization hasn't converged yet.
  warnings.warn(
/data/home/rtabares/anaconda3/envs/pyth3.12/lib/python3.12/site-packages/sklearn/neural_network/_multilayer_perceptron.py:691: ConvergenceWarning: Stochastic Optimizer: Maximum iterations (100) reached and the optimization hasn't converged yet.
  warnings.warn(
/data/home/rtabares/anaconda3/envs/pyth3.12/lib/python3.12/site-packages/sklearn/neural_network/_multilayer_perceptron.py:691: ConvergenceWarning: Stochastic Optimizer: Maximum iterations (100) reached and the optimization hasn't converged yet.
  warnings.warn(
/data/home/rtabares/anaconda3/envs/pyth3.12/lib/python3.12/site-packages/sklearn/neural_network/_multilayer_perceptron.py:691: ConvergenceWarning: Stochastic Optimizer: Maximum iterations (100) reached and the optimization hasn't converged yet.
  warnings.warn(
/data/home/rtabares/anaconda3/envs/pyth3.12/lib/python3.12/site-packages/sklearn/neural_network/_multilayer_perceptron.py:691: ConvergenceWarning: Stochastic Optimizer: Maximum iterations (100) reached and the optimization hasn't converged yet.
  warnings.warn(
[I 2025-05-15 07:35:03,836] Trial 5 finished with value: 0.47000000000000003 and parameters: {'hidden_layer_sizes': (100,), 'max_iter': 100, 'alpha': 0.001}. Best is trial 1 with value: 0.51.
/data/home/rtabares/anaconda3/envs/pyth3.12/lib/python3.12/site-packages/sklearn/neural_network/_multilayer_perceptron.py:691: ConvergenceWarning: Stochastic Optimizer: Maximum iterations (100) reached and the optimization hasn't converged yet.
  warnings.warn(
/data/home/rtabares/anaconda3/envs/pyth3.12/lib/python3.12/site-packages/sklearn/neural_network/_multilayer_perceptron.py:691: ConvergenceWarning: Stochastic Optimizer: Maximum iterations (100) reached and the optimization hasn't converged yet.
  warnings.warn(
/data/home/rtabares/anaconda3/envs/pyth3.12/lib/python3.12/site-packages/sklearn/neural_network/_multilayer_perceptron.py:691: ConvergenceWarning: Stochastic Optimizer: Maximum iterations (100) reached and the optimization hasn't converged yet.
  warnings.warn(
/data/home/rtabares/anaconda3/envs/pyth3.12/lib/python3.12/site-packages/sklearn/neural_network/_multilayer_perceptron.py:691: ConvergenceWarning: Stochastic Optimizer: Maximum iterations (100) reached and the optimization hasn't converged yet.
  warnings.warn(
/data/home/rtabares/anaconda3/envs/pyth3.12/lib/python3.12/site-packages/sklearn/neural_network/_multilayer_perceptron.py:691: ConvergenceWarning: Stochastic Optimizer: Maximum iterations (100) reached and the optimization hasn't converged yet.
  warnings.warn(
[I 2025-05-15 07:35:03,980] Trial 6 finished with value: 0.4833333333333333 and parameters: {'hidden_layer_sizes': (200,), 'max_iter': 100, 'alpha': 0.001}. Best is trial 1 with value: 0.51.
/data/home/rtabares/anaconda3/envs/pyth3.12/lib/python3.12/site-packages/sklearn/neural_network/_multilayer_perceptron.py:691: ConvergenceWarning: Stochastic Optimizer: Maximum iterations (100) reached and the optimization hasn't converged yet.
  warnings.warn(
/data/home/rtabares/anaconda3/envs/pyth3.12/lib/python3.12/site-packages/sklearn/neural_network/_multilayer_perceptron.py:691: ConvergenceWarning: Stochastic Optimizer: Maximum iterations (100) reached and the optimization hasn't converged yet.
  warnings.warn(
/data/home/rtabares/anaconda3/envs/pyth3.12/lib/python3.12/site-packages/sklearn/neural_network/_multilayer_perceptron.py:691: ConvergenceWarning: Stochastic Optimizer: Maximum iterations (100) reached and the optimization hasn't converged yet.
  warnings.warn(
/data/home/rtabares/anaconda3/envs/pyth3.12/lib/python3.12/site-packages/sklearn/neural_network/_multilayer_perceptron.py:691: ConvergenceWarning: Stochastic Optimizer: Maximum iterations (100) reached and the optimization hasn't converged yet.
  warnings.warn(
/data/home/rtabares/anaconda3/envs/pyth3.12/lib/python3.12/site-packages/sklearn/neural_network/_multilayer_perceptron.py:691: ConvergenceWarning: Stochastic Optimizer: Maximum iterations (100) reached and the optimization hasn't converged yet.
  warnings.warn(
