[I 2025-05-15 07:25:47,556] Trial 8 finished with value: 0.45 and parameters: {'C': 0.45387898639622015, 'gamma': 0.0015286910781809498}. Best is trial 4 with value: 0.5.
[I 2025-05-15 07:25:47,569] Trial 9 finished with value: 0.25 and parameters: {'C': 3.274550070431994, 'gamma': 0.02086177421469992}. Best is trial 4 with value: 0.5.
[I 2025-05-15 07:25:47,594] Trial 10 finished with value: 0.5 and parameters: {'C': 0.01015031429029542, 'gamma': 0.00010813284331811526}. Best is trial 4 with value: 0.5.
[I 2025-05-15 07:25:48,399] Trial 11 finished with value: 0.5 and parameters: {'C': 0.2946546726762962, 'gamma': 0.000192696939064797}. Best is trial 4 with value: 0.5.
[I 2025-05-15 07:25:49,970] Trial 12 finished with value: 0.36666666666666664 and parameters: {'C': 2.9648182303354678, 'gamma': 0.0011563341942962047}. Best is trial 4 with value: 0.5.
[I 2025-05-15 07:25:49,997] Trial 13 finished with value: 0.5 and parameters: {'C': 0.16280907414611331, 'gamma': 0.00038377823379388923}. Best is trial 4 with value: 0.5.
[I 2025-05-15 07:25:50,024] Trial 14 finished with value: 0.36666666666666664 and parameters: {'C': 2.4218760021536427, 'gamma': 0.0032537811548427023}. Best is trial 4 with value: 0.5.
[I 2025-05-15 07:25:50,051] Trial 15 finished with value: 0.5 and parameters: {'C': 0.0664538826788088, 'gamma': 0.0005193501979899485}. Best is trial 4 with value: 0.5.
[I 2025-05-15 07:25:50,073] Trial 16 finished with value: 0.3333333333333333 and parameters: {'C': 1.1898268486188273, 'gamma': 0.0025654002897082823}. Best is trial 4 with value: 0.5.
[I 2025-05-15 07:25:50,094] Trial 17 finished with value: 0.25 and parameters: {'C': 10.925526376097588, 'gamma': 0.0059603957535583315}. Best is trial 4 with value: 0.5.
[I 2025-05-15 07:25:50,116] Trial 18 finished with value: 0.5 and parameters: {'C': 0.1691641156930074, 'gamma': 0.00043494340597700513}. Best is trial 4 with value: 0.5.
[I 2025-05-15 07:25:50,151] Trial 19 finished with value: 0.5 and parameters: {'C': 0.6190876787824239, 'gamma': 0.0001500028787036726}. Best is trial 4 with value: 0.5.
[I 2025-05-15 07:25:50,174] Trial 20 finished with value: 0.5 and parameters: {'C': 0.02505753974770936, 'gamma': 0.0007496908360759289}. Best is trial 4 with value: 0.5.
[I 2025-05-15 07:25:51,472] Trial 21 finished with value: 0.5 and parameters: {'C': 0.011071473630469288, 'gamma': 0.0001244270059975196}. Best is trial 4 with value: 0.5.
[I 2025-05-15 07:25:51,507] Trial 22 finished with value: 0.5 and parameters: {'C': 0.1790694188248154, 'gamma': 0.0003433093079957631}. Best is trial 4 with value: 0.5.
[I 2025-05-15 07:25:52,505] Trial 23 finished with value: 0.5 and parameters: {'C': 0.010445026395149085, 'gamma': 0.00012557276334458718}. Best is trial 4 with value: 0.5.
[I 2025-05-15 07:25:52,537] Trial 24 finished with value: 0.5 and parameters: {'C': 0.037351649563647296, 'gamma': 0.0002636770311912109}. Best is trial 4 with value: 0.5.
[I 2025-05-15 07:25:52,566] Trial 25 finished with value: 0.25 and parameters: {'C': 88.77407664341389, 'gamma': 0.0007684419252251294}. Best is trial 4 with value: 0.5.
[I 2025-05-15 07:25:52,596] Trial 26 finished with value: 0.36666666666666664 and parameters: {'C': 1.7020696368695183, 'gamma': 0.003051805171972883}. Best is trial 4 with value: 0.5.
[I 2025-05-15 07:25:52,625] Trial 27 finished with value: 0.5 and parameters: {'C': 0.37207725044625456, 'gamma': 0.00023803816909663314}. Best is trial 4 with value: 0.5.
[I 2025-05-15 07:25:52,652] Trial 28 finished with value: 0.25 and parameters: {'C': 6.661635278430478, 'gamma': 0.005885278743149162}. Best is trial 4 with value: 0.5.
[I 2025-05-15 07:25:52,672] Trial 29 finished with value: 0.5 and parameters: {'C': 0.12989785036125587, 'gamma': 0.000622376963675946}. Best is trial 4 with value: 0.5.
[I 2025-05-15 07:25:57,261] A new study created in memory with name: logreg
Parámetros guardados en checkpoint_shoppers_Doriginal_F/k_center/IPC_11/best_models_k_center_seed_5_space_original/svc_best_params.json


>>> Optuna tuning logreg metodo k_center IPC 11 seed 5


[I 2025-05-15 07:25:58,766] Trial 0 finished with value: 0.4666666666666666 and parameters: {'C': 0.012881482725481003, 'penalty': 'l2'}. Best is trial 0 with value: 0.4666666666666666.
[I 2025-05-15 07:25:58,831] Trial 1 finished with value: 0.2833333333333333 and parameters: {'C': 22.576755560681583, 'penalty': 'l2'}. Best is trial 0 with value: 0.4666666666666666.
[I 2025-05-15 07:25:58,858] Trial 2 finished with value: 0.4666666666666666 and parameters: {'C': 0.010804278656839932, 'penalty': 'l2'}. Best is trial 0 with value: 0.4666666666666666.
[I 2025-05-15 07:25:58,883] Trial 3 finished with value: 0.2833333333333333 and parameters: {'C': 39.17910760336117, 'penalty': 'l2'}. Best is trial 0 with value: 0.4666666666666666.
[I 2025-05-15 07:25:58,909] Trial 4 finished with value: 0.2833333333333333 and parameters: {'C': 0.2767298094062571, 'penalty': 'l2'}. Best is trial 0 with value: 0.4666666666666666.
[I 2025-05-15 07:25:58,944] Trial 5 finished with value: 0.2833333333333333 and parameters: {'C': 1.1447728330837224, 'penalty': 'l2'}. Best is trial 0 with value: 0.4666666666666666.
[I 2025-05-15 07:25:58,979] Trial 6 finished with value: 0.2833333333333333 and parameters: {'C': 6.753661388238877, 'penalty': 'l2'}. Best is trial 0 with value: 0.4666666666666666.
[I 2025-05-15 07:25:59,003] Trial 7 finished with value: 0.2833333333333333 and parameters: {'C': 0.39092184460352974, 'penalty': 'l2'}. Best is trial 0 with value: 0.4666666666666666.
[I 2025-05-15 07:25:59,035] Trial 8 finished with value: 0.36666666666666664 and parameters: {'C': 0.03047912590082646, 'penalty': 'l2'}. Best is trial 0 with value: 0.4666666666666666.
[I 2025-05-15 07:25:59,076] Trial 9 finished with value: 0.4666666666666666 and parameters: {'C': 0.008681727362499118, 'penalty': 'l2'}. Best is trial 0 with value: 0.4666666666666666.
[I 2025-05-15 07:25:59,107] Trial 10 finished with value: 0.5833333333333333 and parameters: {'C': 0.0010146302597657177, 'penalty': 'l2'}. Best is trial 10 with value: 0.5833333333333333.
[I 2025-05-15 07:25:59,874] Trial 11 finished with value: 0.5833333333333333 and parameters: {'C': 0.0011115836709684572, 'penalty': 'l2'}. Best is trial 10 with value: 0.5833333333333333.
[I 2025-05-15 07:26:00,714] Trial 12 finished with value: 0.5833333333333333 and parameters: {'C': 0.001243356254442617, 'penalty': 'l2'}. Best is trial 10 with value: 0.5833333333333333.
[I 2025-05-15 07:26:00,746] Trial 13 finished with value: 0.5833333333333333 and parameters: {'C': 0.0016302790525623311, 'penalty': 'l2'}. Best is trial 10 with value: 0.5833333333333333.
[I 2025-05-15 07:26:00,777] Trial 14 finished with value: 0.5833333333333333 and parameters: {'C': 0.001002638109973618, 'penalty': 'l2'}. Best is trial 10 with value: 0.5833333333333333.
[I 2025-05-15 07:26:00,795] Trial 15 finished with value: 0.36666666666666664 and parameters: {'C': 0.08438830622291982, 'penalty': 'l2'}. Best is trial 10 with value: 0.5833333333333333.
[I 2025-05-15 07:26:00,812] Trial 16 finished with value: 0.5666666666666667 and parameters: {'C': 0.0035823185600286542, 'penalty': 'l2'}. Best is trial 10 with value: 0.5833333333333333.
[I 2025-05-15 07:26:00,842] Trial 17 finished with value: 0.36666666666666664 and parameters: {'C': 0.0539882537577037, 'penalty': 'l2'}. Best is trial 10 with value: 0.5833333333333333.
[I 2025-05-15 07:26:00,870] Trial 18 finished with value: 0.5166666666666666 and parameters: {'C': 0.004842952701647796, 'penalty': 'l2'}. Best is trial 10 with value: 0.5833333333333333.
[I 2025-05-15 07:26:01,548] Trial 19 finished with value: 0.2833333333333333 and parameters: {'C': 1.5764099874493993, 'penalty': 'l2'}. Best is trial 10 with value: 0.5833333333333333.
[I 2025-05-15 07:26:01,578] Trial 20 finished with value: 0.36666666666666664 and parameters: {'C': 0.028507283812150664, 'penalty': 'l2'}. Best is trial 10 with value: 0.5833333333333333.
[I 2025-05-15 07:26:01,609] Trial 21 finished with value: 0.6166666666666666 and parameters: {'C': 0.00249886844093013, 'penalty': 'l2'}. Best is trial 21 with value: 0.6166666666666666.
[I 2025-05-15 07:26:01,640] Trial 22 finished with value: 0.5666666666666667 and parameters: {'C': 0.002972078443582227, 'penalty': 'l2'}. Best is trial 21 with value: 0.6166666666666666.
[I 2025-05-15 07:26:01,671] Trial 23 finished with value: 0.5666666666666667 and parameters: {'C': 0.0029850448597432493, 'penalty': 'l2'}. Best is trial 21 with value: 0.6166666666666666.
[I 2025-05-15 07:26:01,702] Trial 24 finished with value: 0.5833333333333333 and parameters: {'C': 0.0010244168603373396, 'penalty': 'l2'}. Best is trial 21 with value: 0.6166666666666666.
[I 2025-05-15 07:26:01,723] Trial 25 finished with value: 0.4666666666666666 and parameters: {'C': 0.006956649181958673, 'penalty': 'l2'}. Best is trial 21 with value: 0.6166666666666666.
[I 2025-05-15 07:26:01,756] Trial 26 finished with value: 0.4666666666666666 and parameters: {'C': 0.021100805440807256, 'penalty': 'l2'}. Best is trial 21 with value: 0.6166666666666666.
[I 2025-05-15 07:26:01,787] Trial 27 finished with value: 0.31666666666666665 and parameters: {'C': 0.1052680256059867, 'penalty': 'l2'}. Best is trial 21 with value: 0.6166666666666666.
[I 2025-05-15 07:26:01,819] Trial 28 finished with value: 0.5833333333333333 and parameters: {'C': 0.001747723866290429, 'penalty': 'l2'}. Best is trial 21 with value: 0.6166666666666666.
[I 2025-05-15 07:26:01,850] Trial 29 finished with value: 0.4666666666666666 and parameters: {'C': 0.013534986286144392, 'penalty': 'l2'}. Best is trial 21 with value: 0.6166666666666666.
/data/home/rtabares/anaconda3/envs/pyth3.12/lib/python3.12/site-packages/xgboost/core.py:377: FutureWarning: Your system has an old version of glibc (< 2.28). We will stop supporting Linux distros with glibc older than 2.28 after **May 31, 2025**. Please upgrade to a recent Linux distro (with glibc >= 2.28) to use future versions of XGBoost.
Note: You have installed the 'manylinux2014' variant of XGBoost. Certain features such as GPU algorithms or federated learning are not available. To use these features, please upgrade to a recent Linux distro with glibc 2.28+, and install the 'manylinux_2_28' variant.
  warnings.warn(
[I 2025-05-15 07:26:05,858] A new study created in memory with name: mlp
Parámetros guardados en checkpoint_shoppers_Doriginal_F/k_center/IPC_11/best_models_k_center_seed_5_space_original/logreg_best_params.json


>>> Optuna tuning mlp metodo k_center IPC 11 seed 5


/data/home/rtabares/anaconda3/envs/pyth3.12/lib/python3.12/site-packages/sklearn/neural_network/_multilayer_perceptron.py:691: ConvergenceWarning: Stochastic Optimizer: Maximum iterations (50) reached and the optimization hasn't converged yet.
  warnings.warn(
/data/home/rtabares/anaconda3/envs/pyth3.12/lib/python3.12/site-packages/sklearn/neural_network/_multilayer_perceptron.py:691: ConvergenceWarning: Stochastic Optimizer: Maximum iterations (50) reached and the optimization hasn't converged yet.
  warnings.warn(
/data/home/rtabares/anaconda3/envs/pyth3.12/lib/python3.12/site-packages/sklearn/neural_network/_multilayer_perceptron.py:691: ConvergenceWarning: Stochastic Optimizer: Maximum iterations (50) reached and the optimization hasn't converged yet.
  warnings.warn(
/data/home/rtabares/anaconda3/envs/pyth3.12/lib/python3.12/site-packages/sklearn/neural_network/_multilayer_perceptron.py:691: ConvergenceWarning: Stochastic Optimizer: Maximum iterations (50) reached and the optimization hasn't converged yet.
  warnings.warn(
/data/home/rtabares/anaconda3/envs/pyth3.12/lib/python3.12/site-packages/sklearn/neural_network/_multilayer_perceptron.py:691: ConvergenceWarning: Stochastic Optimizer: Maximum iterations (50) reached and the optimization hasn't converged yet.
  warnings.warn(
[I 2025-05-15 07:26:07,160] Trial 0 finished with value: 0.36666666666666664 and parameters: {'hidden_layer_sizes': (200,), 'max_iter': 50, 'alpha': 0.001}. Best is trial 0 with value: 0.36666666666666664.
/data/home/rtabares/anaconda3/envs/pyth3.12/lib/python3.12/site-packages/sklearn/neural_network/_multilayer_perceptron.py:691: ConvergenceWarning: Stochastic Optimizer: Maximum iterations (100) reached and the optimization hasn't converged yet.
  warnings.warn(
/data/home/rtabares/anaconda3/envs/pyth3.12/lib/python3.12/site-packages/sklearn/neural_network/_multilayer_perceptron.py:691: ConvergenceWarning: Stochastic Optimizer: Maximum iterations (100) reached and the optimization hasn't converged yet.
  warnings.warn(
/data/home/rtabares/anaconda3/envs/pyth3.12/lib/python3.12/site-packages/sklearn/neural_network/_multilayer_perceptron.py:691: ConvergenceWarning: Stochastic Optimizer: Maximum iterations (100) reached and the optimization hasn't converged yet.
  warnings.warn(
/data/home/rtabares/anaconda3/envs/pyth3.12/lib/python3.12/site-packages/sklearn/neural_network/_multilayer_perceptron.py:691: ConvergenceWarning: Stochastic Optimizer: Maximum iterations (100) reached and the optimization hasn't converged yet.
  warnings.warn(
/data/home/rtabares/anaconda3/envs/pyth3.12/lib/python3.12/site-packages/sklearn/neural_network/_multilayer_perceptron.py:691: ConvergenceWarning: Stochastic Optimizer: Maximum iterations (100) reached and the optimization hasn't converged yet.
  warnings.warn(
[I 2025-05-15 07:26:07,260] Trial 1 finished with value: 0.25 and parameters: {'hidden_layer_sizes': (100,), 'max_iter': 100, 'alpha': 0.0001}. Best is trial 0 with value: 0.36666666666666664.
/data/home/rtabares/anaconda3/envs/pyth3.12/lib/python3.12/site-packages/sklearn/neural_network/_multilayer_perceptron.py:691: ConvergenceWarning: Stochastic Optimizer: Maximum iterations (100) reached and the optimization hasn't converged yet.
  warnings.warn(
/data/home/rtabares/anaconda3/envs/pyth3.12/lib/python3.12/site-packages/sklearn/neural_network/_multilayer_perceptron.py:691: ConvergenceWarning: Stochastic Optimizer: Maximum iterations (100) reached and the optimization hasn't converged yet.
  warnings.warn(
/data/home/rtabares/anaconda3/envs/pyth3.12/lib/python3.12/site-packages/sklearn/neural_network/_multilayer_perceptron.py:691: ConvergenceWarning: Stochastic Optimizer: Maximum iterations (100) reached and the optimization hasn't converged yet.
  warnings.warn(
/data/home/rtabares/anaconda3/envs/pyth3.12/lib/python3.12/site-packages/sklearn/neural_network/_multilayer_perceptron.py:691: ConvergenceWarning: Stochastic Optimizer: Maximum iterations (100) reached and the optimization hasn't converged yet.
  warnings.warn(
/data/home/rtabares/anaconda3/envs/pyth3.12/lib/python3.12/site-packages/sklearn/neural_network/_multilayer_perceptron.py:691: ConvergenceWarning: Stochastic Optimizer: Maximum iterations (100) reached and the optimization hasn't converged yet.
  warnings.warn(
[I 2025-05-15 07:26:07,325] Trial 2 finished with value: 0.16666666666666666 and parameters: {'hidden_layer_sizes': (100,), 'max_iter': 100, 'alpha': 0.001}. Best is trial 0 with value: 0.36666666666666664.
/data/home/rtabares/anaconda3/envs/pyth3.12/lib/python3.12/site-packages/sklearn/neural_network/_multilayer_perceptron.py:691: ConvergenceWarning: Stochastic Optimizer: Maximum iterations (50) reached and the optimization hasn't converged yet.
  warnings.warn(
/data/home/rtabares/anaconda3/envs/pyth3.12/lib/python3.12/site-packages/sklearn/neural_network/_multilayer_perceptron.py:691: ConvergenceWarning: Stochastic Optimizer: Maximum iterations (50) reached and the optimization hasn't converged yet.
  warnings.warn(
/data/home/rtabares/anaconda3/envs/pyth3.12/lib/python3.12/site-packages/sklearn/neural_network/_multilayer_perceptron.py:691: ConvergenceWarning: Stochastic Optimizer: Maximum iterations (50) reached and the optimization hasn't converged yet.
  warnings.warn(
/data/home/rtabares/anaconda3/envs/pyth3.12/lib/python3.12/site-packages/sklearn/neural_network/_multilayer_perceptron.py:691: ConvergenceWarning: Stochastic Optimizer: Maximum iterations (50) reached and the optimization hasn't converged yet.
  warnings.warn(
/data/home/rtabares/anaconda3/envs/pyth3.12/lib/python3.12/site-packages/sklearn/neural_network/_multilayer_perceptron.py:691: ConvergenceWarning: Stochastic Optimizer: Maximum iterations (50) reached and the optimization hasn't converged yet.
  warnings.warn(
[I 2025-05-15 07:26:07,382] Trial 3 finished with value: 0.2833333333333333 and parameters: {'hidden_layer_sizes': (200,), 'max_iter': 50, 'alpha': 0.001}. Best is trial 0 with value: 0.36666666666666664.
/data/home/rtabares/anaconda3/envs/pyth3.12/lib/python3.12/site-packages/sklearn/neural_network/_multilayer_perceptron.py:691: ConvergenceWarning: Stochastic Optimizer: Maximum iterations (100) reached and the optimization hasn't converged yet.
  warnings.warn(
/data/home/rtabares/anaconda3/envs/pyth3.12/lib/python3.12/site-packages/sklearn/neural_network/_multilayer_perceptron.py:691: ConvergenceWarning: Stochastic Optimizer: Maximum iterations (100) reached and the optimization hasn't converged yet.
  warnings.warn(
/data/home/rtabares/anaconda3/envs/pyth3.12/lib/python3.12/site-packages/sklearn/neural_network/_multilayer_perceptron.py:691: ConvergenceWarning: Stochastic Optimizer: Maximum iterations (100) reached and the optimization hasn't converged yet.
  warnings.warn(
/data/home/rtabares/anaconda3/envs/pyth3.12/lib/python3.12/site-packages/sklearn/neural_network/_multilayer_perceptron.py:691: ConvergenceWarning: Stochastic Optimizer: Maximum iterations (100) reached and the optimization hasn't converged yet.
  warnings.warn(
/data/home/rtabares/anaconda3/envs/pyth3.12/lib/python3.12/site-packages/sklearn/neural_network/_multilayer_perceptron.py:691: ConvergenceWarning: Stochastic Optimizer: Maximum iterations (100) reached and the optimization hasn't converged yet.
  warnings.warn(
[I 2025-05-15 07:26:07,448] Trial 4 finished with value: 0.2333333333333333 and parameters: {'hidden_layer_sizes': (100,), 'max_iter': 100, 'alpha': 0.0001}. Best is trial 0 with value: 0.36666666666666664.
/data/home/rtabares/anaconda3/envs/pyth3.12/lib/python3.12/site-packages/sklearn/neural_network/_multilayer_perceptron.py:691: ConvergenceWarning: Stochastic Optimizer: Maximum iterations (100) reached and the optimization hasn't converged yet.
  warnings.warn(
/data/home/rtabares/anaconda3/envs/pyth3.12/lib/python3.12/site-packages/sklearn/neural_network/_multilayer_perceptron.py:691: ConvergenceWarning: Stochastic Optimizer: Maximum iterations (100) reached and the optimization hasn't converged yet.
  warnings.warn(
/data/home/rtabares/anaconda3/envs/pyth3.12/lib/python3.12/site-packages/sklearn/neural_network/_multilayer_perceptron.py:691: ConvergenceWarning: Stochastic Optimizer: Maximum iterations (100) reached and the optimization hasn't converged yet.
  warnings.warn(
/data/home/rtabares/anaconda3/envs/pyth3.12/lib/python3.12/site-packages/sklearn/neural_network/_multilayer_perceptron.py:691: ConvergenceWarning: Stochastic Optimizer: Maximum iterations (100) reached and the optimization hasn't converged yet.
  warnings.warn(
/data/home/rtabares/anaconda3/envs/pyth3.12/lib/python3.12/site-packages/sklearn/neural_network/_multilayer_perceptron.py:691: ConvergenceWarning: Stochastic Optimizer: Maximum iterations (100) reached and the optimization hasn't converged yet.
  warnings.warn(
[I 2025-05-15 07:26:07,514] Trial 5 finished with value: 0.3833333333333333 and parameters: {'hidden_layer_sizes': (100,), 'max_iter': 100, 'alpha': 0.001}. Best is trial 5 with value: 0.3833333333333333.
/data/home/rtabares/anaconda3/envs/pyth3.12/lib/python3.12/site-packages/sklearn/neural_network/_multilayer_perceptron.py:691: ConvergenceWarning: Stochastic Optimizer: Maximum iterations (100) reached and the optimization hasn't converged yet.
  warnings.warn(
/data/home/rtabares/anaconda3/envs/pyth3.12/lib/python3.12/site-packages/sklearn/neural_network/_multilayer_perceptron.py:691: ConvergenceWarning: Stochastic Optimizer: Maximum iterations (100) reached and the optimization hasn't converged yet.
  warnings.warn(
/data/home/rtabares/anaconda3/envs/pyth3.12/lib/python3.12/site-packages/sklearn/neural_network/_multilayer_perceptron.py:691: ConvergenceWarning: Stochastic Optimizer: Maximum iterations (100) reached and the optimization hasn't converged yet.
  warnings.warn(
/data/home/rtabares/anaconda3/envs/pyth3.12/lib/python3.12/site-packages/sklearn/neural_network/_multilayer_perceptron.py:691: ConvergenceWarning: Stochastic Optimizer: Maximum iterations (100) reached and the optimization hasn't converged yet.
  warnings.warn(
/data/home/rtabares/anaconda3/envs/pyth3.12/lib/python3.12/site-packages/sklearn/neural_network/_multilayer_perceptron.py:691: ConvergenceWarning: Stochastic Optimizer: Maximum iterations (100) reached and the optimization hasn't converged yet.
  warnings.warn(
