[I 2025-05-15 07:55:04,023] Trial 5 finished with value: 0.5433333333333333 and parameters: {'n_estimators': 100, 'max_depth': 20, 'gamma': 0.48380821541644814, 'subsample': 0.8171899343169193, 'colsample_bytree': 0.7614531005141727}. Best is trial 0 with value: 0.5533333333333333.
/data/home/rtabares/anaconda3/envs/pyth3.12/lib/python3.12/site-packages/xgboost/core.py:377: FutureWarning: Your system has an old version of glibc (< 2.28). We will stop supporting Linux distros with glibc older than 2.28 after **May 31, 2025**. Please upgrade to a recent Linux distro (with glibc >= 2.28) to use future versions of XGBoost.
Note: You have installed the 'manylinux2014' variant of XGBoost. Certain features such as GPU algorithms or federated learning are not available. To use these features, please upgrade to a recent Linux distro with glibc 2.28+, and install the 'manylinux_2_28' variant.
  warnings.warn(
[I 2025-05-15 07:55:04,129] Trial 6 finished with value: 0.5166666666666667 and parameters: {'n_estimators': 10, 'max_depth': 5, 'gamma': 0.9599214907026333, 'subsample': 0.8414569271877088, 'colsample_bytree': 0.5265643453364788}. Best is trial 0 with value: 0.5533333333333333.
/data/home/rtabares/anaconda3/envs/pyth3.12/lib/python3.12/site-packages/xgboost/core.py:377: FutureWarning: Your system has an old version of glibc (< 2.28). We will stop supporting Linux distros with glibc older than 2.28 after **May 31, 2025**. Please upgrade to a recent Linux distro (with glibc >= 2.28) to use future versions of XGBoost.
Note: You have installed the 'manylinux2014' variant of XGBoost. Certain features such as GPU algorithms or federated learning are not available. To use these features, please upgrade to a recent Linux distro with glibc 2.28+, and install the 'manylinux_2_28' variant.
  warnings.warn(
/data/home/rtabares/anaconda3/envs/pyth3.12/lib/python3.12/site-packages/xgboost/core.py:377: FutureWarning: Your system has an old version of glibc (< 2.28). We will stop supporting Linux distros with glibc older than 2.28 after **May 31, 2025**. Please upgrade to a recent Linux distro (with glibc >= 2.28) to use future versions of XGBoost.
Note: You have installed the 'manylinux2014' variant of XGBoost. Certain features such as GPU algorithms or federated learning are not available. To use these features, please upgrade to a recent Linux distro with glibc 2.28+, and install the 'manylinux_2_28' variant.
  warnings.warn(
/data/home/rtabares/anaconda3/envs/pyth3.12/lib/python3.12/site-packages/xgboost/core.py:377: FutureWarning: Your system has an old version of glibc (< 2.28). We will stop supporting Linux distros with glibc older than 2.28 after **May 31, 2025**. Please upgrade to a recent Linux distro (with glibc >= 2.28) to use future versions of XGBoost.
Note: You have installed the 'manylinux2014' variant of XGBoost. Certain features such as GPU algorithms or federated learning are not available. To use these features, please upgrade to a recent Linux distro with glibc 2.28+, and install the 'manylinux_2_28' variant.
  warnings.warn(
/data/home/rtabares/anaconda3/envs/pyth3.12/lib/python3.12/site-packages/xgboost/core.py:377: FutureWarning: Your system has an old version of glibc (< 2.28). We will stop supporting Linux distros with glibc older than 2.28 after **May 31, 2025**. Please upgrade to a recent Linux distro (with glibc >= 2.28) to use future versions of XGBoost.
Note: You have installed the 'manylinux2014' variant of XGBoost. Certain features such as GPU algorithms or federated learning are not available. To use these features, please upgrade to a recent Linux distro with glibc 2.28+, and install the 'manylinux_2_28' variant.
  warnings.warn(
[I 2025-05-15 07:55:04,258] Trial 7 finished with value: 0.6033333333333333 and parameters: {'n_estimators': 40, 'max_depth': 5, 'gamma': 0.5250915966595621, 'subsample': 0.9207383574491986, 'colsample_bytree': 0.565555321173957}. Best is trial 7 with value: 0.6033333333333333.
[I 2025-05-15 07:55:04,397] Trial 8 finished with value: 0.6333333333333333 and parameters: {'n_estimators': 100, 'max_depth': 5, 'gamma': 0.3919835527051987, 'subsample': 0.6502094521590198, 'colsample_bytree': 0.5827507002328938}. Best is trial 8 with value: 0.6333333333333333.
/data/home/rtabares/anaconda3/envs/pyth3.12/lib/python3.12/site-packages/xgboost/core.py:377: FutureWarning: Your system has an old version of glibc (< 2.28). We will stop supporting Linux distros with glibc older than 2.28 after **May 31, 2025**. Please upgrade to a recent Linux distro (with glibc >= 2.28) to use future versions of XGBoost.
Note: You have installed the 'manylinux2014' variant of XGBoost. Certain features such as GPU algorithms or federated learning are not available. To use these features, please upgrade to a recent Linux distro with glibc 2.28+, and install the 'manylinux_2_28' variant.
  warnings.warn(
/data/home/rtabares/anaconda3/envs/pyth3.12/lib/python3.12/site-packages/xgboost/core.py:377: FutureWarning: Your system has an old version of glibc (< 2.28). We will stop supporting Linux distros with glibc older than 2.28 after **May 31, 2025**. Please upgrade to a recent Linux distro (with glibc >= 2.28) to use future versions of XGBoost.
Note: You have installed the 'manylinux2014' variant of XGBoost. Certain features such as GPU algorithms or federated learning are not available. To use these features, please upgrade to a recent Linux distro with glibc 2.28+, and install the 'manylinux_2_28' variant.
  warnings.warn(
[I 2025-05-15 07:55:04,536] Trial 9 finished with value: 0.6233333333333333 and parameters: {'n_estimators': 100, 'max_depth': 5, 'gamma': 0.8003922413895069, 'subsample': 0.9436444759263674, 'colsample_bytree': 0.8374593849333938}. Best is trial 8 with value: 0.6333333333333333.
[I 2025-05-15 07:55:04,809] Trial 10 finished with value: 0.5766666666666667 and parameters: {'n_estimators': 100, 'max_depth': 30, 'gamma': 0.13445536345660636, 'subsample': 0.7476805901551955, 'colsample_bytree': 0.6248970054409114}. Best is trial 8 with value: 0.6333333333333333.
/data/home/rtabares/anaconda3/envs/pyth3.12/lib/python3.12/site-packages/xgboost/core.py:377: FutureWarning: Your system has an old version of glibc (< 2.28). We will stop supporting Linux distros with glibc older than 2.28 after **May 31, 2025**. Please upgrade to a recent Linux distro (with glibc >= 2.28) to use future versions of XGBoost.
Note: You have installed the 'manylinux2014' variant of XGBoost. Certain features such as GPU algorithms or federated learning are not available. To use these features, please upgrade to a recent Linux distro with glibc 2.28+, and install the 'manylinux_2_28' variant.
  warnings.warn(
[I 2025-05-15 07:55:06,382] Trial 11 finished with value: 0.6133333333333333 and parameters: {'n_estimators': 100, 'max_depth': 5, 'gamma': 0.2681645700627216, 'subsample': 0.9975012941469545, 'colsample_bytree': 0.9063842732546717}. Best is trial 8 with value: 0.6333333333333333.
/data/home/rtabares/anaconda3/envs/pyth3.12/lib/python3.12/site-packages/xgboost/core.py:377: FutureWarning: Your system has an old version of glibc (< 2.28). We will stop supporting Linux distros with glibc older than 2.28 after **May 31, 2025**. Please upgrade to a recent Linux distro (with glibc >= 2.28) to use future versions of XGBoost.
Note: You have installed the 'manylinux2014' variant of XGBoost. Certain features such as GPU algorithms or federated learning are not available. To use these features, please upgrade to a recent Linux distro with glibc 2.28+, and install the 'manylinux_2_28' variant.
  warnings.warn(
/data/home/rtabares/anaconda3/envs/pyth3.12/lib/python3.12/site-packages/xgboost/core.py:377: FutureWarning: Your system has an old version of glibc (< 2.28). We will stop supporting Linux distros with glibc older than 2.28 after **May 31, 2025**. Please upgrade to a recent Linux distro (with glibc >= 2.28) to use future versions of XGBoost.
Note: You have installed the 'manylinux2014' variant of XGBoost. Certain features such as GPU algorithms or federated learning are not available. To use these features, please upgrade to a recent Linux distro with glibc 2.28+, and install the 'manylinux_2_28' variant.
  warnings.warn(
[I 2025-05-15 07:55:07,899] Trial 12 finished with value: 0.6533333333333333 and parameters: {'n_estimators': 100, 'max_depth': 30, 'gamma': 0.7093190405349769, 'subsample': 0.9958720674784483, 'colsample_bytree': 0.8373150317004258}. Best is trial 12 with value: 0.6533333333333333.
[I 2025-05-15 07:55:08,000] Trial 13 finished with value: 0.5566666666666666 and parameters: {'n_estimators': 100, 'max_depth': 30, 'gamma': 0.3225324893523046, 'subsample': 0.6464338845970186, 'colsample_bytree': 0.8466378816712838}. Best is trial 12 with value: 0.6533333333333333.
[I 2025-05-15 07:55:08,082] Trial 14 finished with value: 0.53 and parameters: {'n_estimators': 100, 'max_depth': 30, 'gamma': 0.6998005114177918, 'subsample': 0.773459351117591, 'colsample_bytree': 0.9633952038815035}. Best is trial 12 with value: 0.6533333333333333.
/data/home/rtabares/anaconda3/envs/pyth3.12/lib/python3.12/site-packages/xgboost/core.py:377: FutureWarning: Your system has an old version of glibc (< 2.28). We will stop supporting Linux distros with glibc older than 2.28 after **May 31, 2025**. Please upgrade to a recent Linux distro (with glibc >= 2.28) to use future versions of XGBoost.
Note: You have installed the 'manylinux2014' variant of XGBoost. Certain features such as GPU algorithms or federated learning are not available. To use these features, please upgrade to a recent Linux distro with glibc 2.28+, and install the 'manylinux_2_28' variant.
  warnings.warn(
[I 2025-05-15 07:55:08,204] Trial 15 finished with value: 0.5933333333333334 and parameters: {'n_estimators': 100, 'max_depth': 30, 'gamma': 0.34245865808272824, 'subsample': 0.7310379906297132, 'colsample_bytree': 0.6597935744064968}. Best is trial 12 with value: 0.6533333333333333.
[I 2025-05-15 07:55:08,244] Trial 16 finished with value: 0.6133333333333333 and parameters: {'n_estimators': 40, 'max_depth': 30, 'gamma': 0.6956076160159175, 'subsample': 0.867344507143173, 'colsample_bytree': 0.5004681195857085}. Best is trial 12 with value: 0.6533333333333333.
/data/home/rtabares/anaconda3/envs/pyth3.12/lib/python3.12/site-packages/xgboost/core.py:377: FutureWarning: Your system has an old version of glibc (< 2.28). We will stop supporting Linux distros with glibc older than 2.28 after **May 31, 2025**. Please upgrade to a recent Linux distro (with glibc >= 2.28) to use future versions of XGBoost.
Note: You have installed the 'manylinux2014' variant of XGBoost. Certain features such as GPU algorithms or federated learning are not available. To use these features, please upgrade to a recent Linux distro with glibc 2.28+, and install the 'manylinux_2_28' variant.
  warnings.warn(
[I 2025-05-15 07:55:09,997] Trial 17 finished with value: 0.5966666666666667 and parameters: {'n_estimators': 100, 'max_depth': 30, 'gamma': 0.4217694257482538, 'subsample': 0.606441926387311, 'colsample_bytree': 0.8268478340592607}. Best is trial 12 with value: 0.6533333333333333.
[I 2025-05-15 07:55:10,081] Trial 18 finished with value: 0.5366666666666666 and parameters: {'n_estimators': 100, 'max_depth': 5, 'gamma': 0.1822167684745479, 'subsample': 0.5180169026868957, 'colsample_bytree': 0.6784129810436434}. Best is trial 12 with value: 0.6533333333333333.
[I 2025-05-15 07:55:10,147] Trial 19 finished with value: 0.5566666666666666 and parameters: {'n_estimators': 40, 'max_depth': 30, 'gamma': 0.6223954336002551, 'subsample': 0.8872782145240384, 'colsample_bytree': 0.5764495834424889}. Best is trial 12 with value: 0.6533333333333333.
/data/home/rtabares/anaconda3/envs/pyth3.12/lib/python3.12/site-packages/xgboost/core.py:377: FutureWarning: Your system has an old version of glibc (< 2.28). We will stop supporting Linux distros with glibc older than 2.28 after **May 31, 2025**. Please upgrade to a recent Linux distro (with glibc >= 2.28) to use future versions of XGBoost.
Note: You have installed the 'manylinux2014' variant of XGBoost. Certain features such as GPU algorithms or federated learning are not available. To use these features, please upgrade to a recent Linux distro with glibc 2.28+, and install the 'manylinux_2_28' variant.
  warnings.warn(
[I 2025-05-15 07:55:11,718] Trial 20 finished with value: 0.6366666666666667 and parameters: {'n_estimators': 100, 'max_depth': 30, 'gamma': 0.8140985818876745, 'subsample': 0.9961764358499778, 'colsample_bytree': 0.9947744385051147}. Best is trial 12 with value: 0.6533333333333333.
[I 2025-05-15 07:55:11,811] Trial 21 finished with value: 0.54 and parameters: {'n_estimators': 100, 'max_depth': 30, 'gamma': 0.8242753732871867, 'subsample': 0.9872347746863862, 'colsample_bytree': 0.9836742758046269}. Best is trial 12 with value: 0.6533333333333333.
[I 2025-05-15 07:55:11,912] Trial 22 finished with value: 0.6 and parameters: {'n_estimators': 100, 'max_depth': 30, 'gamma': 0.8326119401418121, 'subsample': 0.9475306640884792, 'colsample_bytree': 0.8972825006482612}. Best is trial 12 with value: 0.6533333333333333.
[I 2025-05-15 07:55:11,979] Trial 23 finished with value: 0.5599999999999999 and parameters: {'n_estimators': 100, 'max_depth': 30, 'gamma': 0.7483449595926549, 'subsample': 0.7952564516133582, 'colsample_bytree': 0.8054645377071715}. Best is trial 12 with value: 0.6533333333333333.
[I 2025-05-15 07:55:12,049] Trial 24 finished with value: 0.6166666666666666 and parameters: {'n_estimators': 100, 'max_depth': 30, 'gamma': 0.617894739706738, 'subsample': 0.911641010275255, 'colsample_bytree': 0.9495886348530082}. Best is trial 12 with value: 0.6533333333333333.
[I 2025-05-15 07:55:12,179] Trial 25 finished with value: 0.54 and parameters: {'n_estimators': 100, 'max_depth': 5, 'gamma': 0.41445194801424456, 'subsample': 0.9663917862998673, 'colsample_bytree': 0.9991336219574932}. Best is trial 12 with value: 0.6533333333333333.
[I 2025-05-15 07:55:12,269] Trial 26 finished with value: 0.5333333333333333 and parameters: {'n_estimators': 100, 'max_depth': 30, 'gamma': 0.6059915351072536, 'subsample': 0.7250125933690442, 'colsample_bytree': 0.866063377199255}. Best is trial 12 with value: 0.6533333333333333.
[I 2025-05-15 07:55:12,376] Trial 27 finished with value: 0.5666666666666667 and parameters: {'n_estimators': 100, 'max_depth': 30, 'gamma': 0.8637115600263494, 'subsample': 0.8646129718864993, 'colsample_bytree': 0.7036560594579506}. Best is trial 12 with value: 0.6533333333333333.
[I 2025-05-15 07:55:12,447] Trial 28 finished with value: 0.52 and parameters: {'n_estimators': 10, 'max_depth': 20, 'gamma': 0.7539101021172779, 'subsample': 0.6901931514429103, 'colsample_bytree': 0.592094619276035}. Best is trial 12 with value: 0.6533333333333333.
[I 2025-05-15 07:55:12,519] Trial 29 finished with value: 0.5766666666666667 and parameters: {'n_estimators': 40, 'max_depth': 5, 'gamma': 0.4574613438615283, 'subsample': 0.5684859256605079, 'colsample_bytree': 0.7941965654937171}. Best is trial 12 with value: 0.6533333333333333.
[I 2025-05-15 07:56:15,581] A new study created in memory with name: rf
Parámetros guardados en checkpoint_default_Doriginal_H/random/IPC_27/best_models_random_seed_7_space_original/xgb_best_params.json


>>> Optuna tuning rf metodo random IPC 27 seed 7


[I 2025-05-15 07:56:19,263] Trial 0 finished with value: 0.5599999999999999 and parameters: {'n_estimators': 130, 'max_depth': 17, 'min_samples_split': 5, 'min_samples_leaf': 8}. Best is trial 0 with value: 0.5599999999999999.
[I 2025-05-15 07:56:20,281] Trial 1 finished with value: 0.5733333333333334 and parameters: {'n_estimators': 492, 'max_depth': 12, 'min_samples_split': 6, 'min_samples_leaf': 1}. Best is trial 1 with value: 0.5733333333333334.
[I 2025-05-15 07:56:20,832] Trial 2 finished with value: 0.58 and parameters: {'n_estimators': 207, 'max_depth': 11, 'min_samples_split': 8, 'min_samples_leaf': 9}. Best is trial 2 with value: 0.58.
[I 2025-05-15 07:56:21,404] Trial 3 finished with value: 0.6133333333333333 and parameters: {'n_estimators': 252, 'max_depth': 4, 'min_samples_split': 4, 'min_samples_leaf': 10}. Best is trial 3 with value: 0.6133333333333333.
[I 2025-05-15 07:56:21,833] Trial 4 finished with value: 0.5933333333333334 and parameters: {'n_estimators': 185, 'max_depth': 11, 'min_samples_split': 10, 'min_samples_leaf': 1}. Best is trial 3 with value: 0.6133333333333333.
[I 2025-05-15 07:56:22,540] Trial 5 finished with value: 0.5766666666666667 and parameters: {'n_estimators': 340, 'max_depth': 20, 'min_samples_split': 4, 'min_samples_leaf': 6}. Best is trial 3 with value: 0.6133333333333333.
[I 2025-05-15 07:56:23,505] Trial 6 finished with value: 0.5766666666666665 and parameters: {'n_estimators': 464, 'max_depth': 5, 'min_samples_split': 6, 'min_samples_leaf': 8}. Best is trial 3 with value: 0.6133333333333333.
[I 2025-05-15 07:56:24,170] Trial 7 finished with value: 0.5366666666666666 and parameters: {'n_estimators': 368, 'max_depth': 11, 'min_samples_split': 3, 'min_samples_leaf': 5}. Best is trial 3 with value: 0.6133333333333333.
[I 2025-05-15 07:56:24,757] Trial 8 finished with value: 0.5933333333333334 and parameters: {'n_estimators': 249, 'max_depth': 11, 'min_samples_split': 5, 'min_samples_leaf': 9}. Best is trial 3 with value: 0.6133333333333333.
[I 2025-05-15 07:56:25,514] Trial 9 finished with value: 0.5366666666666667 and parameters: {'n_estimators': 408, 'max_depth': 8, 'min_samples_split': 7, 'min_samples_leaf': 3}. Best is trial 3 with value: 0.6133333333333333.
[I 2025-05-15 07:56:25,966] Trial 10 finished with value: 0.5933333333333334 and parameters: {'n_estimators': 284, 'max_depth': 3, 'min_samples_split': 2, 'min_samples_leaf': 10}. Best is trial 3 with value: 0.6133333333333333.
[I 2025-05-15 07:56:27,379] Trial 11 finished with value: 0.5733333333333334 and parameters: {'n_estimators': 167, 'max_depth': 7, 'min_samples_split': 10, 'min_samples_leaf': 1}. Best is trial 3 with value: 0.6133333333333333.
[I 2025-05-15 07:56:29,035] Trial 12 finished with value: 0.5733333333333334 and parameters: {'n_estimators': 217, 'max_depth': 16, 'min_samples_split': 10, 'min_samples_leaf': 5}. Best is trial 3 with value: 0.6133333333333333.
[I 2025-05-15 07:56:30,336] Trial 13 finished with value: 0.6133333333333333 and parameters: {'n_estimators': 100, 'max_depth': 3, 'min_samples_split': 8, 'min_samples_leaf': 3}. Best is trial 3 with value: 0.6133333333333333.
[I 2025-05-15 07:56:30,679] Trial 14 finished with value: 0.6066666666666667 and parameters: {'n_estimators': 100, 'max_depth': 3, 'min_samples_split': 8, 'min_samples_leaf': 3}. Best is trial 3 with value: 0.6133333333333333.
[I 2025-05-15 07:56:31,366] Trial 15 finished with value: 0.52 and parameters: {'n_estimators': 301, 'max_depth': 6, 'min_samples_split': 8, 'min_samples_leaf': 3}. Best is trial 3 with value: 0.6133333333333333.
[I 2025-05-15 07:56:31,875] Trial 16 finished with value: 0.5566666666666666 and parameters: {'n_estimators': 151, 'max_depth': 4, 'min_samples_split': 2, 'min_samples_leaf': 6}. Best is trial 3 with value: 0.6133333333333333.
[I 2025-05-15 07:56:32,674] Trial 17 finished with value: 0.5733333333333334 and parameters: {'n_estimators': 256, 'max_depth': 8, 'min_samples_split': 4, 'min_samples_leaf': 4}. Best is trial 3 with value: 0.6133333333333333.
[I 2025-05-15 07:56:33,936] Trial 18 finished with value: 0.5733333333333333 and parameters: {'n_estimators': 398, 'max_depth': 5, 'min_samples_split': 7, 'min_samples_leaf': 7}. Best is trial 3 with value: 0.6133333333333333.
[I 2025-05-15 07:56:34,251] Trial 19 finished with value: 0.5900000000000001 and parameters: {'n_estimators': 121, 'max_depth': 9, 'min_samples_split': 4, 'min_samples_leaf': 2}. Best is trial 3 with value: 0.6133333333333333.
[I 2025-05-15 07:56:35,111] Trial 20 finished with value: 0.5366666666666667 and parameters: {'n_estimators': 324, 'max_depth': 14, 'min_samples_split': 9, 'min_samples_leaf': 4}. Best is trial 3 with value: 0.6133333333333333.
[I 2025-05-15 07:56:35,547] Trial 21 finished with value: 0.59 and parameters: {'n_estimators': 103, 'max_depth': 3, 'min_samples_split': 8, 'min_samples_leaf': 3}. Best is trial 3 with value: 0.6133333333333333.
[I 2025-05-15 07:56:35,983] Trial 22 finished with value: 0.5166666666666667 and parameters: {'n_estimators': 100, 'max_depth': 3, 'min_samples_split': 7, 'min_samples_leaf': 4}. Best is trial 3 with value: 0.6133333333333333.
[I 2025-05-15 07:56:36,413] Trial 23 finished with value: 0.5166666666666666 and parameters: {'n_estimators': 146, 'max_depth': 5, 'min_samples_split': 8, 'min_samples_leaf': 2}. Best is trial 3 with value: 0.6133333333333333.
[I 2025-05-15 07:56:37,164] Trial 24 finished with value: 0.5599999999999999 and parameters: {'n_estimators': 212, 'max_depth': 6, 'min_samples_split': 9, 'min_samples_leaf': 2}. Best is trial 3 with value: 0.6133333333333333.
[I 2025-05-15 07:56:37,760] Trial 25 finished with value: 0.5766666666666665 and parameters: {'n_estimators': 178, 'max_depth': 4, 'min_samples_split': 9, 'min_samples_leaf': 10}. Best is trial 3 with value: 0.6133333333333333.
[I 2025-05-15 07:56:38,416] Trial 26 finished with value: 0.5933333333333334 and parameters: {'n_estimators': 256, 'max_depth': 9, 'min_samples_split': 5, 'min_samples_leaf': 7}. Best is trial 3 with value: 0.6133333333333333.
[I 2025-05-15 07:56:38,757] Trial 27 finished with value: 0.56 and parameters: {'n_estimators': 142, 'max_depth': 3, 'min_samples_split': 7, 'min_samples_leaf': 5}. Best is trial 3 with value: 0.6133333333333333.
[I 2025-05-15 07:56:39,367] Trial 28 finished with value: 0.5533333333333335 and parameters: {'n_estimators': 189, 'max_depth': 5, 'min_samples_split': 3, 'min_samples_leaf': 3}. Best is trial 3 with value: 0.6133333333333333.
