[I 2025-05-15 08:30:15,227] Trial 15 finished with value: 0.5375 and parameters: {'n_estimators': 40, 'max_depth': 20, 'gamma': 0.32063761133384977, 'subsample': 0.6693852739094144, 'colsample_bytree': 0.6059512118506298}. Best is trial 5 with value: 0.5958333333333334.
/data/home/rtabares/anaconda3/envs/pyth3.12/lib/python3.12/site-packages/xgboost/core.py:377: FutureWarning: Your system has an old version of glibc (< 2.28). We will stop supporting Linux distros with glibc older than 2.28 after **May 31, 2025**. Please upgrade to a recent Linux distro (with glibc >= 2.28) to use future versions of XGBoost.
Note: You have installed the 'manylinux2014' variant of XGBoost. Certain features such as GPU algorithms or federated learning are not available. To use these features, please upgrade to a recent Linux distro with glibc 2.28+, and install the 'manylinux_2_28' variant.
  warnings.warn(
[I 2025-05-15 08:30:16,498] Trial 16 finished with value: 0.5375 and parameters: {'n_estimators': 40, 'max_depth': 20, 'gamma': 0.67736141539639, 'subsample': 0.7606889779211421, 'colsample_bytree': 0.512561439261462}. Best is trial 5 with value: 0.5958333333333334.
[I 2025-05-15 08:30:16,577] Trial 17 finished with value: 0.5166666666666666 and parameters: {'n_estimators': 40, 'max_depth': 20, 'gamma': 0.8930735616246096, 'subsample': 0.5864917635156981, 'colsample_bytree': 0.6548115093554578}. Best is trial 5 with value: 0.5958333333333334.
/data/home/rtabares/anaconda3/envs/pyth3.12/lib/python3.12/site-packages/xgboost/core.py:377: FutureWarning: Your system has an old version of glibc (< 2.28). We will stop supporting Linux distros with glibc older than 2.28 after **May 31, 2025**. Please upgrade to a recent Linux distro (with glibc >= 2.28) to use future versions of XGBoost.
Note: You have installed the 'manylinux2014' variant of XGBoost. Certain features such as GPU algorithms or federated learning are not available. To use these features, please upgrade to a recent Linux distro with glibc 2.28+, and install the 'manylinux_2_28' variant.
  warnings.warn(
[I 2025-05-15 08:30:18,555] Trial 18 finished with value: 0.5402777777777777 and parameters: {'n_estimators': 10, 'max_depth': 30, 'gamma': 0.421371034665886, 'subsample': 0.8902649886973554, 'colsample_bytree': 0.5674267989388845}. Best is trial 5 with value: 0.5958333333333334.
[I 2025-05-15 08:30:18,657] Trial 19 finished with value: 0.5027777777777778 and parameters: {'n_estimators': 40, 'max_depth': 20, 'gamma': 0.709208600718435, 'subsample': 0.7515829068834461, 'colsample_bytree': 0.6783890340050219}. Best is trial 5 with value: 0.5958333333333334.
[I 2025-05-15 08:30:18,740] Trial 20 finished with value: 0.5624999999999999 and parameters: {'n_estimators': 40, 'max_depth': 20, 'gamma': 0.8985963293551661, 'subsample': 0.5622761200922171, 'colsample_bytree': 0.8170017724155414}. Best is trial 5 with value: 0.5958333333333334.
[I 2025-05-15 08:30:18,869] Trial 21 finished with value: 0.6180555555555556 and parameters: {'n_estimators': 100, 'max_depth': 5, 'gamma': 0.8211163101598202, 'subsample': 0.5509999220364407, 'colsample_bytree': 0.7209387905370135}. Best is trial 21 with value: 0.6180555555555556.
[I 2025-05-15 08:30:18,958] Trial 22 finished with value: 0.5111111111111111 and parameters: {'n_estimators': 100, 'max_depth': 5, 'gamma': 0.9316945482969685, 'subsample': 0.629453112508587, 'colsample_bytree': 0.5762803846304247}. Best is trial 21 with value: 0.6180555555555556.
[I 2025-05-15 08:30:19,005] Trial 23 finished with value: 0.5152777777777777 and parameters: {'n_estimators': 10, 'max_depth': 30, 'gamma': 0.7263888069457896, 'subsample': 0.6757336016194423, 'colsample_bytree': 0.6250770489434143}. Best is trial 21 with value: 0.6180555555555556.
[I 2025-05-15 08:30:19,118] Trial 24 finished with value: 0.586111111111111 and parameters: {'n_estimators': 40, 'max_depth': 20, 'gamma': 0.8493289389535783, 'subsample': 0.5472323331252409, 'colsample_bytree': 0.7839500096983872}. Best is trial 21 with value: 0.6180555555555556.
[I 2025-05-15 08:30:19,217] Trial 25 finished with value: 0.5666666666666667 and parameters: {'n_estimators': 100, 'max_depth': 5, 'gamma': 0.6237174955124991, 'subsample': 0.6063324105200728, 'colsample_bytree': 0.5550086405560128}. Best is trial 21 with value: 0.6180555555555556.
[I 2025-05-15 08:30:19,314] Trial 26 finished with value: 0.5152777777777777 and parameters: {'n_estimators': 40, 'max_depth': 20, 'gamma': 0.7754443551048769, 'subsample': 0.7067357274044767, 'colsample_bytree': 0.7228820768976273}. Best is trial 21 with value: 0.6180555555555556.
[I 2025-05-15 08:30:19,411] Trial 27 finished with value: 0.5361111111111111 and parameters: {'n_estimators': 40, 'max_depth': 20, 'gamma': 0.9367866845874265, 'subsample': 0.5548672831587178, 'colsample_bytree': 0.6412838610223918}. Best is trial 21 with value: 0.6180555555555556.
[I 2025-05-15 08:30:19,478] Trial 28 finished with value: 0.4916666666666667 and parameters: {'n_estimators': 10, 'max_depth': 30, 'gamma': 0.8484365121741861, 'subsample': 0.6451347514193712, 'colsample_bytree': 0.8029888899725937}. Best is trial 21 with value: 0.6180555555555556.
[I 2025-05-15 08:30:19,564] Trial 29 finished with value: 0.5597222222222221 and parameters: {'n_estimators': 100, 'max_depth': 5, 'gamma': 0.49968468111656317, 'subsample': 0.6770066730367019, 'colsample_bytree': 0.6861673827621801}. Best is trial 21 with value: 0.6180555555555556.
[I 2025-05-15 08:31:08,246] A new study created in memory with name: rf
Parámetros guardados en checkpoint_adult_Doriginal_G/k_center/IPC_43/best_models_k_center_seed_8_space_original/xgb_best_params.json


>>> Optuna tuning rf metodo k_center IPC 43 seed 8


[I 2025-05-15 08:31:12,079] Trial 0 finished with value: 0.536111111111111 and parameters: {'n_estimators': 450, 'max_depth': 20, 'min_samples_split': 9, 'min_samples_leaf': 6}. Best is trial 0 with value: 0.536111111111111.
[I 2025-05-15 08:31:12,994] Trial 1 finished with value: 0.5708333333333333 and parameters: {'n_estimators': 193, 'max_depth': 3, 'min_samples_split': 5, 'min_samples_leaf': 5}. Best is trial 1 with value: 0.5708333333333333.
[I 2025-05-15 08:31:13,709] Trial 2 finished with value: 0.5819444444444445 and parameters: {'n_estimators': 309, 'max_depth': 11, 'min_samples_split': 6, 'min_samples_leaf': 6}. Best is trial 2 with value: 0.5819444444444445.
[I 2025-05-15 08:31:14,693] Trial 3 finished with value: 0.5708333333333333 and parameters: {'n_estimators': 405, 'max_depth': 15, 'min_samples_split': 7, 'min_samples_leaf': 5}. Best is trial 2 with value: 0.5819444444444445.
[I 2025-05-15 08:31:15,357] Trial 4 finished with value: 0.5958333333333333 and parameters: {'n_estimators': 215, 'max_depth': 20, 'min_samples_split': 5, 'min_samples_leaf': 3}. Best is trial 4 with value: 0.5958333333333333.
[I 2025-05-15 08:31:15,664] Trial 5 finished with value: 0.5458333333333334 and parameters: {'n_estimators': 126, 'max_depth': 20, 'min_samples_split': 3, 'min_samples_leaf': 4}. Best is trial 4 with value: 0.5958333333333333.
[I 2025-05-15 08:31:16,136] Trial 6 finished with value: 0.5361111111111111 and parameters: {'n_estimators': 128, 'max_depth': 7, 'min_samples_split': 5, 'min_samples_leaf': 9}. Best is trial 4 with value: 0.5958333333333333.
[I 2025-05-15 08:31:16,758] Trial 7 finished with value: 0.5375 and parameters: {'n_estimators': 238, 'max_depth': 20, 'min_samples_split': 2, 'min_samples_leaf': 4}. Best is trial 4 with value: 0.5958333333333333.
[I 2025-05-15 08:31:17,305] Trial 8 finished with value: 0.5597222222222222 and parameters: {'n_estimators': 252, 'max_depth': 16, 'min_samples_split': 10, 'min_samples_leaf': 4}. Best is trial 4 with value: 0.5958333333333333.
[I 2025-05-15 08:31:17,884] Trial 9 finished with value: 0.5624999999999999 and parameters: {'n_estimators': 273, 'max_depth': 7, 'min_samples_split': 9, 'min_samples_leaf': 7}. Best is trial 4 with value: 0.5958333333333333.
[I 2025-05-15 08:31:18,731] Trial 10 finished with value: 0.525 and parameters: {'n_estimators': 340, 'max_depth': 15, 'min_samples_split': 4, 'min_samples_leaf': 1}. Best is trial 4 with value: 0.5958333333333333.
[I 2025-05-15 08:31:20,494] Trial 11 finished with value: 0.5527777777777778 and parameters: {'n_estimators': 344, 'max_depth': 11, 'min_samples_split': 7, 'min_samples_leaf': 1}. Best is trial 4 with value: 0.5958333333333333.
[I 2025-05-15 08:31:22,259] Trial 12 finished with value: 0.5972222222222222 and parameters: {'n_estimators': 197, 'max_depth': 10, 'min_samples_split': 6, 'min_samples_leaf': 8}. Best is trial 12 with value: 0.5972222222222222.
[I 2025-05-15 08:31:24,480] Trial 13 finished with value: 0.5805555555555555 and parameters: {'n_estimators': 182, 'max_depth': 8, 'min_samples_split': 7, 'min_samples_leaf': 10}. Best is trial 12 with value: 0.5972222222222222.
[I 2025-05-15 08:31:25,791] Trial 14 finished with value: 0.5722222222222222 and parameters: {'n_estimators': 189, 'max_depth': 13, 'min_samples_split': 5, 'min_samples_leaf': 8}. Best is trial 12 with value: 0.5972222222222222.
[I 2025-05-15 08:31:26,555] Trial 15 finished with value: 0.5652777777777777 and parameters: {'n_estimators': 214, 'max_depth': 17, 'min_samples_split': 3, 'min_samples_leaf': 2}. Best is trial 12 with value: 0.5972222222222222.
[I 2025-05-15 08:31:26,983] Trial 16 finished with value: 0.5986111111111112 and parameters: {'n_estimators': 133, 'max_depth': 9, 'min_samples_split': 6, 'min_samples_leaf': 3}. Best is trial 16 with value: 0.5986111111111112.
[I 2025-05-15 08:31:27,190] Trial 17 finished with value: 0.5263888888888888 and parameters: {'n_estimators': 100, 'max_depth': 9, 'min_samples_split': 8, 'min_samples_leaf': 8}. Best is trial 16 with value: 0.5986111111111112.
[I 2025-05-15 08:31:27,469] Trial 18 finished with value: 0.6194444444444444 and parameters: {'n_estimators': 142, 'max_depth': 3, 'min_samples_split': 6, 'min_samples_leaf': 10}. Best is trial 18 with value: 0.6194444444444444.
[I 2025-05-15 08:31:27,972] Trial 19 finished with value: 0.5944444444444443 and parameters: {'n_estimators': 158, 'max_depth': 5, 'min_samples_split': 8, 'min_samples_leaf': 10}. Best is trial 18 with value: 0.6194444444444444.
[I 2025-05-15 08:31:28,336] Trial 20 finished with value: 0.5138888888888888 and parameters: {'n_estimators': 142, 'max_depth': 4, 'min_samples_split': 4, 'min_samples_leaf': 3}. Best is trial 18 with value: 0.6194444444444444.
[I 2025-05-15 08:31:28,678] Trial 21 finished with value: 0.5666666666666667 and parameters: {'n_estimators': 105, 'max_depth': 10, 'min_samples_split': 6, 'min_samples_leaf': 9}. Best is trial 18 with value: 0.6194444444444444.
[I 2025-05-15 08:31:29,191] Trial 22 finished with value: 0.5736111111111112 and parameters: {'n_estimators': 166, 'max_depth': 13, 'min_samples_split': 6, 'min_samples_leaf': 8}. Best is trial 18 with value: 0.6194444444444444.
[I 2025-05-15 08:31:29,809] Trial 23 finished with value: 0.6180555555555555 and parameters: {'n_estimators': 152, 'max_depth': 6, 'min_samples_split': 7, 'min_samples_leaf': 9}. Best is trial 18 with value: 0.6194444444444444.
[I 2025-05-15 08:31:30,580] Trial 24 finished with value: 0.5736111111111112 and parameters: {'n_estimators': 148, 'max_depth': 5, 'min_samples_split': 8, 'min_samples_leaf': 10}. Best is trial 18 with value: 0.6194444444444444.
[I 2025-05-15 08:31:31,954] Trial 25 finished with value: 0.5972222222222222 and parameters: {'n_estimators': 240, 'max_depth': 6, 'min_samples_split': 7, 'min_samples_leaf': 9}. Best is trial 18 with value: 0.6194444444444444.
[I 2025-05-15 08:31:32,660] Trial 26 finished with value: 0.5333333333333334 and parameters: {'n_estimators': 104, 'max_depth': 3, 'min_samples_split': 7, 'min_samples_leaf': 7}. Best is trial 18 with value: 0.6194444444444444.
[I 2025-05-15 08:31:33,486] Trial 27 finished with value: 0.5624999999999999 and parameters: {'n_estimators': 159, 'max_depth': 5, 'min_samples_split': 4, 'min_samples_leaf': 7}. Best is trial 18 with value: 0.6194444444444444.
[I 2025-05-15 08:31:35,077] Trial 28 finished with value: 0.5597222222222222 and parameters: {'n_estimators': 484, 'max_depth': 8, 'min_samples_split': 9, 'min_samples_leaf': 2}. Best is trial 18 with value: 0.6194444444444444.
[I 2025-05-15 08:31:36,241] Trial 29 finished with value: 0.6277777777777777 and parameters: {'n_estimators': 383, 'max_depth': 6, 'min_samples_split': 8, 'min_samples_leaf': 9}. Best is trial 29 with value: 0.6277777777777777.
[I 2025-05-15 08:31:45,114] A new study created in memory with name: svc
Parámetros guardados en checkpoint_adult_Doriginal_G/k_center/IPC_43/best_models_k_center_seed_8_space_original/rf_best_params.json


>>> Optuna tuning svc metodo k_center IPC 43 seed 8


[I 2025-05-15 08:31:50,124] Trial 0 finished with value: 0.45555555555555555 and parameters: {'C': 31.168622654226873, 'gamma': 0.7484497562485191}. Best is trial 0 with value: 0.45555555555555555.
[I 2025-05-15 08:31:51,044] Trial 1 finished with value: 0.4638888888888889 and parameters: {'C': 29.976309274600954, 'gamma': 0.013286872459026702}. Best is trial 1 with value: 0.4638888888888889.
[I 2025-05-15 08:31:51,070] Trial 2 finished with value: 0.5111111111111111 and parameters: {'C': 0.08529298465080307, 'gamma': 0.00011106960237430257}. Best is trial 2 with value: 0.5111111111111111.
[I 2025-05-15 08:31:51,105] Trial 3 finished with value: 0.5708333333333333 and parameters: {'C': 0.5270784658374341, 'gamma': 0.004068229457500922}. Best is trial 3 with value: 0.5708333333333333.
[I 2025-05-15 08:31:51,129] Trial 4 finished with value: 0.5 and parameters: {'C': 1.2322495987505253, 'gamma': 0.008195343912941565}. Best is trial 3 with value: 0.5708333333333333.
[I 2025-05-15 08:31:51,154] Trial 5 finished with value: 0.47638888888888886 and parameters: {'C': 1.6650446929687996, 'gamma': 0.014912280706161869}. Best is trial 3 with value: 0.5708333333333333.
[I 2025-05-15 08:31:51,179] Trial 6 finished with value: 0.3361111111111111 and parameters: {'C': 11.055599623279033, 'gamma': 0.07071284267178823}. Best is trial 3 with value: 0.5708333333333333.
[I 2025-05-15 08:31:51,205] Trial 7 finished with value: 0.5458333333333333 and parameters: {'C': 3.0111222251271013, 'gamma': 0.00506252384623837}. Best is trial 3 with value: 0.5708333333333333.
[I 2025-05-15 08:31:51,233] Trial 8 finished with value: 0.4666666666666666 and parameters: {'C': 0.1433177931243846, 'gamma': 0.7859971382309453}. Best is trial 3 with value: 0.5708333333333333.
[I 2025-05-15 08:31:51,260] Trial 9 finished with value: 0.5111111111111111 and parameters: {'C': 0.21631975482828378, 'gamma': 0.0007502469581683287}. Best is trial 3 with value: 0.5708333333333333.
[I 2025-05-15 08:31:51,301] Trial 10 finished with value: 0.5111111111111111 and parameters: {'C': 0.014948739767700987, 'gamma': 0.0007005474949959167}. Best is trial 3 with value: 0.5708333333333333.
[I 2025-05-15 08:31:53,193] Trial 11 finished with value: 0.5708333333333334 and parameters: {'C': 4.522173543762202, 'gamma': 0.002332569213022101}. Best is trial 11 with value: 0.5708333333333334.
[I 2025-05-15 08:31:53,225] Trial 12 finished with value: 0.5819444444444445 and parameters: {'C': 6.199366421005234, 'gamma': 0.0014968249242377914}. Best is trial 12 with value: 0.5819444444444445.
[I 2025-05-15 08:31:54,310] Trial 13 finished with value: 0.5819444444444444 and parameters: {'C': 6.395880184905377, 'gamma': 0.0003813036020310938}. Best is trial 12 with value: 0.5819444444444445.
[I 2025-05-15 08:31:55,147] Trial 14 finished with value: 0.5708333333333333 and parameters: {'C': 90.32063094856022, 'gamma': 0.00010058043675951814}. Best is trial 12 with value: 0.5819444444444445.
[I 2025-05-15 08:31:55,199] Trial 15 finished with value: 0.5444444444444445 and parameters: {'C': 8.677754137777786, 'gamma': 0.0006427445562903373}. Best is trial 12 with value: 0.5819444444444445.
[I 2025-05-15 08:31:55,251] Trial 16 finished with value: 0.5333333333333334 and parameters: {'C': 15.985631339934482, 'gamma': 0.00038583293546346837}. Best is trial 12 with value: 0.5819444444444445.
[I 2025-05-15 08:31:55,296] Trial 17 finished with value: 0.3472222222222222 and parameters: {'C': 65.64356944613192, 'gamma': 0.06677212787171093}. Best is trial 12 with value: 0.5819444444444445.
[I 2025-05-15 08:31:55,337] Trial 18 finished with value: 0.5833333333333333 and parameters: {'C': 0.5173852476733622, 'gamma': 0.0014629452531572673}. Best is trial 18 with value: 0.5833333333333333.
[I 2025-05-15 08:31:55,376] Trial 19 finished with value: 0.5513888888888889 and parameters: {'C': 0.4420920150346599, 'gamma': 0.033630219572970486}. Best is trial 18 with value: 0.5833333333333333.
[I 2025-05-15 08:31:55,413] Trial 20 finished with value: 0.5111111111111111 and parameters: {'C': 0.041415015345562925, 'gamma': 0.0018732573239442205}. Best is trial 18 with value: 0.5833333333333333.
[I 2025-05-15 08:31:55,450] Trial 21 finished with value: 0.5708333333333333 and parameters: {'C': 2.8845239637705613, 'gamma': 0.0002725739865290933}. Best is trial 18 with value: 0.5833333333333333.
[I 2025-05-15 08:31:55,493] Trial 22 finished with value: 0.5736111111111112 and parameters: {'C': 0.6444718336418106, 'gamma': 0.0010192094342589353}. Best is trial 18 with value: 0.5833333333333333.
[I 2025-05-15 08:31:57,480] Trial 23 finished with value: 0.5708333333333333 and parameters: {'C': 5.0413336313065, 'gamma': 0.0002635704171741581}. Best is trial 18 with value: 0.5833333333333333.
[I 2025-05-15 08:31:58,670] Trial 24 finished with value: 0.5833333333333333 and parameters: {'C': 1.8462669352272663, 'gamma': 0.0017372562062866667}. Best is trial 18 with value: 0.5833333333333333.
[I 2025-05-15 08:31:58,724] Trial 25 finished with value: 0.5819444444444444 and parameters: {'C': 1.6492642100203008, 'gamma': 0.0016561752664279452}. Best is trial 18 with value: 0.5833333333333333.
[I 2025-05-15 08:31:58,773] Trial 26 finished with value: 0.5958333333333334 and parameters: {'C': 0.20431438663902812, 'gamma': 0.004493619324624694}. Best is trial 26 with value: 0.5958333333333334.
[I 2025-05-15 08:31:58,811] Trial 27 finished with value: 0.5722222222222222 and parameters: {'C': 0.28718350370958784, 'gamma': 0.003988556952823274}. Best is trial 26 with value: 0.5958333333333334.
[I 2025-05-15 08:31:58,861] Trial 28 finished with value: 0.5111111111111111 and parameters: {'C': 0.08881110059254724, 'gamma': 0.02524791855156011}. Best is trial 26 with value: 0.5958333333333334.
[I 2025-05-15 08:31:58,907] Trial 29 finished with value: 0.5111111111111111 and parameters: {'C': 0.02696680859803112, 'gamma': 0.007379961715082025}. Best is trial 26 with value: 0.5958333333333334.
[I 2025-05-15 08:32:02,302] A new study created in memory with name: logreg
Parámetros guardados en checkpoint_adult_Doriginal_G/k_center/IPC_43/best_models_k_center_seed_8_space_original/svc_best_params.json


>>> Optuna tuning logreg metodo k_center IPC 43 seed 8


[I 2025-05-15 08:32:05,678] Trial 0 finished with value: 0.523611111111111 and parameters: {'C': 23.288794782471303, 'penalty': 'l2'}. Best is trial 0 with value: 0.523611111111111.
[I 2025-05-15 08:32:06,076] Trial 1 finished with value: 0.4999999999999999 and parameters: {'C': 69.61507800412923, 'penalty': 'l2'}. Best is trial 0 with value: 0.523611111111111.
[I 2025-05-15 08:32:06,150] Trial 2 finished with value: 0.5125 and parameters: {'C': 22.180569925473442, 'penalty': 'l2'}. Best is trial 0 with value: 0.523611111111111.
[I 2025-05-15 08:32:06,185] Trial 3 finished with value: 0.5458333333333333 and parameters: {'C': 0.4511058486037652, 'penalty': 'l2'}. Best is trial 3 with value: 0.5458333333333333.
[I 2025-05-15 08:32:06,221] Trial 4 finished with value: 0.5861111111111111 and parameters: {'C': 0.014576110093994574, 'penalty': 'l2'}. Best is trial 4 with value: 0.5861111111111111.
[I 2025-05-15 08:32:06,266] Trial 5 finished with value: 0.5999999999999999 and parameters: {'C': 0.0011402340906886685, 'penalty': 'l2'}. Best is trial 5 with value: 0.5999999999999999.
[I 2025-05-15 08:32:07,369] Trial 6 finished with value: 0.5819444444444445 and parameters: {'C': 0.14201822862985758, 'penalty': 'l2'}. Best is trial 5 with value: 0.5999999999999999.
[I 2025-05-15 08:32:07,408] Trial 7 finished with value: 0.5708333333333333 and parameters: {'C': 0.1027440782219989, 'penalty': 'l2'}. Best is trial 5 with value: 0.5999999999999999.
[I 2025-05-15 08:32:07,449] Trial 8 finished with value: 0.5569444444444445 and parameters: {'C': 0.41055690122086846, 'penalty': 'l2'}. Best is trial 5 with value: 0.5999999999999999.
[I 2025-05-15 08:32:07,489] Trial 9 finished with value: 0.5819444444444445 and parameters: {'C': 0.24658064201770763, 'penalty': 'l2'}. Best is trial 5 with value: 0.5999999999999999.
[I 2025-05-15 08:32:07,525] Trial 10 finished with value: 0.5999999999999999 and parameters: {'C': 0.0012185133212060913, 'penalty': 'l2'}. Best is trial 5 with value: 0.5999999999999999.
[I 2025-05-15 08:32:07,574] Trial 11 finished with value: 0.5736111111111111 and parameters: {'C': 0.0032135556648479565, 'penalty': 'l2'}. Best is trial 5 with value: 0.5999999999999999.
[I 2025-05-15 08:32:08,848] Trial 12 finished with value: 0.5999999999999999 and parameters: {'C': 0.0011307777999907478, 'penalty': 'l2'}. Best is trial 5 with value: 0.5999999999999999.
[I 2025-05-15 08:32:08,870] Trial 13 finished with value: 0.5736111111111112 and parameters: {'C': 0.013319445701232198, 'penalty': 'l2'}. Best is trial 5 with value: 0.5999999999999999.
[I 2025-05-15 08:32:08,900] Trial 14 finished with value: 0.586111111111111 and parameters: {'C': 0.00725953197060791, 'penalty': 'l2'}. Best is trial 5 with value: 0.5999999999999999.
