[I 2025-05-15 07:34:17,616] Trial 15 finished with value: 0.7666666666666666 and parameters: {'n_estimators': 10, 'max_depth': 30, 'gamma': 0.47255805958028635, 'subsample': 0.6465083094649902, 'colsample_bytree': 0.6694632982744902}. Best is trial 1 with value: 0.8166666666666667.
/data/home/rtabares/anaconda3/envs/pyth3.12/lib/python3.12/site-packages/xgboost/core.py:377: FutureWarning: Your system has an old version of glibc (< 2.28). We will stop supporting Linux distros with glibc older than 2.28 after **May 31, 2025**. Please upgrade to a recent Linux distro (with glibc >= 2.28) to use future versions of XGBoost.
Note: You have installed the 'manylinux2014' variant of XGBoost. Certain features such as GPU algorithms or federated learning are not available. To use these features, please upgrade to a recent Linux distro with glibc 2.28+, and install the 'manylinux_2_28' variant.
  warnings.warn(
[I 2025-05-15 07:34:18,512] Trial 16 finished with value: 0.8166666666666667 and parameters: {'n_estimators': 10, 'max_depth': 20, 'gamma': 0.7461853787905023, 'subsample': 0.9368087475156379, 'colsample_bytree': 0.7934666123110111}. Best is trial 1 with value: 0.8166666666666667.
[I 2025-05-15 07:34:18,602] Trial 17 finished with value: 0.7833333333333333 and parameters: {'n_estimators': 100, 'max_depth': 30, 'gamma': 0.5818209581005225, 'subsample': 0.5053007952589881, 'colsample_bytree': 0.6059836019469489}. Best is trial 1 with value: 0.8166666666666667.
[I 2025-05-15 07:34:18,661] Trial 18 finished with value: 0.7166666666666666 and parameters: {'n_estimators': 100, 'max_depth': 20, 'gamma': 0.8102317850451917, 'subsample': 0.75564025339754, 'colsample_bytree': 0.7022619691485179}. Best is trial 1 with value: 0.8166666666666667.
[I 2025-05-15 07:34:18,696] Trial 19 finished with value: 0.8166666666666667 and parameters: {'n_estimators': 10, 'max_depth': 5, 'gamma': 0.6459743075644228, 'subsample': 0.843120324979256, 'colsample_bytree': 0.875058619134271}. Best is trial 1 with value: 0.8166666666666667.
[I 2025-05-15 07:34:18,748] Trial 20 finished with value: 0.7833333333333333 and parameters: {'n_estimators': 100, 'max_depth': 20, 'gamma': 0.9294714567167406, 'subsample': 0.7010061433783861, 'colsample_bytree': 0.7629512091408188}. Best is trial 1 with value: 0.8166666666666667.
[I 2025-05-15 07:34:18,795] Trial 21 finished with value: 0.8166666666666667 and parameters: {'n_estimators': 10, 'max_depth': 20, 'gamma': 0.46673765673281126, 'subsample': 0.9951968533918449, 'colsample_bytree': 0.7305051622596759}. Best is trial 1 with value: 0.8166666666666667.
[I 2025-05-15 07:34:18,836] Trial 22 finished with value: 0.8166666666666667 and parameters: {'n_estimators': 10, 'max_depth': 20, 'gamma': 0.43885902902454527, 'subsample': 0.9445915273882318, 'colsample_bytree': 0.680041952369651}. Best is trial 1 with value: 0.8166666666666667.
[I 2025-05-15 07:34:18,875] Trial 23 finished with value: 0.8166666666666667 and parameters: {'n_estimators': 10, 'max_depth': 20, 'gamma': 0.34433142874156997, 'subsample': 0.9424979222170546, 'colsample_bytree': 0.8303094747068667}. Best is trial 1 with value: 0.8166666666666667.
[I 2025-05-15 07:34:18,917] Trial 24 finished with value: 0.8166666666666667 and parameters: {'n_estimators': 10, 'max_depth': 20, 'gamma': 0.5115407560411797, 'subsample': 0.8725028557623793, 'colsample_bytree': 0.7704000916515646}. Best is trial 1 with value: 0.8166666666666667.
[I 2025-05-15 07:34:18,966] Trial 25 finished with value: 0.7833333333333333 and parameters: {'n_estimators': 10, 'max_depth': 30, 'gamma': 0.40207611210678407, 'subsample': 0.9769570191214575, 'colsample_bytree': 0.6333480467207808}. Best is trial 1 with value: 0.8166666666666667.
[I 2025-05-15 07:34:19,009] Trial 26 finished with value: 0.8166666666666667 and parameters: {'n_estimators': 10, 'max_depth': 20, 'gamma': 0.2668496399470992, 'subsample': 0.7873170367264963, 'colsample_bytree': 0.7162290681029179}. Best is trial 1 with value: 0.8166666666666667.
[I 2025-05-15 07:34:19,047] Trial 27 finished with value: 0.8166666666666667 and parameters: {'n_estimators': 10, 'max_depth': 20, 'gamma': 0.642813085813598, 'subsample': 0.9268486135727017, 'colsample_bytree': 0.8992441948828467}. Best is trial 1 with value: 0.8166666666666667.
[I 2025-05-15 07:34:19,083] Trial 28 finished with value: 0.7833333333333333 and parameters: {'n_estimators': 40, 'max_depth': 5, 'gamma': 0.7796964169109649, 'subsample': 0.9644317499519974, 'colsample_bytree': 0.5882485782548165}. Best is trial 1 with value: 0.8166666666666667.
[I 2025-05-15 07:34:19,157] Trial 29 finished with value: 0.7166666666666666 and parameters: {'n_estimators': 100, 'max_depth': 30, 'gamma': 0.5650678118143855, 'subsample': 0.7198154761090511, 'colsample_bytree': 0.7001374151216279}. Best is trial 1 with value: 0.8166666666666667.
[I 2025-05-15 07:34:35,234] A new study created in memory with name: rf
Parámetros guardados en checkpoint_shoppers_Doriginal_F/ag/IPC_11/best_models_ag_seed_6_space_original/xgb_best_params.json


>>> Optuna tuning rf metodo ag IPC 11 seed 6


[I 2025-05-15 07:34:39,015] Trial 0 finished with value: 0.8666666666666666 and parameters: {'n_estimators': 458, 'max_depth': 8, 'min_samples_split': 9, 'min_samples_leaf': 1}. Best is trial 0 with value: 0.8666666666666666.
[I 2025-05-15 07:34:39,783] Trial 1 finished with value: 0.8333333333333333 and parameters: {'n_estimators': 143, 'max_depth': 13, 'min_samples_split': 6, 'min_samples_leaf': 5}. Best is trial 0 with value: 0.8666666666666666.
[I 2025-05-15 07:34:40,534] Trial 2 finished with value: 0.55 and parameters: {'n_estimators': 234, 'max_depth': 14, 'min_samples_split': 5, 'min_samples_leaf': 8}. Best is trial 0 with value: 0.8666666666666666.
[I 2025-05-15 07:34:41,538] Trial 3 finished with value: 0.5 and parameters: {'n_estimators': 307, 'max_depth': 13, 'min_samples_split': 7, 'min_samples_leaf': 10}. Best is trial 0 with value: 0.8666666666666666.
[I 2025-05-15 07:34:42,203] Trial 4 finished with value: 0.5 and parameters: {'n_estimators': 428, 'max_depth': 10, 'min_samples_split': 9, 'min_samples_leaf': 9}. Best is trial 0 with value: 0.8666666666666666.
[I 2025-05-15 07:34:42,437] Trial 5 finished with value: 0.5 and parameters: {'n_estimators': 121, 'max_depth': 15, 'min_samples_split': 9, 'min_samples_leaf': 8}. Best is trial 0 with value: 0.8666666666666666.
[I 2025-05-15 07:34:43,002] Trial 6 finished with value: 0.5 and parameters: {'n_estimators': 384, 'max_depth': 12, 'min_samples_split': 3, 'min_samples_leaf': 10}. Best is trial 0 with value: 0.8666666666666666.
[I 2025-05-15 07:34:43,420] Trial 7 finished with value: 0.5 and parameters: {'n_estimators': 261, 'max_depth': 6, 'min_samples_split': 8, 'min_samples_leaf': 10}. Best is trial 0 with value: 0.8666666666666666.
[I 2025-05-15 07:34:43,771] Trial 8 finished with value: 0.5 and parameters: {'n_estimators': 202, 'max_depth': 15, 'min_samples_split': 7, 'min_samples_leaf': 8}. Best is trial 0 with value: 0.8666666666666666.
[I 2025-05-15 07:34:44,530] Trial 9 finished with value: 0.8666666666666666 and parameters: {'n_estimators': 475, 'max_depth': 9, 'min_samples_split': 4, 'min_samples_leaf': 5}. Best is trial 0 with value: 0.8666666666666666.
[I 2025-05-15 07:34:45,139] Trial 10 finished with value: 0.8333333333333333 and parameters: {'n_estimators': 352, 'max_depth': 20, 'min_samples_split': 10, 'min_samples_leaf': 1}. Best is trial 0 with value: 0.8666666666666666.
[I 2025-05-15 07:34:46,507] Trial 11 finished with value: 0.8333333333333333 and parameters: {'n_estimators': 487, 'max_depth': 5, 'min_samples_split': 3, 'min_samples_leaf': 1}. Best is trial 0 with value: 0.8666666666666666.
[I 2025-05-15 07:34:47,991] Trial 12 finished with value: 0.8833333333333332 and parameters: {'n_estimators': 492, 'max_depth': 8, 'min_samples_split': 4, 'min_samples_leaf': 4}. Best is trial 12 with value: 0.8833333333333332.
[I 2025-05-15 07:34:49,472] Trial 13 finished with value: 0.8333333333333333 and parameters: {'n_estimators': 422, 'max_depth': 3, 'min_samples_split': 5, 'min_samples_leaf': 3}. Best is trial 12 with value: 0.8833333333333332.
[I 2025-05-15 07:34:52,357] Trial 14 finished with value: 0.8833333333333332 and parameters: {'n_estimators': 483, 'max_depth': 8, 'min_samples_split': 2, 'min_samples_leaf': 3}. Best is trial 12 with value: 0.8833333333333332.
[I 2025-05-15 07:34:53,552] Trial 15 finished with value: 0.8333333333333333 and parameters: {'n_estimators': 366, 'max_depth': 7, 'min_samples_split': 2, 'min_samples_leaf': 3}. Best is trial 12 with value: 0.8833333333333332.
[I 2025-05-15 07:34:54,499] Trial 16 finished with value: 0.8833333333333332 and parameters: {'n_estimators': 499, 'max_depth': 3, 'min_samples_split': 2, 'min_samples_leaf': 3}. Best is trial 12 with value: 0.8833333333333332.
[I 2025-05-15 07:34:55,264] Trial 17 finished with value: 0.8166666666666667 and parameters: {'n_estimators': 426, 'max_depth': 11, 'min_samples_split': 4, 'min_samples_leaf': 6}. Best is trial 12 with value: 0.8833333333333332.
[I 2025-05-15 07:34:55,800] Trial 18 finished with value: 0.8666666666666666 and parameters: {'n_estimators': 318, 'max_depth': 5, 'min_samples_split': 3, 'min_samples_leaf': 4}. Best is trial 12 with value: 0.8833333333333332.
[I 2025-05-15 07:34:56,576] Trial 19 finished with value: 0.7833333333333333 and parameters: {'n_estimators': 403, 'max_depth': 18, 'min_samples_split': 2, 'min_samples_leaf': 6}. Best is trial 12 with value: 0.8833333333333332.
[I 2025-05-15 07:34:57,448] Trial 20 finished with value: 0.8333333333333333 and parameters: {'n_estimators': 447, 'max_depth': 9, 'min_samples_split': 4, 'min_samples_leaf': 2}. Best is trial 12 with value: 0.8833333333333332.
[I 2025-05-15 07:34:58,179] Trial 21 finished with value: 0.8833333333333332 and parameters: {'n_estimators': 491, 'max_depth': 3, 'min_samples_split': 2, 'min_samples_leaf': 3}. Best is trial 12 with value: 0.8833333333333332.
[I 2025-05-15 07:34:58,880] Trial 22 finished with value: 0.8666666666666666 and parameters: {'n_estimators': 488, 'max_depth': 5, 'min_samples_split': 3, 'min_samples_leaf': 4}. Best is trial 12 with value: 0.8833333333333332.
[I 2025-05-15 07:34:59,647] Trial 23 finished with value: 0.8833333333333332 and parameters: {'n_estimators': 496, 'max_depth': 7, 'min_samples_split': 2, 'min_samples_leaf': 4}. Best is trial 12 with value: 0.8833333333333332.
[I 2025-05-15 07:35:00,377] Trial 24 finished with value: 0.7833333333333333 and parameters: {'n_estimators': 452, 'max_depth': 3, 'min_samples_split': 5, 'min_samples_leaf': 2}. Best is trial 12 with value: 0.8833333333333332.
[I 2025-05-15 07:35:01,006] Trial 25 finished with value: 0.7833333333333333 and parameters: {'n_estimators': 350, 'max_depth': 10, 'min_samples_split': 4, 'min_samples_leaf': 2}. Best is trial 12 with value: 0.8833333333333332.
[I 2025-05-15 07:35:01,569] Trial 26 finished with value: 0.7833333333333333 and parameters: {'n_estimators': 401, 'max_depth': 7, 'min_samples_split': 3, 'min_samples_leaf': 5}. Best is trial 12 with value: 0.8833333333333332.
[I 2025-05-15 07:35:02,233] Trial 27 finished with value: 0.8333333333333333 and parameters: {'n_estimators': 455, 'max_depth': 4, 'min_samples_split': 2, 'min_samples_leaf': 3}. Best is trial 12 with value: 0.8833333333333332.
[I 2025-05-15 07:35:03,017] Trial 28 finished with value: 0.9166666666666666 and parameters: {'n_estimators': 466, 'max_depth': 8, 'min_samples_split': 3, 'min_samples_leaf': 4}. Best is trial 28 with value: 0.9166666666666666.
[I 2025-05-15 07:35:03,739] Trial 29 finished with value: 0.7166666666666666 and parameters: {'n_estimators': 456, 'max_depth': 8, 'min_samples_split': 6, 'min_samples_leaf': 7}. Best is trial 28 with value: 0.9166666666666666.
[I 2025-05-15 07:35:11,023] A new study created in memory with name: svc
Parámetros guardados en checkpoint_shoppers_Doriginal_F/ag/IPC_11/best_models_ag_seed_6_space_original/rf_best_params.json


>>> Optuna tuning svc metodo ag IPC 11 seed 6


[I 2025-05-15 07:35:12,946] Trial 0 finished with value: 0.5333333333333333 and parameters: {'C': 37.27697013499731, 'gamma': 0.0021277432488243223}. Best is trial 0 with value: 0.5333333333333333.
[I 2025-05-15 07:35:13,150] Trial 1 finished with value: 0.45 and parameters: {'C': 19.271543171162776, 'gamma': 0.00014682043379470554}. Best is trial 0 with value: 0.5333333333333333.
[I 2025-05-15 07:35:13,169] Trial 2 finished with value: 0.4 and parameters: {'C': 0.0269542169583157, 'gamma': 0.023999835049635022}. Best is trial 0 with value: 0.5333333333333333.
[I 2025-05-15 07:35:13,190] Trial 3 finished with value: 0.4333333333333333 and parameters: {'C': 1.3160410886450586, 'gamma': 0.0047340159215720195}. Best is trial 0 with value: 0.5333333333333333.
[I 2025-05-15 07:35:13,206] Trial 4 finished with value: 0.4 and parameters: {'C': 0.21959952535674737, 'gamma': 0.030908485742507576}. Best is trial 0 with value: 0.5333333333333333.
[I 2025-05-15 07:35:13,221] Trial 5 finished with value: 0.4 and parameters: {'C': 0.5656733313644114, 'gamma': 0.08780685564625502}. Best is trial 0 with value: 0.5333333333333333.
[I 2025-05-15 07:35:13,235] Trial 6 finished with value: 0.4333333333333333 and parameters: {'C': 1.1807165425157664, 'gamma': 0.020674470756231633}. Best is trial 0 with value: 0.5333333333333333.
[I 2025-05-15 07:35:13,248] Trial 7 finished with value: 0.25 and parameters: {'C': 3.8143486186647126, 'gamma': 0.9138966502602072}. Best is trial 0 with value: 0.5333333333333333.
[I 2025-05-15 07:35:13,261] Trial 8 finished with value: 0.5333333333333333 and parameters: {'C': 19.029737066374768, 'gamma': 0.004495766421289856}. Best is trial 0 with value: 0.5333333333333333.
[I 2025-05-15 07:35:13,275] Trial 9 finished with value: 0.3333333333333333 and parameters: {'C': 31.994153257994277, 'gamma': 0.19725941020937518}. Best is trial 0 with value: 0.5333333333333333.
[I 2025-05-15 07:35:13,302] Trial 10 finished with value: 0.3833333333333333 and parameters: {'C': 96.80643961619926, 'gamma': 0.0004009308447180715}. Best is trial 0 with value: 0.5333333333333333.
[I 2025-05-15 07:35:15,382] Trial 11 finished with value: 0.4833333333333333 and parameters: {'C': 9.896624772185135, 'gamma': 0.002535147656205105}. Best is trial 0 with value: 0.5333333333333333.
[I 2025-05-15 07:35:17,117] Trial 12 finished with value: 0.5333333333333333 and parameters: {'C': 73.14040788468016, 'gamma': 0.0011178094602157474}. Best is trial 0 with value: 0.5333333333333333.
[I 2025-05-15 07:35:17,150] Trial 13 finished with value: 0.4333333333333333 and parameters: {'C': 5.512710744479732, 'gamma': 0.001180682681522933}. Best is trial 0 with value: 0.5333333333333333.
[I 2025-05-15 07:35:17,184] Trial 14 finished with value: 0.5333333333333333 and parameters: {'C': 28.199473611006507, 'gamma': 0.006894762954990565}. Best is trial 0 with value: 0.5333333333333333.
[I 2025-05-15 07:35:17,205] Trial 15 finished with value: 0.45 and parameters: {'C': 0.07931370583208394, 'gamma': 0.0005914713254872686}. Best is trial 0 with value: 0.5333333333333333.
[I 2025-05-15 07:35:17,230] Trial 16 finished with value: 0.45 and parameters: {'C': 3.2002685643795457, 'gamma': 0.00013108517561580927}. Best is trial 0 with value: 0.5333333333333333.
[I 2025-05-15 07:35:17,250] Trial 17 finished with value: 0.35 and parameters: {'C': 11.712036156313884, 'gamma': 0.0036347217421542365}. Best is trial 0 with value: 0.5333333333333333.
[I 2025-05-15 07:35:17,276] Trial 18 finished with value: 0.5666666666666667 and parameters: {'C': 51.25545049160052, 'gamma': 0.011041664001965566}. Best is trial 18 with value: 0.5666666666666667.
[I 2025-05-15 07:35:17,296] Trial 19 finished with value: 0.41666666666666663 and parameters: {'C': 51.30944600299095, 'gamma': 0.09238977686515974}. Best is trial 18 with value: 0.5666666666666667.
[I 2025-05-15 07:35:17,316] Trial 20 finished with value: 0.4 and parameters: {'C': 0.3048967506436327, 'gamma': 0.012332893838313817}. Best is trial 18 with value: 0.5666666666666667.
[I 2025-05-15 07:35:17,335] Trial 21 finished with value: 0.3833333333333333 and parameters: {'C': 15.042006792272698, 'gamma': 0.002123470358797796}. Best is trial 18 with value: 0.5666666666666667.
[I 2025-05-15 07:35:17,366] Trial 22 finished with value: 0.5666666666666667 and parameters: {'C': 36.94835899124253, 'gamma': 0.00895160258822814}. Best is trial 18 with value: 0.5666666666666667.
[I 2025-05-15 07:35:17,386] Trial 23 finished with value: 0.5666666666666667 and parameters: {'C': 46.51553992292258, 'gamma': 0.011169302643208865}. Best is trial 18 with value: 0.5666666666666667.
[I 2025-05-15 07:35:18,914] Trial 24 finished with value: 0.5166666666666666 and parameters: {'C': 93.00857476236055, 'gamma': 0.05295625163238996}. Best is trial 18 with value: 0.5666666666666667.
[I 2025-05-15 07:35:18,945] Trial 25 finished with value: 0.4 and parameters: {'C': 6.415675642266276, 'gamma': 0.010163314370238053}. Best is trial 18 with value: 0.5666666666666667.
[I 2025-05-15 07:35:18,999] Trial 26 finished with value: 0.5166666666666666 and parameters: {'C': 47.02630720713125, 'gamma': 0.015388770955306377}. Best is trial 18 with value: 0.5666666666666667.
[I 2025-05-15 07:35:19,029] Trial 27 finished with value: 0.25 and parameters: {'C': 2.2248925608101215, 'gamma': 0.2675367147749438}. Best is trial 18 with value: 0.5666666666666667.
[I 2025-05-15 07:35:19,055] Trial 28 finished with value: 0.4 and parameters: {'C': 0.013969728331620614, 'gamma': 0.00879210591756972}. Best is trial 18 with value: 0.5666666666666667.
[I 2025-05-15 07:35:19,085] Trial 29 finished with value: 0.41666666666666663 and parameters: {'C': 36.102760748960996, 'gamma': 0.04512837141564384}. Best is trial 18 with value: 0.5666666666666667.
/data/home/rtabares/anaconda3/envs/pyth3.12/lib/python3.12/site-packages/xgboost/core.py:377: FutureWarning: Your system has an old version of glibc (< 2.28). We will stop supporting Linux distros with glibc older than 2.28 after **May 31, 2025**. Please upgrade to a recent Linux distro (with glibc >= 2.28) to use future versions of XGBoost.
Note: You have installed the 'manylinux2014' variant of XGBoost. Certain features such as GPU algorithms or federated learning are not available. To use these features, please upgrade to a recent Linux distro with glibc 2.28+, and install the 'manylinux_2_28' variant.
  warnings.warn(
[I 2025-05-15 07:35:23,268] A new study created in memory with name: logreg
Parámetros guardados en checkpoint_shoppers_Doriginal_F/ag/IPC_11/best_models_ag_seed_6_space_original/svc_best_params.json


>>> Optuna tuning logreg metodo ag IPC 11 seed 6


[I 2025-05-15 07:35:27,173] Trial 0 finished with value: 0.6666666666666666 and parameters: {'C': 29.127335430981816, 'penalty': 'l2'}. Best is trial 0 with value: 0.6666666666666666.
[I 2025-05-15 07:35:27,381] Trial 1 finished with value: 0.6333333333333333 and parameters: {'C': 0.045698192893558344, 'penalty': 'l2'}. Best is trial 0 with value: 0.6666666666666666.
[I 2025-05-15 07:35:27,408] Trial 2 finished with value: 0.6666666666666666 and parameters: {'C': 12.768668597712947, 'penalty': 'l2'}. Best is trial 0 with value: 0.6666666666666666.
[I 2025-05-15 07:35:27,434] Trial 3 finished with value: 0.6 and parameters: {'C': 0.0016161554408462638, 'penalty': 'l2'}. Best is trial 0 with value: 0.6666666666666666.
[I 2025-05-15 07:35:27,460] Trial 4 finished with value: 0.6 and parameters: {'C': 0.0034536903703241734, 'penalty': 'l2'}. Best is trial 0 with value: 0.6666666666666666.
[I 2025-05-15 07:35:27,485] Trial 5 finished with value: 0.55 and parameters: {'C': 0.9446269266990148, 'penalty': 'l2'}. Best is trial 0 with value: 0.6666666666666666.
[I 2025-05-15 07:35:27,511] Trial 6 finished with value: 0.5833333333333333 and parameters: {'C': 0.4457453393648168, 'penalty': 'l2'}. Best is trial 0 with value: 0.6666666666666666.
[I 2025-05-15 07:35:27,527] Trial 7 finished with value: 0.5833333333333333 and parameters: {'C': 0.12417585037258261, 'penalty': 'l2'}. Best is trial 0 with value: 0.6666666666666666.
[I 2025-05-15 07:35:27,553] Trial 8 finished with value: 0.6333333333333333 and parameters: {'C': 0.04753781830244093, 'penalty': 'l2'}. Best is trial 0 with value: 0.6666666666666666.
[I 2025-05-15 07:35:28,269] Trial 9 finished with value: 0.55 and parameters: {'C': 1.2959766028194148, 'penalty': 'l2'}. Best is trial 0 with value: 0.6666666666666666.
[I 2025-05-15 07:35:28,300] Trial 10 finished with value: 0.75 and parameters: {'C': 96.02411422716075, 'penalty': 'l2'}. Best is trial 10 with value: 0.75.
[I 2025-05-15 07:35:29,094] Trial 11 finished with value: 0.7166666666666666 and parameters: {'C': 59.9697718692158, 'penalty': 'l2'}. Best is trial 10 with value: 0.75.
[I 2025-05-15 07:35:29,875] Trial 12 finished with value: 0.75 and parameters: {'C': 90.64427434136057, 'penalty': 'l2'}. Best is trial 10 with value: 0.75.
[I 2025-05-15 07:35:29,907] Trial 13 finished with value: 0.6166666666666666 and parameters: {'C': 4.865673542589085, 'penalty': 'l2'}. Best is trial 10 with value: 0.75.
[I 2025-05-15 07:35:29,935] Trial 14 finished with value: 0.7166666666666666 and parameters: {'C': 75.70410205106715, 'penalty': 'l2'}. Best is trial 10 with value: 0.75.
[I 2025-05-15 07:35:29,963] Trial 15 finished with value: 0.6166666666666666 and parameters: {'C': 5.688581282613607, 'penalty': 'l2'}. Best is trial 10 with value: 0.75.
[I 2025-05-15 07:35:29,995] Trial 16 finished with value: 0.75 and parameters: {'C': 99.34988889502058, 'penalty': 'l2'}. Best is trial 10 with value: 0.75.
[I 2025-05-15 07:35:30,029] Trial 17 finished with value: 0.6666666666666666 and parameters: {'C': 10.935454173038586, 'penalty': 'l2'}. Best is trial 10 with value: 0.75.
