[I 2025-05-15 07:52:28,779] Trial 6 finished with value: 0.5999999999999999 and parameters: {'n_estimators': 40, 'max_depth': 20, 'gamma': 0.8967376717636345, 'subsample': 0.988276510203839, 'colsample_bytree': 0.9184542964535913}. Best is trial 2 with value: 0.6833333333333332.
/data/home/rtabares/anaconda3/envs/pyth3.12/lib/python3.12/site-packages/xgboost/core.py:377: FutureWarning: Your system has an old version of glibc (< 2.28). We will stop supporting Linux distros with glibc older than 2.28 after **May 31, 2025**. Please upgrade to a recent Linux distro (with glibc >= 2.28) to use future versions of XGBoost.
Note: You have installed the 'manylinux2014' variant of XGBoost. Certain features such as GPU algorithms or federated learning are not available. To use these features, please upgrade to a recent Linux distro with glibc 2.28+, and install the 'manylinux_2_28' variant.
  warnings.warn(
/data/home/rtabares/anaconda3/envs/pyth3.12/lib/python3.12/site-packages/xgboost/core.py:377: FutureWarning: Your system has an old version of glibc (< 2.28). We will stop supporting Linux distros with glibc older than 2.28 after **May 31, 2025**. Please upgrade to a recent Linux distro (with glibc >= 2.28) to use future versions of XGBoost.
Note: You have installed the 'manylinux2014' variant of XGBoost. Certain features such as GPU algorithms or federated learning are not available. To use these features, please upgrade to a recent Linux distro with glibc 2.28+, and install the 'manylinux_2_28' variant.
  warnings.warn(
[I 2025-05-15 07:52:28,826] Trial 7 finished with value: 0.5999999999999999 and parameters: {'n_estimators': 40, 'max_depth': 30, 'gamma': 0.7149068474388774, 'subsample': 0.5696358027454862, 'colsample_bytree': 0.8514125286992056}. Best is trial 2 with value: 0.6833333333333332.
/data/home/rtabares/anaconda3/envs/pyth3.12/lib/python3.12/site-packages/xgboost/core.py:377: FutureWarning: Your system has an old version of glibc (< 2.28). We will stop supporting Linux distros with glibc older than 2.28 after **May 31, 2025**. Please upgrade to a recent Linux distro (with glibc >= 2.28) to use future versions of XGBoost.
Note: You have installed the 'manylinux2014' variant of XGBoost. Certain features such as GPU algorithms or federated learning are not available. To use these features, please upgrade to a recent Linux distro with glibc 2.28+, and install the 'manylinux_2_28' variant.
  warnings.warn(
/data/home/rtabares/anaconda3/envs/pyth3.12/lib/python3.12/site-packages/xgboost/core.py:377: FutureWarning: Your system has an old version of glibc (< 2.28). We will stop supporting Linux distros with glibc older than 2.28 after **May 31, 2025**. Please upgrade to a recent Linux distro (with glibc >= 2.28) to use future versions of XGBoost.
Note: You have installed the 'manylinux2014' variant of XGBoost. Certain features such as GPU algorithms or federated learning are not available. To use these features, please upgrade to a recent Linux distro with glibc 2.28+, and install the 'manylinux_2_28' variant.
  warnings.warn(
/data/home/rtabares/anaconda3/envs/pyth3.12/lib/python3.12/site-packages/xgboost/core.py:377: FutureWarning: Your system has an old version of glibc (< 2.28). We will stop supporting Linux distros with glibc older than 2.28 after **May 31, 2025**. Please upgrade to a recent Linux distro (with glibc >= 2.28) to use future versions of XGBoost.
Note: You have installed the 'manylinux2014' variant of XGBoost. Certain features such as GPU algorithms or federated learning are not available. To use these features, please upgrade to a recent Linux distro with glibc 2.28+, and install the 'manylinux_2_28' variant.
  warnings.warn(
[I 2025-05-15 07:52:28,892] Trial 8 finished with value: 0.6499999999999999 and parameters: {'n_estimators': 100, 'max_depth': 30, 'gamma': 0.2471398756881566, 'subsample': 0.8241126205332553, 'colsample_bytree': 0.6258070715852391}. Best is trial 2 with value: 0.6833333333333332.
/data/home/rtabares/anaconda3/envs/pyth3.12/lib/python3.12/site-packages/xgboost/core.py:377: FutureWarning: Your system has an old version of glibc (< 2.28). We will stop supporting Linux distros with glibc older than 2.28 after **May 31, 2025**. Please upgrade to a recent Linux distro (with glibc >= 2.28) to use future versions of XGBoost.
Note: You have installed the 'manylinux2014' variant of XGBoost. Certain features such as GPU algorithms or federated learning are not available. To use these features, please upgrade to a recent Linux distro with glibc 2.28+, and install the 'manylinux_2_28' variant.
  warnings.warn(
/data/home/rtabares/anaconda3/envs/pyth3.12/lib/python3.12/site-packages/xgboost/core.py:377: FutureWarning: Your system has an old version of glibc (< 2.28). We will stop supporting Linux distros with glibc older than 2.28 after **May 31, 2025**. Please upgrade to a recent Linux distro (with glibc >= 2.28) to use future versions of XGBoost.
Note: You have installed the 'manylinux2014' variant of XGBoost. Certain features such as GPU algorithms or federated learning are not available. To use these features, please upgrade to a recent Linux distro with glibc 2.28+, and install the 'manylinux_2_28' variant.
  warnings.warn(
[I 2025-05-15 07:52:28,948] Trial 9 finished with value: 0.4 and parameters: {'n_estimators': 40, 'max_depth': 30, 'gamma': 0.8599846034069103, 'subsample': 0.8019332783535529, 'colsample_bytree': 0.7936068454878676}. Best is trial 2 with value: 0.6833333333333332.
/data/home/rtabares/anaconda3/envs/pyth3.12/lib/python3.12/site-packages/xgboost/core.py:377: FutureWarning: Your system has an old version of glibc (< 2.28). We will stop supporting Linux distros with glibc older than 2.28 after **May 31, 2025**. Please upgrade to a recent Linux distro (with glibc >= 2.28) to use future versions of XGBoost.
Note: You have installed the 'manylinux2014' variant of XGBoost. Certain features such as GPU algorithms or federated learning are not available. To use these features, please upgrade to a recent Linux distro with glibc 2.28+, and install the 'manylinux_2_28' variant.
  warnings.warn(
[I 2025-05-15 07:52:29,020] Trial 10 finished with value: 0.4333333333333333 and parameters: {'n_estimators': 10, 'max_depth': 5, 'gamma': 0.11132541504315885, 'subsample': 0.676251899486003, 'colsample_bytree': 0.5127475876854589}. Best is trial 2 with value: 0.6833333333333332.
/data/home/rtabares/anaconda3/envs/pyth3.12/lib/python3.12/site-packages/xgboost/core.py:377: FutureWarning: Your system has an old version of glibc (< 2.28). We will stop supporting Linux distros with glibc older than 2.28 after **May 31, 2025**. Please upgrade to a recent Linux distro (with glibc >= 2.28) to use future versions of XGBoost.
Note: You have installed the 'manylinux2014' variant of XGBoost. Certain features such as GPU algorithms or federated learning are not available. To use these features, please upgrade to a recent Linux distro with glibc 2.28+, and install the 'manylinux_2_28' variant.
  warnings.warn(
[I 2025-05-15 07:52:29,082] Trial 11 finished with value: 0.6999999999999998 and parameters: {'n_estimators': 100, 'max_depth': 5, 'gamma': 0.18690472049939755, 'subsample': 0.8491972473387666, 'colsample_bytree': 0.5773932789558922}. Best is trial 11 with value: 0.6999999999999998.
/data/home/rtabares/anaconda3/envs/pyth3.12/lib/python3.12/site-packages/xgboost/core.py:377: FutureWarning: Your system has an old version of glibc (< 2.28). We will stop supporting Linux distros with glibc older than 2.28 after **May 31, 2025**. Please upgrade to a recent Linux distro (with glibc >= 2.28) to use future versions of XGBoost.
Note: You have installed the 'manylinux2014' variant of XGBoost. Certain features such as GPU algorithms or federated learning are not available. To use these features, please upgrade to a recent Linux distro with glibc 2.28+, and install the 'manylinux_2_28' variant.
  warnings.warn(
/data/home/rtabares/anaconda3/envs/pyth3.12/lib/python3.12/site-packages/xgboost/core.py:377: FutureWarning: Your system has an old version of glibc (< 2.28). We will stop supporting Linux distros with glibc older than 2.28 after **May 31, 2025**. Please upgrade to a recent Linux distro (with glibc >= 2.28) to use future versions of XGBoost.
Note: You have installed the 'manylinux2014' variant of XGBoost. Certain features such as GPU algorithms or federated learning are not available. To use these features, please upgrade to a recent Linux distro with glibc 2.28+, and install the 'manylinux_2_28' variant.
  warnings.warn(
[I 2025-05-15 07:52:29,991] Trial 12 finished with value: 0.5333333333333333 and parameters: {'n_estimators': 100, 'max_depth': 5, 'gamma': 0.6108590947025372, 'subsample': 0.8840081442142614, 'colsample_bytree': 0.5268682031974818}. Best is trial 11 with value: 0.6999999999999998.
/data/home/rtabares/anaconda3/envs/pyth3.12/lib/python3.12/site-packages/xgboost/core.py:377: FutureWarning: Your system has an old version of glibc (< 2.28). We will stop supporting Linux distros with glibc older than 2.28 after **May 31, 2025**. Please upgrade to a recent Linux distro (with glibc >= 2.28) to use future versions of XGBoost.
Note: You have installed the 'manylinux2014' variant of XGBoost. Certain features such as GPU algorithms or federated learning are not available. To use these features, please upgrade to a recent Linux distro with glibc 2.28+, and install the 'manylinux_2_28' variant.
  warnings.warn(
[I 2025-05-15 07:52:31,006] Trial 13 finished with value: 0.5833333333333333 and parameters: {'n_estimators': 100, 'max_depth': 5, 'gamma': 0.11701644856579113, 'subsample': 0.660839064142771, 'colsample_bytree': 0.5978132628065534}. Best is trial 11 with value: 0.6999999999999998.
[I 2025-05-15 07:52:31,070] Trial 14 finished with value: 0.5999999999999999 and parameters: {'n_estimators': 100, 'max_depth': 5, 'gamma': 0.4000023985818805, 'subsample': 0.7452445173570883, 'colsample_bytree': 0.5821870369331363}. Best is trial 11 with value: 0.6999999999999998.
[I 2025-05-15 07:52:31,114] Trial 15 finished with value: 0.6 and parameters: {'n_estimators': 10, 'max_depth': 20, 'gamma': 0.7394766872180837, 'subsample': 0.8851035028082733, 'colsample_bytree': 0.5608160906799429}. Best is trial 11 with value: 0.6999999999999998.
/data/home/rtabares/anaconda3/envs/pyth3.12/lib/python3.12/site-packages/xgboost/core.py:377: FutureWarning: Your system has an old version of glibc (< 2.28). We will stop supporting Linux distros with glibc older than 2.28 after **May 31, 2025**. Please upgrade to a recent Linux distro (with glibc >= 2.28) to use future versions of XGBoost.
Note: You have installed the 'manylinux2014' variant of XGBoost. Certain features such as GPU algorithms or federated learning are not available. To use these features, please upgrade to a recent Linux distro with glibc 2.28+, and install the 'manylinux_2_28' variant.
  warnings.warn(
[I 2025-05-15 07:52:31,883] Trial 16 finished with value: 0.4083333333333333 and parameters: {'n_estimators': 10, 'max_depth': 5, 'gamma': 0.24776106227284078, 'subsample': 0.5207197919620343, 'colsample_bytree': 0.6500430701644584}. Best is trial 11 with value: 0.6999999999999998.
[I 2025-05-15 07:52:31,935] Trial 17 finished with value: 0.5499999999999999 and parameters: {'n_estimators': 100, 'max_depth': 5, 'gamma': 0.4761526333756174, 'subsample': 0.8376063304452466, 'colsample_bytree': 0.9933840889987662}. Best is trial 11 with value: 0.6999999999999998.
/data/home/rtabares/anaconda3/envs/pyth3.12/lib/python3.12/site-packages/xgboost/core.py:377: FutureWarning: Your system has an old version of glibc (< 2.28). We will stop supporting Linux distros with glibc older than 2.28 after **May 31, 2025**. Please upgrade to a recent Linux distro (with glibc >= 2.28) to use future versions of XGBoost.
Note: You have installed the 'manylinux2014' variant of XGBoost. Certain features such as GPU algorithms or federated learning are not available. To use these features, please upgrade to a recent Linux distro with glibc 2.28+, and install the 'manylinux_2_28' variant.
  warnings.warn(
[I 2025-05-15 07:52:32,842] Trial 18 finished with value: 0.5666666666666667 and parameters: {'n_estimators': 100, 'max_depth': 20, 'gamma': 0.8045232978285917, 'subsample': 0.75564025339754, 'colsample_bytree': 0.5097968935264934}. Best is trial 11 with value: 0.6999999999999998.
[I 2025-05-15 07:52:32,882] Trial 19 finished with value: 0.6166666666666665 and parameters: {'n_estimators': 10, 'max_depth': 5, 'gamma': 0.6313653438994521, 'subsample': 0.9444484185499116, 'colsample_bytree': 0.6743780789749614}. Best is trial 11 with value: 0.6999999999999998.
[I 2025-05-15 07:52:32,933] Trial 20 finished with value: 0.4833333333333333 and parameters: {'n_estimators': 100, 'max_depth': 20, 'gamma': 0.26787488016860767, 'subsample': 0.7628306297751004, 'colsample_bytree': 0.7972309684796188}. Best is trial 11 with value: 0.6999999999999998.
[I 2025-05-15 07:52:32,996] Trial 21 finished with value: 0.6166666666666665 and parameters: {'n_estimators': 100, 'max_depth': 30, 'gamma': 0.22527303526382242, 'subsample': 0.8304949444555636, 'colsample_bytree': 0.6187619658712229}. Best is trial 11 with value: 0.6999999999999998.
[I 2025-05-15 07:52:33,058] Trial 22 finished with value: 0.6333333333333332 and parameters: {'n_estimators': 100, 'max_depth': 30, 'gamma': 0.32986866376140067, 'subsample': 0.8492334964057642, 'colsample_bytree': 0.5589855319079413}. Best is trial 11 with value: 0.6999999999999998.
[I 2025-05-15 07:52:33,132] Trial 23 finished with value: 0.5166666666666666 and parameters: {'n_estimators': 100, 'max_depth': 30, 'gamma': 0.1646226317050326, 'subsample': 0.7970925567808835, 'colsample_bytree': 0.6411560693745514}. Best is trial 11 with value: 0.6999999999999998.
[I 2025-05-15 07:52:33,185] Trial 24 finished with value: 0.6 and parameters: {'n_estimators': 100, 'max_depth': 20, 'gamma': 0.4782464680230854, 'subsample': 0.931148175495635, 'colsample_bytree': 0.6064829878120549}. Best is trial 11 with value: 0.6999999999999998.
[I 2025-05-15 07:52:33,231] Trial 25 finished with value: 0.6833333333333332 and parameters: {'n_estimators': 10, 'max_depth': 30, 'gamma': 0.188819801388255, 'subsample': 0.722094667669503, 'colsample_bytree': 0.551435917160371}. Best is trial 11 with value: 0.6999999999999998.
[I 2025-05-15 07:52:33,273] Trial 26 finished with value: 0.6833333333333332 and parameters: {'n_estimators': 10, 'max_depth': 5, 'gamma': 0.17707077783590291, 'subsample': 0.7061289292899401, 'colsample_bytree': 0.5610928233232051}. Best is trial 11 with value: 0.6999999999999998.
[I 2025-05-15 07:52:33,313] Trial 27 finished with value: 0.55 and parameters: {'n_estimators': 10, 'max_depth': 20, 'gamma': 0.3030844432466995, 'subsample': 0.610033632263469, 'colsample_bytree': 0.547132536568481}. Best is trial 11 with value: 0.6999999999999998.
[I 2025-05-15 07:52:33,354] Trial 28 finished with value: 0.6833333333333332 and parameters: {'n_estimators': 10, 'max_depth': 5, 'gamma': 0.4026464171991264, 'subsample': 0.7146199783996441, 'colsample_bytree': 0.5038697175941509}. Best is trial 11 with value: 0.6999999999999998.
[I 2025-05-15 07:52:33,398] Trial 29 finished with value: 0.5166666666666666 and parameters: {'n_estimators': 10, 'max_depth': 30, 'gamma': 0.5581758051883761, 'subsample': 0.6316552057778516, 'colsample_bytree': 0.676437369870649}. Best is trial 11 with value: 0.6999999999999998.
[I 2025-05-15 07:53:12,019] A new study created in memory with name: rf
Parámetros guardados en checkpoint_default_Doriginal_H/craig/IPC_27/best_models_craig_seed_6_space_original/xgb_best_params.json


>>> Optuna tuning rf metodo craig IPC 27 seed 6


[I 2025-05-15 07:53:14,822] Trial 0 finished with value: 0.5333333333333333 and parameters: {'n_estimators': 458, 'max_depth': 8, 'min_samples_split': 9, 'min_samples_leaf': 1}. Best is trial 0 with value: 0.5333333333333333.
[I 2025-05-15 07:53:15,343] Trial 1 finished with value: 0.39166666666666666 and parameters: {'n_estimators': 143, 'max_depth': 13, 'min_samples_split': 6, 'min_samples_leaf': 5}. Best is trial 0 with value: 0.5333333333333333.
[I 2025-05-15 07:53:15,805] Trial 2 finished with value: 0.4833333333333333 and parameters: {'n_estimators': 234, 'max_depth': 14, 'min_samples_split': 5, 'min_samples_leaf': 8}. Best is trial 0 with value: 0.5333333333333333.
[I 2025-05-15 07:53:16,336] Trial 3 finished with value: 0.5 and parameters: {'n_estimators': 307, 'max_depth': 13, 'min_samples_split': 7, 'min_samples_leaf': 10}. Best is trial 0 with value: 0.5333333333333333.
[I 2025-05-15 07:53:17,038] Trial 4 finished with value: 0.4666666666666666 and parameters: {'n_estimators': 428, 'max_depth': 10, 'min_samples_split': 9, 'min_samples_leaf': 9}. Best is trial 0 with value: 0.5333333333333333.
[I 2025-05-15 07:53:17,372] Trial 5 finished with value: 0.35 and parameters: {'n_estimators': 121, 'max_depth': 15, 'min_samples_split': 9, 'min_samples_leaf': 8}. Best is trial 0 with value: 0.5333333333333333.
[I 2025-05-15 07:53:18,221] Trial 6 finished with value: 0.5 and parameters: {'n_estimators': 384, 'max_depth': 12, 'min_samples_split': 3, 'min_samples_leaf': 10}. Best is trial 0 with value: 0.5333333333333333.
[I 2025-05-15 07:53:18,705] Trial 7 finished with value: 0.5 and parameters: {'n_estimators': 261, 'max_depth': 6, 'min_samples_split': 8, 'min_samples_leaf': 10}. Best is trial 0 with value: 0.5333333333333333.
[I 2025-05-15 07:53:19,275] Trial 8 finished with value: 0.35833333333333334 and parameters: {'n_estimators': 202, 'max_depth': 15, 'min_samples_split': 7, 'min_samples_leaf': 8}. Best is trial 0 with value: 0.5333333333333333.
[I 2025-05-15 07:53:20,021] Trial 9 finished with value: 0.2833333333333333 and parameters: {'n_estimators': 475, 'max_depth': 9, 'min_samples_split': 4, 'min_samples_leaf': 5}. Best is trial 0 with value: 0.5333333333333333.
[I 2025-05-15 07:53:20,631] Trial 10 finished with value: 0.45 and parameters: {'n_estimators': 352, 'max_depth': 20, 'min_samples_split': 10, 'min_samples_leaf': 1}. Best is trial 0 with value: 0.5333333333333333.
[I 2025-05-15 07:53:22,199] Trial 11 finished with value: 0.4583333333333333 and parameters: {'n_estimators': 343, 'max_depth': 4, 'min_samples_split': 7, 'min_samples_leaf': 1}. Best is trial 0 with value: 0.5333333333333333.
[I 2025-05-15 07:53:24,099] Trial 12 finished with value: 0.45 and parameters: {'n_estimators': 489, 'max_depth': 7, 'min_samples_split': 10, 'min_samples_leaf': 3}. Best is trial 0 with value: 0.5333333333333333.
[I 2025-05-15 07:53:24,688] Trial 13 finished with value: 0.4833333333333333 and parameters: {'n_estimators': 291, 'max_depth': 18, 'min_samples_split': 8, 'min_samples_leaf': 3}. Best is trial 0 with value: 0.5333333333333333.
[I 2025-05-15 07:53:26,298] Trial 14 finished with value: 0.275 and parameters: {'n_estimators': 422, 'max_depth': 9, 'min_samples_split': 2, 'min_samples_leaf': 6}. Best is trial 0 with value: 0.5333333333333333.
[I 2025-05-15 07:53:26,718] Trial 15 finished with value: 0.5166666666666666 and parameters: {'n_estimators': 184, 'max_depth': 3, 'min_samples_split': 6, 'min_samples_leaf': 3}. Best is trial 0 with value: 0.5333333333333333.
[I 2025-05-15 07:53:27,090] Trial 16 finished with value: 0.4916666666666666 and parameters: {'n_estimators': 174, 'max_depth': 3, 'min_samples_split': 5, 'min_samples_leaf': 3}. Best is trial 0 with value: 0.5333333333333333.
[I 2025-05-15 07:53:27,484] Trial 17 finished with value: 0.5083333333333333 and parameters: {'n_estimators': 216, 'max_depth': 6, 'min_samples_split': 5, 'min_samples_leaf': 2}. Best is trial 0 with value: 0.5333333333333333.
[I 2025-05-15 07:53:27,791] Trial 18 finished with value: 0.4666666666666666 and parameters: {'n_estimators': 109, 'max_depth': 4, 'min_samples_split': 6, 'min_samples_leaf': 4}. Best is trial 0 with value: 0.5333333333333333.
[I 2025-05-15 07:53:28,781] Trial 19 finished with value: 0.5666666666666667 and parameters: {'n_estimators': 433, 'max_depth': 7, 'min_samples_split': 8, 'min_samples_leaf': 2}. Best is trial 19 with value: 0.5666666666666667.
[I 2025-05-15 07:53:30,318] Trial 20 finished with value: 0.5666666666666667 and parameters: {'n_estimators': 437, 'max_depth': 8, 'min_samples_split': 9, 'min_samples_leaf': 1}. Best is trial 19 with value: 0.5666666666666667.
[I 2025-05-15 07:53:31,505] Trial 21 finished with value: 0.5 and parameters: {'n_estimators': 439, 'max_depth': 8, 'min_samples_split': 9, 'min_samples_leaf': 1}. Best is trial 19 with value: 0.5666666666666667.
[I 2025-05-15 07:53:32,652] Trial 22 finished with value: 0.5833333333333333 and parameters: {'n_estimators': 389, 'max_depth': 11, 'min_samples_split': 8, 'min_samples_leaf': 2}. Best is trial 22 with value: 0.5833333333333333.
[I 2025-05-15 07:53:33,618] Trial 23 finished with value: 0.5083333333333333 and parameters: {'n_estimators': 398, 'max_depth': 11, 'min_samples_split': 8, 'min_samples_leaf': 2}. Best is trial 22 with value: 0.5833333333333333.
[I 2025-05-15 07:53:34,262] Trial 24 finished with value: 0.5416666666666666 and parameters: {'n_estimators': 378, 'max_depth': 6, 'min_samples_split': 10, 'min_samples_leaf': 2}. Best is trial 22 with value: 0.5833333333333333.
[I 2025-05-15 07:53:34,868] Trial 25 finished with value: 0.5416666666666666 and parameters: {'n_estimators': 352, 'max_depth': 11, 'min_samples_split': 8, 'min_samples_leaf': 4}. Best is trial 22 with value: 0.5833333333333333.
[I 2025-05-15 07:53:35,653] Trial 26 finished with value: 0.5416666666666666 and parameters: {'n_estimators': 499, 'max_depth': 10, 'min_samples_split': 7, 'min_samples_leaf': 2}. Best is trial 22 with value: 0.5833333333333333.
