[I 2025-05-15 08:28:24,653] Trial 22 finished with value: 0.9180555555555555 and parameters: {'n_estimators': 40, 'max_depth': 5, 'gamma': 0.3850200653455872, 'subsample': 0.5458329274939029, 'colsample_bytree': 0.6958524477592177}. Best is trial 1 with value: 0.9430555555555555.
[I 2025-05-15 08:28:24,695] Trial 23 finished with value: 0.9416666666666668 and parameters: {'n_estimators': 40, 'max_depth': 5, 'gamma': 0.22484706403722549, 'subsample': 0.5272039219734714, 'colsample_bytree': 0.5118001722196196}. Best is trial 1 with value: 0.9430555555555555.
[I 2025-05-15 08:28:24,751] Trial 24 finished with value: 0.9416666666666668 and parameters: {'n_estimators': 40, 'max_depth': 5, 'gamma': 0.5356705999983582, 'subsample': 0.5758522477534267, 'colsample_bytree': 0.5989547524286629}. Best is trial 1 with value: 0.9430555555555555.
[I 2025-05-15 08:28:24,798] Trial 25 finished with value: 0.9291666666666668 and parameters: {'n_estimators': 40, 'max_depth': 30, 'gamma': 0.44973096541354435, 'subsample': 0.740264571143702, 'colsample_bytree': 0.6849943121398298}. Best is trial 1 with value: 0.9430555555555555.
[I 2025-05-15 08:28:24,845] Trial 26 finished with value: 0.976388888888889 and parameters: {'n_estimators': 40, 'max_depth': 5, 'gamma': 0.7460691371692458, 'subsample': 0.6416688419082204, 'colsample_bytree': 0.7980001560928541}. Best is trial 26 with value: 0.976388888888889.
[I 2025-05-15 08:28:24,899] Trial 27 finished with value: 0.9416666666666668 and parameters: {'n_estimators': 40, 'max_depth': 5, 'gamma': 0.7201876440147168, 'subsample': 0.6431152489419577, 'colsample_bytree': 0.9264291009555138}. Best is trial 26 with value: 0.976388888888889.
[I 2025-05-15 08:28:24,951] Trial 28 finished with value: 0.9416666666666667 and parameters: {'n_estimators': 10, 'max_depth': 5, 'gamma': 0.9434882680456427, 'subsample': 0.7445033994322569, 'colsample_bytree': 0.8096942037360579}. Best is trial 26 with value: 0.976388888888889.
[I 2025-05-15 08:28:25,045] Trial 29 finished with value: 0.9416666666666668 and parameters: {'n_estimators': 100, 'max_depth': 5, 'gamma': 0.6149189622938979, 'subsample': 0.7014815879121302, 'colsample_bytree': 0.7899377941229908}. Best is trial 26 with value: 0.976388888888889.
[I 2025-05-15 08:28:47,853] A new study created in memory with name: rf
Parámetros guardados en checkpoint_adult_Doriginal_G/ag/IPC_43/best_models_ag_seed_8_space_original/xgb_best_params.json


>>> Optuna tuning rf metodo ag IPC 43 seed 8


[I 2025-05-15 08:28:49,637] Trial 0 finished with value: 0.9305555555555556 and parameters: {'n_estimators': 450, 'max_depth': 20, 'min_samples_split': 9, 'min_samples_leaf': 6}. Best is trial 0 with value: 0.9305555555555556.
[I 2025-05-15 08:28:50,002] Trial 1 finished with value: 0.9194444444444445 and parameters: {'n_estimators': 193, 'max_depth': 3, 'min_samples_split': 5, 'min_samples_leaf': 5}. Best is trial 0 with value: 0.9305555555555556.
[I 2025-05-15 08:28:50,611] Trial 2 finished with value: 0.9527777777777778 and parameters: {'n_estimators': 309, 'max_depth': 11, 'min_samples_split': 6, 'min_samples_leaf': 6}. Best is trial 2 with value: 0.9527777777777778.
[I 2025-05-15 08:28:51,283] Trial 3 finished with value: 0.9305555555555556 and parameters: {'n_estimators': 405, 'max_depth': 15, 'min_samples_split': 7, 'min_samples_leaf': 5}. Best is trial 2 with value: 0.9527777777777778.
[I 2025-05-15 08:28:51,656] Trial 4 finished with value: 0.9416666666666667 and parameters: {'n_estimators': 215, 'max_depth': 20, 'min_samples_split': 5, 'min_samples_leaf': 3}. Best is trial 2 with value: 0.9527777777777778.
[I 2025-05-15 08:28:51,928] Trial 5 finished with value: 0.9527777777777778 and parameters: {'n_estimators': 126, 'max_depth': 20, 'min_samples_split': 3, 'min_samples_leaf': 4}. Best is trial 2 with value: 0.9527777777777778.
[I 2025-05-15 08:28:52,210] Trial 6 finished with value: 0.9527777777777778 and parameters: {'n_estimators': 128, 'max_depth': 7, 'min_samples_split': 5, 'min_samples_leaf': 9}. Best is trial 2 with value: 0.9527777777777778.
[I 2025-05-15 08:28:52,617] Trial 7 finished with value: 0.9527777777777778 and parameters: {'n_estimators': 238, 'max_depth': 20, 'min_samples_split': 2, 'min_samples_leaf': 4}. Best is trial 2 with value: 0.9527777777777778.
[I 2025-05-15 08:28:53,088] Trial 8 finished with value: 0.9416666666666668 and parameters: {'n_estimators': 252, 'max_depth': 16, 'min_samples_split': 10, 'min_samples_leaf': 4}. Best is trial 2 with value: 0.9527777777777778.
[I 2025-05-15 08:28:53,553] Trial 9 finished with value: 0.9194444444444445 and parameters: {'n_estimators': 273, 'max_depth': 7, 'min_samples_split': 9, 'min_samples_leaf': 7}. Best is trial 2 with value: 0.9527777777777778.
[I 2025-05-15 08:28:54,131] Trial 10 finished with value: 0.9305555555555556 and parameters: {'n_estimators': 347, 'max_depth': 11, 'min_samples_split': 7, 'min_samples_leaf': 10}. Best is trial 2 with value: 0.9527777777777778.
[I 2025-05-15 08:28:54,733] Trial 11 finished with value: 0.9416666666666668 and parameters: {'n_estimators': 344, 'max_depth': 12, 'min_samples_split': 2, 'min_samples_leaf': 1}. Best is trial 2 with value: 0.9527777777777778.
[I 2025-05-15 08:28:55,894] Trial 12 finished with value: 0.9305555555555556 and parameters: {'n_estimators': 100, 'max_depth': 12, 'min_samples_split': 3, 'min_samples_leaf': 8}. Best is trial 2 with value: 0.9527777777777778.
[I 2025-05-15 08:28:56,420] Trial 13 finished with value: 0.9416666666666668 and parameters: {'n_estimators': 322, 'max_depth': 16, 'min_samples_split': 4, 'min_samples_leaf': 2}. Best is trial 2 with value: 0.9527777777777778.
[I 2025-05-15 08:28:56,740] Trial 14 finished with value: 0.9416666666666668 and parameters: {'n_estimators': 155, 'max_depth': 8, 'min_samples_split': 7, 'min_samples_leaf': 7}. Best is trial 2 with value: 0.9527777777777778.
[I 2025-05-15 08:28:57,424] Trial 15 finished with value: 0.9305555555555556 and parameters: {'n_estimators': 390, 'max_depth': 14, 'min_samples_split': 3, 'min_samples_leaf': 3}. Best is trial 2 with value: 0.9527777777777778.
[I 2025-05-15 08:28:57,897] Trial 16 finished with value: 0.9416666666666668 and parameters: {'n_estimators': 295, 'max_depth': 9, 'min_samples_split': 6, 'min_samples_leaf': 6}. Best is trial 2 with value: 0.9527777777777778.
[I 2025-05-15 08:28:58,751] Trial 17 finished with value: 0.9416666666666668 and parameters: {'n_estimators': 497, 'max_depth': 18, 'min_samples_split': 4, 'min_samples_leaf': 4}. Best is trial 2 with value: 0.9527777777777778.
[I 2025-05-15 08:28:59,094] Trial 18 finished with value: 0.9416666666666668 and parameters: {'n_estimators': 189, 'max_depth': 3, 'min_samples_split': 8, 'min_samples_leaf': 7}. Best is trial 2 with value: 0.9527777777777778.
[I 2025-05-15 08:28:59,451] Trial 19 finished with value: 0.9527777777777778 and parameters: {'n_estimators': 158, 'max_depth': 13, 'min_samples_split': 6, 'min_samples_leaf': 1}. Best is trial 2 with value: 0.9527777777777778.
[I 2025-05-15 08:29:00,117] Trial 20 finished with value: 0.9416666666666668 and parameters: {'n_estimators': 388, 'max_depth': 18, 'min_samples_split': 3, 'min_samples_leaf': 3}. Best is trial 2 with value: 0.9527777777777778.
[I 2025-05-15 08:29:00,360] Trial 21 finished with value: 0.9305555555555556 and parameters: {'n_estimators': 127, 'max_depth': 10, 'min_samples_split': 5, 'min_samples_leaf': 10}. Best is trial 2 with value: 0.9527777777777778.
[I 2025-05-15 08:29:00,596] Trial 22 finished with value: 0.9194444444444445 and parameters: {'n_estimators': 119, 'max_depth': 5, 'min_samples_split': 4, 'min_samples_leaf': 9}. Best is trial 2 with value: 0.9527777777777778.
[I 2025-05-15 08:29:00,943] Trial 23 finished with value: 0.9194444444444445 and parameters: {'n_estimators': 152, 'max_depth': 6, 'min_samples_split': 5, 'min_samples_leaf': 8}. Best is trial 2 with value: 0.9527777777777778.
[I 2025-05-15 08:29:01,417] Trial 24 finished with value: 0.9416666666666668 and parameters: {'n_estimators': 218, 'max_depth': 9, 'min_samples_split': 6, 'min_samples_leaf': 9}. Best is trial 2 with value: 0.9527777777777778.
[I 2025-05-15 08:29:01,908] Trial 25 finished with value: 0.9416666666666668 and parameters: {'n_estimators': 269, 'max_depth': 6, 'min_samples_split': 4, 'min_samples_leaf': 5}. Best is trial 2 with value: 0.9527777777777778.
[I 2025-05-15 08:29:02,260] Trial 26 finished with value: 0.9416666666666668 and parameters: {'n_estimators': 185, 'max_depth': 10, 'min_samples_split': 8, 'min_samples_leaf': 8}. Best is trial 2 with value: 0.9527777777777778.
[I 2025-05-15 08:29:02,776] Trial 27 finished with value: 0.9527777777777778 and parameters: {'n_estimators': 306, 'max_depth': 5, 'min_samples_split': 3, 'min_samples_leaf': 6}. Best is trial 2 with value: 0.9527777777777778.
[I 2025-05-15 08:29:03,049] Trial 28 finished with value: 0.9194444444444445 and parameters: {'n_estimators': 141, 'max_depth': 14, 'min_samples_split': 6, 'min_samples_leaf': 9}. Best is trial 2 with value: 0.9527777777777778.
[I 2025-05-15 08:29:03,260] Trial 29 finished with value: 0.9305555555555556 and parameters: {'n_estimators': 101, 'max_depth': 18, 'min_samples_split': 2, 'min_samples_leaf': 6}. Best is trial 2 with value: 0.9527777777777778.
[I 2025-05-15 08:29:06,940] A new study created in memory with name: svc
Parámetros guardados en checkpoint_adult_Doriginal_G/ag/IPC_43/best_models_ag_seed_8_space_original/rf_best_params.json


>>> Optuna tuning svc metodo ag IPC 43 seed 8


[I 2025-05-15 08:29:10,542] Trial 0 finished with value: 0.5 and parameters: {'C': 31.168622654226873, 'gamma': 0.7484497562485191}. Best is trial 0 with value: 0.5.
[I 2025-05-15 08:29:11,207] Trial 1 finished with value: 0.7597222222222222 and parameters: {'C': 29.976309274600954, 'gamma': 0.013286872459026702}. Best is trial 1 with value: 0.7597222222222222.
[I 2025-05-15 08:29:11,241] Trial 2 finished with value: 0.5111111111111111 and parameters: {'C': 0.08529298465080307, 'gamma': 0.00011106960237430257}. Best is trial 1 with value: 0.7597222222222222.
[I 2025-05-15 08:29:11,269] Trial 3 finished with value: 0.7055555555555555 and parameters: {'C': 0.5270784658374341, 'gamma': 0.004068229457500922}. Best is trial 1 with value: 0.7597222222222222.
[I 2025-05-15 08:29:11,293] Trial 4 finished with value: 0.8 and parameters: {'C': 1.2322495987505253, 'gamma': 0.008195343912941565}. Best is trial 4 with value: 0.8.
[I 2025-05-15 08:29:11,317] Trial 5 finished with value: 0.8013888888888889 and parameters: {'C': 1.6650446929687996, 'gamma': 0.014912280706161869}. Best is trial 5 with value: 0.8013888888888889.
[I 2025-05-15 08:29:11,346] Trial 6 finished with value: 0.6777777777777777 and parameters: {'C': 11.055599623279033, 'gamma': 0.07071284267178823}. Best is trial 5 with value: 0.8013888888888889.
[I 2025-05-15 08:29:11,368] Trial 7 finished with value: 0.8125 and parameters: {'C': 3.0111222251271013, 'gamma': 0.00506252384623837}. Best is trial 7 with value: 0.8125.
[I 2025-05-15 08:29:11,388] Trial 8 finished with value: 0.5333333333333334 and parameters: {'C': 0.1433177931243846, 'gamma': 0.7859971382309453}. Best is trial 7 with value: 0.8125.
[I 2025-05-15 08:29:11,422] Trial 9 finished with value: 0.5222222222222223 and parameters: {'C': 0.21631975482828378, 'gamma': 0.0007502469581683287}. Best is trial 7 with value: 0.8125.
[I 2025-05-15 08:29:11,461] Trial 10 finished with value: 0.5222222222222223 and parameters: {'C': 0.02009680203795739, 'gamma': 0.0007005474949959167}. Best is trial 7 with value: 0.8125.
[I 2025-05-15 08:29:12,383] Trial 11 finished with value: 0.7236111111111111 and parameters: {'C': 3.394532731945007, 'gamma': 0.06106281159506034}. Best is trial 7 with value: 0.8125.
[I 2025-05-15 08:29:13,198] Trial 12 finished with value: 0.7444444444444444 and parameters: {'C': 3.529301363119234, 'gamma': 0.03451463054280321}. Best is trial 7 with value: 0.8125.
[I 2025-05-15 08:29:13,226] Trial 13 finished with value: 0.7875 and parameters: {'C': 3.6921017708047796, 'gamma': 0.0020960851336609848}. Best is trial 7 with value: 0.8125.
[I 2025-05-15 08:29:13,262] Trial 14 finished with value: 0.65 and parameters: {'C': 78.65413430994755, 'gamma': 0.16666160909919406}. Best is trial 7 with value: 0.8125.
[I 2025-05-15 08:29:13,320] Trial 15 finished with value: 0.8013888888888889 and parameters: {'C': 1.3259463580937678, 'gamma': 0.01692419244282281}. Best is trial 7 with value: 0.8125.
[I 2025-05-15 08:29:13,362] Trial 16 finished with value: 0.8138888888888889 and parameters: {'C': 9.69778920414827, 'gamma': 0.001900505632657922}. Best is trial 16 with value: 0.8138888888888889.
[I 2025-05-15 08:29:13,401] Trial 17 finished with value: 0.8138888888888889 and parameters: {'C': 17.255333703113507, 'gamma': 0.0010064035340369714}. Best is trial 16 with value: 0.8138888888888889.
[I 2025-05-15 08:29:13,454] Trial 18 finished with value: 0.5791666666666666 and parameters: {'C': 13.348850571350424, 'gamma': 0.00017777521793210224}. Best is trial 16 with value: 0.8138888888888889.
[I 2025-05-15 08:29:14,396] Trial 19 finished with value: 0.7555555555555554 and parameters: {'C': 98.37691446707508, 'gamma': 0.0009193618142416515}. Best is trial 16 with value: 0.8138888888888889.
[I 2025-05-15 08:29:14,471] Trial 20 finished with value: 0.6138888888888888 and parameters: {'C': 9.270913075349482, 'gamma': 0.0003060829187824379}. Best is trial 16 with value: 0.8138888888888889.
[I 2025-05-15 08:29:14,521] Trial 21 finished with value: 0.7791666666666666 and parameters: {'C': 22.635770694526748, 'gamma': 0.0027562122861387863}. Best is trial 16 with value: 0.8138888888888889.
[I 2025-05-15 08:29:14,553] Trial 22 finished with value: 0.7777777777777777 and parameters: {'C': 5.490269002674387, 'gamma': 0.005760574607478775}. Best is trial 16 with value: 0.8138888888888889.
[I 2025-05-15 08:29:14,587] Trial 23 finished with value: 0.7791666666666666 and parameters: {'C': 38.64172071549456, 'gamma': 0.0015557062891015973}. Best is trial 16 with value: 0.8138888888888889.
[I 2025-05-15 08:29:16,420] Trial 24 finished with value: 0.5222222222222223 and parameters: {'C': 0.5898790918771888, 'gamma': 0.0004784745478860912}. Best is trial 16 with value: 0.8138888888888889.
[I 2025-05-15 08:29:16,469] Trial 25 finished with value: 0.8 and parameters: {'C': 6.403924525183353, 'gamma': 0.001571700624034511}. Best is trial 16 with value: 0.8138888888888889.
[I 2025-05-15 08:29:16,526] Trial 26 finished with value: 0.7916666666666666 and parameters: {'C': 16.99088887001878, 'gamma': 0.003718474601459618}. Best is trial 16 with value: 0.8138888888888889.
[I 2025-05-15 08:29:16,595] Trial 27 finished with value: 0.5111111111111111 and parameters: {'C': 2.5971129571694695, 'gamma': 0.00026855316747419867}. Best is trial 16 with value: 0.8138888888888889.
[I 2025-05-15 08:29:16,640] Trial 28 finished with value: 0.5333333333333333 and parameters: {'C': 0.5546967405810503, 'gamma': 0.0013697340956172976}. Best is trial 16 with value: 0.8138888888888889.
[I 2025-05-15 08:29:16,690] Trial 29 finished with value: 0.7097222222222223 and parameters: {'C': 35.11618425544793, 'gamma': 0.027942934309513254}. Best is trial 16 with value: 0.8138888888888889.
[I 2025-05-15 08:29:22,750] A new study created in memory with name: logreg
Parámetros guardados en checkpoint_adult_Doriginal_G/ag/IPC_43/best_models_ag_seed_8_space_original/svc_best_params.json


>>> Optuna tuning logreg metodo ag IPC 43 seed 8


[I 2025-05-15 08:29:26,599] Trial 0 finished with value: 0.7902777777777777 and parameters: {'C': 23.288794782471303, 'penalty': 'l2'}. Best is trial 0 with value: 0.7902777777777777.
[I 2025-05-15 08:29:26,943] Trial 1 finished with value: 0.8027777777777778 and parameters: {'C': 69.61507800412923, 'penalty': 'l2'}. Best is trial 1 with value: 0.8027777777777778.
[I 2025-05-15 08:29:26,991] Trial 2 finished with value: 0.7902777777777777 and parameters: {'C': 22.180569925473442, 'penalty': 'l2'}. Best is trial 1 with value: 0.8027777777777778.
[I 2025-05-15 08:29:27,026] Trial 3 finished with value: 0.7777777777777777 and parameters: {'C': 0.4511058486037652, 'penalty': 'l2'}. Best is trial 1 with value: 0.8027777777777778.
[I 2025-05-15 08:29:27,050] Trial 4 finished with value: 0.7652777777777778 and parameters: {'C': 0.014576110093994574, 'penalty': 'l2'}. Best is trial 1 with value: 0.8027777777777778.
[I 2025-05-15 08:29:27,079] Trial 5 finished with value: 0.7430555555555556 and parameters: {'C': 0.0011402340906886685, 'penalty': 'l2'}. Best is trial 1 with value: 0.8027777777777778.
[I 2025-05-15 08:29:27,102] Trial 6 finished with value: 0.8013888888888889 and parameters: {'C': 0.14201822862985758, 'penalty': 'l2'}. Best is trial 1 with value: 0.8027777777777778.
[I 2025-05-15 08:29:27,126] Trial 7 finished with value: 0.8013888888888889 and parameters: {'C': 0.1027440782219989, 'penalty': 'l2'}. Best is trial 1 with value: 0.8027777777777778.
[I 2025-05-15 08:29:27,159] Trial 8 finished with value: 0.7777777777777777 and parameters: {'C': 0.41055690122086846, 'penalty': 'l2'}. Best is trial 1 with value: 0.8027777777777778.
[I 2025-05-15 08:29:27,182] Trial 9 finished with value: 0.8013888888888889 and parameters: {'C': 0.24658064201770763, 'penalty': 'l2'}. Best is trial 1 with value: 0.8027777777777778.
[I 2025-05-15 08:29:27,219] Trial 10 finished with value: 0.8027777777777778 and parameters: {'C': 92.46141821928147, 'penalty': 'l2'}. Best is trial 1 with value: 0.8027777777777778.
[I 2025-05-15 08:29:28,717] Trial 11 finished with value: 0.8027777777777778 and parameters: {'C': 65.87674766828499, 'penalty': 'l2'}. Best is trial 1 with value: 0.8027777777777778.
[I 2025-05-15 08:29:30,760] Trial 12 finished with value: 0.7444444444444444 and parameters: {'C': 3.835078223030007, 'penalty': 'l2'}. Best is trial 1 with value: 0.8027777777777778.
[I 2025-05-15 08:29:30,795] Trial 13 finished with value: 0.7319444444444444 and parameters: {'C': 5.213385184611433, 'penalty': 'l2'}. Best is trial 1 with value: 0.8027777777777778.
[I 2025-05-15 08:29:30,842] Trial 14 finished with value: 0.8027777777777778 and parameters: {'C': 86.3055046696311, 'penalty': 'l2'}. Best is trial 1 with value: 0.8027777777777778.
[I 2025-05-15 08:29:30,879] Trial 15 finished with value: 0.7444444444444444 and parameters: {'C': 3.4113487923835675, 'penalty': 'l2'}. Best is trial 1 with value: 0.8027777777777778.
[I 2025-05-15 08:29:30,906] Trial 16 finished with value: 0.7541666666666667 and parameters: {'C': 14.431150299720267, 'penalty': 'l2'}. Best is trial 1 with value: 0.8027777777777778.
[I 2025-05-15 08:29:30,963] Trial 17 finished with value: 0.7444444444444444 and parameters: {'C': 1.3731515929933007, 'penalty': 'l2'}. Best is trial 1 with value: 0.8027777777777778.
[I 2025-05-15 08:29:31,000] Trial 18 finished with value: 0.8027777777777778 and parameters: {'C': 93.43196015912538, 'penalty': 'l2'}. Best is trial 1 with value: 0.8027777777777778.
[I 2025-05-15 08:29:31,037] Trial 19 finished with value: 0.7430555555555555 and parameters: {'C': 11.518589054514726, 'penalty': 'l2'}. Best is trial 1 with value: 0.8027777777777778.
[I 2025-05-15 08:29:31,064] Trial 20 finished with value: 0.8013888888888889 and parameters: {'C': 0.033272546261716475, 'penalty': 'l2'}. Best is trial 1 with value: 0.8027777777777778.
[I 2025-05-15 08:29:31,141] Trial 21 finished with value: 0.8027777777777778 and parameters: {'C': 51.07554324002401, 'penalty': 'l2'}. Best is trial 1 with value: 0.8027777777777778.
[I 2025-05-15 08:29:31,208] Trial 22 finished with value: 0.8027777777777778 and parameters: {'C': 40.084316532165936, 'penalty': 'l2'}. Best is trial 1 with value: 0.8027777777777778.
[I 2025-05-15 08:29:31,256] Trial 23 finished with value: 0.7430555555555555 and parameters: {'C': 9.205606961133883, 'penalty': 'l2'}. Best is trial 1 with value: 0.8027777777777778.
[I 2025-05-15 08:29:33,161] Trial 24 finished with value: 0.7555555555555555 and parameters: {'C': 1.192523541488648, 'penalty': 'l2'}. Best is trial 1 with value: 0.8027777777777778.
[I 2025-05-15 08:29:33,230] Trial 25 finished with value: 0.8027777777777778 and parameters: {'C': 99.90615121845553, 'penalty': 'l2'}. Best is trial 1 with value: 0.8027777777777778.
[I 2025-05-15 08:29:33,276] Trial 26 finished with value: 0.8027777777777778 and parameters: {'C': 37.624083380080044, 'penalty': 'l2'}. Best is trial 1 with value: 0.8027777777777778.
[I 2025-05-15 08:29:33,319] Trial 27 finished with value: 0.7444444444444444 and parameters: {'C': 1.7034206738364657, 'penalty': 'l2'}. Best is trial 1 with value: 0.8027777777777778.
[I 2025-05-15 08:29:33,388] Trial 28 finished with value: 0.7430555555555555 and parameters: {'C': 9.382093166290412, 'penalty': 'l2'}. Best is trial 1 with value: 0.8027777777777778.
