[I 2025-05-15 07:36:48,688] Trial 1 finished with value: 0.5333333333333333 and parameters: {'C': 0.06712381339142241, 'gamma': 0.47254549996710477}. Best is trial 0 with value: 0.5333333333333333.
[I 2025-05-15 07:36:48,712] Trial 2 finished with value: 0.7861111111111111 and parameters: {'C': 0.8987621100554035, 'gamma': 0.027988231123708972}. Best is trial 2 with value: 0.7861111111111111.
[I 2025-05-15 07:36:48,736] Trial 3 finished with value: 0.798611111111111 and parameters: {'C': 11.5779435007655, 'gamma': 0.011848734045499056}. Best is trial 3 with value: 0.798611111111111.
[I 2025-05-15 07:36:48,750] Trial 4 finished with value: 0.5 and parameters: {'C': 0.1538870258903583, 'gamma': 0.0005634883151169033}. Best is trial 3 with value: 0.798611111111111.
[I 2025-05-15 07:36:48,775] Trial 5 finished with value: 0.5444444444444445 and parameters: {'C': 0.021036092656561454, 'gamma': 0.08990030906808326}. Best is trial 3 with value: 0.798611111111111.
[I 2025-05-15 07:36:48,821] Trial 6 finished with value: 0.5 and parameters: {'C': 0.5824208201678516, 'gamma': 0.00042977333932534993}. Best is trial 3 with value: 0.798611111111111.
[I 2025-05-15 07:36:48,845] Trial 7 finished with value: 0.7972222222222222 and parameters: {'C': 33.09391330085814, 'gamma': 0.001248377256719358}. Best is trial 3 with value: 0.798611111111111.
[I 2025-05-15 07:36:48,868] Trial 8 finished with value: 0.5 and parameters: {'C': 0.45387898639622015, 'gamma': 0.0015286910781809498}. Best is trial 3 with value: 0.798611111111111.
[I 2025-05-15 07:36:48,891] Trial 9 finished with value: 0.7861111111111111 and parameters: {'C': 3.274550070431994, 'gamma': 0.02086177421469992}. Best is trial 3 with value: 0.798611111111111.
[I 2025-05-15 07:36:48,938] Trial 10 finished with value: 0.8097222222222221 and parameters: {'C': 90.06440757156173, 'gamma': 0.004099569284748027}. Best is trial 10 with value: 0.8097222222222221.
[I 2025-05-15 07:36:49,645] Trial 11 finished with value: 0.7861111111111111 and parameters: {'C': 92.61335740959598, 'gamma': 0.005097617049292433}. Best is trial 10 with value: 0.8097222222222221.
[I 2025-05-15 07:36:50,556] Trial 12 finished with value: 0.7972222222222222 and parameters: {'C': 11.20873739497039, 'gamma': 0.005631964035374463}. Best is trial 10 with value: 0.8097222222222221.
[I 2025-05-15 07:36:50,595] Trial 13 finished with value: 0.513888888888889 and parameters: {'C': 8.10176948786935, 'gamma': 0.00018323629585262105}. Best is trial 10 with value: 0.8097222222222221.
[I 2025-05-15 07:36:50,632] Trial 14 finished with value: 0.7249999999999999 and parameters: {'C': 84.0343395593685, 'gamma': 0.06138376625628865}. Best is trial 10 with value: 0.8097222222222221.
[I 2025-05-15 07:36:50,671] Trial 15 finished with value: 0.8097222222222221 and parameters: {'C': 19.333068482093132, 'gamma': 0.00404423116497995}. Best is trial 10 with value: 0.8097222222222221.
[I 2025-05-15 07:36:50,705] Trial 16 finished with value: 0.7958333333333333 and parameters: {'C': 3.061397902021056, 'gamma': 0.0025654002897082823}. Best is trial 10 with value: 0.8097222222222221.
[I 2025-05-15 07:36:50,741] Trial 17 finished with value: 0.6666666666666666 and parameters: {'C': 24.065282040581945, 'gamma': 0.00014571551580927586}. Best is trial 10 with value: 0.8097222222222221.
[I 2025-05-15 07:36:50,776] Trial 18 finished with value: 0.798611111111111 and parameters: {'C': 40.79454839224616, 'gamma': 0.004113961522844855}. Best is trial 10 with value: 0.8097222222222221.
[I 2025-05-15 07:36:50,810] Trial 19 finished with value: 0.5694444444444444 and parameters: {'C': 3.262511056867563, 'gamma': 0.0006156213703513423}. Best is trial 10 with value: 0.8097222222222221.
[I 2025-05-15 07:36:50,844] Trial 20 finished with value: 0.7972222222222222 and parameters: {'C': 21.036349333625456, 'gamma': 0.013946843713220816}. Best is trial 10 with value: 0.8097222222222221.
[I 2025-05-15 07:36:50,879] Trial 21 finished with value: 0.8097222222222221 and parameters: {'C': 7.590032860840823, 'gamma': 0.010001408316611313}. Best is trial 10 with value: 0.8097222222222221.
[I 2025-05-15 07:36:50,915] Trial 22 finished with value: 0.7597222222222222 and parameters: {'C': 54.8802583319245, 'gamma': 0.04492307631470099}. Best is trial 10 with value: 0.8097222222222221.
[I 2025-05-15 07:36:50,957] Trial 23 finished with value: 0.7972222222222222 and parameters: {'C': 7.5503152552327295, 'gamma': 0.007197297806211116}. Best is trial 10 with value: 0.8097222222222221.
[I 2025-05-15 07:36:50,994] Trial 24 finished with value: 0.5791666666666666 and parameters: {'C': 1.5938900224732133, 'gamma': 0.0016825226783772683}. Best is trial 10 with value: 0.8097222222222221.
[I 2025-05-15 07:36:51,027] Trial 25 finished with value: 0.6444444444444445 and parameters: {'C': 19.615786889413943, 'gamma': 0.19745156859460922}. Best is trial 10 with value: 0.8097222222222221.
[I 2025-05-15 07:36:51,059] Trial 26 finished with value: 0.7972222222222222 and parameters: {'C': 5.267854293112711, 'gamma': 0.0036097391970132606}. Best is trial 10 with value: 0.8097222222222221.
[I 2025-05-15 07:36:51,088] Trial 27 finished with value: 0.7972222222222223 and parameters: {'C': 48.086068369986165, 'gamma': 0.012446265468851001}. Best is trial 10 with value: 0.8097222222222221.
[I 2025-05-15 07:36:51,123] Trial 28 finished with value: 0.7388888888888889 and parameters: {'C': 20.329581897504095, 'gamma': 0.02879088108171867}. Best is trial 10 with value: 0.8097222222222221.
[I 2025-05-15 07:36:51,167] Trial 29 finished with value: 0.6930555555555555 and parameters: {'C': 1.4676134437868742, 'gamma': 0.19632932360516442}. Best is trial 10 with value: 0.8097222222222221.
[I 2025-05-15 07:36:54,297] A new study created in memory with name: logreg
Parámetros guardados en checkpoint_adult_Doriginal_G/ag/IPC_43/best_models_ag_seed_5_space_original/svc_best_params.json


>>> Optuna tuning logreg metodo ag IPC 43 seed 5


[I 2025-05-15 07:36:58,899] Trial 0 finished with value: 0.7847222222222221 and parameters: {'C': 0.012881482725481003, 'penalty': 'l2'}. Best is trial 0 with value: 0.7847222222222221.
[I 2025-05-15 07:36:59,026] Trial 1 finished with value: 0.8402777777777779 and parameters: {'C': 22.576755560681583, 'penalty': 'l2'}. Best is trial 1 with value: 0.8402777777777779.
[I 2025-05-15 07:36:59,051] Trial 2 finished with value: 0.7847222222222221 and parameters: {'C': 0.010804278656839932, 'penalty': 'l2'}. Best is trial 1 with value: 0.8402777777777779.
[I 2025-05-15 07:36:59,086] Trial 3 finished with value: 0.8402777777777779 and parameters: {'C': 39.17910760336117, 'penalty': 'l2'}. Best is trial 1 with value: 0.8402777777777779.
[I 2025-05-15 07:36:59,111] Trial 4 finished with value: 0.8083333333333332 and parameters: {'C': 0.2767298094062571, 'penalty': 'l2'}. Best is trial 1 with value: 0.8402777777777779.
[I 2025-05-15 07:36:59,136] Trial 5 finished with value: 0.7847222222222221 and parameters: {'C': 1.1447728330837224, 'penalty': 'l2'}. Best is trial 1 with value: 0.8402777777777779.
[I 2025-05-15 07:36:59,162] Trial 6 finished with value: 0.7958333333333332 and parameters: {'C': 6.753661388238877, 'penalty': 'l2'}. Best is trial 1 with value: 0.8402777777777779.
[I 2025-05-15 07:36:59,187] Trial 7 finished with value: 0.8083333333333332 and parameters: {'C': 0.39092184460352974, 'penalty': 'l2'}. Best is trial 1 with value: 0.8402777777777779.
[I 2025-05-15 07:36:59,210] Trial 8 finished with value: 0.7847222222222221 and parameters: {'C': 0.03047912590082646, 'penalty': 'l2'}. Best is trial 1 with value: 0.8402777777777779.
[I 2025-05-15 07:36:59,235] Trial 9 finished with value: 0.7847222222222221 and parameters: {'C': 0.008681727362499118, 'penalty': 'l2'}. Best is trial 1 with value: 0.8402777777777779.
[I 2025-05-15 07:36:59,276] Trial 10 finished with value: 0.851388888888889 and parameters: {'C': 90.29867735508974, 'penalty': 'l2'}. Best is trial 10 with value: 0.851388888888889.
[I 2025-05-15 07:37:00,054] Trial 11 finished with value: 0.851388888888889 and parameters: {'C': 65.31936101889447, 'penalty': 'l2'}. Best is trial 10 with value: 0.851388888888889.
[I 2025-05-15 07:37:00,845] Trial 12 finished with value: 0.8402777777777779 and parameters: {'C': 83.84419935947768, 'penalty': 'l2'}. Best is trial 10 with value: 0.851388888888889.
[I 2025-05-15 07:37:00,875] Trial 13 finished with value: 0.7847222222222221 and parameters: {'C': 5.398303237479397, 'penalty': 'l2'}. Best is trial 10 with value: 0.851388888888889.
[I 2025-05-15 07:37:00,905] Trial 14 finished with value: 0.6777777777777778 and parameters: {'C': 0.0010229884923599638, 'penalty': 'l2'}. Best is trial 10 with value: 0.851388888888889.
[I 2025-05-15 07:37:00,935] Trial 15 finished with value: 0.7847222222222221 and parameters: {'C': 7.291351299862254, 'penalty': 'l2'}. Best is trial 10 with value: 0.851388888888889.
[I 2025-05-15 07:37:01,859] Trial 16 finished with value: 0.851388888888889 and parameters: {'C': 81.71759326546615, 'penalty': 'l2'}. Best is trial 10 with value: 0.851388888888889.
[I 2025-05-15 07:37:01,898] Trial 17 finished with value: 0.7861111111111111 and parameters: {'C': 1.38961128706446, 'penalty': 'l2'}. Best is trial 10 with value: 0.851388888888889.
[I 2025-05-15 07:37:02,611] Trial 18 finished with value: 0.8069444444444442 and parameters: {'C': 13.392844950926891, 'penalty': 'l2'}. Best is trial 10 with value: 0.851388888888889.
[I 2025-05-15 07:37:03,533] Trial 19 finished with value: 0.7861111111111111 and parameters: {'C': 2.1631939541914624, 'penalty': 'l2'}. Best is trial 10 with value: 0.851388888888889.
[I 2025-05-15 07:37:03,562] Trial 20 finished with value: 0.8083333333333332 and parameters: {'C': 0.0723450305209305, 'penalty': 'l2'}. Best is trial 10 with value: 0.851388888888889.
[I 2025-05-15 07:37:03,602] Trial 21 finished with value: 0.8402777777777779 and parameters: {'C': 69.69248555805001, 'penalty': 'l2'}. Best is trial 10 with value: 0.851388888888889.
[I 2025-05-15 07:37:03,642] Trial 22 finished with value: 0.8402777777777779 and parameters: {'C': 29.4543482279912, 'penalty': 'l2'}. Best is trial 10 with value: 0.851388888888889.
[I 2025-05-15 07:37:03,682] Trial 23 finished with value: 0.851388888888889 and parameters: {'C': 78.47180878362126, 'penalty': 'l2'}. Best is trial 10 with value: 0.851388888888889.
[I 2025-05-15 07:37:03,711] Trial 24 finished with value: 0.8069444444444442 and parameters: {'C': 17.33761008559665, 'penalty': 'l2'}. Best is trial 10 with value: 0.851388888888889.
[I 2025-05-15 07:37:03,741] Trial 25 finished with value: 0.7847222222222221 and parameters: {'C': 3.325507771267633, 'penalty': 'l2'}. Best is trial 10 with value: 0.851388888888889.
[I 2025-05-15 07:37:03,770] Trial 26 finished with value: 0.8402777777777779 and parameters: {'C': 37.45365885082905, 'penalty': 'l2'}. Best is trial 10 with value: 0.851388888888889.
[I 2025-05-15 07:37:03,809] Trial 27 finished with value: 0.851388888888889 and parameters: {'C': 85.24338876706314, 'penalty': 'l2'}. Best is trial 10 with value: 0.851388888888889.
[I 2025-05-15 07:37:03,839] Trial 28 finished with value: 0.8069444444444442 and parameters: {'C': 14.451193479788197, 'penalty': 'l2'}. Best is trial 10 with value: 0.851388888888889.
[I 2025-05-15 07:37:03,868] Trial 29 finished with value: 0.7972222222222222 and parameters: {'C': 0.5511681301396717, 'penalty': 'l2'}. Best is trial 10 with value: 0.851388888888889.
[I 2025-05-15 07:37:07,956] A new study created in memory with name: mlp
Parámetros guardados en checkpoint_adult_Doriginal_G/ag/IPC_43/best_models_ag_seed_5_space_original/logreg_best_params.json


>>> Optuna tuning mlp metodo ag IPC 43 seed 5


/data/home/rtabares/anaconda3/envs/pyth3.12/lib/python3.12/site-packages/sklearn/neural_network/_multilayer_perceptron.py:691: ConvergenceWarning: Stochastic Optimizer: Maximum iterations (50) reached and the optimization hasn't converged yet.
  warnings.warn(
/data/home/rtabares/anaconda3/envs/pyth3.12/lib/python3.12/site-packages/sklearn/neural_network/_multilayer_perceptron.py:691: ConvergenceWarning: Stochastic Optimizer: Maximum iterations (50) reached and the optimization hasn't converged yet.
  warnings.warn(
/data/home/rtabares/anaconda3/envs/pyth3.12/lib/python3.12/site-packages/sklearn/neural_network/_multilayer_perceptron.py:691: ConvergenceWarning: Stochastic Optimizer: Maximum iterations (50) reached and the optimization hasn't converged yet.
  warnings.warn(
/data/home/rtabares/anaconda3/envs/pyth3.12/lib/python3.12/site-packages/sklearn/neural_network/_multilayer_perceptron.py:691: ConvergenceWarning: Stochastic Optimizer: Maximum iterations (50) reached and the optimization hasn't converged yet.
  warnings.warn(
/data/home/rtabares/anaconda3/envs/pyth3.12/lib/python3.12/site-packages/sklearn/neural_network/_multilayer_perceptron.py:691: ConvergenceWarning: Stochastic Optimizer: Maximum iterations (50) reached and the optimization hasn't converged yet.
  warnings.warn(
[I 2025-05-15 07:37:11,534] Trial 0 finished with value: 0.7972222222222222 and parameters: {'hidden_layer_sizes': (200,), 'max_iter': 50, 'alpha': 0.001}. Best is trial 0 with value: 0.7972222222222222.
/data/home/rtabares/anaconda3/envs/pyth3.12/lib/python3.12/site-packages/sklearn/neural_network/_multilayer_perceptron.py:691: ConvergenceWarning: Stochastic Optimizer: Maximum iterations (100) reached and the optimization hasn't converged yet.
  warnings.warn(
/data/home/rtabares/anaconda3/envs/pyth3.12/lib/python3.12/site-packages/sklearn/neural_network/_multilayer_perceptron.py:691: ConvergenceWarning: Stochastic Optimizer: Maximum iterations (100) reached and the optimization hasn't converged yet.
  warnings.warn(
/data/home/rtabares/anaconda3/envs/pyth3.12/lib/python3.12/site-packages/sklearn/neural_network/_multilayer_perceptron.py:691: ConvergenceWarning: Stochastic Optimizer: Maximum iterations (100) reached and the optimization hasn't converged yet.
  warnings.warn(
/data/home/rtabares/anaconda3/envs/pyth3.12/lib/python3.12/site-packages/sklearn/neural_network/_multilayer_perceptron.py:691: ConvergenceWarning: Stochastic Optimizer: Maximum iterations (100) reached and the optimization hasn't converged yet.
  warnings.warn(
/data/home/rtabares/anaconda3/envs/pyth3.12/lib/python3.12/site-packages/sklearn/neural_network/_multilayer_perceptron.py:691: ConvergenceWarning: Stochastic Optimizer: Maximum iterations (100) reached and the optimization hasn't converged yet.
  warnings.warn(
[I 2025-05-15 07:37:11,726] Trial 1 finished with value: 0.775 and parameters: {'hidden_layer_sizes': (100,), 'max_iter': 100, 'alpha': 0.0001}. Best is trial 0 with value: 0.7972222222222222.
/data/home/rtabares/anaconda3/envs/pyth3.12/lib/python3.12/site-packages/sklearn/neural_network/_multilayer_perceptron.py:691: ConvergenceWarning: Stochastic Optimizer: Maximum iterations (100) reached and the optimization hasn't converged yet.
  warnings.warn(
/data/home/rtabares/anaconda3/envs/pyth3.12/lib/python3.12/site-packages/sklearn/neural_network/_multilayer_perceptron.py:691: ConvergenceWarning: Stochastic Optimizer: Maximum iterations (100) reached and the optimization hasn't converged yet.
  warnings.warn(
/data/home/rtabares/anaconda3/envs/pyth3.12/lib/python3.12/site-packages/sklearn/neural_network/_multilayer_perceptron.py:691: ConvergenceWarning: Stochastic Optimizer: Maximum iterations (100) reached and the optimization hasn't converged yet.
  warnings.warn(
/data/home/rtabares/anaconda3/envs/pyth3.12/lib/python3.12/site-packages/sklearn/neural_network/_multilayer_perceptron.py:691: ConvergenceWarning: Stochastic Optimizer: Maximum iterations (100) reached and the optimization hasn't converged yet.
  warnings.warn(
/data/home/rtabares/anaconda3/envs/pyth3.12/lib/python3.12/site-packages/sklearn/neural_network/_multilayer_perceptron.py:691: ConvergenceWarning: Stochastic Optimizer: Maximum iterations (100) reached and the optimization hasn't converged yet.
  warnings.warn(
[I 2025-05-15 07:37:11,814] Trial 2 finished with value: 0.7847222222222221 and parameters: {'hidden_layer_sizes': (100,), 'max_iter': 100, 'alpha': 0.001}. Best is trial 0 with value: 0.7972222222222222.
/data/home/rtabares/anaconda3/envs/pyth3.12/lib/python3.12/site-packages/sklearn/neural_network/_multilayer_perceptron.py:691: ConvergenceWarning: Stochastic Optimizer: Maximum iterations (50) reached and the optimization hasn't converged yet.
  warnings.warn(
/data/home/rtabares/anaconda3/envs/pyth3.12/lib/python3.12/site-packages/sklearn/neural_network/_multilayer_perceptron.py:691: ConvergenceWarning: Stochastic Optimizer: Maximum iterations (50) reached and the optimization hasn't converged yet.
  warnings.warn(
/data/home/rtabares/anaconda3/envs/pyth3.12/lib/python3.12/site-packages/sklearn/neural_network/_multilayer_perceptron.py:691: ConvergenceWarning: Stochastic Optimizer: Maximum iterations (50) reached and the optimization hasn't converged yet.
  warnings.warn(
/data/home/rtabares/anaconda3/envs/pyth3.12/lib/python3.12/site-packages/sklearn/neural_network/_multilayer_perceptron.py:691: ConvergenceWarning: Stochastic Optimizer: Maximum iterations (50) reached and the optimization hasn't converged yet.
  warnings.warn(
/data/home/rtabares/anaconda3/envs/pyth3.12/lib/python3.12/site-packages/sklearn/neural_network/_multilayer_perceptron.py:691: ConvergenceWarning: Stochastic Optimizer: Maximum iterations (50) reached and the optimization hasn't converged yet.
  warnings.warn(
[I 2025-05-15 07:37:12,566] Trial 3 finished with value: 0.7972222222222222 and parameters: {'hidden_layer_sizes': (200,), 'max_iter': 50, 'alpha': 0.001}. Best is trial 0 with value: 0.7972222222222222.
/data/home/rtabares/anaconda3/envs/pyth3.12/lib/python3.12/site-packages/sklearn/neural_network/_multilayer_perceptron.py:691: ConvergenceWarning: Stochastic Optimizer: Maximum iterations (100) reached and the optimization hasn't converged yet.
  warnings.warn(
/data/home/rtabares/anaconda3/envs/pyth3.12/lib/python3.12/site-packages/sklearn/neural_network/_multilayer_perceptron.py:691: ConvergenceWarning: Stochastic Optimizer: Maximum iterations (100) reached and the optimization hasn't converged yet.
  warnings.warn(
/data/home/rtabares/anaconda3/envs/pyth3.12/lib/python3.12/site-packages/sklearn/neural_network/_multilayer_perceptron.py:691: ConvergenceWarning: Stochastic Optimizer: Maximum iterations (100) reached and the optimization hasn't converged yet.
  warnings.warn(
/data/home/rtabares/anaconda3/envs/pyth3.12/lib/python3.12/site-packages/sklearn/neural_network/_multilayer_perceptron.py:691: ConvergenceWarning: Stochastic Optimizer: Maximum iterations (100) reached and the optimization hasn't converged yet.
  warnings.warn(
/data/home/rtabares/anaconda3/envs/pyth3.12/lib/python3.12/site-packages/sklearn/neural_network/_multilayer_perceptron.py:691: ConvergenceWarning: Stochastic Optimizer: Maximum iterations (100) reached and the optimization hasn't converged yet.
  warnings.warn(
[I 2025-05-15 07:37:12,661] Trial 4 finished with value: 0.773611111111111 and parameters: {'hidden_layer_sizes': (100,), 'max_iter': 100, 'alpha': 0.0001}. Best is trial 0 with value: 0.7972222222222222.
/data/home/rtabares/anaconda3/envs/pyth3.12/lib/python3.12/site-packages/sklearn/neural_network/_multilayer_perceptron.py:691: ConvergenceWarning: Stochastic Optimizer: Maximum iterations (100) reached and the optimization hasn't converged yet.
  warnings.warn(
/data/home/rtabares/anaconda3/envs/pyth3.12/lib/python3.12/site-packages/sklearn/neural_network/_multilayer_perceptron.py:691: ConvergenceWarning: Stochastic Optimizer: Maximum iterations (100) reached and the optimization hasn't converged yet.
  warnings.warn(
/data/home/rtabares/anaconda3/envs/pyth3.12/lib/python3.12/site-packages/sklearn/neural_network/_multilayer_perceptron.py:691: ConvergenceWarning: Stochastic Optimizer: Maximum iterations (100) reached and the optimization hasn't converged yet.
  warnings.warn(
/data/home/rtabares/anaconda3/envs/pyth3.12/lib/python3.12/site-packages/sklearn/neural_network/_multilayer_perceptron.py:691: ConvergenceWarning: Stochastic Optimizer: Maximum iterations (100) reached and the optimization hasn't converged yet.
  warnings.warn(
/data/home/rtabares/anaconda3/envs/pyth3.12/lib/python3.12/site-packages/sklearn/neural_network/_multilayer_perceptron.py:691: ConvergenceWarning: Stochastic Optimizer: Maximum iterations (100) reached and the optimization hasn't converged yet.
  warnings.warn(
