[I 2025-05-15 07:35:55,711] Trial 12 finished with value: 0.7 and parameters: {'n_estimators': 10, 'max_depth': 5, 'gamma': 0.41550147001765914, 'subsample': 0.9077278082894746, 'colsample_bytree': 0.9715083346653923}. Best is trial 4 with value: 0.7.
/data/home/rtabares/anaconda3/envs/pyth3.12/lib/python3.12/site-packages/xgboost/core.py:377: FutureWarning: Your system has an old version of glibc (< 2.28). We will stop supporting Linux distros with glibc older than 2.28 after **May 31, 2025**. Please upgrade to a recent Linux distro (with glibc >= 2.28) to use future versions of XGBoost.
Note: You have installed the 'manylinux2014' variant of XGBoost. Certain features such as GPU algorithms or federated learning are not available. To use these features, please upgrade to a recent Linux distro with glibc 2.28+, and install the 'manylinux_2_28' variant.
  warnings.warn(
[I 2025-05-15 07:35:56,446] Trial 13 finished with value: 0.7 and parameters: {'n_estimators': 10, 'max_depth': 5, 'gamma': 0.11701644856579113, 'subsample': 0.9279363521509754, 'colsample_bytree': 0.6495128801845985}. Best is trial 4 with value: 0.7.
[I 2025-05-15 07:35:56,486] Trial 14 finished with value: 0.4833333333333333 and parameters: {'n_estimators': 10, 'max_depth': 5, 'gamma': 0.47463712168020167, 'subsample': 0.6658807753897364, 'colsample_bytree': 0.5013541727082262}. Best is trial 4 with value: 0.7.
[I 2025-05-15 07:35:56,527] Trial 15 finished with value: 0.65 and parameters: {'n_estimators': 10, 'max_depth': 20, 'gamma': 0.2743824611255003, 'subsample': 0.860564527993072, 'colsample_bytree': 0.609848474696326}. Best is trial 4 with value: 0.7.
[I 2025-05-15 07:35:56,578] Trial 16 finished with value: 0.65 and parameters: {'n_estimators': 100, 'max_depth': 5, 'gamma': 0.5788830839131145, 'subsample': 0.9866427955127265, 'colsample_bytree': 0.7673290330616085}. Best is trial 4 with value: 0.7.
/data/home/rtabares/anaconda3/envs/pyth3.12/lib/python3.12/site-packages/xgboost/core.py:377: FutureWarning: Your system has an old version of glibc (< 2.28). We will stop supporting Linux distros with glibc older than 2.28 after **May 31, 2025**. Please upgrade to a recent Linux distro (with glibc >= 2.28) to use future versions of XGBoost.
Note: You have installed the 'manylinux2014' variant of XGBoost. Certain features such as GPU algorithms or federated learning are not available. To use these features, please upgrade to a recent Linux distro with glibc 2.28+, and install the 'manylinux_2_28' variant.
  warnings.warn(
[I 2025-05-15 07:35:57,317] Trial 17 finished with value: 0.4333333333333333 and parameters: {'n_estimators': 10, 'max_depth': 5, 'gamma': 0.18347701253641108, 'subsample': 0.5053007952589881, 'colsample_bytree': 0.8192506297463675}. Best is trial 4 with value: 0.7.
[I 2025-05-15 07:35:57,364] Trial 18 finished with value: 0.7 and parameters: {'n_estimators': 10, 'max_depth': 20, 'gamma': 0.4604663653701822, 'subsample': 0.8681911463635885, 'colsample_bytree': 0.5789447445136015}. Best is trial 4 with value: 0.7.
[I 2025-05-15 07:35:57,433] Trial 19 finished with value: 0.65 and parameters: {'n_estimators': 100, 'max_depth': 5, 'gamma': 0.32208599606884236, 'subsample': 0.9486826877623283, 'colsample_bytree': 0.6938956746319904}. Best is trial 4 with value: 0.7.
[I 2025-05-15 07:35:57,478] Trial 20 finished with value: 0.5166666666666666 and parameters: {'n_estimators': 10, 'max_depth': 20, 'gamma': 0.21303417696454757, 'subsample': 0.7200878714531078, 'colsample_bytree': 0.9925274121873282}. Best is trial 4 with value: 0.7.
[I 2025-05-15 07:35:57,520] Trial 21 finished with value: 0.7 and parameters: {'n_estimators': 10, 'max_depth': 5, 'gamma': 0.10884944353746728, 'subsample': 0.9979110408814345, 'colsample_bytree': 0.5053305239240827}. Best is trial 4 with value: 0.7.
[I 2025-05-15 07:35:57,560] Trial 22 finished with value: 0.65 and parameters: {'n_estimators': 10, 'max_depth': 5, 'gamma': 0.10072026205862661, 'subsample': 0.9476100019014176, 'colsample_bytree': 0.5556892499353697}. Best is trial 4 with value: 0.7.
[I 2025-05-15 07:35:57,598] Trial 23 finished with value: 0.6666666666666666 and parameters: {'n_estimators': 10, 'max_depth': 5, 'gamma': 0.20378474798117885, 'subsample': 0.8729709473518582, 'colsample_bytree': 0.5515574762418748}. Best is trial 4 with value: 0.7.
[I 2025-05-15 07:35:57,635] Trial 24 finished with value: 0.65 and parameters: {'n_estimators': 10, 'max_depth': 5, 'gamma': 0.3349524446282966, 'subsample': 0.9586008147167784, 'colsample_bytree': 0.5982165671165192}. Best is trial 4 with value: 0.7.
[I 2025-05-15 07:35:57,675] Trial 25 finished with value: 0.5333333333333333 and parameters: {'n_estimators': 10, 'max_depth': 5, 'gamma': 0.17315458419248286, 'subsample': 0.8970215438700083, 'colsample_bytree': 0.5343006582887221}. Best is trial 4 with value: 0.7.
[I 2025-05-15 07:35:57,724] Trial 26 finished with value: 0.65 and parameters: {'n_estimators': 10, 'max_depth': 20, 'gamma': 0.6345973056950355, 'subsample': 0.9628797918024377, 'colsample_bytree': 0.6559926587597747}. Best is trial 4 with value: 0.7.
[I 2025-05-15 07:35:57,770] Trial 27 finished with value: 0.7 and parameters: {'n_estimators': 10, 'max_depth': 5, 'gamma': 0.4311218007019222, 'subsample': 0.9961490322276838, 'colsample_bytree': 0.7390078060437235}. Best is trial 4 with value: 0.7.
[I 2025-05-15 07:35:57,820] Trial 28 finished with value: 0.5666666666666667 and parameters: {'n_estimators': 100, 'max_depth': 5, 'gamma': 0.27521602594830874, 'subsample': 0.8510375284683089, 'colsample_bytree': 0.5978762186740548}. Best is trial 4 with value: 0.7.
[I 2025-05-15 07:35:57,864] Trial 29 finished with value: 0.6166666666666666 and parameters: {'n_estimators': 40, 'max_depth': 20, 'gamma': 0.5187373633489192, 'subsample': 0.9265804463281888, 'colsample_bytree': 0.6874083262168753}. Best is trial 4 with value: 0.7.
[I 2025-05-15 07:36:10,337] A new study created in memory with name: rf
Parámetros guardados en checkpoint_shoppers_Doriginal_F/k_center/IPC_11/best_models_k_center_seed_6_space_original/xgb_best_params.json


>>> Optuna tuning rf metodo k_center IPC 11 seed 6


[I 2025-05-15 07:36:11,729] Trial 0 finished with value: 0.5833333333333333 and parameters: {'n_estimators': 458, 'max_depth': 8, 'min_samples_split': 9, 'min_samples_leaf': 1}. Best is trial 0 with value: 0.5833333333333333.
[I 2025-05-15 07:36:11,967] Trial 1 finished with value: 0.36666666666666664 and parameters: {'n_estimators': 143, 'max_depth': 13, 'min_samples_split': 6, 'min_samples_leaf': 5}. Best is trial 0 with value: 0.5833333333333333.
[I 2025-05-15 07:36:12,437] Trial 2 finished with value: 0.5 and parameters: {'n_estimators': 234, 'max_depth': 14, 'min_samples_split': 5, 'min_samples_leaf': 8}. Best is trial 0 with value: 0.5833333333333333.
[I 2025-05-15 07:36:12,906] Trial 3 finished with value: 0.5 and parameters: {'n_estimators': 307, 'max_depth': 13, 'min_samples_split': 7, 'min_samples_leaf': 10}. Best is trial 0 with value: 0.5833333333333333.
[I 2025-05-15 07:36:13,640] Trial 4 finished with value: 0.5 and parameters: {'n_estimators': 428, 'max_depth': 10, 'min_samples_split': 9, 'min_samples_leaf': 9}. Best is trial 0 with value: 0.5833333333333333.
[I 2025-05-15 07:36:13,942] Trial 5 finished with value: 0.5 and parameters: {'n_estimators': 121, 'max_depth': 15, 'min_samples_split': 9, 'min_samples_leaf': 8}. Best is trial 0 with value: 0.5833333333333333.
[I 2025-05-15 07:36:14,571] Trial 6 finished with value: 0.5 and parameters: {'n_estimators': 384, 'max_depth': 12, 'min_samples_split': 3, 'min_samples_leaf': 10}. Best is trial 0 with value: 0.5833333333333333.
[I 2025-05-15 07:36:15,104] Trial 7 finished with value: 0.5 and parameters: {'n_estimators': 261, 'max_depth': 6, 'min_samples_split': 8, 'min_samples_leaf': 10}. Best is trial 0 with value: 0.5833333333333333.
[I 2025-05-15 07:36:15,502] Trial 8 finished with value: 0.5 and parameters: {'n_estimators': 202, 'max_depth': 15, 'min_samples_split': 7, 'min_samples_leaf': 8}. Best is trial 0 with value: 0.5833333333333333.
[I 2025-05-15 07:36:16,574] Trial 9 finished with value: 0.41666666666666663 and parameters: {'n_estimators': 475, 'max_depth': 9, 'min_samples_split': 4, 'min_samples_leaf': 5}. Best is trial 0 with value: 0.5833333333333333.
[I 2025-05-15 07:36:17,519] Trial 10 finished with value: 0.5333333333333333 and parameters: {'n_estimators': 352, 'max_depth': 20, 'min_samples_split': 10, 'min_samples_leaf': 1}. Best is trial 0 with value: 0.5833333333333333.
[I 2025-05-15 07:36:18,936] Trial 11 finished with value: 0.5333333333333333 and parameters: {'n_estimators': 363, 'max_depth': 20, 'min_samples_split': 10, 'min_samples_leaf': 1}. Best is trial 0 with value: 0.5833333333333333.
[I 2025-05-15 07:36:20,829] Trial 12 finished with value: 0.5833333333333333 and parameters: {'n_estimators': 489, 'max_depth': 4, 'min_samples_split': 10, 'min_samples_leaf': 1}. Best is trial 0 with value: 0.5833333333333333.
[I 2025-05-15 07:36:21,746] Trial 13 finished with value: 0.45 and parameters: {'n_estimators': 468, 'max_depth': 3, 'min_samples_split': 10, 'min_samples_leaf': 3}. Best is trial 0 with value: 0.5833333333333333.
[I 2025-05-15 07:36:22,739] Trial 14 finished with value: 0.5333333333333334 and parameters: {'n_estimators': 483, 'max_depth': 3, 'min_samples_split': 8, 'min_samples_leaf': 3}. Best is trial 0 with value: 0.5833333333333333.
[I 2025-05-15 07:36:23,580] Trial 15 finished with value: 0.5166666666666666 and parameters: {'n_estimators': 424, 'max_depth': 6, 'min_samples_split': 8, 'min_samples_leaf': 3}. Best is trial 0 with value: 0.5833333333333333.
[I 2025-05-15 07:36:24,440] Trial 16 finished with value: 0.6333333333333333 and parameters: {'n_estimators': 498, 'max_depth': 6, 'min_samples_split': 9, 'min_samples_leaf': 2}. Best is trial 16 with value: 0.6333333333333333.
[I 2025-05-15 07:36:25,121] Trial 17 finished with value: 0.55 and parameters: {'n_estimators': 409, 'max_depth': 7, 'min_samples_split': 2, 'min_samples_leaf': 2}. Best is trial 16 with value: 0.6333333333333333.
[I 2025-05-15 07:36:25,652] Trial 18 finished with value: 0.41666666666666663 and parameters: {'n_estimators': 317, 'max_depth': 9, 'min_samples_split': 6, 'min_samples_leaf': 4}. Best is trial 16 with value: 0.6333333333333333.
[I 2025-05-15 07:36:26,416] Trial 19 finished with value: 0.4 and parameters: {'n_estimators': 447, 'max_depth': 7, 'min_samples_split': 9, 'min_samples_leaf': 6}. Best is trial 16 with value: 0.6333333333333333.
[I 2025-05-15 07:36:27,855] Trial 20 finished with value: 0.5833333333333333 and parameters: {'n_estimators': 498, 'max_depth': 5, 'min_samples_split': 7, 'min_samples_leaf': 2}. Best is trial 16 with value: 0.6333333333333333.
[I 2025-05-15 07:36:29,579] Trial 21 finished with value: 0.5833333333333333 and parameters: {'n_estimators': 447, 'max_depth': 5, 'min_samples_split': 9, 'min_samples_leaf': 1}. Best is trial 16 with value: 0.6333333333333333.
[I 2025-05-15 07:36:31,078] Trial 22 finished with value: 0.5833333333333333 and parameters: {'n_estimators': 394, 'max_depth': 8, 'min_samples_split': 10, 'min_samples_leaf': 2}. Best is trial 16 with value: 0.6333333333333333.
[I 2025-05-15 07:36:33,094] Trial 23 finished with value: 0.5333333333333333 and parameters: {'n_estimators': 493, 'max_depth': 4, 'min_samples_split': 8, 'min_samples_leaf': 1}. Best is trial 16 with value: 0.6333333333333333.
[I 2025-05-15 07:36:34,080] Trial 24 finished with value: 0.4833333333333333 and parameters: {'n_estimators': 452, 'max_depth': 10, 'min_samples_split': 9, 'min_samples_leaf': 2}. Best is trial 16 with value: 0.6333333333333333.
[I 2025-05-15 07:36:34,721] Trial 25 finished with value: 0.45 and parameters: {'n_estimators': 349, 'max_depth': 4, 'min_samples_split': 10, 'min_samples_leaf': 4}. Best is trial 16 with value: 0.6333333333333333.
[I 2025-05-15 07:36:35,637] Trial 26 finished with value: 0.5666666666666667 and parameters: {'n_estimators': 500, 'max_depth': 7, 'min_samples_split': 8, 'min_samples_leaf': 1}. Best is trial 16 with value: 0.6333333333333333.
[I 2025-05-15 07:36:36,444] Trial 27 finished with value: 0.5166666666666666 and parameters: {'n_estimators': 425, 'max_depth': 5, 'min_samples_split': 5, 'min_samples_leaf': 4}. Best is trial 16 with value: 0.6333333333333333.
[I 2025-05-15 07:36:37,061] Trial 28 finished with value: 0.6333333333333333 and parameters: {'n_estimators': 375, 'max_depth': 11, 'min_samples_split': 9, 'min_samples_leaf': 2}. Best is trial 16 with value: 0.6333333333333333.
[I 2025-05-15 07:36:37,656] Trial 29 finished with value: 0.5666666666666667 and parameters: {'n_estimators': 376, 'max_depth': 11, 'min_samples_split': 7, 'min_samples_leaf': 6}. Best is trial 16 with value: 0.6333333333333333.
[I 2025-05-15 07:36:46,919] A new study created in memory with name: svc
Parámetros guardados en checkpoint_shoppers_Doriginal_F/k_center/IPC_11/best_models_k_center_seed_6_space_original/rf_best_params.json


>>> Optuna tuning svc metodo k_center IPC 11 seed 6


[I 2025-05-15 07:36:49,728] Trial 0 finished with value: 0.25 and parameters: {'C': 37.27697013499731, 'gamma': 0.0021277432488243223}. Best is trial 0 with value: 0.25.
[I 2025-05-15 07:36:49,886] Trial 1 finished with value: 0.3833333333333333 and parameters: {'C': 19.271543171162776, 'gamma': 0.00014682043379470554}. Best is trial 1 with value: 0.3833333333333333.
[I 2025-05-15 07:36:49,916] Trial 2 finished with value: 0.25 and parameters: {'C': 0.0269542169583157, 'gamma': 0.023999835049635022}. Best is trial 1 with value: 0.3833333333333333.
[I 2025-05-15 07:36:49,934] Trial 3 finished with value: 0.36666666666666664 and parameters: {'C': 1.3160410886450586, 'gamma': 0.0047340159215720195}. Best is trial 1 with value: 0.3833333333333333.
[I 2025-05-15 07:36:49,950] Trial 4 finished with value: 0.25 and parameters: {'C': 0.21959952535674737, 'gamma': 0.030908485742507576}. Best is trial 1 with value: 0.3833333333333333.
[I 2025-05-15 07:36:49,976] Trial 5 finished with value: 0.2 and parameters: {'C': 0.5656733313644114, 'gamma': 0.08780685564625502}. Best is trial 1 with value: 0.3833333333333333.
[I 2025-05-15 07:36:49,992] Trial 6 finished with value: 0.1 and parameters: {'C': 1.1807165425157664, 'gamma': 0.020674470756231633}. Best is trial 1 with value: 0.3833333333333333.
[I 2025-05-15 07:36:50,007] Trial 7 finished with value: 0.35 and parameters: {'C': 3.8143486186647126, 'gamma': 0.9138966502602072}. Best is trial 1 with value: 0.3833333333333333.
[I 2025-05-15 07:36:50,023] Trial 8 finished with value: 0.2333333333333333 and parameters: {'C': 19.029737066374768, 'gamma': 0.004495766421289856}. Best is trial 1 with value: 0.3833333333333333.
[I 2025-05-15 07:36:50,038] Trial 9 finished with value: 0.2 and parameters: {'C': 31.994153257994277, 'gamma': 0.19725941020937518}. Best is trial 1 with value: 0.3833333333333333.
[I 2025-05-15 07:36:50,063] Trial 10 finished with value: 0.21666666666666665 and parameters: {'C': 96.48544976930573, 'gamma': 0.00012227600695838894}. Best is trial 1 with value: 0.3833333333333333.
[I 2025-05-15 07:36:50,925] Trial 11 finished with value: 0.4333333333333333 and parameters: {'C': 7.068062192778911, 'gamma': 0.0003125284108647278}. Best is trial 11 with value: 0.4333333333333333.
[I 2025-05-15 07:36:51,823] Trial 12 finished with value: 0.4666666666666666 and parameters: {'C': 6.239731085501219, 'gamma': 0.00013418165171955683}. Best is trial 12 with value: 0.4666666666666666.
[I 2025-05-15 07:36:51,846] Trial 13 finished with value: 0.35 and parameters: {'C': 4.878987494640837, 'gamma': 0.000582009164639594}. Best is trial 12 with value: 0.4666666666666666.
[I 2025-05-15 07:36:51,880] Trial 14 finished with value: 0.3833333333333333 and parameters: {'C': 6.216958648502451, 'gamma': 0.000658573543827463}. Best is trial 12 with value: 0.4666666666666666.
[I 2025-05-15 07:36:51,918] Trial 15 finished with value: 0.5 and parameters: {'C': 0.14727950407449653, 'gamma': 0.0005324856687022091}. Best is trial 15 with value: 0.5.
[I 2025-05-15 07:36:51,943] Trial 16 finished with value: 0.5 and parameters: {'C': 0.10247383075244614, 'gamma': 0.0012566342840772055}. Best is trial 15 with value: 0.5.
[I 2025-05-15 07:36:51,967] Trial 17 finished with value: 0.5 and parameters: {'C': 0.05437667228829987, 'gamma': 0.001371088653116874}. Best is trial 15 with value: 0.5.
[I 2025-05-15 07:36:51,993] Trial 18 finished with value: 0.5 and parameters: {'C': 0.08390812488697656, 'gamma': 0.0015904803445942984}. Best is trial 15 with value: 0.5.
[I 2025-05-15 07:36:52,029] Trial 19 finished with value: 0.45 and parameters: {'C': 0.013103877820334748, 'gamma': 0.0063517125023899975}. Best is trial 15 with value: 0.5.
[I 2025-05-15 07:36:52,966] Trial 20 finished with value: 0.5 and parameters: {'C': 0.17488544451054414, 'gamma': 0.00042902443122788317}. Best is trial 15 with value: 0.5.
[I 2025-05-15 07:36:52,991] Trial 21 finished with value: 0.5 and parameters: {'C': 0.04695959125144066, 'gamma': 0.0013712366855113077}. Best is trial 15 with value: 0.5.
[I 2025-05-15 07:36:53,027] Trial 22 finished with value: 0.5 and parameters: {'C': 0.16185100192256763, 'gamma': 0.0011073220762746723}. Best is trial 15 with value: 0.5.
[I 2025-05-15 07:36:53,052] Trial 23 finished with value: 0.5 and parameters: {'C': 0.40542495239311044, 'gamma': 0.002890640484598286}. Best is trial 15 with value: 0.5.
[I 2025-05-15 07:36:53,844] Trial 24 finished with value: 0.35 and parameters: {'C': 0.06409442318549305, 'gamma': 0.010846402565349935}. Best is trial 15 with value: 0.5.
[I 2025-05-15 07:36:53,869] Trial 25 finished with value: 0.5 and parameters: {'C': 0.010329474150126555, 'gamma': 0.000761139531314619}. Best is trial 15 with value: 0.5.
[I 2025-05-15 07:36:53,894] Trial 26 finished with value: 0.5 and parameters: {'C': 0.030459153808125916, 'gamma': 0.00026661293605803734}. Best is trial 15 with value: 0.5.
[I 2025-05-15 07:36:53,919] Trial 27 finished with value: 0.5 and parameters: {'C': 0.08176575963253205, 'gamma': 0.00022964528704496145}. Best is trial 15 with value: 0.5.
[I 2025-05-15 07:36:53,956] Trial 28 finished with value: 0.5 and parameters: {'C': 0.32874910675853375, 'gamma': 0.003051393023942877}. Best is trial 15 with value: 0.5.
[I 2025-05-15 07:36:53,982] Trial 29 finished with value: 0.5 and parameters: {'C': 0.024798138593455102, 'gamma': 0.0019505913840318493}. Best is trial 15 with value: 0.5.
[I 2025-05-15 07:36:59,657] A new study created in memory with name: logreg
Parámetros guardados en checkpoint_shoppers_Doriginal_F/k_center/IPC_11/best_models_k_center_seed_6_space_original/svc_best_params.json


>>> Optuna tuning logreg metodo k_center IPC 11 seed 6


[I 2025-05-15 07:37:01,507] Trial 0 finished with value: 0.4 and parameters: {'C': 29.127335430981816, 'penalty': 'l2'}. Best is trial 0 with value: 0.4.
[I 2025-05-15 07:37:01,598] Trial 1 finished with value: 0.4 and parameters: {'C': 0.045698192893558344, 'penalty': 'l2'}. Best is trial 0 with value: 0.4.
[I 2025-05-15 07:37:01,661] Trial 2 finished with value: 0.4 and parameters: {'C': 12.768668597712947, 'penalty': 'l2'}. Best is trial 0 with value: 0.4.
[I 2025-05-15 07:37:01,693] Trial 3 finished with value: 0.55 and parameters: {'C': 0.0016161554408462638, 'penalty': 'l2'}. Best is trial 3 with value: 0.55.
[I 2025-05-15 07:37:01,716] Trial 4 finished with value: 0.4833333333333333 and parameters: {'C': 0.0034536903703241734, 'penalty': 'l2'}. Best is trial 3 with value: 0.55.
[I 2025-05-15 07:37:01,749] Trial 5 finished with value: 0.4 and parameters: {'C': 0.9446269266990148, 'penalty': 'l2'}. Best is trial 3 with value: 0.55.
[I 2025-05-15 07:37:01,782] Trial 6 finished with value: 0.4 and parameters: {'C': 0.4457453393648168, 'penalty': 'l2'}. Best is trial 3 with value: 0.55.
[I 2025-05-15 07:37:01,816] Trial 7 finished with value: 0.4 and parameters: {'C': 0.12417585037258261, 'penalty': 'l2'}. Best is trial 3 with value: 0.55.
[I 2025-05-15 07:37:01,845] Trial 8 finished with value: 0.4 and parameters: {'C': 0.04753781830244093, 'penalty': 'l2'}. Best is trial 3 with value: 0.55.
[I 2025-05-15 07:37:01,885] Trial 9 finished with value: 0.4 and parameters: {'C': 1.2959766028194148, 'penalty': 'l2'}. Best is trial 3 with value: 0.55.
[I 2025-05-15 07:37:01,918] Trial 10 finished with value: 0.4833333333333333 and parameters: {'C': 0.0027493237597083523, 'penalty': 'l2'}. Best is trial 3 with value: 0.55.
[I 2025-05-15 07:37:02,658] Trial 11 finished with value: 0.65 and parameters: {'C': 0.001163038906231015, 'penalty': 'l2'}. Best is trial 11 with value: 0.65.
[I 2025-05-15 07:37:03,543] Trial 12 finished with value: 0.65 and parameters: {'C': 0.001155896563213187, 'penalty': 'l2'}. Best is trial 11 with value: 0.65.
[I 2025-05-15 07:37:03,566] Trial 13 finished with value: 0.45 and parameters: {'C': 0.009248423939416502, 'penalty': 'l2'}. Best is trial 11 with value: 0.65.
[I 2025-05-15 07:37:03,599] Trial 14 finished with value: 0.65 and parameters: {'C': 0.0011697673374438603, 'penalty': 'l2'}. Best is trial 11 with value: 0.65.
[I 2025-05-15 07:37:03,630] Trial 15 finished with value: 0.4 and parameters: {'C': 0.011933570800202574, 'penalty': 'l2'}. Best is trial 11 with value: 0.65.
[I 2025-05-15 07:37:03,664] Trial 16 finished with value: 0.4 and parameters: {'C': 0.010516352573297109, 'penalty': 'l2'}. Best is trial 11 with value: 0.65.
[I 2025-05-15 07:37:03,685] Trial 17 finished with value: 0.65 and parameters: {'C': 0.0010386002974282205, 'penalty': 'l2'}. Best is trial 11 with value: 0.65.
[I 2025-05-15 07:37:03,714] Trial 18 finished with value: 0.4 and parameters: {'C': 3.1043628200283595, 'penalty': 'l2'}. Best is trial 11 with value: 0.65.
[I 2025-05-15 07:37:03,734] Trial 19 finished with value: 0.4 and parameters: {'C': 0.040622897972688275, 'penalty': 'l2'}. Best is trial 11 with value: 0.65.
