[I 2025-05-15 07:55:28,222] Trial 7 finished with value: 0.5666666666666667 and parameters: {'n_estimators': 40, 'max_depth': 30, 'gamma': 0.7149068474388774, 'subsample': 0.5696358027454862, 'colsample_bytree': 0.8514125286992056}. Best is trial 0 with value: 0.5888888888888889.
/data/home/rtabares/anaconda3/envs/pyth3.12/lib/python3.12/site-packages/xgboost/core.py:377: FutureWarning: Your system has an old version of glibc (< 2.28). We will stop supporting Linux distros with glibc older than 2.28 after **May 31, 2025**. Please upgrade to a recent Linux distro (with glibc >= 2.28) to use future versions of XGBoost.
Note: You have installed the 'manylinux2014' variant of XGBoost. Certain features such as GPU algorithms or federated learning are not available. To use these features, please upgrade to a recent Linux distro with glibc 2.28+, and install the 'manylinux_2_28' variant.
  warnings.warn(
[I 2025-05-15 07:55:28,420] Trial 8 finished with value: 0.5527777777777777 and parameters: {'n_estimators': 100, 'max_depth': 30, 'gamma': 0.2471398756881566, 'subsample': 0.8241126205332553, 'colsample_bytree': 0.6258070715852391}. Best is trial 0 with value: 0.5888888888888889.
[I 2025-05-15 07:55:28,475] Trial 9 finished with value: 0.5444444444444445 and parameters: {'n_estimators': 40, 'max_depth': 30, 'gamma': 0.8599846034069103, 'subsample': 0.8019332783535529, 'colsample_bytree': 0.7936068454878676}. Best is trial 0 with value: 0.5888888888888889.
/data/home/rtabares/anaconda3/envs/pyth3.12/lib/python3.12/site-packages/xgboost/core.py:377: FutureWarning: Your system has an old version of glibc (< 2.28). We will stop supporting Linux distros with glibc older than 2.28 after **May 31, 2025**. Please upgrade to a recent Linux distro (with glibc >= 2.28) to use future versions of XGBoost.
Note: You have installed the 'manylinux2014' variant of XGBoost. Certain features such as GPU algorithms or federated learning are not available. To use these features, please upgrade to a recent Linux distro with glibc 2.28+, and install the 'manylinux_2_28' variant.
  warnings.warn(
[I 2025-05-15 07:55:28,537] Trial 10 finished with value: 0.5986111111111111 and parameters: {'n_estimators': 10, 'max_depth': 5, 'gamma': 0.11132541504315885, 'subsample': 0.6518824205184826, 'colsample_bytree': 0.5222467176724002}. Best is trial 10 with value: 0.5986111111111111.
/data/home/rtabares/anaconda3/envs/pyth3.12/lib/python3.12/site-packages/xgboost/core.py:377: FutureWarning: Your system has an old version of glibc (< 2.28). We will stop supporting Linux distros with glibc older than 2.28 after **May 31, 2025**. Please upgrade to a recent Linux distro (with glibc >= 2.28) to use future versions of XGBoost.
Note: You have installed the 'manylinux2014' variant of XGBoost. Certain features such as GPU algorithms or federated learning are not available. To use these features, please upgrade to a recent Linux distro with glibc 2.28+, and install the 'manylinux_2_28' variant.
  warnings.warn(
[I 2025-05-15 07:55:28,657] Trial 11 finished with value: 0.5305555555555554 and parameters: {'n_estimators': 10, 'max_depth': 5, 'gamma': 0.10542275268999206, 'subsample': 0.6388947301297142, 'colsample_bytree': 0.5266844660264531}. Best is trial 10 with value: 0.5986111111111111.
/data/home/rtabares/anaconda3/envs/pyth3.12/lib/python3.12/site-packages/xgboost/core.py:377: FutureWarning: Your system has an old version of glibc (< 2.28). We will stop supporting Linux distros with glibc older than 2.28 after **May 31, 2025**. Please upgrade to a recent Linux distro (with glibc >= 2.28) to use future versions of XGBoost.
Note: You have installed the 'manylinux2014' variant of XGBoost. Certain features such as GPU algorithms or federated learning are not available. To use these features, please upgrade to a recent Linux distro with glibc 2.28+, and install the 'manylinux_2_28' variant.
  warnings.warn(
/data/home/rtabares/anaconda3/envs/pyth3.12/lib/python3.12/site-packages/xgboost/core.py:377: FutureWarning: Your system has an old version of glibc (< 2.28). We will stop supporting Linux distros with glibc older than 2.28 after **May 31, 2025**. Please upgrade to a recent Linux distro (with glibc >= 2.28) to use future versions of XGBoost.
Note: You have installed the 'manylinux2014' variant of XGBoost. Certain features such as GPU algorithms or federated learning are not available. To use these features, please upgrade to a recent Linux distro with glibc 2.28+, and install the 'manylinux_2_28' variant.
  warnings.warn(
[I 2025-05-15 07:55:30,407] Trial 12 finished with value: 0.5652777777777778 and parameters: {'n_estimators': 10, 'max_depth': 5, 'gamma': 0.5299926855017165, 'subsample': 0.6848009387186493, 'colsample_bytree': 0.6339534905975921}. Best is trial 10 with value: 0.5986111111111111.
/data/home/rtabares/anaconda3/envs/pyth3.12/lib/python3.12/site-packages/xgboost/core.py:377: FutureWarning: Your system has an old version of glibc (< 2.28). We will stop supporting Linux distros with glibc older than 2.28 after **May 31, 2025**. Please upgrade to a recent Linux distro (with glibc >= 2.28) to use future versions of XGBoost.
Note: You have installed the 'manylinux2014' variant of XGBoost. Certain features such as GPU algorithms or federated learning are not available. To use these features, please upgrade to a recent Linux distro with glibc 2.28+, and install the 'manylinux_2_28' variant.
  warnings.warn(
[I 2025-05-15 07:55:32,434] Trial 13 finished with value: 0.5430555555555555 and parameters: {'n_estimators': 10, 'max_depth': 5, 'gamma': 0.3431978153914992, 'subsample': 0.5146749793878775, 'colsample_bytree': 0.6186409022289298}. Best is trial 10 with value: 0.5986111111111111.
[I 2025-05-15 07:55:32,515] Trial 14 finished with value: 0.5402777777777777 and parameters: {'n_estimators': 10, 'max_depth': 5, 'gamma': 0.12094395046977738, 'subsample': 0.6951366613631564, 'colsample_bytree': 0.5013541727082262}. Best is trial 10 with value: 0.5986111111111111.
/data/home/rtabares/anaconda3/envs/pyth3.12/lib/python3.12/site-packages/xgboost/core.py:377: FutureWarning: Your system has an old version of glibc (< 2.28). We will stop supporting Linux distros with glibc older than 2.28 after **May 31, 2025**. Please upgrade to a recent Linux distro (with glibc >= 2.28) to use future versions of XGBoost.
Note: You have installed the 'manylinux2014' variant of XGBoost. Certain features such as GPU algorithms or federated learning are not available. To use these features, please upgrade to a recent Linux distro with glibc 2.28+, and install the 'manylinux_2_28' variant.
  warnings.warn(
[I 2025-05-15 07:55:34,829] Trial 15 finished with value: 0.5541666666666667 and parameters: {'n_estimators': 10, 'max_depth': 30, 'gamma': 0.6115341273581074, 'subsample': 0.7261160179390405, 'colsample_bytree': 0.9947131969311475}. Best is trial 10 with value: 0.5986111111111111.
[I 2025-05-15 07:55:34,965] Trial 16 finished with value: 0.5444444444444444 and parameters: {'n_estimators': 100, 'max_depth': 5, 'gamma': 0.42532890972737064, 'subsample': 0.6329124195652898, 'colsample_bytree': 0.5791568083033967}. Best is trial 10 with value: 0.5986111111111111.
[I 2025-05-15 07:55:35,078] Trial 17 finished with value: 0.5208333333333333 and parameters: {'n_estimators': 10, 'max_depth': 30, 'gamma': 0.5818209581005225, 'subsample': 0.5053007952589881, 'colsample_bytree': 0.6720496912765644}. Best is trial 10 with value: 0.5986111111111111.
/data/home/rtabares/anaconda3/envs/pyth3.12/lib/python3.12/site-packages/xgboost/core.py:377: FutureWarning: Your system has an old version of glibc (< 2.28). We will stop supporting Linux distros with glibc older than 2.28 after **May 31, 2025**. Please upgrade to a recent Linux distro (with glibc >= 2.28) to use future versions of XGBoost.
Note: You have installed the 'manylinux2014' variant of XGBoost. Certain features such as GPU algorithms or federated learning are not available. To use these features, please upgrade to a recent Linux distro with glibc 2.28+, and install the 'manylinux_2_28' variant.
  warnings.warn(
[I 2025-05-15 07:55:36,851] Trial 18 finished with value: 0.5569444444444444 and parameters: {'n_estimators': 10, 'max_depth': 5, 'gamma': 0.23980151701635266, 'subsample': 0.8536810374575434, 'colsample_bytree': 0.7974021553265087}. Best is trial 10 with value: 0.5986111111111111.
[I 2025-05-15 07:55:36,960] Trial 19 finished with value: 0.5416666666666666 and parameters: {'n_estimators': 100, 'max_depth': 30, 'gamma': 0.24116237023424003, 'subsample': 0.7384268176292801, 'colsample_bytree': 0.5553283123534748}. Best is trial 10 with value: 0.5986111111111111.
[I 2025-05-15 07:55:37,117] Trial 20 finished with value: 0.6333333333333333 and parameters: {'n_estimators': 10, 'max_depth': 5, 'gamma': 0.6397877373108088, 'subsample': 0.684311441063631, 'colsample_bytree': 0.6765774274820496}. Best is trial 20 with value: 0.6333333333333333.
[I 2025-05-15 07:55:37,176] Trial 21 finished with value: 0.538888888888889 and parameters: {'n_estimators': 10, 'max_depth': 5, 'gamma': 0.631782946582628, 'subsample': 0.6608586707770425, 'colsample_bytree': 0.6819749588449769}. Best is trial 20 with value: 0.6333333333333333.
[I 2025-05-15 07:55:37,221] Trial 22 finished with value: 0.5222222222222221 and parameters: {'n_estimators': 10, 'max_depth': 5, 'gamma': 0.5000474855945695, 'subsample': 0.5774194801318526, 'colsample_bytree': 0.7684571601803973}. Best is trial 20 with value: 0.6333333333333333.
[I 2025-05-15 07:55:37,302] Trial 23 finished with value: 0.575 and parameters: {'n_estimators': 10, 'max_depth': 5, 'gamma': 0.7727515637556382, 'subsample': 0.71035361949662, 'colsample_bytree': 0.6551478480772379}. Best is trial 20 with value: 0.6333333333333333.
[I 2025-05-15 07:55:37,395] Trial 24 finished with value: 0.5777777777777777 and parameters: {'n_estimators': 10, 'max_depth': 5, 'gamma': 0.6622462142261073, 'subsample': 0.6144034593081575, 'colsample_bytree': 0.6003518132080664}. Best is trial 20 with value: 0.6333333333333333.
[I 2025-05-15 07:55:37,501] Trial 25 finished with value: 0.5041666666666667 and parameters: {'n_estimators': 10, 'max_depth': 5, 'gamma': 0.39216207179334317, 'subsample': 0.664638930007137, 'colsample_bytree': 0.6930333889991922}. Best is trial 20 with value: 0.6333333333333333.
[I 2025-05-15 07:55:37,561] Trial 26 finished with value: 0.5333333333333333 and parameters: {'n_estimators': 10, 'max_depth': 30, 'gamma': 0.8024458960276231, 'subsample': 0.7687845598212872, 'colsample_bytree': 0.5219630631487702}. Best is trial 20 with value: 0.6333333333333333.
[I 2025-05-15 07:55:37,651] Trial 27 finished with value: 0.5333333333333334 and parameters: {'n_estimators': 10, 'max_depth': 5, 'gamma': 0.5527902501812438, 'subsample': 0.5432776031260946, 'colsample_bytree': 0.7635613738185285}. Best is trial 20 with value: 0.6333333333333333.
[I 2025-05-15 07:55:37,769] Trial 28 finished with value: 0.49861111111111117 and parameters: {'n_estimators': 100, 'max_depth': 5, 'gamma': 0.46537628306357987, 'subsample': 0.8797646134570887, 'colsample_bytree': 0.5882485782548165}. Best is trial 20 with value: 0.6333333333333333.
[I 2025-05-15 07:55:37,866] Trial 29 finished with value: 0.5680555555555555 and parameters: {'n_estimators': 40, 'max_depth': 30, 'gamma': 0.897873867684085, 'subsample': 0.9265804463281888, 'colsample_bytree': 0.7158586509573627}. Best is trial 20 with value: 0.6333333333333333.
[I 2025-05-15 07:55:58,010] A new study created in memory with name: rf
Parámetros guardados en checkpoint_adult_Doriginal_G/k_center/IPC_43/best_models_k_center_seed_6_space_original/xgb_best_params.json


>>> Optuna tuning rf metodo k_center IPC 43 seed 6


[I 2025-05-15 07:56:03,076] Trial 0 finished with value: 0.6347222222222222 and parameters: {'n_estimators': 458, 'max_depth': 8, 'min_samples_split': 9, 'min_samples_leaf': 1}. Best is trial 0 with value: 0.6347222222222222.
[I 2025-05-15 07:56:04,095] Trial 1 finished with value: 0.6194444444444445 and parameters: {'n_estimators': 143, 'max_depth': 13, 'min_samples_split': 6, 'min_samples_leaf': 5}. Best is trial 0 with value: 0.6347222222222222.
[I 2025-05-15 07:56:04,554] Trial 2 finished with value: 0.5986111111111111 and parameters: {'n_estimators': 234, 'max_depth': 14, 'min_samples_split': 5, 'min_samples_leaf': 8}. Best is trial 0 with value: 0.6347222222222222.
[I 2025-05-15 07:56:05,145] Trial 3 finished with value: 0.5999999999999999 and parameters: {'n_estimators': 307, 'max_depth': 13, 'min_samples_split': 7, 'min_samples_leaf': 10}. Best is trial 0 with value: 0.6347222222222222.
[I 2025-05-15 07:56:06,203] Trial 4 finished with value: 0.6208333333333333 and parameters: {'n_estimators': 428, 'max_depth': 10, 'min_samples_split': 9, 'min_samples_leaf': 9}. Best is trial 0 with value: 0.6347222222222222.
[I 2025-05-15 07:56:06,554] Trial 5 finished with value: 0.5986111111111111 and parameters: {'n_estimators': 121, 'max_depth': 15, 'min_samples_split': 9, 'min_samples_leaf': 8}. Best is trial 0 with value: 0.6347222222222222.
[I 2025-05-15 07:56:07,755] Trial 6 finished with value: 0.5736111111111111 and parameters: {'n_estimators': 384, 'max_depth': 12, 'min_samples_split': 3, 'min_samples_leaf': 10}. Best is trial 0 with value: 0.6347222222222222.
[I 2025-05-15 07:56:08,323] Trial 7 finished with value: 0.6097222222222222 and parameters: {'n_estimators': 261, 'max_depth': 6, 'min_samples_split': 8, 'min_samples_leaf': 10}. Best is trial 0 with value: 0.6347222222222222.
[I 2025-05-15 07:56:08,810] Trial 8 finished with value: 0.5847222222222221 and parameters: {'n_estimators': 202, 'max_depth': 15, 'min_samples_split': 7, 'min_samples_leaf': 8}. Best is trial 0 with value: 0.6347222222222222.
[I 2025-05-15 07:56:09,857] Trial 9 finished with value: 0.5847222222222223 and parameters: {'n_estimators': 475, 'max_depth': 9, 'min_samples_split': 4, 'min_samples_leaf': 5}. Best is trial 0 with value: 0.6347222222222222.
[I 2025-05-15 07:56:10,699] Trial 10 finished with value: 0.6333333333333332 and parameters: {'n_estimators': 352, 'max_depth': 20, 'min_samples_split': 10, 'min_samples_leaf': 1}. Best is trial 0 with value: 0.6347222222222222.
[I 2025-05-15 07:56:12,387] Trial 11 finished with value: 0.6902777777777778 and parameters: {'n_estimators': 363, 'max_depth': 20, 'min_samples_split': 10, 'min_samples_leaf': 1}. Best is trial 11 with value: 0.6902777777777778.
[I 2025-05-15 07:56:14,611] Trial 12 finished with value: 0.6222222222222221 and parameters: {'n_estimators': 489, 'max_depth': 4, 'min_samples_split': 10, 'min_samples_leaf': 1}. Best is trial 11 with value: 0.6902777777777778.
[I 2025-05-15 07:56:17,968] Trial 13 finished with value: 0.6333333333333332 and parameters: {'n_estimators': 408, 'max_depth': 20, 'min_samples_split': 10, 'min_samples_leaf': 3}. Best is trial 11 with value: 0.6902777777777778.
[I 2025-05-15 07:56:19,734] Trial 14 finished with value: 0.6097222222222222 and parameters: {'n_estimators': 343, 'max_depth': 7, 'min_samples_split': 8, 'min_samples_leaf': 3}. Best is trial 11 with value: 0.6902777777777778.
[I 2025-05-15 07:56:20,838] Trial 15 finished with value: 0.6333333333333333 and parameters: {'n_estimators': 440, 'max_depth': 17, 'min_samples_split': 8, 'min_samples_leaf': 3}. Best is trial 11 with value: 0.6902777777777778.
[I 2025-05-15 07:56:21,623] Trial 16 finished with value: 0.6680555555555554 and parameters: {'n_estimators': 365, 'max_depth': 9, 'min_samples_split': 9, 'min_samples_leaf': 2}. Best is trial 11 with value: 0.6902777777777778.
[I 2025-05-15 07:56:22,190] Trial 17 finished with value: 0.6097222222222222 and parameters: {'n_estimators': 307, 'max_depth': 3, 'min_samples_split': 2, 'min_samples_leaf': 2}. Best is trial 11 with value: 0.6902777777777778.
[I 2025-05-15 07:56:22,945] Trial 18 finished with value: 0.6083333333333333 and parameters: {'n_estimators': 368, 'max_depth': 18, 'min_samples_split': 6, 'min_samples_leaf': 4}. Best is trial 11 with value: 0.6902777777777778.
[I 2025-05-15 07:56:23,618] Trial 19 finished with value: 0.5972222222222221 and parameters: {'n_estimators': 272, 'max_depth': 10, 'min_samples_split': 10, 'min_samples_leaf': 6}. Best is trial 11 with value: 0.6902777777777778.
[I 2025-05-15 07:56:24,242] Trial 20 finished with value: 0.6333333333333332 and parameters: {'n_estimators': 323, 'max_depth': 5, 'min_samples_split': 7, 'min_samples_leaf': 2}. Best is trial 11 with value: 0.6902777777777778.
[I 2025-05-15 07:56:25,096] Trial 21 finished with value: 0.6458333333333333 and parameters: {'n_estimators': 454, 'max_depth': 8, 'min_samples_split': 9, 'min_samples_leaf': 1}. Best is trial 11 with value: 0.6902777777777778.
[I 2025-05-15 07:56:25,788] Trial 22 finished with value: 0.6444444444444444 and parameters: {'n_estimators': 396, 'max_depth': 11, 'min_samples_split': 9, 'min_samples_leaf': 2}. Best is trial 11 with value: 0.6902777777777778.
[I 2025-05-15 07:56:26,510] Trial 23 finished with value: 0.6333333333333332 and parameters: {'n_estimators': 421, 'max_depth': 8, 'min_samples_split': 8, 'min_samples_leaf': 1}. Best is trial 11 with value: 0.6902777777777778.
[I 2025-05-15 07:56:27,181] Trial 24 finished with value: 0.6666666666666666 and parameters: {'n_estimators': 378, 'max_depth': 6, 'min_samples_split': 9, 'min_samples_leaf': 2}. Best is trial 11 with value: 0.6902777777777778.
[I 2025-05-15 07:56:28,015] Trial 25 finished with value: 0.6083333333333332 and parameters: {'n_estimators': 348, 'max_depth': 6, 'min_samples_split': 10, 'min_samples_leaf': 4}. Best is trial 11 with value: 0.6902777777777778.
[I 2025-05-15 07:56:28,698] Trial 26 finished with value: 0.6333333333333334 and parameters: {'n_estimators': 383, 'max_depth': 17, 'min_samples_split': 8, 'min_samples_leaf': 4}. Best is trial 11 with value: 0.6902777777777778.
[I 2025-05-15 07:56:29,337] Trial 27 finished with value: 0.6222222222222222 and parameters: {'n_estimators': 274, 'max_depth': 5, 'min_samples_split': 5, 'min_samples_leaf': 2}. Best is trial 11 with value: 0.6902777777777778.
[I 2025-05-15 07:56:29,909] Trial 28 finished with value: 0.5847222222222221 and parameters: {'n_estimators': 333, 'max_depth': 3, 'min_samples_split': 9, 'min_samples_leaf': 6}. Best is trial 11 with value: 0.6902777777777778.
[I 2025-05-15 07:56:30,704] Trial 29 finished with value: 0.5875 and parameters: {'n_estimators': 371, 'max_depth': 9, 'min_samples_split': 9, 'min_samples_leaf': 3}. Best is trial 11 with value: 0.6902777777777778.
[I 2025-05-15 07:56:39,102] A new study created in memory with name: svc
Parámetros guardados en checkpoint_adult_Doriginal_G/k_center/IPC_43/best_models_k_center_seed_6_space_original/rf_best_params.json


>>> Optuna tuning svc metodo k_center IPC 43 seed 6


[I 2025-05-15 07:56:41,351] Trial 0 finished with value: 0.4916666666666667 and parameters: {'C': 37.27697013499731, 'gamma': 0.0021277432488243223}. Best is trial 0 with value: 0.4916666666666667.
[I 2025-05-15 07:56:41,584] Trial 1 finished with value: 0.5652777777777778 and parameters: {'C': 19.271543171162776, 'gamma': 0.00014682043379470554}. Best is trial 1 with value: 0.5652777777777778.
[I 2025-05-15 07:56:41,625] Trial 2 finished with value: 0.5444444444444445 and parameters: {'C': 0.0269542169583157, 'gamma': 0.023999835049635022}. Best is trial 1 with value: 0.5652777777777778.
[I 2025-05-15 07:56:41,670] Trial 3 finished with value: 0.5291666666666666 and parameters: {'C': 1.3160410886450586, 'gamma': 0.0047340159215720195}. Best is trial 1 with value: 0.5652777777777778.
[I 2025-05-15 07:56:41,694] Trial 4 finished with value: 0.4930555555555555 and parameters: {'C': 0.21959952535674737, 'gamma': 0.030908485742507576}. Best is trial 1 with value: 0.5652777777777778.
[I 2025-05-15 07:56:41,729] Trial 5 finished with value: 0.4375 and parameters: {'C': 0.5656733313644114, 'gamma': 0.08780685564625502}. Best is trial 1 with value: 0.5652777777777778.
[I 2025-05-15 07:56:41,753] Trial 6 finished with value: 0.38055555555555554 and parameters: {'C': 1.1807165425157664, 'gamma': 0.020674470756231633}. Best is trial 1 with value: 0.5652777777777778.
[I 2025-05-15 07:56:41,792] Trial 7 finished with value: 0.47777777777777775 and parameters: {'C': 3.8143486186647126, 'gamma': 0.9138966502602072}. Best is trial 1 with value: 0.5652777777777778.
[I 2025-05-15 07:56:41,819] Trial 8 finished with value: 0.4805555555555555 and parameters: {'C': 19.029737066374768, 'gamma': 0.004495766421289856}. Best is trial 1 with value: 0.5652777777777778.
[I 2025-05-15 07:56:41,852] Trial 9 finished with value: 0.24444444444444446 and parameters: {'C': 31.994153257994277, 'gamma': 0.19725941020937518}. Best is trial 1 with value: 0.5652777777777778.
[I 2025-05-15 07:56:41,887] Trial 10 finished with value: 0.5277777777777778 and parameters: {'C': 96.48544976930573, 'gamma': 0.00012227600695838894}. Best is trial 1 with value: 0.5652777777777778.
[I 2025-05-15 07:56:43,417] Trial 11 finished with value: 0.5333333333333333 and parameters: {'C': 0.011228847352323114, 'gamma': 0.0003791394713464215}. Best is trial 1 with value: 0.5652777777777778.
[I 2025-05-15 07:56:45,297] Trial 12 finished with value: 0.5333333333333333 and parameters: {'C': 0.032705856709105564, 'gamma': 0.0009407708153906166}. Best is trial 1 with value: 0.5652777777777778.
[I 2025-05-15 07:56:45,351] Trial 13 finished with value: 0.5333333333333333 and parameters: {'C': 0.0859760005644056, 'gamma': 0.00013523403029305043}. Best is trial 1 with value: 0.5652777777777778.
[I 2025-05-15 07:56:45,394] Trial 14 finished with value: 0.42638888888888893 and parameters: {'C': 5.985622223583809, 'gamma': 0.015891842386239564}. Best is trial 1 with value: 0.5652777777777778.
