[I 2025-05-15 08:19:59,700] Trial 2 finished with value: 0.7458333333333333 and parameters: {'n_estimators': 10, 'max_depth': 5, 'gamma': 0.16384856027517886, 'subsample': 0.6123849694840227, 'colsample_bytree': 0.6968174574718025}. Best is trial 0 with value: 0.7597222222222222.
/data/home/rtabares/anaconda3/envs/pyth3.12/lib/python3.12/site-packages/xgboost/core.py:377: FutureWarning: Your system has an old version of glibc (< 2.28). We will stop supporting Linux distros with glibc older than 2.28 after **May 31, 2025**. Please upgrade to a recent Linux distro (with glibc >= 2.28) to use future versions of XGBoost.
Note: You have installed the 'manylinux2014' variant of XGBoost. Certain features such as GPU algorithms or federated learning are not available. To use these features, please upgrade to a recent Linux distro with glibc 2.28+, and install the 'manylinux_2_28' variant.
  warnings.warn(
/data/home/rtabares/anaconda3/envs/pyth3.12/lib/python3.12/site-packages/xgboost/core.py:377: FutureWarning: Your system has an old version of glibc (< 2.28). We will stop supporting Linux distros with glibc older than 2.28 after **May 31, 2025**. Please upgrade to a recent Linux distro (with glibc >= 2.28) to use future versions of XGBoost.
Note: You have installed the 'manylinux2014' variant of XGBoost. Certain features such as GPU algorithms or federated learning are not available. To use these features, please upgrade to a recent Linux distro with glibc 2.28+, and install the 'manylinux_2_28' variant.
  warnings.warn(
/data/home/rtabares/anaconda3/envs/pyth3.12/lib/python3.12/site-packages/xgboost/core.py:377: FutureWarning: Your system has an old version of glibc (< 2.28). We will stop supporting Linux distros with glibc older than 2.28 after **May 31, 2025**. Please upgrade to a recent Linux distro (with glibc >= 2.28) to use future versions of XGBoost.
Note: You have installed the 'manylinux2014' variant of XGBoost. Certain features such as GPU algorithms or federated learning are not available. To use these features, please upgrade to a recent Linux distro with glibc 2.28+, and install the 'manylinux_2_28' variant.
  warnings.warn(
/data/home/rtabares/anaconda3/envs/pyth3.12/lib/python3.12/site-packages/xgboost/core.py:377: FutureWarning: Your system has an old version of glibc (< 2.28). We will stop supporting Linux distros with glibc older than 2.28 after **May 31, 2025**. Please upgrade to a recent Linux distro (with glibc >= 2.28) to use future versions of XGBoost.
Note: You have installed the 'manylinux2014' variant of XGBoost. Certain features such as GPU algorithms or federated learning are not available. To use these features, please upgrade to a recent Linux distro with glibc 2.28+, and install the 'manylinux_2_28' variant.
  warnings.warn(
[I 2025-05-15 08:19:59,782] Trial 3 finished with value: 0.7916666666666667 and parameters: {'n_estimators': 100, 'max_depth': 30, 'gamma': 0.7877441182293641, 'subsample': 0.9694019566553859, 'colsample_bytree': 0.6598448982335139}. Best is trial 3 with value: 0.7916666666666667.
[I 2025-05-15 08:19:59,817] Trial 4 finished with value: 0.7458333333333332 and parameters: {'n_estimators': 100, 'max_depth': 5, 'gamma': 0.816017102586079, 'subsample': 0.5160040782128984, 'colsample_bytree': 0.7277239110529665}. Best is trial 3 with value: 0.7916666666666667.
[I 2025-05-15 08:19:59,842] Trial 5 finished with value: 0.7472222222222221 and parameters: {'n_estimators': 40, 'max_depth': 20, 'gamma': 0.6643500821697236, 'subsample': 0.6076588997363731, 'colsample_bytree': 0.5754850538287481}. Best is trial 3 with value: 0.7916666666666667.
/data/home/rtabares/anaconda3/envs/pyth3.12/lib/python3.12/site-packages/xgboost/core.py:377: FutureWarning: Your system has an old version of glibc (< 2.28). We will stop supporting Linux distros with glibc older than 2.28 after **May 31, 2025**. Please upgrade to a recent Linux distro (with glibc >= 2.28) to use future versions of XGBoost.
Note: You have installed the 'manylinux2014' variant of XGBoost. Certain features such as GPU algorithms or federated learning are not available. To use these features, please upgrade to a recent Linux distro with glibc 2.28+, and install the 'manylinux_2_28' variant.
  warnings.warn(
[I 2025-05-15 08:19:59,897] Trial 6 finished with value: 0.7472222222222221 and parameters: {'n_estimators': 100, 'max_depth': 20, 'gamma': 0.6361752212866232, 'subsample': 0.8309913561372338, 'colsample_bytree': 0.7552902276266351}. Best is trial 3 with value: 0.7916666666666667.
/data/home/rtabares/anaconda3/envs/pyth3.12/lib/python3.12/site-packages/xgboost/core.py:377: FutureWarning: Your system has an old version of glibc (< 2.28). We will stop supporting Linux distros with glibc older than 2.28 after **May 31, 2025**. Please upgrade to a recent Linux distro (with glibc >= 2.28) to use future versions of XGBoost.
Note: You have installed the 'manylinux2014' variant of XGBoost. Certain features such as GPU algorithms or federated learning are not available. To use these features, please upgrade to a recent Linux distro with glibc 2.28+, and install the 'manylinux_2_28' variant.
  warnings.warn(
/data/home/rtabares/anaconda3/envs/pyth3.12/lib/python3.12/site-packages/xgboost/core.py:377: FutureWarning: Your system has an old version of glibc (< 2.28). We will stop supporting Linux distros with glibc older than 2.28 after **May 31, 2025**. Please upgrade to a recent Linux distro (with glibc >= 2.28) to use future versions of XGBoost.
Note: You have installed the 'manylinux2014' variant of XGBoost. Certain features such as GPU algorithms or federated learning are not available. To use these features, please upgrade to a recent Linux distro with glibc 2.28+, and install the 'manylinux_2_28' variant.
  warnings.warn(
/data/home/rtabares/anaconda3/envs/pyth3.12/lib/python3.12/site-packages/xgboost/core.py:377: FutureWarning: Your system has an old version of glibc (< 2.28). We will stop supporting Linux distros with glibc older than 2.28 after **May 31, 2025**. Please upgrade to a recent Linux distro (with glibc >= 2.28) to use future versions of XGBoost.
Note: You have installed the 'manylinux2014' variant of XGBoost. Certain features such as GPU algorithms or federated learning are not available. To use these features, please upgrade to a recent Linux distro with glibc 2.28+, and install the 'manylinux_2_28' variant.
  warnings.warn(
[I 2025-05-15 08:19:59,952] Trial 7 finished with value: 0.7944444444444445 and parameters: {'n_estimators': 10, 'max_depth': 5, 'gamma': 0.5767347850317142, 'subsample': 0.7995431264700696, 'colsample_bytree': 0.8604622333437917}. Best is trial 7 with value: 0.7944444444444445.
/data/home/rtabares/anaconda3/envs/pyth3.12/lib/python3.12/site-packages/xgboost/core.py:377: FutureWarning: Your system has an old version of glibc (< 2.28). We will stop supporting Linux distros with glibc older than 2.28 after **May 31, 2025**. Please upgrade to a recent Linux distro (with glibc >= 2.28) to use future versions of XGBoost.
Note: You have installed the 'manylinux2014' variant of XGBoost. Certain features such as GPU algorithms or federated learning are not available. To use these features, please upgrade to a recent Linux distro with glibc 2.28+, and install the 'manylinux_2_28' variant.
  warnings.warn(
[I 2025-05-15 08:19:59,997] Trial 8 finished with value: 0.7680555555555556 and parameters: {'n_estimators': 100, 'max_depth': 20, 'gamma': 0.8470554948938058, 'subsample': 0.860339005739911, 'colsample_bytree': 0.9331308414408237}. Best is trial 7 with value: 0.7944444444444445.
/data/home/rtabares/anaconda3/envs/pyth3.12/lib/python3.12/site-packages/xgboost/core.py:377: FutureWarning: Your system has an old version of glibc (< 2.28). We will stop supporting Linux distros with glibc older than 2.28 after **May 31, 2025**. Please upgrade to a recent Linux distro (with glibc >= 2.28) to use future versions of XGBoost.
Note: You have installed the 'manylinux2014' variant of XGBoost. Certain features such as GPU algorithms or federated learning are not available. To use these features, please upgrade to a recent Linux distro with glibc 2.28+, and install the 'manylinux_2_28' variant.
  warnings.warn(
[I 2025-05-15 08:20:00,052] Trial 9 finished with value: 0.7805555555555556 and parameters: {'n_estimators': 100, 'max_depth': 30, 'gamma': 0.574951454577921, 'subsample': 0.9696020680119358, 'colsample_bytree': 0.8616917074936369}. Best is trial 7 with value: 0.7944444444444445.
/data/home/rtabares/anaconda3/envs/pyth3.12/lib/python3.12/site-packages/xgboost/core.py:377: FutureWarning: Your system has an old version of glibc (< 2.28). We will stop supporting Linux distros with glibc older than 2.28 after **May 31, 2025**. Please upgrade to a recent Linux distro (with glibc >= 2.28) to use future versions of XGBoost.
Note: You have installed the 'manylinux2014' variant of XGBoost. Certain features such as GPU algorithms or federated learning are not available. To use these features, please upgrade to a recent Linux distro with glibc 2.28+, and install the 'manylinux_2_28' variant.
  warnings.warn(
[I 2025-05-15 08:20:00,103] Trial 10 finished with value: 0.7458333333333333 and parameters: {'n_estimators': 10, 'max_depth': 5, 'gamma': 0.30418208876173225, 'subsample': 0.8136288465548298, 'colsample_bytree': 0.8699485527148361}. Best is trial 7 with value: 0.7944444444444445.
/data/home/rtabares/anaconda3/envs/pyth3.12/lib/python3.12/site-packages/xgboost/core.py:377: FutureWarning: Your system has an old version of glibc (< 2.28). We will stop supporting Linux distros with glibc older than 2.28 after **May 31, 2025**. Please upgrade to a recent Linux distro (with glibc >= 2.28) to use future versions of XGBoost.
Note: You have installed the 'manylinux2014' variant of XGBoost. Certain features such as GPU algorithms or federated learning are not available. To use these features, please upgrade to a recent Linux distro with glibc 2.28+, and install the 'manylinux_2_28' variant.
  warnings.warn(
[I 2025-05-15 08:20:00,978] Trial 11 finished with value: 0.7930555555555555 and parameters: {'n_estimators': 10, 'max_depth': 30, 'gamma': 0.9894607367239925, 'subsample': 0.9975710413384092, 'colsample_bytree': 0.5782403190067513}. Best is trial 7 with value: 0.7944444444444445.
/data/home/rtabares/anaconda3/envs/pyth3.12/lib/python3.12/site-packages/xgboost/core.py:377: FutureWarning: Your system has an old version of glibc (< 2.28). We will stop supporting Linux distros with glibc older than 2.28 after **May 31, 2025**. Please upgrade to a recent Linux distro (with glibc >= 2.28) to use future versions of XGBoost.
Note: You have installed the 'manylinux2014' variant of XGBoost. Certain features such as GPU algorithms or federated learning are not available. To use these features, please upgrade to a recent Linux distro with glibc 2.28+, and install the 'manylinux_2_28' variant.
  warnings.warn(
/data/home/rtabares/anaconda3/envs/pyth3.12/lib/python3.12/site-packages/xgboost/core.py:377: FutureWarning: Your system has an old version of glibc (< 2.28). We will stop supporting Linux distros with glibc older than 2.28 after **May 31, 2025**. Please upgrade to a recent Linux distro (with glibc >= 2.28) to use future versions of XGBoost.
Note: You have installed the 'manylinux2014' variant of XGBoost. Certain features such as GPU algorithms or federated learning are not available. To use these features, please upgrade to a recent Linux distro with glibc 2.28+, and install the 'manylinux_2_28' variant.
  warnings.warn(
[I 2025-05-15 08:20:02,312] Trial 12 finished with value: 0.8166666666666667 and parameters: {'n_estimators': 10, 'max_depth': 30, 'gamma': 0.9738892144312379, 'subsample': 0.8976879025717761, 'colsample_bytree': 0.5024478216902863}. Best is trial 12 with value: 0.8166666666666667.
/data/home/rtabares/anaconda3/envs/pyth3.12/lib/python3.12/site-packages/xgboost/core.py:377: FutureWarning: Your system has an old version of glibc (< 2.28). We will stop supporting Linux distros with glibc older than 2.28 after **May 31, 2025**. Please upgrade to a recent Linux distro (with glibc >= 2.28) to use future versions of XGBoost.
Note: You have installed the 'manylinux2014' variant of XGBoost. Certain features such as GPU algorithms or federated learning are not available. To use these features, please upgrade to a recent Linux distro with glibc 2.28+, and install the 'manylinux_2_28' variant.
  warnings.warn(
[I 2025-05-15 08:20:03,678] Trial 13 finished with value: 0.8166666666666667 and parameters: {'n_estimators': 10, 'max_depth': 30, 'gamma': 0.9921151342813763, 'subsample': 0.8870496939713233, 'colsample_bytree': 0.5028328765446058}. Best is trial 12 with value: 0.8166666666666667.
[I 2025-05-15 08:20:03,731] Trial 14 finished with value: 0.8166666666666667 and parameters: {'n_estimators': 10, 'max_depth': 30, 'gamma': 0.990643494170002, 'subsample': 0.8903551552490129, 'colsample_bytree': 0.512240153169954}. Best is trial 12 with value: 0.8166666666666667.
/data/home/rtabares/anaconda3/envs/pyth3.12/lib/python3.12/site-packages/xgboost/core.py:377: FutureWarning: Your system has an old version of glibc (< 2.28). We will stop supporting Linux distros with glibc older than 2.28 after **May 31, 2025**. Please upgrade to a recent Linux distro (with glibc >= 2.28) to use future versions of XGBoost.
Note: You have installed the 'manylinux2014' variant of XGBoost. Certain features such as GPU algorithms or federated learning are not available. To use these features, please upgrade to a recent Linux distro with glibc 2.28+, and install the 'manylinux_2_28' variant.
  warnings.warn(
[I 2025-05-15 08:20:04,770] Trial 15 finished with value: 0.8027777777777777 and parameters: {'n_estimators': 10, 'max_depth': 30, 'gamma': 0.8859067771906949, 'subsample': 0.9257837568124672, 'colsample_bytree': 0.5165151756688864}. Best is trial 12 with value: 0.8166666666666667.
[I 2025-05-15 08:20:04,831] Trial 16 finished with value: 0.7333333333333333 and parameters: {'n_estimators': 10, 'max_depth': 30, 'gamma': 0.7294756563412405, 'subsample': 0.7602255216256825, 'colsample_bytree': 0.6054782057546866}. Best is trial 12 with value: 0.8166666666666667.
[I 2025-05-15 08:20:04,878] Trial 17 finished with value: 0.7930555555555555 and parameters: {'n_estimators': 10, 'max_depth': 30, 'gamma': 0.9201113186727434, 'subsample': 0.9115683211251575, 'colsample_bytree': 0.6331013874150735}. Best is trial 12 with value: 0.8166666666666667.
[I 2025-05-15 08:20:04,928] Trial 18 finished with value: 0.7819444444444443 and parameters: {'n_estimators': 10, 'max_depth': 30, 'gamma': 0.34805432491824284, 'subsample': 0.7383779633786243, 'colsample_bytree': 0.5026491965635491}. Best is trial 12 with value: 0.8166666666666667.
[I 2025-05-15 08:20:04,971] Trial 19 finished with value: 0.7680555555555555 and parameters: {'n_estimators': 10, 'max_depth': 30, 'gamma': 0.9321762604265891, 'subsample': 0.8691670623459693, 'colsample_bytree': 0.5568655752909961}. Best is trial 12 with value: 0.8166666666666667.
[I 2025-05-15 08:20:05,026] Trial 20 finished with value: 0.7249999999999999 and parameters: {'n_estimators': 40, 'max_depth': 30, 'gamma': 0.788696739705834, 'subsample': 0.7662437331234176, 'colsample_bytree': 0.8003099238983451}. Best is trial 12 with value: 0.8166666666666667.
[I 2025-05-15 08:20:05,100] Trial 21 finished with value: 0.7930555555555555 and parameters: {'n_estimators': 10, 'max_depth': 30, 'gamma': 0.9916252565580232, 'subsample': 0.9059153066758995, 'colsample_bytree': 0.531768151695731}. Best is trial 12 with value: 0.8166666666666667.
[I 2025-05-15 08:20:05,140] Trial 22 finished with value: 0.7583333333333333 and parameters: {'n_estimators': 10, 'max_depth': 30, 'gamma': 0.9648997277101216, 'subsample': 0.8689809050426311, 'colsample_bytree': 0.5040055269203351}. Best is trial 12 with value: 0.8166666666666667.
[I 2025-05-15 08:20:05,188] Trial 23 finished with value: 0.8041666666666666 and parameters: {'n_estimators': 10, 'max_depth': 30, 'gamma': 0.8799299756346416, 'subsample': 0.9383476878884885, 'colsample_bytree': 0.6065685032209003}. Best is trial 12 with value: 0.8166666666666667.
[I 2025-05-15 08:20:05,235] Trial 24 finished with value: 0.7805555555555554 and parameters: {'n_estimators': 10, 'max_depth': 30, 'gamma': 0.7164058191061495, 'subsample': 0.8863308047017561, 'colsample_bytree': 0.5441114956817292}. Best is trial 12 with value: 0.8166666666666667.
[I 2025-05-15 08:20:05,282] Trial 25 finished with value: 0.7819444444444443 and parameters: {'n_estimators': 10, 'max_depth': 20, 'gamma': 0.9190262743107753, 'subsample': 0.8368201274518622, 'colsample_bytree': 0.6591494907573547}. Best is trial 12 with value: 0.8166666666666667.
[I 2025-05-15 08:20:05,337] Trial 26 finished with value: 0.8027777777777778 and parameters: {'n_estimators': 10, 'max_depth': 30, 'gamma': 0.9869849477341349, 'subsample': 0.96347572694181, 'colsample_bytree': 0.5814320708468659}. Best is trial 12 with value: 0.8166666666666667.
[I 2025-05-15 08:20:05,386] Trial 27 finished with value: 0.7583333333333333 and parameters: {'n_estimators': 10, 'max_depth': 30, 'gamma': 0.8471835462552413, 'subsample': 0.7964687449402623, 'colsample_bytree': 0.5353683384124795}. Best is trial 12 with value: 0.8166666666666667.
[I 2025-05-15 08:20:05,425] Trial 28 finished with value: 0.8041666666666668 and parameters: {'n_estimators': 40, 'max_depth': 30, 'gamma': 0.7425441843484595, 'subsample': 0.9970602142371233, 'colsample_bytree': 0.6307852307519971}. Best is trial 12 with value: 0.8166666666666667.
[I 2025-05-15 08:20:05,465] Trial 29 finished with value: 0.7805555555555556 and parameters: {'n_estimators': 10, 'max_depth': 20, 'gamma': 0.46145435863314443, 'subsample': 0.9388185224341221, 'colsample_bytree': 0.790465766610629}. Best is trial 12 with value: 0.8166666666666667.
[I 2025-05-15 08:20:20,696] A new study created in memory with name: rf
Parámetros guardados en checkpoint_adult_Doriginal_G/random/IPC_43/best_models_random_seed_8_space_original/xgb_best_params.json


>>> Optuna tuning rf metodo random IPC 43 seed 8


[I 2025-05-15 08:20:24,202] Trial 0 finished with value: 0.7902777777777779 and parameters: {'n_estimators': 450, 'max_depth': 20, 'min_samples_split': 9, 'min_samples_leaf': 6}. Best is trial 0 with value: 0.7902777777777779.
[I 2025-05-15 08:20:25,260] Trial 1 finished with value: 0.7680555555555555 and parameters: {'n_estimators': 193, 'max_depth': 3, 'min_samples_split': 5, 'min_samples_leaf': 5}. Best is trial 0 with value: 0.7902777777777779.
[I 2025-05-15 08:20:26,226] Trial 2 finished with value: 0.7791666666666668 and parameters: {'n_estimators': 309, 'max_depth': 11, 'min_samples_split': 6, 'min_samples_leaf': 6}. Best is trial 0 with value: 0.7902777777777779.
[I 2025-05-15 08:20:27,551] Trial 3 finished with value: 0.7680555555555555 and parameters: {'n_estimators': 405, 'max_depth': 15, 'min_samples_split': 7, 'min_samples_leaf': 5}. Best is trial 0 with value: 0.7902777777777779.
[I 2025-05-15 08:20:28,610] Trial 4 finished with value: 0.7902777777777776 and parameters: {'n_estimators': 215, 'max_depth': 20, 'min_samples_split': 5, 'min_samples_leaf': 3}. Best is trial 0 with value: 0.7902777777777779.
[I 2025-05-15 08:20:29,356] Trial 5 finished with value: 0.7569444444444444 and parameters: {'n_estimators': 126, 'max_depth': 20, 'min_samples_split': 3, 'min_samples_leaf': 4}. Best is trial 0 with value: 0.7902777777777779.
[I 2025-05-15 08:20:29,718] Trial 6 finished with value: 0.7680555555555555 and parameters: {'n_estimators': 128, 'max_depth': 7, 'min_samples_split': 5, 'min_samples_leaf': 9}. Best is trial 0 with value: 0.7902777777777779.
[I 2025-05-15 08:20:30,686] Trial 7 finished with value: 0.7916666666666666 and parameters: {'n_estimators': 238, 'max_depth': 20, 'min_samples_split': 2, 'min_samples_leaf': 4}. Best is trial 7 with value: 0.7916666666666666.
[I 2025-05-15 08:20:31,738] Trial 8 finished with value: 0.7902777777777777 and parameters: {'n_estimators': 252, 'max_depth': 16, 'min_samples_split': 10, 'min_samples_leaf': 4}. Best is trial 7 with value: 0.7916666666666666.
[I 2025-05-15 08:20:32,866] Trial 9 finished with value: 0.7902777777777779 and parameters: {'n_estimators': 273, 'max_depth': 7, 'min_samples_split': 9, 'min_samples_leaf': 7}. Best is trial 7 with value: 0.7916666666666666.
[I 2025-05-15 08:20:34,092] Trial 10 finished with value: 0.7902777777777777 and parameters: {'n_estimators': 354, 'max_depth': 15, 'min_samples_split': 2, 'min_samples_leaf': 1}. Best is trial 7 with value: 0.7916666666666666.
[I 2025-05-15 08:20:37,344] Trial 11 finished with value: 0.7902777777777779 and parameters: {'n_estimators': 485, 'max_depth': 18, 'min_samples_split': 8, 'min_samples_leaf': 8}. Best is trial 7 with value: 0.7916666666666666.
[I 2025-05-15 08:20:39,917] Trial 12 finished with value: 0.826388888888889 and parameters: {'n_estimators': 498, 'max_depth': 13, 'min_samples_split': 3, 'min_samples_leaf': 1}. Best is trial 12 with value: 0.826388888888889.
[I 2025-05-15 08:20:41,559] Trial 13 finished with value: 0.826388888888889 and parameters: {'n_estimators': 362, 'max_depth': 12, 'min_samples_split': 3, 'min_samples_leaf': 1}. Best is trial 12 with value: 0.826388888888889.
[I 2025-05-15 08:20:42,260] Trial 14 finished with value: 0.8138888888888889 and parameters: {'n_estimators': 390, 'max_depth': 11, 'min_samples_split': 3, 'min_samples_leaf': 1}. Best is trial 12 with value: 0.826388888888889.
[I 2025-05-15 08:20:42,978] Trial 15 finished with value: 0.7916666666666666 and parameters: {'n_estimators': 483, 'max_depth': 13, 'min_samples_split': 4, 'min_samples_leaf': 2}. Best is trial 12 with value: 0.826388888888889.
