[I 2025-05-15 07:42:01,115] Trial 15 finished with value: 0.6733333333333335 and parameters: {'n_estimators': 404, 'max_depth': 17, 'min_samples_split': 8, 'min_samples_leaf': 3}. Best is trial 10 with value: 0.7633333333333333.
[I 2025-05-15 07:42:01,863] Trial 16 finished with value: 0.7066666666666667 and parameters: {'n_estimators': 301, 'max_depth': 3, 'min_samples_split': 7, 'min_samples_leaf': 3}. Best is trial 10 with value: 0.7633333333333333.
[I 2025-05-15 07:42:03,057] Trial 17 finished with value: 0.7433333333333334 and parameters: {'n_estimators': 430, 'max_depth': 17, 'min_samples_split': 2, 'min_samples_leaf': 2}. Best is trial 10 with value: 0.7633333333333333.
[I 2025-05-15 07:42:03,897] Trial 18 finished with value: 0.6866666666666668 and parameters: {'n_estimators': 337, 'max_depth': 6, 'min_samples_split': 8, 'min_samples_leaf': 4}. Best is trial 10 with value: 0.7633333333333333.
[I 2025-05-15 07:42:05,171] Trial 19 finished with value: 0.6866666666666668 and parameters: {'n_estimators': 403, 'max_depth': 7, 'min_samples_split': 6, 'min_samples_leaf': 6}. Best is trial 10 with value: 0.7633333333333333.
[I 2025-05-15 07:42:05,907] Trial 20 finished with value: 0.71 and parameters: {'n_estimators': 274, 'max_depth': 17, 'min_samples_split': 9, 'min_samples_leaf': 2}. Best is trial 10 with value: 0.7633333333333333.
[I 2025-05-15 07:42:07,226] Trial 21 finished with value: 0.7266666666666666 and parameters: {'n_estimators': 446, 'max_depth': 18, 'min_samples_split': 2, 'min_samples_leaf': 2}. Best is trial 10 with value: 0.7633333333333333.
[I 2025-05-15 07:42:08,152] Trial 22 finished with value: 0.7233333333333334 and parameters: {'n_estimators': 432, 'max_depth': 18, 'min_samples_split': 2, 'min_samples_leaf': 2}. Best is trial 10 with value: 0.7633333333333333.
[I 2025-05-15 07:42:09,168] Trial 23 finished with value: 0.6700000000000002 and parameters: {'n_estimators': 335, 'max_depth': 20, 'min_samples_split': 4, 'min_samples_leaf': 4}. Best is trial 10 with value: 0.7633333333333333.
[I 2025-05-15 07:42:10,182] Trial 24 finished with value: 0.7066666666666667 and parameters: {'n_estimators': 392, 'max_depth': 11, 'min_samples_split': 5, 'min_samples_leaf': 2}. Best is trial 10 with value: 0.7633333333333333.
[I 2025-05-15 07:42:11,220] Trial 25 finished with value: 0.6733333333333335 and parameters: {'n_estimators': 418, 'max_depth': 18, 'min_samples_split': 3, 'min_samples_leaf': 4}. Best is trial 10 with value: 0.7633333333333333.
[I 2025-05-15 07:42:12,364] Trial 26 finished with value: 0.7233333333333333 and parameters: {'n_estimators': 499, 'max_depth': 16, 'min_samples_split': 8, 'min_samples_leaf': 1}. Best is trial 10 with value: 0.7633333333333333.
[I 2025-05-15 07:42:13,270] Trial 27 finished with value: 0.6900000000000001 and parameters: {'n_estimators': 368, 'max_depth': 19, 'min_samples_split': 6, 'min_samples_leaf': 6}. Best is trial 10 with value: 0.7633333333333333.
[I 2025-05-15 07:42:14,511] Trial 28 finished with value: 0.6733333333333335 and parameters: {'n_estimators': 461, 'max_depth': 10, 'min_samples_split': 10, 'min_samples_leaf': 3}. Best is trial 10 with value: 0.7633333333333333.
[I 2025-05-15 07:42:15,520] Trial 29 finished with value: 0.7233333333333333 and parameters: {'n_estimators': 456, 'max_depth': 8, 'min_samples_split': 9, 'min_samples_leaf': 1}. Best is trial 10 with value: 0.7633333333333333.
[I 2025-05-15 07:42:26,606] A new study created in memory with name: svc
Parámetros guardados en checkpoint_default_Doriginal_H/random/IPC_27/best_models_random_seed_6_space_original/rf_best_params.json


>>> Optuna tuning svc metodo random IPC 27 seed 6


[I 2025-05-15 07:42:27,513] Trial 0 finished with value: 0.74 and parameters: {'C': 37.27697013499731, 'gamma': 0.0021277432488243223}. Best is trial 0 with value: 0.74.
[I 2025-05-15 07:42:27,549] Trial 1 finished with value: 0.6000000000000001 and parameters: {'C': 19.271543171162776, 'gamma': 0.00014682043379470554}. Best is trial 0 with value: 0.74.
[I 2025-05-15 07:42:27,570] Trial 2 finished with value: 0.54 and parameters: {'C': 0.0269542169583157, 'gamma': 0.023999835049635022}. Best is trial 0 with value: 0.74.
[I 2025-05-15 07:42:27,596] Trial 3 finished with value: 0.64 and parameters: {'C': 1.3160410886450586, 'gamma': 0.0047340159215720195}. Best is trial 0 with value: 0.74.
[I 2025-05-15 07:42:27,625] Trial 4 finished with value: 0.5533333333333333 and parameters: {'C': 0.21959952535674737, 'gamma': 0.030908485742507576}. Best is trial 0 with value: 0.74.
[I 2025-05-15 07:42:27,640] Trial 5 finished with value: 0.6166666666666668 and parameters: {'C': 0.5656733313644114, 'gamma': 0.08780685564625502}. Best is trial 0 with value: 0.74.
[I 2025-05-15 07:42:27,665] Trial 6 finished with value: 0.6733333333333332 and parameters: {'C': 1.1807165425157664, 'gamma': 0.020674470756231633}. Best is trial 0 with value: 0.74.
[I 2025-05-15 07:42:27,695] Trial 7 finished with value: 0.55 and parameters: {'C': 3.8143486186647126, 'gamma': 0.9138966502602072}. Best is trial 0 with value: 0.74.
[I 2025-05-15 07:42:27,714] Trial 8 finished with value: 0.7233333333333334 and parameters: {'C': 19.029737066374768, 'gamma': 0.004495766421289856}. Best is trial 0 with value: 0.74.
[I 2025-05-15 07:42:27,727] Trial 9 finished with value: 0.6700000000000002 and parameters: {'C': 31.994153257994277, 'gamma': 0.19725941020937518}. Best is trial 0 with value: 0.74.
[I 2025-05-15 07:42:27,751] Trial 10 finished with value: 0.76 and parameters: {'C': 96.80643961619926, 'gamma': 0.0004009308447180715}. Best is trial 10 with value: 0.76.
[I 2025-05-15 07:42:28,809] Trial 11 finished with value: 0.76 and parameters: {'C': 86.0491638060693, 'gamma': 0.0004475014305726624}. Best is trial 10 with value: 0.76.
[I 2025-05-15 07:42:31,012] Trial 12 finished with value: 0.7433333333333334 and parameters: {'C': 80.03787138595851, 'gamma': 0.00034865593681359405}. Best is trial 10 with value: 0.76.
[I 2025-05-15 07:42:31,049] Trial 13 finished with value: 0.6366666666666667 and parameters: {'C': 7.28461355664927, 'gamma': 0.000582009164639594}. Best is trial 10 with value: 0.76.
[I 2025-05-15 07:42:31,083] Trial 14 finished with value: 0.74 and parameters: {'C': 82.23704196612866, 'gamma': 0.0010355388819936432}. Best is trial 10 with value: 0.76.
[I 2025-05-15 07:42:31,125] Trial 15 finished with value: 0.5 and parameters: {'C': 5.833862882254689, 'gamma': 0.00013739992180823244}. Best is trial 10 with value: 0.76.
[I 2025-05-15 07:42:31,158] Trial 16 finished with value: 0.5 and parameters: {'C': 0.0119576348113261, 'gamma': 0.0012628455137584412}. Best is trial 10 with value: 0.76.
[I 2025-05-15 07:42:31,193] Trial 17 finished with value: 0.5 and parameters: {'C': 0.11793098468758549, 'gamma': 0.0003136915196669072}. Best is trial 10 with value: 0.76.
[I 2025-05-15 07:42:31,236] Trial 18 finished with value: 0.74 and parameters: {'C': 10.400659562623774, 'gamma': 0.0033895023728977886}. Best is trial 10 with value: 0.76.
[I 2025-05-15 07:42:31,282] Trial 19 finished with value: 0.7066666666666667 and parameters: {'C': 2.343618318758572, 'gamma': 0.009132941069920495}. Best is trial 10 with value: 0.76.
[I 2025-05-15 07:42:31,315] Trial 20 finished with value: 0.6900000000000001 and parameters: {'C': 80.83927864481483, 'gamma': 0.00010742557762883696}. Best is trial 10 with value: 0.76.
[I 2025-05-15 07:42:31,349] Trial 21 finished with value: 0.76 and parameters: {'C': 82.23904793318407, 'gamma': 0.0004241336756026364}. Best is trial 10 with value: 0.76.
[I 2025-05-15 07:42:31,381] Trial 22 finished with value: 0.74 and parameters: {'C': 39.51344887770313, 'gamma': 0.0005425229843843694}. Best is trial 10 with value: 0.76.
[I 2025-05-15 07:42:31,413] Trial 23 finished with value: 0.76 and parameters: {'C': 94.30178239638981, 'gamma': 0.001081882677423931}. Best is trial 10 with value: 0.76.
[I 2025-05-15 07:42:31,447] Trial 24 finished with value: 0.6366666666666667 and parameters: {'C': 14.487315018256226, 'gamma': 0.00025892566672567827}. Best is trial 10 with value: 0.76.
[I 2025-05-15 07:42:31,481] Trial 25 finished with value: 0.76 and parameters: {'C': 34.62942729934305, 'gamma': 0.0006375266763037511}. Best is trial 10 with value: 0.76.
[I 2025-05-15 07:42:31,526] Trial 26 finished with value: 0.74 and parameters: {'C': 46.489787093306056, 'gamma': 0.0016990845026317195}. Best is trial 10 with value: 0.76.
[I 2025-05-15 07:42:31,559] Trial 27 finished with value: 0.6366666666666667 and parameters: {'C': 19.06747895606248, 'gamma': 0.00022964528704496145}. Best is trial 10 with value: 0.76.
[I 2025-05-15 07:42:31,593] Trial 28 finished with value: 0.7066666666666667 and parameters: {'C': 2.5770416539719334, 'gamma': 0.00935638535958938}. Best is trial 10 with value: 0.76.
[I 2025-05-15 07:42:31,626] Trial 29 finished with value: 0.7233333333333334 and parameters: {'C': 44.26550633710186, 'gamma': 0.002422030274592331}. Best is trial 10 with value: 0.76.
[I 2025-05-15 07:42:38,128] A new study created in memory with name: logreg
Parámetros guardados en checkpoint_default_Doriginal_H/random/IPC_27/best_models_random_seed_6_space_original/svc_best_params.json


>>> Optuna tuning logreg metodo random IPC 27 seed 6


[I 2025-05-15 07:42:41,959] Trial 0 finished with value: 0.7566666666666666 and parameters: {'C': 29.127335430981816, 'penalty': 'l2'}. Best is trial 0 with value: 0.7566666666666666.
[I 2025-05-15 07:42:42,142] Trial 1 finished with value: 0.6900000000000001 and parameters: {'C': 0.045698192893558344, 'penalty': 'l2'}. Best is trial 0 with value: 0.7566666666666666.
[I 2025-05-15 07:42:42,169] Trial 2 finished with value: 0.7366666666666667 and parameters: {'C': 12.768668597712947, 'penalty': 'l2'}. Best is trial 0 with value: 0.7566666666666666.
[I 2025-05-15 07:42:42,200] Trial 3 finished with value: 0.5633333333333332 and parameters: {'C': 0.0016161554408462638, 'penalty': 'l2'}. Best is trial 0 with value: 0.7566666666666666.
[I 2025-05-15 07:42:42,224] Trial 4 finished with value: 0.6266666666666667 and parameters: {'C': 0.0034536903703241734, 'penalty': 'l2'}. Best is trial 0 with value: 0.7566666666666666.
[I 2025-05-15 07:42:42,273] Trial 5 finished with value: 0.74 and parameters: {'C': 0.9446269266990148, 'penalty': 'l2'}. Best is trial 0 with value: 0.7566666666666666.
[I 2025-05-15 07:42:42,299] Trial 6 finished with value: 0.7033333333333334 and parameters: {'C': 0.4457453393648168, 'penalty': 'l2'}. Best is trial 0 with value: 0.7566666666666666.
[I 2025-05-15 07:42:42,324] Trial 7 finished with value: 0.6900000000000001 and parameters: {'C': 0.12417585037258261, 'penalty': 'l2'}. Best is trial 0 with value: 0.7566666666666666.
[I 2025-05-15 07:42:42,348] Trial 8 finished with value: 0.6900000000000001 and parameters: {'C': 0.04753781830244093, 'penalty': 'l2'}. Best is trial 0 with value: 0.7566666666666666.
[I 2025-05-15 07:42:42,383] Trial 9 finished with value: 0.7200000000000001 and parameters: {'C': 1.2959766028194148, 'penalty': 'l2'}. Best is trial 0 with value: 0.7566666666666666.
[I 2025-05-15 07:42:42,453] Trial 10 finished with value: 0.74 and parameters: {'C': 96.02411422716075, 'penalty': 'l2'}. Best is trial 0 with value: 0.7566666666666666.
[I 2025-05-15 07:42:43,471] Trial 11 finished with value: 0.7033333333333334 and parameters: {'C': 3.2883107534732585, 'penalty': 'l2'}. Best is trial 0 with value: 0.7566666666666666.
[I 2025-05-15 07:42:44,464] Trial 12 finished with value: 0.74 and parameters: {'C': 85.5080171220481, 'penalty': 'l2'}. Best is trial 0 with value: 0.7566666666666666.
[I 2025-05-15 07:42:44,502] Trial 13 finished with value: 0.7366666666666667 and parameters: {'C': 15.876762626429434, 'penalty': 'l2'}. Best is trial 0 with value: 0.7566666666666666.
[I 2025-05-15 07:42:44,541] Trial 14 finished with value: 0.7200000000000001 and parameters: {'C': 4.366544669644272, 'penalty': 'l2'}. Best is trial 0 with value: 0.7566666666666666.
[I 2025-05-15 07:42:44,572] Trial 15 finished with value: 0.7033333333333334 and parameters: {'C': 0.4637667403963397, 'penalty': 'l2'}. Best is trial 0 with value: 0.7566666666666666.
[I 2025-05-15 07:42:44,642] Trial 16 finished with value: 0.7366666666666667 and parameters: {'C': 16.430619078570526, 'penalty': 'l2'}. Best is trial 0 with value: 0.7566666666666666.
[I 2025-05-15 07:42:44,672] Trial 17 finished with value: 0.6566666666666666 and parameters: {'C': 0.010656767660083168, 'penalty': 'l2'}. Best is trial 0 with value: 0.7566666666666666.
[I 2025-05-15 07:42:44,710] Trial 18 finished with value: 0.7033333333333334 and parameters: {'C': 3.1043628200283595, 'penalty': 'l2'}. Best is trial 0 with value: 0.7566666666666666.
[I 2025-05-15 07:42:44,758] Trial 19 finished with value: 0.7200000000000001 and parameters: {'C': 1.0777475744847327, 'penalty': 'l2'}. Best is trial 0 with value: 0.7566666666666666.
[I 2025-05-15 07:42:44,818] Trial 20 finished with value: 0.7566666666666666 and parameters: {'C': 33.19039993786443, 'penalty': 'l2'}. Best is trial 0 with value: 0.7566666666666666.
[I 2025-05-15 07:42:44,857] Trial 21 finished with value: 0.7566666666666666 and parameters: {'C': 37.39190725901972, 'penalty': 'l2'}. Best is trial 0 with value: 0.7566666666666666.
[I 2025-05-15 07:42:44,896] Trial 22 finished with value: 0.7566666666666666 and parameters: {'C': 36.91091631069371, 'penalty': 'l2'}. Best is trial 0 with value: 0.7566666666666666.
[I 2025-05-15 07:42:44,934] Trial 23 finished with value: 0.7566666666666666 and parameters: {'C': 34.500320059525514, 'penalty': 'l2'}. Best is trial 0 with value: 0.7566666666666666.
[I 2025-05-15 07:42:45,929] Trial 24 finished with value: 0.7366666666666667 and parameters: {'C': 6.992538998022857, 'penalty': 'l2'}. Best is trial 0 with value: 0.7566666666666666.
[I 2025-05-15 07:42:45,967] Trial 25 finished with value: 0.7566666666666666 and parameters: {'C': 37.60342213391601, 'penalty': 'l2'}. Best is trial 0 with value: 0.7566666666666666.
[I 2025-05-15 07:42:45,996] Trial 26 finished with value: 0.7366666666666667 and parameters: {'C': 9.7525054123314, 'penalty': 'l2'}. Best is trial 0 with value: 0.7566666666666666.
[I 2025-05-15 07:42:46,035] Trial 27 finished with value: 0.74 and parameters: {'C': 47.31526925930638, 'penalty': 'l2'}. Best is trial 0 with value: 0.7566666666666666.
[I 2025-05-15 07:42:46,063] Trial 28 finished with value: 0.7366666666666667 and parameters: {'C': 19.02670223150126, 'penalty': 'l2'}. Best is trial 0 with value: 0.7566666666666666.
[I 2025-05-15 07:42:46,093] Trial 29 finished with value: 0.7066666666666667 and parameters: {'C': 0.15143178881519073, 'penalty': 'l2'}. Best is trial 0 with value: 0.7566666666666666.
[I 2025-05-15 07:42:50,242] A new study created in memory with name: mlp
/data/home/rtabares/anaconda3/envs/pyth3.12/lib/python3.12/site-packages/sklearn/neural_network/_multilayer_perceptron.py:691: ConvergenceWarning: Stochastic Optimizer: Maximum iterations (100) reached and the optimization hasn't converged yet.
  warnings.warn(
/data/home/rtabares/anaconda3/envs/pyth3.12/lib/python3.12/site-packages/sklearn/neural_network/_multilayer_perceptron.py:691: ConvergenceWarning: Stochastic Optimizer: Maximum iterations (100) reached and the optimization hasn't converged yet.
  warnings.warn(
/data/home/rtabares/anaconda3/envs/pyth3.12/lib/python3.12/site-packages/sklearn/neural_network/_multilayer_perceptron.py:691: ConvergenceWarning: Stochastic Optimizer: Maximum iterations (100) reached and the optimization hasn't converged yet.
  warnings.warn(
/data/home/rtabares/anaconda3/envs/pyth3.12/lib/python3.12/site-packages/sklearn/neural_network/_multilayer_perceptron.py:691: ConvergenceWarning: Stochastic Optimizer: Maximum iterations (100) reached and the optimization hasn't converged yet.
  warnings.warn(
/data/home/rtabares/anaconda3/envs/pyth3.12/lib/python3.12/site-packages/sklearn/neural_network/_multilayer_perceptron.py:691: ConvergenceWarning: Stochastic Optimizer: Maximum iterations (100) reached and the optimization hasn't converged yet.
  warnings.warn(
[I 2025-05-15 07:42:53,055] Trial 0 finished with value: 0.7033333333333334 and parameters: {'hidden_layer_sizes': (100,), 'max_iter': 100, 'alpha': 0.0001}. Best is trial 0 with value: 0.7033333333333334.
Parámetros guardados en checkpoint_default_Doriginal_H/random/IPC_27/best_models_random_seed_6_space_original/logreg_best_params.json


>>> Optuna tuning mlp metodo random IPC 27 seed 6


/data/home/rtabares/anaconda3/envs/pyth3.12/lib/python3.12/site-packages/sklearn/neural_network/_multilayer_perceptron.py:691: ConvergenceWarning: Stochastic Optimizer: Maximum iterations (100) reached and the optimization hasn't converged yet.
  warnings.warn(
/data/home/rtabares/anaconda3/envs/pyth3.12/lib/python3.12/site-packages/sklearn/neural_network/_multilayer_perceptron.py:691: ConvergenceWarning: Stochastic Optimizer: Maximum iterations (100) reached and the optimization hasn't converged yet.
  warnings.warn(
/data/home/rtabares/anaconda3/envs/pyth3.12/lib/python3.12/site-packages/sklearn/neural_network/_multilayer_perceptron.py:691: ConvergenceWarning: Stochastic Optimizer: Maximum iterations (100) reached and the optimization hasn't converged yet.
  warnings.warn(
/data/home/rtabares/anaconda3/envs/pyth3.12/lib/python3.12/site-packages/sklearn/neural_network/_multilayer_perceptron.py:691: ConvergenceWarning: Stochastic Optimizer: Maximum iterations (100) reached and the optimization hasn't converged yet.
  warnings.warn(
/data/home/rtabares/anaconda3/envs/pyth3.12/lib/python3.12/site-packages/sklearn/neural_network/_multilayer_perceptron.py:691: ConvergenceWarning: Stochastic Optimizer: Maximum iterations (100) reached and the optimization hasn't converged yet.
  warnings.warn(
[I 2025-05-15 07:42:55,762] Trial 1 finished with value: 0.7566666666666666 and parameters: {'hidden_layer_sizes': (100, 100), 'max_iter': 100, 'alpha': 0.001}. Best is trial 1 with value: 0.7566666666666666.
/data/home/rtabares/anaconda3/envs/pyth3.12/lib/python3.12/site-packages/sklearn/neural_network/_multilayer_perceptron.py:691: ConvergenceWarning: Stochastic Optimizer: Maximum iterations (100) reached and the optimization hasn't converged yet.
  warnings.warn(
/data/home/rtabares/anaconda3/envs/pyth3.12/lib/python3.12/site-packages/sklearn/neural_network/_multilayer_perceptron.py:691: ConvergenceWarning: Stochastic Optimizer: Maximum iterations (100) reached and the optimization hasn't converged yet.
  warnings.warn(
/data/home/rtabares/anaconda3/envs/pyth3.12/lib/python3.12/site-packages/sklearn/neural_network/_multilayer_perceptron.py:691: ConvergenceWarning: Stochastic Optimizer: Maximum iterations (100) reached and the optimization hasn't converged yet.
  warnings.warn(
/data/home/rtabares/anaconda3/envs/pyth3.12/lib/python3.12/site-packages/sklearn/neural_network/_multilayer_perceptron.py:691: ConvergenceWarning: Stochastic Optimizer: Maximum iterations (100) reached and the optimization hasn't converged yet.
  warnings.warn(
/data/home/rtabares/anaconda3/envs/pyth3.12/lib/python3.12/site-packages/sklearn/neural_network/_multilayer_perceptron.py:691: ConvergenceWarning: Stochastic Optimizer: Maximum iterations (100) reached and the optimization hasn't converged yet.
  warnings.warn(
[I 2025-05-15 07:42:56,181] Trial 2 finished with value: 0.7766666666666666 and parameters: {'hidden_layer_sizes': (200,), 'max_iter': 100, 'alpha': 0.0001}. Best is trial 2 with value: 0.7766666666666666.
/data/home/rtabares/anaconda3/envs/pyth3.12/lib/python3.12/site-packages/sklearn/neural_network/_multilayer_perceptron.py:691: ConvergenceWarning: Stochastic Optimizer: Maximum iterations (50) reached and the optimization hasn't converged yet.
  warnings.warn(
/data/home/rtabares/anaconda3/envs/pyth3.12/lib/python3.12/site-packages/sklearn/neural_network/_multilayer_perceptron.py:691: ConvergenceWarning: Stochastic Optimizer: Maximum iterations (50) reached and the optimization hasn't converged yet.
  warnings.warn(
/data/home/rtabares/anaconda3/envs/pyth3.12/lib/python3.12/site-packages/sklearn/neural_network/_multilayer_perceptron.py:691: ConvergenceWarning: Stochastic Optimizer: Maximum iterations (50) reached and the optimization hasn't converged yet.
  warnings.warn(
/data/home/rtabares/anaconda3/envs/pyth3.12/lib/python3.12/site-packages/sklearn/neural_network/_multilayer_perceptron.py:691: ConvergenceWarning: Stochastic Optimizer: Maximum iterations (50) reached and the optimization hasn't converged yet.
  warnings.warn(
/data/home/rtabares/anaconda3/envs/pyth3.12/lib/python3.12/site-packages/sklearn/neural_network/_multilayer_perceptron.py:691: ConvergenceWarning: Stochastic Optimizer: Maximum iterations (50) reached and the optimization hasn't converged yet.
  warnings.warn(
