[I 2025-05-15 07:33:47,313] Trial 8 finished with value: 0.8266666666666668 and parameters: {'n_estimators': 100, 'max_depth': 20, 'gamma': 0.6251497693480509, 'subsample': 0.9696496759824258, 'colsample_bytree': 0.9717700410079397}. Best is trial 0 with value: 0.8433333333333334.
/data/home/rtabares/anaconda3/envs/pyth3.12/lib/python3.12/site-packages/xgboost/core.py:377: FutureWarning: Your system has an old version of glibc (< 2.28). We will stop supporting Linux distros with glibc older than 2.28 after **May 31, 2025**. Please upgrade to a recent Linux distro (with glibc >= 2.28) to use future versions of XGBoost.
Note: You have installed the 'manylinux2014' variant of XGBoost. Certain features such as GPU algorithms or federated learning are not available. To use these features, please upgrade to a recent Linux distro with glibc 2.28+, and install the 'manylinux_2_28' variant.
  warnings.warn(
[I 2025-05-15 07:33:47,363] Trial 9 finished with value: 0.8433333333333334 and parameters: {'n_estimators': 40, 'max_depth': 30, 'gamma': 0.9649927737686168, 'subsample': 0.6857563076640036, 'colsample_bytree': 0.5061847058001788}. Best is trial 0 with value: 0.8433333333333334.
/data/home/rtabares/anaconda3/envs/pyth3.12/lib/python3.12/site-packages/xgboost/core.py:377: FutureWarning: Your system has an old version of glibc (< 2.28). We will stop supporting Linux distros with glibc older than 2.28 after **May 31, 2025**. Please upgrade to a recent Linux distro (with glibc >= 2.28) to use future versions of XGBoost.
Note: You have installed the 'manylinux2014' variant of XGBoost. Certain features such as GPU algorithms or federated learning are not available. To use these features, please upgrade to a recent Linux distro with glibc 2.28+, and install the 'manylinux_2_28' variant.
  warnings.warn(
/data/home/rtabares/anaconda3/envs/pyth3.12/lib/python3.12/site-packages/xgboost/core.py:377: FutureWarning: Your system has an old version of glibc (< 2.28). We will stop supporting Linux distros with glibc older than 2.28 after **May 31, 2025**. Please upgrade to a recent Linux distro (with glibc >= 2.28) to use future versions of XGBoost.
Note: You have installed the 'manylinux2014' variant of XGBoost. Certain features such as GPU algorithms or federated learning are not available. To use these features, please upgrade to a recent Linux distro with glibc 2.28+, and install the 'manylinux_2_28' variant.
  warnings.warn(
/data/home/rtabares/anaconda3/envs/pyth3.12/lib/python3.12/site-packages/xgboost/core.py:377: FutureWarning: Your system has an old version of glibc (< 2.28). We will stop supporting Linux distros with glibc older than 2.28 after **May 31, 2025**. Please upgrade to a recent Linux distro (with glibc >= 2.28) to use future versions of XGBoost.
Note: You have installed the 'manylinux2014' variant of XGBoost. Certain features such as GPU algorithms or federated learning are not available. To use these features, please upgrade to a recent Linux distro with glibc 2.28+, and install the 'manylinux_2_28' variant.
  warnings.warn(
[I 2025-05-15 07:33:47,449] Trial 10 finished with value: 0.8433333333333334 and parameters: {'n_estimators': 40, 'max_depth': 5, 'gamma': 0.17962098877423716, 'subsample': 0.8225184540606401, 'colsample_bytree': 0.7743115296703093}. Best is trial 0 with value: 0.8433333333333334.
/data/home/rtabares/anaconda3/envs/pyth3.12/lib/python3.12/site-packages/xgboost/core.py:377: FutureWarning: Your system has an old version of glibc (< 2.28). We will stop supporting Linux distros with glibc older than 2.28 after **May 31, 2025**. Please upgrade to a recent Linux distro (with glibc >= 2.28) to use future versions of XGBoost.
Note: You have installed the 'manylinux2014' variant of XGBoost. Certain features such as GPU algorithms or federated learning are not available. To use these features, please upgrade to a recent Linux distro with glibc 2.28+, and install the 'manylinux_2_28' variant.
  warnings.warn(
[I 2025-05-15 07:33:47,535] Trial 11 finished with value: 0.8433333333333334 and parameters: {'n_estimators': 10, 'max_depth': 20, 'gamma': 0.42813059903946427, 'subsample': 0.6388052294316233, 'colsample_bytree': 0.6815498556783907}. Best is trial 0 with value: 0.8433333333333334.
[I 2025-05-15 07:33:47,584] Trial 12 finished with value: 0.8433333333333334 and parameters: {'n_estimators': 10, 'max_depth': 5, 'gamma': 0.2329755566234021, 'subsample': 0.799347910925926, 'colsample_bytree': 0.691686017284061}. Best is trial 0 with value: 0.8433333333333334.
/data/home/rtabares/anaconda3/envs/pyth3.12/lib/python3.12/site-packages/xgboost/core.py:377: FutureWarning: Your system has an old version of glibc (< 2.28). We will stop supporting Linux distros with glibc older than 2.28 after **May 31, 2025**. Please upgrade to a recent Linux distro (with glibc >= 2.28) to use future versions of XGBoost.
Note: You have installed the 'manylinux2014' variant of XGBoost. Certain features such as GPU algorithms or federated learning are not available. To use these features, please upgrade to a recent Linux distro with glibc 2.28+, and install the 'manylinux_2_28' variant.
  warnings.warn(
[I 2025-05-15 07:33:48,525] Trial 13 finished with value: 0.8433333333333334 and parameters: {'n_estimators': 40, 'max_depth': 20, 'gamma': 0.43705006434737675, 'subsample': 0.6109744065191631, 'colsample_bytree': 0.5986642109109661}. Best is trial 0 with value: 0.8433333333333334.
[I 2025-05-15 07:33:48,568] Trial 14 finished with value: 0.8433333333333334 and parameters: {'n_estimators': 40, 'max_depth': 20, 'gamma': 0.6918007402171132, 'subsample': 0.7745315772607766, 'colsample_bytree': 0.8551654876481427}. Best is trial 0 with value: 0.8433333333333334.
/data/home/rtabares/anaconda3/envs/pyth3.12/lib/python3.12/site-packages/xgboost/core.py:377: FutureWarning: Your system has an old version of glibc (< 2.28). We will stop supporting Linux distros with glibc older than 2.28 after **May 31, 2025**. Please upgrade to a recent Linux distro (with glibc >= 2.28) to use future versions of XGBoost.
Note: You have installed the 'manylinux2014' variant of XGBoost. Certain features such as GPU algorithms or federated learning are not available. To use these features, please upgrade to a recent Linux distro with glibc 2.28+, and install the 'manylinux_2_28' variant.
  warnings.warn(
/data/home/rtabares/anaconda3/envs/pyth3.12/lib/python3.12/site-packages/xgboost/core.py:377: FutureWarning: Your system has an old version of glibc (< 2.28). We will stop supporting Linux distros with glibc older than 2.28 after **May 31, 2025**. Please upgrade to a recent Linux distro (with glibc >= 2.28) to use future versions of XGBoost.
Note: You have installed the 'manylinux2014' variant of XGBoost. Certain features such as GPU algorithms or federated learning are not available. To use these features, please upgrade to a recent Linux distro with glibc 2.28+, and install the 'manylinux_2_28' variant.
  warnings.warn(
[I 2025-05-15 07:33:49,456] Trial 15 finished with value: 0.8433333333333334 and parameters: {'n_estimators': 10, 'max_depth': 5, 'gamma': 0.2988371375941983, 'subsample': 0.8672886392732249, 'colsample_bytree': 0.6112647878023036}. Best is trial 0 with value: 0.8433333333333334.
/data/home/rtabares/anaconda3/envs/pyth3.12/lib/python3.12/site-packages/xgboost/core.py:377: FutureWarning: Your system has an old version of glibc (< 2.28). We will stop supporting Linux distros with glibc older than 2.28 after **May 31, 2025**. Please upgrade to a recent Linux distro (with glibc >= 2.28) to use future versions of XGBoost.
Note: You have installed the 'manylinux2014' variant of XGBoost. Certain features such as GPU algorithms or federated learning are not available. To use these features, please upgrade to a recent Linux distro with glibc 2.28+, and install the 'manylinux_2_28' variant.
  warnings.warn(
/data/home/rtabares/anaconda3/envs/pyth3.12/lib/python3.12/site-packages/xgboost/core.py:377: FutureWarning: Your system has an old version of glibc (< 2.28). We will stop supporting Linux distros with glibc older than 2.28 after **May 31, 2025**. Please upgrade to a recent Linux distro (with glibc >= 2.28) to use future versions of XGBoost.
Note: You have installed the 'manylinux2014' variant of XGBoost. Certain features such as GPU algorithms or federated learning are not available. To use these features, please upgrade to a recent Linux distro with glibc 2.28+, and install the 'manylinux_2_28' variant.
  warnings.warn(
[I 2025-05-15 07:33:50,337] Trial 16 finished with value: 0.8433333333333334 and parameters: {'n_estimators': 40, 'max_depth': 20, 'gamma': 0.5409837020453755, 'subsample': 0.5851537741093776, 'colsample_bytree': 0.7212718893110286}. Best is trial 0 with value: 0.8433333333333334.
[I 2025-05-15 07:33:50,394] Trial 17 finished with value: 0.8266666666666668 and parameters: {'n_estimators': 10, 'max_depth': 5, 'gamma': 0.4336896592493513, 'subsample': 0.7218567228972277, 'colsample_bytree': 0.8620191781968441}. Best is trial 0 with value: 0.8433333333333334.
[I 2025-05-15 07:33:50,431] Trial 18 finished with value: 0.8433333333333334 and parameters: {'n_estimators': 40, 'max_depth': 5, 'gamma': 0.9913860986584816, 'subsample': 0.6780669908239779, 'colsample_bytree': 0.5681157441732178}. Best is trial 0 with value: 0.8433333333333334.
[I 2025-05-15 07:33:50,472] Trial 19 finished with value: 0.8433333333333334 and parameters: {'n_estimators': 10, 'max_depth': 20, 'gamma': 0.10332479109556375, 'subsample': 0.7487931599912829, 'colsample_bytree': 0.6459480502866466}. Best is trial 0 with value: 0.8433333333333334.
[I 2025-05-15 07:33:50,521] Trial 20 finished with value: 0.8433333333333334 and parameters: {'n_estimators': 40, 'max_depth': 20, 'gamma': 0.7591732860443527, 'subsample': 0.5829627159306838, 'colsample_bytree': 0.7464103518856897}. Best is trial 0 with value: 0.8433333333333334.
[I 2025-05-15 07:33:50,557] Trial 21 finished with value: 0.8433333333333334 and parameters: {'n_estimators': 10, 'max_depth': 30, 'gamma': 0.846174902623007, 'subsample': 0.5498389417040259, 'colsample_bytree': 0.7936038341917634}. Best is trial 0 with value: 0.8433333333333334.
[I 2025-05-15 07:33:50,613] Trial 22 finished with value: 0.8433333333333334 and parameters: {'n_estimators': 10, 'max_depth': 30, 'gamma': 0.7739448526763889, 'subsample': 0.6399713465965227, 'colsample_bytree': 0.8348698744698834}. Best is trial 0 with value: 0.8433333333333334.
[I 2025-05-15 07:33:50,685] Trial 23 finished with value: 0.8433333333333334 and parameters: {'n_estimators': 10, 'max_depth': 30, 'gamma': 0.9007791038631381, 'subsample': 0.5545821513323833, 'colsample_bytree': 0.6606015970788762}. Best is trial 0 with value: 0.8433333333333334.
[I 2025-05-15 07:33:50,738] Trial 24 finished with value: 0.8433333333333334 and parameters: {'n_estimators': 10, 'max_depth': 30, 'gamma': 0.5888500517066938, 'subsample': 0.5041788291572397, 'colsample_bytree': 0.919009619607107}. Best is trial 0 with value: 0.8433333333333334.
[I 2025-05-15 07:33:50,799] Trial 25 finished with value: 0.8433333333333334 and parameters: {'n_estimators': 10, 'max_depth': 30, 'gamma': 0.7411198014356537, 'subsample': 0.6275610592889731, 'colsample_bytree': 0.7225223210093272}. Best is trial 0 with value: 0.8433333333333334.
[I 2025-05-15 07:33:50,848] Trial 26 finished with value: 0.8266666666666668 and parameters: {'n_estimators': 10, 'max_depth': 5, 'gamma': 0.4955110643541186, 'subsample': 0.8313652583521709, 'colsample_bytree': 0.7840037229009624}. Best is trial 0 with value: 0.8433333333333334.
[I 2025-05-15 07:33:50,897] Trial 27 finished with value: 0.8433333333333334 and parameters: {'n_estimators': 10, 'max_depth': 20, 'gamma': 0.6607882810156513, 'subsample': 0.7471674903878635, 'colsample_bytree': 0.559439791153893}. Best is trial 0 with value: 0.8433333333333334.
[I 2025-05-15 07:33:50,967] Trial 28 finished with value: 0.8633333333333333 and parameters: {'n_estimators': 100, 'max_depth': 5, 'gamma': 0.3506268368544428, 'subsample': 0.6688273118644459, 'colsample_bytree': 0.6283151821564997}. Best is trial 28 with value: 0.8633333333333333.
[I 2025-05-15 07:33:51,024] Trial 29 finished with value: 0.8433333333333334 and parameters: {'n_estimators': 100, 'max_depth': 5, 'gamma': 0.33092850227221043, 'subsample': 0.6912718218554993, 'colsample_bytree': 0.6322713551572395}. Best is trial 28 with value: 0.8633333333333333.
[I 2025-05-15 07:33:57,099] A new study created in memory with name: rf
Parámetros guardados en checkpoint_default_Doriginal_H/ag/IPC_27/best_models_ag_seed_5_space_original/xgb_best_params.json


>>> Optuna tuning rf metodo ag IPC 27 seed 5


[I 2025-05-15 07:34:02,434] Trial 0 finished with value: 0.7766666666666667 and parameters: {'n_estimators': 189, 'max_depth': 18, 'min_samples_split': 3, 'min_samples_leaf': 10}. Best is trial 0 with value: 0.7766666666666667.
[I 2025-05-15 07:34:03,233] Trial 1 finished with value: 0.79 and parameters: {'n_estimators': 295, 'max_depth': 14, 'min_samples_split': 8, 'min_samples_leaf': 6}. Best is trial 1 with value: 0.79.
[I 2025-05-15 07:34:03,861] Trial 2 finished with value: 0.7933333333333333 and parameters: {'n_estimators': 219, 'max_depth': 6, 'min_samples_split': 2, 'min_samples_leaf': 8}. Best is trial 2 with value: 0.7933333333333333.
[I 2025-05-15 07:34:04,370] Trial 3 finished with value: 0.8099999999999999 and parameters: {'n_estimators': 276, 'max_depth': 5, 'min_samples_split': 9, 'min_samples_leaf': 3}. Best is trial 3 with value: 0.8099999999999999.
[I 2025-05-15 07:34:04,817] Trial 4 finished with value: 0.7933333333333333 and parameters: {'n_estimators': 266, 'max_depth': 8, 'min_samples_split': 7, 'min_samples_leaf': 6}. Best is trial 3 with value: 0.8099999999999999.
[I 2025-05-15 07:34:05,377] Trial 5 finished with value: 0.79 and parameters: {'n_estimators': 340, 'max_depth': 7, 'min_samples_split': 4, 'min_samples_leaf': 3}. Best is trial 3 with value: 0.8099999999999999.
[I 2025-05-15 07:34:05,849] Trial 6 finished with value: 0.7566666666666666 and parameters: {'n_estimators': 231, 'max_depth': 5, 'min_samples_split': 3, 'min_samples_leaf': 10}. Best is trial 3 with value: 0.8099999999999999.
[I 2025-05-15 07:34:06,668] Trial 7 finished with value: 0.79 and parameters: {'n_estimators': 485, 'max_depth': 6, 'min_samples_split': 2, 'min_samples_leaf': 3}. Best is trial 3 with value: 0.8099999999999999.
[I 2025-05-15 07:34:07,354] Trial 8 finished with value: 0.79 and parameters: {'n_estimators': 380, 'max_depth': 17, 'min_samples_split': 2, 'min_samples_leaf': 6}. Best is trial 3 with value: 0.8099999999999999.
[I 2025-05-15 07:34:07,601] Trial 9 finished with value: 0.7733333333333334 and parameters: {'n_estimators': 100, 'max_depth': 12, 'min_samples_split': 7, 'min_samples_leaf': 10}. Best is trial 3 with value: 0.8099999999999999.
[I 2025-05-15 07:34:08,370] Trial 10 finished with value: 0.8099999999999999 and parameters: {'n_estimators': 446, 'max_depth': 3, 'min_samples_split': 10, 'min_samples_leaf': 2}. Best is trial 3 with value: 0.8099999999999999.
[I 2025-05-15 07:34:09,822] Trial 11 finished with value: 0.8099999999999999 and parameters: {'n_estimators': 436, 'max_depth': 3, 'min_samples_split': 10, 'min_samples_leaf': 1}. Best is trial 3 with value: 0.8099999999999999.
[I 2025-05-15 07:34:10,436] Trial 12 finished with value: 0.79 and parameters: {'n_estimators': 387, 'max_depth': 3, 'min_samples_split': 10, 'min_samples_leaf': 2}. Best is trial 3 with value: 0.8099999999999999.
[I 2025-05-15 07:34:12,972] Trial 13 finished with value: 0.8266666666666668 and parameters: {'n_estimators': 483, 'max_depth': 9, 'min_samples_split': 9, 'min_samples_leaf': 4}. Best is trial 13 with value: 0.8266666666666668.
[I 2025-05-15 07:34:13,652] Trial 14 finished with value: 0.8099999999999999 and parameters: {'n_estimators': 338, 'max_depth': 10, 'min_samples_split': 8, 'min_samples_leaf': 4}. Best is trial 13 with value: 0.8266666666666668.
[I 2025-05-15 07:34:13,957] Trial 15 finished with value: 0.79 and parameters: {'n_estimators': 168, 'max_depth': 9, 'min_samples_split': 5, 'min_samples_leaf': 4}. Best is trial 13 with value: 0.8266666666666668.
[I 2025-05-15 07:34:14,845] Trial 16 finished with value: 0.79 and parameters: {'n_estimators': 496, 'max_depth': 12, 'min_samples_split': 9, 'min_samples_leaf': 5}. Best is trial 13 with value: 0.8266666666666668.
[I 2025-05-15 07:34:15,320] Trial 17 finished with value: 0.7733333333333334 and parameters: {'n_estimators': 286, 'max_depth': 15, 'min_samples_split': 6, 'min_samples_leaf': 8}. Best is trial 13 with value: 0.8266666666666668.
[I 2025-05-15 07:34:15,962] Trial 18 finished with value: 0.8300000000000001 and parameters: {'n_estimators': 343, 'max_depth': 10, 'min_samples_split': 9, 'min_samples_leaf': 1}. Best is trial 18 with value: 0.8300000000000001.
[I 2025-05-15 07:34:16,611] Trial 19 finished with value: 0.8300000000000001 and parameters: {'n_estimators': 423, 'max_depth': 10, 'min_samples_split': 8, 'min_samples_leaf': 1}. Best is trial 18 with value: 0.8300000000000001.
[I 2025-05-15 07:34:17,257] Trial 20 finished with value: 0.8099999999999999 and parameters: {'n_estimators': 386, 'max_depth': 14, 'min_samples_split': 7, 'min_samples_leaf': 1}. Best is trial 18 with value: 0.8300000000000001.
[I 2025-05-15 07:34:18,098] Trial 21 finished with value: 0.8099999999999999 and parameters: {'n_estimators': 437, 'max_depth': 10, 'min_samples_split': 9, 'min_samples_leaf': 1}. Best is trial 18 with value: 0.8300000000000001.
[I 2025-05-15 07:34:18,894] Trial 22 finished with value: 0.8099999999999999 and parameters: {'n_estimators': 466, 'max_depth': 11, 'min_samples_split': 8, 'min_samples_leaf': 2}. Best is trial 18 with value: 0.8300000000000001.
[I 2025-05-15 07:34:20,246] Trial 23 finished with value: 0.8099999999999999 and parameters: {'n_estimators': 407, 'max_depth': 8, 'min_samples_split': 9, 'min_samples_leaf': 4}. Best is trial 18 with value: 0.8300000000000001.
[I 2025-05-15 07:34:21,876] Trial 24 finished with value: 0.8099999999999999 and parameters: {'n_estimators': 337, 'max_depth': 20, 'min_samples_split': 8, 'min_samples_leaf': 2}. Best is trial 18 with value: 0.8300000000000001.
[I 2025-05-15 07:34:23,355] Trial 25 finished with value: 0.8099999999999999 and parameters: {'n_estimators': 411, 'max_depth': 13, 'min_samples_split': 6, 'min_samples_leaf': 1}. Best is trial 18 with value: 0.8300000000000001.
[I 2025-05-15 07:34:24,180] Trial 26 finished with value: 0.79 and parameters: {'n_estimators': 359, 'max_depth': 10, 'min_samples_split': 9, 'min_samples_leaf': 5}. Best is trial 18 with value: 0.8300000000000001.
[I 2025-05-15 07:34:25,096] Trial 27 finished with value: 0.79 and parameters: {'n_estimators': 462, 'max_depth': 9, 'min_samples_split': 7, 'min_samples_leaf': 7}. Best is trial 18 with value: 0.8300000000000001.
[I 2025-05-15 07:34:26,033] Trial 28 finished with value: 0.8099999999999999 and parameters: {'n_estimators': 419, 'max_depth': 11, 'min_samples_split': 10, 'min_samples_leaf': 3}. Best is trial 18 with value: 0.8300000000000001.
[I 2025-05-15 07:34:27,160] Trial 29 finished with value: 0.7733333333333332 and parameters: {'n_estimators': 312, 'max_depth': 16, 'min_samples_split': 8, 'min_samples_leaf': 2}. Best is trial 18 with value: 0.8300000000000001.
[I 2025-05-15 07:34:34,167] A new study created in memory with name: svc
Parámetros guardados en checkpoint_default_Doriginal_H/ag/IPC_27/best_models_ag_seed_5_space_original/rf_best_params.json


>>> Optuna tuning svc metodo ag IPC 27 seed 5


[I 2025-05-15 07:34:36,880] Trial 0 finished with value: 0.5 and parameters: {'C': 0.07726319876517104, 'gamma': 0.3040389504793042}. Best is trial 0 with value: 0.5.
[I 2025-05-15 07:34:37,013] Trial 1 finished with value: 0.5 and parameters: {'C': 0.06712381339142241, 'gamma': 0.47254549996710477}. Best is trial 0 with value: 0.5.
[I 2025-05-15 07:34:37,087] Trial 2 finished with value: 0.39333333333333337 and parameters: {'C': 0.8987621100554035, 'gamma': 0.027988231123708972}. Best is trial 0 with value: 0.5.
[I 2025-05-15 07:34:37,111] Trial 3 finished with value: 0.37666666666666665 and parameters: {'C': 11.5779435007655, 'gamma': 0.011848734045499056}. Best is trial 0 with value: 0.5.
[I 2025-05-15 07:34:37,143] Trial 4 finished with value: 0.52 and parameters: {'C': 0.1538870258903583, 'gamma': 0.0005634883151169033}. Best is trial 4 with value: 0.52.
[I 2025-05-15 07:34:37,183] Trial 5 finished with value: 0.5 and parameters: {'C': 0.021036092656561454, 'gamma': 0.08990030906808326}. Best is trial 4 with value: 0.52.
[I 2025-05-15 07:34:37,196] Trial 6 finished with value: 0.52 and parameters: {'C': 0.5824208201678516, 'gamma': 0.00042977333932534993}. Best is trial 4 with value: 0.52.
[I 2025-05-15 07:34:37,211] Trial 7 finished with value: 0.4966666666666667 and parameters: {'C': 33.09391330085814, 'gamma': 0.001248377256719358}. Best is trial 4 with value: 0.52.
[I 2025-05-15 07:34:37,242] Trial 8 finished with value: 0.5 and parameters: {'C': 0.45387898639622015, 'gamma': 0.0015286910781809498}. Best is trial 4 with value: 0.52.
[I 2025-05-15 07:34:37,261] Trial 9 finished with value: 0.39333333333333337 and parameters: {'C': 3.274550070431994, 'gamma': 0.02086177421469992}. Best is trial 4 with value: 0.52.
[I 2025-05-15 07:34:37,304] Trial 10 finished with value: 0.52 and parameters: {'C': 0.01015031429029542, 'gamma': 0.00010813284331811526}. Best is trial 4 with value: 0.52.
[I 2025-05-15 07:34:39,091] Trial 11 finished with value: 0.52 and parameters: {'C': 0.2946546726762962, 'gamma': 0.000192696939064797}. Best is trial 4 with value: 0.52.
[I 2025-05-15 07:34:40,705] Trial 12 finished with value: 0.4166666666666667 and parameters: {'C': 2.9648182303354678, 'gamma': 0.0011563341942962047}. Best is trial 4 with value: 0.52.
