[I 2025-05-15 08:03:15,614] Trial 11 finished with value: 0.798611111111111 and parameters: {'n_estimators': 40, 'max_depth': 20, 'gamma': 0.3416119195877882, 'subsample': 0.5302186810181232, 'colsample_bytree': 0.9392884156859822}. Best is trial 3 with value: 0.8222222222222223.
/data/home/rtabares/anaconda3/envs/pyth3.12/lib/python3.12/site-packages/xgboost/core.py:377: FutureWarning: Your system has an old version of glibc (< 2.28). We will stop supporting Linux distros with glibc older than 2.28 after **May 31, 2025**. Please upgrade to a recent Linux distro (with glibc >= 2.28) to use future versions of XGBoost.
Note: You have installed the 'manylinux2014' variant of XGBoost. Certain features such as GPU algorithms or federated learning are not available. To use these features, please upgrade to a recent Linux distro with glibc 2.28+, and install the 'manylinux_2_28' variant.
  warnings.warn(
[I 2025-05-15 08:03:16,512] Trial 12 finished with value: 0.8041666666666666 and parameters: {'n_estimators': 40, 'max_depth': 20, 'gamma': 0.6230799259142646, 'subsample': 0.5001563712693016, 'colsample_bytree': 0.6354832124742338}. Best is trial 3 with value: 0.8222222222222223.
[I 2025-05-15 08:03:16,562] Trial 13 finished with value: 0.7888888888888888 and parameters: {'n_estimators': 40, 'max_depth': 20, 'gamma': 0.26969270907557097, 'subsample': 0.7147296132082241, 'colsample_bytree': 0.8614154890135586}. Best is trial 3 with value: 0.8222222222222223.
[I 2025-05-15 08:03:16,612] Trial 14 finished with value: 0.7652777777777777 and parameters: {'n_estimators': 10, 'max_depth': 30, 'gamma': 0.6969466433930815, 'subsample': 0.6161237465439707, 'colsample_bytree': 0.8597036850925099}. Best is trial 3 with value: 0.8222222222222223.
/data/home/rtabares/anaconda3/envs/pyth3.12/lib/python3.12/site-packages/xgboost/core.py:377: FutureWarning: Your system has an old version of glibc (< 2.28). We will stop supporting Linux distros with glibc older than 2.28 after **May 31, 2025**. Please upgrade to a recent Linux distro (with glibc >= 2.28) to use future versions of XGBoost.
Note: You have installed the 'manylinux2014' variant of XGBoost. Certain features such as GPU algorithms or federated learning are not available. To use these features, please upgrade to a recent Linux distro with glibc 2.28+, and install the 'manylinux_2_28' variant.
  warnings.warn(
[I 2025-05-15 08:03:17,353] Trial 15 finished with value: 0.825 and parameters: {'n_estimators': 40, 'max_depth': 20, 'gamma': 0.46430312911542077, 'subsample': 0.7544779959401693, 'colsample_bytree': 0.66646045251219}. Best is trial 15 with value: 0.825.
[I 2025-05-15 08:03:17,405] Trial 16 finished with value: 0.7777777777777777 and parameters: {'n_estimators': 40, 'max_depth': 20, 'gamma': 0.22983972856843382, 'subsample': 0.7736174650963648, 'colsample_bytree': 0.9993590413235571}. Best is trial 15 with value: 0.825.
/data/home/rtabares/anaconda3/envs/pyth3.12/lib/python3.12/site-packages/xgboost/core.py:377: FutureWarning: Your system has an old version of glibc (< 2.28). We will stop supporting Linux distros with glibc older than 2.28 after **May 31, 2025**. Please upgrade to a recent Linux distro (with glibc >= 2.28) to use future versions of XGBoost.
Note: You have installed the 'manylinux2014' variant of XGBoost. Certain features such as GPU algorithms or federated learning are not available. To use these features, please upgrade to a recent Linux distro with glibc 2.28+, and install the 'manylinux_2_28' variant.
  warnings.warn(
[I 2025-05-15 08:03:18,222] Trial 17 finished with value: 0.7902777777777776 and parameters: {'n_estimators': 10, 'max_depth': 20, 'gamma': 0.4119629937250321, 'subsample': 0.86547077769653, 'colsample_bytree': 0.6742119142218679}. Best is trial 15 with value: 0.825.
/data/home/rtabares/anaconda3/envs/pyth3.12/lib/python3.12/site-packages/xgboost/core.py:377: FutureWarning: Your system has an old version of glibc (< 2.28). We will stop supporting Linux distros with glibc older than 2.28 after **May 31, 2025**. Please upgrade to a recent Linux distro (with glibc >= 2.28) to use future versions of XGBoost.
Note: You have installed the 'manylinux2014' variant of XGBoost. Certain features such as GPU algorithms or federated learning are not available. To use these features, please upgrade to a recent Linux distro with glibc 2.28+, and install the 'manylinux_2_28' variant.
  warnings.warn(
[I 2025-05-15 08:03:19,225] Trial 18 finished with value: 0.7888888888888888 and parameters: {'n_estimators': 10, 'max_depth': 30, 'gamma': 0.7714355683968039, 'subsample': 0.6980300311173073, 'colsample_bytree': 0.8240459457039855}. Best is trial 15 with value: 0.825.
[I 2025-05-15 08:03:19,279] Trial 19 finished with value: 0.8125 and parameters: {'n_estimators': 40, 'max_depth': 20, 'gamma': 0.46314665914651637, 'subsample': 0.7421410275004477, 'colsample_bytree': 0.9111698139748047}. Best is trial 15 with value: 0.825.
[I 2025-05-15 08:03:19,325] Trial 20 finished with value: 0.7666666666666666 and parameters: {'n_estimators': 10, 'max_depth': 20, 'gamma': 0.6077604220525256, 'subsample': 0.9961764358499778, 'colsample_bytree': 0.6893312165361675}. Best is trial 15 with value: 0.825.
[I 2025-05-15 08:03:19,366] Trial 21 finished with value: 0.8236111111111111 and parameters: {'n_estimators': 40, 'max_depth': 20, 'gamma': 0.5970937319788981, 'subsample': 0.6553023944390974, 'colsample_bytree': 0.6116726237222627}. Best is trial 15 with value: 0.825.
[I 2025-05-15 08:03:19,412] Trial 22 finished with value: 0.8236111111111111 and parameters: {'n_estimators': 40, 'max_depth': 20, 'gamma': 0.5512544751117706, 'subsample': 0.6602138444515246, 'colsample_bytree': 0.6193031131452849}. Best is trial 15 with value: 0.825.
[I 2025-05-15 08:03:19,466] Trial 23 finished with value: 0.7625 and parameters: {'n_estimators': 40, 'max_depth': 20, 'gamma': 0.6324067803651914, 'subsample': 0.6271325560771581, 'colsample_bytree': 0.6044346589646241}. Best is trial 15 with value: 0.825.
[I 2025-05-15 08:03:19,519] Trial 24 finished with value: 0.836111111111111 and parameters: {'n_estimators': 40, 'max_depth': 20, 'gamma': 0.777901018065904, 'subsample': 0.7955575986132284, 'colsample_bytree': 0.507712936602904}. Best is trial 24 with value: 0.836111111111111.
[I 2025-05-15 08:03:19,562] Trial 25 finished with value: 0.8347222222222224 and parameters: {'n_estimators': 40, 'max_depth': 30, 'gamma': 0.7707415030289297, 'subsample': 0.8085798110326409, 'colsample_bytree': 0.5047994960168146}. Best is trial 24 with value: 0.836111111111111.
[I 2025-05-15 08:03:19,611] Trial 26 finished with value: 0.8013888888888889 and parameters: {'n_estimators': 40, 'max_depth': 30, 'gamma': 0.8120064996275461, 'subsample': 0.8228030086223622, 'colsample_bytree': 0.5054930620813994}. Best is trial 24 with value: 0.836111111111111.
[I 2025-05-15 08:03:19,649] Trial 27 finished with value: 0.826388888888889 and parameters: {'n_estimators': 40, 'max_depth': 30, 'gamma': 0.8622071787274601, 'subsample': 0.7924516837806457, 'colsample_bytree': 0.5519965048961802}. Best is trial 24 with value: 0.836111111111111.
[I 2025-05-15 08:03:19,697] Trial 28 finished with value: 0.8236111111111111 and parameters: {'n_estimators': 40, 'max_depth': 30, 'gamma': 0.8649933307156142, 'subsample': 0.8705420919287945, 'colsample_bytree': 0.5419177017610941}. Best is trial 24 with value: 0.836111111111111.
[I 2025-05-15 08:03:19,754] Trial 29 finished with value: 0.836111111111111 and parameters: {'n_estimators': 40, 'max_depth': 30, 'gamma': 0.7236454452313605, 'subsample': 0.8004989560822149, 'colsample_bytree': 0.5024056937055376}. Best is trial 24 with value: 0.836111111111111.
[I 2025-05-15 08:03:30,617] A new study created in memory with name: rf
Parámetros guardados en checkpoint_adult_Doriginal_G/random/IPC_43/best_models_random_seed_7_space_original/xgb_best_params.json


>>> Optuna tuning rf metodo random IPC 43 seed 7


[I 2025-05-15 08:03:32,507] Trial 0 finished with value: 0.7805555555555556 and parameters: {'n_estimators': 130, 'max_depth': 17, 'min_samples_split': 5, 'min_samples_leaf': 8}. Best is trial 0 with value: 0.7805555555555556.
[I 2025-05-15 08:03:33,390] Trial 1 finished with value: 0.7541666666666667 and parameters: {'n_estimators': 492, 'max_depth': 12, 'min_samples_split': 6, 'min_samples_leaf': 1}. Best is trial 0 with value: 0.7805555555555556.
[I 2025-05-15 08:03:33,820] Trial 2 finished with value: 0.7916666666666666 and parameters: {'n_estimators': 207, 'max_depth': 11, 'min_samples_split': 8, 'min_samples_leaf': 9}. Best is trial 2 with value: 0.7916666666666666.
[I 2025-05-15 08:03:34,270] Trial 3 finished with value: 0.7805555555555556 and parameters: {'n_estimators': 252, 'max_depth': 4, 'min_samples_split': 4, 'min_samples_leaf': 10}. Best is trial 2 with value: 0.7916666666666666.
[I 2025-05-15 08:03:34,632] Trial 4 finished with value: 0.7666666666666666 and parameters: {'n_estimators': 185, 'max_depth': 11, 'min_samples_split': 10, 'min_samples_leaf': 1}. Best is trial 2 with value: 0.7916666666666666.
[I 2025-05-15 08:03:35,163] Trial 5 finished with value: 0.7916666666666666 and parameters: {'n_estimators': 340, 'max_depth': 20, 'min_samples_split': 4, 'min_samples_leaf': 6}. Best is trial 2 with value: 0.7916666666666666.
[I 2025-05-15 08:03:35,856] Trial 6 finished with value: 0.7902777777777776 and parameters: {'n_estimators': 464, 'max_depth': 5, 'min_samples_split': 6, 'min_samples_leaf': 8}. Best is trial 2 with value: 0.7916666666666666.
[I 2025-05-15 08:03:36,483] Trial 7 finished with value: 0.8152777777777777 and parameters: {'n_estimators': 368, 'max_depth': 11, 'min_samples_split': 3, 'min_samples_leaf': 5}. Best is trial 7 with value: 0.8152777777777777.
[I 2025-05-15 08:03:36,883] Trial 8 finished with value: 0.7694444444444444 and parameters: {'n_estimators': 249, 'max_depth': 11, 'min_samples_split': 5, 'min_samples_leaf': 9}. Best is trial 7 with value: 0.8152777777777777.
[I 2025-05-15 08:03:37,588] Trial 9 finished with value: 0.8041666666666666 and parameters: {'n_estimators': 408, 'max_depth': 8, 'min_samples_split': 7, 'min_samples_leaf': 3}. Best is trial 7 with value: 0.8152777777777777.
[I 2025-05-15 08:03:38,179] Trial 10 finished with value: 0.8041666666666666 and parameters: {'n_estimators': 351, 'max_depth': 15, 'min_samples_split': 2, 'min_samples_leaf': 5}. Best is trial 7 with value: 0.8152777777777777.
[I 2025-05-15 08:03:39,483] Trial 11 finished with value: 0.7916666666666666 and parameters: {'n_estimators': 406, 'max_depth': 7, 'min_samples_split': 2, 'min_samples_leaf': 4}. Best is trial 7 with value: 0.8152777777777777.
[I 2025-05-15 08:03:41,034] Trial 12 finished with value: 0.7930555555555555 and parameters: {'n_estimators': 416, 'max_depth': 8, 'min_samples_split': 9, 'min_samples_leaf': 3}. Best is trial 7 with value: 0.8152777777777777.
[I 2025-05-15 08:03:42,542] Trial 13 finished with value: 0.8027777777777777 and parameters: {'n_estimators': 379, 'max_depth': 8, 'min_samples_split': 7, 'min_samples_leaf': 3}. Best is trial 7 with value: 0.8152777777777777.
[I 2025-05-15 08:03:43,054] Trial 14 finished with value: 0.7805555555555556 and parameters: {'n_estimators': 300, 'max_depth': 14, 'min_samples_split': 3, 'min_samples_leaf': 6}. Best is trial 7 with value: 0.8152777777777777.
[I 2025-05-15 08:03:43,695] Trial 15 finished with value: 0.7916666666666666 and parameters: {'n_estimators': 452, 'max_depth': 6, 'min_samples_split': 8, 'min_samples_leaf': 3}. Best is trial 7 with value: 0.8152777777777777.
[I 2025-05-15 08:03:44,152] Trial 16 finished with value: 0.7694444444444444 and parameters: {'n_estimators': 305, 'max_depth': 3, 'min_samples_split': 7, 'min_samples_leaf': 5}. Best is trial 7 with value: 0.8152777777777777.
[I 2025-05-15 08:03:44,878] Trial 17 finished with value: 0.7930555555555555 and parameters: {'n_estimators': 417, 'max_depth': 9, 'min_samples_split': 4, 'min_samples_leaf': 2}. Best is trial 7 with value: 0.8152777777777777.
[I 2025-05-15 08:03:45,348] Trial 18 finished with value: 0.8055555555555554 and parameters: {'n_estimators': 326, 'max_depth': 13, 'min_samples_split': 7, 'min_samples_leaf': 7}. Best is trial 7 with value: 0.8152777777777777.
[I 2025-05-15 08:03:45,841] Trial 19 finished with value: 0.7680555555555555 and parameters: {'n_estimators': 312, 'max_depth': 14, 'min_samples_split': 3, 'min_samples_leaf': 7}. Best is trial 7 with value: 0.8152777777777777.
[I 2025-05-15 08:03:46,275] Trial 20 finished with value: 0.7916666666666666 and parameters: {'n_estimators': 264, 'max_depth': 17, 'min_samples_split': 10, 'min_samples_leaf': 7}. Best is trial 7 with value: 0.8152777777777777.
[I 2025-05-15 08:03:46,956] Trial 21 finished with value: 0.7805555555555554 and parameters: {'n_estimators': 356, 'max_depth': 9, 'min_samples_split': 7, 'min_samples_leaf': 4}. Best is trial 7 with value: 0.8152777777777777.
[I 2025-05-15 08:03:48,163] Trial 22 finished with value: 0.8041666666666666 and parameters: {'n_estimators': 376, 'max_depth': 13, 'min_samples_split': 8, 'min_samples_leaf': 4}. Best is trial 7 with value: 0.8152777777777777.
[I 2025-05-15 08:03:50,161] Trial 23 finished with value: 0.7805555555555554 and parameters: {'n_estimators': 437, 'max_depth': 10, 'min_samples_split': 6, 'min_samples_leaf': 7}. Best is trial 7 with value: 0.8152777777777777.
[I 2025-05-15 08:03:51,292] Trial 24 finished with value: 0.7805555555555554 and parameters: {'n_estimators': 383, 'max_depth': 16, 'min_samples_split': 5, 'min_samples_leaf': 5}. Best is trial 7 with value: 0.8152777777777777.
[I 2025-05-15 08:03:52,111] Trial 25 finished with value: 0.7916666666666666 and parameters: {'n_estimators': 333, 'max_depth': 13, 'min_samples_split': 9, 'min_samples_leaf': 2}. Best is trial 7 with value: 0.8152777777777777.
[I 2025-05-15 08:03:52,712] Trial 26 finished with value: 0.7583333333333333 and parameters: {'n_estimators': 272, 'max_depth': 20, 'min_samples_split': 7, 'min_samples_leaf': 6}. Best is trial 7 with value: 0.8152777777777777.
[I 2025-05-15 08:03:53,577] Trial 27 finished with value: 0.8027777777777777 and parameters: {'n_estimators': 382, 'max_depth': 6, 'min_samples_split': 6, 'min_samples_leaf': 2}. Best is trial 7 with value: 0.8152777777777777.
[I 2025-05-15 08:03:54,109] Trial 28 finished with value: 0.8277777777777778 and parameters: {'n_estimators': 213, 'max_depth': 10, 'min_samples_split': 9, 'min_samples_leaf': 4}. Best is trial 28 with value: 0.8277777777777778.
[I 2025-05-15 08:03:54,423] Trial 29 finished with value: 0.7916666666666666 and parameters: {'n_estimators': 118, 'max_depth': 18, 'min_samples_split': 9, 'min_samples_leaf': 8}. Best is trial 28 with value: 0.8277777777777778.
[I 2025-05-15 08:04:02,609] A new study created in memory with name: svc
Parámetros guardados en checkpoint_adult_Doriginal_G/random/IPC_43/best_models_random_seed_7_space_original/rf_best_params.json


>>> Optuna tuning svc metodo random IPC 43 seed 7


[I 2025-05-15 08:04:08,094] Trial 0 finished with value: 0.5111111111111111 and parameters: {'C': 0.020194502448102298, 'gamma': 0.13172711156111802}. Best is trial 0 with value: 0.5111111111111111.
[I 2025-05-15 08:04:08,391] Trial 1 finished with value: 0.7791666666666666 and parameters: {'C': 0.5670703311028815, 'gamma': 0.0783178418343345}. Best is trial 1 with value: 0.7791666666666666.
[I 2025-05-15 08:04:08,430] Trial 2 finished with value: 0.7013888888888887 and parameters: {'C': 81.65034948781698, 'gamma': 0.014255533717547383}. Best is trial 1 with value: 0.7791666666666666.
[I 2025-05-15 08:04:08,476] Trial 3 finished with value: 0.5444444444444445 and parameters: {'C': 1.0103732850016278, 'gamma': 0.00019418001640357854}. Best is trial 1 with value: 0.7791666666666666.
[I 2025-05-15 08:04:08,506] Trial 4 finished with value: 0.5444444444444445 and parameters: {'C': 0.11851025167261421, 'gamma': 0.00998918377985214}. Best is trial 1 with value: 0.7791666666666666.
[I 2025-05-15 08:04:08,523] Trial 5 finished with value: 0.7569444444444444 and parameters: {'C': 5.2109869371584665, 'gamma': 0.16404241128227343}. Best is trial 1 with value: 0.7791666666666666.
[I 2025-05-15 08:04:08,563] Trial 6 finished with value: 0.5444444444444445 and parameters: {'C': 0.3340138940215422, 'gamma': 0.00018354619576988685}. Best is trial 1 with value: 0.7791666666666666.
[I 2025-05-15 08:04:08,578] Trial 7 finished with value: 0.5222222222222223 and parameters: {'C': 0.1420961781588805, 'gamma': 0.434884682155233}. Best is trial 1 with value: 0.7791666666666666.
[I 2025-05-15 08:04:08,603] Trial 8 finished with value: 0.5444444444444445 and parameters: {'C': 0.07137422643361827, 'gamma': 0.006434219125545069}. Best is trial 1 with value: 0.7791666666666666.
[I 2025-05-15 08:04:08,627] Trial 9 finished with value: 0.8027777777777777 and parameters: {'C': 53.066944048916255, 'gamma': 0.00012577574840733457}. Best is trial 9 with value: 0.8027777777777777.
[I 2025-05-15 08:04:08,651] Trial 10 finished with value: 0.7805555555555556 and parameters: {'C': 60.75179295419671, 'gamma': 0.001366002544888146}. Best is trial 9 with value: 0.8027777777777777.
[I 2025-05-15 08:04:09,816] Trial 11 finished with value: 0.7680555555555555 and parameters: {'C': 91.78775489711344, 'gamma': 0.0011545686069539107}. Best is trial 9 with value: 0.8027777777777777.
[I 2025-05-15 08:04:10,815] Trial 12 finished with value: 0.7902777777777776 and parameters: {'C': 12.78018083218576, 'gamma': 0.0009977137927509926}. Best is trial 9 with value: 0.8027777777777777.
[I 2025-05-15 08:04:10,862] Trial 13 finished with value: 0.5444444444444445 and parameters: {'C': 11.757762049058291, 'gamma': 0.00010134205676992466}. Best is trial 9 with value: 0.8027777777777777.
[I 2025-05-15 08:04:10,901] Trial 14 finished with value: 0.8027777777777777 and parameters: {'C': 13.771372590493248, 'gamma': 0.0008250717395210366}. Best is trial 9 with value: 0.8027777777777777.
[I 2025-05-15 08:04:10,943] Trial 15 finished with value: 0.5444444444444445 and parameters: {'C': 3.3028239231760814, 'gamma': 0.0004872942220996038}. Best is trial 9 with value: 0.8027777777777777.
[I 2025-05-15 08:04:10,976] Trial 16 finished with value: 0.7916666666666666 and parameters: {'C': 23.80659230433867, 'gamma': 0.003298472349483595}. Best is trial 9 with value: 0.8027777777777777.
[I 2025-05-15 08:04:11,022] Trial 17 finished with value: 0.5444444444444445 and parameters: {'C': 2.5572257726334064, 'gamma': 0.0003495826189700153}. Best is trial 9 with value: 0.8027777777777777.
[I 2025-05-15 08:04:11,053] Trial 18 finished with value: 0.7347222222222222 and parameters: {'C': 26.185573351507422, 'gamma': 0.03320384586751046}. Best is trial 9 with value: 0.8027777777777777.
[I 2025-05-15 08:04:11,072] Trial 19 finished with value: 0.7680555555555555 and parameters: {'C': 31.27782429421857, 'gamma': 0.00370738018846238}. Best is trial 9 with value: 0.8027777777777777.
[I 2025-05-15 08:04:11,090] Trial 20 finished with value: 0.8027777777777777 and parameters: {'C': 8.71620924255131, 'gamma': 0.0006167546447665592}. Best is trial 9 with value: 0.8027777777777777.
[I 2025-05-15 08:04:11,125] Trial 21 finished with value: 0.8013888888888889 and parameters: {'C': 11.062187459661839, 'gamma': 0.0005397054121966163}. Best is trial 9 with value: 0.8027777777777777.
[I 2025-05-15 08:04:11,155] Trial 22 finished with value: 0.5444444444444445 and parameters: {'C': 2.215395412069679, 'gamma': 0.00011597620735353025}. Best is trial 9 with value: 0.8027777777777777.
[I 2025-05-15 08:04:11,186] Trial 23 finished with value: 0.7902777777777776 and parameters: {'C': 5.25689623806394, 'gamma': 0.0024566027193601587}. Best is trial 9 with value: 0.8027777777777777.
[I 2025-05-15 08:04:12,182] Trial 24 finished with value: 0.8027777777777777 and parameters: {'C': 48.47481845096485, 'gamma': 0.00040707375289136816}. Best is trial 9 with value: 0.8027777777777777.
[I 2025-05-15 08:04:12,227] Trial 25 finished with value: 0.7930555555555555 and parameters: {'C': 14.863010003125435, 'gamma': 0.0002207072996434497}. Best is trial 9 with value: 0.8027777777777777.
[I 2025-05-15 08:04:12,263] Trial 26 finished with value: 0.8027777777777777 and parameters: {'C': 5.202679351822897, 'gamma': 0.0007766668308721483}. Best is trial 9 with value: 0.8027777777777777.
[I 2025-05-15 08:04:12,308] Trial 27 finished with value: 0.5666666666666667 and parameters: {'C': 1.2788474974965076, 'gamma': 0.0016467280848294651}. Best is trial 9 with value: 0.8027777777777777.
[I 2025-05-15 08:04:12,360] Trial 28 finished with value: 0.7902777777777776 and parameters: {'C': 34.85048276910178, 'gamma': 0.0003935217103573618}. Best is trial 9 with value: 0.8027777777777777.
[I 2025-05-15 08:04:12,381] Trial 29 finished with value: 0.5444444444444445 and parameters: {'C': 0.024683504005058293, 'gamma': 0.00026486056309592737}. Best is trial 9 with value: 0.8027777777777777.
[I 2025-05-15 08:04:22,369] A new study created in memory with name: logreg
Parámetros guardados en checkpoint_adult_Doriginal_G/random/IPC_43/best_models_random_seed_7_space_original/svc_best_params.json


>>> Optuna tuning logreg metodo random IPC 43 seed 7


[I 2025-05-15 08:04:23,876] Trial 0 finished with value: 0.7819444444444444 and parameters: {'C': 0.002407362254570802, 'penalty': 'l2'}. Best is trial 0 with value: 0.7819444444444444.
[I 2025-05-15 08:04:23,902] Trial 1 finished with value: 0.6875 and parameters: {'C': 7.935859334260497, 'penalty': 'l2'}. Best is trial 0 with value: 0.7819444444444444.
[I 2025-05-15 08:04:23,925] Trial 2 finished with value: 0.7791666666666666 and parameters: {'C': 0.15561310098067915, 'penalty': 'l2'}. Best is trial 0 with value: 0.7819444444444444.
