[I 2025-05-15 07:44:05,050] Trial 1 finished with value: 0.9666666666666668 and parameters: {'n_estimators': 143, 'max_depth': 13, 'min_samples_split': 6, 'min_samples_leaf': 5}. Best is trial 0 with value: 0.9666666666666668.
[I 2025-05-15 07:44:06,433] Trial 2 finished with value: 0.95 and parameters: {'n_estimators': 234, 'max_depth': 14, 'min_samples_split': 5, 'min_samples_leaf': 8}. Best is trial 0 with value: 0.9666666666666668.
[I 2025-05-15 07:44:08,253] Trial 3 finished with value: 0.95 and parameters: {'n_estimators': 307, 'max_depth': 13, 'min_samples_split': 7, 'min_samples_leaf': 10}. Best is trial 0 with value: 0.9666666666666668.
[I 2025-05-15 07:44:09,843] Trial 4 finished with value: 0.95 and parameters: {'n_estimators': 428, 'max_depth': 10, 'min_samples_split': 9, 'min_samples_leaf': 9}. Best is trial 0 with value: 0.9666666666666668.
[I 2025-05-15 07:44:10,344] Trial 5 finished with value: 0.9666666666666668 and parameters: {'n_estimators': 121, 'max_depth': 15, 'min_samples_split': 9, 'min_samples_leaf': 8}. Best is trial 0 with value: 0.9666666666666668.
[I 2025-05-15 07:44:12,174] Trial 6 finished with value: 0.95 and parameters: {'n_estimators': 384, 'max_depth': 12, 'min_samples_split': 3, 'min_samples_leaf': 10}. Best is trial 0 with value: 0.9666666666666668.
[I 2025-05-15 07:44:13,243] Trial 7 finished with value: 0.95 and parameters: {'n_estimators': 261, 'max_depth': 6, 'min_samples_split': 8, 'min_samples_leaf': 10}. Best is trial 0 with value: 0.9666666666666668.
[I 2025-05-15 07:44:14,092] Trial 8 finished with value: 0.95 and parameters: {'n_estimators': 202, 'max_depth': 15, 'min_samples_split': 7, 'min_samples_leaf': 8}. Best is trial 0 with value: 0.9666666666666668.
[I 2025-05-15 07:44:16,251] Trial 9 finished with value: 0.95 and parameters: {'n_estimators': 475, 'max_depth': 9, 'min_samples_split': 4, 'min_samples_leaf': 5}. Best is trial 0 with value: 0.9666666666666668.
[I 2025-05-15 07:44:18,214] Trial 10 finished with value: 0.9666666666666668 and parameters: {'n_estimators': 352, 'max_depth': 20, 'min_samples_split': 10, 'min_samples_leaf': 1}. Best is trial 0 with value: 0.9666666666666668.
[I 2025-05-15 07:44:19,546] Trial 11 finished with value: 0.9666666666666668 and parameters: {'n_estimators': 110, 'max_depth': 4, 'min_samples_split': 6, 'min_samples_leaf': 1}. Best is trial 0 with value: 0.9666666666666668.
[I 2025-05-15 07:44:21,675] Trial 12 finished with value: 0.9666666666666668 and parameters: {'n_estimators': 489, 'max_depth': 7, 'min_samples_split': 2, 'min_samples_leaf': 4}. Best is trial 0 with value: 0.9666666666666668.
[I 2025-05-15 07:44:22,412] Trial 13 finished with value: 0.9666666666666668 and parameters: {'n_estimators': 201, 'max_depth': 18, 'min_samples_split': 5, 'min_samples_leaf': 3}. Best is trial 0 with value: 0.9666666666666668.
[I 2025-05-15 07:44:22,921] Trial 14 finished with value: 0.9666666666666668 and parameters: {'n_estimators': 157, 'max_depth': 9, 'min_samples_split': 7, 'min_samples_leaf': 6}. Best is trial 0 with value: 0.9666666666666668.
[I 2025-05-15 07:44:23,869] Trial 15 finished with value: 0.95 and parameters: {'n_estimators': 308, 'max_depth': 3, 'min_samples_split': 10, 'min_samples_leaf': 3}. Best is trial 0 with value: 0.9666666666666668.
[I 2025-05-15 07:44:25,165] Trial 16 finished with value: 0.95 and parameters: {'n_estimators': 423, 'max_depth': 17, 'min_samples_split': 6, 'min_samples_leaf': 6}. Best is trial 0 with value: 0.9666666666666668.
[I 2025-05-15 07:44:26,325] Trial 17 finished with value: 0.9666666666666668 and parameters: {'n_estimators': 339, 'max_depth': 11, 'min_samples_split': 8, 'min_samples_leaf': 2}. Best is trial 0 with value: 0.9666666666666668.
[I 2025-05-15 07:44:27,494] Trial 18 finished with value: 0.95 and parameters: {'n_estimators': 264, 'max_depth': 7, 'min_samples_split': 5, 'min_samples_leaf': 5}. Best is trial 0 with value: 0.9666666666666668.
[I 2025-05-15 07:44:29,479] Trial 19 finished with value: 0.9666666666666668 and parameters: {'n_estimators': 433, 'max_depth': 6, 'min_samples_split': 8, 'min_samples_leaf': 3}. Best is trial 0 with value: 0.9666666666666668.
[I 2025-05-15 07:44:30,287] Trial 20 finished with value: 0.9666666666666668 and parameters: {'n_estimators': 167, 'max_depth': 11, 'min_samples_split': 4, 'min_samples_leaf': 2}. Best is trial 0 with value: 0.9666666666666668.
[I 2025-05-15 07:44:30,892] Trial 21 finished with value: 0.95 and parameters: {'n_estimators': 113, 'max_depth': 16, 'min_samples_split': 9, 'min_samples_leaf': 7}. Best is trial 0 with value: 0.9666666666666668.
[I 2025-05-15 07:44:31,677] Trial 22 finished with value: 0.95 and parameters: {'n_estimators': 149, 'max_depth': 13, 'min_samples_split': 9, 'min_samples_leaf': 7}. Best is trial 0 with value: 0.9666666666666668.
[I 2025-05-15 07:44:32,403] Trial 23 finished with value: 0.95 and parameters: {'n_estimators': 109, 'max_depth': 15, 'min_samples_split': 10, 'min_samples_leaf': 4}. Best is trial 0 with value: 0.9666666666666668.
[I 2025-05-15 07:44:33,299] Trial 24 finished with value: 0.95 and parameters: {'n_estimators': 199, 'max_depth': 19, 'min_samples_split': 6, 'min_samples_leaf': 8}. Best is trial 0 with value: 0.9666666666666668.
[I 2025-05-15 07:44:34,071] Trial 25 finished with value: 0.9666666666666668 and parameters: {'n_estimators': 146, 'max_depth': 9, 'min_samples_split': 9, 'min_samples_leaf': 7}. Best is trial 0 with value: 0.9666666666666668.
[I 2025-05-15 07:44:36,158] Trial 26 finished with value: 0.95 and parameters: {'n_estimators': 386, 'max_depth': 13, 'min_samples_split': 8, 'min_samples_leaf': 9}. Best is trial 0 with value: 0.9666666666666668.
[I 2025-05-15 07:44:37,151] Trial 27 finished with value: 0.95 and parameters: {'n_estimators': 239, 'max_depth': 16, 'min_samples_split': 7, 'min_samples_leaf': 4}. Best is trial 0 with value: 0.9666666666666668.
[I 2025-05-15 07:44:38,211] Trial 28 finished with value: 0.95 and parameters: {'n_estimators': 177, 'max_depth': 12, 'min_samples_split': 6, 'min_samples_leaf': 6}. Best is trial 0 with value: 0.9666666666666668.
[I 2025-05-15 07:44:39,811] Trial 29 finished with value: 0.95 and parameters: {'n_estimators': 240, 'max_depth': 14, 'min_samples_split': 4, 'min_samples_leaf': 8}. Best is trial 0 with value: 0.9666666666666668.
[I 2025-05-15 07:44:59,622] A new study created in memory with name: svc
Parámetros guardados en checkpoint_default_Doriginal_H/k-means/IPC_27/best_models_k-means_seed_6_space_original/rf_best_params.json


>>> Optuna tuning svc metodo k-means IPC 27 seed 6


[I 2025-05-15 07:45:01,270] Trial 0 finished with value: 0.43 and parameters: {'C': 37.27697013499731, 'gamma': 0.0021277432488243223}. Best is trial 0 with value: 0.43.
[I 2025-05-15 07:45:01,329] Trial 1 finished with value: 0.4866666666666667 and parameters: {'C': 19.271543171162776, 'gamma': 0.00014682043379470554}. Best is trial 1 with value: 0.4866666666666667.
[I 2025-05-15 07:45:01,373] Trial 2 finished with value: 0.5 and parameters: {'C': 0.0269542169583157, 'gamma': 0.023999835049635022}. Best is trial 2 with value: 0.5.
[I 2025-05-15 07:45:01,415] Trial 3 finished with value: 0.4366666666666667 and parameters: {'C': 1.3160410886450586, 'gamma': 0.0047340159215720195}. Best is trial 2 with value: 0.5.
[I 2025-05-15 07:45:01,438] Trial 4 finished with value: 0.5 and parameters: {'C': 0.21959952535674737, 'gamma': 0.030908485742507576}. Best is trial 2 with value: 0.5.
[I 2025-05-15 07:45:01,463] Trial 5 finished with value: 0.4533333333333333 and parameters: {'C': 0.5656733313644114, 'gamma': 0.08780685564625502}. Best is trial 2 with value: 0.5.
[I 2025-05-15 07:45:01,486] Trial 6 finished with value: 0.4533333333333333 and parameters: {'C': 1.1807165425157664, 'gamma': 0.020674470756231633}. Best is trial 2 with value: 0.5.
[I 2025-05-15 07:45:01,522] Trial 7 finished with value: 0.31333333333333335 and parameters: {'C': 3.8143486186647126, 'gamma': 0.9138966502602072}. Best is trial 2 with value: 0.5.
[I 2025-05-15 07:45:01,566] Trial 8 finished with value: 0.4266666666666666 and parameters: {'C': 19.029737066374768, 'gamma': 0.004495766421289856}. Best is trial 2 with value: 0.5.
[I 2025-05-15 07:45:01,591] Trial 9 finished with value: 0.32666666666666666 and parameters: {'C': 31.994153257994277, 'gamma': 0.19725941020937518}. Best is trial 2 with value: 0.5.
[I 2025-05-15 07:45:01,652] Trial 10 finished with value: 0.5 and parameters: {'C': 0.022458498023938945, 'gamma': 0.0006344004822646731}. Best is trial 2 with value: 0.5.
[I 2025-05-15 07:45:04,141] Trial 11 finished with value: 0.5 and parameters: {'C': 0.03285428821848597, 'gamma': 0.033736483455164556}. Best is trial 2 with value: 0.5.
[I 2025-05-15 07:45:06,493] Trial 12 finished with value: 0.5 and parameters: {'C': 0.1339504322046206, 'gamma': 0.12661204150461902}. Best is trial 2 with value: 0.5.
[I 2025-05-15 07:45:06,569] Trial 13 finished with value: 0.5 and parameters: {'C': 0.10096208275809461, 'gamma': 0.012999792142910782}. Best is trial 2 with value: 0.5.
[I 2025-05-15 07:45:06,607] Trial 14 finished with value: 0.5 and parameters: {'C': 0.011101715091503362, 'gamma': 0.05161444582457542}. Best is trial 2 with value: 0.5.
[I 2025-05-15 07:45:06,660] Trial 15 finished with value: 0.5 and parameters: {'C': 0.15685281772138507, 'gamma': 0.35508786052041785}. Best is trial 2 with value: 0.5.
[I 2025-05-15 07:45:06,692] Trial 16 finished with value: 0.5 and parameters: {'C': 0.3390440077276608, 'gamma': 0.0012594689345178107}. Best is trial 2 with value: 0.5.
[I 2025-05-15 07:45:06,768] Trial 17 finished with value: 0.5 and parameters: {'C': 0.046173232680233774, 'gamma': 0.007882906010030352}. Best is trial 2 with value: 0.5.
[I 2025-05-15 07:45:06,800] Trial 18 finished with value: 0.36 and parameters: {'C': 4.028013153789631, 'gamma': 0.0315577736206777}. Best is trial 2 with value: 0.5.
[I 2025-05-15 07:45:06,857] Trial 19 finished with value: 0.48 and parameters: {'C': 0.013018652321549997, 'gamma': 0.5349528776444162}. Best is trial 2 with value: 0.5.
[I 2025-05-15 07:45:06,888] Trial 20 finished with value: 0.5 and parameters: {'C': 0.04995432717851614, 'gamma': 0.00037725084366223185}. Best is trial 2 with value: 0.5.
[I 2025-05-15 07:45:08,529] Trial 21 finished with value: 0.5 and parameters: {'C': 0.025589931885790427, 'gamma': 0.000851151690953968}. Best is trial 2 with value: 0.5.
[I 2025-05-15 07:45:08,571] Trial 22 finished with value: 0.5 and parameters: {'C': 0.22254432805295746, 'gamma': 0.01181508309015402}. Best is trial 2 with value: 0.5.
[I 2025-05-15 07:45:08,669] Trial 23 finished with value: 0.52 and parameters: {'C': 0.01848130397252679, 'gamma': 0.0001473699010596819}. Best is trial 23 with value: 0.52.
[I 2025-05-15 07:45:09,916] Trial 24 finished with value: 0.52 and parameters: {'C': 0.07252725166435112, 'gamma': 0.00011721953764790823}. Best is trial 23 with value: 0.52.
[I 2025-05-15 07:45:09,957] Trial 25 finished with value: 0.52 and parameters: {'C': 0.06821633969481201, 'gamma': 0.00012105132477467393}. Best is trial 23 with value: 0.52.
[I 2025-05-15 07:45:09,998] Trial 26 finished with value: 0.52 and parameters: {'C': 0.07899211036018389, 'gamma': 0.00011013017824003461}. Best is trial 23 with value: 0.52.
[I 2025-05-15 07:45:10,046] Trial 27 finished with value: 0.52 and parameters: {'C': 0.06894163556708868, 'gamma': 0.0002449359736530994}. Best is trial 23 with value: 0.52.
[I 2025-05-15 07:45:10,102] Trial 28 finished with value: 0.5 and parameters: {'C': 0.5497549832163956, 'gamma': 0.00033697728595257116}. Best is trial 23 with value: 0.52.
[I 2025-05-15 07:45:10,131] Trial 29 finished with value: 0.52 and parameters: {'C': 0.010982872944351818, 'gamma': 0.00017029901918175298}. Best is trial 23 with value: 0.52.
[I 2025-05-15 07:45:24,734] A new study created in memory with name: logreg
Parámetros guardados en checkpoint_default_Doriginal_H/k-means/IPC_27/best_models_k-means_seed_6_space_original/svc_best_params.json


>>> Optuna tuning logreg metodo k-means IPC 27 seed 6


[I 2025-05-15 07:45:26,642] Trial 0 finished with value: 0.61 and parameters: {'C': 29.127335430981816, 'penalty': 'l2'}. Best is trial 0 with value: 0.61.
[I 2025-05-15 07:45:26,687] Trial 1 finished with value: 0.49333333333333335 and parameters: {'C': 0.045698192893558344, 'penalty': 'l2'}. Best is trial 0 with value: 0.61.
[I 2025-05-15 07:45:26,743] Trial 2 finished with value: 0.5733333333333333 and parameters: {'C': 12.768668597712947, 'penalty': 'l2'}. Best is trial 0 with value: 0.61.
[I 2025-05-15 07:45:26,777] Trial 3 finished with value: 0.5166666666666666 and parameters: {'C': 0.0016161554408462638, 'penalty': 'l2'}. Best is trial 0 with value: 0.61.
[I 2025-05-15 07:45:26,801] Trial 4 finished with value: 0.5166666666666666 and parameters: {'C': 0.0034536903703241734, 'penalty': 'l2'}. Best is trial 0 with value: 0.61.
[I 2025-05-15 07:45:26,846] Trial 5 finished with value: 0.5366666666666667 and parameters: {'C': 0.9446269266990148, 'penalty': 'l2'}. Best is trial 0 with value: 0.61.
[I 2025-05-15 07:45:26,883] Trial 6 finished with value: 0.5333333333333334 and parameters: {'C': 0.4457453393648168, 'penalty': 'l2'}. Best is trial 0 with value: 0.61.
[I 2025-05-15 07:45:26,957] Trial 7 finished with value: 0.5333333333333333 and parameters: {'C': 0.12417585037258261, 'penalty': 'l2'}. Best is trial 0 with value: 0.61.
[I 2025-05-15 07:45:26,981] Trial 8 finished with value: 0.49333333333333335 and parameters: {'C': 0.04753781830244093, 'penalty': 'l2'}. Best is trial 0 with value: 0.61.
[I 2025-05-15 07:45:27,007] Trial 9 finished with value: 0.5366666666666667 and parameters: {'C': 1.2959766028194148, 'penalty': 'l2'}. Best is trial 0 with value: 0.61.
[I 2025-05-15 07:45:27,069] Trial 10 finished with value: 0.65 and parameters: {'C': 96.02411422716075, 'penalty': 'l2'}. Best is trial 10 with value: 0.65.
[I 2025-05-15 07:45:28,951] Trial 11 finished with value: 0.6133333333333334 and parameters: {'C': 59.9697718692158, 'penalty': 'l2'}. Best is trial 10 with value: 0.65.
[I 2025-05-15 07:45:31,220] Trial 12 finished with value: 0.65 and parameters: {'C': 90.64427434136057, 'penalty': 'l2'}. Best is trial 10 with value: 0.65.
[I 2025-05-15 07:45:31,380] Trial 13 finished with value: 0.5533333333333333 and parameters: {'C': 4.865673542589085, 'penalty': 'l2'}. Best is trial 10 with value: 0.65.
[I 2025-05-15 07:45:31,485] Trial 14 finished with value: 0.63 and parameters: {'C': 75.70410205106715, 'penalty': 'l2'}. Best is trial 10 with value: 0.65.
[I 2025-05-15 07:45:31,586] Trial 15 finished with value: 0.5733333333333333 and parameters: {'C': 5.688581282613607, 'penalty': 'l2'}. Best is trial 10 with value: 0.65.
[I 2025-05-15 07:45:31,727] Trial 16 finished with value: 0.65 and parameters: {'C': 99.34988889502058, 'penalty': 'l2'}. Best is trial 10 with value: 0.65.
[I 2025-05-15 07:45:31,800] Trial 17 finished with value: 0.5733333333333333 and parameters: {'C': 10.935454173038586, 'penalty': 'l2'}. Best is trial 10 with value: 0.65.
[I 2025-05-15 07:45:31,847] Trial 18 finished with value: 0.52 and parameters: {'C': 2.3984951721258567, 'penalty': 'l2'}. Best is trial 10 with value: 0.65.
[I 2025-05-15 07:45:31,961] Trial 19 finished with value: 0.61 and parameters: {'C': 24.475416886024465, 'penalty': 'l2'}. Best is trial 10 with value: 0.65.
[I 2025-05-15 07:45:32,019] Trial 20 finished with value: 0.5133333333333333 and parameters: {'C': 0.007738902525453759, 'penalty': 'l2'}. Best is trial 10 with value: 0.65.
[I 2025-05-15 07:45:32,075] Trial 21 finished with value: 0.65 and parameters: {'C': 87.83425020623808, 'penalty': 'l2'}. Best is trial 10 with value: 0.65.
[I 2025-05-15 07:45:32,136] Trial 22 finished with value: 0.61 and parameters: {'C': 30.62033180862645, 'penalty': 'l2'}. Best is trial 10 with value: 0.65.
[I 2025-05-15 07:45:32,205] Trial 23 finished with value: 0.5900000000000001 and parameters: {'C': 14.016093523305857, 'penalty': 'l2'}. Best is trial 10 with value: 0.65.
[I 2025-05-15 07:45:32,271] Trial 24 finished with value: 0.6133333333333334 and parameters: {'C': 46.28342093519046, 'penalty': 'l2'}. Best is trial 10 with value: 0.65.
[I 2025-05-15 07:45:32,333] Trial 25 finished with value: 0.5733333333333333 and parameters: {'C': 5.412098248457018, 'penalty': 'l2'}. Best is trial 10 with value: 0.65.
[I 2025-05-15 07:45:32,435] Trial 26 finished with value: 0.63 and parameters: {'C': 82.15550634121692, 'penalty': 'l2'}. Best is trial 10 with value: 0.65.
[I 2025-05-15 07:45:32,505] Trial 27 finished with value: 0.61 and parameters: {'C': 18.596073624223223, 'penalty': 'l2'}. Best is trial 10 with value: 0.65.
[I 2025-05-15 07:45:32,576] Trial 28 finished with value: 0.5366666666666667 and parameters: {'C': 3.944419632187665, 'penalty': 'l2'}. Best is trial 10 with value: 0.65.
[I 2025-05-15 07:45:32,651] Trial 29 finished with value: 0.63 and parameters: {'C': 33.0236865396223, 'penalty': 'l2'}. Best is trial 10 with value: 0.65.
/data/home/rtabares/anaconda3/envs/pyth3.12/lib/python3.12/site-packages/xgboost/core.py:377: FutureWarning: Your system has an old version of glibc (< 2.28). We will stop supporting Linux distros with glibc older than 2.28 after **May 31, 2025**. Please upgrade to a recent Linux distro (with glibc >= 2.28) to use future versions of XGBoost.
Note: You have installed the 'manylinux2014' variant of XGBoost. Certain features such as GPU algorithms or federated learning are not available. To use these features, please upgrade to a recent Linux distro with glibc 2.28+, and install the 'manylinux_2_28' variant.
  warnings.warn(
[I 2025-05-15 07:45:48,191] A new study created in memory with name: mlp
Parámetros guardados en checkpoint_default_Doriginal_H/k-means/IPC_27/best_models_k-means_seed_6_space_original/logreg_best_params.json


>>> Optuna tuning mlp metodo k-means IPC 27 seed 6


/data/home/rtabares/anaconda3/envs/pyth3.12/lib/python3.12/site-packages/sklearn/neural_network/_multilayer_perceptron.py:691: ConvergenceWarning: Stochastic Optimizer: Maximum iterations (100) reached and the optimization hasn't converged yet.
  warnings.warn(
/data/home/rtabares/anaconda3/envs/pyth3.12/lib/python3.12/site-packages/sklearn/neural_network/_multilayer_perceptron.py:691: ConvergenceWarning: Stochastic Optimizer: Maximum iterations (100) reached and the optimization hasn't converged yet.
  warnings.warn(
/data/home/rtabares/anaconda3/envs/pyth3.12/lib/python3.12/site-packages/sklearn/neural_network/_multilayer_perceptron.py:691: ConvergenceWarning: Stochastic Optimizer: Maximum iterations (100) reached and the optimization hasn't converged yet.
  warnings.warn(
/data/home/rtabares/anaconda3/envs/pyth3.12/lib/python3.12/site-packages/sklearn/neural_network/_multilayer_perceptron.py:691: ConvergenceWarning: Stochastic Optimizer: Maximum iterations (100) reached and the optimization hasn't converged yet.
  warnings.warn(
/data/home/rtabares/anaconda3/envs/pyth3.12/lib/python3.12/site-packages/sklearn/neural_network/_multilayer_perceptron.py:691: ConvergenceWarning: Stochastic Optimizer: Maximum iterations (100) reached and the optimization hasn't converged yet.
  warnings.warn(
[I 2025-05-15 07:45:50,208] Trial 0 finished with value: 0.5133333333333333 and parameters: {'hidden_layer_sizes': (100,), 'max_iter': 100, 'alpha': 0.0001}. Best is trial 0 with value: 0.5133333333333333.
/data/home/rtabares/anaconda3/envs/pyth3.12/lib/python3.12/site-packages/sklearn/neural_network/_multilayer_perceptron.py:691: ConvergenceWarning: Stochastic Optimizer: Maximum iterations (100) reached and the optimization hasn't converged yet.
  warnings.warn(
/data/home/rtabares/anaconda3/envs/pyth3.12/lib/python3.12/site-packages/sklearn/neural_network/_multilayer_perceptron.py:691: ConvergenceWarning: Stochastic Optimizer: Maximum iterations (100) reached and the optimization hasn't converged yet.
  warnings.warn(
/data/home/rtabares/anaconda3/envs/pyth3.12/lib/python3.12/site-packages/sklearn/neural_network/_multilayer_perceptron.py:691: ConvergenceWarning: Stochastic Optimizer: Maximum iterations (100) reached and the optimization hasn't converged yet.
  warnings.warn(
/data/home/rtabares/anaconda3/envs/pyth3.12/lib/python3.12/site-packages/sklearn/neural_network/_multilayer_perceptron.py:691: ConvergenceWarning: Stochastic Optimizer: Maximum iterations (100) reached and the optimization hasn't converged yet.
  warnings.warn(
/data/home/rtabares/anaconda3/envs/pyth3.12/lib/python3.12/site-packages/sklearn/neural_network/_multilayer_perceptron.py:691: ConvergenceWarning: Stochastic Optimizer: Maximum iterations (100) reached and the optimization hasn't converged yet.
  warnings.warn(
