[I 2025-05-15 08:20:43,499] Trial 16 finished with value: 0.7916666666666666 and parameters: {'n_estimators': 336, 'max_depth': 9, 'min_samples_split': 3, 'min_samples_leaf': 2}. Best is trial 12 with value: 0.826388888888889.
[I 2025-05-15 08:20:44,109] Trial 17 finished with value: 0.7680555555555555 and parameters: {'n_estimators': 381, 'max_depth': 13, 'min_samples_split': 4, 'min_samples_leaf': 10}. Best is trial 12 with value: 0.826388888888889.
[I 2025-05-15 08:20:44,834] Trial 18 finished with value: 0.8138888888888889 and parameters: {'n_estimators': 436, 'max_depth': 8, 'min_samples_split': 2, 'min_samples_leaf': 2}. Best is trial 12 with value: 0.826388888888889.
[I 2025-05-15 08:20:45,520] Trial 19 finished with value: 0.8027777777777778 and parameters: {'n_estimators': 498, 'max_depth': 13, 'min_samples_split': 4, 'min_samples_leaf': 1}. Best is trial 12 with value: 0.826388888888889.
[I 2025-05-15 08:20:46,702] Trial 20 finished with value: 0.7805555555555556 and parameters: {'n_estimators': 427, 'max_depth': 4, 'min_samples_split': 3, 'min_samples_leaf': 3}. Best is trial 12 with value: 0.826388888888889.
[I 2025-05-15 08:20:47,394] Trial 21 finished with value: 0.8027777777777778 and parameters: {'n_estimators': 377, 'max_depth': 11, 'min_samples_split': 3, 'min_samples_leaf': 1}. Best is trial 12 with value: 0.826388888888889.
[I 2025-05-15 08:20:47,909] Trial 22 finished with value: 0.8125 and parameters: {'n_estimators': 311, 'max_depth': 10, 'min_samples_split': 4, 'min_samples_leaf': 1}. Best is trial 12 with value: 0.826388888888889.
[I 2025-05-15 08:20:48,556] Trial 23 finished with value: 0.8027777777777778 and parameters: {'n_estimators': 398, 'max_depth': 12, 'min_samples_split': 6, 'min_samples_leaf': 3}. Best is trial 12 with value: 0.826388888888889.
[I 2025-05-15 08:20:49,173] Trial 24 finished with value: 0.8027777777777778 and parameters: {'n_estimators': 358, 'max_depth': 15, 'min_samples_split': 2, 'min_samples_leaf': 2}. Best is trial 12 with value: 0.826388888888889.
[I 2025-05-15 08:20:49,941] Trial 25 finished with value: 0.826388888888889 and parameters: {'n_estimators': 455, 'max_depth': 17, 'min_samples_split': 3, 'min_samples_leaf': 1}. Best is trial 12 with value: 0.826388888888889.
[I 2025-05-15 08:20:50,967] Trial 26 finished with value: 0.7916666666666666 and parameters: {'n_estimators': 453, 'max_depth': 17, 'min_samples_split': 5, 'min_samples_leaf': 3}. Best is trial 12 with value: 0.826388888888889.
[I 2025-05-15 08:20:52,105] Trial 27 finished with value: 0.8027777777777778 and parameters: {'n_estimators': 466, 'max_depth': 18, 'min_samples_split': 6, 'min_samples_leaf': 2}. Best is trial 12 with value: 0.826388888888889.
[I 2025-05-15 08:20:54,283] Trial 28 finished with value: 0.8152777777777779 and parameters: {'n_estimators': 415, 'max_depth': 14, 'min_samples_split': 4, 'min_samples_leaf': 1}. Best is trial 12 with value: 0.826388888888889.
[I 2025-05-15 08:20:56,356] Trial 29 finished with value: 0.7916666666666666 and parameters: {'n_estimators': 465, 'max_depth': 17, 'min_samples_split': 2, 'min_samples_leaf': 2}. Best is trial 12 with value: 0.826388888888889.
[I 2025-05-15 08:21:15,940] A new study created in memory with name: svc
Parámetros guardados en checkpoint_adult_Doriginal_G/random/IPC_43/best_models_random_seed_8_space_original/rf_best_params.json


>>> Optuna tuning svc metodo random IPC 43 seed 8


[I 2025-05-15 08:21:17,990] Trial 0 finished with value: 0.6652777777777777 and parameters: {'C': 31.168622654226873, 'gamma': 0.7484497562485191}. Best is trial 0 with value: 0.6652777777777777.
[I 2025-05-15 08:21:18,031] Trial 1 finished with value: 0.7916666666666666 and parameters: {'C': 29.976309274600954, 'gamma': 0.013286872459026702}. Best is trial 1 with value: 0.7916666666666666.
[I 2025-05-15 08:21:18,061] Trial 2 finished with value: 0.5666666666666667 and parameters: {'C': 0.08529298465080307, 'gamma': 0.00011106960237430257}. Best is trial 1 with value: 0.7916666666666666.
[I 2025-05-15 08:21:18,098] Trial 3 finished with value: 0.6208333333333332 and parameters: {'C': 0.5270784658374341, 'gamma': 0.004068229457500922}. Best is trial 1 with value: 0.7916666666666666.
[I 2025-05-15 08:21:18,113] Trial 4 finished with value: 0.7888888888888888 and parameters: {'C': 1.2322495987505253, 'gamma': 0.008195343912941565}. Best is trial 1 with value: 0.7916666666666666.
[I 2025-05-15 08:21:18,142] Trial 5 finished with value: 0.8236111111111111 and parameters: {'C': 1.6650446929687996, 'gamma': 0.014912280706161869}. Best is trial 5 with value: 0.8236111111111111.
[I 2025-05-15 08:21:18,173] Trial 6 finished with value: 0.7097222222222221 and parameters: {'C': 11.055599623279033, 'gamma': 0.07071284267178823}. Best is trial 5 with value: 0.8236111111111111.
[I 2025-05-15 08:21:18,196] Trial 7 finished with value: 0.8138888888888889 and parameters: {'C': 3.0111222251271013, 'gamma': 0.00506252384623837}. Best is trial 5 with value: 0.8236111111111111.
[I 2025-05-15 08:21:18,250] Trial 8 finished with value: 0.5 and parameters: {'C': 0.1433177931243846, 'gamma': 0.7859971382309453}. Best is trial 5 with value: 0.8236111111111111.
[I 2025-05-15 08:21:18,263] Trial 9 finished with value: 0.5666666666666667 and parameters: {'C': 0.21631975482828378, 'gamma': 0.0007502469581683287}. Best is trial 5 with value: 0.8236111111111111.
[I 2025-05-15 08:21:18,304] Trial 10 finished with value: 0.5555555555555556 and parameters: {'C': 0.0190133329442057, 'gamma': 0.060511736244391545}. Best is trial 5 with value: 0.8236111111111111.
[I 2025-05-15 08:21:20,451] Trial 11 finished with value: 0.8013888888888887 and parameters: {'C': 3.394532731945007, 'gamma': 0.0017096588600787298}. Best is trial 5 with value: 0.8236111111111111.
[I 2025-05-15 08:21:23,213] Trial 12 finished with value: 0.8388888888888889 and parameters: {'C': 3.529301363119234, 'gamma': 0.03451463054280321}. Best is trial 12 with value: 0.8388888888888889.
[I 2025-05-15 08:21:23,241] Trial 13 finished with value: 0.7916666666666666 and parameters: {'C': 5.95038408980059, 'gamma': 0.05736986231898443}. Best is trial 12 with value: 0.8388888888888889.
[I 2025-05-15 08:21:23,303] Trial 14 finished with value: 0.7097222222222221 and parameters: {'C': 78.65413430994755, 'gamma': 0.16666160909919406}. Best is trial 12 with value: 0.8388888888888889.
[I 2025-05-15 08:21:23,349] Trial 15 finished with value: 0.8236111111111111 and parameters: {'C': 1.3259463580937678, 'gamma': 0.01951226082597735}. Best is trial 12 with value: 0.8388888888888889.
[I 2025-05-15 08:21:23,387] Trial 16 finished with value: 0.7777777777777778 and parameters: {'C': 0.5314403567821974, 'gamma': 0.1823716081239891}. Best is trial 12 with value: 0.8388888888888889.
[I 2025-05-15 08:21:23,451] Trial 17 finished with value: 0.7902777777777776 and parameters: {'C': 11.282043051091122, 'gamma': 0.0006041915578859475}. Best is trial 12 with value: 0.8388888888888889.
[I 2025-05-15 08:21:23,506] Trial 18 finished with value: 0.5555555555555556 and parameters: {'C': 0.0440449576391945, 'gamma': 0.024574117192827094}. Best is trial 12 with value: 0.8388888888888889.
[I 2025-05-15 08:21:23,559] Trial 19 finished with value: 0.7680555555555556 and parameters: {'C': 0.5049120083398525, 'gamma': 0.2012557890828711}. Best is trial 12 with value: 0.8388888888888889.
[I 2025-05-15 08:21:23,596] Trial 20 finished with value: 0.8013888888888887 and parameters: {'C': 2.4367783526253186, 'gamma': 0.002519117474335368}. Best is trial 12 with value: 0.8388888888888889.
[I 2025-05-15 08:21:23,637] Trial 21 finished with value: 0.8125 and parameters: {'C': 1.18844299710469, 'gamma': 0.021420638524563752}. Best is trial 12 with value: 0.8388888888888889.
[I 2025-05-15 08:21:23,677] Trial 22 finished with value: 0.826388888888889 and parameters: {'C': 1.5665549352915116, 'gamma': 0.03749643576731828}. Best is trial 12 with value: 0.8388888888888889.
[I 2025-05-15 08:21:23,717] Trial 23 finished with value: 0.7916666666666666 and parameters: {'C': 7.466135075317197, 'gamma': 0.04010161323890646}. Best is trial 12 with value: 0.8388888888888889.
[I 2025-05-15 08:21:26,216] Trial 24 finished with value: 0.6652777777777779 and parameters: {'C': 0.2694194234957986, 'gamma': 0.009629128769960528}. Best is trial 12 with value: 0.8388888888888889.
[I 2025-05-15 08:21:26,259] Trial 25 finished with value: 0.7791666666666666 and parameters: {'C': 2.3422524410473975, 'gamma': 0.09909775676450167}. Best is trial 12 with value: 0.8388888888888889.
[I 2025-05-15 08:21:26,291] Trial 26 finished with value: 0.7916666666666666 and parameters: {'C': 6.21116348927285, 'gamma': 0.03728226899596238}. Best is trial 12 with value: 0.8388888888888889.
[I 2025-05-15 08:21:26,335] Trial 27 finished with value: 0.6861111111111111 and parameters: {'C': 27.065466380041617, 'gamma': 0.4598388663242342}. Best is trial 12 with value: 0.8388888888888889.
[I 2025-05-15 08:21:26,368] Trial 28 finished with value: 0.7430555555555556 and parameters: {'C': 0.7933301931343469, 'gamma': 0.3348255024231714}. Best is trial 12 with value: 0.8388888888888889.
[I 2025-05-15 08:21:26,401] Trial 29 finished with value: 0.7319444444444443 and parameters: {'C': 12.9256753096284, 'gamma': 0.11738713269370045}. Best is trial 12 with value: 0.8388888888888889.
/data/home/rtabares/anaconda3/envs/pyth3.12/lib/python3.12/site-packages/xgboost/core.py:377: FutureWarning: Your system has an old version of glibc (< 2.28). We will stop supporting Linux distros with glibc older than 2.28 after **May 31, 2025**. Please upgrade to a recent Linux distro (with glibc >= 2.28) to use future versions of XGBoost.
Note: You have installed the 'manylinux2014' variant of XGBoost. Certain features such as GPU algorithms or federated learning are not available. To use these features, please upgrade to a recent Linux distro with glibc 2.28+, and install the 'manylinux_2_28' variant.
  warnings.warn(
[I 2025-05-15 08:21:34,063] A new study created in memory with name: logreg
Parámetros guardados en checkpoint_adult_Doriginal_G/random/IPC_43/best_models_random_seed_8_space_original/svc_best_params.json


>>> Optuna tuning logreg metodo random IPC 43 seed 8


[I 2025-05-15 08:21:37,890] Trial 0 finished with value: 0.7597222222222222 and parameters: {'C': 23.288794782471303, 'penalty': 'l2'}. Best is trial 0 with value: 0.7597222222222222.
[I 2025-05-15 08:21:38,352] Trial 1 finished with value: 0.7597222222222222 and parameters: {'C': 69.61507800412923, 'penalty': 'l2'}. Best is trial 0 with value: 0.7597222222222222.
[I 2025-05-15 08:21:38,410] Trial 2 finished with value: 0.7597222222222222 and parameters: {'C': 22.180569925473442, 'penalty': 'l2'}. Best is trial 0 with value: 0.7597222222222222.
[I 2025-05-15 08:21:38,434] Trial 3 finished with value: 0.825 and parameters: {'C': 0.4511058486037652, 'penalty': 'l2'}. Best is trial 3 with value: 0.825.
[I 2025-05-15 08:21:38,458] Trial 4 finished with value: 0.825 and parameters: {'C': 0.014576110093994574, 'penalty': 'l2'}. Best is trial 3 with value: 0.825.
[I 2025-05-15 08:21:38,482] Trial 5 finished with value: 0.7541666666666667 and parameters: {'C': 0.0011402340906886685, 'penalty': 'l2'}. Best is trial 3 with value: 0.825.
[I 2025-05-15 08:21:38,517] Trial 6 finished with value: 0.8375 and parameters: {'C': 0.14201822862985758, 'penalty': 'l2'}. Best is trial 6 with value: 0.8375.
[I 2025-05-15 08:21:38,551] Trial 7 finished with value: 0.8486111111111111 and parameters: {'C': 0.1027440782219989, 'penalty': 'l2'}. Best is trial 7 with value: 0.8486111111111111.
[I 2025-05-15 08:21:38,586] Trial 8 finished with value: 0.825 and parameters: {'C': 0.41055690122086846, 'penalty': 'l2'}. Best is trial 7 with value: 0.8486111111111111.
[I 2025-05-15 08:21:38,620] Trial 9 finished with value: 0.8375 and parameters: {'C': 0.24658064201770763, 'penalty': 'l2'}. Best is trial 7 with value: 0.8486111111111111.
[I 2025-05-15 08:21:38,648] Trial 10 finished with value: 0.825 and parameters: {'C': 0.014566327335279527, 'penalty': 'l2'}. Best is trial 7 with value: 0.8486111111111111.
[I 2025-05-15 08:21:39,756] Trial 11 finished with value: 0.8486111111111111 and parameters: {'C': 0.06322395762068617, 'penalty': 'l2'}. Best is trial 7 with value: 0.8486111111111111.
[I 2025-05-15 08:21:41,980] Trial 12 finished with value: 0.825 and parameters: {'C': 0.020846137872883926, 'penalty': 'l2'}. Best is trial 7 with value: 0.8486111111111111.
[I 2025-05-15 08:21:42,030] Trial 13 finished with value: 0.7916666666666667 and parameters: {'C': 2.23597953729174, 'penalty': 'l2'}. Best is trial 7 with value: 0.8486111111111111.
[I 2025-05-15 08:21:42,060] Trial 14 finished with value: 0.8486111111111111 and parameters: {'C': 0.0663336675211747, 'penalty': 'l2'}. Best is trial 7 with value: 0.8486111111111111.
[I 2025-05-15 08:21:42,088] Trial 15 finished with value: 0.7805555555555556 and parameters: {'C': 0.003102573129026596, 'penalty': 'l2'}. Best is trial 7 with value: 0.8486111111111111.
[I 2025-05-15 08:21:42,132] Trial 16 finished with value: 0.7791666666666667 and parameters: {'C': 2.0679798322645753, 'penalty': 'l2'}. Best is trial 7 with value: 0.8486111111111111.
[I 2025-05-15 08:21:42,181] Trial 17 finished with value: 0.8027777777777778 and parameters: {'C': 1.3716260417985906, 'penalty': 'l2'}. Best is trial 7 with value: 0.8486111111111111.
[I 2025-05-15 08:21:42,207] Trial 18 finished with value: 0.8486111111111111 and parameters: {'C': 0.05042415051881774, 'penalty': 'l2'}. Best is trial 7 with value: 0.8486111111111111.
[I 2025-05-15 08:21:42,239] Trial 19 finished with value: 0.8027777777777777 and parameters: {'C': 0.008774448125362854, 'penalty': 'l2'}. Best is trial 7 with value: 0.8486111111111111.
[I 2025-05-15 08:21:42,266] Trial 20 finished with value: 0.8486111111111111 and parameters: {'C': 0.06077263039865665, 'penalty': 'l2'}. Best is trial 7 with value: 0.8486111111111111.
[I 2025-05-15 08:21:42,313] Trial 21 finished with value: 0.8486111111111111 and parameters: {'C': 0.07753748895535441, 'penalty': 'l2'}. Best is trial 7 with value: 0.8486111111111111.
[I 2025-05-15 08:21:42,381] Trial 22 finished with value: 0.825 and parameters: {'C': 1.012976773642316, 'penalty': 'l2'}. Best is trial 7 with value: 0.8486111111111111.
[I 2025-05-15 08:21:42,421] Trial 23 finished with value: 0.825 and parameters: {'C': 0.030733973821673602, 'penalty': 'l2'}. Best is trial 7 with value: 0.8486111111111111.
[I 2025-05-15 08:21:44,212] Trial 24 finished with value: 0.7819444444444443 and parameters: {'C': 0.0029274426052229297, 'penalty': 'l2'}. Best is trial 7 with value: 0.8486111111111111.
[I 2025-05-15 08:21:44,241] Trial 25 finished with value: 0.8486111111111111 and parameters: {'C': 0.11475219783051875, 'penalty': 'l2'}. Best is trial 7 with value: 0.8486111111111111.
[I 2025-05-15 08:21:44,291] Trial 26 finished with value: 0.8375 and parameters: {'C': 0.22354372145327986, 'penalty': 'l2'}. Best is trial 7 with value: 0.8486111111111111.
[I 2025-05-15 08:21:44,335] Trial 27 finished with value: 0.7916666666666666 and parameters: {'C': 0.006159817066399466, 'penalty': 'l2'}. Best is trial 7 with value: 0.8486111111111111.
[I 2025-05-15 08:21:44,367] Trial 28 finished with value: 0.7694444444444445 and parameters: {'C': 5.9066520898366965, 'penalty': 'l2'}. Best is trial 7 with value: 0.8486111111111111.
[I 2025-05-15 08:21:44,416] Trial 29 finished with value: 0.825 and parameters: {'C': 0.03558039195640673, 'penalty': 'l2'}. Best is trial 7 with value: 0.8486111111111111.
[I 2025-05-15 08:21:54,901] A new study created in memory with name: mlp
Parámetros guardados en checkpoint_adult_Doriginal_G/random/IPC_43/best_models_random_seed_8_space_original/logreg_best_params.json


>>> Optuna tuning mlp metodo random IPC 43 seed 8


/data/home/rtabares/anaconda3/envs/pyth3.12/lib/python3.12/site-packages/sklearn/neural_network/_multilayer_perceptron.py:691: ConvergenceWarning: Stochastic Optimizer: Maximum iterations (50) reached and the optimization hasn't converged yet.
  warnings.warn(
/data/home/rtabares/anaconda3/envs/pyth3.12/lib/python3.12/site-packages/sklearn/neural_network/_multilayer_perceptron.py:691: ConvergenceWarning: Stochastic Optimizer: Maximum iterations (50) reached and the optimization hasn't converged yet.
  warnings.warn(
/data/home/rtabares/anaconda3/envs/pyth3.12/lib/python3.12/site-packages/sklearn/neural_network/_multilayer_perceptron.py:691: ConvergenceWarning: Stochastic Optimizer: Maximum iterations (50) reached and the optimization hasn't converged yet.
  warnings.warn(
/data/home/rtabares/anaconda3/envs/pyth3.12/lib/python3.12/site-packages/sklearn/neural_network/_multilayer_perceptron.py:691: ConvergenceWarning: Stochastic Optimizer: Maximum iterations (50) reached and the optimization hasn't converged yet.
  warnings.warn(
/data/home/rtabares/anaconda3/envs/pyth3.12/lib/python3.12/site-packages/sklearn/neural_network/_multilayer_perceptron.py:691: ConvergenceWarning: Stochastic Optimizer: Maximum iterations (50) reached and the optimization hasn't converged yet.
  warnings.warn(
[I 2025-05-15 08:21:56,469] Trial 0 finished with value: 0.8375 and parameters: {'hidden_layer_sizes': (200,), 'max_iter': 50, 'alpha': 0.001}. Best is trial 0 with value: 0.8375.
/data/home/rtabares/anaconda3/envs/pyth3.12/lib/python3.12/site-packages/sklearn/neural_network/_multilayer_perceptron.py:691: ConvergenceWarning: Stochastic Optimizer: Maximum iterations (50) reached and the optimization hasn't converged yet.
  warnings.warn(
/data/home/rtabares/anaconda3/envs/pyth3.12/lib/python3.12/site-packages/sklearn/neural_network/_multilayer_perceptron.py:691: ConvergenceWarning: Stochastic Optimizer: Maximum iterations (50) reached and the optimization hasn't converged yet.
  warnings.warn(
/data/home/rtabares/anaconda3/envs/pyth3.12/lib/python3.12/site-packages/sklearn/neural_network/_multilayer_perceptron.py:691: ConvergenceWarning: Stochastic Optimizer: Maximum iterations (50) reached and the optimization hasn't converged yet.
  warnings.warn(
/data/home/rtabares/anaconda3/envs/pyth3.12/lib/python3.12/site-packages/sklearn/neural_network/_multilayer_perceptron.py:691: ConvergenceWarning: Stochastic Optimizer: Maximum iterations (50) reached and the optimization hasn't converged yet.
  warnings.warn(
/data/home/rtabares/anaconda3/envs/pyth3.12/lib/python3.12/site-packages/sklearn/neural_network/_multilayer_perceptron.py:691: ConvergenceWarning: Stochastic Optimizer: Maximum iterations (50) reached and the optimization hasn't converged yet.
  warnings.warn(
[I 2025-05-15 08:21:56,705] Trial 1 finished with value: 0.8375 and parameters: {'hidden_layer_sizes': (200,), 'max_iter': 50, 'alpha': 0.0001}. Best is trial 0 with value: 0.8375.
/data/home/rtabares/anaconda3/envs/pyth3.12/lib/python3.12/site-packages/sklearn/neural_network/_multilayer_perceptron.py:691: ConvergenceWarning: Stochastic Optimizer: Maximum iterations (50) reached and the optimization hasn't converged yet.
  warnings.warn(
/data/home/rtabares/anaconda3/envs/pyth3.12/lib/python3.12/site-packages/sklearn/neural_network/_multilayer_perceptron.py:691: ConvergenceWarning: Stochastic Optimizer: Maximum iterations (50) reached and the optimization hasn't converged yet.
  warnings.warn(
/data/home/rtabares/anaconda3/envs/pyth3.12/lib/python3.12/site-packages/sklearn/neural_network/_multilayer_perceptron.py:691: ConvergenceWarning: Stochastic Optimizer: Maximum iterations (50) reached and the optimization hasn't converged yet.
  warnings.warn(
/data/home/rtabares/anaconda3/envs/pyth3.12/lib/python3.12/site-packages/sklearn/neural_network/_multilayer_perceptron.py:691: ConvergenceWarning: Stochastic Optimizer: Maximum iterations (50) reached and the optimization hasn't converged yet.
  warnings.warn(
/data/home/rtabares/anaconda3/envs/pyth3.12/lib/python3.12/site-packages/sklearn/neural_network/_multilayer_perceptron.py:691: ConvergenceWarning: Stochastic Optimizer: Maximum iterations (50) reached and the optimization hasn't converged yet.
  warnings.warn(
[I 2025-05-15 08:21:58,591] Trial 2 finished with value: 0.836111111111111 and parameters: {'hidden_layer_sizes': (100,), 'max_iter': 50, 'alpha': 0.0001}. Best is trial 0 with value: 0.8375.
/data/home/rtabares/anaconda3/envs/pyth3.12/lib/python3.12/site-packages/sklearn/neural_network/_multilayer_perceptron.py:691: ConvergenceWarning: Stochastic Optimizer: Maximum iterations (100) reached and the optimization hasn't converged yet.
  warnings.warn(
/data/home/rtabares/anaconda3/envs/pyth3.12/lib/python3.12/site-packages/sklearn/neural_network/_multilayer_perceptron.py:691: ConvergenceWarning: Stochastic Optimizer: Maximum iterations (100) reached and the optimization hasn't converged yet.
  warnings.warn(
/data/home/rtabares/anaconda3/envs/pyth3.12/lib/python3.12/site-packages/sklearn/neural_network/_multilayer_perceptron.py:691: ConvergenceWarning: Stochastic Optimizer: Maximum iterations (100) reached and the optimization hasn't converged yet.
  warnings.warn(
/data/home/rtabares/anaconda3/envs/pyth3.12/lib/python3.12/site-packages/sklearn/neural_network/_multilayer_perceptron.py:691: ConvergenceWarning: Stochastic Optimizer: Maximum iterations (100) reached and the optimization hasn't converged yet.
  warnings.warn(
/data/home/rtabares/anaconda3/envs/pyth3.12/lib/python3.12/site-packages/sklearn/neural_network/_multilayer_perceptron.py:691: ConvergenceWarning: Stochastic Optimizer: Maximum iterations (100) reached and the optimization hasn't converged yet.
  warnings.warn(
