[I 2025-05-15 08:06:18,814] Trial 16 finished with value: 1.0 and parameters: {'n_estimators': 100, 'max_depth': 30, 'gamma': 0.6956076160159175, 'subsample': 0.6481788104154691, 'colsample_bytree': 0.9937973404407461}. Best is trial 15 with value: 1.0.
/data/home/rtabares/anaconda3/envs/pyth3.12/lib/python3.12/site-packages/xgboost/core.py:377: FutureWarning: Your system has an old version of glibc (< 2.28). We will stop supporting Linux distros with glibc older than 2.28 after **May 31, 2025**. Please upgrade to a recent Linux distro (with glibc >= 2.28) to use future versions of XGBoost.
Note: You have installed the 'manylinux2014' variant of XGBoost. Certain features such as GPU algorithms or federated learning are not available. To use these features, please upgrade to a recent Linux distro with glibc 2.28+, and install the 'manylinux_2_28' variant.
  warnings.warn(
[I 2025-05-15 08:06:19,771] Trial 17 finished with value: 0.96 and parameters: {'n_estimators': 100, 'max_depth': 30, 'gamma': 0.6972626672015453, 'subsample': 0.7341683466320832, 'colsample_bytree': 0.9815534651220498}. Best is trial 15 with value: 1.0.
[I 2025-05-15 08:06:19,835] Trial 18 finished with value: 0.96 and parameters: {'n_estimators': 100, 'max_depth': 30, 'gamma': 0.3430323295990587, 'subsample': 0.7524911849514133, 'colsample_bytree': 0.903594671997618}. Best is trial 15 with value: 1.0.
[I 2025-05-15 08:06:19,889] Trial 19 finished with value: 1.0 and parameters: {'n_estimators': 100, 'max_depth': 30, 'gamma': 0.6352855620245634, 'subsample': 0.6521072482183923, 'colsample_bytree': 0.9910992083950997}. Best is trial 15 with value: 1.0.
/data/home/rtabares/anaconda3/envs/pyth3.12/lib/python3.12/site-packages/xgboost/core.py:377: FutureWarning: Your system has an old version of glibc (< 2.28). We will stop supporting Linux distros with glibc older than 2.28 after **May 31, 2025**. Please upgrade to a recent Linux distro (with glibc >= 2.28) to use future versions of XGBoost.
Note: You have installed the 'manylinux2014' variant of XGBoost. Certain features such as GPU algorithms or federated learning are not available. To use these features, please upgrade to a recent Linux distro with glibc 2.28+, and install the 'manylinux_2_28' variant.
  warnings.warn(
[I 2025-05-15 08:06:20,812] Trial 20 finished with value: 0.9800000000000001 and parameters: {'n_estimators': 100, 'max_depth': 30, 'gamma': 0.764207248100705, 'subsample': 0.9961764358499778, 'colsample_bytree': 0.8847723321415784}. Best is trial 15 with value: 1.0.
[I 2025-05-15 08:06:20,864] Trial 21 finished with value: 1.0 and parameters: {'n_estimators': 100, 'max_depth': 30, 'gamma': 0.5970937319788981, 'subsample': 0.6522013636176636, 'colsample_bytree': 0.9942178609357412}. Best is trial 15 with value: 1.0.
[I 2025-05-15 08:06:20,910] Trial 22 finished with value: 0.96 and parameters: {'n_estimators': 100, 'max_depth': 30, 'gamma': 0.4177155887682774, 'subsample': 0.702608530498189, 'colsample_bytree': 0.9552048901737261}. Best is trial 15 with value: 1.0.
[I 2025-05-15 08:06:20,960] Trial 23 finished with value: 1.0 and parameters: {'n_estimators': 100, 'max_depth': 30, 'gamma': 0.285609760258145, 'subsample': 0.6481489176984668, 'colsample_bytree': 0.9974503489220833}. Best is trial 15 with value: 1.0.
[I 2025-05-15 08:06:21,010] Trial 24 finished with value: 0.9800000000000001 and parameters: {'n_estimators': 100, 'max_depth': 30, 'gamma': 0.635681678521242, 'subsample': 0.7880585160897953, 'colsample_bytree': 0.8757878763547527}. Best is trial 15 with value: 1.0.
[I 2025-05-15 08:06:21,050] Trial 25 finished with value: 0.9833333333333334 and parameters: {'n_estimators': 40, 'max_depth': 30, 'gamma': 0.7256308643900085, 'subsample': 0.623178533544929, 'colsample_bytree': 0.9429993499009889}. Best is trial 15 with value: 1.0.
[I 2025-05-15 08:06:21,110] Trial 26 finished with value: 0.96 and parameters: {'n_estimators': 100, 'max_depth': 30, 'gamma': 0.8804018759598764, 'subsample': 0.7158128760908335, 'colsample_bytree': 0.9553714894616018}. Best is trial 15 with value: 1.0.
[I 2025-05-15 08:06:21,164] Trial 27 finished with value: 0.9800000000000001 and parameters: {'n_estimators': 100, 'max_depth': 30, 'gamma': 0.6292635945265576, 'subsample': 0.6762838972671781, 'colsample_bytree': 0.8540381983230017}. Best is trial 15 with value: 1.0.
[I 2025-05-15 08:06:21,214] Trial 28 finished with value: 0.9833333333333334 and parameters: {'n_estimators': 100, 'max_depth': 20, 'gamma': 0.8642566461962474, 'subsample': 0.6313288314967392, 'colsample_bytree': 0.8043822445481208}. Best is trial 15 with value: 1.0.
[I 2025-05-15 08:06:21,253] Trial 29 finished with value: 0.9633333333333333 and parameters: {'n_estimators': 40, 'max_depth': 30, 'gamma': 0.7538684710123749, 'subsample': 0.5361789718379155, 'colsample_bytree': 0.9091385446554381}. Best is trial 15 with value: 1.0.
[I 2025-05-15 08:06:38,704] A new study created in memory with name: rf
Parámetros guardados en checkpoint_default_Doriginal_H/lc/IPC_27/best_models_lc_seed_7_space_original/xgb_best_params.json


>>> Optuna tuning rf metodo lc IPC 27 seed 7


[I 2025-05-15 08:06:41,424] Trial 0 finished with value: 0.9800000000000001 and parameters: {'n_estimators': 130, 'max_depth': 17, 'min_samples_split': 5, 'min_samples_leaf': 8}. Best is trial 0 with value: 0.9800000000000001.
[I 2025-05-15 08:06:42,886] Trial 1 finished with value: 1.0 and parameters: {'n_estimators': 492, 'max_depth': 12, 'min_samples_split': 6, 'min_samples_leaf': 1}. Best is trial 1 with value: 1.0.
[I 2025-05-15 08:06:43,774] Trial 2 finished with value: 1.0 and parameters: {'n_estimators': 207, 'max_depth': 11, 'min_samples_split': 8, 'min_samples_leaf': 9}. Best is trial 1 with value: 1.0.
[I 2025-05-15 08:06:44,847] Trial 3 finished with value: 0.9800000000000001 and parameters: {'n_estimators': 252, 'max_depth': 4, 'min_samples_split': 4, 'min_samples_leaf': 10}. Best is trial 1 with value: 1.0.
[I 2025-05-15 08:06:45,718] Trial 4 finished with value: 1.0 and parameters: {'n_estimators': 185, 'max_depth': 11, 'min_samples_split': 10, 'min_samples_leaf': 1}. Best is trial 1 with value: 1.0.
[I 2025-05-15 08:06:47,032] Trial 5 finished with value: 1.0 and parameters: {'n_estimators': 340, 'max_depth': 20, 'min_samples_split': 4, 'min_samples_leaf': 6}. Best is trial 1 with value: 1.0.
[I 2025-05-15 08:06:48,193] Trial 6 finished with value: 1.0 and parameters: {'n_estimators': 464, 'max_depth': 5, 'min_samples_split': 6, 'min_samples_leaf': 8}. Best is trial 1 with value: 1.0.
[I 2025-05-15 08:06:49,092] Trial 7 finished with value: 1.0 and parameters: {'n_estimators': 368, 'max_depth': 11, 'min_samples_split': 3, 'min_samples_leaf': 5}. Best is trial 1 with value: 1.0.
[I 2025-05-15 08:06:49,857] Trial 8 finished with value: 1.0 and parameters: {'n_estimators': 249, 'max_depth': 11, 'min_samples_split': 5, 'min_samples_leaf': 9}. Best is trial 1 with value: 1.0.
[I 2025-05-15 08:06:51,014] Trial 9 finished with value: 1.0 and parameters: {'n_estimators': 408, 'max_depth': 8, 'min_samples_split': 7, 'min_samples_leaf': 3}. Best is trial 1 with value: 1.0.
[I 2025-05-15 08:06:52,279] Trial 10 finished with value: 1.0 and parameters: {'n_estimators': 479, 'max_depth': 15, 'min_samples_split': 2, 'min_samples_leaf': 1}. Best is trial 1 with value: 1.0.
[I 2025-05-15 08:06:54,177] Trial 11 finished with value: 1.0 and parameters: {'n_estimators': 268, 'max_depth': 15, 'min_samples_split': 8, 'min_samples_leaf': 5}. Best is trial 1 with value: 1.0.
[I 2025-05-15 08:06:55,629] Trial 12 finished with value: 1.0 and parameters: {'n_estimators': 180, 'max_depth': 7, 'min_samples_split': 9, 'min_samples_leaf': 3}. Best is trial 1 with value: 1.0.
[I 2025-05-15 08:06:57,334] Trial 13 finished with value: 1.0 and parameters: {'n_estimators': 100, 'max_depth': 14, 'min_samples_split': 7, 'min_samples_leaf': 7}. Best is trial 1 with value: 1.0.
[I 2025-05-15 08:06:58,002] Trial 14 finished with value: 1.0 and parameters: {'n_estimators': 325, 'max_depth': 8, 'min_samples_split': 8, 'min_samples_leaf': 3}. Best is trial 1 with value: 1.0.
[I 2025-05-15 08:06:58,725] Trial 15 finished with value: 1.0 and parameters: {'n_estimators': 410, 'max_depth': 12, 'min_samples_split': 10, 'min_samples_leaf': 10}. Best is trial 1 with value: 1.0.
[I 2025-05-15 08:06:59,116] Trial 16 finished with value: 1.0 and parameters: {'n_estimators': 183, 'max_depth': 18, 'min_samples_split': 7, 'min_samples_leaf': 4}. Best is trial 1 with value: 1.0.
[I 2025-05-15 08:06:59,515] Trial 17 finished with value: 1.0 and parameters: {'n_estimators': 285, 'max_depth': 13, 'min_samples_split': 6, 'min_samples_leaf': 7}. Best is trial 1 with value: 1.0.
[I 2025-05-15 08:06:59,908] Trial 18 finished with value: 1.0 and parameters: {'n_estimators': 227, 'max_depth': 9, 'min_samples_split': 8, 'min_samples_leaf': 2}. Best is trial 1 with value: 1.0.
[I 2025-05-15 08:07:00,576] Trial 19 finished with value: 1.0 and parameters: {'n_estimators': 426, 'max_depth': 6, 'min_samples_split': 9, 'min_samples_leaf': 6}. Best is trial 1 with value: 1.0.
[I 2025-05-15 08:07:01,122] Trial 20 finished with value: 1.0 and parameters: {'n_estimators': 370, 'max_depth': 3, 'min_samples_split': 5, 'min_samples_leaf': 9}. Best is trial 1 with value: 1.0.
[I 2025-05-15 08:07:01,450] Trial 21 finished with value: 1.0 and parameters: {'n_estimators': 198, 'max_depth': 10, 'min_samples_split': 10, 'min_samples_leaf': 1}. Best is trial 1 with value: 1.0.
[I 2025-05-15 08:07:01,775] Trial 22 finished with value: 1.0 and parameters: {'n_estimators': 153, 'max_depth': 13, 'min_samples_split': 9, 'min_samples_leaf': 2}. Best is trial 1 with value: 1.0.
[I 2025-05-15 08:07:02,152] Trial 23 finished with value: 1.0 and parameters: {'n_estimators': 219, 'max_depth': 10, 'min_samples_split': 10, 'min_samples_leaf': 1}. Best is trial 1 with value: 1.0.
[I 2025-05-15 08:07:02,440] Trial 24 finished with value: 1.0 and parameters: {'n_estimators': 163, 'max_depth': 12, 'min_samples_split': 6, 'min_samples_leaf': 2}. Best is trial 1 with value: 1.0.
[I 2025-05-15 08:07:02,693] Trial 25 finished with value: 1.0 and parameters: {'n_estimators': 133, 'max_depth': 15, 'min_samples_split': 9, 'min_samples_leaf': 4}. Best is trial 1 with value: 1.0.
[I 2025-05-15 08:07:03,229] Trial 26 finished with value: 1.0 and parameters: {'n_estimators': 309, 'max_depth': 9, 'min_samples_split': 8, 'min_samples_leaf': 1}. Best is trial 1 with value: 1.0.
[I 2025-05-15 08:07:03,634] Trial 27 finished with value: 1.0 and parameters: {'n_estimators': 207, 'max_depth': 13, 'min_samples_split': 7, 'min_samples_leaf': 4}. Best is trial 1 with value: 1.0.
[I 2025-05-15 08:07:03,926] Trial 28 finished with value: 0.9800000000000001 and parameters: {'n_estimators': 105, 'max_depth': 17, 'min_samples_split': 10, 'min_samples_leaf': 2}. Best is trial 1 with value: 1.0.
[I 2025-05-15 08:07:04,191] Trial 29 finished with value: 1.0 and parameters: {'n_estimators': 135, 'max_depth': 10, 'min_samples_split': 5, 'min_samples_leaf': 8}. Best is trial 1 with value: 1.0.
[I 2025-05-15 08:07:11,404] A new study created in memory with name: svc
Parámetros guardados en checkpoint_default_Doriginal_H/lc/IPC_27/best_models_lc_seed_7_space_original/rf_best_params.json


>>> Optuna tuning svc metodo lc IPC 27 seed 7


[I 2025-05-15 08:07:12,879] Trial 0 finished with value: 0.58 and parameters: {'C': 0.020194502448102298, 'gamma': 0.13172711156111802}. Best is trial 0 with value: 0.58.
[I 2025-05-15 08:07:12,973] Trial 1 finished with value: 0.9633333333333333 and parameters: {'C': 0.5670703311028815, 'gamma': 0.0783178418343345}. Best is trial 1 with value: 0.9633333333333333.
[I 2025-05-15 08:07:13,000] Trial 2 finished with value: 1.0 and parameters: {'C': 81.65034948781698, 'gamma': 0.014255533717547383}. Best is trial 2 with value: 1.0.
[I 2025-05-15 08:07:13,014] Trial 3 finished with value: 0.5833333333333333 and parameters: {'C': 1.0103732850016278, 'gamma': 0.00019418001640357854}. Best is trial 2 with value: 1.0.
[I 2025-05-15 08:07:13,028] Trial 4 finished with value: 0.9400000000000001 and parameters: {'C': 0.11851025167261421, 'gamma': 0.00998918377985214}. Best is trial 2 with value: 1.0.
[I 2025-05-15 08:07:13,042] Trial 5 finished with value: 0.9633333333333333 and parameters: {'C': 5.2109869371584665, 'gamma': 0.16404241128227343}. Best is trial 2 with value: 1.0.
[I 2025-05-15 08:07:13,060] Trial 6 finished with value: 0.5 and parameters: {'C': 0.3340138940215422, 'gamma': 0.00018354619576988685}. Best is trial 2 with value: 1.0.
[I 2025-05-15 08:07:13,074] Trial 7 finished with value: 0.54 and parameters: {'C': 0.1420961781588805, 'gamma': 0.434884682155233}. Best is trial 2 with value: 1.0.
[I 2025-05-15 08:07:13,088] Trial 8 finished with value: 0.58 and parameters: {'C': 0.07137422643361827, 'gamma': 0.006434219125545069}. Best is trial 2 with value: 1.0.
[I 2025-05-15 08:07:13,103] Trial 9 finished with value: 0.9800000000000001 and parameters: {'C': 53.066944048916255, 'gamma': 0.00012577574840733457}. Best is trial 2 with value: 1.0.
[I 2025-05-15 08:07:13,129] Trial 10 finished with value: 1.0 and parameters: {'C': 60.67266858458046, 'gamma': 0.001366002544888146}. Best is trial 2 with value: 1.0.
[I 2025-05-15 08:07:14,186] Trial 11 finished with value: 1.0 and parameters: {'C': 87.21998046977028, 'gamma': 0.0015573062962550724}. Best is trial 2 with value: 1.0.
[I 2025-05-15 08:07:15,467] Trial 12 finished with value: 1.0 and parameters: {'C': 13.216020967637082, 'gamma': 0.0015550119929728658}. Best is trial 2 with value: 1.0.
[I 2025-05-15 08:07:15,500] Trial 13 finished with value: 1.0 and parameters: {'C': 11.782758068709013, 'gamma': 0.0015657884085919591}. Best is trial 2 with value: 1.0.
[I 2025-05-15 08:07:15,533] Trial 14 finished with value: 1.0 and parameters: {'C': 33.82238797718975, 'gamma': 0.01390258767268999}. Best is trial 2 with value: 1.0.
[I 2025-05-15 08:07:15,569] Trial 15 finished with value: 0.9800000000000001 and parameters: {'C': 2.688205881094065, 'gamma': 0.034925314653134025}. Best is trial 2 with value: 1.0.
[I 2025-05-15 08:07:15,614] Trial 16 finished with value: 1.0 and parameters: {'C': 20.06952323750665, 'gamma': 0.0006034881455384803}. Best is trial 2 with value: 1.0.
[I 2025-05-15 08:07:15,638] Trial 17 finished with value: 1.0 and parameters: {'C': 94.48478103115555, 'gamma': 0.004796259768183655}. Best is trial 2 with value: 1.0.
[I 2025-05-15 08:07:15,675] Trial 18 finished with value: 0.9800000000000001 and parameters: {'C': 3.504328344706741, 'gamma': 0.03320384586751046}. Best is trial 2 with value: 1.0.
[I 2025-05-15 08:07:15,708] Trial 19 finished with value: 0.9800000000000001 and parameters: {'C': 7.647249907861501, 'gamma': 0.0005912715291822395}. Best is trial 2 with value: 1.0.
[I 2025-05-15 08:07:15,731] Trial 20 finished with value: 1.0 and parameters: {'C': 29.63633235324296, 'gamma': 0.003139184990740136}. Best is trial 2 with value: 1.0.
[I 2025-05-15 08:07:15,775] Trial 21 finished with value: 1.0 and parameters: {'C': 93.80223988833573, 'gamma': 0.0006634109312344342}. Best is trial 2 with value: 1.0.
[I 2025-05-15 08:07:15,816] Trial 22 finished with value: 1.0 and parameters: {'C': 47.44691114038328, 'gamma': 0.00170384642649606}. Best is trial 2 with value: 1.0.
[I 2025-05-15 08:07:15,852] Trial 23 finished with value: 1.0 and parameters: {'C': 99.41456808192166, 'gamma': 0.018108653526640487}. Best is trial 2 with value: 1.0.
[I 2025-05-15 08:07:16,756] Trial 24 finished with value: 0.9800000000000001 and parameters: {'C': 1.7898707558534608, 'gamma': 0.0029442778303402535}. Best is trial 2 with value: 1.0.
[I 2025-05-15 08:07:16,785] Trial 25 finished with value: 0.9800000000000001 and parameters: {'C': 18.46187156945029, 'gamma': 0.0004690500230775193}. Best is trial 2 with value: 1.0.
[I 2025-05-15 08:07:16,821] Trial 26 finished with value: 1.0 and parameters: {'C': 47.32559249695842, 'gamma': 0.0012990587000787537}. Best is trial 2 with value: 1.0.
[I 2025-05-15 08:07:16,857] Trial 27 finished with value: 1.0 and parameters: {'C': 7.556611744499236, 'gamma': 0.0067102544166561156}. Best is trial 2 with value: 1.0.
[I 2025-05-15 08:07:16,886] Trial 28 finished with value: 1.0 and parameters: {'C': 23.03170515045895, 'gamma': 0.03151846376037147}. Best is trial 2 with value: 1.0.
[I 2025-05-15 08:07:16,919] Trial 29 finished with value: 0.5 and parameters: {'C': 0.024683504005058293, 'gamma': 0.0002837578679647408}. Best is trial 2 with value: 1.0.
[I 2025-05-15 08:07:24,675] A new study created in memory with name: logreg
Parámetros guardados en checkpoint_default_Doriginal_H/lc/IPC_27/best_models_lc_seed_7_space_original/svc_best_params.json


>>> Optuna tuning logreg metodo lc IPC 27 seed 7


[I 2025-05-15 08:07:25,600] Trial 0 finished with value: 0.9400000000000001 and parameters: {'C': 0.002407362254570802, 'penalty': 'l2'}. Best is trial 0 with value: 0.9400000000000001.
[I 2025-05-15 08:07:25,629] Trial 1 finished with value: 1.0 and parameters: {'C': 7.935859334260497, 'penalty': 'l2'}. Best is trial 1 with value: 1.0.
[I 2025-05-15 08:07:25,649] Trial 2 finished with value: 1.0 and parameters: {'C': 0.15561310098067915, 'penalty': 'l2'}. Best is trial 1 with value: 1.0.
[I 2025-05-15 08:07:25,666] Trial 3 finished with value: 1.0 and parameters: {'C': 4.143104515916128, 'penalty': 'l2'}. Best is trial 1 with value: 1.0.
[I 2025-05-15 08:07:25,693] Trial 4 finished with value: 1.0 and parameters: {'C': 77.61533923098803, 'penalty': 'l2'}. Best is trial 1 with value: 1.0.
[I 2025-05-15 08:07:25,714] Trial 5 finished with value: 1.0 and parameters: {'C': 0.49258292359934785, 'penalty': 'l2'}. Best is trial 1 with value: 1.0.
[I 2025-05-15 08:07:25,729] Trial 6 finished with value: 1.0 and parameters: {'C': 0.320333470047146, 'penalty': 'l2'}. Best is trial 1 with value: 1.0.
[I 2025-05-15 08:07:25,752] Trial 7 finished with value: 0.9400000000000001 and parameters: {'C': 0.002292216671132896, 'penalty': 'l2'}. Best is trial 1 with value: 1.0.
[I 2025-05-15 08:07:25,777] Trial 8 finished with value: 0.9800000000000001 and parameters: {'C': 0.0219884643872214, 'penalty': 'l2'}. Best is trial 1 with value: 1.0.
[I 2025-05-15 08:07:25,802] Trial 9 finished with value: 1.0 and parameters: {'C': 0.31580027519646636, 'penalty': 'l2'}. Best is trial 1 with value: 1.0.
[I 2025-05-15 08:07:25,822] Trial 10 finished with value: 1.0 and parameters: {'C': 47.045226746887316, 'penalty': 'l2'}. Best is trial 1 with value: 1.0.
[I 2025-05-15 08:07:26,825] Trial 11 finished with value: 1.0 and parameters: {'C': 4.633527611292567, 'penalty': 'l2'}. Best is trial 1 with value: 1.0.
[I 2025-05-15 08:07:27,924] Trial 12 finished with value: 0.9800000000000001 and parameters: {'C': 0.025585296655532393, 'penalty': 'l2'}. Best is trial 1 with value: 1.0.
[I 2025-05-15 08:07:27,957] Trial 13 finished with value: 1.0 and parameters: {'C': 4.4447623889287895, 'penalty': 'l2'}. Best is trial 1 with value: 1.0.
[I 2025-05-15 08:07:27,989] Trial 14 finished with value: 0.9800000000000001 and parameters: {'C': 0.03859499117364653, 'penalty': 'l2'}. Best is trial 1 with value: 1.0.
[I 2025-05-15 08:07:28,030] Trial 15 finished with value: 1.0 and parameters: {'C': 1.243574620710053, 'penalty': 'l2'}. Best is trial 1 with value: 1.0.
[I 2025-05-15 08:07:28,065] Trial 16 finished with value: 1.0 and parameters: {'C': 13.281071643732659, 'penalty': 'l2'}. Best is trial 1 with value: 1.0.
[I 2025-05-15 08:07:28,096] Trial 17 finished with value: 1.0 and parameters: {'C': 0.10391491819178174, 'penalty': 'l2'}. Best is trial 1 with value: 1.0.
[I 2025-05-15 08:07:28,129] Trial 18 finished with value: 1.0 and parameters: {'C': 17.945604345898534, 'penalty': 'l2'}. Best is trial 1 with value: 1.0.
[I 2025-05-15 08:07:28,160] Trial 19 finished with value: 1.0 and parameters: {'C': 1.4842153446858102, 'penalty': 'l2'}. Best is trial 1 with value: 1.0.
[I 2025-05-15 08:07:28,185] Trial 20 finished with value: 1.0 and parameters: {'C': 0.07279057533839559, 'penalty': 'l2'}. Best is trial 1 with value: 1.0.
[I 2025-05-15 08:07:28,221] Trial 21 finished with value: 1.0 and parameters: {'C': 3.862840980301555, 'penalty': 'l2'}. Best is trial 1 with value: 1.0.
[I 2025-05-15 08:07:28,252] Trial 22 finished with value: 1.0 and parameters: {'C': 21.51552482483977, 'penalty': 'l2'}. Best is trial 1 with value: 1.0.
[I 2025-05-15 08:07:28,273] Trial 23 finished with value: 1.0 and parameters: {'C': 1.276445563834392, 'penalty': 'l2'}. Best is trial 1 with value: 1.0.
[I 2025-05-15 08:07:28,305] Trial 24 finished with value: 1.0 and parameters: {'C': 10.271628143311172, 'penalty': 'l2'}. Best is trial 1 with value: 1.0.
[I 2025-05-15 08:07:28,336] Trial 25 finished with value: 0.9400000000000001 and parameters: {'C': 0.0064818210668435025, 'penalty': 'l2'}. Best is trial 1 with value: 1.0.
[I 2025-05-15 08:07:28,356] Trial 26 finished with value: 1.0 and parameters: {'C': 0.18785300042181724, 'penalty': 'l2'}. Best is trial 1 with value: 1.0.
[I 2025-05-15 08:07:28,373] Trial 27 finished with value: 1.0 and parameters: {'C': 1.13503256739139, 'penalty': 'l2'}. Best is trial 1 with value: 1.0.
[I 2025-05-15 08:07:28,402] Trial 28 finished with value: 1.0 and parameters: {'C': 2.475463785536476, 'penalty': 'l2'}. Best is trial 1 with value: 1.0.
