[I 2025-05-15 07:38:07,329] Trial 15 finished with value: 0.5819444444444445 and parameters: {'n_estimators': 112, 'max_depth': 14, 'min_samples_split': 5, 'min_samples_leaf': 7}. Best is trial 14 with value: 0.6569444444444443.
[I 2025-05-15 07:38:07,908] Trial 16 finished with value: 0.5722222222222222 and parameters: {'n_estimators': 415, 'max_depth': 10, 'min_samples_split': 8, 'min_samples_leaf': 5}. Best is trial 14 with value: 0.6569444444444443.
[I 2025-05-15 07:38:08,339] Trial 17 finished with value: 0.6305555555555555 and parameters: {'n_estimators': 303, 'max_depth': 20, 'min_samples_split': 10, 'min_samples_leaf': 9}. Best is trial 14 with value: 0.6569444444444443.
[I 2025-05-15 07:38:08,724] Trial 18 finished with value: 0.5833333333333333 and parameters: {'n_estimators': 225, 'max_depth': 9, 'min_samples_split': 6, 'min_samples_leaf': 4}. Best is trial 14 with value: 0.6569444444444443.
[I 2025-05-15 07:38:08,986] Trial 19 finished with value: 0.5708333333333333 and parameters: {'n_estimators': 145, 'max_depth': 14, 'min_samples_split': 7, 'min_samples_leaf': 1}. Best is trial 14 with value: 0.6569444444444443.
[I 2025-05-15 07:38:09,510] Trial 20 finished with value: 0.6277777777777778 and parameters: {'n_estimators': 331, 'max_depth': 3, 'min_samples_split': 5, 'min_samples_leaf': 9}. Best is trial 14 with value: 0.6569444444444443.
[I 2025-05-15 07:38:10,003] Trial 21 finished with value: 0.6277777777777777 and parameters: {'n_estimators': 291, 'max_depth': 20, 'min_samples_split': 9, 'min_samples_leaf': 9}. Best is trial 14 with value: 0.6569444444444443.
[I 2025-05-15 07:38:10,652] Trial 22 finished with value: 0.5819444444444445 and parameters: {'n_estimators': 384, 'max_depth': 19, 'min_samples_split': 10, 'min_samples_leaf': 7}. Best is trial 14 with value: 0.6569444444444443.
[I 2025-05-15 07:38:11,225] Trial 23 finished with value: 0.6041666666666666 and parameters: {'n_estimators': 311, 'max_depth': 18, 'min_samples_split': 9, 'min_samples_leaf': 9}. Best is trial 14 with value: 0.6569444444444443.
[I 2025-05-15 07:38:11,668] Trial 24 finished with value: 0.6083333333333334 and parameters: {'n_estimators': 241, 'max_depth': 15, 'min_samples_split': 8, 'min_samples_leaf': 7}. Best is trial 14 with value: 0.6569444444444443.
[I 2025-05-15 07:38:12,286] Trial 25 finished with value: 0.5930555555555556 and parameters: {'n_estimators': 360, 'max_depth': 11, 'min_samples_split': 10, 'min_samples_leaf': 9}. Best is trial 14 with value: 0.6569444444444443.
[I 2025-05-15 07:38:12,738] Trial 26 finished with value: 0.6083333333333333 and parameters: {'n_estimators': 304, 'max_depth': 18, 'min_samples_split': 6, 'min_samples_leaf': 8}. Best is trial 14 with value: 0.6569444444444443.
[I 2025-05-15 07:38:13,142] Trial 27 finished with value: 0.6083333333333332 and parameters: {'n_estimators': 260, 'max_depth': 20, 'min_samples_split': 9, 'min_samples_leaf': 6}. Best is trial 14 with value: 0.6569444444444443.
[I 2025-05-15 07:38:13,486] Trial 28 finished with value: 0.5611111111111111 and parameters: {'n_estimators': 193, 'max_depth': 16, 'min_samples_split': 4, 'min_samples_leaf': 7}. Best is trial 14 with value: 0.6569444444444443.
[I 2025-05-15 07:38:13,773] Trial 29 finished with value: 0.6055555555555555 and parameters: {'n_estimators': 189, 'max_depth': 18, 'min_samples_split': 8, 'min_samples_leaf': 10}. Best is trial 14 with value: 0.6569444444444443.
[I 2025-05-15 07:38:17,425] A new study created in memory with name: svc
Parámetros guardados en checkpoint_adult_Doriginal_G/k_center/IPC_43/best_models_k_center_seed_5_space_original/rf_best_params.json


>>> Optuna tuning svc metodo k_center IPC 43 seed 5


[I 2025-05-15 07:38:21,108] Trial 0 finished with value: 0.45555555555555555 and parameters: {'C': 0.07726319876517104, 'gamma': 0.3040389504793042}. Best is trial 0 with value: 0.45555555555555555.
[I 2025-05-15 07:38:21,237] Trial 1 finished with value: 0.45555555555555555 and parameters: {'C': 0.06712381339142241, 'gamma': 0.47254549996710477}. Best is trial 0 with value: 0.45555555555555555.
[I 2025-05-15 07:38:21,264] Trial 2 finished with value: 0.3958333333333333 and parameters: {'C': 0.8987621100554035, 'gamma': 0.027988231123708972}. Best is trial 0 with value: 0.45555555555555555.
[I 2025-05-15 07:38:21,289] Trial 3 finished with value: 0.4180555555555555 and parameters: {'C': 11.5779435007655, 'gamma': 0.011848734045499056}. Best is trial 0 with value: 0.45555555555555555.
[I 2025-05-15 07:38:21,314] Trial 4 finished with value: 0.5111111111111111 and parameters: {'C': 0.1538870258903583, 'gamma': 0.0005634883151169033}. Best is trial 4 with value: 0.5111111111111111.
[I 2025-05-15 07:38:21,340] Trial 5 finished with value: 0.45555555555555555 and parameters: {'C': 0.021036092656561454, 'gamma': 0.08990030906808326}. Best is trial 4 with value: 0.5111111111111111.
[I 2025-05-15 07:38:21,365] Trial 6 finished with value: 0.5111111111111111 and parameters: {'C': 0.5824208201678516, 'gamma': 0.00042977333932534993}. Best is trial 4 with value: 0.5111111111111111.
[I 2025-05-15 07:38:21,390] Trial 7 finished with value: 0.45555555555555555 and parameters: {'C': 33.09391330085814, 'gamma': 0.001248377256719358}. Best is trial 4 with value: 0.5111111111111111.
[I 2025-05-15 07:38:21,416] Trial 8 finished with value: 0.5166666666666666 and parameters: {'C': 0.45387898639622015, 'gamma': 0.0015286910781809498}. Best is trial 8 with value: 0.5166666666666666.
[I 2025-05-15 07:38:21,441] Trial 9 finished with value: 0.40555555555555556 and parameters: {'C': 3.274550070431994, 'gamma': 0.02086177421469992}. Best is trial 8 with value: 0.5166666666666666.
[I 2025-05-15 07:38:21,475] Trial 10 finished with value: 0.5111111111111111 and parameters: {'C': 0.010224154274261767, 'gamma': 0.00011169190325543915}. Best is trial 8 with value: 0.5166666666666666.
[I 2025-05-15 07:38:22,349] Trial 11 finished with value: 0.5111111111111111 and parameters: {'C': 0.24023475113638668, 'gamma': 0.0019154194655790892}. Best is trial 8 with value: 0.5166666666666666.
[I 2025-05-15 07:38:23,181] Trial 12 finished with value: 0.5111111111111111 and parameters: {'C': 0.2115070974867037, 'gamma': 0.002370173372602351}. Best is trial 8 with value: 0.5166666666666666.
[I 2025-05-15 07:38:23,215] Trial 13 finished with value: 0.538888888888889 and parameters: {'C': 2.8842438095153238, 'gamma': 0.00019496322294684795}. Best is trial 13 with value: 0.538888888888889.
[I 2025-05-15 07:38:23,249] Trial 14 finished with value: 0.5736111111111111 and parameters: {'C': 6.025446614833631, 'gamma': 0.00010410657631139162}. Best is trial 14 with value: 0.5736111111111111.
[I 2025-05-15 07:38:23,282] Trial 15 finished with value: 0.5180555555555555 and parameters: {'C': 5.112035077512918, 'gamma': 0.00010049246733455315}. Best is trial 14 with value: 0.5736111111111111.
[I 2025-05-15 07:38:23,322] Trial 16 finished with value: 0.5125 and parameters: {'C': 60.150795276764015, 'gamma': 0.00028361912508906956}. Best is trial 14 with value: 0.5736111111111111.
[I 2025-05-15 07:38:24,332] Trial 17 finished with value: 0.48888888888888893 and parameters: {'C': 2.5668428525022757, 'gamma': 0.0059603957535583315}. Best is trial 14 with value: 0.5736111111111111.
[I 2025-05-15 07:38:24,363] Trial 18 finished with value: 0.5347222222222221 and parameters: {'C': 10.736677362561398, 'gamma': 0.00018137578386672801}. Best is trial 14 with value: 0.5736111111111111.
[I 2025-05-15 07:38:24,393] Trial 19 finished with value: 0.5027777777777778 and parameters: {'C': 14.322382056958748, 'gamma': 0.0006669824334171083}. Best is trial 14 with value: 0.5736111111111111.
[I 2025-05-15 07:38:24,423] Trial 20 finished with value: 0.49027777777777776 and parameters: {'C': 1.7507991768340112, 'gamma': 0.006637935534855078}. Best is trial 14 with value: 0.5736111111111111.
[I 2025-05-15 07:38:24,453] Trial 21 finished with value: 0.5472222222222222 and parameters: {'C': 8.552967653142101, 'gamma': 0.000217055715380118}. Best is trial 14 with value: 0.5736111111111111.
[I 2025-05-15 07:38:25,519] Trial 22 finished with value: 0.5472222222222222 and parameters: {'C': 6.347797439834119, 'gamma': 0.00022029334600022995}. Best is trial 14 with value: 0.5736111111111111.
[I 2025-05-15 07:38:25,541] Trial 23 finished with value: 0.5361111111111111 and parameters: {'C': 21.341951213993333, 'gamma': 0.0003215724915800507}. Best is trial 14 with value: 0.5736111111111111.
[I 2025-05-15 07:38:25,573] Trial 24 finished with value: 0.5375 and parameters: {'C': 6.727659821487032, 'gamma': 0.0005794084280161688}. Best is trial 14 with value: 0.5736111111111111.
[I 2025-05-15 07:38:25,614] Trial 25 finished with value: 0.525 and parameters: {'C': 88.77407664341389, 'gamma': 0.0001675742370307373}. Best is trial 14 with value: 0.5736111111111111.
[I 2025-05-15 07:38:25,659] Trial 26 finished with value: 0.5597222222222222 and parameters: {'C': 6.015662303608095, 'gamma': 0.0009335048517487554}. Best is trial 14 with value: 0.5736111111111111.
[I 2025-05-15 07:38:25,689] Trial 27 finished with value: 0.4194444444444444 and parameters: {'C': 30.068049383006734, 'gamma': 0.003358239212973597}. Best is trial 14 with value: 0.5736111111111111.
[I 2025-05-15 07:38:25,709] Trial 28 finished with value: 0.5472222222222222 and parameters: {'C': 1.3680476617734811, 'gamma': 0.0011652878820091787}. Best is trial 14 with value: 0.5736111111111111.
[I 2025-05-15 07:38:25,737] Trial 29 finished with value: 0.5361111111111111 and parameters: {'C': 4.099061348312256, 'gamma': 0.000622376963675946}. Best is trial 14 with value: 0.5736111111111111.
/data/home/rtabares/anaconda3/envs/pyth3.12/lib/python3.12/site-packages/xgboost/core.py:377: FutureWarning: Your system has an old version of glibc (< 2.28). We will stop supporting Linux distros with glibc older than 2.28 after **May 31, 2025**. Please upgrade to a recent Linux distro (with glibc >= 2.28) to use future versions of XGBoost.
Note: You have installed the 'manylinux2014' variant of XGBoost. Certain features such as GPU algorithms or federated learning are not available. To use these features, please upgrade to a recent Linux distro with glibc 2.28+, and install the 'manylinux_2_28' variant.
  warnings.warn(
[I 2025-05-15 07:38:32,751] A new study created in memory with name: logreg
Parámetros guardados en checkpoint_adult_Doriginal_G/k_center/IPC_43/best_models_k_center_seed_5_space_original/svc_best_params.json


>>> Optuna tuning logreg metodo k_center IPC 43 seed 5


[I 2025-05-15 07:38:35,399] Trial 0 finished with value: 0.5374999999999999 and parameters: {'C': 0.012881482725481003, 'penalty': 'l2'}. Best is trial 0 with value: 0.5374999999999999.
[I 2025-05-15 07:38:35,511] Trial 1 finished with value: 0.49305555555555564 and parameters: {'C': 22.576755560681583, 'penalty': 'l2'}. Best is trial 0 with value: 0.5374999999999999.
[I 2025-05-15 07:38:35,547] Trial 2 finished with value: 0.5374999999999999 and parameters: {'C': 0.010804278656839932, 'penalty': 'l2'}. Best is trial 0 with value: 0.5374999999999999.
[I 2025-05-15 07:38:35,633] Trial 3 finished with value: 0.5041666666666667 and parameters: {'C': 39.17910760336117, 'penalty': 'l2'}. Best is trial 0 with value: 0.5374999999999999.
[I 2025-05-15 07:38:35,658] Trial 4 finished with value: 0.49027777777777776 and parameters: {'C': 0.2767298094062571, 'penalty': 'l2'}. Best is trial 0 with value: 0.5374999999999999.
[I 2025-05-15 07:38:35,705] Trial 5 finished with value: 0.47777777777777775 and parameters: {'C': 1.1447728330837224, 'penalty': 'l2'}. Best is trial 0 with value: 0.5374999999999999.
[I 2025-05-15 07:38:35,783] Trial 6 finished with value: 0.5013888888888889 and parameters: {'C': 6.753661388238877, 'penalty': 'l2'}. Best is trial 0 with value: 0.5374999999999999.
[I 2025-05-15 07:38:35,827] Trial 7 finished with value: 0.4666666666666667 and parameters: {'C': 0.39092184460352974, 'penalty': 'l2'}. Best is trial 0 with value: 0.5374999999999999.
[I 2025-05-15 07:38:35,850] Trial 8 finished with value: 0.5138888888888888 and parameters: {'C': 0.03047912590082646, 'penalty': 'l2'}. Best is trial 0 with value: 0.5374999999999999.
[I 2025-05-15 07:38:35,883] Trial 9 finished with value: 0.548611111111111 and parameters: {'C': 0.008681727362499118, 'penalty': 'l2'}. Best is trial 9 with value: 0.548611111111111.
[I 2025-05-15 07:38:35,932] Trial 10 finished with value: 0.5847222222222223 and parameters: {'C': 0.0010131409464015342, 'penalty': 'l2'}. Best is trial 10 with value: 0.5847222222222223.
[I 2025-05-15 07:38:37,228] Trial 11 finished with value: 0.5847222222222223 and parameters: {'C': 0.0011003133502452927, 'penalty': 'l2'}. Best is trial 10 with value: 0.5847222222222223.
[I 2025-05-15 07:38:39,058] Trial 12 finished with value: 0.5722222222222222 and parameters: {'C': 0.0012432508343550152, 'penalty': 'l2'}. Best is trial 10 with value: 0.5847222222222223.
[I 2025-05-15 07:38:39,089] Trial 13 finished with value: 0.5597222222222222 and parameters: {'C': 0.0016299858064918278, 'penalty': 'l2'}. Best is trial 10 with value: 0.5847222222222223.
[I 2025-05-15 07:38:39,117] Trial 14 finished with value: 0.5847222222222223 and parameters: {'C': 0.0010026382827658207, 'penalty': 'l2'}. Best is trial 10 with value: 0.5847222222222223.
[I 2025-05-15 07:38:39,147] Trial 15 finished with value: 0.523611111111111 and parameters: {'C': 0.08458113232560437, 'penalty': 'l2'}. Best is trial 10 with value: 0.5847222222222223.
[I 2025-05-15 07:38:39,190] Trial 16 finished with value: 0.5361111111111111 and parameters: {'C': 0.0035823185600286542, 'penalty': 'l2'}. Best is trial 10 with value: 0.5847222222222223.
[I 2025-05-15 07:38:39,228] Trial 17 finished with value: 0.523611111111111 and parameters: {'C': 0.0539882537577037, 'penalty': 'l2'}. Best is trial 10 with value: 0.5847222222222223.
[I 2025-05-15 07:38:39,264] Trial 18 finished with value: 0.525 and parameters: {'C': 0.004845123708351054, 'penalty': 'l2'}. Best is trial 10 with value: 0.5847222222222223.
[I 2025-05-15 07:38:39,293] Trial 19 finished with value: 0.4888888888888888 and parameters: {'C': 1.582872090637487, 'penalty': 'l2'}. Best is trial 10 with value: 0.5847222222222223.
[I 2025-05-15 07:38:39,321] Trial 20 finished with value: 0.5138888888888888 and parameters: {'C': 0.028485558311760875, 'penalty': 'l2'}. Best is trial 10 with value: 0.5847222222222223.
[I 2025-05-15 07:38:39,348] Trial 21 finished with value: 0.5847222222222223 and parameters: {'C': 0.001011618937425868, 'penalty': 'l2'}. Best is trial 10 with value: 0.5847222222222223.
[I 2025-05-15 07:38:39,375] Trial 22 finished with value: 0.5597222222222222 and parameters: {'C': 0.0029469225565006384, 'penalty': 'l2'}. Best is trial 10 with value: 0.5847222222222223.
[I 2025-05-15 07:38:40,710] Trial 23 finished with value: 0.5597222222222222 and parameters: {'C': 0.002983773638901376, 'penalty': 'l2'}. Best is trial 10 with value: 0.5847222222222223.
[I 2025-05-15 07:38:40,748] Trial 24 finished with value: 0.5847222222222223 and parameters: {'C': 0.0010101152710852769, 'penalty': 'l2'}. Best is trial 10 with value: 0.5847222222222223.
[I 2025-05-15 07:38:40,785] Trial 25 finished with value: 0.5375 and parameters: {'C': 0.007363120925461648, 'penalty': 'l2'}. Best is trial 10 with value: 0.5847222222222223.
[I 2025-05-15 07:38:40,811] Trial 26 finished with value: 0.5138888888888888 and parameters: {'C': 0.021100805440807256, 'penalty': 'l2'}. Best is trial 10 with value: 0.5847222222222223.
[I 2025-05-15 07:38:40,837] Trial 27 finished with value: 0.5125 and parameters: {'C': 0.11509692901450884, 'penalty': 'l2'}. Best is trial 10 with value: 0.5847222222222223.
[I 2025-05-15 07:38:40,884] Trial 28 finished with value: 0.5597222222222222 and parameters: {'C': 0.0018695191496969524, 'penalty': 'l2'}. Best is trial 10 with value: 0.5847222222222223.
[I 2025-05-15 07:38:40,910] Trial 29 finished with value: 0.5374999999999999 and parameters: {'C': 0.012471704066183946, 'penalty': 'l2'}. Best is trial 10 with value: 0.5847222222222223.
/data/home/rtabares/anaconda3/envs/pyth3.12/lib/python3.12/site-packages/xgboost/core.py:377: FutureWarning: Your system has an old version of glibc (< 2.28). We will stop supporting Linux distros with glibc older than 2.28 after **May 31, 2025**. Please upgrade to a recent Linux distro (with glibc >= 2.28) to use future versions of XGBoost.
Note: You have installed the 'manylinux2014' variant of XGBoost. Certain features such as GPU algorithms or federated learning are not available. To use these features, please upgrade to a recent Linux distro with glibc 2.28+, and install the 'manylinux_2_28' variant.
  warnings.warn(
[I 2025-05-15 07:38:45,385] A new study created in memory with name: mlp
Parámetros guardados en checkpoint_adult_Doriginal_G/k_center/IPC_43/best_models_k_center_seed_5_space_original/logreg_best_params.json


>>> Optuna tuning mlp metodo k_center IPC 43 seed 5


/data/home/rtabares/anaconda3/envs/pyth3.12/lib/python3.12/site-packages/sklearn/neural_network/_multilayer_perceptron.py:691: ConvergenceWarning: Stochastic Optimizer: Maximum iterations (50) reached and the optimization hasn't converged yet.
  warnings.warn(
/data/home/rtabares/anaconda3/envs/pyth3.12/lib/python3.12/site-packages/sklearn/neural_network/_multilayer_perceptron.py:691: ConvergenceWarning: Stochastic Optimizer: Maximum iterations (50) reached and the optimization hasn't converged yet.
  warnings.warn(
/data/home/rtabares/anaconda3/envs/pyth3.12/lib/python3.12/site-packages/sklearn/neural_network/_multilayer_perceptron.py:691: ConvergenceWarning: Stochastic Optimizer: Maximum iterations (50) reached and the optimization hasn't converged yet.
  warnings.warn(
/data/home/rtabares/anaconda3/envs/pyth3.12/lib/python3.12/site-packages/sklearn/neural_network/_multilayer_perceptron.py:691: ConvergenceWarning: Stochastic Optimizer: Maximum iterations (50) reached and the optimization hasn't converged yet.
  warnings.warn(
/data/home/rtabares/anaconda3/envs/pyth3.12/lib/python3.12/site-packages/sklearn/neural_network/_multilayer_perceptron.py:691: ConvergenceWarning: Stochastic Optimizer: Maximum iterations (50) reached and the optimization hasn't converged yet.
  warnings.warn(
[I 2025-05-15 07:38:49,918] Trial 0 finished with value: 0.4652777777777778 and parameters: {'hidden_layer_sizes': (200,), 'max_iter': 50, 'alpha': 0.001}. Best is trial 0 with value: 0.4652777777777778.
/data/home/rtabares/anaconda3/envs/pyth3.12/lib/python3.12/site-packages/sklearn/neural_network/_multilayer_perceptron.py:691: ConvergenceWarning: Stochastic Optimizer: Maximum iterations (100) reached and the optimization hasn't converged yet.
  warnings.warn(
/data/home/rtabares/anaconda3/envs/pyth3.12/lib/python3.12/site-packages/sklearn/neural_network/_multilayer_perceptron.py:691: ConvergenceWarning: Stochastic Optimizer: Maximum iterations (100) reached and the optimization hasn't converged yet.
  warnings.warn(
/data/home/rtabares/anaconda3/envs/pyth3.12/lib/python3.12/site-packages/sklearn/neural_network/_multilayer_perceptron.py:691: ConvergenceWarning: Stochastic Optimizer: Maximum iterations (100) reached and the optimization hasn't converged yet.
  warnings.warn(
/data/home/rtabares/anaconda3/envs/pyth3.12/lib/python3.12/site-packages/sklearn/neural_network/_multilayer_perceptron.py:691: ConvergenceWarning: Stochastic Optimizer: Maximum iterations (100) reached and the optimization hasn't converged yet.
  warnings.warn(
/data/home/rtabares/anaconda3/envs/pyth3.12/lib/python3.12/site-packages/sklearn/neural_network/_multilayer_perceptron.py:691: ConvergenceWarning: Stochastic Optimizer: Maximum iterations (100) reached and the optimization hasn't converged yet.
  warnings.warn(
[I 2025-05-15 07:38:50,187] Trial 1 finished with value: 0.43194444444444446 and parameters: {'hidden_layer_sizes': (100,), 'max_iter': 100, 'alpha': 0.0001}. Best is trial 0 with value: 0.4652777777777778.
/data/home/rtabares/anaconda3/envs/pyth3.12/lib/python3.12/site-packages/sklearn/neural_network/_multilayer_perceptron.py:691: ConvergenceWarning: Stochastic Optimizer: Maximum iterations (100) reached and the optimization hasn't converged yet.
  warnings.warn(
/data/home/rtabares/anaconda3/envs/pyth3.12/lib/python3.12/site-packages/sklearn/neural_network/_multilayer_perceptron.py:691: ConvergenceWarning: Stochastic Optimizer: Maximum iterations (100) reached and the optimization hasn't converged yet.
  warnings.warn(
/data/home/rtabares/anaconda3/envs/pyth3.12/lib/python3.12/site-packages/sklearn/neural_network/_multilayer_perceptron.py:691: ConvergenceWarning: Stochastic Optimizer: Maximum iterations (100) reached and the optimization hasn't converged yet.
  warnings.warn(
/data/home/rtabares/anaconda3/envs/pyth3.12/lib/python3.12/site-packages/sklearn/neural_network/_multilayer_perceptron.py:691: ConvergenceWarning: Stochastic Optimizer: Maximum iterations (100) reached and the optimization hasn't converged yet.
  warnings.warn(
/data/home/rtabares/anaconda3/envs/pyth3.12/lib/python3.12/site-packages/sklearn/neural_network/_multilayer_perceptron.py:691: ConvergenceWarning: Stochastic Optimizer: Maximum iterations (100) reached and the optimization hasn't converged yet.
  warnings.warn(
