[I 2025-05-15 08:12:44,064] Trial 18 finished with value: 0.6763888888888887 and parameters: {'C': 17.316323356735534, 'gamma': 0.03320384586751046}. Best is trial 12 with value: 0.8055555555555556.
[I 2025-05-15 08:12:44,083] Trial 19 finished with value: 0.7569444444444444 and parameters: {'C': 23.991893588044423, 'gamma': 0.0031748500665342433}. Best is trial 12 with value: 0.8055555555555556.
[I 2025-05-15 08:12:44,112] Trial 20 finished with value: 0.6194444444444444 and parameters: {'C': 4.3387005511317716, 'gamma': 0.0006003004387374661}. Best is trial 12 with value: 0.8055555555555556.
[I 2025-05-15 08:12:44,132] Trial 21 finished with value: 0.7916666666666666 and parameters: {'C': 11.380011023537667, 'gamma': 0.003644288033460832}. Best is trial 12 with value: 0.8055555555555556.
[I 2025-05-15 08:12:44,163] Trial 22 finished with value: 0.7680555555555555 and parameters: {'C': 32.49855708776527, 'gamma': 0.0038220277115879942}. Best is trial 12 with value: 0.8055555555555556.
[I 2025-05-15 08:12:44,193] Trial 23 finished with value: 0.8166666666666667 and parameters: {'C': 7.547758505129091, 'gamma': 0.001739885770925024}. Best is trial 23 with value: 0.8166666666666667.
[I 2025-05-15 08:12:44,990] Trial 24 finished with value: 0.5111111111111111 and parameters: {'C': 2.0913717024878746, 'gamma': 0.00040707375289136816}. Best is trial 23 with value: 0.8166666666666667.
[I 2025-05-15 08:12:45,023] Trial 25 finished with value: 0.8055555555555556 and parameters: {'C': 6.787626790835796, 'gamma': 0.001715105512187926}. Best is trial 23 with value: 0.8166666666666667.
[I 2025-05-15 08:12:45,068] Trial 26 finished with value: 0.5111111111111111 and parameters: {'C': 2.3039269251834287, 'gamma': 0.0002840378173348497}. Best is trial 23 with value: 0.8166666666666667.
[I 2025-05-15 08:12:45,102] Trial 27 finished with value: 0.7569444444444444 and parameters: {'C': 39.09427698811003, 'gamma': 0.0018513889635651444}. Best is trial 23 with value: 0.8166666666666667.
[I 2025-05-15 08:12:45,134] Trial 28 finished with value: 0.5111111111111111 and parameters: {'C': 1.168486371606231, 'gamma': 0.0006226382730742539}. Best is trial 23 with value: 0.8166666666666667.
[I 2025-05-15 08:12:45,161] Trial 29 finished with value: 0.5444444444444445 and parameters: {'C': 0.024683504005058293, 'gamma': 0.011636914058259928}. Best is trial 23 with value: 0.8166666666666667.
/data/home/rtabares/anaconda3/envs/pyth3.12/lib/python3.12/site-packages/xgboost/core.py:377: FutureWarning: Your system has an old version of glibc (< 2.28). We will stop supporting Linux distros with glibc older than 2.28 after **May 31, 2025**. Please upgrade to a recent Linux distro (with glibc >= 2.28) to use future versions of XGBoost.
Note: You have installed the 'manylinux2014' variant of XGBoost. Certain features such as GPU algorithms or federated learning are not available. To use these features, please upgrade to a recent Linux distro with glibc 2.28+, and install the 'manylinux_2_28' variant.
  warnings.warn(
[I 2025-05-15 08:12:52,883] A new study created in memory with name: logreg
Parámetros guardados en checkpoint_adult_Doriginal_G/ag/IPC_43/best_models_ag_seed_7_space_original/svc_best_params.json


>>> Optuna tuning logreg metodo ag IPC 43 seed 7


[I 2025-05-15 08:12:55,188] Trial 0 finished with value: 0.7277777777777777 and parameters: {'C': 0.002407362254570802, 'penalty': 'l2'}. Best is trial 0 with value: 0.7277777777777777.
[I 2025-05-15 08:12:55,346] Trial 1 finished with value: 0.7958333333333333 and parameters: {'C': 7.935859334260497, 'penalty': 'l2'}. Best is trial 1 with value: 0.7958333333333333.
[I 2025-05-15 08:12:55,383] Trial 2 finished with value: 0.7805555555555556 and parameters: {'C': 0.15561310098067915, 'penalty': 'l2'}. Best is trial 1 with value: 0.7958333333333333.
[I 2025-05-15 08:12:55,407] Trial 3 finished with value: 0.7597222222222222 and parameters: {'C': 4.143104515916128, 'penalty': 'l2'}. Best is trial 1 with value: 0.7958333333333333.
[I 2025-05-15 08:12:55,441] Trial 4 finished with value: 0.851388888888889 and parameters: {'C': 77.61533923098803, 'penalty': 'l2'}. Best is trial 4 with value: 0.851388888888889.
[I 2025-05-15 08:12:55,467] Trial 5 finished with value: 0.7569444444444444 and parameters: {'C': 0.49258292359934785, 'penalty': 'l2'}. Best is trial 4 with value: 0.851388888888889.
[I 2025-05-15 08:12:55,481] Trial 6 finished with value: 0.7680555555555555 and parameters: {'C': 0.320333470047146, 'penalty': 'l2'}. Best is trial 4 with value: 0.851388888888889.
[I 2025-05-15 08:12:55,505] Trial 7 finished with value: 0.7277777777777777 and parameters: {'C': 0.002292216671132896, 'penalty': 'l2'}. Best is trial 4 with value: 0.851388888888889.
[I 2025-05-15 08:12:55,527] Trial 8 finished with value: 0.7833333333333333 and parameters: {'C': 0.0219884643872214, 'penalty': 'l2'}. Best is trial 4 with value: 0.851388888888889.
[I 2025-05-15 08:12:55,540] Trial 9 finished with value: 0.7680555555555555 and parameters: {'C': 0.31580027519646636, 'penalty': 'l2'}. Best is trial 4 with value: 0.851388888888889.
[I 2025-05-15 08:12:55,592] Trial 10 finished with value: 0.851388888888889 and parameters: {'C': 53.54776778233864, 'penalty': 'l2'}. Best is trial 4 with value: 0.851388888888889.
[I 2025-05-15 08:12:56,665] Trial 11 finished with value: 0.8402777777777779 and parameters: {'C': 47.207028224457765, 'penalty': 'l2'}. Best is trial 4 with value: 0.851388888888889.
[I 2025-05-15 08:12:57,685] Trial 12 finished with value: 0.851388888888889 and parameters: {'C': 84.28882143282867, 'penalty': 'l2'}. Best is trial 4 with value: 0.851388888888889.
[I 2025-05-15 08:12:57,729] Trial 13 finished with value: 0.8069444444444442 and parameters: {'C': 12.634985691735606, 'penalty': 'l2'}. Best is trial 4 with value: 0.851388888888889.
[I 2025-05-15 08:12:57,762] Trial 14 finished with value: 0.7347222222222223 and parameters: {'C': 3.1158784985469734, 'penalty': 'l2'}. Best is trial 4 with value: 0.851388888888889.
[I 2025-05-15 08:12:57,835] Trial 15 finished with value: 0.8041666666666665 and parameters: {'C': 22.300760773709367, 'penalty': 'l2'}. Best is trial 4 with value: 0.851388888888889.
[I 2025-05-15 08:12:57,871] Trial 16 finished with value: 0.7458333333333333 and parameters: {'C': 2.3157702229693666, 'penalty': 'l2'}. Best is trial 4 with value: 0.851388888888889.
[I 2025-05-15 08:12:57,927] Trial 17 finished with value: 0.851388888888889 and parameters: {'C': 81.1514814361005, 'penalty': 'l2'}. Best is trial 4 with value: 0.851388888888889.
[I 2025-05-15 08:12:57,952] Trial 18 finished with value: 0.8041666666666665 and parameters: {'C': 25.793206421718693, 'penalty': 'l2'}. Best is trial 4 with value: 0.851388888888889.
[I 2025-05-15 08:12:57,979] Trial 19 finished with value: 0.7569444444444444 and parameters: {'C': 1.3224661232204953, 'penalty': 'l2'}. Best is trial 4 with value: 0.851388888888889.
[I 2025-05-15 08:12:58,023] Trial 20 finished with value: 0.7958333333333333 and parameters: {'C': 7.093684305018916, 'penalty': 'l2'}. Best is trial 4 with value: 0.851388888888889.
[I 2025-05-15 08:12:58,070] Trial 21 finished with value: 0.851388888888889 and parameters: {'C': 86.97196744580621, 'penalty': 'l2'}. Best is trial 4 with value: 0.851388888888889.
[I 2025-05-15 08:12:58,101] Trial 22 finished with value: 0.8152777777777779 and parameters: {'C': 30.71574397679842, 'penalty': 'l2'}. Best is trial 4 with value: 0.851388888888889.
[I 2025-05-15 08:12:58,152] Trial 23 finished with value: 0.851388888888889 and parameters: {'C': 97.69645878063962, 'penalty': 'l2'}. Best is trial 4 with value: 0.851388888888889.
[I 2025-05-15 08:12:59,071] Trial 24 finished with value: 0.8055555555555556 and parameters: {'C': 0.05997555457619471, 'penalty': 'l2'}. Best is trial 4 with value: 0.851388888888889.
[I 2025-05-15 08:12:59,100] Trial 25 finished with value: 0.8069444444444442 and parameters: {'C': 12.39100177997624, 'penalty': 'l2'}. Best is trial 4 with value: 0.851388888888889.
[I 2025-05-15 08:12:59,139] Trial 26 finished with value: 0.8152777777777779 and parameters: {'C': 43.97320698341409, 'penalty': 'l2'}. Best is trial 4 with value: 0.851388888888889.
[I 2025-05-15 08:12:59,174] Trial 27 finished with value: 0.7569444444444444 and parameters: {'C': 1.0073959580861522, 'penalty': 'l2'}. Best is trial 4 with value: 0.851388888888889.
[I 2025-05-15 08:12:59,213] Trial 28 finished with value: 0.8180555555555553 and parameters: {'C': 15.096359612800159, 'penalty': 'l2'}. Best is trial 4 with value: 0.851388888888889.
[I 2025-05-15 08:12:59,249] Trial 29 finished with value: 0.7833333333333332 and parameters: {'C': 0.011104103350344362, 'penalty': 'l2'}. Best is trial 4 with value: 0.851388888888889.
[I 2025-05-15 08:13:04,484] A new study created in memory with name: mlp
Parámetros guardados en checkpoint_adult_Doriginal_G/ag/IPC_43/best_models_ag_seed_7_space_original/logreg_best_params.json


>>> Optuna tuning mlp metodo ag IPC 43 seed 7


/data/home/rtabares/anaconda3/envs/pyth3.12/lib/python3.12/site-packages/sklearn/neural_network/_multilayer_perceptron.py:691: ConvergenceWarning: Stochastic Optimizer: Maximum iterations (100) reached and the optimization hasn't converged yet.
  warnings.warn(
/data/home/rtabares/anaconda3/envs/pyth3.12/lib/python3.12/site-packages/sklearn/neural_network/_multilayer_perceptron.py:691: ConvergenceWarning: Stochastic Optimizer: Maximum iterations (100) reached and the optimization hasn't converged yet.
  warnings.warn(
/data/home/rtabares/anaconda3/envs/pyth3.12/lib/python3.12/site-packages/sklearn/neural_network/_multilayer_perceptron.py:691: ConvergenceWarning: Stochastic Optimizer: Maximum iterations (100) reached and the optimization hasn't converged yet.
  warnings.warn(
/data/home/rtabares/anaconda3/envs/pyth3.12/lib/python3.12/site-packages/sklearn/neural_network/_multilayer_perceptron.py:691: ConvergenceWarning: Stochastic Optimizer: Maximum iterations (100) reached and the optimization hasn't converged yet.
  warnings.warn(
/data/home/rtabares/anaconda3/envs/pyth3.12/lib/python3.12/site-packages/sklearn/neural_network/_multilayer_perceptron.py:691: ConvergenceWarning: Stochastic Optimizer: Maximum iterations (100) reached and the optimization hasn't converged yet.
  warnings.warn(
[I 2025-05-15 08:13:06,175] Trial 0 finished with value: 0.7 and parameters: {'hidden_layer_sizes': (200,), 'max_iter': 100, 'alpha': 0.0001}. Best is trial 0 with value: 0.7.
/data/home/rtabares/anaconda3/envs/pyth3.12/lib/python3.12/site-packages/sklearn/neural_network/_multilayer_perceptron.py:691: ConvergenceWarning: Stochastic Optimizer: Maximum iterations (100) reached and the optimization hasn't converged yet.
  warnings.warn(
/data/home/rtabares/anaconda3/envs/pyth3.12/lib/python3.12/site-packages/sklearn/neural_network/_multilayer_perceptron.py:691: ConvergenceWarning: Stochastic Optimizer: Maximum iterations (100) reached and the optimization hasn't converged yet.
  warnings.warn(
/data/home/rtabares/anaconda3/envs/pyth3.12/lib/python3.12/site-packages/sklearn/neural_network/_multilayer_perceptron.py:691: ConvergenceWarning: Stochastic Optimizer: Maximum iterations (100) reached and the optimization hasn't converged yet.
  warnings.warn(
/data/home/rtabares/anaconda3/envs/pyth3.12/lib/python3.12/site-packages/sklearn/neural_network/_multilayer_perceptron.py:691: ConvergenceWarning: Stochastic Optimizer: Maximum iterations (100) reached and the optimization hasn't converged yet.
  warnings.warn(
/data/home/rtabares/anaconda3/envs/pyth3.12/lib/python3.12/site-packages/sklearn/neural_network/_multilayer_perceptron.py:691: ConvergenceWarning: Stochastic Optimizer: Maximum iterations (100) reached and the optimization hasn't converged yet.
  warnings.warn(
[I 2025-05-15 08:13:06,417] Trial 1 finished with value: 0.6666666666666666 and parameters: {'hidden_layer_sizes': (100, 100), 'max_iter': 100, 'alpha': 0.0001}. Best is trial 0 with value: 0.7.
/data/home/rtabares/anaconda3/envs/pyth3.12/lib/python3.12/site-packages/sklearn/neural_network/_multilayer_perceptron.py:691: ConvergenceWarning: Stochastic Optimizer: Maximum iterations (100) reached and the optimization hasn't converged yet.
  warnings.warn(
/data/home/rtabares/anaconda3/envs/pyth3.12/lib/python3.12/site-packages/sklearn/neural_network/_multilayer_perceptron.py:691: ConvergenceWarning: Stochastic Optimizer: Maximum iterations (100) reached and the optimization hasn't converged yet.
  warnings.warn(
/data/home/rtabares/anaconda3/envs/pyth3.12/lib/python3.12/site-packages/sklearn/neural_network/_multilayer_perceptron.py:691: ConvergenceWarning: Stochastic Optimizer: Maximum iterations (100) reached and the optimization hasn't converged yet.
  warnings.warn(
/data/home/rtabares/anaconda3/envs/pyth3.12/lib/python3.12/site-packages/sklearn/neural_network/_multilayer_perceptron.py:691: ConvergenceWarning: Stochastic Optimizer: Maximum iterations (100) reached and the optimization hasn't converged yet.
  warnings.warn(
/data/home/rtabares/anaconda3/envs/pyth3.12/lib/python3.12/site-packages/sklearn/neural_network/_multilayer_perceptron.py:691: ConvergenceWarning: Stochastic Optimizer: Maximum iterations (100) reached and the optimization hasn't converged yet.
  warnings.warn(
[I 2025-05-15 08:13:06,544] Trial 2 finished with value: 0.6874999999999998 and parameters: {'hidden_layer_sizes': (200,), 'max_iter': 100, 'alpha': 0.001}. Best is trial 0 with value: 0.7.
/data/home/rtabares/anaconda3/envs/pyth3.12/lib/python3.12/site-packages/sklearn/neural_network/_multilayer_perceptron.py:691: ConvergenceWarning: Stochastic Optimizer: Maximum iterations (50) reached and the optimization hasn't converged yet.
  warnings.warn(
/data/home/rtabares/anaconda3/envs/pyth3.12/lib/python3.12/site-packages/sklearn/neural_network/_multilayer_perceptron.py:691: ConvergenceWarning: Stochastic Optimizer: Maximum iterations (50) reached and the optimization hasn't converged yet.
  warnings.warn(
/data/home/rtabares/anaconda3/envs/pyth3.12/lib/python3.12/site-packages/sklearn/neural_network/_multilayer_perceptron.py:691: ConvergenceWarning: Stochastic Optimizer: Maximum iterations (50) reached and the optimization hasn't converged yet.
  warnings.warn(
/data/home/rtabares/anaconda3/envs/pyth3.12/lib/python3.12/site-packages/sklearn/neural_network/_multilayer_perceptron.py:691: ConvergenceWarning: Stochastic Optimizer: Maximum iterations (50) reached and the optimization hasn't converged yet.
  warnings.warn(
/data/home/rtabares/anaconda3/envs/pyth3.12/lib/python3.12/site-packages/sklearn/neural_network/_multilayer_perceptron.py:691: ConvergenceWarning: Stochastic Optimizer: Maximum iterations (50) reached and the optimization hasn't converged yet.
  warnings.warn(
[I 2025-05-15 08:13:06,615] Trial 3 finished with value: 0.8041666666666666 and parameters: {'hidden_layer_sizes': (100,), 'max_iter': 50, 'alpha': 0.001}. Best is trial 3 with value: 0.8041666666666666.
/data/home/rtabares/anaconda3/envs/pyth3.12/lib/python3.12/site-packages/sklearn/neural_network/_multilayer_perceptron.py:691: ConvergenceWarning: Stochastic Optimizer: Maximum iterations (50) reached and the optimization hasn't converged yet.
  warnings.warn(
/data/home/rtabares/anaconda3/envs/pyth3.12/lib/python3.12/site-packages/sklearn/neural_network/_multilayer_perceptron.py:691: ConvergenceWarning: Stochastic Optimizer: Maximum iterations (50) reached and the optimization hasn't converged yet.
  warnings.warn(
/data/home/rtabares/anaconda3/envs/pyth3.12/lib/python3.12/site-packages/sklearn/neural_network/_multilayer_perceptron.py:691: ConvergenceWarning: Stochastic Optimizer: Maximum iterations (50) reached and the optimization hasn't converged yet.
  warnings.warn(
/data/home/rtabares/anaconda3/envs/pyth3.12/lib/python3.12/site-packages/sklearn/neural_network/_multilayer_perceptron.py:691: ConvergenceWarning: Stochastic Optimizer: Maximum iterations (50) reached and the optimization hasn't converged yet.
  warnings.warn(
/data/home/rtabares/anaconda3/envs/pyth3.12/lib/python3.12/site-packages/sklearn/neural_network/_multilayer_perceptron.py:691: ConvergenceWarning: Stochastic Optimizer: Maximum iterations (50) reached and the optimization hasn't converged yet.
  warnings.warn(
[I 2025-05-15 08:13:06,674] Trial 4 finished with value: 0.7791666666666666 and parameters: {'hidden_layer_sizes': (100,), 'max_iter': 50, 'alpha': 0.0001}. Best is trial 3 with value: 0.8041666666666666.
/data/home/rtabares/anaconda3/envs/pyth3.12/lib/python3.12/site-packages/sklearn/neural_network/_multilayer_perceptron.py:691: ConvergenceWarning: Stochastic Optimizer: Maximum iterations (50) reached and the optimization hasn't converged yet.
  warnings.warn(
/data/home/rtabares/anaconda3/envs/pyth3.12/lib/python3.12/site-packages/sklearn/neural_network/_multilayer_perceptron.py:691: ConvergenceWarning: Stochastic Optimizer: Maximum iterations (50) reached and the optimization hasn't converged yet.
  warnings.warn(
/data/home/rtabares/anaconda3/envs/pyth3.12/lib/python3.12/site-packages/sklearn/neural_network/_multilayer_perceptron.py:691: ConvergenceWarning: Stochastic Optimizer: Maximum iterations (50) reached and the optimization hasn't converged yet.
  warnings.warn(
/data/home/rtabares/anaconda3/envs/pyth3.12/lib/python3.12/site-packages/sklearn/neural_network/_multilayer_perceptron.py:691: ConvergenceWarning: Stochastic Optimizer: Maximum iterations (50) reached and the optimization hasn't converged yet.
  warnings.warn(
/data/home/rtabares/anaconda3/envs/pyth3.12/lib/python3.12/site-packages/sklearn/neural_network/_multilayer_perceptron.py:691: ConvergenceWarning: Stochastic Optimizer: Maximum iterations (50) reached and the optimization hasn't converged yet.
  warnings.warn(
[I 2025-05-15 08:13:06,732] Trial 5 finished with value: 0.7930555555555555 and parameters: {'hidden_layer_sizes': (100,), 'max_iter': 50, 'alpha': 0.0001}. Best is trial 3 with value: 0.8041666666666666.
/data/home/rtabares/anaconda3/envs/pyth3.12/lib/python3.12/site-packages/sklearn/neural_network/_multilayer_perceptron.py:691: ConvergenceWarning: Stochastic Optimizer: Maximum iterations (50) reached and the optimization hasn't converged yet.
  warnings.warn(
/data/home/rtabares/anaconda3/envs/pyth3.12/lib/python3.12/site-packages/sklearn/neural_network/_multilayer_perceptron.py:691: ConvergenceWarning: Stochastic Optimizer: Maximum iterations (50) reached and the optimization hasn't converged yet.
  warnings.warn(
/data/home/rtabares/anaconda3/envs/pyth3.12/lib/python3.12/site-packages/sklearn/neural_network/_multilayer_perceptron.py:691: ConvergenceWarning: Stochastic Optimizer: Maximum iterations (50) reached and the optimization hasn't converged yet.
  warnings.warn(
/data/home/rtabares/anaconda3/envs/pyth3.12/lib/python3.12/site-packages/sklearn/neural_network/_multilayer_perceptron.py:691: ConvergenceWarning: Stochastic Optimizer: Maximum iterations (50) reached and the optimization hasn't converged yet.
  warnings.warn(
/data/home/rtabares/anaconda3/envs/pyth3.12/lib/python3.12/site-packages/sklearn/neural_network/_multilayer_perceptron.py:691: ConvergenceWarning: Stochastic Optimizer: Maximum iterations (50) reached and the optimization hasn't converged yet.
  warnings.warn(
[I 2025-05-15 08:13:06,785] Trial 6 finished with value: 0.7805555555555556 and parameters: {'hidden_layer_sizes': (100,), 'max_iter': 50, 'alpha': 0.0001}. Best is trial 3 with value: 0.8041666666666666.
/data/home/rtabares/anaconda3/envs/pyth3.12/lib/python3.12/site-packages/sklearn/neural_network/_multilayer_perceptron.py:691: ConvergenceWarning: Stochastic Optimizer: Maximum iterations (50) reached and the optimization hasn't converged yet.
  warnings.warn(
/data/home/rtabares/anaconda3/envs/pyth3.12/lib/python3.12/site-packages/sklearn/neural_network/_multilayer_perceptron.py:691: ConvergenceWarning: Stochastic Optimizer: Maximum iterations (50) reached and the optimization hasn't converged yet.
  warnings.warn(
/data/home/rtabares/anaconda3/envs/pyth3.12/lib/python3.12/site-packages/sklearn/neural_network/_multilayer_perceptron.py:691: ConvergenceWarning: Stochastic Optimizer: Maximum iterations (50) reached and the optimization hasn't converged yet.
  warnings.warn(
/data/home/rtabares/anaconda3/envs/pyth3.12/lib/python3.12/site-packages/sklearn/neural_network/_multilayer_perceptron.py:691: ConvergenceWarning: Stochastic Optimizer: Maximum iterations (50) reached and the optimization hasn't converged yet.
  warnings.warn(
/data/home/rtabares/anaconda3/envs/pyth3.12/lib/python3.12/site-packages/sklearn/neural_network/_multilayer_perceptron.py:691: ConvergenceWarning: Stochastic Optimizer: Maximum iterations (50) reached and the optimization hasn't converged yet.
  warnings.warn(
