[I 2025-05-15 07:26:59,443] Trial 0 finished with value: 0.6 and parameters: {'C': 0.07726319876517104, 'gamma': 0.3040389504793042}. Best is trial 0 with value: 0.6.
[I 2025-05-15 07:26:59,537] Trial 1 finished with value: 0.6 and parameters: {'C': 0.06712381339142241, 'gamma': 0.47254549996710477}. Best is trial 0 with value: 0.6.
[I 2025-05-15 07:26:59,563] Trial 2 finished with value: 1.0 and parameters: {'C': 0.8987621100554035, 'gamma': 0.027988231123708972}. Best is trial 2 with value: 1.0.
[I 2025-05-15 07:26:59,583] Trial 3 finished with value: 1.0 and parameters: {'C': 11.5779435007655, 'gamma': 0.011848734045499056}. Best is trial 2 with value: 1.0.
[I 2025-05-15 07:26:59,600] Trial 4 finished with value: 0.75 and parameters: {'C': 0.1538870258903583, 'gamma': 0.0005634883151169033}. Best is trial 2 with value: 1.0.
[I 2025-05-15 07:26:59,616] Trial 5 finished with value: 0.8 and parameters: {'C': 0.021036092656561454, 'gamma': 0.08990030906808326}. Best is trial 2 with value: 1.0.
[I 2025-05-15 07:26:59,639] Trial 6 finished with value: 0.75 and parameters: {'C': 0.5824208201678516, 'gamma': 0.00042977333932534993}. Best is trial 2 with value: 1.0.
[I 2025-05-15 07:26:59,664] Trial 7 finished with value: 1.0 and parameters: {'C': 33.09391330085814, 'gamma': 0.001248377256719358}. Best is trial 2 with value: 1.0.
[I 2025-05-15 07:26:59,679] Trial 8 finished with value: 0.8666666666666666 and parameters: {'C': 0.45387898639622015, 'gamma': 0.0015286910781809498}. Best is trial 2 with value: 1.0.
[I 2025-05-15 07:26:59,696] Trial 9 finished with value: 1.0 and parameters: {'C': 3.274550070431994, 'gamma': 0.02086177421469992}. Best is trial 2 with value: 1.0.
[I 2025-05-15 07:26:59,728] Trial 10 finished with value: 1.0 and parameters: {'C': 3.454225646092145, 'gamma': 0.04920330178902686}. Best is trial 2 with value: 1.0.
[I 2025-05-15 07:27:01,014] Trial 11 finished with value: 1.0 and parameters: {'C': 83.38338477130266, 'gamma': 0.006119939775279376}. Best is trial 2 with value: 1.0.
[I 2025-05-15 07:27:02,029] Trial 12 finished with value: 1.0 and parameters: {'C': 10.7020612074987, 'gamma': 0.007311990224281433}. Best is trial 2 with value: 1.0.
[I 2025-05-15 07:27:02,057] Trial 13 finished with value: 1.0 and parameters: {'C': 3.254660087479427, 'gamma': 0.09914832930087754}. Best is trial 2 with value: 1.0.
[I 2025-05-15 07:27:02,083] Trial 14 finished with value: 1.0 and parameters: {'C': 16.57466972880671, 'gamma': 0.00010410657631139162}. Best is trial 2 with value: 1.0.
[I 2025-05-15 07:27:02,104] Trial 15 finished with value: 1.0 and parameters: {'C': 2.118184447904824, 'gamma': 0.015816792889032042}. Best is trial 2 with value: 1.0.
[I 2025-05-15 07:27:02,127] Trial 16 finished with value: 1.0 and parameters: {'C': 1.141959600218389, 'gamma': 0.003162606911814318}. Best is trial 2 with value: 1.0.
[I 2025-05-15 07:27:02,152] Trial 17 finished with value: 1.0 and parameters: {'C': 8.258663822662369, 'gamma': 0.027502998238309952}. Best is trial 2 with value: 1.0.
[I 2025-05-15 07:27:02,184] Trial 18 finished with value: 0.7 and parameters: {'C': 0.35001936375585424, 'gamma': 0.1460232122825459}. Best is trial 2 with value: 1.0.
[I 2025-05-15 07:27:02,208] Trial 19 finished with value: 0.7 and parameters: {'C': 95.90757150812635, 'gamma': 0.8981496536972738}. Best is trial 2 with value: 1.0.
[I 2025-05-15 07:27:02,234] Trial 20 finished with value: 1.0 and parameters: {'C': 28.097081820076845, 'gamma': 0.040901610065481424}. Best is trial 2 with value: 1.0.
[I 2025-05-15 07:27:02,259] Trial 21 finished with value: 1.0 and parameters: {'C': 38.6829356676366, 'gamma': 0.001878171810847862}. Best is trial 2 with value: 1.0.
[I 2025-05-15 07:27:02,281] Trial 22 finished with value: 1.0 and parameters: {'C': 7.124871508197244, 'gamma': 0.008969542432397748}. Best is trial 2 with value: 1.0.
[I 2025-05-15 07:27:02,306] Trial 23 finished with value: 1.0 and parameters: {'C': 35.40383559726376, 'gamma': 0.0005551049484862289}. Best is trial 2 with value: 1.0.
[I 2025-05-15 07:27:03,065] Trial 24 finished with value: 1.0 and parameters: {'C': 1.2821253445709415, 'gamma': 0.0035258494944068876}. Best is trial 2 with value: 1.0.
[I 2025-05-15 07:27:03,091] Trial 25 finished with value: 0.95 and parameters: {'C': 5.634693379435852, 'gamma': 0.00017822853770143237}. Best is trial 2 with value: 1.0.
[I 2025-05-15 07:27:03,114] Trial 26 finished with value: 1.0 and parameters: {'C': 18.308499288097366, 'gamma': 0.001251480064250368}. Best is trial 2 with value: 1.0.
[I 2025-05-15 07:27:03,146] Trial 27 finished with value: 1.0 and parameters: {'C': 48.086068369986165, 'gamma': 0.015236393709979212}. Best is trial 2 with value: 1.0.
[I 2025-05-15 07:27:03,169] Trial 28 finished with value: 0.8 and parameters: {'C': 0.22907648789461763, 'gamma': 0.0031765175202052866}. Best is trial 2 with value: 1.0.
[I 2025-05-15 07:27:03,192] Trial 29 finished with value: 0.7 and parameters: {'C': 0.07261363573248379, 'gamma': 0.1827576700905745}. Best is trial 2 with value: 1.0.
[I 2025-05-15 07:27:09,583] A new study created in memory with name: logreg
Parámetros guardados en checkpoint_shoppers_Doriginal_F/lc/IPC_11/best_models_lc_seed_5_space_original/svc_best_params.json


>>> Optuna tuning logreg metodo lc IPC 11 seed 5


[I 2025-05-15 07:27:10,779] Trial 0 finished with value: 1.0 and parameters: {'C': 0.012881482725481003, 'penalty': 'l2'}. Best is trial 0 with value: 1.0.
[I 2025-05-15 07:27:10,794] Trial 1 finished with value: 1.0 and parameters: {'C': 22.576755560681583, 'penalty': 'l2'}. Best is trial 0 with value: 1.0.
[I 2025-05-15 07:27:10,817] Trial 2 finished with value: 1.0 and parameters: {'C': 0.010804278656839932, 'penalty': 'l2'}. Best is trial 0 with value: 1.0.
[I 2025-05-15 07:27:10,840] Trial 3 finished with value: 1.0 and parameters: {'C': 39.17910760336117, 'penalty': 'l2'}. Best is trial 0 with value: 1.0.
[I 2025-05-15 07:27:10,885] Trial 4 finished with value: 1.0 and parameters: {'C': 0.2767298094062571, 'penalty': 'l2'}. Best is trial 0 with value: 1.0.
[I 2025-05-15 07:27:10,909] Trial 5 finished with value: 1.0 and parameters: {'C': 1.1447728330837224, 'penalty': 'l2'}. Best is trial 0 with value: 1.0.
[I 2025-05-15 07:27:10,924] Trial 6 finished with value: 1.0 and parameters: {'C': 6.753661388238877, 'penalty': 'l2'}. Best is trial 0 with value: 1.0.
[I 2025-05-15 07:27:10,949] Trial 7 finished with value: 1.0 and parameters: {'C': 0.39092184460352974, 'penalty': 'l2'}. Best is trial 0 with value: 1.0.
[I 2025-05-15 07:27:10,969] Trial 8 finished with value: 1.0 and parameters: {'C': 0.03047912590082646, 'penalty': 'l2'}. Best is trial 0 with value: 1.0.
[I 2025-05-15 07:27:10,995] Trial 9 finished with value: 1.0 and parameters: {'C': 0.008681727362499118, 'penalty': 'l2'}. Best is trial 0 with value: 1.0.
[I 2025-05-15 07:27:11,025] Trial 10 finished with value: 0.9333333333333332 and parameters: {'C': 0.0010146302597657177, 'penalty': 'l2'}. Best is trial 0 with value: 1.0.
[I 2025-05-15 07:27:12,372] Trial 11 finished with value: 1.0 and parameters: {'C': 61.74667908323206, 'penalty': 'l2'}. Best is trial 0 with value: 1.0.
[I 2025-05-15 07:27:13,609] Trial 12 finished with value: 1.0 and parameters: {'C': 0.07806066539229185, 'penalty': 'l2'}. Best is trial 0 with value: 1.0.
[I 2025-05-15 07:27:13,645] Trial 13 finished with value: 1.0 and parameters: {'C': 4.948583609511714, 'penalty': 'l2'}. Best is trial 0 with value: 1.0.
[I 2025-05-15 07:27:13,665] Trial 14 finished with value: 0.9666666666666666 and parameters: {'C': 0.001040870868316403, 'penalty': 'l2'}. Best is trial 0 with value: 1.0.
[I 2025-05-15 07:27:13,702] Trial 15 finished with value: 1.0 and parameters: {'C': 7.01655100276303, 'penalty': 'l2'}. Best is trial 0 with value: 1.0.
[I 2025-05-15 07:27:13,747] Trial 16 finished with value: 1.0 and parameters: {'C': 0.007210574547652081, 'penalty': 'l2'}. Best is trial 0 with value: 1.0.
[I 2025-05-15 07:27:13,776] Trial 17 finished with value: 1.0 and parameters: {'C': 1.4752552821847151, 'penalty': 'l2'}. Best is trial 0 with value: 1.0.
[I 2025-05-15 07:27:13,798] Trial 18 finished with value: 1.0 and parameters: {'C': 0.05658298018503892, 'penalty': 'l2'}. Best is trial 0 with value: 1.0.
[I 2025-05-15 07:27:13,848] Trial 19 finished with value: 1.0 and parameters: {'C': 17.308995845007956, 'penalty': 'l2'}. Best is trial 0 with value: 1.0.
[I 2025-05-15 07:27:13,878] Trial 20 finished with value: 1.0 and parameters: {'C': 0.20111099144358968, 'penalty': 'l2'}. Best is trial 0 with value: 1.0.
[I 2025-05-15 07:27:13,915] Trial 21 finished with value: 1.0 and parameters: {'C': 0.009499348899473984, 'penalty': 'l2'}. Best is trial 0 with value: 1.0.
[I 2025-05-15 07:27:13,951] Trial 22 finished with value: 1.0 and parameters: {'C': 0.002507852613523972, 'penalty': 'l2'}. Best is trial 0 with value: 1.0.
[I 2025-05-15 07:27:13,986] Trial 23 finished with value: 1.0 and parameters: {'C': 0.020872598541866766, 'penalty': 'l2'}. Best is trial 0 with value: 1.0.
[I 2025-05-15 07:27:14,005] Trial 24 finished with value: 1.0 and parameters: {'C': 0.003100655081970181, 'penalty': 'l2'}. Best is trial 0 with value: 1.0.
[I 2025-05-15 07:27:14,061] Trial 25 finished with value: 1.0 and parameters: {'C': 0.14308327055214404, 'penalty': 'l2'}. Best is trial 0 with value: 1.0.
[I 2025-05-15 07:27:14,104] Trial 26 finished with value: 1.0 and parameters: {'C': 0.021100805440807256, 'penalty': 'l2'}. Best is trial 0 with value: 1.0.
[I 2025-05-15 07:27:14,133] Trial 27 finished with value: 1.0 and parameters: {'C': 0.7226969084565785, 'penalty': 'l2'}. Best is trial 0 with value: 1.0.
[I 2025-05-15 07:27:14,155] Trial 28 finished with value: 1.0 and parameters: {'C': 2.7390256543997475, 'penalty': 'l2'}. Best is trial 0 with value: 1.0.
[I 2025-05-15 07:27:14,193] Trial 29 finished with value: 1.0 and parameters: {'C': 87.43511457459678, 'penalty': 'l2'}. Best is trial 0 with value: 1.0.
/data/home/rtabares/anaconda3/envs/pyth3.12/lib/python3.12/site-packages/xgboost/core.py:377: FutureWarning: Your system has an old version of glibc (< 2.28). We will stop supporting Linux distros with glibc older than 2.28 after **May 31, 2025**. Please upgrade to a recent Linux distro (with glibc >= 2.28) to use future versions of XGBoost.
Note: You have installed the 'manylinux2014' variant of XGBoost. Certain features such as GPU algorithms or federated learning are not available. To use these features, please upgrade to a recent Linux distro with glibc 2.28+, and install the 'manylinux_2_28' variant.
  warnings.warn(
[I 2025-05-15 07:27:22,848] A new study created in memory with name: mlp
Parámetros guardados en checkpoint_shoppers_Doriginal_F/lc/IPC_11/best_models_lc_seed_5_space_original/logreg_best_params.json


>>> Optuna tuning mlp metodo lc IPC 11 seed 5


/data/home/rtabares/anaconda3/envs/pyth3.12/lib/python3.12/site-packages/sklearn/neural_network/_multilayer_perceptron.py:691: ConvergenceWarning: Stochastic Optimizer: Maximum iterations (50) reached and the optimization hasn't converged yet.
  warnings.warn(
/data/home/rtabares/anaconda3/envs/pyth3.12/lib/python3.12/site-packages/sklearn/neural_network/_multilayer_perceptron.py:691: ConvergenceWarning: Stochastic Optimizer: Maximum iterations (50) reached and the optimization hasn't converged yet.
  warnings.warn(
/data/home/rtabares/anaconda3/envs/pyth3.12/lib/python3.12/site-packages/sklearn/neural_network/_multilayer_perceptron.py:691: ConvergenceWarning: Stochastic Optimizer: Maximum iterations (50) reached and the optimization hasn't converged yet.
  warnings.warn(
/data/home/rtabares/anaconda3/envs/pyth3.12/lib/python3.12/site-packages/sklearn/neural_network/_multilayer_perceptron.py:691: ConvergenceWarning: Stochastic Optimizer: Maximum iterations (50) reached and the optimization hasn't converged yet.
  warnings.warn(
/data/home/rtabares/anaconda3/envs/pyth3.12/lib/python3.12/site-packages/sklearn/neural_network/_multilayer_perceptron.py:691: ConvergenceWarning: Stochastic Optimizer: Maximum iterations (50) reached and the optimization hasn't converged yet.
  warnings.warn(
[I 2025-05-15 07:27:24,714] Trial 0 finished with value: 1.0 and parameters: {'hidden_layer_sizes': (200,), 'max_iter': 50, 'alpha': 0.001}. Best is trial 0 with value: 1.0.
/data/home/rtabares/anaconda3/envs/pyth3.12/lib/python3.12/site-packages/sklearn/neural_network/_multilayer_perceptron.py:691: ConvergenceWarning: Stochastic Optimizer: Maximum iterations (100) reached and the optimization hasn't converged yet.
  warnings.warn(
/data/home/rtabares/anaconda3/envs/pyth3.12/lib/python3.12/site-packages/sklearn/neural_network/_multilayer_perceptron.py:691: ConvergenceWarning: Stochastic Optimizer: Maximum iterations (100) reached and the optimization hasn't converged yet.
  warnings.warn(
/data/home/rtabares/anaconda3/envs/pyth3.12/lib/python3.12/site-packages/sklearn/neural_network/_multilayer_perceptron.py:691: ConvergenceWarning: Stochastic Optimizer: Maximum iterations (100) reached and the optimization hasn't converged yet.
  warnings.warn(
/data/home/rtabares/anaconda3/envs/pyth3.12/lib/python3.12/site-packages/sklearn/neural_network/_multilayer_perceptron.py:691: ConvergenceWarning: Stochastic Optimizer: Maximum iterations (100) reached and the optimization hasn't converged yet.
  warnings.warn(
/data/home/rtabares/anaconda3/envs/pyth3.12/lib/python3.12/site-packages/sklearn/neural_network/_multilayer_perceptron.py:691: ConvergenceWarning: Stochastic Optimizer: Maximum iterations (100) reached and the optimization hasn't converged yet.
  warnings.warn(
[I 2025-05-15 07:27:24,873] Trial 1 finished with value: 1.0 and parameters: {'hidden_layer_sizes': (100,), 'max_iter': 100, 'alpha': 0.0001}. Best is trial 0 with value: 1.0.
/data/home/rtabares/anaconda3/envs/pyth3.12/lib/python3.12/site-packages/sklearn/neural_network/_multilayer_perceptron.py:691: ConvergenceWarning: Stochastic Optimizer: Maximum iterations (100) reached and the optimization hasn't converged yet.
  warnings.warn(
/data/home/rtabares/anaconda3/envs/pyth3.12/lib/python3.12/site-packages/sklearn/neural_network/_multilayer_perceptron.py:691: ConvergenceWarning: Stochastic Optimizer: Maximum iterations (100) reached and the optimization hasn't converged yet.
  warnings.warn(
/data/home/rtabares/anaconda3/envs/pyth3.12/lib/python3.12/site-packages/sklearn/neural_network/_multilayer_perceptron.py:691: ConvergenceWarning: Stochastic Optimizer: Maximum iterations (100) reached and the optimization hasn't converged yet.
  warnings.warn(
/data/home/rtabares/anaconda3/envs/pyth3.12/lib/python3.12/site-packages/sklearn/neural_network/_multilayer_perceptron.py:691: ConvergenceWarning: Stochastic Optimizer: Maximum iterations (100) reached and the optimization hasn't converged yet.
  warnings.warn(
/data/home/rtabares/anaconda3/envs/pyth3.12/lib/python3.12/site-packages/sklearn/neural_network/_multilayer_perceptron.py:691: ConvergenceWarning: Stochastic Optimizer: Maximum iterations (100) reached and the optimization hasn't converged yet.
  warnings.warn(
[I 2025-05-15 07:27:24,977] Trial 2 finished with value: 1.0 and parameters: {'hidden_layer_sizes': (100,), 'max_iter': 100, 'alpha': 0.001}. Best is trial 0 with value: 1.0.
/data/home/rtabares/anaconda3/envs/pyth3.12/lib/python3.12/site-packages/sklearn/neural_network/_multilayer_perceptron.py:691: ConvergenceWarning: Stochastic Optimizer: Maximum iterations (50) reached and the optimization hasn't converged yet.
  warnings.warn(
/data/home/rtabares/anaconda3/envs/pyth3.12/lib/python3.12/site-packages/sklearn/neural_network/_multilayer_perceptron.py:691: ConvergenceWarning: Stochastic Optimizer: Maximum iterations (50) reached and the optimization hasn't converged yet.
  warnings.warn(
/data/home/rtabares/anaconda3/envs/pyth3.12/lib/python3.12/site-packages/sklearn/neural_network/_multilayer_perceptron.py:691: ConvergenceWarning: Stochastic Optimizer: Maximum iterations (50) reached and the optimization hasn't converged yet.
  warnings.warn(
/data/home/rtabares/anaconda3/envs/pyth3.12/lib/python3.12/site-packages/sklearn/neural_network/_multilayer_perceptron.py:691: ConvergenceWarning: Stochastic Optimizer: Maximum iterations (50) reached and the optimization hasn't converged yet.
  warnings.warn(
/data/home/rtabares/anaconda3/envs/pyth3.12/lib/python3.12/site-packages/sklearn/neural_network/_multilayer_perceptron.py:691: ConvergenceWarning: Stochastic Optimizer: Maximum iterations (50) reached and the optimization hasn't converged yet.
  warnings.warn(
[I 2025-05-15 07:27:25,088] Trial 3 finished with value: 1.0 and parameters: {'hidden_layer_sizes': (200,), 'max_iter': 50, 'alpha': 0.001}. Best is trial 0 with value: 1.0.
/data/home/rtabares/anaconda3/envs/pyth3.12/lib/python3.12/site-packages/sklearn/neural_network/_multilayer_perceptron.py:691: ConvergenceWarning: Stochastic Optimizer: Maximum iterations (100) reached and the optimization hasn't converged yet.
  warnings.warn(
/data/home/rtabares/anaconda3/envs/pyth3.12/lib/python3.12/site-packages/sklearn/neural_network/_multilayer_perceptron.py:691: ConvergenceWarning: Stochastic Optimizer: Maximum iterations (100) reached and the optimization hasn't converged yet.
  warnings.warn(
/data/home/rtabares/anaconda3/envs/pyth3.12/lib/python3.12/site-packages/sklearn/neural_network/_multilayer_perceptron.py:691: ConvergenceWarning: Stochastic Optimizer: Maximum iterations (100) reached and the optimization hasn't converged yet.
  warnings.warn(
/data/home/rtabares/anaconda3/envs/pyth3.12/lib/python3.12/site-packages/sklearn/neural_network/_multilayer_perceptron.py:691: ConvergenceWarning: Stochastic Optimizer: Maximum iterations (100) reached and the optimization hasn't converged yet.
  warnings.warn(
/data/home/rtabares/anaconda3/envs/pyth3.12/lib/python3.12/site-packages/sklearn/neural_network/_multilayer_perceptron.py:691: ConvergenceWarning: Stochastic Optimizer: Maximum iterations (100) reached and the optimization hasn't converged yet.
  warnings.warn(
[I 2025-05-15 07:27:25,163] Trial 4 finished with value: 1.0 and parameters: {'hidden_layer_sizes': (100,), 'max_iter': 100, 'alpha': 0.0001}. Best is trial 0 with value: 1.0.
/data/home/rtabares/anaconda3/envs/pyth3.12/lib/python3.12/site-packages/sklearn/neural_network/_multilayer_perceptron.py:691: ConvergenceWarning: Stochastic Optimizer: Maximum iterations (100) reached and the optimization hasn't converged yet.
  warnings.warn(
/data/home/rtabares/anaconda3/envs/pyth3.12/lib/python3.12/site-packages/sklearn/neural_network/_multilayer_perceptron.py:691: ConvergenceWarning: Stochastic Optimizer: Maximum iterations (100) reached and the optimization hasn't converged yet.
  warnings.warn(
/data/home/rtabares/anaconda3/envs/pyth3.12/lib/python3.12/site-packages/sklearn/neural_network/_multilayer_perceptron.py:691: ConvergenceWarning: Stochastic Optimizer: Maximum iterations (100) reached and the optimization hasn't converged yet.
  warnings.warn(
/data/home/rtabares/anaconda3/envs/pyth3.12/lib/python3.12/site-packages/sklearn/neural_network/_multilayer_perceptron.py:691: ConvergenceWarning: Stochastic Optimizer: Maximum iterations (100) reached and the optimization hasn't converged yet.
  warnings.warn(
/data/home/rtabares/anaconda3/envs/pyth3.12/lib/python3.12/site-packages/sklearn/neural_network/_multilayer_perceptron.py:691: ConvergenceWarning: Stochastic Optimizer: Maximum iterations (100) reached and the optimization hasn't converged yet.
  warnings.warn(
[I 2025-05-15 07:27:25,268] Trial 5 finished with value: 1.0 and parameters: {'hidden_layer_sizes': (100,), 'max_iter': 100, 'alpha': 0.001}. Best is trial 0 with value: 1.0.
/data/home/rtabares/anaconda3/envs/pyth3.12/lib/python3.12/site-packages/sklearn/neural_network/_multilayer_perceptron.py:691: ConvergenceWarning: Stochastic Optimizer: Maximum iterations (100) reached and the optimization hasn't converged yet.
  warnings.warn(
/data/home/rtabares/anaconda3/envs/pyth3.12/lib/python3.12/site-packages/sklearn/neural_network/_multilayer_perceptron.py:691: ConvergenceWarning: Stochastic Optimizer: Maximum iterations (100) reached and the optimization hasn't converged yet.
  warnings.warn(
/data/home/rtabares/anaconda3/envs/pyth3.12/lib/python3.12/site-packages/sklearn/neural_network/_multilayer_perceptron.py:691: ConvergenceWarning: Stochastic Optimizer: Maximum iterations (100) reached and the optimization hasn't converged yet.
  warnings.warn(
/data/home/rtabares/anaconda3/envs/pyth3.12/lib/python3.12/site-packages/sklearn/neural_network/_multilayer_perceptron.py:691: ConvergenceWarning: Stochastic Optimizer: Maximum iterations (100) reached and the optimization hasn't converged yet.
  warnings.warn(
/data/home/rtabares/anaconda3/envs/pyth3.12/lib/python3.12/site-packages/sklearn/neural_network/_multilayer_perceptron.py:691: ConvergenceWarning: Stochastic Optimizer: Maximum iterations (100) reached and the optimization hasn't converged yet.
  warnings.warn(
