[I 2025-05-15 07:53:01,096] Trial 12 finished with value: 0.9069444444444444 and parameters: {'n_estimators': 10, 'max_depth': 5, 'gamma': 0.5299926855017165, 'subsample': 0.6848009387186493, 'colsample_bytree': 0.6339534905975921}. Best is trial 0 with value: 0.9527777777777778.
/data/home/rtabares/anaconda3/envs/pyth3.12/lib/python3.12/site-packages/xgboost/core.py:377: FutureWarning: Your system has an old version of glibc (< 2.28). We will stop supporting Linux distros with glibc older than 2.28 after **May 31, 2025**. Please upgrade to a recent Linux distro (with glibc >= 2.28) to use future versions of XGBoost.
Note: You have installed the 'manylinux2014' variant of XGBoost. Certain features such as GPU algorithms or federated learning are not available. To use these features, please upgrade to a recent Linux distro with glibc 2.28+, and install the 'manylinux_2_28' variant.
  warnings.warn(
[I 2025-05-15 07:53:02,298] Trial 13 finished with value: 0.8958333333333333 and parameters: {'n_estimators': 10, 'max_depth': 5, 'gamma': 0.3431978153914992, 'subsample': 0.5146749793878775, 'colsample_bytree': 0.6186409022289298}. Best is trial 0 with value: 0.9527777777777778.
[I 2025-05-15 07:53:02,387] Trial 14 finished with value: 0.9402777777777779 and parameters: {'n_estimators': 10, 'max_depth': 5, 'gamma': 0.12094395046977738, 'subsample': 0.6951366613631564, 'colsample_bytree': 0.5013541727082262}. Best is trial 0 with value: 0.9527777777777778.
/data/home/rtabares/anaconda3/envs/pyth3.12/lib/python3.12/site-packages/xgboost/core.py:377: FutureWarning: Your system has an old version of glibc (< 2.28). We will stop supporting Linux distros with glibc older than 2.28 after **May 31, 2025**. Please upgrade to a recent Linux distro (with glibc >= 2.28) to use future versions of XGBoost.
Note: You have installed the 'manylinux2014' variant of XGBoost. Certain features such as GPU algorithms or federated learning are not available. To use these features, please upgrade to a recent Linux distro with glibc 2.28+, and install the 'manylinux_2_28' variant.
  warnings.warn(
[I 2025-05-15 07:53:04,104] Trial 15 finished with value: 0.9069444444444443 and parameters: {'n_estimators': 10, 'max_depth': 30, 'gamma': 0.6115341273581074, 'subsample': 0.7261160179390405, 'colsample_bytree': 0.9947131969311475}. Best is trial 0 with value: 0.9527777777777778.
/data/home/rtabares/anaconda3/envs/pyth3.12/lib/python3.12/site-packages/xgboost/core.py:377: FutureWarning: Your system has an old version of glibc (< 2.28). We will stop supporting Linux distros with glibc older than 2.28 after **May 31, 2025**. Please upgrade to a recent Linux distro (with glibc >= 2.28) to use future versions of XGBoost.
Note: You have installed the 'manylinux2014' variant of XGBoost. Certain features such as GPU algorithms or federated learning are not available. To use these features, please upgrade to a recent Linux distro with glibc 2.28+, and install the 'manylinux_2_28' variant.
  warnings.warn(
[I 2025-05-15 07:53:05,285] Trial 16 finished with value: 0.9180555555555555 and parameters: {'n_estimators': 100, 'max_depth': 5, 'gamma': 0.42532890972737064, 'subsample': 0.6329124195652898, 'colsample_bytree': 0.5791568083033967}. Best is trial 0 with value: 0.9527777777777778.
/data/home/rtabares/anaconda3/envs/pyth3.12/lib/python3.12/site-packages/xgboost/core.py:377: FutureWarning: Your system has an old version of glibc (< 2.28). We will stop supporting Linux distros with glibc older than 2.28 after **May 31, 2025**. Please upgrade to a recent Linux distro (with glibc >= 2.28) to use future versions of XGBoost.
Note: You have installed the 'manylinux2014' variant of XGBoost. Certain features such as GPU algorithms or federated learning are not available. To use these features, please upgrade to a recent Linux distro with glibc 2.28+, and install the 'manylinux_2_28' variant.
  warnings.warn(
[I 2025-05-15 07:53:06,393] Trial 17 finished with value: 0.8958333333333333 and parameters: {'n_estimators': 10, 'max_depth': 30, 'gamma': 0.5818209581005225, 'subsample': 0.5053007952589881, 'colsample_bytree': 0.6720496912765644}. Best is trial 0 with value: 0.9527777777777778.
[I 2025-05-15 07:53:06,458] Trial 18 finished with value: 0.9305555555555556 and parameters: {'n_estimators': 10, 'max_depth': 5, 'gamma': 0.23980151701635266, 'subsample': 0.8536810374575434, 'colsample_bytree': 0.7974021553265087}. Best is trial 0 with value: 0.9527777777777778.
[I 2025-05-15 07:53:06,556] Trial 19 finished with value: 0.9055555555555556 and parameters: {'n_estimators': 100, 'max_depth': 30, 'gamma': 0.24116237023424003, 'subsample': 0.7384268176292801, 'colsample_bytree': 0.5553283123534748}. Best is trial 0 with value: 0.9527777777777778.
[I 2025-05-15 07:53:06,610] Trial 20 finished with value: 0.9402777777777779 and parameters: {'n_estimators': 10, 'max_depth': 5, 'gamma': 0.6397877373108088, 'subsample': 0.684311441063631, 'colsample_bytree': 0.6765774274820496}. Best is trial 0 with value: 0.9527777777777778.
[I 2025-05-15 07:53:06,707] Trial 21 finished with value: 0.9416666666666667 and parameters: {'n_estimators': 100, 'max_depth': 30, 'gamma': 0.9704315711921414, 'subsample': 0.9005630286122257, 'colsample_bytree': 0.6924812463271076}. Best is trial 0 with value: 0.9527777777777778.
[I 2025-05-15 07:53:06,757] Trial 22 finished with value: 0.9430555555555555 and parameters: {'n_estimators': 100, 'max_depth': 30, 'gamma': 0.7954665160741589, 'subsample': 0.9316724484166263, 'colsample_bytree': 0.7658290765480147}. Best is trial 0 with value: 0.9527777777777778.
/data/home/rtabares/anaconda3/envs/pyth3.12/lib/python3.12/site-packages/xgboost/core.py:377: FutureWarning: Your system has an old version of glibc (< 2.28). We will stop supporting Linux distros with glibc older than 2.28 after **May 31, 2025**. Please upgrade to a recent Linux distro (with glibc >= 2.28) to use future versions of XGBoost.
Note: You have installed the 'manylinux2014' variant of XGBoost. Certain features such as GPU algorithms or federated learning are not available. To use these features, please upgrade to a recent Linux distro with glibc 2.28+, and install the 'manylinux_2_28' variant.
  warnings.warn(
[I 2025-05-15 07:53:06,854] Trial 23 finished with value: 0.8944444444444443 and parameters: {'n_estimators': 100, 'max_depth': 30, 'gamma': 0.8071373337223973, 'subsample': 0.6535317133768666, 'colsample_bytree': 0.7753245222767595}. Best is trial 0 with value: 0.9527777777777778.
[I 2025-05-15 07:53:06,917] Trial 24 finished with value: 0.9416666666666667 and parameters: {'n_estimators': 100, 'max_depth': 30, 'gamma': 0.5096095072164681, 'subsample': 0.8788393925027745, 'colsample_bytree': 0.8327231850730888}. Best is trial 0 with value: 0.9527777777777778.
[I 2025-05-15 07:53:07,006] Trial 25 finished with value: 0.9291666666666666 and parameters: {'n_estimators': 100, 'max_depth': 30, 'gamma': 0.8038579565872889, 'subsample': 0.5810315200041913, 'colsample_bytree': 0.9108217458447282}. Best is trial 0 with value: 0.9527777777777778.
[I 2025-05-15 07:53:07,078] Trial 26 finished with value: 0.9305555555555556 and parameters: {'n_estimators': 10, 'max_depth': 5, 'gamma': 0.6345973056950355, 'subsample': 0.9490437973058851, 'colsample_bytree': 0.754925781384875}. Best is trial 0 with value: 0.9527777777777778.
[I 2025-05-15 07:53:07,137] Trial 27 finished with value: 0.9416666666666667 and parameters: {'n_estimators': 100, 'max_depth': 30, 'gamma': 0.42281196368681856, 'subsample': 0.7652028421523901, 'colsample_bytree': 0.6030225743356932}. Best is trial 0 with value: 0.9527777777777778.
[I 2025-05-15 07:53:07,186] Trial 28 finished with value: 0.9055555555555556 and parameters: {'n_estimators': 40, 'max_depth': 30, 'gamma': 0.6798132545875397, 'subsample': 0.7146146726069149, 'colsample_bytree': 0.6397141318894364}. Best is trial 0 with value: 0.9527777777777778.
[I 2025-05-15 07:53:07,244] Trial 29 finished with value: 0.9180555555555555 and parameters: {'n_estimators': 10, 'max_depth': 5, 'gamma': 0.9215103838809263, 'subsample': 0.9398716017785145, 'colsample_bytree': 0.7258347214597647}. Best is trial 0 with value: 0.9527777777777778.
[I 2025-05-15 07:53:18,522] A new study created in memory with name: rf
Parámetros guardados en checkpoint_adult_Doriginal_G/ag/IPC_43/best_models_ag_seed_6_space_original/xgb_best_params.json


>>> Optuna tuning rf metodo ag IPC 43 seed 6


[I 2025-05-15 07:53:20,273] Trial 0 finished with value: 0.9402777777777779 and parameters: {'n_estimators': 458, 'max_depth': 8, 'min_samples_split': 9, 'min_samples_leaf': 1}. Best is trial 0 with value: 0.9402777777777779.
[I 2025-05-15 07:53:20,613] Trial 1 finished with value: 0.9277777777777778 and parameters: {'n_estimators': 143, 'max_depth': 13, 'min_samples_split': 6, 'min_samples_leaf': 5}. Best is trial 0 with value: 0.9402777777777779.
[I 2025-05-15 07:53:21,074] Trial 2 finished with value: 0.9291666666666666 and parameters: {'n_estimators': 234, 'max_depth': 14, 'min_samples_split': 5, 'min_samples_leaf': 8}. Best is trial 0 with value: 0.9402777777777779.
[I 2025-05-15 07:53:21,654] Trial 3 finished with value: 0.9402777777777779 and parameters: {'n_estimators': 307, 'max_depth': 13, 'min_samples_split': 7, 'min_samples_leaf': 10}. Best is trial 0 with value: 0.9402777777777779.
[I 2025-05-15 07:53:22,416] Trial 4 finished with value: 0.9402777777777779 and parameters: {'n_estimators': 428, 'max_depth': 10, 'min_samples_split': 9, 'min_samples_leaf': 9}. Best is trial 0 with value: 0.9402777777777779.
[I 2025-05-15 07:53:22,664] Trial 5 finished with value: 0.9402777777777779 and parameters: {'n_estimators': 121, 'max_depth': 15, 'min_samples_split': 9, 'min_samples_leaf': 8}. Best is trial 0 with value: 0.9402777777777779.
[I 2025-05-15 07:53:23,363] Trial 6 finished with value: 0.9402777777777779 and parameters: {'n_estimators': 384, 'max_depth': 12, 'min_samples_split': 3, 'min_samples_leaf': 10}. Best is trial 0 with value: 0.9402777777777779.
[I 2025-05-15 07:53:23,814] Trial 7 finished with value: 0.9527777777777778 and parameters: {'n_estimators': 261, 'max_depth': 6, 'min_samples_split': 8, 'min_samples_leaf': 10}. Best is trial 7 with value: 0.9527777777777778.
[I 2025-05-15 07:53:24,196] Trial 8 finished with value: 0.9277777777777778 and parameters: {'n_estimators': 202, 'max_depth': 15, 'min_samples_split': 7, 'min_samples_leaf': 8}. Best is trial 7 with value: 0.9527777777777778.
[I 2025-05-15 07:53:25,114] Trial 9 finished with value: 0.9402777777777779 and parameters: {'n_estimators': 475, 'max_depth': 9, 'min_samples_split': 4, 'min_samples_leaf': 5}. Best is trial 7 with value: 0.9527777777777778.
[I 2025-05-15 07:53:25,673] Trial 10 finished with value: 0.951388888888889 and parameters: {'n_estimators': 303, 'max_depth': 3, 'min_samples_split': 2, 'min_samples_leaf': 2}. Best is trial 7 with value: 0.9527777777777778.
[I 2025-05-15 07:53:27,267] Trial 11 finished with value: 0.951388888888889 and parameters: {'n_estimators': 323, 'max_depth': 3, 'min_samples_split': 2, 'min_samples_leaf': 2}. Best is trial 7 with value: 0.9527777777777778.
[I 2025-05-15 07:53:28,910] Trial 12 finished with value: 0.9277777777777778 and parameters: {'n_estimators': 248, 'max_depth': 3, 'min_samples_split': 7, 'min_samples_leaf': 3}. Best is trial 7 with value: 0.9527777777777778.
[I 2025-05-15 07:53:30,428] Trial 13 finished with value: 0.9402777777777779 and parameters: {'n_estimators': 362, 'max_depth': 20, 'min_samples_split': 10, 'min_samples_leaf': 4}. Best is trial 7 with value: 0.9527777777777778.
[I 2025-05-15 07:53:31,284] Trial 14 finished with value: 0.9402777777777779 and parameters: {'n_estimators': 262, 'max_depth': 6, 'min_samples_split': 2, 'min_samples_leaf': 6}. Best is trial 7 with value: 0.9527777777777778.
[I 2025-05-15 07:53:31,884] Trial 15 finished with value: 0.9277777777777778 and parameters: {'n_estimators': 182, 'max_depth': 6, 'min_samples_split': 5, 'min_samples_leaf': 6}. Best is trial 7 with value: 0.9527777777777778.
[I 2025-05-15 07:53:33,032] Trial 16 finished with value: 0.951388888888889 and parameters: {'n_estimators': 341, 'max_depth': 5, 'min_samples_split': 8, 'min_samples_leaf': 1}. Best is trial 7 with value: 0.9527777777777778.
[I 2025-05-15 07:53:33,867] Trial 17 finished with value: 0.9416666666666667 and parameters: {'n_estimators': 295, 'max_depth': 5, 'min_samples_split': 4, 'min_samples_leaf': 3}. Best is trial 7 with value: 0.9527777777777778.
[I 2025-05-15 07:53:34,528] Trial 18 finished with value: 0.9402777777777779 and parameters: {'n_estimators': 404, 'max_depth': 7, 'min_samples_split': 6, 'min_samples_leaf': 7}. Best is trial 7 with value: 0.9527777777777778.
[I 2025-05-15 07:53:35,027] Trial 19 finished with value: 0.9527777777777778 and parameters: {'n_estimators': 279, 'max_depth': 3, 'min_samples_split': 10, 'min_samples_leaf': 4}. Best is trial 7 with value: 0.9527777777777778.
[I 2025-05-15 07:53:35,393] Trial 20 finished with value: 0.9638888888888889 and parameters: {'n_estimators': 205, 'max_depth': 10, 'min_samples_split': 10, 'min_samples_leaf': 4}. Best is trial 20 with value: 0.9638888888888889.
[I 2025-05-15 07:53:35,736] Trial 21 finished with value: 0.9291666666666666 and parameters: {'n_estimators': 182, 'max_depth': 11, 'min_samples_split': 10, 'min_samples_leaf': 4}. Best is trial 20 with value: 0.9638888888888889.
[I 2025-05-15 07:53:36,135] Trial 22 finished with value: 0.9166666666666666 and parameters: {'n_estimators': 218, 'max_depth': 9, 'min_samples_split': 10, 'min_samples_leaf': 4}. Best is trial 20 with value: 0.9638888888888889.
[I 2025-05-15 07:53:36,623] Trial 23 finished with value: 0.9402777777777779 and parameters: {'n_estimators': 266, 'max_depth': 5, 'min_samples_split': 8, 'min_samples_leaf': 3}. Best is trial 20 with value: 0.9638888888888889.
[I 2025-05-15 07:53:36,931] Trial 24 finished with value: 0.9402777777777779 and parameters: {'n_estimators': 156, 'max_depth': 17, 'min_samples_split': 8, 'min_samples_leaf': 5}. Best is trial 20 with value: 0.9638888888888889.
[I 2025-05-15 07:53:37,532] Trial 25 finished with value: 0.9277777777777778 and parameters: {'n_estimators': 278, 'max_depth': 7, 'min_samples_split': 9, 'min_samples_leaf': 7}. Best is trial 20 with value: 0.9638888888888889.
[I 2025-05-15 07:53:38,005] Trial 26 finished with value: 0.9166666666666666 and parameters: {'n_estimators': 219, 'max_depth': 4, 'min_samples_split': 10, 'min_samples_leaf': 4}. Best is trial 20 with value: 0.9638888888888889.
[I 2025-05-15 07:53:38,216] Trial 27 finished with value: 0.9277777777777778 and parameters: {'n_estimators': 104, 'max_depth': 10, 'min_samples_split': 9, 'min_samples_leaf': 6}. Best is trial 20 with value: 0.9638888888888889.
[I 2025-05-15 07:53:38,562] Trial 28 finished with value: 0.951388888888889 and parameters: {'n_estimators': 186, 'max_depth': 8, 'min_samples_split': 8, 'min_samples_leaf': 2}. Best is trial 20 with value: 0.9638888888888889.
[I 2025-05-15 07:53:39,399] Trial 29 finished with value: 0.9402777777777779 and parameters: {'n_estimators': 338, 'max_depth': 8, 'min_samples_split': 9, 'min_samples_leaf': 7}. Best is trial 20 with value: 0.9638888888888889.
[I 2025-05-15 07:53:47,826] A new study created in memory with name: svc
Parámetros guardados en checkpoint_adult_Doriginal_G/ag/IPC_43/best_models_ag_seed_6_space_original/rf_best_params.json


>>> Optuna tuning svc metodo ag IPC 43 seed 6


[I 2025-05-15 07:53:53,190] Trial 0 finished with value: 0.7652777777777777 and parameters: {'C': 37.27697013499731, 'gamma': 0.0021277432488243223}. Best is trial 0 with value: 0.7652777777777777.
[I 2025-05-15 07:53:53,562] Trial 1 finished with value: 0.6652777777777777 and parameters: {'C': 19.271543171162776, 'gamma': 0.00014682043379470554}. Best is trial 0 with value: 0.7652777777777777.
[I 2025-05-15 07:53:53,588] Trial 2 finished with value: 0.5555555555555556 and parameters: {'C': 0.0269542169583157, 'gamma': 0.023999835049635022}. Best is trial 0 with value: 0.7652777777777777.
[I 2025-05-15 07:53:53,618] Trial 3 finished with value: 0.7166666666666666 and parameters: {'C': 1.3160410886450586, 'gamma': 0.0047340159215720195}. Best is trial 0 with value: 0.7652777777777777.
[I 2025-05-15 07:53:53,652] Trial 4 finished with value: 0.7416666666666666 and parameters: {'C': 0.21959952535674737, 'gamma': 0.030908485742507576}. Best is trial 0 with value: 0.7652777777777777.
[I 2025-05-15 07:53:53,686] Trial 5 finished with value: 0.7416666666666666 and parameters: {'C': 0.5656733313644114, 'gamma': 0.08780685564625502}. Best is trial 0 with value: 0.7652777777777777.
[I 2025-05-15 07:53:53,721] Trial 6 finished with value: 0.7625 and parameters: {'C': 1.1807165425157664, 'gamma': 0.020674470756231633}. Best is trial 0 with value: 0.7652777777777777.
[I 2025-05-15 07:53:53,744] Trial 7 finished with value: 0.42777777777777776 and parameters: {'C': 3.8143486186647126, 'gamma': 0.9138966502602072}. Best is trial 0 with value: 0.7652777777777777.
[I 2025-05-15 07:53:53,769] Trial 8 finished with value: 0.7416666666666666 and parameters: {'C': 19.029737066374768, 'gamma': 0.004495766421289856}. Best is trial 0 with value: 0.7652777777777777.
[I 2025-05-15 07:53:53,789] Trial 9 finished with value: 0.5875 and parameters: {'C': 31.994153257994277, 'gamma': 0.19725941020937518}. Best is trial 0 with value: 0.7652777777777777.
[I 2025-05-15 07:53:53,825] Trial 10 finished with value: 0.7527777777777777 and parameters: {'C': 96.80643961619926, 'gamma': 0.0004009308447180715}. Best is trial 0 with value: 0.7652777777777777.
[I 2025-05-15 07:53:56,475] Trial 11 finished with value: 0.5111111111111111 and parameters: {'C': 0.06422921991213856, 'gamma': 0.0008063163057189356}. Best is trial 0 with value: 0.7652777777777777.
[I 2025-05-15 07:53:59,731] Trial 12 finished with value: 0.7611111111111111 and parameters: {'C': 4.220165247867255, 'gamma': 0.0019269415635597936}. Best is trial 0 with value: 0.7652777777777777.
[I 2025-05-15 07:53:59,770] Trial 13 finished with value: 0.7430555555555556 and parameters: {'C': 4.4958946228680166, 'gamma': 0.012999792142910782}. Best is trial 0 with value: 0.7652777777777777.
[I 2025-05-15 07:53:59,809] Trial 14 finished with value: 0.5111111111111111 and parameters: {'C': 0.3757952099473933, 'gamma': 0.0015990697611671454}. Best is trial 0 with value: 0.7652777777777777.
[I 2025-05-15 07:53:59,865] Trial 15 finished with value: 0.6277777777777778 and parameters: {'C': 0.10730172197940546, 'gamma': 0.09647197988458382}. Best is trial 0 with value: 0.7652777777777777.
[I 2025-05-15 07:53:59,911] Trial 16 finished with value: 0.5444444444444445 and parameters: {'C': 0.0119576348113261, 'gamma': 0.005485125315027209}. Best is trial 0 with value: 0.7652777777777777.
[I 2025-05-15 07:53:59,947] Trial 17 finished with value: 0.5111111111111111 and parameters: {'C': 1.39874753522062, 'gamma': 0.0002647363935646872}. Best is trial 0 with value: 0.7652777777777777.
[I 2025-05-15 07:54:00,005] Trial 18 finished with value: 0.7652777777777777 and parameters: {'C': 67.93164490636782, 'gamma': 0.001460198021388093}. Best is trial 0 with value: 0.7652777777777777.
[I 2025-05-15 07:54:00,047] Trial 19 finished with value: 0.7527777777777777 and parameters: {'C': 51.30944600299095, 'gamma': 0.0008588071170721047}. Best is trial 0 with value: 0.7652777777777777.
[I 2025-05-15 07:54:00,095] Trial 20 finished with value: 0.5666666666666667 and parameters: {'C': 11.26591086035928, 'gamma': 0.00010742557762883696}. Best is trial 0 with value: 0.7652777777777777.
[I 2025-05-15 07:54:00,156] Trial 21 finished with value: 0.7430555555555556 and parameters: {'C': 90.71729710657382, 'gamma': 0.002123470358797796}. Best is trial 0 with value: 0.7652777777777777.
[I 2025-05-15 07:54:00,188] Trial 22 finished with value: 0.7041666666666666 and parameters: {'C': 39.253259573997596, 'gamma': 0.014086879324076554}. Best is trial 0 with value: 0.7652777777777777.
[I 2025-05-15 07:54:00,229] Trial 23 finished with value: 0.7499999999999999 and parameters: {'C': 10.724303365796558, 'gamma': 0.0006496639037626485}. Best is trial 0 with value: 0.7652777777777777.
[I 2025-05-15 07:54:03,041] Trial 24 finished with value: 0.7194444444444444 and parameters: {'C': 2.1911276816704204, 'gamma': 0.037550789751729555}. Best is trial 0 with value: 0.7652777777777777.
[I 2025-05-15 07:54:03,081] Trial 25 finished with value: 0.7652777777777777 and parameters: {'C': 10.235965268144398, 'gamma': 0.006741104333987886}. Best is trial 0 with value: 0.7652777777777777.
[I 2025-05-15 07:54:03,122] Trial 26 finished with value: 0.7541666666666667 and parameters: {'C': 10.996061968444273, 'gamma': 0.006982836689354962}. Best is trial 0 with value: 0.7652777777777777.
[I 2025-05-15 07:54:03,181] Trial 27 finished with value: 0.7305555555555555 and parameters: {'C': 54.257158139798086, 'gamma': 0.002351413444716232}. Best is trial 0 with value: 0.7652777777777777.
[I 2025-05-15 07:54:03,217] Trial 28 finished with value: 0.7416666666666666 and parameters: {'C': 26.629746340902123, 'gamma': 0.0034704428915501235}. Best is trial 0 with value: 0.7652777777777777.
