[I 2025-05-15 07:48:09,047] Trial 26 finished with value: 0.4 and parameters: {'n_estimators': 250, 'max_depth': 9, 'min_samples_split': 5, 'min_samples_leaf': 6}. Best is trial 19 with value: 0.6333333333333333.
[I 2025-05-15 07:48:09,540] Trial 27 finished with value: 0.4666666666666666 and parameters: {'n_estimators': 211, 'max_depth': 7, 'min_samples_split': 4, 'min_samples_leaf': 6}. Best is trial 19 with value: 0.6333333333333333.
[I 2025-05-15 07:48:10,091] Trial 28 finished with value: 0.4833333333333333 and parameters: {'n_estimators': 187, 'max_depth': 9, 'min_samples_split': 6, 'min_samples_leaf': 5}. Best is trial 19 with value: 0.6333333333333333.
[I 2025-05-15 07:48:10,535] Trial 29 finished with value: 0.55 and parameters: {'n_estimators': 132, 'max_depth': 3, 'min_samples_split': 5, 'min_samples_leaf': 7}. Best is trial 19 with value: 0.6333333333333333.
[I 2025-05-15 07:48:16,931] A new study created in memory with name: svc
Parámetros guardados en checkpoint_shoppers_Doriginal_F/k_center/IPC_11/best_models_k_center_seed_7_space_original/rf_best_params.json


>>> Optuna tuning svc metodo k_center IPC 11 seed 7


[I 2025-05-15 07:48:19,207] Trial 0 finished with value: 0.3 and parameters: {'C': 0.020194502448102298, 'gamma': 0.13172711156111802}. Best is trial 0 with value: 0.3.
[I 2025-05-15 07:48:19,296] Trial 1 finished with value: 0.3 and parameters: {'C': 0.5670703311028815, 'gamma': 0.0783178418343345}. Best is trial 0 with value: 0.3.
[I 2025-05-15 07:48:19,321] Trial 2 finished with value: 0.18333333333333332 and parameters: {'C': 81.65034948781698, 'gamma': 0.014255533717547383}. Best is trial 0 with value: 0.3.
[I 2025-05-15 07:48:19,338] Trial 3 finished with value: 0.5 and parameters: {'C': 1.0103732850016278, 'gamma': 0.00019418001640357854}. Best is trial 3 with value: 0.5.
[I 2025-05-15 07:48:19,358] Trial 4 finished with value: 0.35 and parameters: {'C': 0.11851025167261421, 'gamma': 0.00998918377985214}. Best is trial 3 with value: 0.5.
[I 2025-05-15 07:48:19,372] Trial 5 finished with value: 0.2 and parameters: {'C': 5.2109869371584665, 'gamma': 0.16404241128227343}. Best is trial 3 with value: 0.5.
[I 2025-05-15 07:48:19,390] Trial 6 finished with value: 0.5 and parameters: {'C': 0.3340138940215422, 'gamma': 0.00018354619576988685}. Best is trial 3 with value: 0.5.
[I 2025-05-15 07:48:19,409] Trial 7 finished with value: 0.3 and parameters: {'C': 0.1420961781588805, 'gamma': 0.434884682155233}. Best is trial 3 with value: 0.5.
[I 2025-05-15 07:48:19,432] Trial 8 finished with value: 0.45 and parameters: {'C': 0.07137422643361827, 'gamma': 0.006434219125545069}. Best is trial 3 with value: 0.5.
[I 2025-05-15 07:48:19,455] Trial 9 finished with value: 0.26666666666666666 and parameters: {'C': 53.066944048916255, 'gamma': 0.00012577574840733457}. Best is trial 3 with value: 0.5.
[I 2025-05-15 07:48:19,475] Trial 10 finished with value: 0.2333333333333333 and parameters: {'C': 4.042381244249598, 'gamma': 0.0013304824599122815}. Best is trial 3 with value: 0.5.
[I 2025-05-15 07:48:20,377] Trial 11 finished with value: 0.5 and parameters: {'C': 1.327692185951257, 'gamma': 0.0001182654393186286}. Best is trial 3 with value: 0.5.
[I 2025-05-15 07:48:21,467] Trial 12 finished with value: 0.5 and parameters: {'C': 0.6137808106950431, 'gamma': 0.0006843879759551015}. Best is trial 3 with value: 0.5.
[I 2025-05-15 07:48:21,508] Trial 13 finished with value: 0.26666666666666666 and parameters: {'C': 8.133988311752255, 'gamma': 0.0005589823422976997}. Best is trial 3 with value: 0.5.
[I 2025-05-15 07:48:21,546] Trial 14 finished with value: 0.3833333333333333 and parameters: {'C': 1.6638857990919569, 'gamma': 0.0024485714006084775}. Best is trial 3 with value: 0.5.
[I 2025-05-15 07:48:21,572] Trial 15 finished with value: 0.5 and parameters: {'C': 0.34734836106457406, 'gamma': 0.00027440799525467983}. Best is trial 3 with value: 0.5.
[I 2025-05-15 07:48:21,601] Trial 16 finished with value: 0.5 and parameters: {'C': 0.01007599099482784, 'gamma': 0.00272075918350544}. Best is trial 3 with value: 0.5.
[I 2025-05-15 07:48:21,625] Trial 17 finished with value: 0.26666666666666666 and parameters: {'C': 27.496564789294712, 'gamma': 0.00035595667914938077}. Best is trial 3 with value: 0.5.
[I 2025-05-15 07:48:21,647] Trial 18 finished with value: 0.3 and parameters: {'C': 0.041540628042745845, 'gamma': 0.03320384586751046}. Best is trial 3 with value: 0.5.
[I 2025-05-15 07:48:21,671] Trial 19 finished with value: 0.5 and parameters: {'C': 0.20971494443132602, 'gamma': 0.0012221528097353285}. Best is trial 3 with value: 0.5.
[I 2025-05-15 07:48:21,705] Trial 20 finished with value: 0.4833333333333333 and parameters: {'C': 2.099600955534587, 'gamma': 0.0002389259990848756}. Best is trial 3 with value: 0.5.
[I 2025-05-15 07:48:21,732] Trial 21 finished with value: 0.5 and parameters: {'C': 0.9500715957834404, 'gamma': 0.00011708948700023538}. Best is trial 3 with value: 0.5.
[I 2025-05-15 07:48:21,762] Trial 22 finished with value: 0.41666666666666663 and parameters: {'C': 15.212736192965961, 'gamma': 0.0001062580323883108}. Best is trial 3 with value: 0.5.
[I 2025-05-15 07:48:21,794] Trial 23 finished with value: 0.4833333333333333 and parameters: {'C': 2.2501933356916273, 'gamma': 0.0002112779437062833}. Best is trial 3 with value: 0.5.
[I 2025-05-15 07:48:22,741] Trial 24 finished with value: 0.5 and parameters: {'C': 0.315272932623484, 'gamma': 0.0006461363545370671}. Best is trial 3 with value: 0.5.
[I 2025-05-15 07:48:22,768] Trial 25 finished with value: 0.4333333333333333 and parameters: {'C': 0.8738425112572578, 'gamma': 0.0014075800855879615}. Best is trial 3 with value: 0.5.
[I 2025-05-15 07:48:22,788] Trial 26 finished with value: 0.4333333333333333 and parameters: {'C': 1.732018441720778, 'gamma': 0.0003851001831357192}. Best is trial 3 with value: 0.5.
[I 2025-05-15 07:48:22,808] Trial 27 finished with value: 0.5 and parameters: {'C': 0.28686881639530426, 'gamma': 0.00010277725383802884}. Best is trial 3 with value: 0.5.
[I 2025-05-15 07:48:22,828] Trial 28 finished with value: 0.15 and parameters: {'C': 4.283133794093583, 'gamma': 0.003742846644979556}. Best is trial 3 with value: 0.5.
[I 2025-05-15 07:48:22,854] Trial 29 finished with value: 0.5 and parameters: {'C': 0.05138800387439646, 'gamma': 0.0002107850998845556}. Best is trial 3 with value: 0.5.
[I 2025-05-15 07:48:29,531] A new study created in memory with name: logreg
Parámetros guardados en checkpoint_shoppers_Doriginal_F/k_center/IPC_11/best_models_k_center_seed_7_space_original/svc_best_params.json


>>> Optuna tuning logreg metodo k_center IPC 11 seed 7


[I 2025-05-15 07:48:30,465] Trial 0 finished with value: 0.36666666666666664 and parameters: {'C': 0.002407362254570802, 'penalty': 'l2'}. Best is trial 0 with value: 0.36666666666666664.
[I 2025-05-15 07:48:30,500] Trial 1 finished with value: 0.3833333333333333 and parameters: {'C': 7.935859334260497, 'penalty': 'l2'}. Best is trial 1 with value: 0.3833333333333333.
[I 2025-05-15 07:48:30,525] Trial 2 finished with value: 0.36666666666666664 and parameters: {'C': 0.15561310098067915, 'penalty': 'l2'}. Best is trial 1 with value: 0.3833333333333333.
[I 2025-05-15 07:48:30,559] Trial 3 finished with value: 0.3833333333333333 and parameters: {'C': 4.143104515916128, 'penalty': 'l2'}. Best is trial 1 with value: 0.3833333333333333.
[I 2025-05-15 07:48:30,597] Trial 4 finished with value: 0.41666666666666663 and parameters: {'C': 77.61533923098803, 'penalty': 'l2'}. Best is trial 4 with value: 0.41666666666666663.
[I 2025-05-15 07:48:30,623] Trial 5 finished with value: 0.35 and parameters: {'C': 0.49258292359934785, 'penalty': 'l2'}. Best is trial 4 with value: 0.41666666666666663.
[I 2025-05-15 07:48:30,649] Trial 6 finished with value: 0.31666666666666665 and parameters: {'C': 0.320333470047146, 'penalty': 'l2'}. Best is trial 4 with value: 0.41666666666666663.
[I 2025-05-15 07:48:30,675] Trial 7 finished with value: 0.36666666666666664 and parameters: {'C': 0.002292216671132896, 'penalty': 'l2'}. Best is trial 4 with value: 0.41666666666666663.
[I 2025-05-15 07:48:30,715] Trial 8 finished with value: 0.31666666666666665 and parameters: {'C': 0.0219884643872214, 'penalty': 'l2'}. Best is trial 4 with value: 0.41666666666666663.
[I 2025-05-15 07:48:30,747] Trial 9 finished with value: 0.31666666666666665 and parameters: {'C': 0.31580027519646636, 'penalty': 'l2'}. Best is trial 4 with value: 0.41666666666666663.
[I 2025-05-15 07:48:30,790] Trial 10 finished with value: 0.4666666666666666 and parameters: {'C': 53.54776778233864, 'penalty': 'l2'}. Best is trial 10 with value: 0.4666666666666666.
[I 2025-05-15 07:48:31,600] Trial 11 finished with value: 0.41666666666666663 and parameters: {'C': 47.207028224457765, 'penalty': 'l2'}. Best is trial 10 with value: 0.4666666666666666.
[I 2025-05-15 07:48:32,689] Trial 12 finished with value: 0.41666666666666663 and parameters: {'C': 84.28882143282867, 'penalty': 'l2'}. Best is trial 10 with value: 0.4666666666666666.
[I 2025-05-15 07:48:32,730] Trial 13 finished with value: 0.3833333333333333 and parameters: {'C': 12.634985691735606, 'penalty': 'l2'}. Best is trial 10 with value: 0.4666666666666666.
[I 2025-05-15 07:48:32,758] Trial 14 finished with value: 0.3833333333333333 and parameters: {'C': 3.1158784985469734, 'penalty': 'l2'}. Best is trial 10 with value: 0.4666666666666666.
[I 2025-05-15 07:48:32,800] Trial 15 finished with value: 0.3833333333333333 and parameters: {'C': 22.300760773709367, 'penalty': 'l2'}. Best is trial 10 with value: 0.4666666666666666.
[I 2025-05-15 07:48:32,837] Trial 16 finished with value: 0.3833333333333333 and parameters: {'C': 2.3157702229693666, 'penalty': 'l2'}. Best is trial 10 with value: 0.4666666666666666.
[I 2025-05-15 07:48:32,875] Trial 17 finished with value: 0.4666666666666666 and parameters: {'C': 81.1514814361005, 'penalty': 'l2'}. Best is trial 10 with value: 0.4666666666666666.
[I 2025-05-15 07:48:32,924] Trial 18 finished with value: 0.3833333333333333 and parameters: {'C': 25.127584174921047, 'penalty': 'l2'}. Best is trial 10 with value: 0.4666666666666666.
[I 2025-05-15 07:48:32,978] Trial 19 finished with value: 0.4333333333333333 and parameters: {'C': 1.0585730769442607, 'penalty': 'l2'}. Best is trial 10 with value: 0.4666666666666666.
[I 2025-05-15 07:48:33,006] Trial 20 finished with value: 0.36666666666666664 and parameters: {'C': 0.05083077016342537, 'penalty': 'l2'}. Best is trial 10 with value: 0.4666666666666666.
[I 2025-05-15 07:48:33,036] Trial 21 finished with value: 0.4333333333333333 and parameters: {'C': 1.0698597129759553, 'penalty': 'l2'}. Best is trial 10 with value: 0.4666666666666666.
[I 2025-05-15 07:48:33,082] Trial 22 finished with value: 0.3833333333333333 and parameters: {'C': 10.381501849892349, 'penalty': 'l2'}. Best is trial 10 with value: 0.4666666666666666.
[I 2025-05-15 07:48:33,120] Trial 23 finished with value: 0.31666666666666665 and parameters: {'C': 0.00945879753368109, 'penalty': 'l2'}. Best is trial 10 with value: 0.4666666666666666.
[I 2025-05-15 07:48:33,153] Trial 24 finished with value: 0.41666666666666663 and parameters: {'C': 35.73619173063176, 'penalty': 'l2'}. Best is trial 10 with value: 0.4666666666666666.
[I 2025-05-15 07:48:33,188] Trial 25 finished with value: 0.4333333333333333 and parameters: {'C': 1.3135143359839825, 'penalty': 'l2'}. Best is trial 10 with value: 0.4666666666666666.
[I 2025-05-15 07:48:33,215] Trial 26 finished with value: 0.3833333333333333 and parameters: {'C': 5.766677810500112, 'penalty': 'l2'}. Best is trial 10 with value: 0.4666666666666666.
[I 2025-05-15 07:48:33,242] Trial 27 finished with value: 0.36666666666666664 and parameters: {'C': 0.09658683372151132, 'penalty': 'l2'}. Best is trial 10 with value: 0.4666666666666666.
[I 2025-05-15 07:48:33,281] Trial 28 finished with value: 0.3833333333333333 and parameters: {'C': 16.100938850872943, 'penalty': 'l2'}. Best is trial 10 with value: 0.4666666666666666.
[I 2025-05-15 07:48:33,300] Trial 29 finished with value: 0.31666666666666665 and parameters: {'C': 0.011104103350344362, 'penalty': 'l2'}. Best is trial 10 with value: 0.4666666666666666.
[I 2025-05-15 07:48:40,972] A new study created in memory with name: mlp
Parámetros guardados en checkpoint_shoppers_Doriginal_F/k_center/IPC_11/best_models_k_center_seed_7_space_original/logreg_best_params.json


>>> Optuna tuning mlp metodo k_center IPC 11 seed 7


/data/home/rtabares/anaconda3/envs/pyth3.12/lib/python3.12/site-packages/sklearn/neural_network/_multilayer_perceptron.py:691: ConvergenceWarning: Stochastic Optimizer: Maximum iterations (100) reached and the optimization hasn't converged yet.
  warnings.warn(
/data/home/rtabares/anaconda3/envs/pyth3.12/lib/python3.12/site-packages/sklearn/neural_network/_multilayer_perceptron.py:691: ConvergenceWarning: Stochastic Optimizer: Maximum iterations (100) reached and the optimization hasn't converged yet.
  warnings.warn(
/data/home/rtabares/anaconda3/envs/pyth3.12/lib/python3.12/site-packages/sklearn/neural_network/_multilayer_perceptron.py:691: ConvergenceWarning: Stochastic Optimizer: Maximum iterations (100) reached and the optimization hasn't converged yet.
  warnings.warn(
/data/home/rtabares/anaconda3/envs/pyth3.12/lib/python3.12/site-packages/sklearn/neural_network/_multilayer_perceptron.py:691: ConvergenceWarning: Stochastic Optimizer: Maximum iterations (100) reached and the optimization hasn't converged yet.
  warnings.warn(
/data/home/rtabares/anaconda3/envs/pyth3.12/lib/python3.12/site-packages/sklearn/neural_network/_multilayer_perceptron.py:691: ConvergenceWarning: Stochastic Optimizer: Maximum iterations (100) reached and the optimization hasn't converged yet.
  warnings.warn(
[I 2025-05-15 07:48:41,939] Trial 0 finished with value: 0.26666666666666666 and parameters: {'hidden_layer_sizes': (200,), 'max_iter': 100, 'alpha': 0.0001}. Best is trial 0 with value: 0.26666666666666666.
/data/home/rtabares/anaconda3/envs/pyth3.12/lib/python3.12/site-packages/sklearn/neural_network/_multilayer_perceptron.py:691: ConvergenceWarning: Stochastic Optimizer: Maximum iterations (100) reached and the optimization hasn't converged yet.
  warnings.warn(
/data/home/rtabares/anaconda3/envs/pyth3.12/lib/python3.12/site-packages/sklearn/neural_network/_multilayer_perceptron.py:691: ConvergenceWarning: Stochastic Optimizer: Maximum iterations (100) reached and the optimization hasn't converged yet.
  warnings.warn(
/data/home/rtabares/anaconda3/envs/pyth3.12/lib/python3.12/site-packages/sklearn/neural_network/_multilayer_perceptron.py:691: ConvergenceWarning: Stochastic Optimizer: Maximum iterations (100) reached and the optimization hasn't converged yet.
  warnings.warn(
/data/home/rtabares/anaconda3/envs/pyth3.12/lib/python3.12/site-packages/sklearn/neural_network/_multilayer_perceptron.py:691: ConvergenceWarning: Stochastic Optimizer: Maximum iterations (100) reached and the optimization hasn't converged yet.
  warnings.warn(
/data/home/rtabares/anaconda3/envs/pyth3.12/lib/python3.12/site-packages/sklearn/neural_network/_multilayer_perceptron.py:691: ConvergenceWarning: Stochastic Optimizer: Maximum iterations (100) reached and the optimization hasn't converged yet.
  warnings.warn(
[I 2025-05-15 07:48:42,047] Trial 1 finished with value: 0.18333333333333332 and parameters: {'hidden_layer_sizes': (100, 100), 'max_iter': 100, 'alpha': 0.0001}. Best is trial 0 with value: 0.26666666666666666.
/data/home/rtabares/anaconda3/envs/pyth3.12/lib/python3.12/site-packages/sklearn/neural_network/_multilayer_perceptron.py:691: ConvergenceWarning: Stochastic Optimizer: Maximum iterations (100) reached and the optimization hasn't converged yet.
  warnings.warn(
/data/home/rtabares/anaconda3/envs/pyth3.12/lib/python3.12/site-packages/sklearn/neural_network/_multilayer_perceptron.py:691: ConvergenceWarning: Stochastic Optimizer: Maximum iterations (100) reached and the optimization hasn't converged yet.
  warnings.warn(
/data/home/rtabares/anaconda3/envs/pyth3.12/lib/python3.12/site-packages/sklearn/neural_network/_multilayer_perceptron.py:691: ConvergenceWarning: Stochastic Optimizer: Maximum iterations (100) reached and the optimization hasn't converged yet.
  warnings.warn(
/data/home/rtabares/anaconda3/envs/pyth3.12/lib/python3.12/site-packages/sklearn/neural_network/_multilayer_perceptron.py:691: ConvergenceWarning: Stochastic Optimizer: Maximum iterations (100) reached and the optimization hasn't converged yet.
  warnings.warn(
/data/home/rtabares/anaconda3/envs/pyth3.12/lib/python3.12/site-packages/sklearn/neural_network/_multilayer_perceptron.py:691: ConvergenceWarning: Stochastic Optimizer: Maximum iterations (100) reached and the optimization hasn't converged yet.
  warnings.warn(
[I 2025-05-15 07:48:42,134] Trial 2 finished with value: 0.3 and parameters: {'hidden_layer_sizes': (200,), 'max_iter': 100, 'alpha': 0.001}. Best is trial 2 with value: 0.3.
/data/home/rtabares/anaconda3/envs/pyth3.12/lib/python3.12/site-packages/sklearn/neural_network/_multilayer_perceptron.py:691: ConvergenceWarning: Stochastic Optimizer: Maximum iterations (50) reached and the optimization hasn't converged yet.
  warnings.warn(
/data/home/rtabares/anaconda3/envs/pyth3.12/lib/python3.12/site-packages/sklearn/neural_network/_multilayer_perceptron.py:691: ConvergenceWarning: Stochastic Optimizer: Maximum iterations (50) reached and the optimization hasn't converged yet.
  warnings.warn(
/data/home/rtabares/anaconda3/envs/pyth3.12/lib/python3.12/site-packages/sklearn/neural_network/_multilayer_perceptron.py:691: ConvergenceWarning: Stochastic Optimizer: Maximum iterations (50) reached and the optimization hasn't converged yet.
  warnings.warn(
/data/home/rtabares/anaconda3/envs/pyth3.12/lib/python3.12/site-packages/sklearn/neural_network/_multilayer_perceptron.py:691: ConvergenceWarning: Stochastic Optimizer: Maximum iterations (50) reached and the optimization hasn't converged yet.
  warnings.warn(
/data/home/rtabares/anaconda3/envs/pyth3.12/lib/python3.12/site-packages/sklearn/neural_network/_multilayer_perceptron.py:691: ConvergenceWarning: Stochastic Optimizer: Maximum iterations (50) reached and the optimization hasn't converged yet.
  warnings.warn(
[I 2025-05-15 07:48:42,234] Trial 3 finished with value: 0.2833333333333333 and parameters: {'hidden_layer_sizes': (100,), 'max_iter': 50, 'alpha': 0.001}. Best is trial 2 with value: 0.3.
/data/home/rtabares/anaconda3/envs/pyth3.12/lib/python3.12/site-packages/sklearn/neural_network/_multilayer_perceptron.py:691: ConvergenceWarning: Stochastic Optimizer: Maximum iterations (50) reached and the optimization hasn't converged yet.
  warnings.warn(
/data/home/rtabares/anaconda3/envs/pyth3.12/lib/python3.12/site-packages/sklearn/neural_network/_multilayer_perceptron.py:691: ConvergenceWarning: Stochastic Optimizer: Maximum iterations (50) reached and the optimization hasn't converged yet.
  warnings.warn(
/data/home/rtabares/anaconda3/envs/pyth3.12/lib/python3.12/site-packages/sklearn/neural_network/_multilayer_perceptron.py:691: ConvergenceWarning: Stochastic Optimizer: Maximum iterations (50) reached and the optimization hasn't converged yet.
  warnings.warn(
/data/home/rtabares/anaconda3/envs/pyth3.12/lib/python3.12/site-packages/sklearn/neural_network/_multilayer_perceptron.py:691: ConvergenceWarning: Stochastic Optimizer: Maximum iterations (50) reached and the optimization hasn't converged yet.
  warnings.warn(
/data/home/rtabares/anaconda3/envs/pyth3.12/lib/python3.12/site-packages/sklearn/neural_network/_multilayer_perceptron.py:691: ConvergenceWarning: Stochastic Optimizer: Maximum iterations (50) reached and the optimization hasn't converged yet.
  warnings.warn(
[I 2025-05-15 07:48:42,304] Trial 4 finished with value: 0.21666666666666665 and parameters: {'hidden_layer_sizes': (100,), 'max_iter': 50, 'alpha': 0.0001}. Best is trial 2 with value: 0.3.
/data/home/rtabares/anaconda3/envs/pyth3.12/lib/python3.12/site-packages/sklearn/neural_network/_multilayer_perceptron.py:691: ConvergenceWarning: Stochastic Optimizer: Maximum iterations (50) reached and the optimization hasn't converged yet.
  warnings.warn(
/data/home/rtabares/anaconda3/envs/pyth3.12/lib/python3.12/site-packages/sklearn/neural_network/_multilayer_perceptron.py:691: ConvergenceWarning: Stochastic Optimizer: Maximum iterations (50) reached and the optimization hasn't converged yet.
  warnings.warn(
/data/home/rtabares/anaconda3/envs/pyth3.12/lib/python3.12/site-packages/sklearn/neural_network/_multilayer_perceptron.py:691: ConvergenceWarning: Stochastic Optimizer: Maximum iterations (50) reached and the optimization hasn't converged yet.
  warnings.warn(
/data/home/rtabares/anaconda3/envs/pyth3.12/lib/python3.12/site-packages/sklearn/neural_network/_multilayer_perceptron.py:691: ConvergenceWarning: Stochastic Optimizer: Maximum iterations (50) reached and the optimization hasn't converged yet.
  warnings.warn(
/data/home/rtabares/anaconda3/envs/pyth3.12/lib/python3.12/site-packages/sklearn/neural_network/_multilayer_perceptron.py:691: ConvergenceWarning: Stochastic Optimizer: Maximum iterations (50) reached and the optimization hasn't converged yet.
  warnings.warn(
