[I 2025-05-15 07:48:04,031] Trial 15 finished with value: 0.9777777777777779 and parameters: {'n_estimators': 10, 'max_depth': 30, 'gamma': 0.8361750979473885, 'subsample': 0.5052985200248541, 'colsample_bytree': 0.9888939439492501}. Best is trial 0 with value: 0.9777777777777779.
/data/home/rtabares/anaconda3/envs/pyth3.12/lib/python3.12/site-packages/xgboost/core.py:377: FutureWarning: Your system has an old version of glibc (< 2.28). We will stop supporting Linux distros with glibc older than 2.28 after **May 31, 2025**. Please upgrade to a recent Linux distro (with glibc >= 2.28) to use future versions of XGBoost.
Note: You have installed the 'manylinux2014' variant of XGBoost. Certain features such as GPU algorithms or federated learning are not available. To use these features, please upgrade to a recent Linux distro with glibc 2.28+, and install the 'manylinux_2_28' variant.
  warnings.warn(
[I 2025-05-15 07:48:05,693] Trial 16 finished with value: 0.9777777777777779 and parameters: {'n_estimators': 10, 'max_depth': 5, 'gamma': 0.991314742891843, 'subsample': 0.8787287422282001, 'colsample_bytree': 0.7917736739504313}. Best is trial 0 with value: 0.9777777777777779.
[I 2025-05-15 07:48:05,755] Trial 17 finished with value: 0.9777777777777779 and parameters: {'n_estimators': 100, 'max_depth': 30, 'gamma': 0.5818209581005225, 'subsample': 0.7369637418182623, 'colsample_bytree': 0.5064839807832304}. Best is trial 0 with value: 0.9777777777777779.
/data/home/rtabares/anaconda3/envs/pyth3.12/lib/python3.12/site-packages/xgboost/core.py:377: FutureWarning: Your system has an old version of glibc (< 2.28). We will stop supporting Linux distros with glibc older than 2.28 after **May 31, 2025**. Please upgrade to a recent Linux distro (with glibc >= 2.28) to use future versions of XGBoost.
Note: You have installed the 'manylinux2014' variant of XGBoost. Certain features such as GPU algorithms or federated learning are not available. To use these features, please upgrade to a recent Linux distro with glibc 2.28+, and install the 'manylinux_2_28' variant.
  warnings.warn(
[I 2025-05-15 07:48:06,624] Trial 18 finished with value: 0.9777777777777779 and parameters: {'n_estimators': 100, 'max_depth': 30, 'gamma': 0.25368366843950607, 'subsample': 0.9349024637789001, 'colsample_bytree': 0.6735042672265268}. Best is trial 0 with value: 0.9777777777777779.
[I 2025-05-15 07:48:06,688] Trial 19 finished with value: 0.9777777777777779 and parameters: {'n_estimators': 10, 'max_depth': 30, 'gamma': 0.7930613875242585, 'subsample': 0.6342385505944843, 'colsample_bytree': 0.7858104741672305}. Best is trial 0 with value: 0.9777777777777779.
[I 2025-05-15 07:48:06,752] Trial 20 finished with value: 0.9777777777777779 and parameters: {'n_estimators': 100, 'max_depth': 5, 'gamma': 0.6397877373108088, 'subsample': 0.7313679690001857, 'colsample_bytree': 0.5848642489980329}. Best is trial 0 with value: 0.9777777777777779.
[I 2025-05-15 07:48:06,809] Trial 21 finished with value: 0.9777777777777779 and parameters: {'n_estimators': 10, 'max_depth': 20, 'gamma': 0.7690811247027735, 'subsample': 0.7800195833881419, 'colsample_bytree': 0.6030862483626268}. Best is trial 0 with value: 0.9777777777777779.
[I 2025-05-15 07:48:06,867] Trial 22 finished with value: 0.9777777777777779 and parameters: {'n_estimators': 10, 'max_depth': 20, 'gamma': 0.5116035986306421, 'subsample': 0.8354262785070001, 'colsample_bytree': 0.5516591717675228}. Best is trial 0 with value: 0.9777777777777779.
[I 2025-05-15 07:48:06,918] Trial 23 finished with value: 0.9777777777777779 and parameters: {'n_estimators': 10, 'max_depth': 20, 'gamma': 0.9045285750179193, 'subsample': 0.9344021068516876, 'colsample_bytree': 0.6862749161754073}. Best is trial 0 with value: 0.9777777777777779.
[I 2025-05-15 07:48:06,955] Trial 24 finished with value: 0.9777777777777779 and parameters: {'n_estimators': 10, 'max_depth': 30, 'gamma': 0.6877453009733242, 'subsample': 0.7490674693549982, 'colsample_bytree': 0.5649751610154615}. Best is trial 0 with value: 0.9777777777777779.
[I 2025-05-15 07:48:07,020] Trial 25 finished with value: 0.9777777777777779 and parameters: {'n_estimators': 10, 'max_depth': 20, 'gamma': 0.7798197551781508, 'subsample': 0.8487825922342104, 'colsample_bytree': 0.6322894661279336}. Best is trial 0 with value: 0.9777777777777779.
[I 2025-05-15 07:48:07,073] Trial 26 finished with value: 0.9652777777777779 and parameters: {'n_estimators': 10, 'max_depth': 30, 'gamma': 0.4450679259218169, 'subsample': 0.7687845598212872, 'colsample_bytree': 0.6957485573604266}. Best is trial 0 with value: 0.9777777777777779.
[I 2025-05-15 07:48:07,125] Trial 27 finished with value: 0.9777777777777779 and parameters: {'n_estimators': 10, 'max_depth': 30, 'gamma': 0.5881334220928116, 'subsample': 0.6935440331517346, 'colsample_bytree': 0.7552801880410026}. Best is trial 0 with value: 0.9777777777777779.
[I 2025-05-15 07:48:07,175] Trial 28 finished with value: 0.9777777777777779 and parameters: {'n_estimators': 40, 'max_depth': 5, 'gamma': 0.9449231636634244, 'subsample': 0.9389509016319153, 'colsample_bytree': 0.5393349364245235}. Best is trial 0 with value: 0.9777777777777779.
[I 2025-05-15 07:48:07,248] Trial 29 finished with value: 0.9777777777777779 and parameters: {'n_estimators': 100, 'max_depth': 20, 'gamma': 0.6694224841587507, 'subsample': 0.6316552057778516, 'colsample_bytree': 0.8398260418743217}. Best is trial 0 with value: 0.9777777777777779.
[I 2025-05-15 07:48:18,507] A new study created in memory with name: rf
Parámetros guardados en checkpoint_adult_Doriginal_G/k-means/IPC_43/best_models_k-means_seed_6_space_original/xgb_best_params.json


>>> Optuna tuning rf metodo k-means IPC 43 seed 6


[I 2025-05-15 07:48:21,084] Trial 0 finished with value: 0.9888888888888889 and parameters: {'n_estimators': 458, 'max_depth': 8, 'min_samples_split': 9, 'min_samples_leaf': 1}. Best is trial 0 with value: 0.9888888888888889.
[I 2025-05-15 07:48:21,659] Trial 1 finished with value: 0.9888888888888889 and parameters: {'n_estimators': 143, 'max_depth': 13, 'min_samples_split': 6, 'min_samples_leaf': 5}. Best is trial 0 with value: 0.9888888888888889.
[I 2025-05-15 07:48:22,406] Trial 2 finished with value: 1.0 and parameters: {'n_estimators': 234, 'max_depth': 14, 'min_samples_split': 5, 'min_samples_leaf': 8}. Best is trial 2 with value: 1.0.
[I 2025-05-15 07:48:23,268] Trial 3 finished with value: 1.0 and parameters: {'n_estimators': 307, 'max_depth': 13, 'min_samples_split': 7, 'min_samples_leaf': 10}. Best is trial 2 with value: 1.0.
[I 2025-05-15 07:48:24,610] Trial 4 finished with value: 0.9888888888888889 and parameters: {'n_estimators': 428, 'max_depth': 10, 'min_samples_split': 9, 'min_samples_leaf': 9}. Best is trial 2 with value: 1.0.
[I 2025-05-15 07:48:24,939] Trial 5 finished with value: 0.9777777777777779 and parameters: {'n_estimators': 121, 'max_depth': 15, 'min_samples_split': 9, 'min_samples_leaf': 8}. Best is trial 2 with value: 1.0.
[I 2025-05-15 07:48:25,654] Trial 6 finished with value: 0.9888888888888889 and parameters: {'n_estimators': 384, 'max_depth': 12, 'min_samples_split': 3, 'min_samples_leaf': 10}. Best is trial 2 with value: 1.0.
[I 2025-05-15 07:48:26,164] Trial 7 finished with value: 1.0 and parameters: {'n_estimators': 261, 'max_depth': 6, 'min_samples_split': 8, 'min_samples_leaf': 10}. Best is trial 2 with value: 1.0.
[I 2025-05-15 07:48:26,566] Trial 8 finished with value: 0.9888888888888889 and parameters: {'n_estimators': 202, 'max_depth': 15, 'min_samples_split': 7, 'min_samples_leaf': 8}. Best is trial 2 with value: 1.0.
[I 2025-05-15 07:48:27,566] Trial 9 finished with value: 0.9888888888888889 and parameters: {'n_estimators': 475, 'max_depth': 9, 'min_samples_split': 4, 'min_samples_leaf': 5}. Best is trial 2 with value: 1.0.
[I 2025-05-15 07:48:28,146] Trial 10 finished with value: 0.9888888888888889 and parameters: {'n_estimators': 324, 'max_depth': 20, 'min_samples_split': 2, 'min_samples_leaf': 3}. Best is trial 2 with value: 1.0.
[I 2025-05-15 07:48:29,293] Trial 11 finished with value: 1.0 and parameters: {'n_estimators': 286, 'max_depth': 18, 'min_samples_split': 5, 'min_samples_leaf': 7}. Best is trial 2 with value: 1.0.
[I 2025-05-15 07:48:30,606] Trial 12 finished with value: 1.0 and parameters: {'n_estimators': 227, 'max_depth': 16, 'min_samples_split': 6, 'min_samples_leaf': 7}. Best is trial 2 with value: 1.0.
[I 2025-05-15 07:48:31,161] Trial 13 finished with value: 1.0 and parameters: {'n_estimators': 351, 'max_depth': 3, 'min_samples_split': 5, 'min_samples_leaf': 10}. Best is trial 2 with value: 1.0.
[I 2025-05-15 07:48:32,591] Trial 14 finished with value: 0.9888888888888889 and parameters: {'n_estimators': 186, 'max_depth': 13, 'min_samples_split': 7, 'min_samples_leaf': 7}. Best is trial 2 with value: 1.0.
[I 2025-05-15 07:48:33,101] Trial 15 finished with value: 1.0 and parameters: {'n_estimators': 261, 'max_depth': 17, 'min_samples_split': 4, 'min_samples_leaf': 9}. Best is trial 2 with value: 1.0.
[I 2025-05-15 07:48:34,098] Trial 16 finished with value: 0.9888888888888889 and parameters: {'n_estimators': 365, 'max_depth': 11, 'min_samples_split': 10, 'min_samples_leaf': 6}. Best is trial 2 with value: 1.0.
[I 2025-05-15 07:48:35,017] Trial 17 finished with value: 0.9888888888888889 and parameters: {'n_estimators': 308, 'max_depth': 14, 'min_samples_split': 7, 'min_samples_leaf': 9}. Best is trial 2 with value: 1.0.
[I 2025-05-15 07:48:36,137] Trial 18 finished with value: 1.0 and parameters: {'n_estimators': 407, 'max_depth': 19, 'min_samples_split': 5, 'min_samples_leaf': 8}. Best is trial 2 with value: 1.0.
[I 2025-05-15 07:48:36,988] Trial 19 finished with value: 0.9888888888888889 and parameters: {'n_estimators': 231, 'max_depth': 7, 'min_samples_split': 6, 'min_samples_leaf': 4}. Best is trial 2 with value: 1.0.
[I 2025-05-15 07:48:37,414] Trial 20 finished with value: 0.9888888888888889 and parameters: {'n_estimators': 167, 'max_depth': 5, 'min_samples_split': 2, 'min_samples_leaf': 6}. Best is trial 2 with value: 1.0.
[I 2025-05-15 07:48:37,958] Trial 21 finished with value: 0.9888888888888889 and parameters: {'n_estimators': 265, 'max_depth': 6, 'min_samples_split': 8, 'min_samples_leaf': 10}. Best is trial 2 with value: 1.0.
[I 2025-05-15 07:48:38,488] Trial 22 finished with value: 0.9888888888888889 and parameters: {'n_estimators': 243, 'max_depth': 10, 'min_samples_split': 8, 'min_samples_leaf': 10}. Best is trial 2 with value: 1.0.
[I 2025-05-15 07:48:39,131] Trial 23 finished with value: 1.0 and parameters: {'n_estimators': 312, 'max_depth': 4, 'min_samples_split': 8, 'min_samples_leaf': 9}. Best is trial 2 with value: 1.0.
[I 2025-05-15 07:48:39,628] Trial 24 finished with value: 0.9888888888888889 and parameters: {'n_estimators': 273, 'max_depth': 12, 'min_samples_split': 7, 'min_samples_leaf': 8}. Best is trial 2 with value: 1.0.
[I 2025-05-15 07:48:40,184] Trial 25 finished with value: 0.9888888888888889 and parameters: {'n_estimators': 344, 'max_depth': 14, 'min_samples_split': 10, 'min_samples_leaf': 10}. Best is trial 2 with value: 1.0.
[I 2025-05-15 07:48:40,553] Trial 26 finished with value: 1.0 and parameters: {'n_estimators': 205, 'max_depth': 8, 'min_samples_split': 6, 'min_samples_leaf': 9}. Best is trial 2 with value: 1.0.
[I 2025-05-15 07:48:40,904] Trial 27 finished with value: 1.0 and parameters: {'n_estimators': 104, 'max_depth': 11, 'min_samples_split': 4, 'min_samples_leaf': 9}. Best is trial 2 with value: 1.0.
[I 2025-05-15 07:48:41,411] Trial 28 finished with value: 0.9888888888888889 and parameters: {'n_estimators': 288, 'max_depth': 17, 'min_samples_split': 8, 'min_samples_leaf': 10}. Best is trial 2 with value: 1.0.
[I 2025-05-15 07:48:42,371] Trial 29 finished with value: 0.9888888888888889 and parameters: {'n_estimators': 499, 'max_depth': 8, 'min_samples_split': 9, 'min_samples_leaf': 1}. Best is trial 2 with value: 1.0.
[I 2025-05-15 07:48:50,175] A new study created in memory with name: svc
Parámetros guardados en checkpoint_adult_Doriginal_G/k-means/IPC_43/best_models_k-means_seed_6_space_original/rf_best_params.json


>>> Optuna tuning svc metodo k-means IPC 43 seed 6


[I 2025-05-15 07:48:53,298] Trial 0 finished with value: 0.7069444444444445 and parameters: {'C': 37.27697013499731, 'gamma': 0.0021277432488243223}. Best is trial 0 with value: 0.7069444444444445.
[I 2025-05-15 07:48:53,534] Trial 1 finished with value: 0.5958333333333333 and parameters: {'C': 19.271543171162776, 'gamma': 0.00014682043379470554}. Best is trial 0 with value: 0.7069444444444445.
[I 2025-05-15 07:48:53,572] Trial 2 finished with value: 0.5222222222222223 and parameters: {'C': 0.0269542169583157, 'gamma': 0.023999835049635022}. Best is trial 0 with value: 0.7069444444444445.
[I 2025-05-15 07:48:53,607] Trial 3 finished with value: 0.7097222222222221 and parameters: {'C': 1.3160410886450586, 'gamma': 0.0047340159215720195}. Best is trial 3 with value: 0.7097222222222221.
[I 2025-05-15 07:48:53,634] Trial 4 finished with value: 0.7027777777777777 and parameters: {'C': 0.21959952535674737, 'gamma': 0.030908485742507576}. Best is trial 3 with value: 0.7097222222222221.
[I 2025-05-15 07:48:53,659] Trial 5 finished with value: 0.6749999999999999 and parameters: {'C': 0.5656733313644114, 'gamma': 0.08780685564625502}. Best is trial 3 with value: 0.7097222222222221.
[I 2025-05-15 07:48:53,685] Trial 6 finished with value: 0.7097222222222221 and parameters: {'C': 1.1807165425157664, 'gamma': 0.020674470756231633}. Best is trial 3 with value: 0.7097222222222221.
[I 2025-05-15 07:48:53,710] Trial 7 finished with value: 0.38611111111111107 and parameters: {'C': 3.8143486186647126, 'gamma': 0.9138966502602072}. Best is trial 3 with value: 0.7097222222222221.
[I 2025-05-15 07:48:53,736] Trial 8 finished with value: 0.7069444444444445 and parameters: {'C': 19.029737066374768, 'gamma': 0.004495766421289856}. Best is trial 3 with value: 0.7097222222222221.
[I 2025-05-15 07:48:53,760] Trial 9 finished with value: 0.5722222222222222 and parameters: {'C': 31.994153257994277, 'gamma': 0.19725941020937518}. Best is trial 3 with value: 0.7097222222222221.
[I 2025-05-15 07:48:53,796] Trial 10 finished with value: 0.5 and parameters: {'C': 0.03364484755032396, 'gamma': 0.0006344004822646731}. Best is trial 3 with value: 0.7097222222222221.
[I 2025-05-15 07:48:54,695] Trial 11 finished with value: 0.7333333333333332 and parameters: {'C': 2.441620033774385, 'gamma': 0.0057984909989627145}. Best is trial 11 with value: 0.7333333333333332.
[I 2025-05-15 07:48:54,724] Trial 12 finished with value: 0.7097222222222221 and parameters: {'C': 4.220165247867255, 'gamma': 0.001357828063872263}. Best is trial 11 with value: 0.7333333333333332.
[I 2025-05-15 07:48:55,544] Trial 13 finished with value: 0.5 and parameters: {'C': 0.16915586440459812, 'gamma': 0.004973185558543872}. Best is trial 11 with value: 0.7333333333333332.
[I 2025-05-15 07:48:55,579] Trial 14 finished with value: 0.5458333333333333 and parameters: {'C': 3.477601418360306, 'gamma': 0.0004654753232641854}. Best is trial 11 with value: 0.7333333333333332.
[I 2025-05-15 07:48:55,614] Trial 15 finished with value: 0.7333333333333333 and parameters: {'C': 1.1574518842841859, 'gamma': 0.008283011257107495}. Best is trial 15 with value: 0.7333333333333333.
[I 2025-05-15 07:48:55,650] Trial 16 finished with value: 0.5111111111111111 and parameters: {'C': 0.14514175757156256, 'gamma': 0.009998167400894428}. Best is trial 15 with value: 0.7333333333333333.
[I 2025-05-15 07:48:55,686] Trial 17 finished with value: 0.5916666666666666 and parameters: {'C': 8.219319441917104, 'gamma': 0.07957032875512562}. Best is trial 15 with value: 0.7333333333333333.
[I 2025-05-15 07:48:55,723] Trial 18 finished with value: 0.5 and parameters: {'C': 0.34841210374565285, 'gamma': 0.00011902238822736245}. Best is trial 15 with value: 0.7333333333333333.
[I 2025-05-15 07:48:55,768] Trial 19 finished with value: 0.5 and parameters: {'C': 0.07947977359617567, 'gamma': 0.0012903422428909312}. Best is trial 15 with value: 0.7333333333333333.
[I 2025-05-15 07:48:55,805] Trial 20 finished with value: 0.7222222222222221 and parameters: {'C': 1.296560881887545, 'gamma': 0.009611332388080531}. Best is trial 15 with value: 0.7333333333333333.
[I 2025-05-15 07:48:56,611] Trial 21 finished with value: 0.7333333333333333 and parameters: {'C': 0.8587297179973984, 'gamma': 0.011363671900571647}. Best is trial 15 with value: 0.7333333333333333.
[I 2025-05-15 07:48:56,647] Trial 22 finished with value: 0.5555555555555556 and parameters: {'C': 0.01025258507396144, 'gamma': 0.04350120831070377}. Best is trial 15 with value: 0.7333333333333333.
[I 2025-05-15 07:48:56,682] Trial 23 finished with value: 0.5458333333333333 and parameters: {'C': 0.6609220172637071, 'gamma': 0.0029750884079812203}. Best is trial 15 with value: 0.7333333333333333.
[I 2025-05-15 07:48:57,752] Trial 24 finished with value: 0.7097222222222223 and parameters: {'C': 2.139537590920047, 'gamma': 0.01654951195527192}. Best is trial 15 with value: 0.7333333333333333.
[I 2025-05-15 07:48:57,784] Trial 25 finished with value: 0.6402777777777777 and parameters: {'C': 0.5137690823602182, 'gamma': 0.2585016220444396}. Best is trial 15 with value: 0.7333333333333333.
[I 2025-05-15 07:48:57,814] Trial 26 finished with value: 0.7152777777777777 and parameters: {'C': 84.98104018993892, 'gamma': 0.006982836689354962}. Best is trial 15 with value: 0.7333333333333333.
[I 2025-05-15 07:48:57,843] Trial 27 finished with value: 0.5819444444444445 and parameters: {'C': 7.5765850284354155, 'gamma': 0.056386530035945355}. Best is trial 15 with value: 0.7333333333333333.
[I 2025-05-15 07:48:57,876] Trial 28 finished with value: 0.7097222222222223 and parameters: {'C': 2.442173983194953, 'gamma': 0.013849257188909848}. Best is trial 15 with value: 0.7333333333333333.
[I 2025-05-15 07:48:57,929] Trial 29 finished with value: 0.7333333333333333 and parameters: {'C': 9.605685646624961, 'gamma': 0.001999041378688311}. Best is trial 15 with value: 0.7333333333333333.
[I 2025-05-15 07:49:05,889] A new study created in memory with name: logreg
Parámetros guardados en checkpoint_adult_Doriginal_G/k-means/IPC_43/best_models_k-means_seed_6_space_original/svc_best_params.json


>>> Optuna tuning logreg metodo k-means IPC 43 seed 6


[I 2025-05-15 07:49:06,794] Trial 0 finished with value: 0.8791666666666667 and parameters: {'C': 29.127335430981816, 'penalty': 'l2'}. Best is trial 0 with value: 0.8791666666666667.
[I 2025-05-15 07:49:06,819] Trial 1 finished with value: 0.7333333333333333 and parameters: {'C': 0.045698192893558344, 'penalty': 'l2'}. Best is trial 0 with value: 0.8791666666666667.
[I 2025-05-15 07:49:06,852] Trial 2 finished with value: 0.8347222222222221 and parameters: {'C': 12.768668597712947, 'penalty': 'l2'}. Best is trial 0 with value: 0.8791666666666667.
[I 2025-05-15 07:49:06,865] Trial 3 finished with value: 0.7055555555555555 and parameters: {'C': 0.0016161554408462638, 'penalty': 'l2'}. Best is trial 0 with value: 0.8791666666666667.
[I 2025-05-15 07:49:06,898] Trial 4 finished with value: 0.7152777777777777 and parameters: {'C': 0.0034536903703241734, 'penalty': 'l2'}. Best is trial 0 with value: 0.8791666666666667.
[I 2025-05-15 07:49:06,922] Trial 5 finished with value: 0.788888888888889 and parameters: {'C': 0.9446269266990148, 'penalty': 'l2'}. Best is trial 0 with value: 0.8791666666666667.
[I 2025-05-15 07:49:06,945] Trial 6 finished with value: 0.7777777777777779 and parameters: {'C': 0.4457453393648168, 'penalty': 'l2'}. Best is trial 0 with value: 0.8791666666666667.
[I 2025-05-15 07:49:06,978] Trial 7 finished with value: 0.7555555555555555 and parameters: {'C': 0.12417585037258261, 'penalty': 'l2'}. Best is trial 0 with value: 0.8791666666666667.
[I 2025-05-15 07:49:07,002] Trial 8 finished with value: 0.7333333333333333 and parameters: {'C': 0.04753781830244093, 'penalty': 'l2'}. Best is trial 0 with value: 0.8791666666666667.
[I 2025-05-15 07:49:07,027] Trial 9 finished with value: 0.788888888888889 and parameters: {'C': 1.2959766028194148, 'penalty': 'l2'}. Best is trial 0 with value: 0.8791666666666667.
[I 2025-05-15 07:49:07,085] Trial 10 finished with value: 0.8680555555555556 and parameters: {'C': 96.02411422716075, 'penalty': 'l2'}. Best is trial 0 with value: 0.8791666666666667.
[I 2025-05-15 07:49:07,884] Trial 11 finished with value: 0.8680555555555556 and parameters: {'C': 59.9697718692158, 'penalty': 'l2'}. Best is trial 0 with value: 0.8791666666666667.
[I 2025-05-15 07:49:08,662] Trial 12 finished with value: 0.8680555555555556 and parameters: {'C': 82.8768656483412, 'penalty': 'l2'}. Best is trial 0 with value: 0.8791666666666667.
[I 2025-05-15 07:49:09,552] Trial 13 finished with value: 0.8347222222222221 and parameters: {'C': 9.596516566476016, 'penalty': 'l2'}. Best is trial 0 with value: 0.8791666666666667.
[I 2025-05-15 07:49:09,587] Trial 14 finished with value: 0.8347222222222221 and parameters: {'C': 8.256835675350551, 'penalty': 'l2'}. Best is trial 0 with value: 0.8791666666666667.
[I 2025-05-15 07:49:09,629] Trial 15 finished with value: 0.8680555555555556 and parameters: {'C': 26.496420494439075, 'penalty': 'l2'}. Best is trial 0 with value: 0.8791666666666667.
[I 2025-05-15 07:49:09,670] Trial 16 finished with value: 0.763888888888889 and parameters: {'C': 3.0038491817483806, 'penalty': 'l2'}. Best is trial 0 with value: 0.8791666666666667.
[I 2025-05-15 07:49:09,703] Trial 17 finished with value: 0.8680555555555556 and parameters: {'C': 69.67595105114795, 'penalty': 'l2'}. Best is trial 0 with value: 0.8791666666666667.
[I 2025-05-15 07:49:09,732] Trial 18 finished with value: 0.763888888888889 and parameters: {'C': 3.1043628200283595, 'penalty': 'l2'}. Best is trial 0 with value: 0.8791666666666667.
