[I 2025-05-15 07:56:39,759] Trial 29 finished with value: 0.5599999999999999 and parameters: {'n_estimators': 118, 'max_depth': 7, 'min_samples_split': 6, 'min_samples_leaf': 7}. Best is trial 3 with value: 0.6133333333333333.
[I 2025-05-15 07:56:50,616] A new study created in memory with name: svc
Parámetros guardados en checkpoint_default_Doriginal_H/random/IPC_27/best_models_random_seed_7_space_original/rf_best_params.json


>>> Optuna tuning svc metodo random IPC 27 seed 7


[I 2025-05-15 07:56:53,169] Trial 0 finished with value: 0.48 and parameters: {'C': 0.020194502448102298, 'gamma': 0.13172711156111802}. Best is trial 0 with value: 0.48.
[I 2025-05-15 07:56:53,266] Trial 1 finished with value: 0.43 and parameters: {'C': 0.5670703311028815, 'gamma': 0.0783178418343345}. Best is trial 0 with value: 0.48.
[I 2025-05-15 07:56:53,292] Trial 2 finished with value: 0.5966666666666667 and parameters: {'C': 81.65034948781698, 'gamma': 0.014255533717547383}. Best is trial 2 with value: 0.5966666666666667.
[I 2025-05-15 07:56:53,356] Trial 3 finished with value: 0.5 and parameters: {'C': 1.0103732850016278, 'gamma': 0.00019418001640357854}. Best is trial 2 with value: 0.5966666666666667.
[I 2025-05-15 07:56:53,379] Trial 4 finished with value: 0.45999999999999996 and parameters: {'C': 0.11851025167261421, 'gamma': 0.00998918377985214}. Best is trial 2 with value: 0.5966666666666667.
[I 2025-05-15 07:56:53,404] Trial 5 finished with value: 0.5766666666666667 and parameters: {'C': 5.2109869371584665, 'gamma': 0.16404241128227343}. Best is trial 2 with value: 0.5966666666666667.
[I 2025-05-15 07:56:53,428] Trial 6 finished with value: 0.5 and parameters: {'C': 0.3340138940215422, 'gamma': 0.00018354619576988685}. Best is trial 2 with value: 0.5966666666666667.
[I 2025-05-15 07:56:53,442] Trial 7 finished with value: 0.54 and parameters: {'C': 0.1420961781588805, 'gamma': 0.434884682155233}. Best is trial 2 with value: 0.5966666666666667.
[I 2025-05-15 07:56:53,466] Trial 8 finished with value: 0.45999999999999996 and parameters: {'C': 0.07137422643361827, 'gamma': 0.006434219125545069}. Best is trial 2 with value: 0.5966666666666667.
[I 2025-05-15 07:56:53,479] Trial 9 finished with value: 0.5 and parameters: {'C': 53.066944048916255, 'gamma': 0.00012577574840733457}. Best is trial 2 with value: 0.5966666666666667.
[I 2025-05-15 07:56:53,500] Trial 10 finished with value: 0.6333333333333333 and parameters: {'C': 60.67266858458046, 'gamma': 0.001366002544888146}. Best is trial 10 with value: 0.6333333333333333.
[I 2025-05-15 07:56:54,762] Trial 11 finished with value: 0.6866666666666668 and parameters: {'C': 87.21998046977028, 'gamma': 0.0015573062962550724}. Best is trial 11 with value: 0.6866666666666668.
[I 2025-05-15 07:56:56,852] Trial 12 finished with value: 0.5033333333333333 and parameters: {'C': 12.635425276453923, 'gamma': 0.0010682860945954143}. Best is trial 11 with value: 0.6866666666666668.
[I 2025-05-15 07:56:56,881] Trial 13 finished with value: 0.4966666666666667 and parameters: {'C': 15.56234148351512, 'gamma': 0.0016102295068104778}. Best is trial 11 with value: 0.6866666666666668.
[I 2025-05-15 07:56:56,935] Trial 14 finished with value: 0.5 and parameters: {'C': 5.665447713921793, 'gamma': 0.001098604001508706}. Best is trial 11 with value: 0.6866666666666668.
[I 2025-05-15 07:56:56,987] Trial 15 finished with value: 0.6666666666666667 and parameters: {'C': 30.434368387961356, 'gamma': 0.003450106275621409}. Best is trial 11 with value: 0.6866666666666668.
[I 2025-05-15 07:56:57,043] Trial 16 finished with value: 0.48999999999999994 and parameters: {'C': 2.497672910751208, 'gamma': 0.004508408306504347}. Best is trial 11 with value: 0.6866666666666668.
[I 2025-05-15 07:56:57,094] Trial 17 finished with value: 0.5966666666666667 and parameters: {'C': 22.91791557779215, 'gamma': 0.029511833211880976}. Best is trial 11 with value: 0.6866666666666668.
[I 2025-05-15 07:56:57,143] Trial 18 finished with value: 0.4666666666666667 and parameters: {'C': 28.27678729649664, 'gamma': 0.0005287755736080966}. Best is trial 11 with value: 0.6866666666666668.
[I 2025-05-15 07:56:57,166] Trial 19 finished with value: 0.45 and parameters: {'C': 6.058992231209483, 'gamma': 0.0033896084267243053}. Best is trial 11 with value: 0.6866666666666668.
[I 2025-05-15 07:56:57,211] Trial 20 finished with value: 0.6133333333333334 and parameters: {'C': 1.7125666897308374, 'gamma': 0.030807192891035503}. Best is trial 11 with value: 0.6866666666666668.
[I 2025-05-15 07:56:57,243] Trial 21 finished with value: 0.5433333333333333 and parameters: {'C': 86.25521053321529, 'gamma': 0.00045884194736215447}. Best is trial 11 with value: 0.6866666666666668.
[I 2025-05-15 07:56:57,273] Trial 22 finished with value: 0.6 and parameters: {'C': 38.70598619098791, 'gamma': 0.0017812993866895403}. Best is trial 11 with value: 0.6866666666666668.
[I 2025-05-15 07:56:57,297] Trial 23 finished with value: 0.6666666666666667 and parameters: {'C': 99.32677443010621, 'gamma': 0.0029331089539689575}. Best is trial 11 with value: 0.6866666666666668.
[I 2025-05-15 07:56:58,497] Trial 24 finished with value: 0.5 and parameters: {'C': 9.973897093408398, 'gamma': 0.0005103640439975677}. Best is trial 11 with value: 0.6866666666666668.
[I 2025-05-15 07:56:58,545] Trial 25 finished with value: 0.6666666666666667 and parameters: {'C': 90.82246916359905, 'gamma': 0.0038532276153470718}. Best is trial 11 with value: 0.6866666666666668.
[I 2025-05-15 07:56:58,588] Trial 26 finished with value: 0.5933333333333334 and parameters: {'C': 28.186562709541334, 'gamma': 0.01842439959503585}. Best is trial 11 with value: 0.6866666666666668.
[I 2025-05-15 07:56:58,639] Trial 27 finished with value: 0.65 and parameters: {'C': 37.92552480275124, 'gamma': 0.0070443803366699986}. Best is trial 11 with value: 0.6866666666666668.
[I 2025-05-15 07:56:58,703] Trial 28 finished with value: 0.5433333333333333 and parameters: {'C': 17.740838882489115, 'gamma': 0.0023714459231166094}. Best is trial 11 with value: 0.6866666666666668.
[I 2025-05-15 07:56:58,766] Trial 29 finished with value: 0.5 and parameters: {'C': 0.024683504005058293, 'gamma': 0.0007046062753640874}. Best is trial 11 with value: 0.6866666666666668.
[I 2025-05-15 07:57:11,724] A new study created in memory with name: logreg
Parámetros guardados en checkpoint_default_Doriginal_H/random/IPC_27/best_models_random_seed_7_space_original/svc_best_params.json


>>> Optuna tuning logreg metodo random IPC 27 seed 7


[I 2025-05-15 07:57:13,819] Trial 0 finished with value: 0.45999999999999996 and parameters: {'C': 0.002407362254570802, 'penalty': 'l2'}. Best is trial 0 with value: 0.45999999999999996.
[I 2025-05-15 07:57:13,865] Trial 1 finished with value: 0.6733333333333332 and parameters: {'C': 7.935859334260497, 'penalty': 'l2'}. Best is trial 1 with value: 0.6733333333333332.
[I 2025-05-15 07:57:13,889] Trial 2 finished with value: 0.5833333333333334 and parameters: {'C': 0.15561310098067915, 'penalty': 'l2'}. Best is trial 1 with value: 0.6733333333333332.
[I 2025-05-15 07:57:13,921] Trial 3 finished with value: 0.6533333333333333 and parameters: {'C': 4.143104515916128, 'penalty': 'l2'}. Best is trial 1 with value: 0.6733333333333332.
[I 2025-05-15 07:57:13,967] Trial 4 finished with value: 0.6566666666666666 and parameters: {'C': 77.61533923098803, 'penalty': 'l2'}. Best is trial 1 with value: 0.6733333333333332.
[I 2025-05-15 07:57:14,022] Trial 5 finished with value: 0.6500000000000001 and parameters: {'C': 0.49258292359934785, 'penalty': 'l2'}. Best is trial 1 with value: 0.6733333333333332.
[I 2025-05-15 07:57:14,057] Trial 6 finished with value: 0.5966666666666667 and parameters: {'C': 0.320333470047146, 'penalty': 'l2'}. Best is trial 1 with value: 0.6733333333333332.
[I 2025-05-15 07:57:14,071] Trial 7 finished with value: 0.45999999999999996 and parameters: {'C': 0.002292216671132896, 'penalty': 'l2'}. Best is trial 1 with value: 0.6733333333333332.
[I 2025-05-15 07:57:14,116] Trial 8 finished with value: 0.51 and parameters: {'C': 0.0219884643872214, 'penalty': 'l2'}. Best is trial 1 with value: 0.6733333333333332.
[I 2025-05-15 07:57:14,145] Trial 9 finished with value: 0.5966666666666667 and parameters: {'C': 0.31580027519646636, 'penalty': 'l2'}. Best is trial 1 with value: 0.6733333333333332.
[I 2025-05-15 07:57:14,204] Trial 10 finished with value: 0.6366666666666667 and parameters: {'C': 47.045226746887316, 'penalty': 'l2'}. Best is trial 1 with value: 0.6733333333333332.
[I 2025-05-15 07:57:15,582] Trial 11 finished with value: 0.6366666666666667 and parameters: {'C': 64.69271142141261, 'penalty': 'l2'}. Best is trial 1 with value: 0.6733333333333332.
[I 2025-05-15 07:57:17,256] Trial 12 finished with value: 0.6566666666666666 and parameters: {'C': 9.818422820991712, 'penalty': 'l2'}. Best is trial 1 with value: 0.6733333333333332.
[I 2025-05-15 07:57:17,294] Trial 13 finished with value: 0.6533333333333333 and parameters: {'C': 4.4447623889287895, 'penalty': 'l2'}. Best is trial 1 with value: 0.6733333333333332.
[I 2025-05-15 07:57:17,332] Trial 14 finished with value: 0.6566666666666666 and parameters: {'C': 17.57410878157983, 'penalty': 'l2'}. Best is trial 1 with value: 0.6733333333333332.
[I 2025-05-15 07:57:17,361] Trial 15 finished with value: 0.6766666666666665 and parameters: {'C': 88.49633768223259, 'penalty': 'l2'}. Best is trial 15 with value: 0.6766666666666665.
[I 2025-05-15 07:57:17,387] Trial 16 finished with value: 0.67 and parameters: {'C': 1.398986312674365, 'penalty': 'l2'}. Best is trial 15 with value: 0.6766666666666665.
[I 2025-05-15 07:57:17,416] Trial 17 finished with value: 0.6566666666666666 and parameters: {'C': 23.933077693402467, 'penalty': 'l2'}. Best is trial 15 with value: 0.6766666666666665.
[I 2025-05-15 07:57:17,464] Trial 18 finished with value: 0.6133333333333333 and parameters: {'C': 2.8382209945477457, 'penalty': 'l2'}. Best is trial 15 with value: 0.6766666666666665.
[I 2025-05-15 07:57:17,488] Trial 19 finished with value: 0.51 and parameters: {'C': 0.05383296887712903, 'penalty': 'l2'}. Best is trial 15 with value: 0.6766666666666665.
[I 2025-05-15 07:57:17,516] Trial 20 finished with value: 0.6566666666666666 and parameters: {'C': 12.287833068091237, 'penalty': 'l2'}. Best is trial 15 with value: 0.6766666666666665.
[I 2025-05-15 07:57:17,545] Trial 21 finished with value: 0.67 and parameters: {'C': 1.3692358529079596, 'penalty': 'l2'}. Best is trial 15 with value: 0.6766666666666665.
[I 2025-05-15 07:57:17,587] Trial 22 finished with value: 0.67 and parameters: {'C': 1.1687343504027479, 'penalty': 'l2'}. Best is trial 15 with value: 0.6766666666666665.
[I 2025-05-15 07:57:17,616] Trial 23 finished with value: 0.6733333333333332 and parameters: {'C': 7.158529984259627, 'penalty': 'l2'}. Best is trial 15 with value: 0.6766666666666665.
[I 2025-05-15 07:57:17,653] Trial 24 finished with value: 0.6366666666666667 and parameters: {'C': 27.067812195815943, 'penalty': 'l2'}. Best is trial 15 with value: 0.6766666666666665.
[I 2025-05-15 07:57:17,682] Trial 25 finished with value: 0.6733333333333332 and parameters: {'C': 7.541134485710999, 'penalty': 'l2'}. Best is trial 15 with value: 0.6766666666666665.
[I 2025-05-15 07:57:17,717] Trial 26 finished with value: 0.6766666666666665 and parameters: {'C': 89.38971848383504, 'penalty': 'l2'}. Best is trial 15 with value: 0.6766666666666665.
[I 2025-05-15 07:57:17,758] Trial 27 finished with value: 0.6366666666666667 and parameters: {'C': 46.25289124479499, 'penalty': 'l2'}. Best is trial 15 with value: 0.6766666666666665.
[I 2025-05-15 07:57:17,799] Trial 28 finished with value: 0.6366666666666667 and parameters: {'C': 26.974637085188874, 'penalty': 'l2'}. Best is trial 15 with value: 0.6766666666666665.
[I 2025-05-15 07:57:17,838] Trial 29 finished with value: 0.4766666666666667 and parameters: {'C': 0.011104103350344362, 'penalty': 'l2'}. Best is trial 15 with value: 0.6766666666666665.
[I 2025-05-15 07:57:27,647] A new study created in memory with name: mlp
Parámetros guardados en checkpoint_default_Doriginal_H/random/IPC_27/best_models_random_seed_7_space_original/logreg_best_params.json


>>> Optuna tuning mlp metodo random IPC 27 seed 7


/data/home/rtabares/anaconda3/envs/pyth3.12/lib/python3.12/site-packages/sklearn/neural_network/_multilayer_perceptron.py:691: ConvergenceWarning: Stochastic Optimizer: Maximum iterations (100) reached and the optimization hasn't converged yet.
  warnings.warn(
/data/home/rtabares/anaconda3/envs/pyth3.12/lib/python3.12/site-packages/sklearn/neural_network/_multilayer_perceptron.py:691: ConvergenceWarning: Stochastic Optimizer: Maximum iterations (100) reached and the optimization hasn't converged yet.
  warnings.warn(
/data/home/rtabares/anaconda3/envs/pyth3.12/lib/python3.12/site-packages/sklearn/neural_network/_multilayer_perceptron.py:691: ConvergenceWarning: Stochastic Optimizer: Maximum iterations (100) reached and the optimization hasn't converged yet.
  warnings.warn(
/data/home/rtabares/anaconda3/envs/pyth3.12/lib/python3.12/site-packages/sklearn/neural_network/_multilayer_perceptron.py:691: ConvergenceWarning: Stochastic Optimizer: Maximum iterations (100) reached and the optimization hasn't converged yet.
  warnings.warn(
/data/home/rtabares/anaconda3/envs/pyth3.12/lib/python3.12/site-packages/sklearn/neural_network/_multilayer_perceptron.py:691: ConvergenceWarning: Stochastic Optimizer: Maximum iterations (100) reached and the optimization hasn't converged yet.
  warnings.warn(
[I 2025-05-15 07:57:29,928] Trial 0 finished with value: 0.5599999999999999 and parameters: {'hidden_layer_sizes': (200,), 'max_iter': 100, 'alpha': 0.0001}. Best is trial 0 with value: 0.5599999999999999.
/data/home/rtabares/anaconda3/envs/pyth3.12/lib/python3.12/site-packages/sklearn/neural_network/_multilayer_perceptron.py:691: ConvergenceWarning: Stochastic Optimizer: Maximum iterations (100) reached and the optimization hasn't converged yet.
  warnings.warn(
/data/home/rtabares/anaconda3/envs/pyth3.12/lib/python3.12/site-packages/sklearn/neural_network/_multilayer_perceptron.py:691: ConvergenceWarning: Stochastic Optimizer: Maximum iterations (100) reached and the optimization hasn't converged yet.
  warnings.warn(
/data/home/rtabares/anaconda3/envs/pyth3.12/lib/python3.12/site-packages/sklearn/neural_network/_multilayer_perceptron.py:691: ConvergenceWarning: Stochastic Optimizer: Maximum iterations (100) reached and the optimization hasn't converged yet.
  warnings.warn(
/data/home/rtabares/anaconda3/envs/pyth3.12/lib/python3.12/site-packages/sklearn/neural_network/_multilayer_perceptron.py:691: ConvergenceWarning: Stochastic Optimizer: Maximum iterations (100) reached and the optimization hasn't converged yet.
  warnings.warn(
[I 2025-05-15 07:57:30,251] Trial 1 finished with value: 0.6166666666666667 and parameters: {'hidden_layer_sizes': (100, 100), 'max_iter': 100, 'alpha': 0.0001}. Best is trial 1 with value: 0.6166666666666667.
/data/home/rtabares/anaconda3/envs/pyth3.12/lib/python3.12/site-packages/sklearn/neural_network/_multilayer_perceptron.py:691: ConvergenceWarning: Stochastic Optimizer: Maximum iterations (100) reached and the optimization hasn't converged yet.
  warnings.warn(
/data/home/rtabares/anaconda3/envs/pyth3.12/lib/python3.12/site-packages/sklearn/neural_network/_multilayer_perceptron.py:691: ConvergenceWarning: Stochastic Optimizer: Maximum iterations (100) reached and the optimization hasn't converged yet.
  warnings.warn(
/data/home/rtabares/anaconda3/envs/pyth3.12/lib/python3.12/site-packages/sklearn/neural_network/_multilayer_perceptron.py:691: ConvergenceWarning: Stochastic Optimizer: Maximum iterations (100) reached and the optimization hasn't converged yet.
  warnings.warn(
/data/home/rtabares/anaconda3/envs/pyth3.12/lib/python3.12/site-packages/sklearn/neural_network/_multilayer_perceptron.py:691: ConvergenceWarning: Stochastic Optimizer: Maximum iterations (100) reached and the optimization hasn't converged yet.
  warnings.warn(
/data/home/rtabares/anaconda3/envs/pyth3.12/lib/python3.12/site-packages/sklearn/neural_network/_multilayer_perceptron.py:691: ConvergenceWarning: Stochastic Optimizer: Maximum iterations (100) reached and the optimization hasn't converged yet.
  warnings.warn(
[I 2025-05-15 07:57:30,539] Trial 2 finished with value: 0.5966666666666667 and parameters: {'hidden_layer_sizes': (200,), 'max_iter': 100, 'alpha': 0.001}. Best is trial 1 with value: 0.6166666666666667.
/data/home/rtabares/anaconda3/envs/pyth3.12/lib/python3.12/site-packages/sklearn/neural_network/_multilayer_perceptron.py:691: ConvergenceWarning: Stochastic Optimizer: Maximum iterations (50) reached and the optimization hasn't converged yet.
  warnings.warn(
/data/home/rtabares/anaconda3/envs/pyth3.12/lib/python3.12/site-packages/sklearn/neural_network/_multilayer_perceptron.py:691: ConvergenceWarning: Stochastic Optimizer: Maximum iterations (50) reached and the optimization hasn't converged yet.
  warnings.warn(
/data/home/rtabares/anaconda3/envs/pyth3.12/lib/python3.12/site-packages/sklearn/neural_network/_multilayer_perceptron.py:691: ConvergenceWarning: Stochastic Optimizer: Maximum iterations (50) reached and the optimization hasn't converged yet.
  warnings.warn(
/data/home/rtabares/anaconda3/envs/pyth3.12/lib/python3.12/site-packages/sklearn/neural_network/_multilayer_perceptron.py:691: ConvergenceWarning: Stochastic Optimizer: Maximum iterations (50) reached and the optimization hasn't converged yet.
  warnings.warn(
/data/home/rtabares/anaconda3/envs/pyth3.12/lib/python3.12/site-packages/sklearn/neural_network/_multilayer_perceptron.py:691: ConvergenceWarning: Stochastic Optimizer: Maximum iterations (50) reached and the optimization hasn't converged yet.
  warnings.warn(
[I 2025-05-15 07:57:30,634] Trial 3 finished with value: 0.5566666666666666 and parameters: {'hidden_layer_sizes': (100,), 'max_iter': 50, 'alpha': 0.001}. Best is trial 1 with value: 0.6166666666666667.
/data/home/rtabares/anaconda3/envs/pyth3.12/lib/python3.12/site-packages/sklearn/neural_network/_multilayer_perceptron.py:691: ConvergenceWarning: Stochastic Optimizer: Maximum iterations (50) reached and the optimization hasn't converged yet.
  warnings.warn(
/data/home/rtabares/anaconda3/envs/pyth3.12/lib/python3.12/site-packages/sklearn/neural_network/_multilayer_perceptron.py:691: ConvergenceWarning: Stochastic Optimizer: Maximum iterations (50) reached and the optimization hasn't converged yet.
  warnings.warn(
/data/home/rtabares/anaconda3/envs/pyth3.12/lib/python3.12/site-packages/sklearn/neural_network/_multilayer_perceptron.py:691: ConvergenceWarning: Stochastic Optimizer: Maximum iterations (50) reached and the optimization hasn't converged yet.
  warnings.warn(
/data/home/rtabares/anaconda3/envs/pyth3.12/lib/python3.12/site-packages/sklearn/neural_network/_multilayer_perceptron.py:691: ConvergenceWarning: Stochastic Optimizer: Maximum iterations (50) reached and the optimization hasn't converged yet.
  warnings.warn(
/data/home/rtabares/anaconda3/envs/pyth3.12/lib/python3.12/site-packages/sklearn/neural_network/_multilayer_perceptron.py:691: ConvergenceWarning: Stochastic Optimizer: Maximum iterations (50) reached and the optimization hasn't converged yet.
  warnings.warn(
[I 2025-05-15 07:57:30,718] Trial 4 finished with value: 0.5399999999999999 and parameters: {'hidden_layer_sizes': (100,), 'max_iter': 50, 'alpha': 0.0001}. Best is trial 1 with value: 0.6166666666666667.
/data/home/rtabares/anaconda3/envs/pyth3.12/lib/python3.12/site-packages/sklearn/neural_network/_multilayer_perceptron.py:691: ConvergenceWarning: Stochastic Optimizer: Maximum iterations (50) reached and the optimization hasn't converged yet.
  warnings.warn(
/data/home/rtabares/anaconda3/envs/pyth3.12/lib/python3.12/site-packages/sklearn/neural_network/_multilayer_perceptron.py:691: ConvergenceWarning: Stochastic Optimizer: Maximum iterations (50) reached and the optimization hasn't converged yet.
  warnings.warn(
/data/home/rtabares/anaconda3/envs/pyth3.12/lib/python3.12/site-packages/sklearn/neural_network/_multilayer_perceptron.py:691: ConvergenceWarning: Stochastic Optimizer: Maximum iterations (50) reached and the optimization hasn't converged yet.
  warnings.warn(
/data/home/rtabares/anaconda3/envs/pyth3.12/lib/python3.12/site-packages/sklearn/neural_network/_multilayer_perceptron.py:691: ConvergenceWarning: Stochastic Optimizer: Maximum iterations (50) reached and the optimization hasn't converged yet.
  warnings.warn(
/data/home/rtabares/anaconda3/envs/pyth3.12/lib/python3.12/site-packages/sklearn/neural_network/_multilayer_perceptron.py:691: ConvergenceWarning: Stochastic Optimizer: Maximum iterations (50) reached and the optimization hasn't converged yet.
  warnings.warn(
