[I 2025-05-15 08:08:18,971] Trial 18 finished with value: 0.3583333333333333 and parameters: {'n_estimators': 10, 'max_depth': 30, 'gamma': 0.36549326846243935, 'subsample': 0.8920093145136251, 'colsample_bytree': 0.8240459457039855}. Best is trial 10 with value: 0.5833333333333334.
/data/home/rtabares/anaconda3/envs/pyth3.12/lib/python3.12/site-packages/xgboost/core.py:377: FutureWarning: Your system has an old version of glibc (< 2.28). We will stop supporting Linux distros with glibc older than 2.28 after **May 31, 2025**. Please upgrade to a recent Linux distro (with glibc >= 2.28) to use future versions of XGBoost.
Note: You have installed the 'manylinux2014' variant of XGBoost. Certain features such as GPU algorithms or federated learning are not available. To use these features, please upgrade to a recent Linux distro with glibc 2.28+, and install the 'manylinux_2_28' variant.
  warnings.warn(
[I 2025-05-15 08:08:20,821] Trial 19 finished with value: 0.3833333333333333 and parameters: {'n_estimators': 40, 'max_depth': 30, 'gamma': 0.3992246358444977, 'subsample': 0.5011191823417127, 'colsample_bytree': 0.9581199236945126}. Best is trial 10 with value: 0.5833333333333334.
[I 2025-05-15 08:08:20,894] Trial 20 finished with value: 0.35 and parameters: {'n_estimators': 10, 'max_depth': 30, 'gamma': 0.18234446619053285, 'subsample': 0.9961764358499778, 'colsample_bytree': 0.8847723321415784}. Best is trial 10 with value: 0.5833333333333334.
[I 2025-05-15 08:08:20,939] Trial 21 finished with value: 0.5083333333333333 and parameters: {'n_estimators': 10, 'max_depth': 30, 'gamma': 0.12085631435288001, 'subsample': 0.7143218324423575, 'colsample_bytree': 0.9949372120624669}. Best is trial 10 with value: 0.5833333333333334.
[I 2025-05-15 08:08:21,005] Trial 22 finished with value: 0.4583333333333333 and parameters: {'n_estimators': 10, 'max_depth': 30, 'gamma': 0.1789308835247885, 'subsample': 0.7846197253677136, 'colsample_bytree': 0.9556463212670276}. Best is trial 10 with value: 0.5833333333333334.
[I 2025-05-15 08:08:21,063] Trial 23 finished with value: 0.4666666666666667 and parameters: {'n_estimators': 10, 'max_depth': 30, 'gamma': 0.3043919938778023, 'subsample': 0.6384498437566047, 'colsample_bytree': 0.9973633083416283}. Best is trial 10 with value: 0.5833333333333334.
[I 2025-05-15 08:08:21,109] Trial 24 finished with value: 0.5083333333333333 and parameters: {'n_estimators': 10, 'max_depth': 30, 'gamma': 0.11149512708384873, 'subsample': 0.7253884013092454, 'colsample_bytree': 0.9495325320950726}. Best is trial 10 with value: 0.5833333333333334.
[I 2025-05-15 08:08:21,173] Trial 25 finished with value: 0.4333333333333333 and parameters: {'n_estimators': 10, 'max_depth': 30, 'gamma': 0.19518491362335827, 'subsample': 0.8424161642686653, 'colsample_bytree': 0.866169405936464}. Best is trial 10 with value: 0.5833333333333334.
[I 2025-05-15 08:08:21,222] Trial 26 finished with value: 0.4833333333333333 and parameters: {'n_estimators': 10, 'max_depth': 30, 'gamma': 0.30024089525223463, 'subsample': 0.7759909773098492, 'colsample_bytree': 0.8128217355436813}. Best is trial 10 with value: 0.5833333333333334.
[I 2025-05-15 08:08:21,287] Trial 27 finished with value: 0.5666666666666667 and parameters: {'n_estimators': 10, 'max_depth': 30, 'gamma': 0.15870017997212899, 'subsample': 0.6860852461726047, 'colsample_bytree': 0.9295530511244922}. Best is trial 10 with value: 0.5833333333333334.
[I 2025-05-15 08:08:21,361] Trial 28 finished with value: 0.5416666666666666 and parameters: {'n_estimators': 40, 'max_depth': 30, 'gamma': 0.6351154334045223, 'subsample': 0.6071432817215052, 'colsample_bytree': 0.6734056400020899}. Best is trial 10 with value: 0.5833333333333334.
[I 2025-05-15 08:08:21,465] Trial 29 finished with value: 0.4583333333333333 and parameters: {'n_estimators': 100, 'max_depth': 20, 'gamma': 0.4367339720954737, 'subsample': 0.81128149553453, 'colsample_bytree': 0.9757539427180676}. Best is trial 10 with value: 0.5833333333333334.
[I 2025-05-15 08:08:43,628] A new study created in memory with name: rf
Parámetros guardados en checkpoint_default_Doriginal_H/craig/IPC_27/best_models_craig_seed_7_space_original/xgb_best_params.json


>>> Optuna tuning rf metodo craig IPC 27 seed 7


[I 2025-05-15 08:08:45,725] Trial 0 finished with value: 0.45 and parameters: {'n_estimators': 130, 'max_depth': 17, 'min_samples_split': 5, 'min_samples_leaf': 8}. Best is trial 0 with value: 0.45.
[I 2025-05-15 08:08:46,801] Trial 1 finished with value: 0.5583333333333333 and parameters: {'n_estimators': 492, 'max_depth': 12, 'min_samples_split': 6, 'min_samples_leaf': 1}. Best is trial 1 with value: 0.5583333333333333.
[I 2025-05-15 08:08:47,373] Trial 2 finished with value: 0.5 and parameters: {'n_estimators': 207, 'max_depth': 11, 'min_samples_split': 8, 'min_samples_leaf': 9}. Best is trial 1 with value: 0.5583333333333333.
[I 2025-05-15 08:08:47,857] Trial 3 finished with value: 0.5 and parameters: {'n_estimators': 252, 'max_depth': 4, 'min_samples_split': 4, 'min_samples_leaf': 10}. Best is trial 1 with value: 0.5583333333333333.
[I 2025-05-15 08:08:48,303] Trial 4 finished with value: 0.4583333333333333 and parameters: {'n_estimators': 185, 'max_depth': 11, 'min_samples_split': 10, 'min_samples_leaf': 1}. Best is trial 1 with value: 0.5583333333333333.
[I 2025-05-15 08:08:49,190] Trial 5 finished with value: 0.3166666666666667 and parameters: {'n_estimators': 340, 'max_depth': 20, 'min_samples_split': 4, 'min_samples_leaf': 6}. Best is trial 1 with value: 0.5583333333333333.
[I 2025-05-15 08:08:50,203] Trial 6 finished with value: 0.5 and parameters: {'n_estimators': 464, 'max_depth': 5, 'min_samples_split': 6, 'min_samples_leaf': 8}. Best is trial 1 with value: 0.5583333333333333.
[I 2025-05-15 08:08:50,866] Trial 7 finished with value: 0.4166666666666667 and parameters: {'n_estimators': 368, 'max_depth': 11, 'min_samples_split': 3, 'min_samples_leaf': 5}. Best is trial 1 with value: 0.5583333333333333.
[I 2025-05-15 08:08:51,541] Trial 8 finished with value: 0.5 and parameters: {'n_estimators': 249, 'max_depth': 11, 'min_samples_split': 5, 'min_samples_leaf': 9}. Best is trial 1 with value: 0.5583333333333333.
[I 2025-05-15 08:08:52,436] Trial 9 finished with value: 0.5249999999999999 and parameters: {'n_estimators': 408, 'max_depth': 8, 'min_samples_split': 7, 'min_samples_leaf': 3}. Best is trial 1 with value: 0.5583333333333333.
[I 2025-05-15 08:08:53,442] Trial 10 finished with value: 0.4416666666666667 and parameters: {'n_estimators': 479, 'max_depth': 15, 'min_samples_split': 2, 'min_samples_leaf': 1}. Best is trial 1 with value: 0.5583333333333333.
[I 2025-05-15 08:08:56,459] Trial 11 finished with value: 0.31666666666666665 and parameters: {'n_estimators': 411, 'max_depth': 7, 'min_samples_split': 7, 'min_samples_leaf': 3}. Best is trial 1 with value: 0.5583333333333333.
[I 2025-05-15 08:08:59,722] Trial 12 finished with value: 0.5083333333333334 and parameters: {'n_estimators': 498, 'max_depth': 8, 'min_samples_split': 8, 'min_samples_leaf': 3}. Best is trial 1 with value: 0.5583333333333333.
[I 2025-05-15 08:09:00,471] Trial 13 finished with value: 0.35 and parameters: {'n_estimators': 431, 'max_depth': 14, 'min_samples_split': 10, 'min_samples_leaf': 3}. Best is trial 1 with value: 0.5583333333333333.
[I 2025-05-15 08:09:01,150] Trial 14 finished with value: 0.3416666666666667 and parameters: {'n_estimators': 386, 'max_depth': 7, 'min_samples_split': 7, 'min_samples_leaf': 2}. Best is trial 1 with value: 0.5583333333333333.
[I 2025-05-15 08:09:01,785] Trial 15 finished with value: 0.4166666666666667 and parameters: {'n_estimators': 322, 'max_depth': 9, 'min_samples_split': 8, 'min_samples_leaf': 5}. Best is trial 1 with value: 0.5583333333333333.
[I 2025-05-15 08:09:02,636] Trial 16 finished with value: 0.35 and parameters: {'n_estimators': 448, 'max_depth': 14, 'min_samples_split': 6, 'min_samples_leaf': 4}. Best is trial 1 with value: 0.5583333333333333.
[I 2025-05-15 08:09:04,000] Trial 17 finished with value: 0.4 and parameters: {'n_estimators': 400, 'max_depth': 3, 'min_samples_split': 9, 'min_samples_leaf': 2}. Best is trial 1 with value: 0.5583333333333333.
[I 2025-05-15 08:09:05,052] Trial 18 finished with value: 0.475 and parameters: {'n_estimators': 301, 'max_depth': 9, 'min_samples_split': 7, 'min_samples_leaf': 1}. Best is trial 1 with value: 0.5583333333333333.
[I 2025-05-15 08:09:06,552] Trial 19 finished with value: 0.33333333333333337 and parameters: {'n_estimators': 357, 'max_depth': 6, 'min_samples_split': 5, 'min_samples_leaf': 6}. Best is trial 1 with value: 0.5583333333333333.
[I 2025-05-15 08:09:08,161] Trial 20 finished with value: 0.35 and parameters: {'n_estimators': 442, 'max_depth': 13, 'min_samples_split': 6, 'min_samples_leaf': 4}. Best is trial 1 with value: 0.5583333333333333.
[I 2025-05-15 08:09:09,776] Trial 21 finished with value: 0.475 and parameters: {'n_estimators': 493, 'max_depth': 9, 'min_samples_split': 8, 'min_samples_leaf': 3}. Best is trial 1 with value: 0.5583333333333333.
[I 2025-05-15 08:09:10,600] Trial 22 finished with value: 0.3416666666666667 and parameters: {'n_estimators': 489, 'max_depth': 8, 'min_samples_split': 8, 'min_samples_leaf': 2}. Best is trial 1 with value: 0.5583333333333333.
[I 2025-05-15 08:09:11,674] Trial 23 finished with value: 0.4666666666666666 and parameters: {'n_estimators': 496, 'max_depth': 17, 'min_samples_split': 9, 'min_samples_leaf': 4}. Best is trial 1 with value: 0.5583333333333333.
[I 2025-05-15 08:09:12,355] Trial 24 finished with value: 0.5083333333333334 and parameters: {'n_estimators': 422, 'max_depth': 9, 'min_samples_split': 7, 'min_samples_leaf': 2}. Best is trial 1 with value: 0.5583333333333333.
[I 2025-05-15 08:09:13,081] Trial 25 finished with value: 0.3416666666666667 and parameters: {'n_estimators': 457, 'max_depth': 6, 'min_samples_split': 9, 'min_samples_leaf': 3}. Best is trial 1 with value: 0.5583333333333333.
[I 2025-05-15 08:09:13,803] Trial 26 finished with value: 0.4416666666666667 and parameters: {'n_estimators': 384, 'max_depth': 12, 'min_samples_split': 6, 'min_samples_leaf': 1}. Best is trial 1 with value: 0.5583333333333333.
[I 2025-05-15 08:09:14,898] Trial 27 finished with value: 0.325 and parameters: {'n_estimators': 463, 'max_depth': 10, 'min_samples_split': 7, 'min_samples_leaf': 4}. Best is trial 1 with value: 0.5583333333333333.
[I 2025-05-15 08:09:15,902] Trial 28 finished with value: 0.4 and parameters: {'n_estimators': 418, 'max_depth': 7, 'min_samples_split': 9, 'min_samples_leaf': 2}. Best is trial 1 with value: 0.5583333333333333.
[I 2025-05-15 08:09:16,217] Trial 29 finished with value: 0.4 and parameters: {'n_estimators': 118, 'max_depth': 16, 'min_samples_split': 5, 'min_samples_leaf': 7}. Best is trial 1 with value: 0.5583333333333333.
[I 2025-05-15 08:09:25,832] A new study created in memory with name: svc
Parámetros guardados en checkpoint_default_Doriginal_H/craig/IPC_27/best_models_craig_seed_7_space_original/rf_best_params.json


>>> Optuna tuning svc metodo craig IPC 27 seed 7


[I 2025-05-15 08:09:26,589] Trial 0 finished with value: 0.5 and parameters: {'C': 0.020194502448102298, 'gamma': 0.13172711156111802}. Best is trial 0 with value: 0.5.
[I 2025-05-15 08:09:26,604] Trial 1 finished with value: 0.5 and parameters: {'C': 0.5670703311028815, 'gamma': 0.0783178418343345}. Best is trial 0 with value: 0.5.
[I 2025-05-15 08:09:26,619] Trial 2 finished with value: 0.4583333333333333 and parameters: {'C': 81.65034948781698, 'gamma': 0.014255533717547383}. Best is trial 0 with value: 0.5.
[I 2025-05-15 08:09:26,633] Trial 3 finished with value: 0.5 and parameters: {'C': 1.0103732850016278, 'gamma': 0.00019418001640357854}. Best is trial 0 with value: 0.5.
[I 2025-05-15 08:09:26,647] Trial 4 finished with value: 0.5 and parameters: {'C': 0.11851025167261421, 'gamma': 0.00998918377985214}. Best is trial 0 with value: 0.5.
[I 2025-05-15 08:09:26,662] Trial 5 finished with value: 0.5 and parameters: {'C': 5.2109869371584665, 'gamma': 0.16404241128227343}. Best is trial 0 with value: 0.5.
[I 2025-05-15 08:09:26,676] Trial 6 finished with value: 0.5 and parameters: {'C': 0.3340138940215422, 'gamma': 0.00018354619576988685}. Best is trial 0 with value: 0.5.
[I 2025-05-15 08:09:26,701] Trial 7 finished with value: 0.5 and parameters: {'C': 0.1420961781588805, 'gamma': 0.434884682155233}. Best is trial 0 with value: 0.5.
[I 2025-05-15 08:09:26,715] Trial 8 finished with value: 0.5 and parameters: {'C': 0.07137422643361827, 'gamma': 0.006434219125545069}. Best is trial 0 with value: 0.5.
[I 2025-05-15 08:09:26,731] Trial 9 finished with value: 0.4333333333333333 and parameters: {'C': 53.066944048916255, 'gamma': 0.00012577574840733457}. Best is trial 0 with value: 0.5.
[I 2025-05-15 08:09:26,755] Trial 10 finished with value: 0.5 and parameters: {'C': 0.03640440383641323, 'gamma': 0.001366002544888146}. Best is trial 0 with value: 0.5.
[I 2025-05-15 08:09:27,509] Trial 11 finished with value: 0.5 and parameters: {'C': 0.015642134075727888, 'gamma': 0.08284739156693177}. Best is trial 0 with value: 0.5.
[I 2025-05-15 08:09:29,108] Trial 12 finished with value: 0.45 and parameters: {'C': 2.042541539308275, 'gamma': 0.062102968739854686}. Best is trial 0 with value: 0.5.
[I 2025-05-15 08:09:29,130] Trial 13 finished with value: 0.5 and parameters: {'C': 11.757762049058291, 'gamma': 0.7690091639844978}. Best is trial 0 with value: 0.5.
[I 2025-05-15 08:09:29,184] Trial 14 finished with value: 0.5 and parameters: {'C': 0.31956930428763136, 'gamma': 0.03366641829774833}. Best is trial 0 with value: 0.5.
[I 2025-05-15 08:09:29,206] Trial 15 finished with value: 0.5 and parameters: {'C': 0.011464762299942399, 'gamma': 0.12337373158766507}. Best is trial 0 with value: 0.5.
[I 2025-05-15 08:09:29,258] Trial 16 finished with value: 0.5 and parameters: {'C': 9.243649737005947, 'gamma': 0.35025489141452903}. Best is trial 0 with value: 0.5.
[I 2025-05-15 08:09:29,291] Trial 17 finished with value: 0.5 and parameters: {'C': 0.43193858661721896, 'gamma': 0.0035435610332438063}. Best is trial 0 with value: 0.5.
[I 2025-05-15 08:09:29,329] Trial 18 finished with value: 0.5 and parameters: {'C': 0.03757727497852331, 'gamma': 0.028780072231295556}. Best is trial 0 with value: 0.5.
[I 2025-05-15 08:09:31,175] Trial 19 finished with value: 0.5 and parameters: {'C': 2.4758919254205765, 'gamma': 0.23811945161320214}. Best is trial 0 with value: 0.5.
[I 2025-05-15 08:09:31,204] Trial 20 finished with value: 0.5 and parameters: {'C': 32.99497225849168, 'gamma': 0.8626867943491232}. Best is trial 0 with value: 0.5.
[I 2025-05-15 08:09:31,314] Trial 21 finished with value: 0.5 and parameters: {'C': 0.970201924331721, 'gamma': 0.0003899714291212114}. Best is trial 0 with value: 0.5.
[I 2025-05-15 08:09:31,415] Trial 22 finished with value: 0.5 and parameters: {'C': 0.8449806538549841, 'gamma': 0.0015309518459159864}. Best is trial 0 with value: 0.5.
[I 2025-05-15 08:09:31,493] Trial 23 finished with value: 0.5 and parameters: {'C': 3.1280010583734907, 'gamma': 0.000514721062576244}. Best is trial 0 with value: 0.5.
[I 2025-05-15 08:09:31,543] Trial 24 finished with value: 0.5 and parameters: {'C': 0.6157518513590492, 'gamma': 0.03596516199077853}. Best is trial 0 with value: 0.5.
[I 2025-05-15 08:09:31,613] Trial 25 finished with value: 0.5 and parameters: {'C': 0.17727234566774974, 'gamma': 0.06926553101298093}. Best is trial 0 with value: 0.5.
[I 2025-05-15 08:09:31,681] Trial 26 finished with value: 0.4166666666666667 and parameters: {'C': 1.6075254265954166, 'gamma': 0.01757266191747955}. Best is trial 0 with value: 0.5.
[I 2025-05-15 08:09:31,753] Trial 27 finished with value: 0.5 and parameters: {'C': 0.0375072086782458, 'gamma': 0.004629903609316193}. Best is trial 0 with value: 0.5.
[I 2025-05-15 08:09:31,784] Trial 28 finished with value: 0.45 and parameters: {'C': 7.118863777327419, 'gamma': 0.0020862976743262675}. Best is trial 0 with value: 0.5.
[I 2025-05-15 08:09:31,809] Trial 29 finished with value: 0.5166666666666667 and parameters: {'C': 26.84636425365967, 'gamma': 0.016662810113872585}. Best is trial 29 with value: 0.5166666666666667.
[I 2025-05-15 08:09:41,208] A new study created in memory with name: logreg
Parámetros guardados en checkpoint_default_Doriginal_H/craig/IPC_27/best_models_craig_seed_7_space_original/svc_best_params.json


>>> Optuna tuning logreg metodo craig IPC 27 seed 7


[I 2025-05-15 08:09:44,770] Trial 0 finished with value: 0.5 and parameters: {'C': 0.002407362254570802, 'penalty': 'l2'}. Best is trial 0 with value: 0.5.
[I 2025-05-15 08:09:44,980] Trial 1 finished with value: 0.24166666666666664 and parameters: {'C': 7.935859334260497, 'penalty': 'l2'}. Best is trial 0 with value: 0.5.
[I 2025-05-15 08:09:45,044] Trial 2 finished with value: 0.425 and parameters: {'C': 0.15561310098067915, 'penalty': 'l2'}. Best is trial 0 with value: 0.5.
[I 2025-05-15 08:09:45,090] Trial 3 finished with value: 0.275 and parameters: {'C': 4.143104515916128, 'penalty': 'l2'}. Best is trial 0 with value: 0.5.
[I 2025-05-15 08:09:45,154] Trial 4 finished with value: 0.24166666666666664 and parameters: {'C': 77.61533923098803, 'penalty': 'l2'}. Best is trial 0 with value: 0.5.
[I 2025-05-15 08:09:45,179] Trial 5 finished with value: 0.4 and parameters: {'C': 0.49258292359934785, 'penalty': 'l2'}. Best is trial 0 with value: 0.5.
[I 2025-05-15 08:09:45,214] Trial 6 finished with value: 0.425 and parameters: {'C': 0.320333470047146, 'penalty': 'l2'}. Best is trial 0 with value: 0.5.
[I 2025-05-15 08:09:45,238] Trial 7 finished with value: 0.5 and parameters: {'C': 0.002292216671132896, 'penalty': 'l2'}. Best is trial 0 with value: 0.5.
[I 2025-05-15 08:09:45,262] Trial 8 finished with value: 0.4583333333333333 and parameters: {'C': 0.0219884643872214, 'penalty': 'l2'}. Best is trial 0 with value: 0.5.
[I 2025-05-15 08:09:45,297] Trial 9 finished with value: 0.425 and parameters: {'C': 0.31580027519646636, 'penalty': 'l2'}. Best is trial 0 with value: 0.5.
[I 2025-05-15 08:09:45,339] Trial 10 finished with value: 0.5 and parameters: {'C': 0.005028545732690317, 'penalty': 'l2'}. Best is trial 0 with value: 0.5.
[I 2025-05-15 08:09:46,702] Trial 11 finished with value: 0.5 and parameters: {'C': 0.0016548464731937077, 'penalty': 'l2'}. Best is trial 0 with value: 0.5.
[I 2025-05-15 08:09:48,218] Trial 12 finished with value: 0.4833333333333333 and parameters: {'C': 0.014451446556771878, 'penalty': 'l2'}. Best is trial 0 with value: 0.5.
[I 2025-05-15 08:09:48,246] Trial 13 finished with value: 0.5 and parameters: {'C': 0.001233537603892314, 'penalty': 'l2'}. Best is trial 0 with value: 0.5.
[I 2025-05-15 08:09:48,273] Trial 14 finished with value: 0.425 and parameters: {'C': 0.03728878420522916, 'penalty': 'l2'}. Best is trial 0 with value: 0.5.
[I 2025-05-15 08:09:48,301] Trial 15 finished with value: 0.5 and parameters: {'C': 0.005056056930693048, 'penalty': 'l2'}. Best is trial 0 with value: 0.5.
[I 2025-05-15 08:09:48,339] Trial 16 finished with value: 0.425 and parameters: {'C': 0.06105325603408848, 'penalty': 'l2'}. Best is trial 0 with value: 0.5.
[I 2025-05-15 08:09:48,369] Trial 17 finished with value: 0.5 and parameters: {'C': 0.005932663642969973, 'penalty': 'l2'}. Best is trial 0 with value: 0.5.
[I 2025-05-15 08:09:48,392] Trial 18 finished with value: 0.5 and parameters: {'C': 0.0012489720333864972, 'penalty': 'l2'}. Best is trial 0 with value: 0.5.
[I 2025-05-15 08:09:48,433] Trial 19 finished with value: 0.4833333333333333 and parameters: {'C': 0.010840641908437795, 'penalty': 'l2'}. Best is trial 0 with value: 0.5.
[I 2025-05-15 08:09:48,476] Trial 20 finished with value: 0.3 and parameters: {'C': 1.6412268850767395, 'penalty': 'l2'}. Best is trial 0 with value: 0.5.
[I 2025-05-15 08:09:48,505] Trial 21 finished with value: 0.5 and parameters: {'C': 0.004310960359244311, 'penalty': 'l2'}. Best is trial 0 with value: 0.5.
[I 2025-05-15 08:09:48,536] Trial 22 finished with value: 0.5 and parameters: {'C': 0.003800963737110666, 'penalty': 'l2'}. Best is trial 0 with value: 0.5.
[I 2025-05-15 08:09:48,572] Trial 23 finished with value: 0.425 and parameters: {'C': 0.07861888192514002, 'penalty': 'l2'}. Best is trial 0 with value: 0.5.
[I 2025-05-15 08:09:50,120] Trial 24 finished with value: 0.5 and parameters: {'C': 0.002917210280291227, 'penalty': 'l2'}. Best is trial 0 with value: 0.5.
[I 2025-05-15 08:09:50,139] Trial 25 finished with value: 0.4833333333333333 and parameters: {'C': 0.011558492627503799, 'penalty': 'l2'}. Best is trial 0 with value: 0.5.
[I 2025-05-15 08:09:50,177] Trial 26 finished with value: 0.5 and parameters: {'C': 0.0010123753466979404, 'penalty': 'l2'}. Best is trial 0 with value: 0.5.
[I 2025-05-15 08:09:50,213] Trial 27 finished with value: 0.425 and parameters: {'C': 0.03252256495764886, 'penalty': 'l2'}. Best is trial 0 with value: 0.5.
[I 2025-05-15 08:09:50,257] Trial 28 finished with value: 0.5 and parameters: {'C': 0.0024318454248036863, 'penalty': 'l2'}. Best is trial 0 with value: 0.5.
