[I 2025-05-15 07:40:49,711] Trial 3 finished with value: 0.65 and parameters: {'n_estimators': 10, 'max_depth': 20, 'gamma': 0.7041784887453524, 'subsample': 0.7995029565695583, 'colsample_bytree': 0.8586660727777565}. Best is trial 1 with value: 0.7066666666666667.
/data/home/rtabares/anaconda3/envs/pyth3.12/lib/python3.12/site-packages/xgboost/core.py:377: FutureWarning: Your system has an old version of glibc (< 2.28). We will stop supporting Linux distros with glibc older than 2.28 after **May 31, 2025**. Please upgrade to a recent Linux distro (with glibc >= 2.28) to use future versions of XGBoost.
Note: You have installed the 'manylinux2014' variant of XGBoost. Certain features such as GPU algorithms or federated learning are not available. To use these features, please upgrade to a recent Linux distro with glibc 2.28+, and install the 'manylinux_2_28' variant.
  warnings.warn(
/data/home/rtabares/anaconda3/envs/pyth3.12/lib/python3.12/site-packages/xgboost/core.py:377: FutureWarning: Your system has an old version of glibc (< 2.28). We will stop supporting Linux distros with glibc older than 2.28 after **May 31, 2025**. Please upgrade to a recent Linux distro (with glibc >= 2.28) to use future versions of XGBoost.
Note: You have installed the 'manylinux2014' variant of XGBoost. Certain features such as GPU algorithms or federated learning are not available. To use these features, please upgrade to a recent Linux distro with glibc 2.28+, and install the 'manylinux_2_28' variant.
  warnings.warn(
[I 2025-05-15 07:40:49,755] Trial 4 finished with value: 0.7033333333333334 and parameters: {'n_estimators': 10, 'max_depth': 20, 'gamma': 0.46549701645255037, 'subsample': 0.9946899241400011, 'colsample_bytree': 0.725249640372583}. Best is trial 1 with value: 0.7066666666666667.
/data/home/rtabares/anaconda3/envs/pyth3.12/lib/python3.12/site-packages/xgboost/core.py:377: FutureWarning: Your system has an old version of glibc (< 2.28). We will stop supporting Linux distros with glibc older than 2.28 after **May 31, 2025**. Please upgrade to a recent Linux distro (with glibc >= 2.28) to use future versions of XGBoost.
Note: You have installed the 'manylinux2014' variant of XGBoost. Certain features such as GPU algorithms or federated learning are not available. To use these features, please upgrade to a recent Linux distro with glibc 2.28+, and install the 'manylinux_2_28' variant.
  warnings.warn(
[I 2025-05-15 07:40:49,821] Trial 5 finished with value: 0.7033333333333334 and parameters: {'n_estimators': 40, 'max_depth': 20, 'gamma': 0.3554734452019276, 'subsample': 0.5947710951851903, 'colsample_bytree': 0.7356254823676576}. Best is trial 1 with value: 0.7066666666666667.
/data/home/rtabares/anaconda3/envs/pyth3.12/lib/python3.12/site-packages/xgboost/core.py:377: FutureWarning: Your system has an old version of glibc (< 2.28). We will stop supporting Linux distros with glibc older than 2.28 after **May 31, 2025**. Please upgrade to a recent Linux distro (with glibc >= 2.28) to use future versions of XGBoost.
Note: You have installed the 'manylinux2014' variant of XGBoost. Certain features such as GPU algorithms or federated learning are not available. To use these features, please upgrade to a recent Linux distro with glibc 2.28+, and install the 'manylinux_2_28' variant.
  warnings.warn(
/data/home/rtabares/anaconda3/envs/pyth3.12/lib/python3.12/site-packages/xgboost/core.py:377: FutureWarning: Your system has an old version of glibc (< 2.28). We will stop supporting Linux distros with glibc older than 2.28 after **May 31, 2025**. Please upgrade to a recent Linux distro (with glibc >= 2.28) to use future versions of XGBoost.
Note: You have installed the 'manylinux2014' variant of XGBoost. Certain features such as GPU algorithms or federated learning are not available. To use these features, please upgrade to a recent Linux distro with glibc 2.28+, and install the 'manylinux_2_28' variant.
  warnings.warn(
[I 2025-05-15 07:40:49,896] Trial 6 finished with value: 0.6666666666666666 and parameters: {'n_estimators': 40, 'max_depth': 20, 'gamma': 0.8967376717636345, 'subsample': 0.988276510203839, 'colsample_bytree': 0.9184542964535913}. Best is trial 1 with value: 0.7066666666666667.
/data/home/rtabares/anaconda3/envs/pyth3.12/lib/python3.12/site-packages/xgboost/core.py:377: FutureWarning: Your system has an old version of glibc (< 2.28). We will stop supporting Linux distros with glibc older than 2.28 after **May 31, 2025**. Please upgrade to a recent Linux distro (with glibc >= 2.28) to use future versions of XGBoost.
Note: You have installed the 'manylinux2014' variant of XGBoost. Certain features such as GPU algorithms or federated learning are not available. To use these features, please upgrade to a recent Linux distro with glibc 2.28+, and install the 'manylinux_2_28' variant.
  warnings.warn(
/data/home/rtabares/anaconda3/envs/pyth3.12/lib/python3.12/site-packages/xgboost/core.py:377: FutureWarning: Your system has an old version of glibc (< 2.28). We will stop supporting Linux distros with glibc older than 2.28 after **May 31, 2025**. Please upgrade to a recent Linux distro (with glibc >= 2.28) to use future versions of XGBoost.
Note: You have installed the 'manylinux2014' variant of XGBoost. Certain features such as GPU algorithms or federated learning are not available. To use these features, please upgrade to a recent Linux distro with glibc 2.28+, and install the 'manylinux_2_28' variant.
  warnings.warn(
[I 2025-05-15 07:40:49,952] Trial 7 finished with value: 0.6866666666666668 and parameters: {'n_estimators': 40, 'max_depth': 30, 'gamma': 0.7149068474388774, 'subsample': 0.5696358027454862, 'colsample_bytree': 0.8514125286992056}. Best is trial 1 with value: 0.7066666666666667.
/data/home/rtabares/anaconda3/envs/pyth3.12/lib/python3.12/site-packages/xgboost/core.py:377: FutureWarning: Your system has an old version of glibc (< 2.28). We will stop supporting Linux distros with glibc older than 2.28 after **May 31, 2025**. Please upgrade to a recent Linux distro (with glibc >= 2.28) to use future versions of XGBoost.
Note: You have installed the 'manylinux2014' variant of XGBoost. Certain features such as GPU algorithms or federated learning are not available. To use these features, please upgrade to a recent Linux distro with glibc 2.28+, and install the 'manylinux_2_28' variant.
  warnings.warn(
[I 2025-05-15 07:40:50,021] Trial 8 finished with value: 0.6366666666666667 and parameters: {'n_estimators': 100, 'max_depth': 30, 'gamma': 0.2471398756881566, 'subsample': 0.8241126205332553, 'colsample_bytree': 0.6258070715852391}. Best is trial 1 with value: 0.7066666666666667.
/data/home/rtabares/anaconda3/envs/pyth3.12/lib/python3.12/site-packages/xgboost/core.py:377: FutureWarning: Your system has an old version of glibc (< 2.28). We will stop supporting Linux distros with glibc older than 2.28 after **May 31, 2025**. Please upgrade to a recent Linux distro (with glibc >= 2.28) to use future versions of XGBoost.
Note: You have installed the 'manylinux2014' variant of XGBoost. Certain features such as GPU algorithms or federated learning are not available. To use these features, please upgrade to a recent Linux distro with glibc 2.28+, and install the 'manylinux_2_28' variant.
  warnings.warn(
/data/home/rtabares/anaconda3/envs/pyth3.12/lib/python3.12/site-packages/xgboost/core.py:377: FutureWarning: Your system has an old version of glibc (< 2.28). We will stop supporting Linux distros with glibc older than 2.28 after **May 31, 2025**. Please upgrade to a recent Linux distro (with glibc >= 2.28) to use future versions of XGBoost.
Note: You have installed the 'manylinux2014' variant of XGBoost. Certain features such as GPU algorithms or federated learning are not available. To use these features, please upgrade to a recent Linux distro with glibc 2.28+, and install the 'manylinux_2_28' variant.
  warnings.warn(
[I 2025-05-15 07:40:50,085] Trial 9 finished with value: 0.65 and parameters: {'n_estimators': 40, 'max_depth': 30, 'gamma': 0.8599846034069103, 'subsample': 0.8019332783535529, 'colsample_bytree': 0.7936068454878676}. Best is trial 1 with value: 0.7066666666666667.
/data/home/rtabares/anaconda3/envs/pyth3.12/lib/python3.12/site-packages/xgboost/core.py:377: FutureWarning: Your system has an old version of glibc (< 2.28). We will stop supporting Linux distros with glibc older than 2.28 after **May 31, 2025**. Please upgrade to a recent Linux distro (with glibc >= 2.28) to use future versions of XGBoost.
Note: You have installed the 'manylinux2014' variant of XGBoost. Certain features such as GPU algorithms or federated learning are not available. To use these features, please upgrade to a recent Linux distro with glibc 2.28+, and install the 'manylinux_2_28' variant.
  warnings.warn(
/data/home/rtabares/anaconda3/envs/pyth3.12/lib/python3.12/site-packages/xgboost/core.py:377: FutureWarning: Your system has an old version of glibc (< 2.28). We will stop supporting Linux distros with glibc older than 2.28 after **May 31, 2025**. Please upgrade to a recent Linux distro (with glibc >= 2.28) to use future versions of XGBoost.
Note: You have installed the 'manylinux2014' variant of XGBoost. Certain features such as GPU algorithms or federated learning are not available. To use these features, please upgrade to a recent Linux distro with glibc 2.28+, and install the 'manylinux_2_28' variant.
  warnings.warn(
[I 2025-05-15 07:40:50,156] Trial 10 finished with value: 0.6866666666666665 and parameters: {'n_estimators': 100, 'max_depth': 5, 'gamma': 0.985518481083803, 'subsample': 0.8995678910481815, 'colsample_bytree': 0.5289314784806454}. Best is trial 1 with value: 0.7066666666666667.
/data/home/rtabares/anaconda3/envs/pyth3.12/lib/python3.12/site-packages/xgboost/core.py:377: FutureWarning: Your system has an old version of glibc (< 2.28). We will stop supporting Linux distros with glibc older than 2.28 after **May 31, 2025**. Please upgrade to a recent Linux distro (with glibc >= 2.28) to use future versions of XGBoost.
Note: You have installed the 'manylinux2014' variant of XGBoost. Certain features such as GPU algorithms or federated learning are not available. To use these features, please upgrade to a recent Linux distro with glibc 2.28+, and install the 'manylinux_2_28' variant.
  warnings.warn(
[I 2025-05-15 07:40:51,338] Trial 11 finished with value: 0.74 and parameters: {'n_estimators': 100, 'max_depth': 5, 'gamma': 0.40966526279690063, 'subsample': 0.9912642884135212, 'colsample_bytree': 0.7130874746489031}. Best is trial 11 with value: 0.74.
/data/home/rtabares/anaconda3/envs/pyth3.12/lib/python3.12/site-packages/xgboost/core.py:377: FutureWarning: Your system has an old version of glibc (< 2.28). We will stop supporting Linux distros with glibc older than 2.28 after **May 31, 2025**. Please upgrade to a recent Linux distro (with glibc >= 2.28) to use future versions of XGBoost.
Note: You have installed the 'manylinux2014' variant of XGBoost. Certain features such as GPU algorithms or federated learning are not available. To use these features, please upgrade to a recent Linux distro with glibc 2.28+, and install the 'manylinux_2_28' variant.
  warnings.warn(
/data/home/rtabares/anaconda3/envs/pyth3.12/lib/python3.12/site-packages/xgboost/core.py:377: FutureWarning: Your system has an old version of glibc (< 2.28). We will stop supporting Linux distros with glibc older than 2.28 after **May 31, 2025**. Please upgrade to a recent Linux distro (with glibc >= 2.28) to use future versions of XGBoost.
Note: You have installed the 'manylinux2014' variant of XGBoost. Certain features such as GPU algorithms or federated learning are not available. To use these features, please upgrade to a recent Linux distro with glibc 2.28+, and install the 'manylinux_2_28' variant.
  warnings.warn(
/data/home/rtabares/anaconda3/envs/pyth3.12/lib/python3.12/site-packages/xgboost/core.py:377: FutureWarning: Your system has an old version of glibc (< 2.28). We will stop supporting Linux distros with glibc older than 2.28 after **May 31, 2025**. Please upgrade to a recent Linux distro (with glibc >= 2.28) to use future versions of XGBoost.
Note: You have installed the 'manylinux2014' variant of XGBoost. Certain features such as GPU algorithms or federated learning are not available. To use these features, please upgrade to a recent Linux distro with glibc 2.28+, and install the 'manylinux_2_28' variant.
  warnings.warn(
/data/home/rtabares/anaconda3/envs/pyth3.12/lib/python3.12/site-packages/xgboost/core.py:377: FutureWarning: Your system has an old version of glibc (< 2.28). We will stop supporting Linux distros with glibc older than 2.28 after **May 31, 2025**. Please upgrade to a recent Linux distro (with glibc >= 2.28) to use future versions of XGBoost.
Note: You have installed the 'manylinux2014' variant of XGBoost. Certain features such as GPU algorithms or federated learning are not available. To use these features, please upgrade to a recent Linux distro with glibc 2.28+, and install the 'manylinux_2_28' variant.
  warnings.warn(
[I 2025-05-15 07:40:52,830] Trial 12 finished with value: 0.6866666666666665 and parameters: {'n_estimators': 100, 'max_depth': 5, 'gamma': 0.11747018931448144, 'subsample': 0.9052937871500907, 'colsample_bytree': 0.6518755305410909}. Best is trial 11 with value: 0.74.
[I 2025-05-15 07:40:52,933] Trial 13 finished with value: 0.73 and parameters: {'n_estimators': 100, 'max_depth': 5, 'gamma': 0.5018319722117944, 'subsample': 0.8986942551769247, 'colsample_bytree': 0.7675965088957537}. Best is trial 11 with value: 0.74.
[I 2025-05-15 07:40:53,003] Trial 14 finished with value: 0.6700000000000002 and parameters: {'n_estimators': 100, 'max_depth': 5, 'gamma': 0.48240073498803965, 'subsample': 0.6930056832540513, 'colsample_bytree': 0.8050119333108009}. Best is trial 11 with value: 0.74.
[I 2025-05-15 07:40:53,062] Trial 15 finished with value: 0.6866666666666668 and parameters: {'n_estimators': 100, 'max_depth': 5, 'gamma': 0.33991907937375415, 'subsample': 0.9350191019190179, 'colsample_bytree': 0.9949338198179204}. Best is trial 11 with value: 0.74.
[I 2025-05-15 07:40:53,127] Trial 16 finished with value: 0.65 and parameters: {'n_estimators': 100, 'max_depth': 5, 'gamma': 0.5883567252446563, 'subsample': 0.8643366969674596, 'colsample_bytree': 0.7990343258811852}. Best is trial 11 with value: 0.74.
[I 2025-05-15 07:40:53,202] Trial 17 finished with value: 0.6900000000000001 and parameters: {'n_estimators': 100, 'max_depth': 5, 'gamma': 0.36353217387091924, 'subsample': 0.5053007952589881, 'colsample_bytree': 0.5882516697087418}. Best is trial 11 with value: 0.74.
[I 2025-05-15 07:40:53,320] Trial 18 finished with value: 0.6866666666666668 and parameters: {'n_estimators': 100, 'max_depth': 5, 'gamma': 0.21381857787822528, 'subsample': 0.9551766488363292, 'colsample_bytree': 0.8759134373833908}. Best is trial 11 with value: 0.74.
[I 2025-05-15 07:40:53,387] Trial 19 finished with value: 0.6699999999999999 and parameters: {'n_estimators': 100, 'max_depth': 5, 'gamma': 0.453092001225104, 'subsample': 0.8466273039600206, 'colsample_bytree': 0.6860517650076073}. Best is trial 11 with value: 0.74.
[I 2025-05-15 07:40:53,465] Trial 20 finished with value: 0.6666666666666666 and parameters: {'n_estimators': 100, 'max_depth': 5, 'gamma': 0.6302588885853175, 'subsample': 0.7373423778137582, 'colsample_bytree': 0.9262639495244771}. Best is trial 11 with value: 0.74.
[I 2025-05-15 07:40:53,540] Trial 21 finished with value: 0.7433333333333334 and parameters: {'n_estimators': 100, 'max_depth': 30, 'gamma': 0.5008639373242714, 'subsample': 0.887803392685077, 'colsample_bytree': 0.7198469297121799}. Best is trial 21 with value: 0.7433333333333334.
[I 2025-05-15 07:40:53,622] Trial 22 finished with value: 0.6866666666666668 and parameters: {'n_estimators': 100, 'max_depth': 30, 'gamma': 0.50603496231673, 'subsample': 0.9569711506259652, 'colsample_bytree': 0.7606750079602844}. Best is trial 21 with value: 0.7433333333333334.
[I 2025-05-15 07:40:53,698] Trial 23 finished with value: 0.6900000000000001 and parameters: {'n_estimators': 100, 'max_depth': 5, 'gamma': 0.26258972971235084, 'subsample': 0.8729709473518582, 'colsample_bytree': 0.7585990657524152}. Best is trial 21 with value: 0.7433333333333334.
[I 2025-05-15 07:40:53,770] Trial 24 finished with value: 0.6866666666666668 and parameters: {'n_estimators': 100, 'max_depth': 30, 'gamma': 0.4146278050465302, 'subsample': 0.9497378247210169, 'colsample_bytree': 0.636600003781136}. Best is trial 21 with value: 0.7433333333333334.
[I 2025-05-15 07:40:53,846] Trial 25 finished with value: 0.7033333333333334 and parameters: {'n_estimators': 100, 'max_depth': 5, 'gamma': 0.5430223136297465, 'subsample': 0.9954115604473258, 'colsample_bytree': 0.7032569373988454}. Best is trial 21 with value: 0.7433333333333334.
[I 2025-05-15 07:40:53,948] Trial 26 finished with value: 0.71 and parameters: {'n_estimators': 100, 'max_depth': 30, 'gamma': 0.6345973056950355, 'subsample': 0.885093567987763, 'colsample_bytree': 0.759171358666666}. Best is trial 21 with value: 0.7433333333333334.
[I 2025-05-15 07:40:54,007] Trial 27 finished with value: 0.6900000000000001 and parameters: {'n_estimators': 100, 'max_depth': 5, 'gamma': 0.4030602847104135, 'subsample': 0.9358384998787423, 'colsample_bytree': 0.6069941730840367}. Best is trial 21 with value: 0.7433333333333334.
[I 2025-05-15 07:40:54,049] Trial 28 finished with value: 0.6300000000000001 and parameters: {'n_estimators': 10, 'max_depth': 5, 'gamma': 0.32859051117093807, 'subsample': 0.8415310627904065, 'colsample_bytree': 0.8215778170270085}. Best is trial 21 with value: 0.7433333333333334.
[I 2025-05-15 07:40:54,101] Trial 29 finished with value: 0.7033333333333334 and parameters: {'n_estimators': 40, 'max_depth': 30, 'gamma': 0.542088727134055, 'subsample': 0.6978828918392843, 'colsample_bytree': 0.6950652824754487}. Best is trial 21 with value: 0.7433333333333334.
[I 2025-05-15 07:41:35,772] A new study created in memory with name: rf
Parámetros guardados en checkpoint_default_Doriginal_H/random/IPC_27/best_models_random_seed_6_space_original/xgb_best_params.json


>>> Optuna tuning rf metodo random IPC 27 seed 6


[I 2025-05-15 07:41:41,726] Trial 0 finished with value: 0.7066666666666667 and parameters: {'n_estimators': 458, 'max_depth': 8, 'min_samples_split': 9, 'min_samples_leaf': 1}. Best is trial 0 with value: 0.7066666666666667.
[I 2025-05-15 07:41:42,748] Trial 1 finished with value: 0.6666666666666666 and parameters: {'n_estimators': 143, 'max_depth': 13, 'min_samples_split': 6, 'min_samples_leaf': 5}. Best is trial 0 with value: 0.7066666666666667.
[I 2025-05-15 07:41:43,487] Trial 2 finished with value: 0.6133333333333334 and parameters: {'n_estimators': 234, 'max_depth': 14, 'min_samples_split': 5, 'min_samples_leaf': 8}. Best is trial 0 with value: 0.7066666666666667.
[I 2025-05-15 07:41:44,733] Trial 3 finished with value: 0.63 and parameters: {'n_estimators': 307, 'max_depth': 13, 'min_samples_split': 7, 'min_samples_leaf': 10}. Best is trial 0 with value: 0.7066666666666667.
[I 2025-05-15 07:41:46,245] Trial 4 finished with value: 0.6166666666666667 and parameters: {'n_estimators': 428, 'max_depth': 10, 'min_samples_split': 9, 'min_samples_leaf': 9}. Best is trial 0 with value: 0.7066666666666667.
[I 2025-05-15 07:41:46,677] Trial 5 finished with value: 0.6533333333333334 and parameters: {'n_estimators': 121, 'max_depth': 15, 'min_samples_split': 9, 'min_samples_leaf': 8}. Best is trial 0 with value: 0.7066666666666667.
[I 2025-05-15 07:41:47,862] Trial 6 finished with value: 0.6166666666666668 and parameters: {'n_estimators': 384, 'max_depth': 12, 'min_samples_split': 3, 'min_samples_leaf': 10}. Best is trial 0 with value: 0.7066666666666667.
[I 2025-05-15 07:41:48,850] Trial 7 finished with value: 0.6133333333333334 and parameters: {'n_estimators': 261, 'max_depth': 6, 'min_samples_split': 8, 'min_samples_leaf': 10}. Best is trial 0 with value: 0.7066666666666667.
[I 2025-05-15 07:41:49,490] Trial 8 finished with value: 0.6333333333333333 and parameters: {'n_estimators': 202, 'max_depth': 15, 'min_samples_split': 7, 'min_samples_leaf': 8}. Best is trial 0 with value: 0.7066666666666667.
[I 2025-05-15 07:41:51,120] Trial 9 finished with value: 0.6900000000000001 and parameters: {'n_estimators': 475, 'max_depth': 9, 'min_samples_split': 4, 'min_samples_leaf': 5}. Best is trial 0 with value: 0.7066666666666667.
[I 2025-05-15 07:41:52,167] Trial 10 finished with value: 0.7633333333333333 and parameters: {'n_estimators': 352, 'max_depth': 20, 'min_samples_split': 10, 'min_samples_leaf': 1}. Best is trial 10 with value: 0.7633333333333333.
[I 2025-05-15 07:41:54,211] Trial 11 finished with value: 0.7066666666666667 and parameters: {'n_estimators': 363, 'max_depth': 20, 'min_samples_split': 10, 'min_samples_leaf': 1}. Best is trial 10 with value: 0.7633333333333333.
[I 2025-05-15 07:41:55,857] Trial 12 finished with value: 0.7066666666666667 and parameters: {'n_estimators': 489, 'max_depth': 4, 'min_samples_split': 10, 'min_samples_leaf': 1}. Best is trial 10 with value: 0.7633333333333333.
[I 2025-05-15 07:41:58,275] Trial 13 finished with value: 0.6900000000000001 and parameters: {'n_estimators': 351, 'max_depth': 20, 'min_samples_split': 10, 'min_samples_leaf': 3}. Best is trial 10 with value: 0.7633333333333333.
[I 2025-05-15 07:42:00,064] Trial 14 finished with value: 0.7433333333333334 and parameters: {'n_estimators': 426, 'max_depth': 7, 'min_samples_split': 8, 'min_samples_leaf': 3}. Best is trial 10 with value: 0.7633333333333333.
