[I 2025-05-15 07:37:33,893] Trial 5 finished with value: 0.5847222222222223 and parameters: {'n_estimators': 40, 'max_depth': 5, 'gamma': 0.5364379674896123, 'subsample': 0.5145557818363589, 'colsample_bytree': 0.5432628442011025}. Best is trial 2 with value: 0.6194444444444445.
/data/home/rtabares/anaconda3/envs/pyth3.12/lib/python3.12/site-packages/xgboost/core.py:377: FutureWarning: Your system has an old version of glibc (< 2.28). We will stop supporting Linux distros with glibc older than 2.28 after **May 31, 2025**. Please upgrade to a recent Linux distro (with glibc >= 2.28) to use future versions of XGBoost.
Note: You have installed the 'manylinux2014' variant of XGBoost. Certain features such as GPU algorithms or federated learning are not available. To use these features, please upgrade to a recent Linux distro with glibc 2.28+, and install the 'manylinux_2_28' variant.
  warnings.warn(
/data/home/rtabares/anaconda3/envs/pyth3.12/lib/python3.12/site-packages/xgboost/core.py:377: FutureWarning: Your system has an old version of glibc (< 2.28). We will stop supporting Linux distros with glibc older than 2.28 after **May 31, 2025**. Please upgrade to a recent Linux distro (with glibc >= 2.28) to use future versions of XGBoost.
Note: You have installed the 'manylinux2014' variant of XGBoost. Certain features such as GPU algorithms or federated learning are not available. To use these features, please upgrade to a recent Linux distro with glibc 2.28+, and install the 'manylinux_2_28' variant.
  warnings.warn(
[I 2025-05-15 07:37:33,981] Trial 6 finished with value: 0.5263888888888888 and parameters: {'n_estimators': 100, 'max_depth': 20, 'gamma': 0.6718205850237038, 'subsample': 0.9059511955902053, 'colsample_bytree': 0.9633413076219371}. Best is trial 2 with value: 0.6194444444444445.
/data/home/rtabares/anaconda3/envs/pyth3.12/lib/python3.12/site-packages/xgboost/core.py:377: FutureWarning: Your system has an old version of glibc (< 2.28). We will stop supporting Linux distros with glibc older than 2.28 after **May 31, 2025**. Please upgrade to a recent Linux distro (with glibc >= 2.28) to use future versions of XGBoost.
Note: You have installed the 'manylinux2014' variant of XGBoost. Certain features such as GPU algorithms or federated learning are not available. To use these features, please upgrade to a recent Linux distro with glibc 2.28+, and install the 'manylinux_2_28' variant.
  warnings.warn(
/data/home/rtabares/anaconda3/envs/pyth3.12/lib/python3.12/site-packages/xgboost/core.py:377: FutureWarning: Your system has an old version of glibc (< 2.28). We will stop supporting Linux distros with glibc older than 2.28 after **May 31, 2025**. Please upgrade to a recent Linux distro (with glibc >= 2.28) to use future versions of XGBoost.
Note: You have installed the 'manylinux2014' variant of XGBoost. Certain features such as GPU algorithms or federated learning are not available. To use these features, please upgrade to a recent Linux distro with glibc 2.28+, and install the 'manylinux_2_28' variant.
  warnings.warn(
/data/home/rtabares/anaconda3/envs/pyth3.12/lib/python3.12/site-packages/xgboost/core.py:377: FutureWarning: Your system has an old version of glibc (< 2.28). We will stop supporting Linux distros with glibc older than 2.28 after **May 31, 2025**. Please upgrade to a recent Linux distro (with glibc >= 2.28) to use future versions of XGBoost.
Note: You have installed the 'manylinux2014' variant of XGBoost. Certain features such as GPU algorithms or federated learning are not available. To use these features, please upgrade to a recent Linux distro with glibc 2.28+, and install the 'manylinux_2_28' variant.
  warnings.warn(
[I 2025-05-15 07:37:34,045] Trial 7 finished with value: 0.5930555555555556 and parameters: {'n_estimators': 10, 'max_depth': 30, 'gamma': 0.8165284487704038, 'subsample': 0.5255714015506736, 'colsample_bytree': 0.594333867896554}. Best is trial 2 with value: 0.6194444444444445.
/data/home/rtabares/anaconda3/envs/pyth3.12/lib/python3.12/site-packages/xgboost/core.py:377: FutureWarning: Your system has an old version of glibc (< 2.28). We will stop supporting Linux distros with glibc older than 2.28 after **May 31, 2025**. Please upgrade to a recent Linux distro (with glibc >= 2.28) to use future versions of XGBoost.
Note: You have installed the 'manylinux2014' variant of XGBoost. Certain features such as GPU algorithms or federated learning are not available. To use these features, please upgrade to a recent Linux distro with glibc 2.28+, and install the 'manylinux_2_28' variant.
  warnings.warn(
/data/home/rtabares/anaconda3/envs/pyth3.12/lib/python3.12/site-packages/xgboost/core.py:377: FutureWarning: Your system has an old version of glibc (< 2.28). We will stop supporting Linux distros with glibc older than 2.28 after **May 31, 2025**. Please upgrade to a recent Linux distro (with glibc >= 2.28) to use future versions of XGBoost.
Note: You have installed the 'manylinux2014' variant of XGBoost. Certain features such as GPU algorithms or federated learning are not available. To use these features, please upgrade to a recent Linux distro with glibc 2.28+, and install the 'manylinux_2_28' variant.
  warnings.warn(
[I 2025-05-15 07:37:34,112] Trial 8 finished with value: 0.5736111111111111 and parameters: {'n_estimators': 100, 'max_depth': 20, 'gamma': 0.6251497693480509, 'subsample': 0.9696496759824258, 'colsample_bytree': 0.9717700410079397}. Best is trial 2 with value: 0.6194444444444445.
/data/home/rtabares/anaconda3/envs/pyth3.12/lib/python3.12/site-packages/xgboost/core.py:377: FutureWarning: Your system has an old version of glibc (< 2.28). We will stop supporting Linux distros with glibc older than 2.28 after **May 31, 2025**. Please upgrade to a recent Linux distro (with glibc >= 2.28) to use future versions of XGBoost.
Note: You have installed the 'manylinux2014' variant of XGBoost. Certain features such as GPU algorithms or federated learning are not available. To use these features, please upgrade to a recent Linux distro with glibc 2.28+, and install the 'manylinux_2_28' variant.
  warnings.warn(
/data/home/rtabares/anaconda3/envs/pyth3.12/lib/python3.12/site-packages/xgboost/core.py:377: FutureWarning: Your system has an old version of glibc (< 2.28). We will stop supporting Linux distros with glibc older than 2.28 after **May 31, 2025**. Please upgrade to a recent Linux distro (with glibc >= 2.28) to use future versions of XGBoost.
Note: You have installed the 'manylinux2014' variant of XGBoost. Certain features such as GPU algorithms or federated learning are not available. To use these features, please upgrade to a recent Linux distro with glibc 2.28+, and install the 'manylinux_2_28' variant.
  warnings.warn(
[I 2025-05-15 07:37:34,169] Trial 9 finished with value: 0.4875 and parameters: {'n_estimators': 40, 'max_depth': 30, 'gamma': 0.9649927737686168, 'subsample': 0.6857563076640036, 'colsample_bytree': 0.5061847058001788}. Best is trial 2 with value: 0.6194444444444445.
/data/home/rtabares/anaconda3/envs/pyth3.12/lib/python3.12/site-packages/xgboost/core.py:377: FutureWarning: Your system has an old version of glibc (< 2.28). We will stop supporting Linux distros with glibc older than 2.28 after **May 31, 2025**. Please upgrade to a recent Linux distro (with glibc >= 2.28) to use future versions of XGBoost.
Note: You have installed the 'manylinux2014' variant of XGBoost. Certain features such as GPU algorithms or federated learning are not available. To use these features, please upgrade to a recent Linux distro with glibc 2.28+, and install the 'manylinux_2_28' variant.
  warnings.warn(
/data/home/rtabares/anaconda3/envs/pyth3.12/lib/python3.12/site-packages/xgboost/core.py:377: FutureWarning: Your system has an old version of glibc (< 2.28). We will stop supporting Linux distros with glibc older than 2.28 after **May 31, 2025**. Please upgrade to a recent Linux distro (with glibc >= 2.28) to use future versions of XGBoost.
Note: You have installed the 'manylinux2014' variant of XGBoost. Certain features such as GPU algorithms or federated learning are not available. To use these features, please upgrade to a recent Linux distro with glibc 2.28+, and install the 'manylinux_2_28' variant.
  warnings.warn(
/data/home/rtabares/anaconda3/envs/pyth3.12/lib/python3.12/site-packages/xgboost/core.py:377: FutureWarning: Your system has an old version of glibc (< 2.28). We will stop supporting Linux distros with glibc older than 2.28 after **May 31, 2025**. Please upgrade to a recent Linux distro (with glibc >= 2.28) to use future versions of XGBoost.
Note: You have installed the 'manylinux2014' variant of XGBoost. Certain features such as GPU algorithms or federated learning are not available. To use these features, please upgrade to a recent Linux distro with glibc 2.28+, and install the 'manylinux_2_28' variant.
  warnings.warn(
[I 2025-05-15 07:37:34,233] Trial 10 finished with value: 0.5972222222222221 and parameters: {'n_estimators': 10, 'max_depth': 20, 'gamma': 0.15482815647859693, 'subsample': 0.6132127088663918, 'colsample_bytree': 0.767362544653007}. Best is trial 2 with value: 0.6194444444444445.
/data/home/rtabares/anaconda3/envs/pyth3.12/lib/python3.12/site-packages/xgboost/core.py:377: FutureWarning: Your system has an old version of glibc (< 2.28). We will stop supporting Linux distros with glibc older than 2.28 after **May 31, 2025**. Please upgrade to a recent Linux distro (with glibc >= 2.28) to use future versions of XGBoost.
Note: You have installed the 'manylinux2014' variant of XGBoost. Certain features such as GPU algorithms or federated learning are not available. To use these features, please upgrade to a recent Linux distro with glibc 2.28+, and install the 'manylinux_2_28' variant.
  warnings.warn(
[I 2025-05-15 07:37:34,306] Trial 11 finished with value: 0.5736111111111111 and parameters: {'n_estimators': 10, 'max_depth': 20, 'gamma': 0.1591775883705288, 'subsample': 0.6155848620153465, 'colsample_bytree': 0.7908416095488662}. Best is trial 2 with value: 0.6194444444444445.
[I 2025-05-15 07:37:34,356] Trial 12 finished with value: 0.548611111111111 and parameters: {'n_estimators': 10, 'max_depth': 20, 'gamma': 0.1554074180041368, 'subsample': 0.6163822093100453, 'colsample_bytree': 0.725618526332078}. Best is trial 2 with value: 0.6194444444444445.
[I 2025-05-15 07:37:34,411] Trial 13 finished with value: 0.5736111111111111 and parameters: {'n_estimators': 10, 'max_depth': 20, 'gamma': 0.3552667583114842, 'subsample': 0.6109744065191631, 'colsample_bytree': 0.7210507983968109}. Best is trial 2 with value: 0.6194444444444445.
[I 2025-05-15 07:37:34,459] Trial 14 finished with value: 0.6055555555555555 and parameters: {'n_estimators': 10, 'max_depth': 20, 'gamma': 0.30531816984965615, 'subsample': 0.8178895135644505, 'colsample_bytree': 0.8746757523592015}. Best is trial 2 with value: 0.6194444444444445.
[I 2025-05-15 07:37:34,489] Trial 15 finished with value: 0.5736111111111111 and parameters: {'n_estimators': 10, 'max_depth': 20, 'gamma': 0.3726525540222209, 'subsample': 0.8216569481206385, 'colsample_bytree': 0.8930322923421485}. Best is trial 2 with value: 0.6194444444444445.
/data/home/rtabares/anaconda3/envs/pyth3.12/lib/python3.12/site-packages/xgboost/core.py:377: FutureWarning: Your system has an old version of glibc (< 2.28). We will stop supporting Linux distros with glibc older than 2.28 after **May 31, 2025**. Please upgrade to a recent Linux distro (with glibc >= 2.28) to use future versions of XGBoost.
Note: You have installed the 'manylinux2014' variant of XGBoost. Certain features such as GPU algorithms or federated learning are not available. To use these features, please upgrade to a recent Linux distro with glibc 2.28+, and install the 'manylinux_2_28' variant.
  warnings.warn(
[I 2025-05-15 07:37:35,291] Trial 16 finished with value: 0.5402777777777777 and parameters: {'n_estimators': 10, 'max_depth': 20, 'gamma': 0.47013403018943484, 'subsample': 0.8380596889863778, 'colsample_bytree': 0.8627430864016015}. Best is trial 2 with value: 0.6194444444444445.
/data/home/rtabares/anaconda3/envs/pyth3.12/lib/python3.12/site-packages/xgboost/core.py:377: FutureWarning: Your system has an old version of glibc (< 2.28). We will stop supporting Linux distros with glibc older than 2.28 after **May 31, 2025**. Please upgrade to a recent Linux distro (with glibc >= 2.28) to use future versions of XGBoost.
Note: You have installed the 'manylinux2014' variant of XGBoost. Certain features such as GPU algorithms or federated learning are not available. To use these features, please upgrade to a recent Linux distro with glibc 2.28+, and install the 'manylinux_2_28' variant.
  warnings.warn(
[I 2025-05-15 07:37:36,158] Trial 17 finished with value: 0.5375 and parameters: {'n_estimators': 10, 'max_depth': 20, 'gamma': 0.26661711511998826, 'subsample': 0.7960200786362753, 'colsample_bytree': 0.8826080205435504}. Best is trial 2 with value: 0.6194444444444445.
/data/home/rtabares/anaconda3/envs/pyth3.12/lib/python3.12/site-packages/xgboost/core.py:377: FutureWarning: Your system has an old version of glibc (< 2.28). We will stop supporting Linux distros with glibc older than 2.28 after **May 31, 2025**. Please upgrade to a recent Linux distro (with glibc >= 2.28) to use future versions of XGBoost.
Note: You have installed the 'manylinux2014' variant of XGBoost. Certain features such as GPU algorithms or federated learning are not available. To use these features, please upgrade to a recent Linux distro with glibc 2.28+, and install the 'manylinux_2_28' variant.
  warnings.warn(
[I 2025-05-15 07:37:36,992] Trial 18 finished with value: 0.5388888888888889 and parameters: {'n_estimators': 10, 'max_depth': 20, 'gamma': 0.44300954879266374, 'subsample': 0.8896800268012185, 'colsample_bytree': 0.8331310806518663}. Best is trial 2 with value: 0.6194444444444445.
/data/home/rtabares/anaconda3/envs/pyth3.12/lib/python3.12/site-packages/xgboost/core.py:377: FutureWarning: Your system has an old version of glibc (< 2.28). We will stop supporting Linux distros with glibc older than 2.28 after **May 31, 2025**. Please upgrade to a recent Linux distro (with glibc >= 2.28) to use future versions of XGBoost.
Note: You have installed the 'manylinux2014' variant of XGBoost. Certain features such as GPU algorithms or federated learning are not available. To use these features, please upgrade to a recent Linux distro with glibc 2.28+, and install the 'manylinux_2_28' variant.
  warnings.warn(
/data/home/rtabares/anaconda3/envs/pyth3.12/lib/python3.12/site-packages/xgboost/core.py:377: FutureWarning: Your system has an old version of glibc (< 2.28). We will stop supporting Linux distros with glibc older than 2.28 after **May 31, 2025**. Please upgrade to a recent Linux distro (with glibc >= 2.28) to use future versions of XGBoost.
Note: You have installed the 'manylinux2014' variant of XGBoost. Certain features such as GPU algorithms or federated learning are not available. To use these features, please upgrade to a recent Linux distro with glibc 2.28+, and install the 'manylinux_2_28' variant.
  warnings.warn(
[I 2025-05-15 07:37:38,522] Trial 19 finished with value: 0.5277777777777778 and parameters: {'n_estimators': 40, 'max_depth': 5, 'gamma': 0.27741102582494864, 'subsample': 0.7337148117141207, 'colsample_bytree': 0.6676053359201292}. Best is trial 2 with value: 0.6194444444444445.
[I 2025-05-15 07:37:38,580] Trial 20 finished with value: 0.5375 and parameters: {'n_estimators': 10, 'max_depth': 20, 'gamma': 0.6028651135560029, 'subsample': 0.6743826835512102, 'colsample_bytree': 0.9348664549191552}. Best is trial 2 with value: 0.6194444444444445.
[I 2025-05-15 07:37:38,659] Trial 21 finished with value: 0.5722222222222222 and parameters: {'n_estimators': 10, 'max_depth': 20, 'gamma': 0.11654088457705841, 'subsample': 0.5572862464487324, 'colsample_bytree': 0.7871860120176107}. Best is trial 2 with value: 0.6194444444444445.
[I 2025-05-15 07:37:38,713] Trial 22 finished with value: 0.5847222222222221 and parameters: {'n_estimators': 10, 'max_depth': 20, 'gamma': 0.2369768219204837, 'subsample': 0.5774748244377755, 'colsample_bytree': 0.6906852924681974}. Best is trial 2 with value: 0.6194444444444445.
[I 2025-05-15 07:37:38,741] Trial 23 finished with value: 0.5722222222222222 and parameters: {'n_estimators': 10, 'max_depth': 20, 'gamma': 0.23151071074636775, 'subsample': 0.6430086474678001, 'colsample_bytree': 0.5896511751963954}. Best is trial 2 with value: 0.6194444444444445.
[I 2025-05-15 07:37:38,788] Trial 24 finished with value: 0.5625 and parameters: {'n_estimators': 10, 'max_depth': 20, 'gamma': 0.42946180732402484, 'subsample': 0.7620462188134666, 'colsample_bytree': 0.8303937051329624}. Best is trial 2 with value: 0.6194444444444445.
[I 2025-05-15 07:37:38,846] Trial 25 finished with value: 0.5375 and parameters: {'n_estimators': 10, 'max_depth': 20, 'gamma': 0.3092512392007525, 'subsample': 0.5749326628139696, 'colsample_bytree': 0.9213182683374059}. Best is trial 2 with value: 0.6194444444444445.
[I 2025-05-15 07:37:38,904] Trial 26 finished with value: 0.5513888888888887 and parameters: {'n_estimators': 10, 'max_depth': 20, 'gamma': 0.18661608923811265, 'subsample': 0.8608973569631369, 'colsample_bytree': 0.7622444453804414}. Best is trial 2 with value: 0.6194444444444445.
[I 2025-05-15 07:37:38,949] Trial 27 finished with value: 0.5513888888888888 and parameters: {'n_estimators': 10, 'max_depth': 20, 'gamma': 0.4872536661807869, 'subsample': 0.6553802099383629, 'colsample_bytree': 0.999865786723994}. Best is trial 2 with value: 0.6194444444444445.
[I 2025-05-15 07:37:39,018] Trial 28 finished with value: 0.5152777777777777 and parameters: {'n_estimators': 40, 'max_depth': 5, 'gamma': 0.3879884891973689, 'subsample': 0.7814761682492076, 'colsample_bytree': 0.8333909042999671}. Best is trial 2 with value: 0.6194444444444445.
[I 2025-05-15 07:37:39,120] Trial 29 finished with value: 0.5402777777777777 and parameters: {'n_estimators': 100, 'max_depth': 30, 'gamma': 0.1938851852020941, 'subsample': 0.7291574601780597, 'colsample_bytree': 0.6378524873006001}. Best is trial 2 with value: 0.6194444444444445.
[I 2025-05-15 07:37:53,819] A new study created in memory with name: rf
Parámetros guardados en checkpoint_adult_Doriginal_G/k_center/IPC_43/best_models_k_center_seed_5_space_original/xgb_best_params.json


>>> Optuna tuning rf metodo k_center IPC 43 seed 5


[I 2025-05-15 07:37:56,279] Trial 0 finished with value: 0.6291666666666667 and parameters: {'n_estimators': 189, 'max_depth': 18, 'min_samples_split': 3, 'min_samples_leaf': 10}. Best is trial 0 with value: 0.6291666666666667.
[I 2025-05-15 07:37:56,827] Trial 1 finished with value: 0.6305555555555555 and parameters: {'n_estimators': 295, 'max_depth': 14, 'min_samples_split': 8, 'min_samples_leaf': 6}. Best is trial 1 with value: 0.6305555555555555.
[I 2025-05-15 07:37:57,247] Trial 2 finished with value: 0.6166666666666666 and parameters: {'n_estimators': 219, 'max_depth': 6, 'min_samples_split': 2, 'min_samples_leaf': 8}. Best is trial 1 with value: 0.6305555555555555.
[I 2025-05-15 07:37:58,419] Trial 3 finished with value: 0.5472222222222222 and parameters: {'n_estimators': 276, 'max_depth': 5, 'min_samples_split': 9, 'min_samples_leaf': 3}. Best is trial 1 with value: 0.6305555555555555.
[I 2025-05-15 07:37:59,913] Trial 4 finished with value: 0.6291666666666667 and parameters: {'n_estimators': 266, 'max_depth': 8, 'min_samples_split': 7, 'min_samples_leaf': 6}. Best is trial 1 with value: 0.6305555555555555.
[I 2025-05-15 07:38:00,900] Trial 5 finished with value: 0.548611111111111 and parameters: {'n_estimators': 340, 'max_depth': 7, 'min_samples_split': 4, 'min_samples_leaf': 3}. Best is trial 1 with value: 0.6305555555555555.
[I 2025-05-15 07:38:01,389] Trial 6 finished with value: 0.6055555555555555 and parameters: {'n_estimators': 231, 'max_depth': 5, 'min_samples_split': 3, 'min_samples_leaf': 10}. Best is trial 1 with value: 0.6305555555555555.
[I 2025-05-15 07:38:02,149] Trial 7 finished with value: 0.5375 and parameters: {'n_estimators': 485, 'max_depth': 6, 'min_samples_split': 2, 'min_samples_leaf': 3}. Best is trial 1 with value: 0.6305555555555555.
[I 2025-05-15 07:38:02,742] Trial 8 finished with value: 0.5972222222222222 and parameters: {'n_estimators': 380, 'max_depth': 17, 'min_samples_split': 2, 'min_samples_leaf': 6}. Best is trial 1 with value: 0.6305555555555555.
[I 2025-05-15 07:38:02,899] Trial 9 finished with value: 0.5930555555555556 and parameters: {'n_estimators': 100, 'max_depth': 12, 'min_samples_split': 7, 'min_samples_leaf': 10}. Best is trial 1 with value: 0.6305555555555555.
[I 2025-05-15 07:38:03,478] Trial 10 finished with value: 0.6069444444444445 and parameters: {'n_estimators': 446, 'max_depth': 13, 'min_samples_split': 10, 'min_samples_leaf': 5}. Best is trial 1 with value: 0.6305555555555555.
[I 2025-05-15 07:38:04,549] Trial 11 finished with value: 0.586111111111111 and parameters: {'n_estimators': 149, 'max_depth': 20, 'min_samples_split': 5, 'min_samples_leaf': 1}. Best is trial 1 with value: 0.6305555555555555.
[I 2025-05-15 07:38:05,457] Trial 12 finished with value: 0.5972222222222222 and parameters: {'n_estimators': 179, 'max_depth': 16, 'min_samples_split': 8, 'min_samples_leaf': 8}. Best is trial 1 with value: 0.6305555555555555.
[I 2025-05-15 07:38:06,810] Trial 13 finished with value: 0.6013888888888889 and parameters: {'n_estimators': 336, 'max_depth': 16, 'min_samples_split': 6, 'min_samples_leaf': 8}. Best is trial 1 with value: 0.6305555555555555.
[I 2025-05-15 07:38:07,119] Trial 14 finished with value: 0.6569444444444443 and parameters: {'n_estimators': 179, 'max_depth': 20, 'min_samples_split': 5, 'min_samples_leaf': 9}. Best is trial 14 with value: 0.6569444444444443.
