[I 2025-05-15 08:05:06,347] Trial 10 finished with value: 0.9875 and parameters: {'n_estimators': 40, 'max_depth': 30, 'gamma': 0.13445536345660636, 'subsample': 0.5091072311743174, 'colsample_bytree': 0.633084257063925}. Best is trial 0 with value: 0.9875.
/data/home/rtabares/anaconda3/envs/pyth3.12/lib/python3.12/site-packages/xgboost/core.py:377: FutureWarning: Your system has an old version of glibc (< 2.28). We will stop supporting Linux distros with glibc older than 2.28 after **May 31, 2025**. Please upgrade to a recent Linux distro (with glibc >= 2.28) to use future versions of XGBoost.
Note: You have installed the 'manylinux2014' variant of XGBoost. Certain features such as GPU algorithms or federated learning are not available. To use these features, please upgrade to a recent Linux distro with glibc 2.28+, and install the 'manylinux_2_28' variant.
  warnings.warn(
/data/home/rtabares/anaconda3/envs/pyth3.12/lib/python3.12/site-packages/xgboost/core.py:377: FutureWarning: Your system has an old version of glibc (< 2.28). We will stop supporting Linux distros with glibc older than 2.28 after **May 31, 2025**. Please upgrade to a recent Linux distro (with glibc >= 2.28) to use future versions of XGBoost.
Note: You have installed the 'manylinux2014' variant of XGBoost. Certain features such as GPU algorithms or federated learning are not available. To use these features, please upgrade to a recent Linux distro with glibc 2.28+, and install the 'manylinux_2_28' variant.
  warnings.warn(
[I 2025-05-15 08:05:06,460] Trial 11 finished with value: 0.9875 and parameters: {'n_estimators': 40, 'max_depth': 30, 'gamma': 0.2681645700627216, 'subsample': 0.5149217080986768, 'colsample_bytree': 0.6573928964995871}. Best is trial 0 with value: 0.9875.
/data/home/rtabares/anaconda3/envs/pyth3.12/lib/python3.12/site-packages/xgboost/core.py:377: FutureWarning: Your system has an old version of glibc (< 2.28). We will stop supporting Linux distros with glibc older than 2.28 after **May 31, 2025**. Please upgrade to a recent Linux distro (with glibc >= 2.28) to use future versions of XGBoost.
Note: You have installed the 'manylinux2014' variant of XGBoost. Certain features such as GPU algorithms or federated learning are not available. To use these features, please upgrade to a recent Linux distro with glibc 2.28+, and install the 'manylinux_2_28' variant.
  warnings.warn(
/data/home/rtabares/anaconda3/envs/pyth3.12/lib/python3.12/site-packages/xgboost/core.py:377: FutureWarning: Your system has an old version of glibc (< 2.28). We will stop supporting Linux distros with glibc older than 2.28 after **May 31, 2025**. Please upgrade to a recent Linux distro (with glibc >= 2.28) to use future versions of XGBoost.
Note: You have installed the 'manylinux2014' variant of XGBoost. Certain features such as GPU algorithms or federated learning are not available. To use these features, please upgrade to a recent Linux distro with glibc 2.28+, and install the 'manylinux_2_28' variant.
  warnings.warn(
[I 2025-05-15 08:05:08,198] Trial 12 finished with value: 0.9875 and parameters: {'n_estimators': 10, 'max_depth': 20, 'gamma': 0.7081376218947077, 'subsample': 0.5800576653454524, 'colsample_bytree': 0.9833112921049016}. Best is trial 0 with value: 0.9875.
[I 2025-05-15 08:05:08,307] Trial 13 finished with value: 0.975 and parameters: {'n_estimators': 40, 'max_depth': 20, 'gamma': 0.7361150977900042, 'subsample': 0.5689890579461889, 'colsample_bytree': 0.8091740729727609}. Best is trial 0 with value: 0.9875.
[I 2025-05-15 08:05:08,375] Trial 14 finished with value: 0.9875 and parameters: {'n_estimators': 10, 'max_depth': 30, 'gamma': 0.8482768549156741, 'subsample': 0.7522334370573833, 'colsample_bytree': 0.6857845495827785}. Best is trial 0 with value: 0.9875.
[I 2025-05-15 08:05:08,447] Trial 15 finished with value: 0.9875 and parameters: {'n_estimators': 40, 'max_depth': 5, 'gamma': 0.6285436107550151, 'subsample': 0.5051076021006287, 'colsample_bytree': 0.8486242019519444}. Best is trial 0 with value: 0.9875.
[I 2025-05-15 08:05:08,543] Trial 16 finished with value: 0.9875 and parameters: {'n_estimators': 40, 'max_depth': 20, 'gamma': 0.3851209698407902, 'subsample': 0.7419182861985638, 'colsample_bytree': 0.6193736325200182}. Best is trial 0 with value: 0.9875.
[I 2025-05-15 08:05:08,650] Trial 17 finished with value: 0.9875 and parameters: {'n_estimators': 10, 'max_depth': 5, 'gamma': 0.11224461077351439, 'subsample': 0.6002132644393778, 'colsample_bytree': 0.7644858281307861}. Best is trial 0 with value: 0.9875.
/data/home/rtabares/anaconda3/envs/pyth3.12/lib/python3.12/site-packages/xgboost/core.py:377: FutureWarning: Your system has an old version of glibc (< 2.28). We will stop supporting Linux distros with glibc older than 2.28 after **May 31, 2025**. Please upgrade to a recent Linux distro (with glibc >= 2.28) to use future versions of XGBoost.
Note: You have installed the 'manylinux2014' variant of XGBoost. Certain features such as GPU algorithms or federated learning are not available. To use these features, please upgrade to a recent Linux distro with glibc 2.28+, and install the 'manylinux_2_28' variant.
  warnings.warn(
/data/home/rtabares/anaconda3/envs/pyth3.12/lib/python3.12/site-packages/xgboost/core.py:377: FutureWarning: Your system has an old version of glibc (< 2.28). We will stop supporting Linux distros with glibc older than 2.28 after **May 31, 2025**. Please upgrade to a recent Linux distro (with glibc >= 2.28) to use future versions of XGBoost.
Note: You have installed the 'manylinux2014' variant of XGBoost. Certain features such as GPU algorithms or federated learning are not available. To use these features, please upgrade to a recent Linux distro with glibc 2.28+, and install the 'manylinux_2_28' variant.
  warnings.warn(
/data/home/rtabares/anaconda3/envs/pyth3.12/lib/python3.12/site-packages/xgboost/core.py:377: FutureWarning: Your system has an old version of glibc (< 2.28). We will stop supporting Linux distros with glibc older than 2.28 after **May 31, 2025**. Please upgrade to a recent Linux distro (with glibc >= 2.28) to use future versions of XGBoost.
Note: You have installed the 'manylinux2014' variant of XGBoost. Certain features such as GPU algorithms or federated learning are not available. To use these features, please upgrade to a recent Linux distro with glibc 2.28+, and install the 'manylinux_2_28' variant.
  warnings.warn(
[I 2025-05-15 08:05:10,526] Trial 18 finished with value: 0.9875 and parameters: {'n_estimators': 40, 'max_depth': 20, 'gamma': 0.8613527117299435, 'subsample': 0.5555755157512686, 'colsample_bytree': 0.5028732448871562}. Best is trial 0 with value: 0.9875.
[I 2025-05-15 08:05:10,614] Trial 19 finished with value: 0.9875 and parameters: {'n_estimators': 10, 'max_depth': 30, 'gamma': 0.9936397074228487, 'subsample': 0.6401832072889282, 'colsample_bytree': 0.9015884723384824}. Best is trial 0 with value: 0.9875.
[I 2025-05-15 08:05:10,724] Trial 20 finished with value: 0.9875 and parameters: {'n_estimators': 40, 'max_depth': 20, 'gamma': 0.31091928305702765, 'subsample': 0.9961764358499778, 'colsample_bytree': 0.6926839754836145}. Best is trial 0 with value: 0.9875.
[I 2025-05-15 08:05:10,767] Trial 21 finished with value: 0.9875 and parameters: {'n_estimators': 10, 'max_depth': 20, 'gamma': 0.5970937319788981, 'subsample': 0.7001047212269744, 'colsample_bytree': 0.9757233531748878}. Best is trial 0 with value: 0.9875.
[I 2025-05-15 08:05:10,853] Trial 22 finished with value: 0.9875 and parameters: {'n_estimators': 10, 'max_depth': 20, 'gamma': 0.4581211256986712, 'subsample': 0.6398171262325628, 'colsample_bytree': 0.9154407174302049}. Best is trial 0 with value: 0.9875.
[I 2025-05-15 08:05:10,914] Trial 23 finished with value: 0.9875 and parameters: {'n_estimators': 10, 'max_depth': 20, 'gamma': 0.5943096932805854, 'subsample': 0.5461064000525095, 'colsample_bytree': 0.9006902120162429}. Best is trial 0 with value: 0.9875.
[I 2025-05-15 08:05:10,965] Trial 24 finished with value: 0.9875 and parameters: {'n_estimators': 10, 'max_depth': 20, 'gamma': 0.7767647220647534, 'subsample': 0.704942261100846, 'colsample_bytree': 0.820791814029228}. Best is trial 0 with value: 0.9875.
[I 2025-05-15 08:05:11,086] Trial 25 finished with value: 0.9875 and parameters: {'n_estimators': 10, 'max_depth': 5, 'gamma': 0.25122977154654863, 'subsample': 0.7908624961655643, 'colsample_bytree': 0.9364368636151938}. Best is trial 0 with value: 0.9875.
[I 2025-05-15 08:05:11,146] Trial 26 finished with value: 0.9875 and parameters: {'n_estimators': 10, 'max_depth': 20, 'gamma': 0.6566701699694626, 'subsample': 0.6031793518538138, 'colsample_bytree': 0.7766753008964452}. Best is trial 0 with value: 0.9875.
[I 2025-05-15 08:05:11,223] Trial 27 finished with value: 0.9875 and parameters: {'n_estimators': 10, 'max_depth': 20, 'gamma': 0.5485850663721353, 'subsample': 0.5393233046645602, 'colsample_bytree': 0.8621915062197983}. Best is trial 0 with value: 0.9875.
[I 2025-05-15 08:05:11,329] Trial 28 finished with value: 0.9875 and parameters: {'n_estimators': 100, 'max_depth': 30, 'gamma': 0.4134957321756575, 'subsample': 0.6679921987352292, 'colsample_bytree': 0.5859798508184331}. Best is trial 0 with value: 0.9875.
[I 2025-05-15 08:05:11,420] Trial 29 finished with value: 0.975 and parameters: {'n_estimators': 40, 'max_depth': 5, 'gamma': 0.9040897973529161, 'subsample': 0.6177849595535602, 'colsample_bytree': 0.6980332431594081}. Best is trial 0 with value: 0.9875.
[I 2025-05-15 08:05:26,138] A new study created in memory with name: rf
Parámetros guardados en checkpoint_adult_Doriginal_G/k-means/IPC_43/best_models_k-means_seed_7_space_original/xgb_best_params.json


>>> Optuna tuning rf metodo k-means IPC 43 seed 7


[I 2025-05-15 08:05:29,396] Trial 0 finished with value: 1.0 and parameters: {'n_estimators': 130, 'max_depth': 17, 'min_samples_split': 5, 'min_samples_leaf': 8}. Best is trial 0 with value: 1.0.
[I 2025-05-15 08:05:30,484] Trial 1 finished with value: 0.9875 and parameters: {'n_estimators': 492, 'max_depth': 12, 'min_samples_split': 6, 'min_samples_leaf': 1}. Best is trial 0 with value: 1.0.
[I 2025-05-15 08:05:30,903] Trial 2 finished with value: 1.0 and parameters: {'n_estimators': 207, 'max_depth': 11, 'min_samples_split': 8, 'min_samples_leaf': 9}. Best is trial 0 with value: 1.0.
[I 2025-05-15 08:05:31,322] Trial 3 finished with value: 1.0 and parameters: {'n_estimators': 252, 'max_depth': 4, 'min_samples_split': 4, 'min_samples_leaf': 10}. Best is trial 0 with value: 1.0.
[I 2025-05-15 08:05:31,661] Trial 4 finished with value: 1.0 and parameters: {'n_estimators': 185, 'max_depth': 11, 'min_samples_split': 10, 'min_samples_leaf': 1}. Best is trial 0 with value: 1.0.
[I 2025-05-15 08:05:32,305] Trial 5 finished with value: 1.0 and parameters: {'n_estimators': 340, 'max_depth': 20, 'min_samples_split': 4, 'min_samples_leaf': 6}. Best is trial 0 with value: 1.0.
[I 2025-05-15 08:05:33,070] Trial 6 finished with value: 1.0 and parameters: {'n_estimators': 464, 'max_depth': 5, 'min_samples_split': 6, 'min_samples_leaf': 8}. Best is trial 0 with value: 1.0.
[I 2025-05-15 08:05:33,729] Trial 7 finished with value: 1.0 and parameters: {'n_estimators': 368, 'max_depth': 11, 'min_samples_split': 3, 'min_samples_leaf': 5}. Best is trial 0 with value: 1.0.
[I 2025-05-15 08:05:34,129] Trial 8 finished with value: 1.0 and parameters: {'n_estimators': 249, 'max_depth': 11, 'min_samples_split': 5, 'min_samples_leaf': 9}. Best is trial 0 with value: 1.0.
[I 2025-05-15 08:05:35,270] Trial 9 finished with value: 1.0 and parameters: {'n_estimators': 408, 'max_depth': 8, 'min_samples_split': 7, 'min_samples_leaf': 3}. Best is trial 0 with value: 1.0.
[I 2025-05-15 08:05:35,777] Trial 10 finished with value: 1.0 and parameters: {'n_estimators': 156, 'max_depth': 19, 'min_samples_split': 2, 'min_samples_leaf': 7}. Best is trial 0 with value: 1.0.
[I 2025-05-15 08:05:37,514] Trial 11 finished with value: 1.0 and parameters: {'n_estimators': 123, 'max_depth': 16, 'min_samples_split': 9, 'min_samples_leaf': 10}. Best is trial 0 with value: 1.0.
[I 2025-05-15 08:05:38,986] Trial 12 finished with value: 1.0 and parameters: {'n_estimators': 211, 'max_depth': 15, 'min_samples_split': 8, 'min_samples_leaf': 8}. Best is trial 0 with value: 1.0.
[I 2025-05-15 08:05:40,941] Trial 13 finished with value: 1.0 and parameters: {'n_estimators': 100, 'max_depth': 16, 'min_samples_split': 8, 'min_samples_leaf': 5}. Best is trial 0 with value: 1.0.
[I 2025-05-15 08:05:41,406] Trial 14 finished with value: 1.0 and parameters: {'n_estimators': 282, 'max_depth': 8, 'min_samples_split': 7, 'min_samples_leaf': 8}. Best is trial 0 with value: 1.0.
[I 2025-05-15 08:05:41,733] Trial 15 finished with value: 1.0 and parameters: {'n_estimators': 198, 'max_depth': 14, 'min_samples_split': 10, 'min_samples_leaf': 7}. Best is trial 0 with value: 1.0.
[I 2025-05-15 08:05:41,994] Trial 16 finished with value: 1.0 and parameters: {'n_estimators': 145, 'max_depth': 18, 'min_samples_split': 5, 'min_samples_leaf': 9}. Best is trial 0 with value: 1.0.
[I 2025-05-15 08:05:42,628] Trial 17 finished with value: 1.0 and parameters: {'n_estimators': 234, 'max_depth': 7, 'min_samples_split': 8, 'min_samples_leaf': 6}. Best is trial 0 with value: 1.0.
[I 2025-05-15 08:05:43,688] Trial 18 finished with value: 1.0 and parameters: {'n_estimators': 307, 'max_depth': 13, 'min_samples_split': 7, 'min_samples_leaf': 9}. Best is trial 0 with value: 1.0.
[I 2025-05-15 08:05:44,174] Trial 19 finished with value: 1.0 and parameters: {'n_estimators': 168, 'max_depth': 9, 'min_samples_split': 4, 'min_samples_leaf': 4}. Best is trial 0 with value: 1.0.
[I 2025-05-15 08:05:44,392] Trial 20 finished with value: 1.0 and parameters: {'n_estimators': 101, 'max_depth': 17, 'min_samples_split': 6, 'min_samples_leaf': 7}. Best is trial 0 with value: 1.0.
[I 2025-05-15 08:05:45,012] Trial 21 finished with value: 1.0 and parameters: {'n_estimators': 270, 'max_depth': 3, 'min_samples_split': 4, 'min_samples_leaf': 10}. Best is trial 0 with value: 1.0.
[I 2025-05-15 08:05:45,427] Trial 22 finished with value: 1.0 and parameters: {'n_estimators': 228, 'max_depth': 3, 'min_samples_split': 2, 'min_samples_leaf': 10}. Best is trial 0 with value: 1.0.
[I 2025-05-15 08:05:45,974] Trial 23 finished with value: 1.0 and parameters: {'n_estimators': 307, 'max_depth': 5, 'min_samples_split': 5, 'min_samples_leaf': 9}. Best is trial 0 with value: 1.0.
[I 2025-05-15 08:05:46,274] Trial 24 finished with value: 1.0 and parameters: {'n_estimators': 174, 'max_depth': 6, 'min_samples_split': 3, 'min_samples_leaf': 10}. Best is trial 0 with value: 1.0.
[I 2025-05-15 08:05:46,543] Trial 25 finished with value: 1.0 and parameters: {'n_estimators': 132, 'max_depth': 9, 'min_samples_split': 3, 'min_samples_leaf': 8}. Best is trial 0 with value: 1.0.
[I 2025-05-15 08:05:46,948] Trial 26 finished with value: 1.0 and parameters: {'n_estimators': 248, 'max_depth': 13, 'min_samples_split': 9, 'min_samples_leaf': 9}. Best is trial 0 with value: 1.0.
[I 2025-05-15 08:05:47,368] Trial 27 finished with value: 1.0 and parameters: {'n_estimators': 198, 'max_depth': 10, 'min_samples_split': 5, 'min_samples_leaf': 10}. Best is trial 0 with value: 1.0.
[I 2025-05-15 08:05:48,149] Trial 28 finished with value: 1.0 and parameters: {'n_estimators': 350, 'max_depth': 20, 'min_samples_split': 4, 'min_samples_leaf': 7}. Best is trial 0 with value: 1.0.
[I 2025-05-15 08:05:48,700] Trial 29 finished with value: 1.0 and parameters: {'n_estimators': 214, 'max_depth': 13, 'min_samples_split': 6, 'min_samples_leaf': 8}. Best is trial 0 with value: 1.0.
[I 2025-05-15 08:05:55,639] A new study created in memory with name: svc
Parámetros guardados en checkpoint_adult_Doriginal_G/k-means/IPC_43/best_models_k-means_seed_7_space_original/rf_best_params.json


>>> Optuna tuning svc metodo k-means IPC 43 seed 7


[I 2025-05-15 08:05:57,488] Trial 0 finished with value: 0.5222222222222223 and parameters: {'C': 0.020194502448102298, 'gamma': 0.13172711156111802}. Best is trial 0 with value: 0.5222222222222223.
[I 2025-05-15 08:05:57,634] Trial 1 finished with value: 0.7319444444444444 and parameters: {'C': 0.5670703311028815, 'gamma': 0.0783178418343345}. Best is trial 1 with value: 0.7319444444444444.
[I 2025-05-15 08:05:57,664] Trial 2 finished with value: 0.8 and parameters: {'C': 81.65034948781698, 'gamma': 0.014255533717547383}. Best is trial 2 with value: 0.8.
[I 2025-05-15 08:05:57,683] Trial 3 finished with value: 0.5111111111111111 and parameters: {'C': 1.0103732850016278, 'gamma': 0.00019418001640357854}. Best is trial 2 with value: 0.8.
[I 2025-05-15 08:05:57,713] Trial 4 finished with value: 0.5222222222222223 and parameters: {'C': 0.11851025167261421, 'gamma': 0.00998918377985214}. Best is trial 2 with value: 0.8.
[I 2025-05-15 08:05:57,749] Trial 5 finished with value: 0.6263888888888889 and parameters: {'C': 5.2109869371584665, 'gamma': 0.16404241128227343}. Best is trial 2 with value: 0.8.
[I 2025-05-15 08:05:57,776] Trial 6 finished with value: 0.5111111111111111 and parameters: {'C': 0.3340138940215422, 'gamma': 0.00018354619576988685}. Best is trial 2 with value: 0.8.
[I 2025-05-15 08:05:57,803] Trial 7 finished with value: 0.5 and parameters: {'C': 0.1420961781588805, 'gamma': 0.434884682155233}. Best is trial 2 with value: 0.8.
[I 2025-05-15 08:05:57,827] Trial 8 finished with value: 0.5111111111111111 and parameters: {'C': 0.07137422643361827, 'gamma': 0.006434219125545069}. Best is trial 2 with value: 0.8.
[I 2025-05-15 08:05:57,851] Trial 9 finished with value: 0.7583333333333333 and parameters: {'C': 53.066944048916255, 'gamma': 0.00012577574840733457}. Best is trial 2 with value: 0.8.
[I 2025-05-15 08:05:57,894] Trial 10 finished with value: 0.7458333333333333 and parameters: {'C': 60.67266858458046, 'gamma': 0.001366002544888146}. Best is trial 2 with value: 0.8.
[I 2025-05-15 08:05:58,880] Trial 11 finished with value: 0.7458333333333333 and parameters: {'C': 87.19664606017703, 'gamma': 0.0015573062962550724}. Best is trial 2 with value: 0.8.
[I 2025-05-15 08:05:59,956] Trial 12 finished with value: 0.7791666666666667 and parameters: {'C': 13.360656020944937, 'gamma': 0.0015550119929728658}. Best is trial 2 with value: 0.8.
[I 2025-05-15 08:05:59,991] Trial 13 finished with value: 0.7333333333333333 and parameters: {'C': 11.757762049058291, 'gamma': 0.029237491574964438}. Best is trial 2 with value: 0.8.
[I 2025-05-15 08:06:00,052] Trial 14 finished with value: 0.7680555555555555 and parameters: {'C': 9.207574859097136, 'gamma': 0.002396132487659699}. Best is trial 2 with value: 0.8.
[I 2025-05-15 08:06:00,094] Trial 15 finished with value: 0.5361111111111111 and parameters: {'C': 2.688205881094065, 'gamma': 0.0006669673628193038}. Best is trial 2 with value: 0.8.
[I 2025-05-15 08:06:00,121] Trial 16 finished with value: 0.7444444444444444 and parameters: {'C': 20.06952323750665, 'gamma': 0.02655172240193434}. Best is trial 2 with value: 0.8.
[I 2025-05-15 08:06:00,146] Trial 17 finished with value: 0.7569444444444444 and parameters: {'C': 27.496564789294712, 'gamma': 0.004796259768183655}. Best is trial 2 with value: 0.8.
[I 2025-05-15 08:06:00,175] Trial 18 finished with value: 0.548611111111111 and parameters: {'C': 2.8561100662099568, 'gamma': 0.0005677927176855552}. Best is trial 2 with value: 0.8.
[I 2025-05-15 08:06:00,210] Trial 19 finished with value: 0.7444444444444444 and parameters: {'C': 27.82104764582425, 'gamma': 0.020393909291217066}. Best is trial 2 with value: 0.8.
[I 2025-05-15 08:06:00,236] Trial 20 finished with value: 0.7263888888888888 and parameters: {'C': 1.6431659043256461, 'gamma': 0.003139184990740136}. Best is trial 2 with value: 0.8.
[I 2025-05-15 08:06:00,273] Trial 21 finished with value: 0.7569444444444444 and parameters: {'C': 11.140788074584812, 'gamma': 0.0023279609593363382}. Best is trial 2 with value: 0.8.
[I 2025-05-15 08:06:00,300] Trial 22 finished with value: 0.7583333333333333 and parameters: {'C': 10.781426583334156, 'gamma': 0.0006423073254989481}. Best is trial 2 with value: 0.8.
[I 2025-05-15 08:06:00,330] Trial 23 finished with value: 0.7347222222222222 and parameters: {'C': 4.8163728021075185, 'gamma': 0.013456635883682537}. Best is trial 2 with value: 0.8.
[I 2025-05-15 08:06:01,194] Trial 24 finished with value: 0.7555555555555555 and parameters: {'C': 50.059421645496634, 'gamma': 0.047846127311112555}. Best is trial 2 with value: 0.8.
[I 2025-05-15 08:06:01,226] Trial 25 finished with value: 0.7680555555555556 and parameters: {'C': 6.634024477873834, 'gamma': 0.005485855928342972}. Best is trial 2 with value: 0.8.
[I 2025-05-15 08:06:01,259] Trial 26 finished with value: 0.7569444444444444 and parameters: {'C': 22.611223149984404, 'gamma': 0.0012990587000787537}. Best is trial 2 with value: 0.8.
[I 2025-05-15 08:06:01,287] Trial 27 finished with value: 0.7777777777777779 and parameters: {'C': 99.49801922127267, 'gamma': 0.006907230076057837}. Best is trial 2 with value: 0.8.
[I 2025-05-15 08:06:01,314] Trial 28 finished with value: 0.788888888888889 and parameters: {'C': 86.25448056101585, 'gamma': 0.01031315103851133}. Best is trial 2 with value: 0.8.
[I 2025-05-15 08:06:01,349] Trial 29 finished with value: 0.5222222222222223 and parameters: {'C': 0.024683504005058293, 'gamma': 0.10293716597227427}. Best is trial 2 with value: 0.8.
[I 2025-05-15 08:06:09,879] A new study created in memory with name: logreg
Parámetros guardados en checkpoint_adult_Doriginal_G/k-means/IPC_43/best_models_k-means_seed_7_space_original/svc_best_params.json


>>> Optuna tuning logreg metodo k-means IPC 43 seed 7


[I 2025-05-15 08:06:11,333] Trial 0 finished with value: 0.7402777777777777 and parameters: {'C': 0.002407362254570802, 'penalty': 'l2'}. Best is trial 0 with value: 0.7402777777777777.
