[I 2025-05-15 07:45:34,825] Trial 6 finished with value: 0.8333333333333333 and parameters: {'n_estimators': 10, 'max_depth': 5, 'gamma': 0.9599214907026333, 'subsample': 0.8414569271877088, 'colsample_bytree': 0.5265643453364788}. Best is trial 1 with value: 0.8833333333333332.
/data/home/rtabares/anaconda3/envs/pyth3.12/lib/python3.12/site-packages/xgboost/core.py:377: FutureWarning: Your system has an old version of glibc (< 2.28). We will stop supporting Linux distros with glibc older than 2.28 after **May 31, 2025**. Please upgrade to a recent Linux distro (with glibc >= 2.28) to use future versions of XGBoost.
Note: You have installed the 'manylinux2014' variant of XGBoost. Certain features such as GPU algorithms or federated learning are not available. To use these features, please upgrade to a recent Linux distro with glibc 2.28+, and install the 'manylinux_2_28' variant.
  warnings.warn(
/data/home/rtabares/anaconda3/envs/pyth3.12/lib/python3.12/site-packages/xgboost/core.py:377: FutureWarning: Your system has an old version of glibc (< 2.28). We will stop supporting Linux distros with glibc older than 2.28 after **May 31, 2025**. Please upgrade to a recent Linux distro (with glibc >= 2.28) to use future versions of XGBoost.
Note: You have installed the 'manylinux2014' variant of XGBoost. Certain features such as GPU algorithms or federated learning are not available. To use these features, please upgrade to a recent Linux distro with glibc 2.28+, and install the 'manylinux_2_28' variant.
  warnings.warn(
/data/home/rtabares/anaconda3/envs/pyth3.12/lib/python3.12/site-packages/xgboost/core.py:377: FutureWarning: Your system has an old version of glibc (< 2.28). We will stop supporting Linux distros with glibc older than 2.28 after **May 31, 2025**. Please upgrade to a recent Linux distro (with glibc >= 2.28) to use future versions of XGBoost.
Note: You have installed the 'manylinux2014' variant of XGBoost. Certain features such as GPU algorithms or federated learning are not available. To use these features, please upgrade to a recent Linux distro with glibc 2.28+, and install the 'manylinux_2_28' variant.
  warnings.warn(
/data/home/rtabares/anaconda3/envs/pyth3.12/lib/python3.12/site-packages/xgboost/core.py:377: FutureWarning: Your system has an old version of glibc (< 2.28). We will stop supporting Linux distros with glibc older than 2.28 after **May 31, 2025**. Please upgrade to a recent Linux distro (with glibc >= 2.28) to use future versions of XGBoost.
Note: You have installed the 'manylinux2014' variant of XGBoost. Certain features such as GPU algorithms or federated learning are not available. To use these features, please upgrade to a recent Linux distro with glibc 2.28+, and install the 'manylinux_2_28' variant.
  warnings.warn(
[I 2025-05-15 07:45:34,917] Trial 7 finished with value: 0.8333333333333333 and parameters: {'n_estimators': 40, 'max_depth': 5, 'gamma': 0.5250915966595621, 'subsample': 0.9207383574491986, 'colsample_bytree': 0.565555321173957}. Best is trial 1 with value: 0.8833333333333332.
/data/home/rtabares/anaconda3/envs/pyth3.12/lib/python3.12/site-packages/xgboost/core.py:377: FutureWarning: Your system has an old version of glibc (< 2.28). We will stop supporting Linux distros with glibc older than 2.28 after **May 31, 2025**. Please upgrade to a recent Linux distro (with glibc >= 2.28) to use future versions of XGBoost.
Note: You have installed the 'manylinux2014' variant of XGBoost. Certain features such as GPU algorithms or federated learning are not available. To use these features, please upgrade to a recent Linux distro with glibc 2.28+, and install the 'manylinux_2_28' variant.
  warnings.warn(
/data/home/rtabares/anaconda3/envs/pyth3.12/lib/python3.12/site-packages/xgboost/core.py:377: FutureWarning: Your system has an old version of glibc (< 2.28). We will stop supporting Linux distros with glibc older than 2.28 after **May 31, 2025**. Please upgrade to a recent Linux distro (with glibc >= 2.28) to use future versions of XGBoost.
Note: You have installed the 'manylinux2014' variant of XGBoost. Certain features such as GPU algorithms or federated learning are not available. To use these features, please upgrade to a recent Linux distro with glibc 2.28+, and install the 'manylinux_2_28' variant.
  warnings.warn(
[I 2025-05-15 07:45:35,041] Trial 8 finished with value: 0.85 and parameters: {'n_estimators': 100, 'max_depth': 5, 'gamma': 0.3919835527051987, 'subsample': 0.6502094521590198, 'colsample_bytree': 0.5827507002328938}. Best is trial 1 with value: 0.8833333333333332.
/data/home/rtabares/anaconda3/envs/pyth3.12/lib/python3.12/site-packages/xgboost/core.py:377: FutureWarning: Your system has an old version of glibc (< 2.28). We will stop supporting Linux distros with glibc older than 2.28 after **May 31, 2025**. Please upgrade to a recent Linux distro (with glibc >= 2.28) to use future versions of XGBoost.
Note: You have installed the 'manylinux2014' variant of XGBoost. Certain features such as GPU algorithms or federated learning are not available. To use these features, please upgrade to a recent Linux distro with glibc 2.28+, and install the 'manylinux_2_28' variant.
  warnings.warn(
[I 2025-05-15 07:45:35,161] Trial 9 finished with value: 0.8666666666666666 and parameters: {'n_estimators': 100, 'max_depth': 5, 'gamma': 0.8003922413895069, 'subsample': 0.9436444759263674, 'colsample_bytree': 0.8374593849333938}. Best is trial 1 with value: 0.8833333333333332.
[I 2025-05-15 07:45:35,268] Trial 10 finished with value: 0.8833333333333332 and parameters: {'n_estimators': 100, 'max_depth': 30, 'gamma': 0.13445536345660636, 'subsample': 0.5111574778890966, 'colsample_bytree': 0.9446716873952172}. Best is trial 1 with value: 0.8833333333333332.
[I 2025-05-15 07:45:35,323] Trial 11 finished with value: 0.8833333333333332 and parameters: {'n_estimators': 10, 'max_depth': 30, 'gamma': 0.7539108460734847, 'subsample': 0.6774496780411334, 'colsample_bytree': 0.686167641486348}. Best is trial 1 with value: 0.8833333333333332.
[I 2025-05-15 07:45:35,432] Trial 12 finished with value: 0.8333333333333333 and parameters: {'n_estimators': 100, 'max_depth': 20, 'gamma': 0.7093190405349769, 'subsample': 0.7556236721377485, 'colsample_bytree': 0.6937693399286651}. Best is trial 1 with value: 0.8833333333333332.
[I 2025-05-15 07:45:35,501] Trial 13 finished with value: 0.75 and parameters: {'n_estimators': 10, 'max_depth': 20, 'gamma': 0.8369171833461757, 'subsample': 0.6007831475312906, 'colsample_bytree': 0.8327592197464444}. Best is trial 1 with value: 0.8833333333333332.
[I 2025-05-15 07:45:35,598] Trial 14 finished with value: 0.85 and parameters: {'n_estimators': 40, 'max_depth': 30, 'gamma': 0.6857276204271742, 'subsample': 0.7385013252017306, 'colsample_bytree': 0.8319180320074183}. Best is trial 1 with value: 0.8833333333333332.
/data/home/rtabares/anaconda3/envs/pyth3.12/lib/python3.12/site-packages/xgboost/core.py:377: FutureWarning: Your system has an old version of glibc (< 2.28). We will stop supporting Linux distros with glibc older than 2.28 after **May 31, 2025**. Please upgrade to a recent Linux distro (with glibc >= 2.28) to use future versions of XGBoost.
Note: You have installed the 'manylinux2014' variant of XGBoost. Certain features such as GPU algorithms or federated learning are not available. To use these features, please upgrade to a recent Linux distro with glibc 2.28+, and install the 'manylinux_2_28' variant.
  warnings.warn(
[I 2025-05-15 07:45:37,589] Trial 15 finished with value: 0.8833333333333332 and parameters: {'n_estimators': 100, 'max_depth': 5, 'gamma': 0.989222763640501, 'subsample': 0.5960663628814323, 'colsample_bytree': 0.68559118293406}. Best is trial 1 with value: 0.8833333333333332.
/data/home/rtabares/anaconda3/envs/pyth3.12/lib/python3.12/site-packages/xgboost/core.py:377: FutureWarning: Your system has an old version of glibc (< 2.28). We will stop supporting Linux distros with glibc older than 2.28 after **May 31, 2025**. Please upgrade to a recent Linux distro (with glibc >= 2.28) to use future versions of XGBoost.
Note: You have installed the 'manylinux2014' variant of XGBoost. Certain features such as GPU algorithms or federated learning are not available. To use these features, please upgrade to a recent Linux distro with glibc 2.28+, and install the 'manylinux_2_28' variant.
  warnings.warn(
/data/home/rtabares/anaconda3/envs/pyth3.12/lib/python3.12/site-packages/xgboost/core.py:377: FutureWarning: Your system has an old version of glibc (< 2.28). We will stop supporting Linux distros with glibc older than 2.28 after **May 31, 2025**. Please upgrade to a recent Linux distro (with glibc >= 2.28) to use future versions of XGBoost.
Note: You have installed the 'manylinux2014' variant of XGBoost. Certain features such as GPU algorithms or federated learning are not available. To use these features, please upgrade to a recent Linux distro with glibc 2.28+, and install the 'manylinux_2_28' variant.
  warnings.warn(
/data/home/rtabares/anaconda3/envs/pyth3.12/lib/python3.12/site-packages/xgboost/core.py:377: FutureWarning: Your system has an old version of glibc (< 2.28). We will stop supporting Linux distros with glibc older than 2.28 after **May 31, 2025**. Please upgrade to a recent Linux distro (with glibc >= 2.28) to use future versions of XGBoost.
Note: You have installed the 'manylinux2014' variant of XGBoost. Certain features such as GPU algorithms or federated learning are not available. To use these features, please upgrade to a recent Linux distro with glibc 2.28+, and install the 'manylinux_2_28' variant.
  warnings.warn(
[I 2025-05-15 07:45:39,732] Trial 16 finished with value: 0.9333333333333332 and parameters: {'n_estimators': 10, 'max_depth': 20, 'gamma': 0.2602894101312718, 'subsample': 0.7302949792791283, 'colsample_bytree': 0.7455169667632792}. Best is trial 16 with value: 0.9333333333333332.
[I 2025-05-15 07:45:39,872] Trial 17 finished with value: 0.8833333333333332 and parameters: {'n_estimators': 100, 'max_depth': 5, 'gamma': 0.1446994735503574, 'subsample': 0.7682438086901395, 'colsample_bytree': 0.8869947700797959}. Best is trial 16 with value: 0.9333333333333332.
[I 2025-05-15 07:45:39,928] Trial 18 finished with value: 0.8333333333333333 and parameters: {'n_estimators': 10, 'max_depth': 20, 'gamma': 0.26489451398490527, 'subsample': 0.8728462499337589, 'colsample_bytree': 0.6312917879273447}. Best is trial 16 with value: 0.9333333333333332.
[I 2025-05-15 07:45:39,984] Trial 19 finished with value: 0.8333333333333333 and parameters: {'n_estimators': 40, 'max_depth': 30, 'gamma': 0.3174139674775436, 'subsample': 0.6287135389242071, 'colsample_bytree': 0.7921730333293363}. Best is trial 16 with value: 0.9333333333333332.
[I 2025-05-15 07:45:40,067] Trial 20 finished with value: 0.8333333333333333 and parameters: {'n_estimators': 100, 'max_depth': 20, 'gamma': 0.23106205475791775, 'subsample': 0.9961764358499778, 'colsample_bytree': 0.9831017501838233}. Best is trial 16 with value: 0.9333333333333332.
[I 2025-05-15 07:45:40,139] Trial 21 finished with value: 0.8833333333333332 and parameters: {'n_estimators': 10, 'max_depth': 20, 'gamma': 0.613173269759024, 'subsample': 0.6851884443380688, 'colsample_bytree': 0.7285790741113151}. Best is trial 16 with value: 0.9333333333333332.
[I 2025-05-15 07:45:40,219] Trial 22 finished with value: 0.8833333333333332 and parameters: {'n_estimators': 10, 'max_depth': 20, 'gamma': 0.4177155887682774, 'subsample': 0.7078380563596988, 'colsample_bytree': 0.7334819524931043}. Best is trial 16 with value: 0.9333333333333332.
[I 2025-05-15 07:45:40,253] Trial 23 finished with value: 0.8833333333333332 and parameters: {'n_estimators': 10, 'max_depth': 20, 'gamma': 0.8671222201458879, 'subsample': 0.793863021522211, 'colsample_bytree': 0.6551605289704512}. Best is trial 16 with value: 0.9333333333333332.
[I 2025-05-15 07:45:40,329] Trial 24 finished with value: 0.9 and parameters: {'n_estimators': 10, 'max_depth': 20, 'gamma': 0.6580868889719501, 'subsample': 0.720007389731343, 'colsample_bytree': 0.7933344971562741}. Best is trial 16 with value: 0.9333333333333332.
[I 2025-05-15 07:45:40,374] Trial 25 finished with value: 0.8833333333333332 and parameters: {'n_estimators': 10, 'max_depth': 5, 'gamma': 0.6174717880510593, 'subsample': 0.7400662819090716, 'colsample_bytree': 0.7886160907967024}. Best is trial 16 with value: 0.9333333333333332.
[I 2025-05-15 07:45:40,413] Trial 26 finished with value: 0.75 and parameters: {'n_estimators': 10, 'max_depth': 20, 'gamma': 0.4039796200319575, 'subsample': 0.6187936456843188, 'colsample_bytree': 0.8652158691876284}. Best is trial 16 with value: 0.9333333333333332.
[I 2025-05-15 07:45:40,476] Trial 27 finished with value: 0.8333333333333333 and parameters: {'n_estimators': 10, 'max_depth': 20, 'gamma': 0.8972725693243848, 'subsample': 0.561748827313182, 'colsample_bytree': 0.794195438684836}. Best is trial 16 with value: 0.9333333333333332.
[I 2025-05-15 07:45:40,560] Trial 28 finished with value: 0.85 and parameters: {'n_estimators': 40, 'max_depth': 30, 'gamma': 0.6112584951300768, 'subsample': 0.7271608722628216, 'colsample_bytree': 0.8033898750685912}. Best is trial 16 with value: 0.9333333333333332.
[I 2025-05-15 07:45:40,644] Trial 29 finished with value: 0.8333333333333333 and parameters: {'n_estimators': 100, 'max_depth': 5, 'gamma': 0.7825577176363515, 'subsample': 0.6500267635966718, 'colsample_bytree': 0.6394782403815862}. Best is trial 16 with value: 0.9333333333333332.
[I 2025-05-15 07:45:56,216] A new study created in memory with name: rf
Parámetros guardados en checkpoint_shoppers_Doriginal_F/ag/IPC_11/best_models_ag_seed_7_space_original/xgb_best_params.json


>>> Optuna tuning rf metodo ag IPC 11 seed 7


[I 2025-05-15 07:45:57,934] Trial 0 finished with value: 0.5 and parameters: {'n_estimators': 130, 'max_depth': 17, 'min_samples_split': 5, 'min_samples_leaf': 8}. Best is trial 0 with value: 0.5.
[I 2025-05-15 07:45:58,864] Trial 1 finished with value: 0.8666666666666666 and parameters: {'n_estimators': 492, 'max_depth': 12, 'min_samples_split': 6, 'min_samples_leaf': 1}. Best is trial 1 with value: 0.8666666666666666.
[I 2025-05-15 07:45:59,545] Trial 2 finished with value: 0.5 and parameters: {'n_estimators': 207, 'max_depth': 11, 'min_samples_split': 8, 'min_samples_leaf': 9}. Best is trial 1 with value: 0.8666666666666666.
[I 2025-05-15 07:46:00,210] Trial 3 finished with value: 0.5 and parameters: {'n_estimators': 252, 'max_depth': 4, 'min_samples_split': 4, 'min_samples_leaf': 10}. Best is trial 1 with value: 0.8666666666666666.
[I 2025-05-15 07:46:00,896] Trial 4 finished with value: 0.95 and parameters: {'n_estimators': 185, 'max_depth': 11, 'min_samples_split': 10, 'min_samples_leaf': 1}. Best is trial 4 with value: 0.95.
[I 2025-05-15 07:46:01,925] Trial 5 finished with value: 0.9166666666666666 and parameters: {'n_estimators': 340, 'max_depth': 20, 'min_samples_split': 4, 'min_samples_leaf': 6}. Best is trial 4 with value: 0.95.
[I 2025-05-15 07:46:02,888] Trial 6 finished with value: 0.5 and parameters: {'n_estimators': 464, 'max_depth': 5, 'min_samples_split': 6, 'min_samples_leaf': 8}. Best is trial 4 with value: 0.95.
[I 2025-05-15 07:46:04,010] Trial 7 finished with value: 0.9166666666666666 and parameters: {'n_estimators': 368, 'max_depth': 11, 'min_samples_split': 3, 'min_samples_leaf': 5}. Best is trial 4 with value: 0.95.
[I 2025-05-15 07:46:04,762] Trial 8 finished with value: 0.5 and parameters: {'n_estimators': 249, 'max_depth': 11, 'min_samples_split': 5, 'min_samples_leaf': 9}. Best is trial 4 with value: 0.95.
[I 2025-05-15 07:46:05,849] Trial 9 finished with value: 0.8666666666666666 and parameters: {'n_estimators': 408, 'max_depth': 8, 'min_samples_split': 7, 'min_samples_leaf': 3}. Best is trial 4 with value: 0.95.
[I 2025-05-15 07:46:06,576] Trial 10 finished with value: 0.9166666666666666 and parameters: {'n_estimators': 156, 'max_depth': 15, 'min_samples_split': 10, 'min_samples_leaf': 1}. Best is trial 4 with value: 0.95.
[I 2025-05-15 07:46:08,153] Trial 11 finished with value: 0.95 and parameters: {'n_estimators': 331, 'max_depth': 20, 'min_samples_split': 2, 'min_samples_leaf': 5}. Best is trial 4 with value: 0.95.
[I 2025-05-15 07:46:10,346] Trial 12 finished with value: 0.95 and parameters: {'n_estimators': 284, 'max_depth': 15, 'min_samples_split': 2, 'min_samples_leaf': 4}. Best is trial 4 with value: 0.95.
[I 2025-05-15 07:46:10,921] Trial 13 finished with value: 0.8833333333333332 and parameters: {'n_estimators': 188, 'max_depth': 20, 'min_samples_split': 10, 'min_samples_leaf': 3}. Best is trial 4 with value: 0.95.
[I 2025-05-15 07:46:11,196] Trial 14 finished with value: 0.8833333333333332 and parameters: {'n_estimators': 105, 'max_depth': 8, 'min_samples_split': 8, 'min_samples_leaf': 6}. Best is trial 4 with value: 0.95.
[I 2025-05-15 07:46:12,188] Trial 15 finished with value: 0.9166666666666666 and parameters: {'n_estimators': 322, 'max_depth': 17, 'min_samples_split': 2, 'min_samples_leaf': 2}. Best is trial 4 with value: 0.95.
[I 2025-05-15 07:46:13,216] Trial 16 finished with value: 0.9166666666666666 and parameters: {'n_estimators': 403, 'max_depth': 8, 'min_samples_split': 9, 'min_samples_leaf': 5}. Best is trial 4 with value: 0.95.
[I 2025-05-15 07:46:14,241] Trial 17 finished with value: 0.7 and parameters: {'n_estimators': 276, 'max_depth': 14, 'min_samples_split': 8, 'min_samples_leaf': 7}. Best is trial 4 with value: 0.95.
[I 2025-05-15 07:46:14,790] Trial 18 finished with value: 0.8666666666666666 and parameters: {'n_estimators': 220, 'max_depth': 6, 'min_samples_split': 3, 'min_samples_leaf': 3}. Best is trial 4 with value: 0.95.
[I 2025-05-15 07:46:15,811] Trial 19 finished with value: 0.9166666666666666 and parameters: {'n_estimators': 376, 'max_depth': 18, 'min_samples_split': 7, 'min_samples_leaf': 4}. Best is trial 4 with value: 0.95.
[I 2025-05-15 07:46:16,261] Trial 20 finished with value: 0.95 and parameters: {'n_estimators': 169, 'max_depth': 13, 'min_samples_split': 9, 'min_samples_leaf': 2}. Best is trial 4 with value: 0.95.
[I 2025-05-15 07:46:17,041] Trial 21 finished with value: 0.8833333333333332 and parameters: {'n_estimators': 290, 'max_depth': 15, 'min_samples_split': 2, 'min_samples_leaf': 4}. Best is trial 4 with value: 0.95.
[I 2025-05-15 07:46:17,781] Trial 22 finished with value: 0.9 and parameters: {'n_estimators': 327, 'max_depth': 18, 'min_samples_split': 3, 'min_samples_leaf': 4}. Best is trial 4 with value: 0.95.
[I 2025-05-15 07:46:18,205] Trial 23 finished with value: 0.85 and parameters: {'n_estimators': 243, 'max_depth': 9, 'min_samples_split': 2, 'min_samples_leaf': 2}. Best is trial 4 with value: 0.95.
[I 2025-05-15 07:46:18,686] Trial 24 finished with value: 0.8333333333333333 and parameters: {'n_estimators': 296, 'max_depth': 15, 'min_samples_split': 4, 'min_samples_leaf': 5}. Best is trial 4 with value: 0.95.
[I 2025-05-15 07:46:19,424] Trial 25 finished with value: 0.7 and parameters: {'n_estimators': 441, 'max_depth': 13, 'min_samples_split': 3, 'min_samples_leaf': 7}. Best is trial 4 with value: 0.95.
[I 2025-05-15 07:46:20,001] Trial 26 finished with value: 0.8166666666666667 and parameters: {'n_estimators': 352, 'max_depth': 17, 'min_samples_split': 5, 'min_samples_leaf': 1}. Best is trial 4 with value: 0.95.
[I 2025-05-15 07:46:20,404] Trial 27 finished with value: 0.95 and parameters: {'n_estimators': 216, 'max_depth': 19, 'min_samples_split': 2, 'min_samples_leaf': 4}. Best is trial 4 with value: 0.95.
[I 2025-05-15 07:46:20,857] Trial 28 finished with value: 0.9166666666666666 and parameters: {'n_estimators': 268, 'max_depth': 10, 'min_samples_split': 7, 'min_samples_leaf': 6}. Best is trial 4 with value: 0.95.
[I 2025-05-15 07:46:21,208] Trial 29 finished with value: 0.7333333333333333 and parameters: {'n_estimators': 139, 'max_depth': 16, 'min_samples_split': 4, 'min_samples_leaf': 7}. Best is trial 4 with value: 0.95.
[I 2025-05-15 07:46:26,993] A new study created in memory with name: svc
Parámetros guardados en checkpoint_shoppers_Doriginal_F/ag/IPC_11/best_models_ag_seed_7_space_original/rf_best_params.json


>>> Optuna tuning svc metodo ag IPC 11 seed 7


[I 2025-05-15 07:46:32,819] Trial 0 finished with value: 0.35 and parameters: {'C': 0.020194502448102298, 'gamma': 0.13172711156111802}. Best is trial 0 with value: 0.35.
[I 2025-05-15 07:46:33,046] Trial 1 finished with value: 0.4 and parameters: {'C': 0.5670703311028815, 'gamma': 0.0783178418343345}. Best is trial 1 with value: 0.4.
[I 2025-05-15 07:46:33,073] Trial 2 finished with value: 0.55 and parameters: {'C': 81.65034948781698, 'gamma': 0.014255533717547383}. Best is trial 2 with value: 0.55.
[I 2025-05-15 07:46:33,087] Trial 3 finished with value: 0.5 and parameters: {'C': 1.0103732850016278, 'gamma': 0.00019418001640357854}. Best is trial 2 with value: 0.55.
[I 2025-05-15 07:46:33,111] Trial 4 finished with value: 0.45 and parameters: {'C': 0.11851025167261421, 'gamma': 0.00998918377985214}. Best is trial 2 with value: 0.55.
[I 2025-05-15 07:46:33,124] Trial 5 finished with value: 0.36666666666666664 and parameters: {'C': 5.2109869371584665, 'gamma': 0.16404241128227343}. Best is trial 2 with value: 0.55.
[I 2025-05-15 07:46:33,138] Trial 6 finished with value: 0.5 and parameters: {'C': 0.3340138940215422, 'gamma': 0.00018354619576988685}. Best is trial 2 with value: 0.55.
[I 2025-05-15 07:46:33,152] Trial 7 finished with value: 0.35 and parameters: {'C': 0.1420961781588805, 'gamma': 0.434884682155233}. Best is trial 2 with value: 0.55.
[I 2025-05-15 07:46:33,175] Trial 8 finished with value: 0.45 and parameters: {'C': 0.07137422643361827, 'gamma': 0.006434219125545069}. Best is trial 2 with value: 0.55.
