[I 2025-05-15 07:53:36,369] Trial 27 finished with value: 0.2 and parameters: {'n_estimators': 412, 'max_depth': 5, 'min_samples_split': 9, 'min_samples_leaf': 6}. Best is trial 22 with value: 0.5833333333333333.
[I 2025-05-15 07:53:37,098] Trial 28 finished with value: 0.4583333333333333 and parameters: {'n_estimators': 455, 'max_depth': 8, 'min_samples_split': 8, 'min_samples_leaf': 4}. Best is trial 22 with value: 0.5833333333333333.
[I 2025-05-15 07:53:38,011] Trial 29 finished with value: 0.4583333333333333 and parameters: {'n_estimators': 458, 'max_depth': 7, 'min_samples_split': 9, 'min_samples_leaf': 1}. Best is trial 22 with value: 0.5833333333333333.
[I 2025-05-15 07:53:46,564] A new study created in memory with name: svc
Parámetros guardados en checkpoint_default_Doriginal_H/craig/IPC_27/best_models_craig_seed_6_space_original/rf_best_params.json


>>> Optuna tuning svc metodo craig IPC 27 seed 6


[I 2025-05-15 07:53:48,013] Trial 0 finished with value: 0.5833333333333333 and parameters: {'C': 37.27697013499731, 'gamma': 0.0021277432488243223}. Best is trial 0 with value: 0.5833333333333333.
[I 2025-05-15 07:53:48,030] Trial 1 finished with value: 0.325 and parameters: {'C': 19.271543171162776, 'gamma': 0.00014682043379470554}. Best is trial 0 with value: 0.5833333333333333.
[I 2025-05-15 07:53:48,048] Trial 2 finished with value: 0.5 and parameters: {'C': 0.0269542169583157, 'gamma': 0.023999835049635022}. Best is trial 0 with value: 0.5833333333333333.
[I 2025-05-15 07:53:48,066] Trial 3 finished with value: 0.35 and parameters: {'C': 1.3160410886450586, 'gamma': 0.0047340159215720195}. Best is trial 0 with value: 0.5833333333333333.
[I 2025-05-15 07:53:48,090] Trial 4 finished with value: 0.5 and parameters: {'C': 0.21959952535674737, 'gamma': 0.030908485742507576}. Best is trial 0 with value: 0.5833333333333333.
[I 2025-05-15 07:53:48,113] Trial 5 finished with value: 0.5 and parameters: {'C': 0.5656733313644114, 'gamma': 0.08780685564625502}. Best is trial 0 with value: 0.5833333333333333.
[I 2025-05-15 07:53:48,137] Trial 6 finished with value: 0.4666666666666666 and parameters: {'C': 1.1807165425157664, 'gamma': 0.020674470756231633}. Best is trial 0 with value: 0.5833333333333333.
[I 2025-05-15 07:53:48,150] Trial 7 finished with value: 0.5 and parameters: {'C': 3.8143486186647126, 'gamma': 0.9138966502602072}. Best is trial 0 with value: 0.5833333333333333.
[I 2025-05-15 07:53:48,163] Trial 8 finished with value: 0.5833333333333333 and parameters: {'C': 19.029737066374768, 'gamma': 0.004495766421289856}. Best is trial 0 with value: 0.5833333333333333.
[I 2025-05-15 07:53:48,183] Trial 9 finished with value: 0.5 and parameters: {'C': 31.994153257994277, 'gamma': 0.19725941020937518}. Best is trial 0 with value: 0.5833333333333333.
[I 2025-05-15 07:53:48,224] Trial 10 finished with value: 0.4 and parameters: {'C': 96.80643961619926, 'gamma': 0.0004009308447180715}. Best is trial 0 with value: 0.5833333333333333.
[I 2025-05-15 07:53:48,257] Trial 11 finished with value: 0.4999999999999999 and parameters: {'C': 9.896624772185135, 'gamma': 0.002535147656205105}. Best is trial 0 with value: 0.5833333333333333.
[I 2025-05-15 07:53:50,636] Trial 12 finished with value: 0.4833333333333333 and parameters: {'C': 73.14040788468016, 'gamma': 0.0011178094602157474}. Best is trial 0 with value: 0.5833333333333333.
[I 2025-05-15 07:53:50,665] Trial 13 finished with value: 0.3416666666666666 and parameters: {'C': 5.512710744479732, 'gamma': 0.001180682681522933}. Best is trial 0 with value: 0.5833333333333333.
[I 2025-05-15 07:53:50,707] Trial 14 finished with value: 0.4833333333333333 and parameters: {'C': 28.199473611006507, 'gamma': 0.006894762954990565}. Best is trial 0 with value: 0.5833333333333333.
[I 2025-05-15 07:53:50,741] Trial 15 finished with value: 0.5 and parameters: {'C': 0.07931370583208394, 'gamma': 0.0005914713254872686}. Best is trial 0 with value: 0.5833333333333333.
[I 2025-05-15 07:53:50,773] Trial 16 finished with value: 0.5 and parameters: {'C': 3.2002685643795457, 'gamma': 0.00013108517561580927}. Best is trial 0 with value: 0.5833333333333333.
[I 2025-05-15 07:53:50,807] Trial 17 finished with value: 0.6166666666666666 and parameters: {'C': 11.712036156313884, 'gamma': 0.0036347217421542365}. Best is trial 17 with value: 0.6166666666666666.
[I 2025-05-15 07:53:50,845] Trial 18 finished with value: 0.4666666666666666 and parameters: {'C': 7.65369901093887, 'gamma': 0.0021382046818619253}. Best is trial 17 with value: 0.6166666666666666.
[I 2025-05-15 07:53:50,878] Trial 19 finished with value: 0.4833333333333333 and parameters: {'C': 61.162087017797404, 'gamma': 0.010787034378231008}. Best is trial 17 with value: 0.6166666666666666.
[I 2025-05-15 07:53:50,914] Trial 20 finished with value: 0.5 and parameters: {'C': 2.3612629590692085, 'gamma': 0.00037725084366223185}. Best is trial 17 with value: 0.6166666666666666.
[I 2025-05-15 07:53:50,999] Trial 21 finished with value: 0.6166666666666666 and parameters: {'C': 17.98187228467218, 'gamma': 0.0026760907511251247}. Best is trial 17 with value: 0.6166666666666666.
[I 2025-05-15 07:53:51,027] Trial 22 finished with value: 0.45 and parameters: {'C': 12.554218651674677, 'gamma': 0.0017867143536437905}. Best is trial 17 with value: 0.6166666666666666.
[I 2025-05-15 07:53:51,084] Trial 23 finished with value: 0.4833333333333333 and parameters: {'C': 41.99200672239115, 'gamma': 0.011169302643208865}. Best is trial 17 with value: 0.6166666666666666.
[I 2025-05-15 07:53:51,112] Trial 24 finished with value: 0.3916666666666666 and parameters: {'C': 14.198908177367754, 'gamma': 0.0007028856628369372}. Best is trial 17 with value: 0.6166666666666666.
[I 2025-05-15 07:53:51,141] Trial 25 finished with value: 0.5 and parameters: {'C': 0.3474838587937774, 'gamma': 0.00400012842388048}. Best is trial 17 with value: 0.6166666666666666.
[I 2025-05-15 07:53:51,187] Trial 26 finished with value: 0.4833333333333333 and parameters: {'C': 41.829521927672495, 'gamma': 0.05546609974531244}. Best is trial 17 with value: 0.6166666666666666.
[I 2025-05-15 07:53:51,223] Trial 27 finished with value: 0.5 and parameters: {'C': 7.5765850284354155, 'gamma': 0.00022964528704496145}. Best is trial 17 with value: 0.6166666666666666.
[I 2025-05-15 07:53:51,263] Trial 28 finished with value: 0.39166666666666666 and parameters: {'C': 2.442173983194953, 'gamma': 0.001220392015388619}. Best is trial 17 with value: 0.6166666666666666.
[I 2025-05-15 07:53:51,289] Trial 29 finished with value: 0.5 and parameters: {'C': 0.011025704837726007, 'gamma': 0.011672579358157343}. Best is trial 17 with value: 0.6166666666666666.
[I 2025-05-15 07:54:03,880] A new study created in memory with name: logreg
Parámetros guardados en checkpoint_default_Doriginal_H/craig/IPC_27/best_models_craig_seed_6_space_original/svc_best_params.json


>>> Optuna tuning logreg metodo craig IPC 27 seed 6


[I 2025-05-15 07:54:13,088] Trial 0 finished with value: 0.35 and parameters: {'C': 29.127335430981816, 'penalty': 'l2'}. Best is trial 0 with value: 0.35.
[I 2025-05-15 07:54:13,675] Trial 1 finished with value: 0.375 and parameters: {'C': 0.045698192893558344, 'penalty': 'l2'}. Best is trial 1 with value: 0.375.
[I 2025-05-15 07:54:13,732] Trial 2 finished with value: 0.35 and parameters: {'C': 12.768668597712947, 'penalty': 'l2'}. Best is trial 1 with value: 0.375.
[I 2025-05-15 07:54:13,756] Trial 3 finished with value: 0.5 and parameters: {'C': 0.0016161554408462638, 'penalty': 'l2'}. Best is trial 3 with value: 0.5.
[I 2025-05-15 07:54:13,781] Trial 4 finished with value: 0.4166666666666667 and parameters: {'C': 0.0034536903703241734, 'penalty': 'l2'}. Best is trial 3 with value: 0.5.
[I 2025-05-15 07:54:13,815] Trial 5 finished with value: 0.39999999999999997 and parameters: {'C': 0.9446269266990148, 'penalty': 'l2'}. Best is trial 3 with value: 0.5.
[I 2025-05-15 07:54:13,839] Trial 6 finished with value: 0.375 and parameters: {'C': 0.4457453393648168, 'penalty': 'l2'}. Best is trial 3 with value: 0.5.
[I 2025-05-15 07:54:13,874] Trial 7 finished with value: 0.375 and parameters: {'C': 0.12417585037258261, 'penalty': 'l2'}. Best is trial 3 with value: 0.5.
[I 2025-05-15 07:54:13,909] Trial 8 finished with value: 0.375 and parameters: {'C': 0.04753781830244093, 'penalty': 'l2'}. Best is trial 3 with value: 0.5.
[I 2025-05-15 07:54:13,954] Trial 9 finished with value: 0.39999999999999997 and parameters: {'C': 1.2959766028194148, 'penalty': 'l2'}. Best is trial 3 with value: 0.5.
[I 2025-05-15 07:54:13,982] Trial 10 finished with value: 0.475 and parameters: {'C': 0.0027493237597083523, 'penalty': 'l2'}. Best is trial 3 with value: 0.5.
[I 2025-05-15 07:54:16,130] Trial 11 finished with value: 0.5 and parameters: {'C': 0.001163038906231015, 'penalty': 'l2'}. Best is trial 3 with value: 0.5.
[I 2025-05-15 07:54:18,182] Trial 12 finished with value: 0.5 and parameters: {'C': 0.001155896563213187, 'penalty': 'l2'}. Best is trial 3 with value: 0.5.
[I 2025-05-15 07:54:18,211] Trial 13 finished with value: 0.39166666666666666 and parameters: {'C': 0.009272051529698469, 'penalty': 'l2'}. Best is trial 3 with value: 0.5.
[I 2025-05-15 07:54:18,237] Trial 14 finished with value: 0.4083333333333333 and parameters: {'C': 0.024815857799743952, 'penalty': 'l2'}. Best is trial 3 with value: 0.5.
[I 2025-05-15 07:54:18,291] Trial 15 finished with value: 0.5 and parameters: {'C': 0.001218074704160701, 'penalty': 'l2'}. Best is trial 3 with value: 0.5.
[I 2025-05-15 07:54:18,344] Trial 16 finished with value: 0.425 and parameters: {'C': 0.008300725761679225, 'penalty': 'l2'}. Best is trial 3 with value: 0.5.
[I 2025-05-15 07:54:18,392] Trial 17 finished with value: 0.39166666666666666 and parameters: {'C': 0.009039871959471408, 'penalty': 'l2'}. Best is trial 3 with value: 0.5.
[I 2025-05-15 07:54:18,432] Trial 18 finished with value: 0.35 and parameters: {'C': 3.1043628200283595, 'penalty': 'l2'}. Best is trial 3 with value: 0.5.
[I 2025-05-15 07:54:18,461] Trial 19 finished with value: 0.375 and parameters: {'C': 0.1859872244822189, 'penalty': 'l2'}. Best is trial 3 with value: 0.5.
[I 2025-05-15 07:54:18,500] Trial 20 finished with value: 0.4166666666666667 and parameters: {'C': 0.003302164761660437, 'penalty': 'l2'}. Best is trial 3 with value: 0.5.
[I 2025-05-15 07:54:18,539] Trial 21 finished with value: 0.5 and parameters: {'C': 0.0011810474486925186, 'penalty': 'l2'}. Best is trial 3 with value: 0.5.
[I 2025-05-15 07:54:18,570] Trial 22 finished with value: 0.5 and parameters: {'C': 0.0012504220035156409, 'penalty': 'l2'}. Best is trial 3 with value: 0.5.
[I 2025-05-15 07:54:18,613] Trial 23 finished with value: 0.3583333333333333 and parameters: {'C': 0.018853037838172944, 'penalty': 'l2'}. Best is trial 3 with value: 0.5.
[I 2025-05-15 07:54:20,351] Trial 24 finished with value: 0.5 and parameters: {'C': 0.0025099260851097695, 'penalty': 'l2'}. Best is trial 3 with value: 0.5.
[I 2025-05-15 07:54:20,383] Trial 25 finished with value: 0.4083333333333333 and parameters: {'C': 0.00566676159230226, 'penalty': 'l2'}. Best is trial 3 with value: 0.5.
[I 2025-05-15 07:54:20,459] Trial 26 finished with value: 0.4083333333333333 and parameters: {'C': 0.024231620004679304, 'penalty': 'l2'}. Best is trial 3 with value: 0.5.
[I 2025-05-15 07:54:20,524] Trial 27 finished with value: 0.5 and parameters: {'C': 0.0012269656326987497, 'penalty': 'l2'}. Best is trial 3 with value: 0.5.
[I 2025-05-15 07:54:20,585] Trial 28 finished with value: 0.375 and parameters: {'C': 0.07309374693488215, 'penalty': 'l2'}. Best is trial 3 with value: 0.5.
[I 2025-05-15 07:54:20,653] Trial 29 finished with value: 0.37499999999999994 and parameters: {'C': 45.75034886101285, 'penalty': 'l2'}. Best is trial 3 with value: 0.5.
[I 2025-05-15 07:54:38,454] A new study created in memory with name: mlp
Parámetros guardados en checkpoint_default_Doriginal_H/craig/IPC_27/best_models_craig_seed_6_space_original/logreg_best_params.json


>>> Optuna tuning mlp metodo craig IPC 27 seed 6


/data/home/rtabares/anaconda3/envs/pyth3.12/lib/python3.12/site-packages/sklearn/neural_network/_multilayer_perceptron.py:691: ConvergenceWarning: Stochastic Optimizer: Maximum iterations (100) reached and the optimization hasn't converged yet.
  warnings.warn(
/data/home/rtabares/anaconda3/envs/pyth3.12/lib/python3.12/site-packages/sklearn/neural_network/_multilayer_perceptron.py:691: ConvergenceWarning: Stochastic Optimizer: Maximum iterations (100) reached and the optimization hasn't converged yet.
  warnings.warn(
/data/home/rtabares/anaconda3/envs/pyth3.12/lib/python3.12/site-packages/sklearn/neural_network/_multilayer_perceptron.py:691: ConvergenceWarning: Stochastic Optimizer: Maximum iterations (100) reached and the optimization hasn't converged yet.
  warnings.warn(
/data/home/rtabares/anaconda3/envs/pyth3.12/lib/python3.12/site-packages/sklearn/neural_network/_multilayer_perceptron.py:691: ConvergenceWarning: Stochastic Optimizer: Maximum iterations (100) reached and the optimization hasn't converged yet.
  warnings.warn(
/data/home/rtabares/anaconda3/envs/pyth3.12/lib/python3.12/site-packages/sklearn/neural_network/_multilayer_perceptron.py:691: ConvergenceWarning: Stochastic Optimizer: Maximum iterations (100) reached and the optimization hasn't converged yet.
  warnings.warn(
[I 2025-05-15 07:54:42,049] Trial 0 finished with value: 0.5499999999999999 and parameters: {'hidden_layer_sizes': (100,), 'max_iter': 100, 'alpha': 0.0001}. Best is trial 0 with value: 0.5499999999999999.
/data/home/rtabares/anaconda3/envs/pyth3.12/lib/python3.12/site-packages/sklearn/neural_network/_multilayer_perceptron.py:691: ConvergenceWarning: Stochastic Optimizer: Maximum iterations (100) reached and the optimization hasn't converged yet.
  warnings.warn(
/data/home/rtabares/anaconda3/envs/pyth3.12/lib/python3.12/site-packages/sklearn/neural_network/_multilayer_perceptron.py:691: ConvergenceWarning: Stochastic Optimizer: Maximum iterations (100) reached and the optimization hasn't converged yet.
  warnings.warn(
/data/home/rtabares/anaconda3/envs/pyth3.12/lib/python3.12/site-packages/sklearn/neural_network/_multilayer_perceptron.py:691: ConvergenceWarning: Stochastic Optimizer: Maximum iterations (100) reached and the optimization hasn't converged yet.
  warnings.warn(
[I 2025-05-15 07:54:42,366] Trial 1 finished with value: 0.5249999999999999 and parameters: {'hidden_layer_sizes': (100, 100), 'max_iter': 100, 'alpha': 0.001}. Best is trial 0 with value: 0.5499999999999999.
/data/home/rtabares/anaconda3/envs/pyth3.12/lib/python3.12/site-packages/sklearn/neural_network/_multilayer_perceptron.py:691: ConvergenceWarning: Stochastic Optimizer: Maximum iterations (100) reached and the optimization hasn't converged yet.
  warnings.warn(
/data/home/rtabares/anaconda3/envs/pyth3.12/lib/python3.12/site-packages/sklearn/neural_network/_multilayer_perceptron.py:691: ConvergenceWarning: Stochastic Optimizer: Maximum iterations (100) reached and the optimization hasn't converged yet.
  warnings.warn(
/data/home/rtabares/anaconda3/envs/pyth3.12/lib/python3.12/site-packages/sklearn/neural_network/_multilayer_perceptron.py:691: ConvergenceWarning: Stochastic Optimizer: Maximum iterations (100) reached and the optimization hasn't converged yet.
  warnings.warn(
/data/home/rtabares/anaconda3/envs/pyth3.12/lib/python3.12/site-packages/sklearn/neural_network/_multilayer_perceptron.py:691: ConvergenceWarning: Stochastic Optimizer: Maximum iterations (100) reached and the optimization hasn't converged yet.
  warnings.warn(
/data/home/rtabares/anaconda3/envs/pyth3.12/lib/python3.12/site-packages/sklearn/neural_network/_multilayer_perceptron.py:691: ConvergenceWarning: Stochastic Optimizer: Maximum iterations (100) reached and the optimization hasn't converged yet.
  warnings.warn(
[I 2025-05-15 07:54:42,603] Trial 2 finished with value: 0.4916666666666666 and parameters: {'hidden_layer_sizes': (200,), 'max_iter': 100, 'alpha': 0.0001}. Best is trial 0 with value: 0.5499999999999999.
/data/home/rtabares/anaconda3/envs/pyth3.12/lib/python3.12/site-packages/sklearn/neural_network/_multilayer_perceptron.py:691: ConvergenceWarning: Stochastic Optimizer: Maximum iterations (50) reached and the optimization hasn't converged yet.
  warnings.warn(
/data/home/rtabares/anaconda3/envs/pyth3.12/lib/python3.12/site-packages/sklearn/neural_network/_multilayer_perceptron.py:691: ConvergenceWarning: Stochastic Optimizer: Maximum iterations (50) reached and the optimization hasn't converged yet.
  warnings.warn(
/data/home/rtabares/anaconda3/envs/pyth3.12/lib/python3.12/site-packages/sklearn/neural_network/_multilayer_perceptron.py:691: ConvergenceWarning: Stochastic Optimizer: Maximum iterations (50) reached and the optimization hasn't converged yet.
  warnings.warn(
/data/home/rtabares/anaconda3/envs/pyth3.12/lib/python3.12/site-packages/sklearn/neural_network/_multilayer_perceptron.py:691: ConvergenceWarning: Stochastic Optimizer: Maximum iterations (50) reached and the optimization hasn't converged yet.
  warnings.warn(
/data/home/rtabares/anaconda3/envs/pyth3.12/lib/python3.12/site-packages/sklearn/neural_network/_multilayer_perceptron.py:691: ConvergenceWarning: Stochastic Optimizer: Maximum iterations (50) reached and the optimization hasn't converged yet.
  warnings.warn(
[I 2025-05-15 07:54:42,771] Trial 3 finished with value: 0.4083333333333333 and parameters: {'hidden_layer_sizes': (200,), 'max_iter': 50, 'alpha': 0.001}. Best is trial 0 with value: 0.5499999999999999.
/data/home/rtabares/anaconda3/envs/pyth3.12/lib/python3.12/site-packages/sklearn/neural_network/_multilayer_perceptron.py:691: ConvergenceWarning: Stochastic Optimizer: Maximum iterations (50) reached and the optimization hasn't converged yet.
  warnings.warn(
/data/home/rtabares/anaconda3/envs/pyth3.12/lib/python3.12/site-packages/sklearn/neural_network/_multilayer_perceptron.py:691: ConvergenceWarning: Stochastic Optimizer: Maximum iterations (50) reached and the optimization hasn't converged yet.
  warnings.warn(
/data/home/rtabares/anaconda3/envs/pyth3.12/lib/python3.12/site-packages/sklearn/neural_network/_multilayer_perceptron.py:691: ConvergenceWarning: Stochastic Optimizer: Maximum iterations (50) reached and the optimization hasn't converged yet.
  warnings.warn(
/data/home/rtabares/anaconda3/envs/pyth3.12/lib/python3.12/site-packages/sklearn/neural_network/_multilayer_perceptron.py:691: ConvergenceWarning: Stochastic Optimizer: Maximum iterations (50) reached and the optimization hasn't converged yet.
  warnings.warn(
/data/home/rtabares/anaconda3/envs/pyth3.12/lib/python3.12/site-packages/sklearn/neural_network/_multilayer_perceptron.py:691: ConvergenceWarning: Stochastic Optimizer: Maximum iterations (50) reached and the optimization hasn't converged yet.
  warnings.warn(
[I 2025-05-15 07:54:42,918] Trial 4 finished with value: 0.5083333333333333 and parameters: {'hidden_layer_sizes': (100, 100), 'max_iter': 50, 'alpha': 0.0001}. Best is trial 0 with value: 0.5499999999999999.
/data/home/rtabares/anaconda3/envs/pyth3.12/lib/python3.12/site-packages/sklearn/neural_network/_multilayer_perceptron.py:691: ConvergenceWarning: Stochastic Optimizer: Maximum iterations (100) reached and the optimization hasn't converged yet.
  warnings.warn(
/data/home/rtabares/anaconda3/envs/pyth3.12/lib/python3.12/site-packages/sklearn/neural_network/_multilayer_perceptron.py:691: ConvergenceWarning: Stochastic Optimizer: Maximum iterations (100) reached and the optimization hasn't converged yet.
  warnings.warn(
/data/home/rtabares/anaconda3/envs/pyth3.12/lib/python3.12/site-packages/sklearn/neural_network/_multilayer_perceptron.py:691: ConvergenceWarning: Stochastic Optimizer: Maximum iterations (100) reached and the optimization hasn't converged yet.
  warnings.warn(
/data/home/rtabares/anaconda3/envs/pyth3.12/lib/python3.12/site-packages/sklearn/neural_network/_multilayer_perceptron.py:691: ConvergenceWarning: Stochastic Optimizer: Maximum iterations (100) reached and the optimization hasn't converged yet.
  warnings.warn(
/data/home/rtabares/anaconda3/envs/pyth3.12/lib/python3.12/site-packages/sklearn/neural_network/_multilayer_perceptron.py:691: ConvergenceWarning: Stochastic Optimizer: Maximum iterations (100) reached and the optimization hasn't converged yet.
  warnings.warn(
[I 2025-05-15 07:54:43,150] Trial 5 finished with value: 0.5166666666666666 and parameters: {'hidden_layer_sizes': (200,), 'max_iter': 100, 'alpha': 0.0001}. Best is trial 0 with value: 0.5499999999999999.
/data/home/rtabares/anaconda3/envs/pyth3.12/lib/python3.12/site-packages/sklearn/neural_network/_multilayer_perceptron.py:691: ConvergenceWarning: Stochastic Optimizer: Maximum iterations (100) reached and the optimization hasn't converged yet.
  warnings.warn(
/data/home/rtabares/anaconda3/envs/pyth3.12/lib/python3.12/site-packages/sklearn/neural_network/_multilayer_perceptron.py:691: ConvergenceWarning: Stochastic Optimizer: Maximum iterations (100) reached and the optimization hasn't converged yet.
  warnings.warn(
/data/home/rtabares/anaconda3/envs/pyth3.12/lib/python3.12/site-packages/sklearn/neural_network/_multilayer_perceptron.py:691: ConvergenceWarning: Stochastic Optimizer: Maximum iterations (100) reached and the optimization hasn't converged yet.
  warnings.warn(
/data/home/rtabares/anaconda3/envs/pyth3.12/lib/python3.12/site-packages/sklearn/neural_network/_multilayer_perceptron.py:691: ConvergenceWarning: Stochastic Optimizer: Maximum iterations (100) reached and the optimization hasn't converged yet.
  warnings.warn(
/data/home/rtabares/anaconda3/envs/pyth3.12/lib/python3.12/site-packages/sklearn/neural_network/_multilayer_perceptron.py:691: ConvergenceWarning: Stochastic Optimizer: Maximum iterations (100) reached and the optimization hasn't converged yet.
  warnings.warn(
