[I 2025-05-15 07:52:42,321] Trial 20 finished with value: 0.4833333333333333 and parameters: {'C': 4.947485874925114, 'gamma': 0.31245355908521455}. Best is trial 8 with value: 0.65.
[I 2025-05-15 07:52:42,364] Trial 21 finished with value: 0.65 and parameters: {'C': 0.01164996784421222, 'gamma': 0.9127810890661694}. Best is trial 8 with value: 0.65.
[I 2025-05-15 07:52:42,389] Trial 22 finished with value: 0.6 and parameters: {'C': 0.012078207682502728, 'gamma': 0.41881410964212906}. Best is trial 8 with value: 0.65.
[I 2025-05-15 07:52:42,430] Trial 23 finished with value: 0.55 and parameters: {'C': 0.030362911901310463, 'gamma': 0.11771962022629559}. Best is trial 8 with value: 0.65.
[I 2025-05-15 07:52:43,504] Trial 24 finished with value: 0.6 and parameters: {'C': 0.08266968957989489, 'gamma': 0.2270158438846791}. Best is trial 8 with value: 0.65.
[I 2025-05-15 07:52:43,558] Trial 25 finished with value: 0.65 and parameters: {'C': 0.14302621496928103, 'gamma': 0.03042002818602198}. Best is trial 8 with value: 0.65.
[I 2025-05-15 07:52:43,605] Trial 26 finished with value: 0.6 and parameters: {'C': 0.02443038910365287, 'gamma': 0.5579753112798719}. Best is trial 8 with value: 0.65.
[I 2025-05-15 07:52:43,651] Trial 27 finished with value: 0.5333333333333333 and parameters: {'C': 84.67372577096525, 'gamma': 0.09937497794633655}. Best is trial 8 with value: 0.65.
[I 2025-05-15 07:52:43,704] Trial 28 finished with value: 0.6 and parameters: {'C': 0.4351968973793822, 'gamma': 0.5289100800108036}. Best is trial 8 with value: 0.65.
[I 2025-05-15 07:52:43,779] Trial 29 finished with value: 0.65 and parameters: {'C': 0.06781476490400765, 'gamma': 0.9065272690570497}. Best is trial 8 with value: 0.65.
[I 2025-05-15 07:52:51,204] A new study created in memory with name: logreg
Parámetros guardados en checkpoint_shoppers_Doriginal_F/random/IPC_11/best_models_random_seed_8_space_original/svc_best_params.json


>>> Optuna tuning logreg metodo random IPC 11 seed 8


[I 2025-05-15 07:52:54,306] Trial 0 finished with value: 0.5 and parameters: {'C': 23.288794782471303, 'penalty': 'l2'}. Best is trial 0 with value: 0.5.
[I 2025-05-15 07:52:54,443] Trial 1 finished with value: 0.5 and parameters: {'C': 69.61507800412923, 'penalty': 'l2'}. Best is trial 0 with value: 0.5.
[I 2025-05-15 07:52:54,464] Trial 2 finished with value: 0.55 and parameters: {'C': 22.180569925473442, 'penalty': 'l2'}. Best is trial 2 with value: 0.55.
[I 2025-05-15 07:52:54,483] Trial 3 finished with value: 0.55 and parameters: {'C': 0.4511058486037652, 'penalty': 'l2'}. Best is trial 2 with value: 0.55.
[I 2025-05-15 07:52:54,503] Trial 4 finished with value: 0.5166666666666666 and parameters: {'C': 0.014576110093994574, 'penalty': 'l2'}. Best is trial 2 with value: 0.55.
[I 2025-05-15 07:52:54,527] Trial 5 finished with value: 0.55 and parameters: {'C': 0.0011402340906886685, 'penalty': 'l2'}. Best is trial 2 with value: 0.55.
[I 2025-05-15 07:52:54,553] Trial 6 finished with value: 0.55 and parameters: {'C': 0.14201822862985758, 'penalty': 'l2'}. Best is trial 2 with value: 0.55.
[I 2025-05-15 07:52:54,579] Trial 7 finished with value: 0.5 and parameters: {'C': 0.1027440782219989, 'penalty': 'l2'}. Best is trial 2 with value: 0.55.
[I 2025-05-15 07:52:54,603] Trial 8 finished with value: 0.55 and parameters: {'C': 0.41055690122086846, 'penalty': 'l2'}. Best is trial 2 with value: 0.55.
[I 2025-05-15 07:52:54,627] Trial 9 finished with value: 0.55 and parameters: {'C': 0.24658064201770763, 'penalty': 'l2'}. Best is trial 2 with value: 0.55.
[I 2025-05-15 07:52:54,659] Trial 10 finished with value: 0.55 and parameters: {'C': 5.834264216938142, 'penalty': 'l2'}. Best is trial 2 with value: 0.55.
[I 2025-05-15 07:52:55,731] Trial 11 finished with value: 0.55 and parameters: {'C': 4.076740246268589, 'penalty': 'l2'}. Best is trial 2 with value: 0.55.
[I 2025-05-15 07:52:57,072] Trial 12 finished with value: 0.55 and parameters: {'C': 1.4578911357585842, 'penalty': 'l2'}. Best is trial 2 with value: 0.55.
[I 2025-05-15 07:52:57,103] Trial 13 finished with value: 0.5 and parameters: {'C': 73.73317548388479, 'penalty': 'l2'}. Best is trial 2 with value: 0.55.
[I 2025-05-15 07:52:57,138] Trial 14 finished with value: 0.4666666666666666 and parameters: {'C': 0.04297415718130129, 'penalty': 'l2'}. Best is trial 2 with value: 0.55.
[I 2025-05-15 07:52:57,171] Trial 15 finished with value: 0.55 and parameters: {'C': 1.250292329495384, 'penalty': 'l2'}. Best is trial 2 with value: 0.55.
[I 2025-05-15 07:52:57,199] Trial 16 finished with value: 0.5833333333333333 and parameters: {'C': 0.0039119141031977115, 'penalty': 'l2'}. Best is trial 16 with value: 0.5833333333333333.
[I 2025-05-15 07:52:57,217] Trial 17 finished with value: 0.55 and parameters: {'C': 0.0010326252830353622, 'penalty': 'l2'}. Best is trial 16 with value: 0.5833333333333333.
[I 2025-05-15 07:52:57,241] Trial 18 finished with value: 0.5833333333333333 and parameters: {'C': 0.00587958172826789, 'penalty': 'l2'}. Best is trial 16 with value: 0.5833333333333333.
[I 2025-05-15 07:52:57,272] Trial 19 finished with value: 0.4833333333333333 and parameters: {'C': 0.008059552172119908, 'penalty': 'l2'}. Best is trial 16 with value: 0.5833333333333333.
[I 2025-05-15 07:52:57,306] Trial 20 finished with value: 0.5833333333333333 and parameters: {'C': 0.005180258844038399, 'penalty': 'l2'}. Best is trial 16 with value: 0.5833333333333333.
[I 2025-05-15 07:52:57,336] Trial 21 finished with value: 0.5833333333333333 and parameters: {'C': 0.004624390594707101, 'penalty': 'l2'}. Best is trial 16 with value: 0.5833333333333333.
[I 2025-05-15 07:52:57,359] Trial 22 finished with value: 0.55 and parameters: {'C': 0.002706750155965175, 'penalty': 'l2'}. Best is trial 16 with value: 0.5833333333333333.
[I 2025-05-15 07:52:57,376] Trial 23 finished with value: 0.5833333333333333 and parameters: {'C': 0.02050196592068925, 'penalty': 'l2'}. Best is trial 16 with value: 0.5833333333333333.
[I 2025-05-15 07:52:58,437] Trial 24 finished with value: 0.4666666666666666 and parameters: {'C': 0.04285902389819361, 'penalty': 'l2'}. Best is trial 16 with value: 0.5833333333333333.
[I 2025-05-15 07:52:58,461] Trial 25 finished with value: 0.55 and parameters: {'C': 0.0029832432772953043, 'penalty': 'l2'}. Best is trial 16 with value: 0.5833333333333333.
[I 2025-05-15 07:52:58,488] Trial 26 finished with value: 0.4833333333333333 and parameters: {'C': 0.008860297738893923, 'penalty': 'l2'}. Best is trial 16 with value: 0.5833333333333333.
[I 2025-05-15 07:52:58,516] Trial 27 finished with value: 0.5166666666666666 and parameters: {'C': 0.03767298667324972, 'penalty': 'l2'}. Best is trial 16 with value: 0.5833333333333333.
[I 2025-05-15 07:52:58,534] Trial 28 finished with value: 0.55 and parameters: {'C': 0.002415411735705777, 'penalty': 'l2'}. Best is trial 16 with value: 0.5833333333333333.
[I 2025-05-15 07:52:58,552] Trial 29 finished with value: 0.5833333333333333 and parameters: {'C': 0.005382466781744679, 'penalty': 'l2'}. Best is trial 16 with value: 0.5833333333333333.
[I 2025-05-15 07:53:06,443] A new study created in memory with name: mlp
Parámetros guardados en checkpoint_shoppers_Doriginal_F/random/IPC_11/best_models_random_seed_8_space_original/logreg_best_params.json


>>> Optuna tuning mlp metodo random IPC 11 seed 8


/data/home/rtabares/anaconda3/envs/pyth3.12/lib/python3.12/site-packages/sklearn/neural_network/_multilayer_perceptron.py:691: ConvergenceWarning: Stochastic Optimizer: Maximum iterations (50) reached and the optimization hasn't converged yet.
  warnings.warn(
/data/home/rtabares/anaconda3/envs/pyth3.12/lib/python3.12/site-packages/sklearn/neural_network/_multilayer_perceptron.py:691: ConvergenceWarning: Stochastic Optimizer: Maximum iterations (50) reached and the optimization hasn't converged yet.
  warnings.warn(
/data/home/rtabares/anaconda3/envs/pyth3.12/lib/python3.12/site-packages/sklearn/neural_network/_multilayer_perceptron.py:691: ConvergenceWarning: Stochastic Optimizer: Maximum iterations (50) reached and the optimization hasn't converged yet.
  warnings.warn(
/data/home/rtabares/anaconda3/envs/pyth3.12/lib/python3.12/site-packages/sklearn/neural_network/_multilayer_perceptron.py:691: ConvergenceWarning: Stochastic Optimizer: Maximum iterations (50) reached and the optimization hasn't converged yet.
  warnings.warn(
/data/home/rtabares/anaconda3/envs/pyth3.12/lib/python3.12/site-packages/sklearn/neural_network/_multilayer_perceptron.py:691: ConvergenceWarning: Stochastic Optimizer: Maximum iterations (50) reached and the optimization hasn't converged yet.
  warnings.warn(
[I 2025-05-15 07:53:07,552] Trial 0 finished with value: 0.4833333333333333 and parameters: {'hidden_layer_sizes': (200,), 'max_iter': 50, 'alpha': 0.001}. Best is trial 0 with value: 0.4833333333333333.
/data/home/rtabares/anaconda3/envs/pyth3.12/lib/python3.12/site-packages/sklearn/neural_network/_multilayer_perceptron.py:691: ConvergenceWarning: Stochastic Optimizer: Maximum iterations (50) reached and the optimization hasn't converged yet.
  warnings.warn(
/data/home/rtabares/anaconda3/envs/pyth3.12/lib/python3.12/site-packages/sklearn/neural_network/_multilayer_perceptron.py:691: ConvergenceWarning: Stochastic Optimizer: Maximum iterations (50) reached and the optimization hasn't converged yet.
  warnings.warn(
/data/home/rtabares/anaconda3/envs/pyth3.12/lib/python3.12/site-packages/sklearn/neural_network/_multilayer_perceptron.py:691: ConvergenceWarning: Stochastic Optimizer: Maximum iterations (50) reached and the optimization hasn't converged yet.
  warnings.warn(
/data/home/rtabares/anaconda3/envs/pyth3.12/lib/python3.12/site-packages/sklearn/neural_network/_multilayer_perceptron.py:691: ConvergenceWarning: Stochastic Optimizer: Maximum iterations (50) reached and the optimization hasn't converged yet.
  warnings.warn(
/data/home/rtabares/anaconda3/envs/pyth3.12/lib/python3.12/site-packages/sklearn/neural_network/_multilayer_perceptron.py:691: ConvergenceWarning: Stochastic Optimizer: Maximum iterations (50) reached and the optimization hasn't converged yet.
  warnings.warn(
[I 2025-05-15 07:53:07,634] Trial 1 finished with value: 0.4833333333333333 and parameters: {'hidden_layer_sizes': (200,), 'max_iter': 50, 'alpha': 0.0001}. Best is trial 0 with value: 0.4833333333333333.
/data/home/rtabares/anaconda3/envs/pyth3.12/lib/python3.12/site-packages/sklearn/neural_network/_multilayer_perceptron.py:691: ConvergenceWarning: Stochastic Optimizer: Maximum iterations (50) reached and the optimization hasn't converged yet.
  warnings.warn(
/data/home/rtabares/anaconda3/envs/pyth3.12/lib/python3.12/site-packages/sklearn/neural_network/_multilayer_perceptron.py:691: ConvergenceWarning: Stochastic Optimizer: Maximum iterations (50) reached and the optimization hasn't converged yet.
  warnings.warn(
/data/home/rtabares/anaconda3/envs/pyth3.12/lib/python3.12/site-packages/sklearn/neural_network/_multilayer_perceptron.py:691: ConvergenceWarning: Stochastic Optimizer: Maximum iterations (50) reached and the optimization hasn't converged yet.
  warnings.warn(
/data/home/rtabares/anaconda3/envs/pyth3.12/lib/python3.12/site-packages/sklearn/neural_network/_multilayer_perceptron.py:691: ConvergenceWarning: Stochastic Optimizer: Maximum iterations (50) reached and the optimization hasn't converged yet.
  warnings.warn(
/data/home/rtabares/anaconda3/envs/pyth3.12/lib/python3.12/site-packages/sklearn/neural_network/_multilayer_perceptron.py:691: ConvergenceWarning: Stochastic Optimizer: Maximum iterations (50) reached and the optimization hasn't converged yet.
  warnings.warn(
[I 2025-05-15 07:53:07,700] Trial 2 finished with value: 0.4333333333333333 and parameters: {'hidden_layer_sizes': (100,), 'max_iter': 50, 'alpha': 0.0001}. Best is trial 0 with value: 0.4833333333333333.
/data/home/rtabares/anaconda3/envs/pyth3.12/lib/python3.12/site-packages/sklearn/neural_network/_multilayer_perceptron.py:691: ConvergenceWarning: Stochastic Optimizer: Maximum iterations (100) reached and the optimization hasn't converged yet.
  warnings.warn(
/data/home/rtabares/anaconda3/envs/pyth3.12/lib/python3.12/site-packages/sklearn/neural_network/_multilayer_perceptron.py:691: ConvergenceWarning: Stochastic Optimizer: Maximum iterations (100) reached and the optimization hasn't converged yet.
  warnings.warn(
/data/home/rtabares/anaconda3/envs/pyth3.12/lib/python3.12/site-packages/sklearn/neural_network/_multilayer_perceptron.py:691: ConvergenceWarning: Stochastic Optimizer: Maximum iterations (100) reached and the optimization hasn't converged yet.
  warnings.warn(
/data/home/rtabares/anaconda3/envs/pyth3.12/lib/python3.12/site-packages/sklearn/neural_network/_multilayer_perceptron.py:691: ConvergenceWarning: Stochastic Optimizer: Maximum iterations (100) reached and the optimization hasn't converged yet.
  warnings.warn(
/data/home/rtabares/anaconda3/envs/pyth3.12/lib/python3.12/site-packages/sklearn/neural_network/_multilayer_perceptron.py:691: ConvergenceWarning: Stochastic Optimizer: Maximum iterations (100) reached and the optimization hasn't converged yet.
  warnings.warn(
[I 2025-05-15 07:53:07,755] Trial 3 finished with value: 0.4333333333333333 and parameters: {'hidden_layer_sizes': (100,), 'max_iter': 100, 'alpha': 0.001}. Best is trial 0 with value: 0.4833333333333333.
/data/home/rtabares/anaconda3/envs/pyth3.12/lib/python3.12/site-packages/sklearn/neural_network/_multilayer_perceptron.py:691: ConvergenceWarning: Stochastic Optimizer: Maximum iterations (100) reached and the optimization hasn't converged yet.
  warnings.warn(
/data/home/rtabares/anaconda3/envs/pyth3.12/lib/python3.12/site-packages/sklearn/neural_network/_multilayer_perceptron.py:691: ConvergenceWarning: Stochastic Optimizer: Maximum iterations (100) reached and the optimization hasn't converged yet.
  warnings.warn(
/data/home/rtabares/anaconda3/envs/pyth3.12/lib/python3.12/site-packages/sklearn/neural_network/_multilayer_perceptron.py:691: ConvergenceWarning: Stochastic Optimizer: Maximum iterations (100) reached and the optimization hasn't converged yet.
  warnings.warn(
/data/home/rtabares/anaconda3/envs/pyth3.12/lib/python3.12/site-packages/sklearn/neural_network/_multilayer_perceptron.py:691: ConvergenceWarning: Stochastic Optimizer: Maximum iterations (100) reached and the optimization hasn't converged yet.
  warnings.warn(
/data/home/rtabares/anaconda3/envs/pyth3.12/lib/python3.12/site-packages/sklearn/neural_network/_multilayer_perceptron.py:691: ConvergenceWarning: Stochastic Optimizer: Maximum iterations (100) reached and the optimization hasn't converged yet.
  warnings.warn(
[I 2025-05-15 07:53:07,864] Trial 4 finished with value: 0.4333333333333333 and parameters: {'hidden_layer_sizes': (200,), 'max_iter': 100, 'alpha': 0.001}. Best is trial 0 with value: 0.4833333333333333.
/data/home/rtabares/anaconda3/envs/pyth3.12/lib/python3.12/site-packages/sklearn/neural_network/_multilayer_perceptron.py:691: ConvergenceWarning: Stochastic Optimizer: Maximum iterations (50) reached and the optimization hasn't converged yet.
  warnings.warn(
/data/home/rtabares/anaconda3/envs/pyth3.12/lib/python3.12/site-packages/sklearn/neural_network/_multilayer_perceptron.py:691: ConvergenceWarning: Stochastic Optimizer: Maximum iterations (50) reached and the optimization hasn't converged yet.
  warnings.warn(
/data/home/rtabares/anaconda3/envs/pyth3.12/lib/python3.12/site-packages/sklearn/neural_network/_multilayer_perceptron.py:691: ConvergenceWarning: Stochastic Optimizer: Maximum iterations (50) reached and the optimization hasn't converged yet.
  warnings.warn(
/data/home/rtabares/anaconda3/envs/pyth3.12/lib/python3.12/site-packages/sklearn/neural_network/_multilayer_perceptron.py:691: ConvergenceWarning: Stochastic Optimizer: Maximum iterations (50) reached and the optimization hasn't converged yet.
  warnings.warn(
/data/home/rtabares/anaconda3/envs/pyth3.12/lib/python3.12/site-packages/sklearn/neural_network/_multilayer_perceptron.py:691: ConvergenceWarning: Stochastic Optimizer: Maximum iterations (50) reached and the optimization hasn't converged yet.
  warnings.warn(
[I 2025-05-15 07:53:07,950] Trial 5 finished with value: 0.4333333333333333 and parameters: {'hidden_layer_sizes': (200,), 'max_iter': 50, 'alpha': 0.001}. Best is trial 0 with value: 0.4833333333333333.
/data/home/rtabares/anaconda3/envs/pyth3.12/lib/python3.12/site-packages/sklearn/neural_network/_multilayer_perceptron.py:691: ConvergenceWarning: Stochastic Optimizer: Maximum iterations (100) reached and the optimization hasn't converged yet.
  warnings.warn(
/data/home/rtabares/anaconda3/envs/pyth3.12/lib/python3.12/site-packages/sklearn/neural_network/_multilayer_perceptron.py:691: ConvergenceWarning: Stochastic Optimizer: Maximum iterations (100) reached and the optimization hasn't converged yet.
  warnings.warn(
/data/home/rtabares/anaconda3/envs/pyth3.12/lib/python3.12/site-packages/sklearn/neural_network/_multilayer_perceptron.py:691: ConvergenceWarning: Stochastic Optimizer: Maximum iterations (100) reached and the optimization hasn't converged yet.
  warnings.warn(
/data/home/rtabares/anaconda3/envs/pyth3.12/lib/python3.12/site-packages/sklearn/neural_network/_multilayer_perceptron.py:691: ConvergenceWarning: Stochastic Optimizer: Maximum iterations (100) reached and the optimization hasn't converged yet.
  warnings.warn(
/data/home/rtabares/anaconda3/envs/pyth3.12/lib/python3.12/site-packages/sklearn/neural_network/_multilayer_perceptron.py:691: ConvergenceWarning: Stochastic Optimizer: Maximum iterations (100) reached and the optimization hasn't converged yet.
  warnings.warn(
[I 2025-05-15 07:53:08,014] Trial 6 finished with value: 0.4 and parameters: {'hidden_layer_sizes': (100,), 'max_iter': 100, 'alpha': 0.0001}. Best is trial 0 with value: 0.4833333333333333.
/data/home/rtabares/anaconda3/envs/pyth3.12/lib/python3.12/site-packages/sklearn/neural_network/_multilayer_perceptron.py:691: ConvergenceWarning: Stochastic Optimizer: Maximum iterations (50) reached and the optimization hasn't converged yet.
  warnings.warn(
/data/home/rtabares/anaconda3/envs/pyth3.12/lib/python3.12/site-packages/sklearn/neural_network/_multilayer_perceptron.py:691: ConvergenceWarning: Stochastic Optimizer: Maximum iterations (50) reached and the optimization hasn't converged yet.
  warnings.warn(
/data/home/rtabares/anaconda3/envs/pyth3.12/lib/python3.12/site-packages/sklearn/neural_network/_multilayer_perceptron.py:691: ConvergenceWarning: Stochastic Optimizer: Maximum iterations (50) reached and the optimization hasn't converged yet.
  warnings.warn(
/data/home/rtabares/anaconda3/envs/pyth3.12/lib/python3.12/site-packages/sklearn/neural_network/_multilayer_perceptron.py:691: ConvergenceWarning: Stochastic Optimizer: Maximum iterations (50) reached and the optimization hasn't converged yet.
  warnings.warn(
/data/home/rtabares/anaconda3/envs/pyth3.12/lib/python3.12/site-packages/sklearn/neural_network/_multilayer_perceptron.py:691: ConvergenceWarning: Stochastic Optimizer: Maximum iterations (50) reached and the optimization hasn't converged yet.
  warnings.warn(
[I 2025-05-15 07:53:08,098] Trial 7 finished with value: 0.4333333333333333 and parameters: {'hidden_layer_sizes': (100, 100), 'max_iter': 50, 'alpha': 0.0001}. Best is trial 0 with value: 0.4833333333333333.
/data/home/rtabares/anaconda3/envs/pyth3.12/lib/python3.12/site-packages/sklearn/neural_network/_multilayer_perceptron.py:691: ConvergenceWarning: Stochastic Optimizer: Maximum iterations (100) reached and the optimization hasn't converged yet.
  warnings.warn(
/data/home/rtabares/anaconda3/envs/pyth3.12/lib/python3.12/site-packages/sklearn/neural_network/_multilayer_perceptron.py:691: ConvergenceWarning: Stochastic Optimizer: Maximum iterations (100) reached and the optimization hasn't converged yet.
  warnings.warn(
/data/home/rtabares/anaconda3/envs/pyth3.12/lib/python3.12/site-packages/sklearn/neural_network/_multilayer_perceptron.py:691: ConvergenceWarning: Stochastic Optimizer: Maximum iterations (100) reached and the optimization hasn't converged yet.
  warnings.warn(
[I 2025-05-15 07:53:08,266] Trial 8 finished with value: 0.4666666666666666 and parameters: {'hidden_layer_sizes': (100, 100), 'max_iter': 100, 'alpha': 0.0001}. Best is trial 0 with value: 0.4833333333333333.
/data/home/rtabares/anaconda3/envs/pyth3.12/lib/python3.12/site-packages/sklearn/neural_network/_multilayer_perceptron.py:691: ConvergenceWarning: Stochastic Optimizer: Maximum iterations (50) reached and the optimization hasn't converged yet.
  warnings.warn(
/data/home/rtabares/anaconda3/envs/pyth3.12/lib/python3.12/site-packages/sklearn/neural_network/_multilayer_perceptron.py:691: ConvergenceWarning: Stochastic Optimizer: Maximum iterations (50) reached and the optimization hasn't converged yet.
  warnings.warn(
/data/home/rtabares/anaconda3/envs/pyth3.12/lib/python3.12/site-packages/sklearn/neural_network/_multilayer_perceptron.py:691: ConvergenceWarning: Stochastic Optimizer: Maximum iterations (50) reached and the optimization hasn't converged yet.
  warnings.warn(
/data/home/rtabares/anaconda3/envs/pyth3.12/lib/python3.12/site-packages/sklearn/neural_network/_multilayer_perceptron.py:691: ConvergenceWarning: Stochastic Optimizer: Maximum iterations (50) reached and the optimization hasn't converged yet.
  warnings.warn(
/data/home/rtabares/anaconda3/envs/pyth3.12/lib/python3.12/site-packages/sklearn/neural_network/_multilayer_perceptron.py:691: ConvergenceWarning: Stochastic Optimizer: Maximum iterations (50) reached and the optimization hasn't converged yet.
  warnings.warn(
