[I 2025-05-15 07:49:12,332] Trial 14 finished with value: 0.4333333333333333 and parameters: {'n_estimators': 100, 'max_depth': 20, 'gamma': 0.4000023985818805, 'subsample': 0.7452445173570883, 'colsample_bytree': 0.5636913889004129}. Best is trial 11 with value: 0.5266666666666667.
[I 2025-05-15 07:49:12,386] Trial 15 finished with value: 0.49000000000000005 and parameters: {'n_estimators': 40, 'max_depth': 20, 'gamma': 0.2768932990259468, 'subsample': 0.8812104521528584, 'colsample_bytree': 0.9944893965688142}. Best is trial 11 with value: 0.5266666666666667.
[I 2025-05-15 07:49:12,442] Trial 16 finished with value: 0.48999999999999994 and parameters: {'n_estimators': 10, 'max_depth': 5, 'gamma': 0.6215277845498974, 'subsample': 0.6144354840870774, 'colsample_bytree': 0.6354813086929649}. Best is trial 11 with value: 0.5266666666666667.
[I 2025-05-15 07:49:12,485] Trial 17 finished with value: 0.5599999999999999 and parameters: {'n_estimators': 40, 'max_depth': 20, 'gamma': 0.8116933473533603, 'subsample': 0.5053007952589881, 'colsample_bytree': 0.5029929253679444}. Best is trial 17 with value: 0.5599999999999999.
/data/home/rtabares/anaconda3/envs/pyth3.12/lib/python3.12/site-packages/xgboost/core.py:377: FutureWarning: Your system has an old version of glibc (< 2.28). We will stop supporting Linux distros with glibc older than 2.28 after **May 31, 2025**. Please upgrade to a recent Linux distro (with glibc >= 2.28) to use future versions of XGBoost.
Note: You have installed the 'manylinux2014' variant of XGBoost. Certain features such as GPU algorithms or federated learning are not available. To use these features, please upgrade to a recent Linux distro with glibc 2.28+, and install the 'manylinux_2_28' variant.
  warnings.warn(
[I 2025-05-15 07:49:13,350] Trial 18 finished with value: 0.5266666666666667 and parameters: {'n_estimators': 40, 'max_depth': 20, 'gamma': 0.4604663653701822, 'subsample': 0.5042289131039605, 'colsample_bytree': 0.5122546257227121}. Best is trial 17 with value: 0.5599999999999999.
[I 2025-05-15 07:49:13,399] Trial 19 finished with value: 0.5266666666666667 and parameters: {'n_estimators': 40, 'max_depth': 20, 'gamma': 0.805329616456939, 'subsample': 0.56686908955563, 'colsample_bytree': 0.6141416883965812}. Best is trial 17 with value: 0.5599999999999999.
[I 2025-05-15 07:49:13,449] Trial 20 finished with value: 0.44666666666666666 and parameters: {'n_estimators': 40, 'max_depth': 5, 'gamma': 0.15077006687463032, 'subsample': 0.5407079081919244, 'colsample_bytree': 0.6855059546629144}. Best is trial 17 with value: 0.5599999999999999.
[I 2025-05-15 07:49:13,491] Trial 21 finished with value: 0.51 and parameters: {'n_estimators': 40, 'max_depth': 20, 'gamma': 0.4620700394062003, 'subsample': 0.5242991745192731, 'colsample_bytree': 0.502694545283096}. Best is trial 17 with value: 0.5599999999999999.
[I 2025-05-15 07:49:13,532] Trial 22 finished with value: 0.5800000000000001 and parameters: {'n_estimators': 40, 'max_depth': 20, 'gamma': 0.48612668022335626, 'subsample': 0.5011592834397881, 'colsample_bytree': 0.501285098052138}. Best is trial 22 with value: 0.5800000000000001.
[I 2025-05-15 07:49:13,581] Trial 23 finished with value: 0.49333333333333335 and parameters: {'n_estimators': 40, 'max_depth': 20, 'gamma': 0.34433142874156997, 'subsample': 0.6224626166848509, 'colsample_bytree': 0.5636712457035294}. Best is trial 22 with value: 0.5800000000000001.
[I 2025-05-15 07:49:13,621] Trial 24 finished with value: 0.4866666666666667 and parameters: {'n_estimators': 40, 'max_depth': 20, 'gamma': 0.6371817228677237, 'subsample': 0.5596943848260074, 'colsample_bytree': 0.5984677644635241}. Best is trial 22 with value: 0.5800000000000001.
[I 2025-05-15 07:49:13,675] Trial 25 finished with value: 0.5066666666666666 and parameters: {'n_estimators': 40, 'max_depth': 20, 'gamma': 0.512511065939333, 'subsample': 0.502786792056513, 'colsample_bytree': 0.5345663896307402}. Best is trial 22 with value: 0.5800000000000001.
[I 2025-05-15 07:49:13,738] Trial 26 finished with value: 0.4833333333333333 and parameters: {'n_estimators': 100, 'max_depth': 20, 'gamma': 0.23857958994054296, 'subsample': 0.5909405139616044, 'colsample_bytree': 0.6559926587597747}. Best is trial 22 with value: 0.5800000000000001.
[I 2025-05-15 07:49:13,779] Trial 27 finished with value: 0.4866666666666667 and parameters: {'n_estimators': 40, 'max_depth': 20, 'gamma': 0.3895347968706294, 'subsample': 0.651602019319532, 'colsample_bytree': 0.543856628874803}. Best is trial 22 with value: 0.5800000000000001.
[I 2025-05-15 07:49:13,830] Trial 28 finished with value: 0.5833333333333334 and parameters: {'n_estimators': 40, 'max_depth': 20, 'gamma': 0.625551483523832, 'subsample': 0.5449083165707262, 'colsample_bytree': 0.7748680305523944}. Best is trial 28 with value: 0.5833333333333334.
[I 2025-05-15 07:49:13,882] Trial 29 finished with value: 0.53 and parameters: {'n_estimators': 40, 'max_depth': 5, 'gamma': 0.6231714659559133, 'subsample': 0.7047871037677016, 'colsample_bytree': 0.7810683333865867}. Best is trial 28 with value: 0.5833333333333334.
[I 2025-05-15 07:49:21,735] A new study created in memory with name: rf
Parámetros guardados en checkpoint_default_Doriginal_H/k_center/IPC_27/best_models_k_center_seed_6_space_original/xgb_best_params.json


>>> Optuna tuning rf metodo k_center IPC 27 seed 6


[I 2025-05-15 07:49:24,252] Trial 0 finished with value: 0.48999999999999994 and parameters: {'n_estimators': 458, 'max_depth': 8, 'min_samples_split': 9, 'min_samples_leaf': 1}. Best is trial 0 with value: 0.48999999999999994.
[I 2025-05-15 07:49:24,690] Trial 1 finished with value: 0.5066666666666666 and parameters: {'n_estimators': 143, 'max_depth': 13, 'min_samples_split': 6, 'min_samples_leaf': 5}. Best is trial 1 with value: 0.5066666666666666.
[I 2025-05-15 07:49:25,124] Trial 2 finished with value: 0.5033333333333333 and parameters: {'n_estimators': 234, 'max_depth': 14, 'min_samples_split': 5, 'min_samples_leaf': 8}. Best is trial 1 with value: 0.5066666666666666.
[I 2025-05-15 07:49:25,629] Trial 3 finished with value: 0.54 and parameters: {'n_estimators': 307, 'max_depth': 13, 'min_samples_split': 7, 'min_samples_leaf': 10}. Best is trial 3 with value: 0.54.
[I 2025-05-15 07:49:26,680] Trial 4 finished with value: 0.45 and parameters: {'n_estimators': 428, 'max_depth': 10, 'min_samples_split': 9, 'min_samples_leaf': 9}. Best is trial 3 with value: 0.54.
[I 2025-05-15 07:49:27,390] Trial 5 finished with value: 0.5233333333333333 and parameters: {'n_estimators': 121, 'max_depth': 15, 'min_samples_split': 9, 'min_samples_leaf': 8}. Best is trial 3 with value: 0.54.
[I 2025-05-15 07:49:28,945] Trial 6 finished with value: 0.5266666666666666 and parameters: {'n_estimators': 384, 'max_depth': 12, 'min_samples_split': 3, 'min_samples_leaf': 10}. Best is trial 3 with value: 0.54.
[I 2025-05-15 07:49:30,056] Trial 7 finished with value: 0.5633333333333332 and parameters: {'n_estimators': 261, 'max_depth': 6, 'min_samples_split': 8, 'min_samples_leaf': 10}. Best is trial 7 with value: 0.5633333333333332.
[I 2025-05-15 07:49:30,895] Trial 8 finished with value: 0.52 and parameters: {'n_estimators': 202, 'max_depth': 15, 'min_samples_split': 7, 'min_samples_leaf': 8}. Best is trial 7 with value: 0.5633333333333332.
[I 2025-05-15 07:49:32,122] Trial 9 finished with value: 0.5433333333333333 and parameters: {'n_estimators': 475, 'max_depth': 9, 'min_samples_split': 4, 'min_samples_leaf': 5}. Best is trial 7 with value: 0.5633333333333332.
[I 2025-05-15 07:49:33,086] Trial 10 finished with value: 0.5466666666666666 and parameters: {'n_estimators': 303, 'max_depth': 3, 'min_samples_split': 2, 'min_samples_leaf': 2}. Best is trial 7 with value: 0.5633333333333332.
[I 2025-05-15 07:49:34,692] Trial 11 finished with value: 0.5266666666666666 and parameters: {'n_estimators': 323, 'max_depth': 3, 'min_samples_split': 2, 'min_samples_leaf': 2}. Best is trial 7 with value: 0.5633333333333332.
[I 2025-05-15 07:49:35,953] Trial 12 finished with value: 0.5433333333333333 and parameters: {'n_estimators': 248, 'max_depth': 3, 'min_samples_split': 7, 'min_samples_leaf': 3}. Best is trial 7 with value: 0.5633333333333332.
[I 2025-05-15 07:49:37,274] Trial 13 finished with value: 0.5466666666666666 and parameters: {'n_estimators': 362, 'max_depth': 20, 'min_samples_split': 10, 'min_samples_leaf': 4}. Best is trial 7 with value: 0.5633333333333332.
[I 2025-05-15 07:49:38,788] Trial 14 finished with value: 0.5199999999999999 and parameters: {'n_estimators': 262, 'max_depth': 6, 'min_samples_split': 2, 'min_samples_leaf': 6}. Best is trial 7 with value: 0.5633333333333332.
[I 2025-05-15 07:49:39,333] Trial 15 finished with value: 0.5066666666666666 and parameters: {'n_estimators': 182, 'max_depth': 6, 'min_samples_split': 5, 'min_samples_leaf': 6}. Best is trial 7 with value: 0.5633333333333332.
[I 2025-05-15 07:49:39,877] Trial 16 finished with value: 0.48999999999999994 and parameters: {'n_estimators': 341, 'max_depth': 5, 'min_samples_split': 8, 'min_samples_leaf': 1}. Best is trial 7 with value: 0.5633333333333332.
[I 2025-05-15 07:49:40,348] Trial 17 finished with value: 0.5433333333333333 and parameters: {'n_estimators': 295, 'max_depth': 5, 'min_samples_split': 4, 'min_samples_leaf': 3}. Best is trial 7 with value: 0.5633333333333332.
[I 2025-05-15 07:49:41,194] Trial 18 finished with value: 0.5266666666666666 and parameters: {'n_estimators': 404, 'max_depth': 7, 'min_samples_split': 6, 'min_samples_leaf': 7}. Best is trial 7 with value: 0.5633333333333332.
[I 2025-05-15 07:49:42,349] Trial 19 finished with value: 0.5066666666666666 and parameters: {'n_estimators': 279, 'max_depth': 3, 'min_samples_split': 10, 'min_samples_leaf': 4}. Best is trial 7 with value: 0.5633333333333332.
[I 2025-05-15 07:49:43,060] Trial 20 finished with value: 0.49000000000000005 and parameters: {'n_estimators': 205, 'max_depth': 10, 'min_samples_split': 8, 'min_samples_leaf': 2}. Best is trial 7 with value: 0.5633333333333332.
[I 2025-05-15 07:49:43,716] Trial 21 finished with value: 0.5466666666666666 and parameters: {'n_estimators': 360, 'max_depth': 20, 'min_samples_split': 10, 'min_samples_leaf': 4}. Best is trial 7 with value: 0.5633333333333332.
[I 2025-05-15 07:49:44,323] Trial 22 finished with value: 0.5266666666666667 and parameters: {'n_estimators': 362, 'max_depth': 20, 'min_samples_split': 8, 'min_samples_leaf': 3}. Best is trial 7 with value: 0.5633333333333332.
[I 2025-05-15 07:49:44,865] Trial 23 finished with value: 0.5266666666666666 and parameters: {'n_estimators': 308, 'max_depth': 17, 'min_samples_split': 10, 'min_samples_leaf': 4}. Best is trial 7 with value: 0.5633333333333332.
[I 2025-05-15 07:49:45,365] Trial 24 finished with value: 0.5033333333333333 and parameters: {'n_estimators': 404, 'max_depth': 18, 'min_samples_split': 9, 'min_samples_leaf': 2}. Best is trial 7 with value: 0.5633333333333332.
[I 2025-05-15 07:49:46,018] Trial 25 finished with value: 0.4866666666666667 and parameters: {'n_estimators': 341, 'max_depth': 5, 'min_samples_split': 3, 'min_samples_leaf': 7}. Best is trial 7 with value: 0.5633333333333332.
[I 2025-05-15 07:49:46,360] Trial 26 finished with value: 0.5033333333333333 and parameters: {'n_estimators': 222, 'max_depth': 18, 'min_samples_split': 8, 'min_samples_leaf': 5}. Best is trial 7 with value: 0.5633333333333332.
[I 2025-05-15 07:49:46,937] Trial 27 finished with value: 0.45 and parameters: {'n_estimators': 276, 'max_depth': 4, 'min_samples_split': 10, 'min_samples_leaf': 3}. Best is trial 7 with value: 0.5633333333333332.
[I 2025-05-15 07:49:47,561] Trial 28 finished with value: 0.4533333333333333 and parameters: {'n_estimators': 163, 'max_depth': 7, 'min_samples_split': 5, 'min_samples_leaf': 1}. Best is trial 7 with value: 0.5633333333333332.
[I 2025-05-15 07:49:48,497] Trial 29 finished with value: 0.55 and parameters: {'n_estimators': 500, 'max_depth': 9, 'min_samples_split': 9, 'min_samples_leaf': 1}. Best is trial 7 with value: 0.5633333333333332.
[I 2025-05-15 07:49:55,043] A new study created in memory with name: svc
Parámetros guardados en checkpoint_default_Doriginal_H/k_center/IPC_27/best_models_k_center_seed_6_space_original/rf_best_params.json


>>> Optuna tuning svc metodo k_center IPC 27 seed 6


[I 2025-05-15 07:49:57,456] Trial 0 finished with value: 0.5066666666666667 and parameters: {'C': 37.27697013499731, 'gamma': 0.0021277432488243223}. Best is trial 0 with value: 0.5066666666666667.
[I 2025-05-15 07:49:57,574] Trial 1 finished with value: 0.5533333333333333 and parameters: {'C': 19.271543171162776, 'gamma': 0.00014682043379470554}. Best is trial 1 with value: 0.5533333333333333.
[I 2025-05-15 07:49:57,604] Trial 2 finished with value: 0.5 and parameters: {'C': 0.0269542169583157, 'gamma': 0.023999835049635022}. Best is trial 1 with value: 0.5533333333333333.
[I 2025-05-15 07:49:57,631] Trial 3 finished with value: 0.58 and parameters: {'C': 1.3160410886450586, 'gamma': 0.0047340159215720195}. Best is trial 3 with value: 0.58.
[I 2025-05-15 07:49:57,657] Trial 4 finished with value: 0.52 and parameters: {'C': 0.21959952535674737, 'gamma': 0.030908485742507576}. Best is trial 3 with value: 0.58.
[I 2025-05-15 07:49:57,683] Trial 5 finished with value: 0.5 and parameters: {'C': 0.5656733313644114, 'gamma': 0.08780685564625502}. Best is trial 3 with value: 0.58.
[I 2025-05-15 07:49:57,698] Trial 6 finished with value: 0.6199999999999999 and parameters: {'C': 1.1807165425157664, 'gamma': 0.020674470756231633}. Best is trial 6 with value: 0.6199999999999999.
[I 2025-05-15 07:49:57,713] Trial 7 finished with value: 0.5 and parameters: {'C': 3.8143486186647126, 'gamma': 0.9138966502602072}. Best is trial 6 with value: 0.6199999999999999.
[I 2025-05-15 07:49:57,728] Trial 8 finished with value: 0.5233333333333333 and parameters: {'C': 19.029737066374768, 'gamma': 0.004495766421289856}. Best is trial 6 with value: 0.6199999999999999.
[I 2025-05-15 07:49:57,753] Trial 9 finished with value: 0.5 and parameters: {'C': 31.994153257994277, 'gamma': 0.19725941020937518}. Best is trial 6 with value: 0.6199999999999999.
[I 2025-05-15 07:49:57,777] Trial 10 finished with value: 0.52 and parameters: {'C': 0.07934797472115897, 'gamma': 0.0006344004822646731}. Best is trial 6 with value: 0.6199999999999999.
[I 2025-05-15 07:49:58,499] Trial 11 finished with value: 0.54 and parameters: {'C': 2.441620033774385, 'gamma': 0.0057984909989627145}. Best is trial 6 with value: 0.6199999999999999.
[I 2025-05-15 07:49:59,265] Trial 12 finished with value: 0.5933333333333333 and parameters: {'C': 0.9703445749648931, 'gamma': 0.0009407708153906166}. Best is trial 6 with value: 0.6199999999999999.
[I 2025-05-15 07:49:59,302] Trial 13 finished with value: 0.6066666666666667 and parameters: {'C': 0.3772616734260757, 'gamma': 0.000600713087386209}. Best is trial 6 with value: 0.6199999999999999.
[I 2025-05-15 07:49:59,326] Trial 14 finished with value: 0.52 and parameters: {'C': 0.18088222766121345, 'gamma': 0.00021503546034817625}. Best is trial 6 with value: 0.6199999999999999.
[I 2025-05-15 07:49:59,363] Trial 15 finished with value: 0.5 and parameters: {'C': 0.012577049127093261, 'gamma': 0.029219738752478717}. Best is trial 6 with value: 0.6199999999999999.
[I 2025-05-15 07:49:59,395] Trial 16 finished with value: 0.5933333333333334 and parameters: {'C': 5.51463194944093, 'gamma': 0.0011153679793637068}. Best is trial 6 with value: 0.6199999999999999.
[I 2025-05-15 07:49:59,431] Trial 17 finished with value: 0.6100000000000001 and parameters: {'C': 0.38254819833623066, 'gamma': 0.0003236153783471129}. Best is trial 6 with value: 0.6199999999999999.
[I 2025-05-15 07:49:59,467] Trial 18 finished with value: 0.5 and parameters: {'C': 0.06851790309347097, 'gamma': 0.15836913809918682}. Best is trial 6 with value: 0.6199999999999999.
[I 2025-05-15 07:49:59,496] Trial 19 finished with value: 0.5833333333333333 and parameters: {'C': 8.344935019783211, 'gamma': 0.013273746156761013}. Best is trial 6 with value: 0.6199999999999999.
[I 2025-05-15 07:49:59,532] Trial 20 finished with value: 0.52 and parameters: {'C': 0.09259384516828711, 'gamma': 0.0003226577472615451}. Best is trial 6 with value: 0.6199999999999999.
[I 2025-05-15 07:49:59,552] Trial 21 finished with value: 0.52 and parameters: {'C': 0.27180228759328545, 'gamma': 0.00011367694368909836}. Best is trial 6 with value: 0.6199999999999999.
[I 2025-05-15 07:50:00,453] Trial 22 finished with value: 0.6066666666666667 and parameters: {'C': 0.502899603885894, 'gamma': 0.000505922845520757}. Best is trial 6 with value: 0.6199999999999999.
[I 2025-05-15 07:50:00,487] Trial 23 finished with value: 0.6133333333333334 and parameters: {'C': 1.9129996341877273, 'gamma': 0.0026088119058712534}. Best is trial 6 with value: 0.6199999999999999.
[I 2025-05-15 07:50:00,511] Trial 24 finished with value: 0.6133333333333334 and parameters: {'C': 2.024756300393884, 'gamma': 0.002580081483843603}. Best is trial 6 with value: 0.6199999999999999.
[I 2025-05-15 07:50:00,534] Trial 25 finished with value: 0.63 and parameters: {'C': 1.3509452737512784, 'gamma': 0.001975251064667801}. Best is trial 25 with value: 0.63.
[I 2025-05-15 07:50:00,562] Trial 26 finished with value: 0.5666666666666667 and parameters: {'C': 84.98104018993892, 'gamma': 0.010414585689689686}. Best is trial 25 with value: 0.63.
[I 2025-05-15 07:50:00,595] Trial 27 finished with value: 0.65 and parameters: {'C': 0.9740454405676094, 'gamma': 0.0022490628209601493}. Best is trial 27 with value: 0.65.
[I 2025-05-15 07:50:00,626] Trial 28 finished with value: 0.5 and parameters: {'C': 0.9782693391373638, 'gamma': 0.05511214847605438}. Best is trial 27 with value: 0.65.
[I 2025-05-15 07:50:00,646] Trial 29 finished with value: 0.5433333333333332 and parameters: {'C': 5.884694451295393, 'gamma': 0.00662432186468784}. Best is trial 27 with value: 0.65.
[I 2025-05-15 07:50:06,524] A new study created in memory with name: logreg
Parámetros guardados en checkpoint_default_Doriginal_H/k_center/IPC_27/best_models_k_center_seed_6_space_original/svc_best_params.json


>>> Optuna tuning logreg metodo k_center IPC 27 seed 6


/data/home/rtabares/anaconda3/envs/pyth3.12/lib/python3.12/site-packages/sklearn/linear_model/_logistic.py:465: ConvergenceWarning: lbfgs failed to converge (status=1):
STOP: TOTAL NO. OF ITERATIONS REACHED LIMIT.

Increase the number of iterations (max_iter) or scale the data as shown in:
    https://scikit-learn.org/stable/modules/preprocessing.html
Please also refer to the documentation for alternative solver options:
    https://scikit-learn.org/stable/modules/linear_model.html#logistic-regression
  n_iter_i = _check_optimize_result(
[I 2025-05-15 07:50:07,365] Trial 0 finished with value: 0.6333333333333334 and parameters: {'C': 29.127335430981816, 'penalty': 'l2'}. Best is trial 0 with value: 0.6333333333333334.
[I 2025-05-15 07:50:07,391] Trial 1 finished with value: 0.6900000000000001 and parameters: {'C': 0.045698192893558344, 'penalty': 'l2'}. Best is trial 1 with value: 0.6900000000000001.
[I 2025-05-15 07:50:07,436] Trial 2 finished with value: 0.6333333333333334 and parameters: {'C': 12.768668597712947, 'penalty': 'l2'}. Best is trial 1 with value: 0.6900000000000001.
[I 2025-05-15 07:50:07,461] Trial 3 finished with value: 0.67 and parameters: {'C': 0.0016161554408462638, 'penalty': 'l2'}. Best is trial 1 with value: 0.6900000000000001.
[I 2025-05-15 07:50:07,486] Trial 4 finished with value: 0.67 and parameters: {'C': 0.0034536903703241734, 'penalty': 'l2'}. Best is trial 1 with value: 0.6900000000000001.
[I 2025-05-15 07:50:07,521] Trial 5 finished with value: 0.6699999999999999 and parameters: {'C': 0.9446269266990148, 'penalty': 'l2'}. Best is trial 1 with value: 0.6900000000000001.
[I 2025-05-15 07:50:07,547] Trial 6 finished with value: 0.6733333333333333 and parameters: {'C': 0.4457453393648168, 'penalty': 'l2'}. Best is trial 1 with value: 0.6900000000000001.
[I 2025-05-15 07:50:07,571] Trial 7 finished with value: 0.6533333333333334 and parameters: {'C': 0.12417585037258261, 'penalty': 'l2'}. Best is trial 1 with value: 0.6900000000000001.
[I 2025-05-15 07:50:07,596] Trial 8 finished with value: 0.6900000000000001 and parameters: {'C': 0.04753781830244093, 'penalty': 'l2'}. Best is trial 1 with value: 0.6900000000000001.
[I 2025-05-15 07:50:07,631] Trial 9 finished with value: 0.6333333333333334 and parameters: {'C': 1.2959766028194148, 'penalty': 'l2'}. Best is trial 1 with value: 0.6900000000000001.
[I 2025-05-15 07:50:07,662] Trial 10 finished with value: 0.6900000000000001 and parameters: {'C': 0.02024823315667757, 'penalty': 'l2'}. Best is trial 1 with value: 0.6900000000000001.
[I 2025-05-15 07:50:09,335] Trial 11 finished with value: 0.6900000000000001 and parameters: {'C': 0.033823105357511776, 'penalty': 'l2'}. Best is trial 1 with value: 0.6900000000000001.
[I 2025-05-15 07:50:10,751] Trial 12 finished with value: 0.6900000000000001 and parameters: {'C': 0.01687525967399137, 'penalty': 'l2'}. Best is trial 1 with value: 0.6900000000000001.
[I 2025-05-15 07:50:10,782] Trial 13 finished with value: 0.6733333333333333 and parameters: {'C': 0.08927054814637196, 'penalty': 'l2'}. Best is trial 1 with value: 0.6900000000000001.
[I 2025-05-15 07:50:10,814] Trial 14 finished with value: 0.67 and parameters: {'C': 0.007421596657289348, 'penalty': 'l2'}. Best is trial 1 with value: 0.6900000000000001.
[I 2025-05-15 07:50:10,845] Trial 15 finished with value: 0.6533333333333334 and parameters: {'C': 0.12596206158983486, 'penalty': 'l2'}. Best is trial 1 with value: 0.6900000000000001.
[I 2025-05-15 07:50:10,886] Trial 16 finished with value: 0.6133333333333333 and parameters: {'C': 4.0439489390104955, 'penalty': 'l2'}. Best is trial 1 with value: 0.6900000000000001.
