[I 2025-05-15 08:24:31,808] Trial 29 finished with value: 0.788888888888889 and parameters: {'hidden_layer_sizes': (200,), 'max_iter': 50, 'alpha': 0.001}. Best is trial 11 with value: 0.825.
[I 2025-05-15 08:28:19,310] A new study created in memory with name: xgb
Parámetros guardados en checkpoint_adult_Doriginal_G/k-means/IPC_43/best_models_k-means_seed_8_space_original/mlp_best_params.json


>>> Optuna tuning xgb metodo ag IPC 43 seed 8


/data/home/rtabares/anaconda3/envs/pyth3.12/lib/python3.12/site-packages/xgboost/core.py:377: FutureWarning: Your system has an old version of glibc (< 2.28). We will stop supporting Linux distros with glibc older than 2.28 after **May 31, 2025**. Please upgrade to a recent Linux distro (with glibc >= 2.28) to use future versions of XGBoost.
Note: You have installed the 'manylinux2014' variant of XGBoost. Certain features such as GPU algorithms or federated learning are not available. To use these features, please upgrade to a recent Linux distro with glibc 2.28+, and install the 'manylinux_2_28' variant.
  warnings.warn(
/data/home/rtabares/anaconda3/envs/pyth3.12/lib/python3.12/site-packages/xgboost/core.py:377: FutureWarning: Your system has an old version of glibc (< 2.28). We will stop supporting Linux distros with glibc older than 2.28 after **May 31, 2025**. Please upgrade to a recent Linux distro (with glibc >= 2.28) to use future versions of XGBoost.
Note: You have installed the 'manylinux2014' variant of XGBoost. Certain features such as GPU algorithms or federated learning are not available. To use these features, please upgrade to a recent Linux distro with glibc 2.28+, and install the 'manylinux_2_28' variant.
  warnings.warn(
[I 2025-05-15 08:28:19,804] Trial 0 finished with value: 0.9305555555555556 and parameters: {'n_estimators': 40, 'max_depth': 5, 'gamma': 0.4874219364632415, 'subsample': 0.7011756800186824, 'colsample_bytree': 0.7613373356762848}. Best is trial 0 with value: 0.9305555555555556.
/data/home/rtabares/anaconda3/envs/pyth3.12/lib/python3.12/site-packages/xgboost/core.py:377: FutureWarning: Your system has an old version of glibc (< 2.28). We will stop supporting Linux distros with glibc older than 2.28 after **May 31, 2025**. Please upgrade to a recent Linux distro (with glibc >= 2.28) to use future versions of XGBoost.
Note: You have installed the 'manylinux2014' variant of XGBoost. Certain features such as GPU algorithms or federated learning are not available. To use these features, please upgrade to a recent Linux distro with glibc 2.28+, and install the 'manylinux_2_28' variant.
  warnings.warn(
/data/home/rtabares/anaconda3/envs/pyth3.12/lib/python3.12/site-packages/xgboost/core.py:377: FutureWarning: Your system has an old version of glibc (< 2.28). We will stop supporting Linux distros with glibc older than 2.28 after **May 31, 2025**. Please upgrade to a recent Linux distro (with glibc >= 2.28) to use future versions of XGBoost.
Note: You have installed the 'manylinux2014' variant of XGBoost. Certain features such as GPU algorithms or federated learning are not available. To use these features, please upgrade to a recent Linux distro with glibc 2.28+, and install the 'manylinux_2_28' variant.
  warnings.warn(
[I 2025-05-15 08:28:19,862] Trial 1 finished with value: 0.9430555555555555 and parameters: {'n_estimators': 40, 'max_depth': 5, 'gamma': 0.483482593428573, 'subsample': 0.6445375140090439, 'colsample_bytree': 0.9869276206002231}. Best is trial 1 with value: 0.9430555555555555.
/data/home/rtabares/anaconda3/envs/pyth3.12/lib/python3.12/site-packages/xgboost/core.py:377: FutureWarning: Your system has an old version of glibc (< 2.28). We will stop supporting Linux distros with glibc older than 2.28 after **May 31, 2025**. Please upgrade to a recent Linux distro (with glibc >= 2.28) to use future versions of XGBoost.
Note: You have installed the 'manylinux2014' variant of XGBoost. Certain features such as GPU algorithms or federated learning are not available. To use these features, please upgrade to a recent Linux distro with glibc 2.28+, and install the 'manylinux_2_28' variant.
  warnings.warn(
/data/home/rtabares/anaconda3/envs/pyth3.12/lib/python3.12/site-packages/xgboost/core.py:377: FutureWarning: Your system has an old version of glibc (< 2.28). We will stop supporting Linux distros with glibc older than 2.28 after **May 31, 2025**. Please upgrade to a recent Linux distro (with glibc >= 2.28) to use future versions of XGBoost.
Note: You have installed the 'manylinux2014' variant of XGBoost. Certain features such as GPU algorithms or federated learning are not available. To use these features, please upgrade to a recent Linux distro with glibc 2.28+, and install the 'manylinux_2_28' variant.
  warnings.warn(
/data/home/rtabares/anaconda3/envs/pyth3.12/lib/python3.12/site-packages/xgboost/core.py:377: FutureWarning: Your system has an old version of glibc (< 2.28). We will stop supporting Linux distros with glibc older than 2.28 after **May 31, 2025**. Please upgrade to a recent Linux distro (with glibc >= 2.28) to use future versions of XGBoost.
Note: You have installed the 'manylinux2014' variant of XGBoost. Certain features such as GPU algorithms or federated learning are not available. To use these features, please upgrade to a recent Linux distro with glibc 2.28+, and install the 'manylinux_2_28' variant.
  warnings.warn(
/data/home/rtabares/anaconda3/envs/pyth3.12/lib/python3.12/site-packages/xgboost/core.py:377: FutureWarning: Your system has an old version of glibc (< 2.28). We will stop supporting Linux distros with glibc older than 2.28 after **May 31, 2025**. Please upgrade to a recent Linux distro (with glibc >= 2.28) to use future versions of XGBoost.
Note: You have installed the 'manylinux2014' variant of XGBoost. Certain features such as GPU algorithms or federated learning are not available. To use these features, please upgrade to a recent Linux distro with glibc 2.28+, and install the 'manylinux_2_28' variant.
  warnings.warn(
[I 2025-05-15 08:28:19,910] Trial 2 finished with value: 0.8944444444444445 and parameters: {'n_estimators': 10, 'max_depth': 5, 'gamma': 0.16384856027517886, 'subsample': 0.6123849694840227, 'colsample_bytree': 0.6968174574718025}. Best is trial 1 with value: 0.9430555555555555.
/data/home/rtabares/anaconda3/envs/pyth3.12/lib/python3.12/site-packages/xgboost/core.py:377: FutureWarning: Your system has an old version of glibc (< 2.28). We will stop supporting Linux distros with glibc older than 2.28 after **May 31, 2025**. Please upgrade to a recent Linux distro (with glibc >= 2.28) to use future versions of XGBoost.
Note: You have installed the 'manylinux2014' variant of XGBoost. Certain features such as GPU algorithms or federated learning are not available. To use these features, please upgrade to a recent Linux distro with glibc 2.28+, and install the 'manylinux_2_28' variant.
  warnings.warn(
/data/home/rtabares/anaconda3/envs/pyth3.12/lib/python3.12/site-packages/xgboost/core.py:377: FutureWarning: Your system has an old version of glibc (< 2.28). We will stop supporting Linux distros with glibc older than 2.28 after **May 31, 2025**. Please upgrade to a recent Linux distro (with glibc >= 2.28) to use future versions of XGBoost.
Note: You have installed the 'manylinux2014' variant of XGBoost. Certain features such as GPU algorithms or federated learning are not available. To use these features, please upgrade to a recent Linux distro with glibc 2.28+, and install the 'manylinux_2_28' variant.
  warnings.warn(
[I 2025-05-15 08:28:19,980] Trial 3 finished with value: 0.9069444444444444 and parameters: {'n_estimators': 100, 'max_depth': 30, 'gamma': 0.7877441182293641, 'subsample': 0.9694019566553859, 'colsample_bytree': 0.6598448982335139}. Best is trial 1 with value: 0.9430555555555555.
[I 2025-05-15 08:28:20,030] Trial 4 finished with value: 0.9180555555555555 and parameters: {'n_estimators': 100, 'max_depth': 5, 'gamma': 0.816017102586079, 'subsample': 0.5160040782128984, 'colsample_bytree': 0.7277239110529665}. Best is trial 1 with value: 0.9430555555555555.
[I 2025-05-15 08:28:20,069] Trial 5 finished with value: 0.9194444444444443 and parameters: {'n_estimators': 40, 'max_depth': 20, 'gamma': 0.6643500821697236, 'subsample': 0.6076588997363731, 'colsample_bytree': 0.5754850538287481}. Best is trial 1 with value: 0.9430555555555555.
/data/home/rtabares/anaconda3/envs/pyth3.12/lib/python3.12/site-packages/xgboost/core.py:377: FutureWarning: Your system has an old version of glibc (< 2.28). We will stop supporting Linux distros with glibc older than 2.28 after **May 31, 2025**. Please upgrade to a recent Linux distro (with glibc >= 2.28) to use future versions of XGBoost.
Note: You have installed the 'manylinux2014' variant of XGBoost. Certain features such as GPU algorithms or federated learning are not available. To use these features, please upgrade to a recent Linux distro with glibc 2.28+, and install the 'manylinux_2_28' variant.
  warnings.warn(
/data/home/rtabares/anaconda3/envs/pyth3.12/lib/python3.12/site-packages/xgboost/core.py:377: FutureWarning: Your system has an old version of glibc (< 2.28). We will stop supporting Linux distros with glibc older than 2.28 after **May 31, 2025**. Please upgrade to a recent Linux distro (with glibc >= 2.28) to use future versions of XGBoost.
Note: You have installed the 'manylinux2014' variant of XGBoost. Certain features such as GPU algorithms or federated learning are not available. To use these features, please upgrade to a recent Linux distro with glibc 2.28+, and install the 'manylinux_2_28' variant.
  warnings.warn(
/data/home/rtabares/anaconda3/envs/pyth3.12/lib/python3.12/site-packages/xgboost/core.py:377: FutureWarning: Your system has an old version of glibc (< 2.28). We will stop supporting Linux distros with glibc older than 2.28 after **May 31, 2025**. Please upgrade to a recent Linux distro (with glibc >= 2.28) to use future versions of XGBoost.
Note: You have installed the 'manylinux2014' variant of XGBoost. Certain features such as GPU algorithms or federated learning are not available. To use these features, please upgrade to a recent Linux distro with glibc 2.28+, and install the 'manylinux_2_28' variant.
  warnings.warn(
[I 2025-05-15 08:28:20,136] Trial 6 finished with value: 0.9402777777777779 and parameters: {'n_estimators': 100, 'max_depth': 20, 'gamma': 0.6361752212866232, 'subsample': 0.8309913561372338, 'colsample_bytree': 0.7552902276266351}. Best is trial 1 with value: 0.9430555555555555.
/data/home/rtabares/anaconda3/envs/pyth3.12/lib/python3.12/site-packages/xgboost/core.py:377: FutureWarning: Your system has an old version of glibc (< 2.28). We will stop supporting Linux distros with glibc older than 2.28 after **May 31, 2025**. Please upgrade to a recent Linux distro (with glibc >= 2.28) to use future versions of XGBoost.
Note: You have installed the 'manylinux2014' variant of XGBoost. Certain features such as GPU algorithms or federated learning are not available. To use these features, please upgrade to a recent Linux distro with glibc 2.28+, and install the 'manylinux_2_28' variant.
  warnings.warn(
/data/home/rtabares/anaconda3/envs/pyth3.12/lib/python3.12/site-packages/xgboost/core.py:377: FutureWarning: Your system has an old version of glibc (< 2.28). We will stop supporting Linux distros with glibc older than 2.28 after **May 31, 2025**. Please upgrade to a recent Linux distro (with glibc >= 2.28) to use future versions of XGBoost.
Note: You have installed the 'manylinux2014' variant of XGBoost. Certain features such as GPU algorithms or federated learning are not available. To use these features, please upgrade to a recent Linux distro with glibc 2.28+, and install the 'manylinux_2_28' variant.
  warnings.warn(
[I 2025-05-15 08:28:20,184] Trial 7 finished with value: 0.9194444444444445 and parameters: {'n_estimators': 10, 'max_depth': 5, 'gamma': 0.5767347850317142, 'subsample': 0.7995431264700696, 'colsample_bytree': 0.8604622333437917}. Best is trial 1 with value: 0.9430555555555555.
/data/home/rtabares/anaconda3/envs/pyth3.12/lib/python3.12/site-packages/xgboost/core.py:377: FutureWarning: Your system has an old version of glibc (< 2.28). We will stop supporting Linux distros with glibc older than 2.28 after **May 31, 2025**. Please upgrade to a recent Linux distro (with glibc >= 2.28) to use future versions of XGBoost.
Note: You have installed the 'manylinux2014' variant of XGBoost. Certain features such as GPU algorithms or federated learning are not available. To use these features, please upgrade to a recent Linux distro with glibc 2.28+, and install the 'manylinux_2_28' variant.
  warnings.warn(
[I 2025-05-15 08:28:20,240] Trial 8 finished with value: 0.9291666666666666 and parameters: {'n_estimators': 100, 'max_depth': 20, 'gamma': 0.8470554948938058, 'subsample': 0.860339005739911, 'colsample_bytree': 0.9331308414408237}. Best is trial 1 with value: 0.9430555555555555.
/data/home/rtabares/anaconda3/envs/pyth3.12/lib/python3.12/site-packages/xgboost/core.py:377: FutureWarning: Your system has an old version of glibc (< 2.28). We will stop supporting Linux distros with glibc older than 2.28 after **May 31, 2025**. Please upgrade to a recent Linux distro (with glibc >= 2.28) to use future versions of XGBoost.
Note: You have installed the 'manylinux2014' variant of XGBoost. Certain features such as GPU algorithms or federated learning are not available. To use these features, please upgrade to a recent Linux distro with glibc 2.28+, and install the 'manylinux_2_28' variant.
  warnings.warn(
[I 2025-05-15 08:28:20,286] Trial 9 finished with value: 0.9291666666666666 and parameters: {'n_estimators': 100, 'max_depth': 30, 'gamma': 0.574951454577921, 'subsample': 0.9696020680119358, 'colsample_bytree': 0.8616917074936369}. Best is trial 1 with value: 0.9430555555555555.
/data/home/rtabares/anaconda3/envs/pyth3.12/lib/python3.12/site-packages/xgboost/core.py:377: FutureWarning: Your system has an old version of glibc (< 2.28). We will stop supporting Linux distros with glibc older than 2.28 after **May 31, 2025**. Please upgrade to a recent Linux distro (with glibc >= 2.28) to use future versions of XGBoost.
Note: You have installed the 'manylinux2014' variant of XGBoost. Certain features such as GPU algorithms or federated learning are not available. To use these features, please upgrade to a recent Linux distro with glibc 2.28+, and install the 'manylinux_2_28' variant.
  warnings.warn(
/data/home/rtabares/anaconda3/envs/pyth3.12/lib/python3.12/site-packages/xgboost/core.py:377: FutureWarning: Your system has an old version of glibc (< 2.28). We will stop supporting Linux distros with glibc older than 2.28 after **May 31, 2025**. Please upgrade to a recent Linux distro (with glibc >= 2.28) to use future versions of XGBoost.
Note: You have installed the 'manylinux2014' variant of XGBoost. Certain features such as GPU algorithms or federated learning are not available. To use these features, please upgrade to a recent Linux distro with glibc 2.28+, and install the 'manylinux_2_28' variant.
  warnings.warn(
[I 2025-05-15 08:28:20,359] Trial 10 finished with value: 0.9180555555555555 and parameters: {'n_estimators': 40, 'max_depth': 5, 'gamma': 0.32359117507032664, 'subsample': 0.6830443145605672, 'colsample_bytree': 0.9880791395471188}. Best is trial 1 with value: 0.9430555555555555.
[I 2025-05-15 08:28:20,412] Trial 11 finished with value: 0.9194444444444445 and parameters: {'n_estimators': 40, 'max_depth': 20, 'gamma': 0.39731700650079615, 'subsample': 0.8421104977385359, 'colsample_bytree': 0.5009016081522184}. Best is trial 1 with value: 0.9430555555555555.
/data/home/rtabares/anaconda3/envs/pyth3.12/lib/python3.12/site-packages/xgboost/core.py:377: FutureWarning: Your system has an old version of glibc (< 2.28). We will stop supporting Linux distros with glibc older than 2.28 after **May 31, 2025**. Please upgrade to a recent Linux distro (with glibc >= 2.28) to use future versions of XGBoost.
Note: You have installed the 'manylinux2014' variant of XGBoost. Certain features such as GPU algorithms or federated learning are not available. To use these features, please upgrade to a recent Linux distro with glibc 2.28+, and install the 'manylinux_2_28' variant.
  warnings.warn(
/data/home/rtabares/anaconda3/envs/pyth3.12/lib/python3.12/site-packages/xgboost/core.py:377: FutureWarning: Your system has an old version of glibc (< 2.28). We will stop supporting Linux distros with glibc older than 2.28 after **May 31, 2025**. Please upgrade to a recent Linux distro (with glibc >= 2.28) to use future versions of XGBoost.
Note: You have installed the 'manylinux2014' variant of XGBoost. Certain features such as GPU algorithms or federated learning are not available. To use these features, please upgrade to a recent Linux distro with glibc 2.28+, and install the 'manylinux_2_28' variant.
  warnings.warn(
[I 2025-05-15 08:28:21,419] Trial 12 finished with value: 0.9402777777777779 and parameters: {'n_estimators': 100, 'max_depth': 20, 'gamma': 0.9738892144312379, 'subsample': 0.7551884584279087, 'colsample_bytree': 0.8393900392125123}. Best is trial 1 with value: 0.9430555555555555.
/data/home/rtabares/anaconda3/envs/pyth3.12/lib/python3.12/site-packages/xgboost/core.py:377: FutureWarning: Your system has an old version of glibc (< 2.28). We will stop supporting Linux distros with glibc older than 2.28 after **May 31, 2025**. Please upgrade to a recent Linux distro (with glibc >= 2.28) to use future versions of XGBoost.
Note: You have installed the 'manylinux2014' variant of XGBoost. Certain features such as GPU algorithms or federated learning are not available. To use these features, please upgrade to a recent Linux distro with glibc 2.28+, and install the 'manylinux_2_28' variant.
  warnings.warn(
[I 2025-05-15 08:28:22,296] Trial 13 finished with value: 0.9180555555555555 and parameters: {'n_estimators': 40, 'max_depth': 20, 'gamma': 0.305796021130309, 'subsample': 0.870581905471463, 'colsample_bytree': 0.9924632937274621}. Best is trial 1 with value: 0.9430555555555555.
/data/home/rtabares/anaconda3/envs/pyth3.12/lib/python3.12/site-packages/xgboost/core.py:377: FutureWarning: Your system has an old version of glibc (< 2.28). We will stop supporting Linux distros with glibc older than 2.28 after **May 31, 2025**. Please upgrade to a recent Linux distro (with glibc >= 2.28) to use future versions of XGBoost.
Note: You have installed the 'manylinux2014' variant of XGBoost. Certain features such as GPU algorithms or federated learning are not available. To use these features, please upgrade to a recent Linux distro with glibc 2.28+, and install the 'manylinux_2_28' variant.
  warnings.warn(
[I 2025-05-15 08:28:23,269] Trial 14 finished with value: 0.9402777777777779 and parameters: {'n_estimators': 10, 'max_depth': 30, 'gamma': 0.6729611907188985, 'subsample': 0.6034379063125498, 'colsample_bytree': 0.7948757042394698}. Best is trial 1 with value: 0.9430555555555555.
[I 2025-05-15 08:28:23,330] Trial 15 finished with value: 0.9416666666666668 and parameters: {'n_estimators': 100, 'max_depth': 5, 'gamma': 0.4677647810752753, 'subsample': 0.5009078887277232, 'colsample_bytree': 0.6415557347917157}. Best is trial 1 with value: 0.9430555555555555.
[I 2025-05-15 08:28:23,385] Trial 16 finished with value: 0.9416666666666668 and parameters: {'n_estimators': 40, 'max_depth': 5, 'gamma': 0.4452181894466578, 'subsample': 0.5012506053110111, 'colsample_bytree': 0.6459859458250548}. Best is trial 1 with value: 0.9430555555555555.
[I 2025-05-15 08:28:23,438] Trial 17 finished with value: 0.9194444444444445 and parameters: {'n_estimators': 40, 'max_depth': 5, 'gamma': 0.2616727938507296, 'subsample': 0.5538536940839782, 'colsample_bytree': 0.5778494740418422}. Best is trial 1 with value: 0.9430555555555555.
/data/home/rtabares/anaconda3/envs/pyth3.12/lib/python3.12/site-packages/xgboost/core.py:377: FutureWarning: Your system has an old version of glibc (< 2.28). We will stop supporting Linux distros with glibc older than 2.28 after **May 31, 2025**. Please upgrade to a recent Linux distro (with glibc >= 2.28) to use future versions of XGBoost.
Note: You have installed the 'manylinux2014' variant of XGBoost. Certain features such as GPU algorithms or federated learning are not available. To use these features, please upgrade to a recent Linux distro with glibc 2.28+, and install the 'manylinux_2_28' variant.
  warnings.warn(
[I 2025-05-15 08:28:24,440] Trial 18 finished with value: 0.8944444444444445 and parameters: {'n_estimators': 100, 'max_depth': 5, 'gamma': 0.14120622032594699, 'subsample': 0.6797185509491831, 'colsample_bytree': 0.9110256279459655}. Best is trial 1 with value: 0.9430555555555555.
[I 2025-05-15 08:28:24,496] Trial 19 finished with value: 0.9069444444444444 and parameters: {'n_estimators': 10, 'max_depth': 5, 'gamma': 0.49415788496297886, 'subsample': 0.5720170290749219, 'colsample_bytree': 0.5813906638152062}. Best is trial 1 with value: 0.9430555555555555.
[I 2025-05-15 08:28:24,566] Trial 20 finished with value: 0.9305555555555556 and parameters: {'n_estimators': 100, 'max_depth': 5, 'gamma': 0.3933800082849023, 'subsample': 0.6482821742809994, 'colsample_bytree': 0.638884912756345}. Best is trial 1 with value: 0.9430555555555555.
[I 2025-05-15 08:28:24,608] Trial 21 finished with value: 0.9416666666666668 and parameters: {'n_estimators': 40, 'max_depth': 5, 'gamma': 0.4469507955714216, 'subsample': 0.5007399235274206, 'colsample_bytree': 0.6321022351196719}. Best is trial 1 with value: 0.9430555555555555.
