[I 2025-05-15 07:47:17,382] Trial 23 finished with value: 0.89 and parameters: {'n_estimators': 10, 'max_depth': 5, 'gamma': 0.34433142874156997, 'subsample': 0.958868992242824, 'colsample_bytree': 0.9124104362188231}. Best is trial 6 with value: 0.9066666666666666.
[I 2025-05-15 07:47:17,458] Trial 24 finished with value: 0.9066666666666666 and parameters: {'n_estimators': 10, 'max_depth': 5, 'gamma': 0.6056690348030478, 'subsample': 0.995300082680005, 'colsample_bytree': 0.6889914481965005}. Best is trial 6 with value: 0.9066666666666666.
[I 2025-05-15 07:47:17,535] Trial 25 finished with value: 0.8700000000000001 and parameters: {'n_estimators': 40, 'max_depth': 20, 'gamma': 0.7798197551781508, 'subsample': 0.868024781560201, 'colsample_bytree': 0.7808617230834268}. Best is trial 6 with value: 0.9066666666666666.
[I 2025-05-15 07:47:17,603] Trial 26 finished with value: 0.8866666666666667 and parameters: {'n_estimators': 10, 'max_depth': 5, 'gamma': 0.6345973056950355, 'subsample': 0.9304775913437485, 'colsample_bytree': 0.6271854613916014}. Best is trial 6 with value: 0.9066666666666666.
[I 2025-05-15 07:47:17,656] Trial 27 finished with value: 0.89 and parameters: {'n_estimators': 10, 'max_depth': 20, 'gamma': 0.4976565312148825, 'subsample': 0.9606467331898546, 'colsample_bytree': 0.8796418410609006}. Best is trial 6 with value: 0.9066666666666666.
[I 2025-05-15 07:47:17,821] Trial 28 finished with value: 0.8166666666666667 and parameters: {'n_estimators': 100, 'max_depth': 20, 'gamma': 0.39349146602692087, 'subsample': 0.8879912849319359, 'colsample_bytree': 0.9461780027800697}. Best is trial 6 with value: 0.9066666666666666.
[I 2025-05-15 07:47:17,892] Trial 29 finished with value: 0.8566666666666667 and parameters: {'n_estimators': 40, 'max_depth': 5, 'gamma': 0.27474137216671224, 'subsample': 0.7159917965858332, 'colsample_bytree': 0.8225329311754505}. Best is trial 6 with value: 0.9066666666666666.
[I 2025-05-15 07:47:47,553] A new study created in memory with name: rf
Parámetros guardados en checkpoint_default_Doriginal_H/ag/IPC_27/best_models_ag_seed_6_space_original/xgb_best_params.json


>>> Optuna tuning rf metodo ag IPC 27 seed 6


[I 2025-05-15 07:47:49,937] Trial 0 finished with value: 0.8733333333333334 and parameters: {'n_estimators': 458, 'max_depth': 8, 'min_samples_split': 9, 'min_samples_leaf': 1}. Best is trial 0 with value: 0.8733333333333334.
[I 2025-05-15 07:47:50,520] Trial 1 finished with value: 0.8533333333333333 and parameters: {'n_estimators': 143, 'max_depth': 13, 'min_samples_split': 6, 'min_samples_leaf': 5}. Best is trial 0 with value: 0.8733333333333334.
[I 2025-05-15 07:47:51,250] Trial 2 finished with value: 0.8533333333333333 and parameters: {'n_estimators': 234, 'max_depth': 14, 'min_samples_split': 5, 'min_samples_leaf': 8}. Best is trial 0 with value: 0.8733333333333334.
[I 2025-05-15 07:47:52,216] Trial 3 finished with value: 0.8333333333333333 and parameters: {'n_estimators': 307, 'max_depth': 13, 'min_samples_split': 7, 'min_samples_leaf': 10}. Best is trial 0 with value: 0.8733333333333334.
[I 2025-05-15 07:47:53,379] Trial 4 finished with value: 0.8533333333333333 and parameters: {'n_estimators': 428, 'max_depth': 10, 'min_samples_split': 9, 'min_samples_leaf': 9}. Best is trial 0 with value: 0.8733333333333334.
[I 2025-05-15 07:47:53,995] Trial 5 finished with value: 0.8333333333333334 and parameters: {'n_estimators': 121, 'max_depth': 15, 'min_samples_split': 9, 'min_samples_leaf': 8}. Best is trial 0 with value: 0.8733333333333334.
[I 2025-05-15 07:47:55,293] Trial 6 finished with value: 0.8333333333333333 and parameters: {'n_estimators': 384, 'max_depth': 12, 'min_samples_split': 3, 'min_samples_leaf': 10}. Best is trial 0 with value: 0.8733333333333334.
[I 2025-05-15 07:47:55,940] Trial 7 finished with value: 0.8333333333333334 and parameters: {'n_estimators': 261, 'max_depth': 6, 'min_samples_split': 8, 'min_samples_leaf': 10}. Best is trial 0 with value: 0.8733333333333334.
[I 2025-05-15 07:47:56,383] Trial 8 finished with value: 0.8166666666666667 and parameters: {'n_estimators': 202, 'max_depth': 15, 'min_samples_split': 7, 'min_samples_leaf': 8}. Best is trial 0 with value: 0.8733333333333334.
[I 2025-05-15 07:47:57,475] Trial 9 finished with value: 0.8733333333333334 and parameters: {'n_estimators': 475, 'max_depth': 9, 'min_samples_split': 4, 'min_samples_leaf': 5}. Best is trial 0 with value: 0.8733333333333334.
[I 2025-05-15 07:47:58,453] Trial 10 finished with value: 0.8733333333333334 and parameters: {'n_estimators': 352, 'max_depth': 20, 'min_samples_split': 10, 'min_samples_leaf': 1}. Best is trial 0 with value: 0.8733333333333334.
[I 2025-05-15 07:48:00,239] Trial 11 finished with value: 0.8533333333333333 and parameters: {'n_estimators': 487, 'max_depth': 5, 'min_samples_split': 3, 'min_samples_leaf': 1}. Best is trial 0 with value: 0.8733333333333334.
[I 2025-05-15 07:48:02,974] Trial 12 finished with value: 0.8733333333333334 and parameters: {'n_estimators': 492, 'max_depth': 8, 'min_samples_split': 4, 'min_samples_leaf': 4}. Best is trial 0 with value: 0.8733333333333334.
[I 2025-05-15 07:48:04,225] Trial 13 finished with value: 0.8733333333333334 and parameters: {'n_estimators': 422, 'max_depth': 3, 'min_samples_split': 5, 'min_samples_leaf': 3}. Best is trial 0 with value: 0.8733333333333334.
[I 2025-05-15 07:48:05,756] Trial 14 finished with value: 0.8733333333333334 and parameters: {'n_estimators': 432, 'max_depth': 9, 'min_samples_split': 2, 'min_samples_leaf': 6}. Best is trial 0 with value: 0.8733333333333334.
[I 2025-05-15 07:48:06,387] Trial 15 finished with value: 0.8366666666666666 and parameters: {'n_estimators': 341, 'max_depth': 7, 'min_samples_split': 5, 'min_samples_leaf': 3}. Best is trial 0 with value: 0.8733333333333334.
[I 2025-05-15 07:48:07,372] Trial 16 finished with value: 0.8733333333333334 and parameters: {'n_estimators': 498, 'max_depth': 18, 'min_samples_split': 10, 'min_samples_leaf': 6}. Best is trial 0 with value: 0.8733333333333334.
[I 2025-05-15 07:48:08,534] Trial 17 finished with value: 0.8733333333333334 and parameters: {'n_estimators': 453, 'max_depth': 11, 'min_samples_split': 7, 'min_samples_leaf': 2}. Best is trial 0 with value: 0.8733333333333334.
[I 2025-05-15 07:48:09,583] Trial 18 finished with value: 0.8733333333333334 and parameters: {'n_estimators': 385, 'max_depth': 4, 'min_samples_split': 2, 'min_samples_leaf': 5}. Best is trial 0 with value: 0.8733333333333334.
[I 2025-05-15 07:48:10,609] Trial 19 finished with value: 0.8533333333333333 and parameters: {'n_estimators': 385, 'max_depth': 8, 'min_samples_split': 4, 'min_samples_leaf': 3}. Best is trial 0 with value: 0.8733333333333334.
[I 2025-05-15 07:48:11,710] Trial 20 finished with value: 0.8733333333333334 and parameters: {'n_estimators': 460, 'max_depth': 10, 'min_samples_split': 6, 'min_samples_leaf': 2}. Best is trial 0 with value: 0.8733333333333334.
[I 2025-05-15 07:48:12,728] Trial 21 finished with value: 0.8733333333333334 and parameters: {'n_estimators': 338, 'max_depth': 20, 'min_samples_split': 10, 'min_samples_leaf': 1}. Best is trial 0 with value: 0.8733333333333334.
[I 2025-05-15 07:48:13,765] Trial 22 finished with value: 0.8733333333333334 and parameters: {'n_estimators': 344, 'max_depth': 17, 'min_samples_split': 9, 'min_samples_leaf': 1}. Best is trial 0 with value: 0.8733333333333334.
[I 2025-05-15 07:48:14,772] Trial 23 finished with value: 0.8533333333333333 and parameters: {'n_estimators': 397, 'max_depth': 20, 'min_samples_split': 10, 'min_samples_leaf': 2}. Best is trial 0 with value: 0.8733333333333334.
[I 2025-05-15 07:48:15,904] Trial 24 finished with value: 0.8733333333333334 and parameters: {'n_estimators': 471, 'max_depth': 6, 'min_samples_split': 8, 'min_samples_leaf': 4}. Best is trial 0 with value: 0.8733333333333334.
[I 2025-05-15 07:48:16,552] Trial 25 finished with value: 0.8533333333333333 and parameters: {'n_estimators': 300, 'max_depth': 9, 'min_samples_split': 8, 'min_samples_leaf': 7}. Best is trial 0 with value: 0.8733333333333334.
[I 2025-05-15 07:48:17,492] Trial 26 finished with value: 0.8733333333333334 and parameters: {'n_estimators': 416, 'max_depth': 18, 'min_samples_split': 9, 'min_samples_leaf': 4}. Best is trial 0 with value: 0.8733333333333334.
[I 2025-05-15 07:48:18,369] Trial 27 finished with value: 0.8733333333333334 and parameters: {'n_estimators': 361, 'max_depth': 11, 'min_samples_split': 10, 'min_samples_leaf': 2}. Best is trial 0 with value: 0.8733333333333334.
[I 2025-05-15 07:48:19,521] Trial 28 finished with value: 0.8733333333333334 and parameters: {'n_estimators': 454, 'max_depth': 7, 'min_samples_split': 4, 'min_samples_leaf': 1}. Best is trial 0 with value: 0.8733333333333334.
[I 2025-05-15 07:48:20,110] Trial 29 finished with value: 0.8533333333333333 and parameters: {'n_estimators': 178, 'max_depth': 16, 'min_samples_split': 6, 'min_samples_leaf': 5}. Best is trial 0 with value: 0.8733333333333334.
[I 2025-05-15 07:48:29,620] A new study created in memory with name: svc
Parámetros guardados en checkpoint_default_Doriginal_H/ag/IPC_27/best_models_ag_seed_6_space_original/rf_best_params.json


>>> Optuna tuning svc metodo ag IPC 27 seed 6


[I 2025-05-15 07:48:30,376] Trial 0 finished with value: 0.4166666666666667 and parameters: {'C': 37.27697013499731, 'gamma': 0.0021277432488243223}. Best is trial 0 with value: 0.4166666666666667.
[I 2025-05-15 07:48:30,392] Trial 1 finished with value: 0.4 and parameters: {'C': 19.271543171162776, 'gamma': 0.00014682043379470554}. Best is trial 0 with value: 0.4166666666666667.
[I 2025-05-15 07:48:30,418] Trial 2 finished with value: 0.48 and parameters: {'C': 0.0269542169583157, 'gamma': 0.023999835049635022}. Best is trial 2 with value: 0.48.
[I 2025-05-15 07:48:30,443] Trial 3 finished with value: 0.32999999999999996 and parameters: {'C': 1.3160410886450586, 'gamma': 0.0047340159215720195}. Best is trial 2 with value: 0.48.
[I 2025-05-15 07:48:30,460] Trial 4 finished with value: 0.45999999999999996 and parameters: {'C': 0.21959952535674737, 'gamma': 0.030908485742507576}. Best is trial 2 with value: 0.48.
[I 2025-05-15 07:48:30,474] Trial 5 finished with value: 0.3166666666666667 and parameters: {'C': 0.5656733313644114, 'gamma': 0.08780685564625502}. Best is trial 2 with value: 0.48.
[I 2025-05-15 07:48:30,489] Trial 6 finished with value: 0.3066666666666667 and parameters: {'C': 1.1807165425157664, 'gamma': 0.020674470756231633}. Best is trial 2 with value: 0.48.
[I 2025-05-15 07:48:30,513] Trial 7 finished with value: 0.35333333333333333 and parameters: {'C': 3.8143486186647126, 'gamma': 0.9138966502602072}. Best is trial 2 with value: 0.48.
[I 2025-05-15 07:48:30,538] Trial 8 finished with value: 0.32 and parameters: {'C': 19.029737066374768, 'gamma': 0.004495766421289856}. Best is trial 2 with value: 0.48.
[I 2025-05-15 07:48:30,553] Trial 9 finished with value: 0.20666666666666664 and parameters: {'C': 31.994153257994277, 'gamma': 0.19725941020937518}. Best is trial 2 with value: 0.48.
[I 2025-05-15 07:48:30,573] Trial 10 finished with value: 0.5 and parameters: {'C': 0.022458498023938945, 'gamma': 0.0006344004822646731}. Best is trial 10 with value: 0.5.
[I 2025-05-15 07:48:31,402] Trial 11 finished with value: 0.5 and parameters: {'C': 0.011228847352323114, 'gamma': 0.0004475014305726624}. Best is trial 10 with value: 0.5.
[I 2025-05-15 07:48:32,430] Trial 12 finished with value: 0.5 and parameters: {'C': 0.011336515667382861, 'gamma': 0.00034865593681359405}. Best is trial 10 with value: 0.5.
[I 2025-05-15 07:48:32,459] Trial 13 finished with value: 0.5 and parameters: {'C': 0.06568891829102919, 'gamma': 0.0008273951187509379}. Best is trial 10 with value: 0.5.
[I 2025-05-15 07:48:32,488] Trial 14 finished with value: 0.5 and parameters: {'C': 0.10379489387162011, 'gamma': 0.0007721363096092447}. Best is trial 10 with value: 0.5.
[I 2025-05-15 07:48:32,522] Trial 15 finished with value: 0.5 and parameters: {'C': 0.010304117117892083, 'gamma': 0.00013221231924973381}. Best is trial 10 with value: 0.5.
[I 2025-05-15 07:48:32,556] Trial 16 finished with value: 0.5 and parameters: {'C': 0.031421219249743906, 'gamma': 0.0009695033417370706}. Best is trial 10 with value: 0.5.
[I 2025-05-15 07:48:32,579] Trial 17 finished with value: 0.5 and parameters: {'C': 0.23535570962646263, 'gamma': 0.0002977076482950517}. Best is trial 10 with value: 0.5.
[I 2025-05-15 07:48:32,615] Trial 18 finished with value: 0.48 and parameters: {'C': 0.028034081533971352, 'gamma': 0.0024526844997669528}. Best is trial 10 with value: 0.5.
[I 2025-05-15 07:48:32,650] Trial 19 finished with value: 0.4833333333333333 and parameters: {'C': 4.347911465468174, 'gamma': 0.00048506111956032844}. Best is trial 10 with value: 0.5.
[I 2025-05-15 07:48:32,693] Trial 20 finished with value: 0.5 and parameters: {'C': 0.07703405939318078, 'gamma': 0.00010742557762883696}. Best is trial 10 with value: 0.5.
[I 2025-05-15 07:48:32,721] Trial 21 finished with value: 0.5 and parameters: {'C': 0.010991330467777642, 'gamma': 0.000279114946758415}. Best is trial 10 with value: 0.5.
[I 2025-05-15 07:48:32,749] Trial 22 finished with value: 0.48 and parameters: {'C': 0.01025258507396144, 'gamma': 0.0016118851298141527}. Best is trial 10 with value: 0.5.
[I 2025-05-15 07:48:32,781] Trial 23 finished with value: 0.5 and parameters: {'C': 0.027513433206180483, 'gamma': 0.0003256502624431416}. Best is trial 10 with value: 0.5.
[I 2025-05-15 07:48:32,804] Trial 24 finished with value: 0.5 and parameters: {'C': 0.044729994101427376, 'gamma': 0.008880617329778866}. Best is trial 10 with value: 0.5.
[I 2025-05-15 07:48:32,837] Trial 25 finished with value: 0.5 and parameters: {'C': 0.17275362039000733, 'gamma': 0.0004158275349391137}. Best is trial 10 with value: 0.5.
[I 2025-05-15 07:48:32,874] Trial 26 finished with value: 0.5 and parameters: {'C': 0.018051953381834962, 'gamma': 0.0012635732838503636}. Best is trial 10 with value: 0.5.
[I 2025-05-15 07:48:32,897] Trial 27 finished with value: 0.48 and parameters: {'C': 0.0167117392630034, 'gamma': 0.004004587196274155}. Best is trial 10 with value: 0.5.
[I 2025-05-15 07:48:32,945] Trial 28 finished with value: 0.5 and parameters: {'C': 0.40629193668406266, 'gamma': 0.000552649747360891}. Best is trial 10 with value: 0.5.
[I 2025-05-15 07:48:33,019] Trial 29 finished with value: 0.48 and parameters: {'C': 0.1099255874701429, 'gamma': 0.0023480756660358084}. Best is trial 10 with value: 0.5.
[I 2025-05-15 07:48:39,444] A new study created in memory with name: logreg
Parámetros guardados en checkpoint_default_Doriginal_H/ag/IPC_27/best_models_ag_seed_6_space_original/svc_best_params.json


>>> Optuna tuning logreg metodo ag IPC 27 seed 6


[I 2025-05-15 07:48:40,407] Trial 0 finished with value: 0.5599999999999999 and parameters: {'C': 29.127335430981816, 'penalty': 'l2'}. Best is trial 0 with value: 0.5599999999999999.
[I 2025-05-15 07:48:40,433] Trial 1 finished with value: 0.5033333333333333 and parameters: {'C': 0.045698192893558344, 'penalty': 'l2'}. Best is trial 0 with value: 0.5599999999999999.
[I 2025-05-15 07:48:40,473] Trial 2 finished with value: 0.54 and parameters: {'C': 12.768668597712947, 'penalty': 'l2'}. Best is trial 0 with value: 0.5599999999999999.
[I 2025-05-15 07:48:40,499] Trial 3 finished with value: 0.4766666666666667 and parameters: {'C': 0.0016161554408462638, 'penalty': 'l2'}. Best is trial 0 with value: 0.5599999999999999.
[I 2025-05-15 07:48:40,523] Trial 4 finished with value: 0.4333333333333334 and parameters: {'C': 0.0034536903703241734, 'penalty': 'l2'}. Best is trial 0 with value: 0.5599999999999999.
[I 2025-05-15 07:48:40,557] Trial 5 finished with value: 0.5033333333333333 and parameters: {'C': 0.9446269266990148, 'penalty': 'l2'}. Best is trial 0 with value: 0.5599999999999999.
[I 2025-05-15 07:48:40,613] Trial 6 finished with value: 0.4833333333333334 and parameters: {'C': 0.4457453393648168, 'penalty': 'l2'}. Best is trial 0 with value: 0.5599999999999999.
[I 2025-05-15 07:48:40,647] Trial 7 finished with value: 0.5 and parameters: {'C': 0.12417585037258261, 'penalty': 'l2'}. Best is trial 0 with value: 0.5599999999999999.
[I 2025-05-15 07:48:40,681] Trial 8 finished with value: 0.4833333333333334 and parameters: {'C': 0.04753781830244093, 'penalty': 'l2'}. Best is trial 0 with value: 0.5599999999999999.
[I 2025-05-15 07:48:40,715] Trial 9 finished with value: 0.5033333333333333 and parameters: {'C': 1.2959766028194148, 'penalty': 'l2'}. Best is trial 0 with value: 0.5599999999999999.
[I 2025-05-15 07:48:40,779] Trial 10 finished with value: 0.58 and parameters: {'C': 96.02411422716075, 'penalty': 'l2'}. Best is trial 10 with value: 0.58.
[I 2025-05-15 07:48:40,876] Trial 11 finished with value: 0.5633333333333334 and parameters: {'C': 59.9697718692158, 'penalty': 'l2'}. Best is trial 10 with value: 0.58.
[I 2025-05-15 07:48:41,908] Trial 12 finished with value: 0.58 and parameters: {'C': 90.64427434136057, 'penalty': 'l2'}. Best is trial 10 with value: 0.58.
[I 2025-05-15 07:48:41,952] Trial 13 finished with value: 0.5433333333333333 and parameters: {'C': 4.865673542589085, 'penalty': 'l2'}. Best is trial 10 with value: 0.58.
[I 2025-05-15 07:48:42,013] Trial 14 finished with value: 0.58 and parameters: {'C': 75.70410205106715, 'penalty': 'l2'}. Best is trial 10 with value: 0.58.
[I 2025-05-15 07:48:42,057] Trial 15 finished with value: 0.5433333333333333 and parameters: {'C': 5.688581282613607, 'penalty': 'l2'}. Best is trial 10 with value: 0.58.
[I 2025-05-15 07:48:42,107] Trial 16 finished with value: 0.58 and parameters: {'C': 99.34988889502058, 'penalty': 'l2'}. Best is trial 10 with value: 0.58.
[I 2025-05-15 07:48:42,176] Trial 17 finished with value: 0.54 and parameters: {'C': 10.935454173038586, 'penalty': 'l2'}. Best is trial 10 with value: 0.58.
[I 2025-05-15 07:48:42,231] Trial 18 finished with value: 0.5233333333333333 and parameters: {'C': 2.3984951721258567, 'penalty': 'l2'}. Best is trial 10 with value: 0.58.
[I 2025-05-15 07:48:42,318] Trial 19 finished with value: 0.54 and parameters: {'C': 24.475416886024465, 'penalty': 'l2'}. Best is trial 10 with value: 0.58.
[I 2025-05-15 07:48:42,348] Trial 20 finished with value: 0.4533333333333333 and parameters: {'C': 0.007738902525453759, 'penalty': 'l2'}. Best is trial 10 with value: 0.58.
[I 2025-05-15 07:48:42,429] Trial 21 finished with value: 0.58 and parameters: {'C': 77.56150404496066, 'penalty': 'l2'}. Best is trial 10 with value: 0.58.
[I 2025-05-15 07:48:42,507] Trial 22 finished with value: 0.5599999999999999 and parameters: {'C': 30.211772398960292, 'penalty': 'l2'}. Best is trial 10 with value: 0.58.
/data/home/rtabares/anaconda3/envs/pyth3.12/lib/python3.12/site-packages/sklearn/linear_model/_logistic.py:465: ConvergenceWarning: lbfgs failed to converge (status=1):
STOP: TOTAL NO. OF ITERATIONS REACHED LIMIT.

Increase the number of iterations (max_iter) or scale the data as shown in:
    https://scikit-learn.org/stable/modules/preprocessing.html
Please also refer to the documentation for alternative solver options:
    https://scikit-learn.org/stable/modules/linear_model.html#logistic-regression
  n_iter_i = _check_optimize_result(
[I 2025-05-15 07:48:42,585] Trial 23 finished with value: 0.5599999999999999 and parameters: {'C': 38.30132641277802, 'penalty': 'l2'}. Best is trial 10 with value: 0.58.
[I 2025-05-15 07:48:42,676] Trial 24 finished with value: 0.5433333333333333 and parameters: {'C': 7.670356084896536, 'penalty': 'l2'}. Best is trial 10 with value: 0.58.
[I 2025-05-15 07:48:42,751] Trial 25 finished with value: 0.54 and parameters: {'C': 16.89157177726426, 'penalty': 'l2'}. Best is trial 10 with value: 0.58.
[I 2025-05-15 07:48:42,815] Trial 26 finished with value: 0.58 and parameters: {'C': 80.98212098806162, 'penalty': 'l2'}. Best is trial 10 with value: 0.58.
[I 2025-05-15 07:48:42,863] Trial 27 finished with value: 0.5233333333333333 and parameters: {'C': 3.1296336269632845, 'penalty': 'l2'}. Best is trial 10 with value: 0.58.
[I 2025-05-15 07:48:42,923] Trial 28 finished with value: 0.5599999999999999 and parameters: {'C': 35.32483149035683, 'penalty': 'l2'}. Best is trial 10 with value: 0.58.
