[I 2025-05-15 07:31:19,057] Trial 15 finished with value: 0.6375 and parameters: {'C': 26.884210380031032, 'gamma': 0.00010400281675322978}. Best is trial 12 with value: 0.7791666666666666.
[I 2025-05-15 07:31:19,110] Trial 16 finished with value: 0.7666666666666666 and parameters: {'C': 2.960368294964068, 'gamma': 0.0066597217810518885}. Best is trial 12 with value: 0.7791666666666666.
[I 2025-05-15 07:31:19,152] Trial 17 finished with value: 0.65 and parameters: {'C': 35.25864852045304, 'gamma': 0.056960488274654456}. Best is trial 12 with value: 0.7791666666666666.
[I 2025-05-15 07:31:19,206] Trial 18 finished with value: 0.5222222222222223 and parameters: {'C': 3.0038696334621244, 'gamma': 0.00043494340597700513}. Best is trial 12 with value: 0.7791666666666666.
[I 2025-05-15 07:31:19,255] Trial 19 finished with value: 0.7555555555555555 and parameters: {'C': 8.318572278118095, 'gamma': 0.002393101453736031}. Best is trial 12 with value: 0.7791666666666666.
[I 2025-05-15 07:31:19,309] Trial 20 finished with value: 0.7236111111111111 and parameters: {'C': 88.44588376413392, 'gamma': 0.005853204863284989}. Best is trial 12 with value: 0.7791666666666666.
[I 2025-05-15 07:31:20,362] Trial 21 finished with value: 0.7541666666666668 and parameters: {'C': 39.5982939005427, 'gamma': 0.0008496544187479503}. Best is trial 12 with value: 0.7791666666666666.
[I 2025-05-15 07:31:20,401] Trial 22 finished with value: 0.7777777777777778 and parameters: {'C': 52.39898543255597, 'gamma': 0.0034660095315837145}. Best is trial 12 with value: 0.7791666666666666.
[I 2025-05-15 07:31:20,456] Trial 23 finished with value: 0.7444444444444445 and parameters: {'C': 18.715007601061952, 'gamma': 0.012138358062752245}. Best is trial 12 with value: 0.7791666666666666.
[I 2025-05-15 07:31:20,505] Trial 24 finished with value: 0.7208333333333333 and parameters: {'C': 5.4308810789409305, 'gamma': 0.0021042224700322516}. Best is trial 12 with value: 0.7791666666666666.
[I 2025-05-15 07:31:20,531] Trial 25 finished with value: 0.7333333333333334 and parameters: {'C': 52.98413541538974, 'gamma': 0.005514718014731526}. Best is trial 12 with value: 0.7791666666666666.
[I 2025-05-15 07:31:20,574] Trial 26 finished with value: 0.7305555555555555 and parameters: {'C': 18.151813911650436, 'gamma': 0.0002677328015505332}. Best is trial 12 with value: 0.7791666666666666.
[I 2025-05-15 07:31:20,623] Trial 27 finished with value: 0.7319444444444445 and parameters: {'C': 2.4186670352087862, 'gamma': 0.029445521540920325}. Best is trial 12 with value: 0.7791666666666666.
[I 2025-05-15 07:31:20,659] Trial 28 finished with value: 0.6277777777777778 and parameters: {'C': 1.6599438731278486, 'gamma': 0.15285665650791977}. Best is trial 12 with value: 0.7791666666666666.
[I 2025-05-15 07:31:20,696] Trial 29 finished with value: 0.6194444444444445 and parameters: {'C': 11.100362054009697, 'gamma': 0.00021912407889900437}. Best is trial 12 with value: 0.7791666666666666.
[I 2025-05-15 07:31:30,817] A new study created in memory with name: logreg
Parámetros guardados en checkpoint_adult_Doriginal_G/k-means/IPC_43/best_models_k-means_seed_5_space_original/svc_best_params.json


>>> Optuna tuning logreg metodo k-means IPC 43 seed 5


[I 2025-05-15 07:31:32,504] Trial 0 finished with value: 0.7555555555555556 and parameters: {'C': 0.012881482725481003, 'penalty': 'l2'}. Best is trial 0 with value: 0.7555555555555556.
[I 2025-05-15 07:31:32,570] Trial 1 finished with value: 0.9194444444444445 and parameters: {'C': 22.576755560681583, 'penalty': 'l2'}. Best is trial 1 with value: 0.9194444444444445.
[I 2025-05-15 07:31:32,594] Trial 2 finished with value: 0.7666666666666667 and parameters: {'C': 0.010804278656839932, 'penalty': 'l2'}. Best is trial 1 with value: 0.9194444444444445.
[I 2025-05-15 07:31:32,649] Trial 3 finished with value: 0.9305555555555556 and parameters: {'C': 39.17910760336117, 'penalty': 'l2'}. Best is trial 3 with value: 0.9305555555555556.
[I 2025-05-15 07:31:32,689] Trial 4 finished with value: 0.7666666666666668 and parameters: {'C': 0.2767298094062571, 'penalty': 'l2'}. Best is trial 3 with value: 0.9305555555555556.
[I 2025-05-15 07:31:32,723] Trial 5 finished with value: 0.7680555555555555 and parameters: {'C': 1.1447728330837224, 'penalty': 'l2'}. Best is trial 3 with value: 0.9305555555555556.
[I 2025-05-15 07:31:32,757] Trial 6 finished with value: 0.826388888888889 and parameters: {'C': 6.753661388238877, 'penalty': 'l2'}. Best is trial 3 with value: 0.9305555555555556.
[I 2025-05-15 07:31:32,781] Trial 7 finished with value: 0.7666666666666668 and parameters: {'C': 0.39092184460352974, 'penalty': 'l2'}. Best is trial 3 with value: 0.9305555555555556.
[I 2025-05-15 07:31:32,844] Trial 8 finished with value: 0.7666666666666667 and parameters: {'C': 0.03047912590082646, 'penalty': 'l2'}. Best is trial 3 with value: 0.9305555555555556.
[I 2025-05-15 07:31:32,868] Trial 9 finished with value: 0.7666666666666667 and parameters: {'C': 0.008681727362499118, 'penalty': 'l2'}. Best is trial 3 with value: 0.9305555555555556.
[I 2025-05-15 07:31:32,917] Trial 10 finished with value: 0.9305555555555556 and parameters: {'C': 90.53423376703687, 'penalty': 'l2'}. Best is trial 3 with value: 0.9305555555555556.
[I 2025-05-15 07:31:33,978] Trial 11 finished with value: 0.9305555555555556 and parameters: {'C': 65.85626465792753, 'penalty': 'l2'}. Best is trial 3 with value: 0.9305555555555556.
[I 2025-05-15 07:31:35,202] Trial 12 finished with value: 0.9305555555555556 and parameters: {'C': 90.92882941338803, 'penalty': 'l2'}. Best is trial 3 with value: 0.9305555555555556.
[I 2025-05-15 07:31:35,236] Trial 13 finished with value: 0.826388888888889 and parameters: {'C': 6.454369525264757, 'penalty': 'l2'}. Best is trial 3 with value: 0.9305555555555556.
[I 2025-05-15 07:31:35,302] Trial 14 finished with value: 0.8722222222222221 and parameters: {'C': 8.814272600940622, 'penalty': 'l2'}. Best is trial 3 with value: 0.9305555555555556.
[I 2025-05-15 07:31:35,332] Trial 15 finished with value: 0.7791666666666668 and parameters: {'C': 1.319509508235996, 'penalty': 'l2'}. Best is trial 3 with value: 0.9305555555555556.
[I 2025-05-15 07:31:35,393] Trial 16 finished with value: 0.9305555555555556 and parameters: {'C': 35.01896955105082, 'penalty': 'l2'}. Best is trial 3 with value: 0.9305555555555556.
[I 2025-05-15 07:31:35,419] Trial 17 finished with value: 0.7152777777777778 and parameters: {'C': 0.0021318879744765045, 'penalty': 'l2'}. Best is trial 3 with value: 0.9305555555555556.
[I 2025-05-15 07:31:36,337] Trial 18 finished with value: 0.8027777777777778 and parameters: {'C': 2.7921111731769734, 'penalty': 'l2'}. Best is trial 3 with value: 0.9305555555555556.
[I 2025-05-15 07:31:36,428] Trial 19 finished with value: 0.9194444444444445 and parameters: {'C': 20.208764626769568, 'penalty': 'l2'}. Best is trial 3 with value: 0.9305555555555556.
[I 2025-05-15 07:31:36,458] Trial 20 finished with value: 0.7777777777777779 and parameters: {'C': 0.1771820995658428, 'penalty': 'l2'}. Best is trial 3 with value: 0.9305555555555556.
[I 2025-05-15 07:31:36,509] Trial 21 finished with value: 0.9305555555555556 and parameters: {'C': 67.84497176989684, 'penalty': 'l2'}. Best is trial 3 with value: 0.9305555555555556.
[I 2025-05-15 07:31:36,563] Trial 22 finished with value: 0.9305555555555556 and parameters: {'C': 81.02308406195549, 'penalty': 'l2'}. Best is trial 3 with value: 0.9305555555555556.
[I 2025-05-15 07:31:36,603] Trial 23 finished with value: 0.9194444444444445 and parameters: {'C': 21.172435505017333, 'penalty': 'l2'}. Best is trial 3 with value: 0.9305555555555556.
[I 2025-05-15 07:31:36,654] Trial 24 finished with value: 0.9305555555555556 and parameters: {'C': 42.64134529928132, 'penalty': 'l2'}. Best is trial 3 with value: 0.9305555555555556.
[I 2025-05-15 07:31:36,717] Trial 25 finished with value: 0.8722222222222221 and parameters: {'C': 11.256067459741208, 'penalty': 'l2'}. Best is trial 3 with value: 0.9305555555555556.
[I 2025-05-15 07:31:36,748] Trial 26 finished with value: 0.7916666666666667 and parameters: {'C': 3.000366840413488, 'penalty': 'l2'}. Best is trial 3 with value: 0.9305555555555556.
[I 2025-05-15 07:31:36,801] Trial 27 finished with value: 0.9305555555555556 and parameters: {'C': 93.2948386032698, 'penalty': 'l2'}. Best is trial 3 with value: 0.9305555555555556.
[I 2025-05-15 07:31:36,831] Trial 28 finished with value: 0.7666666666666667 and parameters: {'C': 0.0761732938830414, 'penalty': 'l2'}. Best is trial 3 with value: 0.9305555555555556.
[I 2025-05-15 07:31:36,871] Trial 29 finished with value: 0.9305555555555556 and parameters: {'C': 31.82657920161197, 'penalty': 'l2'}. Best is trial 3 with value: 0.9305555555555556.
/data/home/rtabares/anaconda3/envs/pyth3.12/lib/python3.12/site-packages/xgboost/core.py:377: FutureWarning: Your system has an old version of glibc (< 2.28). We will stop supporting Linux distros with glibc older than 2.28 after **May 31, 2025**. Please upgrade to a recent Linux distro (with glibc >= 2.28) to use future versions of XGBoost.
Note: You have installed the 'manylinux2014' variant of XGBoost. Certain features such as GPU algorithms or federated learning are not available. To use these features, please upgrade to a recent Linux distro with glibc 2.28+, and install the 'manylinux_2_28' variant.
  warnings.warn(
[I 2025-05-15 07:31:43,158] A new study created in memory with name: mlp
Parámetros guardados en checkpoint_adult_Doriginal_G/k-means/IPC_43/best_models_k-means_seed_5_space_original/logreg_best_params.json


>>> Optuna tuning mlp metodo k-means IPC 43 seed 5


/data/home/rtabares/anaconda3/envs/pyth3.12/lib/python3.12/site-packages/sklearn/neural_network/_multilayer_perceptron.py:691: ConvergenceWarning: Stochastic Optimizer: Maximum iterations (50) reached and the optimization hasn't converged yet.
  warnings.warn(
/data/home/rtabares/anaconda3/envs/pyth3.12/lib/python3.12/site-packages/sklearn/neural_network/_multilayer_perceptron.py:691: ConvergenceWarning: Stochastic Optimizer: Maximum iterations (50) reached and the optimization hasn't converged yet.
  warnings.warn(
/data/home/rtabares/anaconda3/envs/pyth3.12/lib/python3.12/site-packages/sklearn/neural_network/_multilayer_perceptron.py:691: ConvergenceWarning: Stochastic Optimizer: Maximum iterations (50) reached and the optimization hasn't converged yet.
  warnings.warn(
/data/home/rtabares/anaconda3/envs/pyth3.12/lib/python3.12/site-packages/sklearn/neural_network/_multilayer_perceptron.py:691: ConvergenceWarning: Stochastic Optimizer: Maximum iterations (50) reached and the optimization hasn't converged yet.
  warnings.warn(
/data/home/rtabares/anaconda3/envs/pyth3.12/lib/python3.12/site-packages/sklearn/neural_network/_multilayer_perceptron.py:691: ConvergenceWarning: Stochastic Optimizer: Maximum iterations (50) reached and the optimization hasn't converged yet.
  warnings.warn(
[I 2025-05-15 07:31:45,883] Trial 0 finished with value: 0.7319444444444443 and parameters: {'hidden_layer_sizes': (200,), 'max_iter': 50, 'alpha': 0.001}. Best is trial 0 with value: 0.7319444444444443.
/data/home/rtabares/anaconda3/envs/pyth3.12/lib/python3.12/site-packages/sklearn/neural_network/_multilayer_perceptron.py:691: ConvergenceWarning: Stochastic Optimizer: Maximum iterations (100) reached and the optimization hasn't converged yet.
  warnings.warn(
/data/home/rtabares/anaconda3/envs/pyth3.12/lib/python3.12/site-packages/sklearn/neural_network/_multilayer_perceptron.py:691: ConvergenceWarning: Stochastic Optimizer: Maximum iterations (100) reached and the optimization hasn't converged yet.
  warnings.warn(
/data/home/rtabares/anaconda3/envs/pyth3.12/lib/python3.12/site-packages/sklearn/neural_network/_multilayer_perceptron.py:691: ConvergenceWarning: Stochastic Optimizer: Maximum iterations (100) reached and the optimization hasn't converged yet.
  warnings.warn(
/data/home/rtabares/anaconda3/envs/pyth3.12/lib/python3.12/site-packages/sklearn/neural_network/_multilayer_perceptron.py:691: ConvergenceWarning: Stochastic Optimizer: Maximum iterations (100) reached and the optimization hasn't converged yet.
  warnings.warn(
/data/home/rtabares/anaconda3/envs/pyth3.12/lib/python3.12/site-packages/sklearn/neural_network/_multilayer_perceptron.py:691: ConvergenceWarning: Stochastic Optimizer: Maximum iterations (100) reached and the optimization hasn't converged yet.
  warnings.warn(
[I 2025-05-15 07:31:46,147] Trial 1 finished with value: 0.723611111111111 and parameters: {'hidden_layer_sizes': (100,), 'max_iter': 100, 'alpha': 0.0001}. Best is trial 0 with value: 0.7319444444444443.
/data/home/rtabares/anaconda3/envs/pyth3.12/lib/python3.12/site-packages/sklearn/neural_network/_multilayer_perceptron.py:691: ConvergenceWarning: Stochastic Optimizer: Maximum iterations (100) reached and the optimization hasn't converged yet.
  warnings.warn(
/data/home/rtabares/anaconda3/envs/pyth3.12/lib/python3.12/site-packages/sklearn/neural_network/_multilayer_perceptron.py:691: ConvergenceWarning: Stochastic Optimizer: Maximum iterations (100) reached and the optimization hasn't converged yet.
  warnings.warn(
/data/home/rtabares/anaconda3/envs/pyth3.12/lib/python3.12/site-packages/sklearn/neural_network/_multilayer_perceptron.py:691: ConvergenceWarning: Stochastic Optimizer: Maximum iterations (100) reached and the optimization hasn't converged yet.
  warnings.warn(
/data/home/rtabares/anaconda3/envs/pyth3.12/lib/python3.12/site-packages/sklearn/neural_network/_multilayer_perceptron.py:691: ConvergenceWarning: Stochastic Optimizer: Maximum iterations (100) reached and the optimization hasn't converged yet.
  warnings.warn(
/data/home/rtabares/anaconda3/envs/pyth3.12/lib/python3.12/site-packages/sklearn/neural_network/_multilayer_perceptron.py:691: ConvergenceWarning: Stochastic Optimizer: Maximum iterations (100) reached and the optimization hasn't converged yet.
  warnings.warn(
[I 2025-05-15 07:31:46,372] Trial 2 finished with value: 0.7097222222222221 and parameters: {'hidden_layer_sizes': (100,), 'max_iter': 100, 'alpha': 0.001}. Best is trial 0 with value: 0.7319444444444443.
/data/home/rtabares/anaconda3/envs/pyth3.12/lib/python3.12/site-packages/sklearn/neural_network/_multilayer_perceptron.py:691: ConvergenceWarning: Stochastic Optimizer: Maximum iterations (50) reached and the optimization hasn't converged yet.
  warnings.warn(
/data/home/rtabares/anaconda3/envs/pyth3.12/lib/python3.12/site-packages/sklearn/neural_network/_multilayer_perceptron.py:691: ConvergenceWarning: Stochastic Optimizer: Maximum iterations (50) reached and the optimization hasn't converged yet.
  warnings.warn(
/data/home/rtabares/anaconda3/envs/pyth3.12/lib/python3.12/site-packages/sklearn/neural_network/_multilayer_perceptron.py:691: ConvergenceWarning: Stochastic Optimizer: Maximum iterations (50) reached and the optimization hasn't converged yet.
  warnings.warn(
/data/home/rtabares/anaconda3/envs/pyth3.12/lib/python3.12/site-packages/sklearn/neural_network/_multilayer_perceptron.py:691: ConvergenceWarning: Stochastic Optimizer: Maximum iterations (50) reached and the optimization hasn't converged yet.
  warnings.warn(
/data/home/rtabares/anaconda3/envs/pyth3.12/lib/python3.12/site-packages/sklearn/neural_network/_multilayer_perceptron.py:691: ConvergenceWarning: Stochastic Optimizer: Maximum iterations (50) reached and the optimization hasn't converged yet.
  warnings.warn(
[I 2025-05-15 07:31:46,438] Trial 3 finished with value: 0.7208333333333333 and parameters: {'hidden_layer_sizes': (200,), 'max_iter': 50, 'alpha': 0.001}. Best is trial 0 with value: 0.7319444444444443.
/data/home/rtabares/anaconda3/envs/pyth3.12/lib/python3.12/site-packages/sklearn/neural_network/_multilayer_perceptron.py:691: ConvergenceWarning: Stochastic Optimizer: Maximum iterations (100) reached and the optimization hasn't converged yet.
  warnings.warn(
/data/home/rtabares/anaconda3/envs/pyth3.12/lib/python3.12/site-packages/sklearn/neural_network/_multilayer_perceptron.py:691: ConvergenceWarning: Stochastic Optimizer: Maximum iterations (100) reached and the optimization hasn't converged yet.
  warnings.warn(
/data/home/rtabares/anaconda3/envs/pyth3.12/lib/python3.12/site-packages/sklearn/neural_network/_multilayer_perceptron.py:691: ConvergenceWarning: Stochastic Optimizer: Maximum iterations (100) reached and the optimization hasn't converged yet.
  warnings.warn(
/data/home/rtabares/anaconda3/envs/pyth3.12/lib/python3.12/site-packages/sklearn/neural_network/_multilayer_perceptron.py:691: ConvergenceWarning: Stochastic Optimizer: Maximum iterations (100) reached and the optimization hasn't converged yet.
  warnings.warn(
/data/home/rtabares/anaconda3/envs/pyth3.12/lib/python3.12/site-packages/sklearn/neural_network/_multilayer_perceptron.py:691: ConvergenceWarning: Stochastic Optimizer: Maximum iterations (100) reached and the optimization hasn't converged yet.
  warnings.warn(
[I 2025-05-15 07:31:46,537] Trial 4 finished with value: 0.734722222222222 and parameters: {'hidden_layer_sizes': (100,), 'max_iter': 100, 'alpha': 0.0001}. Best is trial 4 with value: 0.734722222222222.
/data/home/rtabares/anaconda3/envs/pyth3.12/lib/python3.12/site-packages/sklearn/neural_network/_multilayer_perceptron.py:691: ConvergenceWarning: Stochastic Optimizer: Maximum iterations (100) reached and the optimization hasn't converged yet.
  warnings.warn(
/data/home/rtabares/anaconda3/envs/pyth3.12/lib/python3.12/site-packages/sklearn/neural_network/_multilayer_perceptron.py:691: ConvergenceWarning: Stochastic Optimizer: Maximum iterations (100) reached and the optimization hasn't converged yet.
  warnings.warn(
/data/home/rtabares/anaconda3/envs/pyth3.12/lib/python3.12/site-packages/sklearn/neural_network/_multilayer_perceptron.py:691: ConvergenceWarning: Stochastic Optimizer: Maximum iterations (100) reached and the optimization hasn't converged yet.
  warnings.warn(
/data/home/rtabares/anaconda3/envs/pyth3.12/lib/python3.12/site-packages/sklearn/neural_network/_multilayer_perceptron.py:691: ConvergenceWarning: Stochastic Optimizer: Maximum iterations (100) reached and the optimization hasn't converged yet.
  warnings.warn(
/data/home/rtabares/anaconda3/envs/pyth3.12/lib/python3.12/site-packages/sklearn/neural_network/_multilayer_perceptron.py:691: ConvergenceWarning: Stochastic Optimizer: Maximum iterations (100) reached and the optimization hasn't converged yet.
  warnings.warn(
[I 2025-05-15 07:31:46,634] Trial 5 finished with value: 0.7680555555555555 and parameters: {'hidden_layer_sizes': (100,), 'max_iter': 100, 'alpha': 0.001}. Best is trial 5 with value: 0.7680555555555555.
/data/home/rtabares/anaconda3/envs/pyth3.12/lib/python3.12/site-packages/sklearn/neural_network/_multilayer_perceptron.py:691: ConvergenceWarning: Stochastic Optimizer: Maximum iterations (100) reached and the optimization hasn't converged yet.
  warnings.warn(
/data/home/rtabares/anaconda3/envs/pyth3.12/lib/python3.12/site-packages/sklearn/neural_network/_multilayer_perceptron.py:691: ConvergenceWarning: Stochastic Optimizer: Maximum iterations (100) reached and the optimization hasn't converged yet.
  warnings.warn(
/data/home/rtabares/anaconda3/envs/pyth3.12/lib/python3.12/site-packages/sklearn/neural_network/_multilayer_perceptron.py:691: ConvergenceWarning: Stochastic Optimizer: Maximum iterations (100) reached and the optimization hasn't converged yet.
  warnings.warn(
/data/home/rtabares/anaconda3/envs/pyth3.12/lib/python3.12/site-packages/sklearn/neural_network/_multilayer_perceptron.py:691: ConvergenceWarning: Stochastic Optimizer: Maximum iterations (100) reached and the optimization hasn't converged yet.
  warnings.warn(
/data/home/rtabares/anaconda3/envs/pyth3.12/lib/python3.12/site-packages/sklearn/neural_network/_multilayer_perceptron.py:691: ConvergenceWarning: Stochastic Optimizer: Maximum iterations (100) reached and the optimization hasn't converged yet.
  warnings.warn(
[I 2025-05-15 07:31:46,755] Trial 6 finished with value: 0.734722222222222 and parameters: {'hidden_layer_sizes': (200,), 'max_iter': 100, 'alpha': 0.001}. Best is trial 5 with value: 0.7680555555555555.
/data/home/rtabares/anaconda3/envs/pyth3.12/lib/python3.12/site-packages/sklearn/neural_network/_multilayer_perceptron.py:691: ConvergenceWarning: Stochastic Optimizer: Maximum iterations (100) reached and the optimization hasn't converged yet.
  warnings.warn(
/data/home/rtabares/anaconda3/envs/pyth3.12/lib/python3.12/site-packages/sklearn/neural_network/_multilayer_perceptron.py:691: ConvergenceWarning: Stochastic Optimizer: Maximum iterations (100) reached and the optimization hasn't converged yet.
  warnings.warn(
/data/home/rtabares/anaconda3/envs/pyth3.12/lib/python3.12/site-packages/sklearn/neural_network/_multilayer_perceptron.py:691: ConvergenceWarning: Stochastic Optimizer: Maximum iterations (100) reached and the optimization hasn't converged yet.
  warnings.warn(
/data/home/rtabares/anaconda3/envs/pyth3.12/lib/python3.12/site-packages/sklearn/neural_network/_multilayer_perceptron.py:691: ConvergenceWarning: Stochastic Optimizer: Maximum iterations (100) reached and the optimization hasn't converged yet.
  warnings.warn(
/data/home/rtabares/anaconda3/envs/pyth3.12/lib/python3.12/site-packages/sklearn/neural_network/_multilayer_perceptron.py:691: ConvergenceWarning: Stochastic Optimizer: Maximum iterations (100) reached and the optimization hasn't converged yet.
  warnings.warn(
