[I 2025-05-15 07:58:57,387] Trial 3 finished with value: 0.4 and parameters: {'C': 0.5270784658374341, 'gamma': 0.004068229457500922}. Best is trial 2 with value: 0.5.
[I 2025-05-15 07:58:57,400] Trial 4 finished with value: 0.35 and parameters: {'C': 1.2322495987505253, 'gamma': 0.008195343912941565}. Best is trial 2 with value: 0.5.
[I 2025-05-15 07:58:57,414] Trial 5 finished with value: 0.21666666666666665 and parameters: {'C': 1.6650446929687996, 'gamma': 0.014912280706161869}. Best is trial 2 with value: 0.5.
[I 2025-05-15 07:58:57,427] Trial 6 finished with value: 0.2 and parameters: {'C': 11.055599623279033, 'gamma': 0.07071284267178823}. Best is trial 2 with value: 0.5.
[I 2025-05-15 07:58:57,440] Trial 7 finished with value: 0.35 and parameters: {'C': 3.0111222251271013, 'gamma': 0.00506252384623837}. Best is trial 2 with value: 0.5.
[I 2025-05-15 07:58:57,453] Trial 8 finished with value: 0.3 and parameters: {'C': 0.1433177931243846, 'gamma': 0.7859971382309453}. Best is trial 2 with value: 0.5.
[I 2025-05-15 07:58:57,477] Trial 9 finished with value: 0.45 and parameters: {'C': 0.21631975482828378, 'gamma': 0.0007502469581683287}. Best is trial 2 with value: 0.5.
[I 2025-05-15 07:58:57,500] Trial 10 finished with value: 0.45 and parameters: {'C': 0.012287042951649943, 'gamma': 0.0002689230117214245}. Best is trial 2 with value: 0.5.
[I 2025-05-15 07:58:59,361] Trial 11 finished with value: 0.5 and parameters: {'C': 0.0685083836199246, 'gamma': 0.00012186475628831787}. Best is trial 2 with value: 0.5.
[I 2025-05-15 07:59:01,047] Trial 12 finished with value: 0.5 and parameters: {'C': 0.022093430797955397, 'gamma': 0.00012040834862320488}. Best is trial 2 with value: 0.5.
[I 2025-05-15 07:59:01,083] Trial 13 finished with value: 0.45 and parameters: {'C': 0.06035947041356645, 'gamma': 0.001036845978787215}. Best is trial 2 with value: 0.5.
[I 2025-05-15 07:59:01,128] Trial 14 finished with value: 0.5 and parameters: {'C': 0.060279983561619115, 'gamma': 0.00010065039954401825}. Best is trial 2 with value: 0.5.
[I 2025-05-15 07:59:01,154] Trial 15 finished with value: 0.45 and parameters: {'C': 0.3064052716367465, 'gamma': 0.0006484068838934501}. Best is trial 2 with value: 0.5.
[I 2025-05-15 07:59:01,176] Trial 16 finished with value: 0.45 and parameters: {'C': 0.05197518010033724, 'gamma': 0.001866971067296357}. Best is trial 2 with value: 0.5.
[I 2025-05-15 07:59:01,212] Trial 17 finished with value: 0.45 and parameters: {'C': 0.010510083945597111, 'gamma': 0.00029852598636463494}. Best is trial 2 with value: 0.5.
[I 2025-05-15 07:59:01,248] Trial 18 finished with value: 0.25 and parameters: {'C': 0.14020772529915246, 'gamma': 0.05907677604124503}. Best is trial 2 with value: 0.5.
[I 2025-05-15 07:59:01,281] Trial 19 finished with value: 0.45 and parameters: {'C': 0.0317894637232056, 'gamma': 0.0002730022472825229}. Best is trial 2 with value: 0.5.
[I 2025-05-15 07:59:01,332] Trial 20 finished with value: 0.4 and parameters: {'C': 4.947485874925114, 'gamma': 0.001614189651820483}. Best is trial 2 with value: 0.5.
[I 2025-05-15 07:59:01,359] Trial 21 finished with value: 0.5 and parameters: {'C': 0.0237339863397639, 'gamma': 0.00013262610977779983}. Best is trial 2 with value: 0.5.
[I 2025-05-15 07:59:01,381] Trial 22 finished with value: 0.5 and parameters: {'C': 0.023864198052861878, 'gamma': 0.00011237543521129691}. Best is trial 2 with value: 0.5.
[I 2025-05-15 07:59:01,452] Trial 23 finished with value: 0.45 and parameters: {'C': 0.08762156262062529, 'gamma': 0.00038693553415332447}. Best is trial 2 with value: 0.5.
[I 2025-05-15 07:59:01,482] Trial 24 finished with value: 0.45 and parameters: {'C': 0.6208464359042876, 'gamma': 0.00020028661942613196}. Best is trial 2 with value: 0.5.
[I 2025-05-15 07:59:01,521] Trial 25 finished with value: 0.45 and parameters: {'C': 0.017509952104716224, 'gamma': 0.0004998124669272468}. Best is trial 2 with value: 0.5.
[I 2025-05-15 07:59:01,561] Trial 26 finished with value: 0.45 and parameters: {'C': 0.039450532469318386, 'gamma': 0.0018399168403638686}. Best is trial 2 with value: 0.5.
[I 2025-05-15 07:59:01,589] Trial 27 finished with value: 0.45 and parameters: {'C': 0.11540934440196439, 'gamma': 0.00017807457263474668}. Best is trial 2 with value: 0.5.
[I 2025-05-15 07:59:01,633] Trial 28 finished with value: 0.15 and parameters: {'C': 78.51358847239959, 'gamma': 0.053202677709116956}. Best is trial 2 with value: 0.5.
[I 2025-05-15 07:59:01,689] Trial 29 finished with value: 0.3 and parameters: {'C': 0.430211334013797, 'gamma': 0.1291807702705815}. Best is trial 2 with value: 0.5.
[I 2025-05-15 07:59:10,127] A new study created in memory with name: logreg
Parámetros guardados en checkpoint_shoppers_Doriginal_F/k_center/IPC_11/best_models_k_center_seed_8_space_original/svc_best_params.json


>>> Optuna tuning logreg metodo k_center IPC 11 seed 8


[I 2025-05-15 07:59:18,500] Trial 0 finished with value: 0.45 and parameters: {'C': 23.288794782471303, 'penalty': 'l2'}. Best is trial 0 with value: 0.45.
[I 2025-05-15 07:59:18,726] Trial 1 finished with value: 0.45 and parameters: {'C': 69.61507800412923, 'penalty': 'l2'}. Best is trial 0 with value: 0.45.
[I 2025-05-15 07:59:18,783] Trial 2 finished with value: 0.45 and parameters: {'C': 22.180569925473442, 'penalty': 'l2'}. Best is trial 0 with value: 0.45.
[I 2025-05-15 07:59:18,819] Trial 3 finished with value: 0.4333333333333333 and parameters: {'C': 0.4511058486037652, 'penalty': 'l2'}. Best is trial 0 with value: 0.45.
[I 2025-05-15 07:59:18,845] Trial 4 finished with value: 0.4 and parameters: {'C': 0.014576110093994574, 'penalty': 'l2'}. Best is trial 0 with value: 0.45.
[I 2025-05-15 07:59:18,870] Trial 5 finished with value: 0.55 and parameters: {'C': 0.0011402340906886685, 'penalty': 'l2'}. Best is trial 5 with value: 0.55.
[I 2025-05-15 07:59:18,896] Trial 6 finished with value: 0.4 and parameters: {'C': 0.14201822862985758, 'penalty': 'l2'}. Best is trial 5 with value: 0.55.
[I 2025-05-15 07:59:18,921] Trial 7 finished with value: 0.35 and parameters: {'C': 0.1027440782219989, 'penalty': 'l2'}. Best is trial 5 with value: 0.55.
[I 2025-05-15 07:59:18,957] Trial 8 finished with value: 0.4333333333333333 and parameters: {'C': 0.41055690122086846, 'penalty': 'l2'}. Best is trial 5 with value: 0.55.
[I 2025-05-15 07:59:18,982] Trial 9 finished with value: 0.4333333333333333 and parameters: {'C': 0.24658064201770763, 'penalty': 'l2'}. Best is trial 5 with value: 0.55.
[I 2025-05-15 07:59:19,012] Trial 10 finished with value: 0.55 and parameters: {'C': 0.0012185133212060913, 'penalty': 'l2'}. Best is trial 5 with value: 0.55.
[I 2025-05-15 07:59:20,387] Trial 11 finished with value: 0.5 and parameters: {'C': 0.0032135556648479565, 'penalty': 'l2'}. Best is trial 5 with value: 0.55.
[I 2025-05-15 07:59:21,943] Trial 12 finished with value: 0.55 and parameters: {'C': 0.0011307777999907478, 'penalty': 'l2'}. Best is trial 5 with value: 0.55.
[I 2025-05-15 07:59:21,979] Trial 13 finished with value: 0.4 and parameters: {'C': 0.013319445701232198, 'penalty': 'l2'}. Best is trial 5 with value: 0.55.
[I 2025-05-15 07:59:22,014] Trial 14 finished with value: 0.45 and parameters: {'C': 0.00725953197060791, 'penalty': 'l2'}. Best is trial 5 with value: 0.55.
[I 2025-05-15 07:59:22,044] Trial 15 finished with value: 0.55 and parameters: {'C': 0.0012613068380274502, 'penalty': 'l2'}. Best is trial 5 with value: 0.55.
[I 2025-05-15 07:59:22,113] Trial 16 finished with value: 0.45 and parameters: {'C': 3.171033751687429, 'penalty': 'l2'}. Best is trial 5 with value: 0.55.
[I 2025-05-15 07:59:22,144] Trial 17 finished with value: 0.35 and parameters: {'C': 0.04484986573212862, 'penalty': 'l2'}. Best is trial 5 with value: 0.55.
[I 2025-05-15 07:59:22,170] Trial 18 finished with value: 0.5 and parameters: {'C': 0.004148961751488099, 'penalty': 'l2'}. Best is trial 5 with value: 0.55.
[I 2025-05-15 07:59:22,200] Trial 19 finished with value: 0.4 and parameters: {'C': 0.02546265870353495, 'penalty': 'l2'}. Best is trial 5 with value: 0.55.
[I 2025-05-15 07:59:22,260] Trial 20 finished with value: 0.4 and parameters: {'C': 1.7367296213880112, 'penalty': 'l2'}. Best is trial 5 with value: 0.55.
[I 2025-05-15 07:59:22,309] Trial 21 finished with value: 0.55 and parameters: {'C': 0.0010267435968617127, 'penalty': 'l2'}. Best is trial 5 with value: 0.55.
[I 2025-05-15 07:59:22,346] Trial 22 finished with value: 0.5 and parameters: {'C': 0.0024712961807257273, 'penalty': 'l2'}. Best is trial 5 with value: 0.55.
[I 2025-05-15 07:59:22,398] Trial 23 finished with value: 0.55 and parameters: {'C': 0.0011230492098290017, 'penalty': 'l2'}. Best is trial 5 with value: 0.55.
[I 2025-05-15 07:59:23,877] Trial 24 finished with value: 0.45 and parameters: {'C': 0.00574149205419199, 'penalty': 'l2'}. Best is trial 5 with value: 0.55.
[I 2025-05-15 07:59:23,911] Trial 25 finished with value: 0.5 and parameters: {'C': 0.0026280794402621316, 'penalty': 'l2'}. Best is trial 5 with value: 0.55.
[I 2025-05-15 07:59:23,929] Trial 26 finished with value: 0.4 and parameters: {'C': 0.009421780004397296, 'penalty': 'l2'}. Best is trial 5 with value: 0.55.
[I 2025-05-15 07:59:23,959] Trial 27 finished with value: 0.35 and parameters: {'C': 0.06321039376130375, 'penalty': 'l2'}. Best is trial 5 with value: 0.55.
[I 2025-05-15 07:59:24,005] Trial 28 finished with value: 0.4 and parameters: {'C': 0.02635560595568251, 'penalty': 'l2'}. Best is trial 5 with value: 0.55.
[I 2025-05-15 07:59:24,029] Trial 29 finished with value: 0.55 and parameters: {'C': 0.001782904839470523, 'penalty': 'l2'}. Best is trial 5 with value: 0.55.
/data/home/rtabares/anaconda3/envs/pyth3.12/lib/python3.12/site-packages/xgboost/core.py:377: FutureWarning: Your system has an old version of glibc (< 2.28). We will stop supporting Linux distros with glibc older than 2.28 after **May 31, 2025**. Please upgrade to a recent Linux distro (with glibc >= 2.28) to use future versions of XGBoost.
Note: You have installed the 'manylinux2014' variant of XGBoost. Certain features such as GPU algorithms or federated learning are not available. To use these features, please upgrade to a recent Linux distro with glibc 2.28+, and install the 'manylinux_2_28' variant.
  warnings.warn(
/data/home/rtabares/anaconda3/envs/pyth3.12/lib/python3.12/site-packages/xgboost/core.py:377: FutureWarning: Your system has an old version of glibc (< 2.28). We will stop supporting Linux distros with glibc older than 2.28 after **May 31, 2025**. Please upgrade to a recent Linux distro (with glibc >= 2.28) to use future versions of XGBoost.
Note: You have installed the 'manylinux2014' variant of XGBoost. Certain features such as GPU algorithms or federated learning are not available. To use these features, please upgrade to a recent Linux distro with glibc 2.28+, and install the 'manylinux_2_28' variant.
  warnings.warn(
[I 2025-05-15 07:59:33,888] A new study created in memory with name: mlp
Parámetros guardados en checkpoint_shoppers_Doriginal_F/k_center/IPC_11/best_models_k_center_seed_8_space_original/logreg_best_params.json


>>> Optuna tuning mlp metodo k_center IPC 11 seed 8


