[I 2025-05-15 08:23:11,343] Trial 5 finished with value: 0.9888888888888889 and parameters: {'n_estimators': 126, 'max_depth': 20, 'min_samples_split': 3, 'min_samples_leaf': 4}. Best is trial 0 with value: 0.9888888888888889.
[I 2025-05-15 08:23:12,007] Trial 6 finished with value: 0.9888888888888889 and parameters: {'n_estimators': 128, 'max_depth': 7, 'min_samples_split': 5, 'min_samples_leaf': 9}. Best is trial 0 with value: 0.9888888888888889.
[I 2025-05-15 08:23:13,220] Trial 7 finished with value: 0.9888888888888889 and parameters: {'n_estimators': 238, 'max_depth': 20, 'min_samples_split': 2, 'min_samples_leaf': 4}. Best is trial 0 with value: 0.9888888888888889.
[I 2025-05-15 08:23:14,671] Trial 8 finished with value: 0.9888888888888889 and parameters: {'n_estimators': 252, 'max_depth': 16, 'min_samples_split': 10, 'min_samples_leaf': 4}. Best is trial 0 with value: 0.9888888888888889.
[I 2025-05-15 08:23:16,079] Trial 9 finished with value: 0.9888888888888889 and parameters: {'n_estimators': 273, 'max_depth': 7, 'min_samples_split': 9, 'min_samples_leaf': 7}. Best is trial 0 with value: 0.9888888888888889.
[I 2025-05-15 08:23:18,008] Trial 10 finished with value: 0.9888888888888889 and parameters: {'n_estimators': 498, 'max_depth': 15, 'min_samples_split': 8, 'min_samples_leaf': 10}. Best is trial 0 with value: 0.9888888888888889.
[I 2025-05-15 08:23:20,023] Trial 11 finished with value: 0.9888888888888889 and parameters: {'n_estimators': 380, 'max_depth': 4, 'min_samples_split': 4, 'min_samples_leaf': 1}. Best is trial 0 with value: 0.9888888888888889.
[I 2025-05-15 08:23:22,686] Trial 12 finished with value: 0.9888888888888889 and parameters: {'n_estimators': 498, 'max_depth': 3, 'min_samples_split': 7, 'min_samples_leaf': 7}. Best is trial 0 with value: 0.9888888888888889.
[I 2025-05-15 08:23:24,767] Trial 13 finished with value: 0.9888888888888889 and parameters: {'n_estimators': 362, 'max_depth': 11, 'min_samples_split': 10, 'min_samples_leaf': 8}. Best is trial 0 with value: 0.9888888888888889.
[I 2025-05-15 08:23:26,064] Trial 14 finished with value: 0.9888888888888889 and parameters: {'n_estimators': 185, 'max_depth': 6, 'min_samples_split': 8, 'min_samples_leaf': 1}. Best is trial 0 with value: 0.9888888888888889.
[I 2025-05-15 08:23:26,682] Trial 15 finished with value: 0.9888888888888889 and parameters: {'n_estimators': 436, 'max_depth': 9, 'min_samples_split': 5, 'min_samples_leaf': 6}. Best is trial 0 with value: 0.9888888888888889.
[I 2025-05-15 08:23:27,242] Trial 16 finished with value: 0.9888888888888889 and parameters: {'n_estimators': 320, 'max_depth': 17, 'min_samples_split': 7, 'min_samples_leaf': 3}. Best is trial 0 with value: 0.9888888888888889.
[I 2025-05-15 08:23:27,584] Trial 17 finished with value: 0.9888888888888889 and parameters: {'n_estimators': 177, 'max_depth': 12, 'min_samples_split': 3, 'min_samples_leaf': 7}. Best is trial 0 with value: 0.9888888888888889.
[I 2025-05-15 08:23:28,357] Trial 18 finished with value: 0.9888888888888889 and parameters: {'n_estimators': 460, 'max_depth': 13, 'min_samples_split': 9, 'min_samples_leaf': 5}. Best is trial 0 with value: 0.9888888888888889.
[I 2025-05-15 08:23:28,649] Trial 19 finished with value: 0.9888888888888889 and parameters: {'n_estimators': 158, 'max_depth': 18, 'min_samples_split': 6, 'min_samples_leaf': 2}. Best is trial 0 with value: 0.9888888888888889.
[I 2025-05-15 08:23:29,180] Trial 20 finished with value: 0.9888888888888889 and parameters: {'n_estimators': 334, 'max_depth': 9, 'min_samples_split': 4, 'min_samples_leaf': 8}. Best is trial 0 with value: 0.9888888888888889.
[I 2025-05-15 08:23:29,862] Trial 21 finished with value: 0.9888888888888889 and parameters: {'n_estimators': 410, 'max_depth': 15, 'min_samples_split': 7, 'min_samples_leaf': 5}. Best is trial 0 with value: 0.9888888888888889.
[I 2025-05-15 08:23:30,481] Trial 22 finished with value: 0.9888888888888889 and parameters: {'n_estimators': 396, 'max_depth': 14, 'min_samples_split': 8, 'min_samples_leaf': 5}. Best is trial 0 with value: 0.9888888888888889.
[I 2025-05-15 08:23:31,598] Trial 23 finished with value: 0.9888888888888889 and parameters: {'n_estimators': 437, 'max_depth': 17, 'min_samples_split': 6, 'min_samples_leaf': 6}. Best is trial 0 with value: 0.9888888888888889.
[I 2025-05-15 08:23:33,103] Trial 24 finished with value: 0.9888888888888889 and parameters: {'n_estimators': 464, 'max_depth': 18, 'min_samples_split': 9, 'min_samples_leaf': 3}. Best is trial 0 with value: 0.9888888888888889.
[I 2025-05-15 08:23:33,755] Trial 25 finished with value: 0.9888888888888889 and parameters: {'n_estimators': 342, 'max_depth': 9, 'min_samples_split': 7, 'min_samples_leaf': 5}. Best is trial 0 with value: 0.9888888888888889.
[I 2025-05-15 08:23:34,251] Trial 26 finished with value: 0.9888888888888889 and parameters: {'n_estimators': 273, 'max_depth': 13, 'min_samples_split': 8, 'min_samples_leaf': 4}. Best is trial 0 with value: 0.9888888888888889.
[I 2025-05-15 08:23:35,431] Trial 27 finished with value: 0.9888888888888889 and parameters: {'n_estimators': 425, 'max_depth': 5, 'min_samples_split': 4, 'min_samples_leaf': 6}. Best is trial 0 with value: 0.9888888888888889.
[I 2025-05-15 08:23:36,278] Trial 28 finished with value: 0.9888888888888889 and parameters: {'n_estimators': 359, 'max_depth': 18, 'min_samples_split': 6, 'min_samples_leaf': 8}. Best is trial 0 with value: 0.9888888888888889.
[I 2025-05-15 08:23:36,968] Trial 29 finished with value: 0.9888888888888889 and parameters: {'n_estimators': 303, 'max_depth': 10, 'min_samples_split': 10, 'min_samples_leaf': 7}. Best is trial 0 with value: 0.9888888888888889.
[I 2025-05-15 08:23:46,906] A new study created in memory with name: svc
Parámetros guardados en checkpoint_adult_Doriginal_G/k-means/IPC_43/best_models_k-means_seed_8_space_original/rf_best_params.json


>>> Optuna tuning svc metodo k-means IPC 43 seed 8


[I 2025-05-15 08:23:49,250] Trial 0 finished with value: 0.4888888888888888 and parameters: {'C': 31.168622654226873, 'gamma': 0.7484497562485191}. Best is trial 0 with value: 0.4888888888888888.
[I 2025-05-15 08:23:49,497] Trial 1 finished with value: 0.8138888888888889 and parameters: {'C': 29.976309274600954, 'gamma': 0.013286872459026702}. Best is trial 1 with value: 0.8138888888888889.
[I 2025-05-15 08:23:49,526] Trial 2 finished with value: 0.5111111111111111 and parameters: {'C': 0.08529298465080307, 'gamma': 0.00011106960237430257}. Best is trial 1 with value: 0.8138888888888889.
[I 2025-05-15 08:23:49,560] Trial 3 finished with value: 0.6319444444444444 and parameters: {'C': 0.5270784658374341, 'gamma': 0.004068229457500922}. Best is trial 1 with value: 0.8138888888888889.
[I 2025-05-15 08:23:49,594] Trial 4 finished with value: 0.798611111111111 and parameters: {'C': 1.2322495987505253, 'gamma': 0.008195343912941565}. Best is trial 1 with value: 0.8138888888888889.
[I 2025-05-15 08:23:49,618] Trial 5 finished with value: 0.788888888888889 and parameters: {'C': 1.6650446929687996, 'gamma': 0.014912280706161869}. Best is trial 1 with value: 0.8138888888888889.
[I 2025-05-15 08:23:49,652] Trial 6 finished with value: 0.7694444444444443 and parameters: {'C': 11.055599623279033, 'gamma': 0.07071284267178823}. Best is trial 1 with value: 0.8138888888888889.
[I 2025-05-15 08:23:49,676] Trial 7 finished with value: 0.775 and parameters: {'C': 3.0111222251271013, 'gamma': 0.00506252384623837}. Best is trial 1 with value: 0.8138888888888889.
[I 2025-05-15 08:23:49,700] Trial 8 finished with value: 0.48888888888888893 and parameters: {'C': 0.1433177931243846, 'gamma': 0.7859971382309453}. Best is trial 1 with value: 0.8138888888888889.
[I 2025-05-15 08:23:49,725] Trial 9 finished with value: 0.5111111111111111 and parameters: {'C': 0.21631975482828378, 'gamma': 0.0007502469581683287}. Best is trial 1 with value: 0.8138888888888889.
[I 2025-05-15 08:23:49,760] Trial 10 finished with value: 0.748611111111111 and parameters: {'C': 93.71621785255695, 'gamma': 0.10527818045462897}. Best is trial 1 with value: 0.8138888888888889.
[I 2025-05-15 08:23:51,447] Trial 11 finished with value: 0.5666666666666667 and parameters: {'C': 0.018574335584703686, 'gamma': 0.025025339382276027}. Best is trial 1 with value: 0.8138888888888889.
[I 2025-05-15 08:23:51,498] Trial 12 finished with value: 0.8097222222222221 and parameters: {'C': 7.068727079222193, 'gamma': 0.001278813477342155}. Best is trial 1 with value: 0.8138888888888889.
[I 2025-05-15 08:23:53,356] Trial 13 finished with value: 0.7972222222222222 and parameters: {'C': 9.761824870112113, 'gamma': 0.0012555526449409707}. Best is trial 1 with value: 0.8138888888888889.
[I 2025-05-15 08:23:53,397] Trial 14 finished with value: 0.6416666666666666 and parameters: {'C': 7.626281089352622, 'gamma': 0.0003703673623734538}. Best is trial 1 with value: 0.8138888888888889.
[I 2025-05-15 08:23:53,433] Trial 15 finished with value: 0.8 and parameters: {'C': 96.70307070998385, 'gamma': 0.0019929987572893616}. Best is trial 1 with value: 0.8138888888888889.
[I 2025-05-15 08:23:53,479] Trial 16 finished with value: 0.7916666666666667 and parameters: {'C': 32.49457578878123, 'gamma': 0.03418985414882117}. Best is trial 1 with value: 0.8138888888888889.
[I 2025-05-15 08:23:53,523] Trial 17 finished with value: 0.5472222222222223 and parameters: {'C': 5.18943783327537, 'gamma': 0.00032734710516166043}. Best is trial 1 with value: 0.8138888888888889.
[I 2025-05-15 08:23:53,566] Trial 18 finished with value: 0.7875 and parameters: {'C': 27.72596399800337, 'gamma': 0.0026123370925972087}. Best is trial 1 with value: 0.8138888888888889.
[I 2025-05-15 08:23:53,628] Trial 19 finished with value: 0.611111111111111 and parameters: {'C': 20.988405535825507, 'gamma': 0.2012557890828711}. Best is trial 1 with value: 0.8138888888888889.
[I 2025-05-15 08:23:53,669] Trial 20 finished with value: 0.7416666666666666 and parameters: {'C': 3.758237951361823, 'gamma': 0.010140408918977875}. Best is trial 1 with value: 0.8138888888888889.
[I 2025-05-15 08:23:53,719] Trial 21 finished with value: 0.788888888888889 and parameters: {'C': 92.95000104990834, 'gamma': 0.0017081389454841926}. Best is trial 1 with value: 0.8138888888888889.
[I 2025-05-15 08:23:53,750] Trial 22 finished with value: 0.763888888888889 and parameters: {'C': 52.728035392720486, 'gamma': 0.0005687616881623567}. Best is trial 1 with value: 0.8138888888888889.
[I 2025-05-15 08:23:53,782] Trial 23 finished with value: 0.6180555555555556 and parameters: {'C': 14.253404371595558, 'gamma': 0.00018195522701573366}. Best is trial 1 with value: 0.8138888888888889.
[I 2025-05-15 08:23:55,209] Trial 24 finished with value: 0.763888888888889 and parameters: {'C': 42.631263024891126, 'gamma': 0.0015168415032015313}. Best is trial 1 with value: 0.8138888888888889.
[I 2025-05-15 08:23:55,241] Trial 25 finished with value: 0.8125 and parameters: {'C': 68.09163281015886, 'gamma': 0.004124289921304319}. Best is trial 1 with value: 0.8138888888888889.
[I 2025-05-15 08:23:55,271] Trial 26 finished with value: 0.8097222222222221 and parameters: {'C': 2.351651182187294, 'gamma': 0.004937417507185831}. Best is trial 1 with value: 0.8138888888888889.
[I 2025-05-15 08:23:55,311] Trial 27 finished with value: 0.7805555555555556 and parameters: {'C': 16.163685127890844, 'gamma': 0.02446633611726537}. Best is trial 1 with value: 0.8138888888888889.
[I 2025-05-15 08:23:55,350] Trial 28 finished with value: 0.7902777777777776 and parameters: {'C': 0.5329160060995042, 'gamma': 0.01010660787788414}. Best is trial 1 with value: 0.8138888888888889.
[I 2025-05-15 08:23:55,393] Trial 29 finished with value: 0.7819444444444444 and parameters: {'C': 55.65952758752385, 'gamma': 0.052066444616129824}. Best is trial 1 with value: 0.8138888888888889.
[I 2025-05-15 08:24:06,075] A new study created in memory with name: logreg
Parámetros guardados en checkpoint_adult_Doriginal_G/k-means/IPC_43/best_models_k-means_seed_8_space_original/svc_best_params.json


>>> Optuna tuning logreg metodo k-means IPC 43 seed 8


[I 2025-05-15 08:24:08,916] Trial 0 finished with value: 0.8944444444444445 and parameters: {'C': 23.288794782471303, 'penalty': 'l2'}. Best is trial 0 with value: 0.8944444444444445.
[I 2025-05-15 08:24:08,956] Trial 1 finished with value: 0.8944444444444445 and parameters: {'C': 69.61507800412923, 'penalty': 'l2'}. Best is trial 0 with value: 0.8944444444444445.
[I 2025-05-15 08:24:09,005] Trial 2 finished with value: 0.8944444444444445 and parameters: {'C': 22.180569925473442, 'penalty': 'l2'}. Best is trial 0 with value: 0.8944444444444445.
[I 2025-05-15 08:24:09,039] Trial 3 finished with value: 0.8 and parameters: {'C': 0.4511058486037652, 'penalty': 'l2'}. Best is trial 0 with value: 0.8944444444444445.
[I 2025-05-15 08:24:09,092] Trial 4 finished with value: 0.7902777777777777 and parameters: {'C': 0.014576110093994574, 'penalty': 'l2'}. Best is trial 0 with value: 0.8944444444444445.
[I 2025-05-15 08:24:09,136] Trial 5 finished with value: 0.7541666666666667 and parameters: {'C': 0.0011402340906886685, 'penalty': 'l2'}. Best is trial 0 with value: 0.8944444444444445.
[I 2025-05-15 08:24:09,161] Trial 6 finished with value: 0.8097222222222221 and parameters: {'C': 0.14201822862985758, 'penalty': 'l2'}. Best is trial 0 with value: 0.8944444444444445.
[I 2025-05-15 08:24:09,195] Trial 7 finished with value: 0.8097222222222221 and parameters: {'C': 0.1027440782219989, 'penalty': 'l2'}. Best is trial 0 with value: 0.8944444444444445.
[I 2025-05-15 08:24:09,240] Trial 8 finished with value: 0.8 and parameters: {'C': 0.41055690122086846, 'penalty': 'l2'}. Best is trial 0 with value: 0.8944444444444445.
[I 2025-05-15 08:24:09,265] Trial 9 finished with value: 0.798611111111111 and parameters: {'C': 0.24658064201770763, 'penalty': 'l2'}. Best is trial 0 with value: 0.8944444444444445.
[I 2025-05-15 08:24:09,315] Trial 10 finished with value: 0.8472222222222221 and parameters: {'C': 5.817250906722227, 'penalty': 'l2'}. Best is trial 0 with value: 0.8944444444444445.
[I 2025-05-15 08:24:10,878] Trial 11 finished with value: 0.8944444444444445 and parameters: {'C': 65.32501288941612, 'penalty': 'l2'}. Best is trial 0 with value: 0.8944444444444445.
[I 2025-05-15 08:24:12,433] Trial 12 finished with value: 0.8472222222222221 and parameters: {'C': 4.377709439924529, 'penalty': 'l2'}. Best is trial 0 with value: 0.8944444444444445.
[I 2025-05-15 08:24:12,497] Trial 13 finished with value: 0.9055555555555556 and parameters: {'C': 82.7447055757053, 'penalty': 'l2'}. Best is trial 13 with value: 0.9055555555555556.
[I 2025-05-15 08:24:12,552] Trial 14 finished with value: 0.8472222222222221 and parameters: {'C': 5.14653034400664, 'penalty': 'l2'}. Best is trial 13 with value: 0.9055555555555556.
[I 2025-05-15 08:24:12,587] Trial 15 finished with value: 0.8930555555555555 and parameters: {'C': 14.022013459761055, 'penalty': 'l2'}. Best is trial 13 with value: 0.9055555555555556.
[I 2025-05-15 08:24:12,617] Trial 16 finished with value: 0.8125 and parameters: {'C': 2.0502148796046753, 'penalty': 'l2'}. Best is trial 13 with value: 0.9055555555555556.
[I 2025-05-15 08:24:12,670] Trial 17 finished with value: 0.8944444444444445 and parameters: {'C': 87.38734349714944, 'penalty': 'l2'}. Best is trial 13 with value: 0.9055555555555556.
[I 2025-05-15 08:24:12,699] Trial 18 finished with value: 0.8125 and parameters: {'C': 1.3193366309340018, 'penalty': 'l2'}. Best is trial 13 with value: 0.9055555555555556.
[I 2025-05-15 08:24:12,746] Trial 19 finished with value: 0.8944444444444445 and parameters: {'C': 22.17723746620776, 'penalty': 'l2'}. Best is trial 13 with value: 0.9055555555555556.
[I 2025-05-15 08:24:12,777] Trial 20 finished with value: 0.788888888888889 and parameters: {'C': 0.018804402775865526, 'penalty': 'l2'}. Best is trial 13 with value: 0.9055555555555556.
[I 2025-05-15 08:24:12,830] Trial 21 finished with value: 0.9055555555555556 and parameters: {'C': 93.89951067384132, 'penalty': 'l2'}. Best is trial 13 with value: 0.9055555555555556.
[I 2025-05-15 08:24:12,876] Trial 22 finished with value: 0.9069444444444444 and parameters: {'C': 27.53291170404677, 'penalty': 'l2'}. Best is trial 22 with value: 0.9069444444444444.
[I 2025-05-15 08:24:12,936] Trial 23 finished with value: 0.8944444444444445 and parameters: {'C': 40.55707065776339, 'penalty': 'l2'}. Best is trial 22 with value: 0.9069444444444444.
[I 2025-05-15 08:24:12,989] Trial 24 finished with value: 0.8805555555555555 and parameters: {'C': 9.666360619322392, 'penalty': 'l2'}. Best is trial 22 with value: 0.9069444444444444.
[I 2025-05-15 08:24:13,037] Trial 25 finished with value: 0.9055555555555556 and parameters: {'C': 99.90401886312215, 'penalty': 'l2'}. Best is trial 22 with value: 0.9069444444444444.
[I 2025-05-15 08:24:13,071] Trial 26 finished with value: 0.8125 and parameters: {'C': 1.257923252528262, 'penalty': 'l2'}. Best is trial 22 with value: 0.9069444444444444.
[I 2025-05-15 08:24:13,111] Trial 27 finished with value: 0.8944444444444445 and parameters: {'C': 32.486438682647204, 'penalty': 'l2'}. Best is trial 22 with value: 0.9069444444444444.
[I 2025-05-15 08:24:13,147] Trial 28 finished with value: 0.8805555555555555 and parameters: {'C': 9.91611454279549, 'penalty': 'l2'}. Best is trial 22 with value: 0.9069444444444444.
[I 2025-05-15 08:24:13,233] Trial 29 finished with value: 0.8944444444444445 and parameters: {'C': 31.667981493626048, 'penalty': 'l2'}. Best is trial 22 with value: 0.9069444444444444.
/data/home/rtabares/anaconda3/envs/pyth3.12/lib/python3.12/site-packages/xgboost/core.py:377: FutureWarning: Your system has an old version of glibc (< 2.28). We will stop supporting Linux distros with glibc older than 2.28 after **May 31, 2025**. Please upgrade to a recent Linux distro (with glibc >= 2.28) to use future versions of XGBoost.
Note: You have installed the 'manylinux2014' variant of XGBoost. Certain features such as GPU algorithms or federated learning are not available. To use these features, please upgrade to a recent Linux distro with glibc 2.28+, and install the 'manylinux_2_28' variant.
  warnings.warn(
[I 2025-05-15 08:24:21,634] A new study created in memory with name: mlp
Parámetros guardados en checkpoint_adult_Doriginal_G/k-means/IPC_43/best_models_k-means_seed_8_space_original/logreg_best_params.json


>>> Optuna tuning mlp metodo k-means IPC 43 seed 8


/data/home/rtabares/anaconda3/envs/pyth3.12/lib/python3.12/site-packages/sklearn/neural_network/_multilayer_perceptron.py:691: ConvergenceWarning: Stochastic Optimizer: Maximum iterations (50) reached and the optimization hasn't converged yet.
  warnings.warn(
/data/home/rtabares/anaconda3/envs/pyth3.12/lib/python3.12/site-packages/sklearn/neural_network/_multilayer_perceptron.py:691: ConvergenceWarning: Stochastic Optimizer: Maximum iterations (50) reached and the optimization hasn't converged yet.
  warnings.warn(
/data/home/rtabares/anaconda3/envs/pyth3.12/lib/python3.12/site-packages/sklearn/neural_network/_multilayer_perceptron.py:691: ConvergenceWarning: Stochastic Optimizer: Maximum iterations (50) reached and the optimization hasn't converged yet.
  warnings.warn(
/data/home/rtabares/anaconda3/envs/pyth3.12/lib/python3.12/site-packages/sklearn/neural_network/_multilayer_perceptron.py:691: ConvergenceWarning: Stochastic Optimizer: Maximum iterations (50) reached and the optimization hasn't converged yet.
  warnings.warn(
/data/home/rtabares/anaconda3/envs/pyth3.12/lib/python3.12/site-packages/sklearn/neural_network/_multilayer_perceptron.py:691: ConvergenceWarning: Stochastic Optimizer: Maximum iterations (50) reached and the optimization hasn't converged yet.
  warnings.warn(
[I 2025-05-15 08:24:24,521] Trial 0 finished with value: 0.8111111111111111 and parameters: {'hidden_layer_sizes': (200,), 'max_iter': 50, 'alpha': 0.001}. Best is trial 0 with value: 0.8111111111111111.
/data/home/rtabares/anaconda3/envs/pyth3.12/lib/python3.12/site-packages/sklearn/neural_network/_multilayer_perceptron.py:691: ConvergenceWarning: Stochastic Optimizer: Maximum iterations (50) reached and the optimization hasn't converged yet.
  warnings.warn(
/data/home/rtabares/anaconda3/envs/pyth3.12/lib/python3.12/site-packages/sklearn/neural_network/_multilayer_perceptron.py:691: ConvergenceWarning: Stochastic Optimizer: Maximum iterations (50) reached and the optimization hasn't converged yet.
  warnings.warn(
/data/home/rtabares/anaconda3/envs/pyth3.12/lib/python3.12/site-packages/sklearn/neural_network/_multilayer_perceptron.py:691: ConvergenceWarning: Stochastic Optimizer: Maximum iterations (50) reached and the optimization hasn't converged yet.
  warnings.warn(
/data/home/rtabares/anaconda3/envs/pyth3.12/lib/python3.12/site-packages/sklearn/neural_network/_multilayer_perceptron.py:691: ConvergenceWarning: Stochastic Optimizer: Maximum iterations (50) reached and the optimization hasn't converged yet.
  warnings.warn(
/data/home/rtabares/anaconda3/envs/pyth3.12/lib/python3.12/site-packages/sklearn/neural_network/_multilayer_perceptron.py:691: ConvergenceWarning: Stochastic Optimizer: Maximum iterations (50) reached and the optimization hasn't converged yet.
  warnings.warn(
