[I 2025-05-15 08:04:51,902] Trial 2 finished with value: 0.58 and parameters: {'n_estimators': 207, 'max_depth': 11, 'min_samples_split': 8, 'min_samples_leaf': 9}. Best is trial 2 with value: 0.58.
[I 2025-05-15 08:04:52,720] Trial 3 finished with value: 0.5166666666666667 and parameters: {'n_estimators': 252, 'max_depth': 4, 'min_samples_split': 4, 'min_samples_leaf': 10}. Best is trial 2 with value: 0.58.
[I 2025-05-15 08:04:54,030] Trial 4 finished with value: 0.5533333333333333 and parameters: {'n_estimators': 185, 'max_depth': 11, 'min_samples_split': 10, 'min_samples_leaf': 1}. Best is trial 2 with value: 0.58.
[I 2025-05-15 08:04:55,435] Trial 5 finished with value: 0.5433333333333333 and parameters: {'n_estimators': 340, 'max_depth': 20, 'min_samples_split': 4, 'min_samples_leaf': 6}. Best is trial 2 with value: 0.58.
[I 2025-05-15 08:04:56,582] Trial 6 finished with value: 0.5566666666666668 and parameters: {'n_estimators': 464, 'max_depth': 5, 'min_samples_split': 6, 'min_samples_leaf': 8}. Best is trial 2 with value: 0.58.
[I 2025-05-15 08:04:57,770] Trial 7 finished with value: 0.5533333333333335 and parameters: {'n_estimators': 368, 'max_depth': 11, 'min_samples_split': 3, 'min_samples_leaf': 5}. Best is trial 2 with value: 0.58.
[I 2025-05-15 08:04:58,343] Trial 8 finished with value: 0.61 and parameters: {'n_estimators': 249, 'max_depth': 11, 'min_samples_split': 5, 'min_samples_leaf': 9}. Best is trial 8 with value: 0.61.
[I 2025-05-15 08:04:59,695] Trial 9 finished with value: 0.5533333333333335 and parameters: {'n_estimators': 408, 'max_depth': 8, 'min_samples_split': 7, 'min_samples_leaf': 3}. Best is trial 8 with value: 0.61.
[I 2025-05-15 08:05:00,673] Trial 10 finished with value: 0.5533333333333335 and parameters: {'n_estimators': 284, 'max_depth': 15, 'min_samples_split': 2, 'min_samples_leaf': 6}. Best is trial 8 with value: 0.61.
[I 2025-05-15 08:05:02,306] Trial 11 finished with value: 0.5766666666666668 and parameters: {'n_estimators': 216, 'max_depth': 8, 'min_samples_split': 9, 'min_samples_leaf': 10}. Best is trial 8 with value: 0.61.
[I 2025-05-15 08:05:04,206] Trial 12 finished with value: 0.5566666666666666 and parameters: {'n_estimators': 128, 'max_depth': 14, 'min_samples_split': 8, 'min_samples_leaf': 8}. Best is trial 8 with value: 0.61.
[I 2025-05-15 08:05:05,804] Trial 13 finished with value: 0.5599999999999999 and parameters: {'n_estimators': 193, 'max_depth': 8, 'min_samples_split': 8, 'min_samples_leaf': 9}. Best is trial 8 with value: 0.61.
[I 2025-05-15 08:05:06,706] Trial 14 finished with value: 0.6133333333333333 and parameters: {'n_estimators': 289, 'max_depth': 13, 'min_samples_split': 7, 'min_samples_leaf': 7}. Best is trial 14 with value: 0.6133333333333333.
[I 2025-05-15 08:05:07,508] Trial 15 finished with value: 0.52 and parameters: {'n_estimators': 310, 'max_depth': 17, 'min_samples_split': 6, 'min_samples_leaf': 5}. Best is trial 14 with value: 0.6133333333333333.
[I 2025-05-15 08:05:08,562] Trial 16 finished with value: 0.5366666666666667 and parameters: {'n_estimators': 271, 'max_depth': 14, 'min_samples_split': 5, 'min_samples_leaf': 7}. Best is trial 14 with value: 0.6133333333333333.
[I 2025-05-15 08:05:10,036] Trial 17 finished with value: 0.54 and parameters: {'n_estimators': 403, 'max_depth': 6, 'min_samples_split': 7, 'min_samples_leaf': 4}. Best is trial 14 with value: 0.6133333333333333.
[I 2025-05-15 08:05:11,376] Trial 18 finished with value: 0.5766666666666668 and parameters: {'n_estimators': 326, 'max_depth': 9, 'min_samples_split': 4, 'min_samples_leaf': 7}. Best is trial 14 with value: 0.6133333333333333.
[I 2025-05-15 08:05:12,049] Trial 19 finished with value: 0.5599999999999999 and parameters: {'n_estimators': 242, 'max_depth': 16, 'min_samples_split': 7, 'min_samples_leaf': 7}. Best is trial 14 with value: 0.6133333333333333.
[I 2025-05-15 08:05:12,794] Trial 20 finished with value: 0.5366666666666666 and parameters: {'n_estimators': 171, 'max_depth': 19, 'min_samples_split': 5, 'min_samples_leaf': 9}. Best is trial 14 with value: 0.6133333333333333.
[I 2025-05-15 08:05:13,477] Trial 21 finished with value: 0.54 and parameters: {'n_estimators': 230, 'max_depth': 12, 'min_samples_split': 9, 'min_samples_leaf': 9}. Best is trial 14 with value: 0.6133333333333333.
[I 2025-05-15 08:05:13,798] Trial 22 finished with value: 0.52 and parameters: {'n_estimators': 100, 'max_depth': 10, 'min_samples_split': 8, 'min_samples_leaf': 10}. Best is trial 14 with value: 0.6133333333333333.
[I 2025-05-15 08:05:14,634] Trial 23 finished with value: 0.6133333333333333 and parameters: {'n_estimators': 284, 'max_depth': 13, 'min_samples_split': 10, 'min_samples_leaf': 8}. Best is trial 14 with value: 0.6133333333333333.
[I 2025-05-15 08:05:15,622] Trial 24 finished with value: 0.54 and parameters: {'n_estimators': 294, 'max_depth': 13, 'min_samples_split': 10, 'min_samples_leaf': 8}. Best is trial 14 with value: 0.6133333333333333.
[I 2025-05-15 08:05:16,581] Trial 25 finished with value: 0.5333333333333334 and parameters: {'n_estimators': 363, 'max_depth': 13, 'min_samples_split': 9, 'min_samples_leaf': 7}. Best is trial 14 with value: 0.6133333333333333.
[I 2025-05-15 08:05:17,390] Trial 26 finished with value: 0.5900000000000001 and parameters: {'n_estimators': 256, 'max_depth': 16, 'min_samples_split': 3, 'min_samples_leaf': 6}. Best is trial 14 with value: 0.6133333333333333.
[I 2025-05-15 08:05:18,306] Trial 27 finished with value: 0.6100000000000001 and parameters: {'n_estimators': 291, 'max_depth': 10, 'min_samples_split': 10, 'min_samples_leaf': 8}. Best is trial 14 with value: 0.6133333333333333.
[I 2025-05-15 08:05:19,392] Trial 28 finished with value: 0.5733333333333335 and parameters: {'n_estimators': 354, 'max_depth': 9, 'min_samples_split': 10, 'min_samples_leaf': 3}. Best is trial 14 with value: 0.6133333333333333.
[I 2025-05-15 08:05:20,561] Trial 29 finished with value: 0.5166666666666667 and parameters: {'n_estimators': 397, 'max_depth': 18, 'min_samples_split': 9, 'min_samples_leaf': 8}. Best is trial 14 with value: 0.6133333333333333.
[I 2025-05-15 08:05:26,177] A new study created in memory with name: svc
Parámetros guardados en checkpoint_default_Doriginal_H/k_center/IPC_27/best_models_k_center_seed_7_space_original/rf_best_params.json


>>> Optuna tuning svc metodo k_center IPC 27 seed 7


[I 2025-05-15 08:05:28,958] Trial 0 finished with value: 0.5 and parameters: {'C': 0.020194502448102298, 'gamma': 0.13172711156111802}. Best is trial 0 with value: 0.5.
[I 2025-05-15 08:05:29,114] Trial 1 finished with value: 0.5 and parameters: {'C': 0.5670703311028815, 'gamma': 0.0783178418343345}. Best is trial 0 with value: 0.5.
[I 2025-05-15 08:05:29,130] Trial 2 finished with value: 0.5433333333333333 and parameters: {'C': 81.65034948781698, 'gamma': 0.014255533717547383}. Best is trial 2 with value: 0.5433333333333333.
[I 2025-05-15 08:05:29,166] Trial 3 finished with value: 0.5933333333333334 and parameters: {'C': 1.0103732850016278, 'gamma': 0.00019418001640357854}. Best is trial 3 with value: 0.5933333333333334.
[I 2025-05-15 08:05:29,187] Trial 4 finished with value: 0.52 and parameters: {'C': 0.11851025167261421, 'gamma': 0.00998918377985214}. Best is trial 3 with value: 0.5933333333333334.
[I 2025-05-15 08:05:29,213] Trial 5 finished with value: 0.5 and parameters: {'C': 5.2109869371584665, 'gamma': 0.16404241128227343}. Best is trial 3 with value: 0.5933333333333334.
[I 2025-05-15 08:05:29,229] Trial 6 finished with value: 0.54 and parameters: {'C': 0.3340138940215422, 'gamma': 0.00018354619576988685}. Best is trial 3 with value: 0.5933333333333334.
[I 2025-05-15 08:05:29,255] Trial 7 finished with value: 0.5 and parameters: {'C': 0.1420961781588805, 'gamma': 0.434884682155233}. Best is trial 3 with value: 0.5933333333333334.
[I 2025-05-15 08:05:30,101] Trial 8 finished with value: 0.5599999999999999 and parameters: {'C': 0.07137422643361827, 'gamma': 0.006434219125545069}. Best is trial 3 with value: 0.5933333333333334.
[I 2025-05-15 08:05:30,117] Trial 9 finished with value: 0.5733333333333334 and parameters: {'C': 53.066944048916255, 'gamma': 0.00012577574840733457}. Best is trial 3 with value: 0.5933333333333334.
[I 2025-05-15 08:05:30,139] Trial 10 finished with value: 0.5633333333333332 and parameters: {'C': 4.042381244249598, 'gamma': 0.0013304824599122815}. Best is trial 3 with value: 0.5933333333333334.
[I 2025-05-15 08:05:31,076] Trial 11 finished with value: 0.5733333333333334 and parameters: {'C': 87.21873474229393, 'gamma': 0.0001182654393186286}. Best is trial 3 with value: 0.5933333333333334.
[I 2025-05-15 08:05:32,014] Trial 12 finished with value: 0.5966666666666667 and parameters: {'C': 10.587233083499086, 'gamma': 0.0006129250951207689}. Best is trial 12 with value: 0.5966666666666667.
[I 2025-05-15 08:05:32,055] Trial 13 finished with value: 0.5933333333333334 and parameters: {'C': 3.619998555275358, 'gamma': 0.0007300976461949833}. Best is trial 12 with value: 0.5966666666666667.
[I 2025-05-15 08:05:32,085] Trial 14 finished with value: 0.54 and parameters: {'C': 13.190704275182453, 'gamma': 0.0007499044617975465}. Best is trial 12 with value: 0.5966666666666667.
[I 2025-05-15 08:05:32,120] Trial 15 finished with value: 0.6333333333333333 and parameters: {'C': 1.8492959091917838, 'gamma': 0.0015989705349271429}. Best is trial 15 with value: 0.6333333333333333.
[I 2025-05-15 08:05:32,154] Trial 16 finished with value: 0.5566666666666666 and parameters: {'C': 12.463903223314507, 'gamma': 0.0032397329046133135}. Best is trial 15 with value: 0.6333333333333333.
[I 2025-05-15 08:05:32,181] Trial 17 finished with value: 0.6 and parameters: {'C': 1.784071159917547, 'gamma': 0.0022597898427715512}. Best is trial 15 with value: 0.6333333333333333.
[I 2025-05-15 08:05:32,206] Trial 18 finished with value: 0.4166666666666667 and parameters: {'C': 1.2889173909062994, 'gamma': 0.03320384586751046}. Best is trial 15 with value: 0.6333333333333333.
[I 2025-05-15 08:05:32,229] Trial 19 finished with value: 0.5833333333333333 and parameters: {'C': 2.1129372756637164, 'gamma': 0.0024220625953014076}. Best is trial 15 with value: 0.6333333333333333.
[I 2025-05-15 08:05:32,261] Trial 20 finished with value: 0.6599999999999999 and parameters: {'C': 0.47248666284840635, 'gamma': 0.003139184990740136}. Best is trial 20 with value: 0.6599999999999999.
[I 2025-05-15 08:05:33,145] Trial 21 finished with value: 0.6599999999999999 and parameters: {'C': 0.3445569798011236, 'gamma': 0.002976388763513455}. Best is trial 20 with value: 0.6599999999999999.
[I 2025-05-15 08:05:33,180] Trial 22 finished with value: 0.68 and parameters: {'C': 0.5105971429390127, 'gamma': 0.006057007041542768}. Best is trial 22 with value: 0.68.
[I 2025-05-15 08:05:33,208] Trial 23 finished with value: 0.48 and parameters: {'C': 0.3620012422978062, 'gamma': 0.022693077692969767}. Best is trial 22 with value: 0.68.
[I 2025-05-15 08:05:33,243] Trial 24 finished with value: 0.5599999999999999 and parameters: {'C': 0.04284574139719934, 'gamma': 0.00537282811408469}. Best is trial 22 with value: 0.68.
[I 2025-05-15 08:05:33,269] Trial 25 finished with value: 0.5700000000000001 and parameters: {'C': 0.2416833672339998, 'gamma': 0.004615811571641421}. Best is trial 22 with value: 0.68.
[I 2025-05-15 08:05:33,297] Trial 26 finished with value: 0.5 and parameters: {'C': 0.6478756893608707, 'gamma': 0.04007375134571228}. Best is trial 22 with value: 0.68.
[I 2025-05-15 08:05:33,323] Trial 27 finished with value: 0.5 and parameters: {'C': 0.010582980477379114, 'gamma': 0.011012261911839596}. Best is trial 22 with value: 0.68.
[I 2025-05-15 08:05:33,356] Trial 28 finished with value: 0.5 and parameters: {'C': 0.1921251520434674, 'gamma': 0.0003183979397035626}. Best is trial 22 with value: 0.68.
[I 2025-05-15 08:05:33,388] Trial 29 finished with value: 0.5 and parameters: {'C': 0.03894450780873508, 'gamma': 0.0013069694753351068}. Best is trial 22 with value: 0.68.
/data/home/rtabares/anaconda3/envs/pyth3.12/lib/python3.12/site-packages/xgboost/core.py:377: FutureWarning: Your system has an old version of glibc (< 2.28). We will stop supporting Linux distros with glibc older than 2.28 after **May 31, 2025**. Please upgrade to a recent Linux distro (with glibc >= 2.28) to use future versions of XGBoost.
Note: You have installed the 'manylinux2014' variant of XGBoost. Certain features such as GPU algorithms or federated learning are not available. To use these features, please upgrade to a recent Linux distro with glibc 2.28+, and install the 'manylinux_2_28' variant.
  warnings.warn(
[I 2025-05-15 08:05:40,238] A new study created in memory with name: logreg
Parámetros guardados en checkpoint_default_Doriginal_H/k_center/IPC_27/best_models_k_center_seed_7_space_original/svc_best_params.json


>>> Optuna tuning logreg metodo k_center IPC 27 seed 7


[I 2025-05-15 08:05:42,880] Trial 0 finished with value: 0.72 and parameters: {'C': 0.002407362254570802, 'penalty': 'l2'}. Best is trial 0 with value: 0.72.
/data/home/rtabares/anaconda3/envs/pyth3.12/lib/python3.12/site-packages/sklearn/linear_model/_logistic.py:465: ConvergenceWarning: lbfgs failed to converge (status=1):
STOP: TOTAL NO. OF ITERATIONS REACHED LIMIT.

Increase the number of iterations (max_iter) or scale the data as shown in:
    https://scikit-learn.org/stable/modules/preprocessing.html
Please also refer to the documentation for alternative solver options:
    https://scikit-learn.org/stable/modules/linear_model.html#logistic-regression
  n_iter_i = _check_optimize_result(
/data/home/rtabares/anaconda3/envs/pyth3.12/lib/python3.12/site-packages/sklearn/linear_model/_logistic.py:465: ConvergenceWarning: lbfgs failed to converge (status=1):
STOP: TOTAL NO. OF ITERATIONS REACHED LIMIT.

Increase the number of iterations (max_iter) or scale the data as shown in:
    https://scikit-learn.org/stable/modules/preprocessing.html
Please also refer to the documentation for alternative solver options:
    https://scikit-learn.org/stable/modules/linear_model.html#logistic-regression
  n_iter_i = _check_optimize_result(
[I 2025-05-15 08:05:43,138] Trial 1 finished with value: 0.5966666666666667 and parameters: {'C': 7.935859334260497, 'penalty': 'l2'}. Best is trial 0 with value: 0.72.
[I 2025-05-15 08:05:43,165] Trial 2 finished with value: 0.5866666666666667 and parameters: {'C': 0.15561310098067915, 'penalty': 'l2'}. Best is trial 0 with value: 0.72.
[I 2025-05-15 08:05:43,257] Trial 3 finished with value: 0.5766666666666667 and parameters: {'C': 4.143104515916128, 'penalty': 'l2'}. Best is trial 0 with value: 0.72.
/data/home/rtabares/anaconda3/envs/pyth3.12/lib/python3.12/site-packages/sklearn/linear_model/_logistic.py:465: ConvergenceWarning: lbfgs failed to converge (status=1):
STOP: TOTAL NO. OF ITERATIONS REACHED LIMIT.

Increase the number of iterations (max_iter) or scale the data as shown in:
    https://scikit-learn.org/stable/modules/preprocessing.html
Please also refer to the documentation for alternative solver options:
    https://scikit-learn.org/stable/modules/linear_model.html#logistic-regression
  n_iter_i = _check_optimize_result(
/data/home/rtabares/anaconda3/envs/pyth3.12/lib/python3.12/site-packages/sklearn/linear_model/_logistic.py:465: ConvergenceWarning: lbfgs failed to converge (status=1):
STOP: TOTAL NO. OF ITERATIONS REACHED LIMIT.

Increase the number of iterations (max_iter) or scale the data as shown in:
    https://scikit-learn.org/stable/modules/preprocessing.html
Please also refer to the documentation for alternative solver options:
    https://scikit-learn.org/stable/modules/linear_model.html#logistic-regression
  n_iter_i = _check_optimize_result(
/data/home/rtabares/anaconda3/envs/pyth3.12/lib/python3.12/site-packages/sklearn/linear_model/_logistic.py:465: ConvergenceWarning: lbfgs failed to converge (status=1):
STOP: TOTAL NO. OF ITERATIONS REACHED LIMIT.

Increase the number of iterations (max_iter) or scale the data as shown in:
    https://scikit-learn.org/stable/modules/preprocessing.html
Please also refer to the documentation for alternative solver options:
    https://scikit-learn.org/stable/modules/linear_model.html#logistic-regression
  n_iter_i = _check_optimize_result(
/data/home/rtabares/anaconda3/envs/pyth3.12/lib/python3.12/site-packages/sklearn/linear_model/_logistic.py:465: ConvergenceWarning: lbfgs failed to converge (status=1):
STOP: TOTAL NO. OF ITERATIONS REACHED LIMIT.

Increase the number of iterations (max_iter) or scale the data as shown in:
    https://scikit-learn.org/stable/modules/preprocessing.html
Please also refer to the documentation for alternative solver options:
    https://scikit-learn.org/stable/modules/linear_model.html#logistic-regression
  n_iter_i = _check_optimize_result(
/data/home/rtabares/anaconda3/envs/pyth3.12/lib/python3.12/site-packages/sklearn/linear_model/_logistic.py:465: ConvergenceWarning: lbfgs failed to converge (status=1):
STOP: TOTAL NO. OF ITERATIONS REACHED LIMIT.

Increase the number of iterations (max_iter) or scale the data as shown in:
    https://scikit-learn.org/stable/modules/preprocessing.html
Please also refer to the documentation for alternative solver options:
    https://scikit-learn.org/stable/modules/linear_model.html#logistic-regression
  n_iter_i = _check_optimize_result(
[I 2025-05-15 08:05:43,363] Trial 4 finished with value: 0.5766666666666668 and parameters: {'C': 77.61533923098803, 'penalty': 'l2'}. Best is trial 0 with value: 0.72.
[I 2025-05-15 08:05:43,408] Trial 5 finished with value: 0.5700000000000001 and parameters: {'C': 0.49258292359934785, 'penalty': 'l2'}. Best is trial 0 with value: 0.72.
[I 2025-05-15 08:05:43,454] Trial 6 finished with value: 0.5700000000000001 and parameters: {'C': 0.320333470047146, 'penalty': 'l2'}. Best is trial 0 with value: 0.72.
[I 2025-05-15 08:05:43,478] Trial 7 finished with value: 0.72 and parameters: {'C': 0.002292216671132896, 'penalty': 'l2'}. Best is trial 0 with value: 0.72.
[I 2025-05-15 08:05:43,501] Trial 8 finished with value: 0.66 and parameters: {'C': 0.0219884643872214, 'penalty': 'l2'}. Best is trial 0 with value: 0.72.
[I 2025-05-15 08:05:43,555] Trial 9 finished with value: 0.5700000000000001 and parameters: {'C': 0.31580027519646636, 'penalty': 'l2'}. Best is trial 0 with value: 0.72.
[I 2025-05-15 08:05:43,589] Trial 10 finished with value: 0.6633333333333333 and parameters: {'C': 0.005028545732690317, 'penalty': 'l2'}. Best is trial 0 with value: 0.72.
[I 2025-05-15 08:05:44,796] Trial 11 finished with value: 0.74 and parameters: {'C': 0.0016548464731937077, 'penalty': 'l2'}. Best is trial 11 with value: 0.74.
[I 2025-05-15 08:05:45,815] Trial 12 finished with value: 0.74 and parameters: {'C': 0.0011501898347038159, 'penalty': 'l2'}. Best is trial 11 with value: 0.74.
[I 2025-05-15 08:05:45,864] Trial 13 finished with value: 0.6433333333333333 and parameters: {'C': 0.04143668725301306, 'penalty': 'l2'}. Best is trial 11 with value: 0.74.
[I 2025-05-15 08:05:45,898] Trial 14 finished with value: 0.6799999999999999 and parameters: {'C': 0.01173635650269845, 'penalty': 'l2'}. Best is trial 11 with value: 0.74.
[I 2025-05-15 08:05:45,924] Trial 15 finished with value: 0.74 and parameters: {'C': 0.0011756363686824308, 'penalty': 'l2'}. Best is trial 11 with value: 0.74.
[I 2025-05-15 08:05:45,960] Trial 16 finished with value: 0.6799999999999999 and parameters: {'C': 0.00791283627552312, 'penalty': 'l2'}. Best is trial 11 with value: 0.74.
[I 2025-05-15 08:05:45,999] Trial 17 finished with value: 0.6433333333333333 and parameters: {'C': 0.06455059652992597, 'penalty': 'l2'}. Best is trial 11 with value: 0.74.
[I 2025-05-15 08:05:46,797] Trial 18 finished with value: 0.74 and parameters: {'C': 0.0012002185648303503, 'penalty': 'l2'}. Best is trial 11 with value: 0.74.
[I 2025-05-15 08:05:46,849] Trial 19 finished with value: 0.5933333333333334 and parameters: {'C': 1.1098844899122995, 'penalty': 'l2'}. Best is trial 11 with value: 0.74.
[I 2025-05-15 08:05:46,870] Trial 20 finished with value: 0.6633333333333333 and parameters: {'C': 0.004271266108628547, 'penalty': 'l2'}. Best is trial 11 with value: 0.74.
[I 2025-05-15 08:05:46,901] Trial 21 finished with value: 0.74 and parameters: {'C': 0.0010448330370418713, 'penalty': 'l2'}. Best is trial 11 with value: 0.74.
[I 2025-05-15 08:05:46,939] Trial 22 finished with value: 0.74 and parameters: {'C': 0.001001273083494891, 'penalty': 'l2'}. Best is trial 11 with value: 0.74.
[I 2025-05-15 08:05:46,970] Trial 23 finished with value: 0.6799999999999999 and parameters: {'C': 0.011475472273994869, 'penalty': 'l2'}. Best is trial 11 with value: 0.74.
[I 2025-05-15 08:05:47,002] Trial 24 finished with value: 0.6633333333333333 and parameters: {'C': 0.003382082902233941, 'penalty': 'l2'}. Best is trial 11 with value: 0.74.
[I 2025-05-15 08:05:47,037] Trial 25 finished with value: 0.66 and parameters: {'C': 0.02351558216234651, 'penalty': 'l2'}. Best is trial 11 with value: 0.74.
[I 2025-05-15 08:05:47,075] Trial 26 finished with value: 0.74 and parameters: {'C': 0.0020415522861879083, 'penalty': 'l2'}. Best is trial 11 with value: 0.74.
[I 2025-05-15 08:05:47,111] Trial 27 finished with value: 0.6066666666666667 and parameters: {'C': 0.09658683372151132, 'penalty': 'l2'}. Best is trial 11 with value: 0.74.
[I 2025-05-15 08:05:47,136] Trial 28 finished with value: 0.6799999999999999 and parameters: {'C': 0.007163187269342278, 'penalty': 'l2'}. Best is trial 11 with value: 0.74.
