[I 2025-05-15 07:40:50,654] Trial 5 finished with value: 0.6666666666666666 and parameters: {'n_estimators': 100, 'max_depth': 20, 'gamma': 0.48380821541644814, 'subsample': 0.8171899343169193, 'colsample_bytree': 0.7614531005141727}. Best is trial 4 with value: 0.7833333333333333.
/data/home/rtabares/anaconda3/envs/pyth3.12/lib/python3.12/site-packages/xgboost/core.py:377: FutureWarning: Your system has an old version of glibc (< 2.28). We will stop supporting Linux distros with glibc older than 2.28 after **May 31, 2025**. Please upgrade to a recent Linux distro (with glibc >= 2.28) to use future versions of XGBoost.
Note: You have installed the 'manylinux2014' variant of XGBoost. Certain features such as GPU algorithms or federated learning are not available. To use these features, please upgrade to a recent Linux distro with glibc 2.28+, and install the 'manylinux_2_28' variant.
  warnings.warn(
[I 2025-05-15 07:40:50,733] Trial 6 finished with value: 0.7833333333333333 and parameters: {'n_estimators': 10, 'max_depth': 5, 'gamma': 0.9599214907026333, 'subsample': 0.8414569271877088, 'colsample_bytree': 0.5265643453364788}. Best is trial 4 with value: 0.7833333333333333.
/data/home/rtabares/anaconda3/envs/pyth3.12/lib/python3.12/site-packages/xgboost/core.py:377: FutureWarning: Your system has an old version of glibc (< 2.28). We will stop supporting Linux distros with glibc older than 2.28 after **May 31, 2025**. Please upgrade to a recent Linux distro (with glibc >= 2.28) to use future versions of XGBoost.
Note: You have installed the 'manylinux2014' variant of XGBoost. Certain features such as GPU algorithms or federated learning are not available. To use these features, please upgrade to a recent Linux distro with glibc 2.28+, and install the 'manylinux_2_28' variant.
  warnings.warn(
/data/home/rtabares/anaconda3/envs/pyth3.12/lib/python3.12/site-packages/xgboost/core.py:377: FutureWarning: Your system has an old version of glibc (< 2.28). We will stop supporting Linux distros with glibc older than 2.28 after **May 31, 2025**. Please upgrade to a recent Linux distro (with glibc >= 2.28) to use future versions of XGBoost.
Note: You have installed the 'manylinux2014' variant of XGBoost. Certain features such as GPU algorithms or federated learning are not available. To use these features, please upgrade to a recent Linux distro with glibc 2.28+, and install the 'manylinux_2_28' variant.
  warnings.warn(
/data/home/rtabares/anaconda3/envs/pyth3.12/lib/python3.12/site-packages/xgboost/core.py:377: FutureWarning: Your system has an old version of glibc (< 2.28). We will stop supporting Linux distros with glibc older than 2.28 after **May 31, 2025**. Please upgrade to a recent Linux distro (with glibc >= 2.28) to use future versions of XGBoost.
Note: You have installed the 'manylinux2014' variant of XGBoost. Certain features such as GPU algorithms or federated learning are not available. To use these features, please upgrade to a recent Linux distro with glibc 2.28+, and install the 'manylinux_2_28' variant.
  warnings.warn(
/data/home/rtabares/anaconda3/envs/pyth3.12/lib/python3.12/site-packages/xgboost/core.py:377: FutureWarning: Your system has an old version of glibc (< 2.28). We will stop supporting Linux distros with glibc older than 2.28 after **May 31, 2025**. Please upgrade to a recent Linux distro (with glibc >= 2.28) to use future versions of XGBoost.
Note: You have installed the 'manylinux2014' variant of XGBoost. Certain features such as GPU algorithms or federated learning are not available. To use these features, please upgrade to a recent Linux distro with glibc 2.28+, and install the 'manylinux_2_28' variant.
  warnings.warn(
[I 2025-05-15 07:40:50,811] Trial 7 finished with value: 0.7166666666666666 and parameters: {'n_estimators': 40, 'max_depth': 5, 'gamma': 0.5250915966595621, 'subsample': 0.9207383574491986, 'colsample_bytree': 0.565555321173957}. Best is trial 4 with value: 0.7833333333333333.
/data/home/rtabares/anaconda3/envs/pyth3.12/lib/python3.12/site-packages/xgboost/core.py:377: FutureWarning: Your system has an old version of glibc (< 2.28). We will stop supporting Linux distros with glibc older than 2.28 after **May 31, 2025**. Please upgrade to a recent Linux distro (with glibc >= 2.28) to use future versions of XGBoost.
Note: You have installed the 'manylinux2014' variant of XGBoost. Certain features such as GPU algorithms or federated learning are not available. To use these features, please upgrade to a recent Linux distro with glibc 2.28+, and install the 'manylinux_2_28' variant.
  warnings.warn(
/data/home/rtabares/anaconda3/envs/pyth3.12/lib/python3.12/site-packages/xgboost/core.py:377: FutureWarning: Your system has an old version of glibc (< 2.28). We will stop supporting Linux distros with glibc older than 2.28 after **May 31, 2025**. Please upgrade to a recent Linux distro (with glibc >= 2.28) to use future versions of XGBoost.
Note: You have installed the 'manylinux2014' variant of XGBoost. Certain features such as GPU algorithms or federated learning are not available. To use these features, please upgrade to a recent Linux distro with glibc 2.28+, and install the 'manylinux_2_28' variant.
  warnings.warn(
/data/home/rtabares/anaconda3/envs/pyth3.12/lib/python3.12/site-packages/xgboost/core.py:377: FutureWarning: Your system has an old version of glibc (< 2.28). We will stop supporting Linux distros with glibc older than 2.28 after **May 31, 2025**. Please upgrade to a recent Linux distro (with glibc >= 2.28) to use future versions of XGBoost.
Note: You have installed the 'manylinux2014' variant of XGBoost. Certain features such as GPU algorithms or federated learning are not available. To use these features, please upgrade to a recent Linux distro with glibc 2.28+, and install the 'manylinux_2_28' variant.
  warnings.warn(
[I 2025-05-15 07:40:50,875] Trial 8 finished with value: 0.6333333333333333 and parameters: {'n_estimators': 100, 'max_depth': 5, 'gamma': 0.3919835527051987, 'subsample': 0.6502094521590198, 'colsample_bytree': 0.5827507002328938}. Best is trial 4 with value: 0.7833333333333333.
[I 2025-05-15 07:40:50,920] Trial 9 finished with value: 0.7166666666666666 and parameters: {'n_estimators': 100, 'max_depth': 5, 'gamma': 0.8003922413895069, 'subsample': 0.9436444759263674, 'colsample_bytree': 0.8374593849333938}. Best is trial 4 with value: 0.7833333333333333.
[I 2025-05-15 07:40:50,952] Trial 10 finished with value: 0.7833333333333333 and parameters: {'n_estimators': 10, 'max_depth': 30, 'gamma': 0.13445536345660636, 'subsample': 0.7667965871523328, 'colsample_bytree': 0.9446716873952172}. Best is trial 4 with value: 0.7833333333333333.
/data/home/rtabares/anaconda3/envs/pyth3.12/lib/python3.12/site-packages/xgboost/core.py:377: FutureWarning: Your system has an old version of glibc (< 2.28). We will stop supporting Linux distros with glibc older than 2.28 after **May 31, 2025**. Please upgrade to a recent Linux distro (with glibc >= 2.28) to use future versions of XGBoost.
Note: You have installed the 'manylinux2014' variant of XGBoost. Certain features such as GPU algorithms or federated learning are not available. To use these features, please upgrade to a recent Linux distro with glibc 2.28+, and install the 'manylinux_2_28' variant.
  warnings.warn(
[I 2025-05-15 07:40:52,129] Trial 11 finished with value: 0.7833333333333333 and parameters: {'n_estimators': 10, 'max_depth': 30, 'gamma': 0.7339574297824151, 'subsample': 0.8224040653107334, 'colsample_bytree': 0.5155500626410492}. Best is trial 4 with value: 0.7833333333333333.
/data/home/rtabares/anaconda3/envs/pyth3.12/lib/python3.12/site-packages/xgboost/core.py:377: FutureWarning: Your system has an old version of glibc (< 2.28). We will stop supporting Linux distros with glibc older than 2.28 after **May 31, 2025**. Please upgrade to a recent Linux distro (with glibc >= 2.28) to use future versions of XGBoost.
Note: You have installed the 'manylinux2014' variant of XGBoost. Certain features such as GPU algorithms or federated learning are not available. To use these features, please upgrade to a recent Linux distro with glibc 2.28+, and install the 'manylinux_2_28' variant.
  warnings.warn(
/data/home/rtabares/anaconda3/envs/pyth3.12/lib/python3.12/site-packages/xgboost/core.py:377: FutureWarning: Your system has an old version of glibc (< 2.28). We will stop supporting Linux distros with glibc older than 2.28 after **May 31, 2025**. Please upgrade to a recent Linux distro (with glibc >= 2.28) to use future versions of XGBoost.
Note: You have installed the 'manylinux2014' variant of XGBoost. Certain features such as GPU algorithms or federated learning are not available. To use these features, please upgrade to a recent Linux distro with glibc 2.28+, and install the 'manylinux_2_28' variant.
  warnings.warn(
[I 2025-05-15 07:40:53,302] Trial 12 finished with value: 0.7833333333333333 and parameters: {'n_estimators': 10, 'max_depth': 20, 'gamma': 0.730674763344872, 'subsample': 0.720180187141776, 'colsample_bytree': 0.6641358496000705}. Best is trial 4 with value: 0.7833333333333333.
[I 2025-05-15 07:40:53,362] Trial 13 finished with value: 0.7833333333333333 and parameters: {'n_estimators': 10, 'max_depth': 20, 'gamma': 0.9613424138111424, 'subsample': 0.8753135133311697, 'colsample_bytree': 0.8538892736689916}. Best is trial 4 with value: 0.7833333333333333.
[I 2025-05-15 07:40:53,391] Trial 14 finished with value: 0.7833333333333333 and parameters: {'n_estimators': 10, 'max_depth': 30, 'gamma': 0.8041619703162702, 'subsample': 0.9870711347114001, 'colsample_bytree': 0.5018986854243125}. Best is trial 4 with value: 0.7833333333333333.
[I 2025-05-15 07:40:53,447] Trial 15 finished with value: 0.7833333333333333 and parameters: {'n_estimators': 10, 'max_depth': 5, 'gamma': 0.6625797720598938, 'subsample': 0.777295027500043, 'colsample_bytree': 0.6813189211027456}. Best is trial 4 with value: 0.7833333333333333.
[I 2025-05-15 07:40:53,517] Trial 16 finished with value: 0.6666666666666666 and parameters: {'n_estimators': 40, 'max_depth': 20, 'gamma': 0.29739478866716995, 'subsample': 0.8590854683611233, 'colsample_bytree': 0.9980920830341278}. Best is trial 4 with value: 0.7833333333333333.
/data/home/rtabares/anaconda3/envs/pyth3.12/lib/python3.12/site-packages/xgboost/core.py:377: FutureWarning: Your system has an old version of glibc (< 2.28). We will stop supporting Linux distros with glibc older than 2.28 after **May 31, 2025**. Please upgrade to a recent Linux distro (with glibc >= 2.28) to use future versions of XGBoost.
Note: You have installed the 'manylinux2014' variant of XGBoost. Certain features such as GPU algorithms or federated learning are not available. To use these features, please upgrade to a recent Linux distro with glibc 2.28+, and install the 'manylinux_2_28' variant.
  warnings.warn(
[I 2025-05-15 07:40:54,391] Trial 17 finished with value: 0.7833333333333333 and parameters: {'n_estimators': 10, 'max_depth': 5, 'gamma': 0.6578094800063183, 'subsample': 0.7341683466320832, 'colsample_bytree': 0.8243443361536005}. Best is trial 4 with value: 0.7833333333333333.
[I 2025-05-15 07:40:54,455] Trial 18 finished with value: 0.7833333333333333 and parameters: {'n_estimators': 10, 'max_depth': 20, 'gamma': 0.8613527117299435, 'subsample': 0.6439668494178852, 'colsample_bytree': 0.6091671175739175}. Best is trial 4 with value: 0.7833333333333333.
/data/home/rtabares/anaconda3/envs/pyth3.12/lib/python3.12/site-packages/xgboost/core.py:377: FutureWarning: Your system has an old version of glibc (< 2.28). We will stop supporting Linux distros with glibc older than 2.28 after **May 31, 2025**. Please upgrade to a recent Linux distro (with glibc >= 2.28) to use future versions of XGBoost.
Note: You have installed the 'manylinux2014' variant of XGBoost. Certain features such as GPU algorithms or federated learning are not available. To use these features, please upgrade to a recent Linux distro with glibc 2.28+, and install the 'manylinux_2_28' variant.
  warnings.warn(
[I 2025-05-15 07:40:54,533] Trial 19 finished with value: 0.6833333333333333 and parameters: {'n_estimators': 40, 'max_depth': 30, 'gamma': 0.9955447654069179, 'subsample': 0.5011191823417127, 'colsample_bytree': 0.7007773720378611}. Best is trial 4 with value: 0.7833333333333333.
/data/home/rtabares/anaconda3/envs/pyth3.12/lib/python3.12/site-packages/xgboost/core.py:377: FutureWarning: Your system has an old version of glibc (< 2.28). We will stop supporting Linux distros with glibc older than 2.28 after **May 31, 2025**. Please upgrade to a recent Linux distro (with glibc >= 2.28) to use future versions of XGBoost.
Note: You have installed the 'manylinux2014' variant of XGBoost. Certain features such as GPU algorithms or federated learning are not available. To use these features, please upgrade to a recent Linux distro with glibc 2.28+, and install the 'manylinux_2_28' variant.
  warnings.warn(
[I 2025-05-15 07:40:55,658] Trial 20 finished with value: 0.7166666666666666 and parameters: {'n_estimators': 10, 'max_depth': 20, 'gamma': 0.6307544943777773, 'subsample': 0.7057684713792227, 'colsample_bytree': 0.5530322014475506}. Best is trial 4 with value: 0.7833333333333333.
[I 2025-05-15 07:40:55,725] Trial 21 finished with value: 0.7833333333333333 and parameters: {'n_estimators': 10, 'max_depth': 30, 'gamma': 0.14629511385254682, 'subsample': 0.7922957650134123, 'colsample_bytree': 0.9847265237698035}. Best is trial 4 with value: 0.7833333333333333.
[I 2025-05-15 07:40:55,763] Trial 22 finished with value: 0.8166666666666667 and parameters: {'n_estimators': 10, 'max_depth': 30, 'gamma': 0.27846385238507626, 'subsample': 0.7569192966716285, 'colsample_bytree': 0.9119151823978187}. Best is trial 22 with value: 0.8166666666666667.
[I 2025-05-15 07:40:55,843] Trial 23 finished with value: 0.7833333333333333 and parameters: {'n_estimators': 10, 'max_depth': 30, 'gamma': 0.3155988726557169, 'subsample': 0.8522960570811111, 'colsample_bytree': 0.8958410981112058}. Best is trial 22 with value: 0.8166666666666667.
[I 2025-05-15 07:40:55,899] Trial 24 finished with value: 0.6833333333333333 and parameters: {'n_estimators': 10, 'max_depth': 30, 'gamma': 0.21435989103491726, 'subsample': 0.6677060189227328, 'colsample_bytree': 0.8142312093515738}. Best is trial 22 with value: 0.8166666666666667.
[I 2025-05-15 07:40:55,953] Trial 25 finished with value: 0.8166666666666667 and parameters: {'n_estimators': 10, 'max_depth': 30, 'gamma': 0.4020191069357109, 'subsample': 0.7480272046994426, 'colsample_bytree': 0.8833218323626213}. Best is trial 22 with value: 0.8166666666666667.
[I 2025-05-15 07:40:55,999] Trial 26 finished with value: 0.8166666666666667 and parameters: {'n_estimators': 10, 'max_depth': 30, 'gamma': 0.41231979513172623, 'subsample': 0.7502807035889852, 'colsample_bytree': 0.8859614702574771}. Best is trial 22 with value: 0.8166666666666667.
[I 2025-05-15 07:40:56,046] Trial 27 finished with value: 0.8166666666666667 and parameters: {'n_estimators': 10, 'max_depth': 30, 'gamma': 0.4200282901745926, 'subsample': 0.7473694593492348, 'colsample_bytree': 0.872751723896934}. Best is trial 22 with value: 0.8166666666666667.
[I 2025-05-15 07:40:56,098] Trial 28 finished with value: 0.7166666666666666 and parameters: {'n_estimators': 40, 'max_depth': 30, 'gamma': 0.30999715452496057, 'subsample': 0.6071432817215052, 'colsample_bytree': 0.9457674517997817}. Best is trial 22 with value: 0.8166666666666667.
[I 2025-05-15 07:40:56,225] Trial 29 finished with value: 0.6666666666666666 and parameters: {'n_estimators': 100, 'max_depth': 30, 'gamma': 0.38714767999493993, 'subsample': 0.7977223742628734, 'colsample_bytree': 0.8105155604646072}. Best is trial 22 with value: 0.8166666666666667.
[I 2025-05-15 07:41:10,080] A new study created in memory with name: rf
Parámetros guardados en checkpoint_shoppers_Doriginal_F/random/IPC_11/best_models_random_seed_7_space_original/xgb_best_params.json


>>> Optuna tuning rf metodo random IPC 11 seed 7


[I 2025-05-15 07:41:12,047] Trial 0 finished with value: 0.5 and parameters: {'n_estimators': 130, 'max_depth': 17, 'min_samples_split': 5, 'min_samples_leaf': 8}. Best is trial 0 with value: 0.5.
[I 2025-05-15 07:41:12,874] Trial 1 finished with value: 0.6166666666666666 and parameters: {'n_estimators': 492, 'max_depth': 12, 'min_samples_split': 6, 'min_samples_leaf': 1}. Best is trial 1 with value: 0.6166666666666666.
[I 2025-05-15 07:41:13,288] Trial 2 finished with value: 0.5 and parameters: {'n_estimators': 207, 'max_depth': 11, 'min_samples_split': 8, 'min_samples_leaf': 9}. Best is trial 1 with value: 0.6166666666666666.
[I 2025-05-15 07:41:13,759] Trial 3 finished with value: 0.5 and parameters: {'n_estimators': 252, 'max_depth': 4, 'min_samples_split': 4, 'min_samples_leaf': 10}. Best is trial 1 with value: 0.6166666666666666.
[I 2025-05-15 07:41:14,429] Trial 4 finished with value: 0.5333333333333333 and parameters: {'n_estimators': 185, 'max_depth': 11, 'min_samples_split': 10, 'min_samples_leaf': 1}. Best is trial 1 with value: 0.6166666666666666.
[I 2025-05-15 07:41:15,569] Trial 5 finished with value: 0.75 and parameters: {'n_estimators': 340, 'max_depth': 20, 'min_samples_split': 4, 'min_samples_leaf': 6}. Best is trial 5 with value: 0.75.
[I 2025-05-15 07:41:16,801] Trial 6 finished with value: 0.5 and parameters: {'n_estimators': 464, 'max_depth': 5, 'min_samples_split': 6, 'min_samples_leaf': 8}. Best is trial 5 with value: 0.75.
[I 2025-05-15 07:41:17,482] Trial 7 finished with value: 0.6833333333333333 and parameters: {'n_estimators': 368, 'max_depth': 11, 'min_samples_split': 3, 'min_samples_leaf': 5}. Best is trial 5 with value: 0.75.
[I 2025-05-15 07:41:18,069] Trial 8 finished with value: 0.5 and parameters: {'n_estimators': 249, 'max_depth': 11, 'min_samples_split': 5, 'min_samples_leaf': 9}. Best is trial 5 with value: 0.75.
[I 2025-05-15 07:41:19,394] Trial 9 finished with value: 0.6666666666666666 and parameters: {'n_estimators': 408, 'max_depth': 8, 'min_samples_split': 7, 'min_samples_leaf': 3}. Best is trial 5 with value: 0.75.
[I 2025-05-15 07:41:20,347] Trial 10 finished with value: 0.6166666666666666 and parameters: {'n_estimators': 333, 'max_depth': 19, 'min_samples_split': 2, 'min_samples_leaf': 6}. Best is trial 5 with value: 0.75.
[I 2025-05-15 07:41:22,757] Trial 11 finished with value: 0.6333333333333333 and parameters: {'n_estimators': 350, 'max_depth': 16, 'min_samples_split': 2, 'min_samples_leaf': 5}. Best is trial 5 with value: 0.75.
[I 2025-05-15 07:41:26,026] Trial 12 finished with value: 0.7333333333333333 and parameters: {'n_estimators': 390, 'max_depth': 15, 'min_samples_split': 3, 'min_samples_leaf': 5}. Best is trial 5 with value: 0.75.
[I 2025-05-15 07:41:27,530] Trial 13 finished with value: 0.5666666666666667 and parameters: {'n_estimators': 422, 'max_depth': 20, 'min_samples_split': 4, 'min_samples_leaf': 6}. Best is trial 5 with value: 0.75.
[I 2025-05-15 07:41:28,464] Trial 14 finished with value: 0.6833333333333333 and parameters: {'n_estimators': 296, 'max_depth': 15, 'min_samples_split': 3, 'min_samples_leaf': 3}. Best is trial 5 with value: 0.75.
[I 2025-05-15 07:41:29,465] Trial 15 finished with value: 0.6333333333333333 and parameters: {'n_estimators': 409, 'max_depth': 14, 'min_samples_split': 4, 'min_samples_leaf': 4}. Best is trial 5 with value: 0.75.
[I 2025-05-15 07:41:30,275] Trial 16 finished with value: 0.6 and parameters: {'n_estimators': 316, 'max_depth': 18, 'min_samples_split': 3, 'min_samples_leaf': 7}. Best is trial 5 with value: 0.75.
[I 2025-05-15 07:41:31,057] Trial 17 finished with value: 0.6333333333333333 and parameters: {'n_estimators': 276, 'max_depth': 20, 'min_samples_split': 8, 'min_samples_leaf': 3}. Best is trial 5 with value: 0.75.
[I 2025-05-15 07:41:31,804] Trial 18 finished with value: 0.55 and parameters: {'n_estimators': 377, 'max_depth': 14, 'min_samples_split': 5, 'min_samples_leaf': 7}. Best is trial 5 with value: 0.75.
[I 2025-05-15 07:41:33,062] Trial 19 finished with value: 0.7 and parameters: {'n_estimators': 455, 'max_depth': 17, 'min_samples_split': 2, 'min_samples_leaf': 4}. Best is trial 5 with value: 0.75.
[I 2025-05-15 07:41:33,750] Trial 20 finished with value: 0.55 and parameters: {'n_estimators': 400, 'max_depth': 9, 'min_samples_split': 3, 'min_samples_leaf': 7}. Best is trial 5 with value: 0.75.
[I 2025-05-15 07:41:34,705] Trial 21 finished with value: 0.6833333333333333 and parameters: {'n_estimators': 448, 'max_depth': 17, 'min_samples_split': 2, 'min_samples_leaf': 4}. Best is trial 5 with value: 0.75.
[I 2025-05-15 07:41:35,692] Trial 22 finished with value: 0.5666666666666667 and parameters: {'n_estimators': 485, 'max_depth': 18, 'min_samples_split': 2, 'min_samples_leaf': 4}. Best is trial 5 with value: 0.75.
[I 2025-05-15 07:41:36,487] Trial 23 finished with value: 0.7333333333333333 and parameters: {'n_estimators': 442, 'max_depth': 15, 'min_samples_split': 4, 'min_samples_leaf': 5}. Best is trial 5 with value: 0.75.
[I 2025-05-15 07:41:37,307] Trial 24 finished with value: 0.7166666666666666 and parameters: {'n_estimators': 382, 'max_depth': 13, 'min_samples_split': 4, 'min_samples_leaf': 6}. Best is trial 5 with value: 0.75.
[I 2025-05-15 07:41:38,376] Trial 25 finished with value: 0.65 and parameters: {'n_estimators': 434, 'max_depth': 15, 'min_samples_split': 5, 'min_samples_leaf': 5}. Best is trial 5 with value: 0.75.
[I 2025-05-15 07:41:38,986] Trial 26 finished with value: 0.6666666666666666 and parameters: {'n_estimators': 343, 'max_depth': 9, 'min_samples_split': 4, 'min_samples_leaf': 6}. Best is trial 5 with value: 0.75.
