[I 2025-05-15 08:15:59,397] Trial 12 finished with value: 0.9291666666666666 and parameters: {'n_estimators': 499, 'max_depth': 15, 'min_samples_split': 6, 'min_samples_leaf': 2}. Best is trial 0 with value: 0.9291666666666666.
[I 2025-05-15 08:16:00,557] Trial 13 finished with value: 0.9291666666666666 and parameters: {'n_estimators': 100, 'max_depth': 16, 'min_samples_split': 5, 'min_samples_leaf': 6}. Best is trial 0 with value: 0.9291666666666666.
[I 2025-05-15 08:16:01,299] Trial 14 finished with value: 0.9291666666666666 and parameters: {'n_estimators': 282, 'max_depth': 14, 'min_samples_split': 8, 'min_samples_leaf': 4}. Best is trial 0 with value: 0.9291666666666666.
[I 2025-05-15 08:16:01,890] Trial 15 finished with value: 0.9291666666666666 and parameters: {'n_estimators': 103, 'max_depth': 18, 'min_samples_split': 10, 'min_samples_leaf': 1}. Best is trial 0 with value: 0.9291666666666666.
[I 2025-05-15 08:16:03,139] Trial 16 finished with value: 0.9291666666666666 and parameters: {'n_estimators': 381, 'max_depth': 8, 'min_samples_split': 5, 'min_samples_leaf': 7}. Best is trial 0 with value: 0.9291666666666666.
[I 2025-05-15 08:16:04,212] Trial 17 finished with value: 0.9291666666666666 and parameters: {'n_estimators': 306, 'max_depth': 13, 'min_samples_split': 7, 'min_samples_leaf': 8}. Best is trial 0 with value: 0.9291666666666666.
[I 2025-05-15 08:16:05,624] Trial 18 finished with value: 0.9291666666666666 and parameters: {'n_estimators': 430, 'max_depth': 8, 'min_samples_split': 2, 'min_samples_leaf': 3}. Best is trial 0 with value: 0.9291666666666666.
[I 2025-05-15 08:16:06,020] Trial 19 finished with value: 0.9402777777777779 and parameters: {'n_estimators': 151, 'max_depth': 18, 'min_samples_split': 4, 'min_samples_leaf': 10}. Best is trial 19 with value: 0.9402777777777779.
[I 2025-05-15 08:16:06,543] Trial 20 finished with value: 0.9180555555555555 and parameters: {'n_estimators': 149, 'max_depth': 18, 'min_samples_split': 3, 'min_samples_leaf': 10}. Best is trial 19 with value: 0.9402777777777779.
[I 2025-05-15 08:16:07,107] Trial 21 finished with value: 0.9180555555555555 and parameters: {'n_estimators': 143, 'max_depth': 17, 'min_samples_split': 4, 'min_samples_leaf': 9}. Best is trial 19 with value: 0.9402777777777779.
[I 2025-05-15 08:16:07,694] Trial 22 finished with value: 0.9166666666666666 and parameters: {'n_estimators': 192, 'max_depth': 13, 'min_samples_split': 5, 'min_samples_leaf': 10}. Best is trial 19 with value: 0.9402777777777779.
[I 2025-05-15 08:16:08,524] Trial 23 finished with value: 0.9291666666666666 and parameters: {'n_estimators': 225, 'max_depth': 20, 'min_samples_split': 7, 'min_samples_leaf': 8}. Best is trial 19 with value: 0.9402777777777779.
[I 2025-05-15 08:16:08,990] Trial 24 finished with value: 0.9180555555555555 and parameters: {'n_estimators': 123, 'max_depth': 17, 'min_samples_split': 3, 'min_samples_leaf': 7}. Best is trial 19 with value: 0.9402777777777779.
[I 2025-05-15 08:16:10,018] Trial 25 finished with value: 0.9291666666666666 and parameters: {'n_estimators': 325, 'max_depth': 14, 'min_samples_split': 6, 'min_samples_leaf': 9}. Best is trial 19 with value: 0.9402777777777779.
[I 2025-05-15 08:16:10,469] Trial 26 finished with value: 0.9291666666666666 and parameters: {'n_estimators': 182, 'max_depth': 9, 'min_samples_split': 4, 'min_samples_leaf': 5}. Best is trial 19 with value: 0.9402777777777779.
[I 2025-05-15 08:16:11,046] Trial 27 finished with value: 0.9291666666666666 and parameters: {'n_estimators': 261, 'max_depth': 6, 'min_samples_split': 5, 'min_samples_leaf': 10}. Best is trial 19 with value: 0.9402777777777779.
[I 2025-05-15 08:16:11,708] Trial 28 finished with value: 0.9291666666666666 and parameters: {'n_estimators': 223, 'max_depth': 18, 'min_samples_split': 6, 'min_samples_leaf': 2}. Best is trial 19 with value: 0.9402777777777779.
[I 2025-05-15 08:16:12,185] Trial 29 finished with value: 0.9180555555555555 and parameters: {'n_estimators': 167, 'max_depth': 13, 'min_samples_split': 3, 'min_samples_leaf': 8}. Best is trial 19 with value: 0.9402777777777779.
[I 2025-05-15 08:16:22,775] A new study created in memory with name: svc
Parámetros guardados en checkpoint_adult_Doriginal_G/lc/IPC_43/best_models_lc_seed_7_space_original/rf_best_params.json


>>> Optuna tuning svc metodo lc IPC 43 seed 7


[I 2025-05-15 08:16:24,456] Trial 0 finished with value: 0.6 and parameters: {'C': 0.020194502448102298, 'gamma': 0.13172711156111802}. Best is trial 0 with value: 0.6.
[I 2025-05-15 08:16:24,481] Trial 1 finished with value: 1.0 and parameters: {'C': 0.5670703311028815, 'gamma': 0.0783178418343345}. Best is trial 1 with value: 1.0.
[I 2025-05-15 08:16:24,494] Trial 2 finished with value: 1.0 and parameters: {'C': 81.65034948781698, 'gamma': 0.014255533717547383}. Best is trial 1 with value: 1.0.
[I 2025-05-15 08:16:24,518] Trial 3 finished with value: 0.6 and parameters: {'C': 1.0103732850016278, 'gamma': 0.00019418001640357854}. Best is trial 1 with value: 1.0.
[I 2025-05-15 08:16:24,544] Trial 4 finished with value: 0.7444444444444445 and parameters: {'C': 0.11851025167261421, 'gamma': 0.00998918377985214}. Best is trial 1 with value: 1.0.
[I 2025-05-15 08:16:24,585] Trial 5 finished with value: 0.9888888888888889 and parameters: {'C': 5.2109869371584665, 'gamma': 0.16404241128227343}. Best is trial 1 with value: 1.0.
[I 2025-05-15 08:16:24,609] Trial 6 finished with value: 0.6 and parameters: {'C': 0.3340138940215422, 'gamma': 0.00018354619576988685}. Best is trial 1 with value: 1.0.
[I 2025-05-15 08:16:24,622] Trial 7 finished with value: 0.5222222222222223 and parameters: {'C': 0.1420961781588805, 'gamma': 0.434884682155233}. Best is trial 1 with value: 1.0.
[I 2025-05-15 08:16:24,650] Trial 8 finished with value: 0.6 and parameters: {'C': 0.07137422643361827, 'gamma': 0.006434219125545069}. Best is trial 1 with value: 1.0.
[I 2025-05-15 08:16:24,663] Trial 9 finished with value: 0.9625 and parameters: {'C': 53.066944048916255, 'gamma': 0.00012577574840733457}. Best is trial 1 with value: 1.0.
[I 2025-05-15 08:16:24,687] Trial 10 finished with value: 0.9625 and parameters: {'C': 4.042381244249598, 'gamma': 0.001366002544888146}. Best is trial 1 with value: 1.0.
[I 2025-05-15 08:16:25,557] Trial 11 finished with value: 1.0 and parameters: {'C': 87.22425730882965, 'gamma': 0.05930471379525112}. Best is trial 1 with value: 1.0.
[I 2025-05-15 08:16:26,986] Trial 12 finished with value: 1.0 and parameters: {'C': 12.867042365825021, 'gamma': 0.03035824879476184}. Best is trial 1 with value: 1.0.
[I 2025-05-15 08:16:27,060] Trial 13 finished with value: 0.9069444444444444 and parameters: {'C': 1.04568765989748, 'gamma': 0.0028044321981347555}. Best is trial 1 with value: 1.0.
[I 2025-05-15 08:16:27,130] Trial 14 finished with value: 0.725 and parameters: {'C': 13.648657920977358, 'gamma': 0.8788760839931181}. Best is trial 1 with value: 1.0.
[I 2025-05-15 08:16:27,192] Trial 15 finished with value: 0.6 and parameters: {'C': 0.011719948006087014, 'gamma': 0.032674152880137}. Best is trial 1 with value: 1.0.
[I 2025-05-15 08:16:27,237] Trial 16 finished with value: 0.9625 and parameters: {'C': 3.1498721111320296, 'gamma': 0.0018706666796445262}. Best is trial 1 with value: 1.0.
[I 2025-05-15 08:16:27,289] Trial 17 finished with value: 0.975 and parameters: {'C': 0.3549398156725888, 'gamma': 0.02010254478542458}. Best is trial 1 with value: 1.0.
[I 2025-05-15 08:16:27,320] Trial 18 finished with value: 1.0 and parameters: {'C': 27.093417980304277, 'gamma': 0.10199414406399064}. Best is trial 1 with value: 1.0.
[I 2025-05-15 08:16:27,363] Trial 19 finished with value: 0.8180555555555555 and parameters: {'C': 1.635505384542889, 'gamma': 0.0006860990156244822}. Best is trial 1 with value: 1.0.
[I 2025-05-15 08:16:27,424] Trial 20 finished with value: 0.6 and parameters: {'C': 0.03753887911169831, 'gamma': 0.0059615572472071394}. Best is trial 1 with value: 1.0.
[I 2025-05-15 08:16:27,461] Trial 21 finished with value: 1.0 and parameters: {'C': 93.80236886942298, 'gamma': 0.04559917453433627}. Best is trial 1 with value: 1.0.
[I 2025-05-15 08:16:27,487] Trial 22 finished with value: 1.0 and parameters: {'C': 38.33403943207488, 'gamma': 0.07032510418076833}. Best is trial 1 with value: 1.0.
[I 2025-05-15 08:16:27,518] Trial 23 finished with value: 1.0 and parameters: {'C': 11.716506521317534, 'gamma': 0.016694194124823262}. Best is trial 1 with value: 1.0.
[I 2025-05-15 08:16:27,593] Trial 24 finished with value: 0.9152777777777779 and parameters: {'C': 0.315272932623484, 'gamma': 0.22343787842683524}. Best is trial 1 with value: 1.0.
[I 2025-05-15 08:16:27,625] Trial 25 finished with value: 0.9166666666666667 and parameters: {'C': 86.01525717782792, 'gamma': 0.4012606188171637}. Best is trial 1 with value: 1.0.
[I 2025-05-15 08:16:27,677] Trial 26 finished with value: 1.0 and parameters: {'C': 19.815476271380316, 'gamma': 0.049456234617761975}. Best is trial 1 with value: 1.0.
[I 2025-05-15 08:16:27,738] Trial 27 finished with value: 1.0 and parameters: {'C': 6.990448801720305, 'gamma': 0.00913340717471383}. Best is trial 1 with value: 1.0.
[I 2025-05-15 08:16:27,771] Trial 28 finished with value: 1.0 and parameters: {'C': 2.4767213778124737, 'gamma': 0.01798782833790641}. Best is trial 1 with value: 1.0.
[I 2025-05-15 08:16:27,812] Trial 29 finished with value: 1.0 and parameters: {'C': 43.70069997752941, 'gamma': 0.10293716597227427}. Best is trial 1 with value: 1.0.
[I 2025-05-15 08:16:37,798] A new study created in memory with name: logreg
Parámetros guardados en checkpoint_adult_Doriginal_G/lc/IPC_43/best_models_lc_seed_7_space_original/svc_best_params.json


>>> Optuna tuning logreg metodo lc IPC 43 seed 7


[I 2025-05-15 08:16:39,765] Trial 0 finished with value: 0.9069444444444444 and parameters: {'C': 0.002407362254570802, 'penalty': 'l2'}. Best is trial 0 with value: 0.9069444444444444.
[I 2025-05-15 08:16:39,910] Trial 1 finished with value: 1.0 and parameters: {'C': 7.935859334260497, 'penalty': 'l2'}. Best is trial 1 with value: 1.0.
[I 2025-05-15 08:16:39,935] Trial 2 finished with value: 0.9625 and parameters: {'C': 0.15561310098067915, 'penalty': 'l2'}. Best is trial 1 with value: 1.0.
[I 2025-05-15 08:16:39,959] Trial 3 finished with value: 1.0 and parameters: {'C': 4.143104515916128, 'penalty': 'l2'}. Best is trial 1 with value: 1.0.
[I 2025-05-15 08:16:39,982] Trial 4 finished with value: 1.0 and parameters: {'C': 77.61533923098803, 'penalty': 'l2'}. Best is trial 1 with value: 1.0.
[I 2025-05-15 08:16:40,006] Trial 5 finished with value: 1.0 and parameters: {'C': 0.49258292359934785, 'penalty': 'l2'}. Best is trial 1 with value: 1.0.
[I 2025-05-15 08:16:40,030] Trial 6 finished with value: 0.9875 and parameters: {'C': 0.320333470047146, 'penalty': 'l2'}. Best is trial 1 with value: 1.0.
[I 2025-05-15 08:16:40,043] Trial 7 finished with value: 0.9069444444444444 and parameters: {'C': 0.002292216671132896, 'penalty': 'l2'}. Best is trial 1 with value: 1.0.
[I 2025-05-15 08:16:40,066] Trial 8 finished with value: 0.951388888888889 and parameters: {'C': 0.0219884643872214, 'penalty': 'l2'}. Best is trial 1 with value: 1.0.
[I 2025-05-15 08:16:40,092] Trial 9 finished with value: 0.9875 and parameters: {'C': 0.31580027519646636, 'penalty': 'l2'}. Best is trial 1 with value: 1.0.
[I 2025-05-15 08:16:40,126] Trial 10 finished with value: 1.0 and parameters: {'C': 47.045226746887316, 'penalty': 'l2'}. Best is trial 1 with value: 1.0.
[I 2025-05-15 08:16:40,985] Trial 11 finished with value: 1.0 and parameters: {'C': 6.839277165794106, 'penalty': 'l2'}. Best is trial 1 with value: 1.0.
[I 2025-05-15 08:16:42,190] Trial 12 finished with value: 1.0 and parameters: {'C': 5.370275252082627, 'penalty': 'l2'}. Best is trial 1 with value: 1.0.
[I 2025-05-15 08:16:42,223] Trial 13 finished with value: 1.0 and parameters: {'C': 4.530730528990401, 'penalty': 'l2'}. Best is trial 1 with value: 1.0.
[I 2025-05-15 08:16:42,279] Trial 14 finished with value: 1.0 and parameters: {'C': 15.961422628848593, 'penalty': 'l2'}. Best is trial 1 with value: 1.0.
[I 2025-05-15 08:16:42,323] Trial 15 finished with value: 1.0 and parameters: {'C': 1.6271854345698875, 'penalty': 'l2'}. Best is trial 1 with value: 1.0.
[I 2025-05-15 08:16:42,359] Trial 16 finished with value: 1.0 and parameters: {'C': 1.8118670271657522, 'penalty': 'l2'}. Best is trial 1 with value: 1.0.
[I 2025-05-15 08:16:42,392] Trial 17 finished with value: 1.0 and parameters: {'C': 25.035357564636254, 'penalty': 'l2'}. Best is trial 1 with value: 1.0.
[I 2025-05-15 08:16:42,425] Trial 18 finished with value: 0.9625 and parameters: {'C': 0.059497234598840446, 'penalty': 'l2'}. Best is trial 1 with value: 1.0.
[I 2025-05-15 08:16:42,451] Trial 19 finished with value: 1.0 and parameters: {'C': 1.4421025470950777, 'penalty': 'l2'}. Best is trial 1 with value: 1.0.
[I 2025-05-15 08:16:42,489] Trial 20 finished with value: 1.0 and parameters: {'C': 20.37422894544439, 'penalty': 'l2'}. Best is trial 1 with value: 1.0.
[I 2025-05-15 08:16:42,517] Trial 21 finished with value: 1.0 and parameters: {'C': 75.5590118311051, 'penalty': 'l2'}. Best is trial 1 with value: 1.0.
[I 2025-05-15 08:16:42,560] Trial 22 finished with value: 1.0 and parameters: {'C': 75.27740638314266, 'penalty': 'l2'}. Best is trial 1 with value: 1.0.
[I 2025-05-15 08:16:42,620] Trial 23 finished with value: 1.0 and parameters: {'C': 9.20586409160206, 'penalty': 'l2'}. Best is trial 1 with value: 1.0.
[I 2025-05-15 08:16:43,880] Trial 24 finished with value: 1.0 and parameters: {'C': 27.18664488933132, 'penalty': 'l2'}. Best is trial 1 with value: 1.0.
[I 2025-05-15 08:16:43,905] Trial 25 finished with value: 1.0 and parameters: {'C': 3.036142682269954, 'penalty': 'l2'}. Best is trial 1 with value: 1.0.
[I 2025-05-15 08:16:43,936] Trial 26 finished with value: 1.0 and parameters: {'C': 96.05640144399393, 'penalty': 'l2'}. Best is trial 1 with value: 1.0.
[I 2025-05-15 08:16:43,983] Trial 27 finished with value: 1.0 and parameters: {'C': 0.8364098732378402, 'penalty': 'l2'}. Best is trial 1 with value: 1.0.
[I 2025-05-15 08:16:44,013] Trial 28 finished with value: 1.0 and parameters: {'C': 11.876976963767161, 'penalty': 'l2'}. Best is trial 1 with value: 1.0.
[I 2025-05-15 08:16:44,043] Trial 29 finished with value: 0.951388888888889 and parameters: {'C': 0.011104103350344362, 'penalty': 'l2'}. Best is trial 1 with value: 1.0.
[I 2025-05-15 08:16:50,516] A new study created in memory with name: mlp
Parámetros guardados en checkpoint_adult_Doriginal_G/lc/IPC_43/best_models_lc_seed_7_space_original/logreg_best_params.json


>>> Optuna tuning mlp metodo lc IPC 43 seed 7


/data/home/rtabares/anaconda3/envs/pyth3.12/lib/python3.12/site-packages/sklearn/neural_network/_multilayer_perceptron.py:691: ConvergenceWarning: Stochastic Optimizer: Maximum iterations (100) reached and the optimization hasn't converged yet.
  warnings.warn(
/data/home/rtabares/anaconda3/envs/pyth3.12/lib/python3.12/site-packages/sklearn/neural_network/_multilayer_perceptron.py:691: ConvergenceWarning: Stochastic Optimizer: Maximum iterations (100) reached and the optimization hasn't converged yet.
  warnings.warn(
/data/home/rtabares/anaconda3/envs/pyth3.12/lib/python3.12/site-packages/sklearn/neural_network/_multilayer_perceptron.py:691: ConvergenceWarning: Stochastic Optimizer: Maximum iterations (100) reached and the optimization hasn't converged yet.
  warnings.warn(
/data/home/rtabares/anaconda3/envs/pyth3.12/lib/python3.12/site-packages/sklearn/neural_network/_multilayer_perceptron.py:691: ConvergenceWarning: Stochastic Optimizer: Maximum iterations (100) reached and the optimization hasn't converged yet.
  warnings.warn(
/data/home/rtabares/anaconda3/envs/pyth3.12/lib/python3.12/site-packages/sklearn/neural_network/_multilayer_perceptron.py:691: ConvergenceWarning: Stochastic Optimizer: Maximum iterations (100) reached and the optimization hasn't converged yet.
  warnings.warn(
[I 2025-05-15 08:16:53,930] Trial 0 finished with value: 0.9625 and parameters: {'hidden_layer_sizes': (200,), 'max_iter': 100, 'alpha': 0.0001}. Best is trial 0 with value: 0.9625.
[I 2025-05-15 08:16:54,449] Trial 1 finished with value: 0.9625 and parameters: {'hidden_layer_sizes': (100, 100), 'max_iter': 100, 'alpha': 0.0001}. Best is trial 0 with value: 0.9625.
/data/home/rtabares/anaconda3/envs/pyth3.12/lib/python3.12/site-packages/sklearn/neural_network/_multilayer_perceptron.py:691: ConvergenceWarning: Stochastic Optimizer: Maximum iterations (100) reached and the optimization hasn't converged yet.
  warnings.warn(
/data/home/rtabares/anaconda3/envs/pyth3.12/lib/python3.12/site-packages/sklearn/neural_network/_multilayer_perceptron.py:691: ConvergenceWarning: Stochastic Optimizer: Maximum iterations (100) reached and the optimization hasn't converged yet.
  warnings.warn(
/data/home/rtabares/anaconda3/envs/pyth3.12/lib/python3.12/site-packages/sklearn/neural_network/_multilayer_perceptron.py:691: ConvergenceWarning: Stochastic Optimizer: Maximum iterations (100) reached and the optimization hasn't converged yet.
  warnings.warn(
/data/home/rtabares/anaconda3/envs/pyth3.12/lib/python3.12/site-packages/sklearn/neural_network/_multilayer_perceptron.py:691: ConvergenceWarning: Stochastic Optimizer: Maximum iterations (100) reached and the optimization hasn't converged yet.
  warnings.warn(
/data/home/rtabares/anaconda3/envs/pyth3.12/lib/python3.12/site-packages/sklearn/neural_network/_multilayer_perceptron.py:691: ConvergenceWarning: Stochastic Optimizer: Maximum iterations (100) reached and the optimization hasn't converged yet.
  warnings.warn(
[I 2025-05-15 08:16:54,719] Trial 2 finished with value: 0.9625 and parameters: {'hidden_layer_sizes': (200,), 'max_iter': 100, 'alpha': 0.001}. Best is trial 0 with value: 0.9625.
/data/home/rtabares/anaconda3/envs/pyth3.12/lib/python3.12/site-packages/sklearn/neural_network/_multilayer_perceptron.py:691: ConvergenceWarning: Stochastic Optimizer: Maximum iterations (50) reached and the optimization hasn't converged yet.
  warnings.warn(
/data/home/rtabares/anaconda3/envs/pyth3.12/lib/python3.12/site-packages/sklearn/neural_network/_multilayer_perceptron.py:691: ConvergenceWarning: Stochastic Optimizer: Maximum iterations (50) reached and the optimization hasn't converged yet.
  warnings.warn(
/data/home/rtabares/anaconda3/envs/pyth3.12/lib/python3.12/site-packages/sklearn/neural_network/_multilayer_perceptron.py:691: ConvergenceWarning: Stochastic Optimizer: Maximum iterations (50) reached and the optimization hasn't converged yet.
  warnings.warn(
/data/home/rtabares/anaconda3/envs/pyth3.12/lib/python3.12/site-packages/sklearn/neural_network/_multilayer_perceptron.py:691: ConvergenceWarning: Stochastic Optimizer: Maximum iterations (50) reached and the optimization hasn't converged yet.
  warnings.warn(
/data/home/rtabares/anaconda3/envs/pyth3.12/lib/python3.12/site-packages/sklearn/neural_network/_multilayer_perceptron.py:691: ConvergenceWarning: Stochastic Optimizer: Maximum iterations (50) reached and the optimization hasn't converged yet.
  warnings.warn(
[I 2025-05-15 08:16:54,803] Trial 3 finished with value: 0.9625 and parameters: {'hidden_layer_sizes': (100,), 'max_iter': 50, 'alpha': 0.001}. Best is trial 0 with value: 0.9625.
/data/home/rtabares/anaconda3/envs/pyth3.12/lib/python3.12/site-packages/sklearn/neural_network/_multilayer_perceptron.py:691: ConvergenceWarning: Stochastic Optimizer: Maximum iterations (50) reached and the optimization hasn't converged yet.
  warnings.warn(
/data/home/rtabares/anaconda3/envs/pyth3.12/lib/python3.12/site-packages/sklearn/neural_network/_multilayer_perceptron.py:691: ConvergenceWarning: Stochastic Optimizer: Maximum iterations (50) reached and the optimization hasn't converged yet.
  warnings.warn(
/data/home/rtabares/anaconda3/envs/pyth3.12/lib/python3.12/site-packages/sklearn/neural_network/_multilayer_perceptron.py:691: ConvergenceWarning: Stochastic Optimizer: Maximum iterations (50) reached and the optimization hasn't converged yet.
  warnings.warn(
/data/home/rtabares/anaconda3/envs/pyth3.12/lib/python3.12/site-packages/sklearn/neural_network/_multilayer_perceptron.py:691: ConvergenceWarning: Stochastic Optimizer: Maximum iterations (50) reached and the optimization hasn't converged yet.
  warnings.warn(
[I 2025-05-15 08:16:54,898] Trial 4 finished with value: 0.9875 and parameters: {'hidden_layer_sizes': (100,), 'max_iter': 50, 'alpha': 0.0001}. Best is trial 4 with value: 0.9875.
/data/home/rtabares/anaconda3/envs/pyth3.12/lib/python3.12/site-packages/sklearn/neural_network/_multilayer_perceptron.py:691: ConvergenceWarning: Stochastic Optimizer: Maximum iterations (50) reached and the optimization hasn't converged yet.
  warnings.warn(
/data/home/rtabares/anaconda3/envs/pyth3.12/lib/python3.12/site-packages/sklearn/neural_network/_multilayer_perceptron.py:691: ConvergenceWarning: Stochastic Optimizer: Maximum iterations (50) reached and the optimization hasn't converged yet.
  warnings.warn(
/data/home/rtabares/anaconda3/envs/pyth3.12/lib/python3.12/site-packages/sklearn/neural_network/_multilayer_perceptron.py:691: ConvergenceWarning: Stochastic Optimizer: Maximum iterations (50) reached and the optimization hasn't converged yet.
  warnings.warn(
/data/home/rtabares/anaconda3/envs/pyth3.12/lib/python3.12/site-packages/sklearn/neural_network/_multilayer_perceptron.py:691: ConvergenceWarning: Stochastic Optimizer: Maximum iterations (50) reached and the optimization hasn't converged yet.
  warnings.warn(
/data/home/rtabares/anaconda3/envs/pyth3.12/lib/python3.12/site-packages/sklearn/neural_network/_multilayer_perceptron.py:691: ConvergenceWarning: Stochastic Optimizer: Maximum iterations (50) reached and the optimization hasn't converged yet.
  warnings.warn(
