[I 2025-05-15 08:13:27,484] Trial 6 finished with value: 0.5138888888888888 and parameters: {'n_estimators': 10, 'max_depth': 5, 'gamma': 0.9599214907026333, 'subsample': 0.8414569271877088, 'colsample_bytree': 0.5265643453364788}. Best is trial 3 with value: 0.5458333333333334.
/data/home/rtabares/anaconda3/envs/pyth3.12/lib/python3.12/site-packages/xgboost/core.py:377: FutureWarning: Your system has an old version of glibc (< 2.28). We will stop supporting Linux distros with glibc older than 2.28 after **May 31, 2025**. Please upgrade to a recent Linux distro (with glibc >= 2.28) to use future versions of XGBoost.
Note: You have installed the 'manylinux2014' variant of XGBoost. Certain features such as GPU algorithms or federated learning are not available. To use these features, please upgrade to a recent Linux distro with glibc 2.28+, and install the 'manylinux_2_28' variant.
  warnings.warn(
/data/home/rtabares/anaconda3/envs/pyth3.12/lib/python3.12/site-packages/xgboost/core.py:377: FutureWarning: Your system has an old version of glibc (< 2.28). We will stop supporting Linux distros with glibc older than 2.28 after **May 31, 2025**. Please upgrade to a recent Linux distro (with glibc >= 2.28) to use future versions of XGBoost.
Note: You have installed the 'manylinux2014' variant of XGBoost. Certain features such as GPU algorithms or federated learning are not available. To use these features, please upgrade to a recent Linux distro with glibc 2.28+, and install the 'manylinux_2_28' variant.
  warnings.warn(
[I 2025-05-15 08:13:27,556] Trial 7 finished with value: 0.5152777777777777 and parameters: {'n_estimators': 40, 'max_depth': 5, 'gamma': 0.5250915966595621, 'subsample': 0.9207383574491986, 'colsample_bytree': 0.565555321173957}. Best is trial 3 with value: 0.5458333333333334.
/data/home/rtabares/anaconda3/envs/pyth3.12/lib/python3.12/site-packages/xgboost/core.py:377: FutureWarning: Your system has an old version of glibc (< 2.28). We will stop supporting Linux distros with glibc older than 2.28 after **May 31, 2025**. Please upgrade to a recent Linux distro (with glibc >= 2.28) to use future versions of XGBoost.
Note: You have installed the 'manylinux2014' variant of XGBoost. Certain features such as GPU algorithms or federated learning are not available. To use these features, please upgrade to a recent Linux distro with glibc 2.28+, and install the 'manylinux_2_28' variant.
  warnings.warn(
/data/home/rtabares/anaconda3/envs/pyth3.12/lib/python3.12/site-packages/xgboost/core.py:377: FutureWarning: Your system has an old version of glibc (< 2.28). We will stop supporting Linux distros with glibc older than 2.28 after **May 31, 2025**. Please upgrade to a recent Linux distro (with glibc >= 2.28) to use future versions of XGBoost.
Note: You have installed the 'manylinux2014' variant of XGBoost. Certain features such as GPU algorithms or federated learning are not available. To use these features, please upgrade to a recent Linux distro with glibc 2.28+, and install the 'manylinux_2_28' variant.
  warnings.warn(
/data/home/rtabares/anaconda3/envs/pyth3.12/lib/python3.12/site-packages/xgboost/core.py:377: FutureWarning: Your system has an old version of glibc (< 2.28). We will stop supporting Linux distros with glibc older than 2.28 after **May 31, 2025**. Please upgrade to a recent Linux distro (with glibc >= 2.28) to use future versions of XGBoost.
Note: You have installed the 'manylinux2014' variant of XGBoost. Certain features such as GPU algorithms or federated learning are not available. To use these features, please upgrade to a recent Linux distro with glibc 2.28+, and install the 'manylinux_2_28' variant.
  warnings.warn(
[I 2025-05-15 08:13:27,644] Trial 8 finished with value: 0.5041666666666667 and parameters: {'n_estimators': 100, 'max_depth': 5, 'gamma': 0.3919835527051987, 'subsample': 0.6502094521590198, 'colsample_bytree': 0.5827507002328938}. Best is trial 3 with value: 0.5458333333333334.
/data/home/rtabares/anaconda3/envs/pyth3.12/lib/python3.12/site-packages/xgboost/core.py:377: FutureWarning: Your system has an old version of glibc (< 2.28). We will stop supporting Linux distros with glibc older than 2.28 after **May 31, 2025**. Please upgrade to a recent Linux distro (with glibc >= 2.28) to use future versions of XGBoost.
Note: You have installed the 'manylinux2014' variant of XGBoost. Certain features such as GPU algorithms or federated learning are not available. To use these features, please upgrade to a recent Linux distro with glibc 2.28+, and install the 'manylinux_2_28' variant.
  warnings.warn(
/data/home/rtabares/anaconda3/envs/pyth3.12/lib/python3.12/site-packages/xgboost/core.py:377: FutureWarning: Your system has an old version of glibc (< 2.28). We will stop supporting Linux distros with glibc older than 2.28 after **May 31, 2025**. Please upgrade to a recent Linux distro (with glibc >= 2.28) to use future versions of XGBoost.
Note: You have installed the 'manylinux2014' variant of XGBoost. Certain features such as GPU algorithms or federated learning are not available. To use these features, please upgrade to a recent Linux distro with glibc 2.28+, and install the 'manylinux_2_28' variant.
  warnings.warn(
[I 2025-05-15 08:13:27,702] Trial 9 finished with value: 0.47916666666666663 and parameters: {'n_estimators': 100, 'max_depth': 5, 'gamma': 0.8003922413895069, 'subsample': 0.9436444759263674, 'colsample_bytree': 0.8374593849333938}. Best is trial 3 with value: 0.5458333333333334.
/data/home/rtabares/anaconda3/envs/pyth3.12/lib/python3.12/site-packages/xgboost/core.py:377: FutureWarning: Your system has an old version of glibc (< 2.28). We will stop supporting Linux distros with glibc older than 2.28 after **May 31, 2025**. Please upgrade to a recent Linux distro (with glibc >= 2.28) to use future versions of XGBoost.
Note: You have installed the 'manylinux2014' variant of XGBoost. Certain features such as GPU algorithms or federated learning are not available. To use these features, please upgrade to a recent Linux distro with glibc 2.28+, and install the 'manylinux_2_28' variant.
  warnings.warn(
[I 2025-05-15 08:13:27,765] Trial 10 finished with value: 0.4875 and parameters: {'n_estimators': 10, 'max_depth': 30, 'gamma': 0.13445536345660636, 'subsample': 0.7667965871523328, 'colsample_bytree': 0.9450782802183846}. Best is trial 3 with value: 0.5458333333333334.
[I 2025-05-15 08:13:27,812] Trial 11 finished with value: 0.5013888888888889 and parameters: {'n_estimators': 10, 'max_depth': 20, 'gamma': 0.7178481389617252, 'subsample': 0.6915472068341689, 'colsample_bytree': 0.995366239845801}. Best is trial 3 with value: 0.5458333333333334.
/data/home/rtabares/anaconda3/envs/pyth3.12/lib/python3.12/site-packages/xgboost/core.py:377: FutureWarning: Your system has an old version of glibc (< 2.28). We will stop supporting Linux distros with glibc older than 2.28 after **May 31, 2025**. Please upgrade to a recent Linux distro (with glibc >= 2.28) to use future versions of XGBoost.
Note: You have installed the 'manylinux2014' variant of XGBoost. Certain features such as GPU algorithms or federated learning are not available. To use these features, please upgrade to a recent Linux distro with glibc 2.28+, and install the 'manylinux_2_28' variant.
  warnings.warn(
[I 2025-05-15 08:13:28,812] Trial 12 finished with value: 0.5180555555555555 and parameters: {'n_estimators': 10, 'max_depth': 20, 'gamma': 0.691860501845774, 'subsample': 0.7067529051595509, 'colsample_bytree': 0.8628640457831127}. Best is trial 3 with value: 0.5458333333333334.
/data/home/rtabares/anaconda3/envs/pyth3.12/lib/python3.12/site-packages/xgboost/core.py:377: FutureWarning: Your system has an old version of glibc (< 2.28). We will stop supporting Linux distros with glibc older than 2.28 after **May 31, 2025**. Please upgrade to a recent Linux distro (with glibc >= 2.28) to use future versions of XGBoost.
Note: You have installed the 'manylinux2014' variant of XGBoost. Certain features such as GPU algorithms or federated learning are not available. To use these features, please upgrade to a recent Linux distro with glibc 2.28+, and install the 'manylinux_2_28' variant.
  warnings.warn(
[I 2025-05-15 08:13:29,787] Trial 13 finished with value: 0.5708333333333332 and parameters: {'n_estimators': 10, 'max_depth': 20, 'gamma': 0.321019430638931, 'subsample': 0.748337487018188, 'colsample_bytree': 0.658442178156126}. Best is trial 13 with value: 0.5708333333333332.
/data/home/rtabares/anaconda3/envs/pyth3.12/lib/python3.12/site-packages/xgboost/core.py:377: FutureWarning: Your system has an old version of glibc (< 2.28). We will stop supporting Linux distros with glibc older than 2.28 after **May 31, 2025**. Please upgrade to a recent Linux distro (with glibc >= 2.28) to use future versions of XGBoost.
Note: You have installed the 'manylinux2014' variant of XGBoost. Certain features such as GPU algorithms or federated learning are not available. To use these features, please upgrade to a recent Linux distro with glibc 2.28+, and install the 'manylinux_2_28' variant.
  warnings.warn(
[I 2025-05-15 08:13:30,708] Trial 14 finished with value: 0.5361111111111111 and parameters: {'n_estimators': 10, 'max_depth': 30, 'gamma': 0.29413923266519293, 'subsample': 0.7756706740919618, 'colsample_bytree': 0.6439299163159341}. Best is trial 13 with value: 0.5708333333333332.
[I 2025-05-15 08:13:30,751] Trial 15 finished with value: 0.4569444444444444 and parameters: {'n_estimators': 10, 'max_depth': 20, 'gamma': 0.24167550199988458, 'subsample': 0.8879473521139024, 'colsample_bytree': 0.8631774974846811}. Best is trial 13 with value: 0.5708333333333332.
[I 2025-05-15 08:13:30,795] Trial 16 finished with value: 0.5055555555555555 and parameters: {'n_estimators': 40, 'max_depth': 20, 'gamma': 0.3851209698407902, 'subsample': 0.626808512266235, 'colsample_bytree': 0.665659864377243}. Best is trial 13 with value: 0.5708333333333332.
/data/home/rtabares/anaconda3/envs/pyth3.12/lib/python3.12/site-packages/xgboost/core.py:377: FutureWarning: Your system has an old version of glibc (< 2.28). We will stop supporting Linux distros with glibc older than 2.28 after **May 31, 2025**. Please upgrade to a recent Linux distro (with glibc >= 2.28) to use future versions of XGBoost.
Note: You have installed the 'manylinux2014' variant of XGBoost. Certain features such as GPU algorithms or federated learning are not available. To use these features, please upgrade to a recent Linux distro with glibc 2.28+, and install the 'manylinux_2_28' variant.
  warnings.warn(
[I 2025-05-15 08:13:31,638] Trial 17 finished with value: 0.5472222222222222 and parameters: {'n_estimators': 10, 'max_depth': 20, 'gamma': 0.12458409854982372, 'subsample': 0.7341683466320832, 'colsample_bytree': 0.9144880496282183}. Best is trial 13 with value: 0.5708333333333332.
[I 2025-05-15 08:13:31,694] Trial 18 finished with value: 0.5458333333333334 and parameters: {'n_estimators': 10, 'max_depth': 30, 'gamma': 0.11543703447049303, 'subsample': 0.8253455610445435, 'colsample_bytree': 0.8157393696248287}. Best is trial 13 with value: 0.5708333333333332.
/data/home/rtabares/anaconda3/envs/pyth3.12/lib/python3.12/site-packages/xgboost/core.py:377: FutureWarning: Your system has an old version of glibc (< 2.28). We will stop supporting Linux distros with glibc older than 2.28 after **May 31, 2025**. Please upgrade to a recent Linux distro (with glibc >= 2.28) to use future versions of XGBoost.
Note: You have installed the 'manylinux2014' variant of XGBoost. Certain features such as GPU algorithms or federated learning are not available. To use these features, please upgrade to a recent Linux distro with glibc 2.28+, and install the 'manylinux_2_28' variant.
  warnings.warn(
[I 2025-05-15 08:13:32,697] Trial 19 finished with value: 0.4694444444444444 and parameters: {'n_estimators': 40, 'max_depth': 20, 'gamma': 0.21956760695884037, 'subsample': 0.7381133384594633, 'colsample_bytree': 0.7007773720378611}. Best is trial 13 with value: 0.5708333333333332.
[I 2025-05-15 08:13:32,765] Trial 20 finished with value: 0.44722222222222224 and parameters: {'n_estimators': 10, 'max_depth': 20, 'gamma': 0.33546847326956636, 'subsample': 0.9961764358499778, 'colsample_bytree': 0.9973430257312599}. Best is trial 13 with value: 0.5708333333333332.
[I 2025-05-15 08:13:32,883] Trial 21 finished with value: 0.5 and parameters: {'n_estimators': 10, 'max_depth': 20, 'gamma': 0.2008922465900539, 'subsample': 0.7370969019406757, 'colsample_bytree': 0.9318298686315468}. Best is trial 13 with value: 0.5708333333333332.
[I 2025-05-15 08:13:32,937] Trial 22 finished with value: 0.5444444444444444 and parameters: {'n_estimators': 10, 'max_depth': 20, 'gamma': 0.4425693586291234, 'subsample': 0.6602138444515246, 'colsample_bytree': 0.9154407174302049}. Best is trial 13 with value: 0.5708333333333332.
[I 2025-05-15 08:13:33,036] Trial 23 finished with value: 0.5597222222222222 and parameters: {'n_estimators': 10, 'max_depth': 20, 'gamma': 0.5943096932805854, 'subsample': 0.7952564516133582, 'colsample_bytree': 0.7993336763869485}. Best is trial 13 with value: 0.5708333333333332.
[I 2025-05-15 08:13:33,081] Trial 24 finished with value: 0.5708333333333334 and parameters: {'n_estimators': 10, 'max_depth': 20, 'gamma': 0.59718404604946, 'subsample': 0.794236864593364, 'colsample_bytree': 0.8068552224763681}. Best is trial 24 with value: 0.5708333333333334.
[I 2025-05-15 08:13:33,154] Trial 25 finished with value: 0.4916666666666666 and parameters: {'n_estimators': 10, 'max_depth': 30, 'gamma': 0.6144666652847404, 'subsample': 0.7857736143157379, 'colsample_bytree': 0.8011585662272113}. Best is trial 24 with value: 0.5708333333333334.
[I 2025-05-15 08:13:33,209] Trial 26 finished with value: 0.4305555555555555 and parameters: {'n_estimators': 10, 'max_depth': 20, 'gamma': 0.6224518809529265, 'subsample': 0.8659181976200649, 'colsample_bytree': 0.7940960601160023}. Best is trial 24 with value: 0.5708333333333334.
[I 2025-05-15 08:13:33,268] Trial 27 finished with value: 0.5736111111111111 and parameters: {'n_estimators': 10, 'max_depth': 20, 'gamma': 0.7998192076224948, 'subsample': 0.8002750742034879, 'colsample_bytree': 0.6872309957292344}. Best is trial 27 with value: 0.5736111111111111.
[I 2025-05-15 08:13:33,342] Trial 28 finished with value: 0.46944444444444444 and parameters: {'n_estimators': 40, 'max_depth': 20, 'gamma': 0.7866107562923348, 'subsample': 0.8731561949171794, 'colsample_bytree': 0.6827226770519169}. Best is trial 27 with value: 0.5736111111111111.
[I 2025-05-15 08:13:33,421] Trial 29 finished with value: 0.4708333333333334 and parameters: {'n_estimators': 100, 'max_depth': 20, 'gamma': 0.8577978638554449, 'subsample': 0.8154438591038513, 'colsample_bytree': 0.6290936254796661}. Best is trial 27 with value: 0.5736111111111111.
[I 2025-05-15 08:13:46,269] A new study created in memory with name: rf
Parámetros guardados en checkpoint_adult_Doriginal_G/k_center/IPC_43/best_models_k_center_seed_7_space_original/xgb_best_params.json


>>> Optuna tuning rf metodo k_center IPC 43 seed 7


[I 2025-05-15 08:13:50,004] Trial 0 finished with value: 0.5875 and parameters: {'n_estimators': 130, 'max_depth': 17, 'min_samples_split': 5, 'min_samples_leaf': 8}. Best is trial 0 with value: 0.5875.
[I 2025-05-15 08:13:51,255] Trial 1 finished with value: 0.47777777777777775 and parameters: {'n_estimators': 492, 'max_depth': 12, 'min_samples_split': 6, 'min_samples_leaf': 1}. Best is trial 0 with value: 0.5875.
[I 2025-05-15 08:13:51,817] Trial 2 finished with value: 0.625 and parameters: {'n_estimators': 207, 'max_depth': 11, 'min_samples_split': 8, 'min_samples_leaf': 9}. Best is trial 2 with value: 0.625.
[I 2025-05-15 08:13:52,489] Trial 3 finished with value: 0.6291666666666667 and parameters: {'n_estimators': 252, 'max_depth': 4, 'min_samples_split': 4, 'min_samples_leaf': 10}. Best is trial 3 with value: 0.6291666666666667.
[I 2025-05-15 08:13:53,051] Trial 4 finished with value: 0.5263888888888888 and parameters: {'n_estimators': 185, 'max_depth': 11, 'min_samples_split': 10, 'min_samples_leaf': 1}. Best is trial 3 with value: 0.6291666666666667.
[I 2025-05-15 08:13:53,963] Trial 5 finished with value: 0.5805555555555555 and parameters: {'n_estimators': 340, 'max_depth': 20, 'min_samples_split': 4, 'min_samples_leaf': 6}. Best is trial 3 with value: 0.6291666666666667.
[I 2025-05-15 08:13:55,043] Trial 6 finished with value: 0.6027777777777776 and parameters: {'n_estimators': 464, 'max_depth': 5, 'min_samples_split': 6, 'min_samples_leaf': 8}. Best is trial 3 with value: 0.6291666666666667.
[I 2025-05-15 08:13:55,757] Trial 7 finished with value: 0.5930555555555556 and parameters: {'n_estimators': 368, 'max_depth': 11, 'min_samples_split': 3, 'min_samples_leaf': 5}. Best is trial 3 with value: 0.6291666666666667.
[I 2025-05-15 08:13:56,219] Trial 8 finished with value: 0.5680555555555555 and parameters: {'n_estimators': 249, 'max_depth': 11, 'min_samples_split': 5, 'min_samples_leaf': 9}. Best is trial 3 with value: 0.6291666666666667.
[I 2025-05-15 08:13:57,009] Trial 9 finished with value: 0.5597222222222222 and parameters: {'n_estimators': 408, 'max_depth': 8, 'min_samples_split': 7, 'min_samples_leaf': 3}. Best is trial 3 with value: 0.6291666666666667.
[I 2025-05-15 08:13:57,641] Trial 10 finished with value: 0.5347222222222222 and parameters: {'n_estimators': 284, 'max_depth': 3, 'min_samples_split': 2, 'min_samples_leaf': 10}. Best is trial 3 with value: 0.6291666666666667.
[I 2025-05-15 08:13:59,036] Trial 11 finished with value: 0.5666666666666667 and parameters: {'n_estimators': 216, 'max_depth': 6, 'min_samples_split': 9, 'min_samples_leaf': 10}. Best is trial 3 with value: 0.6291666666666667.
[I 2025-05-15 08:14:00,228] Trial 12 finished with value: 0.6027777777777776 and parameters: {'n_estimators': 129, 'max_depth': 16, 'min_samples_split': 8, 'min_samples_leaf': 7}. Best is trial 3 with value: 0.6291666666666667.
[I 2025-05-15 08:14:01,563] Trial 13 finished with value: 0.5819444444444444 and parameters: {'n_estimators': 193, 'max_depth': 8, 'min_samples_split': 8, 'min_samples_leaf': 10}. Best is trial 3 with value: 0.6291666666666667.
[I 2025-05-15 08:14:02,126] Trial 14 finished with value: 0.5569444444444444 and parameters: {'n_estimators': 291, 'max_depth': 14, 'min_samples_split': 2, 'min_samples_leaf': 5}. Best is trial 3 with value: 0.6291666666666667.
[I 2025-05-15 08:14:02,798] Trial 15 finished with value: 0.5930555555555556 and parameters: {'n_estimators': 242, 'max_depth': 8, 'min_samples_split': 4, 'min_samples_leaf': 8}. Best is trial 3 with value: 0.6291666666666667.
[I 2025-05-15 08:14:03,313] Trial 16 finished with value: 0.5555555555555556 and parameters: {'n_estimators': 173, 'max_depth': 3, 'min_samples_split': 10, 'min_samples_leaf': 9}. Best is trial 3 with value: 0.6291666666666667.
[I 2025-05-15 08:14:03,926] Trial 17 finished with value: 0.6291666666666667 and parameters: {'n_estimators': 322, 'max_depth': 6, 'min_samples_split': 7, 'min_samples_leaf': 6}. Best is trial 3 with value: 0.6291666666666667.
[I 2025-05-15 08:14:04,541] Trial 18 finished with value: 0.5611111111111111 and parameters: {'n_estimators': 343, 'max_depth': 6, 'min_samples_split': 5, 'min_samples_leaf': 3}. Best is trial 3 with value: 0.6291666666666667.
[I 2025-05-15 08:14:05,251] Trial 19 finished with value: 0.6055555555555555 and parameters: {'n_estimators': 407, 'max_depth': 4, 'min_samples_split': 7, 'min_samples_leaf': 4}. Best is trial 3 with value: 0.6291666666666667.
[I 2025-05-15 08:14:05,780] Trial 20 finished with value: 0.5819444444444445 and parameters: {'n_estimators': 326, 'max_depth': 7, 'min_samples_split': 4, 'min_samples_leaf': 6}. Best is trial 3 with value: 0.6291666666666667.
[I 2025-05-15 08:14:06,258] Trial 21 finished with value: 0.6027777777777779 and parameters: {'n_estimators': 266, 'max_depth': 9, 'min_samples_split': 8, 'min_samples_leaf': 7}. Best is trial 3 with value: 0.6291666666666667.
[I 2025-05-15 08:14:06,703] Trial 22 finished with value: 0.601388888888889 and parameters: {'n_estimators': 223, 'max_depth': 5, 'min_samples_split': 7, 'min_samples_leaf': 9}. Best is trial 3 with value: 0.6291666666666667.
[I 2025-05-15 08:14:07,542] Trial 23 finished with value: 0.6180555555555556 and parameters: {'n_estimators': 308, 'max_depth': 13, 'min_samples_split': 9, 'min_samples_leaf': 7}. Best is trial 3 with value: 0.6291666666666667.
[I 2025-05-15 08:14:08,167] Trial 24 finished with value: 0.5708333333333332 and parameters: {'n_estimators': 163, 'max_depth': 9, 'min_samples_split': 6, 'min_samples_leaf': 9}. Best is trial 3 with value: 0.6291666666666667.
[I 2025-05-15 08:14:09,429] Trial 25 finished with value: 0.5583333333333332 and parameters: {'n_estimators': 371, 'max_depth': 15, 'min_samples_split': 9, 'min_samples_leaf': 10}. Best is trial 3 with value: 0.6291666666666667.
[I 2025-05-15 08:14:09,637] Trial 26 finished with value: 0.5375 and parameters: {'n_estimators': 107, 'max_depth': 18, 'min_samples_split': 7, 'min_samples_leaf': 8}. Best is trial 3 with value: 0.6291666666666667.
[I 2025-05-15 08:14:10,069] Trial 27 finished with value: 0.5944444444444444 and parameters: {'n_estimators': 262, 'max_depth': 4, 'min_samples_split': 3, 'min_samples_leaf': 4}. Best is trial 3 with value: 0.6291666666666667.
[I 2025-05-15 08:14:10,454] Trial 28 finished with value: 0.5805555555555555 and parameters: {'n_estimators': 216, 'max_depth': 6, 'min_samples_split': 8, 'min_samples_leaf': 7}. Best is trial 3 with value: 0.6291666666666667.
