[I 2025-05-15 07:53:20,723] Trial 7 finished with value: 0.95 and parameters: {'n_estimators': 10, 'max_depth': 5, 'gamma': 0.5767347850317142, 'subsample': 0.7995431264700696, 'colsample_bytree': 0.8604622333437917}. Best is trial 0 with value: 0.95.
/data/home/rtabares/anaconda3/envs/pyth3.12/lib/python3.12/site-packages/xgboost/core.py:377: FutureWarning: Your system has an old version of glibc (< 2.28). We will stop supporting Linux distros with glibc older than 2.28 after **May 31, 2025**. Please upgrade to a recent Linux distro (with glibc >= 2.28) to use future versions of XGBoost.
Note: You have installed the 'manylinux2014' variant of XGBoost. Certain features such as GPU algorithms or federated learning are not available. To use these features, please upgrade to a recent Linux distro with glibc 2.28+, and install the 'manylinux_2_28' variant.
  warnings.warn(
/data/home/rtabares/anaconda3/envs/pyth3.12/lib/python3.12/site-packages/xgboost/core.py:377: FutureWarning: Your system has an old version of glibc (< 2.28). We will stop supporting Linux distros with glibc older than 2.28 after **May 31, 2025**. Please upgrade to a recent Linux distro (with glibc >= 2.28) to use future versions of XGBoost.
Note: You have installed the 'manylinux2014' variant of XGBoost. Certain features such as GPU algorithms or federated learning are not available. To use these features, please upgrade to a recent Linux distro with glibc 2.28+, and install the 'manylinux_2_28' variant.
  warnings.warn(
[I 2025-05-15 07:53:20,810] Trial 8 finished with value: 0.95 and parameters: {'n_estimators': 100, 'max_depth': 20, 'gamma': 0.8470554948938058, 'subsample': 0.860339005739911, 'colsample_bytree': 0.9331308414408237}. Best is trial 0 with value: 0.95.
/data/home/rtabares/anaconda3/envs/pyth3.12/lib/python3.12/site-packages/xgboost/core.py:377: FutureWarning: Your system has an old version of glibc (< 2.28). We will stop supporting Linux distros with glibc older than 2.28 after **May 31, 2025**. Please upgrade to a recent Linux distro (with glibc >= 2.28) to use future versions of XGBoost.
Note: You have installed the 'manylinux2014' variant of XGBoost. Certain features such as GPU algorithms or federated learning are not available. To use these features, please upgrade to a recent Linux distro with glibc 2.28+, and install the 'manylinux_2_28' variant.
  warnings.warn(
/data/home/rtabares/anaconda3/envs/pyth3.12/lib/python3.12/site-packages/xgboost/core.py:377: FutureWarning: Your system has an old version of glibc (< 2.28). We will stop supporting Linux distros with glibc older than 2.28 after **May 31, 2025**. Please upgrade to a recent Linux distro (with glibc >= 2.28) to use future versions of XGBoost.
Note: You have installed the 'manylinux2014' variant of XGBoost. Certain features such as GPU algorithms or federated learning are not available. To use these features, please upgrade to a recent Linux distro with glibc 2.28+, and install the 'manylinux_2_28' variant.
  warnings.warn(
[I 2025-05-15 07:53:20,871] Trial 9 finished with value: 0.95 and parameters: {'n_estimators': 100, 'max_depth': 30, 'gamma': 0.574951454577921, 'subsample': 0.9696020680119358, 'colsample_bytree': 0.8616917074936369}. Best is trial 0 with value: 0.95.
[I 2025-05-15 07:53:20,923] Trial 10 finished with value: 0.9 and parameters: {'n_estimators': 40, 'max_depth': 5, 'gamma': 0.32359117507032664, 'subsample': 0.7187470692461426, 'colsample_bytree': 0.525322130410742}. Best is trial 0 with value: 0.95.
/data/home/rtabares/anaconda3/envs/pyth3.12/lib/python3.12/site-packages/xgboost/core.py:377: FutureWarning: Your system has an old version of glibc (< 2.28). We will stop supporting Linux distros with glibc older than 2.28 after **May 31, 2025**. Please upgrade to a recent Linux distro (with glibc >= 2.28) to use future versions of XGBoost.
Note: You have installed the 'manylinux2014' variant of XGBoost. Certain features such as GPU algorithms or federated learning are not available. To use these features, please upgrade to a recent Linux distro with glibc 2.28+, and install the 'manylinux_2_28' variant.
  warnings.warn(
[I 2025-05-15 07:53:21,870] Trial 11 finished with value: 0.95 and parameters: {'n_estimators': 40, 'max_depth': 5, 'gamma': 0.39731700650079615, 'subsample': 0.6878094296726447, 'colsample_bytree': 0.9375796568686313}. Best is trial 0 with value: 0.95.
/data/home/rtabares/anaconda3/envs/pyth3.12/lib/python3.12/site-packages/xgboost/core.py:377: FutureWarning: Your system has an old version of glibc (< 2.28). We will stop supporting Linux distros with glibc older than 2.28 after **May 31, 2025**. Please upgrade to a recent Linux distro (with glibc >= 2.28) to use future versions of XGBoost.
Note: You have installed the 'manylinux2014' variant of XGBoost. Certain features such as GPU algorithms or federated learning are not available. To use these features, please upgrade to a recent Linux distro with glibc 2.28+, and install the 'manylinux_2_28' variant.
  warnings.warn(
/data/home/rtabares/anaconda3/envs/pyth3.12/lib/python3.12/site-packages/xgboost/core.py:377: FutureWarning: Your system has an old version of glibc (< 2.28). We will stop supporting Linux distros with glibc older than 2.28 after **May 31, 2025**. Please upgrade to a recent Linux distro (with glibc >= 2.28) to use future versions of XGBoost.
Note: You have installed the 'manylinux2014' variant of XGBoost. Certain features such as GPU algorithms or federated learning are not available. To use these features, please upgrade to a recent Linux distro with glibc 2.28+, and install the 'manylinux_2_28' variant.
  warnings.warn(
/data/home/rtabares/anaconda3/envs/pyth3.12/lib/python3.12/site-packages/xgboost/core.py:377: FutureWarning: Your system has an old version of glibc (< 2.28). We will stop supporting Linux distros with glibc older than 2.28 after **May 31, 2025**. Please upgrade to a recent Linux distro (with glibc >= 2.28) to use future versions of XGBoost.
Note: You have installed the 'manylinux2014' variant of XGBoost. Certain features such as GPU algorithms or federated learning are not available. To use these features, please upgrade to a recent Linux distro with glibc 2.28+, and install the 'manylinux_2_28' variant.
  warnings.warn(
/data/home/rtabares/anaconda3/envs/pyth3.12/lib/python3.12/site-packages/xgboost/core.py:377: FutureWarning: Your system has an old version of glibc (< 2.28). We will stop supporting Linux distros with glibc older than 2.28 after **May 31, 2025**. Please upgrade to a recent Linux distro (with glibc >= 2.28) to use future versions of XGBoost.
Note: You have installed the 'manylinux2014' variant of XGBoost. Certain features such as GPU algorithms or federated learning are not available. To use these features, please upgrade to a recent Linux distro with glibc 2.28+, and install the 'manylinux_2_28' variant.
  warnings.warn(
[I 2025-05-15 07:53:22,874] Trial 12 finished with value: 0.95 and parameters: {'n_estimators': 40, 'max_depth': 5, 'gamma': 0.41000154180441223, 'subsample': 0.6477129401306144, 'colsample_bytree': 0.8097558498628086}. Best is trial 0 with value: 0.95.
[I 2025-05-15 07:53:22,926] Trial 13 finished with value: 0.95 and parameters: {'n_estimators': 40, 'max_depth': 5, 'gamma': 0.26150609747559517, 'subsample': 0.5535821000234289, 'colsample_bytree': 0.9821455069394369}. Best is trial 0 with value: 0.95.
[I 2025-05-15 07:53:22,971] Trial 14 finished with value: 0.9 and parameters: {'n_estimators': 40, 'max_depth': 30, 'gamma': 0.4863964118199141, 'subsample': 0.7382928405886477, 'colsample_bytree': 0.6248901247831351}. Best is trial 0 with value: 0.95.
[I 2025-05-15 07:53:23,016] Trial 15 finished with value: 0.95 and parameters: {'n_estimators': 40, 'max_depth': 5, 'gamma': 0.4677647810752753, 'subsample': 0.785332734602564, 'colsample_bytree': 0.7949593528127555}. Best is trial 0 with value: 0.95.
[I 2025-05-15 07:53:23,059] Trial 16 finished with value: 0.95 and parameters: {'n_estimators': 40, 'max_depth': 5, 'gamma': 0.9755271975994899, 'subsample': 0.6732560713504361, 'colsample_bytree': 0.9993559109053225}. Best is trial 0 with value: 0.95.
[I 2025-05-15 07:53:23,107] Trial 17 finished with value: 0.95 and parameters: {'n_estimators': 10, 'max_depth': 5, 'gamma': 0.26425755461994255, 'subsample': 0.5828031731686625, 'colsample_bytree': 0.8812463142489181}. Best is trial 0 with value: 0.95.
[I 2025-05-15 07:53:23,151] Trial 18 finished with value: 0.95 and parameters: {'n_estimators': 40, 'max_depth': 30, 'gamma': 0.145515594340198, 'subsample': 0.8902649886973554, 'colsample_bytree': 0.7981854326938762}. Best is trial 0 with value: 0.95.
[I 2025-05-15 07:53:23,195] Trial 19 finished with value: 0.95 and parameters: {'n_estimators': 40, 'max_depth': 20, 'gamma': 0.6499639570434488, 'subsample': 0.7574364824452723, 'colsample_bytree': 0.6319725061725031}. Best is trial 0 with value: 0.95.
[I 2025-05-15 07:53:23,240] Trial 20 finished with value: 0.95 and parameters: {'n_estimators': 10, 'max_depth': 5, 'gamma': 0.735320815306184, 'subsample': 0.5049283881400235, 'colsample_bytree': 0.5127669996644397}. Best is trial 0 with value: 0.95.
[I 2025-05-15 07:53:23,287] Trial 21 finished with value: 0.95 and parameters: {'n_estimators': 10, 'max_depth': 5, 'gamma': 0.15591112736967422, 'subsample': 0.6254085126022727, 'colsample_bytree': 0.7241903643886956}. Best is trial 0 with value: 0.95.
[I 2025-05-15 07:53:23,330] Trial 22 finished with value: 0.95 and parameters: {'n_estimators': 10, 'max_depth': 5, 'gamma': 0.3307025398933852, 'subsample': 0.6932359958712012, 'colsample_bytree': 0.6754938074841802}. Best is trial 0 with value: 0.95.
[I 2025-05-15 07:53:23,366] Trial 23 finished with value: 0.95 and parameters: {'n_estimators': 10, 'max_depth': 5, 'gamma': 0.5122072437813834, 'subsample': 0.5734986268614553, 'colsample_bytree': 0.6856521428927239}. Best is trial 0 with value: 0.95.
[I 2025-05-15 07:53:23,414] Trial 24 finished with value: 0.9 and parameters: {'n_estimators': 10, 'max_depth': 5, 'gamma': 0.2225033129455034, 'subsample': 0.6512880896594048, 'colsample_bytree': 0.606273111566263}. Best is trial 0 with value: 0.95.
[I 2025-05-15 07:53:23,462] Trial 25 finished with value: 0.95 and parameters: {'n_estimators': 40, 'max_depth': 5, 'gamma': 0.10764373246258885, 'subsample': 0.6059848834839937, 'colsample_bytree': 0.7496154178750846}. Best is trial 0 with value: 0.95.
[I 2025-05-15 07:53:23,506] Trial 26 finished with value: 0.95 and parameters: {'n_estimators': 10, 'max_depth': 5, 'gamma': 0.4154153567559958, 'subsample': 0.547185573494083, 'colsample_bytree': 0.5698051305877259}. Best is trial 0 with value: 0.95.
[I 2025-05-15 07:53:23,552] Trial 27 finished with value: 0.95 and parameters: {'n_estimators': 40, 'max_depth': 5, 'gamma': 0.3367154306173873, 'subsample': 0.6698681301349334, 'colsample_bytree': 0.6958296218493281}. Best is trial 0 with value: 0.95.
[I 2025-05-15 07:53:23,597] Trial 28 finished with value: 0.95 and parameters: {'n_estimators': 40, 'max_depth': 20, 'gamma': 0.9683112494920475, 'subsample': 0.7177356177249898, 'colsample_bytree': 0.8980092175262279}. Best is trial 0 with value: 0.95.
[I 2025-05-15 07:53:23,638] Trial 29 finished with value: 0.95 and parameters: {'n_estimators': 10, 'max_depth': 30, 'gamma': 0.7221268491514374, 'subsample': 0.6267062453123553, 'colsample_bytree': 0.8310705876008575}. Best is trial 0 with value: 0.95.
[I 2025-05-15 07:53:38,728] A new study created in memory with name: rf
Parámetros guardados en checkpoint_shoppers_Doriginal_F/k-means/IPC_11/best_models_k-means_seed_8_space_original/xgb_best_params.json


>>> Optuna tuning rf metodo k-means IPC 11 seed 8


[I 2025-05-15 07:53:41,499] Trial 0 finished with value: 0.85 and parameters: {'n_estimators': 450, 'max_depth': 20, 'min_samples_split': 9, 'min_samples_leaf': 6}. Best is trial 0 with value: 0.85.
[I 2025-05-15 07:53:42,181] Trial 1 finished with value: 0.85 and parameters: {'n_estimators': 193, 'max_depth': 3, 'min_samples_split': 5, 'min_samples_leaf': 5}. Best is trial 0 with value: 0.85.
[I 2025-05-15 07:53:42,693] Trial 2 finished with value: 0.85 and parameters: {'n_estimators': 309, 'max_depth': 11, 'min_samples_split': 6, 'min_samples_leaf': 6}. Best is trial 0 with value: 0.85.
[I 2025-05-15 07:53:43,335] Trial 3 finished with value: 0.85 and parameters: {'n_estimators': 405, 'max_depth': 15, 'min_samples_split': 7, 'min_samples_leaf': 5}. Best is trial 0 with value: 0.85.
[I 2025-05-15 07:53:43,723] Trial 4 finished with value: 0.85 and parameters: {'n_estimators': 215, 'max_depth': 20, 'min_samples_split': 5, 'min_samples_leaf': 3}. Best is trial 0 with value: 0.85.
[I 2025-05-15 07:53:44,036] Trial 5 finished with value: 0.85 and parameters: {'n_estimators': 126, 'max_depth': 20, 'min_samples_split': 3, 'min_samples_leaf': 4}. Best is trial 0 with value: 0.85.
[I 2025-05-15 07:53:44,308] Trial 6 finished with value: 0.5 and parameters: {'n_estimators': 128, 'max_depth': 7, 'min_samples_split': 5, 'min_samples_leaf': 9}. Best is trial 0 with value: 0.85.
[I 2025-05-15 07:53:44,768] Trial 7 finished with value: 0.9 and parameters: {'n_estimators': 238, 'max_depth': 20, 'min_samples_split': 2, 'min_samples_leaf': 4}. Best is trial 7 with value: 0.9.
[I 2025-05-15 07:53:45,186] Trial 8 finished with value: 0.9 and parameters: {'n_estimators': 252, 'max_depth': 16, 'min_samples_split': 10, 'min_samples_leaf': 4}. Best is trial 7 with value: 0.9.
[I 2025-05-15 07:53:45,625] Trial 9 finished with value: 0.65 and parameters: {'n_estimators': 273, 'max_depth': 7, 'min_samples_split': 9, 'min_samples_leaf': 7}. Best is trial 7 with value: 0.9.
[I 2025-05-15 07:53:46,188] Trial 10 finished with value: 0.85 and parameters: {'n_estimators': 354, 'max_depth': 15, 'min_samples_split': 2, 'min_samples_leaf': 1}. Best is trial 7 with value: 0.9.
[I 2025-05-15 07:53:47,414] Trial 11 finished with value: 0.85 and parameters: {'n_estimators': 248, 'max_depth': 16, 'min_samples_split': 10, 'min_samples_leaf': 2}. Best is trial 7 with value: 0.9.
[I 2025-05-15 07:53:49,833] Trial 12 finished with value: 0.85 and parameters: {'n_estimators': 328, 'max_depth': 17, 'min_samples_split': 3, 'min_samples_leaf': 3}. Best is trial 7 with value: 0.9.
[I 2025-05-15 07:53:51,007] Trial 13 finished with value: 0.5 and parameters: {'n_estimators': 185, 'max_depth': 13, 'min_samples_split': 8, 'min_samples_leaf': 8}. Best is trial 7 with value: 0.9.
[I 2025-05-15 07:53:52,191] Trial 14 finished with value: 0.85 and parameters: {'n_estimators': 257, 'max_depth': 18, 'min_samples_split': 10, 'min_samples_leaf': 4}. Best is trial 7 with value: 0.9.
[I 2025-05-15 07:53:53,791] Trial 15 finished with value: 0.9 and parameters: {'n_estimators': 372, 'max_depth': 11, 'min_samples_split': 2, 'min_samples_leaf': 2}. Best is trial 7 with value: 0.9.
[I 2025-05-15 07:53:54,608] Trial 16 finished with value: 0.85 and parameters: {'n_estimators': 156, 'max_depth': 18, 'min_samples_split': 7, 'min_samples_leaf': 4}. Best is trial 7 with value: 0.9.
[I 2025-05-15 07:53:56,778] Trial 17 finished with value: 0.5 and parameters: {'n_estimators': 486, 'max_depth': 14, 'min_samples_split': 4, 'min_samples_leaf': 10}. Best is trial 7 with value: 0.9.
[I 2025-05-15 07:53:58,101] Trial 18 finished with value: 0.7166666666666666 and parameters: {'n_estimators': 231, 'max_depth': 18, 'min_samples_split': 7, 'min_samples_leaf': 7}. Best is trial 7 with value: 0.9.
[I 2025-05-15 07:53:59,423] Trial 19 finished with value: 0.85 and parameters: {'n_estimators': 290, 'max_depth': 13, 'min_samples_split': 8, 'min_samples_leaf': 1}. Best is trial 7 with value: 0.9.
[I 2025-05-15 07:54:00,343] Trial 20 finished with value: 0.9 and parameters: {'n_estimators': 171, 'max_depth': 17, 'min_samples_split': 4, 'min_samples_leaf': 3}. Best is trial 7 with value: 0.9.
[I 2025-05-15 07:54:02,143] Trial 21 finished with value: 0.85 and parameters: {'n_estimators': 377, 'max_depth': 10, 'min_samples_split': 2, 'min_samples_leaf': 2}. Best is trial 7 with value: 0.9.
[I 2025-05-15 07:54:03,773] Trial 22 finished with value: 0.85 and parameters: {'n_estimators': 396, 'max_depth': 9, 'min_samples_split': 3, 'min_samples_leaf': 2}. Best is trial 7 with value: 0.9.
[I 2025-05-15 07:54:05,246] Trial 23 finished with value: 0.85 and parameters: {'n_estimators': 334, 'max_depth': 12, 'min_samples_split': 2, 'min_samples_leaf': 4}. Best is trial 7 with value: 0.9.
[I 2025-05-15 07:54:07,490] Trial 24 finished with value: 0.85 and parameters: {'n_estimators': 431, 'max_depth': 8, 'min_samples_split': 4, 'min_samples_leaf': 3}. Best is trial 7 with value: 0.9.
[I 2025-05-15 07:54:08,846] Trial 25 finished with value: 0.85 and parameters: {'n_estimators': 300, 'max_depth': 11, 'min_samples_split': 3, 'min_samples_leaf': 5}. Best is trial 7 with value: 0.9.
[I 2025-05-15 07:54:10,868] Trial 26 finished with value: 0.95 and parameters: {'n_estimators': 347, 'max_depth': 4, 'min_samples_split': 2, 'min_samples_leaf': 2}. Best is trial 26 with value: 0.95.
[I 2025-05-15 07:54:11,632] Trial 27 finished with value: 0.85 and parameters: {'n_estimators': 207, 'max_depth': 4, 'min_samples_split': 6, 'min_samples_leaf': 1}. Best is trial 26 with value: 0.95.
[I 2025-05-15 07:54:12,871] Trial 28 finished with value: 0.85 and parameters: {'n_estimators': 278, 'max_depth': 6, 'min_samples_split': 4, 'min_samples_leaf': 4}. Best is trial 26 with value: 0.95.
[I 2025-05-15 07:54:13,818] Trial 29 finished with value: 0.85 and parameters: {'n_estimators': 235, 'max_depth': 19, 'min_samples_split': 9, 'min_samples_leaf': 6}. Best is trial 26 with value: 0.95.
[I 2025-05-15 07:54:27,902] A new study created in memory with name: svc
Parámetros guardados en checkpoint_shoppers_Doriginal_F/k-means/IPC_11/best_models_k-means_seed_8_space_original/rf_best_params.json


>>> Optuna tuning svc metodo k-means IPC 11 seed 8


[I 2025-05-15 07:54:34,100] Trial 0 finished with value: 0.2333333333333333 and parameters: {'C': 31.168622654226873, 'gamma': 0.7484497562485191}. Best is trial 0 with value: 0.2333333333333333.
[I 2025-05-15 07:54:34,255] Trial 1 finished with value: 0.4833333333333333 and parameters: {'C': 29.976309274600954, 'gamma': 0.013286872459026702}. Best is trial 1 with value: 0.4833333333333333.
[I 2025-05-15 07:54:34,272] Trial 2 finished with value: 0.45 and parameters: {'C': 0.08529298465080307, 'gamma': 0.00011106960237430257}. Best is trial 1 with value: 0.4833333333333333.
[I 2025-05-15 07:54:34,315] Trial 3 finished with value: 0.55 and parameters: {'C': 0.5270784658374341, 'gamma': 0.004068229457500922}. Best is trial 3 with value: 0.55.
[I 2025-05-15 07:54:34,334] Trial 4 finished with value: 0.5 and parameters: {'C': 1.2322495987505253, 'gamma': 0.008195343912941565}. Best is trial 3 with value: 0.55.
[I 2025-05-15 07:54:34,349] Trial 5 finished with value: 0.4666666666666666 and parameters: {'C': 1.6650446929687996, 'gamma': 0.014912280706161869}. Best is trial 3 with value: 0.55.
[I 2025-05-15 07:54:34,365] Trial 6 finished with value: 0.3833333333333333 and parameters: {'C': 11.055599623279033, 'gamma': 0.07071284267178823}. Best is trial 3 with value: 0.55.
[I 2025-05-15 07:54:34,385] Trial 7 finished with value: 0.4833333333333333 and parameters: {'C': 3.0111222251271013, 'gamma': 0.00506252384623837}. Best is trial 3 with value: 0.55.
[I 2025-05-15 07:54:34,405] Trial 8 finished with value: 0.35 and parameters: {'C': 0.1433177931243846, 'gamma': 0.7859971382309453}. Best is trial 3 with value: 0.55.
[I 2025-05-15 07:54:34,425] Trial 9 finished with value: 0.45 and parameters: {'C': 0.21631975482828378, 'gamma': 0.0007502469581683287}. Best is trial 3 with value: 0.55.
[I 2025-05-15 07:54:34,506] Trial 10 finished with value: 0.45 and parameters: {'C': 0.014948739767700987, 'gamma': 0.0007005474949959167}. Best is trial 3 with value: 0.55.
[I 2025-05-15 07:54:36,534] Trial 11 finished with value: 0.5 and parameters: {'C': 0.6770848065361562, 'gamma': 0.002332569213022101}. Best is trial 3 with value: 0.55.
[I 2025-05-15 07:54:39,280] Trial 12 finished with value: 0.3833333333333333 and parameters: {'C': 4.2412523819574135, 'gamma': 0.08433018569088759}. Best is trial 3 with value: 0.55.
[I 2025-05-15 07:54:39,317] Trial 13 finished with value: 0.45 and parameters: {'C': 0.5256650900172344, 'gamma': 0.056261530538074575}. Best is trial 3 with value: 0.55.
[I 2025-05-15 07:54:39,355] Trial 14 finished with value: 0.45 and parameters: {'C': 0.019996467772500737, 'gamma': 0.0012354779589508352}. Best is trial 3 with value: 0.55.
[I 2025-05-15 07:54:39,383] Trial 15 finished with value: 0.5333333333333333 and parameters: {'C': 96.70307070998385, 'gamma': 0.00011772103322869979}. Best is trial 3 with value: 0.55.
[I 2025-05-15 07:54:39,449] Trial 16 finished with value: 0.5333333333333333 and parameters: {'C': 76.55121077778817, 'gamma': 0.0001079979941234654}. Best is trial 3 with value: 0.55.
[I 2025-05-15 07:54:39,476] Trial 17 finished with value: 0.45 and parameters: {'C': 0.052162019188981744, 'gamma': 0.00030035081360696274}. Best is trial 3 with value: 0.55.
[I 2025-05-15 07:54:39,500] Trial 18 finished with value: 0.45 and parameters: {'C': 7.90318878867442, 'gamma': 0.0002710912613209521}. Best is trial 3 with value: 0.55.
[I 2025-05-15 07:54:39,569] Trial 19 finished with value: 0.5 and parameters: {'C': 0.3276790927043805, 'gamma': 0.2012557890828711}. Best is trial 3 with value: 0.55.
[I 2025-05-15 07:54:39,610] Trial 20 finished with value: 0.5333333333333333 and parameters: {'C': 61.05947171856888, 'gamma': 0.0027724260224110875}. Best is trial 3 with value: 0.55.
[I 2025-05-15 07:54:39,681] Trial 21 finished with value: 0.5 and parameters: {'C': 58.30506125865751, 'gamma': 0.00018166072990598948}. Best is trial 3 with value: 0.55.
