[I 2025-05-15 07:32:19,405] Trial 21 finished with value: 0.4800000000000001 and parameters: {'C': 49.49361151456499, 'gamma': 0.000113331163253267}. Best is trial 10 with value: 0.55.
[I 2025-05-15 07:32:19,424] Trial 22 finished with value: 0.5166666666666666 and parameters: {'C': 52.39898543255597, 'gamma': 0.00030226979281541605}. Best is trial 10 with value: 0.55.
[I 2025-05-15 07:32:19,446] Trial 23 finished with value: 0.41666666666666663 and parameters: {'C': 11.039523073327864, 'gamma': 0.0002712218477659063}. Best is trial 10 with value: 0.55.
[I 2025-05-15 07:32:20,264] Trial 24 finished with value: 0.4833333333333334 and parameters: {'C': 94.20941761318035, 'gamma': 0.0005794084280161688}. Best is trial 10 with value: 0.55.
[I 2025-05-15 07:32:20,288] Trial 25 finished with value: 0.36333333333333334 and parameters: {'C': 26.49854247373596, 'gamma': 0.005596862952364886}. Best is trial 10 with value: 0.55.
[I 2025-05-15 07:32:20,315] Trial 26 finished with value: 0.44666666666666666 and parameters: {'C': 50.33096470167401, 'gamma': 0.0010222884128568332}. Best is trial 10 with value: 0.55.
[I 2025-05-15 07:32:20,338] Trial 27 finished with value: 0.5166666666666667 and parameters: {'C': 7.9789306657083285, 'gamma': 0.00016774077252901094}. Best is trial 10 with value: 0.55.
[I 2025-05-15 07:32:20,376] Trial 28 finished with value: 0.44333333333333336 and parameters: {'C': 1.5427911534695076, 'gamma': 0.00247200169423568}. Best is trial 10 with value: 0.55.
[I 2025-05-15 07:32:20,399] Trial 29 finished with value: 0.46333333333333326 and parameters: {'C': 19.208505185983377, 'gamma': 0.00024219862159046354}. Best is trial 10 with value: 0.55.
[I 2025-05-15 07:32:23,627] A new study created in memory with name: logreg
Parámetros guardados en checkpoint_default_Doriginal_H/k-means/IPC_27/best_models_k-means_seed_5_space_original/svc_best_params.json


>>> Optuna tuning logreg metodo k-means IPC 27 seed 5


[I 2025-05-15 07:32:27,349] Trial 0 finished with value: 0.5466666666666666 and parameters: {'C': 0.012881482725481003, 'penalty': 'l2'}. Best is trial 0 with value: 0.5466666666666666.
[I 2025-05-15 07:32:27,463] Trial 1 finished with value: 0.6433333333333333 and parameters: {'C': 22.576755560681583, 'penalty': 'l2'}. Best is trial 1 with value: 0.6433333333333333.
[I 2025-05-15 07:32:27,491] Trial 2 finished with value: 0.5666666666666667 and parameters: {'C': 0.010804278656839932, 'penalty': 'l2'}. Best is trial 1 with value: 0.6433333333333333.
[I 2025-05-15 07:32:27,529] Trial 3 finished with value: 0.6633333333333333 and parameters: {'C': 39.17910760336117, 'penalty': 'l2'}. Best is trial 3 with value: 0.6633333333333333.
[I 2025-05-15 07:32:27,556] Trial 4 finished with value: 0.5666666666666668 and parameters: {'C': 0.2767298094062571, 'penalty': 'l2'}. Best is trial 3 with value: 0.6633333333333333.
[I 2025-05-15 07:32:27,581] Trial 5 finished with value: 0.6466666666666667 and parameters: {'C': 1.1447728330837224, 'penalty': 'l2'}. Best is trial 3 with value: 0.6633333333333333.
[I 2025-05-15 07:32:28,326] Trial 6 finished with value: 0.6466666666666667 and parameters: {'C': 6.753661388238877, 'penalty': 'l2'}. Best is trial 3 with value: 0.6633333333333333.
[I 2025-05-15 07:32:28,351] Trial 7 finished with value: 0.5833333333333334 and parameters: {'C': 0.39092184460352974, 'penalty': 'l2'}. Best is trial 3 with value: 0.6633333333333333.
[I 2025-05-15 07:32:28,372] Trial 8 finished with value: 0.5433333333333333 and parameters: {'C': 0.03047912590082646, 'penalty': 'l2'}. Best is trial 3 with value: 0.6633333333333333.
[I 2025-05-15 07:32:28,397] Trial 9 finished with value: 0.5466666666666666 and parameters: {'C': 0.008681727362499118, 'penalty': 'l2'}. Best is trial 3 with value: 0.6633333333333333.
[I 2025-05-15 07:32:28,448] Trial 10 finished with value: 0.6666666666666667 and parameters: {'C': 90.53423376703687, 'penalty': 'l2'}. Best is trial 10 with value: 0.6666666666666667.
[I 2025-05-15 07:32:29,363] Trial 11 finished with value: 0.6466666666666667 and parameters: {'C': 65.85626465792753, 'penalty': 'l2'}. Best is trial 10 with value: 0.6666666666666667.
[I 2025-05-15 07:32:30,245] Trial 12 finished with value: 0.6666666666666667 and parameters: {'C': 90.92882941338803, 'penalty': 'l2'}. Best is trial 10 with value: 0.6666666666666667.
[I 2025-05-15 07:32:30,297] Trial 13 finished with value: 0.6466666666666667 and parameters: {'C': 5.064402088679002, 'penalty': 'l2'}. Best is trial 10 with value: 0.6666666666666667.
[I 2025-05-15 07:32:30,357] Trial 14 finished with value: 0.6666666666666667 and parameters: {'C': 95.71269922547708, 'penalty': 'l2'}. Best is trial 10 with value: 0.6666666666666667.
[I 2025-05-15 07:32:30,407] Trial 15 finished with value: 0.6266666666666667 and parameters: {'C': 8.80769324729951, 'penalty': 'l2'}. Best is trial 10 with value: 0.6666666666666667.
[I 2025-05-15 07:32:30,446] Trial 16 finished with value: 0.6833333333333333 and parameters: {'C': 1.3077259799612537, 'penalty': 'l2'}. Best is trial 16 with value: 0.6833333333333333.
[I 2025-05-15 07:32:30,464] Trial 17 finished with value: 0.5133333333333333 and parameters: {'C': 0.0021318879744765045, 'penalty': 'l2'}. Best is trial 16 with value: 0.6833333333333333.
[I 2025-05-15 07:32:30,505] Trial 18 finished with value: 0.5866666666666667 and parameters: {'C': 0.13719328481850918, 'penalty': 'l2'}. Best is trial 16 with value: 0.6833333333333333.
[I 2025-05-15 07:32:31,416] Trial 19 finished with value: 0.6833333333333333 and parameters: {'C': 1.5362054961757952, 'penalty': 'l2'}. Best is trial 16 with value: 0.6833333333333333.
[I 2025-05-15 07:32:31,450] Trial 20 finished with value: 0.6833333333333333 and parameters: {'C': 1.458589502144829, 'penalty': 'l2'}. Best is trial 16 with value: 0.6833333333333333.
[I 2025-05-15 07:32:31,485] Trial 21 finished with value: 0.6466666666666667 and parameters: {'C': 1.2340664919283444, 'penalty': 'l2'}. Best is trial 16 with value: 0.6833333333333333.
[I 2025-05-15 07:32:31,516] Trial 22 finished with value: 0.6833333333333333 and parameters: {'C': 1.511492713914304, 'penalty': 'l2'}. Best is trial 16 with value: 0.6833333333333333.
[I 2025-05-15 07:32:31,545] Trial 23 finished with value: 0.6833333333333333 and parameters: {'C': 2.6707967116047144, 'penalty': 'l2'}. Best is trial 16 with value: 0.6833333333333333.
[I 2025-05-15 07:32:31,563] Trial 24 finished with value: 0.5866666666666667 and parameters: {'C': 0.10823926100158698, 'penalty': 'l2'}. Best is trial 16 with value: 0.6833333333333333.
[I 2025-05-15 07:32:31,592] Trial 25 finished with value: 0.6033333333333333 and parameters: {'C': 0.43864702827694757, 'penalty': 'l2'}. Best is trial 16 with value: 0.6833333333333333.
[I 2025-05-15 07:32:31,630] Trial 26 finished with value: 0.6433333333333333 and parameters: {'C': 13.47496984122987, 'penalty': 'l2'}. Best is trial 16 with value: 0.6833333333333333.
[I 2025-05-15 07:32:31,671] Trial 27 finished with value: 0.6833333333333333 and parameters: {'C': 2.744451493798005, 'penalty': 'l2'}. Best is trial 16 with value: 0.6833333333333333.
[I 2025-05-15 07:32:31,705] Trial 28 finished with value: 0.5466666666666666 and parameters: {'C': 0.056795048245591825, 'penalty': 'l2'}. Best is trial 16 with value: 0.6833333333333333.
[I 2025-05-15 07:32:31,744] Trial 29 finished with value: 0.6466666666666667 and parameters: {'C': 0.6594372441116451, 'penalty': 'l2'}. Best is trial 16 with value: 0.6833333333333333.
/data/home/rtabares/anaconda3/envs/pyth3.12/lib/python3.12/site-packages/xgboost/core.py:377: FutureWarning: Your system has an old version of glibc (< 2.28). We will stop supporting Linux distros with glibc older than 2.28 after **May 31, 2025**. Please upgrade to a recent Linux distro (with glibc >= 2.28) to use future versions of XGBoost.
Note: You have installed the 'manylinux2014' variant of XGBoost. Certain features such as GPU algorithms or federated learning are not available. To use these features, please upgrade to a recent Linux distro with glibc 2.28+, and install the 'manylinux_2_28' variant.
  warnings.warn(
[I 2025-05-15 07:32:38,393] A new study created in memory with name: mlp
Parámetros guardados en checkpoint_default_Doriginal_H/k-means/IPC_27/best_models_k-means_seed_5_space_original/logreg_best_params.json


>>> Optuna tuning mlp metodo k-means IPC 27 seed 5


/data/home/rtabares/anaconda3/envs/pyth3.12/lib/python3.12/site-packages/sklearn/neural_network/_multilayer_perceptron.py:691: ConvergenceWarning: Stochastic Optimizer: Maximum iterations (50) reached and the optimization hasn't converged yet.
  warnings.warn(
/data/home/rtabares/anaconda3/envs/pyth3.12/lib/python3.12/site-packages/sklearn/neural_network/_multilayer_perceptron.py:691: ConvergenceWarning: Stochastic Optimizer: Maximum iterations (50) reached and the optimization hasn't converged yet.
  warnings.warn(
/data/home/rtabares/anaconda3/envs/pyth3.12/lib/python3.12/site-packages/sklearn/neural_network/_multilayer_perceptron.py:691: ConvergenceWarning: Stochastic Optimizer: Maximum iterations (50) reached and the optimization hasn't converged yet.
  warnings.warn(
/data/home/rtabares/anaconda3/envs/pyth3.12/lib/python3.12/site-packages/sklearn/neural_network/_multilayer_perceptron.py:691: ConvergenceWarning: Stochastic Optimizer: Maximum iterations (50) reached and the optimization hasn't converged yet.
  warnings.warn(
/data/home/rtabares/anaconda3/envs/pyth3.12/lib/python3.12/site-packages/sklearn/neural_network/_multilayer_perceptron.py:691: ConvergenceWarning: Stochastic Optimizer: Maximum iterations (50) reached and the optimization hasn't converged yet.
  warnings.warn(
[I 2025-05-15 07:32:38,651] Trial 0 finished with value: 0.4966666666666667 and parameters: {'hidden_layer_sizes': (200,), 'max_iter': 50, 'alpha': 0.001}. Best is trial 0 with value: 0.4966666666666667.
/data/home/rtabares/anaconda3/envs/pyth3.12/lib/python3.12/site-packages/sklearn/neural_network/_multilayer_perceptron.py:691: ConvergenceWarning: Stochastic Optimizer: Maximum iterations (100) reached and the optimization hasn't converged yet.
  warnings.warn(
/data/home/rtabares/anaconda3/envs/pyth3.12/lib/python3.12/site-packages/sklearn/neural_network/_multilayer_perceptron.py:691: ConvergenceWarning: Stochastic Optimizer: Maximum iterations (100) reached and the optimization hasn't converged yet.
  warnings.warn(
/data/home/rtabares/anaconda3/envs/pyth3.12/lib/python3.12/site-packages/sklearn/neural_network/_multilayer_perceptron.py:691: ConvergenceWarning: Stochastic Optimizer: Maximum iterations (100) reached and the optimization hasn't converged yet.
  warnings.warn(
/data/home/rtabares/anaconda3/envs/pyth3.12/lib/python3.12/site-packages/sklearn/neural_network/_multilayer_perceptron.py:691: ConvergenceWarning: Stochastic Optimizer: Maximum iterations (100) reached and the optimization hasn't converged yet.
  warnings.warn(
/data/home/rtabares/anaconda3/envs/pyth3.12/lib/python3.12/site-packages/sklearn/neural_network/_multilayer_perceptron.py:691: ConvergenceWarning: Stochastic Optimizer: Maximum iterations (100) reached and the optimization hasn't converged yet.
  warnings.warn(
[I 2025-05-15 07:32:38,769] Trial 1 finished with value: 0.5133333333333333 and parameters: {'hidden_layer_sizes': (100,), 'max_iter': 100, 'alpha': 0.0001}. Best is trial 1 with value: 0.5133333333333333.
/data/home/rtabares/anaconda3/envs/pyth3.12/lib/python3.12/site-packages/sklearn/neural_network/_multilayer_perceptron.py:691: ConvergenceWarning: Stochastic Optimizer: Maximum iterations (100) reached and the optimization hasn't converged yet.
  warnings.warn(
/data/home/rtabares/anaconda3/envs/pyth3.12/lib/python3.12/site-packages/sklearn/neural_network/_multilayer_perceptron.py:691: ConvergenceWarning: Stochastic Optimizer: Maximum iterations (100) reached and the optimization hasn't converged yet.
  warnings.warn(
/data/home/rtabares/anaconda3/envs/pyth3.12/lib/python3.12/site-packages/sklearn/neural_network/_multilayer_perceptron.py:691: ConvergenceWarning: Stochastic Optimizer: Maximum iterations (100) reached and the optimization hasn't converged yet.
  warnings.warn(
/data/home/rtabares/anaconda3/envs/pyth3.12/lib/python3.12/site-packages/sklearn/neural_network/_multilayer_perceptron.py:691: ConvergenceWarning: Stochastic Optimizer: Maximum iterations (100) reached and the optimization hasn't converged yet.
  warnings.warn(
/data/home/rtabares/anaconda3/envs/pyth3.12/lib/python3.12/site-packages/sklearn/neural_network/_multilayer_perceptron.py:691: ConvergenceWarning: Stochastic Optimizer: Maximum iterations (100) reached and the optimization hasn't converged yet.
  warnings.warn(
[I 2025-05-15 07:32:38,887] Trial 2 finished with value: 0.4800000000000001 and parameters: {'hidden_layer_sizes': (100,), 'max_iter': 100, 'alpha': 0.001}. Best is trial 1 with value: 0.5133333333333333.
/data/home/rtabares/anaconda3/envs/pyth3.12/lib/python3.12/site-packages/sklearn/neural_network/_multilayer_perceptron.py:691: ConvergenceWarning: Stochastic Optimizer: Maximum iterations (50) reached and the optimization hasn't converged yet.
  warnings.warn(
/data/home/rtabares/anaconda3/envs/pyth3.12/lib/python3.12/site-packages/sklearn/neural_network/_multilayer_perceptron.py:691: ConvergenceWarning: Stochastic Optimizer: Maximum iterations (50) reached and the optimization hasn't converged yet.
  warnings.warn(
/data/home/rtabares/anaconda3/envs/pyth3.12/lib/python3.12/site-packages/sklearn/neural_network/_multilayer_perceptron.py:691: ConvergenceWarning: Stochastic Optimizer: Maximum iterations (50) reached and the optimization hasn't converged yet.
  warnings.warn(
/data/home/rtabares/anaconda3/envs/pyth3.12/lib/python3.12/site-packages/sklearn/neural_network/_multilayer_perceptron.py:691: ConvergenceWarning: Stochastic Optimizer: Maximum iterations (50) reached and the optimization hasn't converged yet.
  warnings.warn(
/data/home/rtabares/anaconda3/envs/pyth3.12/lib/python3.12/site-packages/sklearn/neural_network/_multilayer_perceptron.py:691: ConvergenceWarning: Stochastic Optimizer: Maximum iterations (50) reached and the optimization hasn't converged yet.
  warnings.warn(
[I 2025-05-15 07:32:38,982] Trial 3 finished with value: 0.4966666666666667 and parameters: {'hidden_layer_sizes': (200,), 'max_iter': 50, 'alpha': 0.001}. Best is trial 1 with value: 0.5133333333333333.
/data/home/rtabares/anaconda3/envs/pyth3.12/lib/python3.12/site-packages/sklearn/neural_network/_multilayer_perceptron.py:691: ConvergenceWarning: Stochastic Optimizer: Maximum iterations (100) reached and the optimization hasn't converged yet.
  warnings.warn(
/data/home/rtabares/anaconda3/envs/pyth3.12/lib/python3.12/site-packages/sklearn/neural_network/_multilayer_perceptron.py:691: ConvergenceWarning: Stochastic Optimizer: Maximum iterations (100) reached and the optimization hasn't converged yet.
  warnings.warn(
/data/home/rtabares/anaconda3/envs/pyth3.12/lib/python3.12/site-packages/sklearn/neural_network/_multilayer_perceptron.py:691: ConvergenceWarning: Stochastic Optimizer: Maximum iterations (100) reached and the optimization hasn't converged yet.
  warnings.warn(
/data/home/rtabares/anaconda3/envs/pyth3.12/lib/python3.12/site-packages/sklearn/neural_network/_multilayer_perceptron.py:691: ConvergenceWarning: Stochastic Optimizer: Maximum iterations (100) reached and the optimization hasn't converged yet.
  warnings.warn(
/data/home/rtabares/anaconda3/envs/pyth3.12/lib/python3.12/site-packages/sklearn/neural_network/_multilayer_perceptron.py:691: ConvergenceWarning: Stochastic Optimizer: Maximum iterations (100) reached and the optimization hasn't converged yet.
  warnings.warn(
[I 2025-05-15 07:32:39,129] Trial 4 finished with value: 0.45666666666666667 and parameters: {'hidden_layer_sizes': (100,), 'max_iter': 100, 'alpha': 0.0001}. Best is trial 1 with value: 0.5133333333333333.
/data/home/rtabares/anaconda3/envs/pyth3.12/lib/python3.12/site-packages/sklearn/neural_network/_multilayer_perceptron.py:691: ConvergenceWarning: Stochastic Optimizer: Maximum iterations (100) reached and the optimization hasn't converged yet.
  warnings.warn(
/data/home/rtabares/anaconda3/envs/pyth3.12/lib/python3.12/site-packages/sklearn/neural_network/_multilayer_perceptron.py:691: ConvergenceWarning: Stochastic Optimizer: Maximum iterations (100) reached and the optimization hasn't converged yet.
  warnings.warn(
/data/home/rtabares/anaconda3/envs/pyth3.12/lib/python3.12/site-packages/sklearn/neural_network/_multilayer_perceptron.py:691: ConvergenceWarning: Stochastic Optimizer: Maximum iterations (100) reached and the optimization hasn't converged yet.
  warnings.warn(
/data/home/rtabares/anaconda3/envs/pyth3.12/lib/python3.12/site-packages/sklearn/neural_network/_multilayer_perceptron.py:691: ConvergenceWarning: Stochastic Optimizer: Maximum iterations (100) reached and the optimization hasn't converged yet.
  warnings.warn(
/data/home/rtabares/anaconda3/envs/pyth3.12/lib/python3.12/site-packages/sklearn/neural_network/_multilayer_perceptron.py:691: ConvergenceWarning: Stochastic Optimizer: Maximum iterations (100) reached and the optimization hasn't converged yet.
  warnings.warn(
[I 2025-05-15 07:32:39,287] Trial 5 finished with value: 0.4800000000000001 and parameters: {'hidden_layer_sizes': (100,), 'max_iter': 100, 'alpha': 0.001}. Best is trial 1 with value: 0.5133333333333333.
/data/home/rtabares/anaconda3/envs/pyth3.12/lib/python3.12/site-packages/sklearn/neural_network/_multilayer_perceptron.py:691: ConvergenceWarning: Stochastic Optimizer: Maximum iterations (100) reached and the optimization hasn't converged yet.
  warnings.warn(
/data/home/rtabares/anaconda3/envs/pyth3.12/lib/python3.12/site-packages/sklearn/neural_network/_multilayer_perceptron.py:691: ConvergenceWarning: Stochastic Optimizer: Maximum iterations (100) reached and the optimization hasn't converged yet.
  warnings.warn(
/data/home/rtabares/anaconda3/envs/pyth3.12/lib/python3.12/site-packages/sklearn/neural_network/_multilayer_perceptron.py:691: ConvergenceWarning: Stochastic Optimizer: Maximum iterations (100) reached and the optimization hasn't converged yet.
  warnings.warn(
/data/home/rtabares/anaconda3/envs/pyth3.12/lib/python3.12/site-packages/sklearn/neural_network/_multilayer_perceptron.py:691: ConvergenceWarning: Stochastic Optimizer: Maximum iterations (100) reached and the optimization hasn't converged yet.
  warnings.warn(
/data/home/rtabares/anaconda3/envs/pyth3.12/lib/python3.12/site-packages/sklearn/neural_network/_multilayer_perceptron.py:691: ConvergenceWarning: Stochastic Optimizer: Maximum iterations (100) reached and the optimization hasn't converged yet.
  warnings.warn(
[I 2025-05-15 07:32:39,433] Trial 6 finished with value: 0.4833333333333334 and parameters: {'hidden_layer_sizes': (200,), 'max_iter': 100, 'alpha': 0.001}. Best is trial 1 with value: 0.5133333333333333.
/data/home/rtabares/anaconda3/envs/pyth3.12/lib/python3.12/site-packages/sklearn/neural_network/_multilayer_perceptron.py:691: ConvergenceWarning: Stochastic Optimizer: Maximum iterations (100) reached and the optimization hasn't converged yet.
  warnings.warn(
/data/home/rtabares/anaconda3/envs/pyth3.12/lib/python3.12/site-packages/sklearn/neural_network/_multilayer_perceptron.py:691: ConvergenceWarning: Stochastic Optimizer: Maximum iterations (100) reached and the optimization hasn't converged yet.
  warnings.warn(
/data/home/rtabares/anaconda3/envs/pyth3.12/lib/python3.12/site-packages/sklearn/neural_network/_multilayer_perceptron.py:691: ConvergenceWarning: Stochastic Optimizer: Maximum iterations (100) reached and the optimization hasn't converged yet.
  warnings.warn(
/data/home/rtabares/anaconda3/envs/pyth3.12/lib/python3.12/site-packages/sklearn/neural_network/_multilayer_perceptron.py:691: ConvergenceWarning: Stochastic Optimizer: Maximum iterations (100) reached and the optimization hasn't converged yet.
  warnings.warn(
/data/home/rtabares/anaconda3/envs/pyth3.12/lib/python3.12/site-packages/sklearn/neural_network/_multilayer_perceptron.py:691: ConvergenceWarning: Stochastic Optimizer: Maximum iterations (100) reached and the optimization hasn't converged yet.
  warnings.warn(
[I 2025-05-15 07:32:39,592] Trial 7 finished with value: 0.45 and parameters: {'hidden_layer_sizes': (200,), 'max_iter': 100, 'alpha': 0.001}. Best is trial 1 with value: 0.5133333333333333.
/data/home/rtabares/anaconda3/envs/pyth3.12/lib/python3.12/site-packages/sklearn/neural_network/_multilayer_perceptron.py:691: ConvergenceWarning: Stochastic Optimizer: Maximum iterations (100) reached and the optimization hasn't converged yet.
  warnings.warn(
/data/home/rtabares/anaconda3/envs/pyth3.12/lib/python3.12/site-packages/sklearn/neural_network/_multilayer_perceptron.py:691: ConvergenceWarning: Stochastic Optimizer: Maximum iterations (100) reached and the optimization hasn't converged yet.
  warnings.warn(
/data/home/rtabares/anaconda3/envs/pyth3.12/lib/python3.12/site-packages/sklearn/neural_network/_multilayer_perceptron.py:691: ConvergenceWarning: Stochastic Optimizer: Maximum iterations (100) reached and the optimization hasn't converged yet.
  warnings.warn(
/data/home/rtabares/anaconda3/envs/pyth3.12/lib/python3.12/site-packages/sklearn/neural_network/_multilayer_perceptron.py:691: ConvergenceWarning: Stochastic Optimizer: Maximum iterations (100) reached and the optimization hasn't converged yet.
  warnings.warn(
/data/home/rtabares/anaconda3/envs/pyth3.12/lib/python3.12/site-packages/sklearn/neural_network/_multilayer_perceptron.py:691: ConvergenceWarning: Stochastic Optimizer: Maximum iterations (100) reached and the optimization hasn't converged yet.
  warnings.warn(
