[I 2025-05-15 07:27:07,865] Trial 11 finished with value: 0.7569444444444444 and parameters: {'n_estimators': 10, 'max_depth': 30, 'gamma': 0.778081258797679, 'subsample': 0.5991596377711633, 'colsample_bytree': 0.7769611731360244}. Best is trial 7 with value: 0.7791666666666666.
/data/home/rtabares/anaconda3/envs/pyth3.12/lib/python3.12/site-packages/xgboost/core.py:377: FutureWarning: Your system has an old version of glibc (< 2.28). We will stop supporting Linux distros with glibc older than 2.28 after **May 31, 2025**. Please upgrade to a recent Linux distro (with glibc >= 2.28) to use future versions of XGBoost.
Note: You have installed the 'manylinux2014' variant of XGBoost. Certain features such as GPU algorithms or federated learning are not available. To use these features, please upgrade to a recent Linux distro with glibc 2.28+, and install the 'manylinux_2_28' variant.
  warnings.warn(
/data/home/rtabares/anaconda3/envs/pyth3.12/lib/python3.12/site-packages/xgboost/core.py:377: FutureWarning: Your system has an old version of glibc (< 2.28). We will stop supporting Linux distros with glibc older than 2.28 after **May 31, 2025**. Please upgrade to a recent Linux distro (with glibc >= 2.28) to use future versions of XGBoost.
Note: You have installed the 'manylinux2014' variant of XGBoost. Certain features such as GPU algorithms or federated learning are not available. To use these features, please upgrade to a recent Linux distro with glibc 2.28+, and install the 'manylinux_2_28' variant.
  warnings.warn(
/data/home/rtabares/anaconda3/envs/pyth3.12/lib/python3.12/site-packages/xgboost/core.py:377: FutureWarning: Your system has an old version of glibc (< 2.28). We will stop supporting Linux distros with glibc older than 2.28 after **May 31, 2025**. Please upgrade to a recent Linux distro (with glibc >= 2.28) to use future versions of XGBoost.
Note: You have installed the 'manylinux2014' variant of XGBoost. Certain features such as GPU algorithms or federated learning are not available. To use these features, please upgrade to a recent Linux distro with glibc 2.28+, and install the 'manylinux_2_28' variant.
  warnings.warn(
/data/home/rtabares/anaconda3/envs/pyth3.12/lib/python3.12/site-packages/xgboost/core.py:377: FutureWarning: Your system has an old version of glibc (< 2.28). We will stop supporting Linux distros with glibc older than 2.28 after **May 31, 2025**. Please upgrade to a recent Linux distro (with glibc >= 2.28) to use future versions of XGBoost.
Note: You have installed the 'manylinux2014' variant of XGBoost. Certain features such as GPU algorithms or federated learning are not available. To use these features, please upgrade to a recent Linux distro with glibc 2.28+, and install the 'manylinux_2_28' variant.
  warnings.warn(
[I 2025-05-15 07:27:09,071] Trial 12 finished with value: 0.7569444444444444 and parameters: {'n_estimators': 10, 'max_depth': 30, 'gamma': 0.8094651470083497, 'subsample': 0.5249228561883639, 'colsample_bytree': 0.8598621156140489}. Best is trial 7 with value: 0.7791666666666666.
[I 2025-05-15 07:27:09,121] Trial 13 finished with value: 0.7541666666666667 and parameters: {'n_estimators': 10, 'max_depth': 30, 'gamma': 0.9847159523011899, 'subsample': 0.6109744065191631, 'colsample_bytree': 0.6874802729599064}. Best is trial 7 with value: 0.7791666666666666.
[I 2025-05-15 07:27:09,186] Trial 14 finished with value: 0.7361111111111109 and parameters: {'n_estimators': 10, 'max_depth': 30, 'gamma': 0.6824661299899393, 'subsample': 0.6592169147512574, 'colsample_bytree': 0.8390610779551777}. Best is trial 7 with value: 0.7791666666666666.
[I 2025-05-15 07:27:09,245] Trial 15 finished with value: 0.7791666666666666 and parameters: {'n_estimators': 10, 'max_depth': 30, 'gamma': 0.5549594265687077, 'subsample': 0.5052668285897938, 'colsample_bytree': 0.7091625683751013}. Best is trial 7 with value: 0.7791666666666666.
[I 2025-05-15 07:27:09,298] Trial 16 finished with value: 0.7347222222222223 and parameters: {'n_estimators': 10, 'max_depth': 30, 'gamma': 0.5164501474263279, 'subsample': 0.805506686003956, 'colsample_bytree': 0.7076541665337347}. Best is trial 7 with value: 0.7791666666666666.
[I 2025-05-15 07:27:09,357] Trial 17 finished with value: 0.7333333333333334 and parameters: {'n_estimators': 10, 'max_depth': 30, 'gamma': 0.4337243752419238, 'subsample': 0.5744899585684065, 'colsample_bytree': 0.5992566886922797}. Best is trial 7 with value: 0.7791666666666666.
[I 2025-05-15 07:27:09,411] Trial 18 finished with value: 0.7541666666666667 and parameters: {'n_estimators': 10, 'max_depth': 20, 'gamma': 0.22322525303121699, 'subsample': 0.6443650851667859, 'colsample_bytree': 0.7241612051208073}. Best is trial 7 with value: 0.7791666666666666.
[I 2025-05-15 07:27:09,485] Trial 19 finished with value: 0.7444444444444445 and parameters: {'n_estimators': 40, 'max_depth': 5, 'gamma': 0.26894010937834867, 'subsample': 0.5652525341320878, 'colsample_bytree': 0.6438280364059072}. Best is trial 7 with value: 0.7791666666666666.
[I 2025-05-15 07:27:09,536] Trial 20 finished with value: 0.7347222222222223 and parameters: {'n_estimators': 10, 'max_depth': 30, 'gamma': 0.45877778302962907, 'subsample': 0.7515116175854036, 'colsample_bytree': 0.5904969545528886}. Best is trial 7 with value: 0.7791666666666666.
[I 2025-05-15 07:27:09,579] Trial 21 finished with value: 0.7680555555555555 and parameters: {'n_estimators': 10, 'max_depth': 30, 'gamma': 0.8753453394526409, 'subsample': 0.5032329928111994, 'colsample_bytree': 0.8587752177815005}. Best is trial 7 with value: 0.7791666666666666.
[I 2025-05-15 07:27:09,640] Trial 22 finished with value: 0.7902777777777776 and parameters: {'n_estimators': 10, 'max_depth': 30, 'gamma': 0.6373548037728933, 'subsample': 0.5427402785002887, 'colsample_bytree': 0.7553883858959354}. Best is trial 22 with value: 0.7902777777777776.
[I 2025-05-15 07:27:09,700] Trial 23 finished with value: 0.8027777777777777 and parameters: {'n_estimators': 10, 'max_depth': 30, 'gamma': 0.6024859831100853, 'subsample': 0.5456108768178985, 'colsample_bytree': 0.7483036919427244}. Best is trial 23 with value: 0.8027777777777777.
[I 2025-05-15 07:27:09,752] Trial 24 finished with value: 0.673611111111111 and parameters: {'n_estimators': 10, 'max_depth': 30, 'gamma': 0.6904935324674394, 'subsample': 0.6267968988110204, 'colsample_bytree': 0.9266847394017707}. Best is trial 23 with value: 0.8027777777777777.
[I 2025-05-15 07:27:09,801] Trial 25 finished with value: 0.7097222222222223 and parameters: {'n_estimators': 10, 'max_depth': 30, 'gamma': 0.5904639389985078, 'subsample': 0.5571069721352915, 'colsample_bytree': 0.8249429575994089}. Best is trial 23 with value: 0.8027777777777777.
[I 2025-05-15 07:27:09,858] Trial 26 finished with value: 0.7333333333333333 and parameters: {'n_estimators': 10, 'max_depth': 30, 'gamma': 0.7225952481854719, 'subsample': 0.7074098206253784, 'colsample_bytree': 0.8965971524063345}. Best is trial 23 with value: 0.8027777777777777.
[I 2025-05-15 07:27:09,910] Trial 27 finished with value: 0.7902777777777776 and parameters: {'n_estimators': 10, 'max_depth': 30, 'gamma': 0.8938153671682653, 'subsample': 0.5378818926114317, 'colsample_bytree': 0.7421376781081368}. Best is trial 23 with value: 0.8027777777777777.
[I 2025-05-15 07:27:09,955] Trial 28 finished with value: 0.7569444444444444 and parameters: {'n_estimators': 40, 'max_depth': 5, 'gamma': 0.3214728873887263, 'subsample': 0.5947597010553631, 'colsample_bytree': 0.7593377931022577}. Best is trial 23 with value: 0.8027777777777777.
[I 2025-05-15 07:27:10,020] Trial 29 finished with value: 0.711111111111111 and parameters: {'n_estimators': 100, 'max_depth': 20, 'gamma': 0.9055453874221848, 'subsample': 0.8113675257557978, 'colsample_bytree': 0.7468317833689846}. Best is trial 23 with value: 0.8027777777777777.
[I 2025-05-15 07:27:22,587] A new study created in memory with name: rf
Parámetros guardados en checkpoint_adult_Doriginal_G/random/IPC_43/best_models_random_seed_5_space_original/xgb_best_params.json


>>> Optuna tuning rf metodo random IPC 43 seed 5


[I 2025-05-15 07:27:26,128] Trial 0 finished with value: 0.6847222222222222 and parameters: {'n_estimators': 189, 'max_depth': 18, 'min_samples_split': 3, 'min_samples_leaf': 10}. Best is trial 0 with value: 0.6847222222222222.
[I 2025-05-15 07:27:26,864] Trial 1 finished with value: 0.6986111111111111 and parameters: {'n_estimators': 295, 'max_depth': 14, 'min_samples_split': 8, 'min_samples_leaf': 6}. Best is trial 1 with value: 0.6986111111111111.
[I 2025-05-15 07:27:27,345] Trial 2 finished with value: 0.7222222222222222 and parameters: {'n_estimators': 219, 'max_depth': 6, 'min_samples_split': 2, 'min_samples_leaf': 8}. Best is trial 2 with value: 0.7222222222222222.
[I 2025-05-15 07:27:28,381] Trial 3 finished with value: 0.7097222222222223 and parameters: {'n_estimators': 276, 'max_depth': 5, 'min_samples_split': 9, 'min_samples_leaf': 3}. Best is trial 2 with value: 0.7222222222222222.
[I 2025-05-15 07:27:29,398] Trial 4 finished with value: 0.6625 and parameters: {'n_estimators': 266, 'max_depth': 8, 'min_samples_split': 7, 'min_samples_leaf': 6}. Best is trial 2 with value: 0.7222222222222222.
[I 2025-05-15 07:27:30,232] Trial 5 finished with value: 0.7222222222222222 and parameters: {'n_estimators': 340, 'max_depth': 7, 'min_samples_split': 4, 'min_samples_leaf': 3}. Best is trial 2 with value: 0.7222222222222222.
[I 2025-05-15 07:27:31,079] Trial 6 finished with value: 0.6847222222222222 and parameters: {'n_estimators': 231, 'max_depth': 5, 'min_samples_split': 3, 'min_samples_leaf': 10}. Best is trial 2 with value: 0.7222222222222222.
[I 2025-05-15 07:27:33,137] Trial 7 finished with value: 0.6986111111111111 and parameters: {'n_estimators': 485, 'max_depth': 6, 'min_samples_split': 2, 'min_samples_leaf': 3}. Best is trial 2 with value: 0.7222222222222222.
[I 2025-05-15 07:27:33,939] Trial 8 finished with value: 0.7236111111111111 and parameters: {'n_estimators': 380, 'max_depth': 17, 'min_samples_split': 2, 'min_samples_leaf': 6}. Best is trial 8 with value: 0.7236111111111111.
[I 2025-05-15 07:27:34,317] Trial 9 finished with value: 0.6847222222222222 and parameters: {'n_estimators': 100, 'max_depth': 12, 'min_samples_split': 7, 'min_samples_leaf': 10}. Best is trial 8 with value: 0.7236111111111111.
[I 2025-05-15 07:27:35,353] Trial 10 finished with value: 0.7097222222222223 and parameters: {'n_estimators': 406, 'max_depth': 20, 'min_samples_split': 5, 'min_samples_leaf': 5}. Best is trial 8 with value: 0.7236111111111111.
[I 2025-05-15 07:27:37,014] Trial 11 finished with value: 0.6972222222222222 and parameters: {'n_estimators': 388, 'max_depth': 16, 'min_samples_split': 2, 'min_samples_leaf': 8}. Best is trial 8 with value: 0.7236111111111111.
[I 2025-05-15 07:27:38,684] Trial 12 finished with value: 0.6763888888888889 and parameters: {'n_estimators': 155, 'max_depth': 10, 'min_samples_split': 5, 'min_samples_leaf': 8}. Best is trial 8 with value: 0.7236111111111111.
[I 2025-05-15 07:27:41,656] Trial 13 finished with value: 0.6638888888888889 and parameters: {'n_estimators': 473, 'max_depth': 11, 'min_samples_split': 2, 'min_samples_leaf': 8}. Best is trial 8 with value: 0.7236111111111111.
[I 2025-05-15 07:27:42,765] Trial 14 finished with value: 0.711111111111111 and parameters: {'n_estimators': 362, 'max_depth': 15, 'min_samples_split': 10, 'min_samples_leaf': 1}. Best is trial 8 with value: 0.7236111111111111.
[I 2025-05-15 07:27:43,895] Trial 15 finished with value: 0.6638888888888889 and parameters: {'n_estimators': 433, 'max_depth': 3, 'min_samples_split': 4, 'min_samples_leaf': 7}. Best is trial 8 with value: 0.7236111111111111.
[I 2025-05-15 07:27:44,466] Trial 16 finished with value: 0.711111111111111 and parameters: {'n_estimators': 210, 'max_depth': 9, 'min_samples_split': 4, 'min_samples_leaf': 4}. Best is trial 8 with value: 0.7236111111111111.
[I 2025-05-15 07:27:45,281] Trial 17 finished with value: 0.6875 and parameters: {'n_estimators': 320, 'max_depth': 20, 'min_samples_split': 3, 'min_samples_leaf': 7}. Best is trial 8 with value: 0.7236111111111111.
[I 2025-05-15 07:27:45,799] Trial 18 finished with value: 0.7083333333333333 and parameters: {'n_estimators': 247, 'max_depth': 13, 'min_samples_split': 6, 'min_samples_leaf': 9}. Best is trial 8 with value: 0.7236111111111111.
[I 2025-05-15 07:27:46,399] Trial 19 finished with value: 0.7111111111111111 and parameters: {'n_estimators': 158, 'max_depth': 17, 'min_samples_split': 2, 'min_samples_leaf': 5}. Best is trial 8 with value: 0.7236111111111111.
[I 2025-05-15 07:27:47,585] Trial 20 finished with value: 0.6888888888888889 and parameters: {'n_estimators': 446, 'max_depth': 3, 'min_samples_split': 5, 'min_samples_leaf': 7}. Best is trial 8 with value: 0.7236111111111111.
[I 2025-05-15 07:27:48,439] Trial 21 finished with value: 0.6749999999999999 and parameters: {'n_estimators': 335, 'max_depth': 7, 'min_samples_split': 4, 'min_samples_leaf': 1}. Best is trial 8 with value: 0.7236111111111111.
[I 2025-05-15 07:27:49,335] Trial 22 finished with value: 0.6888888888888889 and parameters: {'n_estimators': 351, 'max_depth': 8, 'min_samples_split': 3, 'min_samples_leaf': 3}. Best is trial 8 with value: 0.7236111111111111.
[I 2025-05-15 07:27:50,313] Trial 23 finished with value: 0.7 and parameters: {'n_estimators': 384, 'max_depth': 5, 'min_samples_split': 4, 'min_samples_leaf': 4}. Best is trial 8 with value: 0.7236111111111111.
[I 2025-05-15 07:27:51,104] Trial 24 finished with value: 0.7097222222222223 and parameters: {'n_estimators': 311, 'max_depth': 10, 'min_samples_split': 3, 'min_samples_leaf': 2}. Best is trial 8 with value: 0.7236111111111111.
[I 2025-05-15 07:27:52,237] Trial 25 finished with value: 0.6986111111111111 and parameters: {'n_estimators': 416, 'max_depth': 7, 'min_samples_split': 2, 'min_samples_leaf': 6}. Best is trial 8 with value: 0.7236111111111111.
[I 2025-05-15 07:27:53,370] Trial 26 finished with value: 0.7 and parameters: {'n_estimators': 368, 'max_depth': 12, 'min_samples_split': 6, 'min_samples_leaf': 4}. Best is trial 8 with value: 0.7236111111111111.
[I 2025-05-15 07:27:54,284] Trial 27 finished with value: 0.673611111111111 and parameters: {'n_estimators': 296, 'max_depth': 18, 'min_samples_split': 3, 'min_samples_leaf': 9}. Best is trial 8 with value: 0.7236111111111111.
[I 2025-05-15 07:27:55,151] Trial 28 finished with value: 0.6861111111111111 and parameters: {'n_estimators': 337, 'max_depth': 4, 'min_samples_split': 4, 'min_samples_leaf': 5}. Best is trial 8 with value: 0.7236111111111111.
[I 2025-05-15 07:27:55,633] Trial 29 finished with value: 0.675 and parameters: {'n_estimators': 171, 'max_depth': 9, 'min_samples_split': 3, 'min_samples_leaf': 2}. Best is trial 8 with value: 0.7236111111111111.
[I 2025-05-15 07:28:03,067] A new study created in memory with name: svc
Parámetros guardados en checkpoint_adult_Doriginal_G/random/IPC_43/best_models_random_seed_5_space_original/rf_best_params.json


>>> Optuna tuning svc metodo random IPC 43 seed 5


[I 2025-05-15 07:28:09,700] Trial 0 finished with value: 0.5444444444444445 and parameters: {'C': 0.07726319876517104, 'gamma': 0.3040389504793042}. Best is trial 0 with value: 0.5444444444444445.
[I 2025-05-15 07:28:09,924] Trial 1 finished with value: 0.5333333333333333 and parameters: {'C': 0.06712381339142241, 'gamma': 0.47254549996710477}. Best is trial 0 with value: 0.5444444444444445.
[I 2025-05-15 07:28:09,983] Trial 2 finished with value: 0.7430555555555556 and parameters: {'C': 0.8987621100554035, 'gamma': 0.027988231123708972}. Best is trial 2 with value: 0.7430555555555556.
[I 2025-05-15 07:28:10,027] Trial 3 finished with value: 0.7097222222222224 and parameters: {'C': 11.5779435007655, 'gamma': 0.011848734045499056}. Best is trial 2 with value: 0.7430555555555556.
[I 2025-05-15 07:28:10,071] Trial 4 finished with value: 0.5 and parameters: {'C': 0.1538870258903583, 'gamma': 0.0005634883151169033}. Best is trial 2 with value: 0.7430555555555556.
[I 2025-05-15 07:28:10,105] Trial 5 finished with value: 0.5222222222222223 and parameters: {'C': 0.021036092656561454, 'gamma': 0.08990030906808326}. Best is trial 2 with value: 0.7430555555555556.
[I 2025-05-15 07:28:10,139] Trial 6 finished with value: 0.5 and parameters: {'C': 0.5824208201678516, 'gamma': 0.00042977333932534993}. Best is trial 2 with value: 0.7430555555555556.
[I 2025-05-15 07:28:10,173] Trial 7 finished with value: 0.7555555555555556 and parameters: {'C': 33.09391330085814, 'gamma': 0.001248377256719358}. Best is trial 7 with value: 0.7555555555555556.
[I 2025-05-15 07:28:10,202] Trial 8 finished with value: 0.5 and parameters: {'C': 0.45387898639622015, 'gamma': 0.0015286910781809498}. Best is trial 7 with value: 0.7555555555555556.
[I 2025-05-15 07:28:11,499] Trial 9 finished with value: 0.7430555555555556 and parameters: {'C': 3.274550070431994, 'gamma': 0.02086177421469992}. Best is trial 7 with value: 0.7555555555555556.
[I 2025-05-15 07:28:11,531] Trial 10 finished with value: 0.7555555555555556 and parameters: {'C': 92.21380870365533, 'gamma': 0.00011081406546803206}. Best is trial 7 with value: 0.7555555555555556.
[I 2025-05-15 07:28:12,843] Trial 11 finished with value: 0.8152777777777779 and parameters: {'C': 92.67105704645444, 'gamma': 0.00015360324979391977}. Best is trial 11 with value: 0.8152777777777779.
[I 2025-05-15 07:28:14,704] Trial 12 finished with value: 0.7125 and parameters: {'C': 96.55514973982129, 'gamma': 0.0026583333198354005}. Best is trial 11 with value: 0.8152777777777779.
[I 2025-05-15 07:28:14,753] Trial 13 finished with value: 0.736111111111111 and parameters: {'C': 16.459494512220818, 'gamma': 0.00017774386645127006}. Best is trial 11 with value: 0.8152777777777779.
[I 2025-05-15 07:28:14,787] Trial 14 finished with value: 0.7805555555555557 and parameters: {'C': 6.905833510236196, 'gamma': 0.0028339934713209505}. Best is trial 11 with value: 0.8152777777777779.
[I 2025-05-15 07:28:14,827] Trial 15 finished with value: 0.7791666666666668 and parameters: {'C': 3.6626032504545654, 'gamma': 0.0038129488330640236}. Best is trial 11 with value: 0.8152777777777779.
[I 2025-05-15 07:28:14,867] Trial 16 finished with value: 0.7791666666666668 and parameters: {'C': 4.4665926034617955, 'gamma': 0.005650588412990169}. Best is trial 11 with value: 0.8152777777777779.
[I 2025-05-15 07:28:14,906] Trial 17 finished with value: 0.7916666666666667 and parameters: {'C': 18.138688254447814, 'gamma': 0.0004981988484734257}. Best is trial 11 with value: 0.8152777777777779.
[I 2025-05-15 07:28:14,956] Trial 18 finished with value: 0.7916666666666667 and parameters: {'C': 31.26721878187042, 'gamma': 0.0003096105024871279}. Best is trial 11 with value: 0.8152777777777779.
[I 2025-05-15 07:28:14,975] Trial 19 finished with value: 0.7680555555555556 and parameters: {'C': 43.13876070488243, 'gamma': 0.0007944968527480127}. Best is trial 11 with value: 0.8152777777777779.
[I 2025-05-15 07:28:15,015] Trial 20 finished with value: 0.5 and parameters: {'C': 2.4352654695433986, 'gamma': 0.00019849257735567662}. Best is trial 11 with value: 0.8152777777777779.
[I 2025-05-15 07:28:15,036] Trial 21 finished with value: 0.7805555555555556 and parameters: {'C': 21.937219241948174, 'gamma': 0.0003325313136422269}. Best is trial 11 with value: 0.8152777777777779.
[I 2025-05-15 07:28:16,705] Trial 22 finished with value: 0.8152777777777779 and parameters: {'C': 49.118562610792374, 'gamma': 0.0002790012540443491}. Best is trial 11 with value: 0.8152777777777779.
[I 2025-05-15 07:28:16,752] Trial 23 finished with value: 0.7916666666666666 and parameters: {'C': 55.75890657060764, 'gamma': 0.00012557276334458718}. Best is trial 11 with value: 0.8152777777777779.
[I 2025-05-15 07:28:16,819] Trial 24 finished with value: 0.7805555555555557 and parameters: {'C': 13.482892536355184, 'gamma': 0.0009822970558446974}. Best is trial 11 with value: 0.8152777777777779.
[I 2025-05-15 07:28:16,855] Trial 25 finished with value: 0.8041666666666668 and parameters: {'C': 61.264186825924256, 'gamma': 0.00026847489606687233}. Best is trial 11 with value: 0.8152777777777779.
[I 2025-05-15 07:28:16,912] Trial 26 finished with value: 0.7805555555555556 and parameters: {'C': 69.60162520084863, 'gamma': 0.000266365035996731}. Best is trial 11 with value: 0.8152777777777779.
[I 2025-05-15 07:28:16,951] Trial 27 finished with value: 0.7805555555555557 and parameters: {'C': 7.9789306657083285, 'gamma': 0.0015389579294508996}. Best is trial 11 with value: 0.8152777777777779.
[I 2025-05-15 07:28:17,003] Trial 28 finished with value: 0.7902777777777776 and parameters: {'C': 37.741131405201685, 'gamma': 0.00012830411255496086}. Best is trial 11 with value: 0.8152777777777779.
[I 2025-05-15 07:28:17,046] Trial 29 finished with value: 0.5 and parameters: {'C': 2.1390439155390077, 'gamma': 0.000622376963675946}. Best is trial 11 with value: 0.8152777777777779.
[I 2025-05-15 07:28:26,113] A new study created in memory with name: logreg
Parámetros guardados en checkpoint_adult_Doriginal_G/random/IPC_43/best_models_random_seed_5_space_original/svc_best_params.json


>>> Optuna tuning logreg metodo random IPC 43 seed 5


[I 2025-05-15 07:28:27,015] Trial 0 finished with value: 0.8027777777777778 and parameters: {'C': 0.012881482725481003, 'penalty': 'l2'}. Best is trial 0 with value: 0.8027777777777778.
[I 2025-05-15 07:28:27,071] Trial 1 finished with value: 0.7125 and parameters: {'C': 22.576755560681583, 'penalty': 'l2'}. Best is trial 0 with value: 0.8027777777777778.
[I 2025-05-15 07:28:27,951] Trial 2 finished with value: 0.7916666666666666 and parameters: {'C': 0.010804278656839932, 'penalty': 'l2'}. Best is trial 0 with value: 0.8027777777777778.
