[I 2025-05-15 08:21:03,746] Trial 11 finished with value: 1.0 and parameters: {'n_estimators': 380, 'max_depth': 4, 'min_samples_split': 4, 'min_samples_leaf': 1}. Best is trial 0 with value: 1.0.
[I 2025-05-15 08:21:08,819] Trial 12 finished with value: 1.0 and parameters: {'n_estimators': 498, 'max_depth': 3, 'min_samples_split': 7, 'min_samples_leaf': 7}. Best is trial 0 with value: 1.0.
[I 2025-05-15 08:21:11,187] Trial 13 finished with value: 1.0 and parameters: {'n_estimators': 362, 'max_depth': 11, 'min_samples_split': 10, 'min_samples_leaf': 8}. Best is trial 0 with value: 1.0.
[I 2025-05-15 08:21:14,462] Trial 14 finished with value: 1.0 and parameters: {'n_estimators': 185, 'max_depth': 6, 'min_samples_split': 8, 'min_samples_leaf': 1}. Best is trial 0 with value: 1.0.
[I 2025-05-15 08:21:16,524] Trial 15 finished with value: 1.0 and parameters: {'n_estimators': 436, 'max_depth': 9, 'min_samples_split': 5, 'min_samples_leaf': 6}. Best is trial 0 with value: 1.0.
[I 2025-05-15 08:21:18,015] Trial 16 finished with value: 1.0 and parameters: {'n_estimators': 320, 'max_depth': 17, 'min_samples_split': 7, 'min_samples_leaf': 3}. Best is trial 0 with value: 1.0.
[I 2025-05-15 08:21:19,054] Trial 17 finished with value: 1.0 and parameters: {'n_estimators': 177, 'max_depth': 12, 'min_samples_split': 3, 'min_samples_leaf': 7}. Best is trial 0 with value: 1.0.
[I 2025-05-15 08:21:22,536] Trial 18 finished with value: 1.0 and parameters: {'n_estimators': 460, 'max_depth': 13, 'min_samples_split': 9, 'min_samples_leaf': 5}. Best is trial 0 with value: 1.0.
[I 2025-05-15 08:21:23,708] Trial 19 finished with value: 1.0 and parameters: {'n_estimators': 158, 'max_depth': 18, 'min_samples_split': 6, 'min_samples_leaf': 2}. Best is trial 0 with value: 1.0.
[I 2025-05-15 08:21:25,286] Trial 20 finished with value: 1.0 and parameters: {'n_estimators': 334, 'max_depth': 9, 'min_samples_split': 4, 'min_samples_leaf': 8}. Best is trial 0 with value: 1.0.
[I 2025-05-15 08:21:26,725] Trial 21 finished with value: 1.0 and parameters: {'n_estimators': 304, 'max_depth': 10, 'min_samples_split': 6, 'min_samples_leaf': 6}. Best is trial 0 with value: 1.0.
[I 2025-05-15 08:21:27,784] Trial 22 finished with value: 1.0 and parameters: {'n_estimators': 270, 'max_depth': 13, 'min_samples_split': 6, 'min_samples_leaf': 6}. Best is trial 0 with value: 1.0.
[I 2025-05-15 08:21:28,893] Trial 23 finished with value: 1.0 and parameters: {'n_estimators': 211, 'max_depth': 4, 'min_samples_split': 4, 'min_samples_leaf': 5}. Best is trial 0 with value: 1.0.
[I 2025-05-15 08:21:30,506] Trial 24 finished with value: 1.0 and parameters: {'n_estimators': 349, 'max_depth': 6, 'min_samples_split': 8, 'min_samples_leaf': 8}. Best is trial 0 with value: 1.0.
[I 2025-05-15 08:21:31,829] Trial 25 finished with value: 1.0 and parameters: {'n_estimators': 423, 'max_depth': 18, 'min_samples_split': 5, 'min_samples_leaf': 6}. Best is trial 0 with value: 1.0.
[I 2025-05-15 08:21:33,282] Trial 26 finished with value: 1.0 and parameters: {'n_estimators': 390, 'max_depth': 8, 'min_samples_split': 7, 'min_samples_leaf': 7}. Best is trial 0 with value: 1.0.
[I 2025-05-15 08:21:34,302] Trial 27 finished with value: 1.0 and parameters: {'n_estimators': 290, 'max_depth': 14, 'min_samples_split': 9, 'min_samples_leaf': 5}. Best is trial 0 with value: 1.0.
[I 2025-05-15 08:21:37,389] Trial 28 finished with value: 1.0 and parameters: {'n_estimators': 462, 'max_depth': 11, 'min_samples_split': 6, 'min_samples_leaf': 4}. Best is trial 0 with value: 1.0.
[I 2025-05-15 08:21:38,184] Trial 29 finished with value: 1.0 and parameters: {'n_estimators': 103, 'max_depth': 5, 'min_samples_split': 6, 'min_samples_leaf': 5}. Best is trial 0 with value: 1.0.
[I 2025-05-15 08:21:53,477] A new study created in memory with name: svc
Parámetros guardados en checkpoint_default_Doriginal_H/lc/IPC_27/best_models_lc_seed_8_space_original/rf_best_params.json


>>> Optuna tuning svc metodo lc IPC 27 seed 8


[I 2025-05-15 08:21:56,744] Trial 0 finished with value: 0.76 and parameters: {'C': 31.168622654226873, 'gamma': 0.7484497562485191}. Best is trial 0 with value: 0.76.
[I 2025-05-15 08:21:56,905] Trial 1 finished with value: 0.9833333333333334 and parameters: {'C': 29.976309274600954, 'gamma': 0.013286872459026702}. Best is trial 1 with value: 0.9833333333333334.
[I 2025-05-15 08:21:56,927] Trial 2 finished with value: 0.6 and parameters: {'C': 0.08529298465080307, 'gamma': 0.00011106960237430257}. Best is trial 1 with value: 0.9833333333333334.
[I 2025-05-15 08:21:56,965] Trial 3 finished with value: 0.9466666666666667 and parameters: {'C': 0.5270784658374341, 'gamma': 0.004068229457500922}. Best is trial 1 with value: 0.9833333333333334.
[I 2025-05-15 08:21:56,991] Trial 4 finished with value: 1.0 and parameters: {'C': 1.2322495987505253, 'gamma': 0.008195343912941565}. Best is trial 4 with value: 1.0.
[I 2025-05-15 08:21:57,018] Trial 5 finished with value: 0.9833333333333334 and parameters: {'C': 1.6650446929687996, 'gamma': 0.014912280706161869}. Best is trial 4 with value: 1.0.
[I 2025-05-15 08:21:57,034] Trial 6 finished with value: 0.9833333333333334 and parameters: {'C': 11.055599623279033, 'gamma': 0.07071284267178823}. Best is trial 4 with value: 1.0.
[I 2025-05-15 08:21:57,048] Trial 7 finished with value: 1.0 and parameters: {'C': 3.0111222251271013, 'gamma': 0.00506252384623837}. Best is trial 4 with value: 1.0.
[I 2025-05-15 08:21:57,083] Trial 8 finished with value: 0.52 and parameters: {'C': 0.1433177931243846, 'gamma': 0.7859971382309453}. Best is trial 4 with value: 1.0.
[I 2025-05-15 08:21:57,109] Trial 9 finished with value: 0.6 and parameters: {'C': 0.21631975482828378, 'gamma': 0.0007502469581683287}. Best is trial 4 with value: 1.0.
[I 2025-05-15 08:21:57,138] Trial 10 finished with value: 0.6 and parameters: {'C': 0.017638427471881504, 'gamma': 0.09519635614092868}. Best is trial 4 with value: 1.0.
[I 2025-05-15 08:21:58,883] Trial 11 finished with value: 1.0 and parameters: {'C': 3.394532731945007, 'gamma': 0.0019340137255745456}. Best is trial 4 with value: 1.0.
[I 2025-05-15 08:22:00,693] Trial 12 finished with value: 0.9666666666666668 and parameters: {'C': 4.2412523819574135, 'gamma': 0.0006476954402755323}. Best is trial 4 with value: 1.0.
[I 2025-05-15 08:22:00,773] Trial 13 finished with value: 0.9833333333333334 and parameters: {'C': 0.5554579357309956, 'gamma': 0.05405653598946015}. Best is trial 4 with value: 1.0.
[I 2025-05-15 08:22:00,837] Trial 14 finished with value: 1.0 and parameters: {'C': 74.25281392423697, 'gamma': 0.004164298074674875}. Best is trial 4 with value: 1.0.
[I 2025-05-15 08:22:00,910] Trial 15 finished with value: 0.9833333333333334 and parameters: {'C': 6.7307947539071336, 'gamma': 0.02589526378229615}. Best is trial 4 with value: 1.0.
[I 2025-05-15 08:22:00,967] Trial 16 finished with value: 0.73 and parameters: {'C': 1.6487922086060902, 'gamma': 0.00028469580790473965}. Best is trial 4 with value: 1.0.
[I 2025-05-15 08:22:01,021] Trial 17 finished with value: 0.6 and parameters: {'C': 0.01879642343286856, 'gamma': 0.004182083243834893}. Best is trial 4 with value: 1.0.
[I 2025-05-15 08:22:01,068] Trial 18 finished with value: 0.89 and parameters: {'C': 0.7346479930220936, 'gamma': 0.2553751185547148}. Best is trial 4 with value: 1.0.
[I 2025-05-15 08:22:01,117] Trial 19 finished with value: 1.0 and parameters: {'C': 20.387966550329605, 'gamma': 0.0010138048615275902}. Best is trial 4 with value: 1.0.
[I 2025-05-15 08:22:01,163] Trial 20 finished with value: 0.9666666666666668 and parameters: {'C': 1.9588862679216625, 'gamma': 0.03233578288281358}. Best is trial 4 with value: 1.0.
[I 2025-05-15 08:22:01,235] Trial 21 finished with value: 1.0 and parameters: {'C': 3.894305343668571, 'gamma': 0.0019975834863407457}. Best is trial 4 with value: 1.0.
[I 2025-05-15 08:22:01,296] Trial 22 finished with value: 1.0 and parameters: {'C': 2.963765945767089, 'gamma': 0.00754432090894222}. Best is trial 4 with value: 1.0.
[I 2025-05-15 08:22:01,350] Trial 23 finished with value: 1.0 and parameters: {'C': 9.921497640955453, 'gamma': 0.0022122631519129188}. Best is trial 4 with value: 1.0.
[I 2025-05-15 08:22:01,412] Trial 24 finished with value: 0.9466666666666667 and parameters: {'C': 0.29865879611146473, 'gamma': 0.007892177082533258}. Best is trial 4 with value: 1.0.
[I 2025-05-15 08:22:01,486] Trial 25 finished with value: 0.9466666666666667 and parameters: {'C': 1.0755488164364568, 'gamma': 0.0016561752664279452}. Best is trial 4 with value: 1.0.
[I 2025-05-15 08:22:01,530] Trial 26 finished with value: 1.0 and parameters: {'C': 7.9257257289236565, 'gamma': 0.006120645672144614}. Best is trial 4 with value: 1.0.
[I 2025-05-15 08:22:01,632] Trial 27 finished with value: 1.0 and parameters: {'C': 93.51280047071131, 'gamma': 0.00030846596707231633}. Best is trial 4 with value: 1.0.
[I 2025-05-15 08:22:01,694] Trial 28 finished with value: 0.6 and parameters: {'C': 0.03845069676863375, 'gamma': 0.0157912238137488}. Best is trial 4 with value: 1.0.
[I 2025-05-15 08:22:01,772] Trial 29 finished with value: 0.9833333333333334 and parameters: {'C': 21.44592820236891, 'gamma': 0.1839831436711206}. Best is trial 4 with value: 1.0.
[I 2025-05-15 08:22:15,090] A new study created in memory with name: logreg
Parámetros guardados en checkpoint_default_Doriginal_H/lc/IPC_27/best_models_lc_seed_8_space_original/svc_best_params.json


>>> Optuna tuning logreg metodo lc IPC 27 seed 8


[I 2025-05-15 08:22:17,217] Trial 0 finished with value: 1.0 and parameters: {'C': 23.288794782471303, 'penalty': 'l2'}. Best is trial 0 with value: 1.0.
[I 2025-05-15 08:22:17,255] Trial 1 finished with value: 1.0 and parameters: {'C': 69.61507800412923, 'penalty': 'l2'}. Best is trial 0 with value: 1.0.
[I 2025-05-15 08:22:17,289] Trial 2 finished with value: 1.0 and parameters: {'C': 22.180569925473442, 'penalty': 'l2'}. Best is trial 0 with value: 1.0.
[I 2025-05-15 08:22:17,305] Trial 3 finished with value: 1.0 and parameters: {'C': 0.4511058486037652, 'penalty': 'l2'}. Best is trial 0 with value: 1.0.
[I 2025-05-15 08:22:17,336] Trial 4 finished with value: 0.9466666666666667 and parameters: {'C': 0.014576110093994574, 'penalty': 'l2'}. Best is trial 0 with value: 1.0.
[I 2025-05-15 08:22:17,360] Trial 5 finished with value: 0.93 and parameters: {'C': 0.0011402340906886685, 'penalty': 'l2'}. Best is trial 0 with value: 1.0.
[I 2025-05-15 08:22:19,234] Trial 6 finished with value: 1.0 and parameters: {'C': 0.14201822862985758, 'penalty': 'l2'}. Best is trial 0 with value: 1.0.
[I 2025-05-15 08:22:19,269] Trial 7 finished with value: 1.0 and parameters: {'C': 0.1027440782219989, 'penalty': 'l2'}. Best is trial 0 with value: 1.0.
[I 2025-05-15 08:22:19,293] Trial 8 finished with value: 1.0 and parameters: {'C': 0.41055690122086846, 'penalty': 'l2'}. Best is trial 0 with value: 1.0.
[I 2025-05-15 08:22:19,317] Trial 9 finished with value: 1.0 and parameters: {'C': 0.24658064201770763, 'penalty': 'l2'}. Best is trial 0 with value: 1.0.
[I 2025-05-15 08:22:19,338] Trial 10 finished with value: 1.0 and parameters: {'C': 5.817250906722227, 'penalty': 'l2'}. Best is trial 0 with value: 1.0.
[I 2025-05-15 08:22:21,189] Trial 11 finished with value: 1.0 and parameters: {'C': 65.32501288941612, 'penalty': 'l2'}. Best is trial 0 with value: 1.0.
[I 2025-05-15 08:22:22,579] Trial 12 finished with value: 1.0 and parameters: {'C': 4.377709439924529, 'penalty': 'l2'}. Best is trial 0 with value: 1.0.
[I 2025-05-15 08:22:22,617] Trial 13 finished with value: 1.0 and parameters: {'C': 82.7447055757053, 'penalty': 'l2'}. Best is trial 0 with value: 1.0.
[I 2025-05-15 08:22:22,653] Trial 14 finished with value: 1.0 and parameters: {'C': 5.484053936900719, 'penalty': 'l2'}. Best is trial 0 with value: 1.0.
[I 2025-05-15 08:22:22,695] Trial 15 finished with value: 1.0 and parameters: {'C': 19.720857672047558, 'penalty': 'l2'}. Best is trial 0 with value: 1.0.
[I 2025-05-15 08:22:22,721] Trial 16 finished with value: 1.0 and parameters: {'C': 1.8557156226210034, 'penalty': 'l2'}. Best is trial 0 with value: 1.0.
[I 2025-05-15 08:22:22,753] Trial 17 finished with value: 1.0 and parameters: {'C': 26.516932569464544, 'penalty': 'l2'}. Best is trial 0 with value: 1.0.
[I 2025-05-15 08:22:22,778] Trial 18 finished with value: 1.0 and parameters: {'C': 1.188244763655516, 'penalty': 'l2'}. Best is trial 0 with value: 1.0.
[I 2025-05-15 08:22:22,823] Trial 19 finished with value: 1.0 and parameters: {'C': 12.093447142589671, 'penalty': 'l2'}. Best is trial 0 with value: 1.0.
[I 2025-05-15 08:22:22,860] Trial 20 finished with value: 1.0 and parameters: {'C': 95.89596440448501, 'penalty': 'l2'}. Best is trial 0 with value: 1.0.
[I 2025-05-15 08:22:22,897] Trial 21 finished with value: 1.0 and parameters: {'C': 28.44943793229338, 'penalty': 'l2'}. Best is trial 0 with value: 1.0.
[I 2025-05-15 08:22:22,945] Trial 22 finished with value: 1.0 and parameters: {'C': 13.869868316172683, 'penalty': 'l2'}. Best is trial 0 with value: 1.0.
[I 2025-05-15 08:22:22,997] Trial 23 finished with value: 1.0 and parameters: {'C': 37.440738291089126, 'penalty': 'l2'}. Best is trial 0 with value: 1.0.
[I 2025-05-15 08:22:24,653] Trial 24 finished with value: 1.0 and parameters: {'C': 2.47685391214756, 'penalty': 'l2'}. Best is trial 0 with value: 1.0.
[I 2025-05-15 08:22:24,681] Trial 25 finished with value: 1.0 and parameters: {'C': 10.036757127704108, 'penalty': 'l2'}. Best is trial 0 with value: 1.0.
[I 2025-05-15 08:22:24,711] Trial 26 finished with value: 1.0 and parameters: {'C': 1.3194627280974967, 'penalty': 'l2'}. Best is trial 0 with value: 1.0.
[I 2025-05-15 08:22:24,742] Trial 27 finished with value: 1.0 and parameters: {'C': 37.191162355747906, 'penalty': 'l2'}. Best is trial 0 with value: 1.0.
[I 2025-05-15 08:22:24,789] Trial 28 finished with value: 0.9833333333333334 and parameters: {'C': 0.029434059060519695, 'penalty': 'l2'}. Best is trial 0 with value: 1.0.
[I 2025-05-15 08:22:24,849] Trial 29 finished with value: 1.0 and parameters: {'C': 0.9428308103218245, 'penalty': 'l2'}. Best is trial 0 with value: 1.0.
[I 2025-05-15 08:22:31,927] A new study created in memory with name: mlp
Parámetros guardados en checkpoint_default_Doriginal_H/lc/IPC_27/best_models_lc_seed_8_space_original/logreg_best_params.json


>>> Optuna tuning mlp metodo lc IPC 27 seed 8


/data/home/rtabares/anaconda3/envs/pyth3.12/lib/python3.12/site-packages/sklearn/neural_network/_multilayer_perceptron.py:691: ConvergenceWarning: Stochastic Optimizer: Maximum iterations (50) reached and the optimization hasn't converged yet.
  warnings.warn(
/data/home/rtabares/anaconda3/envs/pyth3.12/lib/python3.12/site-packages/sklearn/neural_network/_multilayer_perceptron.py:691: ConvergenceWarning: Stochastic Optimizer: Maximum iterations (50) reached and the optimization hasn't converged yet.
  warnings.warn(
/data/home/rtabares/anaconda3/envs/pyth3.12/lib/python3.12/site-packages/sklearn/neural_network/_multilayer_perceptron.py:691: ConvergenceWarning: Stochastic Optimizer: Maximum iterations (50) reached and the optimization hasn't converged yet.
  warnings.warn(
/data/home/rtabares/anaconda3/envs/pyth3.12/lib/python3.12/site-packages/sklearn/neural_network/_multilayer_perceptron.py:691: ConvergenceWarning: Stochastic Optimizer: Maximum iterations (50) reached and the optimization hasn't converged yet.
  warnings.warn(
/data/home/rtabares/anaconda3/envs/pyth3.12/lib/python3.12/site-packages/sklearn/neural_network/_multilayer_perceptron.py:691: ConvergenceWarning: Stochastic Optimizer: Maximum iterations (50) reached and the optimization hasn't converged yet.
  warnings.warn(
[I 2025-05-15 08:22:35,838] Trial 0 finished with value: 1.0 and parameters: {'hidden_layer_sizes': (200,), 'max_iter': 50, 'alpha': 0.001}. Best is trial 0 with value: 1.0.
/data/home/rtabares/anaconda3/envs/pyth3.12/lib/python3.12/site-packages/sklearn/neural_network/_multilayer_perceptron.py:691: ConvergenceWarning: Stochastic Optimizer: Maximum iterations (50) reached and the optimization hasn't converged yet.
  warnings.warn(
/data/home/rtabares/anaconda3/envs/pyth3.12/lib/python3.12/site-packages/sklearn/neural_network/_multilayer_perceptron.py:691: ConvergenceWarning: Stochastic Optimizer: Maximum iterations (50) reached and the optimization hasn't converged yet.
  warnings.warn(
/data/home/rtabares/anaconda3/envs/pyth3.12/lib/python3.12/site-packages/sklearn/neural_network/_multilayer_perceptron.py:691: ConvergenceWarning: Stochastic Optimizer: Maximum iterations (50) reached and the optimization hasn't converged yet.
  warnings.warn(
/data/home/rtabares/anaconda3/envs/pyth3.12/lib/python3.12/site-packages/sklearn/neural_network/_multilayer_perceptron.py:691: ConvergenceWarning: Stochastic Optimizer: Maximum iterations (50) reached and the optimization hasn't converged yet.
  warnings.warn(
/data/home/rtabares/anaconda3/envs/pyth3.12/lib/python3.12/site-packages/sklearn/neural_network/_multilayer_perceptron.py:691: ConvergenceWarning: Stochastic Optimizer: Maximum iterations (50) reached and the optimization hasn't converged yet.
  warnings.warn(
[I 2025-05-15 08:22:36,169] Trial 1 finished with value: 1.0 and parameters: {'hidden_layer_sizes': (200,), 'max_iter': 50, 'alpha': 0.0001}. Best is trial 0 with value: 1.0.
/data/home/rtabares/anaconda3/envs/pyth3.12/lib/python3.12/site-packages/sklearn/neural_network/_multilayer_perceptron.py:691: ConvergenceWarning: Stochastic Optimizer: Maximum iterations (50) reached and the optimization hasn't converged yet.
  warnings.warn(
/data/home/rtabares/anaconda3/envs/pyth3.12/lib/python3.12/site-packages/sklearn/neural_network/_multilayer_perceptron.py:691: ConvergenceWarning: Stochastic Optimizer: Maximum iterations (50) reached and the optimization hasn't converged yet.
  warnings.warn(
/data/home/rtabares/anaconda3/envs/pyth3.12/lib/python3.12/site-packages/sklearn/neural_network/_multilayer_perceptron.py:691: ConvergenceWarning: Stochastic Optimizer: Maximum iterations (50) reached and the optimization hasn't converged yet.
  warnings.warn(
/data/home/rtabares/anaconda3/envs/pyth3.12/lib/python3.12/site-packages/sklearn/neural_network/_multilayer_perceptron.py:691: ConvergenceWarning: Stochastic Optimizer: Maximum iterations (50) reached and the optimization hasn't converged yet.
  warnings.warn(
/data/home/rtabares/anaconda3/envs/pyth3.12/lib/python3.12/site-packages/sklearn/neural_network/_multilayer_perceptron.py:691: ConvergenceWarning: Stochastic Optimizer: Maximum iterations (50) reached and the optimization hasn't converged yet.
  warnings.warn(
[I 2025-05-15 08:22:36,237] Trial 2 finished with value: 1.0 and parameters: {'hidden_layer_sizes': (100,), 'max_iter': 50, 'alpha': 0.0001}. Best is trial 0 with value: 1.0.
/data/home/rtabares/anaconda3/envs/pyth3.12/lib/python3.12/site-packages/sklearn/neural_network/_multilayer_perceptron.py:691: ConvergenceWarning: Stochastic Optimizer: Maximum iterations (100) reached and the optimization hasn't converged yet.
  warnings.warn(
/data/home/rtabares/anaconda3/envs/pyth3.12/lib/python3.12/site-packages/sklearn/neural_network/_multilayer_perceptron.py:691: ConvergenceWarning: Stochastic Optimizer: Maximum iterations (100) reached and the optimization hasn't converged yet.
  warnings.warn(
/data/home/rtabares/anaconda3/envs/pyth3.12/lib/python3.12/site-packages/sklearn/neural_network/_multilayer_perceptron.py:691: ConvergenceWarning: Stochastic Optimizer: Maximum iterations (100) reached and the optimization hasn't converged yet.
  warnings.warn(
/data/home/rtabares/anaconda3/envs/pyth3.12/lib/python3.12/site-packages/sklearn/neural_network/_multilayer_perceptron.py:691: ConvergenceWarning: Stochastic Optimizer: Maximum iterations (100) reached and the optimization hasn't converged yet.
  warnings.warn(
/data/home/rtabares/anaconda3/envs/pyth3.12/lib/python3.12/site-packages/sklearn/neural_network/_multilayer_perceptron.py:691: ConvergenceWarning: Stochastic Optimizer: Maximum iterations (100) reached and the optimization hasn't converged yet.
  warnings.warn(
[I 2025-05-15 08:22:37,195] Trial 3 finished with value: 1.0 and parameters: {'hidden_layer_sizes': (100,), 'max_iter': 100, 'alpha': 0.001}. Best is trial 0 with value: 1.0.
/data/home/rtabares/anaconda3/envs/pyth3.12/lib/python3.12/site-packages/sklearn/neural_network/_multilayer_perceptron.py:691: ConvergenceWarning: Stochastic Optimizer: Maximum iterations (100) reached and the optimization hasn't converged yet.
  warnings.warn(
