[I 2025-05-15 07:36:26,537] Trial 29 finished with value: 0.39 and parameters: {'hidden_layer_sizes': (200,), 'max_iter': 50, 'alpha': 0.001}. Best is trial 7 with value: 0.5033333333333333.
/data/home/rtabares/anaconda3/envs/pyth3.12/lib/python3.12/site-packages/xgboost/core.py:377: FutureWarning: Your system has an old version of glibc (< 2.28). We will stop supporting Linux distros with glibc older than 2.28 after **May 31, 2025**. Please upgrade to a recent Linux distro (with glibc >= 2.28) to use future versions of XGBoost.
Note: You have installed the 'manylinux2014' variant of XGBoost. Certain features such as GPU algorithms or federated learning are not available. To use these features, please upgrade to a recent Linux distro with glibc 2.28+, and install the 'manylinux_2_28' variant.
  warnings.warn(
[I 2025-05-15 07:36:45,259] A new study created in memory with name: xgb
Parámetros guardados en checkpoint_default_Doriginal_H/k_center/IPC_27/best_models_k_center_seed_5_space_original/mlp_best_params.json
Clases:  [ True False  True ...  True False  True]
Forma de chosen:  [ 4893  3034 20664 15039   267 10148   763  6599  5717 15712 15698  6247
  5228 15204 18297 17362   667 13322 14857  6053  7033  2190 11642 12994
  6843 10037  9465] <class 'numpy.ndarray'>
Forma de idxs: (array([    0,     2,     7, ..., 26996, 26997, 26999], shape=(21028,)),) <class 'tuple'>
Clases:  [False  True False ... False  True False]
Forma de chosen:  [3428 1422 4146 4718  593  371 5606 5796 5473 2411  734 5776  883 4639
 5513 4997 4976 1670 4594 5107 3946 2633 2905 5431 3858 5483 3072] <class 'numpy.ndarray'>
Forma de idxs: (array([    1,     3,     4, ..., 26986, 26987, 26998], shape=(5972,)),) <class 'tuple'>


>>> Optuna tuning xgb metodo lc IPC 27 seed 5


/data/home/rtabares/anaconda3/envs/pyth3.12/lib/python3.12/site-packages/xgboost/core.py:377: FutureWarning: Your system has an old version of glibc (< 2.28). We will stop supporting Linux distros with glibc older than 2.28 after **May 31, 2025**. Please upgrade to a recent Linux distro (with glibc >= 2.28) to use future versions of XGBoost.
Note: You have installed the 'manylinux2014' variant of XGBoost. Certain features such as GPU algorithms or federated learning are not available. To use these features, please upgrade to a recent Linux distro with glibc 2.28+, and install the 'manylinux_2_28' variant.
  warnings.warn(
[I 2025-05-15 07:36:45,520] Trial 0 finished with value: 0.9666666666666668 and parameters: {'n_estimators': 40, 'max_depth': 5, 'gamma': 0.789317070832284, 'subsample': 0.7592089939364717, 'colsample_bytree': 0.648400250788111}. Best is trial 0 with value: 0.9666666666666668.
/data/home/rtabares/anaconda3/envs/pyth3.12/lib/python3.12/site-packages/xgboost/core.py:377: FutureWarning: Your system has an old version of glibc (< 2.28). We will stop supporting Linux distros with glibc older than 2.28 after **May 31, 2025**. Please upgrade to a recent Linux distro (with glibc >= 2.28) to use future versions of XGBoost.
Note: You have installed the 'manylinux2014' variant of XGBoost. Certain features such as GPU algorithms or federated learning are not available. To use these features, please upgrade to a recent Linux distro with glibc 2.28+, and install the 'manylinux_2_28' variant.
  warnings.warn(
/data/home/rtabares/anaconda3/envs/pyth3.12/lib/python3.12/site-packages/xgboost/core.py:377: FutureWarning: Your system has an old version of glibc (< 2.28). We will stop supporting Linux distros with glibc older than 2.28 after **May 31, 2025**. Please upgrade to a recent Linux distro (with glibc >= 2.28) to use future versions of XGBoost.
Note: You have installed the 'manylinux2014' variant of XGBoost. Certain features such as GPU algorithms or federated learning are not available. To use these features, please upgrade to a recent Linux distro with glibc 2.28+, and install the 'manylinux_2_28' variant.
  warnings.warn(
/data/home/rtabares/anaconda3/envs/pyth3.12/lib/python3.12/site-packages/xgboost/core.py:377: FutureWarning: Your system has an old version of glibc (< 2.28). We will stop supporting Linux distros with glibc older than 2.28 after **May 31, 2025**. Please upgrade to a recent Linux distro (with glibc >= 2.28) to use future versions of XGBoost.
Note: You have installed the 'manylinux2014' variant of XGBoost. Certain features such as GPU algorithms or federated learning are not available. To use these features, please upgrade to a recent Linux distro with glibc 2.28+, and install the 'manylinux_2_28' variant.
  warnings.warn(
[I 2025-05-15 07:36:45,579] Trial 1 finished with value: 0.9833333333333334 and parameters: {'n_estimators': 100, 'max_depth': 30, 'gamma': 0.34667781579300216, 'subsample': 0.7071175095405257, 'colsample_bytree': 0.6480399663668239}. Best is trial 1 with value: 0.9833333333333334.
/data/home/rtabares/anaconda3/envs/pyth3.12/lib/python3.12/site-packages/xgboost/core.py:377: FutureWarning: Your system has an old version of glibc (< 2.28). We will stop supporting Linux distros with glibc older than 2.28 after **May 31, 2025**. Please upgrade to a recent Linux distro (with glibc >= 2.28) to use future versions of XGBoost.
Note: You have installed the 'manylinux2014' variant of XGBoost. Certain features such as GPU algorithms or federated learning are not available. To use these features, please upgrade to a recent Linux distro with glibc 2.28+, and install the 'manylinux_2_28' variant.
  warnings.warn(
[I 2025-05-15 07:36:45,627] Trial 2 finished with value: 0.9833333333333334 and parameters: {'n_estimators': 10, 'max_depth': 20, 'gamma': 0.3948075529198607, 'subsample': 0.5720821503267102, 'colsample_bytree': 0.5828064306006338}. Best is trial 1 with value: 0.9833333333333334.
/data/home/rtabares/anaconda3/envs/pyth3.12/lib/python3.12/site-packages/xgboost/core.py:377: FutureWarning: Your system has an old version of glibc (< 2.28). We will stop supporting Linux distros with glibc older than 2.28 after **May 31, 2025**. Please upgrade to a recent Linux distro (with glibc >= 2.28) to use future versions of XGBoost.
Note: You have installed the 'manylinux2014' variant of XGBoost. Certain features such as GPU algorithms or federated learning are not available. To use these features, please upgrade to a recent Linux distro with glibc 2.28+, and install the 'manylinux_2_28' variant.
  warnings.warn(
/data/home/rtabares/anaconda3/envs/pyth3.12/lib/python3.12/site-packages/xgboost/core.py:377: FutureWarning: Your system has an old version of glibc (< 2.28). We will stop supporting Linux distros with glibc older than 2.28 after **May 31, 2025**. Please upgrade to a recent Linux distro (with glibc >= 2.28) to use future versions of XGBoost.
Note: You have installed the 'manylinux2014' variant of XGBoost. Certain features such as GPU algorithms or federated learning are not available. To use these features, please upgrade to a recent Linux distro with glibc 2.28+, and install the 'manylinux_2_28' variant.
  warnings.warn(
[I 2025-05-15 07:36:45,675] Trial 3 finished with value: 0.9633333333333333 and parameters: {'n_estimators': 10, 'max_depth': 30, 'gamma': 0.8015631269999768, 'subsample': 0.5114665462195407, 'colsample_bytree': 0.788831429064878}. Best is trial 1 with value: 0.9833333333333334.
/data/home/rtabares/anaconda3/envs/pyth3.12/lib/python3.12/site-packages/xgboost/core.py:377: FutureWarning: Your system has an old version of glibc (< 2.28). We will stop supporting Linux distros with glibc older than 2.28 after **May 31, 2025**. Please upgrade to a recent Linux distro (with glibc >= 2.28) to use future versions of XGBoost.
Note: You have installed the 'manylinux2014' variant of XGBoost. Certain features such as GPU algorithms or federated learning are not available. To use these features, please upgrade to a recent Linux distro with glibc 2.28+, and install the 'manylinux_2_28' variant.
  warnings.warn(
/data/home/rtabares/anaconda3/envs/pyth3.12/lib/python3.12/site-packages/xgboost/core.py:377: FutureWarning: Your system has an old version of glibc (< 2.28). We will stop supporting Linux distros with glibc older than 2.28 after **May 31, 2025**. Please upgrade to a recent Linux distro (with glibc >= 2.28) to use future versions of XGBoost.
Note: You have installed the 'manylinux2014' variant of XGBoost. Certain features such as GPU algorithms or federated learning are not available. To use these features, please upgrade to a recent Linux distro with glibc 2.28+, and install the 'manylinux_2_28' variant.
  warnings.warn(
/data/home/rtabares/anaconda3/envs/pyth3.12/lib/python3.12/site-packages/xgboost/core.py:377: FutureWarning: Your system has an old version of glibc (< 2.28). We will stop supporting Linux distros with glibc older than 2.28 after **May 31, 2025**. Please upgrade to a recent Linux distro (with glibc >= 2.28) to use future versions of XGBoost.
Note: You have installed the 'manylinux2014' variant of XGBoost. Certain features such as GPU algorithms or federated learning are not available. To use these features, please upgrade to a recent Linux distro with glibc 2.28+, and install the 'manylinux_2_28' variant.
  warnings.warn(
[I 2025-05-15 07:36:45,742] Trial 4 finished with value: 0.9666666666666668 and parameters: {'n_estimators': 100, 'max_depth': 5, 'gamma': 0.8834347783013348, 'subsample': 0.961374806972835, 'colsample_bytree': 0.5011071062662218}. Best is trial 1 with value: 0.9833333333333334.
[I 2025-05-15 07:36:45,768] Trial 5 finished with value: 1.0 and parameters: {'n_estimators': 40, 'max_depth': 5, 'gamma': 0.5364379674896123, 'subsample': 0.5145557818363589, 'colsample_bytree': 0.5432628442011025}. Best is trial 5 with value: 1.0.
/data/home/rtabares/anaconda3/envs/pyth3.12/lib/python3.12/site-packages/xgboost/core.py:377: FutureWarning: Your system has an old version of glibc (< 2.28). We will stop supporting Linux distros with glibc older than 2.28 after **May 31, 2025**. Please upgrade to a recent Linux distro (with glibc >= 2.28) to use future versions of XGBoost.
Note: You have installed the 'manylinux2014' variant of XGBoost. Certain features such as GPU algorithms or federated learning are not available. To use these features, please upgrade to a recent Linux distro with glibc 2.28+, and install the 'manylinux_2_28' variant.
  warnings.warn(
/data/home/rtabares/anaconda3/envs/pyth3.12/lib/python3.12/site-packages/xgboost/core.py:377: FutureWarning: Your system has an old version of glibc (< 2.28). We will stop supporting Linux distros with glibc older than 2.28 after **May 31, 2025**. Please upgrade to a recent Linux distro (with glibc >= 2.28) to use future versions of XGBoost.
Note: You have installed the 'manylinux2014' variant of XGBoost. Certain features such as GPU algorithms or federated learning are not available. To use these features, please upgrade to a recent Linux distro with glibc 2.28+, and install the 'manylinux_2_28' variant.
  warnings.warn(
[I 2025-05-15 07:36:45,822] Trial 6 finished with value: 0.9466666666666667 and parameters: {'n_estimators': 100, 'max_depth': 20, 'gamma': 0.6718205850237038, 'subsample': 0.9059511955902053, 'colsample_bytree': 0.9633413076219371}. Best is trial 5 with value: 1.0.
/data/home/rtabares/anaconda3/envs/pyth3.12/lib/python3.12/site-packages/xgboost/core.py:377: FutureWarning: Your system has an old version of glibc (< 2.28). We will stop supporting Linux distros with glibc older than 2.28 after **May 31, 2025**. Please upgrade to a recent Linux distro (with glibc >= 2.28) to use future versions of XGBoost.
Note: You have installed the 'manylinux2014' variant of XGBoost. Certain features such as GPU algorithms or federated learning are not available. To use these features, please upgrade to a recent Linux distro with glibc 2.28+, and install the 'manylinux_2_28' variant.
  warnings.warn(
/data/home/rtabares/anaconda3/envs/pyth3.12/lib/python3.12/site-packages/xgboost/core.py:377: FutureWarning: Your system has an old version of glibc (< 2.28). We will stop supporting Linux distros with glibc older than 2.28 after **May 31, 2025**. Please upgrade to a recent Linux distro (with glibc >= 2.28) to use future versions of XGBoost.
Note: You have installed the 'manylinux2014' variant of XGBoost. Certain features such as GPU algorithms or federated learning are not available. To use these features, please upgrade to a recent Linux distro with glibc 2.28+, and install the 'manylinux_2_28' variant.
  warnings.warn(
/data/home/rtabares/anaconda3/envs/pyth3.12/lib/python3.12/site-packages/xgboost/core.py:377: FutureWarning: Your system has an old version of glibc (< 2.28). We will stop supporting Linux distros with glibc older than 2.28 after **May 31, 2025**. Please upgrade to a recent Linux distro (with glibc >= 2.28) to use future versions of XGBoost.
Note: You have installed the 'manylinux2014' variant of XGBoost. Certain features such as GPU algorithms or federated learning are not available. To use these features, please upgrade to a recent Linux distro with glibc 2.28+, and install the 'manylinux_2_28' variant.
  warnings.warn(
/data/home/rtabares/anaconda3/envs/pyth3.12/lib/python3.12/site-packages/xgboost/core.py:377: FutureWarning: Your system has an old version of glibc (< 2.28). We will stop supporting Linux distros with glibc older than 2.28 after **May 31, 2025**. Please upgrade to a recent Linux distro (with glibc >= 2.28) to use future versions of XGBoost.
Note: You have installed the 'manylinux2014' variant of XGBoost. Certain features such as GPU algorithms or federated learning are not available. To use these features, please upgrade to a recent Linux distro with glibc 2.28+, and install the 'manylinux_2_28' variant.
  warnings.warn(
[I 2025-05-15 07:36:45,868] Trial 7 finished with value: 0.9800000000000001 and parameters: {'n_estimators': 10, 'max_depth': 30, 'gamma': 0.8165284487704038, 'subsample': 0.5255714015506736, 'colsample_bytree': 0.594333867896554}. Best is trial 5 with value: 1.0.
[I 2025-05-15 07:36:45,933] Trial 8 finished with value: 0.9466666666666667 and parameters: {'n_estimators': 100, 'max_depth': 20, 'gamma': 0.6251497693480509, 'subsample': 0.9696496759824258, 'colsample_bytree': 0.9717700410079397}. Best is trial 5 with value: 1.0.
/data/home/rtabares/anaconda3/envs/pyth3.12/lib/python3.12/site-packages/xgboost/core.py:377: FutureWarning: Your system has an old version of glibc (< 2.28). We will stop supporting Linux distros with glibc older than 2.28 after **May 31, 2025**. Please upgrade to a recent Linux distro (with glibc >= 2.28) to use future versions of XGBoost.
Note: You have installed the 'manylinux2014' variant of XGBoost. Certain features such as GPU algorithms or federated learning are not available. To use these features, please upgrade to a recent Linux distro with glibc 2.28+, and install the 'manylinux_2_28' variant.
  warnings.warn(
/data/home/rtabares/anaconda3/envs/pyth3.12/lib/python3.12/site-packages/xgboost/core.py:377: FutureWarning: Your system has an old version of glibc (< 2.28). We will stop supporting Linux distros with glibc older than 2.28 after **May 31, 2025**. Please upgrade to a recent Linux distro (with glibc >= 2.28) to use future versions of XGBoost.
Note: You have installed the 'manylinux2014' variant of XGBoost. Certain features such as GPU algorithms or federated learning are not available. To use these features, please upgrade to a recent Linux distro with glibc 2.28+, and install the 'manylinux_2_28' variant.
  warnings.warn(
[I 2025-05-15 07:36:45,999] Trial 9 finished with value: 0.9833333333333334 and parameters: {'n_estimators': 40, 'max_depth': 30, 'gamma': 0.9649927737686168, 'subsample': 0.6857563076640036, 'colsample_bytree': 0.5061847058001788}. Best is trial 5 with value: 1.0.
[I 2025-05-15 07:36:46,067] Trial 10 finished with value: 0.9833333333333334 and parameters: {'n_estimators': 40, 'max_depth': 5, 'gamma': 0.17962098877423716, 'subsample': 0.8185311023645913, 'colsample_bytree': 0.7898330861721071}. Best is trial 5 with value: 1.0.
[I 2025-05-15 07:36:46,114] Trial 11 finished with value: 0.9633333333333333 and parameters: {'n_estimators': 40, 'max_depth': 5, 'gamma': 0.41181387049106444, 'subsample': 0.6388052294316233, 'colsample_bytree': 0.702161796405997}. Best is trial 5 with value: 1.0.
[I 2025-05-15 07:36:46,162] Trial 12 finished with value: 0.9633333333333333 and parameters: {'n_estimators': 100, 'max_depth': 30, 'gamma': 0.40510719926931255, 'subsample': 0.6427522832356308, 'colsample_bytree': 0.7136404265878388}. Best is trial 5 with value: 1.0.
[I 2025-05-15 07:36:46,210] Trial 13 finished with value: 0.9666666666666668 and parameters: {'n_estimators': 100, 'max_depth': 30, 'gamma': 0.15813912455139084, 'subsample': 0.8159124661111212, 'colsample_bytree': 0.5962148898813024}. Best is trial 5 with value: 1.0.
/data/home/rtabares/anaconda3/envs/pyth3.12/lib/python3.12/site-packages/xgboost/core.py:377: FutureWarning: Your system has an old version of glibc (< 2.28). We will stop supporting Linux distros with glibc older than 2.28 after **May 31, 2025**. Please upgrade to a recent Linux distro (with glibc >= 2.28) to use future versions of XGBoost.
Note: You have installed the 'manylinux2014' variant of XGBoost. Certain features such as GPU algorithms or federated learning are not available. To use these features, please upgrade to a recent Linux distro with glibc 2.28+, and install the 'manylinux_2_28' variant.
  warnings.warn(
[I 2025-05-15 07:36:47,040] Trial 14 finished with value: 0.9633333333333333 and parameters: {'n_estimators': 40, 'max_depth': 5, 'gamma': 0.5174696512791793, 'subsample': 0.7181884216235723, 'colsample_bytree': 0.6566276780122275}. Best is trial 5 with value: 1.0.
/data/home/rtabares/anaconda3/envs/pyth3.12/lib/python3.12/site-packages/xgboost/core.py:377: FutureWarning: Your system has an old version of glibc (< 2.28). We will stop supporting Linux distros with glibc older than 2.28 after **May 31, 2025**. Please upgrade to a recent Linux distro (with glibc >= 2.28) to use future versions of XGBoost.
Note: You have installed the 'manylinux2014' variant of XGBoost. Certain features such as GPU algorithms or federated learning are not available. To use these features, please upgrade to a recent Linux distro with glibc 2.28+, and install the 'manylinux_2_28' variant.
  warnings.warn(
/data/home/rtabares/anaconda3/envs/pyth3.12/lib/python3.12/site-packages/xgboost/core.py:377: FutureWarning: Your system has an old version of glibc (< 2.28). We will stop supporting Linux distros with glibc older than 2.28 after **May 31, 2025**. Please upgrade to a recent Linux distro (with glibc >= 2.28) to use future versions of XGBoost.
Note: You have installed the 'manylinux2014' variant of XGBoost. Certain features such as GPU algorithms or federated learning are not available. To use these features, please upgrade to a recent Linux distro with glibc 2.28+, and install the 'manylinux_2_28' variant.
  warnings.warn(
[I 2025-05-15 07:36:47,954] Trial 15 finished with value: 0.9633333333333333 and parameters: {'n_estimators': 100, 'max_depth': 30, 'gamma': 0.26626655377772473, 'subsample': 0.5876565548196034, 'colsample_bytree': 0.8604557310580807}. Best is trial 5 with value: 1.0.
/data/home/rtabares/anaconda3/envs/pyth3.12/lib/python3.12/site-packages/xgboost/core.py:377: FutureWarning: Your system has an old version of glibc (< 2.28). We will stop supporting Linux distros with glibc older than 2.28 after **May 31, 2025**. Please upgrade to a recent Linux distro (with glibc >= 2.28) to use future versions of XGBoost.
Note: You have installed the 'manylinux2014' variant of XGBoost. Certain features such as GPU algorithms or federated learning are not available. To use these features, please upgrade to a recent Linux distro with glibc 2.28+, and install the 'manylinux_2_28' variant.
  warnings.warn(
/data/home/rtabares/anaconda3/envs/pyth3.12/lib/python3.12/site-packages/xgboost/core.py:377: FutureWarning: Your system has an old version of glibc (< 2.28). We will stop supporting Linux distros with glibc older than 2.28 after **May 31, 2025**. Please upgrade to a recent Linux distro (with glibc >= 2.28) to use future versions of XGBoost.
Note: You have installed the 'manylinux2014' variant of XGBoost. Certain features such as GPU algorithms or federated learning are not available. To use these features, please upgrade to a recent Linux distro with glibc 2.28+, and install the 'manylinux_2_28' variant.
  warnings.warn(
[I 2025-05-15 07:36:48,768] Trial 16 finished with value: 0.9833333333333334 and parameters: {'n_estimators': 40, 'max_depth': 5, 'gamma': 0.5212998888761798, 'subsample': 0.8204536451844836, 'colsample_bytree': 0.5594065593048707}. Best is trial 5 with value: 1.0.
[I 2025-05-15 07:36:48,848] Trial 17 finished with value: 0.9833333333333334 and parameters: {'n_estimators': 100, 'max_depth': 30, 'gamma': 0.26809474456387977, 'subsample': 0.5908446263618862, 'colsample_bytree': 0.6493306419626228}. Best is trial 5 with value: 1.0.
[I 2025-05-15 07:36:48,938] Trial 18 finished with value: 0.9833333333333334 and parameters: {'n_estimators': 40, 'max_depth': 5, 'gamma': 0.6543212837690926, 'subsample': 0.7529211472821687, 'colsample_bytree': 0.5366375677665303}. Best is trial 5 with value: 1.0.
[I 2025-05-15 07:36:48,980] Trial 19 finished with value: 0.9833333333333334 and parameters: {'n_estimators': 10, 'max_depth': 20, 'gamma': 0.29259789859888996, 'subsample': 0.9042656433573066, 'colsample_bytree': 0.6232759384618629}. Best is trial 5 with value: 1.0.
[I 2025-05-15 07:36:49,024] Trial 20 finished with value: 0.9633333333333333 and parameters: {'n_estimators': 100, 'max_depth': 30, 'gamma': 0.45877778302962907, 'subsample': 0.6597747893436093, 'colsample_bytree': 0.7052399173006817}. Best is trial 5 with value: 1.0.
