[I 2025-05-15 07:42:45,805] Trial 8 finished with value: 1.0 and parameters: {'n_estimators': 100, 'max_depth': 5, 'gamma': 0.3919835527051987, 'subsample': 0.6502094521590198, 'colsample_bytree': 0.5827507002328938}. Best is trial 8 with value: 1.0.
/data/home/rtabares/anaconda3/envs/pyth3.12/lib/python3.12/site-packages/xgboost/core.py:377: FutureWarning: Your system has an old version of glibc (< 2.28). We will stop supporting Linux distros with glibc older than 2.28 after **May 31, 2025**. Please upgrade to a recent Linux distro (with glibc >= 2.28) to use future versions of XGBoost.
Note: You have installed the 'manylinux2014' variant of XGBoost. Certain features such as GPU algorithms or federated learning are not available. To use these features, please upgrade to a recent Linux distro with glibc 2.28+, and install the 'manylinux_2_28' variant.
  warnings.warn(
/data/home/rtabares/anaconda3/envs/pyth3.12/lib/python3.12/site-packages/xgboost/core.py:377: FutureWarning: Your system has an old version of glibc (< 2.28). We will stop supporting Linux distros with glibc older than 2.28 after **May 31, 2025**. Please upgrade to a recent Linux distro (with glibc >= 2.28) to use future versions of XGBoost.
Note: You have installed the 'manylinux2014' variant of XGBoost. Certain features such as GPU algorithms or federated learning are not available. To use these features, please upgrade to a recent Linux distro with glibc 2.28+, and install the 'manylinux_2_28' variant.
  warnings.warn(
/data/home/rtabares/anaconda3/envs/pyth3.12/lib/python3.12/site-packages/xgboost/core.py:377: FutureWarning: Your system has an old version of glibc (< 2.28). We will stop supporting Linux distros with glibc older than 2.28 after **May 31, 2025**. Please upgrade to a recent Linux distro (with glibc >= 2.28) to use future versions of XGBoost.
Note: You have installed the 'manylinux2014' variant of XGBoost. Certain features such as GPU algorithms or federated learning are not available. To use these features, please upgrade to a recent Linux distro with glibc 2.28+, and install the 'manylinux_2_28' variant.
  warnings.warn(
/data/home/rtabares/anaconda3/envs/pyth3.12/lib/python3.12/site-packages/xgboost/core.py:377: FutureWarning: Your system has an old version of glibc (< 2.28). We will stop supporting Linux distros with glibc older than 2.28 after **May 31, 2025**. Please upgrade to a recent Linux distro (with glibc >= 2.28) to use future versions of XGBoost.
Note: You have installed the 'manylinux2014' variant of XGBoost. Certain features such as GPU algorithms or federated learning are not available. To use these features, please upgrade to a recent Linux distro with glibc 2.28+, and install the 'manylinux_2_28' variant.
  warnings.warn(
[I 2025-05-15 07:42:45,882] Trial 9 finished with value: 0.95 and parameters: {'n_estimators': 100, 'max_depth': 5, 'gamma': 0.8003922413895069, 'subsample': 0.9436444759263674, 'colsample_bytree': 0.8374593849333938}. Best is trial 8 with value: 1.0.
/data/home/rtabares/anaconda3/envs/pyth3.12/lib/python3.12/site-packages/xgboost/core.py:377: FutureWarning: Your system has an old version of glibc (< 2.28). We will stop supporting Linux distros with glibc older than 2.28 after **May 31, 2025**. Please upgrade to a recent Linux distro (with glibc >= 2.28) to use future versions of XGBoost.
Note: You have installed the 'manylinux2014' variant of XGBoost. Certain features such as GPU algorithms or federated learning are not available. To use these features, please upgrade to a recent Linux distro with glibc 2.28+, and install the 'manylinux_2_28' variant.
  warnings.warn(
[I 2025-05-15 07:42:45,981] Trial 10 finished with value: 0.95 and parameters: {'n_estimators': 100, 'max_depth': 30, 'gamma': 0.13445536345660636, 'subsample': 0.7476805901551955, 'colsample_bytree': 0.6248970054409114}. Best is trial 8 with value: 1.0.
/data/home/rtabares/anaconda3/envs/pyth3.12/lib/python3.12/site-packages/xgboost/core.py:377: FutureWarning: Your system has an old version of glibc (< 2.28). We will stop supporting Linux distros with glibc older than 2.28 after **May 31, 2025**. Please upgrade to a recent Linux distro (with glibc >= 2.28) to use future versions of XGBoost.
Note: You have installed the 'manylinux2014' variant of XGBoost. Certain features such as GPU algorithms or federated learning are not available. To use these features, please upgrade to a recent Linux distro with glibc 2.28+, and install the 'manylinux_2_28' variant.
  warnings.warn(
[I 2025-05-15 07:42:47,012] Trial 11 finished with value: 0.95 and parameters: {'n_estimators': 40, 'max_depth': 30, 'gamma': 0.3016957948257638, 'subsample': 0.524727903124618, 'colsample_bytree': 0.6280565823936859}. Best is trial 8 with value: 1.0.
[I 2025-05-15 07:42:47,062] Trial 12 finished with value: 0.95 and parameters: {'n_estimators': 40, 'max_depth': 20, 'gamma': 0.34465018997464836, 'subsample': 0.5001384654345593, 'colsample_bytree': 0.6360344624228138}. Best is trial 8 with value: 1.0.
/data/home/rtabares/anaconda3/envs/pyth3.12/lib/python3.12/site-packages/xgboost/core.py:377: FutureWarning: Your system has an old version of glibc (< 2.28). We will stop supporting Linux distros with glibc older than 2.28 after **May 31, 2025**. Please upgrade to a recent Linux distro (with glibc >= 2.28) to use future versions of XGBoost.
Note: You have installed the 'manylinux2014' variant of XGBoost. Certain features such as GPU algorithms or federated learning are not available. To use these features, please upgrade to a recent Linux distro with glibc 2.28+, and install the 'manylinux_2_28' variant.
  warnings.warn(
[I 2025-05-15 07:42:48,160] Trial 13 finished with value: 1.0 and parameters: {'n_estimators': 40, 'max_depth': 20, 'gamma': 0.6672673875689135, 'subsample': 0.6216798592112696, 'colsample_bytree': 0.5696206192714977}. Best is trial 8 with value: 1.0.
/data/home/rtabares/anaconda3/envs/pyth3.12/lib/python3.12/site-packages/xgboost/core.py:377: FutureWarning: Your system has an old version of glibc (< 2.28). We will stop supporting Linux distros with glibc older than 2.28 after **May 31, 2025**. Please upgrade to a recent Linux distro (with glibc >= 2.28) to use future versions of XGBoost.
Note: You have installed the 'manylinux2014' variant of XGBoost. Certain features such as GPU algorithms or federated learning are not available. To use these features, please upgrade to a recent Linux distro with glibc 2.28+, and install the 'manylinux_2_28' variant.
  warnings.warn(
[I 2025-05-15 07:42:49,241] Trial 14 finished with value: 1.0 and parameters: {'n_estimators': 100, 'max_depth': 30, 'gamma': 0.6796947111930836, 'subsample': 0.6403029391765247, 'colsample_bytree': 0.5017691429539003}. Best is trial 8 with value: 1.0.
[I 2025-05-15 07:42:49,340] Trial 15 finished with value: 0.95 and parameters: {'n_estimators': 40, 'max_depth': 20, 'gamma': 0.34245865808272824, 'subsample': 0.7310379906297132, 'colsample_bytree': 0.5740828176197329}. Best is trial 8 with value: 1.0.
[I 2025-05-15 07:42:49,388] Trial 16 finished with value: 0.95 and parameters: {'n_estimators': 40, 'max_depth': 5, 'gamma': 0.1652943139852361, 'subsample': 0.6049671610721483, 'colsample_bytree': 0.9928973939225177}. Best is trial 8 with value: 1.0.
/data/home/rtabares/anaconda3/envs/pyth3.12/lib/python3.12/site-packages/xgboost/core.py:377: FutureWarning: Your system has an old version of glibc (< 2.28). We will stop supporting Linux distros with glibc older than 2.28 after **May 31, 2025**. Please upgrade to a recent Linux distro (with glibc >= 2.28) to use future versions of XGBoost.
Note: You have installed the 'manylinux2014' variant of XGBoost. Certain features such as GPU algorithms or federated learning are not available. To use these features, please upgrade to a recent Linux distro with glibc 2.28+, and install the 'manylinux_2_28' variant.
  warnings.warn(
[I 2025-05-15 07:42:50,516] Trial 17 finished with value: 0.95 and parameters: {'n_estimators': 100, 'max_depth': 5, 'gamma': 0.6777027774040697, 'subsample': 0.8075551947921283, 'colsample_bytree': 0.6906408972200715}. Best is trial 8 with value: 1.0.
[I 2025-05-15 07:42:50,566] Trial 18 finished with value: 1.0 and parameters: {'n_estimators': 100, 'max_depth': 20, 'gamma': 0.4053397951829722, 'subsample': 0.6728585763909742, 'colsample_bytree': 0.5601211545559324}. Best is trial 8 with value: 1.0.
/data/home/rtabares/anaconda3/envs/pyth3.12/lib/python3.12/site-packages/xgboost/core.py:377: FutureWarning: Your system has an old version of glibc (< 2.28). We will stop supporting Linux distros with glibc older than 2.28 after **May 31, 2025**. Please upgrade to a recent Linux distro (with glibc >= 2.28) to use future versions of XGBoost.
Note: You have installed the 'manylinux2014' variant of XGBoost. Certain features such as GPU algorithms or federated learning are not available. To use these features, please upgrade to a recent Linux distro with glibc 2.28+, and install the 'manylinux_2_28' variant.
  warnings.warn(
[I 2025-05-15 07:42:51,511] Trial 19 finished with value: 0.95 and parameters: {'n_estimators': 40, 'max_depth': 30, 'gamma': 0.23986417850012245, 'subsample': 0.6084286223622751, 'colsample_bytree': 0.6828599800887045}. Best is trial 8 with value: 1.0.
[I 2025-05-15 07:42:51,571] Trial 20 finished with value: 0.95 and parameters: {'n_estimators': 100, 'max_depth': 5, 'gamma': 0.7944253334637634, 'subsample': 0.9961764358499778, 'colsample_bytree': 0.8549330990839267}. Best is trial 8 with value: 1.0.
[I 2025-05-15 07:42:51,621] Trial 21 finished with value: 1.0 and parameters: {'n_estimators': 100, 'max_depth': 30, 'gamma': 0.6497696944448493, 'subsample': 0.6529137676162926, 'colsample_bytree': 0.5006059244198149}. Best is trial 8 with value: 1.0.
[I 2025-05-15 07:42:51,700] Trial 22 finished with value: 1.0 and parameters: {'n_estimators': 100, 'max_depth': 30, 'gamma': 0.7785087831194062, 'subsample': 0.6287151462404481, 'colsample_bytree': 0.5094208242068384}. Best is trial 8 with value: 1.0.
[I 2025-05-15 07:42:51,750] Trial 23 finished with value: 0.95 and parameters: {'n_estimators': 100, 'max_depth': 30, 'gamma': 0.5943096932805854, 'subsample': 0.7140825106548983, 'colsample_bytree': 0.5918158513562307}. Best is trial 8 with value: 1.0.
[I 2025-05-15 07:42:51,822] Trial 24 finished with value: 1.0 and parameters: {'n_estimators': 100, 'max_depth': 30, 'gamma': 0.4362593329471556, 'subsample': 0.5693005625009736, 'colsample_bytree': 0.5480893491830356}. Best is trial 8 with value: 1.0.
[I 2025-05-15 07:42:51,879] Trial 25 finished with value: 1.0 and parameters: {'n_estimators': 40, 'max_depth': 30, 'gamma': 0.6141467264003136, 'subsample': 0.5741512610105816, 'colsample_bytree': 0.5873745079850817}. Best is trial 8 with value: 1.0.
[I 2025-05-15 07:42:51,956] Trial 26 finished with value: 0.95 and parameters: {'n_estimators': 100, 'max_depth': 20, 'gamma': 0.7487940848752288, 'subsample': 0.7759909773098492, 'colsample_bytree': 0.6793387421201457}. Best is trial 8 with value: 1.0.
[I 2025-05-15 07:42:52,017] Trial 27 finished with value: 1.0 and parameters: {'n_estimators': 100, 'max_depth': 30, 'gamma': 0.8622071787274601, 'subsample': 0.6512740902210236, 'colsample_bytree': 0.5351384779399999}. Best is trial 8 with value: 1.0.
[I 2025-05-15 07:42:52,053] Trial 28 finished with value: 0.95 and parameters: {'n_estimators': 10, 'max_depth': 20, 'gamma': 0.4317606400717775, 'subsample': 0.7116651389016013, 'colsample_bytree': 0.501458630913498}. Best is trial 8 with value: 1.0.
[I 2025-05-15 07:42:52,093] Trial 29 finished with value: 0.95 and parameters: {'n_estimators': 40, 'max_depth': 5, 'gamma': 0.7161920211511081, 'subsample': 0.5467704973925206, 'colsample_bytree': 0.6047618645370638}. Best is trial 8 with value: 1.0.
[I 2025-05-15 07:43:11,927] A new study created in memory with name: rf
Parámetros guardados en checkpoint_shoppers_Doriginal_F/k-means/IPC_11/best_models_k-means_seed_7_space_original/xgb_best_params.json


>>> Optuna tuning rf metodo k-means IPC 11 seed 7


[I 2025-05-15 07:43:15,240] Trial 0 finished with value: 0.5 and parameters: {'n_estimators': 130, 'max_depth': 17, 'min_samples_split': 5, 'min_samples_leaf': 8}. Best is trial 0 with value: 0.5.
[I 2025-05-15 07:43:17,318] Trial 1 finished with value: 0.9666666666666666 and parameters: {'n_estimators': 492, 'max_depth': 12, 'min_samples_split': 6, 'min_samples_leaf': 1}. Best is trial 1 with value: 0.9666666666666666.
[I 2025-05-15 07:43:18,170] Trial 2 finished with value: 0.5 and parameters: {'n_estimators': 207, 'max_depth': 11, 'min_samples_split': 8, 'min_samples_leaf': 9}. Best is trial 1 with value: 0.9666666666666666.
[I 2025-05-15 07:43:19,124] Trial 3 finished with value: 0.5 and parameters: {'n_estimators': 252, 'max_depth': 4, 'min_samples_split': 4, 'min_samples_leaf': 10}. Best is trial 1 with value: 0.9666666666666666.
[I 2025-05-15 07:43:20,009] Trial 4 finished with value: 1.0 and parameters: {'n_estimators': 185, 'max_depth': 11, 'min_samples_split': 10, 'min_samples_leaf': 1}. Best is trial 4 with value: 1.0.
[I 2025-05-15 07:43:21,563] Trial 5 finished with value: 0.95 and parameters: {'n_estimators': 340, 'max_depth': 20, 'min_samples_split': 4, 'min_samples_leaf': 6}. Best is trial 4 with value: 1.0.
[I 2025-05-15 07:43:23,446] Trial 6 finished with value: 0.5 and parameters: {'n_estimators': 464, 'max_depth': 5, 'min_samples_split': 6, 'min_samples_leaf': 8}. Best is trial 4 with value: 1.0.
[I 2025-05-15 07:43:25,643] Trial 7 finished with value: 0.9666666666666666 and parameters: {'n_estimators': 368, 'max_depth': 11, 'min_samples_split': 3, 'min_samples_leaf': 5}. Best is trial 4 with value: 1.0.
[I 2025-05-15 07:43:26,662] Trial 8 finished with value: 0.5 and parameters: {'n_estimators': 249, 'max_depth': 11, 'min_samples_split': 5, 'min_samples_leaf': 9}. Best is trial 4 with value: 1.0.
[I 2025-05-15 07:43:27,577] Trial 9 finished with value: 0.9666666666666666 and parameters: {'n_estimators': 408, 'max_depth': 8, 'min_samples_split': 7, 'min_samples_leaf': 3}. Best is trial 4 with value: 1.0.
[I 2025-05-15 07:43:28,175] Trial 10 finished with value: 0.95 and parameters: {'n_estimators': 156, 'max_depth': 15, 'min_samples_split': 10, 'min_samples_leaf': 1}. Best is trial 4 with value: 1.0.
[I 2025-05-15 07:43:30,665] Trial 11 finished with value: 1.0 and parameters: {'n_estimators': 457, 'max_depth': 15, 'min_samples_split': 10, 'min_samples_leaf': 1}. Best is trial 4 with value: 1.0.
[I 2025-05-15 07:43:34,336] Trial 12 finished with value: 1.0 and parameters: {'n_estimators': 291, 'max_depth': 15, 'min_samples_split': 10, 'min_samples_leaf': 3}. Best is trial 4 with value: 1.0.
[I 2025-05-15 07:43:35,832] Trial 13 finished with value: 1.0 and parameters: {'n_estimators': 100, 'max_depth': 8, 'min_samples_split': 9, 'min_samples_leaf': 3}. Best is trial 4 with value: 1.0.
[I 2025-05-15 07:43:36,740] Trial 14 finished with value: 1.0 and parameters: {'n_estimators': 424, 'max_depth': 14, 'min_samples_split': 8, 'min_samples_leaf': 1}. Best is trial 4 with value: 1.0.
[I 2025-05-15 07:43:37,664] Trial 15 finished with value: 0.9 and parameters: {'n_estimators': 170, 'max_depth': 18, 'min_samples_split': 9, 'min_samples_leaf': 5}. Best is trial 4 with value: 1.0.
[I 2025-05-15 07:43:38,759] Trial 16 finished with value: 0.9166666666666666 and parameters: {'n_estimators': 307, 'max_depth': 7, 'min_samples_split': 10, 'min_samples_leaf': 2}. Best is trial 4 with value: 1.0.
[I 2025-05-15 07:43:39,625] Trial 17 finished with value: 1.0 and parameters: {'n_estimators': 219, 'max_depth': 14, 'min_samples_split': 8, 'min_samples_leaf': 4}. Best is trial 4 with value: 1.0.
[I 2025-05-15 07:43:41,122] Trial 18 finished with value: 0.9666666666666666 and parameters: {'n_estimators': 377, 'max_depth': 17, 'min_samples_split': 2, 'min_samples_leaf': 2}. Best is trial 4 with value: 1.0.
[I 2025-05-15 07:43:42,524] Trial 19 finished with value: 0.9166666666666666 and parameters: {'n_estimators': 299, 'max_depth': 13, 'min_samples_split': 9, 'min_samples_leaf': 6}. Best is trial 4 with value: 1.0.
[I 2025-05-15 07:43:44,570] Trial 20 finished with value: 0.9666666666666666 and parameters: {'n_estimators': 448, 'max_depth': 10, 'min_samples_split': 7, 'min_samples_leaf': 2}. Best is trial 4 with value: 1.0.
[I 2025-05-15 07:43:45,708] Trial 21 finished with value: 1.0 and parameters: {'n_estimators': 290, 'max_depth': 16, 'min_samples_split': 10, 'min_samples_leaf': 3}. Best is trial 4 with value: 1.0.
[I 2025-05-15 07:43:46,427] Trial 22 finished with value: 0.9166666666666666 and parameters: {'n_estimators': 194, 'max_depth': 20, 'min_samples_split': 10, 'min_samples_leaf': 1}. Best is trial 4 with value: 1.0.
[I 2025-05-15 07:43:47,360] Trial 23 finished with value: 0.9666666666666666 and parameters: {'n_estimators': 247, 'max_depth': 13, 'min_samples_split': 9, 'min_samples_leaf': 4}. Best is trial 4 with value: 1.0.
[I 2025-05-15 07:43:48,600] Trial 24 finished with value: 1.0 and parameters: {'n_estimators': 339, 'max_depth': 15, 'min_samples_split': 10, 'min_samples_leaf': 2}. Best is trial 4 with value: 1.0.
[I 2025-05-15 07:43:49,399] Trial 25 finished with value: 0.9666666666666666 and parameters: {'n_estimators': 272, 'max_depth': 9, 'min_samples_split': 9, 'min_samples_leaf': 4}. Best is trial 4 with value: 1.0.
[I 2025-05-15 07:43:50,706] Trial 26 finished with value: 0.9666666666666666 and parameters: {'n_estimators': 343, 'max_depth': 18, 'min_samples_split': 7, 'min_samples_leaf': 2}. Best is trial 4 with value: 1.0.
[I 2025-05-15 07:43:51,964] Trial 27 finished with value: 1.0 and parameters: {'n_estimators': 382, 'max_depth': 13, 'min_samples_split': 8, 'min_samples_leaf': 3}. Best is trial 4 with value: 1.0.
[I 2025-05-15 07:43:52,728] Trial 28 finished with value: 0.9666666666666666 and parameters: {'n_estimators': 187, 'max_depth': 15, 'min_samples_split': 10, 'min_samples_leaf': 1}. Best is trial 4 with value: 1.0.
[I 2025-05-15 07:43:53,252] Trial 29 finished with value: 0.9666666666666666 and parameters: {'n_estimators': 132, 'max_depth': 17, 'min_samples_split': 9, 'min_samples_leaf': 2}. Best is trial 4 with value: 1.0.
[I 2025-05-15 07:44:07,108] A new study created in memory with name: svc
Parámetros guardados en checkpoint_shoppers_Doriginal_F/k-means/IPC_11/best_models_k-means_seed_7_space_original/rf_best_params.json


>>> Optuna tuning svc metodo k-means IPC 11 seed 7


[I 2025-05-15 07:44:10,262] Trial 0 finished with value: 0.5 and parameters: {'C': 0.020194502448102298, 'gamma': 0.13172711156111802}. Best is trial 0 with value: 0.5.
[I 2025-05-15 07:44:10,285] Trial 1 finished with value: 0.45 and parameters: {'C': 0.5670703311028815, 'gamma': 0.0783178418343345}. Best is trial 0 with value: 0.5.
[I 2025-05-15 07:44:10,321] Trial 2 finished with value: 0.6166666666666666 and parameters: {'C': 81.65034948781698, 'gamma': 0.014255533717547383}. Best is trial 2 with value: 0.6166666666666666.
[I 2025-05-15 07:44:10,349] Trial 3 finished with value: 0.55 and parameters: {'C': 1.0103732850016278, 'gamma': 0.00019418001640357854}. Best is trial 2 with value: 0.6166666666666666.
[I 2025-05-15 07:44:10,362] Trial 4 finished with value: 0.6 and parameters: {'C': 0.11851025167261421, 'gamma': 0.00998918377985214}. Best is trial 2 with value: 0.6166666666666666.
[I 2025-05-15 07:44:10,375] Trial 5 finished with value: 0.45 and parameters: {'C': 5.2109869371584665, 'gamma': 0.16404241128227343}. Best is trial 2 with value: 0.6166666666666666.
[I 2025-05-15 07:44:10,398] Trial 6 finished with value: 0.55 and parameters: {'C': 0.3340138940215422, 'gamma': 0.00018354619576988685}. Best is trial 2 with value: 0.6166666666666666.
[I 2025-05-15 07:44:10,412] Trial 7 finished with value: 0.4 and parameters: {'C': 0.1420961781588805, 'gamma': 0.434884682155233}. Best is trial 2 with value: 0.6166666666666666.
[I 2025-05-15 07:44:10,435] Trial 8 finished with value: 0.6 and parameters: {'C': 0.07137422643361827, 'gamma': 0.006434219125545069}. Best is trial 2 with value: 0.6166666666666666.
[I 2025-05-15 07:44:10,459] Trial 9 finished with value: 0.6 and parameters: {'C': 53.066944048916255, 'gamma': 0.00012577574840733457}. Best is trial 2 with value: 0.6166666666666666.
[I 2025-05-15 07:44:10,498] Trial 10 finished with value: 0.4833333333333333 and parameters: {'C': 60.67266858458046, 'gamma': 0.001366002544888146}. Best is trial 2 with value: 0.6166666666666666.
[I 2025-05-15 07:44:12,006] Trial 11 finished with value: 0.5166666666666666 and parameters: {'C': 4.325660574218245, 'gamma': 0.015242082625242974}. Best is trial 2 with value: 0.6166666666666666.
[I 2025-05-15 07:44:13,721] Trial 12 finished with value: 0.55 and parameters: {'C': 0.02005755146491624, 'gamma': 0.012331969758416914}. Best is trial 2 with value: 0.6166666666666666.
[I 2025-05-15 07:44:13,760] Trial 13 finished with value: 0.5166666666666666 and parameters: {'C': 11.757762049058291, 'gamma': 0.0023901500669458627}. Best is trial 2 with value: 0.6166666666666666.
[I 2025-05-15 07:44:13,788] Trial 14 finished with value: 0.4833333333333333 and parameters: {'C': 1.6638857990919569, 'gamma': 0.03156268978756263}. Best is trial 2 with value: 0.6166666666666666.
[I 2025-05-15 07:44:13,826] Trial 15 finished with value: 0.55 and parameters: {'C': 0.07367554725684838, 'gamma': 0.0015722814859116458}. Best is trial 2 with value: 0.6166666666666666.
[I 2025-05-15 07:44:13,876] Trial 16 finished with value: 0.5166666666666666 and parameters: {'C': 12.514475895590124, 'gamma': 0.004508408306504347}. Best is trial 2 with value: 0.6166666666666666.
[I 2025-05-15 07:44:13,919] Trial 17 finished with value: 0.55 and parameters: {'C': 0.20563015212120273, 'gamma': 0.0005868134958690521}. Best is trial 2 with value: 0.6166666666666666.
