[I 2025-05-15 08:03:10,059] Trial 7 finished with value: 0.85 and parameters: {'n_estimators': 368, 'max_depth': 11, 'min_samples_split': 3, 'min_samples_leaf': 5}. Best is trial 1 with value: 0.8700000000000001.
[I 2025-05-15 08:03:10,705] Trial 8 finished with value: 0.8133333333333335 and parameters: {'n_estimators': 249, 'max_depth': 11, 'min_samples_split': 5, 'min_samples_leaf': 9}. Best is trial 1 with value: 0.8700000000000001.
[I 2025-05-15 08:03:11,710] Trial 9 finished with value: 0.8533333333333333 and parameters: {'n_estimators': 408, 'max_depth': 8, 'min_samples_split': 7, 'min_samples_leaf': 3}. Best is trial 1 with value: 0.8700000000000001.
[I 2025-05-15 08:03:12,664] Trial 10 finished with value: 0.8700000000000001 and parameters: {'n_estimators': 479, 'max_depth': 15, 'min_samples_split': 2, 'min_samples_leaf': 1}. Best is trial 1 with value: 0.8700000000000001.
[I 2025-05-15 08:03:13,767] Trial 11 finished with value: 0.85 and parameters: {'n_estimators': 124, 'max_depth': 15, 'min_samples_split': 10, 'min_samples_leaf': 1}. Best is trial 1 with value: 0.8700000000000001.
[I 2025-05-15 08:03:15,157] Trial 12 finished with value: 0.8533333333333333 and parameters: {'n_estimators': 180, 'max_depth': 7, 'min_samples_split': 10, 'min_samples_leaf': 3}. Best is trial 1 with value: 0.8700000000000001.
[I 2025-05-15 08:03:16,377] Trial 13 finished with value: 0.8533333333333333 and parameters: {'n_estimators': 300, 'max_depth': 14, 'min_samples_split': 8, 'min_samples_leaf': 3}. Best is trial 1 with value: 0.8700000000000001.
[I 2025-05-15 08:03:17,022] Trial 14 finished with value: 0.8533333333333333 and parameters: {'n_estimators': 424, 'max_depth': 8, 'min_samples_split': 8, 'min_samples_leaf': 1}. Best is trial 1 with value: 0.8700000000000001.
[I 2025-05-15 08:03:17,353] Trial 15 finished with value: 0.8533333333333333 and parameters: {'n_estimators': 191, 'max_depth': 12, 'min_samples_split': 9, 'min_samples_leaf': 5}. Best is trial 1 with value: 0.8700000000000001.
[I 2025-05-15 08:03:17,851] Trial 16 finished with value: 0.8533333333333333 and parameters: {'n_estimators': 295, 'max_depth': 18, 'min_samples_split': 6, 'min_samples_leaf': 2}. Best is trial 1 with value: 0.8700000000000001.
[I 2025-05-15 08:03:18,471] Trial 17 finished with value: 0.8333333333333334 and parameters: {'n_estimators': 380, 'max_depth': 13, 'min_samples_split': 7, 'min_samples_leaf': 4}. Best is trial 1 with value: 0.8700000000000001.
[I 2025-05-15 08:03:18,953] Trial 18 finished with value: 0.85 and parameters: {'n_estimators': 242, 'max_depth': 9, 'min_samples_split': 9, 'min_samples_leaf': 2}. Best is trial 1 with value: 0.8700000000000001.
[I 2025-05-15 08:03:19,249] Trial 19 finished with value: 0.8500000000000002 and parameters: {'n_estimators': 160, 'max_depth': 6, 'min_samples_split': 7, 'min_samples_leaf': 6}. Best is trial 1 with value: 0.8700000000000001.
[I 2025-05-15 08:03:19,767] Trial 20 finished with value: 0.8700000000000001 and parameters: {'n_estimators': 330, 'max_depth': 3, 'min_samples_split': 5, 'min_samples_leaf': 2}. Best is trial 1 with value: 0.8700000000000001.
[I 2025-05-15 08:03:20,689] Trial 21 finished with value: 0.8533333333333333 and parameters: {'n_estimators': 483, 'max_depth': 16, 'min_samples_split': 2, 'min_samples_leaf': 1}. Best is trial 1 with value: 0.8700000000000001.
[I 2025-05-15 08:03:21,807] Trial 22 finished with value: 0.8533333333333333 and parameters: {'n_estimators': 447, 'max_depth': 14, 'min_samples_split': 2, 'min_samples_leaf': 1}. Best is trial 1 with value: 0.8700000000000001.
[I 2025-05-15 08:03:22,856] Trial 23 finished with value: 0.8700000000000001 and parameters: {'n_estimators': 496, 'max_depth': 10, 'min_samples_split': 3, 'min_samples_leaf': 2}. Best is trial 1 with value: 0.8700000000000001.
[I 2025-05-15 08:03:23,829] Trial 24 finished with value: 0.8700000000000001 and parameters: {'n_estimators': 430, 'max_depth': 19, 'min_samples_split': 3, 'min_samples_leaf': 4}. Best is trial 1 with value: 0.8700000000000001.
[I 2025-05-15 08:03:24,534] Trial 25 finished with value: 0.8700000000000001 and parameters: {'n_estimators': 392, 'max_depth': 13, 'min_samples_split': 9, 'min_samples_leaf': 1}. Best is trial 1 with value: 0.8700000000000001.
[I 2025-05-15 08:03:25,425] Trial 26 finished with value: 0.8700000000000001 and parameters: {'n_estimators': 467, 'max_depth': 16, 'min_samples_split': 4, 'min_samples_leaf': 3}. Best is trial 1 with value: 0.8700000000000001.
[I 2025-05-15 08:03:26,248] Trial 27 finished with value: 0.8700000000000001 and parameters: {'n_estimators': 490, 'max_depth': 13, 'min_samples_split': 6, 'min_samples_leaf': 2}. Best is trial 1 with value: 0.8700000000000001.
[I 2025-05-15 08:03:26,493] Trial 28 finished with value: 0.8366666666666667 and parameters: {'n_estimators': 105, 'max_depth': 9, 'min_samples_split': 10, 'min_samples_leaf': 4}. Best is trial 1 with value: 0.8700000000000001.
[I 2025-05-15 08:03:26,801] Trial 29 finished with value: 0.8533333333333333 and parameters: {'n_estimators': 145, 'max_depth': 15, 'min_samples_split': 5, 'min_samples_leaf': 1}. Best is trial 1 with value: 0.8700000000000001.
[I 2025-05-15 08:03:31,624] A new study created in memory with name: svc
Parámetros guardados en checkpoint_default_Doriginal_H/ag/IPC_27/best_models_ag_seed_7_space_original/rf_best_params.json


>>> Optuna tuning svc metodo ag IPC 27 seed 7


[I 2025-05-15 08:03:35,730] Trial 0 finished with value: 0.48 and parameters: {'C': 0.020194502448102298, 'gamma': 0.13172711156111802}. Best is trial 0 with value: 0.48.
[I 2025-05-15 08:03:36,057] Trial 1 finished with value: 0.4366666666666667 and parameters: {'C': 0.5670703311028815, 'gamma': 0.0783178418343345}. Best is trial 0 with value: 0.48.
[I 2025-05-15 08:03:36,085] Trial 2 finished with value: 0.42333333333333345 and parameters: {'C': 81.65034948781698, 'gamma': 0.014255533717547383}. Best is trial 0 with value: 0.48.
[I 2025-05-15 08:03:36,111] Trial 3 finished with value: 0.5 and parameters: {'C': 1.0103732850016278, 'gamma': 0.00019418001640357854}. Best is trial 3 with value: 0.5.
[I 2025-05-15 08:03:36,127] Trial 4 finished with value: 0.45999999999999996 and parameters: {'C': 0.11851025167261421, 'gamma': 0.00998918377985214}. Best is trial 3 with value: 0.5.
[I 2025-05-15 08:03:36,162] Trial 5 finished with value: 0.3 and parameters: {'C': 5.2109869371584665, 'gamma': 0.16404241128227343}. Best is trial 3 with value: 0.5.
[I 2025-05-15 08:03:36,176] Trial 6 finished with value: 0.5 and parameters: {'C': 0.3340138940215422, 'gamma': 0.00018354619576988685}. Best is trial 3 with value: 0.5.
[I 2025-05-15 08:03:36,210] Trial 7 finished with value: 0.48 and parameters: {'C': 0.1420961781588805, 'gamma': 0.434884682155233}. Best is trial 3 with value: 0.5.
[I 2025-05-15 08:03:36,234] Trial 8 finished with value: 0.45999999999999996 and parameters: {'C': 0.07137422643361827, 'gamma': 0.006434219125545069}. Best is trial 3 with value: 0.5.
[I 2025-05-15 08:03:36,247] Trial 9 finished with value: 0.4533333333333333 and parameters: {'C': 53.066944048916255, 'gamma': 0.00012577574840733457}. Best is trial 3 with value: 0.5.
[I 2025-05-15 08:03:36,268] Trial 10 finished with value: 0.4133333333333334 and parameters: {'C': 4.042381244249598, 'gamma': 0.0013304824599122815}. Best is trial 3 with value: 0.5.
[I 2025-05-15 08:03:37,127] Trial 11 finished with value: 0.5 and parameters: {'C': 1.327692185951257, 'gamma': 0.0001182654393186286}. Best is trial 3 with value: 0.5.
[I 2025-05-15 08:03:38,009] Trial 12 finished with value: 0.52 and parameters: {'C': 0.6137808106950431, 'gamma': 0.0006843879759551015}. Best is trial 12 with value: 0.52.
[I 2025-05-15 08:03:38,045] Trial 13 finished with value: 0.49000000000000005 and parameters: {'C': 2.560878565337461, 'gamma': 0.0007300976461949833}. Best is trial 12 with value: 0.52.
[I 2025-05-15 08:03:38,070] Trial 14 finished with value: 0.3833333333333333 and parameters: {'C': 12.855977829395265, 'gamma': 0.0007595839575464308}. Best is trial 12 with value: 0.52.
[I 2025-05-15 08:03:38,092] Trial 15 finished with value: 0.5 and parameters: {'C': 0.011719948006087014, 'gamma': 0.0015989705349271429}. Best is trial 12 with value: 0.52.
[I 2025-05-15 08:03:38,126] Trial 16 finished with value: 0.5 and parameters: {'C': 0.8169468141493089, 'gamma': 0.00043697976095669885}. Best is trial 12 with value: 0.52.
[I 2025-05-15 08:03:38,157] Trial 17 finished with value: 0.4333333333333333 and parameters: {'C': 12.3590045700742, 'gamma': 0.00343724456682454}. Best is trial 12 with value: 0.52.
[I 2025-05-15 08:03:38,995] Trial 18 finished with value: 0.5 and parameters: {'C': 0.2681102438636701, 'gamma': 0.00030659878112847066}. Best is trial 12 with value: 0.52.
[I 2025-05-15 08:03:39,032] Trial 19 finished with value: 0.48 and parameters: {'C': 0.04712903396944352, 'gamma': 0.04022516370777987}. Best is trial 12 with value: 0.52.
[I 2025-05-15 08:03:39,070] Trial 20 finished with value: 0.4033333333333333 and parameters: {'C': 1.6431659043256461, 'gamma': 0.003139184990740136}. Best is trial 12 with value: 0.52.
[I 2025-05-15 08:03:39,106] Trial 21 finished with value: 0.5 and parameters: {'C': 0.41214321840750134, 'gamma': 0.0002381025285340805}. Best is trial 12 with value: 0.52.
[I 2025-05-15 08:03:40,078] Trial 22 finished with value: 0.5 and parameters: {'C': 0.3232252257871835, 'gamma': 0.00011714295205724027}. Best is trial 12 with value: 0.52.
[I 2025-05-15 08:03:40,114] Trial 23 finished with value: 0.5 and parameters: {'C': 0.19725815615612874, 'gamma': 0.00026432103292760545}. Best is trial 12 with value: 0.52.
[I 2025-05-15 08:03:40,966] Trial 24 finished with value: 0.5 and parameters: {'C': 0.7051863951198512, 'gamma': 0.0005889761039946571}. Best is trial 12 with value: 0.52.
[I 2025-05-15 08:03:41,001] Trial 25 finished with value: 0.5 and parameters: {'C': 0.03624529841670917, 'gamma': 0.0014075800855879615}. Best is trial 12 with value: 0.52.
[I 2025-05-15 08:03:41,037] Trial 26 finished with value: 0.5 and parameters: {'C': 1.616618357558893, 'gamma': 0.00022573159513730273}. Best is trial 12 with value: 0.52.
[I 2025-05-15 08:03:41,082] Trial 27 finished with value: 0.5033333333333333 and parameters: {'C': 7.410089820705735, 'gamma': 0.00010450707841298683}. Best is trial 12 with value: 0.52.
[I 2025-05-15 08:03:41,119] Trial 28 finished with value: 0.44000000000000006 and parameters: {'C': 18.916427947041203, 'gamma': 0.00010261270693012807}. Best is trial 12 with value: 0.52.
[I 2025-05-15 08:03:41,154] Trial 29 finished with value: 0.4366666666666667 and parameters: {'C': 6.9706529327574, 'gamma': 0.00042313749053389386}. Best is trial 12 with value: 0.52.
/data/home/rtabares/anaconda3/envs/pyth3.12/lib/python3.12/site-packages/xgboost/core.py:377: FutureWarning: Your system has an old version of glibc (< 2.28). We will stop supporting Linux distros with glibc older than 2.28 after **May 31, 2025**. Please upgrade to a recent Linux distro (with glibc >= 2.28) to use future versions of XGBoost.
Note: You have installed the 'manylinux2014' variant of XGBoost. Certain features such as GPU algorithms or federated learning are not available. To use these features, please upgrade to a recent Linux distro with glibc 2.28+, and install the 'manylinux_2_28' variant.
  warnings.warn(
[I 2025-05-15 08:03:45,807] A new study created in memory with name: logreg
Parámetros guardados en checkpoint_default_Doriginal_H/ag/IPC_27/best_models_ag_seed_7_space_original/svc_best_params.json


>>> Optuna tuning logreg metodo ag IPC 27 seed 7


[I 2025-05-15 08:03:50,106] Trial 0 finished with value: 0.5433333333333333 and parameters: {'C': 0.002407362254570802, 'penalty': 'l2'}. Best is trial 0 with value: 0.5433333333333333.
[I 2025-05-15 08:03:50,337] Trial 1 finished with value: 0.61 and parameters: {'C': 7.935859334260497, 'penalty': 'l2'}. Best is trial 1 with value: 0.61.
[I 2025-05-15 08:03:50,379] Trial 2 finished with value: 0.5233333333333333 and parameters: {'C': 0.15561310098067915, 'penalty': 'l2'}. Best is trial 1 with value: 0.61.
[I 2025-05-15 08:03:50,454] Trial 3 finished with value: 0.61 and parameters: {'C': 4.143104515916128, 'penalty': 'l2'}. Best is trial 1 with value: 0.61.
[I 2025-05-15 08:03:50,511] Trial 4 finished with value: 0.6266666666666667 and parameters: {'C': 77.61533923098803, 'penalty': 'l2'}. Best is trial 4 with value: 0.6266666666666667.
[I 2025-05-15 08:03:50,544] Trial 5 finished with value: 0.5833333333333333 and parameters: {'C': 0.49258292359934785, 'penalty': 'l2'}. Best is trial 4 with value: 0.6266666666666667.
[I 2025-05-15 08:03:50,561] Trial 6 finished with value: 0.5633333333333332 and parameters: {'C': 0.320333470047146, 'penalty': 'l2'}. Best is trial 4 with value: 0.6266666666666667.
[I 2025-05-15 08:03:50,585] Trial 7 finished with value: 0.5433333333333333 and parameters: {'C': 0.002292216671132896, 'penalty': 'l2'}. Best is trial 4 with value: 0.6266666666666667.
[I 2025-05-15 08:03:50,619] Trial 8 finished with value: 0.5266666666666666 and parameters: {'C': 0.0219884643872214, 'penalty': 'l2'}. Best is trial 4 with value: 0.6266666666666667.
[I 2025-05-15 08:03:50,663] Trial 9 finished with value: 0.5633333333333332 and parameters: {'C': 0.31580027519646636, 'penalty': 'l2'}. Best is trial 4 with value: 0.6266666666666667.
[I 2025-05-15 08:03:50,773] Trial 10 finished with value: 0.6066666666666667 and parameters: {'C': 53.54776778233864, 'penalty': 'l2'}. Best is trial 4 with value: 0.6266666666666667.
[I 2025-05-15 08:03:52,256] Trial 11 finished with value: 0.6066666666666667 and parameters: {'C': 64.69271142141261, 'penalty': 'l2'}. Best is trial 4 with value: 0.6266666666666667.
[I 2025-05-15 08:03:53,424] Trial 12 finished with value: 0.59 and parameters: {'C': 9.818422820991712, 'penalty': 'l2'}. Best is trial 4 with value: 0.6266666666666667.
[I 2025-05-15 08:03:53,472] Trial 13 finished with value: 0.59 and parameters: {'C': 8.718262302233207, 'penalty': 'l2'}. Best is trial 4 with value: 0.6266666666666667.
[I 2025-05-15 08:03:53,510] Trial 14 finished with value: 0.6133333333333334 and parameters: {'C': 2.5854454631778463, 'penalty': 'l2'}. Best is trial 4 with value: 0.6266666666666667.
[I 2025-05-15 08:03:53,549] Trial 15 finished with value: 0.65 and parameters: {'C': 1.8402698768989978, 'penalty': 'l2'}. Best is trial 15 with value: 0.65.
[I 2025-05-15 08:03:53,600] Trial 16 finished with value: 0.6066666666666667 and parameters: {'C': 28.440140907297927, 'penalty': 'l2'}. Best is trial 15 with value: 0.65.
[I 2025-05-15 08:03:53,643] Trial 17 finished with value: 0.6333333333333334 and parameters: {'C': 1.5133761149626932, 'penalty': 'l2'}. Best is trial 15 with value: 0.65.
[I 2025-05-15 08:03:53,684] Trial 18 finished with value: 0.6000000000000001 and parameters: {'C': 1.09370358589822, 'penalty': 'l2'}. Best is trial 15 with value: 0.65.
[I 2025-05-15 08:03:53,706] Trial 19 finished with value: 0.4866666666666667 and parameters: {'C': 0.05152576296163582, 'penalty': 'l2'}. Best is trial 15 with value: 0.65.
[I 2025-05-15 08:03:53,754] Trial 20 finished with value: 0.6333333333333334 and parameters: {'C': 1.5169195331279717, 'penalty': 'l2'}. Best is trial 15 with value: 0.65.
[I 2025-05-15 08:03:53,802] Trial 21 finished with value: 0.6333333333333334 and parameters: {'C': 1.4729168828522663, 'penalty': 'l2'}. Best is trial 15 with value: 0.65.
[I 2025-05-15 08:03:53,841] Trial 22 finished with value: 0.6000000000000001 and parameters: {'C': 1.211274000168899, 'penalty': 'l2'}. Best is trial 15 with value: 0.65.
[I 2025-05-15 08:03:54,907] Trial 23 finished with value: 0.4666666666666667 and parameters: {'C': 0.1168231874682798, 'penalty': 'l2'}. Best is trial 15 with value: 0.65.
[I 2025-05-15 08:03:54,969] Trial 24 finished with value: 0.6066666666666667 and parameters: {'C': 19.91122819763798, 'penalty': 'l2'}. Best is trial 15 with value: 0.65.
[I 2025-05-15 08:03:55,022] Trial 25 finished with value: 0.5933333333333334 and parameters: {'C': 3.511606305060373, 'penalty': 'l2'}. Best is trial 15 with value: 0.65.
[I 2025-05-15 08:03:55,050] Trial 26 finished with value: 0.6 and parameters: {'C': 0.6750200910190183, 'penalty': 'l2'}. Best is trial 15 with value: 0.65.
[I 2025-05-15 08:03:55,080] Trial 27 finished with value: 0.5133333333333333 and parameters: {'C': 0.0168999619096971, 'penalty': 'l2'}. Best is trial 15 with value: 0.65.
[I 2025-05-15 08:03:55,121] Trial 28 finished with value: 0.6133333333333334 and parameters: {'C': 2.30726863973601, 'penalty': 'l2'}. Best is trial 15 with value: 0.65.
[I 2025-05-15 08:03:55,150] Trial 29 finished with value: 0.5033333333333333 and parameters: {'C': 0.1481725583932453, 'penalty': 'l2'}. Best is trial 15 with value: 0.65.
[I 2025-05-15 08:04:07,487] A new study created in memory with name: mlp
Parámetros guardados en checkpoint_default_Doriginal_H/ag/IPC_27/best_models_ag_seed_7_space_original/logreg_best_params.json


>>> Optuna tuning mlp metodo ag IPC 27 seed 7


/data/home/rtabares/anaconda3/envs/pyth3.12/lib/python3.12/site-packages/sklearn/neural_network/_multilayer_perceptron.py:691: ConvergenceWarning: Stochastic Optimizer: Maximum iterations (100) reached and the optimization hasn't converged yet.
  warnings.warn(
/data/home/rtabares/anaconda3/envs/pyth3.12/lib/python3.12/site-packages/sklearn/neural_network/_multilayer_perceptron.py:691: ConvergenceWarning: Stochastic Optimizer: Maximum iterations (100) reached and the optimization hasn't converged yet.
  warnings.warn(
/data/home/rtabares/anaconda3/envs/pyth3.12/lib/python3.12/site-packages/sklearn/neural_network/_multilayer_perceptron.py:691: ConvergenceWarning: Stochastic Optimizer: Maximum iterations (100) reached and the optimization hasn't converged yet.
  warnings.warn(
/data/home/rtabares/anaconda3/envs/pyth3.12/lib/python3.12/site-packages/sklearn/neural_network/_multilayer_perceptron.py:691: ConvergenceWarning: Stochastic Optimizer: Maximum iterations (100) reached and the optimization hasn't converged yet.
  warnings.warn(
/data/home/rtabares/anaconda3/envs/pyth3.12/lib/python3.12/site-packages/sklearn/neural_network/_multilayer_perceptron.py:691: ConvergenceWarning: Stochastic Optimizer: Maximum iterations (100) reached and the optimization hasn't converged yet.
  warnings.warn(
[I 2025-05-15 08:04:09,402] Trial 0 finished with value: 0.51 and parameters: {'hidden_layer_sizes': (200,), 'max_iter': 100, 'alpha': 0.0001}. Best is trial 0 with value: 0.51.
/data/home/rtabares/anaconda3/envs/pyth3.12/lib/python3.12/site-packages/sklearn/neural_network/_multilayer_perceptron.py:691: ConvergenceWarning: Stochastic Optimizer: Maximum iterations (100) reached and the optimization hasn't converged yet.
  warnings.warn(
/data/home/rtabares/anaconda3/envs/pyth3.12/lib/python3.12/site-packages/sklearn/neural_network/_multilayer_perceptron.py:691: ConvergenceWarning: Stochastic Optimizer: Maximum iterations (100) reached and the optimization hasn't converged yet.
  warnings.warn(
/data/home/rtabares/anaconda3/envs/pyth3.12/lib/python3.12/site-packages/sklearn/neural_network/_multilayer_perceptron.py:691: ConvergenceWarning: Stochastic Optimizer: Maximum iterations (100) reached and the optimization hasn't converged yet.
  warnings.warn(
/data/home/rtabares/anaconda3/envs/pyth3.12/lib/python3.12/site-packages/sklearn/neural_network/_multilayer_perceptron.py:691: ConvergenceWarning: Stochastic Optimizer: Maximum iterations (100) reached and the optimization hasn't converged yet.
  warnings.warn(
/data/home/rtabares/anaconda3/envs/pyth3.12/lib/python3.12/site-packages/sklearn/neural_network/_multilayer_perceptron.py:691: ConvergenceWarning: Stochastic Optimizer: Maximum iterations (100) reached and the optimization hasn't converged yet.
  warnings.warn(
[I 2025-05-15 08:04:09,602] Trial 1 finished with value: 0.53 and parameters: {'hidden_layer_sizes': (100, 100), 'max_iter': 100, 'alpha': 0.0001}. Best is trial 1 with value: 0.53.
/data/home/rtabares/anaconda3/envs/pyth3.12/lib/python3.12/site-packages/sklearn/neural_network/_multilayer_perceptron.py:691: ConvergenceWarning: Stochastic Optimizer: Maximum iterations (100) reached and the optimization hasn't converged yet.
  warnings.warn(
/data/home/rtabares/anaconda3/envs/pyth3.12/lib/python3.12/site-packages/sklearn/neural_network/_multilayer_perceptron.py:691: ConvergenceWarning: Stochastic Optimizer: Maximum iterations (100) reached and the optimization hasn't converged yet.
  warnings.warn(
/data/home/rtabares/anaconda3/envs/pyth3.12/lib/python3.12/site-packages/sklearn/neural_network/_multilayer_perceptron.py:691: ConvergenceWarning: Stochastic Optimizer: Maximum iterations (100) reached and the optimization hasn't converged yet.
  warnings.warn(
/data/home/rtabares/anaconda3/envs/pyth3.12/lib/python3.12/site-packages/sklearn/neural_network/_multilayer_perceptron.py:691: ConvergenceWarning: Stochastic Optimizer: Maximum iterations (100) reached and the optimization hasn't converged yet.
  warnings.warn(
/data/home/rtabares/anaconda3/envs/pyth3.12/lib/python3.12/site-packages/sklearn/neural_network/_multilayer_perceptron.py:691: ConvergenceWarning: Stochastic Optimizer: Maximum iterations (100) reached and the optimization hasn't converged yet.
  warnings.warn(
