[I 2025-05-15 07:30:45,992] Trial 11 finished with value: 0.9333333333333332 and parameters: {'n_estimators': 40, 'max_depth': 20, 'gamma': 0.48174279936552766, 'subsample': 0.989150058671527, 'colsample_bytree': 0.9417304300325259}. Best is trial 4 with value: 0.9333333333333332.
/data/home/rtabares/anaconda3/envs/pyth3.12/lib/python3.12/site-packages/xgboost/core.py:377: FutureWarning: Your system has an old version of glibc (< 2.28). We will stop supporting Linux distros with glibc older than 2.28 after **May 31, 2025**. Please upgrade to a recent Linux distro (with glibc >= 2.28) to use future versions of XGBoost.
Note: You have installed the 'manylinux2014' variant of XGBoost. Certain features such as GPU algorithms or federated learning are not available. To use these features, please upgrade to a recent Linux distro with glibc 2.28+, and install the 'manylinux_2_28' variant.
  warnings.warn(
/data/home/rtabares/anaconda3/envs/pyth3.12/lib/python3.12/site-packages/xgboost/core.py:377: FutureWarning: Your system has an old version of glibc (< 2.28). We will stop supporting Linux distros with glibc older than 2.28 after **May 31, 2025**. Please upgrade to a recent Linux distro (with glibc >= 2.28) to use future versions of XGBoost.
Note: You have installed the 'manylinux2014' variant of XGBoost. Certain features such as GPU algorithms or federated learning are not available. To use these features, please upgrade to a recent Linux distro with glibc 2.28+, and install the 'manylinux_2_28' variant.
  warnings.warn(
/data/home/rtabares/anaconda3/envs/pyth3.12/lib/python3.12/site-packages/xgboost/core.py:377: FutureWarning: Your system has an old version of glibc (< 2.28). We will stop supporting Linux distros with glibc older than 2.28 after **May 31, 2025**. Please upgrade to a recent Linux distro (with glibc >= 2.28) to use future versions of XGBoost.
Note: You have installed the 'manylinux2014' variant of XGBoost. Certain features such as GPU algorithms or federated learning are not available. To use these features, please upgrade to a recent Linux distro with glibc 2.28+, and install the 'manylinux_2_28' variant.
  warnings.warn(
[I 2025-05-15 07:30:47,516] Trial 12 finished with value: 0.8833333333333332 and parameters: {'n_estimators': 10, 'max_depth': 20, 'gamma': 0.4806200998929483, 'subsample': 0.9077278082894746, 'colsample_bytree': 0.9715083346653923}. Best is trial 4 with value: 0.9333333333333332.
[I 2025-05-15 07:30:47,575] Trial 13 finished with value: 0.8833333333333332 and parameters: {'n_estimators': 40, 'max_depth': 5, 'gamma': 0.9773182951129106, 'subsample': 0.9279363521509754, 'colsample_bytree': 0.815479657978966}. Best is trial 4 with value: 0.9333333333333332.
/data/home/rtabares/anaconda3/envs/pyth3.12/lib/python3.12/site-packages/xgboost/core.py:377: FutureWarning: Your system has an old version of glibc (< 2.28). We will stop supporting Linux distros with glibc older than 2.28 after **May 31, 2025**. Please upgrade to a recent Linux distro (with glibc >= 2.28) to use future versions of XGBoost.
Note: You have installed the 'manylinux2014' variant of XGBoost. Certain features such as GPU algorithms or federated learning are not available. To use these features, please upgrade to a recent Linux distro with glibc 2.28+, and install the 'manylinux_2_28' variant.
  warnings.warn(
[I 2025-05-15 07:30:47,763] Trial 14 finished with value: 0.8833333333333332 and parameters: {'n_estimators': 100, 'max_depth': 20, 'gamma': 0.5923671291644164, 'subsample': 0.6658807753897364, 'colsample_bytree': 0.915563212945738}. Best is trial 4 with value: 0.9333333333333332.
/data/home/rtabares/anaconda3/envs/pyth3.12/lib/python3.12/site-packages/xgboost/core.py:377: FutureWarning: Your system has an old version of glibc (< 2.28). We will stop supporting Linux distros with glibc older than 2.28 after **May 31, 2025**. Please upgrade to a recent Linux distro (with glibc >= 2.28) to use future versions of XGBoost.
Note: You have installed the 'manylinux2014' variant of XGBoost. Certain features such as GPU algorithms or federated learning are not available. To use these features, please upgrade to a recent Linux distro with glibc 2.28+, and install the 'manylinux_2_28' variant.
  warnings.warn(
[I 2025-05-15 07:30:47,856] Trial 15 finished with value: 0.9333333333333332 and parameters: {'n_estimators': 10, 'max_depth': 20, 'gamma': 0.35637840926066944, 'subsample': 0.860564527993072, 'colsample_bytree': 0.9958640573710154}. Best is trial 4 with value: 0.9333333333333332.
[I 2025-05-15 07:30:47,954] Trial 16 finished with value: 0.9333333333333332 and parameters: {'n_estimators': 40, 'max_depth': 5, 'gamma': 0.8135097324405516, 'subsample': 0.9866427955127265, 'colsample_bytree': 0.8889735659709893}. Best is trial 4 with value: 0.9333333333333332.
/data/home/rtabares/anaconda3/envs/pyth3.12/lib/python3.12/site-packages/xgboost/core.py:377: FutureWarning: Your system has an old version of glibc (< 2.28). We will stop supporting Linux distros with glibc older than 2.28 after **May 31, 2025**. Please upgrade to a recent Linux distro (with glibc >= 2.28) to use future versions of XGBoost.
Note: You have installed the 'manylinux2014' variant of XGBoost. Certain features such as GPU algorithms or federated learning are not available. To use these features, please upgrade to a recent Linux distro with glibc 2.28+, and install the 'manylinux_2_28' variant.
  warnings.warn(
[I 2025-05-15 07:30:48,102] Trial 17 finished with value: 0.9333333333333332 and parameters: {'n_estimators': 40, 'max_depth': 20, 'gamma': 0.37759251465968047, 'subsample': 0.5053007952589881, 'colsample_bytree': 0.7714862935756532}. Best is trial 4 with value: 0.9333333333333332.
[I 2025-05-15 07:30:48,153] Trial 18 finished with value: 0.9333333333333332 and parameters: {'n_estimators': 10, 'max_depth': 20, 'gamma': 0.628336157421842, 'subsample': 0.8681911463635885, 'colsample_bytree': 0.641796449296045}. Best is trial 4 with value: 0.9333333333333332.
[I 2025-05-15 07:30:48,329] Trial 19 finished with value: 0.8833333333333332 and parameters: {'n_estimators': 100, 'max_depth': 20, 'gamma': 0.49487019164651586, 'subsample': 0.9486826877623283, 'colsample_bytree': 0.7153937920324595}. Best is trial 4 with value: 0.9333333333333332.
[I 2025-05-15 07:30:48,417] Trial 20 finished with value: 0.8833333333333332 and parameters: {'n_estimators': 10, 'max_depth': 5, 'gamma': 0.9043520033330217, 'subsample': 0.7204941263814817, 'colsample_bytree': 0.5761001522118755}. Best is trial 4 with value: 0.9333333333333332.
/data/home/rtabares/anaconda3/envs/pyth3.12/lib/python3.12/site-packages/xgboost/core.py:377: FutureWarning: Your system has an old version of glibc (< 2.28). We will stop supporting Linux distros with glibc older than 2.28 after **May 31, 2025**. Please upgrade to a recent Linux distro (with glibc >= 2.28) to use future versions of XGBoost.
Note: You have installed the 'manylinux2014' variant of XGBoost. Certain features such as GPU algorithms or federated learning are not available. To use these features, please upgrade to a recent Linux distro with glibc 2.28+, and install the 'manylinux_2_28' variant.
  warnings.warn(
/data/home/rtabares/anaconda3/envs/pyth3.12/lib/python3.12/site-packages/xgboost/core.py:377: FutureWarning: Your system has an old version of glibc (< 2.28). We will stop supporting Linux distros with glibc older than 2.28 after **May 31, 2025**. Please upgrade to a recent Linux distro (with glibc >= 2.28) to use future versions of XGBoost.
Note: You have installed the 'manylinux2014' variant of XGBoost. Certain features such as GPU algorithms or federated learning are not available. To use these features, please upgrade to a recent Linux distro with glibc 2.28+, and install the 'manylinux_2_28' variant.
  warnings.warn(
[I 2025-05-15 07:30:50,415] Trial 21 finished with value: 0.8833333333333332 and parameters: {'n_estimators': 10, 'max_depth': 5, 'gamma': 0.10884944353746728, 'subsample': 0.9979110408814345, 'colsample_bytree': 0.5053261805327296}. Best is trial 4 with value: 0.9333333333333332.
[I 2025-05-15 07:30:50,461] Trial 22 finished with value: 0.8333333333333333 and parameters: {'n_estimators': 10, 'max_depth': 5, 'gamma': 0.11137942945478896, 'subsample': 0.9569711506259652, 'colsample_bytree': 0.5231204533985923}. Best is trial 4 with value: 0.9333333333333332.
[I 2025-05-15 07:30:50,533] Trial 23 finished with value: 0.8833333333333332 and parameters: {'n_estimators': 10, 'max_depth': 5, 'gamma': 0.2648495508668123, 'subsample': 0.8729709473518582, 'colsample_bytree': 0.6078729335611506}. Best is trial 4 with value: 0.9333333333333332.
[I 2025-05-15 07:30:50,598] Trial 24 finished with value: 0.8833333333333332 and parameters: {'n_estimators': 10, 'max_depth': 5, 'gamma': 0.19453925882298234, 'subsample': 0.924579538676533, 'colsample_bytree': 0.6794004834151541}. Best is trial 4 with value: 0.9333333333333332.
[I 2025-05-15 07:30:50,672] Trial 25 finished with value: 0.8333333333333333 and parameters: {'n_estimators': 40, 'max_depth': 20, 'gamma': 0.4138286687723445, 'subsample': 0.9623891991062521, 'colsample_bytree': 0.8203278548308155}. Best is trial 4 with value: 0.9333333333333332.
[I 2025-05-15 07:30:50,743] Trial 26 finished with value: 0.9333333333333332 and parameters: {'n_estimators': 10, 'max_depth': 5, 'gamma': 0.6649873011889328, 'subsample': 0.886886425526915, 'colsample_bytree': 0.7508368027176379}. Best is trial 4 with value: 0.9333333333333332.
[I 2025-05-15 07:30:50,809] Trial 27 finished with value: 0.8833333333333332 and parameters: {'n_estimators': 10, 'max_depth': 20, 'gamma': 0.8098346811458668, 'subsample': 0.8413517609684624, 'colsample_bytree': 0.5686243405080826}. Best is trial 4 with value: 0.9333333333333332.
[I 2025-05-15 07:30:50,899] Trial 28 finished with value: 0.9333333333333332 and parameters: {'n_estimators': 100, 'max_depth': 20, 'gamma': 0.27521602594830874, 'subsample': 0.9990485442733925, 'colsample_bytree': 0.8788900174827465}. Best is trial 4 with value: 0.9333333333333332.
[I 2025-05-15 07:30:50,957] Trial 29 finished with value: 0.8833333333333332 and parameters: {'n_estimators': 40, 'max_depth': 5, 'gamma': 0.550483876509164, 'subsample': 0.956385469875085, 'colsample_bytree': 0.688166281408222}. Best is trial 4 with value: 0.9333333333333332.
[I 2025-05-15 07:31:04,119] A new study created in memory with name: rf
Parámetros guardados en checkpoint_shoppers_Doriginal_F/random/IPC_11/best_models_random_seed_6_space_original/xgb_best_params.json


>>> Optuna tuning rf metodo random IPC 11 seed 6


[I 2025-05-15 07:31:10,126] Trial 0 finished with value: 0.8666666666666666 and parameters: {'n_estimators': 458, 'max_depth': 8, 'min_samples_split': 9, 'min_samples_leaf': 1}. Best is trial 0 with value: 0.8666666666666666.
[I 2025-05-15 07:31:10,914] Trial 1 finished with value: 0.9 and parameters: {'n_estimators': 143, 'max_depth': 13, 'min_samples_split': 6, 'min_samples_leaf': 5}. Best is trial 1 with value: 0.9.
[I 2025-05-15 07:31:11,591] Trial 2 finished with value: 0.5 and parameters: {'n_estimators': 234, 'max_depth': 14, 'min_samples_split': 5, 'min_samples_leaf': 8}. Best is trial 1 with value: 0.9.
[I 2025-05-15 07:31:12,501] Trial 3 finished with value: 0.5 and parameters: {'n_estimators': 307, 'max_depth': 13, 'min_samples_split': 7, 'min_samples_leaf': 10}. Best is trial 1 with value: 0.9.
[I 2025-05-15 07:31:13,466] Trial 4 finished with value: 0.5 and parameters: {'n_estimators': 428, 'max_depth': 10, 'min_samples_split': 9, 'min_samples_leaf': 9}. Best is trial 1 with value: 0.9.
[I 2025-05-15 07:31:13,926] Trial 5 finished with value: 0.5 and parameters: {'n_estimators': 121, 'max_depth': 15, 'min_samples_split': 9, 'min_samples_leaf': 8}. Best is trial 1 with value: 0.9.
[I 2025-05-15 07:31:15,118] Trial 6 finished with value: 0.5 and parameters: {'n_estimators': 384, 'max_depth': 12, 'min_samples_split': 3, 'min_samples_leaf': 10}. Best is trial 1 with value: 0.9.
[I 2025-05-15 07:31:15,918] Trial 7 finished with value: 0.5 and parameters: {'n_estimators': 261, 'max_depth': 6, 'min_samples_split': 8, 'min_samples_leaf': 10}. Best is trial 1 with value: 0.9.
[I 2025-05-15 07:31:16,319] Trial 8 finished with value: 0.5 and parameters: {'n_estimators': 202, 'max_depth': 15, 'min_samples_split': 7, 'min_samples_leaf': 8}. Best is trial 1 with value: 0.9.
[I 2025-05-15 07:31:17,458] Trial 9 finished with value: 0.85 and parameters: {'n_estimators': 475, 'max_depth': 9, 'min_samples_split': 4, 'min_samples_leaf': 5}. Best is trial 1 with value: 0.9.
[I 2025-05-15 07:31:17,864] Trial 10 finished with value: 0.8166666666666667 and parameters: {'n_estimators': 135, 'max_depth': 20, 'min_samples_split': 2, 'min_samples_leaf': 4}. Best is trial 1 with value: 0.9.
[I 2025-05-15 07:31:19,686] Trial 11 finished with value: 0.8666666666666666 and parameters: {'n_estimators': 344, 'max_depth': 4, 'min_samples_split': 10, 'min_samples_leaf': 1}. Best is trial 1 with value: 0.9.
[I 2025-05-15 07:31:22,661] Trial 12 finished with value: 0.8666666666666666 and parameters: {'n_estimators': 489, 'max_depth': 7, 'min_samples_split': 6, 'min_samples_leaf': 1}. Best is trial 1 with value: 0.9.
[I 2025-05-15 07:31:24,309] Trial 13 finished with value: 0.9 and parameters: {'n_estimators': 201, 'max_depth': 18, 'min_samples_split': 5, 'min_samples_leaf': 3}. Best is trial 1 with value: 0.9.
[I 2025-05-15 07:31:26,044] Trial 14 finished with value: 0.85 and parameters: {'n_estimators': 177, 'max_depth': 19, 'min_samples_split': 5, 'min_samples_leaf': 4}. Best is trial 1 with value: 0.9.
[I 2025-05-15 07:31:26,645] Trial 15 finished with value: 0.8666666666666666 and parameters: {'n_estimators': 170, 'max_depth': 17, 'min_samples_split': 5, 'min_samples_leaf': 3}. Best is trial 1 with value: 0.9.
[I 2025-05-15 07:31:26,989] Trial 16 finished with value: 0.8 and parameters: {'n_estimators': 101, 'max_depth': 17, 'min_samples_split': 6, 'min_samples_leaf': 3}. Best is trial 1 with value: 0.9.
[I 2025-05-15 07:31:27,969] Trial 17 finished with value: 0.85 and parameters: {'n_estimators': 265, 'max_depth': 17, 'min_samples_split': 4, 'min_samples_leaf': 6}. Best is trial 1 with value: 0.9.
[I 2025-05-15 07:31:28,539] Trial 18 finished with value: 0.8333333333333333 and parameters: {'n_estimators': 208, 'max_depth': 11, 'min_samples_split': 7, 'min_samples_leaf': 6}. Best is trial 1 with value: 0.9.
[I 2025-05-15 07:31:29,017] Trial 19 finished with value: 0.9 and parameters: {'n_estimators': 153, 'max_depth': 18, 'min_samples_split': 3, 'min_samples_leaf': 3}. Best is trial 1 with value: 0.9.
[I 2025-05-15 07:31:29,597] Trial 20 finished with value: 0.8166666666666667 and parameters: {'n_estimators': 276, 'max_depth': 15, 'min_samples_split': 4, 'min_samples_leaf': 5}. Best is trial 1 with value: 0.9.
[I 2025-05-15 07:31:30,011] Trial 21 finished with value: 0.85 and parameters: {'n_estimators': 156, 'max_depth': 19, 'min_samples_split': 2, 'min_samples_leaf': 3}. Best is trial 1 with value: 0.9.
[I 2025-05-15 07:31:30,587] Trial 22 finished with value: 0.85 and parameters: {'n_estimators': 205, 'max_depth': 18, 'min_samples_split': 3, 'min_samples_leaf': 2}. Best is trial 1 with value: 0.9.
[I 2025-05-15 07:31:31,055] Trial 23 finished with value: 0.85 and parameters: {'n_estimators': 150, 'max_depth': 20, 'min_samples_split': 3, 'min_samples_leaf': 4}. Best is trial 1 with value: 0.9.
[I 2025-05-15 07:31:31,421] Trial 24 finished with value: 0.8666666666666666 and parameters: {'n_estimators': 114, 'max_depth': 16, 'min_samples_split': 5, 'min_samples_leaf': 2}. Best is trial 1 with value: 0.9.
[I 2025-05-15 07:31:31,962] Trial 25 finished with value: 0.55 and parameters: {'n_estimators': 225, 'max_depth': 13, 'min_samples_split': 6, 'min_samples_leaf': 7}. Best is trial 1 with value: 0.9.
[I 2025-05-15 07:31:32,421] Trial 26 finished with value: 0.8166666666666667 and parameters: {'n_estimators': 177, 'max_depth': 18, 'min_samples_split': 4, 'min_samples_leaf': 5}. Best is trial 1 with value: 0.9.
[I 2025-05-15 07:31:32,914] Trial 27 finished with value: 0.8666666666666666 and parameters: {'n_estimators': 139, 'max_depth': 11, 'min_samples_split': 3, 'min_samples_leaf': 2}. Best is trial 1 with value: 0.9.
[I 2025-05-15 07:31:33,687] Trial 28 finished with value: 0.9 and parameters: {'n_estimators': 313, 'max_depth': 16, 'min_samples_split': 6, 'min_samples_leaf': 4}. Best is trial 1 with value: 0.9.
[I 2025-05-15 07:31:34,112] Trial 29 finished with value: 0.8166666666666667 and parameters: {'n_estimators': 185, 'max_depth': 3, 'min_samples_split': 8, 'min_samples_leaf': 3}. Best is trial 1 with value: 0.9.
[I 2025-05-15 07:31:40,888] A new study created in memory with name: svc
Parámetros guardados en checkpoint_shoppers_Doriginal_F/random/IPC_11/best_models_random_seed_6_space_original/rf_best_params.json


>>> Optuna tuning svc metodo random IPC 11 seed 6


[I 2025-05-15 07:31:43,384] Trial 0 finished with value: 0.8166666666666667 and parameters: {'C': 37.27697013499731, 'gamma': 0.0021277432488243223}. Best is trial 0 with value: 0.8166666666666667.
[I 2025-05-15 07:31:43,474] Trial 1 finished with value: 0.7 and parameters: {'C': 19.271543171162776, 'gamma': 0.00014682043379470554}. Best is trial 0 with value: 0.8166666666666667.
[I 2025-05-15 07:31:43,500] Trial 2 finished with value: 0.75 and parameters: {'C': 0.0269542169583157, 'gamma': 0.023999835049635022}. Best is trial 0 with value: 0.8166666666666667.
[I 2025-05-15 07:31:43,525] Trial 3 finished with value: 0.7833333333333333 and parameters: {'C': 1.3160410886450586, 'gamma': 0.0047340159215720195}. Best is trial 0 with value: 0.8166666666666667.
[I 2025-05-15 07:31:43,540] Trial 4 finished with value: 0.75 and parameters: {'C': 0.21959952535674737, 'gamma': 0.030908485742507576}. Best is trial 0 with value: 0.8166666666666667.
[I 2025-05-15 07:31:43,555] Trial 5 finished with value: 0.7 and parameters: {'C': 0.5656733313644114, 'gamma': 0.08780685564625502}. Best is trial 0 with value: 0.8166666666666667.
[I 2025-05-15 07:31:43,579] Trial 6 finished with value: 0.8166666666666667 and parameters: {'C': 1.1807165425157664, 'gamma': 0.020674470756231633}. Best is trial 0 with value: 0.8166666666666667.
[I 2025-05-15 07:31:43,603] Trial 7 finished with value: 0.75 and parameters: {'C': 3.8143486186647126, 'gamma': 0.9138966502602072}. Best is trial 0 with value: 0.8166666666666667.
[I 2025-05-15 07:31:43,617] Trial 8 finished with value: 0.8166666666666667 and parameters: {'C': 19.029737066374768, 'gamma': 0.004495766421289856}. Best is trial 0 with value: 0.8166666666666667.
[I 2025-05-15 07:31:43,630] Trial 9 finished with value: 0.85 and parameters: {'C': 31.994153257994277, 'gamma': 0.19725941020937518}. Best is trial 9 with value: 0.85.
[I 2025-05-15 07:31:43,657] Trial 10 finished with value: 0.8 and parameters: {'C': 96.7709324961944, 'gamma': 0.664271955170346}. Best is trial 9 with value: 0.85.
[I 2025-05-15 07:31:44,894] Trial 11 finished with value: 0.8166666666666667 and parameters: {'C': 89.37968803834589, 'gamma': 0.0006818194986516964}. Best is trial 9 with value: 0.85.
[I 2025-05-15 07:31:46,340] Trial 12 finished with value: 0.7833333333333333 and parameters: {'C': 11.201901538496498, 'gamma': 0.0011517222392409623}. Best is trial 9 with value: 0.85.
[I 2025-05-15 07:31:46,362] Trial 13 finished with value: 0.85 and parameters: {'C': 5.512710744479732, 'gamma': 0.17790885994446234}. Best is trial 9 with value: 0.85.
[I 2025-05-15 07:31:46,387] Trial 14 finished with value: 0.85 and parameters: {'C': 6.216958648502451, 'gamma': 0.18653664743897566}. Best is trial 9 with value: 0.85.
[I 2025-05-15 07:31:46,411] Trial 15 finished with value: 0.85 and parameters: {'C': 3.0127606817123733, 'gamma': 0.1607084290731252}. Best is trial 9 with value: 0.85.
[I 2025-05-15 07:31:46,435] Trial 16 finished with value: 0.7 and parameters: {'C': 0.10247383075244614, 'gamma': 0.29768032203878475}. Best is trial 9 with value: 0.85.
[I 2025-05-15 07:31:46,458] Trial 17 finished with value: 0.85 and parameters: {'C': 37.094475015928445, 'gamma': 0.07919616641798558}. Best is trial 9 with value: 0.85.
[I 2025-05-15 07:31:46,506] Trial 18 finished with value: 0.85 and parameters: {'C': 4.869482578888456, 'gamma': 0.05458451622826981}. Best is trial 9 with value: 0.85.
[I 2025-05-15 07:31:46,531] Trial 19 finished with value: 0.8 and parameters: {'C': 0.013103877820334748, 'gamma': 0.39790634937376834}. Best is trial 9 with value: 0.85.
[I 2025-05-15 07:31:46,557] Trial 20 finished with value: 0.75 and parameters: {'C': 0.4508819354059599, 'gamma': 0.010033777844335087}. Best is trial 9 with value: 0.85.
[I 2025-05-15 07:31:46,582] Trial 21 finished with value: 0.8166666666666667 and parameters: {'C': 9.497008020602367, 'gamma': 0.20677189955982944}. Best is trial 9 with value: 0.85.
[I 2025-05-15 07:31:46,606] Trial 22 finished with value: 0.85 and parameters: {'C': 2.2287597633222336, 'gamma': 0.1391409498546832}. Best is trial 9 with value: 0.85.
[I 2025-05-15 07:31:46,629] Trial 23 finished with value: 0.8 and parameters: {'C': 7.871001900467957, 'gamma': 0.4331982153643289}. Best is trial 9 with value: 0.85.
[I 2025-05-15 07:31:47,558] Trial 24 finished with value: 0.85 and parameters: {'C': 31.12439091934494, 'gamma': 0.04710263442746423}. Best is trial 9 with value: 0.85.
[I 2025-05-15 07:31:47,588] Trial 25 finished with value: 0.85 and parameters: {'C': 6.878189010706611, 'gamma': 0.1187687052655594}. Best is trial 9 with value: 0.85.
[I 2025-05-15 07:31:47,612] Trial 26 finished with value: 0.8166666666666667 and parameters: {'C': 18.459794411566943, 'gamma': 0.011758598016277325}. Best is trial 9 with value: 0.85.
