[I 2025-05-15 07:36:49,053] Trial 21 finished with value: 1.0 and parameters: {'n_estimators': 10, 'max_depth': 20, 'gamma': 0.3607779643909888, 'subsample': 0.5531120505754769, 'colsample_bytree': 0.5663736666082919}. Best is trial 5 with value: 1.0.
[I 2025-05-15 07:36:49,091] Trial 22 finished with value: 1.0 and parameters: {'n_estimators': 10, 'max_depth': 20, 'gamma': 0.36549318664977626, 'subsample': 0.5348769458562042, 'colsample_bytree': 0.5492038914029084}. Best is trial 5 with value: 1.0.
[I 2025-05-15 07:36:49,132] Trial 23 finished with value: 1.0 and parameters: {'n_estimators': 10, 'max_depth': 20, 'gamma': 0.5844576720191149, 'subsample': 0.5423690877482837, 'colsample_bytree': 0.5428604906616481}. Best is trial 5 with value: 1.0.
[I 2025-05-15 07:36:49,170] Trial 24 finished with value: 1.0 and parameters: {'n_estimators': 10, 'max_depth': 20, 'gamma': 0.10683373969410265, 'subsample': 0.5041788291572397, 'colsample_bytree': 0.5404851804257818}. Best is trial 5 with value: 1.0.
[I 2025-05-15 07:36:49,207] Trial 25 finished with value: 1.0 and parameters: {'n_estimators': 10, 'max_depth': 20, 'gamma': 0.49607184434272117, 'subsample': 0.5619261885386442, 'colsample_bytree': 0.5003713444390301}. Best is trial 5 with value: 1.0.
[I 2025-05-15 07:36:49,246] Trial 26 finished with value: 0.9833333333333334 and parameters: {'n_estimators': 10, 'max_depth': 20, 'gamma': 0.33138199198795926, 'subsample': 0.6133106565565788, 'colsample_bytree': 0.5778741933755978}. Best is trial 5 with value: 1.0.
[I 2025-05-15 07:36:49,279] Trial 27 finished with value: 0.9466666666666667 and parameters: {'n_estimators': 10, 'max_depth': 20, 'gamma': 0.7235581707197154, 'subsample': 0.5459455485157051, 'colsample_bytree': 0.9107863508855307}. Best is trial 5 with value: 1.0.
[I 2025-05-15 07:36:49,313] Trial 28 finished with value: 0.9833333333333334 and parameters: {'n_estimators': 10, 'max_depth': 20, 'gamma': 0.20956332582862824, 'subsample': 0.6113838175003208, 'colsample_bytree': 0.6048407656247708}. Best is trial 5 with value: 1.0.
[I 2025-05-15 07:36:49,351] Trial 29 finished with value: 0.9800000000000001 and parameters: {'n_estimators': 40, 'max_depth': 5, 'gamma': 0.44646027415759737, 'subsample': 0.5064696009135157, 'colsample_bytree': 0.6782735555567287}. Best is trial 5 with value: 1.0.
[I 2025-05-15 07:36:53,632] A new study created in memory with name: rf
Parámetros guardados en checkpoint_default_Doriginal_H/lc/IPC_27/best_models_lc_seed_5_space_original/xgb_best_params.json


>>> Optuna tuning rf metodo lc IPC 27 seed 5


[I 2025-05-15 07:36:57,315] Trial 0 finished with value: 1.0 and parameters: {'n_estimators': 189, 'max_depth': 18, 'min_samples_split': 3, 'min_samples_leaf': 10}. Best is trial 0 with value: 1.0.
[I 2025-05-15 07:36:58,000] Trial 1 finished with value: 1.0 and parameters: {'n_estimators': 295, 'max_depth': 14, 'min_samples_split': 8, 'min_samples_leaf': 6}. Best is trial 0 with value: 1.0.
[I 2025-05-15 07:36:58,353] Trial 2 finished with value: 1.0 and parameters: {'n_estimators': 219, 'max_depth': 6, 'min_samples_split': 2, 'min_samples_leaf': 8}. Best is trial 0 with value: 1.0.
[I 2025-05-15 07:36:58,767] Trial 3 finished with value: 1.0 and parameters: {'n_estimators': 276, 'max_depth': 5, 'min_samples_split': 9, 'min_samples_leaf': 3}. Best is trial 0 with value: 1.0.
[I 2025-05-15 07:36:59,183] Trial 4 finished with value: 1.0 and parameters: {'n_estimators': 266, 'max_depth': 8, 'min_samples_split': 7, 'min_samples_leaf': 6}. Best is trial 0 with value: 1.0.
[I 2025-05-15 07:36:59,665] Trial 5 finished with value: 1.0 and parameters: {'n_estimators': 340, 'max_depth': 7, 'min_samples_split': 4, 'min_samples_leaf': 3}. Best is trial 0 with value: 1.0.
[I 2025-05-15 07:36:59,966] Trial 6 finished with value: 1.0 and parameters: {'n_estimators': 231, 'max_depth': 5, 'min_samples_split': 3, 'min_samples_leaf': 10}. Best is trial 0 with value: 1.0.
[I 2025-05-15 07:37:00,640] Trial 7 finished with value: 1.0 and parameters: {'n_estimators': 485, 'max_depth': 6, 'min_samples_split': 2, 'min_samples_leaf': 3}. Best is trial 0 with value: 1.0.
[I 2025-05-15 07:37:01,180] Trial 8 finished with value: 1.0 and parameters: {'n_estimators': 380, 'max_depth': 17, 'min_samples_split': 2, 'min_samples_leaf': 6}. Best is trial 0 with value: 1.0.
[I 2025-05-15 07:37:01,339] Trial 9 finished with value: 1.0 and parameters: {'n_estimators': 100, 'max_depth': 12, 'min_samples_split': 7, 'min_samples_leaf': 10}. Best is trial 0 with value: 1.0.
[I 2025-05-15 07:37:01,598] Trial 10 finished with value: 1.0 and parameters: {'n_estimators': 110, 'max_depth': 20, 'min_samples_split': 5, 'min_samples_leaf': 8}. Best is trial 0 with value: 1.0.
[I 2025-05-15 07:37:02,768] Trial 11 finished with value: 1.0 and parameters: {'n_estimators': 175, 'max_depth': 14, 'min_samples_split': 10, 'min_samples_leaf': 1}. Best is trial 0 with value: 1.0.
[I 2025-05-15 07:37:04,120] Trial 12 finished with value: 1.0 and parameters: {'n_estimators': 396, 'max_depth': 16, 'min_samples_split': 8, 'min_samples_leaf': 8}. Best is trial 0 with value: 1.0.
[I 2025-05-15 07:37:05,348] Trial 13 finished with value: 1.0 and parameters: {'n_estimators': 159, 'max_depth': 20, 'min_samples_split': 6, 'min_samples_leaf': 5}. Best is trial 0 with value: 1.0.
[I 2025-05-15 07:37:05,962] Trial 14 finished with value: 1.0 and parameters: {'n_estimators': 316, 'max_depth': 10, 'min_samples_split': 5, 'min_samples_leaf': 9}. Best is trial 0 with value: 1.0.
[I 2025-05-15 07:37:06,301] Trial 15 finished with value: 1.0 and parameters: {'n_estimators': 202, 'max_depth': 17, 'min_samples_split': 8, 'min_samples_leaf': 5}. Best is trial 0 with value: 1.0.
[I 2025-05-15 07:37:07,054] Trial 16 finished with value: 1.0 and parameters: {'n_estimators': 444, 'max_depth': 14, 'min_samples_split': 10, 'min_samples_leaf': 7}. Best is trial 0 with value: 1.0.
[I 2025-05-15 07:37:07,600] Trial 17 finished with value: 1.0 and parameters: {'n_estimators': 252, 'max_depth': 14, 'min_samples_split': 4, 'min_samples_leaf': 1}. Best is trial 0 with value: 1.0.
[I 2025-05-15 07:37:08,417] Trial 18 finished with value: 1.0 and parameters: {'n_estimators': 353, 'max_depth': 18, 'min_samples_split': 6, 'min_samples_leaf': 4}. Best is trial 0 with value: 1.0.
[I 2025-05-15 07:37:08,705] Trial 19 finished with value: 1.0 and parameters: {'n_estimators': 156, 'max_depth': 11, 'min_samples_split': 9, 'min_samples_leaf': 7}. Best is trial 0 with value: 1.0.
[I 2025-05-15 07:37:09,149] Trial 20 finished with value: 1.0 and parameters: {'n_estimators': 285, 'max_depth': 3, 'min_samples_split': 4, 'min_samples_leaf': 9}. Best is trial 0 with value: 1.0.
[I 2025-05-15 07:37:09,493] Trial 21 finished with value: 1.0 and parameters: {'n_estimators': 209, 'max_depth': 9, 'min_samples_split': 3, 'min_samples_leaf': 8}. Best is trial 0 with value: 1.0.
[I 2025-05-15 07:37:09,893] Trial 22 finished with value: 1.0 and parameters: {'n_estimators': 211, 'max_depth': 12, 'min_samples_split': 2, 'min_samples_leaf': 9}. Best is trial 0 with value: 1.0.
[I 2025-05-15 07:37:10,396] Trial 23 finished with value: 1.0 and parameters: {'n_estimators': 309, 'max_depth': 15, 'min_samples_split': 3, 'min_samples_leaf': 7}. Best is trial 0 with value: 1.0.
[I 2025-05-15 07:37:10,805] Trial 24 finished with value: 1.0 and parameters: {'n_estimators': 246, 'max_depth': 19, 'min_samples_split': 5, 'min_samples_leaf': 10}. Best is trial 0 with value: 1.0.
[I 2025-05-15 07:37:11,125] Trial 25 finished with value: 1.0 and parameters: {'n_estimators': 179, 'max_depth': 13, 'min_samples_split': 3, 'min_samples_leaf': 9}. Best is trial 0 with value: 1.0.
[I 2025-05-15 07:37:11,353] Trial 26 finished with value: 1.0 and parameters: {'n_estimators': 123, 'max_depth': 3, 'min_samples_split': 7, 'min_samples_leaf': 8}. Best is trial 0 with value: 1.0.
[I 2025-05-15 07:37:11,704] Trial 27 finished with value: 1.0 and parameters: {'n_estimators': 224, 'max_depth': 16, 'min_samples_split': 2, 'min_samples_leaf': 6}. Best is trial 0 with value: 1.0.
[I 2025-05-15 07:37:11,970] Trial 28 finished with value: 0.9833333333333334 and parameters: {'n_estimators': 140, 'max_depth': 10, 'min_samples_split': 8, 'min_samples_leaf': 7}. Best is trial 0 with value: 1.0.
[I 2025-05-15 07:37:12,432] Trial 29 finished with value: 1.0 and parameters: {'n_estimators': 283, 'max_depth': 18, 'min_samples_split': 9, 'min_samples_leaf': 4}. Best is trial 0 with value: 1.0.
[I 2025-05-15 07:37:20,890] A new study created in memory with name: svc
Parámetros guardados en checkpoint_default_Doriginal_H/lc/IPC_27/best_models_lc_seed_5_space_original/rf_best_params.json


>>> Optuna tuning svc metodo lc IPC 27 seed 5


[I 2025-05-15 07:37:23,041] Trial 0 finished with value: 0.5599999999999999 and parameters: {'C': 0.07726319876517104, 'gamma': 0.3040389504793042}. Best is trial 0 with value: 0.5599999999999999.
[I 2025-05-15 07:37:23,066] Trial 1 finished with value: 0.54 and parameters: {'C': 0.06712381339142241, 'gamma': 0.47254549996710477}. Best is trial 0 with value: 0.5599999999999999.
[I 2025-05-15 07:37:23,091] Trial 2 finished with value: 1.0 and parameters: {'C': 0.8987621100554035, 'gamma': 0.027988231123708972}. Best is trial 2 with value: 1.0.
[I 2025-05-15 07:37:23,115] Trial 3 finished with value: 1.0 and parameters: {'C': 11.5779435007655, 'gamma': 0.011848734045499056}. Best is trial 2 with value: 1.0.
[I 2025-05-15 07:37:23,138] Trial 4 finished with value: 0.52 and parameters: {'C': 0.1538870258903583, 'gamma': 0.0005634883151169033}. Best is trial 2 with value: 1.0.
[I 2025-05-15 07:37:23,163] Trial 5 finished with value: 0.6 and parameters: {'C': 0.021036092656561454, 'gamma': 0.08990030906808326}. Best is trial 2 with value: 1.0.
[I 2025-05-15 07:37:23,180] Trial 6 finished with value: 0.72 and parameters: {'C': 0.5824208201678516, 'gamma': 0.00042977333932534993}. Best is trial 2 with value: 1.0.
[I 2025-05-15 07:37:23,197] Trial 7 finished with value: 1.0 and parameters: {'C': 33.09391330085814, 'gamma': 0.001248377256719358}. Best is trial 2 with value: 1.0.
[I 2025-05-15 07:37:23,212] Trial 8 finished with value: 0.8666666666666668 and parameters: {'C': 0.45387898639622015, 'gamma': 0.0015286910781809498}. Best is trial 2 with value: 1.0.
[I 2025-05-15 07:37:23,227] Trial 9 finished with value: 1.0 and parameters: {'C': 3.274550070431994, 'gamma': 0.02086177421469992}. Best is trial 2 with value: 1.0.
[I 2025-05-15 07:37:23,259] Trial 10 finished with value: 0.9833333333333334 and parameters: {'C': 3.454225646092145, 'gamma': 0.04920330178902686}. Best is trial 2 with value: 1.0.
[I 2025-05-15 07:37:24,166] Trial 11 finished with value: 1.0 and parameters: {'C': 83.38338477130266, 'gamma': 0.006119939775279376}. Best is trial 2 with value: 1.0.
[I 2025-05-15 07:37:25,141] Trial 12 finished with value: 1.0 and parameters: {'C': 10.7020612074987, 'gamma': 0.007311990224281433}. Best is trial 2 with value: 1.0.
[I 2025-05-15 07:37:25,163] Trial 13 finished with value: 0.9833333333333334 and parameters: {'C': 3.254660087479427, 'gamma': 0.09914832930087754}. Best is trial 2 with value: 1.0.
[I 2025-05-15 07:37:25,196] Trial 14 finished with value: 0.96 and parameters: {'C': 16.57466972880671, 'gamma': 0.00010410657631139162}. Best is trial 2 with value: 1.0.
[I 2025-05-15 07:37:25,231] Trial 15 finished with value: 1.0 and parameters: {'C': 2.118184447904824, 'gamma': 0.015816792889032042}. Best is trial 2 with value: 1.0.
[I 2025-05-15 07:37:25,265] Trial 16 finished with value: 1.0 and parameters: {'C': 1.141959600218389, 'gamma': 0.003162606911814318}. Best is trial 2 with value: 1.0.
[I 2025-05-15 07:37:25,301] Trial 17 finished with value: 1.0 and parameters: {'C': 8.258663822662369, 'gamma': 0.027502998238309952}. Best is trial 2 with value: 1.0.
[I 2025-05-15 07:37:25,334] Trial 18 finished with value: 0.9333333333333333 and parameters: {'C': 0.35001936375585424, 'gamma': 0.1460232122825459}. Best is trial 2 with value: 1.0.
[I 2025-05-15 07:37:25,369] Trial 19 finished with value: 0.7433333333333334 and parameters: {'C': 95.90757150812635, 'gamma': 0.8981496536972738}. Best is trial 2 with value: 1.0.
[I 2025-05-15 07:37:25,393] Trial 20 finished with value: 1.0 and parameters: {'C': 28.097081820076845, 'gamma': 0.040901610065481424}. Best is trial 2 with value: 1.0.
[I 2025-05-15 07:37:25,428] Trial 21 finished with value: 1.0 and parameters: {'C': 38.6829356676366, 'gamma': 0.001878171810847862}. Best is trial 2 with value: 1.0.
[I 2025-05-15 07:37:25,464] Trial 22 finished with value: 1.0 and parameters: {'C': 7.124871508197244, 'gamma': 0.008969542432397748}. Best is trial 2 with value: 1.0.
[I 2025-05-15 07:37:25,489] Trial 23 finished with value: 1.0 and parameters: {'C': 35.40383559726376, 'gamma': 0.0005551049484862289}. Best is trial 2 with value: 1.0.
[I 2025-05-15 07:37:25,526] Trial 24 finished with value: 1.0 and parameters: {'C': 1.2821253445709415, 'gamma': 0.0035258494944068876}. Best is trial 2 with value: 1.0.
[I 2025-05-15 07:37:25,553] Trial 25 finished with value: 0.9233333333333335 and parameters: {'C': 5.634693379435852, 'gamma': 0.00017822853770143237}. Best is trial 2 with value: 1.0.
[I 2025-05-15 07:37:25,579] Trial 26 finished with value: 1.0 and parameters: {'C': 18.308499288097366, 'gamma': 0.001251480064250368}. Best is trial 2 with value: 1.0.
[I 2025-05-15 07:37:25,619] Trial 27 finished with value: 1.0 and parameters: {'C': 48.086068369986165, 'gamma': 0.015236393709979212}. Best is trial 2 with value: 1.0.
[I 2025-05-15 07:37:25,649] Trial 28 finished with value: 0.8666666666666668 and parameters: {'C': 0.22907648789461763, 'gamma': 0.0031765175202052866}. Best is trial 2 with value: 1.0.
[I 2025-05-15 07:37:25,676] Trial 29 finished with value: 0.58 and parameters: {'C': 0.07261363573248379, 'gamma': 0.1827576700905745}. Best is trial 2 with value: 1.0.
[I 2025-05-15 07:37:32,526] A new study created in memory with name: logreg
Parámetros guardados en checkpoint_default_Doriginal_H/lc/IPC_27/best_models_lc_seed_5_space_original/svc_best_params.json


>>> Optuna tuning logreg metodo lc IPC 27 seed 5


[I 2025-05-15 07:37:34,748] Trial 0 finished with value: 0.9800000000000001 and parameters: {'C': 0.012881482725481003, 'penalty': 'l2'}. Best is trial 0 with value: 0.9800000000000001.
[I 2025-05-15 07:37:34,797] Trial 1 finished with value: 1.0 and parameters: {'C': 22.576755560681583, 'penalty': 'l2'}. Best is trial 1 with value: 1.0.
[I 2025-05-15 07:37:34,822] Trial 2 finished with value: 0.9800000000000001 and parameters: {'C': 0.010804278656839932, 'penalty': 'l2'}. Best is trial 1 with value: 1.0.
[I 2025-05-15 07:37:34,846] Trial 3 finished with value: 1.0 and parameters: {'C': 39.17910760336117, 'penalty': 'l2'}. Best is trial 1 with value: 1.0.
[I 2025-05-15 07:37:34,860] Trial 4 finished with value: 1.0 and parameters: {'C': 0.2767298094062571, 'penalty': 'l2'}. Best is trial 1 with value: 1.0.
[I 2025-05-15 07:37:34,883] Trial 5 finished with value: 1.0 and parameters: {'C': 1.1447728330837224, 'penalty': 'l2'}. Best is trial 1 with value: 1.0.
[I 2025-05-15 07:37:34,908] Trial 6 finished with value: 1.0 and parameters: {'C': 6.753661388238877, 'penalty': 'l2'}. Best is trial 1 with value: 1.0.
[I 2025-05-15 07:37:34,932] Trial 7 finished with value: 1.0 and parameters: {'C': 0.39092184460352974, 'penalty': 'l2'}. Best is trial 1 with value: 1.0.
[I 2025-05-15 07:37:34,956] Trial 8 finished with value: 1.0 and parameters: {'C': 0.03047912590082646, 'penalty': 'l2'}. Best is trial 1 with value: 1.0.
[I 2025-05-15 07:37:34,980] Trial 9 finished with value: 0.9800000000000001 and parameters: {'C': 0.008681727362499118, 'penalty': 'l2'}. Best is trial 1 with value: 1.0.
[I 2025-05-15 07:37:35,009] Trial 10 finished with value: 1.0 and parameters: {'C': 90.29867735508974, 'penalty': 'l2'}. Best is trial 1 with value: 1.0.
[I 2025-05-15 07:37:35,806] Trial 11 finished with value: 1.0 and parameters: {'C': 65.31936101889447, 'penalty': 'l2'}. Best is trial 1 with value: 1.0.
[I 2025-05-15 07:37:36,637] Trial 12 finished with value: 1.0 and parameters: {'C': 10.276946066829701, 'penalty': 'l2'}. Best is trial 1 with value: 1.0.
[I 2025-05-15 07:37:36,667] Trial 13 finished with value: 1.0 and parameters: {'C': 11.979406337571666, 'penalty': 'l2'}. Best is trial 1 with value: 1.0.
[I 2025-05-15 07:37:36,697] Trial 14 finished with value: 1.0 and parameters: {'C': 3.103885131392604, 'penalty': 'l2'}. Best is trial 1 with value: 1.0.
[I 2025-05-15 07:37:36,732] Trial 15 finished with value: 1.0 and parameters: {'C': 27.368605040072197, 'penalty': 'l2'}. Best is trial 1 with value: 1.0.
[I 2025-05-15 07:37:36,764] Trial 16 finished with value: 1.0 and parameters: {'C': 0.13344077328067044, 'penalty': 'l2'}. Best is trial 1 with value: 1.0.
[I 2025-05-15 07:37:36,785] Trial 17 finished with value: 0.96 and parameters: {'C': 0.0021318879744765045, 'penalty': 'l2'}. Best is trial 1 with value: 1.0.
[I 2025-05-15 07:37:36,809] Trial 18 finished with value: 1.0 and parameters: {'C': 1.8056426094216929, 'penalty': 'l2'}. Best is trial 1 with value: 1.0.
[I 2025-05-15 07:37:36,853] Trial 19 finished with value: 1.0 and parameters: {'C': 30.717532996538623, 'penalty': 'l2'}. Best is trial 1 with value: 1.0.
[I 2025-05-15 07:37:36,891] Trial 20 finished with value: 1.0 and parameters: {'C': 26.828467218463196, 'penalty': 'l2'}. Best is trial 1 with value: 1.0.
[I 2025-05-15 07:37:38,602] Trial 21 finished with value: 1.0 and parameters: {'C': 0.25558947752548705, 'penalty': 'l2'}. Best is trial 1 with value: 1.0.
[I 2025-05-15 07:37:38,641] Trial 22 finished with value: 1.0 and parameters: {'C': 0.06130066426382792, 'penalty': 'l2'}. Best is trial 1 with value: 1.0.
[I 2025-05-15 07:37:38,664] Trial 23 finished with value: 1.0 and parameters: {'C': 0.648837458755121, 'penalty': 'l2'}. Best is trial 1 with value: 1.0.
[I 2025-05-15 07:37:40,591] Trial 24 finished with value: 1.0 and parameters: {'C': 3.6161088478984835, 'penalty': 'l2'}. Best is trial 1 with value: 1.0.
[I 2025-05-15 07:37:40,621] Trial 25 finished with value: 1.0 and parameters: {'C': 0.14039013332759978, 'penalty': 'l2'}. Best is trial 1 with value: 1.0.
[I 2025-05-15 07:37:40,641] Trial 26 finished with value: 1.0 and parameters: {'C': 0.8811909763039532, 'penalty': 'l2'}. Best is trial 1 with value: 1.0.
[I 2025-05-15 07:37:40,685] Trial 27 finished with value: 1.0 and parameters: {'C': 5.036833843187123, 'penalty': 'l2'}. Best is trial 1 with value: 1.0.
[I 2025-05-15 07:37:40,725] Trial 28 finished with value: 1.0 and parameters: {'C': 13.01325914575239, 'penalty': 'l2'}. Best is trial 1 with value: 1.0.
[I 2025-05-15 07:37:40,766] Trial 29 finished with value: 1.0 and parameters: {'C': 0.03802224258070397, 'penalty': 'l2'}. Best is trial 1 with value: 1.0.
[I 2025-05-15 07:37:48,388] A new study created in memory with name: mlp
Parámetros guardados en checkpoint_default_Doriginal_H/lc/IPC_27/best_models_lc_seed_5_space_original/logreg_best_params.json


>>> Optuna tuning mlp metodo lc IPC 27 seed 5


/data/home/rtabares/anaconda3/envs/pyth3.12/lib/python3.12/site-packages/sklearn/neural_network/_multilayer_perceptron.py:691: ConvergenceWarning: Stochastic Optimizer: Maximum iterations (50) reached and the optimization hasn't converged yet.
  warnings.warn(
/data/home/rtabares/anaconda3/envs/pyth3.12/lib/python3.12/site-packages/sklearn/neural_network/_multilayer_perceptron.py:691: ConvergenceWarning: Stochastic Optimizer: Maximum iterations (50) reached and the optimization hasn't converged yet.
  warnings.warn(
/data/home/rtabares/anaconda3/envs/pyth3.12/lib/python3.12/site-packages/sklearn/neural_network/_multilayer_perceptron.py:691: ConvergenceWarning: Stochastic Optimizer: Maximum iterations (50) reached and the optimization hasn't converged yet.
  warnings.warn(
/data/home/rtabares/anaconda3/envs/pyth3.12/lib/python3.12/site-packages/sklearn/neural_network/_multilayer_perceptron.py:691: ConvergenceWarning: Stochastic Optimizer: Maximum iterations (50) reached and the optimization hasn't converged yet.
  warnings.warn(
/data/home/rtabares/anaconda3/envs/pyth3.12/lib/python3.12/site-packages/sklearn/neural_network/_multilayer_perceptron.py:691: ConvergenceWarning: Stochastic Optimizer: Maximum iterations (50) reached and the optimization hasn't converged yet.
  warnings.warn(
[I 2025-05-15 07:37:51,690] Trial 0 finished with value: 1.0 and parameters: {'hidden_layer_sizes': (200,), 'max_iter': 50, 'alpha': 0.001}. Best is trial 0 with value: 1.0.
/data/home/rtabares/anaconda3/envs/pyth3.12/lib/python3.12/site-packages/sklearn/neural_network/_multilayer_perceptron.py:691: ConvergenceWarning: Stochastic Optimizer: Maximum iterations (100) reached and the optimization hasn't converged yet.
  warnings.warn(
/data/home/rtabares/anaconda3/envs/pyth3.12/lib/python3.12/site-packages/sklearn/neural_network/_multilayer_perceptron.py:691: ConvergenceWarning: Stochastic Optimizer: Maximum iterations (100) reached and the optimization hasn't converged yet.
  warnings.warn(
/data/home/rtabares/anaconda3/envs/pyth3.12/lib/python3.12/site-packages/sklearn/neural_network/_multilayer_perceptron.py:691: ConvergenceWarning: Stochastic Optimizer: Maximum iterations (100) reached and the optimization hasn't converged yet.
  warnings.warn(
/data/home/rtabares/anaconda3/envs/pyth3.12/lib/python3.12/site-packages/sklearn/neural_network/_multilayer_perceptron.py:691: ConvergenceWarning: Stochastic Optimizer: Maximum iterations (100) reached and the optimization hasn't converged yet.
  warnings.warn(
/data/home/rtabares/anaconda3/envs/pyth3.12/lib/python3.12/site-packages/sklearn/neural_network/_multilayer_perceptron.py:691: ConvergenceWarning: Stochastic Optimizer: Maximum iterations (100) reached and the optimization hasn't converged yet.
  warnings.warn(
