[I 2025-05-15 07:22:02,750] Trial 11 finished with value: 0.8 and parameters: {'n_estimators': 10, 'max_depth': 5, 'gamma': 0.41181387049106444, 'subsample': 0.8557943477155552, 'colsample_bytree': 0.5021847705422506}. Best is trial 2 with value: 0.8666666666666666.
/data/home/rtabares/anaconda3/envs/pyth3.12/lib/python3.12/site-packages/xgboost/core.py:377: FutureWarning: Your system has an old version of glibc (< 2.28). We will stop supporting Linux distros with glibc older than 2.28 after **May 31, 2025**. Please upgrade to a recent Linux distro (with glibc >= 2.28) to use future versions of XGBoost.
Note: You have installed the 'manylinux2014' variant of XGBoost. Certain features such as GPU algorithms or federated learning are not available. To use these features, please upgrade to a recent Linux distro with glibc 2.28+, and install the 'manylinux_2_28' variant.
  warnings.warn(
/data/home/rtabares/anaconda3/envs/pyth3.12/lib/python3.12/site-packages/xgboost/core.py:377: FutureWarning: Your system has an old version of glibc (< 2.28). We will stop supporting Linux distros with glibc older than 2.28 after **May 31, 2025**. Please upgrade to a recent Linux distro (with glibc >= 2.28) to use future versions of XGBoost.
Note: You have installed the 'manylinux2014' variant of XGBoost. Certain features such as GPU algorithms or federated learning are not available. To use these features, please upgrade to a recent Linux distro with glibc 2.28+, and install the 'manylinux_2_28' variant.
  warnings.warn(
/data/home/rtabares/anaconda3/envs/pyth3.12/lib/python3.12/site-packages/xgboost/core.py:377: FutureWarning: Your system has an old version of glibc (< 2.28). We will stop supporting Linux distros with glibc older than 2.28 after **May 31, 2025**. Please upgrade to a recent Linux distro (with glibc >= 2.28) to use future versions of XGBoost.
Note: You have installed the 'manylinux2014' variant of XGBoost. Certain features such as GPU algorithms or federated learning are not available. To use these features, please upgrade to a recent Linux distro with glibc 2.28+, and install the 'manylinux_2_28' variant.
  warnings.warn(
/data/home/rtabares/anaconda3/envs/pyth3.12/lib/python3.12/site-packages/xgboost/core.py:377: FutureWarning: Your system has an old version of glibc (< 2.28). We will stop supporting Linux distros with glibc older than 2.28 after **May 31, 2025**. Please upgrade to a recent Linux distro (with glibc >= 2.28) to use future versions of XGBoost.
Note: You have installed the 'manylinux2014' variant of XGBoost. Certain features such as GPU algorithms or federated learning are not available. To use these features, please upgrade to a recent Linux distro with glibc 2.28+, and install the 'manylinux_2_28' variant.
  warnings.warn(
[I 2025-05-15 07:22:03,555] Trial 12 finished with value: 0.6666666666666666 and parameters: {'n_estimators': 100, 'max_depth': 20, 'gamma': 0.28240418702901515, 'subsample': 0.8073241556656336, 'colsample_bytree': 0.6535955127051102}. Best is trial 2 with value: 0.8666666666666666.
[I 2025-05-15 07:22:03,600] Trial 13 finished with value: 0.8666666666666666 and parameters: {'n_estimators': 10, 'max_depth': 5, 'gamma': 0.48435430950093433, 'subsample': 0.9982710370462082, 'colsample_bytree': 0.5867191131764121}. Best is trial 2 with value: 0.8666666666666666.
[I 2025-05-15 07:22:03,638] Trial 14 finished with value: 0.8 and parameters: {'n_estimators': 10, 'max_depth': 20, 'gamma': 0.49051188707170573, 'subsample': 0.6131864278141854, 'colsample_bytree': 0.8288392440465161}. Best is trial 2 with value: 0.8666666666666666.
[I 2025-05-15 07:22:03,677] Trial 15 finished with value: 0.85 and parameters: {'n_estimators': 10, 'max_depth': 5, 'gamma': 0.22325510434568113, 'subsample': 0.6144954837170854, 'colsample_bytree': 0.7067805353456382}. Best is trial 2 with value: 0.8666666666666666.
[I 2025-05-15 07:22:03,714] Trial 16 finished with value: 0.8 and parameters: {'n_estimators': 10, 'max_depth': 20, 'gamma': 0.451270105919751, 'subsample': 0.877590423410362, 'colsample_bytree': 0.587731048120518}. Best is trial 2 with value: 0.8666666666666666.
[I 2025-05-15 07:22:03,753] Trial 17 finished with value: 0.9 and parameters: {'n_estimators': 10, 'max_depth': 5, 'gamma': 0.6231121865155755, 'subsample': 0.7960021556276259, 'colsample_bytree': 0.7109611479294711}. Best is trial 17 with value: 0.9.
[I 2025-05-15 07:22:03,803] Trial 18 finished with value: 0.8166666666666667 and parameters: {'n_estimators': 10, 'max_depth': 20, 'gamma': 0.6543212837690926, 'subsample': 0.7836967229030436, 'colsample_bytree': 0.8869518771784087}. Best is trial 17 with value: 0.9.
[I 2025-05-15 07:22:03,840] Trial 19 finished with value: 0.85 and parameters: {'n_estimators': 10, 'max_depth': 5, 'gamma': 0.3460988255883707, 'subsample': 0.8213045553750545, 'colsample_bytree': 0.6743788368732647}. Best is trial 17 with value: 0.9.
[I 2025-05-15 07:22:03,888] Trial 20 finished with value: 0.7166666666666666 and parameters: {'n_estimators': 40, 'max_depth': 20, 'gamma': 0.6028651135560029, 'subsample': 0.7055581763582855, 'colsample_bytree': 0.7121478862090136}. Best is trial 17 with value: 0.9.
[I 2025-05-15 07:22:03,938] Trial 21 finished with value: 0.8666666666666666 and parameters: {'n_estimators': 10, 'max_depth': 5, 'gamma': 0.5414889119268596, 'subsample': 0.9838309308823413, 'colsample_bytree': 0.5941885863303761}. Best is trial 17 with value: 0.9.
[I 2025-05-15 07:22:03,978] Trial 22 finished with value: 0.85 and parameters: {'n_estimators': 10, 'max_depth': 5, 'gamma': 0.40320326066820306, 'subsample': 0.9037259783261816, 'colsample_bytree': 0.5669818954429469}. Best is trial 17 with value: 0.9.
[I 2025-05-15 07:22:04,018] Trial 23 finished with value: 0.7666666666666666 and parameters: {'n_estimators': 10, 'max_depth': 5, 'gamma': 0.7169326569429794, 'subsample': 0.6478677913320325, 'colsample_bytree': 0.6146830274819476}. Best is trial 17 with value: 0.9.
[I 2025-05-15 07:22:04,061] Trial 24 finished with value: 0.7333333333333333 and parameters: {'n_estimators': 10, 'max_depth': 5, 'gamma': 0.48462056913357593, 'subsample': 0.558620818276516, 'colsample_bytree': 0.7236816952042269}. Best is trial 17 with value: 0.9.
[I 2025-05-15 07:22:04,102] Trial 25 finished with value: 0.8166666666666667 and parameters: {'n_estimators': 10, 'max_depth': 5, 'gamma': 0.10419992365893271, 'subsample': 0.7314832944521735, 'colsample_bytree': 0.8150553345289901}. Best is trial 17 with value: 0.9.
[I 2025-05-15 07:22:04,138] Trial 26 finished with value: 0.8 and parameters: {'n_estimators': 10, 'max_depth': 5, 'gamma': 0.5743804337942131, 'subsample': 0.9312947265655164, 'colsample_bytree': 0.5392746938287702}. Best is trial 17 with value: 0.9.
[I 2025-05-15 07:22:04,178] Trial 27 finished with value: 0.85 and parameters: {'n_estimators': 10, 'max_depth': 5, 'gamma': 0.3059382713153821, 'subsample': 0.5741522139778876, 'colsample_bytree': 0.6259610300107498}. Best is trial 17 with value: 0.9.
[I 2025-05-15 07:22:04,222] Trial 28 finished with value: 0.8833333333333332 and parameters: {'n_estimators': 10, 'max_depth': 30, 'gamma': 0.7206064237466012, 'subsample': 0.6642609694823516, 'colsample_bytree': 0.6873115671501032}. Best is trial 17 with value: 0.9.
[I 2025-05-15 07:22:04,263] Trial 29 finished with value: 0.8166666666666667 and parameters: {'n_estimators': 40, 'max_depth': 30, 'gamma': 0.7482770333629111, 'subsample': 0.7574423962661625, 'colsample_bytree': 0.6823863672781162}. Best is trial 17 with value: 0.9.
[I 2025-05-15 07:22:07,415] A new study created in memory with name: rf
Parámetros guardados en checkpoint_shoppers_Doriginal_F/random/IPC_11/best_models_random_seed_5_space_original/xgb_best_params.json


>>> Optuna tuning rf metodo random IPC 11 seed 5


[I 2025-05-15 07:22:10,546] Trial 0 finished with value: 0.5 and parameters: {'n_estimators': 189, 'max_depth': 18, 'min_samples_split': 3, 'min_samples_leaf': 10}. Best is trial 0 with value: 0.5.
[I 2025-05-15 07:22:11,219] Trial 1 finished with value: 0.7333333333333333 and parameters: {'n_estimators': 295, 'max_depth': 14, 'min_samples_split': 8, 'min_samples_leaf': 6}. Best is trial 1 with value: 0.7333333333333333.
[I 2025-05-15 07:22:11,938] Trial 2 finished with value: 0.5 and parameters: {'n_estimators': 219, 'max_depth': 6, 'min_samples_split': 2, 'min_samples_leaf': 8}. Best is trial 1 with value: 0.7333333333333333.
[I 2025-05-15 07:22:12,668] Trial 3 finished with value: 0.7666666666666666 and parameters: {'n_estimators': 276, 'max_depth': 5, 'min_samples_split': 9, 'min_samples_leaf': 3}. Best is trial 3 with value: 0.7666666666666666.
[I 2025-05-15 07:22:13,060] Trial 4 finished with value: 0.7666666666666666 and parameters: {'n_estimators': 266, 'max_depth': 8, 'min_samples_split': 7, 'min_samples_leaf': 6}. Best is trial 3 with value: 0.7666666666666666.
[I 2025-05-15 07:22:13,560] Trial 5 finished with value: 0.8 and parameters: {'n_estimators': 340, 'max_depth': 7, 'min_samples_split': 4, 'min_samples_leaf': 3}. Best is trial 5 with value: 0.8.
[I 2025-05-15 07:22:13,912] Trial 6 finished with value: 0.5 and parameters: {'n_estimators': 231, 'max_depth': 5, 'min_samples_split': 3, 'min_samples_leaf': 10}. Best is trial 5 with value: 0.8.
[I 2025-05-15 07:22:14,532] Trial 7 finished with value: 0.7666666666666666 and parameters: {'n_estimators': 485, 'max_depth': 6, 'min_samples_split': 2, 'min_samples_leaf': 3}. Best is trial 5 with value: 0.8.
[I 2025-05-15 07:22:15,024] Trial 8 finished with value: 0.7166666666666666 and parameters: {'n_estimators': 380, 'max_depth': 17, 'min_samples_split': 2, 'min_samples_leaf': 6}. Best is trial 5 with value: 0.8.
[I 2025-05-15 07:22:15,252] Trial 9 finished with value: 0.5 and parameters: {'n_estimators': 100, 'max_depth': 12, 'min_samples_split': 7, 'min_samples_leaf': 10}. Best is trial 5 with value: 0.8.
[I 2025-05-15 07:22:15,779] Trial 10 finished with value: 0.7666666666666666 and parameters: {'n_estimators': 384, 'max_depth': 10, 'min_samples_split': 5, 'min_samples_leaf': 2}. Best is trial 5 with value: 0.8.
[I 2025-05-15 07:22:16,879] Trial 11 finished with value: 0.7666666666666666 and parameters: {'n_estimators': 364, 'max_depth': 4, 'min_samples_split': 10, 'min_samples_leaf': 4}. Best is trial 5 with value: 0.8.
[I 2025-05-15 07:22:18,535] Trial 12 finished with value: 0.8 and parameters: {'n_estimators': 463, 'max_depth': 3, 'min_samples_split': 5, 'min_samples_leaf': 1}. Best is trial 5 with value: 0.8.
[I 2025-05-15 07:22:20,197] Trial 13 finished with value: 0.8 and parameters: {'n_estimators': 487, 'max_depth': 9, 'min_samples_split': 5, 'min_samples_leaf': 1}. Best is trial 5 with value: 0.8.
[I 2025-05-15 07:22:20,784] Trial 14 finished with value: 0.8 and parameters: {'n_estimators': 434, 'max_depth': 3, 'min_samples_split': 5, 'min_samples_leaf': 1}. Best is trial 5 with value: 0.8.
[I 2025-05-15 07:22:21,299] Trial 15 finished with value: 0.7666666666666666 and parameters: {'n_estimators': 347, 'max_depth': 8, 'min_samples_split': 4, 'min_samples_leaf': 4}. Best is trial 5 with value: 0.8.
[I 2025-05-15 07:22:21,902] Trial 16 finished with value: 0.7666666666666666 and parameters: {'n_estimators': 442, 'max_depth': 13, 'min_samples_split': 6, 'min_samples_leaf': 2}. Best is trial 5 with value: 0.8.
[I 2025-05-15 07:22:22,468] Trial 17 finished with value: 0.7166666666666666 and parameters: {'n_estimators': 429, 'max_depth': 3, 'min_samples_split': 4, 'min_samples_leaf': 4}. Best is trial 5 with value: 0.8.
[I 2025-05-15 07:22:22,927] Trial 18 finished with value: 0.7666666666666666 and parameters: {'n_estimators': 318, 'max_depth': 7, 'min_samples_split': 6, 'min_samples_leaf': 2}. Best is trial 5 with value: 0.8.
[I 2025-05-15 07:22:23,459] Trial 19 finished with value: 0.8 and parameters: {'n_estimators': 409, 'max_depth': 10, 'min_samples_split': 4, 'min_samples_leaf': 1}. Best is trial 5 with value: 0.8.
[I 2025-05-15 07:22:23,687] Trial 20 finished with value: 0.8166666666666667 and parameters: {'n_estimators': 147, 'max_depth': 15, 'min_samples_split': 7, 'min_samples_leaf': 3}. Best is trial 20 with value: 0.8166666666666667.
[I 2025-05-15 07:22:23,882] Trial 21 finished with value: 0.7833333333333333 and parameters: {'n_estimators': 125, 'max_depth': 15, 'min_samples_split': 7, 'min_samples_leaf': 3}. Best is trial 20 with value: 0.8166666666666667.
[I 2025-05-15 07:22:24,128] Trial 22 finished with value: 0.6833333333333333 and parameters: {'n_estimators': 168, 'max_depth': 20, 'min_samples_split': 8, 'min_samples_leaf': 5}. Best is trial 20 with value: 0.8166666666666667.
[I 2025-05-15 07:22:24,554] Trial 23 finished with value: 0.8 and parameters: {'n_estimators': 328, 'max_depth': 16, 'min_samples_split': 5, 'min_samples_leaf': 2}. Best is trial 20 with value: 0.8166666666666667.
[I 2025-05-15 07:22:24,803] Trial 24 finished with value: 0.6333333333333333 and parameters: {'n_estimators': 156, 'max_depth': 11, 'min_samples_split': 6, 'min_samples_leaf': 5}. Best is trial 20 with value: 0.8166666666666667.
[I 2025-05-15 07:22:25,190] Trial 25 finished with value: 0.8166666666666667 and parameters: {'n_estimators': 241, 'max_depth': 13, 'min_samples_split': 3, 'min_samples_leaf': 3}. Best is trial 20 with value: 0.8166666666666667.
[I 2025-05-15 07:22:25,610] Trial 26 finished with value: 0.6666666666666666 and parameters: {'n_estimators': 235, 'max_depth': 13, 'min_samples_split': 4, 'min_samples_leaf': 7}. Best is trial 20 with value: 0.8166666666666667.
[I 2025-05-15 07:22:25,929] Trial 27 finished with value: 0.8 and parameters: {'n_estimators': 197, 'max_depth': 15, 'min_samples_split': 3, 'min_samples_leaf': 3}. Best is trial 20 with value: 0.8166666666666667.
[I 2025-05-15 07:22:26,275] Trial 28 finished with value: 0.8166666666666667 and parameters: {'n_estimators': 259, 'max_depth': 19, 'min_samples_split': 3, 'min_samples_leaf': 4}. Best is trial 20 with value: 0.8166666666666667.
[I 2025-05-15 07:22:26,562] Trial 29 finished with value: 0.7333333333333333 and parameters: {'n_estimators': 192, 'max_depth': 18, 'min_samples_split': 3, 'min_samples_leaf': 4}. Best is trial 20 with value: 0.8166666666666667.
[I 2025-05-15 07:22:30,622] A new study created in memory with name: svc
Parámetros guardados en checkpoint_shoppers_Doriginal_F/random/IPC_11/best_models_random_seed_5_space_original/rf_best_params.json


>>> Optuna tuning svc metodo random IPC 11 seed 5


[I 2025-05-15 07:22:33,082] Trial 0 finished with value: 0.5 and parameters: {'C': 0.07726319876517104, 'gamma': 0.3040389504793042}. Best is trial 0 with value: 0.5.
[I 2025-05-15 07:22:33,176] Trial 1 finished with value: 0.4 and parameters: {'C': 0.06712381339142241, 'gamma': 0.47254549996710477}. Best is trial 0 with value: 0.5.
[I 2025-05-15 07:22:33,193] Trial 2 finished with value: 0.7333333333333333 and parameters: {'C': 0.8987621100554035, 'gamma': 0.027988231123708972}. Best is trial 2 with value: 0.7333333333333333.
[I 2025-05-15 07:22:33,206] Trial 3 finished with value: 0.7666666666666666 and parameters: {'C': 11.5779435007655, 'gamma': 0.011848734045499056}. Best is trial 3 with value: 0.7666666666666666.
[I 2025-05-15 07:22:33,221] Trial 4 finished with value: 0.55 and parameters: {'C': 0.1538870258903583, 'gamma': 0.0005634883151169033}. Best is trial 3 with value: 0.7666666666666666.
[I 2025-05-15 07:22:33,234] Trial 5 finished with value: 0.6 and parameters: {'C': 0.021036092656561454, 'gamma': 0.08990030906808326}. Best is trial 3 with value: 0.7666666666666666.
[I 2025-05-15 07:22:33,257] Trial 6 finished with value: 0.55 and parameters: {'C': 0.5824208201678516, 'gamma': 0.00042977333932534993}. Best is trial 3 with value: 0.7666666666666666.
[I 2025-05-15 07:22:33,272] Trial 7 finished with value: 0.8166666666666667 and parameters: {'C': 33.09391330085814, 'gamma': 0.001248377256719358}. Best is trial 7 with value: 0.8166666666666667.
[I 2025-05-15 07:22:33,287] Trial 8 finished with value: 0.55 and parameters: {'C': 0.45387898639622015, 'gamma': 0.0015286910781809498}. Best is trial 7 with value: 0.8166666666666667.
[I 2025-05-15 07:22:33,300] Trial 9 finished with value: 0.7666666666666666 and parameters: {'C': 3.274550070431994, 'gamma': 0.02086177421469992}. Best is trial 7 with value: 0.8166666666666667.
[I 2025-05-15 07:22:33,335] Trial 10 finished with value: 0.7333333333333333 and parameters: {'C': 92.21380870365533, 'gamma': 0.00011081406546803206}. Best is trial 7 with value: 0.8166666666666667.
[I 2025-05-15 07:22:34,034] Trial 11 finished with value: 0.7166666666666666 and parameters: {'C': 17.757430319443916, 'gamma': 0.004115194859067846}. Best is trial 7 with value: 0.8166666666666667.
[I 2025-05-15 07:22:34,752] Trial 12 finished with value: 0.8166666666666667 and parameters: {'C': 8.574923151062848, 'gamma': 0.005631964035374463}. Best is trial 7 with value: 0.8166666666666667.
[I 2025-05-15 07:22:34,789] Trial 13 finished with value: 0.7666666666666666 and parameters: {'C': 78.45468183274747, 'gamma': 0.0029558762755597795}. Best is trial 7 with value: 0.8166666666666667.
[I 2025-05-15 07:22:34,817] Trial 14 finished with value: 0.7666666666666666 and parameters: {'C': 12.62374468816282, 'gamma': 0.0009004863365485057}. Best is trial 7 with value: 0.8166666666666667.
[I 2025-05-15 07:22:34,835] Trial 15 finished with value: 0.55 and parameters: {'C': 2.8274231341744267, 'gamma': 0.00011573369581331449}. Best is trial 7 with value: 0.8166666666666667.
[I 2025-05-15 07:22:34,854] Trial 16 finished with value: 0.7666666666666666 and parameters: {'C': 26.10676761254514, 'gamma': 0.007153479855069168}. Best is trial 7 with value: 0.8166666666666667.
[I 2025-05-15 07:22:34,872] Trial 17 finished with value: 0.7333333333333333 and parameters: {'C': 4.29752332387138, 'gamma': 0.056960488274654456}. Best is trial 7 with value: 0.8166666666666667.
[I 2025-05-15 07:22:34,890] Trial 18 finished with value: 0.7166666666666666 and parameters: {'C': 33.281818906488915, 'gamma': 0.002436093855734561}. Best is trial 7 with value: 0.8166666666666667.
[I 2025-05-15 07:22:34,912] Trial 19 finished with value: 0.55 and parameters: {'C': 5.155100370719653, 'gamma': 0.00030096996960508155}. Best is trial 7 with value: 0.8166666666666667.
[I 2025-05-15 07:22:35,659] Trial 20 finished with value: 0.7166666666666666 and parameters: {'C': 45.56948574215418, 'gamma': 0.006285684483846017}. Best is trial 7 with value: 0.8166666666666667.
[I 2025-05-15 07:22:35,679] Trial 21 finished with value: 0.7666666666666666 and parameters: {'C': 7.761918171177433, 'gamma': 0.015143845139914616}. Best is trial 7 with value: 0.8166666666666667.
[I 2025-05-15 07:22:35,701] Trial 22 finished with value: 0.7333333333333333 and parameters: {'C': 11.676938250904842, 'gamma': 0.0011834258400625598}. Best is trial 7 with value: 0.8166666666666667.
[I 2025-05-15 07:22:36,450] Trial 23 finished with value: 0.7333333333333333 and parameters: {'C': 1.9459273489480384, 'gamma': 0.010203407358040538}. Best is trial 7 with value: 0.8166666666666667.
[I 2025-05-15 07:22:36,473] Trial 24 finished with value: 0.7333333333333333 and parameters: {'C': 1.5705967839883739, 'gamma': 0.054917120420097124}. Best is trial 7 with value: 0.8166666666666667.
[I 2025-05-15 07:22:36,495] Trial 25 finished with value: 0.75 and parameters: {'C': 45.05903781069223, 'gamma': 0.13480174530849837}. Best is trial 7 with value: 0.8166666666666667.
[I 2025-05-15 07:22:36,517] Trial 26 finished with value: 0.7833333333333333 and parameters: {'C': 7.643238953681942, 'gamma': 0.004354065229973954}. Best is trial 7 with value: 0.8166666666666667.
[I 2025-05-15 07:22:36,540] Trial 27 finished with value: 0.7333333333333333 and parameters: {'C': 7.9789306657083285, 'gamma': 0.002317355666535614}. Best is trial 7 with value: 0.8166666666666667.
[I 2025-05-15 07:22:36,561] Trial 28 finished with value: 0.7166666666666666 and parameters: {'C': 20.329581897504095, 'gamma': 0.005098500546352705}. Best is trial 7 with value: 0.8166666666666667.
[I 2025-05-15 07:22:36,585] Trial 29 finished with value: 0.7333333333333333 and parameters: {'C': 57.67705564426806, 'gamma': 0.00024219862159046354}. Best is trial 7 with value: 0.8166666666666667.
[I 2025-05-15 07:22:40,218] A new study created in memory with name: logreg
Parámetros guardados en checkpoint_shoppers_Doriginal_F/random/IPC_11/best_models_random_seed_5_space_original/svc_best_params.json


>>> Optuna tuning logreg metodo random IPC 11 seed 5


[I 2025-05-15 07:22:42,360] Trial 0 finished with value: 0.75 and parameters: {'C': 0.012881482725481003, 'penalty': 'l2'}. Best is trial 0 with value: 0.75.
[I 2025-05-15 07:22:42,445] Trial 1 finished with value: 0.7166666666666666 and parameters: {'C': 22.576755560681583, 'penalty': 'l2'}. Best is trial 0 with value: 0.75.
[I 2025-05-15 07:22:42,463] Trial 2 finished with value: 0.75 and parameters: {'C': 0.010804278656839932, 'penalty': 'l2'}. Best is trial 0 with value: 0.75.
[I 2025-05-15 07:22:42,486] Trial 3 finished with value: 0.6666666666666666 and parameters: {'C': 39.17910760336117, 'penalty': 'l2'}. Best is trial 0 with value: 0.75.
[I 2025-05-15 07:22:42,509] Trial 4 finished with value: 0.7666666666666666 and parameters: {'C': 0.2767298094062571, 'penalty': 'l2'}. Best is trial 4 with value: 0.7666666666666666.
[I 2025-05-15 07:22:42,533] Trial 5 finished with value: 0.7666666666666666 and parameters: {'C': 1.1447728330837224, 'penalty': 'l2'}. Best is trial 4 with value: 0.7666666666666666.
[I 2025-05-15 07:22:42,557] Trial 6 finished with value: 0.7166666666666666 and parameters: {'C': 6.753661388238877, 'penalty': 'l2'}. Best is trial 4 with value: 0.7666666666666666.
[I 2025-05-15 07:22:42,581] Trial 7 finished with value: 0.7666666666666666 and parameters: {'C': 0.39092184460352974, 'penalty': 'l2'}. Best is trial 4 with value: 0.7666666666666666.
