[I 2025-05-15 08:12:46,528] Trial 17 finished with value: 0.9266666666666667 and parameters: {'n_estimators': 10, 'max_depth': 30, 'gamma': 0.3355566030153131, 'subsample': 0.572163663701592, 'colsample_bytree': 0.6477453197289487}. Best is trial 12 with value: 0.9666666666666668.
/data/home/rtabares/anaconda3/envs/pyth3.12/lib/python3.12/site-packages/xgboost/core.py:377: FutureWarning: Your system has an old version of glibc (< 2.28). We will stop supporting Linux distros with glibc older than 2.28 after **May 31, 2025**. Please upgrade to a recent Linux distro (with glibc >= 2.28) to use future versions of XGBoost.
Note: You have installed the 'manylinux2014' variant of XGBoost. Certain features such as GPU algorithms or federated learning are not available. To use these features, please upgrade to a recent Linux distro with glibc 2.28+, and install the 'manylinux_2_28' variant.
  warnings.warn(
[I 2025-05-15 08:12:47,721] Trial 18 finished with value: 0.9466666666666667 and parameters: {'n_estimators': 40, 'max_depth': 20, 'gamma': 0.7260159640507595, 'subsample': 0.6551868133495746, 'colsample_bytree': 0.5555175954151405}. Best is trial 12 with value: 0.9666666666666668.
[I 2025-05-15 08:12:47,789] Trial 19 finished with value: 0.9466666666666667 and parameters: {'n_estimators': 40, 'max_depth': 20, 'gamma': 0.46199437421881107, 'subsample': 0.5700556412727747, 'colsample_bytree': 0.6319725061725031}. Best is trial 12 with value: 0.9666666666666668.
[I 2025-05-15 08:12:47,842] Trial 20 finished with value: 0.9066666666666666 and parameters: {'n_estimators': 10, 'max_depth': 30, 'gamma': 0.11546680719474106, 'subsample': 0.7594572613428268, 'colsample_bytree': 0.5043996183437729}. Best is trial 12 with value: 0.9666666666666668.
[I 2025-05-15 08:12:47,908] Trial 21 finished with value: 0.9466666666666667 and parameters: {'n_estimators': 40, 'max_depth': 20, 'gamma': 0.2575613550262264, 'subsample': 0.529187532033925, 'colsample_bytree': 0.5413061986146896}. Best is trial 12 with value: 0.9666666666666668.
[I 2025-05-15 08:12:47,981] Trial 22 finished with value: 0.9466666666666667 and parameters: {'n_estimators': 40, 'max_depth': 20, 'gamma': 0.2833406480096311, 'subsample': 0.5521640774036265, 'colsample_bytree': 0.5048249452027526}. Best is trial 12 with value: 0.9666666666666668.
[I 2025-05-15 08:12:48,055] Trial 23 finished with value: 0.9466666666666667 and parameters: {'n_estimators': 40, 'max_depth': 20, 'gamma': 0.4303085087213489, 'subsample': 0.6145418066514797, 'colsample_bytree': 0.5609349777547681}. Best is trial 12 with value: 0.9666666666666668.
[I 2025-05-15 08:12:48,146] Trial 24 finished with value: 0.9466666666666667 and parameters: {'n_estimators': 40, 'max_depth': 20, 'gamma': 0.31756650776486983, 'subsample': 0.6584835927084666, 'colsample_bytree': 0.6803042557384814}. Best is trial 12 with value: 0.9666666666666668.
[I 2025-05-15 08:12:48,207] Trial 25 finished with value: 0.9466666666666667 and parameters: {'n_estimators': 40, 'max_depth': 20, 'gamma': 0.22088400841092862, 'subsample': 0.5462513260293798, 'colsample_bytree': 0.6083377102223722}. Best is trial 12 with value: 0.9666666666666668.
[I 2025-05-15 08:12:48,302] Trial 26 finished with value: 0.8866666666666667 and parameters: {'n_estimators': 40, 'max_depth': 20, 'gamma': 0.913215019992025, 'subsample': 0.580748764345267, 'colsample_bytree': 0.8114057280935938}. Best is trial 12 with value: 0.9666666666666668.
[I 2025-05-15 08:12:48,390] Trial 27 finished with value: 0.9266666666666665 and parameters: {'n_estimators': 40, 'max_depth': 20, 'gamma': 0.5383436098931393, 'subsample': 0.7176466218692225, 'colsample_bytree': 0.5405855713197205}. Best is trial 12 with value: 0.9666666666666668.
[I 2025-05-15 08:12:48,494] Trial 28 finished with value: 0.9266666666666667 and parameters: {'n_estimators': 10, 'max_depth': 20, 'gamma': 0.38304420021664887, 'subsample': 0.9042100635534382, 'colsample_bytree': 0.5731497384585287}. Best is trial 12 with value: 0.9666666666666668.
[I 2025-05-15 08:12:48,568] Trial 29 finished with value: 0.9266666666666667 and parameters: {'n_estimators': 40, 'max_depth': 30, 'gamma': 0.6395148083877419, 'subsample': 0.6819541861732428, 'colsample_bytree': 0.5260432837104843}. Best is trial 12 with value: 0.9666666666666668.
[I 2025-05-15 08:13:06,094] A new study created in memory with name: rf
Parámetros guardados en checkpoint_default_Doriginal_H/k-means/IPC_27/best_models_k-means_seed_8_space_original/xgb_best_params.json


>>> Optuna tuning rf metodo k-means IPC 27 seed 8


[I 2025-05-15 08:13:07,706] Trial 0 finished with value: 0.9266666666666667 and parameters: {'n_estimators': 450, 'max_depth': 20, 'min_samples_split': 9, 'min_samples_leaf': 6}. Best is trial 0 with value: 0.9266666666666667.
[I 2025-05-15 08:13:08,221] Trial 1 finished with value: 0.9266666666666667 and parameters: {'n_estimators': 193, 'max_depth': 3, 'min_samples_split': 5, 'min_samples_leaf': 5}. Best is trial 0 with value: 0.9266666666666667.
[I 2025-05-15 08:13:08,960] Trial 2 finished with value: 0.9266666666666667 and parameters: {'n_estimators': 309, 'max_depth': 11, 'min_samples_split': 6, 'min_samples_leaf': 6}. Best is trial 0 with value: 0.9266666666666667.
[I 2025-05-15 08:13:09,712] Trial 3 finished with value: 0.9266666666666667 and parameters: {'n_estimators': 405, 'max_depth': 15, 'min_samples_split': 7, 'min_samples_leaf': 5}. Best is trial 0 with value: 0.9266666666666667.
[I 2025-05-15 08:13:10,212] Trial 4 finished with value: 0.9266666666666667 and parameters: {'n_estimators': 215, 'max_depth': 20, 'min_samples_split': 5, 'min_samples_leaf': 3}. Best is trial 0 with value: 0.9266666666666667.
[I 2025-05-15 08:13:10,594] Trial 5 finished with value: 0.9266666666666667 and parameters: {'n_estimators': 126, 'max_depth': 20, 'min_samples_split': 3, 'min_samples_leaf': 4}. Best is trial 0 with value: 0.9266666666666667.
[I 2025-05-15 08:13:10,862] Trial 6 finished with value: 0.9266666666666667 and parameters: {'n_estimators': 128, 'max_depth': 7, 'min_samples_split': 5, 'min_samples_leaf': 9}. Best is trial 0 with value: 0.9266666666666667.
[I 2025-05-15 08:13:11,415] Trial 7 finished with value: 0.9266666666666667 and parameters: {'n_estimators': 238, 'max_depth': 20, 'min_samples_split': 2, 'min_samples_leaf': 4}. Best is trial 0 with value: 0.9266666666666667.
[I 2025-05-15 08:13:12,216] Trial 8 finished with value: 0.9266666666666667 and parameters: {'n_estimators': 252, 'max_depth': 16, 'min_samples_split': 10, 'min_samples_leaf': 4}. Best is trial 0 with value: 0.9266666666666667.
[I 2025-05-15 08:13:13,208] Trial 9 finished with value: 0.9266666666666667 and parameters: {'n_estimators': 273, 'max_depth': 7, 'min_samples_split': 9, 'min_samples_leaf': 7}. Best is trial 0 with value: 0.9266666666666667.
[I 2025-05-15 08:13:14,632] Trial 10 finished with value: 0.9266666666666667 and parameters: {'n_estimators': 498, 'max_depth': 15, 'min_samples_split': 8, 'min_samples_leaf': 10}. Best is trial 0 with value: 0.9266666666666667.
[I 2025-05-15 08:13:16,793] Trial 11 finished with value: 0.9266666666666667 and parameters: {'n_estimators': 380, 'max_depth': 4, 'min_samples_split': 4, 'min_samples_leaf': 1}. Best is trial 0 with value: 0.9266666666666667.
[I 2025-05-15 08:13:19,124] Trial 12 finished with value: 0.9266666666666667 and parameters: {'n_estimators': 498, 'max_depth': 3, 'min_samples_split': 7, 'min_samples_leaf': 7}. Best is trial 0 with value: 0.9266666666666667.
[I 2025-05-15 08:13:20,295] Trial 13 finished with value: 0.9266666666666667 and parameters: {'n_estimators': 362, 'max_depth': 11, 'min_samples_split': 10, 'min_samples_leaf': 8}. Best is trial 0 with value: 0.9266666666666667.
[I 2025-05-15 08:13:21,445] Trial 14 finished with value: 0.9266666666666667 and parameters: {'n_estimators': 185, 'max_depth': 6, 'min_samples_split': 8, 'min_samples_leaf': 1}. Best is trial 0 with value: 0.9266666666666667.
[I 2025-05-15 08:13:23,390] Trial 15 finished with value: 0.9266666666666667 and parameters: {'n_estimators': 436, 'max_depth': 9, 'min_samples_split': 5, 'min_samples_leaf': 6}. Best is trial 0 with value: 0.9266666666666667.
[I 2025-05-15 08:13:24,665] Trial 16 finished with value: 0.9266666666666667 and parameters: {'n_estimators': 320, 'max_depth': 17, 'min_samples_split': 7, 'min_samples_leaf': 3}. Best is trial 0 with value: 0.9266666666666667.
[I 2025-05-15 08:13:25,423] Trial 17 finished with value: 0.9266666666666667 and parameters: {'n_estimators': 177, 'max_depth': 12, 'min_samples_split': 3, 'min_samples_leaf': 7}. Best is trial 0 with value: 0.9266666666666667.
[I 2025-05-15 08:13:26,818] Trial 18 finished with value: 0.9266666666666667 and parameters: {'n_estimators': 460, 'max_depth': 13, 'min_samples_split': 9, 'min_samples_leaf': 5}. Best is trial 0 with value: 0.9266666666666667.
[I 2025-05-15 08:13:27,172] Trial 19 finished with value: 0.9266666666666667 and parameters: {'n_estimators': 158, 'max_depth': 18, 'min_samples_split': 6, 'min_samples_leaf': 2}. Best is trial 0 with value: 0.9266666666666667.
[I 2025-05-15 08:13:27,784] Trial 20 finished with value: 0.9266666666666667 and parameters: {'n_estimators': 334, 'max_depth': 9, 'min_samples_split': 4, 'min_samples_leaf': 8}. Best is trial 0 with value: 0.9266666666666667.
[I 2025-05-15 08:13:28,439] Trial 21 finished with value: 0.9266666666666667 and parameters: {'n_estimators': 304, 'max_depth': 10, 'min_samples_split': 6, 'min_samples_leaf': 6}. Best is trial 0 with value: 0.9266666666666667.
[I 2025-05-15 08:13:28,938] Trial 22 finished with value: 0.9266666666666667 and parameters: {'n_estimators': 270, 'max_depth': 13, 'min_samples_split': 6, 'min_samples_leaf': 6}. Best is trial 0 with value: 0.9266666666666667.
[I 2025-05-15 08:13:29,303] Trial 23 finished with value: 0.9266666666666667 and parameters: {'n_estimators': 211, 'max_depth': 4, 'min_samples_split': 4, 'min_samples_leaf': 5}. Best is trial 0 with value: 0.9266666666666667.
[I 2025-05-15 08:13:30,000] Trial 24 finished with value: 0.9266666666666667 and parameters: {'n_estimators': 349, 'max_depth': 6, 'min_samples_split': 8, 'min_samples_leaf': 8}. Best is trial 0 with value: 0.9266666666666667.
[I 2025-05-15 08:13:30,814] Trial 25 finished with value: 0.9266666666666667 and parameters: {'n_estimators': 423, 'max_depth': 18, 'min_samples_split': 5, 'min_samples_leaf': 6}. Best is trial 0 with value: 0.9266666666666667.
[I 2025-05-15 08:13:31,496] Trial 26 finished with value: 0.9266666666666667 and parameters: {'n_estimators': 390, 'max_depth': 8, 'min_samples_split': 7, 'min_samples_leaf': 7}. Best is trial 0 with value: 0.9266666666666667.
[I 2025-05-15 08:13:32,100] Trial 27 finished with value: 0.9266666666666667 and parameters: {'n_estimators': 290, 'max_depth': 14, 'min_samples_split': 9, 'min_samples_leaf': 5}. Best is trial 0 with value: 0.9266666666666667.
[I 2025-05-15 08:13:33,407] Trial 28 finished with value: 0.9266666666666667 and parameters: {'n_estimators': 462, 'max_depth': 11, 'min_samples_split': 6, 'min_samples_leaf': 4}. Best is trial 0 with value: 0.9266666666666667.
[I 2025-05-15 08:13:33,779] Trial 29 finished with value: 0.9266666666666667 and parameters: {'n_estimators': 103, 'max_depth': 5, 'min_samples_split': 6, 'min_samples_leaf': 5}. Best is trial 0 with value: 0.9266666666666667.
[I 2025-05-15 08:13:44,096] A new study created in memory with name: svc
Parámetros guardados en checkpoint_default_Doriginal_H/k-means/IPC_27/best_models_k-means_seed_8_space_original/rf_best_params.json


>>> Optuna tuning svc metodo k-means IPC 27 seed 8


[I 2025-05-15 08:13:45,157] Trial 0 finished with value: 0.23666666666666666 and parameters: {'C': 31.168622654226873, 'gamma': 0.7484497562485191}. Best is trial 0 with value: 0.23666666666666666.
[I 2025-05-15 08:13:45,190] Trial 1 finished with value: 0.31666666666666665 and parameters: {'C': 29.976309274600954, 'gamma': 0.013286872459026702}. Best is trial 1 with value: 0.31666666666666665.
[I 2025-05-15 08:13:45,215] Trial 2 finished with value: 0.5 and parameters: {'C': 0.08529298465080307, 'gamma': 0.00011106960237430257}. Best is trial 2 with value: 0.5.
[I 2025-05-15 08:13:45,239] Trial 3 finished with value: 0.47333333333333333 and parameters: {'C': 0.5270784658374341, 'gamma': 0.004068229457500922}. Best is trial 2 with value: 0.5.
[I 2025-05-15 08:13:45,254] Trial 4 finished with value: 0.35 and parameters: {'C': 1.2322495987505253, 'gamma': 0.008195343912941565}. Best is trial 2 with value: 0.5.
[I 2025-05-15 08:13:45,289] Trial 5 finished with value: 0.3633333333333334 and parameters: {'C': 1.6650446929687996, 'gamma': 0.014912280706161869}. Best is trial 2 with value: 0.5.
[I 2025-05-15 08:13:45,318] Trial 6 finished with value: 0.2966666666666667 and parameters: {'C': 11.055599623279033, 'gamma': 0.07071284267178823}. Best is trial 2 with value: 0.5.
[I 2025-05-15 08:13:45,344] Trial 7 finished with value: 0.38 and parameters: {'C': 3.0111222251271013, 'gamma': 0.00506252384623837}. Best is trial 2 with value: 0.5.
[I 2025-05-15 08:13:45,359] Trial 8 finished with value: 0.44000000000000006 and parameters: {'C': 0.1433177931243846, 'gamma': 0.7859971382309453}. Best is trial 2 with value: 0.5.
[I 2025-05-15 08:13:45,374] Trial 9 finished with value: 0.5 and parameters: {'C': 0.21631975482828378, 'gamma': 0.0007502469581683287}. Best is trial 2 with value: 0.5.
[I 2025-05-15 08:13:45,413] Trial 10 finished with value: 0.5 and parameters: {'C': 0.012287042951649943, 'gamma': 0.0002689230117214245}. Best is trial 2 with value: 0.5.
[I 2025-05-15 08:13:46,405] Trial 11 finished with value: 0.5 and parameters: {'C': 0.0685083836199246, 'gamma': 0.00012186475628831787}. Best is trial 2 with value: 0.5.
[I 2025-05-15 08:13:47,658] Trial 12 finished with value: 0.5 and parameters: {'C': 0.09275233274895828, 'gamma': 0.0006476954402755323}. Best is trial 2 with value: 0.5.
[I 2025-05-15 08:13:47,683] Trial 13 finished with value: 0.5 and parameters: {'C': 0.014175909601736779, 'gamma': 0.001036845978787215}. Best is trial 2 with value: 0.5.
[I 2025-05-15 08:13:47,705] Trial 14 finished with value: 0.5 and parameters: {'C': 0.2871830040299049, 'gamma': 0.00010080897490159832}. Best is trial 2 with value: 0.5.
[I 2025-05-15 08:13:47,724] Trial 15 finished with value: 0.5 and parameters: {'C': 0.03493028704783785, 'gamma': 0.0010605214439923056}. Best is trial 2 with value: 0.5.
[I 2025-05-15 08:13:47,752] Trial 16 finished with value: 0.5 and parameters: {'C': 0.31327568158257174, 'gamma': 0.00040657970992577774}. Best is trial 2 with value: 0.5.
[I 2025-05-15 08:13:47,774] Trial 17 finished with value: 0.43666666666666665 and parameters: {'C': 5.18943783327537, 'gamma': 0.0028492886641226433}. Best is trial 2 with value: 0.5.
[I 2025-05-15 08:13:47,806] Trial 18 finished with value: 0.5 and parameters: {'C': 0.03931231946774843, 'gamma': 0.00021599297264488242}. Best is trial 2 with value: 0.5.
[I 2025-05-15 08:13:47,846] Trial 19 finished with value: 0.44666666666666666 and parameters: {'C': 0.6748186580184693, 'gamma': 0.04849855299752298}. Best is trial 2 with value: 0.5.
[I 2025-05-15 08:13:47,868] Trial 20 finished with value: 0.48 and parameters: {'C': 0.21368834253765992, 'gamma': 0.0015286943028522833}. Best is trial 2 with value: 0.5.
[I 2025-05-15 08:13:47,903] Trial 21 finished with value: 0.5 and parameters: {'C': 0.011413388004612132, 'gamma': 0.000276448011785416}. Best is trial 2 with value: 0.5.
[I 2025-05-15 08:13:47,934] Trial 22 finished with value: 0.5 and parameters: {'C': 0.02714574043256838, 'gamma': 0.0002879741226959768}. Best is trial 2 with value: 0.5.
[I 2025-05-15 08:13:47,963] Trial 23 finished with value: 0.5 and parameters: {'C': 0.06983875803449507, 'gamma': 0.0005949804854458057}. Best is trial 2 with value: 0.5.
[I 2025-05-15 08:13:47,983] Trial 24 finished with value: 0.5 and parameters: {'C': 0.020540976674772237, 'gamma': 0.00014322055187960658}. Best is trial 2 with value: 0.5.
[I 2025-05-15 08:13:48,006] Trial 25 finished with value: 0.5 and parameters: {'C': 0.051331592289287215, 'gamma': 0.0016561752664279452}. Best is trial 2 with value: 0.5.
[I 2025-05-15 08:13:48,036] Trial 26 finished with value: 0.5 and parameters: {'C': 0.13559210335223806, 'gamma': 0.00045790137405280976}. Best is trial 2 with value: 0.5.
[I 2025-05-15 08:13:48,067] Trial 27 finished with value: 0.5 and parameters: {'C': 0.011106861554004269, 'gamma': 0.00021996773981539292}. Best is trial 2 with value: 0.5.
[I 2025-05-15 08:13:48,098] Trial 28 finished with value: 0.4066666666666666 and parameters: {'C': 78.51358847239959, 'gamma': 0.0008944453400873199}. Best is trial 2 with value: 0.5.
[I 2025-05-15 08:13:48,119] Trial 29 finished with value: 0.3833333333333333 and parameters: {'C': 0.6092861278167873, 'gamma': 0.14252128030153632}. Best is trial 2 with value: 0.5.
[I 2025-05-15 08:13:54,508] A new study created in memory with name: logreg
Parámetros guardados en checkpoint_default_Doriginal_H/k-means/IPC_27/best_models_k-means_seed_8_space_original/svc_best_params.json


>>> Optuna tuning logreg metodo k-means IPC 27 seed 8


[I 2025-05-15 08:13:55,385] Trial 0 finished with value: 0.6266666666666667 and parameters: {'C': 23.288794782471303, 'penalty': 'l2'}. Best is trial 0 with value: 0.6266666666666667.
[I 2025-05-15 08:13:55,421] Trial 1 finished with value: 0.6266666666666667 and parameters: {'C': 69.61507800412923, 'penalty': 'l2'}. Best is trial 0 with value: 0.6266666666666667.
[I 2025-05-15 08:13:55,466] Trial 2 finished with value: 0.6266666666666667 and parameters: {'C': 22.180569925473442, 'penalty': 'l2'}. Best is trial 0 with value: 0.6266666666666667.
[I 2025-05-15 08:13:55,501] Trial 3 finished with value: 0.5033333333333333 and parameters: {'C': 0.4511058486037652, 'penalty': 'l2'}. Best is trial 0 with value: 0.6266666666666667.
[I 2025-05-15 08:13:55,527] Trial 4 finished with value: 0.5033333333333333 and parameters: {'C': 0.014576110093994574, 'penalty': 'l2'}. Best is trial 0 with value: 0.6266666666666667.
[I 2025-05-15 08:13:55,553] Trial 5 finished with value: 0.51 and parameters: {'C': 0.0011402340906886685, 'penalty': 'l2'}. Best is trial 0 with value: 0.6266666666666667.
[I 2025-05-15 08:13:55,589] Trial 6 finished with value: 0.48666666666666664 and parameters: {'C': 0.14201822862985758, 'penalty': 'l2'}. Best is trial 0 with value: 0.6266666666666667.
[I 2025-05-15 08:13:55,606] Trial 7 finished with value: 0.48666666666666664 and parameters: {'C': 0.1027440782219989, 'penalty': 'l2'}. Best is trial 0 with value: 0.6266666666666667.
[I 2025-05-15 08:13:55,630] Trial 8 finished with value: 0.5033333333333333 and parameters: {'C': 0.41055690122086846, 'penalty': 'l2'}. Best is trial 0 with value: 0.6266666666666667.
[I 2025-05-15 08:13:55,657] Trial 9 finished with value: 0.5066666666666666 and parameters: {'C': 0.24658064201770763, 'penalty': 'l2'}. Best is trial 0 with value: 0.6266666666666667.
[I 2025-05-15 08:13:55,709] Trial 10 finished with value: 0.5866666666666667 and parameters: {'C': 5.817250906722227, 'penalty': 'l2'}. Best is trial 0 with value: 0.6266666666666667.
[I 2025-05-15 08:13:55,771] Trial 11 finished with value: 0.6266666666666667 and parameters: {'C': 65.32501288941612, 'penalty': 'l2'}. Best is trial 0 with value: 0.6266666666666667.
[I 2025-05-15 08:13:56,897] Trial 12 finished with value: 0.5533333333333333 and parameters: {'C': 4.377709439924529, 'penalty': 'l2'}. Best is trial 0 with value: 0.6266666666666667.
[I 2025-05-15 08:13:56,938] Trial 13 finished with value: 0.6266666666666667 and parameters: {'C': 82.7447055757053, 'penalty': 'l2'}. Best is trial 0 with value: 0.6266666666666667.
[I 2025-05-15 08:13:56,970] Trial 14 finished with value: 0.5866666666666667 and parameters: {'C': 5.484053936900719, 'penalty': 'l2'}. Best is trial 0 with value: 0.6266666666666667.
[I 2025-05-15 08:13:57,028] Trial 15 finished with value: 0.6100000000000001 and parameters: {'C': 19.720857672047558, 'penalty': 'l2'}. Best is trial 0 with value: 0.6266666666666667.
[I 2025-05-15 08:13:57,067] Trial 16 finished with value: 0.5366666666666667 and parameters: {'C': 1.8557156226210034, 'penalty': 'l2'}. Best is trial 0 with value: 0.6266666666666667.
[I 2025-05-15 08:13:57,115] Trial 17 finished with value: 0.6266666666666667 and parameters: {'C': 26.516932569464544, 'penalty': 'l2'}. Best is trial 0 with value: 0.6266666666666667.
[I 2025-05-15 08:13:57,141] Trial 18 finished with value: 0.5366666666666667 and parameters: {'C': 1.188244763655516, 'penalty': 'l2'}. Best is trial 0 with value: 0.6266666666666667.
[I 2025-05-15 08:13:57,187] Trial 19 finished with value: 0.6266666666666667 and parameters: {'C': 12.093447142589671, 'penalty': 'l2'}. Best is trial 0 with value: 0.6266666666666667.
[I 2025-05-15 08:13:57,231] Trial 20 finished with value: 0.6266666666666667 and parameters: {'C': 95.89596440448501, 'penalty': 'l2'}. Best is trial 0 with value: 0.6266666666666667.
[I 2025-05-15 08:13:57,271] Trial 21 finished with value: 0.6266666666666667 and parameters: {'C': 28.44943793229338, 'penalty': 'l2'}. Best is trial 0 with value: 0.6266666666666667.
[I 2025-05-15 08:13:57,312] Trial 22 finished with value: 0.6266666666666667 and parameters: {'C': 13.869868316172683, 'penalty': 'l2'}. Best is trial 0 with value: 0.6266666666666667.
[I 2025-05-15 08:13:57,356] Trial 23 finished with value: 0.6266666666666667 and parameters: {'C': 37.440738291089126, 'penalty': 'l2'}. Best is trial 0 with value: 0.6266666666666667.
[I 2025-05-15 08:13:57,395] Trial 24 finished with value: 0.5533333333333333 and parameters: {'C': 2.47685391214756, 'penalty': 'l2'}. Best is trial 0 with value: 0.6266666666666667.
[I 2025-05-15 08:13:57,425] Trial 25 finished with value: 0.6266666666666667 and parameters: {'C': 10.036757127704108, 'penalty': 'l2'}. Best is trial 0 with value: 0.6266666666666667.
