[I 2025-05-15 08:22:35,742] Trial 0 finished with value: 0.9777777777777779 and parameters: {'n_estimators': 40, 'max_depth': 5, 'gamma': 0.4874219364632415, 'subsample': 0.7011756800186824, 'colsample_bytree': 0.7613373356762848}. Best is trial 0 with value: 0.9777777777777779.
/data/home/rtabares/anaconda3/envs/pyth3.12/lib/python3.12/site-packages/xgboost/core.py:377: FutureWarning: Your system has an old version of glibc (< 2.28). We will stop supporting Linux distros with glibc older than 2.28 after **May 31, 2025**. Please upgrade to a recent Linux distro (with glibc >= 2.28) to use future versions of XGBoost.
Note: You have installed the 'manylinux2014' variant of XGBoost. Certain features such as GPU algorithms or federated learning are not available. To use these features, please upgrade to a recent Linux distro with glibc 2.28+, and install the 'manylinux_2_28' variant.
  warnings.warn(
/data/home/rtabares/anaconda3/envs/pyth3.12/lib/python3.12/site-packages/xgboost/core.py:377: FutureWarning: Your system has an old version of glibc (< 2.28). We will stop supporting Linux distros with glibc older than 2.28 after **May 31, 2025**. Please upgrade to a recent Linux distro (with glibc >= 2.28) to use future versions of XGBoost.
Note: You have installed the 'manylinux2014' variant of XGBoost. Certain features such as GPU algorithms or federated learning are not available. To use these features, please upgrade to a recent Linux distro with glibc 2.28+, and install the 'manylinux_2_28' variant.
  warnings.warn(
[I 2025-05-15 08:22:35,789] Trial 1 finished with value: 0.9777777777777779 and parameters: {'n_estimators': 40, 'max_depth': 5, 'gamma': 0.483482593428573, 'subsample': 0.6445375140090439, 'colsample_bytree': 0.9869276206002231}. Best is trial 0 with value: 0.9777777777777779.
/data/home/rtabares/anaconda3/envs/pyth3.12/lib/python3.12/site-packages/xgboost/core.py:377: FutureWarning: Your system has an old version of glibc (< 2.28). We will stop supporting Linux distros with glibc older than 2.28 after **May 31, 2025**. Please upgrade to a recent Linux distro (with glibc >= 2.28) to use future versions of XGBoost.
Note: You have installed the 'manylinux2014' variant of XGBoost. Certain features such as GPU algorithms or federated learning are not available. To use these features, please upgrade to a recent Linux distro with glibc 2.28+, and install the 'manylinux_2_28' variant.
  warnings.warn(
/data/home/rtabares/anaconda3/envs/pyth3.12/lib/python3.12/site-packages/xgboost/core.py:377: FutureWarning: Your system has an old version of glibc (< 2.28). We will stop supporting Linux distros with glibc older than 2.28 after **May 31, 2025**. Please upgrade to a recent Linux distro (with glibc >= 2.28) to use future versions of XGBoost.
Note: You have installed the 'manylinux2014' variant of XGBoost. Certain features such as GPU algorithms or federated learning are not available. To use these features, please upgrade to a recent Linux distro with glibc 2.28+, and install the 'manylinux_2_28' variant.
  warnings.warn(
[I 2025-05-15 08:22:35,846] Trial 2 finished with value: 0.9777777777777779 and parameters: {'n_estimators': 10, 'max_depth': 5, 'gamma': 0.16384856027517886, 'subsample': 0.6123849694840227, 'colsample_bytree': 0.6968174574718025}. Best is trial 0 with value: 0.9777777777777779.
[I 2025-05-15 08:22:35,904] Trial 3 finished with value: 0.9777777777777779 and parameters: {'n_estimators': 100, 'max_depth': 30, 'gamma': 0.7877441182293641, 'subsample': 0.9694019566553859, 'colsample_bytree': 0.6598448982335139}. Best is trial 0 with value: 0.9777777777777779.
/data/home/rtabares/anaconda3/envs/pyth3.12/lib/python3.12/site-packages/xgboost/core.py:377: FutureWarning: Your system has an old version of glibc (< 2.28). We will stop supporting Linux distros with glibc older than 2.28 after **May 31, 2025**. Please upgrade to a recent Linux distro (with glibc >= 2.28) to use future versions of XGBoost.
Note: You have installed the 'manylinux2014' variant of XGBoost. Certain features such as GPU algorithms or federated learning are not available. To use these features, please upgrade to a recent Linux distro with glibc 2.28+, and install the 'manylinux_2_28' variant.
  warnings.warn(
/data/home/rtabares/anaconda3/envs/pyth3.12/lib/python3.12/site-packages/xgboost/core.py:377: FutureWarning: Your system has an old version of glibc (< 2.28). We will stop supporting Linux distros with glibc older than 2.28 after **May 31, 2025**. Please upgrade to a recent Linux distro (with glibc >= 2.28) to use future versions of XGBoost.
Note: You have installed the 'manylinux2014' variant of XGBoost. Certain features such as GPU algorithms or federated learning are not available. To use these features, please upgrade to a recent Linux distro with glibc 2.28+, and install the 'manylinux_2_28' variant.
  warnings.warn(
/data/home/rtabares/anaconda3/envs/pyth3.12/lib/python3.12/site-packages/xgboost/core.py:377: FutureWarning: Your system has an old version of glibc (< 2.28). We will stop supporting Linux distros with glibc older than 2.28 after **May 31, 2025**. Please upgrade to a recent Linux distro (with glibc >= 2.28) to use future versions of XGBoost.
Note: You have installed the 'manylinux2014' variant of XGBoost. Certain features such as GPU algorithms or federated learning are not available. To use these features, please upgrade to a recent Linux distro with glibc 2.28+, and install the 'manylinux_2_28' variant.
  warnings.warn(
[I 2025-05-15 08:22:35,961] Trial 4 finished with value: 0.9777777777777779 and parameters: {'n_estimators': 100, 'max_depth': 5, 'gamma': 0.816017102586079, 'subsample': 0.5160040782128984, 'colsample_bytree': 0.7277239110529665}. Best is trial 0 with value: 0.9777777777777779.
[I 2025-05-15 08:22:35,990] Trial 5 finished with value: 0.9777777777777779 and parameters: {'n_estimators': 40, 'max_depth': 20, 'gamma': 0.6643500821697236, 'subsample': 0.6076588997363731, 'colsample_bytree': 0.5754850538287481}. Best is trial 0 with value: 0.9777777777777779.
[I 2025-05-15 08:22:36,048] Trial 6 finished with value: 0.9777777777777779 and parameters: {'n_estimators': 100, 'max_depth': 20, 'gamma': 0.6361752212866232, 'subsample': 0.8309913561372338, 'colsample_bytree': 0.7552902276266351}. Best is trial 0 with value: 0.9777777777777779.
/data/home/rtabares/anaconda3/envs/pyth3.12/lib/python3.12/site-packages/xgboost/core.py:377: FutureWarning: Your system has an old version of glibc (< 2.28). We will stop supporting Linux distros with glibc older than 2.28 after **May 31, 2025**. Please upgrade to a recent Linux distro (with glibc >= 2.28) to use future versions of XGBoost.
Note: You have installed the 'manylinux2014' variant of XGBoost. Certain features such as GPU algorithms or federated learning are not available. To use these features, please upgrade to a recent Linux distro with glibc 2.28+, and install the 'manylinux_2_28' variant.
  warnings.warn(
/data/home/rtabares/anaconda3/envs/pyth3.12/lib/python3.12/site-packages/xgboost/core.py:377: FutureWarning: Your system has an old version of glibc (< 2.28). We will stop supporting Linux distros with glibc older than 2.28 after **May 31, 2025**. Please upgrade to a recent Linux distro (with glibc >= 2.28) to use future versions of XGBoost.
Note: You have installed the 'manylinux2014' variant of XGBoost. Certain features such as GPU algorithms or federated learning are not available. To use these features, please upgrade to a recent Linux distro with glibc 2.28+, and install the 'manylinux_2_28' variant.
  warnings.warn(
/data/home/rtabares/anaconda3/envs/pyth3.12/lib/python3.12/site-packages/xgboost/core.py:377: FutureWarning: Your system has an old version of glibc (< 2.28). We will stop supporting Linux distros with glibc older than 2.28 after **May 31, 2025**. Please upgrade to a recent Linux distro (with glibc >= 2.28) to use future versions of XGBoost.
Note: You have installed the 'manylinux2014' variant of XGBoost. Certain features such as GPU algorithms or federated learning are not available. To use these features, please upgrade to a recent Linux distro with glibc 2.28+, and install the 'manylinux_2_28' variant.
  warnings.warn(
[I 2025-05-15 08:22:36,096] Trial 7 finished with value: 0.9777777777777779 and parameters: {'n_estimators': 10, 'max_depth': 5, 'gamma': 0.5767347850317142, 'subsample': 0.7995431264700696, 'colsample_bytree': 0.8604622333437917}. Best is trial 0 with value: 0.9777777777777779.
/data/home/rtabares/anaconda3/envs/pyth3.12/lib/python3.12/site-packages/xgboost/core.py:377: FutureWarning: Your system has an old version of glibc (< 2.28). We will stop supporting Linux distros with glibc older than 2.28 after **May 31, 2025**. Please upgrade to a recent Linux distro (with glibc >= 2.28) to use future versions of XGBoost.
Note: You have installed the 'manylinux2014' variant of XGBoost. Certain features such as GPU algorithms or federated learning are not available. To use these features, please upgrade to a recent Linux distro with glibc 2.28+, and install the 'manylinux_2_28' variant.
  warnings.warn(
/data/home/rtabares/anaconda3/envs/pyth3.12/lib/python3.12/site-packages/xgboost/core.py:377: FutureWarning: Your system has an old version of glibc (< 2.28). We will stop supporting Linux distros with glibc older than 2.28 after **May 31, 2025**. Please upgrade to a recent Linux distro (with glibc >= 2.28) to use future versions of XGBoost.
Note: You have installed the 'manylinux2014' variant of XGBoost. Certain features such as GPU algorithms or federated learning are not available. To use these features, please upgrade to a recent Linux distro with glibc 2.28+, and install the 'manylinux_2_28' variant.
  warnings.warn(
[I 2025-05-15 08:22:36,154] Trial 8 finished with value: 0.9777777777777779 and parameters: {'n_estimators': 100, 'max_depth': 20, 'gamma': 0.8470554948938058, 'subsample': 0.860339005739911, 'colsample_bytree': 0.9331308414408237}. Best is trial 0 with value: 0.9777777777777779.
/data/home/rtabares/anaconda3/envs/pyth3.12/lib/python3.12/site-packages/xgboost/core.py:377: FutureWarning: Your system has an old version of glibc (< 2.28). We will stop supporting Linux distros with glibc older than 2.28 after **May 31, 2025**. Please upgrade to a recent Linux distro (with glibc >= 2.28) to use future versions of XGBoost.
Note: You have installed the 'manylinux2014' variant of XGBoost. Certain features such as GPU algorithms or federated learning are not available. To use these features, please upgrade to a recent Linux distro with glibc 2.28+, and install the 'manylinux_2_28' variant.
  warnings.warn(
[I 2025-05-15 08:22:36,216] Trial 9 finished with value: 0.9777777777777779 and parameters: {'n_estimators': 100, 'max_depth': 30, 'gamma': 0.574951454577921, 'subsample': 0.9696020680119358, 'colsample_bytree': 0.8616917074936369}. Best is trial 0 with value: 0.9777777777777779.
/data/home/rtabares/anaconda3/envs/pyth3.12/lib/python3.12/site-packages/xgboost/core.py:377: FutureWarning: Your system has an old version of glibc (< 2.28). We will stop supporting Linux distros with glibc older than 2.28 after **May 31, 2025**. Please upgrade to a recent Linux distro (with glibc >= 2.28) to use future versions of XGBoost.
Note: You have installed the 'manylinux2014' variant of XGBoost. Certain features such as GPU algorithms or federated learning are not available. To use these features, please upgrade to a recent Linux distro with glibc 2.28+, and install the 'manylinux_2_28' variant.
  warnings.warn(
[I 2025-05-15 08:22:36,280] Trial 10 finished with value: 0.9777777777777779 and parameters: {'n_estimators': 40, 'max_depth': 5, 'gamma': 0.32359117507032664, 'subsample': 0.7187470692461426, 'colsample_bytree': 0.525322130410742}. Best is trial 0 with value: 0.9777777777777779.
[I 2025-05-15 08:22:36,334] Trial 11 finished with value: 0.9777777777777779 and parameters: {'n_estimators': 40, 'max_depth': 5, 'gamma': 0.39731700650079615, 'subsample': 0.6878094296726447, 'colsample_bytree': 0.9375796568686313}. Best is trial 0 with value: 0.9777777777777779.
/data/home/rtabares/anaconda3/envs/pyth3.12/lib/python3.12/site-packages/xgboost/core.py:377: FutureWarning: Your system has an old version of glibc (< 2.28). We will stop supporting Linux distros with glibc older than 2.28 after **May 31, 2025**. Please upgrade to a recent Linux distro (with glibc >= 2.28) to use future versions of XGBoost.
Note: You have installed the 'manylinux2014' variant of XGBoost. Certain features such as GPU algorithms or federated learning are not available. To use these features, please upgrade to a recent Linux distro with glibc 2.28+, and install the 'manylinux_2_28' variant.
  warnings.warn(
[I 2025-05-15 08:22:37,123] Trial 12 finished with value: 0.9777777777777779 and parameters: {'n_estimators': 40, 'max_depth': 5, 'gamma': 0.41000154180441223, 'subsample': 0.6477129401306144, 'colsample_bytree': 0.8097558498628086}. Best is trial 0 with value: 0.9777777777777779.
/data/home/rtabares/anaconda3/envs/pyth3.12/lib/python3.12/site-packages/xgboost/core.py:377: FutureWarning: Your system has an old version of glibc (< 2.28). We will stop supporting Linux distros with glibc older than 2.28 after **May 31, 2025**. Please upgrade to a recent Linux distro (with glibc >= 2.28) to use future versions of XGBoost.
Note: You have installed the 'manylinux2014' variant of XGBoost. Certain features such as GPU algorithms or federated learning are not available. To use these features, please upgrade to a recent Linux distro with glibc 2.28+, and install the 'manylinux_2_28' variant.
  warnings.warn(
[I 2025-05-15 08:22:38,113] Trial 13 finished with value: 0.9777777777777779 and parameters: {'n_estimators': 40, 'max_depth': 5, 'gamma': 0.26150609747559517, 'subsample': 0.5535821000234289, 'colsample_bytree': 0.9821455069394369}. Best is trial 0 with value: 0.9777777777777779.
[I 2025-05-15 08:22:38,215] Trial 14 finished with value: 0.9777777777777779 and parameters: {'n_estimators': 40, 'max_depth': 30, 'gamma': 0.4863964118199141, 'subsample': 0.7382928405886477, 'colsample_bytree': 0.6248901247831351}. Best is trial 0 with value: 0.9777777777777779.
/data/home/rtabares/anaconda3/envs/pyth3.12/lib/python3.12/site-packages/xgboost/core.py:377: FutureWarning: Your system has an old version of glibc (< 2.28). We will stop supporting Linux distros with glibc older than 2.28 after **May 31, 2025**. Please upgrade to a recent Linux distro (with glibc >= 2.28) to use future versions of XGBoost.
Note: You have installed the 'manylinux2014' variant of XGBoost. Certain features such as GPU algorithms or federated learning are not available. To use these features, please upgrade to a recent Linux distro with glibc 2.28+, and install the 'manylinux_2_28' variant.
  warnings.warn(
[I 2025-05-15 08:22:39,129] Trial 15 finished with value: 0.9777777777777779 and parameters: {'n_estimators': 40, 'max_depth': 5, 'gamma': 0.4677647810752753, 'subsample': 0.785332734602564, 'colsample_bytree': 0.7949593528127555}. Best is trial 0 with value: 0.9777777777777779.
[I 2025-05-15 08:22:39,177] Trial 16 finished with value: 0.9777777777777779 and parameters: {'n_estimators': 40, 'max_depth': 5, 'gamma': 0.9755271975994899, 'subsample': 0.6732560713504361, 'colsample_bytree': 0.9993559109053225}. Best is trial 0 with value: 0.9777777777777779.
[I 2025-05-15 08:22:39,255] Trial 17 finished with value: 0.9777777777777779 and parameters: {'n_estimators': 10, 'max_depth': 5, 'gamma': 0.26425755461994255, 'subsample': 0.5828031731686625, 'colsample_bytree': 0.8812463142489181}. Best is trial 0 with value: 0.9777777777777779.
/data/home/rtabares/anaconda3/envs/pyth3.12/lib/python3.12/site-packages/xgboost/core.py:377: FutureWarning: Your system has an old version of glibc (< 2.28). We will stop supporting Linux distros with glibc older than 2.28 after **May 31, 2025**. Please upgrade to a recent Linux distro (with glibc >= 2.28) to use future versions of XGBoost.
Note: You have installed the 'manylinux2014' variant of XGBoost. Certain features such as GPU algorithms or federated learning are not available. To use these features, please upgrade to a recent Linux distro with glibc 2.28+, and install the 'manylinux_2_28' variant.
  warnings.warn(
[I 2025-05-15 08:22:40,302] Trial 18 finished with value: 0.9777777777777779 and parameters: {'n_estimators': 40, 'max_depth': 30, 'gamma': 0.145515594340198, 'subsample': 0.8902649886973554, 'colsample_bytree': 0.7981854326938762}. Best is trial 0 with value: 0.9777777777777779.
[I 2025-05-15 08:22:40,367] Trial 19 finished with value: 0.9777777777777779 and parameters: {'n_estimators': 40, 'max_depth': 20, 'gamma': 0.6499639570434488, 'subsample': 0.7574364824452723, 'colsample_bytree': 0.6319725061725031}. Best is trial 0 with value: 0.9777777777777779.
[I 2025-05-15 08:22:40,418] Trial 20 finished with value: 0.9777777777777779 and parameters: {'n_estimators': 10, 'max_depth': 5, 'gamma': 0.735320815306184, 'subsample': 0.5049283881400235, 'colsample_bytree': 0.5127669996644397}. Best is trial 0 with value: 0.9777777777777779.
[I 2025-05-15 08:22:40,467] Trial 21 finished with value: 0.9777777777777779 and parameters: {'n_estimators': 10, 'max_depth': 5, 'gamma': 0.15591112736967422, 'subsample': 0.6254085126022727, 'colsample_bytree': 0.7241903643886956}. Best is trial 0 with value: 0.9777777777777779.
[I 2025-05-15 08:22:40,509] Trial 22 finished with value: 0.9666666666666666 and parameters: {'n_estimators': 10, 'max_depth': 5, 'gamma': 0.3307025398933852, 'subsample': 0.6932359958712012, 'colsample_bytree': 0.6754938074841802}. Best is trial 0 with value: 0.9777777777777779.
[I 2025-05-15 08:22:40,568] Trial 23 finished with value: 0.9777777777777779 and parameters: {'n_estimators': 10, 'max_depth': 5, 'gamma': 0.5122072437813834, 'subsample': 0.5734986268614553, 'colsample_bytree': 0.6856521428927239}. Best is trial 0 with value: 0.9777777777777779.
/data/home/rtabares/anaconda3/envs/pyth3.12/lib/python3.12/site-packages/xgboost/core.py:377: FutureWarning: Your system has an old version of glibc (< 2.28). We will stop supporting Linux distros with glibc older than 2.28 after **May 31, 2025**. Please upgrade to a recent Linux distro (with glibc >= 2.28) to use future versions of XGBoost.
Note: You have installed the 'manylinux2014' variant of XGBoost. Certain features such as GPU algorithms or federated learning are not available. To use these features, please upgrade to a recent Linux distro with glibc 2.28+, and install the 'manylinux_2_28' variant.
  warnings.warn(
[I 2025-05-15 08:22:41,745] Trial 24 finished with value: 0.9777777777777779 and parameters: {'n_estimators': 10, 'max_depth': 5, 'gamma': 0.2225033129455034, 'subsample': 0.6512880896594048, 'colsample_bytree': 0.606273111566263}. Best is trial 0 with value: 0.9777777777777779.
[I 2025-05-15 08:22:41,803] Trial 25 finished with value: 0.9777777777777779 and parameters: {'n_estimators': 40, 'max_depth': 5, 'gamma': 0.10764373246258885, 'subsample': 0.6059848834839937, 'colsample_bytree': 0.7496154178750846}. Best is trial 0 with value: 0.9777777777777779.
[I 2025-05-15 08:22:41,871] Trial 26 finished with value: 0.9777777777777779 and parameters: {'n_estimators': 10, 'max_depth': 5, 'gamma': 0.4154153567559958, 'subsample': 0.547185573494083, 'colsample_bytree': 0.5698051305877259}. Best is trial 0 with value: 0.9777777777777779.
[I 2025-05-15 08:22:41,930] Trial 27 finished with value: 0.9777777777777779 and parameters: {'n_estimators': 40, 'max_depth': 5, 'gamma': 0.3367154306173873, 'subsample': 0.6698681301349334, 'colsample_bytree': 0.6958296218493281}. Best is trial 0 with value: 0.9777777777777779.
[I 2025-05-15 08:22:41,973] Trial 28 finished with value: 0.9777777777777779 and parameters: {'n_estimators': 40, 'max_depth': 20, 'gamma': 0.9683112494920475, 'subsample': 0.7177356177249898, 'colsample_bytree': 0.8980092175262279}. Best is trial 0 with value: 0.9777777777777779.
[I 2025-05-15 08:22:42,012] Trial 29 finished with value: 0.9777777777777779 and parameters: {'n_estimators': 10, 'max_depth': 30, 'gamma': 0.7221268491514374, 'subsample': 0.6267062453123553, 'colsample_bytree': 0.8310705876008575}. Best is trial 0 with value: 0.9777777777777779.
[I 2025-05-15 08:22:58,268] A new study created in memory with name: rf
Parámetros guardados en checkpoint_adult_Doriginal_G/k-means/IPC_43/best_models_k-means_seed_8_space_original/xgb_best_params.json


>>> Optuna tuning rf metodo k-means IPC 43 seed 8


[I 2025-05-15 08:23:05,563] Trial 0 finished with value: 0.9888888888888889 and parameters: {'n_estimators': 450, 'max_depth': 20, 'min_samples_split': 9, 'min_samples_leaf': 6}. Best is trial 0 with value: 0.9888888888888889.
[I 2025-05-15 08:23:06,699] Trial 1 finished with value: 0.9888888888888889 and parameters: {'n_estimators': 193, 'max_depth': 3, 'min_samples_split': 5, 'min_samples_leaf': 5}. Best is trial 0 with value: 0.9888888888888889.
[I 2025-05-15 08:23:07,950] Trial 2 finished with value: 0.9777777777777779 and parameters: {'n_estimators': 309, 'max_depth': 11, 'min_samples_split': 6, 'min_samples_leaf': 6}. Best is trial 0 with value: 0.9888888888888889.
[I 2025-05-15 08:23:09,382] Trial 3 finished with value: 0.9888888888888889 and parameters: {'n_estimators': 405, 'max_depth': 15, 'min_samples_split': 7, 'min_samples_leaf': 5}. Best is trial 0 with value: 0.9888888888888889.
[I 2025-05-15 08:23:10,581] Trial 4 finished with value: 0.9888888888888889 and parameters: {'n_estimators': 215, 'max_depth': 20, 'min_samples_split': 5, 'min_samples_leaf': 3}. Best is trial 0 with value: 0.9888888888888889.
