[I 2025-05-15 07:49:34,485] Trial 20 finished with value: 0.9 and parameters: {'n_estimators': 330, 'max_depth': 3, 'min_samples_split': 5, 'min_samples_leaf': 2}. Best is trial 1 with value: 0.9.
[I 2025-05-15 07:49:34,981] Trial 21 finished with value: 0.9 and parameters: {'n_estimators': 347, 'max_depth': 20, 'min_samples_split': 4, 'min_samples_leaf': 6}. Best is trial 1 with value: 0.9.
[I 2025-05-15 07:49:35,634] Trial 22 finished with value: 0.9 and parameters: {'n_estimators': 447, 'max_depth': 20, 'min_samples_split': 2, 'min_samples_leaf': 4}. Best is trial 1 with value: 0.9.
[I 2025-05-15 07:49:36,264] Trial 23 finished with value: 0.8 and parameters: {'n_estimators': 493, 'max_depth': 18, 'min_samples_split': 3, 'min_samples_leaf': 7}. Best is trial 1 with value: 0.9.
[I 2025-05-15 07:49:36,752] Trial 24 finished with value: 0.9 and parameters: {'n_estimators': 296, 'max_depth': 9, 'min_samples_split': 4, 'min_samples_leaf': 4}. Best is trial 1 with value: 0.9.
[I 2025-05-15 07:49:37,526] Trial 25 finished with value: 0.65 and parameters: {'n_estimators': 411, 'max_depth': 16, 'min_samples_split': 6, 'min_samples_leaf': 7}. Best is trial 1 with value: 0.9.
[I 2025-05-15 07:49:38,205] Trial 26 finished with value: 0.9 and parameters: {'n_estimators': 221, 'max_depth': 13, 'min_samples_split': 3, 'min_samples_leaf': 2}. Best is trial 1 with value: 0.9.
[I 2025-05-15 07:49:38,710] Trial 27 finished with value: 0.9 and parameters: {'n_estimators': 153, 'max_depth': 10, 'min_samples_split': 5, 'min_samples_leaf': 1}. Best is trial 1 with value: 0.9.
[I 2025-05-15 07:49:39,150] Trial 28 finished with value: 0.9 and parameters: {'n_estimators': 105, 'max_depth': 13, 'min_samples_split': 9, 'min_samples_leaf': 5}. Best is trial 1 with value: 0.9.
[I 2025-05-15 07:49:39,568] Trial 29 finished with value: 0.65 and parameters: {'n_estimators': 274, 'max_depth': 17, 'min_samples_split': 7, 'min_samples_leaf': 7}. Best is trial 1 with value: 0.9.
[I 2025-05-15 07:49:47,374] A new study created in memory with name: svc
Parámetros guardados en checkpoint_shoppers_Doriginal_F/lc/IPC_11/best_models_lc_seed_7_space_original/rf_best_params.json


>>> Optuna tuning svc metodo lc IPC 11 seed 7


[I 2025-05-15 07:49:49,512] Trial 0 finished with value: 0.8 and parameters: {'C': 0.020194502448102298, 'gamma': 0.13172711156111802}. Best is trial 0 with value: 0.8.
[I 2025-05-15 07:49:49,605] Trial 1 finished with value: 1.0 and parameters: {'C': 0.5670703311028815, 'gamma': 0.0783178418343345}. Best is trial 1 with value: 1.0.
[I 2025-05-15 07:49:49,624] Trial 2 finished with value: 1.0 and parameters: {'C': 81.65034948781698, 'gamma': 0.014255533717547383}. Best is trial 1 with value: 1.0.
[I 2025-05-15 07:49:49,648] Trial 3 finished with value: 0.75 and parameters: {'C': 1.0103732850016278, 'gamma': 0.00019418001640357854}. Best is trial 1 with value: 1.0.
[I 2025-05-15 07:49:49,667] Trial 4 finished with value: 0.8 and parameters: {'C': 0.11851025167261421, 'gamma': 0.00998918377985214}. Best is trial 1 with value: 1.0.
[I 2025-05-15 07:49:49,687] Trial 5 finished with value: 0.95 and parameters: {'C': 5.2109869371584665, 'gamma': 0.16404241128227343}. Best is trial 1 with value: 1.0.
[I 2025-05-15 07:49:49,706] Trial 6 finished with value: 0.75 and parameters: {'C': 0.3340138940215422, 'gamma': 0.00018354619576988685}. Best is trial 1 with value: 1.0.
[I 2025-05-15 07:49:49,721] Trial 7 finished with value: 0.7 and parameters: {'C': 0.1420961781588805, 'gamma': 0.434884682155233}. Best is trial 1 with value: 1.0.
[I 2025-05-15 07:49:49,735] Trial 8 finished with value: 0.8 and parameters: {'C': 0.07137422643361827, 'gamma': 0.006434219125545069}. Best is trial 1 with value: 1.0.
[I 2025-05-15 07:49:49,750] Trial 9 finished with value: 1.0 and parameters: {'C': 53.066944048916255, 'gamma': 0.00012577574840733457}. Best is trial 1 with value: 1.0.
[I 2025-05-15 07:49:49,779] Trial 10 finished with value: 1.0 and parameters: {'C': 4.042381244249598, 'gamma': 0.001366002544888146}. Best is trial 1 with value: 1.0.
[I 2025-05-15 07:49:50,591] Trial 11 finished with value: 1.0 and parameters: {'C': 87.22425730882965, 'gamma': 0.05930471379525112}. Best is trial 1 with value: 1.0.
[I 2025-05-15 07:49:51,596] Trial 12 finished with value: 1.0 and parameters: {'C': 12.867042365825021, 'gamma': 0.03035824879476184}. Best is trial 1 with value: 1.0.
[I 2025-05-15 07:49:51,628] Trial 13 finished with value: 1.0 and parameters: {'C': 1.04568765989748, 'gamma': 0.0028044321981347555}. Best is trial 1 with value: 1.0.
[I 2025-05-15 07:49:51,658] Trial 14 finished with value: 0.65 and parameters: {'C': 13.648657920977358, 'gamma': 0.8788760839931181}. Best is trial 1 with value: 1.0.
[I 2025-05-15 07:49:51,683] Trial 15 finished with value: 0.8 and parameters: {'C': 0.011719948006087014, 'gamma': 0.032674152880137}. Best is trial 1 with value: 1.0.
[I 2025-05-15 07:49:51,722] Trial 16 finished with value: 1.0 and parameters: {'C': 3.1498721111320296, 'gamma': 0.0018706666796445262}. Best is trial 1 with value: 1.0.
[I 2025-05-15 07:49:51,745] Trial 17 finished with value: 1.0 and parameters: {'C': 0.3549398156725888, 'gamma': 0.02010254478542458}. Best is trial 1 with value: 1.0.
[I 2025-05-15 07:49:51,775] Trial 18 finished with value: 1.0 and parameters: {'C': 27.093417980304277, 'gamma': 0.10199414406399064}. Best is trial 1 with value: 1.0.
[I 2025-05-15 07:49:51,807] Trial 19 finished with value: 1.0 and parameters: {'C': 1.635505384542889, 'gamma': 0.0006860990156244822}. Best is trial 1 with value: 1.0.
[I 2025-05-15 07:49:51,830] Trial 20 finished with value: 0.8 and parameters: {'C': 0.03753887911169831, 'gamma': 0.0059615572472071394}. Best is trial 1 with value: 1.0.
[I 2025-05-15 07:49:51,854] Trial 21 finished with value: 1.0 and parameters: {'C': 86.59418108586453, 'gamma': 0.0003965742310915027}. Best is trial 1 with value: 1.0.
[I 2025-05-15 07:49:51,885] Trial 22 finished with value: 1.0 and parameters: {'C': 35.01911806205947, 'gamma': 0.054674107927215866}. Best is trial 1 with value: 1.0.
[I 2025-05-15 07:49:51,911] Trial 23 finished with value: 1.0 and parameters: {'C': 36.084281874892945, 'gamma': 0.014472404309047783}. Best is trial 1 with value: 1.0.
[I 2025-05-15 07:49:52,771] Trial 24 finished with value: 0.7 and parameters: {'C': 0.315272932623484, 'gamma': 0.34937902650006863}. Best is trial 1 with value: 1.0.
[I 2025-05-15 07:49:52,794] Trial 25 finished with value: 1.0 and parameters: {'C': 13.918670839013984, 'gamma': 0.005802680311527851}. Best is trial 1 with value: 1.0.
[I 2025-05-15 07:49:52,813] Trial 26 finished with value: 1.0 and parameters: {'C': 57.715770034159334, 'gamma': 0.0001272009077633187}. Best is trial 1 with value: 1.0.
[I 2025-05-15 07:49:52,832] Trial 27 finished with value: 1.0 and parameters: {'C': 7.410089820705735, 'gamma': 0.0006100974968821296}. Best is trial 1 with value: 1.0.
[I 2025-05-15 07:49:52,862] Trial 28 finished with value: 1.0 and parameters: {'C': 2.054758122405861, 'gamma': 0.003682729335445199}. Best is trial 1 with value: 1.0.
[I 2025-05-15 07:49:52,901] Trial 29 finished with value: 0.8166666666666667 and parameters: {'C': 0.413051634234226, 'gamma': 0.16178810622897474}. Best is trial 1 with value: 1.0.
[I 2025-05-15 07:49:58,894] A new study created in memory with name: logreg
Parámetros guardados en checkpoint_shoppers_Doriginal_F/lc/IPC_11/best_models_lc_seed_7_space_original/svc_best_params.json


>>> Optuna tuning logreg metodo lc IPC 11 seed 7


[I 2025-05-15 07:50:00,785] Trial 0 finished with value: 1.0 and parameters: {'C': 0.002407362254570802, 'penalty': 'l2'}. Best is trial 0 with value: 1.0.
[I 2025-05-15 07:50:00,884] Trial 1 finished with value: 1.0 and parameters: {'C': 7.935859334260497, 'penalty': 'l2'}. Best is trial 0 with value: 1.0.
[I 2025-05-15 07:50:00,912] Trial 2 finished with value: 1.0 and parameters: {'C': 0.15561310098067915, 'penalty': 'l2'}. Best is trial 0 with value: 1.0.
[I 2025-05-15 07:50:00,936] Trial 3 finished with value: 1.0 and parameters: {'C': 4.143104515916128, 'penalty': 'l2'}. Best is trial 0 with value: 1.0.
[I 2025-05-15 07:50:00,961] Trial 4 finished with value: 1.0 and parameters: {'C': 77.61533923098803, 'penalty': 'l2'}. Best is trial 0 with value: 1.0.
[I 2025-05-15 07:50:00,986] Trial 5 finished with value: 1.0 and parameters: {'C': 0.49258292359934785, 'penalty': 'l2'}. Best is trial 0 with value: 1.0.
[I 2025-05-15 07:50:01,001] Trial 6 finished with value: 1.0 and parameters: {'C': 0.320333470047146, 'penalty': 'l2'}. Best is trial 0 with value: 1.0.
[I 2025-05-15 07:50:01,015] Trial 7 finished with value: 1.0 and parameters: {'C': 0.002292216671132896, 'penalty': 'l2'}. Best is trial 0 with value: 1.0.
[I 2025-05-15 07:50:01,029] Trial 8 finished with value: 1.0 and parameters: {'C': 0.0219884643872214, 'penalty': 'l2'}. Best is trial 0 with value: 1.0.
[I 2025-05-15 07:50:01,043] Trial 9 finished with value: 1.0 and parameters: {'C': 0.31580027519646636, 'penalty': 'l2'}. Best is trial 0 with value: 1.0.
[I 2025-05-15 07:50:01,073] Trial 10 finished with value: 1.0 and parameters: {'C': 0.005028545732690317, 'penalty': 'l2'}. Best is trial 0 with value: 1.0.
[I 2025-05-15 07:50:01,832] Trial 11 finished with value: 1.0 and parameters: {'C': 15.514850032264519, 'penalty': 'l2'}. Best is trial 0 with value: 1.0.
[I 2025-05-15 07:50:02,619] Trial 12 finished with value: 1.0 and parameters: {'C': 3.8533453410664578, 'penalty': 'l2'}. Best is trial 0 with value: 1.0.
[I 2025-05-15 07:50:02,648] Trial 13 finished with value: 1.0 and parameters: {'C': 0.04053444936620892, 'penalty': 'l2'}. Best is trial 0 with value: 1.0.
[I 2025-05-15 07:50:02,678] Trial 14 finished with value: 1.0 and parameters: {'C': 3.6189108554787492, 'penalty': 'l2'}. Best is trial 0 with value: 1.0.
[I 2025-05-15 07:50:02,698] Trial 15 finished with value: 1.0 and parameters: {'C': 76.85235596180026, 'penalty': 'l2'}. Best is trial 0 with value: 1.0.
[I 2025-05-15 07:50:02,720] Trial 16 finished with value: 1.0 and parameters: {'C': 0.012579852256827942, 'penalty': 'l2'}. Best is trial 0 with value: 1.0.
[I 2025-05-15 07:50:02,751] Trial 17 finished with value: 1.0 and parameters: {'C': 0.0010299038925161348, 'penalty': 'l2'}. Best is trial 0 with value: 1.0.
[I 2025-05-15 07:50:02,783] Trial 18 finished with value: 1.0 and parameters: {'C': 0.059497234598840446, 'penalty': 'l2'}. Best is trial 0 with value: 1.0.
[I 2025-05-15 07:50:02,815] Trial 19 finished with value: 1.0 and parameters: {'C': 1.326095734760134, 'penalty': 'l2'}. Best is trial 0 with value: 1.0.
[I 2025-05-15 07:50:02,846] Trial 20 finished with value: 1.0 and parameters: {'C': 20.37422894544439, 'penalty': 'l2'}. Best is trial 0 with value: 1.0.
[I 2025-05-15 07:50:02,878] Trial 21 finished with value: 1.0 and parameters: {'C': 0.09630987969657057, 'penalty': 'l2'}. Best is trial 0 with value: 1.0.
[I 2025-05-15 07:50:02,907] Trial 22 finished with value: 1.0 and parameters: {'C': 0.007221035226805926, 'penalty': 'l2'}. Best is trial 0 with value: 1.0.
[I 2025-05-15 07:50:03,703] Trial 23 finished with value: 1.0 and parameters: {'C': 0.1168231874682798, 'penalty': 'l2'}. Best is trial 0 with value: 1.0.
[I 2025-05-15 07:50:03,735] Trial 24 finished with value: 1.0 and parameters: {'C': 1.07327131370564, 'penalty': 'l2'}. Best is trial 0 with value: 1.0.
[I 2025-05-15 07:50:03,763] Trial 25 finished with value: 1.0 and parameters: {'C': 22.030149283850154, 'penalty': 'l2'}. Best is trial 0 with value: 1.0.
[I 2025-05-15 07:50:03,798] Trial 26 finished with value: 1.0 and parameters: {'C': 0.001031036222242501, 'penalty': 'l2'}. Best is trial 0 with value: 1.0.
[I 2025-05-15 07:50:03,827] Trial 27 finished with value: 1.0 and parameters: {'C': 8.329961743648088, 'penalty': 'l2'}. Best is trial 0 with value: 1.0.
[I 2025-05-15 07:50:03,858] Trial 28 finished with value: 1.0 and parameters: {'C': 0.18460133021462113, 'penalty': 'l2'}. Best is trial 0 with value: 1.0.
[I 2025-05-15 07:50:03,888] Trial 29 finished with value: 1.0 and parameters: {'C': 1.4482571960680461, 'penalty': 'l2'}. Best is trial 0 with value: 1.0.
[I 2025-05-15 07:50:10,763] A new study created in memory with name: mlp
Parámetros guardados en checkpoint_shoppers_Doriginal_F/lc/IPC_11/best_models_lc_seed_7_space_original/logreg_best_params.json


>>> Optuna tuning mlp metodo lc IPC 11 seed 7


/data/home/rtabares/anaconda3/envs/pyth3.12/lib/python3.12/site-packages/sklearn/neural_network/_multilayer_perceptron.py:691: ConvergenceWarning: Stochastic Optimizer: Maximum iterations (100) reached and the optimization hasn't converged yet.
  warnings.warn(
/data/home/rtabares/anaconda3/envs/pyth3.12/lib/python3.12/site-packages/sklearn/neural_network/_multilayer_perceptron.py:691: ConvergenceWarning: Stochastic Optimizer: Maximum iterations (100) reached and the optimization hasn't converged yet.
  warnings.warn(
/data/home/rtabares/anaconda3/envs/pyth3.12/lib/python3.12/site-packages/sklearn/neural_network/_multilayer_perceptron.py:691: ConvergenceWarning: Stochastic Optimizer: Maximum iterations (100) reached and the optimization hasn't converged yet.
  warnings.warn(
/data/home/rtabares/anaconda3/envs/pyth3.12/lib/python3.12/site-packages/sklearn/neural_network/_multilayer_perceptron.py:691: ConvergenceWarning: Stochastic Optimizer: Maximum iterations (100) reached and the optimization hasn't converged yet.
  warnings.warn(
/data/home/rtabares/anaconda3/envs/pyth3.12/lib/python3.12/site-packages/sklearn/neural_network/_multilayer_perceptron.py:691: ConvergenceWarning: Stochastic Optimizer: Maximum iterations (100) reached and the optimization hasn't converged yet.
  warnings.warn(
[I 2025-05-15 07:50:11,918] Trial 0 finished with value: 1.0 and parameters: {'hidden_layer_sizes': (200,), 'max_iter': 100, 'alpha': 0.0001}. Best is trial 0 with value: 1.0.
[I 2025-05-15 07:50:12,005] Trial 1 finished with value: 1.0 and parameters: {'hidden_layer_sizes': (100, 100), 'max_iter': 100, 'alpha': 0.0001}. Best is trial 0 with value: 1.0.
/data/home/rtabares/anaconda3/envs/pyth3.12/lib/python3.12/site-packages/sklearn/neural_network/_multilayer_perceptron.py:691: ConvergenceWarning: Stochastic Optimizer: Maximum iterations (100) reached and the optimization hasn't converged yet.
  warnings.warn(
/data/home/rtabares/anaconda3/envs/pyth3.12/lib/python3.12/site-packages/sklearn/neural_network/_multilayer_perceptron.py:691: ConvergenceWarning: Stochastic Optimizer: Maximum iterations (100) reached and the optimization hasn't converged yet.
  warnings.warn(
/data/home/rtabares/anaconda3/envs/pyth3.12/lib/python3.12/site-packages/sklearn/neural_network/_multilayer_perceptron.py:691: ConvergenceWarning: Stochastic Optimizer: Maximum iterations (100) reached and the optimization hasn't converged yet.
  warnings.warn(
/data/home/rtabares/anaconda3/envs/pyth3.12/lib/python3.12/site-packages/sklearn/neural_network/_multilayer_perceptron.py:691: ConvergenceWarning: Stochastic Optimizer: Maximum iterations (100) reached and the optimization hasn't converged yet.
  warnings.warn(
/data/home/rtabares/anaconda3/envs/pyth3.12/lib/python3.12/site-packages/sklearn/neural_network/_multilayer_perceptron.py:691: ConvergenceWarning: Stochastic Optimizer: Maximum iterations (100) reached and the optimization hasn't converged yet.
  warnings.warn(
[I 2025-05-15 07:50:12,080] Trial 2 finished with value: 1.0 and parameters: {'hidden_layer_sizes': (200,), 'max_iter': 100, 'alpha': 0.001}. Best is trial 0 with value: 1.0.
/data/home/rtabares/anaconda3/envs/pyth3.12/lib/python3.12/site-packages/sklearn/neural_network/_multilayer_perceptron.py:691: ConvergenceWarning: Stochastic Optimizer: Maximum iterations (50) reached and the optimization hasn't converged yet.
  warnings.warn(
/data/home/rtabares/anaconda3/envs/pyth3.12/lib/python3.12/site-packages/sklearn/neural_network/_multilayer_perceptron.py:691: ConvergenceWarning: Stochastic Optimizer: Maximum iterations (50) reached and the optimization hasn't converged yet.
  warnings.warn(
/data/home/rtabares/anaconda3/envs/pyth3.12/lib/python3.12/site-packages/sklearn/neural_network/_multilayer_perceptron.py:691: ConvergenceWarning: Stochastic Optimizer: Maximum iterations (50) reached and the optimization hasn't converged yet.
  warnings.warn(
/data/home/rtabares/anaconda3/envs/pyth3.12/lib/python3.12/site-packages/sklearn/neural_network/_multilayer_perceptron.py:691: ConvergenceWarning: Stochastic Optimizer: Maximum iterations (50) reached and the optimization hasn't converged yet.
  warnings.warn(
/data/home/rtabares/anaconda3/envs/pyth3.12/lib/python3.12/site-packages/sklearn/neural_network/_multilayer_perceptron.py:691: ConvergenceWarning: Stochastic Optimizer: Maximum iterations (50) reached and the optimization hasn't converged yet.
  warnings.warn(
[I 2025-05-15 07:50:12,124] Trial 3 finished with value: 1.0 and parameters: {'hidden_layer_sizes': (100,), 'max_iter': 50, 'alpha': 0.001}. Best is trial 0 with value: 1.0.
/data/home/rtabares/anaconda3/envs/pyth3.12/lib/python3.12/site-packages/sklearn/neural_network/_multilayer_perceptron.py:691: ConvergenceWarning: Stochastic Optimizer: Maximum iterations (50) reached and the optimization hasn't converged yet.
  warnings.warn(
/data/home/rtabares/anaconda3/envs/pyth3.12/lib/python3.12/site-packages/sklearn/neural_network/_multilayer_perceptron.py:691: ConvergenceWarning: Stochastic Optimizer: Maximum iterations (50) reached and the optimization hasn't converged yet.
  warnings.warn(
/data/home/rtabares/anaconda3/envs/pyth3.12/lib/python3.12/site-packages/sklearn/neural_network/_multilayer_perceptron.py:691: ConvergenceWarning: Stochastic Optimizer: Maximum iterations (50) reached and the optimization hasn't converged yet.
  warnings.warn(
/data/home/rtabares/anaconda3/envs/pyth3.12/lib/python3.12/site-packages/sklearn/neural_network/_multilayer_perceptron.py:691: ConvergenceWarning: Stochastic Optimizer: Maximum iterations (50) reached and the optimization hasn't converged yet.
  warnings.warn(
/data/home/rtabares/anaconda3/envs/pyth3.12/lib/python3.12/site-packages/sklearn/neural_network/_multilayer_perceptron.py:691: ConvergenceWarning: Stochastic Optimizer: Maximum iterations (50) reached and the optimization hasn't converged yet.
  warnings.warn(
[I 2025-05-15 07:50:12,170] Trial 4 finished with value: 0.95 and parameters: {'hidden_layer_sizes': (100,), 'max_iter': 50, 'alpha': 0.0001}. Best is trial 0 with value: 1.0.
/data/home/rtabares/anaconda3/envs/pyth3.12/lib/python3.12/site-packages/sklearn/neural_network/_multilayer_perceptron.py:691: ConvergenceWarning: Stochastic Optimizer: Maximum iterations (50) reached and the optimization hasn't converged yet.
  warnings.warn(
/data/home/rtabares/anaconda3/envs/pyth3.12/lib/python3.12/site-packages/sklearn/neural_network/_multilayer_perceptron.py:691: ConvergenceWarning: Stochastic Optimizer: Maximum iterations (50) reached and the optimization hasn't converged yet.
  warnings.warn(
/data/home/rtabares/anaconda3/envs/pyth3.12/lib/python3.12/site-packages/sklearn/neural_network/_multilayer_perceptron.py:691: ConvergenceWarning: Stochastic Optimizer: Maximum iterations (50) reached and the optimization hasn't converged yet.
  warnings.warn(
/data/home/rtabares/anaconda3/envs/pyth3.12/lib/python3.12/site-packages/sklearn/neural_network/_multilayer_perceptron.py:691: ConvergenceWarning: Stochastic Optimizer: Maximum iterations (50) reached and the optimization hasn't converged yet.
  warnings.warn(
/data/home/rtabares/anaconda3/envs/pyth3.12/lib/python3.12/site-packages/sklearn/neural_network/_multilayer_perceptron.py:691: ConvergenceWarning: Stochastic Optimizer: Maximum iterations (50) reached and the optimization hasn't converged yet.
  warnings.warn(
[I 2025-05-15 07:50:12,217] Trial 5 finished with value: 1.0 and parameters: {'hidden_layer_sizes': (100,), 'max_iter': 50, 'alpha': 0.0001}. Best is trial 0 with value: 1.0.
/data/home/rtabares/anaconda3/envs/pyth3.12/lib/python3.12/site-packages/sklearn/neural_network/_multilayer_perceptron.py:691: ConvergenceWarning: Stochastic Optimizer: Maximum iterations (50) reached and the optimization hasn't converged yet.
  warnings.warn(
/data/home/rtabares/anaconda3/envs/pyth3.12/lib/python3.12/site-packages/sklearn/neural_network/_multilayer_perceptron.py:691: ConvergenceWarning: Stochastic Optimizer: Maximum iterations (50) reached and the optimization hasn't converged yet.
  warnings.warn(
/data/home/rtabares/anaconda3/envs/pyth3.12/lib/python3.12/site-packages/sklearn/neural_network/_multilayer_perceptron.py:691: ConvergenceWarning: Stochastic Optimizer: Maximum iterations (50) reached and the optimization hasn't converged yet.
  warnings.warn(
/data/home/rtabares/anaconda3/envs/pyth3.12/lib/python3.12/site-packages/sklearn/neural_network/_multilayer_perceptron.py:691: ConvergenceWarning: Stochastic Optimizer: Maximum iterations (50) reached and the optimization hasn't converged yet.
  warnings.warn(
/data/home/rtabares/anaconda3/envs/pyth3.12/lib/python3.12/site-packages/sklearn/neural_network/_multilayer_perceptron.py:691: ConvergenceWarning: Stochastic Optimizer: Maximum iterations (50) reached and the optimization hasn't converged yet.
  warnings.warn(
