[I 2025-05-15 08:32:50,484] Trial 10 finished with value: 0.9666666666666666 and parameters: {'n_estimators': 40, 'max_depth': 5, 'gamma': 0.32359117507032664, 'subsample': 0.6830443145605672, 'colsample_bytree': 0.9880791395471188}. Best is trial 10 with value: 0.9666666666666666.
/data/home/rtabares/anaconda3/envs/pyth3.12/lib/python3.12/site-packages/xgboost/core.py:377: FutureWarning: Your system has an old version of glibc (< 2.28). We will stop supporting Linux distros with glibc older than 2.28 after **May 31, 2025**. Please upgrade to a recent Linux distro (with glibc >= 2.28) to use future versions of XGBoost.
Note: You have installed the 'manylinux2014' variant of XGBoost. Certain features such as GPU algorithms or federated learning are not available. To use these features, please upgrade to a recent Linux distro with glibc 2.28+, and install the 'manylinux_2_28' variant.
  warnings.warn(
[I 2025-05-15 08:32:50,560] Trial 11 finished with value: 0.9666666666666666 and parameters: {'n_estimators': 40, 'max_depth': 5, 'gamma': 0.35063715305191356, 'subsample': 0.6951291698642672, 'colsample_bytree': 0.9644255636822635}. Best is trial 10 with value: 0.9666666666666666.
/data/home/rtabares/anaconda3/envs/pyth3.12/lib/python3.12/site-packages/xgboost/core.py:377: FutureWarning: Your system has an old version of glibc (< 2.28). We will stop supporting Linux distros with glibc older than 2.28 after **May 31, 2025**. Please upgrade to a recent Linux distro (with glibc >= 2.28) to use future versions of XGBoost.
Note: You have installed the 'manylinux2014' variant of XGBoost. Certain features such as GPU algorithms or federated learning are not available. To use these features, please upgrade to a recent Linux distro with glibc 2.28+, and install the 'manylinux_2_28' variant.
  warnings.warn(
/data/home/rtabares/anaconda3/envs/pyth3.12/lib/python3.12/site-packages/xgboost/core.py:377: FutureWarning: Your system has an old version of glibc (< 2.28). We will stop supporting Linux distros with glibc older than 2.28 after **May 31, 2025**. Please upgrade to a recent Linux distro (with glibc >= 2.28) to use future versions of XGBoost.
Note: You have installed the 'manylinux2014' variant of XGBoost. Certain features such as GPU algorithms or federated learning are not available. To use these features, please upgrade to a recent Linux distro with glibc 2.28+, and install the 'manylinux_2_28' variant.
  warnings.warn(
[I 2025-05-15 08:32:51,598] Trial 12 finished with value: 0.9097222222222221 and parameters: {'n_estimators': 40, 'max_depth': 5, 'gamma': 0.26524802753472615, 'subsample': 0.727503715589723, 'colsample_bytree': 0.991396503611761}. Best is trial 10 with value: 0.9666666666666666.
[I 2025-05-15 08:32:51,650] Trial 13 finished with value: 0.9541666666666666 and parameters: {'n_estimators': 40, 'max_depth': 5, 'gamma': 0.3041311302100137, 'subsample': 0.6898634628284936, 'colsample_bytree': 0.8860005601976279}. Best is trial 10 with value: 0.9666666666666666.
[I 2025-05-15 08:32:51,701] Trial 14 finished with value: 0.9541666666666666 and parameters: {'n_estimators': 40, 'max_depth': 30, 'gamma': 0.355001213837357, 'subsample': 0.5683294809007217, 'colsample_bytree': 0.9378101345132724}. Best is trial 10 with value: 0.9666666666666666.
/data/home/rtabares/anaconda3/envs/pyth3.12/lib/python3.12/site-packages/xgboost/core.py:377: FutureWarning: Your system has an old version of glibc (< 2.28). We will stop supporting Linux distros with glibc older than 2.28 after **May 31, 2025**. Please upgrade to a recent Linux distro (with glibc >= 2.28) to use future versions of XGBoost.
Note: You have installed the 'manylinux2014' variant of XGBoost. Certain features such as GPU algorithms or federated learning are not available. To use these features, please upgrade to a recent Linux distro with glibc 2.28+, and install the 'manylinux_2_28' variant.
  warnings.warn(
[I 2025-05-15 08:32:52,913] Trial 15 finished with value: 0.9333333333333333 and parameters: {'n_estimators': 40, 'max_depth': 5, 'gamma': 0.15381891567063335, 'subsample': 0.769839907029992, 'colsample_bytree': 0.793394658345011}. Best is trial 10 with value: 0.9666666666666666.
[I 2025-05-15 08:32:52,970] Trial 16 finished with value: 0.9541666666666666 and parameters: {'n_estimators': 40, 'max_depth': 5, 'gamma': 0.3948172633490876, 'subsample': 0.6694539164295048, 'colsample_bytree': 0.8250267036583299}. Best is trial 10 with value: 0.9666666666666666.
/data/home/rtabares/anaconda3/envs/pyth3.12/lib/python3.12/site-packages/xgboost/core.py:377: FutureWarning: Your system has an old version of glibc (< 2.28). We will stop supporting Linux distros with glibc older than 2.28 after **May 31, 2025**. Please upgrade to a recent Linux distro (with glibc >= 2.28) to use future versions of XGBoost.
Note: You have installed the 'manylinux2014' variant of XGBoost. Certain features such as GPU algorithms or federated learning are not available. To use these features, please upgrade to a recent Linux distro with glibc 2.28+, and install the 'manylinux_2_28' variant.
  warnings.warn(
[I 2025-05-15 08:32:53,969] Trial 17 finished with value: 0.9777777777777779 and parameters: {'n_estimators': 10, 'max_depth': 5, 'gamma': 0.23244807960254688, 'subsample': 0.9068400276615516, 'colsample_bytree': 0.928766602924455}. Best is trial 17 with value: 0.9777777777777779.
[I 2025-05-15 08:32:54,008] Trial 18 finished with value: 0.9777777777777779 and parameters: {'n_estimators': 10, 'max_depth': 30, 'gamma': 0.1112995634306427, 'subsample': 0.8902649886973554, 'colsample_bytree': 0.9064685103722901}. Best is trial 17 with value: 0.9777777777777779.
/data/home/rtabares/anaconda3/envs/pyth3.12/lib/python3.12/site-packages/xgboost/core.py:377: FutureWarning: Your system has an old version of glibc (< 2.28). We will stop supporting Linux distros with glibc older than 2.28 after **May 31, 2025**. Please upgrade to a recent Linux distro (with glibc >= 2.28) to use future versions of XGBoost.
Note: You have installed the 'manylinux2014' variant of XGBoost. Certain features such as GPU algorithms or federated learning are not available. To use these features, please upgrade to a recent Linux distro with glibc 2.28+, and install the 'manylinux_2_28' variant.
  warnings.warn(
[I 2025-05-15 08:32:55,313] Trial 19 finished with value: 0.9430555555555555 and parameters: {'n_estimators': 10, 'max_depth': 30, 'gamma': 0.10777985240183005, 'subsample': 0.9065884651871764, 'colsample_bytree': 0.5730188990093645}. Best is trial 17 with value: 0.9777777777777779.
[I 2025-05-15 08:32:55,371] Trial 20 finished with value: 0.9777777777777779 and parameters: {'n_estimators': 10, 'max_depth': 30, 'gamma': 0.22321468610438783, 'subsample': 0.9087277533804645, 'colsample_bytree': 0.9064081627306984}. Best is trial 17 with value: 0.9777777777777779.
[I 2025-05-15 08:32:55,465] Trial 21 finished with value: 0.9777777777777779 and parameters: {'n_estimators': 10, 'max_depth': 30, 'gamma': 0.24511271746159172, 'subsample': 0.9059153066758995, 'colsample_bytree': 0.913047865158288}. Best is trial 17 with value: 0.9777777777777779.
[I 2025-05-15 08:32:55,553] Trial 22 finished with value: 0.9555555555555555 and parameters: {'n_estimators': 10, 'max_depth': 30, 'gamma': 0.20541137721411298, 'subsample': 0.9131793592393871, 'colsample_bytree': 0.8216244543950809}. Best is trial 17 with value: 0.9777777777777779.
[I 2025-05-15 08:32:55,623] Trial 23 finished with value: 0.9194444444444445 and parameters: {'n_estimators': 10, 'max_depth': 30, 'gamma': 0.9953182577057711, 'subsample': 0.8641774004758913, 'colsample_bytree': 0.9001027801636385}. Best is trial 17 with value: 0.9777777777777779.
[I 2025-05-15 08:32:55,696] Trial 24 finished with value: 0.9305555555555556 and parameters: {'n_estimators': 10, 'max_depth': 30, 'gamma': 0.12878158847825363, 'subsample': 0.9964837447201369, 'colsample_bytree': 0.5090890686417295}. Best is trial 17 with value: 0.9777777777777779.
[I 2025-05-15 08:32:55,756] Trial 25 finished with value: 0.9097222222222221 and parameters: {'n_estimators': 10, 'max_depth': 30, 'gamma': 0.41674878137449656, 'subsample': 0.9357793886528294, 'colsample_bytree': 0.8535990180533701}. Best is trial 17 with value: 0.9777777777777779.
[I 2025-05-15 08:32:55,831] Trial 26 finished with value: 0.9319444444444445 and parameters: {'n_estimators': 10, 'max_depth': 30, 'gamma': 0.2233793975884292, 'subsample': 0.8598028832153936, 'colsample_bytree': 0.9542731442903888}. Best is trial 17 with value: 0.9777777777777779.
[I 2025-05-15 08:32:55,885] Trial 27 finished with value: 0.9194444444444445 and parameters: {'n_estimators': 10, 'max_depth': 20, 'gamma': 0.1964860214440227, 'subsample': 0.8038594528371286, 'colsample_bytree': 0.8056393326281479}. Best is trial 17 with value: 0.9777777777777779.
[I 2025-05-15 08:32:55,945] Trial 28 finished with value: 0.9777777777777779 and parameters: {'n_estimators': 10, 'max_depth': 30, 'gamma': 0.10422023355609669, 'subsample': 0.9508011895991412, 'colsample_bytree': 0.8980092175262279}. Best is trial 17 with value: 0.9777777777777779.
[I 2025-05-15 08:32:56,013] Trial 29 finished with value: 0.9430555555555555 and parameters: {'n_estimators': 10, 'max_depth': 30, 'gamma': 0.46145435863314443, 'subsample': 0.8738167856001857, 'colsample_bytree': 0.7840810897658348}. Best is trial 17 with value: 0.9777777777777779.
[I 2025-05-15 08:33:11,565] A new study created in memory with name: rf
Parámetros guardados en checkpoint_adult_Doriginal_G/lc/IPC_43/best_models_lc_seed_8_space_original/xgb_best_params.json


>>> Optuna tuning rf metodo lc IPC 43 seed 8


[I 2025-05-15 08:33:13,113] Trial 0 finished with value: 0.9319444444444445 and parameters: {'n_estimators': 450, 'max_depth': 20, 'min_samples_split': 9, 'min_samples_leaf': 6}. Best is trial 0 with value: 0.9319444444444445.
[I 2025-05-15 08:33:13,497] Trial 1 finished with value: 0.9319444444444445 and parameters: {'n_estimators': 193, 'max_depth': 3, 'min_samples_split': 5, 'min_samples_leaf': 5}. Best is trial 0 with value: 0.9319444444444445.
[I 2025-05-15 08:33:14,056] Trial 2 finished with value: 0.9319444444444445 and parameters: {'n_estimators': 309, 'max_depth': 11, 'min_samples_split': 6, 'min_samples_leaf': 6}. Best is trial 0 with value: 0.9319444444444445.
[I 2025-05-15 08:33:15,101] Trial 3 finished with value: 0.9319444444444445 and parameters: {'n_estimators': 405, 'max_depth': 15, 'min_samples_split': 7, 'min_samples_leaf': 5}. Best is trial 0 with value: 0.9319444444444445.
[I 2025-05-15 08:33:16,326] Trial 4 finished with value: 0.9319444444444445 and parameters: {'n_estimators': 215, 'max_depth': 20, 'min_samples_split': 5, 'min_samples_leaf': 3}. Best is trial 0 with value: 0.9319444444444445.
[I 2025-05-15 08:33:16,894] Trial 5 finished with value: 0.9319444444444445 and parameters: {'n_estimators': 126, 'max_depth': 20, 'min_samples_split': 3, 'min_samples_leaf': 4}. Best is trial 0 with value: 0.9319444444444445.
[I 2025-05-15 08:33:17,430] Trial 6 finished with value: 0.9319444444444445 and parameters: {'n_estimators': 128, 'max_depth': 7, 'min_samples_split': 5, 'min_samples_leaf': 9}. Best is trial 0 with value: 0.9319444444444445.
[I 2025-05-15 08:33:18,432] Trial 7 finished with value: 0.9319444444444445 and parameters: {'n_estimators': 238, 'max_depth': 20, 'min_samples_split': 2, 'min_samples_leaf': 4}. Best is trial 0 with value: 0.9319444444444445.
[I 2025-05-15 08:33:19,519] Trial 8 finished with value: 0.9319444444444445 and parameters: {'n_estimators': 252, 'max_depth': 16, 'min_samples_split': 10, 'min_samples_leaf': 4}. Best is trial 0 with value: 0.9319444444444445.
[I 2025-05-15 08:33:20,499] Trial 9 finished with value: 0.9319444444444445 and parameters: {'n_estimators': 273, 'max_depth': 7, 'min_samples_split': 9, 'min_samples_leaf': 7}. Best is trial 0 with value: 0.9319444444444445.
[I 2025-05-15 08:33:22,013] Trial 10 finished with value: 0.9319444444444445 and parameters: {'n_estimators': 498, 'max_depth': 15, 'min_samples_split': 8, 'min_samples_leaf': 10}. Best is trial 0 with value: 0.9319444444444445.
[I 2025-05-15 08:33:23,739] Trial 11 finished with value: 0.9430555555555555 and parameters: {'n_estimators': 380, 'max_depth': 4, 'min_samples_split': 4, 'min_samples_leaf': 1}. Best is trial 11 with value: 0.9430555555555555.
[I 2025-05-15 08:33:26,526] Trial 12 finished with value: 0.9319444444444445 and parameters: {'n_estimators': 385, 'max_depth': 3, 'min_samples_split': 3, 'min_samples_leaf': 1}. Best is trial 11 with value: 0.9430555555555555.
[I 2025-05-15 08:33:28,579] Trial 13 finished with value: 0.9430555555555555 and parameters: {'n_estimators': 457, 'max_depth': 10, 'min_samples_split': 10, 'min_samples_leaf': 1}. Best is trial 11 with value: 0.9430555555555555.
[I 2025-05-15 08:33:30,092] Trial 14 finished with value: 0.9652777777777779 and parameters: {'n_estimators': 346, 'max_depth': 7, 'min_samples_split': 4, 'min_samples_leaf': 1}. Best is trial 14 with value: 0.9652777777777779.
[I 2025-05-15 08:33:31,615] Trial 15 finished with value: 0.9319444444444445 and parameters: {'n_estimators': 338, 'max_depth': 6, 'min_samples_split': 4, 'min_samples_leaf': 2}. Best is trial 14 with value: 0.9652777777777779.
[I 2025-05-15 08:33:33,149] Trial 16 finished with value: 0.9319444444444445 and parameters: {'n_estimators': 358, 'max_depth': 5, 'min_samples_split': 2, 'min_samples_leaf': 2}. Best is trial 14 with value: 0.9652777777777779.
[I 2025-05-15 08:33:34,308] Trial 17 finished with value: 0.9319444444444445 and parameters: {'n_estimators': 310, 'max_depth': 9, 'min_samples_split': 4, 'min_samples_leaf': 2}. Best is trial 14 with value: 0.9652777777777779.
[I 2025-05-15 08:33:35,421] Trial 18 finished with value: 0.9430555555555555 and parameters: {'n_estimators': 415, 'max_depth': 8, 'min_samples_split': 6, 'min_samples_leaf': 1}. Best is trial 14 with value: 0.9652777777777779.
[I 2025-05-15 08:33:36,378] Trial 19 finished with value: 0.9319444444444445 and parameters: {'n_estimators': 369, 'max_depth': 4, 'min_samples_split': 4, 'min_samples_leaf': 3}. Best is trial 14 with value: 0.9652777777777779.
[I 2025-05-15 08:33:37,252] Trial 20 finished with value: 0.9319444444444445 and parameters: {'n_estimators': 334, 'max_depth': 13, 'min_samples_split': 3, 'min_samples_leaf': 8}. Best is trial 14 with value: 0.9652777777777779.
[I 2025-05-15 08:33:38,263] Trial 21 finished with value: 0.9430555555555555 and parameters: {'n_estimators': 452, 'max_depth': 10, 'min_samples_split': 7, 'min_samples_leaf': 1}. Best is trial 14 with value: 0.9652777777777779.
[I 2025-05-15 08:33:39,159] Trial 22 finished with value: 0.9319444444444445 and parameters: {'n_estimators': 448, 'max_depth': 12, 'min_samples_split': 7, 'min_samples_leaf': 1}. Best is trial 14 with value: 0.9652777777777779.
[I 2025-05-15 08:33:40,189] Trial 23 finished with value: 0.9319444444444445 and parameters: {'n_estimators': 484, 'max_depth': 5, 'min_samples_split': 10, 'min_samples_leaf': 3}. Best is trial 14 with value: 0.9652777777777779.
[I 2025-05-15 08:33:41,081] Trial 24 finished with value: 0.9319444444444445 and parameters: {'n_estimators': 417, 'max_depth': 9, 'min_samples_split': 5, 'min_samples_leaf': 2}. Best is trial 14 with value: 0.9652777777777779.
[I 2025-05-15 08:33:42,016] Trial 25 finished with value: 0.9430555555555555 and parameters: {'n_estimators': 374, 'max_depth': 6, 'min_samples_split': 4, 'min_samples_leaf': 1}. Best is trial 14 with value: 0.9652777777777779.
[I 2025-05-15 08:33:43,147] Trial 26 finished with value: 0.9319444444444445 and parameters: {'n_estimators': 464, 'max_depth': 8, 'min_samples_split': 8, 'min_samples_leaf': 3}. Best is trial 14 with value: 0.9652777777777779.
[I 2025-05-15 08:33:44,176] Trial 27 finished with value: 0.9319444444444445 and parameters: {'n_estimators': 425, 'max_depth': 11, 'min_samples_split': 3, 'min_samples_leaf': 2}. Best is trial 14 with value: 0.9652777777777779.
[I 2025-05-15 08:33:45,103] Trial 28 finished with value: 0.9430555555555555 and parameters: {'n_estimators': 286, 'max_depth': 5, 'min_samples_split': 6, 'min_samples_leaf': 1}. Best is trial 14 with value: 0.9652777777777779.
[I 2025-05-15 08:33:45,958] Trial 29 finished with value: 0.9319444444444445 and parameters: {'n_estimators': 346, 'max_depth': 13, 'min_samples_split': 9, 'min_samples_leaf': 2}. Best is trial 14 with value: 0.9652777777777779.
[I 2025-05-15 08:33:57,365] A new study created in memory with name: svc
Parámetros guardados en checkpoint_adult_Doriginal_G/lc/IPC_43/best_models_lc_seed_8_space_original/rf_best_params.json


>>> Optuna tuning svc metodo lc IPC 43 seed 8


[I 2025-05-15 08:34:00,216] Trial 0 finished with value: 0.7083333333333334 and parameters: {'C': 31.168622654226873, 'gamma': 0.7484497562485191}. Best is trial 0 with value: 0.7083333333333334.
[I 2025-05-15 08:34:00,432] Trial 1 finished with value: 1.0 and parameters: {'C': 29.976309274600954, 'gamma': 0.013286872459026702}. Best is trial 1 with value: 1.0.
[I 2025-05-15 08:34:00,463] Trial 2 finished with value: 0.5777777777777777 and parameters: {'C': 0.08529298465080307, 'gamma': 0.00011106960237430257}. Best is trial 1 with value: 1.0.
[I 2025-05-15 08:34:00,487] Trial 3 finished with value: 0.9069444444444444 and parameters: {'C': 0.5270784658374341, 'gamma': 0.004068229457500922}. Best is trial 1 with value: 1.0.
[I 2025-05-15 08:34:00,510] Trial 4 finished with value: 1.0 and parameters: {'C': 1.2322495987505253, 'gamma': 0.008195343912941565}. Best is trial 1 with value: 1.0.
[I 2025-05-15 08:34:00,536] Trial 5 finished with value: 1.0 and parameters: {'C': 1.6650446929687996, 'gamma': 0.014912280706161869}. Best is trial 1 with value: 1.0.
[I 2025-05-15 08:34:00,550] Trial 6 finished with value: 1.0 and parameters: {'C': 11.055599623279033, 'gamma': 0.07071284267178823}. Best is trial 1 with value: 1.0.
[I 2025-05-15 08:34:00,610] Trial 7 finished with value: 1.0 and parameters: {'C': 3.0111222251271013, 'gamma': 0.00506252384623837}. Best is trial 1 with value: 1.0.
[I 2025-05-15 08:34:00,645] Trial 8 finished with value: 0.5222222222222223 and parameters: {'C': 0.1433177931243846, 'gamma': 0.7859971382309453}. Best is trial 1 with value: 1.0.
[I 2025-05-15 08:34:00,675] Trial 9 finished with value: 0.5777777777777777 and parameters: {'C': 0.21631975482828378, 'gamma': 0.0007502469581683287}. Best is trial 1 with value: 1.0.
[I 2025-05-15 08:34:00,712] Trial 10 finished with value: 0.9888888888888889 and parameters: {'C': 93.71621785255695, 'gamma': 0.10527818045462897}. Best is trial 1 with value: 1.0.
[I 2025-05-15 08:34:02,864] Trial 11 finished with value: 0.5777777777777777 and parameters: {'C': 0.018574335584703686, 'gamma': 0.025025339382276027}. Best is trial 1 with value: 1.0.
[I 2025-05-15 08:34:05,223] Trial 12 finished with value: 1.0 and parameters: {'C': 7.068727079222193, 'gamma': 0.001278813477342155}. Best is trial 1 with value: 1.0.
[I 2025-05-15 08:34:05,285] Trial 13 finished with value: 1.0 and parameters: {'C': 75.83166776212033, 'gamma': 0.0733369214406053}. Best is trial 1 with value: 1.0.
[I 2025-05-15 08:34:05,318] Trial 14 finished with value: 1.0 and parameters: {'C': 18.345436580062213, 'gamma': 0.0012354779589508352}. Best is trial 1 with value: 1.0.
[I 2025-05-15 08:34:05,362] Trial 15 finished with value: 1.0 and parameters: {'C': 3.9356882024619493, 'gamma': 0.0057161792751550915}. Best is trial 1 with value: 1.0.
[I 2025-05-15 08:34:05,416] Trial 16 finished with value: 1.0 and parameters: {'C': 0.7403817358860066, 'gamma': 0.02662176180817086}. Best is trial 1 with value: 1.0.
[I 2025-05-15 08:34:05,468] Trial 17 finished with value: 0.5777777777777777 and parameters: {'C': 0.01170241795292932, 'gamma': 0.00035105166308863544}. Best is trial 1 with value: 1.0.
[I 2025-05-15 08:34:05,521] Trial 18 finished with value: 1.0 and parameters: {'C': 27.72596399800337, 'gamma': 0.0026123370925972087}. Best is trial 1 with value: 1.0.
[I 2025-05-15 08:34:05,598] Trial 19 finished with value: 0.5888888888888889 and parameters: {'C': 0.060405168413520234, 'gamma': 0.205373135053674}. Best is trial 1 with value: 1.0.
[I 2025-05-15 08:34:05,636] Trial 20 finished with value: 1.0 and parameters: {'C': 1.501631341004864, 'gamma': 0.00975489358605289}. Best is trial 1 with value: 1.0.
[I 2025-05-15 08:34:05,686] Trial 21 finished with value: 1.0 and parameters: {'C': 1.9533824340500137, 'gamma': 0.020807621835051394}. Best is trial 1 with value: 1.0.
[I 2025-05-15 08:34:05,749] Trial 22 finished with value: 1.0 and parameters: {'C': 0.34333197471317384, 'gamma': 0.029185927100076614}. Best is trial 1 with value: 1.0.
[I 2025-05-15 08:34:05,834] Trial 23 finished with value: 1.0 and parameters: {'C': 5.0413336313065, 'gamma': 0.010426372321371238}. Best is trial 1 with value: 1.0.
[I 2025-05-15 08:34:08,121] Trial 24 finished with value: 1.0 and parameters: {'C': 1.1528472240297074, 'gamma': 0.012486343100849845}. Best is trial 1 with value: 1.0.
[I 2025-05-15 08:34:08,165] Trial 25 finished with value: 1.0 and parameters: {'C': 11.749181035351095, 'gamma': 0.045163397618162855}. Best is trial 1 with value: 1.0.
[I 2025-05-15 08:34:08,316] Trial 26 finished with value: 1.0 and parameters: {'C': 47.42221469677281, 'gamma': 0.0018399168403638686}. Best is trial 1 with value: 1.0.
[I 2025-05-15 08:34:08,398] Trial 27 finished with value: 0.9666666666666666 and parameters: {'C': 2.4656708269902774, 'gamma': 0.25569950710077693}. Best is trial 1 with value: 1.0.
[I 2025-05-15 08:34:08,473] Trial 28 finished with value: 0.5777777777777777 and parameters: {'C': 0.03845069676863375, 'gamma': 0.011199241916301861}. Best is trial 1 with value: 1.0.
