[I 2025-05-15 07:35:20,601] Trial 6 finished with value: 0.3666666666666667 and parameters: {'n_estimators': 100, 'max_depth': 20, 'gamma': 0.6718205850237038, 'subsample': 0.9059511955902053, 'colsample_bytree': 0.9633413076219371}. Best is trial 2 with value: 0.5133333333333333.
/data/home/rtabares/anaconda3/envs/pyth3.12/lib/python3.12/site-packages/xgboost/core.py:377: FutureWarning: Your system has an old version of glibc (< 2.28). We will stop supporting Linux distros with glibc older than 2.28 after **May 31, 2025**. Please upgrade to a recent Linux distro (with glibc >= 2.28) to use future versions of XGBoost.
Note: You have installed the 'manylinux2014' variant of XGBoost. Certain features such as GPU algorithms or federated learning are not available. To use these features, please upgrade to a recent Linux distro with glibc 2.28+, and install the 'manylinux_2_28' variant.
  warnings.warn(
[I 2025-05-15 07:35:20,641] Trial 7 finished with value: 0.5 and parameters: {'n_estimators': 10, 'max_depth': 30, 'gamma': 0.8165284487704038, 'subsample': 0.5255714015506736, 'colsample_bytree': 0.594333867896554}. Best is trial 2 with value: 0.5133333333333333.
/data/home/rtabares/anaconda3/envs/pyth3.12/lib/python3.12/site-packages/xgboost/core.py:377: FutureWarning: Your system has an old version of glibc (< 2.28). We will stop supporting Linux distros with glibc older than 2.28 after **May 31, 2025**. Please upgrade to a recent Linux distro (with glibc >= 2.28) to use future versions of XGBoost.
Note: You have installed the 'manylinux2014' variant of XGBoost. Certain features such as GPU algorithms or federated learning are not available. To use these features, please upgrade to a recent Linux distro with glibc 2.28+, and install the 'manylinux_2_28' variant.
  warnings.warn(
/data/home/rtabares/anaconda3/envs/pyth3.12/lib/python3.12/site-packages/xgboost/core.py:377: FutureWarning: Your system has an old version of glibc (< 2.28). We will stop supporting Linux distros with glibc older than 2.28 after **May 31, 2025**. Please upgrade to a recent Linux distro (with glibc >= 2.28) to use future versions of XGBoost.
Note: You have installed the 'manylinux2014' variant of XGBoost. Certain features such as GPU algorithms or federated learning are not available. To use these features, please upgrade to a recent Linux distro with glibc 2.28+, and install the 'manylinux_2_28' variant.
  warnings.warn(
/data/home/rtabares/anaconda3/envs/pyth3.12/lib/python3.12/site-packages/xgboost/core.py:377: FutureWarning: Your system has an old version of glibc (< 2.28). We will stop supporting Linux distros with glibc older than 2.28 after **May 31, 2025**. Please upgrade to a recent Linux distro (with glibc >= 2.28) to use future versions of XGBoost.
Note: You have installed the 'manylinux2014' variant of XGBoost. Certain features such as GPU algorithms or federated learning are not available. To use these features, please upgrade to a recent Linux distro with glibc 2.28+, and install the 'manylinux_2_28' variant.
  warnings.warn(
[I 2025-05-15 07:35:20,719] Trial 8 finished with value: 0.5166666666666667 and parameters: {'n_estimators': 100, 'max_depth': 20, 'gamma': 0.6251497693480509, 'subsample': 0.9696496759824258, 'colsample_bytree': 0.9717700410079397}. Best is trial 8 with value: 0.5166666666666667.
[I 2025-05-15 07:35:20,749] Trial 9 finished with value: 0.4 and parameters: {'n_estimators': 40, 'max_depth': 30, 'gamma': 0.9649927737686168, 'subsample': 0.6857563076640036, 'colsample_bytree': 0.5061847058001788}. Best is trial 8 with value: 0.5166666666666667.
/data/home/rtabares/anaconda3/envs/pyth3.12/lib/python3.12/site-packages/xgboost/core.py:377: FutureWarning: Your system has an old version of glibc (< 2.28). We will stop supporting Linux distros with glibc older than 2.28 after **May 31, 2025**. Please upgrade to a recent Linux distro (with glibc >= 2.28) to use future versions of XGBoost.
Note: You have installed the 'manylinux2014' variant of XGBoost. Certain features such as GPU algorithms or federated learning are not available. To use these features, please upgrade to a recent Linux distro with glibc 2.28+, and install the 'manylinux_2_28' variant.
  warnings.warn(
/data/home/rtabares/anaconda3/envs/pyth3.12/lib/python3.12/site-packages/xgboost/core.py:377: FutureWarning: Your system has an old version of glibc (< 2.28). We will stop supporting Linux distros with glibc older than 2.28 after **May 31, 2025**. Please upgrade to a recent Linux distro (with glibc >= 2.28) to use future versions of XGBoost.
Note: You have installed the 'manylinux2014' variant of XGBoost. Certain features such as GPU algorithms or federated learning are not available. To use these features, please upgrade to a recent Linux distro with glibc 2.28+, and install the 'manylinux_2_28' variant.
  warnings.warn(
[I 2025-05-15 07:35:20,833] Trial 10 finished with value: 0.46333333333333326 and parameters: {'n_estimators': 100, 'max_depth': 20, 'gamma': 0.17962098877423716, 'subsample': 0.8375065199672742, 'colsample_bytree': 0.993585754266157}. Best is trial 8 with value: 0.5166666666666667.
/data/home/rtabares/anaconda3/envs/pyth3.12/lib/python3.12/site-packages/xgboost/core.py:377: FutureWarning: Your system has an old version of glibc (< 2.28). We will stop supporting Linux distros with glibc older than 2.28 after **May 31, 2025**. Please upgrade to a recent Linux distro (with glibc >= 2.28) to use future versions of XGBoost.
Note: You have installed the 'manylinux2014' variant of XGBoost. Certain features such as GPU algorithms or federated learning are not available. To use these features, please upgrade to a recent Linux distro with glibc 2.28+, and install the 'manylinux_2_28' variant.
  warnings.warn(
/data/home/rtabares/anaconda3/envs/pyth3.12/lib/python3.12/site-packages/xgboost/core.py:377: FutureWarning: Your system has an old version of glibc (< 2.28). We will stop supporting Linux distros with glibc older than 2.28 after **May 31, 2025**. Please upgrade to a recent Linux distro (with glibc >= 2.28) to use future versions of XGBoost.
Note: You have installed the 'manylinux2014' variant of XGBoost. Certain features such as GPU algorithms or federated learning are not available. To use these features, please upgrade to a recent Linux distro with glibc 2.28+, and install the 'manylinux_2_28' variant.
  warnings.warn(
/data/home/rtabares/anaconda3/envs/pyth3.12/lib/python3.12/site-packages/xgboost/core.py:377: FutureWarning: Your system has an old version of glibc (< 2.28). We will stop supporting Linux distros with glibc older than 2.28 after **May 31, 2025**. Please upgrade to a recent Linux distro (with glibc >= 2.28) to use future versions of XGBoost.
Note: You have installed the 'manylinux2014' variant of XGBoost. Certain features such as GPU algorithms or federated learning are not available. To use these features, please upgrade to a recent Linux distro with glibc 2.28+, and install the 'manylinux_2_28' variant.
  warnings.warn(
[I 2025-05-15 07:35:21,774] Trial 11 finished with value: 0.46333333333333326 and parameters: {'n_estimators': 10, 'max_depth': 20, 'gamma': 0.4666808060410861, 'subsample': 0.6388052294316233, 'colsample_bytree': 0.8430320461580855}. Best is trial 8 with value: 0.5166666666666667.
/data/home/rtabares/anaconda3/envs/pyth3.12/lib/python3.12/site-packages/xgboost/core.py:377: FutureWarning: Your system has an old version of glibc (< 2.28). We will stop supporting Linux distros with glibc older than 2.28 after **May 31, 2025**. Please upgrade to a recent Linux distro (with glibc >= 2.28) to use future versions of XGBoost.
Note: You have installed the 'manylinux2014' variant of XGBoost. Certain features such as GPU algorithms or federated learning are not available. To use these features, please upgrade to a recent Linux distro with glibc 2.28+, and install the 'manylinux_2_28' variant.
  warnings.warn(
/data/home/rtabares/anaconda3/envs/pyth3.12/lib/python3.12/site-packages/xgboost/core.py:377: FutureWarning: Your system has an old version of glibc (< 2.28). We will stop supporting Linux distros with glibc older than 2.28 after **May 31, 2025**. Please upgrade to a recent Linux distro (with glibc >= 2.28) to use future versions of XGBoost.
Note: You have installed the 'manylinux2014' variant of XGBoost. Certain features such as GPU algorithms or federated learning are not available. To use these features, please upgrade to a recent Linux distro with glibc 2.28+, and install the 'manylinux_2_28' variant.
  warnings.warn(
[I 2025-05-15 07:35:22,626] Trial 12 finished with value: 0.4033333333333333 and parameters: {'n_estimators': 10, 'max_depth': 20, 'gamma': 0.35654179655573703, 'subsample': 0.6075140464738895, 'colsample_bytree': 0.899016084201482}. Best is trial 8 with value: 0.5166666666666667.
[I 2025-05-15 07:35:22,673] Trial 13 finished with value: 0.46333333333333326 and parameters: {'n_estimators': 10, 'max_depth': 20, 'gamma': 0.6313534333905889, 'subsample': 0.9982774069433007, 'colsample_bytree': 0.7554740170601443}. Best is trial 8 with value: 0.5166666666666667.
[I 2025-05-15 07:35:22,720] Trial 14 finished with value: 0.48 and parameters: {'n_estimators': 100, 'max_depth': 20, 'gamma': 0.10994622175030377, 'subsample': 0.877131890096255, 'colsample_bytree': 0.6877737397619771}. Best is trial 8 with value: 0.5166666666666667.
[I 2025-05-15 07:35:22,771] Trial 15 finished with value: 0.3633333333333334 and parameters: {'n_estimators': 100, 'max_depth': 20, 'gamma': 0.3726525540222209, 'subsample': 0.7798385989307184, 'colsample_bytree': 0.8984734844460647}. Best is trial 8 with value: 0.5166666666666667.
/data/home/rtabares/anaconda3/envs/pyth3.12/lib/python3.12/site-packages/xgboost/core.py:377: FutureWarning: Your system has an old version of glibc (< 2.28). We will stop supporting Linux distros with glibc older than 2.28 after **May 31, 2025**. Please upgrade to a recent Linux distro (with glibc >= 2.28) to use future versions of XGBoost.
Note: You have installed the 'manylinux2014' variant of XGBoost. Certain features such as GPU algorithms or federated learning are not available. To use these features, please upgrade to a recent Linux distro with glibc 2.28+, and install the 'manylinux_2_28' variant.
  warnings.warn(
[I 2025-05-15 07:35:22,831] Trial 16 finished with value: 0.4833333333333333 and parameters: {'n_estimators': 10, 'max_depth': 20, 'gamma': 0.6367515745988495, 'subsample': 0.6052315190142621, 'colsample_bytree': 0.7076541665337347}. Best is trial 8 with value: 0.5166666666666667.
/data/home/rtabares/anaconda3/envs/pyth3.12/lib/python3.12/site-packages/xgboost/core.py:377: FutureWarning: Your system has an old version of glibc (< 2.28). We will stop supporting Linux distros with glibc older than 2.28 after **May 31, 2025**. Please upgrade to a recent Linux distro (with glibc >= 2.28) to use future versions of XGBoost.
Note: You have installed the 'manylinux2014' variant of XGBoost. Certain features such as GPU algorithms or federated learning are not available. To use these features, please upgrade to a recent Linux distro with glibc 2.28+, and install the 'manylinux_2_28' variant.
  warnings.warn(
[I 2025-05-15 07:35:23,676] Trial 17 finished with value: 0.3666666666666667 and parameters: {'n_estimators': 10, 'max_depth': 20, 'gamma': 0.25922359502171366, 'subsample': 0.7960200786362753, 'colsample_bytree': 0.8006621062452346}. Best is trial 8 with value: 0.5166666666666667.
[I 2025-05-15 07:35:23,737] Trial 18 finished with value: 0.4633333333333334 and parameters: {'n_estimators': 100, 'max_depth': 20, 'gamma': 0.5078627915323135, 'subsample': 0.914011631031943, 'colsample_bytree': 0.9121641030826433}. Best is trial 8 with value: 0.5166666666666667.
[I 2025-05-15 07:35:23,791] Trial 19 finished with value: 0.5066666666666667 and parameters: {'n_estimators': 40, 'max_depth': 5, 'gamma': 0.454735912162858, 'subsample': 0.5652525341320878, 'colsample_bytree': 0.5978196111368888}. Best is trial 8 with value: 0.5166666666666667.
[I 2025-05-15 07:35:23,851] Trial 20 finished with value: 0.44333333333333336 and parameters: {'n_estimators': 100, 'max_depth': 20, 'gamma': 0.6663005607629251, 'subsample': 0.7055581763582855, 'colsample_bytree': 0.8392136250775967}. Best is trial 8 with value: 0.5166666666666667.
[I 2025-05-15 07:35:23,900] Trial 21 finished with value: 0.5866666666666667 and parameters: {'n_estimators': 40, 'max_depth': 5, 'gamma': 0.42352942653612075, 'subsample': 0.5531120505754769, 'colsample_bytree': 0.5941885863303761}. Best is trial 21 with value: 0.5866666666666667.
[I 2025-05-15 07:35:23,938] Trial 22 finished with value: 0.47000000000000003 and parameters: {'n_estimators': 40, 'max_depth': 5, 'gamma': 0.2588590770664144, 'subsample': 0.5662330463527474, 'colsample_bytree': 0.5834149585803463}. Best is trial 21 with value: 0.5866666666666667.
[I 2025-05-15 07:35:24,001] Trial 23 finished with value: 0.42000000000000004 and parameters: {'n_estimators': 40, 'max_depth': 5, 'gamma': 0.42369455662730704, 'subsample': 0.6478677913320325, 'colsample_bytree': 0.6668660033072955}. Best is trial 21 with value: 0.5866666666666667.
[I 2025-05-15 07:35:24,061] Trial 24 finished with value: 0.47666666666666674 and parameters: {'n_estimators': 40, 'max_depth': 5, 'gamma': 0.5826681362427071, 'subsample': 0.5648244770097969, 'colsample_bytree': 0.7263078989793524}. Best is trial 21 with value: 0.5866666666666667.
[I 2025-05-15 07:35:24,105] Trial 25 finished with value: 0.4966666666666666 and parameters: {'n_estimators': 10, 'max_depth': 5, 'gamma': 0.2913392850941049, 'subsample': 0.6461241627220502, 'colsample_bytree': 0.558949832230925}. Best is trial 21 with value: 0.5866666666666667.
[I 2025-05-15 07:35:24,164] Trial 26 finished with value: 0.42333333333333334 and parameters: {'n_estimators': 40, 'max_depth': 20, 'gamma': 0.7116132770978827, 'subsample': 0.8313652583521709, 'colsample_bytree': 0.6391324041623702}. Best is trial 21 with value: 0.5866666666666667.
[I 2025-05-15 07:35:24,207] Trial 27 finished with value: 0.42000000000000004 and parameters: {'n_estimators': 40, 'max_depth': 20, 'gamma': 0.5441553735925913, 'subsample': 0.7364781384879924, 'colsample_bytree': 0.6259610300107498}. Best is trial 21 with value: 0.5866666666666667.
[I 2025-05-15 07:35:24,247] Trial 28 finished with value: 0.4666666666666666 and parameters: {'n_estimators': 10, 'max_depth': 30, 'gamma': 0.4106927500979704, 'subsample': 0.5928455905221119, 'colsample_bytree': 0.5384557730109655}. Best is trial 21 with value: 0.5866666666666667.
[I 2025-05-15 07:35:24,306] Trial 29 finished with value: 0.41666666666666663 and parameters: {'n_estimators': 100, 'max_depth': 5, 'gamma': 0.7500802665223197, 'subsample': 0.7526256142330757, 'colsample_bytree': 0.611366687703627}. Best is trial 21 with value: 0.5866666666666667.
[I 2025-05-15 07:35:28,838] A new study created in memory with name: rf
Parámetros guardados en checkpoint_default_Doriginal_H/k_center/IPC_27/best_models_k_center_seed_5_space_original/xgb_best_params.json


>>> Optuna tuning rf metodo k_center IPC 27 seed 5


[I 2025-05-15 07:35:30,275] Trial 0 finished with value: 0.5433333333333332 and parameters: {'n_estimators': 189, 'max_depth': 18, 'min_samples_split': 3, 'min_samples_leaf': 10}. Best is trial 0 with value: 0.5433333333333332.
[I 2025-05-15 07:35:30,753] Trial 1 finished with value: 0.47000000000000003 and parameters: {'n_estimators': 295, 'max_depth': 14, 'min_samples_split': 8, 'min_samples_leaf': 6}. Best is trial 0 with value: 0.5433333333333332.
[I 2025-05-15 07:35:31,165] Trial 2 finished with value: 0.53 and parameters: {'n_estimators': 219, 'max_depth': 6, 'min_samples_split': 2, 'min_samples_leaf': 8}. Best is trial 0 with value: 0.5433333333333332.
[I 2025-05-15 07:35:31,646] Trial 3 finished with value: 0.4733333333333333 and parameters: {'n_estimators': 276, 'max_depth': 5, 'min_samples_split': 9, 'min_samples_leaf': 3}. Best is trial 0 with value: 0.5433333333333332.
[I 2025-05-15 07:35:32,193] Trial 4 finished with value: 0.5566666666666666 and parameters: {'n_estimators': 266, 'max_depth': 8, 'min_samples_split': 7, 'min_samples_leaf': 6}. Best is trial 4 with value: 0.5566666666666666.
[I 2025-05-15 07:35:32,809] Trial 5 finished with value: 0.4333333333333333 and parameters: {'n_estimators': 340, 'max_depth': 7, 'min_samples_split': 4, 'min_samples_leaf': 3}. Best is trial 4 with value: 0.5566666666666666.
[I 2025-05-15 07:35:33,244] Trial 6 finished with value: 0.5533333333333333 and parameters: {'n_estimators': 231, 'max_depth': 5, 'min_samples_split': 3, 'min_samples_leaf': 10}. Best is trial 4 with value: 0.5566666666666666.
[I 2025-05-15 07:35:34,098] Trial 7 finished with value: 0.47000000000000003 and parameters: {'n_estimators': 485, 'max_depth': 6, 'min_samples_split': 2, 'min_samples_leaf': 3}. Best is trial 4 with value: 0.5566666666666666.
[I 2025-05-15 07:35:34,811] Trial 8 finished with value: 0.4566666666666667 and parameters: {'n_estimators': 380, 'max_depth': 17, 'min_samples_split': 2, 'min_samples_leaf': 6}. Best is trial 4 with value: 0.5566666666666666.
[I 2025-05-15 07:35:35,002] Trial 9 finished with value: 0.5166666666666667 and parameters: {'n_estimators': 100, 'max_depth': 12, 'min_samples_split': 7, 'min_samples_leaf': 10}. Best is trial 4 with value: 0.5566666666666666.
[I 2025-05-15 07:35:35,876] Trial 10 finished with value: 0.53 and parameters: {'n_estimators': 446, 'max_depth': 10, 'min_samples_split': 5, 'min_samples_leaf': 5}. Best is trial 4 with value: 0.5566666666666666.
[I 2025-05-15 07:35:36,250] Trial 11 finished with value: 0.4166666666666667 and parameters: {'n_estimators': 192, 'max_depth': 9, 'min_samples_split': 6, 'min_samples_leaf': 1}. Best is trial 4 with value: 0.5566666666666666.
[I 2025-05-15 07:35:37,468] Trial 12 finished with value: 0.5733333333333334 and parameters: {'n_estimators': 239, 'max_depth': 3, 'min_samples_split': 10, 'min_samples_leaf': 8}. Best is trial 12 with value: 0.5733333333333334.
[I 2025-05-15 07:35:38,585] Trial 13 finished with value: 0.51 and parameters: {'n_estimators': 371, 'max_depth': 4, 'min_samples_split': 10, 'min_samples_leaf': 7}. Best is trial 12 with value: 0.5733333333333334.
[I 2025-05-15 07:35:39,028] Trial 14 finished with value: 0.55 and parameters: {'n_estimators': 257, 'max_depth': 3, 'min_samples_split': 10, 'min_samples_leaf': 8}. Best is trial 12 with value: 0.5733333333333334.
[I 2025-05-15 07:35:39,265] Trial 15 finished with value: 0.51 and parameters: {'n_estimators': 124, 'max_depth': 8, 'min_samples_split': 8, 'min_samples_leaf': 5}. Best is trial 12 with value: 0.5733333333333334.
[I 2025-05-15 07:35:39,557] Trial 16 finished with value: 0.5433333333333332 and parameters: {'n_estimators': 168, 'max_depth': 12, 'min_samples_split': 6, 'min_samples_leaf': 8}. Best is trial 12 with value: 0.5733333333333334.
[I 2025-05-15 07:35:40,005] Trial 17 finished with value: 0.4866666666666667 and parameters: {'n_estimators': 305, 'max_depth': 15, 'min_samples_split': 8, 'min_samples_leaf': 7}. Best is trial 12 with value: 0.5733333333333334.
[I 2025-05-15 07:35:40,463] Trial 18 finished with value: 0.4933333333333333 and parameters: {'n_estimators': 335, 'max_depth': 3, 'min_samples_split': 9, 'min_samples_leaf': 4}. Best is trial 12 with value: 0.5733333333333334.
[I 2025-05-15 07:35:41,043] Trial 19 finished with value: 0.49000000000000005 and parameters: {'n_estimators': 409, 'max_depth': 10, 'min_samples_split': 7, 'min_samples_leaf': 9}. Best is trial 12 with value: 0.5733333333333334.
[I 2025-05-15 07:35:41,330] Trial 20 finished with value: 0.4600000000000001 and parameters: {'n_estimators': 146, 'max_depth': 8, 'min_samples_split': 5, 'min_samples_leaf': 1}. Best is trial 12 with value: 0.5733333333333334.
[I 2025-05-15 07:35:41,741] Trial 21 finished with value: 0.51 and parameters: {'n_estimators': 234, 'max_depth': 5, 'min_samples_split': 4, 'min_samples_leaf': 9}. Best is trial 12 with value: 0.5733333333333334.
[I 2025-05-15 07:35:42,136] Trial 22 finished with value: 0.46333333333333326 and parameters: {'n_estimators': 241, 'max_depth': 20, 'min_samples_split': 4, 'min_samples_leaf': 9}. Best is trial 12 with value: 0.5733333333333334.
[I 2025-05-15 07:35:42,505] Trial 23 finished with value: 0.4366666666666667 and parameters: {'n_estimators': 210, 'max_depth': 3, 'min_samples_split': 7, 'min_samples_leaf': 7}. Best is trial 12 with value: 0.5733333333333334.
[I 2025-05-15 07:35:43,006] Trial 24 finished with value: 0.5633333333333332 and parameters: {'n_estimators': 285, 'max_depth': 5, 'min_samples_split': 9, 'min_samples_leaf': 10}. Best is trial 12 with value: 0.5733333333333334.
[I 2025-05-15 07:35:43,539] Trial 25 finished with value: 0.5466666666666666 and parameters: {'n_estimators': 316, 'max_depth': 7, 'min_samples_split': 9, 'min_samples_leaf': 9}. Best is trial 12 with value: 0.5733333333333334.
[I 2025-05-15 07:35:43,995] Trial 26 finished with value: 0.5866666666666667 and parameters: {'n_estimators': 261, 'max_depth': 6, 'min_samples_split': 10, 'min_samples_leaf': 8}. Best is trial 26 with value: 0.5866666666666667.
[I 2025-05-15 07:35:44,495] Trial 27 finished with value: 0.5566666666666666 and parameters: {'n_estimators': 279, 'max_depth': 4, 'min_samples_split': 10, 'min_samples_leaf': 8}. Best is trial 26 with value: 0.5866666666666667.
[I 2025-05-15 07:35:45,082] Trial 28 finished with value: 0.5233333333333334 and parameters: {'n_estimators': 346, 'max_depth': 6, 'min_samples_split': 10, 'min_samples_leaf': 10}. Best is trial 26 with value: 0.5866666666666667.
