[I 2025-05-15 07:29:29,781] Trial 7 finished with value: 0.9652777777777779 and parameters: {'n_estimators': 10, 'max_depth': 30, 'gamma': 0.8165284487704038, 'subsample': 0.5255714015506736, 'colsample_bytree': 0.594333867896554}. Best is trial 5 with value: 0.9777777777777779.
/data/home/rtabares/anaconda3/envs/pyth3.12/lib/python3.12/site-packages/xgboost/core.py:377: FutureWarning: Your system has an old version of glibc (< 2.28). We will stop supporting Linux distros with glibc older than 2.28 after **May 31, 2025**. Please upgrade to a recent Linux distro (with glibc >= 2.28) to use future versions of XGBoost.
Note: You have installed the 'manylinux2014' variant of XGBoost. Certain features such as GPU algorithms or federated learning are not available. To use these features, please upgrade to a recent Linux distro with glibc 2.28+, and install the 'manylinux_2_28' variant.
  warnings.warn(
[I 2025-05-15 07:29:29,869] Trial 8 finished with value: 0.9777777777777779 and parameters: {'n_estimators': 100, 'max_depth': 20, 'gamma': 0.6251497693480509, 'subsample': 0.9696496759824258, 'colsample_bytree': 0.9717700410079397}. Best is trial 5 with value: 0.9777777777777779.
/data/home/rtabares/anaconda3/envs/pyth3.12/lib/python3.12/site-packages/xgboost/core.py:377: FutureWarning: Your system has an old version of glibc (< 2.28). We will stop supporting Linux distros with glibc older than 2.28 after **May 31, 2025**. Please upgrade to a recent Linux distro (with glibc >= 2.28) to use future versions of XGBoost.
Note: You have installed the 'manylinux2014' variant of XGBoost. Certain features such as GPU algorithms or federated learning are not available. To use these features, please upgrade to a recent Linux distro with glibc 2.28+, and install the 'manylinux_2_28' variant.
  warnings.warn(
/data/home/rtabares/anaconda3/envs/pyth3.12/lib/python3.12/site-packages/xgboost/core.py:377: FutureWarning: Your system has an old version of glibc (< 2.28). We will stop supporting Linux distros with glibc older than 2.28 after **May 31, 2025**. Please upgrade to a recent Linux distro (with glibc >= 2.28) to use future versions of XGBoost.
Note: You have installed the 'manylinux2014' variant of XGBoost. Certain features such as GPU algorithms or federated learning are not available. To use these features, please upgrade to a recent Linux distro with glibc 2.28+, and install the 'manylinux_2_28' variant.
  warnings.warn(
[I 2025-05-15 07:29:29,972] Trial 9 finished with value: 0.9777777777777779 and parameters: {'n_estimators': 40, 'max_depth': 30, 'gamma': 0.9649927737686168, 'subsample': 0.6857563076640036, 'colsample_bytree': 0.5061847058001788}. Best is trial 5 with value: 0.9777777777777779.
[I 2025-05-15 07:29:30,151] Trial 10 finished with value: 0.9652777777777779 and parameters: {'n_estimators': 40, 'max_depth': 5, 'gamma': 0.17962098877423716, 'subsample': 0.8185311023645913, 'colsample_bytree': 0.7898330861721071}. Best is trial 5 with value: 0.9777777777777779.
[I 2025-05-15 07:29:30,233] Trial 11 finished with value: 0.9652777777777779 and parameters: {'n_estimators': 40, 'max_depth': 20, 'gamma': 0.5304178328780275, 'subsample': 0.6388052294316233, 'colsample_bytree': 0.9523787574342063}. Best is trial 5 with value: 0.9777777777777779.
/data/home/rtabares/anaconda3/envs/pyth3.12/lib/python3.12/site-packages/xgboost/core.py:377: FutureWarning: Your system has an old version of glibc (< 2.28). We will stop supporting Linux distros with glibc older than 2.28 after **May 31, 2025**. Please upgrade to a recent Linux distro (with glibc >= 2.28) to use future versions of XGBoost.
Note: You have installed the 'manylinux2014' variant of XGBoost. Certain features such as GPU algorithms or federated learning are not available. To use these features, please upgrade to a recent Linux distro with glibc 2.28+, and install the 'manylinux_2_28' variant.
  warnings.warn(
[I 2025-05-15 07:29:30,430] Trial 12 finished with value: 0.9652777777777779 and parameters: {'n_estimators': 100, 'max_depth': 5, 'gamma': 0.5696439826398885, 'subsample': 0.8552352886814291, 'colsample_bytree': 0.8613659655163468}. Best is trial 5 with value: 0.9777777777777779.
/data/home/rtabares/anaconda3/envs/pyth3.12/lib/python3.12/site-packages/xgboost/core.py:377: FutureWarning: Your system has an old version of glibc (< 2.28). We will stop supporting Linux distros with glibc older than 2.28 after **May 31, 2025**. Please upgrade to a recent Linux distro (with glibc >= 2.28) to use future versions of XGBoost.
Note: You have installed the 'manylinux2014' variant of XGBoost. Certain features such as GPU algorithms or federated learning are not available. To use these features, please upgrade to a recent Linux distro with glibc 2.28+, and install the 'manylinux_2_28' variant.
  warnings.warn(
[I 2025-05-15 07:29:32,219] Trial 13 finished with value: 0.9888888888888889 and parameters: {'n_estimators': 40, 'max_depth': 20, 'gamma': 0.6143565345460473, 'subsample': 0.9982774069433007, 'colsample_bytree': 0.8739399509582558}. Best is trial 13 with value: 0.9888888888888889.
/data/home/rtabares/anaconda3/envs/pyth3.12/lib/python3.12/site-packages/xgboost/core.py:377: FutureWarning: Your system has an old version of glibc (< 2.28). We will stop supporting Linux distros with glibc older than 2.28 after **May 31, 2025**. Please upgrade to a recent Linux distro (with glibc >= 2.28) to use future versions of XGBoost.
Note: You have installed the 'manylinux2014' variant of XGBoost. Certain features such as GPU algorithms or federated learning are not available. To use these features, please upgrade to a recent Linux distro with glibc 2.28+, and install the 'manylinux_2_28' variant.
  warnings.warn(
/data/home/rtabares/anaconda3/envs/pyth3.12/lib/python3.12/site-packages/xgboost/core.py:377: FutureWarning: Your system has an old version of glibc (< 2.28). We will stop supporting Linux distros with glibc older than 2.28 after **May 31, 2025**. Please upgrade to a recent Linux distro (with glibc >= 2.28) to use future versions of XGBoost.
Note: You have installed the 'manylinux2014' variant of XGBoost. Certain features such as GPU algorithms or federated learning are not available. To use these features, please upgrade to a recent Linux distro with glibc 2.28+, and install the 'manylinux_2_28' variant.
  warnings.warn(
/data/home/rtabares/anaconda3/envs/pyth3.12/lib/python3.12/site-packages/xgboost/core.py:377: FutureWarning: Your system has an old version of glibc (< 2.28). We will stop supporting Linux distros with glibc older than 2.28 after **May 31, 2025**. Please upgrade to a recent Linux distro (with glibc >= 2.28) to use future versions of XGBoost.
Note: You have installed the 'manylinux2014' variant of XGBoost. Certain features such as GPU algorithms or federated learning are not available. To use these features, please upgrade to a recent Linux distro with glibc 2.28+, and install the 'manylinux_2_28' variant.
  warnings.warn(
[I 2025-05-15 07:29:33,935] Trial 14 finished with value: 0.9652777777777779 and parameters: {'n_estimators': 40, 'max_depth': 20, 'gamma': 0.4856975542205138, 'subsample': 0.6131838498924465, 'colsample_bytree': 0.8544706132818701}. Best is trial 13 with value: 0.9888888888888889.
[I 2025-05-15 07:29:34,075] Trial 15 finished with value: 0.9652777777777779 and parameters: {'n_estimators': 40, 'max_depth': 5, 'gamma': 0.26626655377772473, 'subsample': 0.8060973220299602, 'colsample_bytree': 0.7227029601296806}. Best is trial 13 with value: 0.9888888888888889.
[I 2025-05-15 07:29:34,205] Trial 16 finished with value: 0.9652777777777779 and parameters: {'n_estimators': 40, 'max_depth': 20, 'gamma': 0.6812180664903436, 'subsample': 0.900980306250064, 'colsample_bytree': 0.8810094054474}. Best is trial 13 with value: 0.9888888888888889.
[I 2025-05-15 07:29:34,298] Trial 17 finished with value: 0.9652777777777779 and parameters: {'n_estimators': 40, 'max_depth': 5, 'gamma': 0.4449821061052116, 'subsample': 0.741913118130876, 'colsample_bytree': 0.7109611479294711}. Best is trial 13 with value: 0.9888888888888889.
[I 2025-05-15 07:29:34,381] Trial 18 finished with value: 0.9652777777777779 and parameters: {'n_estimators': 40, 'max_depth': 5, 'gamma': 0.7074257690119139, 'subsample': 0.6459677461051728, 'colsample_bytree': 0.9044609828006946}. Best is trial 13 with value: 0.9888888888888889.
[I 2025-05-15 07:29:34,475] Trial 19 finished with value: 0.9777777777777779 and parameters: {'n_estimators': 40, 'max_depth': 20, 'gamma': 0.11852558445058792, 'subsample': 0.9965106715779145, 'colsample_bytree': 0.8037124669950328}. Best is trial 13 with value: 0.9888888888888889.
[I 2025-05-15 07:29:34,544] Trial 20 finished with value: 0.9652777777777779 and parameters: {'n_estimators': 10, 'max_depth': 20, 'gamma': 0.574304429220416, 'subsample': 0.5800858013059454, 'colsample_bytree': 0.6758731730593779}. Best is trial 13 with value: 0.9888888888888889.
[I 2025-05-15 07:29:34,673] Trial 21 finished with value: 0.9652777777777779 and parameters: {'n_estimators': 100, 'max_depth': 20, 'gamma': 0.6220809860525494, 'subsample': 0.9489486225426437, 'colsample_bytree': 0.9799081111263114}. Best is trial 13 with value: 0.9888888888888889.
[I 2025-05-15 07:29:34,809] Trial 22 finished with value: 0.9777777777777779 and parameters: {'n_estimators': 100, 'max_depth': 20, 'gamma': 0.46495195111192417, 'subsample': 0.9918848736641267, 'colsample_bytree': 0.9210969012189604}. Best is trial 13 with value: 0.9888888888888889.
[I 2025-05-15 07:29:34,951] Trial 23 finished with value: 0.9652777777777779 and parameters: {'n_estimators': 100, 'max_depth': 20, 'gamma': 0.7305339674372638, 'subsample': 0.9038631172227087, 'colsample_bytree': 0.9938447563154699}. Best is trial 13 with value: 0.9888888888888889.
[I 2025-05-15 07:29:35,038] Trial 24 finished with value: 0.9652777777777779 and parameters: {'n_estimators': 40, 'max_depth': 20, 'gamma': 0.6183895611424425, 'subsample': 0.9398762152542861, 'colsample_bytree': 0.8321591118652684}. Best is trial 13 with value: 0.9888888888888889.
[I 2025-05-15 07:29:35,184] Trial 25 finished with value: 0.9652777777777779 and parameters: {'n_estimators': 100, 'max_depth': 5, 'gamma': 0.32552193397422335, 'subsample': 0.8637059622575762, 'colsample_bytree': 0.9277901921935614}. Best is trial 13 with value: 0.9888888888888889.
[I 2025-05-15 07:29:35,348] Trial 26 finished with value: 0.9652777777777779 and parameters: {'n_estimators': 40, 'max_depth': 20, 'gamma': 0.5257358630035679, 'subsample': 0.7973156954301797, 'colsample_bytree': 0.5476883834801537}. Best is trial 13 with value: 0.9888888888888889.
[I 2025-05-15 07:29:35,449] Trial 27 finished with value: 0.976388888888889 and parameters: {'n_estimators': 40, 'max_depth': 20, 'gamma': 0.6135965497287341, 'subsample': 0.8540581555803297, 'colsample_bytree': 0.7514990797908258}. Best is trial 13 with value: 0.9888888888888889.
[I 2025-05-15 07:29:35,527] Trial 28 finished with value: 0.9652777777777779 and parameters: {'n_estimators': 10, 'max_depth': 30, 'gamma': 0.3923589380485331, 'subsample': 0.9987048615397089, 'colsample_bytree': 0.8897070847498372}. Best is trial 13 with value: 0.9888888888888889.
[I 2025-05-15 07:29:35,653] Trial 29 finished with value: 0.9777777777777779 and parameters: {'n_estimators': 100, 'max_depth': 5, 'gamma': 0.7500802665223197, 'subsample': 0.926902538972645, 'colsample_bytree': 0.6414944071563041}. Best is trial 13 with value: 0.9888888888888889.
[I 2025-05-15 07:30:25,400] A new study created in memory with name: rf
Parámetros guardados en checkpoint_adult_Doriginal_G/k-means/IPC_43/best_models_k-means_seed_5_space_original/xgb_best_params.json


>>> Optuna tuning rf metodo k-means IPC 43 seed 5


[I 2025-05-15 07:30:31,917] Trial 0 finished with value: 0.9888888888888889 and parameters: {'n_estimators': 189, 'max_depth': 18, 'min_samples_split': 3, 'min_samples_leaf': 10}. Best is trial 0 with value: 0.9888888888888889.
[I 2025-05-15 07:30:34,406] Trial 1 finished with value: 0.9888888888888889 and parameters: {'n_estimators': 295, 'max_depth': 14, 'min_samples_split': 8, 'min_samples_leaf': 6}. Best is trial 0 with value: 0.9888888888888889.
[I 2025-05-15 07:30:35,509] Trial 2 finished with value: 0.9888888888888889 and parameters: {'n_estimators': 219, 'max_depth': 6, 'min_samples_split': 2, 'min_samples_leaf': 8}. Best is trial 0 with value: 0.9888888888888889.
[I 2025-05-15 07:30:36,660] Trial 3 finished with value: 0.9888888888888889 and parameters: {'n_estimators': 276, 'max_depth': 5, 'min_samples_split': 9, 'min_samples_leaf': 3}. Best is trial 0 with value: 0.9888888888888889.
[I 2025-05-15 07:30:38,013] Trial 4 finished with value: 0.9888888888888889 and parameters: {'n_estimators': 266, 'max_depth': 8, 'min_samples_split': 7, 'min_samples_leaf': 6}. Best is trial 0 with value: 0.9888888888888889.
[I 2025-05-15 07:30:39,422] Trial 5 finished with value: 0.9888888888888889 and parameters: {'n_estimators': 340, 'max_depth': 7, 'min_samples_split': 4, 'min_samples_leaf': 3}. Best is trial 0 with value: 0.9888888888888889.
[I 2025-05-15 07:30:40,442] Trial 6 finished with value: 0.9888888888888889 and parameters: {'n_estimators': 231, 'max_depth': 5, 'min_samples_split': 3, 'min_samples_leaf': 10}. Best is trial 0 with value: 0.9888888888888889.
[I 2025-05-15 07:30:42,015] Trial 7 finished with value: 0.9888888888888889 and parameters: {'n_estimators': 485, 'max_depth': 6, 'min_samples_split': 2, 'min_samples_leaf': 3}. Best is trial 0 with value: 0.9888888888888889.
[I 2025-05-15 07:30:43,711] Trial 8 finished with value: 0.9888888888888889 and parameters: {'n_estimators': 380, 'max_depth': 17, 'min_samples_split': 2, 'min_samples_leaf': 6}. Best is trial 0 with value: 0.9888888888888889.
[I 2025-05-15 07:30:44,352] Trial 9 finished with value: 0.9888888888888889 and parameters: {'n_estimators': 100, 'max_depth': 12, 'min_samples_split': 7, 'min_samples_leaf': 10}. Best is trial 0 with value: 0.9888888888888889.
[I 2025-05-15 07:30:45,442] Trial 10 finished with value: 0.9888888888888889 and parameters: {'n_estimators': 110, 'max_depth': 20, 'min_samples_split': 5, 'min_samples_leaf': 8}. Best is trial 0 with value: 0.9888888888888889.
[I 2025-05-15 07:30:47,679] Trial 11 finished with value: 0.9888888888888889 and parameters: {'n_estimators': 175, 'max_depth': 14, 'min_samples_split': 10, 'min_samples_leaf': 1}. Best is trial 0 with value: 0.9888888888888889.
[I 2025-05-15 07:30:50,873] Trial 12 finished with value: 0.9888888888888889 and parameters: {'n_estimators': 396, 'max_depth': 16, 'min_samples_split': 8, 'min_samples_leaf': 8}. Best is trial 0 with value: 0.9888888888888889.
[I 2025-05-15 07:30:52,844] Trial 13 finished with value: 0.9888888888888889 and parameters: {'n_estimators': 159, 'max_depth': 20, 'min_samples_split': 6, 'min_samples_leaf': 5}. Best is trial 0 with value: 0.9888888888888889.
[I 2025-05-15 07:30:54,272] Trial 14 finished with value: 0.9888888888888889 and parameters: {'n_estimators': 316, 'max_depth': 10, 'min_samples_split': 5, 'min_samples_leaf': 9}. Best is trial 0 with value: 0.9888888888888889.
[I 2025-05-15 07:30:54,949] Trial 15 finished with value: 0.9888888888888889 and parameters: {'n_estimators': 202, 'max_depth': 17, 'min_samples_split': 8, 'min_samples_leaf': 5}. Best is trial 0 with value: 0.9888888888888889.
[I 2025-05-15 07:30:56,461] Trial 16 finished with value: 0.9888888888888889 and parameters: {'n_estimators': 444, 'max_depth': 14, 'min_samples_split': 10, 'min_samples_leaf': 7}. Best is trial 0 with value: 0.9888888888888889.
[I 2025-05-15 07:30:57,333] Trial 17 finished with value: 0.9888888888888889 and parameters: {'n_estimators': 252, 'max_depth': 14, 'min_samples_split': 4, 'min_samples_leaf': 1}. Best is trial 0 with value: 0.9888888888888889.
[I 2025-05-15 07:30:58,406] Trial 18 finished with value: 0.9888888888888889 and parameters: {'n_estimators': 353, 'max_depth': 18, 'min_samples_split': 6, 'min_samples_leaf': 4}. Best is trial 0 with value: 0.9888888888888889.
[I 2025-05-15 07:30:58,816] Trial 19 finished with value: 0.9777777777777779 and parameters: {'n_estimators': 156, 'max_depth': 11, 'min_samples_split': 9, 'min_samples_leaf': 7}. Best is trial 0 with value: 0.9888888888888889.
[I 2025-05-15 07:30:59,569] Trial 20 finished with value: 0.9888888888888889 and parameters: {'n_estimators': 285, 'max_depth': 3, 'min_samples_split': 4, 'min_samples_leaf': 9}. Best is trial 0 with value: 0.9888888888888889.
[I 2025-05-15 07:31:00,375] Trial 21 finished with value: 0.9888888888888889 and parameters: {'n_estimators': 209, 'max_depth': 9, 'min_samples_split': 3, 'min_samples_leaf': 8}. Best is trial 0 with value: 0.9888888888888889.
[I 2025-05-15 07:31:00,935] Trial 22 finished with value: 0.9888888888888889 and parameters: {'n_estimators': 211, 'max_depth': 12, 'min_samples_split': 2, 'min_samples_leaf': 9}. Best is trial 0 with value: 0.9888888888888889.
[I 2025-05-15 07:31:01,590] Trial 23 finished with value: 0.9888888888888889 and parameters: {'n_estimators': 309, 'max_depth': 15, 'min_samples_split': 3, 'min_samples_leaf': 7}. Best is trial 0 with value: 0.9888888888888889.
[I 2025-05-15 07:31:02,280] Trial 24 finished with value: 0.9888888888888889 and parameters: {'n_estimators': 246, 'max_depth': 19, 'min_samples_split': 5, 'min_samples_leaf': 10}. Best is trial 0 with value: 0.9888888888888889.
[I 2025-05-15 07:31:02,669] Trial 25 finished with value: 0.9888888888888889 and parameters: {'n_estimators': 179, 'max_depth': 13, 'min_samples_split': 3, 'min_samples_leaf': 9}. Best is trial 0 with value: 0.9888888888888889.
[I 2025-05-15 07:31:03,030] Trial 26 finished with value: 0.9888888888888889 and parameters: {'n_estimators': 123, 'max_depth': 3, 'min_samples_split': 7, 'min_samples_leaf': 8}. Best is trial 0 with value: 0.9888888888888889.
[I 2025-05-15 07:31:03,586] Trial 27 finished with value: 0.9777777777777779 and parameters: {'n_estimators': 224, 'max_depth': 16, 'min_samples_split': 2, 'min_samples_leaf': 6}. Best is trial 0 with value: 0.9888888888888889.
[I 2025-05-15 07:31:03,999] Trial 28 finished with value: 0.9888888888888889 and parameters: {'n_estimators': 140, 'max_depth': 10, 'min_samples_split': 8, 'min_samples_leaf': 7}. Best is trial 0 with value: 0.9888888888888889.
[I 2025-05-15 07:31:04,722] Trial 29 finished with value: 0.9888888888888889 and parameters: {'n_estimators': 283, 'max_depth': 18, 'min_samples_split': 9, 'min_samples_leaf': 4}. Best is trial 0 with value: 0.9888888888888889.
[I 2025-05-15 07:31:14,100] A new study created in memory with name: svc
Parámetros guardados en checkpoint_adult_Doriginal_G/k-means/IPC_43/best_models_k-means_seed_5_space_original/rf_best_params.json


>>> Optuna tuning svc metodo k-means IPC 43 seed 5


[I 2025-05-15 07:31:17,355] Trial 0 finished with value: 0.5444444444444445 and parameters: {'C': 0.07726319876517104, 'gamma': 0.3040389504793042}. Best is trial 0 with value: 0.5444444444444445.
[I 2025-05-15 07:31:17,454] Trial 1 finished with value: 0.5222222222222223 and parameters: {'C': 0.06712381339142241, 'gamma': 0.47254549996710477}. Best is trial 0 with value: 0.5444444444444445.
[I 2025-05-15 07:31:17,488] Trial 2 finished with value: 0.7430555555555555 and parameters: {'C': 0.8987621100554035, 'gamma': 0.027988231123708972}. Best is trial 2 with value: 0.7430555555555555.
[I 2025-05-15 07:31:17,524] Trial 3 finished with value: 0.7652777777777777 and parameters: {'C': 11.5779435007655, 'gamma': 0.011848734045499056}. Best is trial 3 with value: 0.7652777777777777.
[I 2025-05-15 07:31:17,563] Trial 4 finished with value: 0.5222222222222223 and parameters: {'C': 0.1538870258903583, 'gamma': 0.0005634883151169033}. Best is trial 3 with value: 0.7652777777777777.
[I 2025-05-15 07:31:17,599] Trial 5 finished with value: 0.5444444444444445 and parameters: {'C': 0.021036092656561454, 'gamma': 0.08990030906808326}. Best is trial 3 with value: 0.7652777777777777.
[I 2025-05-15 07:31:17,622] Trial 6 finished with value: 0.5222222222222223 and parameters: {'C': 0.5824208201678516, 'gamma': 0.00042977333932534993}. Best is trial 3 with value: 0.7652777777777777.
[I 2025-05-15 07:31:17,652] Trial 7 finished with value: 0.7777777777777779 and parameters: {'C': 33.09391330085814, 'gamma': 0.001248377256719358}. Best is trial 7 with value: 0.7777777777777779.
[I 2025-05-15 07:31:17,699] Trial 8 finished with value: 0.5111111111111111 and parameters: {'C': 0.45387898639622015, 'gamma': 0.0015286910781809498}. Best is trial 7 with value: 0.7777777777777779.
[I 2025-05-15 07:31:17,736] Trial 9 finished with value: 0.7680555555555555 and parameters: {'C': 3.274550070431994, 'gamma': 0.02086177421469992}. Best is trial 7 with value: 0.7777777777777779.
[I 2025-05-15 07:31:17,788] Trial 10 finished with value: 0.7430555555555556 and parameters: {'C': 92.21380870365533, 'gamma': 0.00011081406546803206}. Best is trial 7 with value: 0.7777777777777779.
[I 2025-05-15 07:31:17,823] Trial 11 finished with value: 0.7569444444444444 and parameters: {'C': 6.48642555359081, 'gamma': 0.0033750488418584773}. Best is trial 7 with value: 0.7777777777777779.
[I 2025-05-15 07:31:18,945] Trial 12 finished with value: 0.7791666666666666 and parameters: {'C': 11.20873739497039, 'gamma': 0.00517934323895024}. Best is trial 12 with value: 0.7791666666666666.
[I 2025-05-15 07:31:18,976] Trial 13 finished with value: 0.7777777777777778 and parameters: {'C': 54.392341322433424, 'gamma': 0.0036987283677059725}. Best is trial 12 with value: 0.7791666666666666.
[I 2025-05-15 07:31:19,011] Trial 14 finished with value: 0.7555555555555555 and parameters: {'C': 16.559472586512424, 'gamma': 0.0011570691450292338}. Best is trial 12 with value: 0.7791666666666666.
