[I 2025-05-15 07:37:34,701] Trial 11 finished with value: 0.9166666666666666 and parameters: {'n_estimators': 40, 'max_depth': 5, 'gamma': 0.10320183957643626, 'subsample': 0.5083591729011359, 'colsample_bytree': 0.5367783702744849}. Best is trial 5 with value: 0.9166666666666666.
/data/home/rtabares/anaconda3/envs/pyth3.12/lib/python3.12/site-packages/xgboost/core.py:377: FutureWarning: Your system has an old version of glibc (< 2.28). We will stop supporting Linux distros with glibc older than 2.28 after **May 31, 2025**. Please upgrade to a recent Linux distro (with glibc >= 2.28) to use future versions of XGBoost.
Note: You have installed the 'manylinux2014' variant of XGBoost. Certain features such as GPU algorithms or federated learning are not available. To use these features, please upgrade to a recent Linux distro with glibc 2.28+, and install the 'manylinux_2_28' variant.
  warnings.warn(
/data/home/rtabares/anaconda3/envs/pyth3.12/lib/python3.12/site-packages/xgboost/core.py:377: FutureWarning: Your system has an old version of glibc (< 2.28). We will stop supporting Linux distros with glibc older than 2.28 after **May 31, 2025**. Please upgrade to a recent Linux distro (with glibc >= 2.28) to use future versions of XGBoost.
Note: You have installed the 'manylinux2014' variant of XGBoost. Certain features such as GPU algorithms or federated learning are not available. To use these features, please upgrade to a recent Linux distro with glibc 2.28+, and install the 'manylinux_2_28' variant.
  warnings.warn(
[I 2025-05-15 07:37:35,428] Trial 12 finished with value: 0.8 and parameters: {'n_estimators': 40, 'max_depth': 5, 'gamma': 0.3273879186161104, 'subsample': 0.6388721583525279, 'colsample_bytree': 0.9715083346653923}. Best is trial 5 with value: 0.9166666666666666.
[I 2025-05-15 07:37:35,477] Trial 13 finished with value: 0.9166666666666666 and parameters: {'n_estimators': 40, 'max_depth': 5, 'gamma': 0.11701644856579113, 'subsample': 0.5146749793878775, 'colsample_bytree': 0.5538859681272363}. Best is trial 5 with value: 0.9166666666666666.
/data/home/rtabares/anaconda3/envs/pyth3.12/lib/python3.12/site-packages/xgboost/core.py:377: FutureWarning: Your system has an old version of glibc (< 2.28). We will stop supporting Linux distros with glibc older than 2.28 after **May 31, 2025**. Please upgrade to a recent Linux distro (with glibc >= 2.28) to use future versions of XGBoost.
Note: You have installed the 'manylinux2014' variant of XGBoost. Certain features such as GPU algorithms or federated learning are not available. To use these features, please upgrade to a recent Linux distro with glibc 2.28+, and install the 'manylinux_2_28' variant.
  warnings.warn(
[I 2025-05-15 07:37:36,232] Trial 14 finished with value: 0.8666666666666666 and parameters: {'n_estimators': 40, 'max_depth': 5, 'gamma': 0.3351931893847545, 'subsample': 0.6180115760776673, 'colsample_bytree': 0.5013541727082262}. Best is trial 5 with value: 0.9166666666666666.
/data/home/rtabares/anaconda3/envs/pyth3.12/lib/python3.12/site-packages/xgboost/core.py:377: FutureWarning: Your system has an old version of glibc (< 2.28). We will stop supporting Linux distros with glibc older than 2.28 after **May 31, 2025**. Please upgrade to a recent Linux distro (with glibc >= 2.28) to use future versions of XGBoost.
Note: You have installed the 'manylinux2014' variant of XGBoost. Certain features such as GPU algorithms or federated learning are not available. To use these features, please upgrade to a recent Linux distro with glibc 2.28+, and install the 'manylinux_2_28' variant.
  warnings.warn(
[I 2025-05-15 07:37:37,118] Trial 15 finished with value: 0.9166666666666666 and parameters: {'n_estimators': 40, 'max_depth': 20, 'gamma': 0.2298167850595741, 'subsample': 0.6801252019512238, 'colsample_bytree': 0.6130029833726239}. Best is trial 5 with value: 0.9166666666666666.
[I 2025-05-15 07:37:37,165] Trial 16 finished with value: 0.9166666666666666 and parameters: {'n_estimators': 100, 'max_depth': 5, 'gamma': 0.4616351915039345, 'subsample': 0.5711850033174981, 'colsample_bytree': 0.7741954202356167}. Best is trial 5 with value: 0.9166666666666666.
[I 2025-05-15 07:37:37,205] Trial 17 finished with value: 0.9166666666666666 and parameters: {'n_estimators': 40, 'max_depth': 5, 'gamma': 0.25576311910058147, 'subsample': 0.5729315819025618, 'colsample_bytree': 0.6239963720299045}. Best is trial 5 with value: 0.9166666666666666.
/data/home/rtabares/anaconda3/envs/pyth3.12/lib/python3.12/site-packages/xgboost/core.py:377: FutureWarning: Your system has an old version of glibc (< 2.28). We will stop supporting Linux distros with glibc older than 2.28 after **May 31, 2025**. Please upgrade to a recent Linux distro (with glibc >= 2.28) to use future versions of XGBoost.
Note: You have installed the 'manylinux2014' variant of XGBoost. Certain features such as GPU algorithms or federated learning are not available. To use these features, please upgrade to a recent Linux distro with glibc 2.28+, and install the 'manylinux_2_28' variant.
  warnings.warn(
[I 2025-05-15 07:37:39,016] Trial 18 finished with value: 0.8333333333333333 and parameters: {'n_estimators': 40, 'max_depth': 20, 'gamma': 0.42136136473785685, 'subsample': 0.5047630791493846, 'colsample_bytree': 0.8268250237333261}. Best is trial 5 with value: 0.9166666666666666.
[I 2025-05-15 07:37:39,106] Trial 19 finished with value: 0.8833333333333332 and parameters: {'n_estimators': 100, 'max_depth': 5, 'gamma': 0.581452269020325, 'subsample': 0.6342385505944843, 'colsample_bytree': 0.6783050903330117}. Best is trial 5 with value: 0.9166666666666666.
[I 2025-05-15 07:37:39,193] Trial 20 finished with value: 0.8 and parameters: {'n_estimators': 40, 'max_depth': 20, 'gamma': 0.19575463104456936, 'subsample': 0.6922586780996044, 'colsample_bytree': 0.9933865983974712}. Best is trial 5 with value: 0.9166666666666666.
[I 2025-05-15 07:37:39,256] Trial 21 finished with value: 1.0 and parameters: {'n_estimators': 40, 'max_depth': 5, 'gamma': 0.10884944353746728, 'subsample': 0.5375647963954375, 'colsample_bytree': 0.5055493588942631}. Best is trial 21 with value: 1.0.
[I 2025-05-15 07:37:39,330] Trial 22 finished with value: 0.9166666666666666 and parameters: {'n_estimators': 40, 'max_depth': 5, 'gamma': 0.16850420686695064, 'subsample': 0.5568722616866852, 'colsample_bytree': 0.5028547723759751}. Best is trial 21 with value: 1.0.
[I 2025-05-15 07:37:39,398] Trial 23 finished with value: 0.8666666666666666 and parameters: {'n_estimators': 40, 'max_depth': 5, 'gamma': 0.34433142874156997, 'subsample': 0.6056209593295799, 'colsample_bytree': 0.5915686839761691}. Best is trial 21 with value: 1.0.
[I 2025-05-15 07:37:39,479] Trial 24 finished with value: 0.9166666666666666 and parameters: {'n_estimators': 40, 'max_depth': 5, 'gamma': 0.10528026556830898, 'subsample': 0.5406922248777182, 'colsample_bytree': 0.6538955237795787}. Best is trial 21 with value: 1.0.
[I 2025-05-15 07:37:39,525] Trial 25 finished with value: 0.9166666666666666 and parameters: {'n_estimators': 40, 'max_depth': 5, 'gamma': 0.2995530426164247, 'subsample': 0.594503693803771, 'colsample_bytree': 0.579108827502443}. Best is trial 21 with value: 1.0.
[I 2025-05-15 07:37:39,571] Trial 26 finished with value: 0.9166666666666666 and parameters: {'n_estimators': 40, 'max_depth': 20, 'gamma': 0.40795005297729353, 'subsample': 0.6602430229725551, 'colsample_bytree': 0.5302827672726556}. Best is trial 21 with value: 1.0.
[I 2025-05-15 07:37:39,606] Trial 27 finished with value: 0.8833333333333332 and parameters: {'n_estimators': 40, 'max_depth': 5, 'gamma': 0.17226674818302729, 'subsample': 0.7229143023904495, 'colsample_bytree': 0.7390078060437235}. Best is trial 21 with value: 1.0.
[I 2025-05-15 07:37:39,673] Trial 28 finished with value: 0.8666666666666666 and parameters: {'n_estimators': 100, 'max_depth': 5, 'gamma': 0.5001074294015009, 'subsample': 0.5452355481185972, 'colsample_bytree': 0.5882485782548165}. Best is trial 21 with value: 1.0.
[I 2025-05-15 07:37:39,709] Trial 29 finished with value: 0.8833333333333332 and parameters: {'n_estimators': 10, 'max_depth': 20, 'gamma': 0.17241909192648297, 'subsample': 0.7198154761090511, 'colsample_bytree': 0.6754176065504159}. Best is trial 21 with value: 1.0.
[I 2025-05-15 07:37:54,115] A new study created in memory with name: rf
Parámetros guardados en checkpoint_shoppers_Doriginal_F/lc/IPC_11/best_models_lc_seed_6_space_original/xgb_best_params.json


>>> Optuna tuning rf metodo lc IPC 11 seed 6


[I 2025-05-15 07:37:56,666] Trial 0 finished with value: 0.9 and parameters: {'n_estimators': 458, 'max_depth': 8, 'min_samples_split': 9, 'min_samples_leaf': 1}. Best is trial 0 with value: 0.9.
[I 2025-05-15 07:37:57,224] Trial 1 finished with value: 0.9 and parameters: {'n_estimators': 143, 'max_depth': 13, 'min_samples_split': 6, 'min_samples_leaf': 5}. Best is trial 0 with value: 0.9.
[I 2025-05-15 07:37:57,885] Trial 2 finished with value: 0.5 and parameters: {'n_estimators': 234, 'max_depth': 14, 'min_samples_split': 5, 'min_samples_leaf': 8}. Best is trial 0 with value: 0.9.
[I 2025-05-15 07:37:59,770] Trial 3 finished with value: 0.5 and parameters: {'n_estimators': 307, 'max_depth': 13, 'min_samples_split': 7, 'min_samples_leaf': 10}. Best is trial 0 with value: 0.9.
[I 2025-05-15 07:38:01,294] Trial 4 finished with value: 0.5 and parameters: {'n_estimators': 428, 'max_depth': 10, 'min_samples_split': 9, 'min_samples_leaf': 9}. Best is trial 0 with value: 0.9.
[I 2025-05-15 07:38:01,532] Trial 5 finished with value: 0.5 and parameters: {'n_estimators': 121, 'max_depth': 15, 'min_samples_split': 9, 'min_samples_leaf': 8}. Best is trial 0 with value: 0.9.
[I 2025-05-15 07:38:02,071] Trial 6 finished with value: 0.5 and parameters: {'n_estimators': 384, 'max_depth': 12, 'min_samples_split': 3, 'min_samples_leaf': 10}. Best is trial 0 with value: 0.9.
[I 2025-05-15 07:38:02,466] Trial 7 finished with value: 0.5 and parameters: {'n_estimators': 261, 'max_depth': 6, 'min_samples_split': 8, 'min_samples_leaf': 10}. Best is trial 0 with value: 0.9.
[I 2025-05-15 07:38:02,825] Trial 8 finished with value: 0.5 and parameters: {'n_estimators': 202, 'max_depth': 15, 'min_samples_split': 7, 'min_samples_leaf': 8}. Best is trial 0 with value: 0.9.
[I 2025-05-15 07:38:03,406] Trial 9 finished with value: 0.9 and parameters: {'n_estimators': 475, 'max_depth': 9, 'min_samples_split': 4, 'min_samples_leaf': 5}. Best is trial 0 with value: 0.9.
[I 2025-05-15 07:38:03,905] Trial 10 finished with value: 0.9 and parameters: {'n_estimators': 352, 'max_depth': 20, 'min_samples_split': 10, 'min_samples_leaf': 1}. Best is trial 0 with value: 0.9.
[I 2025-05-15 07:38:04,772] Trial 11 finished with value: 0.9 and parameters: {'n_estimators': 110, 'max_depth': 4, 'min_samples_split': 6, 'min_samples_leaf': 1}. Best is trial 0 with value: 0.9.
[I 2025-05-15 07:38:05,978] Trial 12 finished with value: 0.9 and parameters: {'n_estimators': 489, 'max_depth': 7, 'min_samples_split': 2, 'min_samples_leaf': 4}. Best is trial 0 with value: 0.9.
[I 2025-05-15 07:38:07,138] Trial 13 finished with value: 0.9 and parameters: {'n_estimators': 201, 'max_depth': 18, 'min_samples_split': 5, 'min_samples_leaf': 3}. Best is trial 0 with value: 0.9.
[I 2025-05-15 07:38:08,059] Trial 14 finished with value: 0.9666666666666666 and parameters: {'n_estimators': 157, 'max_depth': 9, 'min_samples_split': 7, 'min_samples_leaf': 6}. Best is trial 14 with value: 0.9666666666666666.
[I 2025-05-15 07:38:08,526] Trial 15 finished with value: 0.9 and parameters: {'n_estimators': 308, 'max_depth': 3, 'min_samples_split': 10, 'min_samples_leaf': 6}. Best is trial 14 with value: 0.9666666666666666.
[I 2025-05-15 07:38:09,129] Trial 16 finished with value: 0.9 and parameters: {'n_estimators': 414, 'max_depth': 8, 'min_samples_split': 8, 'min_samples_leaf': 3}. Best is trial 14 with value: 0.9666666666666666.
[I 2025-05-15 07:38:09,407] Trial 17 finished with value: 0.75 and parameters: {'n_estimators': 172, 'max_depth': 5, 'min_samples_split': 8, 'min_samples_leaf': 7}. Best is trial 14 with value: 0.9666666666666666.
[I 2025-05-15 07:38:09,876] Trial 18 finished with value: 0.9 and parameters: {'n_estimators': 352, 'max_depth': 10, 'min_samples_split': 7, 'min_samples_leaf': 2}. Best is trial 14 with value: 0.9666666666666666.
[I 2025-05-15 07:38:10,411] Trial 19 finished with value: 0.9 and parameters: {'n_estimators': 279, 'max_depth': 11, 'min_samples_split': 9, 'min_samples_leaf': 6}. Best is trial 14 with value: 0.9666666666666666.
[I 2025-05-15 07:38:11,133] Trial 20 finished with value: 0.9 and parameters: {'n_estimators': 443, 'max_depth': 7, 'min_samples_split': 10, 'min_samples_leaf': 4}. Best is trial 14 with value: 0.9666666666666666.
[I 2025-05-15 07:38:11,420] Trial 21 finished with value: 0.9 and parameters: {'n_estimators': 143, 'max_depth': 17, 'min_samples_split': 6, 'min_samples_leaf': 5}. Best is trial 14 with value: 0.9666666666666666.
[I 2025-05-15 07:38:11,724] Trial 22 finished with value: 0.7166666666666666 and parameters: {'n_estimators': 162, 'max_depth': 9, 'min_samples_split': 5, 'min_samples_leaf': 7}. Best is trial 14 with value: 0.9666666666666666.
[I 2025-05-15 07:38:12,057] Trial 23 finished with value: 0.9 and parameters: {'n_estimators': 201, 'max_depth': 12, 'min_samples_split': 7, 'min_samples_leaf': 4}. Best is trial 14 with value: 0.9666666666666666.
[I 2025-05-15 07:38:12,410] Trial 24 finished with value: 0.9 and parameters: {'n_estimators': 235, 'max_depth': 11, 'min_samples_split': 6, 'min_samples_leaf': 2}. Best is trial 14 with value: 0.9666666666666666.
[I 2025-05-15 07:38:12,677] Trial 25 finished with value: 0.65 and parameters: {'n_estimators': 146, 'max_depth': 8, 'min_samples_split': 4, 'min_samples_leaf': 7}. Best is trial 14 with value: 0.9666666666666666.
[I 2025-05-15 07:38:12,844] Trial 26 finished with value: 0.9 and parameters: {'n_estimators': 101, 'max_depth': 13, 'min_samples_split': 8, 'min_samples_leaf': 5}. Best is trial 14 with value: 0.9666666666666666.
[I 2025-05-15 07:38:13,125] Trial 27 finished with value: 0.9 and parameters: {'n_estimators': 180, 'max_depth': 6, 'min_samples_split': 9, 'min_samples_leaf': 3}. Best is trial 14 with value: 0.9666666666666666.
[I 2025-05-15 07:38:13,537] Trial 28 finished with value: 0.9 and parameters: {'n_estimators': 238, 'max_depth': 16, 'min_samples_split': 7, 'min_samples_leaf': 6}. Best is trial 14 with value: 0.9666666666666666.
[I 2025-05-15 07:38:14,126] Trial 29 finished with value: 0.9 and parameters: {'n_estimators': 354, 'max_depth': 14, 'min_samples_split': 5, 'min_samples_leaf': 2}. Best is trial 14 with value: 0.9666666666666666.
[I 2025-05-15 07:38:19,355] A new study created in memory with name: svc
Parámetros guardados en checkpoint_shoppers_Doriginal_F/lc/IPC_11/best_models_lc_seed_6_space_original/rf_best_params.json


>>> Optuna tuning svc metodo lc IPC 11 seed 6


[I 2025-05-15 07:38:21,476] Trial 0 finished with value: 1.0 and parameters: {'C': 37.27697013499731, 'gamma': 0.0021277432488243223}. Best is trial 0 with value: 1.0.
[I 2025-05-15 07:38:21,568] Trial 1 finished with value: 1.0 and parameters: {'C': 19.271543171162776, 'gamma': 0.00014682043379470554}. Best is trial 0 with value: 1.0.
[I 2025-05-15 07:38:21,585] Trial 2 finished with value: 0.8 and parameters: {'C': 0.0269542169583157, 'gamma': 0.023999835049635022}. Best is trial 0 with value: 1.0.
[I 2025-05-15 07:38:21,599] Trial 3 finished with value: 1.0 and parameters: {'C': 1.3160410886450586, 'gamma': 0.0047340159215720195}. Best is trial 0 with value: 1.0.
[I 2025-05-15 07:38:21,613] Trial 4 finished with value: 1.0 and parameters: {'C': 0.21959952535674737, 'gamma': 0.030908485742507576}. Best is trial 0 with value: 1.0.
[I 2025-05-15 07:38:21,627] Trial 5 finished with value: 1.0 and parameters: {'C': 0.5656733313644114, 'gamma': 0.08780685564625502}. Best is trial 0 with value: 1.0.
[I 2025-05-15 07:38:21,641] Trial 6 finished with value: 1.0 and parameters: {'C': 1.1807165425157664, 'gamma': 0.020674470756231633}. Best is trial 0 with value: 1.0.
[I 2025-05-15 07:38:21,656] Trial 7 finished with value: 0.6 and parameters: {'C': 3.8143486186647126, 'gamma': 0.9138966502602072}. Best is trial 0 with value: 1.0.
[I 2025-05-15 07:38:21,671] Trial 8 finished with value: 1.0 and parameters: {'C': 19.029737066374768, 'gamma': 0.004495766421289856}. Best is trial 0 with value: 1.0.
[I 2025-05-15 07:38:21,686] Trial 9 finished with value: 0.9166666666666666 and parameters: {'C': 31.994153257994277, 'gamma': 0.19725941020937518}. Best is trial 0 with value: 1.0.
[I 2025-05-15 07:38:21,711] Trial 10 finished with value: 1.0 and parameters: {'C': 96.80643961619926, 'gamma': 0.0004009308447180715}. Best is trial 0 with value: 1.0.
[I 2025-05-15 07:38:22,563] Trial 11 finished with value: 0.95 and parameters: {'C': 9.898660470720786, 'gamma': 0.0001153462343485392}. Best is trial 0 with value: 1.0.
[I 2025-05-15 07:38:23,426] Trial 12 finished with value: 1.0 and parameters: {'C': 73.14040788468016, 'gamma': 0.0009407708153906166}. Best is trial 0 with value: 1.0.
[I 2025-05-15 07:38:23,462] Trial 13 finished with value: 1.0 and parameters: {'C': 5.512710744479732, 'gamma': 0.001180682681522933}. Best is trial 0 with value: 1.0.
[I 2025-05-15 07:38:23,494] Trial 14 finished with value: 1.0 and parameters: {'C': 28.199473611006507, 'gamma': 0.0001627497083645068}. Best is trial 0 with value: 1.0.
[I 2025-05-15 07:38:23,514] Trial 15 finished with value: 0.8 and parameters: {'C': 0.07931370583208394, 'gamma': 0.0016040382498256926}. Best is trial 0 with value: 1.0.
[I 2025-05-15 07:38:23,540] Trial 16 finished with value: 0.9666666666666666 and parameters: {'C': 3.2002685643795457, 'gamma': 0.00026916037042853746}. Best is trial 0 with value: 1.0.
[I 2025-05-15 07:38:23,582] Trial 17 finished with value: 1.0 and parameters: {'C': 11.717534676958865, 'gamma': 0.0005432616739628471}. Best is trial 0 with value: 1.0.
[I 2025-05-15 07:38:23,611] Trial 18 finished with value: 1.0 and parameters: {'C': 51.25545049160052, 'gamma': 0.00302408975933763}. Best is trial 0 with value: 1.0.
[I 2025-05-15 07:38:23,631] Trial 19 finished with value: 0.8 and parameters: {'C': 0.013103877820334748, 'gamma': 0.008634905436771848}. Best is trial 0 with value: 1.0.
[I 2025-05-15 07:38:23,650] Trial 20 finished with value: 1.0 and parameters: {'C': 9.226965992255698, 'gamma': 0.00010742557762883696}. Best is trial 0 with value: 1.0.
[I 2025-05-15 07:38:23,681] Trial 21 finished with value: 1.0 and parameters: {'C': 0.7200868415001761, 'gamma': 0.0036752636157262766}. Best is trial 0 with value: 1.0.
[I 2025-05-15 07:38:23,712] Trial 22 finished with value: 1.0 and parameters: {'C': 2.0849828182063597, 'gamma': 0.012412967307721774}. Best is trial 0 with value: 1.0.
[I 2025-05-15 07:38:23,744] Trial 23 finished with value: 0.8 and parameters: {'C': 0.27865449269606624, 'gamma': 0.002389187686203978}. Best is trial 0 with value: 1.0.
[I 2025-05-15 07:38:24,719] Trial 24 finished with value: 1.0 and parameters: {'C': 1.6261391526733833, 'gamma': 0.0008091730443004721}. Best is trial 0 with value: 1.0.
[I 2025-05-15 07:38:24,749] Trial 25 finished with value: 1.0 and parameters: {'C': 20.187846419989953, 'gamma': 0.0061842648743158715}. Best is trial 0 with value: 1.0.
[I 2025-05-15 07:38:24,786] Trial 26 finished with value: 1.0 and parameters: {'C': 47.046941530302284, 'gamma': 0.05512259597335827}. Best is trial 0 with value: 1.0.
[I 2025-05-15 07:38:24,812] Trial 27 finished with value: 1.0 and parameters: {'C': 7.5765850284354155, 'gamma': 0.00022964528704496145}. Best is trial 0 with value: 1.0.
[I 2025-05-15 07:38:24,856] Trial 28 finished with value: 0.8 and parameters: {'C': 0.20399496895248884, 'gamma': 0.00175976240204359}. Best is trial 0 with value: 1.0.
[I 2025-05-15 07:38:24,896] Trial 29 finished with value: 0.8 and parameters: {'C': 0.09420002214974257, 'gamma': 0.013556907843991656}. Best is trial 0 with value: 1.0.
[I 2025-05-15 07:38:32,519] A new study created in memory with name: logreg
Parámetros guardados en checkpoint_shoppers_Doriginal_F/lc/IPC_11/best_models_lc_seed_6_space_original/svc_best_params.json


>>> Optuna tuning logreg metodo lc IPC 11 seed 6


[I 2025-05-15 07:38:33,643] Trial 0 finished with value: 1.0 and parameters: {'C': 29.127335430981816, 'penalty': 'l2'}. Best is trial 0 with value: 1.0.
[I 2025-05-15 07:38:33,665] Trial 1 finished with value: 1.0 and parameters: {'C': 0.045698192893558344, 'penalty': 'l2'}. Best is trial 0 with value: 1.0.
[I 2025-05-15 07:38:33,697] Trial 2 finished with value: 1.0 and parameters: {'C': 12.768668597712947, 'penalty': 'l2'}. Best is trial 0 with value: 1.0.
[I 2025-05-15 07:38:33,720] Trial 3 finished with value: 1.0 and parameters: {'C': 0.0016161554408462638, 'penalty': 'l2'}. Best is trial 0 with value: 1.0.
[I 2025-05-15 07:38:33,743] Trial 4 finished with value: 1.0 and parameters: {'C': 0.0034536903703241734, 'penalty': 'l2'}. Best is trial 0 with value: 1.0.
[I 2025-05-15 07:38:33,769] Trial 5 finished with value: 1.0 and parameters: {'C': 0.9446269266990148, 'penalty': 'l2'}. Best is trial 0 with value: 1.0.
[I 2025-05-15 07:38:33,792] Trial 6 finished with value: 1.0 and parameters: {'C': 0.4457453393648168, 'penalty': 'l2'}. Best is trial 0 with value: 1.0.
[I 2025-05-15 07:38:33,812] Trial 7 finished with value: 1.0 and parameters: {'C': 0.12417585037258261, 'penalty': 'l2'}. Best is trial 0 with value: 1.0.
[I 2025-05-15 07:38:33,843] Trial 8 finished with value: 1.0 and parameters: {'C': 0.04753781830244093, 'penalty': 'l2'}. Best is trial 0 with value: 1.0.
[I 2025-05-15 07:38:33,868] Trial 9 finished with value: 1.0 and parameters: {'C': 1.2959766028194148, 'penalty': 'l2'}. Best is trial 0 with value: 1.0.
