[I 2025-05-15 07:47:26,732] Trial 5 finished with value: 0.5333333333333333 and parameters: {'n_estimators': 100, 'max_depth': 20, 'gamma': 0.48380821541644814, 'subsample': 0.8171899343169193, 'colsample_bytree': 0.7614531005141727}. Best is trial 3 with value: 0.6333333333333333.
/data/home/rtabares/anaconda3/envs/pyth3.12/lib/python3.12/site-packages/xgboost/core.py:377: FutureWarning: Your system has an old version of glibc (< 2.28). We will stop supporting Linux distros with glibc older than 2.28 after **May 31, 2025**. Please upgrade to a recent Linux distro (with glibc >= 2.28) to use future versions of XGBoost.
Note: You have installed the 'manylinux2014' variant of XGBoost. Certain features such as GPU algorithms or federated learning are not available. To use these features, please upgrade to a recent Linux distro with glibc 2.28+, and install the 'manylinux_2_28' variant.
  warnings.warn(
/data/home/rtabares/anaconda3/envs/pyth3.12/lib/python3.12/site-packages/xgboost/core.py:377: FutureWarning: Your system has an old version of glibc (< 2.28). We will stop supporting Linux distros with glibc older than 2.28 after **May 31, 2025**. Please upgrade to a recent Linux distro (with glibc >= 2.28) to use future versions of XGBoost.
Note: You have installed the 'manylinux2014' variant of XGBoost. Certain features such as GPU algorithms or federated learning are not available. To use these features, please upgrade to a recent Linux distro with glibc 2.28+, and install the 'manylinux_2_28' variant.
  warnings.warn(
/data/home/rtabares/anaconda3/envs/pyth3.12/lib/python3.12/site-packages/xgboost/core.py:377: FutureWarning: Your system has an old version of glibc (< 2.28). We will stop supporting Linux distros with glibc older than 2.28 after **May 31, 2025**. Please upgrade to a recent Linux distro (with glibc >= 2.28) to use future versions of XGBoost.
Note: You have installed the 'manylinux2014' variant of XGBoost. Certain features such as GPU algorithms or federated learning are not available. To use these features, please upgrade to a recent Linux distro with glibc 2.28+, and install the 'manylinux_2_28' variant.
  warnings.warn(
/data/home/rtabares/anaconda3/envs/pyth3.12/lib/python3.12/site-packages/xgboost/core.py:377: FutureWarning: Your system has an old version of glibc (< 2.28). We will stop supporting Linux distros with glibc older than 2.28 after **May 31, 2025**. Please upgrade to a recent Linux distro (with glibc >= 2.28) to use future versions of XGBoost.
Note: You have installed the 'manylinux2014' variant of XGBoost. Certain features such as GPU algorithms or federated learning are not available. To use these features, please upgrade to a recent Linux distro with glibc 2.28+, and install the 'manylinux_2_28' variant.
  warnings.warn(
[I 2025-05-15 07:47:26,848] Trial 6 finished with value: 0.65 and parameters: {'n_estimators': 10, 'max_depth': 5, 'gamma': 0.9599214907026333, 'subsample': 0.8414569271877088, 'colsample_bytree': 0.5265643453364788}. Best is trial 6 with value: 0.65.
/data/home/rtabares/anaconda3/envs/pyth3.12/lib/python3.12/site-packages/xgboost/core.py:377: FutureWarning: Your system has an old version of glibc (< 2.28). We will stop supporting Linux distros with glibc older than 2.28 after **May 31, 2025**. Please upgrade to a recent Linux distro (with glibc >= 2.28) to use future versions of XGBoost.
Note: You have installed the 'manylinux2014' variant of XGBoost. Certain features such as GPU algorithms or federated learning are not available. To use these features, please upgrade to a recent Linux distro with glibc 2.28+, and install the 'manylinux_2_28' variant.
  warnings.warn(
/data/home/rtabares/anaconda3/envs/pyth3.12/lib/python3.12/site-packages/xgboost/core.py:377: FutureWarning: Your system has an old version of glibc (< 2.28). We will stop supporting Linux distros with glibc older than 2.28 after **May 31, 2025**. Please upgrade to a recent Linux distro (with glibc >= 2.28) to use future versions of XGBoost.
Note: You have installed the 'manylinux2014' variant of XGBoost. Certain features such as GPU algorithms or federated learning are not available. To use these features, please upgrade to a recent Linux distro with glibc 2.28+, and install the 'manylinux_2_28' variant.
  warnings.warn(
/data/home/rtabares/anaconda3/envs/pyth3.12/lib/python3.12/site-packages/xgboost/core.py:377: FutureWarning: Your system has an old version of glibc (< 2.28). We will stop supporting Linux distros with glibc older than 2.28 after **May 31, 2025**. Please upgrade to a recent Linux distro (with glibc >= 2.28) to use future versions of XGBoost.
Note: You have installed the 'manylinux2014' variant of XGBoost. Certain features such as GPU algorithms or federated learning are not available. To use these features, please upgrade to a recent Linux distro with glibc 2.28+, and install the 'manylinux_2_28' variant.
  warnings.warn(
[I 2025-05-15 07:47:26,951] Trial 7 finished with value: 0.6166666666666666 and parameters: {'n_estimators': 40, 'max_depth': 5, 'gamma': 0.5250915966595621, 'subsample': 0.9207383574491986, 'colsample_bytree': 0.565555321173957}. Best is trial 6 with value: 0.65.
[I 2025-05-15 07:47:26,985] Trial 8 finished with value: 0.5333333333333333 and parameters: {'n_estimators': 100, 'max_depth': 5, 'gamma': 0.3919835527051987, 'subsample': 0.6502094521590198, 'colsample_bytree': 0.5827507002328938}. Best is trial 6 with value: 0.65.
/data/home/rtabares/anaconda3/envs/pyth3.12/lib/python3.12/site-packages/xgboost/core.py:377: FutureWarning: Your system has an old version of glibc (< 2.28). We will stop supporting Linux distros with glibc older than 2.28 after **May 31, 2025**. Please upgrade to a recent Linux distro (with glibc >= 2.28) to use future versions of XGBoost.
Note: You have installed the 'manylinux2014' variant of XGBoost. Certain features such as GPU algorithms or federated learning are not available. To use these features, please upgrade to a recent Linux distro with glibc 2.28+, and install the 'manylinux_2_28' variant.
  warnings.warn(
/data/home/rtabares/anaconda3/envs/pyth3.12/lib/python3.12/site-packages/xgboost/core.py:377: FutureWarning: Your system has an old version of glibc (< 2.28). We will stop supporting Linux distros with glibc older than 2.28 after **May 31, 2025**. Please upgrade to a recent Linux distro (with glibc >= 2.28) to use future versions of XGBoost.
Note: You have installed the 'manylinux2014' variant of XGBoost. Certain features such as GPU algorithms or federated learning are not available. To use these features, please upgrade to a recent Linux distro with glibc 2.28+, and install the 'manylinux_2_28' variant.
  warnings.warn(
[I 2025-05-15 07:47:27,132] Trial 9 finished with value: 0.5333333333333333 and parameters: {'n_estimators': 100, 'max_depth': 5, 'gamma': 0.8003922413895069, 'subsample': 0.9436444759263674, 'colsample_bytree': 0.8374593849333938}. Best is trial 6 with value: 0.65.
/data/home/rtabares/anaconda3/envs/pyth3.12/lib/python3.12/site-packages/xgboost/core.py:377: FutureWarning: Your system has an old version of glibc (< 2.28). We will stop supporting Linux distros with glibc older than 2.28 after **May 31, 2025**. Please upgrade to a recent Linux distro (with glibc >= 2.28) to use future versions of XGBoost.
Note: You have installed the 'manylinux2014' variant of XGBoost. Certain features such as GPU algorithms or federated learning are not available. To use these features, please upgrade to a recent Linux distro with glibc 2.28+, and install the 'manylinux_2_28' variant.
  warnings.warn(
[I 2025-05-15 07:47:27,254] Trial 10 finished with value: 0.5 and parameters: {'n_estimators': 10, 'max_depth': 30, 'gamma': 0.13445536345660636, 'subsample': 0.8170364712994619, 'colsample_bytree': 0.5433432253863063}. Best is trial 6 with value: 0.65.
/data/home/rtabares/anaconda3/envs/pyth3.12/lib/python3.12/site-packages/xgboost/core.py:377: FutureWarning: Your system has an old version of glibc (< 2.28). We will stop supporting Linux distros with glibc older than 2.28 after **May 31, 2025**. Please upgrade to a recent Linux distro (with glibc >= 2.28) to use future versions of XGBoost.
Note: You have installed the 'manylinux2014' variant of XGBoost. Certain features such as GPU algorithms or federated learning are not available. To use these features, please upgrade to a recent Linux distro with glibc 2.28+, and install the 'manylinux_2_28' variant.
  warnings.warn(
[I 2025-05-15 07:47:29,498] Trial 11 finished with value: 0.5 and parameters: {'n_estimators': 10, 'max_depth': 30, 'gamma': 0.2681645700627216, 'subsample': 0.7589915901143962, 'colsample_bytree': 0.995366239845801}. Best is trial 6 with value: 0.65.
/data/home/rtabares/anaconda3/envs/pyth3.12/lib/python3.12/site-packages/xgboost/core.py:377: FutureWarning: Your system has an old version of glibc (< 2.28). We will stop supporting Linux distros with glibc older than 2.28 after **May 31, 2025**. Please upgrade to a recent Linux distro (with glibc >= 2.28) to use future versions of XGBoost.
Note: You have installed the 'manylinux2014' variant of XGBoost. Certain features such as GPU algorithms or federated learning are not available. To use these features, please upgrade to a recent Linux distro with glibc 2.28+, and install the 'manylinux_2_28' variant.
  warnings.warn(
[I 2025-05-15 07:47:31,054] Trial 12 finished with value: 0.6833333333333333 and parameters: {'n_estimators': 10, 'max_depth': 20, 'gamma': 0.691860501845774, 'subsample': 0.8464164512765314, 'colsample_bytree': 0.9663665128884709}. Best is trial 12 with value: 0.6833333333333333.
/data/home/rtabares/anaconda3/envs/pyth3.12/lib/python3.12/site-packages/xgboost/core.py:377: FutureWarning: Your system has an old version of glibc (< 2.28). We will stop supporting Linux distros with glibc older than 2.28 after **May 31, 2025**. Please upgrade to a recent Linux distro (with glibc >= 2.28) to use future versions of XGBoost.
Note: You have installed the 'manylinux2014' variant of XGBoost. Certain features such as GPU algorithms or federated learning are not available. To use these features, please upgrade to a recent Linux distro with glibc 2.28+, and install the 'manylinux_2_28' variant.
  warnings.warn(
[I 2025-05-15 07:47:32,312] Trial 13 finished with value: 0.6 and parameters: {'n_estimators': 10, 'max_depth': 20, 'gamma': 0.7379894902092495, 'subsample': 0.8746605679932109, 'colsample_bytree': 0.8674537426642865}. Best is trial 12 with value: 0.6833333333333333.
/data/home/rtabares/anaconda3/envs/pyth3.12/lib/python3.12/site-packages/xgboost/core.py:377: FutureWarning: Your system has an old version of glibc (< 2.28). We will stop supporting Linux distros with glibc older than 2.28 after **May 31, 2025**. Please upgrade to a recent Linux distro (with glibc >= 2.28) to use future versions of XGBoost.
Note: You have installed the 'manylinux2014' variant of XGBoost. Certain features such as GPU algorithms or federated learning are not available. To use these features, please upgrade to a recent Linux distro with glibc 2.28+, and install the 'manylinux_2_28' variant.
  warnings.warn(
[I 2025-05-15 07:47:32,405] Trial 14 finished with value: 0.5333333333333333 and parameters: {'n_estimators': 10, 'max_depth': 30, 'gamma': 0.9822520722666381, 'subsample': 0.9870711347114001, 'colsample_bytree': 0.9808099682909293}. Best is trial 12 with value: 0.6833333333333333.
[I 2025-05-15 07:47:32,472] Trial 15 finished with value: 0.6 and parameters: {'n_estimators': 10, 'max_depth': 20, 'gamma': 0.8279924800878258, 'subsample': 0.8346358845237571, 'colsample_bytree': 0.668629671228725}. Best is trial 12 with value: 0.6833333333333333.
[I 2025-05-15 07:47:32,532] Trial 16 finished with value: 0.5833333333333333 and parameters: {'n_estimators': 40, 'max_depth': 5, 'gamma': 0.6896537395764616, 'subsample': 0.757292521211653, 'colsample_bytree': 0.5004326929461982}. Best is trial 12 with value: 0.6833333333333333.
[I 2025-05-15 07:47:32,576] Trial 17 finished with value: 0.65 and parameters: {'n_estimators': 10, 'max_depth': 5, 'gamma': 0.643133136277779, 'subsample': 0.8877347587298645, 'colsample_bytree': 0.8278672634615978}. Best is trial 12 with value: 0.6833333333333333.
[I 2025-05-15 07:47:32,637] Trial 18 finished with value: 0.55 and parameters: {'n_estimators': 10, 'max_depth': 20, 'gamma': 0.8580451336666032, 'subsample': 0.7691422938985115, 'colsample_bytree': 0.9067128607230375}. Best is trial 12 with value: 0.6833333333333333.
[I 2025-05-15 07:47:32,682] Trial 19 finished with value: 0.5333333333333333 and parameters: {'n_estimators': 40, 'max_depth': 30, 'gamma': 0.9871983905283852, 'subsample': 0.9787624987044076, 'colsample_bytree': 0.6392783960072994}. Best is trial 12 with value: 0.6833333333333333.
[I 2025-05-15 07:47:32,739] Trial 20 finished with value: 0.5833333333333333 and parameters: {'n_estimators': 10, 'max_depth': 5, 'gamma': 0.3793607186206286, 'subsample': 0.8634285428083218, 'colsample_bytree': 0.93886767655571}. Best is trial 12 with value: 0.6833333333333333.
[I 2025-05-15 07:47:32,789] Trial 21 finished with value: 0.55 and parameters: {'n_estimators': 10, 'max_depth': 5, 'gamma': 0.6403072481885921, 'subsample': 0.8975527389931046, 'colsample_bytree': 0.8193007984049655}. Best is trial 12 with value: 0.6833333333333333.
[I 2025-05-15 07:47:32,830] Trial 22 finished with value: 0.6 and parameters: {'n_estimators': 10, 'max_depth': 5, 'gamma': 0.7550529040084935, 'subsample': 0.7994195511156245, 'colsample_bytree': 0.8066918181316083}. Best is trial 12 with value: 0.6833333333333333.
[I 2025-05-15 07:47:32,868] Trial 23 finished with value: 0.6333333333333333 and parameters: {'n_estimators': 10, 'max_depth': 5, 'gamma': 0.5950944127847128, 'subsample': 0.8522960570811111, 'colsample_bytree': 0.8893172917690821}. Best is trial 12 with value: 0.6833333333333333.
[I 2025-05-15 07:47:32,903] Trial 24 finished with value: 0.6333333333333333 and parameters: {'n_estimators': 10, 'max_depth': 5, 'gamma': 0.43017494388840116, 'subsample': 0.9424427136026763, 'colsample_bytree': 0.9567691924583632}. Best is trial 12 with value: 0.6833333333333333.
[I 2025-05-15 07:47:32,959] Trial 25 finished with value: 0.65 and parameters: {'n_estimators': 10, 'max_depth': 20, 'gamma': 0.6268540401582379, 'subsample': 0.8981803276337468, 'colsample_bytree': 0.8587894893764862}. Best is trial 12 with value: 0.6833333333333333.
/data/home/rtabares/anaconda3/envs/pyth3.12/lib/python3.12/site-packages/xgboost/core.py:377: FutureWarning: Your system has an old version of glibc (< 2.28). We will stop supporting Linux distros with glibc older than 2.28 after **May 31, 2025**. Please upgrade to a recent Linux distro (with glibc >= 2.28) to use future versions of XGBoost.
Note: You have installed the 'manylinux2014' variant of XGBoost. Certain features such as GPU algorithms or federated learning are not available. To use these features, please upgrade to a recent Linux distro with glibc 2.28+, and install the 'manylinux_2_28' variant.
  warnings.warn(
[I 2025-05-15 07:47:34,074] Trial 26 finished with value: 0.5666666666666667 and parameters: {'n_estimators': 10, 'max_depth': 5, 'gamma': 0.8822938556095605, 'subsample': 0.7261361682780134, 'colsample_bytree': 0.6910314364619166}. Best is trial 12 with value: 0.6833333333333333.
[I 2025-05-15 07:47:34,138] Trial 27 finished with value: 0.6833333333333333 and parameters: {'n_estimators': 10, 'max_depth': 5, 'gamma': 0.2957398039618876, 'subsample': 0.787822385438004, 'colsample_bytree': 0.7747573865638767}. Best is trial 12 with value: 0.6833333333333333.
[I 2025-05-15 07:47:34,222] Trial 28 finished with value: 0.5833333333333333 and parameters: {'n_estimators': 40, 'max_depth': 30, 'gamma': 0.24313463725573622, 'subsample': 0.7154746242248355, 'colsample_bytree': 0.602977597184356}. Best is trial 12 with value: 0.6833333333333333.
[I 2025-05-15 07:47:34,279] Trial 29 finished with value: 0.55 and parameters: {'n_estimators': 100, 'max_depth': 20, 'gamma': 0.10524408962017368, 'subsample': 0.7891363427182777, 'colsample_bytree': 0.5024489477387901}. Best is trial 12 with value: 0.6833333333333333.
[I 2025-05-15 07:47:48,303] A new study created in memory with name: rf
Parámetros guardados en checkpoint_shoppers_Doriginal_F/k_center/IPC_11/best_models_k_center_seed_7_space_original/xgb_best_params.json


>>> Optuna tuning rf metodo k_center IPC 11 seed 7


[I 2025-05-15 07:47:50,126] Trial 0 finished with value: 0.5 and parameters: {'n_estimators': 130, 'max_depth': 17, 'min_samples_split': 5, 'min_samples_leaf': 8}. Best is trial 0 with value: 0.5.
[I 2025-05-15 07:47:51,563] Trial 1 finished with value: 0.4833333333333333 and parameters: {'n_estimators': 492, 'max_depth': 12, 'min_samples_split': 6, 'min_samples_leaf': 1}. Best is trial 0 with value: 0.5.
[I 2025-05-15 07:47:52,438] Trial 2 finished with value: 0.5 and parameters: {'n_estimators': 207, 'max_depth': 11, 'min_samples_split': 8, 'min_samples_leaf': 9}. Best is trial 0 with value: 0.5.
[I 2025-05-15 07:47:53,296] Trial 3 finished with value: 0.5 and parameters: {'n_estimators': 252, 'max_depth': 4, 'min_samples_split': 4, 'min_samples_leaf': 10}. Best is trial 0 with value: 0.5.
[I 2025-05-15 07:47:54,197] Trial 4 finished with value: 0.4333333333333333 and parameters: {'n_estimators': 185, 'max_depth': 11, 'min_samples_split': 10, 'min_samples_leaf': 1}. Best is trial 0 with value: 0.5.
[I 2025-05-15 07:47:55,245] Trial 5 finished with value: 0.41666666666666663 and parameters: {'n_estimators': 340, 'max_depth': 20, 'min_samples_split': 4, 'min_samples_leaf': 6}. Best is trial 0 with value: 0.5.
[I 2025-05-15 07:47:56,178] Trial 6 finished with value: 0.5 and parameters: {'n_estimators': 464, 'max_depth': 5, 'min_samples_split': 6, 'min_samples_leaf': 8}. Best is trial 0 with value: 0.5.
[I 2025-05-15 07:47:56,973] Trial 7 finished with value: 0.35 and parameters: {'n_estimators': 368, 'max_depth': 11, 'min_samples_split': 3, 'min_samples_leaf': 5}. Best is trial 0 with value: 0.5.
[I 2025-05-15 07:47:57,442] Trial 8 finished with value: 0.5 and parameters: {'n_estimators': 249, 'max_depth': 11, 'min_samples_split': 5, 'min_samples_leaf': 9}. Best is trial 0 with value: 0.5.
[I 2025-05-15 07:47:58,361] Trial 9 finished with value: 0.4333333333333333 and parameters: {'n_estimators': 408, 'max_depth': 8, 'min_samples_split': 7, 'min_samples_leaf': 3}. Best is trial 0 with value: 0.5.
[I 2025-05-15 07:47:58,883] Trial 10 finished with value: 0.5 and parameters: {'n_estimators': 156, 'max_depth': 19, 'min_samples_split': 2, 'min_samples_leaf': 7}. Best is trial 0 with value: 0.5.
[I 2025-05-15 07:47:59,930] Trial 11 finished with value: 0.5 and parameters: {'n_estimators': 123, 'max_depth': 16, 'min_samples_split': 9, 'min_samples_leaf': 10}. Best is trial 0 with value: 0.5.
[I 2025-05-15 07:48:02,091] Trial 12 finished with value: 0.5 and parameters: {'n_estimators': 211, 'max_depth': 15, 'min_samples_split': 8, 'min_samples_leaf': 8}. Best is trial 0 with value: 0.5.
[I 2025-05-15 07:48:02,270] Trial 13 finished with value: 0.5166666666666666 and parameters: {'n_estimators': 100, 'max_depth': 16, 'min_samples_split': 8, 'min_samples_leaf': 5}. Best is trial 13 with value: 0.5166666666666666.
[I 2025-05-15 07:48:02,486] Trial 14 finished with value: 0.6 and parameters: {'n_estimators': 100, 'max_depth': 16, 'min_samples_split': 7, 'min_samples_leaf': 4}. Best is trial 14 with value: 0.6.
[I 2025-05-15 07:48:02,705] Trial 15 finished with value: 0.55 and parameters: {'n_estimators': 101, 'max_depth': 14, 'min_samples_split': 8, 'min_samples_leaf': 4}. Best is trial 14 with value: 0.6.
[I 2025-05-15 07:48:03,313] Trial 16 finished with value: 0.4833333333333333 and parameters: {'n_estimators': 285, 'max_depth': 14, 'min_samples_split': 10, 'min_samples_leaf': 3}. Best is trial 14 with value: 0.6.
[I 2025-05-15 07:48:03,853] Trial 17 finished with value: 0.5333333333333333 and parameters: {'n_estimators': 171, 'max_depth': 18, 'min_samples_split': 7, 'min_samples_leaf': 3}. Best is trial 14 with value: 0.6.
[I 2025-05-15 07:48:04,386] Trial 18 finished with value: 0.4666666666666666 and parameters: {'n_estimators': 108, 'max_depth': 13, 'min_samples_split': 9, 'min_samples_leaf': 4}. Best is trial 14 with value: 0.6.
[I 2025-05-15 07:48:05,230] Trial 19 finished with value: 0.6333333333333333 and parameters: {'n_estimators': 237, 'max_depth': 9, 'min_samples_split': 7, 'min_samples_leaf': 2}. Best is trial 19 with value: 0.6333333333333333.
[I 2025-05-15 07:48:05,839] Trial 20 finished with value: 0.4833333333333333 and parameters: {'n_estimators': 302, 'max_depth': 8, 'min_samples_split': 7, 'min_samples_leaf': 2}. Best is trial 19 with value: 0.6333333333333333.
[I 2025-05-15 07:48:06,297] Trial 21 finished with value: 0.4 and parameters: {'n_estimators': 159, 'max_depth': 9, 'min_samples_split': 7, 'min_samples_leaf': 4}. Best is trial 19 with value: 0.6333333333333333.
[I 2025-05-15 07:48:06,839] Trial 22 finished with value: 0.5333333333333333 and parameters: {'n_estimators': 223, 'max_depth': 6, 'min_samples_split': 9, 'min_samples_leaf': 2}. Best is trial 19 with value: 0.6333333333333333.
[I 2025-05-15 07:48:07,193] Trial 23 finished with value: 0.55 and parameters: {'n_estimators': 149, 'max_depth': 14, 'min_samples_split': 8, 'min_samples_leaf': 4}. Best is trial 19 with value: 0.6333333333333333.
[I 2025-05-15 07:48:07,873] Trial 24 finished with value: 0.5333333333333333 and parameters: {'n_estimators': 296, 'max_depth': 13, 'min_samples_split': 6, 'min_samples_leaf': 2}. Best is trial 19 with value: 0.6333333333333333.
[I 2025-05-15 07:48:08,336] Trial 25 finished with value: 0.6166666666666666 and parameters: {'n_estimators': 190, 'max_depth': 9, 'min_samples_split': 5, 'min_samples_leaf': 6}. Best is trial 19 with value: 0.6333333333333333.
