Corriendo el pipeline de destilación con la siguiente configuración:
Datos de train y test guardados en /data/home/rtabares/estiven/CorVAE/data/adult



----------------FINALIZO-------------




--- Iniciando Fase 1: Pre-entrenamiento No Supervisado ---
Training:   0%|                                                                                                            | 0/11 [00:00<?, ?it/s]Training:   9%|█████████                                                                                           | 1/11 [00:01<00:13,  1.33s/it]Training: 100%|███████████████████████████████████████████████████████████████████████████████████████████████████| 11/11 [00:01<00:00, 10.29it/s]Training: 100%|███████████████████████████████████████████████████████████████████████████████████████████████████| 11/11 [00:01<00:00,  7.12it/s]
Epoch 001/3000 | Train Loss: 3.203001 | Val Loss: 3.169959
Training:   0%|                                                                                                            | 0/11 [00:00<?, ?it/s]Training:   9%|█████████                                                                                           | 1/11 [00:00<00:07,  1.36it/s]Training:  73%|████████████████████████████████████████████████████████████████████████▋                           | 8/11 [00:00<00:00, 12.42it/s]Training: 100%|███████████████████████████████████████████████████████████████████████████████████████████████████| 11/11 [00:01<00:00, 10.86it/s]
Epoch 002/3000 | Train Loss: 3.145293 | Val Loss: 3.108232
Training:   0%|                                                                                                            | 0/11 [00:00<?, ?it/s]Training:   9%|█████████                                                                                           | 1/11 [00:00<00:07,  1.33it/s]Training:  82%|█████████████████████████████████████████████████████████████████████████████████▊                  | 9/11 [00:00<00:00, 13.86it/s]Training: 100%|███████████████████████████████████████████████████████████████████████████████████████████████████| 11/11 [00:01<00:00, 10.92it/s]
Epoch 003/3000 | Train Loss: 3.067030 | Val Loss: 2.999907
Training:   0%|                                                                                                            | 0/11 [00:00<?, ?it/s]Training:   9%|█████████                                                                                           | 1/11 [00:00<00:06,  1.62it/s]Training:  36%|████████████████████████████████████▎                                                               | 4/11 [00:00<00:01,  6.87it/s]Training: 100%|███████████████████████████████████████████████████████████████████████████████████████████████████| 11/11 [00:00<00:00, 11.62it/s]
Epoch 004/3000 | Train Loss: 2.937972 | Val Loss: 2.786373
Training:   0%|                                                                                                            | 0/11 [00:00<?, ?it/s]Training:   9%|█████████                                                                                           | 1/11 [00:00<00:06,  1.58it/s]Training:  36%|████████████████████████████████████▎                                                               | 4/11 [00:00<00:01,  6.71it/s]Training: 100%|███████████████████████████████████████████████████████████████████████████████████████████████████| 11/11 [00:00<00:00, 11.50it/s]
Epoch 005/3000 | Train Loss: 2.803625 | Val Loss: 2.667682
Training:   0%|                                                                                                            | 0/11 [00:00<?, ?it/s]Training:   9%|█████████                                                                                           | 1/11 [00:00<00:07,  1.31it/s]Training:  91%|██████████████████████████████████████████████████████████████████████████████████████████         | 10/11 [00:00<00:00, 15.09it/s]Training: 100%|███████████████████████████████████████████████████████████████████████████████████████████████████| 11/11 [00:01<00:00, 10.72it/s]
Epoch 006/3000 | Train Loss: 2.686521 | Val Loss: 2.555936
Training:   0%|                                                                                                            | 0/11 [00:00<?, ?it/s]Training:   9%|█████████                                                                                           | 1/11 [00:00<00:07,  1.40it/s]Training:  73%|████████████████████████████████████████████████████████████████████████▋                           | 8/11 [00:00<00:00, 12.68it/s]Training: 100%|███████████████████████████████████████████████████████████████████████████████████████████████████| 11/11 [00:00<00:00, 11.24it/s]
Epoch 007/3000 | Train Loss: 2.581695 | Val Loss: 2.453681
Training:   0%|                                                                                                            | 0/11 [00:00<?, ?it/s]Training:   9%|█████████                                                                                           | 1/11 [00:00<00:07,  1.40it/s]Training:  73%|████████████████████████████████████████████████████████████████████████▋                           | 8/11 [00:00<00:00, 12.81it/s]Training: 100%|███████████████████████████████████████████████████████████████████████████████████████████████████| 11/11 [00:00<00:00, 11.27it/s]
Epoch 008/3000 | Train Loss: 2.489914 | Val Loss: 2.371105
Training:   0%|                                                                                                            | 0/11 [00:00<?, ?it/s]Training:   9%|█████████                                                                                           | 1/11 [00:00<00:06,  1.49it/s]Training:  45%|█████████████████████████████████████████████▍                                                      | 5/11 [00:00<00:00,  8.09it/s]Training: 100%|███████████████████████████████████████████████████████████████████████████████████████████████████| 11/11 [00:01<00:00, 10.68it/s]
Epoch 009/3000 | Train Loss: 2.421819 | Val Loss: 2.313355
Training:   0%|                                                                                                            | 0/11 [00:00<?, ?it/s]Training:   9%|█████████                                                                                           | 1/11 [00:00<00:06,  1.44it/s]Training:  36%|████████████████████████████████████▎                                                               | 4/11 [00:00<00:01,  6.28it/s]Training: 100%|███████████████████████████████████████████████████████████████████████████████████████████████████| 11/11 [00:01<00:00, 10.81it/s]
Epoch 010/3000 | Train Loss: 2.359202 | Val Loss: 2.229922
Training:   0%|                                                                                                            | 0/11 [00:00<?, ?it/s]Training:   9%|█████████                                                                                           | 1/11 [00:00<00:06,  1.45it/s]Training:  27%|███████████████████████████▎                                                                        | 3/11 [00:00<00:01,  4.44it/s]Training: 100%|███████████████████████████████████████████████████████████████████████████████████████████████████| 11/11 [00:01<00:00,  9.95it/s]
Epoch 011/3000 | Train Loss: 2.284927 | Val Loss: 2.131105
Training:   0%|                                                                                                            | 0/11 [00:00<?, ?it/s]Training:   9%|█████████                                                                                           | 1/11 [00:00<00:07,  1.42it/s]Training:  82%|█████████████████████████████████████████████████████████████████████████████████▊                  | 9/11 [00:00<00:00, 14.52it/s]Training: 100%|███████████████████████████████████████████████████████████████████████████████████████████████████| 11/11 [00:00<00:00, 11.32it/s]
Epoch 012/3000 | Train Loss: 2.230001 | Val Loss: 2.089451
Training:   0%|                                                                                                            | 0/11 [00:00<?, ?it/s]Training:   9%|█████████                                                                                           | 1/11 [00:00<00:06,  1.54it/s]Training:  55%|██████████████████████████████████████████████████████▌                                             | 6/11 [00:00<00:00, 10.12it/s]Training: 100%|███████████████████████████████████████████████████████████████████████████████████████████████████| 11/11 [00:00<00:00, 11.95it/s]
Epoch 013/3000 | Train Loss: 2.184523 | Val Loss: 2.028707
Training:   0%|                                                                                                            | 0/11 [00:00<?, ?it/s]Training:   9%|█████████                                                                                           | 1/11 [00:00<00:07,  1.38it/s]Training:  73%|████████████████████████████████████████████████████████████████████████▋                           | 8/11 [00:00<00:00, 12.52it/s]Training: 100%|███████████████████████████████████████████████████████████████████████████████████████████████████| 11/11 [00:01<00:00, 10.48it/s]
Epoch 014/3000 | Train Loss: 2.127646 | Val Loss: 1.946156
Training:   0%|                                                                                                            | 0/11 [00:00<?, ?it/s]Training:   9%|█████████                                                                                           | 1/11 [00:00<00:07,  1.37it/s]Training:  82%|█████████████████████████████████████████████████████████████████████████████████▊                  | 9/11 [00:00<00:00, 14.19it/s]Training: 100%|███████████████████████████████████████████████████████████████████████████████████████████████████| 11/11 [00:00<00:00, 11.10it/s]
Epoch 015/3000 | Train Loss: 2.070099 | Val Loss: 1.867947
Training:   0%|                                                                                                            | 0/11 [00:00<?, ?it/s]Training:   9%|█████████                                                                                           | 1/11 [00:00<00:06,  1.57it/s]Training:  45%|█████████████████████████████████████████████▍                                                      | 5/11 [00:00<00:00,  8.53it/s]Training: 100%|███████████████████████████████████████████████████████████████████████████████████████████████████| 11/11 [00:01<00:00, 10.88it/s]
Epoch 016/3000 | Train Loss: 2.024263 | Val Loss: 1.827269
Training:   0%|                                                                                                            | 0/11 [00:00<?, ?it/s]Training:   9%|█████████                                                                                           | 1/11 [00:00<00:07,  1.38it/s]Training:  82%|█████████████████████████████████████████████████████████████████████████████████▊                  | 9/11 [00:00<00:00, 14.27it/s]Training: 100%|███████████████████████████████████████████████████████████████████████████████████████████████████| 11/11 [00:01<00:00, 10.60it/s]
Epoch 017/3000 | Train Loss: 1.983814 | Val Loss: 1.778860
Training:   0%|                                                                                                            | 0/11 [00:00<?, ?it/s]Training:   9%|█████████                                                                                           | 1/11 [00:00<00:06,  1.52it/s]Training:  36%|████████████████████████████████████▎                                                               | 4/11 [00:00<00:01,  4.71it/s]Training: 100%|███████████████████████████████████████████████████████████████████████████████████████████████████| 11/11 [00:01<00:00,  9.11it/s]
Epoch 018/3000 | Train Loss: 1.958976 | Val Loss: 1.758301
Training:   0%|                                                                                                            | 0/11 [00:00<?, ?it/s]Training:   9%|█████████                                                                                           | 1/11 [00:00<00:06,  1.52it/s]Training:  36%|████████████████████████████████████▎                                                               | 4/11 [00:00<00:01,  5.91it/s]Training: 100%|███████████████████████████████████████████████████████████████████████████████████████████████████| 11/11 [00:01<00:00, 10.79it/s]
Epoch 019/3000 | Train Loss: 1.934127 | Val Loss: 1.728595
Training:   0%|                                                                                                            | 0/11 [00:00<?, ?it/s]Training:   9%|█████████                                                                                           | 1/11 [00:00<00:06,  1.44it/s]Training:  27%|███████████████████████████▎                                                                        | 3/11 [00:00<00:01,  4.53it/s]Training: 100%|███████████████████████████████████████████████████████████████████████████████████████████████████| 11/11 [00:01<00:00, 10.84it/s]
Epoch 020/3000 | Train Loss: 1.913358 | Val Loss: 1.709536
Training:   0%|                                                                                                            | 0/11 [00:00<?, ?it/s]Training:   9%|█████████                                                                                           | 1/11 [00:00<00:07,  1.42it/s]Training:  27%|███████████████████████████▎                                                                        | 3/11 [00:00<00:01,  4.47it/s]Training: 100%|███████████████████████████████████████████████████████████████████████████████████████████████████| 11/11 [00:01<00:00, 10.67it/s]
Epoch 021/3000 | Train Loss: 1.888433 | Val Loss: 1.677048
Training:   0%|                                                                                                            | 0/11 [00:00<?, ?it/s]Training:   9%|█████████                                                                                           | 1/11 [00:00<00:07,  1.37it/s]Training:  82%|█████████████████████████████████████████████████████████████████████████████████▊                  | 9/11 [00:00<00:00, 14.02it/s]Training: 100%|███████████████████████████████████████████████████████████████████████████████████████████████████| 11/11 [00:00<00:00, 11.04it/s]
Epoch 022/3000 | Train Loss: 1.870114 | Val Loss: 1.658585
Training:   0%|                                                                                                            | 0/11 [00:00<?, ?it/s]Training:   9%|█████████                                                                                           | 1/11 [00:00<00:07,  1.42it/s]Training:  55%|██████████████████████████████████████████████████████▌                                             | 6/11 [00:00<00:00,  9.42it/s]Training: 100%|███████████████████████████████████████████████████████████████████████████████████████████████████| 11/11 [00:01<00:00, 10.48it/s]
Epoch 023/3000 | Train Loss: 1.853625 | Val Loss: 1.635818
Training:   0%|                                                                                                            | 0/11 [00:00<?, ?it/s]Training:   9%|█████████                                                                                           | 1/11 [00:00<00:06,  1.56it/s]Training:  45%|█████████████████████████████████████████████▍                                                      | 5/11 [00:00<00:00,  8.50it/s]Training: 100%|███████████████████████████████████████████████████████████████████████████████████████████████████| 11/11 [00:00<00:00, 11.67it/s]
Epoch 024/3000 | Train Loss: 1.841127 | Val Loss: 1.626459
Training:   0%|                                                                                                            | 0/11 [00:00<?, ?it/s]Training:   9%|█████████                                                                                           | 1/11 [00:00<00:06,  1.51it/s]Training:  27%|███████████████████████████▎                                                                        | 3/11 [00:00<00:01,  4.62it/s]Training: 100%|███████████████████████████████████████████████████████████████████████████████████████████████████| 11/11 [00:01<00:00, 10.96it/s]
Epoch 025/3000 | Train Loss: 1.828180 | Val Loss: 1.610096
Training:   0%|                                                                                                            | 0/11 [00:00<?, ?it/s]Training:   9%|█████████                                                                                           | 1/11 [00:00<00:06,  1.49it/s]Training:  36%|████████████████████████████████████▎                                                               | 4/11 [00:00<00:01,  5.68it/s]Training: 100%|███████████████████████████████████████████████████████████████████████████████████████████████████| 11/11 [00:01<00:00, 10.37it/s]
Epoch 026/3000 | Train Loss: 1.808227 | Val Loss: 1.597843
Training:   0%|                                                                                                            | 0/11 [00:00<?, ?it/s]Training:   9%|█████████                                                                                           | 1/11 [00:00<00:06,  1.50it/s]Training:  82%|█████████████████████████████████████████████████████████████████████████████████▊                  | 9/11 [00:00<00:00, 15.20it/s]Training: 100%|███████████████████████████████████████████████████████████████████████████████████████████████████| 11/11 [00:00<00:00, 12.00it/s]
Epoch 027/3000 | Train Loss: 1.799927 | Val Loss: 1.582976
Training:   0%|                                                                                                            | 0/11 [00:00<?, ?it/s]Training:   9%|█████████                                                                                           | 1/11 [00:00<00:06,  1.50it/s]Training:  45%|█████████████████████████████████████████████▍                                                      | 5/11 [00:00<00:00,  8.26it/s]Training: 100%|███████████████████████████████████████████████████████████████████████████████████████████████████| 11/11 [00:00<00:00, 11.47it/s]
Epoch 028/3000 | Train Loss: 1.791328 | Val Loss: 1.583377
Training:   0%|                                                                                                            | 0/11 [00:00<?, ?it/s]Training:   9%|█████████                                                                                           | 1/11 [00:00<00:07,  1.42it/s]Training:  64%|███████████████████████████████████████████████████████████████▋                                    | 7/11 [00:00<00:00, 11.18it/s]Training: 100%|███████████████████████████████████████████████████████████████████████████████████████████████████| 11/11 [00:00<00:00, 11.30it/s]
Epoch 029/3000 | Train Loss: 1.783039 | Val Loss: 1.569302
Training:   0%|                                                                                                            | 0/11 [00:00<?, ?it/s]Training:   9%|█████████                                                                                           | 1/11 [00:00<00:07,  1.34it/s]Training:  82%|█████████████████████████████████████████████████████████████████████████████████▊                  | 9/11 [00:00<00:00, 13.73it/s]Training: 100%|███████████████████████████████████████████████████████████████████████████████████████████████████| 11/11 [00:01<00:00, 10.83it/s]
Epoch 030/3000 | Train Loss: 1.778191 | Val Loss: 1.564617
Training:   0%|                                                                                                            | 0/11 [00:00<?, ?it/s]Training:   9%|█████████                                                                                           | 1/11 [00:00<00:07,  1.41it/s]Training:  45%|█████████████████████████████████████████████▍                                                      | 5/11 [00:00<00:00,  7.73it/s]Training: 100%|███████████████████████████████████████████████████████████████████████████████████████████████████| 11/11 [00:01<00:00, 10.94it/s]
Epoch 031/3000 | Train Loss: 1.771065 | Val Loss: 1.554593
Training:   0%|                                                                                                            | 0/11 [00:00<?, ?it/s]Training:   9%|█████████                                                                                           | 1/11 [00:00<00:06,  1.50it/s]Training:  64%|███████████████████████████████████████████████████████████████▋                                    | 7/11 [00:00<00:00, 11.68it/s]Training: 100%|███████████████████████████████████████████████████████████████████████████████████████████████████| 11/11 [00:00<00:00, 11.78it/s]
Epoch 032/3000 | Train Loss: 1.760347 | Val Loss: 1.553095
Training:   0%|                                                                                                            | 0/11 [00:00<?, ?it/s]Training:   9%|█████████                                                                                           | 1/11 [00:00<00:07,  1.28it/s]Training:  73%|████████████████████████████████████████████████████████████████████████▋                           | 8/11 [00:00<00:00, 11.76it/s]Training: 100%|███████████████████████████████████████████████████████████████████████████████████████████████████| 11/11 [00:01<00:00, 10.32it/s]
Epoch 033/3000 | Train Loss: 1.749301 | Val Loss: 1.531293
Training:   0%|                                                                                                            | 0/11 [00:00<?, ?it/s]Training:   9%|█████████                                                                                           | 1/11 [00:00<00:07,  1.37it/s]Training:  82%|████████████████████████████████████████████████████